-1.999978757075619729e-01
-1.999978599276699409e-01
-1.987106134171496841e-01
-1.985788812402403403e-01
-1.984164889151047162e-01
-1.982313717564555544e-01
-1.980250093360828856e-01
-1.978446087288177335e-01
-1.976299656613622890e-01
-1.974104745069074351e-01
-1.971682487184263921e-01
-1.968961411585436472e-01
-1.965964370673818351e-01
-1.962542529525801993e-01
-1.959328625826053383e-01
-1.955883195129534680e-01
-1.952351682905589803e-01
-1.949328402986823805e-01
-1.946033471093704115e-01
-1.943077046838677380e-01
-1.939793844668543932e-01
-1.936383312126369882e-01
-1.932767876607510982e-01
-1.929063087648877350e-01
-1.925584167820548476e-01
-1.921955374908325964e-01
-1.918421000655446129e-01
-1.914612578376813923e-01
-1.910795479345024916e-01
-1.907063098906315035e-01
-1.903325702797146191e-01
-1.899832095932956211e-01
-1.896714837971574530e-01
-1.893132630672846317e-01
-1.889735184782336264e-01
-1.886305951503063350e-01
-1.882062976210361893e-01
-1.877957126548132349e-01
-1.874245677725076831e-01
-1.870627177823930287e-01
-1.867404749858839197e-01
-1.864096331013721797e-01
-1.861017645424880296e-01
-1.858034345441832436e-01
-1.855185790858256134e-01
-1.852176266562446105e-01
-1.849372225568436667e-01
-1.846425786007619696e-01
-1.843799577542789558e-01
-1.841429175807803575e-01
-1.839445979381582885e-01
-1.837759605391789397e-01
-1.835864396890737604e-01
-1.834232657868880567e-01
-1.832469619603474820e-01
-1.830873438828259370e-01
-1.829213219135284452e-01
-1.827944110281762014e-01
-1.826802413591354091e-01
-1.825700162940283866e-01
-1.824381723472102423e-01
-1.823504683203427124e-01
-1.822883730466498819e-01
-1.821822614946670971e-01
-1.821433081458274927e-01
-1.820895485880683617e-01
-1.821160982641960302e-01
-1.821587801133869589e-01
-1.822083926275125942e-01
-1.822078191549255377e-01
-1.821771701641569374e-01
-1.821108593060944969e-01
-1.820521974111219965e-01
-1.819912800842604650e-01
-1.818715828096230114e-01
-1.817578138651743669e-01
-1.816310578744985693e-01
-1.815612244071146408e-01
-1.814862084083907479e-01
-1.813772733241540980e-01
-1.812912874349724424e-01
-1.811367014867201752e-01
-1.810477334334532340e-01
-1.809368133288765945e-01
-1.808313825075049952e-01
-1.807373376960630107e-01
-1.806523407052166297e-01
-1.805278616526998781e-01
-1.804375674887819248e-01
-1.803317335899388418e-01
-1.801775829969645693e-01
-1.800404554463222173e-01
-1.799727734760458719e-01
-1.798577206889145630e-01
-1.796614568192977934e-01
-1.795338515898754483e-01
-1.793732572869973230e-01
-1.791970986508891195e-01
-1.790267235294266679e-01
-1.787684101267268677e-01
-1.784245113086048995e-01
-1.781132733102283594e-01
-1.778965672280213850e-01
-1.776284497099836213e-01
-1.773033981227294664e-01
-1.769265721628177912e-01
-1.765981804928389298e-01
-1.762723738507859517e-01
-1.758753136320039823e-01
-1.755911913551301828e-01
-1.753545991069121457e-01
-1.750816753571720064e-01
-1.745939808410795768e-01
-1.741992687053474653e-01
-1.739121851828013543e-01
-1.735639164232516685e-01
-1.734168303391870058e-01
-1.731879342610018468e-01
-1.730773225171271801e-01
-1.729468901421052918e-01
-1.729191071873300567e-01
-1.729028004452288769e-01
-1.729191031600342265e-01
-1.729487027182879666e-01
-1.729753431281944864e-01
-1.730148326284215443e-01
-1.731227430395542444e-01
-1.732786499536346780e-01
-1.735043871355546330e-01
-1.736956877881845052e-01
-1.738406325923526341e-01
-1.740145063616250765e-01
-1.742019733219512811e-01
-1.743872354497264521e-01
-1.746191574750106390e-01
-1.748609156686689037e-01
-1.751292333370495502e-01
-1.753672457814284269e-01
-1.755893709594295582e-01
-1.758229133203072780e-01
-1.760500241139152100e-01
-1.762896728703600702e-01
-1.764554703816432479e-01
-1.766004048429623274e-01
-1.768029576009748083e-01
-1.769758292186739412e-01
-1.771657415509194367e-01
-1.773535490756209532e-01
-1.775454573373766165e-01
-1.777426098202142257e-01
-1.779169367092814646e-01
-1.780709773759237002e-01
-1.782502784480906044e-01
-1.784220813741466682e-01
-1.785660666062095503e-01
-1.787378613197715127e-01
-1.788908722933236772e-01
-1.789970105760258501e-01
-1.791220462909313138e-01
-1.792861960611984440e-01
-1.794183466514778502e-01
-1.795228092467545111e-01
-1.796136573266512160e-01
-1.796807597616949803e-01
-1.797115089401285781e-01
-1.797474090819394243e-01
-1.797883028004133299e-01
-1.798141211592338973e-01
-1.798534769722607840e-01
-1.799131485388390794e-01
-1.799485699858258958e-01
-1.799563126999958740e-01
-1.799614007102794955e-01
-1.799733433452438414e-01
-1.799856008206810465e-01
-1.799824720699285396e-01
-1.799440253507575138e-01
-1.799123620686466085e-01
-1.799040588067384872e-01
-1.798875757398287756e-01
-1.798810947967035001e-01
-1.799209930551880499e-01
-1.799669611188750296e-01
-1.800031322257291955e-01
-1.800545606954098155e-01
-1.801175673041136849e-01
-1.801725286378157709e-01
-1.802329981404193482e-01
-1.803136768173733140e-01
-1.803966856148512821e-01
-1.804491119205861860e-01
-1.805383766996642436e-01
-1.806346792902517040e-01
-1.807126554275424735e-01
-1.808153227407421071e-01
-1.809314564314256357e-01
-1.810382438030187502e-01
-1.811892676511131506e-01
-1.813620207637983150e-01
-1.815243935358800964e-01
-1.817052352404307236e-01
-1.819080187720528152e-01
-1.821138951132730555e-01
-1.823146328124622406e-01
-1.825042123876831623e-01
-1.826813265108347684e-01
-1.828295731929421020e-01
-1.829750732702879468e-01
-1.831386369749378740e-01
-1.833286600637327457e-01
-1.835327583869683366e-01
-1.837284388787181755e-01
-1.839347165900355185e-01
-1.841255508005110175e-01
-1.842992568092371164e-01
-1.844749173406110831e-01
-1.846372447098718061e-01
-1.848072617073475699e-01
-1.849723509946510913e-01
-1.851087852182712046e-01
-1.852527941789789967e-01
-1.853601432077717492e-01
-1.854851471577088906e-01
-1.856390086334482881e-01
-1.857924427313578375e-01
-1.859223897888807597e-01
-1.860309555980413088e-01
-1.861507871448513929e-01
-1.862579818019144406e-01
-1.863601252790215157e-01
-1.864507327165646489e-01
-1.865240850912789072e-01
-1.865907459254114720e-01
-1.866505942832844822e-01
-1.867106447538265379e-01
-1.867522274852896902e-01
-1.867673751143671956e-01
-1.867957704197641400e-01
-1.868026334102823593e-01
-1.868210088297263261e-01
-1.868401468648158148e-01
-1.868578759809942647e-01
-1.868724264256849121e-01
-1.868757743258114834e-01
-1.868765997085408415e-01
-1.868757688157322017e-01
-1.868769059545371536e-01
-1.868813045211372426e-01
-1.868895634482617696e-01
-1.869037964316575817e-01
-1.869231283152321954e-01
-1.869478733755428612e-01
-1.869917912688229544e-01
-1.870520937126482486e-01
-1.870919739980963781e-01
-1.871586967306221039e-01
-1.872405249096514845e-01
-1.874047273366528654e-01
-1.874738955155563491e-01
-1.875520453571647428e-01
-1.877259032189653731e-01
-1.878474557641424958e-01
-1.879986502802934722e-01
-1.881302280790410064e-01
-1.883334821686790117e-01
-1.884997563448898850e-01
-1.886123972796154846e-01
-1.887218701371065621e-01
-1.889829651794342480e-01
-1.893699632018448209e-01
-1.896755501726133386e-01
-1.898820801274903602e-01
-1.899761094932844452e-01
-1.902658700331451014e-01
-1.903803923599337589e-01
-1.906734377723496576e-01
-1.908428412978662170e-01
-1.911092056868048394e-01
-1.911480150549325074e-01
-1.913202062498139677e-01
-1.915532660228230488e-01
-1.917683603226685851e-01
-1.918463099033726194e-01
-1.918902650289273926e-01
-1.921180881236911331e-01
-1.922908304667592938e-01
-1.923425900843195591e-01
-1.924459640444479980e-01
-1.923502113563251570e-01
-1.922744144397347810e-01
-1.924326801489738004e-01
-1.926470367015826468e-01
-1.926071366499641779e-01
-1.927164512118609840e-01
-1.927288919510239673e-01
-1.930120570196164065e-01
-1.931794145774589633e-01
-1.937949024479906079e-01
-1.936425752910052311e-01
-1.934462201504598688e-01
-1.932625971450279700e-01
-1.930822319835251433e-01
-1.929104410188476060e-01
-1.927720674762213593e-01
-1.927250033580431565e-01
-1.926901120453047844e-01
-1.926933910451063825e-01
-1.933716139152652780e-01
-1.945754655521956533e-01
-1.959568330190907537e-01
-1.973319693391464846e-01
-1.986988975792645107e-01
-2.000417081318044965e-01
-2.013439915747716469e-01
-2.026216350114739828e-01
-2.038438109543671828e-01
-2.050765322759312281e-01
-2.062626747006083561e-01
-2.074181680192461463e-01
-2.085484924055016620e-01
-2.096429644676603421e-01
-2.106681833886017152e-01
-2.117080578683834258e-01
-2.127029248359338098e-01
-2.136404469895428759e-01
-2.145265606597639707e-01
-2.153603716265073686e-01
-2.161754796203709250e-01
-2.169461079990617491e-01
-2.176898785841762385e-01
-2.183761234941606622e-01
-2.190138181074260393e-01
-2.196130336455723309e-01
-2.201651421948430665e-01
-2.206716485033539121e-01
-2.211352826812050254e-01
-2.215453453738865375e-01
-2.219159298108467071e-01
-2.222380556268439278e-01
-2.225250977798695629e-01
-2.227617773472334584e-01
-2.229515543762424223e-01
-2.230947851001175708e-01
-2.231895171521832977e-01
-2.232404598151242203e-01
-2.232473967624460931e-01
-2.232097160054347107e-01
-2.231285453681236541e-01
-2.230026053866602243e-01
-2.228320389639157906e-01
-2.226209423775547813e-01
-2.223642098575728809e-01
-2.220563948381237829e-01
-2.217017688795679120e-01
-2.212964485566046857e-01
-2.208611755719654124e-01
-2.203779759767842128e-01
-2.198541034485670675e-01
-2.192861176451374738e-01
-2.186806279858013735e-01
-2.180315972860961959e-01
-2.173343652169488771e-01
-2.166195805332668811e-01
-2.158646617330555739e-01
-2.150760964068772207e-01
-2.142652497478961804e-01
-2.134011012586406464e-01
-2.124650822643211479e-01
-2.115125729107920349e-01
-2.105310043226595873e-01
-2.094884804362106556e-01
-2.084141598984705634e-01
-2.073128933592268686e-01
-2.061584477543858263e-01
-2.049954686168722617e-01
-2.037636096779937012e-01
-2.024648139616016806e-01
-2.011060698529182900e-01
-1.997052475662100257e-01
-1.982667267316023108e-01
-1.967997879927753657e-01
-1.952997206681583720e-01
-1.937868822122443824e-01
-1.922591497531775939e-01
-1.907211086809046940e-01
-1.891672433533339859e-01
-1.875791523498866742e-01
-1.859429274268648569e-01
-1.842779609895408288e-01
-1.826036946850515819e-01
-1.809048119538569643e-01
-1.792576614683249470e-01
-1.776079561600404366e-01
-1.759307233532136361e-01
-1.742242018561927508e-01
-1.726442544047489536e-01
-1.710354270082881656e-01
-1.694216286263086624e-01
-1.678346841081738428e-01
-1.662233033780322888e-01
-1.646278947936245241e-01
-1.630886902679221373e-01
-1.615791793051915282e-01
-1.601050359839610582e-01
-1.585428361714613099e-01
-1.570296265139578817e-01
-1.555183844933789861e-01
-1.540004336267860041e-01
-1.525254390453124331e-01
-1.511034962987082286e-01
-1.497112060291967695e-01
-1.483874110057461504e-01
-1.471153580534694527e-01
-1.459414727491504526e-01
-1.446714229960237019e-01
-1.434121555095367873e-01
-1.421878709195010804e-01
-1.409844979317186053e-01
-1.398459471076017591e-01
-1.386941788691620492e-01
-1.375956459222424932e-01
-1.365829180802453358e-01
-1.355882821679549599e-01
-1.345641022447420787e-01
-1.335153752531370586e-01
-1.325304103012537316e-01
-1.316051710179335366e-01
-1.307438807388419111e-01
-1.303640352196236696e-01
-1.300752708494055943e-01
-1.299085087272590644e-01
-1.298523595142460352e-01
-1.297491122465615210e-01
-1.296396839087235742e-01
-1.294998415471082243e-01
-1.293098788689063805e-01
-1.291917543496149956e-01
-1.290299103947263049e-01
-1.288588560239899428e-01
-1.286434824737073823e-01
-1.284631186496894562e-01
-1.282966835088146518e-01
-1.281418230963566884e-01
-1.279839912996475482e-01
-1.279080973931126519e-01
-1.278114304268066215e-01
-1.277501847089836107e-01
-1.276649256947782751e-01
-1.275852045185597583e-01
-1.274994245892412392e-01
-1.274216847967066801e-01
-1.273688534322989785e-01
-1.273030914793597812e-01
-1.272248837886839068e-01
-1.271620941386082115e-01
-1.270963524674852962e-01
-1.270268794502998622e-01
-1.269808610707285346e-01
-1.269411803413042772e-01
-1.269062247960084933e-01
-1.268722255706565827e-01
-1.268609625414635067e-01
-1.268523332928726821e-01
-1.268434237303172896e-01
-1.268407938431860837e-01
-1.268546607779496571e-01
-1.268834468971997420e-01
-1.269151511141943522e-01
-1.269471186249117589e-01
-1.269798745918626348e-01
-1.270057158313081525e-01
-1.270357125372035545e-01
-1.270673543923933058e-01
-1.270937370144265832e-01
-1.271239483836391349e-01
-1.271466932625883450e-01
-1.271616673159074729e-01
-1.271755828990140669e-01
-1.271871718762790371e-01
-1.271923489558794140e-01
-1.271983599154583866e-01
-1.272051477469585967e-01
-1.272158160277387096e-01
-1.272152682358509146e-01
-1.272065387807553294e-01
-1.272045055979979244e-01
-1.272074520256744334e-01
-1.272103504409061447e-01
-1.272136359515202153e-01
-1.272071660760296652e-01
-1.272063633501034907e-01
-1.272062205117273637e-01
-1.272018792362333284e-01
-1.272029920016171378e-01
-1.272137258434668794e-01
-1.272324052790846372e-01
-1.272701951610994975e-01
-1.273127418921341236e-01
-1.273688283828054713e-01
-1.274670129558669873e-01
-1.276144802857315241e-01
-1.278023567073525990e-01
-1.280204612045548751e-01
-1.282373615876409578e-01
-1.284294960935884744e-01
-1.285874654062814648e-01
-1.288684076397109968e-01
-1.291346865258782006e-01
-1.293545341045481689e-01
-1.296150005229127489e-01
-1.299279051482823966e-01
-1.301576284356154023e-01
-1.304305997281821339e-01
-1.307066151431901802e-01
-1.310555010947819510e-01
-1.314528081666999915e-01
-1.318664529873002367e-01
-1.323607336849304539e-01
-1.327571194400146704e-01
-1.332096345930532111e-01
-1.337086225417528917e-01
-1.342233685167349144e-01
-1.348554936885938416e-01
-1.355147949271948982e-01
-1.361359460124520748e-01
-1.368327248390655559e-01
-1.375676684807877193e-01
-1.382845828306982217e-01
-1.390552039384151950e-01
-1.399554220618166034e-01
-1.408936387204950402e-01
-1.418600665855685450e-01
-1.427435635721224227e-01
-1.437082709242572809e-01
-1.446307905422230256e-01
-1.455506280782122852e-01
-1.465712686910130291e-01
-1.475517418753915233e-01
-1.485968683279820512e-01
-1.497216257117583715e-01
-1.506894264078450507e-01
-1.518110724957575930e-01
-1.529920315849243595e-01
-1.540589632777589202e-01
-1.551076350390215020e-01
-1.562014285321550178e-01
-1.572659518619567987e-01
-1.585545984253070861e-01
-1.595890639360105778e-01
-1.605380841629751032e-01
-1.613969663095668750e-01
-1.621551262984699260e-01
-1.629465767271397192e-01
-1.635893576341422850e-01
-1.645053726422970597e-01
-1.646482355831915267e-01
-1.649968226784979120e-01
-1.651168580328968016e-01
-1.653847508255996690e-01
-1.657950135037390971e-01
-1.660049548533101826e-01
-1.660366151040640614e-01
-1.663044945523242946e-01
-1.666133645321437040e-01
-1.668215521765244735e-01
-1.669646688244090516e-01
-1.670984883449709024e-01
-1.672549161671313123e-01
-1.670870595704136430e-01
-1.669093002988325802e-01
-1.667227049460803523e-01
-1.665785867463126235e-01
-1.664461481620132799e-01
-1.663338871724000800e-01
-1.663175486507506018e-01
-1.664198272220002162e-01
-1.675173489893072853e-01
-1.685698495797016971e-01
-1.700061765166817340e-01
-1.713933090499995537e-01
-1.727818898438988060e-01
-1.741368435811877780e-01
-1.755190604938204890e-01
-1.769089379403840923e-01
-1.782854783917905694e-01
-1.796667132318179039e-01
-1.810247569079350971e-01
-1.824235392214392237e-01
-1.837816659171464251e-01
-1.850685438555341733e-01
-1.863625825410872017e-01
-1.876181718495884276e-01
-1.888596405589415828e-01
-1.900964268381029887e-01
-1.913217889112274195e-01
-1.925228378926056028e-01
-1.937108302025920825e-01
-1.948776547029651418e-01
-1.960340240925772248e-01
-1.971050000505148170e-01
-1.981554308518156671e-01
-1.991545450530011474e-01
-2.001081593635095912e-01
-2.010255242183670021e-01
-2.018650009871388318e-01
-2.026912101419829915e-01
-2.034571737978357886e-01
-2.041901467992814911e-01
-2.048707930029088631e-01
-2.055156085931829080e-01
-2.061218342484788801e-01
-2.066706492194741174e-01
-2.071895121529800377e-01
-2.076831366928572897e-01
-2.081337841232261954e-01
-2.085569243278564133e-01
-2.089406923694818174e-01
-2.092787018464679349e-01
-2.095836593122733238e-01
-2.098502091335879283e-01
-2.100803728439772644e-01
-2.102672097739888557e-01
-2.104087891395514387e-01
-2.105051598602999952e-01
-2.105566948687294104e-01
-2.105628896721184473e-01
-2.105249826354728127e-01
-2.104422398380408066e-01
-2.103175359029294256e-01
-2.101471655573143027e-01
-2.099301044298299279e-01
-2.096645414142623010e-01
-2.093556373494943057e-01
-2.090006337845664308e-01
-2.086016057869494178e-01
-2.081559073948765770e-01
-2.076732823566283248e-01
-2.071364815989463481e-01
-2.065603538243978299e-01
-2.059421971031430709e-01
-2.052983706608667858e-01
-2.046166269245106584e-01
-2.039186185489867131e-01
-2.031796308051110334e-01
-2.024141435750539120e-01
-2.016138222349667941e-01
-2.007848007985379990e-01
-1.999044551329994535e-01
-1.989849812944494145e-01
-1.980259214438895854e-01
-1.970122167827564053e-01
-1.959868256612180004e-01
-1.949198344699993035e-01
-1.938258250410080374e-01
-1.927002096804184550e-01
-1.915293518523527305e-01
-1.903218497100840900e-01
-1.890803764080693783e-01
-1.877997426589342600e-01
-1.864858063850660386e-01
-1.851388092541842445e-01
-1.837697746721411174e-01
-1.823683802934858433e-01
-1.809546482652258093e-01
-1.795140342116259280e-01
-1.780234249713287531e-01
-1.765056351444824478e-01
-1.749094666663773001e-01
-1.733038446378121766e-01
-1.716619828356399091e-01
-1.699611881093766597e-01
-1.681783805522249764e-01
-1.663630786493648095e-01
-1.645481198068004525e-01
-1.627173232528811853e-01
-1.608507085379735913e-01
-1.589409879032820383e-01
-1.569963399882922106e-01
-1.550341305021190053e-01
-1.530728662865076251e-01
-1.511056662720262622e-01
-1.491165788059487518e-01
-1.471437687017249085e-01
-1.451957487500927513e-01
-1.432275235011919445e-01
-1.412916799392629763e-01
-1.393313518537705742e-01
-1.373254772125870327e-01
-1.353191804895172434e-01
-1.332940089119415417e-01
-1.312453081647620978e-01
-1.291741374728359315e-01
-1.271065739329125810e-01
-1.250178057414586263e-01
-1.228921525924102087e-01
-1.207610318129230115e-01
-1.186270031139896736e-01
-1.164613946121335619e-01
-1.142802281886372145e-01
-1.121316760840450621e-01
-1.099797030089758598e-01
-1.078914034693400081e-01
-1.057762539035344979e-01
-1.036900867435100182e-01
-1.015828014885350600e-01
-9.948921783072060820e-02
-9.734830743744218862e-02
-9.524247848990799459e-02
-9.319483908820344609e-02
-9.104088011111685641e-02
-8.889822474220757109e-02
-8.680088291484173990e-02
-8.470820509473918347e-02
-8.260477220128051301e-02
-8.049446697507071924e-02
-7.833447431486804946e-02
-7.617309003829342284e-02
-7.398824655639556214e-02
-7.180499845735466291e-02
-6.966230753622569549e-02
-6.748463712683808180e-02
-6.527208833149120148e-02
-6.309134106323396884e-02
-6.085497436147192796e-02
-5.855404380448354235e-02
-5.624928984463049148e-02
-5.391469877627429880e-02
-5.157128397400049385e-02
-4.912998674642896080e-02
-4.665320897025188734e-02
-4.422562817049632833e-02
-4.166768362732614639e-02
-3.910951513032272231e-02
-3.655113646325083843e-02
-3.399257400761340753e-02
-3.143385399076386449e-02
-2.887500267653505051e-02
-2.631604495594641949e-02
-2.375700352190113565e-02
-2.119789845676970513e-02
-1.863874710365153245e-02
-1.607956412439480454e-02
-1.352036167304496335e-02
-1.096115911251023534e-02
-8.401967574838641734e-03
-5.842792340239807113e-03
-3.283636944307751285e-03
-7.244870000226823811e-04
1.834657478038738540e-03
4.393796983253533441e-03
6.953062271210122373e-03
9.512327990992448801e-03
1.207159185155460418e-02
1.463085170045679353e-02
1.719010690457800292e-02
1.974936725560816689e-02
2.230862967615433734e-02
2.486789103073294011e-02
2.742714816633933309e-02
2.998639795947475456e-02
3.254564731398721517e-02
3.510489809695813840e-02
3.766402053647978365e-02
4.022314339990440413e-02
4.278226871947492238e-02
4.534139845610554720e-02
4.790053447309473855e-02
5.045967850697133383e-02
5.301884514846787883e-02
5.557803695907293645e-02
5.813725377512089093e-02
6.069648475164324958e-02
6.325572334017741383e-02
6.581496770477222868e-02
6.837421592734817255e-02
7.093346603625477753e-02
7.349271603543285070e-02
7.605196393381338793e-02
7.861120913930634557e-02
8.117046259837439048e-02
8.372972115009914840e-02
8.628898154320992220e-02
8.884824048580022837e-02
9.140749469641537561e-02
9.396674095666118776e-02
9.652598827790634384e-02
9.908523780184522178e-02
1.016444875258779162e-01
1.042037354373116093e-01
1.067629795492227723e-01
1.093222179363661367e-01
1.118814487702288057e-01
1.144406703522533458e-01
1.169998668416383641e-01
1.195590376837863122e-01
1.221181846233269641e-01
1.246773229252968462e-01
1.271618275713096158e-01
1.297207733210486713e-01
1.321056298733105094e-01
1.344502909861873541e-01
1.367730851370811962e-01
1.389823453893098970e-01
1.410914247372240526e-01
1.431888890312317530e-01
1.454184420808475875e-01
1.472730988531044394e-01
1.492967126394808275e-01
1.511946215370872093e-01
1.531741514461483766e-01
1.549934263644759391e-01
1.570393784558094807e-01
1.586427345270795264e-01
1.605043196522115134e-01
1.622928145917910125e-01
1.639383636020002311e-01
1.657386843266032694e-01
1.674356316540792644e-01
1.691458609514088773e-01
1.708307803517584433e-01
1.725541953612780011e-01
1.742313666699623065e-01
1.759254904482657200e-01
1.776421422298503638e-01
1.793529309222660073e-01
1.810422693269258532e-01
1.828232536561590904e-01
1.846216192262017664e-01
1.863475615501065386e-01
1.881723311135777010e-01
1.899646255868086830e-01
1.918751740494230307e-01
1.937917217546014925e-01
1.957839563410692374e-01
1.978151662985090375e-01
1.998481302097297740e-01
2.018825775567346104e-01
2.039182504043626498e-01
2.059549227952559014e-01
2.079923923383281137e-01
2.100304834199969439e-01
2.120690477467662149e-01
2.141079630597721162e-01
2.161471308716707562e-01
2.181864735940914068e-01
2.202259314690105663e-01
2.222654595719007475e-01
2.242654844145572091e-01
2.262181685036482037e-01
2.282242218085792917e-01
2.301159660420166453e-01
2.318083043533988308e-01
2.334814819821251497e-01
2.351644657532206695e-01
2.368807692006252297e-01
2.385384363003058006e-01
2.401780108716650153e-01
2.418533250154488168e-01
2.435291690636427753e-01
2.451982916907272658e-01
2.468132510616468933e-01
2.484204205111111841e-01
2.500234029239126188e-01
2.515583879636927866e-01
2.530862928237911369e-01
2.546183767469610837e-01
2.561322881250011618e-01
2.576896718372975736e-01
2.592336815735800104e-01
2.607003107277899856e-01
2.621425011579481268e-01
2.635915208530870690e-01
2.650536541659528900e-01
2.664634742549533142e-01
2.679356023982965018e-01
2.693280228863170200e-01
2.707135352645477777e-01
2.720241017534016925e-01
2.733458391992806824e-01
2.746245876215934745e-01
2.758770015183245605e-01
2.771048296807883671e-01
2.782934132378029890e-01
2.794842458691293441e-01
2.806141887272964874e-01
2.817408643845553118e-01
2.828448874394567381e-01
2.838992836916743867e-01
2.849394280204500252e-01
2.860255673938330023e-01
2.871816401154644871e-01
