-3.999990012167318754e-01
-3.999989857950244088e-01
-3.995173411632240712e-01
-3.995920471467215296e-01
-3.996696816285637555e-01
-3.998114105943818553e-01
-4.000189016220188076e-01
-4.002956213190961843e-01
-4.006522093456046374e-01
-4.010604207866746984e-01
-4.014882907673951173e-01
-4.019630025084656721e-01
-4.023991375409642912e-01
-4.028371811311171058e-01
-4.033385237605511264e-01
-4.038827132414948284e-01
-4.044502425270332102e-01
-4.050379967158088679e-01
-4.056013246528399341e-01
-4.062138021019922052e-01
-4.068415156301620761e-01
-4.074469538681399494e-01
-4.080217105748806805e-01
-4.086165864790917146e-01
-4.092794000134812871e-01
-4.098844286513815827e-01
-4.105712019289406989e-01
-4.112551256864963589e-01
-4.120130233542458331e-01
-4.128033242969913474e-01
-4.136093286237190192e-01
-4.144428997068062559e-01
-4.152574334752929808e-01
-4.160477168332986087e-01
-4.168169192245143595e-01
-4.175963687946767089e-01
-4.183445755522426923e-01
-4.191286335334221125e-01
-4.199688525678668682e-01
-4.208012370727450824e-01
-4.216837528372582855e-01
-4.225528504558230813e-01
-4.234513343336430702e-01
-4.243060580752252564e-01
-4.251238497935588279e-01
-4.258793184509230834e-01
-4.266484390864919707e-01
-4.273985863857969192e-01
-4.281317673744055585e-01
-4.288885010789060814e-01
-4.295876881592420315e-01
-4.302539081214079575e-01
-4.308544704062648445e-01
-4.314457071618579831e-01
-4.320211500327039711e-01
-4.325308507629844201e-01
-4.330852823408157248e-01
-4.336757918688476376e-01
-4.343054982549017229e-01
-4.349037198447411878e-01
-4.355808794428658870e-01
-4.362618399661845059e-01
-4.368777368707604802e-01
-4.374746232419982617e-01
-4.380744599114463345e-01
-4.386653216866986393e-01
-4.392471356433634844e-01
-4.398065630504474077e-01
-4.403980798842460631e-01
-4.409746162918151136e-01
-4.416103554614076443e-01
-4.422068021288921846e-01
-4.428314395101615730e-01
-4.434957299203533543e-01
-4.441196644070646848e-01
-4.447575056184797648e-01
-4.453244781139642505e-01
-4.458910921298516739e-01
-4.463454334336581786e-01
-4.468012737842730342e-01
-4.472968813285658762e-01
-4.478010584190969534e-01
-4.482514829961991021e-01
-4.487061211097464475e-01
-4.491658288237518337e-01
-4.496185877817286403e-01
-4.500764398817405643e-01
-4.506103075844830053e-01
-4.511917775288232235e-01
-4.518367598633529769e-01
-4.524696285693167730e-01
-4.531290588789303464e-01
-4.537645668957453471e-01
-4.543934661504556716e-01
-4.549938976368630428e-01
-4.556087027773912390e-01
-4.561858337727875412e-01
-4.567621082929668175e-01
-4.573398060679389476e-01
-4.579244969909821994e-01
-4.585335094776432641e-01
-4.591418023131574322e-01
-4.597294136047193058e-01
-4.603685062469384803e-01
-4.610012932397765661e-01
-4.615719798833446408e-01
-4.621595839760007096e-01
-4.627659009579170313e-01
-4.633378067776783293e-01
-4.639032570511730236e-01
-4.644595959581608313e-01
-4.650259880457698891e-01
-4.656148003895141940e-01
-4.662436012652266260e-01
-4.668715990423054074e-01
-4.675182273779650011e-01
-4.681165790085499157e-01
-4.686880353259265108e-01
-4.692878176032030391e-01
-4.698856548734612337e-01
-4.705164162730913202e-01
-4.711584368586803628e-01
-4.717699495283096400e-01
-4.723922792732009324e-01
-4.730358985092665280e-01
-4.736593751971204247e-01
-4.742740244032751518e-01
-4.748782846745469577e-01
-4.754687363716676995e-01
-4.760843406829403657e-01
-4.766727800172479990e-01
-4.772635520719750168e-01
-4.778416482266845122e-01
-4.784069052427136759e-01
-4.789706171385227917e-01
-4.794899472774041826e-01
-4.799581559335100445e-01
-4.803815425228539771e-01
-4.807808826916872280e-01
-4.811659476996463791e-01
-4.815474685337837180e-01
-4.819366804288929274e-01
-4.822885491080956544e-01
-4.826594165604868869e-01
-4.830788185276855273e-01
-4.835138192143755842e-01
-4.839419123052830507e-01
-4.843915847716784850e-01
-4.848257725856419120e-01
-4.852919529804418097e-01
-4.857559417057947249e-01
-4.862019024158309999e-01
-4.866447648338527721e-01
-4.870998698139677452e-01
-4.875706132232129897e-01
-4.880576335965522983e-01
-4.885640025919395502e-01
-4.890851305424356865e-01
-4.896235082854146770e-01
-4.901358783926746954e-01
-4.906690462492703797e-01
-4.911678621022892433e-01
-4.916680099588142672e-01
-4.921789793080482145e-01
-4.926902940197044334e-01
-4.932118969396320218e-01
-4.937331096864295277e-01
-4.942144362264211943e-01
-4.946608706892013374e-01
-4.950783605238244789e-01
-4.954689432319939191e-01
-4.958410059039349838e-01
-4.962093740560122868e-01
-4.965703560665978289e-01
-4.969327842025350606e-01
-4.973119620453614331e-01
-4.976585831791387471e-01
-4.979981862893375633e-01
-4.983426008989967348e-01
-4.986957603091177194e-01
-4.990436771633068869e-01
-4.994052821088490468e-01
-4.997758488154875889e-01
-5.001231368215309780e-01
-5.005002078659986919e-01
-5.008633443453287537e-01
-5.012067272410323238e-01
-5.015426964951477107e-01
-5.018555851252084476e-01
-5.021470621752489594e-01
-5.024305316730748316e-01
-5.027095536277561560e-01
-5.029990836443508639e-01
-5.032844135807882369e-01
-5.035542260742108533e-01
-5.038283661082295639e-01
-5.040743639521592101e-01
-5.043127470338030216e-01
-5.045487570564545221e-01
-5.047695686403517179e-01
-5.049766878291065408e-01
-5.051978944578786601e-01
-5.054012701287222686e-01
-5.055854054956840926e-01
-5.057767291871465565e-01
-5.059603493257586182e-01
-5.061472249640398546e-01
-5.063366661097846722e-01
-5.065385932672401559e-01
-5.067272552933166363e-01
-5.069105863163813064e-01
-5.070925678240348899e-01
-5.072735910500035805e-01
-5.074429735210232995e-01
-5.076147081364374980e-01
-5.077840232657269137e-01
-5.079686290426972395e-01
-5.081352328567390053e-01
-5.083102775653001171e-01
-5.084816728115458817e-01
-5.086472476997024872e-01
-5.088005094392196170e-01
-5.089606498296795900e-01
-5.091283923302489800e-01
-5.092930376617427202e-01
-5.094621381419137673e-01
-5.096243642775195593e-01
-5.097786323372818229e-01
-5.099153945488299478e-01
-5.100379725267925046e-01
-5.101674820411296052e-01
-5.102868608584764099e-01
-5.103991036110406831e-01
-5.105032402527408530e-01
-5.105934010761574715e-01
-5.106795074975375437e-01
-5.107584311107997710e-01
-5.108286059040847427e-01
-5.108917857869482715e-01
-5.109444621032624978e-01
-5.109872534847675896e-01
-5.110240274963321339e-01
-5.110555497575166584e-01
-5.110808416363320505e-01
-5.111029388984963395e-01
-5.111188368893652134e-01
-5.111297032821544573e-01
-5.111348914926607812e-01
-5.111343794517189121e-01
-5.111280865644168836e-01
-5.111160429478184275e-01
-5.110989447017066922e-01
-5.110799449307970033e-01
-5.110587271614142058e-01
-5.110297714360304555e-01
-5.109942699585653392e-01
-5.109550264527531471e-01
-5.109107322576141863e-01
-5.108619410713419740e-01
-5.108075327945427180e-01
-5.107512188013226817e-01
-5.106917936546756520e-01
-5.106317639398260111e-01
-5.105590699822631917e-01
-5.104778867082415683e-01
-5.103961048900672592e-01
-5.103082927407839309e-01
-5.102273679833752018e-01
-5.101408276671677289e-01
-5.100387998132354106e-01
-5.099189465890173745e-01
-5.097873077032373246e-01
-5.096408327246618741e-01
-5.094985655210978459e-01
-5.093485068591006026e-01
-5.091860397731694521e-01
-5.090197594917400536e-01
-5.088326310029321897e-01
-5.086355855293376305e-01
-5.084193270284127486e-01
-5.081856918595615280e-01
-5.079372369233189355e-01
-5.076809497578503860e-01
-5.074197001777204230e-01
-5.071436345255940781e-01
-5.068512217500305006e-01
-5.065517148307970841e-01
-5.062524155566242579e-01
-5.059446136556315921e-01
-5.056464208864190901e-01
-5.053271945048664060e-01
-5.050018318019147134e-01
-5.046605293422660177e-01
-5.043030418169007767e-01
-5.039208640824112129e-01
-5.035604619818504490e-01
-5.032217514016644744e-01
-5.028727315031377154e-01
-5.025125792355662480e-01
-5.021539362588813837e-01
-5.018094754677809854e-01
-5.014938716424603982e-01
-5.011894919965405037e-01
-5.008829842357793716e-01
-5.005455880280329506e-01
-5.001820053279534273e-01
-4.998402944336933773e-01
-4.995217406079058842e-01
-4.991891295285976748e-01
-4.988174141709644238e-01
-4.984919250409856062e-01
-4.981573464229204773e-01
-4.978251497575222340e-01
-4.975004491479350088e-01
-4.971974084595044419e-01
-4.969089724088250892e-01
-4.966045850596721434e-01
-4.963302512327059102e-01
-4.960676535756888272e-01
-4.958109915063377837e-01
-4.955298402017032644e-01
-4.952024864474560140e-01
-4.948881176006129090e-01
-4.945886295498966856e-01
-4.942661763189455382e-01
-4.940013576634526005e-01
-4.937092575842122466e-01
-4.933924766748845059e-01
-4.930321114573918417e-01
-4.927044463962347298e-01
-4.924016039615818907e-01
-4.920159322508915190e-01
-4.916884772775416690e-01
-4.913375650829373553e-01
-4.909231124441201244e-01
-4.904698460038588448e-01
-4.900358402852392214e-01
-4.896390850866316202e-01
-4.892451137000906058e-01
-4.888240162871954619e-01
-4.883764147655528243e-01
-4.878779092971204379e-01
-4.874138678617282450e-01
-4.869709292002287748e-01
-4.865074970730049464e-01
-4.860782751743077390e-01
-4.856585705075055492e-01
-4.852365664142832546e-01
-4.848430110358001865e-01
-4.845104409209613494e-01
-4.841184482454951588e-01
-4.837195711131216935e-01
-4.832957430492742512e-01
-4.828576271163671496e-01
-4.824865055753662091e-01
-4.821505921658612581e-01
-4.817720888046043148e-01
-4.813624034252803607e-01
-4.809395279611504703e-01
-4.805532412002261888e-01
-4.801738385491424732e-01
-4.797679834843889268e-01
-4.794751953638964337e-01
-4.791987027065751636e-01
-4.789753437322229468e-01
-4.787646381478132818e-01
-4.785740357051432858e-01
-4.784182741711411335e-01
-4.782718299041007204e-01
-4.781269853719407048e-01
-4.779638384259102812e-01
-4.778119628842277256e-01
-4.776303067348752762e-01
-4.774955448399625380e-01
-4.773547423983616755e-01
-4.771360414225163105e-01
-4.793094161397722930e-01
-4.815396234872466596e-01
-4.837733212647685743e-01
-4.859832851997455960e-01
-4.881291453567927485e-01
-4.903283381586465151e-01
-4.924995178770052440e-01
-4.946804371362336084e-01
-4.968483301465399515e-01
-4.990388362689221480e-01
-5.012006044040534514e-01
-5.033580922168575666e-01
-5.055475075992168499e-01
-5.076960590547461294e-01
-5.098738387789961690e-01
-5.120209988168037407e-01
-5.141600248396496209e-01
-5.162979561727363276e-01
-5.184149651767193667e-01
-5.205176575030591168e-01
-5.225894313624628307e-01
-5.246569865654208131e-01
-5.267304591593484631e-01
-5.287784221379249194e-01
-5.308350915437706208e-01
-5.328864229848161438e-01
-5.349027164257873501e-01
-5.369500364633305045e-01
-5.389766640040112300e-01
1.002357747533767199e-06
1.017719425819818694e-06
5.508931761216118682e-04
5.064352751643138185e-04
4.634139564535593955e-04
4.355988494623249567e-04
4.093653677734341786e-04
3.910963528859279551e-04
3.841664312930585801e-04
3.854358446223142532e-04
3.923917836892425333e-04
4.010800431352969857e-04
4.085542952757867234e-04
4.234820652081109195e-04
4.358378301757053690e-04
4.309073126218824416e-04
4.138189122894247638e-04
3.801639597469151730e-04
3.442188335850616845e-04
3.061434101060284954e-04
2.718278662803172668e-04
2.432907791943371553e-04
2.336865278933851855e-04
2.061070247404363947e-04
2.130181465087705144e-04
2.225586480871477829e-04
2.117225167545812542e-04
1.783110350459006510e-04
1.207696432683930696e-04
4.422538913294337456e-05
-5.334086193243794727e-05
-1.107146992149695856e-04
-1.616686561674032742e-04
-2.749361620879970346e-04
-2.485626790254586056e-03
-4.717322274096509734e-03
-6.975365132573204882e-03
-9.228946908532429869e-03
-1.144119359541426011e-02
-1.360345228821136648e-02
-1.575356428276096857e-02
-1.788813029996409038e-02
-2.002021596384633700e-02
-2.214989622610886999e-02
-2.427864191859909274e-02
-2.642037409540991949e-02
-2.861016837649359157e-02
-3.080365644333804206e-02
-3.296163893017194785e-02
-3.511729000767691705e-02
-3.728799211125107677e-02
-3.944352493164084844e-02
-4.162877854588339921e-02
-4.382453780488391321e-02
-4.602266885816571479e-02
-4.822924979651288524e-02
-5.049305939175761926e-02
-5.274362985692984673e-02
-5.499668750911149151e-02
-5.728563529153574835e-02
-5.956613361302426357e-02
-6.186484614032180390e-02
-6.416124183453342233e-02
-6.645925920232850781e-02
-6.875581283440995728e-02
-7.105344526431257857e-02
-7.334927267781066185e-02
-7.566133534106250780e-02
-7.797512837637675387e-02
-8.031337430500129493e-02
-8.263354326013845619e-02
-8.495845302459542614e-02
-8.731635190906923694e-02
-8.968920019630502449e-02
-9.208444171173420234e-02
-9.447923409474773271e-02
-9.690801411391397613e-02
-9.934439305418800437e-02
-1.017920403186260980e-01
-1.042490459831190985e-01
-1.066839235652434908e-01
-1.091007076514535212e-01
-1.115063678727001295e-01
-1.139261925283801546e-01
-1.163225204951539582e-01
-1.187001991754536440e-01
-1.210764842117007661e-01
-1.234459568610946079e-01
-1.258525168974840291e-01
-1.282824589792010972e-01
-1.307306954658566112e-01
-1.332121612787169618e-01
-1.356955252917914079e-01
-1.381907252863752433e-01
-1.406114335191664677e-01
-1.430468493725240986e-01
-1.454912380346135292e-01
-1.479024597580903821e-01
-1.503500225390065892e-01
-1.527650214624867997e-01
-1.552066703709399087e-01
-1.576421435399218696e-01
-1.601084836383154242e-01
-1.625926842535668493e-01
-1.650730911704245962e-01
-1.675136960175213074e-01
-1.699365096459457269e-01
-1.723579776212824655e-01
-1.747247828726421481e-01
-1.771074903119357336e-01
-1.794629480877950600e-01
-1.817813946719810947e-01
-1.840904190402562757e-01
-1.863773521823298418e-01
-1.886038464979276075e-01
-1.908326009738053608e-01
-1.930431790959762084e-01
-1.952652996645090344e-01
-1.975246929804774509e-01
-1.997901903732332562e-01
-2.021205246620296492e-01
-2.044593618020672521e-01
-2.068032309052529605e-01
-2.091161201285077209e-01
-2.113881703697585712e-01
-2.136638984120961537e-01
-2.158873516410103055e-01
-2.180966057735797825e-01
-2.203259966607034603e-01
-2.225486385611628037e-01
-2.247428891492097014e-01
-2.269627215583884527e-01
-2.290710917107889599e-01
-2.311564268829499891e-01
-2.332335978243103847e-01
-2.352926914810108960e-01
-2.373342543997282172e-01
-2.393997554512412584e-01
-2.415077664696892723e-01
-2.435957419169343940e-01
-2.456546278406206707e-01
-2.477991531877163922e-01
-2.499825950491272597e-01
-2.521332797948039883e-01
-2.542499985205866064e-01
-2.563507555116739667e-01
-2.584712756298066516e-01
-2.605848375314105403e-01
-2.628179377503195302e-01
-2.650295689916151165e-01
-2.672135756651031757e-01
-2.693502636216554280e-01
-2.715046906153871786e-01
-2.737188931341263398e-01
-2.759208037830723770e-01
-2.781218030721866463e-01
-2.803083730854095124e-01
-2.825347361868082996e-01
-2.846935526197354460e-01
-2.868598111179333499e-01
-2.889871055565786939e-01
-2.910462714428676545e-01
-2.931159876916769047e-01
-2.951644117432105641e-01
-2.972683469795906475e-01
-2.993888961661794190e-01
-3.015863205176455564e-01
-3.037118085836422177e-01
-3.058261260385783942e-01
-3.079621472415116079e-01
-3.100489814578152314e-01
-3.120952598760354801e-01
-3.141487312023293343e-01
-3.161312816179460139e-01
-3.180411617404563240e-01
-3.199525512644755820e-01
-3.218651225413826644e-01
-3.238320619447609405e-01
-3.257794552705183255e-01
-3.277017707672734148e-01
-3.295707071274768807e-01
-3.313566022593650295e-01
-3.331066573340449311e-01
-3.348687372334419599e-01
-3.365843314641848161e-01
-3.382614895426453439e-01
-3.398986563673314087e-01
-3.415011433732690893e-01
-3.430633648192941698e-01
-3.445518463000143972e-01
-3.460340041224669316e-01
-3.475356236777204511e-01
-3.490473940675924425e-01
-3.506010541278294923e-01
-3.521399859194480064e-01
-3.536118189059928030e-01
-3.550454235115441115e-01
-3.564475206797338980e-01
-3.578487585344630739e-01
-3.592107536648737609e-01
-3.605508712812707239e-01
-3.618595374981175561e-01
-3.631442715854536485e-01
-3.644513701060478339e-01
-3.657150535672867853e-01
-3.669132702672300295e-01
-3.680591019099246908e-01
-3.691876742001926615e-01
-3.703320371228521202e-01
-3.714555507991798011e-01
-3.725506766582895035e-01
-3.736113690731374670e-01
-3.746487141770044049e-01
-3.756915713615816554e-01
-3.766818388504955539e-01
-3.776487427636468497e-01
-3.785963237429014749e-01
-3.795373651720883590e-01
-3.804464385658309356e-01
-3.813443969442951720e-01
-3.822414661309300743e-01
-3.830870408915583725e-01
-3.839324361189925816e-01
-3.847911305366711887e-01
-3.856740992784786215e-01
-3.865520255281513218e-01
-3.874003760165181109e-01
-3.882116695959223485e-01
-3.889949536193260671e-01
-3.897610266338944474e-01
-3.904613619516755230e-01
-3.911382477788771239e-01
-3.918005164598073464e-01
-3.924319545568195622e-01
-3.930494618986318245e-01
-3.936242006618170808e-01
-3.941821262743105958e-01
-3.947042356611342173e-01
-3.952015750102544911e-01
-3.956676443394734344e-01
-3.961087362437425985e-01
-3.965026186056553326e-01
-3.968838626979668827e-01
-3.972411843330621584e-01
-3.975791491155207247e-01
-3.978777829694671309e-01
-3.981517441864750317e-01
-3.983934697279326032e-01
-3.986119749005590518e-01
-3.988231521034492633e-01
-3.990087539478703316e-01
-3.991743973781103905e-01
-3.993242444220473919e-01
-3.994525843323996073e-01
-3.995647454469709592e-01
-3.996616300717698023e-01
-3.997431338127142020e-01
-3.998100894097166291e-01
-3.998583234269744713e-01
-3.998888822023120571e-01
-3.999030505380228862e-01
-3.999012299404676729e-01
-3.998818265146554252e-01
-3.998443877541731362e-01
-3.997874014866723558e-01
-3.997134292416570922e-01
-3.996205400226425231e-01
-3.995130340011958658e-01
-3.993772479049172430e-01
-3.992628027455543127e-01
-3.990787231792525258e-01
-3.988482193887917804e-01
-3.986072104259158477e-01
-3.986511387386138527e-01
-3.986098180540642577e-01
-3.988188067532998926e-01
-3.990783810300486678e-01
-3.994031990072804961e-01
-3.997482536045059986e-01
-4.000638442430725639e-01
-4.004137606110161896e-01
-4.007756584443751824e-01
-4.011545297705988444e-01
-4.015356000112397794e-01
-4.019702769307800794e-01
-4.024788416328701213e-01
-4.030406289754605020e-01
-4.036233771551265281e-01
-4.041392808953523375e-01
-4.046461341814762691e-01
-4.051709374118878104e-01
-4.057447557269203697e-01
-4.063319811972647133e-01
-4.069970540433194839e-01
-4.076863938376162899e-01
-4.083453465150561623e-01
-4.090023719787205247e-01
-4.096513555228820658e-01
-4.102751988132471439e-01
-4.108948902104219703e-01
-4.115234988006447048e-01
-4.122065400897977905e-01
-4.129229668649110341e-01
-4.136811991071266958e-01
-4.144996024008378854e-01
-4.152934967025461166e-01
-4.161166657294746440e-01
-4.169235858458067434e-01
-4.177028981977513600e-01
-4.185101771422193861e-01
-4.192822671471715390e-01
-4.200158328551910070e-01
-4.207231199167897895e-01
-4.213880818594267219e-01
-4.220694911435730612e-01
-4.227209284924677846e-01
-4.233083640533099046e-01
-4.238901829444788327e-01
-4.244641148855409774e-01
-4.249998723149226443e-01
-4.254720248231169122e-01
-4.258966335710059337e-01
-4.263189950699637909e-01
-4.267456936725241845e-01
-4.271347003772555939e-01
-4.274799491107229010e-01
-4.278491734844797612e-01
-4.281798837977607852e-01
-4.284839968094514284e-01
-4.287833164618104487e-01
-4.290676981934434808e-01
-4.292965155288756551e-01
-4.294796047537079442e-01
-4.296356645006772501e-01
-4.297572959614388566e-01
-4.298479069438581601e-01
-4.299204056112122529e-01
-4.299748800903511747e-01
-4.300208478740950024e-01
-4.300464705607683347e-01
-4.300649698162807288e-01
-4.300770064160168715e-01
-4.300806870565892503e-01
-4.300755612322020860e-01
-4.300611321102942308e-01
-4.300380291387214116e-01
-4.300077662847615612e-01
-4.299696491408555588e-01
-4.299261729211322214e-01
-4.298785219593604934e-01
-4.298073220866478472e-01
-4.297214077028242429e-01
-4.296297602945276517e-01
-4.295242616709638028e-01
-4.294223340617766560e-01
-4.293074108106720854e-01
-4.291921022839481625e-01
-4.290714116653454036e-01
-4.289423450070051214e-01
-4.288000113240915123e-01
-4.286511468036798278e-01
-4.284911215598710688e-01
-4.283152741716512169e-01
-4.281257425718771326e-01
-4.279423676125769793e-01
-4.277478383004830187e-01
-4.275608384777643822e-01
-4.273619222153567931e-01
-4.271443564635283852e-01
-4.269180500518874322e-01
-4.266876150933482936e-01
-4.264579549169099093e-01
-4.262176761336297082e-01
-4.259545455737896447e-01
-4.256889245116187159e-01
-4.254162538877500066e-01
-4.251394015043701291e-01
-4.248589453477217837e-01
-4.245524361931842794e-01
-4.241850963444395162e-01
-4.238044338084440699e-01
-4.234176013646355763e-01
-4.230266363366866345e-01
-4.226371007078280062e-01
-4.222637892577028595e-01
-4.218913809926507219e-01
-4.215151843069948612e-01
-4.211480375505190499e-01
-4.207936492559213315e-01
-4.204557281617707365e-01
-4.200867837111531000e-01
-4.197243100767059087e-01
-4.193894116912261216e-01
-4.190293217061451525e-01
-4.186257710356214301e-01
-4.182675273880583910e-01
-4.178815524649697744e-01
-4.175326841080502227e-01
-4.171865377180409840e-01
-4.167890084027856545e-01
-4.164183512373399454e-01
-4.160321001808447439e-01
-4.156742160551319398e-01
-4.153265131133683785e-01
-4.149795853969469595e-01
-4.146429407853795546e-01
-4.142720360063762430e-01
-4.138568744222262952e-01
-4.134377420120361468e-01
-4.130094138839492390e-01
-4.125238736193307942e-01
-4.120407672738795046e-01
-4.114947120925372404e-01
-4.109615884559075227e-01
-4.104464989544513442e-01
-4.099264014086934638e-01
-4.094433964803477211e-01
-4.089993552890390793e-01
-4.085312911224579513e-01
-4.080844286400062138e-01
-4.076560630349808090e-01
-4.072296175281128194e-01
-4.067751106317915588e-01
-4.063021218026444670e-01
-4.058066478765073870e-01
-4.053025573625006484e-01
-4.048101097960038475e-01
-4.043274968483711040e-01
-4.038144327000412481e-01
-4.032802381492799348e-01
-4.027046644684806886e-01
-4.021191513771518178e-01
-4.014487898906811680e-01
-4.007397250724772930e-01
-4.000190798898707878e-01
-3.992838267817244158e-01
-3.985509030222000315e-01
-3.978060508046808996e-01
-3.970322151231804875e-01
-3.962350624920110698e-01
-3.954376576741367444e-01
-3.946240361530172769e-01
-3.937666517556374091e-01
-3.929519127203763285e-01
-3.920832102263467345e-01
-3.912176903438462916e-01
-3.902980236444374418e-01
-3.893879648151818418e-01
-3.884786032075964735e-01
-3.875737223713355828e-01
-3.866695979655020432e-01
-3.856908316309433093e-01
-3.847129529671911574e-01
-3.837456818757038479e-01
-3.827749827692861762e-01
-3.817759805040863430e-01
-3.807735518892863547e-01
-3.797162231918047026e-01
-3.787002152814780143e-01
-3.776365797702976312e-01
-3.765734998627943697e-01
-3.755735225587616966e-01
-3.745940975535394513e-01
-3.736543361473145808e-01
-3.752467220251171631e-01
-3.769219999604691007e-01
-3.785304725965922268e-01
-3.801235638854273402e-01
-3.816809667070194534e-01
-3.832489857639703734e-01
-3.847676584693460189e-01
-3.862798674950854161e-01
-3.877882587875826070e-01
-3.892981526125218750e-01
-3.908557537340182075e-01
-3.923587966906868507e-01
-3.938141985088629005e-01
-3.952672475082691372e-01
-3.966471364750088213e-01
-3.979755930374486717e-01
-3.992758329169128761e-01
-4.005965372280892445e-01
-4.019024087262170752e-01
-4.032282715906576054e-01
-4.045846281570606440e-01
-4.059099637348512757e-01
-4.072335622781755871e-01
-4.085235309042687391e-01
-4.097935850940853109e-01
-4.109933031976314433e-01
-4.121733315610440762e-01
-4.133257076020989684e-01
-4.144601149704582044e-01
-4.155668806990157060e-01
-4.166938264633474609e-01
-4.177660231344031416e-01
-4.188073999508953871e-01
-4.198379112356628307e-01
-4.208670610581787264e-01
-4.219137049167543396e-01
-4.229950448179629618e-01
-4.240611778907478757e-01
-4.250895032233452109e-01
-4.261395192605526572e-01
-4.271733007356218748e-01
-4.281820726967748847e-01
-4.291723531234172273e-01
-4.301423117720977740e-01
-4.310971702559681651e-01
-4.320514037022027964e-01
-4.329807741466818460e-01
-4.339073968355608435e-01
-4.348559681686267053e-01
-4.358310472289618764e-01
-4.406086338796069701e-01
-4.415379630353237217e-01
-4.417276225674973134e-01
-4.419242148592987807e-01
-4.415365820108270722e-01
-4.411339226361197796e-01
-4.407344385748590554e-01
-4.411318884573033894e-01
-4.413791591101312584e-01
-4.416173467286356180e-01
-4.418574150494892216e-01
-4.415456088589660988e-01
-4.411681412441451622e-01
-4.407343508833792001e-01
-4.412530881930192828e-01
-4.415198700669466514e-01
-4.417682479512297644e-01
-4.414517536722515900e-01
-4.410474095328228428e-01
-4.405980760396186469e-01
-4.410499000198615516e-01
-4.412604982113355612e-01
-4.414683505698464017e-01
-4.411236848213355155e-01
-4.407105932502003998e-01
-4.406568329792434069e-01
-4.409447068273045778e-01
4.000025817316270049e-01
4.000025976667481720e-01
4.013311924083965976e-01
4.027986044454922032e-01
4.042466488554623538e-01
4.056635414613184443e-01
4.071283757117346025e-01
4.085540810822086977e-01
4.099293934248238180e-01
4.112846427388975323e-01
4.126822211700211240e-01
4.140517466422248827e-01
4.154176939651171852e-01
4.168147538146904640e-01
4.182427615992313497e-01
4.196569931047852142e-01
4.209857354677403740e-01
4.222496105476526984e-01
4.235510393406963781e-01
4.249149068947927765e-01
4.262384156855911765e-01
4.275880282885179406e-01
4.289564978434259879e-01
4.303452503518547800e-01
4.317272873050438386e-01
4.330382590416131383e-01
4.343394235799497571e-01
4.355709365691534107e-01
4.368571741268096886e-01
4.381196715752345150e-01
4.394047636001903734e-01
4.406628245074040717e-01
4.416174299425595917e-01
4.429211864864069925e-01
4.442054733682975209e-01
4.455268079345804932e-01
4.468480712431233126e-01
4.481901616636213559e-01
4.495301481938326349e-01
4.508853641244764954e-01
4.522387621352010334e-01
4.536519611198537860e-01
4.550165146967515284e-01
4.563846473812375182e-01
4.577551172320591943e-01
4.591905921399122015e-01
4.606577255562065987e-01
4.621613319965872102e-01
4.637194765567200783e-01
4.652297650705974341e-01
4.667166548047694263e-01
4.681945639457799624e-01
4.696616632872201436e-01
4.710941749406549195e-01
4.724878377590664980e-01
4.738921432895323305e-01
4.752393139109348796e-01
4.766199615154417257e-01
4.780247984066851585e-01
4.794975280759535829e-01
4.809753428382365081e-01
4.824642962471587526e-01
4.839098360562269496e-01
4.828195526355951728e-01
4.821187101987753354e-01
4.817337265440977956e-01
4.813802681198470768e-01
4.827327904295333760e-01
4.823886278582796838e-01
4.823167959146675288e-01
4.839149327237446396e-01
4.852540007914944442e-01
5.618064874624668636e-01
5.627497941130574777e-01
5.629225564972302198e-01
5.630964212062412599e-01
5.632748444165520674e-01
5.634603790668510914e-01
5.636503376206662974e-01
5.638429046107193976e-01
5.640363739623660555e-01
5.642342693728799041e-01
5.644442983475610465e-01
5.646723161711779682e-01
5.649036277174692700e-01
5.651381705623613749e-01
5.653813011988664261e-01
5.656390159347336466e-01
5.658987918005408124e-01
5.661566781896133493e-01
5.664123074444705752e-01
5.666679723460089635e-01
5.669269025187710920e-01
5.671819736666954270e-01
5.674433086538838156e-01
5.677200721786958004e-01
5.679998039658057385e-01
5.682927724212767373e-01
5.685882034796901907e-01
5.688879015667521744e-01
5.691896892141109499e-01
5.694992321322475126e-01
5.698045849897362958e-01
5.701219200588316660e-01
5.704518739968632568e-01
5.707885917711053025e-01
5.711265410423168598e-01
5.714693956803252872e-01
5.718230453771423472e-01
5.721881408398665769e-01
5.725622991294552211e-01
5.729379716671176848e-01
5.733357684276015886e-01
5.737624813629764731e-01
5.741938651550122508e-01
5.746340365135573780e-01
5.750886767291035762e-01
5.755491921290695201e-01
5.760016900465489975e-01
5.764674665444833312e-01
5.769241069904331720e-01
5.773823157769853998e-01
5.778443866277364060e-01
5.783078597742785654e-01
5.787861696037946979e-01
5.792650738345316297e-01
5.797584784856584239e-01
5.802649669950550315e-01
5.807877297364563152e-01
5.813154497961464662e-01
5.818596894130102504e-01
5.824191826057931731e-01
5.830014157226603988e-01
5.835956821459048482e-01
5.842091304726371170e-01
5.848368684892621960e-01
5.854793677689726916e-01
5.861208962523314359e-01
5.867654638971350201e-01
5.874190201329708705e-01
5.880702639713031310e-01
5.887185504566655458e-01
5.893855421406350992e-01
5.900683238484815130e-01
5.907529118450124406e-01
5.914481093002070811e-01
5.921467996657840960e-01
5.928321671182836816e-01
5.935249758869577397e-01
5.942263733355250821e-01
-4.000000049810192859e-01
-4.000000053076762097e-01
-4.000029133385087365e-01
-4.000058181494755560e-01
-4.000087052549939903e-01
-4.000115758301912017e-01
-4.000144316113815601e-01
-4.000172745895039794e-01
-4.000201069947149080e-01
-4.000229312757591082e-01
-4.000257500749154205e-01
-4.000285661940248261e-01
-4.000313784364272762e-01
-4.000346889385811844e-01
-1.999985911164058883e-01
-1.999985755486031469e-01
-1.989071600447070431e-01
-1.981118031068612173e-01
-1.972379551145813925e-01
-1.963033371951955763e-01
-1.953500431862510711e-01
-1.943334808047400553e-01
-1.933265824059019755e-01
-1.923046999160895332e-01
-1.913119733887430896e-01
-1.902577069006623212e-01
-1.892938041340874455e-01
-1.881944219333303303e-01
-1.871154403835078306e-01
-1.859601182020126364e-01
-1.847752915134541762e-01
-1.835880239618384868e-01
-1.825837364166230936e-01
-1.814850077569423459e-01
-1.802806962941733149e-01
-1.790589138562358462e-01
-1.776543732294634248e-01
-1.762139802120190890e-01
-1.747678884585339709e-01
-1.732231239796059030e-01
-1.716328064660800068e-01
-1.700021490167331062e-01
-1.684256848735475598e-01
-1.667338889579595695e-01
-1.649536866557173576e-01
-1.631244760403907645e-01
-1.612875874128447129e-01
-1.594730473917369551e-01
-1.576654841820916142e-01
-1.558540823349545967e-01
-1.540037395414152466e-01
-1.521259696154706742e-01
-1.502694293730754971e-01
-1.483900772631338572e-01
-1.465097462598141109e-01
-1.445816193956466489e-01
-1.426287806202979347e-01
-1.407391491857955257e-01
-1.388965579943456374e-01
-1.370984370675146502e-01
-1.353173708629803740e-01
-1.334637539212859825e-01
-1.316280839529392899e-01
-1.297669006316109208e-01
-1.278138985739921407e-01
-1.258623906321295893e-01
-1.239271842805018675e-01
-1.219295054120096700e-01
-1.200353428372984005e-01
-1.180697902396605631e-01
-1.163392608276466872e-01
-1.146331906175119125e-01
-1.128457790701585389e-01
-1.110980133607048781e-01
-1.092900676716871966e-01
-1.076094550014713852e-01
-1.058185420445823116e-01
-1.041718960769006525e-01
-1.025398210889660183e-01
-1.010314483314672801e-01
-9.949935180520480538e-02
-9.804274848857875979e-02
-9.652319757498699360e-02
-9.508871374159730272e-02
-9.367733176717256416e-02
-9.232173467832321956e-02
-9.084263186936206158e-02
-8.945902608603936712e-02
-8.822715862578736634e-02
-8.702827898380104121e-02
-8.582778474569448257e-02
-8.467318157382003330e-02
-8.357906022064184870e-02
-8.241916490570300180e-02
-8.126915411868662620e-02
-8.005807363290430578e-02
-7.877731703815152309e-02
-7.747117012453628992e-02
-7.610908805183416725e-02
-7.479444567323409454e-02
-7.352840307884400683e-02
-7.224176505678811533e-02
-7.092603130609220763e-02
-6.961529502366722855e-02
-6.837304334503853387e-02
-6.719238527018402130e-02
-6.602084869559023128e-02
-6.490030783780341428e-02
-6.384331426172216994e-02
-6.271279985819944169e-02
-6.159303429835781551e-02
-6.045933552860637689e-02
-5.936162093205511053e-02
-5.825240100645789898e-02
-5.716140563827358523e-02
-5.608109058502888655e-02
-5.506793336337629380e-02
-5.400697317577543566e-02
-5.299987935275914108e-02
-5.202552304643719844e-02
-5.101681261308795012e-02
-5.001353477457570751e-02
-4.899130600155993803e-02
-4.796464123661713097e-02
-4.694102982427050125e-02
-4.591783795972307486e-02
-4.487141743694467166e-02
-4.381984077460541332e-02
-4.275009419723427989e-02
-4.168580932303592862e-02
-4.068532983689203408e-02
-3.967587948253820801e-02
-3.876278976815156901e-02
-3.789428289922013721e-02
-3.708200544095470452e-02
-3.632583257159085338e-02
-3.556610824397521409e-02
-3.479642650631276091e-02
-3.399032052128417303e-02
-3.314731186141281483e-02
-3.233502219334569161e-02
-3.147078213087744353e-02
-3.064782162262561296e-02
-2.984302156517411667e-02
-2.906287381663089087e-02
-2.831032310974523555e-02
-2.756567669819392705e-02
-2.681576176001630035e-02
-2.605148760350054285e-02
-2.529167687940240411e-02
-2.446738631862175120e-02
-2.364936605008462894e-02
-2.278082307532083503e-02
-2.190567114270962693e-02
-2.102694725262862704e-02
-2.015267718165437288e-02
-1.925222956333668203e-02
-1.831101924966582750e-02
-1.737318010907660734e-02
-1.642890732399528500e-02
-1.551542299732451211e-02
-1.457103428227049351e-02
-1.364504436680862194e-02
-1.269545716299569013e-02
-1.173963385804963414e-02
-1.074879220047406797e-02
-9.782751960952429729e-03
-8.816587835041165416e-03
-7.861494033045928961e-03
-6.855044468495043349e-03
-5.870179710469455511e-03
-4.909802856428229986e-03
-3.963471800515599650e-03
-2.956216249879789829e-03
-1.954453084814859222e-03
-9.887426150158831924e-04
-8.475079101182537663e-05
8.249418746021925774e-04
1.645765468162548647e-03
2.450939198139991462e-03
3.193271614927138853e-03
3.851378762232860516e-03
4.518971115690799054e-03
5.180865725647729181e-03
5.866143634822195557e-03
6.594569425092733361e-03
7.251327950863441923e-03
7.968627558145303241e-03
8.695054291709008315e-03
9.445421518724385346e-03
1.011450724576596315e-02
1.070436112417000665e-02
1.132842791186976575e-02
1.175064478967142133e-02
1.225349651123147122e-02
1.274452708730176506e-02
1.316662619320458846e-02
1.356269727452033211e-02
1.395739482665676358e-02
1.430892414983358195e-02
1.470538732922409969e-02
1.501205933043298600e-02
1.531381593129760126e-02
1.560494410328445644e-02
1.588285107641225144e-02
1.615234959977195767e-02
1.642342308315132560e-02
1.666104300068965358e-02
1.689125071242511197e-02
1.711204389257919845e-02
1.732187513094230261e-02
1.750414078025747111e-02
1.768672554057057478e-02
1.784701371567409475e-02
1.800440101168215498e-02
1.814395281187149156e-02
1.827051468590023403e-02
1.838621718976555380e-02
1.849286757547626003e-02
1.859139723179767389e-02
1.867525688616056972e-02
1.874000046560584179e-02
1.879008164995034369e-02
1.883394127729197051e-02
1.886733994405860593e-02
1.888948960403121283e-02
1.889778014913385748e-02
1.889119728862286365e-02
1.886905667232258860e-02
1.883590071240932168e-02
1.879338576525835247e-02
1.874002044000096234e-02
1.867367322806450305e-02
1.859316617869894231e-02
1.849572990325315872e-02
1.837926134750216337e-02
1.825626285736415069e-02
1.809546169847225244e-02
1.793455241245547546e-02
1.772998331621069082e-02
1.747542491994593175e-02
1.718822784173399884e-02
1.688057364276825123e-02
1.655620059548256959e-02
1.624330521056633128e-02
1.590811377132336085e-02
1.557144337019228213e-02
1.521585361352793125e-02
1.486931777699176602e-02
1.452038925231441055e-02
1.414706485526167311e-02
1.379264451681211888e-02
1.342053813362442671e-02
1.300495833499939156e-02
1.267094350710505982e-02
1.229246389369583956e-02
1.189589427558879371e-02
1.148588909999184900e-02
1.109898808125887003e-02
1.065543611512132470e-02
1.017324161446491598e-02
9.676224240148335876e-03
9.241222474475101895e-03
8.793957801991320392e-03
8.384978611376880941e-03
7.996799795573841796e-03
7.603084736577908447e-03
7.187090887661707304e-03
6.798559640832732391e-03
4.234648323601901063e-03
1.667323964247579421e-03
-8.950237646712282460e-04
-3.451215532442060592e-03
-6.006544155969103897e-03
-8.561178915521305485e-03
-1.111544910564445793e-02
-1.366972511999799481e-02
-1.622392445217602647e-02
-1.877860101631380341e-02
-2.133382349624485946e-02
-2.388960898584815626e-02
-2.644593895256995217e-02
-2.900277268898439689e-02
-3.156003916639995438e-02
-3.411767016565447203e-02
-3.667560954978366095e-02
-3.923366368257210496e-02
-4.179192486494378439e-02
-4.435036418132882324e-02
-4.690894670959523671e-02
-4.946763933109926681e-02
-5.202641497499367607e-02
-5.458525194042310180e-02
-5.714413280087646263e-02
-5.970304508547651795e-02
-6.226197850643930970e-02
-6.482092562288324644e-02
-6.737988101718141165e-02
-6.993884083270444918e-02
-7.249780238922402809e-02
-7.505676336740346732e-02
-7.761570887048095668e-02
-8.017463736057045542e-02
-8.273355039686648704e-02
-8.529246013564663331e-02
-8.785136693105784211e-02
-9.041027117639165167e-02
-9.296917326782734581e-02
-9.552807980824068457e-02
-9.808699847773644231e-02
-1.006459283366329532e-01
-1.032048629155788572e-01
-1.057637930003221954e-01
-1.083227183028269008e-01
-1.108816385645999963e-01
-1.134405535667435683e-01
-1.159994631395139530e-01
-1.185583671705966874e-01
-1.211172656117889823e-01
-1.236761582957102423e-01
-1.262350456972302637e-01
-1.287939277824845796e-01
-1.313528047955834777e-01
-1.339116770542201351e-01
-1.364705449460947573e-01
-1.390294136661192892e-01
-1.415848175903134665e-01
-1.441270816177836200e-01
-1.466860401607842923e-01
-1.492172289170557165e-01
-1.517360585774026882e-01
-1.542650742369214012e-01
-1.568061623474470978e-01
-1.593373616889369460e-01
-1.618840497123273658e-01
-1.644433530772972107e-01
-1.670005246353634676e-01
-1.695598320083763488e-01
-1.721191408853954552e-01
-1.746784522185639010e-01
-1.772377668388186722e-01
-1.797970853820745063e-01
-1.823564082988529400e-01
-1.849157358657104733e-01
-1.874750681981080247e-01
-1.900344052645469850e-01
-1.925937469017864057e-01
-1.951530928308209123e-01
-1.977063252408083061e-01
-2.002633584107277598e-01
-2.028227225128072242e-01
-2.053820737654996065e-01
-2.079414109737620642e-01
-2.105007471074653580e-01
-2.130600831774840387e-01
-2.156194191917366054e-01
-2.181787551559207228e-01
-2.207380942147466329e-01
-2.232974470704831849e-01
-2.258568125480672761e-01
-2.284161885117920732e-01
-2.309755605735450412e-01
-2.335349282521036185e-01
-2.360942910292733177e-01
-2.386466801797087200e-01
-2.411922424211631055e-01
-2.437418624939515222e-01
-2.462875831720562625e-01
-2.488293927986687804e-01
-2.513633069591511005e-01
-2.538654928957173595e-01
-2.564039794622586799e-01
-2.589505335392360830e-01
-2.615101719077456144e-01
-2.640698038586060670e-01
-2.666294442953172084e-01
-2.691890938365080199e-01
-2.717487531174097581e-01
-2.743084109802645942e-01
-2.768680678683569929e-01
-2.794277241112680388e-01
-2.819873799464541198e-01
-2.845470310727227781e-01
-2.871066688520662047e-01
-2.896662946119075155e-01
-2.922259191546919266e-01
-2.947855483232769691e-01
-2.973451825097052637e-01
-2.999048220182325974e-01
-3.024644670663566570e-01
-3.050241177853454944e-01
-3.075837742208584191e-01
-3.101434363340355160e-01
-3.127031040032665077e-01
-3.152627770265983842e-01
-3.178224551245553697e-01
-3.203821379431309735e-01
-3.229418247252466845e-01
-3.255015157659906788e-01
-3.280612016820092514e-01
-3.306150221249536392e-01
-3.331154036580287747e-01
-3.355655371796463782e-01
-3.379777390696890871e-01
-3.404002784444477570e-01
-3.428063724892882469e-01
-3.451830127098255430e-01
-3.475798917438504554e-01
-3.476213317936425184e-01
-3.476711555678531074e-01
-3.477105691535514187e-01
-3.501174063417619720e-01
-3.525228426324801823e-01
-3.549223915139012031e-01
-3.573045535008400608e-01
-3.596841246181351481e-01
-3.620945537458388208e-01
-3.645168852103004009e-01
-3.668878901107785473e-01
-3.692569880721540132e-01
-3.716147428577777356e-01
-3.739643667215086786e-01
-3.763158863999193637e-01
-3.786617737436892006e-01
-3.809968088527429519e-01
-3.833120870118317258e-01
-3.856044823420655687e-01
-3.855547515326317454e-01
-3.854481853864371033e-01
-3.853333584262693678e-01
-3.876511134628983224e-01
-3.899415124637030661e-01
-3.922631963960335755e-01
-3.945583566498003791e-01
-3.968704123462986622e-01
-3.991798679546197937e-01
-4.014748729043421394e-01
-4.037575047231460323e-01
-4.060287324819612520e-01
-4.082983096114713994e-01
-4.082162214067253658e-01
-4.080756812094227803e-01
-4.078617712497166203e-01
-4.100814473641342106e-01
-4.122798669313247899e-01
-4.145106852650568552e-01
-4.167756283414074114e-01
-4.190548806581115282e-01
-4.213123072262812130e-01
-4.235728456097834216e-01
-4.258478289474939560e-01
-4.257998639258365747e-01
-4.256520545389976262e-01
-4.255279762427567891e-01
-4.278213406037876254e-01
-4.301189265165279996e-01
-4.324320168721965674e-01
-4.347607098504095435e-01
-4.371239056860560801e-01
-4.394466110396862968e-01
-4.417866605244950007e-01
-4.441246088164939043e-01
-4.464650955271670107e-01
-4.488453052491331863e-01
-4.512555737636488318e-01
-4.513041617469383260e-01
-4.513634135750253518e-01
-4.513906016368481322e-01
-4.538050714393210283e-01
-4.562538016264099938e-01
-4.587033627564949811e-01
-4.611412698776546915e-01
-4.636224199782766897e-01
-4.661287750724429912e-01
-4.686205779601951282e-01
-4.711056282501579484e-01
-4.735983391140465848e-01
-4.760865382873176177e-01
-4.785564326472229180e-01
-4.810298798043762813e-01
-4.834816639439193930e-01
-4.859346874973393682e-01
-4.884175543017122978e-01
-4.909413273927945576e-01
-4.934458767070772356e-01
-4.959637240492406618e-01
-4.985119657929918402e-01
-5.010696334717086309e-01
-5.036273417501394567e-01
-5.061850822698489294e-01
-5.087428480226682259e-01
-5.112798119156941601e-01
-5.138271668800515890e-01
-5.163653326303688784e-01
-5.189229573808592511e-01
-5.214806051211954285e-01
-5.240382692214585747e-01
-5.265959379915846617e-01
-5.291536102747322889e-01
-5.317112851057782530e-01
-5.342689617036998628e-01
-5.368266368205589778e-01
-5.393842992302378958e-01
-5.419419517830466049e-01
-5.444920198743457007e-01
-5.470497110069588720e-01
-5.496074055939667025e-01
-5.521651034750509890e-01
-5.547228044221105270e-01
-5.572805093148376354e-01
-5.598382178424778921e-01
-5.623959300317422638e-01
-5.648973482698650406e-01
-5.674548332987735533e-01
-5.700123221255531947e-01
3.999970042748245969e-01
3.999969882295132395e-01
3.976145281625031447e-01
3.959551190224510631e-01
3.941756769106488090e-01
3.922133935390185178e-01
3.903451184929373485e-01
3.885098080357087258e-01
3.866278590974735474e-01
3.848827556476311917e-01
3.830696177364550370e-01
3.811749195005287860e-01
3.792348928499661431e-01
3.773513948287205988e-01
3.754283869321580203e-01
3.735230540568193480e-01
3.716993360190838924e-01
3.697633000833221439e-01
3.678325702724150048e-01
3.659042632584831312e-01
3.639718993304045802e-01
3.620742906062599520e-01
3.602002889431894506e-01
3.582546681307122727e-01
3.563713921269633933e-01
3.545048226693803817e-01
3.526425781160327788e-01
3.507471853854431387e-01
3.490041233579488922e-01
3.473831320756735064e-01
3.458558637722021212e-01
3.443263841299599171e-01
3.426878319230394765e-01
3.413107272571473394e-01
3.399536265678190783e-01
3.385529968761220587e-01
3.372004394263435345e-01
3.357538925821049181e-01
3.343138034026236771e-01
3.329499522252539201e-01
3.316250050880216738e-01
3.302699171630386066e-01
3.289622749655555789e-01
3.277087043194215621e-01
3.264545433382362583e-01
3.252054685565209380e-01
3.240042648930516744e-01
3.227923315197524512e-01
3.215827073183189500e-01
3.204514640180588514e-01
3.192916004429081633e-01
3.181889297461065191e-01
3.170722296299198217e-01
3.160149424840643650e-01
3.150365176986220650e-01
3.140174504659161148e-01
3.130443139084942983e-01
3.120523616792574839e-01
3.111476849059102712e-01
3.102545867336514163e-01
3.093697753719326093e-01
3.085713516675452350e-01
3.078050804474566915e-01
3.070601139400525037e-01
3.063701097854544253e-01
3.057152743892035951e-01
3.050612103938535324e-01
3.044445574496287832e-01
3.038092615151790077e-01
3.032383436091988793e-01
3.026755685306432575e-01
3.021193667387285231e-01
3.015844504957939098e-01
3.010818477958597805e-01
3.005901566695748373e-01
3.001126641101607428e-01
2.996321126767188536e-01
2.991485446040208496e-01
2.986992207245656172e-01
2.982671881774627831e-01
2.978662523157456499e-01
2.974819584759880176e-01
2.971209062781425825e-01
2.967736898440591631e-01
2.964517916764358163e-01
2.961278681751283171e-01
2.958363016814995472e-01
2.955488723660423811e-01
2.953022936201612492e-01
2.950763184935296102e-01
2.948723066815840954e-01
2.946848867825319629e-01
2.945130003296201893e-01
2.943607074435750648e-01
2.942253193165855762e-01
2.941020138865996780e-01
2.939986080136599567e-01
2.939100779231311744e-01
2.938390743621991930e-01
2.937823800167513322e-01
2.937414756452908504e-01
2.937135076051613503e-01
2.936994816806958730e-01
2.936982327788127400e-01
2.937103825394928314e-01
2.937381443745909482e-01
2.937841931155530939e-01
2.938473975663527527e-01
2.939318946743993965e-01
2.940331182820649647e-01
2.941524274892491908e-01
2.942933285854352210e-01
2.944611292169616035e-01
2.946430111133535590e-01
2.948417758757186924e-01
2.950601209349142939e-01
2.952995027825109919e-01
2.955535059367173090e-01
2.958289880637637870e-01
2.961120108960206831e-01
2.964013920383029022e-01
2.967028603386105967e-01
2.970115292088152947e-01
2.973214492907364503e-01
2.976406813410337748e-01
2.979712630193531164e-01
2.983173688421269509e-01
2.986743154399615907e-01
2.990303688734076148e-01
2.993856651482779130e-01
2.997403293052514628e-01
3.000944786651253970e-01
3.004482176380101621e-01
3.008016364406585486e-01
3.011548110642473519e-01
3.015078040639768142e-01
3.018606658420867062e-01
3.022134361811660286e-01
3.025661457597368376e-01
3.029188180807568243e-01
3.032714704196838307e-01
3.036241154118323737e-01
3.039767621016328802e-01
3.043294162736972508e-01
3.046820814111333431e-01
3.050347596009473916e-01
3.053874513720401529e-01
3.057401562373567860e-01
3.060928733219275832e-01
3.064456014680587703e-01
3.067983397909033738e-01
3.071510877071664813e-01
3.075038451895713565e-01
3.078566122781075109e-01
3.082093898911127394e-01
3.085621788988024972e-01
3.089149800625934361e-01
3.092677939798819664e-01
3.096206210361802103e-01
3.099734613658851612e-01
3.103263148223980861e-01
3.106791809578357544e-01
3.110320590122314099e-01
3.113849479118487307e-01
3.117378462760438951e-01
3.120907524319695425e-01
3.124436644362870164e-01
3.127965801432462944e-01
3.131494980499819891e-01
3.135024165636826621e-01
3.138553341247009576e-01
3.142082501051740584e-01
3.145611639462485010e-01
3.149140751536995686e-01
