2.000020695931254144e-01
2.000020854021987982e-01
2.015514674366457593e-01
2.031416148314244829e-01
2.047396616552026039e-01
2.063488591621239210e-01
2.079533128430007261e-01
2.095727385905481188e-01
2.111822532761478133e-01
2.127843757693850257e-01
2.143960777492804337e-01
2.159904806614941220e-01
2.175912475803496726e-01
2.192108825431924313e-01
2.208302412699629791e-01
2.224790279641291613e-01
2.241519496126496702e-01
2.258246963258827011e-01
2.274974228064407522e-01
2.291700261145170892e-01
2.308583723020492806e-01
2.325449413184011160e-01
2.342400087024396615e-01
2.359234213878784459e-01
2.376006233974695958e-01
2.392865148020452692e-01
2.409794825925407058e-01
2.426775089197353019e-01
2.443769772597086110e-01
2.460763307969945912e-01
2.477655419058712172e-01
2.494658462407085553e-01
2.511588578232235025e-01
2.528460038205244120e-01
2.545270031568274138e-01
2.562149678543803044e-01
2.578895583539184688e-01
2.595731162831361183e-01
2.612642585138975626e-01
2.629631304955566407e-01
2.646616499833833736e-01
2.663528611413154557e-01
2.680333006230747883e-01
2.697311293121575915e-01
2.714201920821407987e-01
2.731018684780030514e-01
2.747699344691217349e-01
2.764300165719841273e-01
2.780987747737652116e-01
2.797953515995094120e-01
2.814899693653062918e-01
2.831865752050838902e-01
2.848862599900944259e-01
2.865987721434623547e-01
2.883157993451238577e-01
2.900479750021961456e-01
2.917864321933409943e-01
2.935329224827843420e-01
2.952999591065049723e-01
2.970841657324831409e-01
2.988820958988171461e-01
3.006768101816051364e-01
3.024866622099041114e-01
3.043079135222806486e-01
3.061289753091921417e-01
3.079548645884425673e-01
3.097715225709392062e-01
3.115625051932811029e-01
3.133488980874207797e-01
3.151556383591445631e-01
3.169903829233337578e-01
3.188582968573623333e-01
3.207220766954916313e-01
3.225768841197015346e-01
3.244454358289421414e-01
3.263137524824014646e-01
3.281768847423132685e-01
3.300453044628116617e-01
3.319135904793741321e-01
3.337817770701085873e-01
3.356498877273593751e-01
3.375179421338629360e-01
3.393859564654395644e-01
3.412405982579755914e-01
3.430930265727696882e-01
3.449262281762647819e-01
3.467551355641011468e-01
3.486049787734710192e-01
3.504552407240844603e-01
3.523159511847550052e-01
3.541819965154189287e-01
3.560460937090061950e-01
3.578917355170940784e-01
3.596930288293869737e-01
3.614872434158377112e-01
3.632729456904323917e-01
3.650943738616069245e-01
3.669316771104530472e-01
3.687425632981117252e-01
3.705794776240827759e-01
3.724540717673121559e-01
3.743438722778262284e-01
3.762549407190676765e-01
3.781667253525038408e-01
3.800800935990300000e-01
3.820084112537688870e-01
3.839249608663351521e-01
3.858456602246762013e-01
3.877487094046933036e-01
3.896959983211624734e-01
3.916915856037568866e-01
3.936777592888960897e-01
3.956242581946355363e-01
3.975791971222687460e-01
3.995395441837057970e-01
4.015056409008771476e-01
4.034552249828888826e-01
4.054421766705175734e-01
4.074050761922461406e-01
4.093487260304700115e-01
4.112962883683026205e-01
4.132311483903642335e-01
4.151876360088758711e-01
4.171402591697425666e-01
4.191144986424764074e-01
4.210705814807643721e-01
4.230468089289041167e-01
4.250407109907918257e-01
-3.235456666493040850e-06
-3.251404232759744518e-06
-2.425895819109536670e-03
-4.833429117891400832e-03
-7.232039125871010665e-03
-9.613746805424048039e-03
-1.194847299260600251e-02
-1.427699500254576634e-02
-1.660727021877496379e-02
-1.896039650373489843e-02
-2.133869272706175740e-02
-2.371533949354941162e-02
-2.608360736011612960e-02
-2.843178554473576106e-02
-3.077013318227706656e-02
-3.309469511182862311e-02
-3.544267210390388001e-02
-3.779534164443273947e-02
-4.013478854114929661e-02
-4.246905707006510405e-02
-4.479691145843718580e-02
-4.713480051634454104e-02
-4.950830781379317314e-02
-5.187999545487527453e-02
-5.426428167197907410e-02
-5.665023825141229930e-02
-5.902799008619366572e-02
-6.141430385574405543e-02
-6.379911207842264842e-02
-6.618367915921251343e-02
-6.854946890005642057e-02
-7.090674073871351679e-02
-7.326086931945363645e-02
-7.560696856966173107e-02
-7.795457063914586204e-02
-8.030236092554493554e-02
-8.267134455757799150e-02
-8.501538593273941236e-02
-8.734750696045989748e-02
-8.969272701637252820e-02
-9.201093806116478202e-02
-9.430930883524132891e-02
-9.658343917048838045e-02
-9.885337209367685285e-02
-1.010862404314998159e-01
-1.033355349087197866e-01
-1.056025671192798443e-01
-1.078629961056756098e-01
-1.101205304473432400e-01
-1.123469289719915415e-01
-1.145612318333844026e-01
-1.167490443557471919e-01
-1.189422596052886333e-01
-1.211174728867373401e-01
-1.232962036083440766e-01
-1.254595913707910182e-01
-1.276097825492798765e-01
-1.297406199446532182e-01
-1.318205015034737138e-01
-1.338715533042915684e-01
-1.359173079159419484e-01
-1.379602617099733586e-01
-1.399909001714310930e-01
-1.420209206521650946e-01
-1.440693802612614816e-01
-1.460874533413988596e-01
-1.999976977360657659e-01
-1.999976818470517725e-01
-1.985006422113533842e-01
-1.969518916195354408e-01
-1.953406145893712142e-01
-1.937120969466273601e-01
-1.920893936838958260e-01
-1.904688983636355359e-01
-1.888041983537667723e-01
-1.871040183502423460e-01
-1.853818905320389065e-01
-1.836219821048781509e-01
-1.818426139393573837e-01
-1.800269163625206614e-01
-1.782127894574221383e-01
-1.763892640459253647e-01
-1.745622654276205721e-01
-1.726898871009566461e-01
-1.708342498351735628e-01
-1.689788362217965190e-01
-1.670737434461508908e-01
-1.651476555567991944e-01
-1.631590316044441991e-01
-1.611704824158431137e-01
-1.591532005690230733e-01
-1.570964059763327314e-01
-1.550394564458305591e-01
-1.529991849252936575e-01
-1.508991356591143917e-01
-1.487824687326658457e-01
-1.466482240901021417e-01
-1.445024012918812717e-01
-1.423564313865299247e-01
-1.402201315488849076e-01
-1.380579760593168004e-01
-1.359143494014790621e-01
-1.337684418702546618e-01
-1.316123606508776134e-01
-1.295081829120960093e-01
-1.273824825536395700e-01
-5.546243134369497479e-02
-5.312097199919330742e-02
-5.080184279134951353e-02
-4.847354119189176830e-02
-4.618098114602426502e-02
-4.387790426430184659e-02
-4.155491821960558690e-02
-3.923768576871992930e-02
-3.692541840778468254e-02
-3.463202195885057427e-02
-3.230378591172652220e-02
-2.998324298459925999e-02
-2.766144294580815885e-02
-2.534911108413261116e-02
-2.308562298074260527e-02
-2.082593940051451903e-02
-1.861736760429296214e-02
-1.641531781636172693e-02
-1.421938876720751747e-02
-1.201099630272895596e-02
-9.839475157859987539e-03
-7.646780314721070976e-03
-5.430851587102671595e-03
-3.229221687191427895e-03
-1.028279188082669229e-03
1.148924285313716182e-03
3.316465286944111912e-03
5.488850919889508295e-03
7.634643780340837071e-03
9.777999653293659513e-03
1.187726831536046329e-02
1.394494301398144231e-02
1.602628176313912814e-02
1.809920429155664409e-02
2.016890555044275474e-02
2.222335905310937262e-02
2.425515436349238649e-02
2.626003357116095741e-02
2.824009908696265350e-02
3.019212148438861140e-02
3.217721577793351828e-02
3.416530300002904724e-02
3.613380517118240653e-02
3.811008902016384953e-02
4.005922921654588020e-02
4.199614040095558942e-02
4.390271182251673232e-02
4.580261060629347430e-02
4.769336873592035231e-02
4.957137379228578750e-02
5.143651884339065644e-02
5.326944442474005476e-02
5.504232259876735978e-02
5.679990610287274228e-02
5.853846074020857548e-02
6.028142894101805316e-02
6.200828207181433016e-02
6.370274327177159746e-02
6.536161907003075477e-02
6.700298731781720307e-02
6.863913008508967795e-02
7.026295448685516976e-02
7.183843211917553817e-02
7.341232597536748172e-02
7.497006220831661794e-02
7.649895627548722321e-02
7.800180617533195027e-02
7.948014294835258065e-02
8.089430268093933396e-02
8.226601122404721134e-02
8.362137456656983103e-02
8.495441391399460862e-02
8.625977759464269201e-02
8.754904378255889963e-02
8.880165584307402049e-02
9.004535433806010181e-02
9.126541782718750051e-02
9.245953695155129104e-02
9.362135788189378249e-02
9.474922890953675625e-02
9.584423094845327673e-02
9.690759195532967774e-02
9.792752197401682901e-02
9.890775964349718397e-02
9.984300378134018661e-02
1.007458446291095294e-01
1.016004953752890488e-01
1.024215124387316544e-01
1.031953665119129254e-01
1.039174504870346016e-01
1.046090905059274684e-01
1.052636248375514311e-01
1.058838573863663257e-01
1.064616016695828504e-01
1.069860372978525681e-01
1.074699745739782081e-01
1.079075734998134334e-01
1.082983868617255485e-01
1.086425067888773383e-01
1.089425601785297681e-01
1.091976619294859757e-01
1.094081762792666751e-01
1.095740252141339383e-01
1.096954747723800500e-01
1.097725655728490901e-01
1.098060142953301010e-01
1.097964406639195395e-01
1.097439970425723998e-01
1.096457749667922171e-01
1.095056044493322722e-01
1.093249772457289964e-01
1.091066894903022916e-01
1.088593767500561915e-01
1.085632459359787971e-01
1.082325564205341012e-01
1.078647991007998241e-01
1.074604374817795666e-01
1.070217678454869203e-01
1.065331634012090106e-01
1.060043501428200308e-01
1.054244446262648516e-01
1.048144764804105206e-01
1.041658759536955997e-01
1.034676354797939568e-01
1.027134427181576742e-01
1.019258398742170779e-01
1.010876953416460639e-01
1.002132582823343637e-01
9.930827152334531505e-02
9.834136587049509270e-02
9.735920191212316110e-02
9.634779330251003193e-02
9.527380479011784975e-02
9.418132830756238694e-02
9.303110349891691166e-02
9.191114462143988584e-02
9.079794618171896370e-02
8.963279835713867938e-02
8.844246820130192976e-02
8.721750555380489156e-02
8.595331837123980356e-02
8.464724754811785157e-02
8.329027083405252108e-02
8.189061749083648145e-02
8.046066737501196553e-02
7.901308968053907811e-02
7.753317529220331294e-02
7.601086941809255537e-02
7.441511508311254852e-02
7.285591818435482869e-02
7.126200993101046433e-02
6.970152868438966864e-02
6.813752962281990899e-02
6.656148012313585494e-02
6.493701743208517285e-02
6.330995377003263702e-02
6.168246531183468190e-02
6.012501009477894121e-02
5.854667730274581289e-02
5.695312912653884008e-02
5.540635572913624185e-02
5.389760655040253673e-02
5.239570109655450336e-02
5.084232853805970009e-02
4.921883204943059559e-02
4.763918908518092327e-02
4.604623903199925317e-02
4.445256301465245335e-02
4.289680687385254154e-02
4.130848727440506601e-02
3.970415233507775671e-02
3.809309652018258441e-02
3.648359355134304927e-02
3.478560939962511978e-02
3.310723125872661737e-02
3.140121754550122962e-02
2.967972015459171067e-02
2.798921373625314762e-02
2.625536599908672580e-02
2.451543382068148078e-02
2.274030076824636037e-02
2.100174181893566319e-02
1.922015278349762518e-02
1.747092726599111523e-02
1.577196419336856711e-02
1.407010875870515036e-02
1.232508461803586385e-02
1.060087479127472428e-02
8.861109873224453509e-03
7.122755804649062369e-03
5.379360109025825391e-03
3.616039960559448100e-03
1.808257983287151534e-03
-3.771318305376659220e-05
-1.874158427009472603e-03
-3.718933378362615765e-03
-5.517173839536431909e-03
-7.357343740140109487e-03
-9.236446636255472506e-03
-1.114805828195268057e-02
-1.304585652980205963e-02
-1.485638419516364765e-02
-1.662590584335136429e-02
-1.835887089358305413e-02
-2.006415710321852314e-02
-2.176439933909399271e-02
-2.356349106027380916e-02
-2.534897046916286673e-02
-2.712531810101813379e-02
-2.892396282957220358e-02
-3.070153487168835252e-02
-3.240224730651992263e-02
-3.407792406954820302e-02
-3.574441896815423042e-02
-3.744665051496434000e-02
-3.903849211856589424e-02
-4.060668719104332247e-02
-4.211846744447790558e-02
-4.361591575707289559e-02
-4.514077784490637402e-02
-4.662897392048091783e-02
-4.812501365503046857e-02
-4.962668131132415283e-02
-5.116813824785431536e-02
-5.268897288440974741e-02
-5.421212510646010452e-02
-5.574189759226369500e-02
-5.728745546850762954e-02
-5.881697759536486103e-02
-6.036224898291112084e-02
-6.186221044056168517e-02
-6.331634827204382643e-02
-6.473194988334170230e-02
-6.614233602579898397e-02
-6.753920276005102863e-02
-6.895361681839730361e-02
-7.031831639335754669e-02
-7.165852998116722938e-02
-7.307567735258872765e-02
-7.445685926029238511e-02
-7.585188736061194981e-02
-7.721052501821266956e-02
-7.856110355052454974e-02
-7.986373462721967076e-02
-8.120428138038865429e-02
-8.250923603822421515e-02
-8.378453056211786210e-02
-8.500055931405993415e-02
-8.621592295945729179e-02
-8.737065190970308426e-02
-8.847135140596110170e-02
-8.954174726275791751e-02
-9.059100556958876727e-02
-9.163884559243626327e-02
-9.266136537559781228e-02
-9.363707302601151361e-02
-9.460896729303484853e-02
-9.555591411759244147e-02
-9.643892263268021015e-02
-9.732323736324370589e-02
-9.816720393775742182e-02
-9.899424143497888295e-02
-9.977866893217327005e-02
-1.005471959705382667e-01
-1.012929558958547832e-01
-1.020468715622439154e-01
-1.027829524115402571e-01
-1.035018454877268262e-01
-1.042051039305701560e-01
-1.048673062526736671e-01
-1.055114599717100199e-01
-1.061110640115600634e-01
-1.067002291709365364e-01
-1.072538273068526365e-01
-1.078056060289945134e-01
-1.083147413846563545e-01
-1.087680238477526234e-01
-1.091739091913954685e-01
-1.095548148008517880e-01
-1.099023855912420328e-01
-1.102276344843994699e-01
-1.105287313616002132e-01
-1.108001523912653663e-01
-1.110435192721807712e-01
-1.112466051874945877e-01
-1.114087077103393525e-01
-1.115370152392826247e-01
-1.116272159831717542e-01
-1.116832641063650461e-01
-1.117077066644602268e-01
-1.116995053910451452e-01
-1.116586157158277054e-01
-1.115860050408378906e-01
-1.114821958578195021e-01
-1.113517318270188655e-01
-1.111910092187303051e-01
-1.110006143675656975e-01
-1.107786000151479155e-01
-1.105311315261691546e-01
-1.102596994866534008e-01
-1.099680230311761570e-01
-1.096350213155071612e-01
-1.092744589022430629e-01
-1.088735719971531957e-01
-1.084453199977085530e-01
-1.080076811846454182e-01
-1.075559960407106580e-01
-1.070874981859368663e-01
-1.065898367456404316e-01
-1.060847697136620554e-01
-1.055383088382209622e-01
-1.049670304683457539e-01
-1.043542796155269153e-01
-1.036938697754247879e-01
-1.029914156759909466e-01
-1.022592411797191153e-01
-1.015173132482996982e-01
-1.007471124729293899e-01
-9.993428897950508427e-02
-9.907303994947476433e-02
-9.817719336267193009e-02
-9.724011469458507251e-02
-9.627037030110174864e-02
-9.526156206658448200e-02
-9.424985300416297007e-02
-9.320140714791698422e-02
-9.210726182196626866e-02
-9.100268913204008492e-02
-8.989805859270931510e-02
-8.873749020941075483e-02
-8.755942901231439368e-02
-8.634331406593979963e-02
-8.506561247167167272e-02
-8.374798769709887458e-02
-8.239698211149655560e-02
-8.101778052979512201e-02
-7.964886993947691007e-02
-7.823646879562784484e-02
-7.675984212326675271e-02
-7.526108201691363020e-02
-7.374804510562626980e-02
-7.215901112943529094e-02
-7.050509977354667279e-02
-6.883651088763877157e-02
-6.713217213598009214e-02
-6.536951368474434865e-02
-6.356533871519179368e-02
-6.174947669997657429e-02
-5.989138789237657967e-02
-5.801263855377721684e-02
-5.612877497549687705e-02
-4.259321654982446692e-03
-2.375696071145060820e-03
-5.301100460294849975e-04
1.344865885041695089e-03
3.265455642233980847e-03
5.134742801961008317e-03
6.955854066759454765e-03
8.781238575511227454e-03
1.063884722240040527e-02
1.248087376674936189e-02
1.432085650330714582e-02
1.612210042689466230e-02
1.792753870368326077e-02
1.969412443130588719e-02
2.149685206339669447e-02
2.328415020327232257e-02
2.499383361073245768e-02
2.670332928889505505e-02
2.834203962937682439e-02
2.997555419762710019e-02
3.165766263844867201e-02
3.335080182449060016e-02
3.508948329165897939e-02
3.680757886514652438e-02
3.849717855023419844e-02
4.020482654385833243e-02
4.190955573859028727e-02
4.361566232300435886e-02
4.529985802580985960e-02
4.691062151605569774e-02
4.850017934061287561e-02
5.004763285332459316e-02
5.154570882097851692e-02
5.301462386029161256e-02
5.446054324030454030e-02
5.592377646294303950e-02
5.736708728306889188e-02
5.881630069730292565e-02
6.020798760254209014e-02
6.161103358235579808e-02
6.296004162738691456e-02
6.424812021329502632e-02
6.548415870778978576e-02
6.667478224302671175e-02
6.780826316827026634e-02
6.895160354771397160e-02
7.005170651808087512e-02
7.109923432678529054e-02
7.214539842560829808e-02
7.317590222246442289e-02
7.417427833621741129e-02
7.511442763211761964e-02
7.603641510114582391e-02
7.692429991982842330e-02
7.776705630049809970e-02
7.861285618259700181e-02
7.942018828313629486e-02
8.022562757460670324e-02
8.100597849258545091e-02
8.174896588227420491e-02
8.244167285242275101e-02
8.310237220429828042e-02
8.373631743718769338e-02
8.433817965308799958e-02
8.490321526871716373e-02
8.543191499885353923e-02
8.593326928312543245e-02
8.640289250183488812e-02
8.683263566304537384e-02
8.722242919132550121e-02
8.757963891941300538e-02
8.789621011374706971e-02
8.817418260793290219e-02
8.841556497326427677e-02
8.862216513245825544e-02
8.878859601076151409e-02
8.891605474466235393e-02
8.900374023015686364e-02
8.905390973811978805e-02
8.906621996464011981e-02
8.904016882441351255e-02
8.897384514265399558e-02
8.886983731543982024e-02
8.873155472152079171e-02
8.855631508869947488e-02
8.834213306608738880e-02
8.808842838314244472e-02
8.779526078611286921e-02
8.746199437955097522e-02
8.709798254378377236e-02
8.669923365646403646e-02
8.626577977230379113e-02
8.579896340782175446e-02
8.529580710556355916e-02
8.473382162112279292e-02
8.412281866599287394e-02
8.346626768472685531e-02
8.277702621625759871e-02
8.204789320924414653e-02
8.130145451212802965e-02
8.051824897463316644e-02
7.970173928421321607e-02
7.883486016510242445e-02
7.795253746495960090e-02
7.703598964875241206e-02
7.607751564014679502e-02
7.509132750586129668e-02
7.408965669325190406e-02
7.304043428486288458e-02
7.195921522813589211e-02
7.083701900337203983e-02
6.964699421913969624e-02
6.842806216504991601e-02
6.716397111325531077e-02
6.586015958251091595e-02
6.453742083142596786e-02
6.318330572353605956e-02
6.181303725383396896e-02
6.040077608213948596e-02
5.897865211967111970e-02
5.751187360514283670e-02
5.602886364239711980e-02
5.450509266661091035e-02
5.296331236498406925e-02
5.136655323784879157e-02
4.973195195532455898e-02
4.807969173965593451e-02
4.642643255223067450e-02
4.472903061130488467e-02
4.300823891065603394e-02
4.128676956225304367e-02
3.955089194570195199e-02
3.776417199087207799e-02
3.592274143155527177e-02
3.408437206563103006e-02
3.218383978182129401e-02
3.027895324661667581e-02
2.835417432785756683e-02
2.642916703542830953e-02
2.452761720874583468e-02
2.262709652952441669e-02
2.071073046794200123e-02
1.881557771176051511e-02
1.691575820272253963e-02
1.498310551442719879e-02
1.309124999102525763e-02
1.120152726971625559e-02
9.334122542122201549e-03
7.450621453933687667e-03
5.559766761146641215e-03
3.650176507130514000e-03
1.680211933258541008e-03
-3.174499394896193225e-04
-2.313639456172843136e-03
-4.321637370699384952e-03
-6.353548743229795945e-03
-8.391200723986224838e-03
-1.040529000611975681e-02
-1.242994021535097533e-02
-1.446568280154178834e-02
-1.649825474244761073e-02
-1.854700446511992756e-02
-2.057357786240907732e-02
-2.262362717340200835e-02
-2.465192792944411251e-02
-2.671381637384371427e-02
-2.876705439460228511e-02
-3.081184851243372672e-02
-3.287302162318860715e-02
-3.495194911911427005e-02
-3.702968462691242496e-02
-3.914626375776446982e-02
-4.124836373633874315e-02
-4.333414659086353565e-02
-4.543428858364222112e-02
-4.752132138524669397e-02
-4.958386485625869422e-02
-5.161091479791483222e-02
-5.363245657792017895e-02
-5.563003017305648973e-02
-5.761705533128833739e-02
-5.957582304877423462e-02
-6.150361875070266965e-02
-6.338761676186045746e-02
-6.522768773599404990e-02
-6.709104748271119134e-02
-6.897273175829955749e-02
-7.084833301042317566e-02
-7.270476447812265763e-02
-7.453366631431060374e-02
-7.632734244016688152e-02
-7.811285853769035781e-02
-7.989169346713874409e-02
-8.167299133763546160e-02
-8.342631210311068912e-02
-8.518287028834636843e-02
-8.693257180332587819e-02
-8.866057737749934164e-02
-9.037382372126655239e-02
-9.210832944621995255e-02
-9.382008783575519761e-02
-9.550471157054120364e-02
-9.716690805164940326e-02
-9.881137516527814524e-02
-1.004458332323351355e-01
-1.020521125607008750e-01
-1.036363765947473231e-01
-1.052238887554051427e-01
-1.067818310200719795e-01
-1.083391563681445346e-01
-1.098834170263826293e-01
-1.114088821764502302e-01
-1.129018491561650794e-01
-1.143757131686342909e-01
-1.158507715369917063e-01
-1.173329647816134386e-01
-1.187807032363443482e-01
-1.202044655018518343e-01
-1.216279215331176194e-01
-1.230351458764976369e-01
-1.244482426465472052e-01
-1.258433534414281907e-01
-1.272333477227622911e-01
-1.286240666065519012e-01
-1.300338039124006584e-01
-1.314301451069339322e-01
-1.328155820848257174e-01
-1.341770668704715674e-01
-1.355355846327149227e-01
-1.368839484714231003e-01
-1.382125086365310895e-01
-1.395248219410873125e-01
-1.408217414916707044e-01
-1.421142216116037804e-01
-1.433893861455276530e-01
-1.446767986944912932e-01
-1.459637518044880344e-01
-1.472428848092763032e-01
-1.485182300385912979e-01
-1.497907465113405279e-01
-1.510706466248590840e-01
-1.523422800283832923e-01
-1.536106561579642094e-01
-1.548892688924190519e-01
-1.561554704328260712e-01
-1.574201452172605542e-01
-1.586904582024970256e-01
-1.599741679963915530e-01
-1.612605505626350799e-01
-1.625474070451458919e-01
-1.638346513815183147e-01
-1.651222083329768331e-01
-1.664100110808441613e-01
-1.676980027934723838e-01
-1.689861362988222815e-01
-1.702743731441313246e-01
-1.715626779913741740e-01
-1.728510268762025459e-01
-1.741394010703057882e-01
-1.754277859906776260e-01
-1.767161760417036986e-01
-4.000022224787696534e-01
-4.000022382943093646e-01
-4.017426860141188327e-01
-4.034832641008936349e-01
-4.052238277228937258e-01
-4.069643782212472027e-01
-4.087049175252303601e-01
-4.104454476135077634e-01
-4.121859705332753254e-01
-4.139264879491548199e-01
-4.156670029265735478e-01
-4.174075164109169456e-01
-4.191480292080266845e-01
-4.208885420204162564e-01
-4.226290554608688743e-01
-4.243695700625520484e-01
-4.261100862863189676e-01
-4.278506045245069056e-01
-4.295911251101144912e-01
-4.313316483099440268e-01
-4.330721759388710956e-01
-4.348127102774633213e-01
-4.365532491474581334e-01
-4.382937935655383255e-01
-4.400343443467307769e-01
-4.417749020780893376e-01
-4.435154670997575876e-01
-4.452560394927711496e-01
-4.469966190731067823e-01
-4.487372053914457370e-01
-4.504777973915439215e-01
-4.522183948781346441e-01
-4.539589962507958876e-01
-4.556996000911218703e-01
-4.574402045195845590e-01
-4.591808094005647711e-01
-4.609214142082828092e-01
-4.626620184484727671e-01
-4.644026216581031985e-01
-4.661432234068957348e-01
-4.678838233001186842e-01
-4.696244209822309501e-01
-4.713650161410160022e-01
-4.731056085118404697e-01
-4.748437806190506927e-01
-4.765700043730059510e-01
1.999970514366247731e-01
1.999970354175771292e-01
1.976567729855722433e-01
1.953162869625479359e-01
1.929758114507095501e-01
1.906353456408817482e-01
1.882948881773059135e-01
1.859576922739432092e-01
1.836285737332120360e-01
1.812960322768938370e-01
1.789565612744485334e-01
1.766170810789916279e-01
1.742775915619593774e-01
1.719380927225162004e-01
1.695985850191199795e-01
1.672590691746573544e-01
1.649195460364742682e-01
1.625800164799884318e-01
1.602404813460795996e-01
1.579009370036759674e-01
1.555613879407940214e-01
1.532218342145924839e-01
1.508822758384777141e-01
1.485629633292461504e-01
1.462745596748800392e-01
1.440381813374655984e-01
1.418137595614815394e-01
1.395817658714418596e-01
1.373496671860215401e-01
1.350978591862218581e-01
1.328578563912212740e-01
1.306489239463345942e-01
1.284353065630309820e-01
1.261923747586142786e-01
1.239637020673091256e-01
1.217545286837218715e-01
1.195658934814305685e-01
1.174052394820209455e-01
1.152864500528483771e-01
1.131589682663992069e-01
1.110145722417155700e-01
1.088719434794386542e-01
1.067519298692824470e-01
1.046403301803993935e-01
1.025417172019684880e-01
1.004617145248806465e-01
9.840905145215883554e-02
9.638077152284377225e-02
9.436099715606025007e-02
9.233367435832594283e-02
9.031026982468326469e-02
8.831994170227040752e-02
8.636654047268628454e-02
8.443929460274793297e-02
8.251844560615154145e-02
8.060723908452580022e-02
7.870385364262796890e-02
7.682410701634008465e-02
7.494357031761804400e-02
7.307875157413579181e-02
7.121465279858672781e-02
6.937236863826676259e-02
6.753841059701713723e-02
6.574456543169800160e-02
6.394403603204762421e-02
6.216121943700662900e-02
6.036616392930164304e-02
5.859761668328954121e-02
5.684849453583081663e-02
5.511734764878566117e-02
5.337222732784313584e-02
5.163365106179524516e-02
4.988901566071857197e-02
4.815894979763511718e-02
4.643821434577222185e-02
4.472292945785585200e-02
4.302491507916715585e-02
4.134976483336874620e-02
3.970514596825956005e-02
3.808159783378717300e-02
3.647250445946462194e-02
3.488787115988820076e-02
3.331336679916092197e-02
3.175182442483016204e-02
3.020734103049924416e-02
2.871186563653641347e-02
2.721426170748774895e-02
2.573739397710364876e-02
2.428586133603800878e-02
2.284708384740120196e-02
2.141832794282981511e-02
2.000724455773927185e-02
1.862276792046217017e-02
1.726121899275942159e-02
1.591264773857068923e-02
1.459968820485745174e-02
1.329889402436166927e-02
1.202240915094366855e-02
1.076866261244445802e-02
9.527967432436426978e-03
8.306024424469453035e-03
7.121118056005463354e-03
5.955327796194793098e-03
4.814692708398493268e-03
3.682979654392950705e-03
2.588750757522430539e-03
1.521723411669654961e-03
4.696796148737652121e-04
-5.470024084431650236e-04
-1.534286504405929724e-03
-2.482824517103731157e-03
-3.406230613387869251e-03
-4.315241737068912890e-03
-5.201486364354032145e-03
-6.064774845039130891e-03
-6.911889990552678997e-03
-7.747510141036628543e-03
-8.560635074882274459e-03
-9.354494587523683874e-03
-1.013180795050378641e-02
-1.090723583829474909e-02
-1.166950762392720067e-02
-1.241665148038250538e-02
-1.315728386620898874e-02
-1.389282310399081108e-02
-1.461880733193031585e-02
-1.533132210700786924e-02
-1.602208212106292703e-02
-1.666815743508657383e-02
-1.730505859699559695e-02
-1.792441320785274558e-02
-1.853114692115296128e-02
-1.912009812125857813e-02
-1.969792899737280584e-02
-2.026364301099904675e-02
-2.082084199099984434e-02
-2.135882067438696005e-02
-2.188210961150291803e-02
-2.239179350779216260e-02
-2.289086863046477238e-02
-2.337538878668475942e-02
-2.384359396506283840e-02
-2.429895360044043162e-02
-2.474453943765074840e-02
-2.518350137165675101e-02
-2.561286906814310219e-02
-2.603800671385301385e-02
-2.644671671045748657e-02
-2.684401135700267144e-02
-2.722943716905333600e-02
-2.760769416270561494e-02
-2.797621302021004175e-02
-2.833477672903425212e-02
-2.868528068263818606e-02
-2.902707542944325814e-02
-2.936089471939309220e-02
-2.968557053933695844e-02
-3.000322615616559871e-02
-3.031498840015939972e-02
-3.061691198624440224e-02
-3.090775319902712426e-02
-3.118762330178911912e-02
-3.145376073025439589e-02
-3.236941309778197236e-06
-3.252891025859271057e-06
-2.554506123320234891e-03
-5.106019961786925111e-03
-7.657531045251665669e-03
-1.020903941748913316e-02
-1.276054561478521046e-02
-1.531205002801234658e-02
-1.786355291785087646e-02
-2.041505443950805687e-02
-2.296655466343068899e-02
-2.551805446941897773e-02
-2.806955363784118668e-02
-3.062105222565367907e-02
-3.317255026562518361e-02
-3.572404777281391192e-02
-3.827554475019449148e-02
-4.082704119493517358e-02
-4.337853841963239948e-02
-4.593003841076672561e-02
-4.848153792504408810e-02
-5.103303673826498077e-02
-5.358453464289957002e-02
-5.613603145397472877e-02
-5.868752701360901991e-02
-6.123902119431723357e-02
-6.379051390134499178e-02
-6.634200507423684834e-02
-6.889349468772569540e-02
-7.144498275192479042e-02
-7.399646931175628273e-02
-7.654795421742813244e-02
-7.909943806013912393e-02
-8.165092072431785752e-02
-8.420240237394786831e-02
-8.675388319704055440e-02
-8.930536439969465057e-02
-9.185684569877859695e-02
-9.440832713198588078e-02
-9.695980872804753348e-02
-9.951129050846216351e-02
-1.020627724890663807e-01
-1.046142546815775898e-01
-1.071657417216422825e-01
-1.097172293031370288e-01
-1.122687175100045148e-01
-1.148202064158965752e-01
-1.173716960806885506e-01
-1.199231865473780606e-01
-1.224746778393802360e-01
-1.250261699584661323e-01
-1.275776628834972837e-01
-1.301291565699149999e-01
-1.326806509497653330e-01
-1.352321459319745234e-01
-1.377836410192387895e-01
-1.403351368903621443e-01
-1.428866329559402570e-01
-1.454381290364874235e-01
-1.479896249356947857e-01
-1.505411212210079341e-01
-1.530926175783957344e-01
-1.556441139275106522e-01
-1.581956101907118772e-01
-1.607471062936331740e-01
-1.632986021662989617e-01
-1.658500977447676106e-01
-1.684015929731703665e-01
-1.709530924162361576e-01
-1.735045915363192803e-01
-1.760560900835866360e-01
-1.786075878290588337e-01
-1.811590845690866647e-01
-1.837105801289375395e-01
-1.862620743657394107e-01
-1.888135671709778862e-01
-1.913650584724621573e-01
-1.939165482354654746e-01
-1.964680359354866179e-01
-1.990195227267252120e-01
-2.015710080907271440e-01
-2.041224921289810090e-01
-2.066739749725383934e-01
-2.092254567799231857e-01
-2.117769377347352155e-01
-2.143284189386898408e-01
-2.168799002345508931e-01
-2.194313816603523370e-01
-2.219828632443428262e-01
-2.245343450070173275e-01
-2.270858269632234361e-01
-2.296373091242522868e-01
-2.321887960802173911e-01
-2.347402835563665857e-01
-2.372917716397434651e-01
-2.398432604073850449e-01
-2.423947499223711166e-01
-2.449462402307512054e-01
-2.474977313592966466e-01
-2.500492233140294562e-01
-2.526007160792959616e-01
-2.551522096170731335e-01
-2.577037034309187513e-01
-2.602551983616381293e-01
-2.628066938094797411e-01
-2.653581896393322204e-01
-2.679096856937848159e-01
-2.704611817954644115e-01
-2.730126777498758650e-01
-2.755641740206291601e-01
-2.781156703757280968e-01
-2.806671667332145126e-01
-2.832186630134376215e-01
-2.857701591399764984e-01
-2.883216550412021628e-01
-2.908731506522249100e-01
-2.934246459169049248e-01
-2.959761453524950570e-01
-2.985276445031794235e-01
-3.010791431178971300e-01
-3.036306409646603588e-01
-3.061821378355450429e-01
-3.087336335510605378e-01
-3.112851279638078617e-01
-3.138366209613022706e-01
-3.163881124677381251e-01
-3.189396020175900848e-01
-3.214910905123125606e-01
-3.240425775057635405e-01
-3.265940630619982299e-01
-3.291455472770826729e-01
-3.316970302772676016e-01
-3.342485122167979106e-01
-3.367999932753192316e-01
-3.393514744501301972e-01
1.999989644753965845e-01
1.999989490409584403e-01
1.992055507827505401e-01
1.984121138203987222e-01
1.976186632376642216e-01
1.968252003501136937e-01
1.960317263731431170e-01
1.952382428045703056e-01
1.944447513990253118e-01
1.936512541380556729e-01
1.928577531986281068e-01
1.920642509127264974e-01
1.912707486744152086e-01
1.904772472345244161e-01
1.896837472628795651e-01
1.888902493542396477e-01
1.880967540315709730e-01
1.873032617472613626e-01
1.865097728836655200e-01
1.857162877425083125e-01
1.849228078236512529e-01
1.841293348455907974e-01
1.833358703365203513e-01
1.825424155922280578e-01
1.817489716428264401e-01
1.809555392275882801e-01
1.801621187772975141e-01
1.793687104036010282e-01
1.785753138949205121e-01
1.777819287185520292e-01
1.769885541729298017e-01
1.761951888186779058e-01
1.754018313941796969e-01
1.746084802141849857e-01
1.738151333610440941e-01
1.730217887167378732e-01
1.722284441946323186e-01
1.714350990908909966e-01
1.706417527699161663e-01
1.698484046588454865e-01
1.690550542450245386e-01
1.682617010755287357e-01
1.674683447580258000e-01
1.666749849647270465e-01
1.658816210434712335e-01
1.650882511951580756e-01
1.642948737772546297e-01
1.635014873518190748e-01
1.627080907244057573e-01
1.619146829746059835e-01
1.611212634787598796e-01
1.603278319253294837e-01
1.595343883233935889e-01
1.587409330047471201e-01
1.579474666200485211e-01
1.571539902966094526e-01
1.563605048920732321e-01
1.555670121564602659e-01
1.547735138720985615e-01
1.539800120457234522e-01
1.531865088711840683e-01
1.523930058249839681e-01
1.515995035957792281e-01
1.508060028085139448e-01
1.500125040277897615e-01
1.492190077585526797e-01
1.484255144449211639e-01
1.476320244678488713e-01
1.468385381307140969e-01
1.460450567430076341e-01
1.452515820449110096e-01
1.444581155950898921e-01
1.436646587270558051e-01
1.428712125145321921e-01
1.420777777449498680e-01
1.412843549004134391e-01
1.404909441456616004e-01
1.396975453226733388e-01
1.389041582197212132e-01
1.381107814889477592e-01
1.373174143480519749e-01
1.365240554149110552e-01
1.357307030423942906e-01
1.349373553449235152e-01
1.341440102291580061e-01
1.333506654277567260e-01
1.325573201505854948e-01
1.317639737505884590e-01
1.309706256446929729e-01
1.301772753108881853e-01
1.293839222873435224e-01
1.285905661728937166e-01
1.277972066300192555e-01
1.270038431836690851e-01
1.262104740980221351e-01
1.254170977040594270e-01
1.246237125299489851e-01
1.238303173411472169e-01
1.230369111719684383e-01
1.222434933492739934e-01
1.214500635089000441e-01
1.206566216053903684e-01
1.198631681579135078e-01
1.190697031908477393e-01
1.182762279312432191e-01
1.174827435858780134e-01
1.166892516440024147e-01
1.158957538533766929e-01
1.151022521917741820e-01
1.143087488342498514e-01
1.135152454946143780e-01
1.127217428731237675e-01
1.119282416052672785e-01
1.111347422654253708e-01
1.103412453677336258e-01
1.095477513650868345e-01
1.087542606470563861e-01
1.079607735296136128e-01
1.071672910750868651e-01
1.063738150457592818e-01
1.055803470312824122e-01
1.047868884034753867e-01
1.039934402800732627e-01
1.032000034966249064e-01
1.024065785860002603e-01
1.016131657651006825e-01
1.008197651539932960e-01
1.000263758603634201e-01
9.923299740172439320e-02
9.843962872941987297e-02
9.764626850367567890e-02
9.685291511509809548e-02
9.605956671092337473e-02
9.526622122536877735e-02
9.447287640971176181e-02
9.367953122749812789e-02
9.288618502009199362e-02
9.209283719411545666e-02
9.129948721792888189e-02
9.050613462031543988e-02
8.971277899067581219e-02
8.891941998065956698e-02
8.812605724862622447e-02
8.733268915483112516e-02
8.653931400379125116e-02
8.574593028977663123e-02
8.495253673817239337e-02
8.415913233827203299e-02
8.336571636823544851e-02
8.257228841284264265e-02
8.177884860544658296e-02
8.098539662873360800e-02
8.019193333131577339e-02
7.939845957238091112e-02
7.860497651551100196e-02
7.781148561030527822e-02
7.702238813060753586e-02
7.622753559856042249e-02
7.543980956912742231e-02
7.464281988944371227e-02
7.384586862005446117e-02
7.304895689154164429e-02
7.225208334013621947e-02
7.145524512540313289e-02
7.065926774706884905e-02
6.986664710968321090e-02
6.907428068803407595e-02
6.827418504668679444e-02
6.748000561968731104e-02
6.667826389146483401e-02
6.587659494814264438e-02
6.507499565254307172e-02
6.427346089418148334e-02
6.347198339273432688e-02
6.267055661868967120e-02
6.186917364850178652e-02
6.106782783666094699e-02
6.026651296362884463e-02
5.946522329862985456e-02
5.866395360512833418e-02
5.786269911082862066e-02
5.706145545857835982e-02
5.626021865003004441e-02
5.545898498500976409e-02
5.465775215275416044e-02
5.385651872015257552e-02
5.305528357342004925e-02
5.225404585453542056e-02
5.145280490973052484e-02
5.065156024876789342e-02
4.985031151355617807e-02
4.904905845608770187e-02
4.824779970890549774e-02
4.744653363920291883e-02
4.664525879724637503e-02
4.584397395291727600e-02
4.504267812623639899e-02
4.424137061191593667e-02
4.344005099795718305e-02
4.263871917829857583e-02
4.183737536618551550e-02
4.103602006586095502e-02
4.023465411309022632e-02
3.943327863407254663e-02
3.863189503712764067e-02
3.783050499153189916e-02
3.702911040165617063e-02
3.622771337670285113e-02
3.542631612962562904e-02
3.462491939396122181e-02
3.382352382233646398e-02
3.302213000547062766e-02
3.222073847411845160e-02
3.141934969880928741e-02
3.061796408816204115e-02
2.981658198432559151e-02
2.901520389038079323e-02
2.821383161023523212e-02
2.741246679389465479e-02
2.661111088824871448e-02
2.580976509796283069e-02
2.500843035477497839e-02
2.420710729457908883e-02
2.340579624181610488e-02
2.260449720078065022e-02
2.180321001962840996e-02
2.100193372078848139e-02
2.020066755191687879e-02
1.939941027515665675e-02
1.859816037653256801e-02
1.779691609036759825e-02
1.699567542807333895e-02
1.619443621047390175e-02
1.539319686895802494e-02
1.459195672213302493e-02
1.379071515549072473e-02
1.298947161700473793e-02
1.218822561521397223e-02
1.138697671900367955e-02
1.058572455849595903e-02
9.784468833529189405e-03
8.983208371542960799e-03
8.181941430139583540e-03
7.380666439870091008e-03
6.579382048734380185e-03
5.778087157794251950e-03
4.976780948645343795e-03
4.175462903397807526e-03
3.374132817762635992e-03
2.572791045163287226e-03
1.771437463471137175e-03
9.700731367372261498e-04
1.686991221298223605e-04
-6.326832314280173616e-04
-1.434072304827623857e-03
-2.235466235120236404e-03
-3.036862945980388622e-03
-3.838260179957464751e-03
-4.639657029375620148e-03
-5.441052829639098781e-03
-6.242446978177273141e-03
-7.043838932453324805e-03
-7.845228210199978180e-03
-8.646614391073387598e-03
-9.447997119961677390e-03
-1.024937602065010417e-02
-1.105074937741345326e-02
-1.185211551248988547e-02
-1.265347294431232519e-02
-1.345482042797758494e-02
-1.425615698722846117e-02
-1.505748193857611023e-02
-1.585879490803070169e-02
-1.666009563181910375e-02
-1.746138480868860213e-02
-1.826266278338630963e-02
-1.906393045206919434e-02
-1.986518900994744402e-02
-2.066643993214757266e-02
-2.146768494964818377e-02
-2.226892602092729254e-02
-2.307016530062002899e-02
-2.387140459475801946e-02
-2.467264459523712747e-02
-2.547388592605118185e-02
-2.627512914823190368e-02
-2.707637476214362279e-02
-2.787762320794931470e-02
-2.867887486485019843e-02
-2.948013004564046732e-02
-3.028138967868183873e-02
-3.108265552901420120e-02
-3.188392919676431153e-02
-3.268521207119984284e-02
-3.348650529375238327e-02
-3.428780972920710685e-02
-3.508912594440178473e-02
-3.589045419387974084e-02
-3.669179423890996800e-02
-3.749314609865728870e-02
-3.829450884178889347e-02
-3.909588145703104395e-02
-3.989726263854109084e-02
4.000028702531924774e-01
4.000028862907784033e-01
4.022732329629187809e-01
4.045437994429945117e-01
4.068143690353078767e-01
2.000017363006209858e-01
2.013544768782905559e-01
2.027072879208844103e-01
2.038326860083531922e-01
2.076639472067845771e-01
2.086217449808110969e-01
2.095795406018576557e-01
2.105373354191742430e-01
