-2.661286393789988158e-06
-2.677281013256493671e-06
-1.295631519506056442e-03
-9.722687055762794595e-04
-5.974313163820960245e-04
-1.701530082132196098e-04
-1.669961464284708307e-03
-3.452868644415411220e-03
-4.984653733438594060e-03
-6.677923386554103502e-03
-8.386992950445431791e-03
-1.020900594018237136e-02
-1.193689544847311053e-02
-1.363577333045704401e-02
-1.541892800050387660e-02
-1.707231591250978064e-02
-1.876412919713612779e-02
-2.030452917477702443e-02
-2.208290035444518060e-02
-2.393625057389933697e-02
-2.593004726188480671e-02
-2.745478757718909646e-02
-2.883129687207891187e-02
-3.004775003263225261e-02
-3.170036330614306452e-02
-3.236572484241874437e-02
-3.339154079719377360e-02
-3.464411890256971494e-02
-3.511524716983902700e-02
-3.534583763999771255e-02
-3.554442796026201917e-02
-3.572688824171420252e-02
-3.587393384105815736e-02
-3.603660782084416175e-02
-3.625999024374559204e-02
-3.673591841686077442e-02
-3.714766102540566911e-02
-3.767221361593806050e-02
-3.810560813750874659e-02
-3.850725525827411455e-02
-3.890843183673078909e-02
-3.927554058735716058e-02
-3.968361735801755052e-02
-4.000064440595245407e-02
-4.024535164149986577e-02
-4.047803906330969814e-02
-4.060030433319098547e-02
-4.066302244885257322e-02
-4.067938145985998399e-02
-4.067909475419532322e-02
-4.065462439124707672e-02
-4.059909667808116185e-02
-4.054667936569771036e-02
-4.047425659937162884e-02
-4.041592173523735759e-02
-4.037116558242333231e-02
-4.034429250488783675e-02
-4.032240082443812323e-02
-4.030255474464888854e-02
-4.028628577719141346e-02
-4.028324124773315085e-02
-4.029585461153405851e-02
-4.032248477405293852e-02
-4.035558576716281876e-02
-4.037991478929240513e-02
-4.041581517925879607e-02
-4.045395214005391427e-02
-4.044482302730660617e-02
-4.039986790638202402e-02
-4.029537591412261227e-02
-4.005962000008478352e-02
-3.975330622937763708e-02
-3.924643451912021574e-02
-3.855175919145944347e-02
-3.777819743074462000e-02
-3.687213982355622838e-02
-3.588854248111889716e-02
-3.491157525653964394e-02
-3.384575946855521156e-02
-3.269574398646259844e-02
-3.148086255213378842e-02
-3.019680242469899994e-02
-2.888708148732649014e-02
-2.751145433253732869e-02
-2.609885942362723601e-02
-2.463574821316218133e-02
-2.310722469648751609e-02
-2.153596037547806860e-02
-1.994281208453095935e-02
-1.832343243700739616e-02
-1.665613719599070425e-02
-1.496458387157983440e-02
-1.328293895249560083e-02
-1.159626522553962487e-02
-9.859379676667548095e-03
-8.057962343002459879e-03
-6.247133457316584107e-03
-4.462871301827123389e-03
-2.667772495421769693e-03
-8.639015551447995229e-04
9.118638138111269473e-04
2.684710080546083132e-03
4.454219169633144917e-03
6.235513020562853323e-03
8.070640393792854680e-03
9.922226109568756114e-03
1.176634009563283165e-02
1.361406384056502300e-02
1.544453443029357789e-02
1.721619222978627850e-02
1.896396173174055150e-02
2.059927639808694852e-02
2.223425770289634215e-02
2.383368539768477776e-02
2.545259136442810932e-02
2.705924990404854139e-02
2.864450448673027880e-02
3.017172139460867070e-02
3.173063828884258725e-02
3.324141378016161330e-02
3.469515595526349166e-02
3.603624124297073045e-02
3.731195923373341328e-02
3.857625581573931317e-02
3.973982492790952004e-02
4.080861810664455913e-02
4.069419029015688971e-02
3.990910562550309404e-02
3.917475277111670540e-02
3.839291019331744770e-02
3.762686533718574006e-02
3.689087820563642650e-02
3.621808418785443795e-02
3.558690572212467457e-02
3.501904402162919067e-02
3.451134698287641051e-02
3.403249198418285826e-02
3.359701573660849039e-02
3.319900393504070235e-02
3.285395421668630550e-02
3.253612400899952295e-02
3.225894870845263940e-02
3.202404526945217683e-02
3.183712556040384223e-02
3.169457290442586478e-02
3.159138328169906751e-02
3.153520771953912533e-02
3.152797601452792670e-02
3.156666967460528689e-02
3.164776871812901432e-02
3.177106012962523790e-02
3.193010139867979297e-02
3.213177583804031207e-02
3.235729764371676753e-02
3.261740282413592290e-02
3.289766232120494571e-02
3.322276083967302951e-02
3.356666992587119952e-02
3.395956259283183787e-02
3.437262014202272647e-02
3.483298314017199693e-02
3.528202379062969629e-02
3.580244523219312108e-02
3.636682467162615645e-02
3.699086714659717556e-02
3.765263409212538104e-02
3.840251481917752313e-02
3.919442822022045636e-02
4.000734943722998593e-02
4.080272549128916015e-02
4.162316467256819974e-02
4.246853087224470441e-02
4.335831140401998768e-02
4.425564779673186316e-02
4.520153393121277563e-02
4.374527210368767127e-02
4.231437377087254176e-02
4.077181440991912986e-02
3.909685136316738002e-02
3.738591967467971844e-02
3.561993840281454937e-02
3.417761139500120199e-02
3.252047210300224034e-02
3.087198716473666185e-02
2.945319263098155477e-02
2.795207550011036962e-02
2.667509695685189169e-02
2.532043757688876365e-02
2.396782496853613539e-02
2.306221338002505464e-02
2.231032117185731065e-02
2.168707076968296593e-02
2.112022809140399332e-02
2.047709117610897397e-02
1.967347467347075121e-02
1.921664822579450399e-02
-2.000012108880701023e-01
-2.005560422688383582e-01
-2.002931024783592695e-01
-1.999859255530424540e-01
-1.996615454624396380e-01
-1.993346188691863807e-01
-1.989929636025687676e-01
-1.986526425095463955e-01
-1.983019241757776330e-01
-1.979153142209600091e-01
-1.974703914317339770e-01
-1.969900632496595638e-01
-1.964984021446813944e-01
-1.960037570290282805e-01
-1.955090540400938326e-01
-1.950222571771889624e-01
-1.945498809630785142e-01
-1.940586205408727227e-01
-1.936343683843048946e-01
-1.932249479961399286e-01
-1.927939532709064263e-01
-1.923640400539190776e-01
-1.919255919402206856e-01
-1.915591888464253101e-01
-1.911850243302492813e-01
-1.908385029023342561e-01
-1.905138151668250013e-01
-1.902611010884809328e-01
-1.899538701248689176e-01
-1.896321814487233470e-01
-1.893268153210846405e-01
-1.890519936889675789e-01
-1.888479739969829152e-01
-1.886706635005190313e-01
-1.885020883528057134e-01
-1.883597264096445734e-01
-1.881894081021560639e-01
-1.880005119524727208e-01
-1.878200348833391486e-01
-1.876043242363435171e-01
-1.873658126780069211e-01
-1.871467259931134663e-01
-1.869785874150290406e-01
-1.867843033745771597e-01
-1.865335882934722189e-01
-1.861865895544093097e-01
-1.858585893531904121e-01
-1.855448951941855440e-01
-1.852052915347923712e-01
-1.848651694613755725e-01
-1.845306408467570491e-01
-1.842111128977682866e-01
-1.839786669023173726e-01
-1.837444048493467597e-01
-1.835222005857797822e-01
-1.832375037902674031e-01
-1.830381603570034044e-01
-1.828341062323757260e-01
-1.826402369510436718e-01
-1.824708705136398323e-01
-1.822400103517038683e-01
-1.839185283257913639e-01
-1.853924526169032638e-01
-1.868590028479105436e-01
-1.880329710416314415e-01
-1.894442380010765981e-01
-1.911086115374276140e-01
-1.926297751248961243e-01
-1.940758887626432561e-01
-1.953068186432093400e-01
-1.968044320735689579e-01
-1.984722404846823995e-01
-2.001723162144143364e-01
-2.011763979716771344e-01
-2.023046050363376813e-01
-2.033303200807338729e-01
-2.042221175113020093e-01
-2.052489905738619780e-01
-2.063228582374267428e-01
-2.072114521714892299e-01
-2.080486039426930889e-01
-2.091323979492246687e-01
-2.097031616980653268e-01
-2.103615581763355891e-01
-2.108251778988008973e-01
-2.113214511087742054e-01
-2.116423901440945554e-01
-2.118217886628416813e-01
-2.119198324368477548e-01
-2.119544730796638354e-01
-2.120183860553088440e-01
-2.120698637248423779e-01
-2.120995187256300429e-01
-2.121259664818503643e-01
-2.121434524884551476e-01
-2.121524928532883270e-01
-2.121545743723677047e-01
-2.121224869912706201e-01
-2.120658551907019240e-01
-2.119728914005772624e-01
-2.118456920969105650e-01
-2.116616459342430534e-01
-2.114292746378543808e-01
-2.111597461969081657e-01
-2.108635885934073417e-01
-2.105151972513186476e-01
-2.101332655539275562e-01
-2.098180712401447878e-01
-2.095414718712548807e-01
-2.092237101614730921e-01
-2.088936589319425885e-01
-2.085482631125043229e-01
-2.082728830080533555e-01
-2.079350169724690500e-01
-2.074700958703460385e-01
-2.069843204256688607e-01
-2.064230519762730587e-01
-2.057659502757370751e-01
-2.050262185869593246e-01
-2.042334773935221004e-01
-2.033379081038142189e-01
-2.022861427805940082e-01
-2.011416839478036567e-01
-1.999942293872051524e-01
-1.987517512743380843e-01
-1.974591468678089101e-01
-1.961324057319245584e-01
-1.947100565138065453e-01
-1.933542213517898956e-01
-1.919751767763976380e-01
-1.907383897711131815e-01
-1.897321665403433055e-01
-1.886669718420086184e-01
-1.872230043979125347e-01
-1.856867438892531308e-01
-1.841229762518806212e-01
-1.825255168391415050e-01
-1.808975114598443956e-01
-1.792581804945062307e-01
-1.775940197430012912e-01
-1.758681348474356032e-01
-1.741577419487308487e-01
-1.723996694242383720e-01
-1.706542069787025662e-01
-1.689393516853037736e-01
-1.671888131056109006e-01
-1.654708863243816719e-01
-1.637658342271972600e-01
-1.620006053665870582e-01
-1.602538985131387039e-01
-1.584946154527406559e-01
-1.567131517194368939e-01
-1.549184278454850683e-01
-1.531539488377948455e-01
-1.513608906375919771e-01
-1.495704234261866217e-01
-1.477893587595455471e-01
-1.460366299255514422e-01
-1.442987675106007783e-01
-1.425879846487575764e-01
-1.408533533823381478e-01
-1.391473197802662320e-01
-1.374388731755034065e-01
-1.357519164430929515e-01
-1.340709791436949516e-01
-1.323991432257862477e-01
-1.307238352709303997e-01
-1.290669706312954079e-01
-1.274192723935055338e-01
-1.257610812875202544e-01
-1.241238332431628261e-01
-1.224570558729763392e-01
-1.207717319531068367e-01
-1.190829509876783765e-01
-1.174313179319381728e-01
-1.157654513043911704e-01
-1.141243158046860440e-01
-1.124851968849149009e-01
-1.108783968709779882e-01
-1.092620438076953165e-01
-1.076554286630870549e-01
-1.060560041098538159e-01
-1.044370773158197763e-01
-1.028318770835730533e-01
-1.012594316517440168e-01
-9.968178107248290565e-02
-9.812746655949070029e-02
-9.655656940314377712e-02
-9.500221315865983729e-02
-9.344491481557742896e-02
-9.188077565081563536e-02
-9.029927475940788262e-02
-8.871265828718233326e-02
-8.714804283144361730e-02
-8.558325941376737633e-02
-8.402149372670150718e-02
-8.244570016858288053e-02
-8.088858517236297008e-02
-7.936991302822539451e-02
-7.785894959103112356e-02
-7.636346874381441663e-02
-7.490014216971288552e-02
-7.344121934063346790e-02
-7.199097596806877664e-02
-7.057912672841511192e-02
-6.921016392226018998e-02
-6.787327179816816936e-02
-6.655751103865124862e-02
-6.559563079300011201e-02
-6.438334594616725026e-02
-6.325805078119409175e-02
-6.217619395411545791e-02
-6.130828217532874325e-02
-6.041329593354365785e-02
-5.997997906910218502e-02
-5.972023214775380034e-02
-5.955795351673598415e-02
-5.945259691891873616e-02
-5.929022986222890618e-02
-5.922122722672053946e-02
-5.917940134425030141e-02
-5.912858307361232996e-02
-5.908934336298553996e-02
-5.904197201798356415e-02
-5.900557375633701945e-02
-5.898045068613168296e-02
-5.896464377067880958e-02
-5.896399607894416833e-02
-5.898173910924479207e-02
-5.900674832766233946e-02
-5.904383385170021425e-02
-5.909130929457587916e-02
-5.917144694002030719e-02
-5.925618307667658569e-02
-5.936650847924795915e-02
-5.948887904286768308e-02
-5.961655095126799225e-02
-5.975254621770333119e-02
-5.992044346005210437e-02
-6.010781744119425563e-02
-6.033194125878321018e-02
-6.057120361268225617e-02
-6.080720314402301985e-02
-6.105211306470482296e-02
-6.133376575105790179e-02
-6.161262639245139450e-02
-6.192409603623048181e-02
-6.223374727520853550e-02
-6.248016514351820844e-02
-6.278554708205512369e-02
-6.308214704827456998e-02
-6.333159515582237331e-02
-6.357622253243522259e-02
-6.381874585703360692e-02
-6.400538865607213745e-02
-6.418582032773262336e-02
-6.437087817852847615e-02
-6.457384858351822299e-02
-6.477480028597056017e-02
-6.500719005308082388e-02
-6.529254225262849654e-02
-6.561790847884493849e-02
-6.591163748009026824e-02
-6.618765144334146089e-02
-6.645242440010831753e-02
-6.875815921029013178e-02
-7.119077517949906619e-02
-7.341250429812298806e-02
-7.578689684547294803e-02
-7.795326282290594710e-02
-8.031537447916617389e-02
-8.249955943749945342e-02
-8.488249955576000760e-02
-8.722856123642906689e-02
-8.956084288485666178e-02
-9.180514001203168850e-02
-9.410792144639978929e-02
-9.643901616176919767e-02
-9.873169337406405288e-02
-1.009061520356639291e-01
-1.030915454278400062e-01
-1.048997589856239115e-01
-1.066829804698692374e-01
-1.086110165882877288e-01
-1.106901938863547458e-01
-1.125797367251677311e-01
-1.143306037691547011e-01
-1.163046023032785481e-01
-1.179178237063269186e-01
-1.190475106055593479e-01
-1.206829337386877421e-01
-1.219728965407658877e-01
-1.235651030233028691e-01
-1.251090444122695267e-01
-1.266929163080112442e-01
-1.275716433993795140e-01
-1.284279420703545449e-01
-1.297999521385135580e-01
-1.309141393544453191e-01
-1.316498608464921338e-01
-1.323672154174041493e-01
-1.331991029683929073e-01
-1.337872433903383174e-01
-1.342350551321215557e-01
-1.346816435920342170e-01
-1.350836716049493569e-01
-1.354507875979440723e-01
-1.357362358486214338e-01
-1.360128898412368559e-01
-1.362771888570268597e-01
-1.365205930846998816e-01
-1.367662483949362850e-01
-1.369653686168600670e-01
-1.371588593818372503e-01
-1.373527232917158836e-01
-1.375098519282694221e-01
-1.376505439987411594e-01
-1.377727345404374804e-01
-1.378624676529337234e-01
-1.379219890390181447e-01
-1.379383707607846066e-01
-1.379204991068771480e-01
-1.378677607310789532e-01
-1.377848644751731300e-01
-1.376720349926500164e-01
-1.375323386293805239e-01
-1.373805282622669877e-01
-1.372262360665851832e-01
-1.370717415868088207e-01
-1.369278159472243628e-01
-1.367810437756243058e-01
-1.366246164819255871e-01
-1.364708203664482256e-01
-1.362993442977628589e-01
-1.361551727582424043e-01
-1.360190791456729609e-01
-1.358764791548513484e-01
-1.357003318807437353e-01
-1.355201754692341720e-01
-1.353590084639525182e-01
-1.352018394226274511e-01
-1.350144415938541731e-01
-1.348036109780655079e-01
-1.344812288395703659e-01
-1.340831220027000059e-01
-1.337123797264314351e-01
-1.330562794927647174e-01
-1.321909625974718172e-01
-1.310795252176937820e-01
-1.295847088484120835e-01
-1.277813925112182003e-01
-1.258528652874522646e-01
-1.238740226403597239e-01
-1.217400903066085810e-01
-1.195145391615394237e-01
-1.172824420281357027e-01
-1.149861509536369564e-01
-1.126303323418153951e-01
-1.102373164211432888e-01
-1.077891108189205777e-01
-1.053309983658556881e-01
-1.028563994911509127e-01
-1.004209632504271810e-01
-9.797200124023650036e-02
-9.552031578240122167e-02
-9.302971659038887509e-02
-9.057016133108498901e-02
-8.809814274793706379e-02
-8.565140788113165260e-02
-8.317308206059279008e-02
-8.074083158506223379e-02
-7.827804321055548131e-02
-7.581497370202516795e-02
-7.337657217224159700e-02
-7.093871156875161677e-02
-6.850453902808352480e-02
-6.609068486810290577e-02
-6.367403584260523941e-02
-6.125389501922020447e-02
-5.880676565923754345e-02
-5.638661989070602176e-02
-5.394055540308406033e-02
-5.150407872160049638e-02
-4.904417631114108694e-02
-4.660772636935947566e-02
-4.418483104582459492e-02
-4.176320550575654544e-02
-3.930923305512388360e-02
-3.685343382351873726e-02
-3.444284925942352193e-02
-3.202358923346196318e-02
-2.959463841007665269e-02
-2.715991078477987195e-02
-2.476107150792141234e-02
-2.238720097985665361e-02
-1.997574055965188611e-02
-1.756613567573719545e-02
-1.517101884979680550e-02
-1.275362732714417462e-02
-1.034773455187916469e-02
-7.968413455957955999e-03
-5.618771392791203044e-03
-3.281980269288207932e-03
-9.458649995828160781e-04
1.394548900568965116e-03
3.739110152361967143e-03
6.038759415486650607e-03
8.354811666147279881e-03
1.065412580646480332e-02
1.294624104484962297e-02
1.523538126369471807e-02
1.754030660742958783e-02
1.984400478194303999e-02
2.207373222172688901e-02
2.427137391122732163e-02
2.649442611495785721e-02
2.874907997625784223e-02
3.097327987587885842e-02
3.321549064978392835e-02
3.547538822446760082e-02
3.772834520165682659e-02
3.994403649377541166e-02
4.211625084807513880e-02
4.421406398193684917e-02
4.631596950603931312e-02
4.845222355005256165e-02
5.056231876448999407e-02
5.271815707718889576e-02
5.489662649966383506e-02
5.710042120338858218e-02
5.927671466722299332e-02
6.140269809917946880e-02
6.353556914336727646e-02
6.564430964638816313e-02
6.772602088617821203e-02
6.976684570776205130e-02
7.176549171671713079e-02
7.374248125698174006e-02
7.574735175666322262e-02
7.774383379112539960e-02
7.974418165635627220e-02
8.174661003065078480e-02
8.372867433777272939e-02
8.566497410744650098e-02
8.761157596831845029e-02
8.952468802407574644e-02
