3.999998852612215994e-01
3.999998772000462055e-01
3.999462877344511780e-01
3.998976773186119771e-01
3.998120887558781478e-01
3.996915997337888160e-01
3.995564211199574833e-01
3.993926506153283040e-01
3.992585477421229379e-01
3.991087474312171590e-01
3.989786756491356390e-01
3.988706004316324161e-01
3.988076407193678619e-01
3.987697896103274964e-01
3.987333057650813695e-01
3.987340249242000145e-01
3.987301204378657649e-01
3.987447291440530117e-01
3.987868122800544701e-01
3.988358410614038507e-01
3.988879635964555082e-01
3.989738279047377323e-01
3.991087756084254479e-01
3.992551384672353709e-01
3.994244759762442532e-01
3.994946630788575037e-01
3.996031825145477390e-01
3.995473565999914656e-01
3.992743444516558826e-01
3.987852295179244444e-01
3.979575751512328674e-01
3.969053105296193595e-01
3.955628764541171960e-01
3.941226857564684161e-01
3.925907633190219292e-01
3.910538999388403214e-01
3.895033664715862320e-01
3.879267578370672598e-01
3.863580543458158822e-01
3.847983247576468036e-01
3.832453103657343374e-01
3.817058531874008009e-01
3.801410294556306080e-01
3.785884517759781631e-01
3.770073500451591175e-01
3.753532748305864475e-01
3.736839099385953489e-01
3.720672056056474886e-01
3.704888006338925566e-01
3.689337675011415407e-01
3.673949073938451715e-01
3.658644822747961212e-01
3.644007079052253850e-01
3.630023236218598015e-01
3.616907781290113477e-01
3.604803206477615873e-01
3.593358784853240562e-01
3.582297308295539495e-01
3.571833737970411815e-01
3.561490721437906015e-01
3.551306295205417518e-01
3.541274217221488940e-01
3.531574546208524623e-01
3.522281653500735632e-01
3.513345419882430987e-01
3.504683651981140291e-01
3.495893249158580351e-01
3.486928788708740234e-01
3.478007516638585983e-01
3.469471512601231544e-01
3.461033510278370140e-01
3.452878352895631942e-01
3.445287967193604306e-01
3.438273005713106123e-01
3.431578954245561586e-01
3.425103191355318155e-01
3.419344642968194514e-01
3.414093217558151205e-01
3.409124601006389699e-01
3.404574638631759353e-01
3.400468164723532971e-01
3.396874595946807740e-01
3.393397642857765018e-01
3.390194360813514884e-01
3.387214148191567409e-01
3.384708297749226547e-01
3.382576209308187920e-01
3.380761532232233746e-01
3.379246849801246788e-01
3.378075404039837526e-01
3.377281957654936217e-01
3.376849102157585825e-01
3.376780198972361147e-01
3.377069408794356464e-01
3.377732363754398226e-01
3.378728227364299341e-01
3.380005444534542880e-01
3.381541296087071102e-01
3.382947872444252435e-01
3.383962419387522291e-01
3.383832794692913648e-01
3.382759529305927049e-01
3.381269238821997813e-01
3.379418237823340609e-01
3.377299478835998903e-01
3.374842831171149804e-01
3.371945864590635278e-01
3.368572111609163255e-01
3.364991870690877129e-01
3.360837730371723509e-01
3.356599132782848716e-01
3.352314123605333318e-01
3.347461084409883436e-01
3.342277562697911208e-01
3.337013176241860890e-01
3.331562319002767114e-01
3.325736471564670893e-01
3.319329438515479791e-01
3.312708889490733610e-01
3.306241780326920621e-01
3.299477383803111619e-01
3.292111539405160325e-01
3.285178555906250186e-01
3.277806881671569417e-01
3.270478540635710640e-01
3.263733429245529449e-01
3.256889246896313983e-01
3.249542170214028691e-01
3.242119546828894916e-01
3.235004093672153580e-01
3.227383497037427662e-01
3.219800063909759591e-01
3.212302615675011186e-01
3.204493744533633559e-01
3.197244080993220106e-01
3.189807899137483971e-01
3.182741221535979048e-01
3.175987993002678533e-01
3.169232051731571409e-01
3.163137215015892068e-01
3.157138412576840913e-01
3.152073007564120122e-01
3.147266382275146768e-01
3.142298797672177235e-01
3.137253511446293497e-01
3.132719740201913572e-01
3.128816541846113353e-01
3.124973493483026998e-01
3.140502039490674635e-01
3.155997723908745556e-01
3.171610947695980842e-01
3.186488726392601167e-01
3.201209445446731583e-01
3.215355877735165402e-01
3.229609795242471826e-01
3.243774471979958274e-01
3.257010666674491350e-01
3.270046626238038989e-01
3.282755953387486159e-01
3.295440259345244760e-01
3.308047829293647712e-01
3.320435531053838596e-01
3.332029721842683645e-01
3.343481923760863728e-01
3.354828611001742233e-01
3.365630954172771361e-01
3.376293241872299067e-01
3.385770342223391460e-01
3.395477096913712689e-01
3.402955717526328083e-01
3.410478064001627452e-01
3.416905513166344499e-01
3.423365430900737194e-01
3.428460007955967948e-01
3.433167065947874130e-01
3.436062939231244173e-01
3.439555814350273022e-01
3.441947703474727560e-01
3.443529077488189927e-01
3.444072998802794605e-01
3.444230469735861111e-01
3.444212674263675833e-01
3.444006761815883166e-01
3.443696224728223787e-01
3.443429027542225240e-01
3.443136124099422379e-01
3.442514761527517009e-01
3.441827587262015764e-01
3.441539848634124765e-01
3.441835371337234606e-01
3.442165681652328835e-01
3.442634755375794664e-01
3.443751156649547118e-01
3.446071618631499356e-01
3.449078853474207285e-01
3.452573517986934903e-01
3.456448633866883169e-01
3.460858441403371621e-01
3.465362954724446332e-01
3.470578004698414154e-01
3.476529651478807992e-01
3.482699300961861200e-01
3.488218838103731012e-01
3.492167361951409310e-01
3.494511735549002407e-01
3.493177033296470113e-01
3.489043259116137441e-01
3.480915035550373182e-01
3.471378607459622567e-01
3.460280031449386451e-01
3.448359080069957061e-01
3.435600869648632316e-01
3.422615644528930745e-01
3.409702161751654304e-01
3.396570976323334268e-01
3.383308192493843514e-01
3.370713332375814275e-01
3.358286064376573843e-01
3.345307770764852084e-01
3.332784952871602480e-01
3.320857790290610567e-01
3.309020100105574125e-01
3.297955246825365339e-01
3.287292278655690736e-01
3.276406770054438589e-01
3.265624240472059792e-01
3.254410528787862189e-01
3.243046873910012118e-01
3.231004515233228402e-01
3.219577689610980675e-01
3.209252500029841082e-01
3.198645082497941217e-01
3.187971663264650979e-01
3.177853604765414897e-01
3.167511773169479627e-01
3.157963076129206015e-01
3.149314745909709834e-01
3.140668605662332302e-01
3.132311387172729833e-01
3.123979759654539334e-01
3.115545386648364556e-01
3.107044620633225840e-01
3.098427104516432995e-01
3.089794610487192617e-01
3.080650906091057517e-01
3.071504928245029076e-01
3.062376576246537696e-01
3.053568849050720124e-01
3.044908281553900253e-01
3.036625692404939514e-01
3.028516089225081198e-01
3.020464402943105475e-01
3.012690908269379242e-01
3.005321090400373540e-01
2.998202931457083498e-01
2.991486162510112456e-01
