-1.566236091284803906e-06
-1.581861567706105800e-06
-7.384815291252330282e-04
-4.756434284292456252e-04
-1.247590640682107817e-04
2.665951655981964557e-04
6.645070189587444585e-04
1.056880884923128974e-03
1.435743651310165264e-03
1.796333264104563090e-03
2.178476225429634098e-03
2.599162777230060173e-03
2.987674341415644946e-03
3.388023172193827329e-03
3.762972340943941327e-03
4.123826107709773967e-03
4.541630708392918603e-03
4.912342103197409049e-03
5.254181143529592854e-03
5.584085035212040665e-03
5.856170459639838295e-03
6.099382408910381664e-03
6.392930423253735672e-03
6.644839842272766764e-03
6.867068691732770500e-03
7.069214255516956431e-03
7.290056250560237976e-03
7.572966035370893266e-03
7.825626629405790097e-03
8.121999851772228676e-03
8.407710121099870246e-03
8.700527240589440298e-03
8.948538416926020422e-03
9.107055238357532681e-03
9.290282842282360579e-03
9.439091648577917215e-03
9.615229381469031153e-03
9.805275372816920146e-03
9.995971208642579972e-03
1.016268533937738153e-02
1.039874709188886963e-02
1.067546944150499222e-02
1.096416182041447598e-02
1.128407268137644227e-02
1.165663857278249199e-02
1.202379322063194637e-02
1.246227503696574999e-02
1.287952839401486534e-02
1.335237783153071442e-02
1.386892108338459370e-02
1.440644929873122378e-02
1.498141134211047887e-02
1.550120930245557985e-02
1.596032173457258979e-02
1.644282750599392051e-02
1.688844823385035956e-02
1.735160583232702933e-02
1.782555657040236705e-02
1.820918215163121190e-02
1.860276597659182504e-02
1.901817226660013072e-02
1.938082434965467463e-02
1.969349282077167279e-02
2.000314490928463071e-02
2.029734512435835483e-02
2.055595527082397164e-02
2.079534101989021291e-02
2.104924865349481339e-02
2.125066623049441314e-02
2.145212616209186615e-02
2.164557374234823625e-02
2.185350343725026706e-02
2.202725192896110018e-02
2.215530205005740785e-02
2.229711365092706954e-02
2.121541421136310598e-02
2.015317006344253051e-02
1.913658767780947526e-02
1.815452419095060776e-02
1.717011659173309571e-02
1.619352854754341556e-02
1.524538082107142895e-02
1.430590224463492745e-02
1.338022508696534892e-02
1.247457176069685300e-02
1.158712613657693694e-02
1.074069449050086243e-02
9.911473356573071922e-03
9.103063132294938672e-03
8.323396630746500435e-03
7.552839495210489362e-03
6.808898654115432686e-03
6.096079062968400367e-03
5.426898141551973580e-03
4.793670834378920866e-03
4.174130214961731429e-03
3.589176802776332734e-03
3.015472005653506687e-03
2.467471092823489073e-03
1.915088312740769816e-03
1.386943575739727017e-03
8.646717915356386987e-04
3.606593583803590166e-04
-1.331790918093436358e-04
-6.103328807657707519e-04
-1.058638971323861821e-03
-1.487233997995576719e-03
-1.898095391896323803e-03
-2.285844998888790242e-03
-2.653329658231407592e-03
-3.004282569006189434e-03
-3.332934827966145801e-03
-3.622709689672571221e-03
-3.881571407567795812e-03
-4.111937942084760433e-03
-4.314319565649177290e-03
-4.494679860414279443e-03
-4.647979029715471402e-03
-4.780327311078918714e-03
-4.891682776348533698e-03
-4.982905539639286528e-03
-5.054447348696917801e-03
-5.106820086818733388e-03
-5.140670326057909800e-03
-5.156132502476834349e-03
-5.153289671841353517e-03
-5.132273439840461492e-03
-5.094190441998805788e-03
-5.041401076587154195e-03
-4.972234686107962834e-03
-4.886405052545435800e-03
-4.780982318058564322e-03
-4.653728318104764956e-03
-4.504295901163481684e-03
-4.333222695802384748e-03
-4.147511594455986599e-03
-3.937185197748153086e-03
-3.709149828153487753e-03
-3.453558704422066052e-03
-3.174403863972928910e-03
-2.867032431843359076e-03
-2.529847051193508632e-03
-2.177634244970818710e-03
-1.805429250896888440e-03
-1.418202643407053031e-03
-1.010053842657254427e-03
-5.698863600806954293e-04
-9.540744609893002945e-05
4.084568768355619156e-04
9.253459232939917692e-04
1.448685185902227760e-03
1.994180035247357895e-03
2.552540060371945134e-03
3.126566149646765359e-03
3.722118266661679237e-03
4.334927308764752185e-03
5.000160073015475631e-03
5.678517090049076815e-03
6.366802301713815788e-03
7.097744847005516521e-03
7.850724670935369659e-03
8.648636458274235744e-03
9.475107305096621552e-03
1.032297884993098325e-02
1.118528038747011906e-02
1.207635767114864297e-02
1.300513093315927050e-02
1.397175547997837018e-02
1.498420793016018090e-02
1.601911251132700012e-02
1.705923983885061779e-02
1.811318639527358804e-02
1.923056317141139462e-02
2.037631409383515446e-02
2.154893555594124960e-02
2.273183732814017602e-02
2.393585812630655285e-02
2.515905688316550162e-02
2.635965007771649479e-02
2.758335756184405324e-02
2.881087778953624057e-02
3.003901489568372093e-02
3.127728028372216834e-02
3.252444923471060900e-02
3.381331935560721175e-02
3.510424158325664568e-02
3.648537971803614971e-02
3.792996219370721456e-02
3.942479916429587894e-02
4.094756607881827604e-02
4.248184520049447938e-02
4.404854577567268031e-02
4.562814178983952418e-02
4.720596541400053775e-02
4.881276519737295233e-02
5.045287744902384602e-02
5.212710339191274633e-02
5.382728558644223060e-02
5.551779269104714643e-02
5.719105561201360405e-02
5.886758853256089663e-02
6.057301977675595694e-02
6.230224806290168144e-02
6.405107454198219474e-02
6.578930099147178856e-02
6.754141120026915801e-02
6.930998548247718771e-02
7.111220043672808466e-02
7.291196652773801468e-02
7.469450354835897865e-02
7.655361161691430494e-02
7.827635449693161329e-02
8.014478152502202413e-02
8.179462919590153869e-02
8.333282388009560782e-02
8.428346208951492669e-02
8.424580341071201406e-02
8.416112051706065023e-02
-2.003666647944243873e-01
-2.003144493819881133e-01
-2.002241314994839538e-01
-2.001322301421136762e-01
-1.999929086158090119e-01
-1.998682348571964029e-01
-1.997389553111668381e-01
-1.995982190264105338e-01
-1.994354342949920533e-01
-1.992819446913754455e-01
-1.990987053900938053e-01
-1.989322079700799606e-01
-1.987767617349187055e-01
-1.986054953883432672e-01
-1.983962571159076371e-01
-1.981682759392695004e-01
-1.979305592963024329e-01
-1.977510350143688034e-01
-1.975951778927601821e-01
-1.974485297385199789e-01
-1.973088049701714197e-01
-1.971434577601103855e-01
-1.969617395948217442e-01
-1.967573495160828689e-01
-1.965614054861428428e-01
-1.963121662345850005e-01
-1.960622125849555974e-01
-1.957510347542181506e-01
-1.954634425354853100e-01
-1.951641679775407423e-01
-1.948490817033083355e-01
-1.945310767163211108e-01
-1.942272506365846640e-01
-1.938710208186217865e-01
-1.935360489572589549e-01
-1.932149570319567355e-01
-1.928907549930196086e-01
-1.926309939262689785e-01
-1.923509211840290500e-01
4.041719180856201410e-01
3.999985830712822765e-01
3.992002612666494255e-01
3.984117813062578728e-01
3.976709527829220825e-01
3.969625825304249345e-01
3.962943611019048018e-01
3.956512360430715081e-01
3.950388773153045707e-01
3.944587657118892032e-01
3.939198100194479801e-01
3.934141090107002858e-01
3.929342595835792484e-01
3.924925831778022234e-01
3.920860879884885963e-01
3.917197447198000337e-01
3.913947671886494062e-01
3.911029695587652788e-01
3.908489943787979981e-01
3.906296532674592981e-01
3.904470151586288962e-01
3.903012787422686092e-01
3.901900523706336998e-01
3.901138369167347353e-01
3.900724768114349206e-01
3.900654146220094987e-01
3.900918795345462708e-01
3.901509789927081751e-01
3.902427939252849365e-01
3.903645335307374120e-01
3.905142562039854437e-01
3.906875412478634790e-01
3.908825173108698703e-01
3.910989134663883093e-01
3.913280879279421587e-01
3.915746825049060131e-01
3.918359784442491667e-01
3.921163750666354919e-01
3.924130333323982978e-01
3.927330111788605027e-01
3.930751474219422725e-01
3.934294323255211889e-01
3.938024761166149523e-01
3.941907893637707772e-01
