2.000030856195155193e-01
2.000031016523584892e-01
2.014811340746170132e-01
2.008494507261182338e-01
2.001228041468390562e-01
1.993706125798944406e-01
1.986478657018377059e-01
1.978616956877507493e-01
1.970715605975233153e-01
1.963009641668471139e-01
1.954993493065481924e-01
1.947856889137415115e-01
1.940129965626283814e-01
1.932841343983330018e-01
1.925888038786981449e-01
1.919199749184770654e-01
1.912843596743177277e-01
1.905949606825168285e-01
1.898826557686943695e-01
1.891905393716803441e-01
1.885071923859399645e-01
1.878158910903285350e-01
1.870916672034930173e-01
1.864056784324443772e-01
1.857194092005209629e-01
1.850607092249713648e-01
1.844076515520335913e-01
1.838166808255040363e-01
1.832290967723718411e-01
1.826821800551874098e-01
1.821620373417654759e-01
1.816572865516871971e-01
1.811712196328793267e-01
1.807235440319856501e-01
1.802430985023742993e-01
1.798102874246260696e-01
1.794185607256069681e-01
1.790571084150154590e-01
1.787294270666587026e-01
1.784589292822416629e-01
1.782105877442521635e-01
1.780127477236463640e-01
1.778462875216013650e-01
1.777276181137480149e-01
1.776508335008433470e-01
1.776219403325063895e-01
1.776454901684313969e-01
1.777183574440291680e-01
1.778395742439373428e-01
1.780112748692045110e-01
1.782242841636130226e-01
1.782737716572417308e-01
1.782963452259352655e-01
1.783764581553365924e-01
1.785976070731894461e-01
1.788309145447488924e-01
1.790643014357339580e-01
1.793516700607073744e-01
1.796863585854024392e-01
1.800198945795837002e-01
1.803290901314716366e-01
1.806359259184278920e-01
1.808348619186011808e-01
1.811005019851234243e-01
1.814216198688089476e-01
1.816990380925018467e-01
1.821902332838311045e-01
1.827485451672662964e-01
1.835279636921471058e-01
1.843652983426848635e-01
1.851684306840687966e-01
1.860366538903143185e-01
1.869141212000414443e-01
1.878475142466006775e-01
1.887824623303104854e-01
1.897538452824855670e-01
1.907597962995168928e-01
1.917848672069556448e-01
1.927737810075906832e-01
1.937797138898132154e-01
1.947991582569932323e-01
1.957899786607159021e-01
1.968061363081885784e-01
1.978189876097536104e-01
1.988697865691873290e-01
1.998699152820957725e-01
2.008482978943503805e-01
2.018202914966210626e-01
2.027862441858546694e-01
2.037084422332137712e-01
2.046075014084652033e-01
2.055155895978581782e-01
2.064319253899626061e-01
2.073385616407155407e-01
2.082438126992741945e-01
2.091662892032815912e-01
2.100720116114108971e-01
2.109022895707016176e-01
2.117390181809747363e-01
2.125941107873327296e-01
2.134498614878056477e-01
2.142962322888320170e-01
2.150600858312295693e-01
2.157947135862565702e-01
2.164894230533326303e-01
2.171215599046179556e-01
2.176867289936570138e-01
2.180276654445178486e-01
2.184299402116023359e-01
2.186628226592824964e-01
2.186915892653548688e-01
2.187440273655784362e-01
2.187071597291367353e-01
2.186167797089992593e-01
2.185997129234827363e-01
2.184733006116149068e-01
2.183779623307095796e-01
2.182289540732593736e-01
2.181459652025283802e-01
2.180675547383931767e-01
2.179533364695428743e-01
2.177509781540548084e-01
2.175453123763311791e-01
2.173513156283966019e-01
2.171404661154768545e-01
2.169473721723375048e-01
2.166149562637694481e-01
2.163096460541040211e-01
2.160676614045791144e-01
2.157976994778780522e-01
2.153697812574524029e-01
2.149863364429170365e-01
2.145466627866011722e-01
2.140307668082056247e-01
2.135096045944901155e-01
2.129741268914844832e-01
2.124891736608791326e-01
2.119185053920791539e-01
2.113609649489029130e-01
2.108494868007824152e-01
2.102782231828868587e-01
2.098036788928350216e-01
2.092336778745863268e-01
2.086170319901467507e-01
2.080038375012927820e-01
2.073958615105049030e-01
2.067433253584457786e-01
2.061577963560757287e-01
2.055301977762002963e-01
2.049507935576367623e-01
2.043577743358435117e-01
2.037797928761411748e-01
2.032922201262066519e-01
2.028152525973321296e-01
2.023407826287620392e-01
2.018353118856542061e-01
2.012955901933144165e-01
2.006412901262485671e-01
1.999955788663544398e-01
1.992729444388519899e-01
1.985405904103024199e-01
1.977252930513995199e-01
1.969266947234141751e-01
1.960832360134109331e-01
1.952051658054627381e-01
1.943381760333865726e-01
1.934872952222981557e-01
1.926490240976410917e-01
1.918095627284904792e-01
1.909656419035656305e-01
1.901136682791507715e-01
1.892757455124911281e-01
1.884482808189284209e-01
1.876361523336697035e-01
1.868152433707374882e-01
1.859845733810610025e-01
1.851496172924866901e-01
1.843350053289988244e-01
1.835108988011361908e-01
1.826709980561199431e-01
1.818403222274025399e-01
1.810512700133900532e-01
1.803004480904380757e-01
1.795706657077123791e-01
1.788373192816584967e-01
1.781168289260155191e-01
1.774263387985000606e-01
1.767240072379136495e-01
1.760202289710295076e-01
1.753376088325220572e-01
1.746884944535510853e-01
1.740803087002475436e-01
1.735102716875697448e-01
1.729662918063593624e-01
1.724605560774669644e-01
1.719893930682346028e-01
1.715705906923956914e-01
1.711841672635518175e-01
1.708306762625813879e-01
1.705251180082627549e-01
1.702498902454576135e-01
1.700160637588640777e-01
1.698184691982062844e-01
1.696595213238696886e-01
1.695376856500423468e-01
1.694550458166916851e-01
1.694113150995264494e-01
1.694059797738943218e-01
1.694406542904871860e-01
1.695115335988069405e-01
1.696242528604710587e-01
1.697719373304300838e-01
1.699638148364868706e-01
1.702005389524445522e-01
1.704765177057733505e-01
1.708057304696851131e-01
1.711548502222353108e-01
1.715351625692850268e-01
1.719268160922875210e-01
1.723351561159272571e-01
1.727684463214172461e-01
1.732217342360389822e-01
1.736907980275206875e-01
1.741610678207659857e-01
1.746587895618979813e-01
1.751807914721595638e-01
1.757225885727405068e-01
1.762920245303390698e-01
1.769075982310421291e-01
1.775353807791046346e-01
1.781942972299410399e-01
1.788721039262956281e-01
1.795680868181640799e-01
1.802855320703360686e-01
1.810262869257187324e-01
1.817692205959804685e-01
1.825059539568747446e-01
1.832441533260273092e-01
1.839837567968090892e-01
