1.956901321937076499e-01
1.938236263923425184e-01
1.919915632314980747e-01
1.885158635745584066e-01
1.828899759226393085e-01
1.755840746752757586e-01
1.697633200761208550e-01
1.567162938484586432e-01
1.530470022795881457e-01
1.495083026646930324e-01
1.426267138735633766e-01
1.165617018248691211e-01
1.061475236197507860e-01
1.048419443155216846e-01
1.035734147955909568e-01
1.023654810778612256e-01
1.012530432827003501e-01
9.893827172118535573e-02
9.668233858651852086e-02
9.564802207883123242e-02
9.462377720934062042e-02
9.362807670821420014e-02
9.275588538405203642e-02
9.185723753506723488e-02
9.099713080856507152e-02
9.015399274678635722e-02
8.934120116135146894e-02
8.856577395319087387e-02
8.783344224210616613e-02
8.648928999720953414e-02
8.582069401885748794e-02
8.521179904621931089e-02
8.462117871918477252e-02
8.403719101142030634e-02
8.346600304868961873e-02
8.293781329125742008e-02
8.243039364032993255e-02
8.194807365205812599e-02
8.150414934245138465e-02
8.108815212864950439e-02
8.069737354799642881e-02
8.036486042917855011e-02
8.007356317247878164e-02
7.982852188103550795e-02
7.963004284279545653e-02
7.947868129407897886e-02
7.937966233194644616e-02
7.932938131026096018e-02
7.932740158570511513e-02
7.937044241825483293e-02
7.946802349121047382e-02
7.961701108665705795e-02
7.981225055782757705e-02
8.005487687561817223e-02
8.033920554814802384e-02
8.064565797587729123e-02
8.098889265529067572e-02
8.134317421412158577e-02
8.172225320127757264e-02
8.212220643632289763e-02
8.255088439350075080e-02
8.299319282368115835e-02
8.342749085171952128e-02
8.390148120077872695e-02
8.440893453880000952e-02
8.493432414630104621e-02
8.548223167961256641e-02
8.604254420146031923e-02
8.665254488454512960e-02
8.726997784152544513e-02
8.795499396045108886e-02
8.865847950596802973e-02
8.944734499133874528e-02
9.026728231291936133e-02
9.117077022546352105e-02
9.207174939763963784e-02
9.304263032457028848e-02
9.411409956911614971e-02
9.522364007328246172e-02
9.636741215783535541e-02
9.755312524896399273e-02
9.873325858847745162e-02
9.991872489805807278e-02
1.011565275791909274e-01
1.023869879937047561e-01
1.036206019449786575e-01
1.048795481665734525e-01
1.061211238305668492e-01
1.073723375743130953e-01
1.085922692861527594e-01
1.098599589871375043e-01
1.111253480502005231e-01
1.123832712390142041e-01
1.136148464134758285e-01
1.148531121624617457e-01
1.161204584910733723e-01
1.174033222886657485e-01
1.186256953376783330e-01
1.198256189525910148e-01
1.210318417169383154e-01
1.221758228233713883e-01
1.233177747663521950e-01
1.245491503341945444e-01
1.257641581757683313e-01
1.269363579166302991e-01
1.280928101944725783e-01
1.293040179665842782e-01
1.305568767967104638e-01
1.318611185061135116e-01
1.332218343771372493e-01
1.346447356676493123e-01
1.360884259301489985e-01
1.376207401551989562e-01
1.392050546772652664e-01
1.408263057311381350e-01
1.423670976734264793e-01
1.440638480665355214e-01
1.458492561220837980e-01
1.476659350310395025e-01
1.494670352637418320e-01
1.512989885606200180e-01
1.532129575624643081e-01
1.550920774785160550e-01
1.569242662219546558e-01
1.588238055591788267e-01
1.606341674649722773e-01
1.625712521969232272e-01
1.644941327956679911e-01
1.662452474091168364e-01
1.680308938211612091e-01
1.698573397292390541e-01
1.717733159694167233e-01
1.737439143604944392e-01
1.757668868167386322e-01
1.778363304719634275e-01
1.798212820955147617e-01
1.819499459765588634e-01
1.839820213628621248e-01
1.860847167079148212e-01
1.882934721118393884e-01
1.904126548879444825e-01
1.925287858051946688e-01
1.946900585707067310e-01
1.968064716759193311e-01
1.989319428273661483e-01
2.010851443738279620e-01
2.032106924751693189e-01
2.053335698190378311e-01
2.074451321466688203e-01
2.096483577032890455e-01
2.118788614383043389e-01
2.141384895261335686e-01
2.163482468945703008e-01
2.186104210957663940e-01
2.209651122558190239e-01
2.232764428381432686e-01
2.255475138657171974e-01
2.278562580773099699e-01
2.301668225200505236e-01
2.325572287016797746e-01
2.349484261200816548e-01
2.373958647282082279e-01
2.397691907794557709e-01
2.421229032424136451e-01
2.445503148235245727e-01
2.468809306964714900e-01
2.491282122953195899e-01
2.513216240166998294e-01
2.535306539093576395e-01
2.556079990959887471e-01
2.576826942902639139e-01
2.597640094622050144e-01
2.618536575057081595e-01
2.638662521706269248e-01
2.659794283307932994e-01
2.680919192015687735e-01
2.702549372967861241e-01
2.723806453333790234e-01
2.744903376122552752e-01
2.765741255185083514e-01
2.785681523264191273e-01
2.805608485823057330e-01
2.824992031243291901e-01
2.844764635937757635e-01
2.864408795805302166e-01
2.882120497967511352e-01
2.899296647212329381e-01
2.916435598513215099e-01
2.933472161989283400e-01
2.949802316609367314e-01
2.965981460660990221e-01
2.982025746196478311e-01
2.997699141303064585e-01
3.014161426328301752e-01
3.030327017300273318e-01
3.047047975949632725e-01
3.063633114882581832e-01
3.080359828768860497e-01
3.097358479048279989e-01
3.114846504866533028e-01
3.132958493017003465e-01
3.151175405388073059e-01
3.169327473873493894e-01
3.187333990180699628e-01
3.205347222876072655e-01
3.222529471900977271e-01
3.239950424433676313e-01
3.256414054152139137e-01
3.273134764032446520e-01
3.289595331757873553e-01
3.305708833013360493e-01
3.320994670844250041e-01
3.336405710698340799e-01
3.351342518114287516e-01
3.365824173548344622e-01
3.379922994825913518e-01
3.393598867165738553e-01
3.406937633171486790e-01
3.420131444054606007e-01
3.433962155445571263e-01
3.447362259995257472e-01
3.460063616039578682e-01
3.472950911016960962e-01
3.485532236836254016e-01
3.498356816941474157e-01
3.510435610759354841e-01
3.522553152563727696e-01
3.534061826447414956e-01
3.545486216638246146e-01
3.556507359901427967e-01
3.567070941497881287e-01
3.577685172743064745e-01
3.588374508811538743e-01
3.599059885516425195e-01
3.609107249692119490e-01
3.618921891671340041e-01
3.628634128571596174e-01
3.637954109267148572e-01
3.647052897675659433e-01
3.656021181866812575e-01
3.664208600591076781e-01
3.672189901864312267e-01
3.679663863731741369e-01
3.686868029934275981e-01
3.693930785825830787e-01
3.700873744848576785e-01
3.707604723964693649e-01
3.713976113641738186e-01
3.720033553475888821e-01
3.725607604438476717e-01
3.730971958917995157e-01
3.735918433652947179e-01
3.740457519752757864e-01
3.744894293787394135e-01
3.748954866463594104e-01
3.752813058328937079e-01
3.756471084689698703e-01
3.759963044146074074e-01
3.763228139408247852e-01
3.766294393390549056e-01
3.769193477731586639e-01
3.771817636458663636e-01
3.774193246970605764e-01
3.776320136216020917e-01
3.778177992300069121e-01
3.779808879415655909e-01
3.781234719136396527e-01
3.782388643383768345e-01
3.783254274016403240e-01
3.783823705139472415e-01
3.784085337772047919e-01
3.783993261036760480e-01
3.783547471302005638e-01
3.782649527039224635e-01
3.781325311789943133e-01
3.779684351901556605e-01
3.777765125025121518e-01
3.775557702046117292e-01
3.773086025882859129e-01
3.770464971080275118e-01
3.767559865872829872e-01
3.764502106109728907e-01
3.761094002966489658e-01
3.757531359743411792e-01
3.753690682900030495e-01
3.749502592581588911e-01
3.744995440605614623e-01
3.740424331214614595e-01
3.735255822597143283e-01
3.729660043143570580e-01
3.723996062613371683e-01
3.718021676038411605e-01
3.711702533017551264e-01
3.704873096576439262e-01
3.698021819789214515e-01
3.690566525583061641e-01
3.682712670547020339e-01
3.674304345877013600e-01
3.665493345190576902e-01
3.656296924724078412e-01
3.647139205223383640e-01
3.637781384353804270e-01
3.628182341136606537e-01
3.618508633452167111e-01
3.608923845786439766e-01
3.599429043494705716e-01
3.590076773873257521e-01
3.580153833166811461e-01
3.570241044234687688e-01
3.560053104753556075e-01
3.549471890253670936e-01
3.538929375890044748e-01
3.527692458497834749e-01
3.516206259470340267e-01
3.504445317681439409e-01
3.492201557772207643e-01
3.479824693296402205e-01
3.466909518909854215e-01
3.453582539044062205e-01
3.440003202103006363e-01
3.426523061660760039e-01
3.412105444481919325e-01
3.397475114500393967e-01
3.382628714809537418e-01
3.367508854436535581e-01
3.351484806050490928e-01
3.335256691930293393e-01
3.318308521042473425e-01
3.301023037449162811e-01
3.283342690977114620e-01
3.265596461813280449e-01
3.247236391366680741e-01
3.229076342610897044e-01
3.210327433100966799e-01
3.191668476001745525e-01
3.173001182390234876e-01
3.154445328921626768e-01
3.136093641241895491e-01
3.118077033336550952e-01
3.100027871093858911e-01
3.082907854838889961e-01
3.064584509839759496e-01
3.045453375419888697e-01
3.026373019836036682e-01
3.007824302338228395e-01
2.989059412391363302e-01
2.969593615691380473e-01
2.950458120594749434e-01
2.930521565501400527e-01
2.910300952709575784e-01
2.890273557215434219e-01
2.869409931976353856e-01
2.848800444734156390e-01
2.827969795567023548e-01
2.807111510869019222e-01
2.785781012226505871e-01
2.764128287913032445e-01
2.742397688813148493e-01
2.720096563643559229e-01
2.698028466402153103e-01
2.676121192432939222e-01
2.654435891105955680e-01
2.632439641204807890e-01
2.610147666893766760e-01
2.588579485149368198e-01
2.566379029556303260e-01
2.544234517207252244e-01
2.521225863080936991e-01
2.498394991216325856e-01
2.475111627918160917e-01
2.451045687581040466e-01
2.427564608173227167e-01
2.403878092441956438e-01
2.380543973685541603e-01
2.357116765633789079e-01
2.334044309711627574e-01
2.310691347268657991e-01
2.287891338032815303e-01
2.265519603504071444e-01
2.243793968270017536e-01
2.221607460107787035e-01
2.199967063721432192e-01
2.179123882506616705e-01
2.158897029525837230e-01
2.138800127859859235e-01
2.118831165528105576e-01
2.098678993868291764e-01
2.078866976949097778e-01
2.058871478159648716e-01
2.038848349602419008e-01
2.018999532093165850e-01
1.998560173186393063e-01
1.978213121965388677e-01
1.957842204986420809e-01
1.936717893457748085e-01
1.915768901520125411e-01
1.893070856606300645e-01
1.869438358147953727e-01
1.845108334094329727e-01
1.820477606606263621e-01
1.795427487995976401e-01
1.770619482206055306e-01
1.745551822741435999e-01
1.720152868825244319e-01
1.695300008278340653e-01
1.669816820866165119e-01
1.645351104247963214e-01
1.621467066180671546e-01
1.598451369443697478e-01
1.575803512316951704e-01
1.552953035210967170e-01
1.531010950395270964e-01
1.510242380025052511e-01
1.488842625938296693e-01
1.468156448318566620e-01
1.447620460443270196e-01
1.426608932821706588e-01
1.406193417245395760e-01
1.386666486171037604e-01
1.367105922849829736e-01
1.346524395923737460e-01
1.326754247562814681e-01
1.306750658439066737e-01
1.286895649677404496e-01
1.267482420553361633e-01
1.247795171625109001e-01
1.228669527941151640e-01
1.210170649480245414e-01
1.190776468428378920e-01
1.171913003705689765e-01
1.152939251445062457e-01
1.134469322330286245e-01
1.115518690180899025e-01
1.097002530775939427e-01
1.077804963146191258e-01
1.058536004192105612e-01
1.038351462556469096e-01
1.018976637717273204e-01
9.997466471102871288e-02
9.803735872861392420e-02
9.611571185138689799e-02
9.425207174088229278e-02
9.243952748508932338e-02
9.058923270665102112e-02
8.872272335599654114e-02
8.683396553706879128e-02
8.498250876408065813e-02
8.309540583511987322e-02
8.122261295379058776e-02
7.936059117011690089e-02
7.753529004978847172e-02
7.581488092590621397e-02
7.406409423110631163e-02
7.241812061755847907e-02
7.072754201398104290e-02
6.906860705512672671e-02
6.740907624799453990e-02
6.577033268889463657e-02
6.414340497931868279e-02
6.253591260334030733e-02
6.094037987833534481e-02
5.935160636848705457e-02
5.777525077412457716e-02
5.624499986028375781e-02
5.475436214156294279e-02
5.333185309412375591e-02
5.196213197441433562e-02
5.059523858457437573e-02
4.928483163190690991e-02
4.798457792726684018e-02
4.663756852898146704e-02
4.529629919032990976e-02
4.403129557575466424e-02
4.276469687262412361e-02
4.144226437567635757e-02
4.008439215950779233e-02
3.873912989032466531e-02
3.749429014578987973e-02
3.621134112251159221e-02
3.496743340238242514e-02
3.366192062105660687e-02
3.235360121827945967e-02
3.104880079064306631e-02
2.980009523990119827e-02
2.858547067259175137e-02
2.737897051023225475e-02
2.623549692858464025e-02
2.511610990706039312e-02
2.408656318084971201e-02
2.305875279155555901e-02
2.210760169078022919e-02
2.119336525066735366e-02
2.031075924837635882e-02
1.951754544030497723e-02
1.877645032974787145e-02
1.811005042524501188e-02
1.749311143551090728e-02
1.688619787876657896e-02
1.631953652852778658e-02
1.579188204371291884e-02
1.529772959293554911e-02
1.481903327409648391e-02
1.438117232552652176e-02
1.396278872714375868e-02
1.355617170424912830e-02
1.316956615332494709e-02
1.281421595169750065e-02
1.249388481898147142e-02
1.220674308736565371e-02
1.194851115160781158e-02
1.170623942865461377e-02
1.149094878093412375e-02
1.130966017293142008e-02
1.116330336126352546e-02
1.104700886549547789e-02
1.096401187387036243e-02
1.091643906449799722e-02
1.090556725657389203e-02
1.093271817803311702e-02
1.099104708508240498e-02
1.108405090085876760e-02
1.121191005799610126e-02
1.138007146343055637e-02
1.157707972843359523e-02
1.181985571721634598e-02
1.208882265977913144e-02
1.238430256061624768e-02
1.272428274499067674e-02
1.311095576541668889e-02
1.354099732872254304e-02
1.401034816341483434e-02
1.449808791651409530e-02
1.501175794945592418e-02
1.556446653747095912e-02
1.615335514208553203e-02
1.677501771100678440e-02
1.741381151638466199e-02
1.810071954553736998e-02
1.881625282753059472e-02
1.955496518141452977e-02
2.034229057320559655e-02
2.115657416997583987e-02
2.199625528676985714e-02
2.287270709087315182e-02
2.377564593803514412e-02
2.473821625927157680e-02
2.573708032172906945e-02
2.677462377088105430e-02
2.786257390113795751e-02
2.897622380502454242e-02
3.019789764870054599e-02
3.146528092252764280e-02
3.274885726888056292e-02
3.411496517363159231e-02
3.551294530077391681e-02
3.695447090603969781e-02
3.841397560769533454e-02
3.988936614481307374e-02
4.134245452693065953e-02
4.280781789557868561e-02
4.426923674865032576e-02
4.576384921790512678e-02
4.723758016428754314e-02
4.875487286180858054e-02
5.029285435253960657e-02
5.179950625469987441e-02
5.330693112377454801e-02
5.485145181556136396e-02
5.635463911257109632e-02
5.788091464566909317e-02
5.939294386222828542e-02
6.096546687272395154e-02
6.250299939772382962e-02
6.411836327368260202e-02
6.577870622387241295e-02
6.745492797441293709e-02
6.913580367788829673e-02
7.084220432020792158e-02
7.254573678421986915e-02
7.426161055766712649e-02
7.605181504936396608e-02
7.789092135138721285e-02
7.974818008947028025e-02
8.160525760350594016e-02
8.346823675900974515e-02
8.537089155300937870e-02
8.722957956184253236e-02
8.912662823266044587e-02
9.105030846391484745e-02
9.291291408498345006e-02
9.481077036089186061e-02
9.664583368778095762e-02
9.854619799785867273e-02
1.004550409459390170e-01
1.023388292063057842e-01
1.042164229779408841e-01
1.060499421464375785e-01
1.078691875484702745e-01
1.096187142329466124e-01
1.113273756870788167e-01
1.130318121473393722e-01
1.148141586850515566e-01
1.166084635627985810e-01
1.185270621194535051e-01
1.205358333402131860e-01
1.226292792788333808e-01
1.248092179899609189e-01
1.270814763506039613e-01
1.294335814318198496e-01
1.317694434169464635e-01
1.341714325873828439e-01
1.365972115330667258e-01
1.389895979883516985e-01
1.413605074620179480e-01
1.436612617156291516e-01
1.458916984298790354e-01
1.480412962489780770e-01
1.501160242882601525e-01
1.521735102537099260e-01
1.541995516292667401e-01
1.561583351502768280e-01
1.580982409964545310e-01
1.601054546513967503e-01
1.621878253796233127e-01
1.643198715005347588e-01
1.664369179042273494e-01
1.685858165716989931e-01
1.707691657482612868e-01
1.729424977494567472e-01
1.750481120188373541e-01
1.771158462076669327e-01
1.791876521020497881e-01
1.812436708307689215e-01
1.831763645055611289e-01
1.851476785035386929e-01
1.870167869300499719e-01
1.888525590003218291e-01
1.907775715272029826e-01
