-1.999985164231438961e-01
-1.999985008280256438e-01
-1.988995579171069228e-01
-1.983732559683572538e-01
-1.978041265136309401e-01
-1.972094270412914074e-01
-1.965974474056601806e-01
-1.959588508295991571e-01
-1.952980447309933809e-01
-1.945952906688047102e-01
-1.938049105042245757e-01
-1.929579649445306577e-01
-1.921258976796628160e-01
-1.913883380178310056e-01
-1.906303508627764931e-01
-1.898508730292448321e-01
-1.890445314638762864e-01
-1.882332290420397070e-01
-1.875106240906015409e-01
-1.868076589659553866e-01
-1.860383662011248496e-01
-1.852055581871417111e-01
-1.843980505208913934e-01
-1.836058015973707769e-01
-1.828161193823613362e-01
-1.820094852825098475e-01
-1.812874336165611611e-01
-1.804902564172547186e-01
-1.797707912235914640e-01
-1.790255713698388762e-01
-1.782705898941142064e-01
-1.775242375616498114e-01
-1.766505257253918881e-01
-1.757505650194757518e-01
-1.748249536551377270e-01
-1.739702410530654941e-01
-1.732454106734420407e-01
-1.726408403373417833e-01
-1.721048244016305795e-01
-1.715556548421840466e-01
-1.710123132259194212e-01
-1.704915227715281534e-01
-1.700022516462357802e-01
-1.694456771750522395e-01
-1.689416002939052863e-01
-1.684248252707472859e-01
-1.679591309677818112e-01
-1.674879474399182666e-01
-1.670144401024417913e-01
-1.665279497366967121e-01
-1.660563140762897349e-01
-1.655625558375459494e-01
-1.650751666328649503e-01
-1.645808854511665309e-01
-1.641003930071432693e-01
-1.636198601083638515e-01
-1.631298132269926038e-01
-1.626406211409554547e-01
-1.620969526398023386e-01
-1.615243397200375464e-01
-1.609372214784225985e-01
-1.603365453473833968e-01
-1.597451787338683427e-01
-1.591120920107230996e-01
-1.585286584486633177e-01
-1.579203203408148792e-01
-1.573077389267723003e-01
-1.567040614167791723e-01
-1.560606877108759449e-01
-1.554426547638054490e-01
-1.548124906910791354e-01
-1.541261362269964463e-01
-1.534440244213746696e-01
-1.528401435214808701e-01
-1.522691796015501198e-01
-1.516259574416270739e-01
-1.509744634777147043e-01
-1.502722106310143690e-01
-1.495594540127858363e-01
-1.488734303052944019e-01
-1.482064228796527716e-01
-1.475344117125405308e-01
-1.469396399881534587e-01
-1.462807220407942588e-01
-1.456380913675806854e-01
-1.450166287354169858e-01
-1.444490004063594679e-01
-1.439301207804906391e-01
-1.434497411275048595e-01
-1.429567508034845780e-01
-1.425224348869684743e-01
-1.421391658000089320e-01
-1.417933932968602484e-01
-1.415227127900726134e-01
-1.412428886458332034e-01
-1.410338340909638721e-01
-1.408560869693584183e-01
-1.406889427173711182e-01
-1.405733958847348586e-01
-1.404957602304207354e-01
-1.404443558401178294e-01
-1.404122806699767412e-01
-1.404424855220123836e-01
-1.405197224467410189e-01
-1.406589761926027027e-01
-1.408276545797042256e-01
-1.409913767793850858e-01
-1.411510474319682129e-01
-1.413074996546364315e-01
-1.414614768646431098e-01
-1.416136146927567674e-01
-1.417644257368170235e-01
-1.419143467895129518e-01
-1.420637225619468536e-01
-1.422128166575016006e-01
-1.423618236384208424e-01
-1.425108810309851370e-01
-1.426600823429533815e-01
-1.428094806580067766e-01
-1.429590998661993406e-01
-1.431089451441574789e-01
-1.432590093345113003e-01
-1.434092749670848876e-01
-1.435582661606207289e-01
-1.437117823854379695e-01
-1.438523433564459497e-01
-1.440089726105194534e-01
-1.441932233972341437e-01
-1.443931957849976244e-01
-1.446186265659865078e-01
-1.448547798817122478e-01
-1.451162645053782063e-01
-1.454000481277497314e-01
-1.457065666479731014e-01
-1.460465382110587573e-01
-1.463657530472907697e-01
-1.467004994939547502e-01
-1.470513767680587947e-01
-1.474454213058951912e-01
-1.478380032498305408e-01
-1.482293044232303458e-01
-1.486022101398080941e-01
-1.490025230987421789e-01
-1.493886415853465655e-01
-1.497955592848064232e-01
-1.501034339518400595e-01
-1.505075122173074320e-01
-1.508617174185832854e-01
-1.512064993831286897e-01
-1.514380747376951053e-01
-1.516941039079439391e-01
-1.518865765984082072e-01
-1.520517774055747118e-01
-1.522083780691479982e-01
-1.523611930775778389e-01
-1.525031446274733027e-01
-1.526361668665992544e-01
-1.527486400229478292e-01
-1.528652679622528876e-01
-1.529663901734423515e-01
-1.530616173372697508e-01
-1.531520948025689721e-01
-1.532278729720611410e-01
-1.532947908401180170e-01
-1.533517344485995637e-01
-1.533996880802655505e-01
-1.534422889670576107e-01
-1.534782015624198415e-01
-1.535070770597778411e-01
-1.535323116591236214e-01
-1.535501546474053181e-01
-1.535678196621350355e-01
-1.535801114273565859e-01
-1.535897657114818071e-01
-1.535969913629768591e-01
-1.535999991155882760e-01
-1.536011996150805914e-01
-1.536094465634059991e-01
-1.536320462524151387e-01
-1.536676175351802398e-01
-1.537186598068856769e-01
-1.537812369791925760e-01
-1.538492315308935821e-01
-1.539217325754147769e-01
-1.539969213391297331e-01
-1.540859727079427199e-01
-1.541641323117793616e-01
-1.542476222300830924e-01
-1.543333634565651202e-01
-1.544159892611207119e-01
-1.544929256213770363e-01
-1.545717510738689182e-01
-1.546532032565107739e-01
-1.547348109118839576e-01
-1.548153934041228419e-01
-1.548992649993536086e-01
-1.549861110989824153e-01
-1.550572083082882580e-01
-1.551277214374641444e-01
-1.552006725583398306e-01
-1.552660196384412217e-01
-1.553315332863549059e-01
-1.553888827952958906e-01
-1.554410973382610861e-01
-1.554791052517432159e-01
-1.555097482732987202e-01
-1.555481359457537849e-01
-1.555911911350378873e-01
-1.556362795478717365e-01
-1.557090643337921965e-01
-1.558068739494464783e-01
-1.559027698789300365e-01
-1.560049845265007729e-01
-1.561034831754838370e-01
-1.562169848193695476e-01
-1.563279103985909246e-01
-1.564366021190269074e-01
-1.565410721361561452e-01
-1.566569289002296139e-01
-1.567761327283639927e-01
-1.568682192044487111e-01
-1.569449485135177014e-01
-1.570199850597296942e-01
-1.571044849023613688e-01
-1.571939371471804958e-01
-1.572723557207560685e-01
-1.573543925663417886e-01
-1.574284926124641382e-01
-1.574894623086151857e-01
-1.575471958336037426e-01
-1.576068232054231022e-01
-1.576595806489187457e-01
-1.577148879126640535e-01
-1.577692409401311169e-01
-1.578153624557907253e-01
-1.578601763077037701e-01
-1.579023530190031277e-01
-1.579395762534795966e-01
-1.579734419772765019e-01
-1.580053583875357104e-01
-1.580268476253126053e-01
-1.580491818473676313e-01
-1.580702123591254671e-01
-1.580910615550623899e-01
-1.581098190110379886e-01
-1.581289138390391535e-01
-1.581444378057589029e-01
-1.581569315262058573e-01
-1.581675917476243198e-01
-1.581759257293543219e-01
-1.581820521827060899e-01
-1.581853083493333922e-01
-1.581867806667118237e-01
-1.581855574962383604e-01
-1.581824846448685595e-01
-1.581767584507056956e-01
-1.581663678517898630e-01
-1.581508151444522559e-01
-1.581348963056792012e-01
-1.581151711327751785e-01
-1.580934401250971288e-01
-1.580708791944383795e-01
-1.580484000143152490e-01
-1.580278229479830099e-01
-1.580050228542355661e-01
-1.579833558583769171e-01
-1.579608689820728162e-01
-1.579386209068071589e-01
-1.579146781880565176e-01
-1.578913722734144043e-01
-1.578598435984016335e-01
-1.578366402980624639e-01
-1.578199664812288683e-01
-1.578132583009254075e-01
-1.578129787460166855e-01
-1.578153607847127271e-01
-1.578166132368460650e-01
-1.578167572574447064e-01
-1.578156521694521752e-01
-1.578141963829147176e-01
-1.578133058460036153e-01
-1.578115430803469221e-01
-1.578085384543949088e-01
-1.578049897124045864e-01
-1.578003661855951478e-01
-1.577941573964115607e-01
-1.577858483940555168e-01
-1.577773296767346067e-01
-1.577681098447774322e-01
-1.577594864949720399e-01
-1.577577598227879740e-01
-1.577601112278459450e-01
-1.577716818931038378e-01
-1.577905238303527469e-01
-1.578184633357707922e-01
-1.578686173050118102e-01
-1.579323567935735084e-01
-1.579887346909862600e-01
-1.580622010107515518e-01
-1.581415889012418585e-01
-1.581984963382295495e-01
-1.582643798932479029e-01
-1.583181567046592908e-01
-1.583919249915086147e-01
-1.584620734671329523e-01
-1.585053680166971235e-01
-1.585532544549922984e-01
-1.586147631756307241e-01
-1.586884480839033107e-01
-1.587722179475249407e-01
-1.588429953143961071e-01
-1.589222761828814889e-01
-1.589735665012541876e-01
-1.590267093884183414e-01
-1.601877136213759323e-01
-1.613287844820357475e-01
-1.624825088921056371e-01
-1.636474860773650952e-01
-1.648326474323399404e-01
-1.660083019796169124e-01
-1.671915531727816984e-01
-1.683656676300610278e-01
-1.695624397360255831e-01
-1.707841050826963691e-01
-1.720112277986508842e-01
-1.732524619100424546e-01
-1.744773145682787518e-01
-1.757164270789946803e-01
-1.769677840369391353e-01
-1.782390048377866243e-01
-1.795126338704227942e-01
-1.807949550849957121e-01
-1.820621176552004450e-01
-1.833248727676227707e-01
-1.846013829397054884e-01
-1.858840468205630869e-01
-1.871807733622374292e-01
-1.884802912326228874e-01
-1.897782292427160900e-01
-1.911013551440766400e-01
-1.924193281517989074e-01
-1.937437991224535971e-01
-1.950881692106026244e-01
-1.964618881990498334e-01
-1.978322638168620862e-01
-1.992113729007901624e-01
-2.006262899753027962e-01
-2.020763033254764363e-01
-2.035553664757465964e-01
-2.050543352747654924e-01
-2.065541301422106624e-01
-2.080656305560368846e-01
-2.095860412254714755e-01
-2.111147220823795245e-01
-2.126330328031410533e-01
-2.141127923784348352e-01
-2.156201972931678645e-01
-2.171435972324795016e-01
-2.186739045313002561e-01
-2.201889537919226869e-01
-2.217088399472271487e-01
-2.232554489780088081e-01
-2.248181341337788519e-01
-2.263833787576844947e-01
-2.279343266651308875e-01
-2.294889696685249447e-01
-2.310246013956564481e-01
-2.325788816443884743e-01
-2.341486685993122985e-01
-2.357280848560176778e-01
-2.373144206591343286e-01
-2.389091589144558825e-01
-2.405134160039896218e-01
-2.421111562942841189e-01
-2.437008101191290577e-01
9.372191243694910408e-07
9.526196929258966487e-07
5.963617633461977801e-04
8.079268404022967335e-04
1.040000549205181025e-03
1.259899625012080807e-03
1.477751071179918101e-03
1.696522469956626570e-03
1.898568767600296477e-03
2.109605339190803990e-03
2.355705625645875424e-03
2.594278053842269827e-03
2.878329151089565122e-03
3.156193779922197417e-03
3.479755811218817989e-03
3.819546285147360637e-03
4.144516092157421450e-03
4.453939061678099769e-03
4.738242310504472109e-03
4.997810773689485841e-03
5.317054161635852150e-03
5.664830899747791935e-03
6.016070997976041314e-03
6.423257777187284072e-03
6.760079828786041967e-03
7.070712901707253834e-03
7.335733365620062535e-03
7.583119458597963568e-03
7.859669380375243139e-03
8.146085492741463041e-03
8.498524196082411081e-03
8.904649493148047296e-03
9.317240644362290158e-03
9.727002180950914192e-03
1.011958724070642981e-02
1.049198780753998229e-02
1.082367410344605568e-02
1.115834853244476906e-02
1.150143192096708331e-02
1.188042280566722030e-02
1.227414895335787737e-02
1.268099747512460053e-02
1.307838844717182890e-02
1.345923613312919112e-02
1.376466330033510564e-02
1.409730466678781567e-02
1.439511155679538273e-02
1.466926991048764055e-02
1.495269989918726616e-02
1.521369216744957072e-02
1.548110675668964813e-02
1.581588120003852432e-02
1.602810729303411064e-02
1.626754749276509635e-02
1.647443827471236494e-02
1.667407149679972500e-02
1.685632453542243447e-02
1.707093640418814312e-02
1.728650893050322213e-02
1.750106158783937618e-02
1.772475689947254629e-02
1.791714887921472613e-02
1.811529354438297379e-02
1.828661969038992974e-02
1.846934967654514578e-02
1.865982252158262383e-02
1.883674141412895742e-02
1.896633771365533599e-02
1.915726919951446158e-02
1.932712401195190929e-02
1.950671588656811839e-02
1.967809577482556097e-02
1.985650201950914587e-02
2.003835080177697112e-02
2.019982592589168041e-02
2.037173457192627615e-02
2.053138594316182564e-02
2.071467499375007071e-02
2.093665884599841057e-02
2.117887150298577992e-02
2.147353856365019284e-02
2.172802382485173114e-02
2.192596682867744770e-02
2.206755167568460671e-02
2.220843700055151471e-02
2.237450229301220228e-02
2.248167562979357451e-02
2.262970774758890982e-02
2.274733558862266497e-02
2.285339150283073953e-02
2.299894095004927780e-02
2.311517044867711715e-02
2.324716448599139021e-02
2.341733298522321108e-02
2.360814606873535421e-02
2.373631076742465859e-02
2.388774584171019649e-02
2.399560963392863636e-02
2.406908718042038639e-02
2.417865386972289574e-02
2.425554486323095241e-02
2.435597601692679817e-02
2.446163245844538980e-02
2.454637721512966178e-02
2.463552491706627948e-02
2.467825195476527553e-02
2.470987135952051883e-02
2.473836570982256011e-02
2.475747981751150531e-02
2.477360749160890246e-02
2.478390987470630719e-02
2.478722393544851785e-02
2.479216515546509361e-02
2.479327205406580900e-02
2.479601948554843380e-02
2.480176319805857746e-02
2.480603553778784609e-02
2.481307612729501122e-02
2.482403265392539235e-02
2.483913554289484196e-02
2.485829686468050623e-02
2.487547690003202860e-02
2.489372094020103274e-02
2.490767633804793005e-02
2.492978951282319444e-02
2.494760750802571536e-02
2.496368440843084804e-02
2.498609109161018665e-02
2.501266729297252703e-02
2.503465013590023755e-02
2.505890986789653316e-02
2.508915735021120461e-02
2.512609697863695674e-02
2.517109797465019380e-02
2.521332005794704040e-02
2.526005621706730112e-02
2.530096629701290151e-02
2.534820608527707866e-02
2.537710166065133485e-02
2.540688411270117589e-02
2.544633428560945376e-02
2.548970034104296178e-02
2.554048416826886284e-02
2.559657846998890374e-02
2.565961973330699655e-02
2.573582659773827885e-02
2.581806972892557520e-02
2.589706183982200607e-02
2.598246759667005232e-02
2.606286819335279503e-02
2.614009569909276839e-02
2.622688835583121547e-02
2.631360344228503984e-02
2.639751554524913391e-02
2.648894245572643719e-02
2.658300536473135606e-02
2.667431862294988507e-02
2.677024213685105791e-02
2.685223895041459127e-02
2.694790095167056906e-02
2.705211069855089148e-02
2.715542209171602564e-02
2.725597582929997764e-02
2.736260226997710987e-02
2.746943429972480491e-02
2.758054460278997269e-02
2.770492072648900531e-02
2.782555892909254619e-02
2.795156416931376953e-02
2.808183367027624125e-02
2.821289078518442184e-02
2.835392202011333129e-02
2.849676543842685067e-02
2.862921342729791985e-02
2.876933434463860295e-02
2.892251595863951433e-02
2.905948872115106385e-02
2.917688576394851518e-02
2.927274409827827772e-02
2.935187295498938725e-02
2.942493633094454483e-02
2.948690496762845087e-02
2.954514425635984542e-02
2.960173537262576759e-02
2.965399837724366078e-02
2.971008034044623353e-02
2.976842814949608521e-02
2.983028527977442737e-02
-3.784302035428637190e-01
-3.719848517790013687e-01
-3.712766321240490441e-01
-3.705978217388697926e-01
-3.700614430054630088e-01
-3.696362379647753493e-01
-3.693246773479549883e-01
-3.690259313393625118e-01
-3.687060451555627671e-01
-3.683809958718942679e-01
-3.680560298110840955e-01
-3.677362534505294045e-01
-3.674036110640182540e-01
-3.671139186878494276e-01
-3.668495210966521425e-01
-3.665758390078277529e-01
-3.663220408010507967e-01
-3.660463755960774446e-01
-3.657635565915551279e-01
-3.655119589664609370e-01
-3.652451154531156097e-01
-3.649577782578536933e-01
-3.646997184446669760e-01
-3.644507053549846942e-01
-3.642142531815879547e-01
-3.639995557728971654e-01
-3.638077201059250476e-01
-3.636413236233249635e-01
-3.634952627449297147e-01
-3.633718169091110783e-01
-3.632701202074224422e-01
-3.632027865266905242e-01
-3.631588484211298873e-01
-3.631303716735632126e-01
-3.631202517904878468e-01
-3.631240311075865645e-01
-3.631461025324004832e-01
-3.631906660982447965e-01
-3.632538720068742566e-01
-3.633339465310619354e-01
-3.634370529361372060e-01
-3.635828596788125422e-01
-3.637465886020068706e-01
-3.639172149344043206e-01
-3.641171585365555186e-01
-3.643447946645114732e-01
-3.645750656566187908e-01
-3.648228579661719206e-01
-3.650975260752804541e-01
-3.653607644309405655e-01
-3.656151287102519798e-01
-3.658848158661981431e-01
-3.676548880730060032e-01
-3.694249803812779120e-01
-2.000012368754865155e-01
-2.000012523215511095e-01
-2.007829681447743375e-01
-2.014630973651827250e-01
-2.020997700271311703e-01
-2.026809449963774823e-01
-2.032086983752978693e-01
-2.036875247668131772e-01
-2.041021775428037976e-01
-2.044545426844888991e-01
-2.047526165432164702e-01
-2.050022057548176180e-01
-2.051876677360296441e-01
-2.053167627596219902e-01
-2.053855518564603189e-01
-2.053966675955618548e-01
-2.053504524463572456e-01
-2.052470059157853466e-01
-2.050919197017914419e-01
-2.048687360912959665e-01
-2.045903085325743997e-01
-2.042433837202397851e-01
-2.038392689010699588e-01
-2.033854423016408786e-01
-2.028910214324605721e-01
-2.023722701962893389e-01
-2.017854849523043059e-01
-2.011886012966521975e-01
-2.005632408624189733e-01
-1.999078090485810755e-01
-1.991923644356887180e-01
-1.984496871150610575e-01
-1.976776808493705406e-01
-1.969010307534312665e-01
-1.960748386868230164e-01
-1.953089358790088270e-01
-1.946122005104785335e-01
-1.938911694048065237e-01
-1.931935217692816176e-01
-1.924332578743700728e-01
-1.915585363559058618e-01
-1.908810880628464268e-01
-1.901889182091244801e-01
-1.894814471509681242e-01
-1.887607466953879765e-01
-1.880718977615836729e-01
-1.873554571480375019e-01
-1.867232167667290388e-01
-1.861289867277862442e-01
-1.854946645287327001e-01
-1.849063126334641594e-01
-1.843462994165465108e-01
-1.838549879476785720e-01
-1.833661517445936140e-01
-1.828711861488597490e-01
-1.822855862974011032e-01
-1.816188622218218029e-01
-1.809376913877772663e-01
-1.803806932230387350e-01
-1.799709471059038612e-01
-1.795765601278582480e-01
-1.791404128752222547e-01
-1.787376936280637985e-01
-1.783743595386521053e-01
-1.780481120044148657e-01
-1.777604270030934963e-01
-1.774927933485038745e-01
-1.772980365970112937e-01
-1.771019058309493410e-01
-1.769094970535110833e-01
-1.767687035823166386e-01
-1.766006906683478261e-01
-1.764575972102507273e-01
-1.763286787355582697e-01
-1.762018479323803899e-01
-1.760685791353236163e-01
-1.759299416358693080e-01
-1.757959012363631557e-01
-1.756864420267472693e-01
-1.755768173450037994e-01
-1.754926909662664070e-01
-1.754209289523598614e-01
-1.753667584759336373e-01
-1.753168460068222356e-01
-1.752852690426398019e-01
-1.752645421141132420e-01
-1.752574075397430597e-01
-1.752613525947810391e-01
-1.752824604225291238e-01
-1.753143351503354264e-01
-1.753542838484881405e-01
-1.754263609739214469e-01
-1.755086795912088327e-01
-1.755919988896942896e-01
-1.756915662195737138e-01
-1.757904807557051918e-01
-1.758796304380955133e-01
-1.759862093764488766e-01
-1.761295407236115607e-01
-1.762972115718098032e-01
-1.764603457768309513e-01
-1.780075722427505447e-01
-1.795547486285228589e-01
-1.810870319628934688e-01
-1.826214499186565310e-01
-1.841534839451086925e-01
-1.856880075496271654e-01
-1.872088660744291033e-01
-1.887102784272794709e-01
-1.902123448803872963e-01
-1.917165239788247988e-01
-1.932025231312697600e-01
-1.946813535869146849e-01
-1.961629425469804677e-01
-1.976402346592299464e-01
-1.991368017554828174e-01
-2.006490070476780740e-01
-2.021803318709686492e-01
-2.037414362140447244e-01
-2.053273767620669432e-01
-2.069127319491129713e-01
-2.084946123869767243e-01
-2.101043390325624538e-01
-2.117058671237636303e-01
-2.133198735924564104e-01
-2.149547574455071552e-01
-2.165873078534802376e-01
-2.182240703865455933e-01
-2.198605240162588015e-01
-2.214967235769164933e-01
-2.231327176712820937e-01
-2.247685574349237159e-01
-2.264042815976708700e-01
-2.280399199026116319e-01
-2.296754923784425917e-01
-2.313110177681289292e-01
-2.329465113068371063e-01
-2.345819845601459508e-01
-2.362174467523799615e-01
-2.378529254158894823e-01
-2.394884082492304556e-01
-2.411238909251619267e-01
-2.427593763731373810e-01
-2.443948438517530297e-01
-2.460303024859737397e-01
-2.476657521844616294e-01
-2.493011945013766106e-01
-2.509366362016134389e-01
-2.525720785841397698e-01
-2.542075228862656910e-01
-2.558429704246756864e-01
-2.574784226458687320e-01
-2.591138783235470977e-01
-2.607493346015325453e-01
-2.623847920160982672e-01
-2.640202508469824405e-01
-2.656557113343149257e-01
-2.672911737236258745e-01
-2.689266382552102375e-01
-2.705621051067065852e-01
-2.721869629419376158e-01
-2.738039471680673853e-01
-2.753967353875837465e-01
-2.769679033499327647e-01
-2.785433907240894014e-01
-2.801541181030514083e-01
-2.817716016571644722e-01
-2.834010073156610909e-01
-2.850435507181937611e-01
-2.866629342731515373e-01
-2.883164605240381984e-01
-2.899794473729650490e-01
-2.916509969100101740e-01
-2.933391738696131679e-01
-2.950263758111750234e-01
-2.967022202264785746e-01
-2.983682557135958202e-01
-3.000441726561200451e-01
-3.017208294369704835e-01
-3.034046732561785364e-01
-3.050863954915903897e-01
-3.067932989683478384e-01
-3.084952398264271811e-01
-3.102047933343227704e-01
-3.119204184446516814e-01
-3.136338254040173523e-01
-3.153326075837651343e-01
-3.170366534143542192e-01
-3.187289920631397044e-01
-3.203938151718968008e-01
-3.220555825315454812e-01
-3.237246098382474124e-01
-3.253876039734521775e-01
-3.270878684954287019e-01
-3.287943367585985932e-01
-3.304844164601629108e-01
-1.547665771338693800e-06
-1.563284419072888292e-06
-9.552191238328099901e-04
-2.203014399966460660e-03
-3.450263379274096359e-03
-4.696973181171731383e-03
-5.943181722380388651e-03
-7.188943727197401844e-03
-8.434322961602857410e-03
-9.679380407728180660e-03
-1.092417632034306529e-02
-1.216876137113267163e-02
-1.341318159487324239e-02
-1.465747581153394735e-02
-1.590167589488921535e-02
-1.714580765884429064e-02
-1.838989153307725097e-02
-1.963394325139054125e-02
-2.087797462556457984e-02
-2.212199415734302649e-02
-2.335222575031332265e-02
-2.459869499940913612e-02
-2.584513433959675574e-02
-2.709154249652065763e-02
-2.833791970756573825e-02
-2.958426854583545360e-02
-3.083059148852458284e-02
-3.207689185121059827e-02
-3.332317105603477270e-02
-3.456943063049598697e-02
-2.000030132838630792e-01
-2.000030293282366589e-01
-2.020328438331614740e-01
-2.044448154382660088e-01
-2.068565066682538645e-01
-2.092679399322724398e-01
-2.116791580028475894e-01
-2.140902002508973390e-01
-2.165011016719286252e-01
-2.189118925152798156e-01
-2.213225982806778513e-01
-2.237332472732327937e-01
-2.261438543653848388e-01
-2.285544281626751550e-01
-2.309649792310002336e-01
-2.333755156151876009e-01
-2.357860432744466328e-01
-2.381965664622120171e-01
-2.406070881057798538e-01
-2.430176165351464745e-01
-2.454281715474384007e-01
-2.478387460396630493e-01
-2.502493268648540714e-01
-2.526599110370295609e-01
-2.550704951831340717e-01
-2.574810756586879967e-01
-2.598916486574934792e-01
-2.623022103102488622e-01
-2.647127567736911047e-01
-2.671232887618212870e-01
-2.695338186122531732e-01
-2.719443460072299423e-01
-2.743548711394447892e-01
-2.767653943361376712e-01
-2.791759160451398047e-01
-2.815864335314531841e-01
-2.839969508219521988e-01
-2.864074683452545456e-01
-2.888179862722728974e-01
-2.912285047640394420e-01
-2.936390239701595073e-01
-2.960495440272934986e-01
-2.984600650578433934e-01
-3.008705923343031330e-01
-3.032811240275239406e-01
-3.056916574043425650e-01
-3.081021929163728079e-01
-3.105127309562401572e-01
-3.129232718446222083e-01
-3.153338158201648977e-01
-3.177443630320655465e-01
-3.201549135351882680e-01
-3.225654672874664897e-01
-3.249760241492767321e-01
-3.273865835158570881e-01
-3.297971458411242396e-01
-3.322077102929301695e-01
-3.346182763663352322e-01
-3.370288434797138466e-01
-3.394394109843195118e-01
-3.418499827196377350e-01
-3.442497054162955150e-01
-3.466606650866564943e-01
-3.490716204445274418e-01
-3.514825707050949211e-01
-3.538935157751473826e-01
-3.563044557884951224e-01
-3.587153910197201090e-01
-3.611263226421408401e-01
-3.635372505496903273e-01
-3.659481745715280065e-01
-3.683590945514099158e-01
-3.707700103541069492e-01
-3.731809218749262413e-01
-3.755918290507893609e-01
-3.780027318714928031e-01
-3.804136303899471883e-01
-3.828245242235956414e-01
-3.852354146362346743e-01
-3.876463013481655229e-01
-3.900571847172025763e-01
-3.924680651812963994e-01
-3.948789432556784051e-01
-3.972838967887045714e-01
-3.996945559036456097e-01
-4.021052139747174348e-01
-4.045158744995734912e-01
-4.069265376868664852e-01
-4.000012363699109175e-01
-4.000012518753000013e-01
-4.008723706461491676e-01
-4.010417192023554844e-01
-4.012683019283133090e-01
-4.014888536027920174e-01
-4.017272844533417153e-01
-4.019703814411678122e-01
-4.022024431369488617e-01
-4.024699527116246123e-01
-4.027221771895199698e-01
-4.029565685630904781e-01
-4.031404311401815543e-01
-4.033137684606349915e-01
-4.035041684843659882e-01
-4.037227182363680722e-01
-4.039242429081404961e-01
-4.041127072260516928e-01
-4.043187422272754294e-01
-4.045537075294966534e-01
-4.048527802478917303e-01
-4.051487866816438355e-01
-4.054953260288243766e-01
-4.058777950708881699e-01
-4.062681155285096102e-01
-4.066833740974952760e-01
-4.071271522617928573e-01
-4.075401433203995616e-01
-4.079810852017414780e-01
-4.102490249816007628e-01
-4.125153055175973527e-01
-4.147548981939206403e-01
-4.169893367961715613e-01
-4.192080178083436026e-01
-4.213939376870530773e-01
-4.235674725927902617e-01
-4.257318017916270070e-01
-4.278882400790234297e-01
-4.300528892177807871e-01
-4.322144554941673156e-01
-4.344802505520723446e-01
-4.366562804448883561e-01
-4.388628326211831965e-01
-4.410329745155436298e-01
-4.432112174141424887e-01
-4.453590479555880610e-01
-4.474853399405790411e-01
-4.495831299168710493e-01
-4.497770296951633107e-01
-4.499125059965572437e-01
-4.500547426502866655e-01
-4.522621909976992094e-01
-4.545126269271980157e-01
-4.567065131075005446e-01
-4.588980189709251367e-01
-4.610310617910649000e-01
-4.631395772525310761e-01
-4.653797309423996498e-01
-4.676139710780561343e-01
-4.699095433272718059e-01
-2.000001977041079015e-01
-2.000002115331603325e-01
-2.000919929606608805e-01
-2.001171167972755349e-01
-2.001650746532034064e-01
-2.002356934390888132e-01
-2.003234707039259210e-01
-2.004395887992072856e-01
-2.005591583311919224e-01
-2.007062903032451329e-01
-2.008789276083245146e-01
-2.010824424682787770e-01
-2.013236491301080844e-01
-2.015792872289285109e-01
-2.018562853414998248e-01
-2.021609906326386208e-01
-2.024924382386648347e-01
-2.028112438860112388e-01
-2.032013390907617401e-01
-2.036264212738902735e-01
-2.040782111459625570e-01
-2.045478457151249096e-01
-2.050986345209675765e-01
-2.056752705204414056e-01
-2.062528678567509266e-01
-2.068825449845498043e-01
-2.075481049419721780e-01
-2.081894171668027260e-01
-2.089087354624107329e-01
-2.096653190723808680e-01
-2.104147192534249755e-01
-2.111684307118870951e-01
-2.119637290290991016e-01
-2.127989439458974341e-01
-2.136680511796666682e-01
-2.145229523476158695e-01
-2.153696722037516387e-01
-2.162424631796439900e-01
-2.171594176528044706e-01
-2.181042094245899954e-01
-2.190710745296290396e-01
-2.200143333128079248e-01
-2.210068542701937033e-01
-2.220176014650388774e-01
-4.000008436033299364e-01
-4.000008589101716749e-01
-4.005314924555432032e-01
-4.008943212209509777e-01
-4.012107105033572152e-01
-4.014483806618407979e-01
-4.016217894755350626e-01
-4.017510727570109408e-01
-4.018375053421719412e-01
-4.018709123510804671e-01
-4.018592203897894399e-01
-4.018078026093335198e-01
-4.017217912313431061e-01
-4.015934921354326614e-01
-4.014339096711487254e-01
-4.012342814165565374e-01
-4.010002723488344523e-01
-4.007281746396637589e-01
-4.004489252958031709e-01
-4.001310364521366569e-01
-3.997839540415011328e-01
-3.994086720360172094e-01
-3.989814496049147730e-01
-3.985157994559495043e-01
-3.981362619047271179e-01
-3.978127704557182232e-01
-3.975012625536092914e-01
-3.972065042266528234e-01
-3.968962855693362601e-01
-3.965897156401400059e-01
-3.962210505456788545e-01
-3.958891473480587453e-01
-3.955619182356177044e-01
-3.952196141856061939e-01
-3.948630953397352927e-01
-3.944353418805176537e-01
-3.939626869571100642e-01
-3.935084216404162727e-01
-3.929185936956035574e-01
-3.923774937823307218e-01
-3.918845718158793234e-01
-3.912778980475899449e-01
-3.907790395473170753e-01
-3.902615376069969999e-01
-3.898458601910936294e-01
-3.893450402886755035e-01
-3.887975064724026875e-01
-3.882443551790080161e-01
-3.876876007342972552e-01
-3.872203683711530897e-01
-3.867771560000608511e-01
-3.862923738415235397e-01
-3.858240504986796271e-01
-3.853391255605040366e-01
-3.849197370610731306e-01
-3.844557800198806774e-01
-3.840853435034690677e-01
-3.837937760472861504e-01
-3.834293170441007703e-01
-3.830622780053384302e-01
-3.826996886519273833e-01
-3.823804302313022485e-01
-3.820708575701209919e-01
-3.818195212070216171e-01
-3.814700781923034967e-01
-3.810949893833998625e-01
-3.807908591347622940e-01
-3.804666324938134059e-01
-3.801777597552247756e-01
-3.798588629921069160e-01
-3.795461754738010951e-01
-3.793425731147074820e-01
-3.790764671975867528e-01
-3.788720520062711650e-01
-3.787037835728434554e-01
-3.785762981126389315e-01
-3.785055552456005334e-01
-3.783753662526702088e-01
-3.782491187183036341e-01
-3.781492853509381691e-01
-3.781082889961288052e-01
-3.780454883047933978e-01
-3.779050245547700970e-01
-3.777441117649681934e-01
-3.776490867604374024e-01
-3.775468063627105963e-01
-3.774639965721294788e-01
-3.773749839053751054e-01
-3.773524465854081744e-01
-3.773283960102695733e-01
-3.773266077758637982e-01
-3.773742931776148390e-01
-3.774277530931670066e-01
-3.774822518101257907e-01
-3.775426578584195614e-01
-3.775829462419570959e-01
-3.776115942141960446e-01
-3.776247474390840297e-01
-3.776303852779199222e-01
-3.776309732453643209e-01
-3.776299279928377328e-01
-3.776291368599709042e-01
-3.776274583343934288e-01
-3.776283201053863281e-01
-3.776265598485162855e-01
-3.776202134838572699e-01
-3.776155903024530636e-01
-3.776099937508399229e-01
-3.776065756186218758e-01
-3.775959019976858344e-01
-3.775841239412200401e-01
-3.775702294847482765e-01
-3.775779853723586488e-01
-3.775557100340580230e-01
-3.775266358766509178e-01
-3.774788073705601099e-01
-3.774706672339495084e-01
-3.774321305816671912e-01
-3.774236846979695525e-01
-3.774014309491897645e-01
-3.773531869088438406e-01
-3.773255773069757457e-01
-3.773213615259228826e-01
-3.772882168839866157e-01
-3.772273725872103967e-01
-3.771043612437755543e-01
-3.790956536055399284e-01
-3.810360087338655055e-01
-3.829958283884604686e-01
-3.849281271001775417e-01
-3.868815696745900312e-01
-3.888105641650658195e-01
-3.907571878173805024e-01
-3.927139612222952381e-01
-3.946612469378285026e-01
-3.966220026984232927e-01
-3.986041334562037131e-01
-4.005866207908856946e-01
-4.025528338958995755e-01
-4.045189259150615557e-01
-4.064716891557721978e-01
-4.084591288805231590e-01
-4.104220805369716563e-01
-4.123756185192234414e-01
-4.143293676662651026e-01
-4.162791404539833429e-01
-4.182510147374793874e-01
-4.202156560933439367e-01
-4.221549100191651638e-01
-4.241202573198944448e-01
-4.260559876138241275e-01
3.999972020815709128e-01
3.999971860560235792e-01
3.980940408272558573e-01
3.969206956555881849e-01
3.955376065564015775e-01
3.942060330126088141e-01
3.927352599928330412e-01
3.911909159921611034e-01
3.897064944220397509e-01
3.886083878887110488e-01
3.872253452692470121e-01
3.857674124763634249e-01
3.845295839191228970e-01
3.832279014734633615e-01
3.819899559743508144e-01
3.809034059822368201e-01
3.800330322736150124e-01
3.791737690427788854e-01
3.784130835237827228e-01
3.774069403709843784e-01
3.765760034877994045e-01
3.759997135182874817e-01
3.751877397848504825e-01
3.742838348274822313e-01
3.734906604398273711e-01
3.726740401109247536e-01
3.718930535901436851e-01
3.712283491864665219e-01
3.705508342400095634e-01
3.699295726738549561e-01
3.693289419900669390e-01
3.687474472875735265e-01
3.681571979285619967e-01
3.676618361373321653e-01
3.671643657386624571e-01
3.666621039369190593e-01
3.662462606397315912e-01
3.658332792223640273e-01
3.653141726584220317e-01
3.647443530595229078e-01
3.642417140190991609e-01
3.637258802765542809e-01
3.633027810793089674e-01
3.628618277548658067e-01
3.624309855557965587e-01
3.620269093861490095e-01
3.616806323080583030e-01
3.612966442488680374e-01
3.608436579905697217e-01
3.605245901747166082e-01
3.601826777439444127e-01
3.598055410588249514e-01
3.594045432581878252e-01
3.589535796627108533e-01
3.585621390835658784e-01
3.581696240094316419e-01
3.577865993136231659e-01
3.573650577198513312e-01
3.569105238111704437e-01
3.564899978732496422e-01
3.560167555983589360e-01
3.555910668047418954e-01
3.551057173262689437e-01
3.546857407177437804e-01
3.542293460320408149e-01
3.537298544695094416e-01
3.531991734946433592e-01
3.527118887326088914e-01
3.521995940425829419e-01
3.516874801193669575e-01
3.510529597130683799e-01
3.503088339588244504e-01
3.495337419649670041e-01
3.483814418640698851e-01
3.470503612200516730e-01
3.452672348982657735e-01
3.434156169817091375e-01
3.415640891966626458e-01
3.397126407217369581e-01
3.378612657650355566e-01
3.360099557865410258e-01
3.341586984343410949e-01
3.323074825259301202e-01
3.304562879507628725e-01
3.286051063065267286e-01
3.267539319260266972e-01
3.249027602900092515e-01
3.230515879430790882e-01
3.212004122250894933e-01
3.193492312172759862e-01
3.174980436307911491e-01
3.156468487044979399e-01
3.137956461130973485e-01
3.119444358862515920e-01
3.100932182996902209e-01
3.082420032962614465e-01
3.063907914703715707e-01
3.045395841093495037e-01
