-2.000032469813518565e-01
-2.000032628799037759e-01
-2.022693041651842383e-01
-2.033798848011007798e-01
-2.046939347326021397e-01
-2.056793267213448406e-01
-2.066974663907552301e-01
-2.075722207134553798e-01
-2.083557079954012625e-01
-2.089599939332868472e-01
-2.093708901960534274e-01
-2.099168942765382850e-01
-2.104829447633647099e-01
-2.111845991748826090e-01
-2.121708719075920679e-01
-2.128059980430613840e-01
-2.135463381419840934e-01
-2.144048642075029321e-01
-2.153876737076322878e-01
-2.162797134347186623e-01
-2.171790625594718360e-01
-2.182807087008864222e-01
-2.193183470022464776e-01
-2.206188127298624180e-01
-2.217783925235576881e-01
-2.230094438298447779e-01
-2.246787312200040077e-01
-2.261353307550907077e-01
-2.276778353482162010e-01
-2.288584861875397336e-01
-2.300053066967057414e-01
-2.314005278528946663e-01
-2.328715857702018388e-01
-2.341219574784449420e-01
-2.355299505829499818e-01
-2.367459298662918932e-01
-2.382048750416551897e-01
-2.394482302534795271e-01
-2.407299415113302588e-01
-2.421430900512317741e-01
-2.435620629795929304e-01
-2.446587738052777017e-01
-2.458169903885965291e-01
-2.469811640805081310e-01
-2.481625027623818591e-01
-2.492029870531658475e-01
-2.502544632468730046e-01
-2.512570791743939380e-01
-2.524403905582712215e-01
-2.536258772431492781e-01
-2.547709674492158460e-01
-2.559521301188195097e-01
-2.571362576347424600e-01
-2.581651955578293522e-01
-2.591511527805652193e-01
-2.602108650381255162e-01
-2.611888726905799429e-01
3.211778741701751302e-06
3.227756351966603073e-06
2.321690998504041988e-03
3.136666463668846567e-03
3.974044313908807295e-03
4.798005830953554381e-03
5.622451544686163025e-03
6.484976874758508619e-03
7.400425865502237126e-03
8.328596358044077635e-03
9.223596863922231201e-03
1.014251582353361061e-02
1.114274325832522762e-02
1.214051253871221633e-02
1.317427508237115595e-02
1.424035840828664912e-02
1.532970627419618162e-02
1.648429850199132837e-02
1.763386182099099461e-02
1.877408043178756952e-02
1.991757390501033842e-02
2.097720996660138240e-02
2.200767675425852402e-02
2.305820132589716381e-02
2.406803112357538618e-02
2.504516368553752134e-02
2.605613852160954327e-02
2.703161739424015178e-02
2.801848595066721778e-02
2.899980942745523579e-02
2.995172946114404641e-02
3.094273134142597539e-02
3.184546441050768034e-02
3.276198474236314412e-02
3.363500764692859551e-02
3.449930595365485742e-02
3.531134153930917674e-02
3.618389408108461935e-02
3.706141069159086393e-02
3.796325540533464216e-02
3.885185673590932365e-02
3.971794711373335951e-02
4.059477820393127961e-02
4.145877615261669286e-02
4.234901377825919105e-02
4.327910621720591766e-02
4.418757465099296122e-02
4.506028269659914653e-02
4.594822435683890149e-02
4.682893901337161630e-02
4.769855834568720310e-02
4.855260991865280318e-02
4.945504333703373834e-02
5.028409413649566340e-02
5.106997993990747275e-02
5.180593836904510974e-02
5.251862101804068844e-02
5.324731648321107819e-02
5.393466785057127871e-02
5.456628012048930082e-02
5.518689237084856147e-02
5.583129416461477673e-02
5.645895869743062373e-02
5.710286903630033828e-02
5.773412648726870128e-02
5.838190448129296911e-02
5.901362233728143364e-02
5.962231201956071092e-02
6.016233913583406145e-02
6.074759992190482266e-02
6.137493020660224341e-02
6.198590943771394024e-02
6.265744199238869327e-02
6.329598788100494755e-02
6.391252137491515439e-02
6.456112643099347348e-02
6.516463107437575619e-02
6.574929113495085742e-02
6.642395020513104653e-02
6.713697670478489810e-02
6.787671090835163679e-02
6.858440531743334456e-02
6.929032817056886284e-02
7.002218352735528617e-02
7.078446320615407183e-02
7.150580384679390555e-02
7.219972453323625361e-02
7.288816039341194930e-02
7.357214773467483926e-02
7.427889997751493945e-02
7.497189780748278465e-02
7.568195634665288163e-02
7.641509946714991619e-02
7.717570709333176904e-02
7.794300107677930300e-02
7.867579484379469412e-02
7.937320834308368711e-02
8.011422568730366955e-02
8.087272924941978081e-02
8.164161545379101936e-02
8.239985502071725532e-02
8.319091310710008402e-02
8.401664286014712268e-02
8.485304238615500039e-02
8.570949267664305926e-02
8.665366867774444704e-02
8.761533254278933147e-02
8.859000433400740504e-02
8.953779290383519218e-02
9.048570961635839238e-02
9.141339017308663939e-02
9.236593490780925508e-02
9.324434281799506841e-02
9.409205742835667630e-02
9.495622546340368175e-02
9.577431099524444380e-02
9.662581037279782681e-02
9.742851203956971740e-02
9.821497892562074117e-02
9.896569682192940531e-02
9.972620493424870503e-02
1.005030472584646783e-01
1.013538857813107430e-01
1.021936674325937683e-01
1.030799891397131962e-01
1.039165869096937284e-01
1.047756617526093698e-01
1.056424751431203207e-01
1.064959331483769644e-01
1.073712916862440692e-01
1.082974691975844977e-01
1.092490700023064087e-01
1.101651385589419024e-01
1.110704880184398974e-01
1.119922572922268933e-01
1.128717154076660095e-01
1.137663499444407783e-01
1.147312937046184034e-01
1.156779538186134271e-01
1.166122534050216125e-01
1.175710858869685460e-01
1.185039854278419069e-01
1.194037819720959459e-01
1.202445105970551542e-01
1.210888350505985728e-01
1.219542845023365435e-01
1.228554761179130872e-01
1.236584536182591398e-01
1.244514351188518997e-01
1.251730488136860997e-01
1.258886280023586435e-01
1.266484634388386765e-01
1.274028238217016495e-01
1.281962262321981183e-01
1.290151206324762212e-01
1.298176056693337577e-01
1.306008233312737354e-01
1.314063527347348603e-01
1.321731389343823448e-01
1.329510105769875494e-01
1.337552306875398889e-01
1.346115964211934413e-01
1.354426366181073482e-01
1.362352038393576659e-01
1.370405111263969800e-01
1.378220493086927678e-01
1.385743388860691538e-01
1.393753996129739603e-01
1.401704619572280985e-01
1.409262816296296961e-01
1.416604147237235101e-01
1.423401322058378826e-01
1.430109591233347521e-01
1.436853885869655290e-01
1.443576486760914657e-01
1.449753181874242347e-01
1.455107636070274157e-01
1.460728055363144373e-01
1.466008450641868854e-01
1.471733864164918582e-01
1.477048397042858008e-01
1.482754382963091810e-01
1.488310545551750630e-01
1.494858924701344127e-01
1.501426826984807450e-01
1.508125636595664398e-01
1.515170959795116290e-01
1.522076482206312920e-01
1.529138853036483836e-01
1.535970193640204262e-01
1.543223617781006030e-01
1.550883836002781568e-01
1.558402103496548674e-01
1.566383794264271101e-01
1.574308642314755646e-01
1.582224289923004623e-01
1.590646414694044108e-01
1.598718208861467094e-01
1.606686116428542310e-01
1.614724172833328086e-01
1.623003500202621630e-01
1.631372168080886809e-01
1.638987860705191368e-01
1.646916223108978450e-01
1.654773600622492791e-01
1.662231969473378090e-01
1.670743642513253802e-01
1.679425699452334053e-01
1.688152312013284362e-01
1.696581359664328659e-01
1.705310072451025338e-01
1.713564177872549943e-01
1.722001163472739460e-01
1.730766916708657843e-01
1.739312879469513129e-01
1.747604825792722361e-01
1.755908680978739422e-01
1.764202220851590064e-01
1.772011352100856252e-01
1.780110715019569689e-01
1.788929595262128691e-01
1.796716123850059244e-01
1.804105914374576625e-01
1.810963589546513985e-01
1.818126968489557072e-01
1.825758179175586693e-01
1.834383376450721137e-01
1.842967619027718051e-01
1.851133791991489419e-01
1.859256712377410081e-01
1.867816171776697232e-01
1.875404365287749175e-01
1.882392133254865985e-01
1.889575344446699501e-01
1.896680102643890919e-01
1.903184157166804003e-01
1.909269962293642375e-01
1.915509897395568095e-01
1.921960125836693345e-01
1.927810408523102093e-01
1.933510810412676639e-01
1.939063240492462370e-01
1.944937043207759231e-01
1.951181285637285101e-01
1.956937298601031106e-01
1.963189351485547796e-01
1.969368075926435091e-01
1.974834678048214831e-01
1.980013736717098627e-01
1.985608833045557631e-01
1.990828478872317397e-01
1.996172509102510095e-01
2.001117738166741933e-01
2.005863441578464301e-01
2.010909518540425212e-01
2.015924221091280333e-01
2.020576845396846732e-01
2.025196386863108711e-01
2.029390855254620263e-01
2.032639281226767958e-01
2.036469274546379715e-01
2.040550981795609953e-01
2.044724479409202877e-01
2.048801242895285368e-01
2.052662026944270524e-01
2.056236408368823931e-01
2.060429721666004188e-01
2.064922231395742158e-01
2.069993384918295543e-01
2.074804938042796865e-01
2.079589148157728884e-01
2.084393708231831455e-01
2.088555052966528658e-01
2.093233414705697737e-01
2.097349157873292513e-01
2.101507289323306105e-01
2.106030314696610839e-01
2.110341183438119994e-01
2.114320748113878712e-01
2.118295268118833008e-01
2.122215386433851103e-01
2.126166907677573270e-01
2.129889746465684630e-01
2.133614865849833286e-01
2.137267398138574526e-01
2.140237580490649827e-01
2.143413141761764951e-01
2.147118426781313982e-01
2.150571562519229263e-01
2.154478723090660630e-01
2.158117754011484590e-01
2.161624670485042532e-01
2.164332161894716722e-01
2.167206160321882014e-01
2.170580180570106932e-01
2.174004213065728330e-01
2.177777226909613506e-01
2.181980455407234731e-01
2.186137908439992894e-01
2.190175454878928452e-01
2.193603129007708485e-01
2.197455094551266364e-01
2.201386726625077783e-01
2.205281818898450208e-01
2.208973760588285595e-01
2.212956625787287912e-01
2.217296723639872458e-01
2.221703075770893876e-01
2.225909424257546954e-01
2.230288501793856459e-01
2.235036580959876562e-01
2.239689979984686996e-01
2.244209250800942024e-01
2.249056648773927469e-01
2.254050967858702292e-01
2.259478679999708806e-01
2.264042385256347101e-01
2.269077897668178578e-01
2.274147018233828033e-01
2.278855900259281753e-01
2.283811157298571426e-01
2.288817323206657761e-01
2.293132827109962968e-01
2.299233028656891831e-01
2.305667358406817413e-01
2.312941701870109279e-01
2.319500818320138491e-01
2.327860196801181392e-01
2.335759111700753399e-01
2.344578823303271609e-01
2.352971719847727627e-01
2.363948606322864021e-01
2.371901458936135076e-01
2.381824615397761524e-01
2.389386465034951390e-01
2.398129911991236929e-01
2.407281268480475633e-01
2.416080167992723793e-01
2.426079710136858636e-01
2.434831277216469303e-01
2.444964447981037292e-01
2.452724056652282880e-01
2.460384222293375278e-01
2.467766998045274884e-01
2.475281900268848367e-01
2.480913282894162963e-01
2.485442008524617052e-01
2.490326180492928310e-01
2.494314219591389492e-01
2.498925582138520618e-01
2.504440673549218066e-01
2.511251632461677930e-01
2.516102811859113331e-01
2.522081680911485990e-01
2.526725261982063486e-01
2.530805815421394711e-01
2.534294879995690475e-01
2.540954585422041667e-01
2.547981549684957270e-01
2.555196622781206739e-01
2.562173922516236546e-01
2.569031106607181369e-01
2.576354501694924637e-01
2.587016025473680703e-01
2.595819102850257520e-01
2.605259704591179060e-01
2.613608972959371446e-01
2.619736977011393741e-01
2.629823837955098109e-01
2.638683415640499241e-01
2.645939554746244426e-01
2.655085863973922211e-01
2.665436813198024946e-01
2.675597974813161972e-01
2.684117915191639447e-01
2.690112782509617162e-01
2.698684084471917877e-01
2.704778131041640776e-01
2.712844429828765169e-01
2.717304876914944378e-01
2.722338554403397892e-01
2.727755264004464997e-01
2.733327967501084643e-01
2.737090720781752418e-01
2.741244780116107727e-01
2.745710422854280020e-01
2.750835701258631527e-01
2.756829751608925183e-01
2.762688526560583280e-01
2.768670549970586592e-01
2.774168005750109467e-01
2.779416080786646370e-01
2.784332319264979927e-01
2.789771399747300595e-01
2.795007383808150170e-01
2.801980781093582618e-01
2.809693337644788014e-01
2.817269186448731477e-01
2.825750121169431917e-01
2.834181582640792896e-01
2.842789043918472203e-01
2.850412752977855013e-01
2.858209549503610281e-01
2.865715792761293623e-01
2.873262068067292674e-01
2.880784204002731497e-01
2.888287794158173605e-01
2.896347974689835181e-01
2.905036770445433847e-01
2.913310574037243361e-01
2.922807684917750337e-01
2.933817909161408610e-01
2.942141539289370722e-01
2.950172600636399300e-01
2.959365527959395559e-01
2.967760854298828188e-01
2.974260757111545361e-01
2.979503808778978802e-01
2.984646315930719052e-01
2.989918224069119113e-01
2.996245329412015046e-01
3.003014158318215165e-01
3.010298532983105568e-01
3.016718101482527836e-01
3.022654925015371696e-01
3.027752940568929074e-01
3.033595308044828021e-01
3.038094073731498757e-01
3.043109859972790709e-01
3.047659471863745639e-01
3.053198326826263576e-01
3.057896293679708277e-01
3.063297875036269935e-01
3.067370318451920208e-01
3.074728462616405644e-01
3.081048949209078125e-01
3.087666775206917569e-01
3.093486681976314046e-01
3.097873884113894749e-01
3.100991056998356754e-01
3.104368491555989373e-01
3.108578343756055462e-01
3.112631485699684508e-01
3.117491879455203119e-01
3.119275128704492306e-01
3.120967877434029369e-01
3.123292547090467663e-01
3.125836951156262256e-01
3.128086011267706135e-01
3.130203271080586047e-01
3.132554666711704905e-01
3.134305583359895953e-01
3.135634403756984989e-01
3.138067437087476153e-01
3.141752129992548825e-01
3.145161539007647611e-01
3.149177551096537520e-01
3.152405607494528916e-01
3.156945325096128796e-01
3.161185321652464353e-01
3.164576174718537471e-01
3.166809553214650630e-01
3.169739360191359268e-01
3.171234326409492210e-01
3.172237404084055079e-01
3.174536523730203119e-01
3.178203915337207142e-01
3.183203736102838133e-01
3.186590587205915259e-01
3.191665586902900364e-01
3.195157691807172795e-01
3.201420920871473341e-01
3.206941533873485795e-01
3.212595250388168844e-01
3.216639754884495495e-01
3.220379840757042200e-01
3.221777390219287551e-01
3.223362761897186068e-01
3.224589926140379315e-01
3.226021187722065142e-01
3.227919723291006182e-01
3.229452070171143774e-01
3.230746449584665503e-01
3.231927364959601423e-01
3.233251719335725194e-01
3.234360830645506280e-01
3.235428867722138779e-01
3.236432695447267194e-01
3.237580288016390084e-01
3.238631629834108905e-01
3.239408025095230070e-01
3.240383318259674184e-01
3.241481171589641885e-01
3.242883460566545750e-01
3.244419841906224233e-01
3.246119198184335697e-01
3.247752447767506268e-01
3.249216876723433067e-01
3.250493662692869878e-01
3.251514293219049945e-01
3.252860059259515269e-01
3.254160349087308890e-01
3.255663196574121732e-01
3.257076241759314650e-01
3.258713098061044033e-01
3.260193996526214999e-01
3.261500939387104725e-01
3.262957175652081987e-01
3.264579051598000548e-01
3.266497817736846998e-01
3.268375751740644763e-01
3.270222900095200447e-01
3.271967610586138941e-01
3.273619058449824815e-01
3.275115354713932780e-01
3.276477764740600152e-01
3.277665158420741687e-01
3.279205925983562642e-01
3.280867216373254958e-01
3.282755272556232007e-01
3.284633542531261718e-01
3.286368574337432680e-01
3.288136414000459307e-01
3.289966960985377109e-01
3.291615384481492712e-01
3.293205111866095436e-01
3.294730114362869333e-01
3.296252545394169342e-01
3.297731263193938722e-01
3.299357000437984078e-01
3.300744817764136863e-01
3.302420522270415604e-01
3.304236883867611163e-01
3.306185212558220288e-01
3.308196879736518548e-01
3.310112304969229369e-01
3.311883882829597114e-01
3.313599080365121630e-01
3.315292381640003727e-01
3.317160440908618058e-01
3.319164556112514375e-01
3.321150042608337905e-01
3.323339406328276180e-01
3.325526378117695803e-01
3.327821101702018725e-01
3.330211258695768839e-01
3.332558387072760420e-01
3.334778568554601086e-01
3.337158131093814206e-01
3.339515241085688757e-01
3.341669498631428814e-01
3.343975552476635693e-01
3.346237364019535310e-01
3.348417272847217241e-01
3.350480955616919054e-01
3.352554841448370238e-01
3.354794591805730364e-01
3.356886441926990039e-01
3.358789728885035464e-01
3.360835902009223775e-01
3.362711854907130538e-01
3.364449903301584555e-01
3.366092516501315579e-01
3.367637128559607396e-01
3.369290520628448471e-01
3.370565552728562175e-01
3.371796394028982458e-01
3.373015180229652632e-01
3.373945957741454893e-01
3.374826666756922666e-01
3.375785004082511032e-01
3.376742481112452454e-01
3.377634954487774843e-01
3.378456557576097752e-01
3.379269109232267976e-01
3.380004160315846495e-01
3.380698542141988838e-01
3.381444576417692582e-01
3.382036967225083846e-01
3.382589533199031884e-01
3.383410307122318161e-01
3.384265908886752161e-01
3.385316400627788602e-01
3.386030472679187886e-01
3.387494850904639310e-01
3.388241416221567381e-01
3.388867152295033103e-01
3.389628934542212035e-01
3.390272926128360398e-01
3.391031495608056168e-01
3.391638708398589941e-01
3.392350549699867379e-01
3.392858299140971146e-01
3.393239292663893791e-01
3.393619595300692571e-01
3.394026942440245276e-01
3.394357303643070756e-01
3.394820731039867034e-01
3.395165875627347840e-01
3.395582223510359432e-01
3.395965264518595039e-01
3.396253955818970272e-01
3.396479103744440287e-01
3.396680179775189989e-01
3.396898583063794885e-01
3.397055127395000040e-01
3.397339199731063131e-01
3.397681396256366226e-01
3.398068351765851647e-01
3.398452550175074527e-01
3.398936226500497426e-01
3.399376895163535583e-01
3.399866701323398521e-01
3.400317648511085311e-01
3.400744584957782757e-01
3.401078034511930137e-01
3.401431424881177779e-01
3.401781535488578312e-01
3.402144185747776328e-01
3.402455126260862661e-01
3.402782629110743806e-01
3.403155675366516530e-01
3.403476150884449658e-01
3.403729873448903542e-01
3.403970265286115349e-01
3.404214092508010547e-01
3.404436976347461896e-01
3.404716776261584865e-01
3.404946656818691464e-01
3.405144779637426788e-01
3.405282234114246354e-01
3.405379783308943864e-01
3.405461668190912783e-01
3.405548273818730931e-01
3.405619786426610229e-01
3.405672173466058883e-01
3.405714987370878077e-01
3.405752461094093131e-01
3.405768716222424830e-01
3.405775780685162402e-01
3.405770391337633596e-01
3.405755618565231013e-01
3.405727962452915758e-01
3.405680677687903946e-01
3.405621216226839554e-01
3.405560572199029523e-01
3.405481583580127758e-01
3.405393477197483088e-01
3.405297088705076525e-01
3.405178210339812606e-01
3.405025609097874773e-01
3.404846815325294762e-01
3.404631510177639764e-01
3.404449333657149079e-01
3.404270159324515044e-01
3.404137263301270089e-01
3.403923119716837919e-01
3.403688407152796191e-01
3.403385826129489700e-01
3.403059435770525165e-01
3.402701830446576148e-01
3.402068855484989829e-01
3.401680532760018028e-01
3.401238141887559241e-01
3.400682918966962953e-01
3.400213423462279394e-01
3.399520548901153183e-01
3.399045752482309224e-01
3.398756027570162819e-01
3.396777249294619105e-01
3.395083371439319153e-01
3.394082943665300833e-01
3.390638730648120047e-01
3.389478053460543427e-01
3.383757057500057508e-01
3.382500050940345782e-01
3.378804284713627926e-01
3.377494924271935983e-01
3.375608498810101499e-01
3.374667895760007919e-01
3.374264347987294688e-01
3.373467702243219124e-01
3.372682286564482879e-01
3.371365750092491509e-01
3.367627056103539851e-01
3.362953866627799160e-01
3.359472262899259043e-01
3.357789063706762001e-01
3.356270516393908832e-01
3.349190939206271311e-01
3.347199721328984467e-01
3.341978099783513012e-01
3.340024921911986522e-01
3.332872440962814098e-01
3.327509584396004527e-01
3.318120045749333724e-01
3.309397659313901841e-01
3.299852289938270400e-01
3.290315285876588280e-01
3.280815740235517586e-01
3.271285842298141677e-01
3.261761783585026553e-01
3.252242616760663285e-01
3.242727448545071334e-01
3.233215451494714787e-01
3.223705948012178246e-01
3.214198322993859769e-01
3.204692058536866561e-01
3.195186737132287291e-01
3.185682030726378344e-01
3.176177692273692288e-01
3.166673542620194737e-01
3.157169493931733517e-01
3.147665461511404694e-01
3.138161365352072907e-01
3.128678755944434564e-01
3.119227295439376269e-01
3.109702811911322362e-01
3.100178435068906002e-01
3.090654191993480460e-01
3.081130093378735002e-01
3.071606140618639014e-01
3.062082329018808169e-01
3.052618533484252605e-01
3.043312748355747055e-01
3.034097497620399375e-01
3.025045268843400970e-01
3.015814058535804532e-01
3.007487832574005648e-01
2.999740620686219827e-01
2.993629526162894239e-01
2.988642126146714983e-01
2.984662629672736878e-01
2.980943037187860911e-01
2.976545207873465548e-01
2.972361575298418934e-01
2.968392411987139101e-01
2.965181527206105505e-01
2.959640233618585081e-01
2.955831832170757734e-01
2.951583059230047379e-01
2.947931028162522060e-01
2.944101493419952753e-01
2.941375278880113409e-01
2.937760500966677957e-01
2.934871360809043761e-01
2.932247351944000102e-01
2.929615897837876681e-01
2.927054802758554675e-01
2.924188110260959039e-01
2.921821692545960025e-01
2.918922783477730376e-01
2.916334993674215559e-01
2.912915406083790293e-01
2.910302652774862109e-01
2.907856566167144607e-01
2.904209484158118415e-01
2.901724365525589211e-01
2.897944893097903485e-01
2.894980998950538176e-01
2.891435627955757370e-01
2.888659643481752415e-01
2.885879415775590151e-01
2.883459896092410157e-01
2.881059813395617786e-01
2.878565112937417902e-01
2.875858653178648972e-01
2.873690368065802692e-01
2.871679905606102090e-01
2.868914491337414829e-01
2.867193958320606306e-01
2.865875299780665242e-01
2.864386125642050529e-01
2.862808639200663530e-01
2.861856943542150922e-01
2.861207367240162780e-01
2.860044913486825546e-01
2.859374530954874039e-01
2.857906606801367544e-01
2.856607551477208795e-01
2.854811075915912877e-01
2.852692844953617080e-01
2.850047003426733894e-01
2.848247997661321751e-01
2.846536951427687812e-01
2.844692227711417276e-01
2.843156204735985959e-01
2.841385306739931949e-01
2.839605557669144242e-01
2.837735792854825800e-01
2.836076698936853546e-01
2.834983178322534880e-01
2.833653893274867830e-01
2.831657535222220634e-01
2.829671636366475895e-01
2.828039784440324889e-01
2.826337554093522053e-01
2.825067154726637608e-01
2.823893425353495301e-01
2.823366594665369100e-01
2.822610546940231280e-01
2.821852671529774259e-01
2.820598136236620590e-01
2.819482044555176037e-01
2.818661797164301874e-01
2.817885635304687719e-01
2.817283434982014168e-01
2.817036092759293564e-01
2.816947163368284102e-01
2.816889367931029176e-01
2.816428710747085895e-01
2.815819182821368560e-01
2.815303958171059828e-01
2.814798059117422091e-01
2.814333207064066977e-01
2.813747203286463550e-01
2.813445190072531021e-01
2.813011573755148098e-01
2.812670651389571619e-01
2.812622582498047752e-01
2.811914197988840125e-01
2.811221750542963749e-01
2.810421983198447271e-01
2.809241831258244559e-01
2.808581395334434072e-01
2.807985535793556808e-01
2.807600866881213575e-01
2.806876274473203425e-01
2.806694316177980042e-01
2.806431424934738850e-01
2.806299491019501047e-01
2.806114743474314999e-01
2.806221913127857626e-01
2.806331462006315114e-01
2.806437206641108073e-01
2.806425151970569076e-01
2.806696915638153822e-01
2.806774334029668583e-01
2.806903890612214569e-01
2.807126983919190910e-01
2.807245180901297710e-01
2.807496067979069476e-01
2.807660884898337539e-01
2.807735813433213656e-01
2.807731298315850887e-01
2.807727888360544988e-01
2.807686387964667407e-01
2.807642578196562488e-01
2.807518592205007768e-01
2.807426061810901485e-01
2.807311515526229040e-01
2.807174067391087213e-01
2.806947693716879688e-01
2.806675567604824950e-01
2.806299800737186434e-01
2.805830081907218498e-01
2.805516818935192003e-01
2.805102100028658008e-01
2.804670125897026356e-01
2.804103945920279339e-01
2.803542971373810810e-01
2.803204964097932850e-01
2.802452092514491899e-01
2.802079667528002971e-01
2.801817875989786044e-01
2.801799701804749132e-01
2.801693735082770309e-01
2.802009804796991022e-01
2.802251281151459938e-01
2.802625742204242765e-01
2.803242941333333182e-01
2.804554653676964993e-01
2.805456893342564983e-01
2.806794294967524528e-01
2.808453844453628334e-01
2.811213660856846097e-01
2.813094985362590283e-01
2.813763250407057548e-01
2.814646716379962665e-01
2.815185474665479748e-01
2.815375264109079567e-01
2.815591522495105581e-01
2.818372338524580134e-01
2.819084226210004651e-01
2.819473716050763801e-01
2.820296360481308051e-01
2.821393786676451021e-01
2.823804483209152449e-01
2.824807193896570756e-01
2.827289626487122232e-01
2.829834080113342587e-01
2.831630647679736490e-01
2.834605039150001615e-01
2.838784321181551107e-01
2.842602073445418820e-01
2.846897550087152395e-01
2.851442820647559495e-01
2.855155124813557044e-01
2.858870853936418821e-01
2.862277213206249060e-01
2.864113477100651561e-01
2.865739761810159325e-01
2.866945121621232717e-01
2.868110490164041404e-01
2.868551193832732937e-01
2.868880367260172037e-01
2.870956819379695268e-01
2.873946077249303066e-01
2.878726250471643766e-01
2.882085453621979210e-01
2.886681944268048028e-01
2.891121348537403768e-01
2.895157320078834418e-01
2.899645111032302935e-01
2.902953294706026588e-01
2.905018907652300864e-01
2.907344310291355427e-01
2.908137231401685119e-01
2.908198518889435480e-01
2.907965705000736256e-01
2.907220649757885633e-01
2.907134734618693761e-01
2.907479183150236124e-01
2.907935110109550747e-01
2.910514443171703935e-01
2.911818235929825582e-01
2.915786707721302884e-01
2.919552594959198277e-01
2.926097135834873630e-01
2.933580179445103298e-01
2.938830360865788971e-01
2.945468805171408411e-01
2.948013309363108347e-01
2.953941624625614493e-01
2.962498960131060288e-01
2.971649659447979097e-01
2.981622485809456991e-01
2.990795210147194627e-01
3.002355660321767150e-01
3.013602269590741622e-01
3.024988798556054737e-01
3.036211852013914747e-01
3.047291506901562141e-01
3.058785394369630262e-01
3.069241637356813768e-01
3.080097809397132624e-01
3.091501255833103423e-01
3.102912031567361950e-01
3.114408426860036938e-01
3.125970994658074931e-01
3.137549612446168257e-01
3.147952130587287067e-01
3.159034061025863815e-01
3.169547859927842604e-01
3.176967217307289371e-01
3.185453601544847579e-01
3.192926156003841331e-01
3.199457471344253623e-01
3.205655971738817778e-01
3.207057754793097293e-01
3.212088537485806028e-01
3.213179800215675286e-01
3.214314388026294766e-01
3.217164818475853338e-01
3.219261151692522915e-01
3.224536742741480055e-01
3.226401619816227084e-01
3.227349320681692224e-01
3.225969006071869871e-01
3.225273730206973943e-01
3.224819390167734112e-01
3.223242138048853511e-01
3.221017713604654720e-01
3.218512597895865079e-01
3.217157490220240446e-01
3.217166372340421465e-01
3.217107508563141205e-01
3.218044227349037278e-01
3.219286421072058979e-01
3.220187811891712659e-01
3.220107403974931115e-01
3.220343625684678468e-01
3.218869657639404913e-01
3.217868600636094589e-01
3.217623073694475533e-01
3.214116134211062459e-01
3.211644585415943109e-01
3.209422149177189598e-01
3.207005602732967975e-01
3.204355148290309319e-01
3.203379075313338986e-01
3.203674983468949300e-01
3.204368824020690232e-01
3.205666843121667831e-01
3.206172028795785667e-01
3.205676917803226833e-01
3.205377346294634444e-01
3.203462542824991321e-01
3.201530570114966556e-01
3.199975310950629592e-01
3.198064118954337398e-01
3.198452382268993643e-01
3.199607427596687925e-01
3.200271883998158651e-01
3.200900686149159013e-01
3.200694134738577556e-01
3.200962266581971472e-01
3.200898693527146621e-01
3.200601448107792124e-01
3.200200233501074298e-01
3.200064178300782713e-01
3.199868858010430084e-01
3.199706086584780951e-01
3.199576118587024176e-01
3.199539492100505478e-01
3.199562585227069822e-01
3.199566315208637879e-01
3.199264878532999679e-01
3.198673885609442102e-01
3.198231916004565800e-01
3.196805601574365663e-01
3.195143908481256623e-01
3.192887865370930278e-01
3.190342572106386609e-01
3.187268650745458398e-01
3.183939394039936310e-01
3.179508299174394481e-01
3.175694531028216416e-01
3.172074487226865802e-01
3.167388935585619403e-01
3.163765695055382743e-01
3.160592635208067658e-01
3.157702274413038968e-01
3.154366882735481492e-01
3.150211736485780678e-01
3.145536722393684204e-01
3.140466808398295617e-01
3.133741486892371308e-01
3.127376108034123914e-01
3.120854902221756877e-01
3.113118003600434114e-01
3.104698204273307338e-01
3.094084855714843707e-01
3.081855578309434796e-01
3.070385750221544252e-01
3.058308978977258841e-01
3.045786088080690845e-01
3.032124047251116283e-01
3.018347789585039687e-01
3.004089980418369610e-01
2.989988507707145304e-01
2.975009558147806987e-01
2.960433281973634534e-01
2.946856575227905783e-01
2.933965027501412859e-01
2.921280968453255911e-01
2.909233690214904078e-01
2.897707576933996609e-01
2.885195809180782223e-01
2.872460222065166269e-01
2.859769096260764698e-01
2.846528895098692225e-01
2.832112904876882831e-01
2.817411332064854723e-01
2.802569007069775076e-01
2.786716858008773667e-01
2.770935809594368138e-01
2.755225305657554302e-01
2.738858996096797949e-01
2.722043720699309222e-01
2.704186448282516753e-01
2.685876395850929632e-01
2.667224195301570733e-01
2.648453275746709967e-01
2.629871498691747633e-01
2.611460182013944364e-01
2.592612111592453861e-01
2.573702139091396113e-01
2.554978338899015489e-01
2.536309644939777064e-01
2.517830711227012075e-01
2.499670192462972729e-01
2.481478567091194298e-01
2.463807885599646474e-01
2.446026028565957133e-01
