2.000014607125390753e-01
2.000014762419164704e-01
2.009782798389513625e-01
2.019577471554111492e-01
2.029297545157614791e-01
2.038967538146785052e-01
2.048829728220584734e-01
2.058314570705627733e-01
2.067715934516038412e-01
2.076842984388929947e-01
2.086029227122614682e-01
2.095114487352103261e-01
2.104155162396346979e-01
2.113038746572761806e-01
2.121823735307764303e-01
2.130367949245310644e-01
2.138805667253731446e-01
2.147071179025621668e-01
2.155389148540396982e-01
2.163402725703153506e-01
2.171287268201983200e-01
2.178983450705185565e-01
2.186547584014721102e-01
2.193933204776241652e-01
2.201092810293832358e-01
2.208173927319075081e-01
2.215122504527208824e-01
2.222021059215415206e-01
2.228777841330995269e-01
2.235403594020956008e-01
2.241853440530851005e-01
2.248282620062097004e-01
2.254786805005137562e-01
2.261180781589957056e-01
2.267488805685821396e-01
2.273808898946966528e-01
2.280099963639299343e-01
2.286364672947479859e-01
2.292701218581120470e-01
2.299048290410902473e-01
2.305352613466894740e-01
2.311589936600130235e-01
2.317852080221393662e-01
2.324089473196252198e-01
2.330255886164044332e-01
2.336384733452682716e-01
2.342482323001870426e-01
2.348538282989234005e-01
2.354600355290711877e-01
2.360664253932092393e-01
2.366741397668010172e-01
2.372774677563165291e-01
2.378706395165262610e-01
2.384596841965913039e-01
2.390342653416596130e-01
2.396051512211466727e-01
2.401617231649338935e-01
2.406912911047451586e-01
2.412187911877602120e-01
2.417471495741442822e-01
2.422740422105625901e-01
2.427917828430371516e-01
2.433010644037261749e-01
2.438152636385099159e-01
2.443132417113174915e-01
2.448014875135228474e-01
2.452825330542707793e-01
2.457670532438542554e-01
2.462564427868131900e-01
2.467601807075250897e-01
2.472720039802603353e-01
2.477727406377602248e-01
2.482942384175073902e-01
2.488221692315978895e-01
2.493577440296729508e-01
2.498948307303075766e-01
2.504335992845567738e-01
2.509808974307505269e-01
2.515377799484261878e-01
2.521018855691477545e-01
2.526799091705159706e-01
2.532722981464210488e-01
2.538689011819862396e-01
2.544801135050474006e-01
2.550932355236600890e-01
2.557077840504735078e-01
2.563286595443338700e-01
2.569552407377986292e-01
2.575875018866146671e-01
2.582139150849285247e-01
2.588213838518945153e-01
2.594461866984737464e-01
2.600739148676602386e-01
2.607028390363507198e-01
2.613386819181958143e-01
2.619830670541753448e-01
2.626441967060470506e-01
2.632939035886757151e-01
2.639427986651900482e-01
2.645814832906545622e-01
2.652230916397347316e-01
2.658758401294005203e-01
2.665317341479127577e-01
2.671883560823929971e-01
2.678322416031492237e-01
2.684664857104837044e-01
2.690969979287440861e-01
2.697158180289230267e-01
2.703141500619206106e-01
2.709197994992966763e-01
2.715402624137817078e-01
2.721435546560344032e-01
2.727365981077139456e-01
2.733138246315350850e-01
2.738773883942686727e-01
2.744435163831299151e-01
2.750111664169947456e-01
2.755718251868502500e-01
2.761147496372790555e-01
2.766336848893049538e-01
2.771477478756619872e-01
2.776445176193879649e-01
2.781295209769815702e-01
2.786102641156444348e-01
2.790828795555716502e-01
2.795490405833600533e-01
2.800010449403200763e-01
2.804547465951036100e-01
2.808888104066000202e-01
2.813108153796700095e-01
2.817245953887405618e-01
2.821381520261104225e-01
2.825454854771041746e-01
2.829275601758865499e-01
2.832906909277138063e-01
