-3.999977955315867084e-01
-3.999977796754633497e-01
-3.984571001356698172e-01
-3.976713612607594706e-01
-3.968600274731307609e-01
-3.959791557098232273e-01
-3.949488297556299488e-01
-3.938893506497416208e-01
-3.927829590199970466e-01
-3.916759112969280809e-01
-3.905909981052594349e-01
-3.895214358423441103e-01
-3.883208774074173308e-01
-3.871146939464455983e-01
-3.859548543203984994e-01
-3.849075548242310574e-01
-3.839360455619399981e-01
-3.829188340680912961e-01
-3.818589182639135493e-01
-3.808021252489446895e-01
-3.796379951440170819e-01
-3.785098269641555824e-01
-3.774553666867569990e-01
-3.763432692201935659e-01
-3.753419623581442099e-01
-3.743589023897206935e-01
-3.732959427557696053e-01
-3.721355746616077931e-01
-3.708903648020318022e-01
-3.696323185018080548e-01
-3.684339957509207841e-01
-3.673021302156737611e-01
-3.662071641870823790e-01
-3.652134607882683848e-01
-3.642537428455586146e-01
-3.633046187836039831e-01
-3.624130203221024304e-01
-3.615303718778779540e-01
-3.606251488067031552e-01
-3.597481758576585587e-01
-3.589354868046976677e-01
-3.581304734824579117e-01
-3.573330134600033459e-01
-3.566101609395015415e-01
-3.559083709745017310e-01
-3.552211882794271136e-01
-3.545678487804674317e-01
-3.539654539087243035e-01
-2.000016545219144293e-01
-2.012380502565644935e-01
-2.019715697680646294e-01
-2.026742950704575330e-01
-2.033530126869673438e-01
-2.039607971962423549e-01
-2.045032446764747935e-01
-2.049903339248410616e-01
-2.054306254478308891e-01
-2.058036431897121987e-01
-2.061303808549665995e-01
-2.063964243389014852e-01
-2.066158230137925544e-01
-2.067864739239592686e-01
-2.069014349439452227e-01
-2.069622164411357990e-01
-2.069685278808964246e-01
-2.069204112850228927e-01
-2.068169140494527658e-01
-2.066591045815166228e-01
-2.064541028156148816e-01
-2.061878115700564451e-01
-2.058691418107818916e-01
-2.054891241820198389e-01
-2.050496961694872888e-01
-2.045659142418415066e-01
-2.040475349520960158e-01
-2.034902828800282115e-01
-2.028806198728412558e-01
-2.022174476381873032e-01
-2.015150738725692003e-01
-2.007818363019040209e-01
-1.999781122302082270e-01
-1.991292557484328762e-01
-1.982204829655187794e-01
2.821679321716648925e-07
1.730324136208469027e-04
3.012161817741056255e-04
3.810288763122878148e-04
1.544609055168297675e-04
-3.490851404960223370e-05
-2.652144740942241098e-04
-5.449343436485375343e-04
-9.116893408057831494e-04
-1.283190157795669351e-03
-1.704948761387984962e-03
-2.167095409327700166e-03
-2.687670235822659653e-03
-3.260451765939889786e-03
-3.862386856178114287e-03
-4.462694008532889361e-03
-5.091435069907935401e-03
-5.770113070576115590e-03
-6.453047721795243316e-03
-7.183922599317769594e-03
-7.948095808391647532e-03
-8.742040348345456180e-03
-9.536521169364192002e-03
-1.041183141476352547e-02
-1.135285284748017813e-02
-1.254731679058786013e-02
-1.364128525695117340e-02
-1.500421459351060013e-02
-1.662774131685293769e-02
-1.842265909118188244e-02
-2.030564789608911222e-02
-2.251640098488174452e-02
-2.458664047504900002e-02
-2.673217780270095711e-02
-2.892346677204925623e-02
-3.109319125693417799e-02
-3.334740462231940844e-02
-3.554877556889575463e-02
-3.780285087481349837e-02
-4.009644750307131411e-02
-4.234179626457766632e-02
-4.449588087818218823e-02
-4.658237487496782320e-02
-4.877912110737445822e-02
-5.104161549778733070e-02
-5.345470096812041105e-02
-5.579655205118263378e-02
-5.811986873789109359e-02
-6.053789157369006413e-02
-6.287786431659560249e-02
-6.524073432246285664e-02
-6.766278833254014968e-02
-6.990146929839165246e-02
-7.216377921508210225e-02
-7.450834762654574839e-02
-7.691547626811713612e-02
-7.930467790240008918e-02
-8.154713937318387729e-02
-8.399080905605708913e-02
-8.622865839066615190e-02
-8.864282080161699218e-02
-9.088397073091518397e-02
-9.314168648198657696e-02
-9.542647825876389434e-02
-9.778525734885751275e-02
-1.000956638861437709e-01
-1.022455948886063087e-01
-1.045068137220972193e-01
-1.066575014645550629e-01
-1.088887003425335759e-01
-1.111201968112331129e-01
-1.135394652666719822e-01
-1.158268533533064470e-01
-1.182331128192809222e-01
-1.205880652776948891e-01
-1.231015285923191815e-01
-1.252900513378061298e-01
-1.276055717081196472e-01
-1.298387244717555955e-01
-1.321391542364810656e-01
-1.344540666659324035e-01
-1.367505274064775844e-01
-1.390386933621310661e-01
-1.412869684053575658e-01
-1.434972305699071249e-01
-1.457366349674193151e-01
-1.481350570369432129e-01
-1.504115864395802193e-01
-1.528118354523997080e-01
-1.551164923083133973e-01
-1.575209998688288093e-01
-1.598733352247604100e-01
-1.623179423748590811e-01
-1.647849165235071855e-01
-1.672123909049510748e-01
-1.695954470661062974e-01
-1.719774181306103766e-01
-1.743638197117887978e-01
-1.767052362932311493e-01
-1.791326006094481615e-01
-1.814922497125541767e-01
-1.838313425281822566e-01
-1.862535967810617366e-01
-1.886163010902169312e-01
-1.909716385580349785e-01
-1.933439855504719695e-01
-1.957433573599289545e-01
-1.980841144163132950e-01
-2.004745866617282934e-01
-2.028942270906841094e-01
-2.053734754969324394e-01
-2.077028504459818015e-01
-2.100726640048579119e-01
-2.123898367640801588e-01
-2.147599316486405729e-01
-2.171529496676994908e-01
-2.195828874315337853e-01
-2.219901044281461233e-01
-2.244164779886767269e-01
-2.268827552307999262e-01
-2.293506565185497725e-01
-2.317697117968764431e-01
-2.342734910994848097e-01
-2.367259101139618238e-01
-2.391655560564139582e-01
-2.416152271818925168e-01
-2.440325963955626010e-01
-2.463962411401085795e-01
-2.488269571608963948e-01
-2.512642378220149575e-01
-2.536417987675174679e-01
-2.559866409198413573e-01
-2.582791042041760465e-01
-2.606368523197869491e-01
-2.629817827446939149e-01
-2.652633160086579900e-01
-2.675761914559619536e-01
-2.698430315922115685e-01
-2.721770650547107873e-01
-2.744764246071412783e-01
-2.767719998315126273e-01
-2.791045614873594038e-01
-2.814941977870778489e-01
-2.838336736571419605e-01
-2.862218777704635397e-01
-2.886371018437971503e-01
-2.910770369694093973e-01
-2.934748095284349101e-01
-2.959014213396245485e-01
-2.982620103971765912e-01
-3.005860105175371388e-01
-3.029185479758559896e-01
-3.052304030331687290e-01
-3.075589853438310262e-01
-3.099014343165089058e-01
-3.121849936233432321e-01
-3.145150081733437686e-01
-3.168543303207043693e-01
-3.192430323847121887e-01
-3.216803537961688275e-01
-3.241279729695555334e-01
-3.265758858738632142e-01
-3.290094454379605682e-01
-3.314573716690096261e-01
-3.338803343813205871e-01
-3.363278132168072143e-01
-3.387754106409659460e-01
-3.411999196718034644e-01
-3.436469744539700222e-01
-3.460940879584436525e-01
-3.485412434330353859e-01
-3.509884282970814340e-01
-3.534356451300067481e-01
-3.558828882693576556e-01
-3.583301525999381676e-01
-3.607669713377903986e-01
-3.631976690607917058e-01
-3.656179184423828943e-01
-3.680636452296700001e-01
-3.704897535829236310e-01
-3.729349223379236355e-01
-3.753709952207978096e-01
-3.778158935224532611e-01
-3.802608015406669373e-01
-3.827057183307724930e-01
-3.851506430277578108e-01
-3.875532492297592557e-01
-3.899732054391866765e-01
-3.922448720087974849e-01
-3.944098659210789615e-01
-3.965325422822125745e-01
-3.989519106136144022e-01
-4.012567360779397685e-01
-4.035089585435178150e-01
-4.059192172977252877e-01
-4.083297410843134134e-01
-4.107163509960918280e-01
-4.127292569179042969e-01
-4.151258429031323138e-01
-4.175226340624498267e-01
-4.197922883113317516e-01
-4.221847918320484894e-01
-4.242653521236153802e-01
-4.262990274005997726e-01
-4.286279440440332600e-01
-4.306277450888061353e-01
-4.327706285134875763e-01
-4.351146493858797371e-01
-4.374590995207658928e-01
-4.398039997175109961e-01
-4.421493314725469248e-01
-4.444950637925491055e-01
-4.467555816789470224e-01
-4.490982945369839108e-01
-4.514413124214687323e-01
-4.534748610945228964e-01
-4.558051260674844118e-01
-4.579128657710608286e-01
-4.602336536710406323e-01
-4.624806263206889811e-01
-4.647831875314220040e-01
-4.671005882875964299e-01
-4.694182425606286957e-01
-4.714879698048360379e-01
-4.737947181411489850e-01
-4.761016982566822486e-01
-4.784089159339182662e-01
-1.999989553184274294e-01
-1.999989398808031948e-01
-1.992145066677636356e-01
-1.984088340044375953e-01
-1.976032018334446805e-01
-1.967976147854945124e-01
-1.959920723118201979e-01
-1.951865716457253375e-01
-1.943811088766556616e-01
-1.935756797198528167e-01
-1.927702800422937957e-01
-1.919649061901736176e-01
-1.911595541601521231e-01
-1.903542199396735524e-01
-1.895489001340886492e-01
-1.887435919589288968e-01
-1.879382931957949143e-01
-1.871330021263145627e-01
-1.863277174586952245e-01
-1.855224382373397984e-01
-1.847171649928532056e-01
-1.839118988004426747e-01
-1.831066407624583059e-01
-1.823013919149331086e-01
-1.814961531514564796e-01
-1.806909251631330648e-01
-1.798857083932337009e-01
-1.790805030051020597e-01
-1.782753088619120074e-01
-1.774701255169761349e-01
-1.766649523585588633e-01
-1.758597880321681461e-01
-1.750546313575851443e-01
-1.742494807221023623e-01
-1.734443342720198566e-01
-1.726391899445597622e-01
-1.718340456815975748e-01
-1.710289008071870787e-01
-1.702237547067118884e-01
-1.694186068224910746e-01
-2.000017045463366727e-01
-2.000017202227337421e-01
-2.013187028574431603e-01
-2.019660364801297847e-01
-2.027037871767753130e-01
-2.034822856347752451e-01
-2.043091647415651857e-01
-2.051409331957289306e-01
-2.059955069694955621e-01
-2.069440166174508211e-01
-2.078419182157089928e-01
-2.087306124777609240e-01
-2.096258264605403432e-01
-2.104844003836268407e-01
-2.114777784377793457e-01
-2.124488360105997176e-01
-2.134322050874242205e-01
-2.144182309036350986e-01
-2.154107402042459152e-01
-2.164329211247255913e-01
-2.174151762313899228e-01
-2.184258053062831939e-01
-2.193803503215744077e-01
-2.204679398540564661e-01
-2.217356036941942610e-01
-2.231601135542798098e-01
-2.245935248772717441e-01
-2.262294737788070331e-01
-2.282264509947391773e-01
-2.303136699672631016e-01
-2.324470487415117859e-01
-2.347140447841376265e-01
-2.370865002702675639e-01
-2.395091279676730411e-01
-2.419850166548590809e-01
-2.444595373806422445e-01
-2.469537312778008475e-01
-2.493712416087317252e-01
-2.517653069505230712e-01
-2.541484473710668435e-01
-2.564996299376786637e-01
-2.588762920322603134e-01
-2.613327626639552204e-01
-2.638641317462569469e-01
-2.663959232336299832e-01
-2.689280564316009481e-01
-2.714217138079292324e-01
-2.739537442661407751e-01
-2.764186143906885995e-01
-2.789499819210571330e-01
-2.814814705081162272e-01
-2.840130502738837937e-01
-2.864916609220863886e-01
-2.890225752049635499e-01
-2.915163126918074998e-01
-2.940467446292661102e-01
-2.965284167115128100e-01
-2.990228335822613381e-01
-3.015339816924144101e-01
-3.039761159743665231e-01
-3.062978394952013961e-01
-3.086541747794764312e-01
-3.111758642895457450e-01
-3.134786108198815424e-01
-3.158063100012684643e-01
-3.181220068801003387e-01
-3.204401885848072729e-01
-3.227750090957510753e-01
-3.250237748063217191e-01
-3.272915242292318005e-01
-3.296228350014459019e-01
-3.318477004593874957e-01
-3.340682529307802962e-01
-3.363336991097333195e-01
-3.385383139347090675e-01
-3.407109370590264419e-01
-3.428378741852294853e-01
-3.449661630463048412e-01
-3.470937249981325134e-01
-3.493227619702144460e-01
-3.514693015215626382e-01
-3.536697610814446557e-01
-3.557371979366116821e-01
-3.578634527746716310e-01
-3.597988120790114874e-01
-3.617419554531109971e-01
-3.635243681875203192e-01
-3.651644576748069304e-01
-3.668916504149580815e-01
-3.685935948128070683e-01
-3.704008687361479701e-01
-3.722901122566078524e-01
-3.741556112253294208e-01
-3.759541451544289870e-01
-3.778715726511202022e-01
-3.797675281355496479e-01
-3.816957651227547155e-01
-3.836433207806197454e-01
-3.855678375647148548e-01
-3.875690505885542869e-01
-3.896155049254083624e-01
-3.916630107882852485e-01
-3.937052504191180247e-01
-3.957940561610320263e-01
-3.978895313157856939e-01
-3.999859204584197414e-01
-4.020762096723704548e-01
-4.041734671151658298e-01
-4.062533129419610423e-01
-4.083051020729790426e-01
-4.102895870411024659e-01
-4.122673463536905558e-01
-4.142283068641166022e-01
-4.161990061162169630e-01
-4.181720419713886860e-01
-4.201203333819900632e-01
-4.220840279838516951e-01
-4.240278666012923248e-01
-4.259683611690649463e-01
-4.278804628336816407e-01
-4.298665243558230098e-01
-4.317916336887096529e-01
-4.337095100655650182e-01
-4.355830607837029023e-01
-4.374936117645400468e-01
-4.393838648450475448e-01
-4.412339083847148236e-01
-4.430747164292141993e-01
-4.449564277000081502e-01
-4.467682411554583788e-01
-4.485700186057216543e-01
-4.503533366937084170e-01
-4.521710960845040650e-01
-4.539280918409434595e-01
-4.556172810238630078e-01
-4.572137699509614683e-01
-4.589372241483220538e-01
-4.605182243997296698e-01
-4.620447164997348866e-01
-4.635919205917450880e-01
-4.650943782944549354e-01
-4.666764385708889185e-01
-4.682611879022829937e-01
-4.698953082112926616e-01
-4.715722371526076540e-01
-4.732496686184467505e-01
-4.749550940133461796e-01
-4.766526862897630390e-01
-4.783594801303132082e-01
-4.800584130657373216e-01
-4.817568232719153243e-01
-4.834363199444529635e-01
-4.851383902563768391e-01
-4.868429516067671048e-01
-4.885232417370667934e-01
-4.901590367702438056e-01
-4.918285318666512640e-01
-4.935048618666624254e-01
-4.951402816580822708e-01
-4.967703326565930944e-01
-4.984026425800227034e-01
-5.000484946188308299e-01
-5.016549596213639717e-01
-5.032714244799408876e-01
-5.048709823181736223e-01
-5.063939407189725905e-01
-5.080239909098218654e-01
-5.096489472573997315e-01
-5.112853734122784211e-01
-5.128916321380077026e-01
-5.144996647038779791e-01
-5.160286246290698431e-01
-5.176478846803391765e-01
-5.192675784199312083e-01
-5.206984061994048840e-01
-5.220718486481197296e-01
-5.232158157644715146e-01
-5.241209189926285816e-01
-5.346059461361262199e-01
-5.344358981234056394e-01
-5.342185002860267984e-01
-5.339591189229114798e-01
-5.336673880852822460e-01
-5.333405043867249784e-01
-5.329623375758967274e-01
-5.325296593343219476e-01
-5.320499191251872872e-01
-5.315406439699579266e-01
-5.309943029364414535e-01
-5.304631787171615320e-01
-5.299295401800904193e-01
-5.294252275772225458e-01
-5.289278287855040395e-01
-5.283367639310324604e-01
-5.276983468615570327e-01
-5.270422575371476182e-01
-5.263525782970578382e-01
-5.256769856160370402e-01
-5.249786954560873298e-01
-5.242752779724365597e-01
-5.235458817917212349e-01
-5.227805818037164487e-01
-5.220481304083444130e-01
-5.214020397985342781e-01
-5.207833034823766694e-01
-5.202130640896852620e-01
-5.196475680289129873e-01
-5.189752429642919829e-01
-5.182307783593562700e-01
-5.173488610427302570e-01
-5.164134668691001684e-01
-5.154863392820164814e-01
-5.146755200262878027e-01
-5.138468145462732339e-01
-5.130572824997159387e-01
-5.122837332327613291e-01
-5.115088434715751031e-01
-5.107390973321791483e-01
-5.100182530376676793e-01
-5.092795062846807719e-01
-5.086197913847246843e-01
-5.080365702618391266e-01
-5.075354984953112103e-01
-5.069942066330399566e-01
-5.064871954913180430e-01
-5.059512215132002666e-01
-5.053915412302633081e-01
-5.048961420848351311e-01
-5.044173185849950558e-01
-5.040027595724265730e-01
-5.035634406477866865e-01
-5.031618553197774180e-01
-5.027600023711001898e-01
-5.023879564034279266e-01
-5.020036610945205480e-01
-5.016717650624552549e-01
-5.013925016371327814e-01
-5.010830531885086536e-01
-5.008274925888487328e-01
-5.005915555546143203e-01
-5.003616564517633369e-01
-5.001396616827009645e-01
-4.999436170615766395e-01
-4.997720159554842057e-01
-4.996428533157207807e-01
-4.995422991134830792e-01
-4.994753202819542381e-01
-4.994437560020221212e-01
-4.994444171244731279e-01
-4.994737441102852227e-01
-4.995299074481853729e-01
-4.996170770542505135e-01
-4.997422498039986727e-01
-4.999255896939346355e-01
-5.001531063883717376e-01
-5.003910724959876877e-01
-5.006700431484568670e-01
-5.009895413262862585e-01
-5.013191282810102178e-01
-5.016189508964762345e-01
-5.019318896221119930e-01
-5.022984824725439390e-01
-5.026753259860288203e-01
-5.031109773351846171e-01
-5.035806045196136171e-01
-5.040587115310246613e-01
-5.045484597880187660e-01
-5.050495573176416730e-01
-5.055485792989505844e-01
-5.060631176266843223e-01
-5.066093638454617354e-01
-5.071387287383903875e-01
-5.077742218229729376e-01
-5.084634229909104075e-01
-5.091737433912739696e-01
-5.098303626078567463e-01
-5.104913541968357782e-01
-5.111832697450804375e-01
-5.118247492015312039e-01
-5.124665169422792932e-01
-5.131402564617889572e-01
-5.137981918930731862e-01
-5.159856077881904701e-01
-5.182251698268287576e-01
-5.204899273978279561e-01
-5.227049595236274993e-01
-5.249609611960027733e-01
-5.272567955770912640e-01
-5.295373257001183553e-01
-5.318112663481968649e-01
-9.352628632698881305e-07
-9.506011110891039044e-07
-6.281948991504092894e-04
-8.830036724459441313e-04
-1.095137089281555173e-03
-1.258755634222558008e-03
-1.389188987278395506e-03
-1.476725290653494241e-03
-1.509030039585173644e-03
-1.492586582296627972e-03
-1.422554183230088790e-03
-1.296295926344639927e-03
-1.113036124013643945e-03
-8.774681087910181409e-04
-5.893526553738311774e-04
-2.399591848116384703e-04
1.642807007115517086e-04
6.153434730417212117e-04
1.142665714018965438e-03
1.716760516214935282e-03
2.302779663865475637e-03
2.897757115410812354e-03
3.507488396371273923e-03
4.148181101628618632e-03
4.833152412364465772e-03
5.534099663257880698e-03
6.277541473346715320e-03
7.076922035227222428e-03
7.843339489261910019e-03
8.627483575927087298e-03
9.481060099364819679e-03
1.042476907369098947e-02
1.137586664175796285e-02
1.240977164635660018e-02
1.349257221056738079e-02
1.457056581214477911e-02
1.569604721709171730e-02
1.678242240068000823e-02
1.791689811713124969e-02
1.906438560401195817e-02
2.026993958851695810e-02
2.145729102372077868e-02
2.258519152462872340e-02
2.337406199475909954e-02
2.395723133371930463e-02
2.454087828089587114e-02
2.560403538518241442e-02
2.701118127588561513e-02
2.839485757498251550e-02
2.979368245626007328e-02
3.114521402940206851e-02
3.249504983246355450e-02
3.376119141173201249e-02
3.502416598750870275e-02
3.630442764390413163e-02
3.755158266952511592e-02
3.870369842313965691e-02
3.978372288877233404e-02
4.083116682394902219e-02
4.182709657207527715e-02
4.276532497816122602e-02
4.365643710330723015e-02
4.446624826876106884e-02
4.523814099400693539e-02
4.598101536666172190e-02
4.667322712133733370e-02
4.729562185371804367e-02
4.787878456466124893e-02
4.842882797606742895e-02
4.897711156122395298e-02
4.938727182460322246e-02
4.960880703584164692e-02
4.972993568169386397e-02
4.994277960340536004e-02
5.034781796592209535e-02
5.070030077019493236e-02
5.099090014100596951e-02
5.122163977926481870e-02
5.139548569760550578e-02
5.151429414878529178e-02
5.158154410785005528e-02
5.159028450221373602e-02
5.154138191024869309e-02
5.143714785105329979e-02
5.127425201648940639e-02
5.106150845673312899e-02
5.077933862437478130e-02
5.044287883265949346e-02
5.005540918625283470e-02
4.960595086746211885e-02
4.904682908824209431e-02
4.845256337557787146e-02
4.778822012123065677e-02
4.674810150090676769e-02
4.562879202511101878e-02
4.449270191690431198e-02
4.329694008134610250e-02
4.234117714528804616e-02
4.097960770160714861e-02
3.995902673467505856e-02
3.877516594831000724e-02
3.744681107246693175e-02
3.601428458471377103e-02
3.455766275089509898e-02
3.316012583920723011e-02
3.169737652255266713e-02
3.029125645686196397e-02
2.893084024126472628e-02
2.745690404863537770e-02
2.600405926394168746e-02
2.471219224864157349e-02
2.320300791687536154e-02
2.170920799111782096e-02
2.000023396710311485e-01
2.018236846784637051e-01
2.033983467210449259e-01
2.050240799334326902e-01
2.067202505395249190e-01
2.082669624937600050e-01
2.096912553377901778e-01
2.111855549129610377e-01
2.125709847053012247e-01
2.137990724848116697e-01
2.149723254000671102e-01
2.162213276946376439e-01
2.173056337540963390e-01
2.182629632840767664e-01
2.191105087592012113e-01
2.198594736220649826e-01
2.205320972878922758e-01
2.211396694773443417e-01
2.217022169977068413e-01
2.222165373349383188e-01
2.226674560984947815e-01
2.230804746392782145e-01
2.234291931892179450e-01
2.237308969215482390e-01
2.239802543868683049e-01
2.241632861341154304e-01
2.242874134008577269e-01
2.243573194130019099e-01
2.243692764877266155e-01
2.243233436739834330e-01
2.242215647413887403e-01
2.240634066716092332e-01
2.238518797806219873e-01
2.235841251727971046e-01
2.232638945286253840e-01
2.228892397031776718e-01
2.224493729191975300e-01
2.219539897637417825e-01
2.214066222362303937e-01
2.208001916190951430e-01
2.201718670155789204e-01
2.194629217568719870e-01
2.185868863302676546e-01
2.175417739420674734e-01
-4.000021150088780009e-01
-4.016444509412628316e-01
-4.026065322917556921e-01
-4.035972326916733022e-01
-4.046198150678446126e-01
-4.056869997985227960e-01
-4.067856394743717963e-01
-4.079250923175631316e-01
-4.091219387201847635e-01
-4.103563698405666704e-01
-4.116773048998375040e-01
-4.131982247486370996e-01
-4.000015627845722177e-01
-4.012033458991234314e-01
-4.018758492385124392e-01
-4.025864246469793017e-01
-4.033648078470177811e-01
-4.041736640861831598e-01
-4.050100953609026555e-01
-4.059010815560721852e-01
-4.068239936138737800e-01
-4.077529469890990854e-01
-4.086960150722560026e-01
-4.097014568726228823e-01
-4.107113981975524242e-01
-4.117554240839294555e-01
-4.128494304960895755e-01
-4.139913044543663267e-01
-4.152188584568838881e-01
-4.164720737808860762e-01
-4.177215128614193418e-01
-4.190146179218699474e-01
-4.202578043233197169e-01
-4.215325299820471550e-01
-4.228672546897511153e-01
-4.241778800757357581e-01
-4.254627732486300773e-01
-4.266307926256138749e-01
-4.275895718953972580e-01
-4.283587460063281172e-01
-4.291974608518854817e-01
-4.304185267272322424e-01
-4.316748286675424207e-01
-4.328982711020095686e-01
-4.340876341050459719e-01
-4.352306099520202309e-01
-4.363747421870021181e-01
-4.376016679898893091e-01
-4.388181209189336296e-01
-4.401530523399155292e-01
-4.420747973662259578e-01
-4.443551237609985050e-01
-4.466612688459886682e-01
-4.488306069606032289e-01
-4.510560325656584046e-01
-4.533642603395370840e-01
-4.555161116751212935e-01
-4.577757639964485925e-01
-4.600795245773812714e-01
-4.620414872218800983e-01
-4.636578620906801063e-01
-4.655372656014001853e-01
-4.671618242033910851e-01
-4.691497829980704748e-01
-4.710832532987425658e-01
-4.731048557515452058e-01
-4.751346126044965756e-01
-4.771642081447035055e-01
-4.792565501816364870e-01
-4.812730739544430758e-01
-4.833700999866338277e-01
-2.106054791262409742e-01
-2.124349029147199197e-01
-2.145135125604267778e-01
-2.165450189353086141e-01
-2.185938112590193882e-01
-2.207198870232585930e-01
-2.228800275062446379e-01
-2.250145243265157247e-01
-2.271101151171646126e-01
-2.292712422026379482e-01
-2.313925905431624963e-01
-2.334854437304020591e-01
-2.356056856460576610e-01
-2.377011144344087501e-01
-2.397994756905824920e-01
-2.418559383194275048e-01
-2.439007014378584692e-01
-2.459508416787467289e-01
-2.479909922993654148e-01
-2.500206153852380098e-01
-2.520126573913215040e-01
-2.540127398931075753e-01
-2.559899261058565245e-01
-2.579717124281165619e-01
-2.599837372905499100e-01
-2.619501491453175568e-01
-2.639249779588730971e-01
-2.658852800029755659e-01
-2.678594214943281759e-01
-2.698327653572221707e-01
-2.718142575598070376e-01
-2.738056785702767115e-01
-2.757734453605051872e-01
-2.777488071631150635e-01
-2.797140205131652957e-01
-2.816905536413058520e-01
-2.836506051420336072e-01
-2.855617455394745541e-01
-2.874752239124304110e-01
-2.894241050701347739e-01
-2.914057470966515129e-01
-2.933748478874548815e-01
-2.952472395868190325e-01
-2.971052857111304846e-01
-2.989573577243246905e-01
-3.008506795813499779e-01
-3.026973527999752833e-01
-3.045304895123041034e-01
-3.063469090005682127e-01
-3.081442923247820209e-01
-3.099549190178327862e-01
-3.117331621791435969e-01
-3.134926687753342711e-01
-3.152837302936286612e-01
-3.169738019902866855e-01
-3.187489365884850767e-01
-3.205505010009554456e-01
-3.223414461451998836e-01
-3.241695136920920151e-01
-3.260016943993413463e-01
-3.278445242604875465e-01
-3.296671290603457316e-01
-3.314497217931440809e-01
-3.332477185322895163e-01
-3.349946304726296176e-01
-3.366995056986932799e-01
-3.383812297721226492e-01
-3.401094558186624206e-01
-3.418075098182197236e-01
-3.434923026174677707e-01
-3.451502643634432044e-01
-3.468037916049159231e-01
-3.483966053512809191e-01
-3.500112347280002201e-01
-3.515825362388041997e-01
-3.531332201397544002e-01
-3.546290462784293385e-01
-3.561567721959646993e-01
-3.576080456118497786e-01
-3.590663591255433551e-01
-3.605033011049550984e-01
-3.619189457360654227e-01
-3.633353122621545972e-01
-3.647276791647531824e-01
-3.661187930996833706e-01
-3.674128505632526243e-01
-3.687679943992739906e-01
-3.700673441117460216e-01
-3.713251766636370688e-01
-3.726226712509990158e-01
-3.739082287755509104e-01
-3.752110540207310163e-01
-3.765206773019804665e-01
-3.777907369032811880e-01
-3.790284809367699959e-01
-3.802698533818728022e-01
-3.814582256232224577e-01
-3.826532547147104557e-01
-3.838335968965230771e-01
-3.849842341085074060e-01
-3.861285436869383303e-01
-3.872606466973092521e-01
-3.883747095910648484e-01
-3.894776438731744062e-01
-3.905503433982669970e-01
-3.916225381575824671e-01
-3.926637779510827597e-01
-3.936688767426033131e-01
-3.946785658565381549e-01
-3.956358690942379241e-01
-3.965690528137302828e-01
-3.974689795724586916e-01
-3.983297851357918695e-01
-3.991849026299164049e-01
-4.000287002655750768e-01
-4.008426450954696851e-01
-4.016012935640471682e-01
-4.023643441082919714e-01
-4.031179157089382348e-01
-4.038290745501528223e-01
-4.045212768833139627e-01
-4.052067797077560374e-01
-4.058908713961093540e-01
-4.065289704012879368e-01
-4.071274839782541011e-01
-4.076925224703670247e-01
-4.082367905946324704e-01
-4.087515418823338131e-01
-4.092351089367119443e-01
-4.097073667438281830e-01
-4.101729575355459456e-01
-4.106195037232727163e-01
-4.110601451438155585e-01
-4.114958034810986542e-01
-4.119242837574959570e-01
-4.123398362879815982e-01
-4.127471395749350291e-01
-4.131468671572650075e-01
-4.135340595934892671e-01
-4.139149792625542168e-01
-4.142873502084445936e-01
-4.146492976841443245e-01
-4.149993356173484194e-01
-4.153419898699089452e-01
-4.156733292409698910e-01
-4.159909929902697034e-01
-4.163030008499321588e-01
-4.166015549028411202e-01
-4.168840276795991451e-01
-4.171479957417330020e-01
-4.174005402774265128e-01
-4.176347510836530552e-01
-4.178521287468225376e-01
-4.180510607527349598e-01
-4.182359199625322321e-01
-4.184019698437425605e-01
-4.185485896012547946e-01
-4.186735021550181957e-01
-4.187765122065466583e-01
-4.188577810856481398e-01
-4.189167336184339008e-01
-4.189519713682704483e-01
-4.189612680343264839e-01
-4.189491187713214049e-01
-4.189185398808438765e-01
-4.188628652108337680e-01
-4.187829530412187085e-01
-4.186683610849613046e-01
-4.185211455557360516e-01
-4.183127969630646148e-01
-4.180730895363832245e-01
-4.178161986549441820e-01
-4.175267703218724091e-01
-4.171797004956516175e-01
-4.168103446914359078e-01
-4.163593340725943448e-01
-4.159554459514704927e-01
-4.154766839598018069e-01
-4.150191268229465602e-01
-4.145320010863023930e-01
-4.140736954387237989e-01
-4.136234649638853567e-01
-4.131491411569959138e-01
-4.127550147394615787e-01
-4.123227425846354155e-01
-4.119133557573157467e-01
-4.115712733342822838e-01
-4.112266523732432955e-01
-4.108378352972679171e-01
-4.104923615512355850e-01
-4.101933225841787878e-01
-4.098820021187370988e-01
-4.095626156159904996e-01
-4.092546234961053631e-01
-4.088436150147414239e-01
-4.084867456390839369e-01
-4.081089420604945839e-01
-4.078186760623602192e-01
-4.074467516177054938e-01
-4.070778098638754283e-01
-4.067178658530321012e-01
-4.062778065909033454e-01
-4.058426587520649331e-01
-4.053250604506438703e-01
-4.048341044321657201e-01
-4.045564762661234548e-01
-4.043302302988021069e-01
-4.041723741461373809e-01
-4.040268067879848046e-01
-4.039177315588089456e-01
-4.038777141507849389e-01
-4.037853052457607839e-01
-4.036979273301478099e-01
-4.035967312945219487e-01
-4.035261066725033818e-01
-4.034861718419508470e-01
-4.035018154920748668e-01
-4.034958423618294487e-01
-4.035050205243544408e-01
-4.034310600826141457e-01
-4.033191199026940899e-01
-4.032226660929158490e-01
-4.031309363414010694e-01
-4.029967549468004839e-01
-4.028900184648047667e-01
-4.027874957221236896e-01
-4.027331903694614246e-01
-4.026770987464000640e-01
-4.026562919726885958e-01
-4.026509882806602603e-01
-4.026716077089864121e-01
-4.027192931512219021e-01
-4.027681975558157768e-01
-4.027985143042833172e-01
-4.028288552089579477e-01
-4.028712830483628382e-01
-4.029082863606390230e-01
-4.029390677336462390e-01
-4.029791477632571617e-01
-4.030300831255335114e-01
-4.030887554064015998e-01
-4.031341995261845113e-01
-4.031690927583193584e-01
-4.032010032553658974e-01
-4.032181886025165696e-01
-4.032303187588869853e-01
-4.032381531098830352e-01
-4.032409405753135667e-01
-4.032355775121965191e-01
-4.032126919361320727e-01
-4.031737262374990860e-01
-4.031380696547999243e-01
-4.031148155388888932e-01
-4.030976686734025205e-01
-4.030904507815333271e-01
-4.030739574211094078e-01
-4.030315081280090306e-01
-4.029543193958329828e-01
-4.028700372398626439e-01
-4.027907229637407993e-01
-4.027227533708059859e-01
-4.026234757029184541e-01
-4.024614516614696269e-01
-4.023415462764224348e-01
-4.022213132141062020e-01
-4.020604756504626009e-01
-4.019184994294425217e-01
-4.017950321710554440e-01
-4.018191941684199908e-01
-4.019373565622625377e-01
-4.020121380021154378e-01
-4.024543681898704039e-01
-4.032797477483462956e-01
-4.035437684831529315e-01
-4.040877686426471715e-01
-4.043191031753191056e-01
-4.044870558374670799e-01
-4.052072147386536760e-01
-4.055416880849985750e-01
-4.061120902985473347e-01
-4.062058117711255800e-01
-4.064993205597071668e-01
-4.066105501411700907e-01
-4.066916004804280727e-01
-4.064495651262756137e-01
-4.061838272549276874e-01
-4.060020639380597651e-01
-4.057894264485465974e-01
-4.055846783650857712e-01
-4.054130309821746825e-01
-4.052916513707560120e-01
-4.052249882431338546e-01
-4.058254542990419877e-01
-4.062156723537108105e-01
-4.074484990975544840e-01
-4.088073239529559366e-01
-4.102753284933403632e-01
-4.118547883469841353e-01
-4.134597054875058242e-01
-4.150912085186239109e-01
-4.167209825036475301e-01
-4.183338679262547655e-01
-4.199921566657376371e-01
-4.216483613487173043e-01
-4.233020514075191421e-01
-4.249873335209487513e-01
-4.266421893783872710e-01
-4.282319375591423505e-01
-4.297976362929504801e-01
-4.313688796314186225e-01
-4.329232732124033145e-01
-4.344844955063295600e-01
-4.360332036558506319e-01
-4.375591383252983024e-01
-4.390182202103714570e-01
-4.405554502881438572e-01
-4.420390040974261914e-01
-4.435594054478581016e-01
-4.451156829114272795e-01
-4.466394080023072810e-01
-4.481834103574246497e-01
-4.497060974509957121e-01
-4.512851943680992184e-01
-4.527820195125381586e-01
-4.542612408688082026e-01
-4.557475754169564852e-01
-4.572049185500152158e-01
-4.586742756225928308e-01
-4.601277128525437243e-01
-4.616173115138892391e-01
-4.630957068371848173e-01
-4.645445563682556456e-01
-4.659901951640778583e-01
-4.674158431981775275e-01
-4.688068532517812304e-01
-4.701945173253965771e-01
-4.715627861990298042e-01
-4.729162927908099334e-01
-4.742442577625665123e-01
-4.755642265416146763e-01
-4.768642969051272718e-01
-4.781483286301357882e-01
-4.794171420766948910e-01
-4.806576365234863646e-01
-4.818877307393831244e-01
-4.831092807669404299e-01
-4.843174484136380520e-01
-4.855088028148399348e-01
-4.866962686029985830e-01
-4.878768610999104083e-01
-2.000024257329523492e-01
-2.000024416614803457e-01
-2.012165283453864750e-01
-2.028125413270995547e-01
-2.045026747842488835e-01
-2.062590910709967418e-01
-2.080550470533920338e-01
-2.098312566601873153e-01
-2.116962044730831272e-01
-2.135909551087882552e-01
-2.154878163644506905e-01
-2.174196661742598680e-01
-2.193523939406176460e-01
-2.212812012390150407e-01
-2.232169894801408205e-01
-2.251351564529183447e-01
-2.270708988473729706e-01
-2.290182310842976687e-01
-2.309853341954874184e-01
-2.329576335281172694e-01
-2.349058374983437614e-01
-2.368622491829306398e-01
-2.387992912304728599e-01
-2.407789583509820641e-01
-2.427794000225203808e-01
-2.448222105770621049e-01
-2.468997002465971591e-01
-2.489900595900258473e-01
-2.510937368489664090e-01
-2.532450560777320114e-01
-2.554091395144451049e-01
-2.575666141984088719e-01
-2.597425178046474659e-01
-2.619080894262045267e-01
-2.640638373397445893e-01
-2.662283681588989981e-01
-2.683713275299238754e-01
-2.705746009711338385e-01
-2.728092923234219369e-01
-2.750553906268352611e-01
-2.773102384414350419e-01
-2.795460273255375716e-01
-2.818011029455222971e-01
-2.840359268637888679e-01
-2.862849538181772013e-01
-2.885411313115904264e-01
-2.907917528502048099e-01
-2.930581828323557403e-01
-2.953244747851058727e-01
-2.976076366364332482e-01
-2.998862930224617807e-01
-3.021759727354486058e-01
-3.044953643556014278e-01
-3.068349393795036795e-01
-3.091943522596626859e-01
-3.116217229729317806e-01
-3.140590980991255221e-01
-3.164961921081602680e-01
-3.189330530184089074e-01
-3.213697248678554774e-01
-3.238062464577282640e-01
-3.262426614869720631e-01
-3.286790038108005074e-01
-3.311152973222385998e-01
-3.335515611637874800e-01
-3.359878104350171868e-01
-3.384240565173926574e-01
-3.408603078057803604e-01
-3.432965796852592844e-01
-3.457328795444880587e-01
-3.481691948723816266e-01
-3.506055240814304752e-01
-3.530418661458289420e-01
-3.554782193866862783e-01
3.999968561038383941e-01
3.999968400872971341e-01
3.981889766549033260e-01
3.967076814387670569e-01
3.952037118830325491e-01
3.936176126997086855e-01
3.919802821200303322e-01
3.902893589382204209e-01
3.885503013620754120e-01
3.866868762838409079e-01
3.849016951531947783e-01
3.831542065668196440e-01
3.812306552668613957e-01
3.793434179468498368e-01
3.774590288529189874e-01
3.755620653818014243e-01
3.735541290558537231e-01
3.715848520865166482e-01
3.695784720435910109e-01
3.675044930594003612e-01
3.654023034970849126e-01
3.631510128626005973e-01
3.609221214327317795e-01
3.587062631657723655e-01
3.564348767228419090e-01
3.541017736154064566e-01
3.516582942095534681e-01
3.492804852230217416e-01
3.467791601765400356e-01
3.442559054566874388e-01
3.417227404792519962e-01
3.391710187593883763e-01
3.366280242302320258e-01
3.341157563328749358e-01
3.316065565417614658e-01
3.290523842320426939e-01
3.264937985647710650e-01
3.239425501169433397e-01
3.213839183446036696e-01
3.188252869147352730e-01
3.162907181245748767e-01
3.137353940624400539e-01
3.112250469731713820e-01
3.087041234010112212e-01
3.061545035500586875e-01
3.036222411748533134e-01
3.010723942405508224e-01
2.985133566746743239e-01
2.959543131662633608e-01
2.933958713833711429e-01
2.908368152211793789e-01
2.882777533035376649e-01
2.857186875937318127e-01
2.831596319285432650e-01
2.806967607766734374e-01
2.781444191181191572e-01
2.755856824709159714e-01
2.732231099873478897e-01
2.708330144113758053e-01
2.686181854777236477e-01
2.662431892570351621e-01
2.639700141524791155e-01
2.616706557710627434e-01
2.593236026713234277e-01
2.570332487680203060e-01
2.547242294272559771e-01
2.523524422078243235e-01
2.500537374582658678e-01
2.478888303501184387e-01
2.455332835293010108e-01
2.431714365297183433e-01
2.407916549671461071e-01
2.384524341841759432e-01
