-4.000027146787839549e-01
-4.000027306511392822e-01
-4.016478852290483736e-01
-4.013671287670841359e-01
-4.010202728683956441e-01
-4.007150392028585029e-01
-4.003916673249883762e-01
-4.001246342806368261e-01
-3.998776285305646883e-01
-3.995925308315301794e-01
-3.992933519617224980e-01
-3.990095093443646324e-01
-3.987866467999394149e-01
-3.985969463944418756e-01
-3.984027764888816159e-01
-3.982401286743427749e-01
-3.981042598872627791e-01
-3.981528528880004525e-01
-3.981211219257539957e-01
-3.982046094712360929e-01
-3.983411581400406187e-01
-3.984665928072864682e-01
-3.986685506276452795e-01
-3.988017417546745880e-01
-3.988061622498816905e-01
-3.990682026450600994e-01
-3.992697127354377096e-01
-3.992189287967576328e-01
-3.992478294707175190e-01
-3.994213176948678834e-01
-3.994478155161978461e-01
-3.995630324757586949e-01
-3.996518613812845566e-01
-4.001001962542845569e-01
-4.004713149723692633e-01
-4.007747932520596135e-01
-4.009112140299914695e-01
-4.012005559851423153e-01
-4.012187668224089232e-01
-4.014857820597191873e-01
-4.016820780040216698e-01
-4.020428496415363595e-01
-4.020933110329220628e-01
-4.023760600535451482e-01
-4.025234818090697719e-01
-4.026431442478770606e-01
-4.028323822670913379e-01
-4.029847620434346966e-01
-4.033119121252495831e-01
-4.035115287231839099e-01
-4.037467414852554115e-01
-4.041170621213701075e-01
-4.045478539700563814e-01
-4.048224211491742719e-01
-4.051528346725015162e-01
-4.056851226006468747e-01
-4.061300419414766716e-01
-4.063717249454723568e-01
-4.066571486291624127e-01
-4.068663775187590925e-01
-4.069819223815960840e-01
-4.070489656686069879e-01
-4.074845958140984048e-01
-4.074792316999057418e-01
-4.076895456168498355e-01
-4.077681108274043287e-01
-4.078220409106579347e-01
-4.079893429711693442e-01
-4.081019916345512422e-01
-4.084428870600759209e-01
-4.089050764817442896e-01
-4.095683653834475968e-01
-4.100278322732736069e-01
-4.104618667376820906e-01
-4.109006649168703840e-01
-4.115723905494344526e-01
-4.121512365797572741e-01
-4.125301932108688674e-01
-4.129922967373839682e-01
-4.132568966188014392e-01
-4.137236792882026948e-01
-4.142133841195696498e-01
-4.145600577422037802e-01
-4.151449294779585575e-01
-4.155731311416144269e-01
-4.159101837578026428e-01
-4.162124784092485208e-01
-4.164148148171119002e-01
-4.166569624243588454e-01
-4.168639098908872298e-01
-4.171951438062047601e-01
-4.176892750838688273e-01
-4.178609105250998823e-01
-4.180421433325312019e-01
-4.181489783673568161e-01
-4.182424876228700295e-01
-4.182763968714078850e-01
-4.184955075644110623e-01
-4.186324419652226458e-01
-4.187292515417583294e-01
-4.189766929112193616e-01
-4.189332255605369704e-01
-4.192228697597172316e-01
-4.193639466579809350e-01
-4.193840352032870422e-01
-4.194621874939188921e-01
-4.196987345278030967e-01
-4.198039180465100162e-01
-4.198055103941096822e-01
-4.200054596333702706e-01
-4.203739375452598681e-01
-4.204004148969395227e-01
-4.205276916026074452e-01
-4.205976265415246607e-01
-4.207436558798139381e-01
-4.208953713349321002e-01
-4.210703072822879478e-01
-4.213981036322194118e-01
-4.221250141283336976e-01
-4.227527842156907911e-01
-4.230006173509824330e-01
-4.231357832988923429e-01
-4.235738245870935281e-01
-4.239152787146351353e-01
-4.245283982813100598e-01
-4.245078887329339357e-01
-4.243545524797913693e-01
-4.249043372044277178e-01
-4.247930566753488901e-01
-4.254517167245553955e-01
-4.262755591630885132e-01
-4.263787343140728048e-01
-4.263259051501035457e-01
-4.259565653735786217e-01
-4.257795073464140101e-01
-4.254580931876938421e-01
-4.252227467016062024e-01
-4.249641572468017547e-01
-4.247500315977137952e-01
-4.244321164048461825e-01
-4.241282058961946544e-01
-4.237807365696827366e-01
-4.233769009294331420e-01
-4.230248983176519428e-01
-4.225845473615081338e-01
-4.221612141813665953e-01
-4.217493510147726776e-01
-4.216931250172117340e-01
-4.213589615036046898e-01
-4.210753965801248278e-01
-4.208474586316596766e-01
-4.205496931237328040e-01
-4.202090194997267214e-01
-4.201940210068353942e-01
-4.199057368280798008e-01
-4.196211617760824408e-01
-4.193607457925794813e-01
-4.193782849918230582e-01
-4.193459982644192063e-01
-4.191372471144221290e-01
-4.190633184238755637e-01
-4.190236761598515880e-01
-4.190759552153959788e-01
-4.194747416517840000e-01
-4.193765534263759198e-01
-4.191871274733093844e-01
-4.191809559999892243e-01
-4.193422056632272743e-01
-4.196280872312377896e-01
-4.195284599171513196e-01
-4.195971018819584786e-01
-4.199690757601040603e-01
-4.199910744465113477e-01
-4.202130398226402441e-01
-4.204076322284417411e-01
-4.204048518773785270e-01
-4.204909560568042548e-01
-4.202750708835770177e-01
-4.202034612048156093e-01
-4.200488060735552143e-01
-4.200432387406855539e-01
-4.203636300109228618e-01
-4.204193619118713476e-01
-4.204971545767260954e-01
-4.205250162518809343e-01
-4.207721557756838315e-01
-4.208246533770471087e-01
-4.208915512582142027e-01
-4.209135584499640870e-01
-4.208086848112458922e-01
-4.207700553655545628e-01
-4.206944242667206013e-01
-4.205583448117243273e-01
-4.207122458144387789e-01
-4.205684762127775977e-01
-4.207848459300195243e-01
-4.207851759917147771e-01
-4.207024459608786349e-01
-4.205774120317010700e-01
-4.205487434991089790e-01
-4.207137586310012445e-01
-4.206820398016770102e-01
-4.206889131525814451e-01
-4.205306052804445582e-01
-4.205930089316483045e-01
-4.207225832302785573e-01
-4.209167640949517120e-01
-4.210832538124978375e-01
-4.213511969912598909e-01
-4.213538621221699088e-01
-4.213976954874204539e-01
-4.212503728889781529e-01
-4.212422192846772551e-01
-4.212197061800274644e-01
-4.210068119047516433e-01
-4.210035621464188194e-01
-4.211502958242046013e-01
-4.214332954978370349e-01
-4.217125333831157619e-01
-4.221439359535325009e-01
-4.222260676154139802e-01
-4.221380460658631928e-01
-4.222366636088072944e-01
-4.223285938696053621e-01
-4.225403216937034800e-01
-4.228092900893230532e-01
-4.231415382171133666e-01
-4.232236999693826385e-01
-4.236176862215830785e-01
-4.236909377864259141e-01
-4.238537511717428985e-01
-4.240443443208175567e-01
-4.241982441966260509e-01
-4.245054696406383443e-01
-4.247817983196156000e-01
-4.248926869853866251e-01
-4.251669230570186975e-01
-4.256070593311701566e-01
-4.259713176845317806e-01
-4.264153394740684555e-01
-4.265781610519646661e-01
-4.271915329277318762e-01
-4.273292129301970999e-01
-4.276567459875623145e-01
-4.279754670239812042e-01
-4.283083669933453463e-01
-4.284650175059498411e-01
-4.286756507177215125e-01
-4.291586286028102326e-01
-4.295605912376450064e-01
-4.300430583923327554e-01
-4.303424681420209841e-01
-4.306168495980956523e-01
-4.308769064148950667e-01
-4.311418336545390639e-01
-4.315675216379244450e-01
-4.320755623240172261e-01
-4.326265768016527846e-01
-4.332483061862913987e-01
-4.336850507050951653e-01
-4.339899606308431634e-01
-4.343194176024529618e-01
-4.350149511438693994e-01
-4.352691759927678206e-01
-4.360289926133287808e-01
-4.367561126606671063e-01
-4.371346875315708091e-01
-4.374939604435458262e-01
-4.377737658612181337e-01
-4.380160589315396646e-01
-4.381205466478366173e-01
-4.385819547611987113e-01
-4.391203767345865927e-01
-4.396024458797009316e-01
-4.402769027415942560e-01
-4.406299911044465056e-01
-4.409087989034048971e-01
-4.412087932705204829e-01
-4.414383376154006333e-01
-4.419758358333397696e-01
-4.425790988737612897e-01
-4.428739899979002304e-01
-4.433591934547026492e-01
-4.438124630058844500e-01
-4.441499250133462140e-01
-4.446578871398263466e-01
-4.448665631270722343e-01
-4.454659883352289906e-01
-4.461247925401890524e-01
-4.464601924699206359e-01
-4.470171315982377491e-01
-4.474421378664404925e-01
-4.480088933040570209e-01
-4.480816801219685841e-01
-4.481976434500261064e-01
-4.484931792412674145e-01
-4.484936212844502501e-01
-4.487736025581912647e-01
-4.489570540303142732e-01
-4.489035916034779250e-01
-4.488377407094402693e-01
-4.486460257725691236e-01
-4.487583647209631987e-01
-4.485720559191058721e-01
-4.483395862115485131e-01
-4.483710932839590213e-01
-4.481723369597516715e-01
-4.480969830934043996e-01
-4.482094375478630766e-01
-4.482247835401438341e-01
-4.482764971425714506e-01
-4.482306334093460465e-01
-4.482339917147589170e-01
-4.481873350782005772e-01
-4.481378165389382495e-01
-4.480367028890519521e-01
-4.484016569494984616e-01
-4.486400695012484618e-01
-4.486652455194456990e-01
-4.489262155954208411e-01
-4.492982445994841423e-01
-4.493861473623044223e-01
-4.494915582789040243e-01
-4.495146830691280071e-01
-4.494121872092056713e-01
-4.494056725593224000e-01
-4.492605025137031971e-01
-4.492926017928725591e-01
-4.494025970630433631e-01
-4.494820455478237831e-01
-4.495063026678098317e-01
-4.498722099497388105e-01
-4.501323977933754383e-01
-4.501331687049025532e-01
-4.503406283956245537e-01
-4.505886863511912588e-01
-4.505984804671360755e-01
-4.506381374183486832e-01
-4.507482272252620881e-01
-4.511259062031678924e-01
-4.513195867715220078e-01
-4.516429599993568855e-01
-4.518030330095241243e-01
-4.519573563272260563e-01
-4.522343152263909039e-01
-4.524944916378234039e-01
-4.526956498924373240e-01
-4.530165158027933403e-01
-4.534171107507434795e-01
-4.535945402564150464e-01
-4.538981152757448068e-01
-4.540493466553702229e-01
-4.541794765076115348e-01
-4.543675150625743897e-01
-4.544353140374737254e-01
-4.548294942866635271e-01
-4.549753479753051999e-01
-4.552162604845523264e-01
-4.553806895861883808e-01
-4.557244799506668942e-01
-4.560352629812055580e-01
-4.562615836149392368e-01
-4.565581567969034249e-01
-4.567614233449494021e-01
-4.569053589358990086e-01
-4.573296863648658173e-01
-4.574573031621400054e-01
-4.574936912329166105e-01
-4.575276554280029995e-01
-4.577302939065879261e-01
-4.579560674195364278e-01
-4.581383227960513782e-01
-4.583723222641545858e-01
-4.586508395712541875e-01
-4.585929686155508223e-01
-4.587345709529785376e-01
-4.587931235498901583e-01
-4.587714408270202604e-01
-4.588878477146651202e-01
-4.591436711779744440e-01
-4.594363708812331804e-01
-4.596438935615606569e-01
-4.598009207714492397e-01
-4.597813583254161673e-01
-4.598648201779009792e-01
-4.598100645685609944e-01
-4.598567279669833474e-01
-4.598029216283038290e-01
-4.598695237235277955e-01
-4.598997698031344061e-01
-4.599191231685023085e-01
-4.599401503105921551e-01
-4.600648583109047673e-01
-4.602834451162879925e-01
-4.606004580415417049e-01
-4.607181699702909139e-01
-4.609912812156625184e-01
-4.611657362494120949e-01
-4.614013292618613371e-01
-4.613410148873702266e-01
-4.613239185759132610e-01
-4.613970592650653568e-01
-4.614744496469614377e-01
-4.613767093989138424e-01
-4.615623877932405472e-01
-4.615761701968659758e-01
-4.613040617071297311e-01
-4.612395638820626087e-01
-4.612510618456076572e-01
-4.610222744947869988e-01
-4.608023534813950883e-01
-4.605977054527552461e-01
-4.604034946226125968e-01
-4.601889196010363059e-01
-4.599644255749184563e-01
-4.598251699315946128e-01
-4.595454498929333886e-01
-4.592729814555583934e-01
-4.591337030114536755e-01
-4.587765073604263000e-01
-4.585890512219490400e-01
-4.583318508115835632e-01
-4.580856755499702060e-01
-4.579567470315293320e-01
-4.577729697751711790e-01
-4.576513595831969705e-01
-4.575742716984714797e-01
-4.575135211103477095e-01
-4.576454949026260155e-01
-4.575224521197006067e-01
-4.574493349196953051e-01
-4.574931742183495631e-01
-4.575272137138426398e-01
-4.573474647796973991e-01
-4.571738778078024423e-01
-4.572518674205762190e-01
-4.571090591531735692e-01
-4.568287211538267223e-01
-4.567272319944025161e-01
-4.564261230413121373e-01
-4.561986727881566228e-01
-4.559203798219360060e-01
-4.556874701563969343e-01
-4.554715234612902175e-01
-4.551436335250250709e-01
-4.549047850183794983e-01
-4.547202289985134427e-01
-4.545535399254680975e-01
-4.544430201882362352e-01
-4.542329016897155292e-01
-4.540027815548614010e-01
-4.537791812974604211e-01
-4.535365277024396846e-01
-4.533548191395415650e-01
-4.530705075488420941e-01
-4.528896243324644910e-01
-4.528680778190412037e-01
-4.529538387070195515e-01
-4.529807939401403472e-01
-4.530593726140687560e-01
-4.532198733766876209e-01
-4.534208869311340817e-01
-4.533297504064297545e-01
-4.534265701018805328e-01
-4.536314428677192256e-01
-4.539646013127083268e-01
-4.540831883819335668e-01
-4.544813941768691135e-01
-4.545579071316607767e-01
-4.548390822663351818e-01
-4.550334814859035015e-01
-4.550740413891503633e-01
-4.549056997376801914e-01
-4.548287449483127132e-01
-4.546859972067650579e-01
-4.544130332983980503e-01
-4.542355179203981796e-01
-4.539490761873492541e-01
-4.538375396239904824e-01
-4.536348017457545456e-01
-4.535199132199946304e-01
-4.533462009487936872e-01
-4.533847524372267013e-01
-4.533965447630968759e-01
-4.533417004015964369e-01
-4.534021599072219355e-01
-4.534678087221593046e-01
-4.535239621091590734e-01
-4.537180642069681968e-01
-4.537173833529802858e-01
-4.538791407023607394e-01
-4.540747419603881618e-01
-4.542180754284046995e-01
-4.544589275296410102e-01
-4.546170923499228689e-01
-4.548965376961859874e-01
-4.550760270666619478e-01
-4.553129920527083097e-01
-4.554278247536044377e-01
-4.556234609774687527e-01
-4.556068839816451721e-01
-4.556868553024459034e-01
-4.557733271797841934e-01
-4.558468383749129105e-01
-4.559002640173320242e-01
-4.559575670174139117e-01
-4.560288638028989205e-01
-4.560509959103810074e-01
-4.558180702091432779e-01
-4.559314511700421346e-01
-4.558746939670410558e-01
-4.557256020023325860e-01
-4.558276427847786638e-01
-4.556690408499805556e-01
-4.554361950620298694e-01
-4.554801904946791380e-01
-4.554574200183166832e-01
-4.555501517135521761e-01
-4.553842355734770697e-01
-4.556806598140669129e-01
-4.555895519657095494e-01
-4.553618065458741038e-01
-4.552399550848399978e-01
-4.549049357757086742e-01
-4.546272755571832969e-01
-4.546566120181457782e-01
-4.544955861810148212e-01
-4.543274681490159228e-01
-4.541569141945972499e-01
-4.541423729773561568e-01
-4.539113899425956666e-01
-4.540164814238860647e-01
-4.539461932323525795e-01
-4.539959019866915413e-01
-4.539310192822388901e-01
-4.537029426180527181e-01
-4.536276150671288976e-01
-4.537029896348205305e-01
-4.536416906524682879e-01
-4.536669281452399005e-01
-4.538901262854289631e-01
-4.540093626086530998e-01
-4.537808884236055329e-01
-4.536098798934493082e-01
-4.536156070076782232e-01
-4.535816013140528402e-01
-4.533999418844787410e-01
-4.531860922466400265e-01
-4.530536154597654686e-01
-4.528361182509405003e-01
-4.526326542384327412e-01
-4.523269322160419770e-01
-4.520147805712461664e-01
-4.518317818307255873e-01
-4.515368285710576468e-01
-4.514981267237494489e-01
-4.512252182352226026e-01
-4.510307945127019491e-01
-4.508392477403703746e-01
-4.506195931241041563e-01
-4.504993420274340798e-01
-4.503364530980115688e-01
-4.503297203212153210e-01
-4.501637990129544464e-01
-4.499828915907955196e-01
-4.499507208489551546e-01
-4.496087634681614209e-01
-4.495973119979203014e-01
-4.494363205045099896e-01
-4.491109874476225672e-01
-4.487543980322505899e-01
-4.486232221531709086e-01
-4.483683165747268107e-01
-4.480544755127880419e-01
-4.477774013704839962e-01
-4.476042239352555629e-01
-4.472326998590396840e-01
-4.468767242053537370e-01
-4.464451003342511659e-01
-4.461345605608973974e-01
-4.456212657704309854e-01
-4.451284947452405771e-01
-4.446092472364236436e-01
-4.443564797237471442e-01
-4.438783519927803622e-01
-4.435539924027204761e-01
-4.431085410232330490e-01
-4.428883605390664391e-01
-4.425768998178847280e-01
-4.426487769214078605e-01
-4.426368895340240806e-01
-4.427494832581985729e-01
-4.428682896091105659e-01
-4.428966601159428640e-01
-4.430424398141217801e-01
-4.431742725738184174e-01
-4.430088499540728586e-01
-4.429918408493009885e-01
-4.428451790770109309e-01
-4.428209289973463747e-01
-4.428261017093320651e-01
-4.430318519863363225e-01
-4.433386864112381365e-01
-4.431473845897730413e-01
-4.432204214161062361e-01
-4.432386253008948063e-01
-4.433732840847260381e-01
-4.435850069122696526e-01
-4.438503096394679215e-01
-4.442854195820870600e-01
-4.442868093769366533e-01
-4.442751923463827968e-01
-4.444588963716498697e-01
-4.445755499188042137e-01
-4.444118491106220925e-01
-4.442961236875170861e-01
-4.442254465346207049e-01
-4.441645720469652447e-01
-4.439160404567118468e-01
-4.439004532843123241e-01
-4.437826981347917643e-01
-4.437029577833583871e-01
-4.437667761040898773e-01
-4.436475988558742922e-01
-4.435148223960270197e-01
-4.436353177236779244e-01
-4.439431073573164022e-01
-4.440364404458534975e-01
-4.442803900730951661e-01
-4.443416891710526562e-01
-4.444216545395155427e-01
-4.446398300166363726e-01
-4.447125235156501044e-01
-4.446904798443471751e-01
-4.447365551665332095e-01
-4.448744876299086659e-01
-4.449503700569420461e-01
-4.450916275912411013e-01
-4.452971732708800312e-01
-4.454995945074748387e-01
-4.457591684064511894e-01
-4.460159498627690455e-01
-4.462654572634962014e-01
-4.463393535105322218e-01
-4.465456989825676293e-01
-4.469702157846163204e-01
-4.471858462472111384e-01
-4.473321950359824828e-01
-4.475072155245945482e-01
-4.477998739837002473e-01
-4.480407157495852055e-01
-4.481425272794860581e-01
-4.483809362174052127e-01
-4.487314313110314368e-01
-4.492960369612235549e-01
-4.495429956875919286e-01
-4.499457081472454933e-01
-4.505626971613300724e-01
-4.508329803223687371e-01
-4.510450035082514408e-01
-4.514938041085536091e-01
-4.518631932235936399e-01
-4.521999910279931312e-01
-4.527931652793074080e-01
-4.532841336720784264e-01
-4.534594053641721190e-01
-4.539579269405275008e-01
-4.541193899337391260e-01
-4.543872228255532719e-01
-4.545424891123713285e-01
-4.546820362779869229e-01
-4.549377576759029429e-01
-4.551708603043750911e-01
-4.553360205893710599e-01
-4.553998942113032244e-01
-4.555203936405917697e-01
-4.556964500231481807e-01
-4.558722877014928510e-01
-4.561866846846729939e-01
-4.565049611827291520e-01
-4.566795382332682340e-01
-4.568442716260855962e-01
-4.571219317050286279e-01
-4.572741340897119589e-01
-4.575026988065984401e-01
-4.578187509548523049e-01
-4.581264332318605859e-01
-4.584167952079630237e-01
-4.586429079985232526e-01
-4.589274084681507215e-01
-4.592605953402628671e-01
-4.595839087776066867e-01
-4.598379788657711575e-01
-4.600929395565612756e-01
-4.604253294552942410e-01
-4.607094094928635419e-01
-4.609698940124665745e-01
-4.612434762779180075e-01
-4.615164820500918252e-01
-4.617752997276354243e-01
-4.619870803437157725e-01
-4.621820215939537180e-01
-4.625400757833177390e-01
-4.627823339896343091e-01
-4.630291937362172594e-01
-4.632932227271891468e-01
-4.636082578351556349e-01
-4.638288341815665072e-01
-4.640707634894951084e-01
-4.642811868941500997e-01
-4.645299590298467840e-01
-4.648454877120640760e-01
-4.650768203878428153e-01
-4.653333915488875872e-01
-4.655490978592761731e-01
-4.658038088326624804e-01
-4.659369079738275299e-01
-4.662689301422662247e-01
-4.664926389624377001e-01
-4.667137431202619258e-01
-4.669787132994329681e-01
-4.671749045431026759e-01
-4.674575969711169954e-01
-4.677418530443306910e-01
-4.678537847960151375e-01
-4.680590969324814887e-01
-4.682386480887118507e-01
-4.682572912757597128e-01
-4.683539993961846615e-01
-4.684501877174538920e-01
-4.686768728645040460e-01
-4.689404012118589815e-01
-4.690588627039896652e-01
-4.692386080452281560e-01
-4.693277694798588251e-01
-4.694434612610891566e-01
-4.694583631678513891e-01
-4.695816519440729753e-01
-4.696513177682521967e-01
-4.696609855498066755e-01
-4.697261136526381664e-01
-4.697659820215127624e-01
-4.697601283084278379e-01
-4.700148714588926468e-01
-4.701725871173634275e-01
-4.705376766222750251e-01
-4.707059804215101284e-01
-4.707467974105478126e-01
-4.709309247678482580e-01
-4.712050296634767155e-01
-4.713310100735214059e-01
-4.715389345814497979e-01
-4.718326517720732860e-01
-4.720846983367114058e-01
-4.724679806692774764e-01
-4.726407776647723047e-01
-4.727675314359870984e-01
-4.730787450024647178e-01
-4.733765857877262340e-01
-4.736333896459051229e-01
-4.740076966244403112e-01
-4.743139081904549914e-01
-4.745174160821354348e-01
-4.748867922644666728e-01
-4.751297287825242965e-01
-4.755520209840528034e-01
-4.761892176008379884e-01
-4.764682898984793358e-01
-4.769259927610540739e-01
-4.773405113898382957e-01
-4.777140644380777346e-01
-4.781519600822275451e-01
-4.785080841941595220e-01
-4.789545585322192434e-01
-4.794867844054081507e-01
-4.799339303283701175e-01
-4.803997772978697012e-01
-4.807129154235721402e-01
-4.810225892367714917e-01
-4.813915221523382693e-01
-4.817673645776035518e-01
-4.821759944869992709e-01
-4.825467889118217890e-01
-4.829076881956168577e-01
-4.831787202506815926e-01
-4.834187597850324591e-01
-4.837078129108071667e-01
-4.839221292749855685e-01
-4.841746486989292331e-01
-4.844480887931742474e-01
-4.847847703865653668e-01
-4.850548013841632367e-01
-4.854190870880101261e-01
-4.857260803769857804e-01
-4.860090100799978052e-01
-4.862854614994965852e-01
-4.865139810421263977e-01
-4.867351332780285311e-01
-4.869947939070095044e-01
-4.872228263504960188e-01
-4.874316812496370388e-01
-4.876848675850986026e-01
-4.879205814027584021e-01
-4.881899191031117691e-01
-4.885143625644487453e-01
-4.887804501403919533e-01
-4.889962538828510619e-01
-4.892220618917274555e-01
-4.894975273497158552e-01
-4.896978344342193812e-01
-4.898716190844191187e-01
-4.900360502745637614e-01
-4.902065423178822989e-01
-4.903618732464272156e-01
-4.905562521743881965e-01
-4.907528936594110491e-01
-4.909315248613007054e-01
-4.911007576375552297e-01
-4.912976630264048183e-01
-4.914661467718020593e-01
-4.916580659025421296e-01
-4.918237752065848789e-01
-4.919880938521303815e-01
-4.921153973057513786e-01
-4.922858094960423925e-01
-4.924040160335854122e-01
-4.925312961786191823e-01
-4.926470639364531334e-01
-4.927731637221814953e-01
-4.928942989556228671e-01
-4.930394941203953274e-01
-4.931753059918488336e-01
-4.933155128935041711e-01
-4.934637463262561141e-01
-4.936061741942363024e-01
-4.937457182045269510e-01
-4.938827657012510586e-01
-4.940375484516550397e-01
-4.941985694894532322e-01
-4.943444199027998698e-01
-4.945085949151331040e-01
-4.946701394732153645e-01
-4.948276881321113096e-01
-4.949939693730389112e-01
-4.951751947664916886e-01
-4.953702315614775809e-01
-4.955508163115994735e-01
-4.957417524256959585e-01
-4.959298325371178651e-01
-4.960968046315153424e-01
-4.962867753246397728e-01
-4.964399290976664325e-01
-4.965669186260457391e-01
-4.967471623404430270e-01
-4.968888777728656114e-01
-4.970380767686284895e-01
-4.972112454756496547e-01
-4.974182900721806910e-01
-4.976432624356225132e-01
-4.978516119873553913e-01
-4.980413638600120207e-01
-4.982533371007658030e-01
-4.984916343476926692e-01
-4.986981188500190232e-01
-4.989450860683511402e-01
-4.992364703907937185e-01
-4.995544125892095177e-01
-4.998884488730817033e-01
-5.001738769282562114e-01
-5.005228336736340378e-01
-5.008984188766247847e-01
-5.012216155931251693e-01
-5.016208949439436848e-01
-5.020015735015692648e-01
-5.024791774656778287e-01
-5.029175382535193695e-01
-5.032962235024510678e-01
-5.037735581123189421e-01
-5.042272387938538936e-01
-5.046364484781957760e-01
-5.050764354623124008e-01
-5.054248602203772478e-01
-5.057279593027333986e-01
-5.060732705665567099e-01
-5.063665499799880898e-01
-5.067312906746058720e-01
-5.070415349389476578e-01
-5.073396439677402281e-01
-5.076986286918515612e-01
-5.079681621147599246e-01
-5.082323262478347647e-01
-5.085190544694414561e-01
-5.088110763118881552e-01
-5.091036127979261527e-01
-5.093239201781716297e-01
-5.095899906725006590e-01
-5.098637421020946192e-01
-5.100972468491516976e-01
-5.103274220458458021e-01
-5.105799322316811883e-01
-5.108340818910473979e-01
-5.110547004050972619e-01
-5.113401729436580778e-01
-5.116797611907601961e-01
-5.119084256485183504e-01
-5.121680014652056911e-01
-5.124726830560443203e-01
-5.127102992690812933e-01
-5.130375316783123418e-01
-5.133119930653416985e-01
-5.136254637256689737e-01
-5.139817400491315524e-01
-5.142698570368169353e-01
-5.145655529531174555e-01
-5.148403435825883445e-01
-5.151322495897526776e-01
-5.154327185608684747e-01
-5.157347804772156596e-01
-5.162697230898573020e-01
-3.999985068424414814e-01
-3.999984912438101503e-01
-3.988655260447416251e-01
-3.981225066400521651e-01
-3.973257185347849330e-01
-3.964637235993614395e-01
-3.955400687438008767e-01
-3.945495537973986444e-01
-3.934930646620509176e-01
-3.924716628167064791e-01
-3.914411800045130008e-01
-3.903728390030808404e-01
-3.893393424722914609e-01
-3.882831704120386362e-01
-3.872237302907569623e-01
-3.860385414309683294e-01
-3.848249718653520834e-01
-3.835066738929596708e-01
-3.821418066355680154e-01
-3.808483343721322800e-01
-3.795725949077399242e-01
-3.782662863111778129e-01
-3.769759360175751195e-01
-3.756557441567575650e-01
-3.741787177932111019e-01
-3.726007419377364571e-01
-3.709819738657549881e-01
-3.693119309760312108e-01
-3.676873639422817974e-01
-3.662079350166028702e-01
-3.646961520453085304e-01
-3.631568430130081016e-01
-3.615599906564354593e-01
-3.598204322774449793e-01
-3.580245973773444890e-01
-3.562056651284363773e-01
-3.544126567645990433e-01
-3.526017203722237037e-01
-3.508774382841976514e-01
-3.491649992732473451e-01
-3.474231440783245861e-01
-3.456114248330560135e-01
-3.437875867879063851e-01
-3.418878494881525398e-01
-3.399695131885220323e-01
-3.380772345453160188e-01
-3.362358933057344457e-01
-3.344740661304165252e-01
-3.327902733341875918e-01
-3.311225821886939480e-01
-3.294907684660614566e-01
-3.278558487663229548e-01
-3.262337940022622673e-01
-3.245994735184108970e-01
-3.230105551369323869e-01
-3.214144374536256898e-01
-3.198719436729151044e-01
-3.183294314558748894e-01
-3.168066549927049391e-01
-3.153679568796006194e-01
-3.139264857351379279e-01
-3.125220965621982039e-01
-3.111059775645494407e-01
-3.097364469680806143e-01
-3.083717272955281419e-01
-3.070384070936566512e-01
-3.057508278822143599e-01
-3.045272378033557215e-01
-3.033658946008481183e-01
-3.022019254383450093e-01
-3.011462963137007121e-01
-3.001058259008955731e-01
-2.991056177363603519e-01
-2.981647399622761596e-01
-2.972928654079810551e-01
-2.964931806699969696e-01
-2.957521580910941195e-01
-2.951057614341796587e-01
-2.944776207755736008e-01
-2.939022651862422397e-01
-2.933372139350137187e-01
-2.928069707451810277e-01
-2.923369326381381472e-01
-2.918949753899123256e-01
-2.914863300757253861e-01
-2.911207291700394495e-01
-2.907929360446127598e-01
-2.905111670867574492e-01
-2.902718646289472182e-01
-2.900744469779751311e-01
-2.899242116737668074e-01
-2.898163397456676726e-01
-2.897527144652498610e-01
-2.897326286389562688e-01
-2.897546122285367121e-01
-2.898198863136962067e-01
-2.899278173775529654e-01
-2.900725000462981984e-01
-2.902431445677916555e-01
-2.904884107621961142e-01
-2.907346792508865296e-01
-2.910038981519413315e-01
-2.911575717726330725e-01
-2.912914677121319351e-01
-2.914158997178257215e-01
-2.915717946621065315e-01
-2.917399990837038493e-01
-2.919140656638085640e-01
-2.920868342942454232e-01
-2.922732932348262036e-01
-2.924685970667955659e-01
-2.927109396705939171e-01
-2.929349723473999578e-01
-2.931525983115582101e-01
-2.933411785292289742e-01
-2.934937138001864065e-01
-2.936872043861361026e-01
-2.938910463529172956e-01
-2.940960338295595666e-01
-2.942680137006671859e-01
-2.964967948890591121e-01
-2.987280083513401685e-01
-3.009528879012132174e-01
-3.031696265182768357e-01
-3.053701593750969279e-01
-3.075842463376954328e-01
-3.097972767012078243e-01
-3.120098156198882200e-01
-3.142129856086076090e-01
-3.164262415614043644e-01
-3.186398465090857224e-01
-3.208420129716725855e-01
-3.230455917044460779e-01
-3.252501177389376941e-01
-3.274678554588238422e-01
-3.296859278805944204e-01
-3.319042872453594195e-01
-3.341228868078714442e-01
-3.363416828167219430e-01
-3.385606359225024065e-01
-3.407797118323096508e-01
-3.429988814444752676e-01
-3.452181206437073269e-01
-3.474374218512960022e-01
-3.496567741402706875e-01
-3.518761681456710755e-01
-3.540955944432587765e-01
-3.563150569407770307e-01
-3.585345516928025722e-01
-3.607540747072405796e-01
-3.629736152577805464e-01
-3.651931618022835613e-01
-3.674127122004591794e-01
-3.696322646997981520e-01
-3.718518177929260871e-01
-3.740713701171675676e-01
-3.762909203880208109e-01
-3.785104606368472902e-01
-3.807299863285835695e-01
-3.829494978551586937e-01
-3.851689957901483496e-01
-3.873884809480927505e-01
-3.896079537101887480e-01
-3.918274287805444955e-01
-3.940468993124251473e-01
-3.962663899862216010e-01
-3.984858970171868964e-01
-4.007054148951140204e-01
-4.029249401031152478e-01
-4.051444603624530516e-01
-4.073639708458267061e-01
-4.095834705769220152e-01
-4.118029587551694792e-01
-4.140224415385343470e-01
-4.162419173140640694e-01
-4.184614004239988194e-01
-4.206808928272789405e-01
-4.229003939745369922e-01
-4.251199032202825911e-01
-4.273394208522095505e-01
-4.295378786520379077e-01
-4.317253144638534268e-01
-4.339478947325068892e-01
-4.361704511985963761e-01
-4.383929784055513590e-01
-4.406154744917537003e-01
-4.428379390153868167e-01
3.999987488885781151e-01
3.999987334372835934e-01
3.993723743452020636e-01
3.994572638158672695e-01
3.995478538235549548e-01
3.996129420655722408e-01
3.996692495980860294e-01
3.997122282675441007e-01
3.997456869448923200e-01
3.997669460778734973e-01
3.997768283923337496e-01
3.997682583182763372e-01
3.997468918503137014e-01
3.997164601580687759e-01
3.996707836183274187e-01
3.996051383504684029e-01
3.995179962191295342e-01
3.994216274607159667e-01
3.993103580295022659e-01
3.991768714551863217e-01
3.990400740352696429e-01
3.989075957339894840e-01
3.987767866457678778e-01
3.986244475211702665e-01
3.984319217476268715e-01
3.981891779307667467e-01
3.978986885668799323e-01
3.976042416032567473e-01
3.972845091914369298e-01
3.969701150928654498e-01
3.966269347903351172e-01
3.962512443659211292e-01
3.958883219519243601e-01
3.954923440757424080e-01
3.950604727193749999e-01
3.946066591058043915e-01
3.941859726675102094e-01
3.937792179243914115e-01
3.933494082509473300e-01
3.930194212032600554e-01
3.926851469688147356e-01
3.934919345996572559e-01
3.944406689642991903e-01
3.949337087338201657e-01
3.954117797344998131e-01
3.959805922282471635e-01
3.964018378168104872e-01
3.969483376878468750e-01
3.974941602915559313e-01
3.979649280244416665e-01
3.984298740111298920e-01
3.988955542799507703e-01
3.994534497463507194e-01
4.000963162082265545e-01
4.005596357215810421e-01
4.014668202487388649e-01
4.024034237854787754e-01
4.037103383589014105e-01
4.050143803233353101e-01
4.053277951552086700e-01
4.057185215287860136e-01
4.055137727394267366e-01
4.053089324843914820e-01
4.050784669398012072e-01
4.048427302066632261e-01
4.046349923996703790e-01
4.044168091466776027e-01
4.042231952863298283e-01
4.040518011206616911e-01
4.038320937797484356e-01
4.036009006976945535e-01
4.034088974068903433e-01
4.032627619304723354e-01
4.031034259622127691e-01
4.029398221801046565e-01
4.027851324845370673e-01
4.026605568949392366e-01
4.025770667864075336e-01
4.025163653146934251e-01
4.024519129761899849e-01
4.023860741790951101e-01
4.023524315522820083e-01
4.023201176995278017e-01
4.023015132301790975e-01
4.023164961425453323e-01
4.023476790536963388e-01
4.023830741450767912e-01
4.024056143445218225e-01
4.024027053222685169e-01
4.023616290847512045e-01
4.022606483711661518e-01
4.021047774537646613e-01
4.018917524869474178e-01
4.016035732094426214e-01
4.012503162850979410e-01
4.008156026441475617e-01
4.003250900729756201e-01
3.997776865965763649e-01
3.992008965510720486e-01
3.985847852765020405e-01
3.979131968370085981e-01
3.971794361349722524e-01
3.963914721133379171e-01
3.955559313193974802e-01
3.946640679017757725e-01
3.937409163463968520e-01
3.927788588329885200e-01
3.917599816325881279e-01
3.906834719910962095e-01
3.895325469589925871e-01
3.883663131541105207e-01
3.871601701616818603e-01
3.859168807908838761e-01
3.846226066932028620e-01
3.832663295646727142e-01
3.818765160287300175e-01
3.804503086503363551e-01
3.789887091789265194e-01
3.774973904751769971e-01
3.759772815690203274e-01
3.744228521158017853e-01
3.728395080101006842e-01
3.712680043527331053e-01
3.696817733336382750e-01
3.680448571687189308e-01
3.664024182390019924e-01
3.647451812590248865e-01
3.630162450422128040e-01
3.612304499456435725e-01
3.594684194824237511e-01
3.576597408061449879e-01
3.558589381330715118e-01
3.540359388733378410e-01
3.522247009805957174e-01
3.504056219729452248e-01
3.485372076244564465e-01
3.466075101873479780e-01
3.446396590836071638e-01
3.426680411152048800e-01
3.407142519114332302e-01
3.387230346885897747e-01
3.367092132822147588e-01
3.346974119060588393e-01
3.327280356735798916e-01
3.307749102464888624e-01
3.287866549738662769e-01
