-2.969143451686720363e-06
-2.985189039642089481e-06
-2.043956012879682548e-03
-4.337031215806911276e-03
-6.648819524122101879e-03
-8.906624466763216758e-03
-1.110997612909073520e-02
-1.330013916718103366e-02
-1.550145040752684208e-02
-1.771778769295174680e-02
-1.988402177029604742e-02
-2.200984377175456419e-02
-2.410815620451668348e-02
-2.622863776689947010e-02
-2.831360277730241362e-02
-3.044724116448635498e-02
-3.254255251241551516e-02
-3.459274509592136226e-02
-3.653668959519019294e-02
-3.849397094831030763e-02
-4.047261721059686179e-02
-4.241385835066224796e-02
-4.431778800167248539e-02
-4.618905750792846876e-02
-4.810413581389739318e-02
-5.000268573605973210e-02
-5.187174175624102712e-02
-5.372322693729932735e-02
-5.559265266039666031e-02
-5.524123318061421872e-02
-5.489414945217497427e-02
-5.457718839210749101e-02
-5.426443727258482841e-02
-5.395023269924572457e-02
-5.366559341241478737e-02
-5.337194520787381935e-02
-5.304933496484450645e-02
-5.277339869113659848e-02
-5.249477860436820714e-02
-5.223840198345793689e-02
-5.200020116512078794e-02
-5.182083935016049137e-02
-5.163163434363404053e-02
-5.144731317062312126e-02
-5.124680357943733194e-02
-5.102871842286508391e-02
-5.082190335118821206e-02
-5.059351542705814442e-02
-5.032253470862991379e-02
-5.004353549711639676e-02
-4.976401703698785095e-02
-4.947543266913802251e-02
-4.921778060755025580e-02
-4.896918636595503499e-02
-4.873629843371508896e-02
-4.848456004145237919e-02
-4.816799654891682630e-02
-4.787949783204149129e-02
-4.754518360597775883e-02
-4.725805491033831240e-02
-4.696424098114729967e-02
-4.664659895443849097e-02
-4.632530144393265381e-02
-4.599012220343531854e-02
-4.564456571449837519e-02
-4.527279242172784629e-02
-4.489506110528052735e-02
-4.447987540137996604e-02
-4.402682020437383159e-02
-4.360563956585939566e-02
-4.320737747684956498e-02
-4.281135397322874403e-02
-4.241536516398002749e-02
-4.209633041412672722e-02
-4.176860142824141697e-02
-4.139690186586068160e-02
-4.104241505349741359e-02
-4.067605426778371502e-02
-4.030482095141862259e-02
-3.990730045559808675e-02
-3.951617972797557415e-02
-3.912478194452810587e-02
-3.874527187202495004e-02
-3.833271846107817044e-02
-3.788771621328720918e-02
-3.743453389698221667e-02
-3.695169296012417587e-02
-3.649615389435457991e-02
-3.600519451878457511e-02
-3.556484487263351923e-02
-3.511285054759825941e-02
-3.471843691855165670e-02
-3.429841726336133045e-02
-3.387846961768105347e-02
-3.347645584745868874e-02
-3.306626835793539249e-02
-3.266508691257895280e-02
-3.226485556672854804e-02
-3.188136821142738275e-02
-3.152617104724078634e-02
-3.113917949534477855e-02
-3.078342756768349259e-02
-3.042851879744484442e-02
-3.003671532273960790e-02
-2.968958911748840329e-02
-2.931566349160755203e-02
-2.896398833426072628e-02
-2.861674548687161840e-02
-2.827516359758907097e-02
-2.793336019946177778e-02
-2.760719786179642588e-02
-2.724210093575658506e-02
-2.687528174023004479e-02
-2.651351323788328843e-02
-2.618370594273112389e-02
-2.584509283990119380e-02
-2.548427197656126172e-02
-2.516410304416872440e-02
-2.486761490058390575e-02
-2.457240667255941938e-02
-2.425687358194824478e-02
-2.395659559874571340e-02
-2.367443755593091892e-02
-2.338894284962315939e-02
-2.310938933749352373e-02
-2.283306309950131757e-02
-2.255859392954772183e-02
-2.228169300862044983e-02
-2.201649195919400809e-02
-2.178194261825671871e-02
-2.154552182199681587e-02
-2.129627764140978527e-02
-2.101741664685740849e-02
-2.074378706498660602e-02
-2.044351245824068894e-02
-2.014008070281086277e-02
-1.984496306778877478e-02
-1.953855130839709381e-02
-1.925349426156472421e-02
-1.892472033017127825e-02
-1.860596138366511776e-02
-1.832365730335060866e-02
-1.805838242503755506e-02
-1.779779800841952558e-02
-1.751635352518099431e-02
-1.723531809705127621e-02
-1.695466296049556731e-02
-1.664357218980031666e-02
-1.633340921192098782e-02
-1.600736465037916334e-02
-1.568087096578459419e-02
-1.536468147692787722e-02
-1.503688119199359137e-02
-1.469185527779023719e-02
-1.434260200318877507e-02
-1.402190895695976450e-02
-1.368542571584069507e-02
-1.336773671501564204e-02
-1.303200789046588329e-02
-1.270200588686833110e-02
-1.239258090009344969e-02
-1.210956182887666828e-02
-1.183814346057885346e-02
-1.155318652316245434e-02
-1.128059623706693070e-02
-1.100281828701172963e-02
-1.074660328216656309e-02
-1.049882324174048961e-02
-1.026619098531497166e-02
-1.003729918442794813e-02
-9.810881840144567226e-03
-9.587650923219968868e-03
-9.359671181924229116e-03
-9.114253164099580390e-03
-8.884902033827550213e-03
-8.673505295368519330e-03
-8.451545857649164772e-03
-8.252612141656911343e-03
-8.056088168088110582e-03
-7.864723620278745581e-03
-7.678091724114323793e-03
-7.506604025732909781e-03
-7.336632353221466014e-03
-7.179656123512515725e-03
-7.027421587903387272e-03
-6.871919284407441812e-03
-6.711378939499212416e-03
-6.541996968118459974e-03
-6.375918079455606541e-03
-6.216200252596711627e-03
-6.068282283476479633e-03
-5.935591170961298547e-03
-5.802725954711141637e-03
-5.687013743509957038e-03
-5.571715644316280538e-03
-5.451209530305118657e-03
-5.332814659166681265e-03
-5.217381731804470422e-03
-5.108736530590914093e-03
-5.008642159341012388e-03
-4.914440269830398431e-03
-4.827755164500014719e-03
-4.746794631904693862e-03
-4.673065512674531852e-03
-4.606766584553269490e-03
-4.544861063730425317e-03
-4.485183606173745105e-03
-4.424676469441333679e-03
-4.373331866444438165e-03
-4.326461533039342028e-03
-4.282246047827406935e-03
-4.241532765150539397e-03
-4.204047328881836514e-03
-4.169546367074988130e-03
-4.136882436946382434e-03
-4.106572600496734976e-03
-4.079977443496049169e-03
-4.056511250222587066e-03
-4.037306419533748074e-03
-4.021665622029896997e-03
-4.007229112231724955e-03
-3.996871094827150403e-03
-3.989053780128181889e-03
-3.984193766144842469e-03
-3.982442126993687367e-03
-3.983958756239904149e-03
-3.988883368314865077e-03
-3.996784471997279556e-03
-4.007835548555557272e-03
-4.022145404413038187e-03
-4.037849852980986663e-03
-4.056036800879906506e-03
-4.076272753073734156e-03
-4.099449585161605604e-03
-4.127183388972552498e-03
-4.158237567252023523e-03
-4.192315205405043078e-03
-4.228128616280307436e-03
-4.265576869484056025e-03
-4.300797034488243291e-03
-4.334624131210029416e-03
-4.371786912300380974e-03
-4.408997982968977485e-03
-4.449133888347874509e-03
-4.489173842609934899e-03
-4.531135055016399793e-03
-4.570436903579953684e-03
-4.607734452141559918e-03
-4.653143774994944297e-03
-4.698911242557967695e-03
-4.742089416531272694e-03
-4.793727360700788045e-03
-4.850686423597830310e-03
-4.911830094276542144e-03
-4.966679900897889161e-03
-5.032548432336499469e-03
-5.106836131040348725e-03
-5.185623619960806965e-03
-5.282218154079101891e-03
-5.378223073073025613e-03
-5.488706577379709461e-03
-5.602095856341222403e-03
-5.720652748632072682e-03
-5.834363290611764216e-03
-5.946704215027122549e-03
-6.071637424451301751e-03
-6.205861315664929975e-03
-6.354478256078898747e-03
-6.512012405411777248e-03
-6.699612439063632428e-03
-6.891410568396068650e-03
-7.075494538229409706e-03
-7.251471128514846119e-03
-7.415842474059445959e-03
-7.577207723113117861e-03
-7.752448891139494119e-03
-7.920879154778279196e-03
-8.116953481338520793e-03
-8.298890766301360647e-03
-8.480077785685428970e-03
-8.673808659138344465e-03
-8.876819192428875988e-03
-9.068838738079142148e-03
-9.255189776901701429e-03
-9.450609892375930535e-03
-9.649304651709883149e-03
-9.856628953251169931e-03
-1.006413339165326999e-02
-1.027321291693267073e-02
-1.046953395880853045e-02
-1.068491438809222004e-02
-1.089245740351317375e-02
-1.110184418918559734e-02
-1.130698922065642709e-02
-1.152510107764834202e-02
-1.173761920311213076e-02
-1.194395329807123630e-02
-1.215780965045049934e-02
-1.237797088380969759e-02
-1.261754542776347653e-02
-1.289953336935163730e-02
-1.314850683849746495e-02
-1.337970582730315175e-02
-1.360324734529005063e-02
-1.386230751566859369e-02
-1.410777602465791009e-02
-1.436872600687223549e-02
-1.463209536402482192e-02
-1.490046808201336836e-02
-1.513713250829305801e-02
-1.536789254755570669e-02
-1.561212412419350597e-02
-1.584754430597839700e-02
-1.610167122314171140e-02
-1.633149502486721041e-02
-1.658597566462104156e-02
-1.681562579927800907e-02
-1.707426700071637202e-02
-1.732907777982664599e-02
-1.759385223414587640e-02
-1.784409343419401592e-02
-1.806289727899483555e-02
-1.828647210168816983e-02
-1.852567796492986946e-02
-1.877707305744330188e-02
-1.907138188110573535e-02
-1.937251758768417445e-02
-1.964788635230978187e-02
-1.992155506960555447e-02
-2.021425947555710242e-02
-2.048390603377141586e-02
-2.075815798450065044e-02
-2.102926280186900518e-02
-2.128649548290349747e-02
-2.156420198282165551e-02
-2.184005199342203135e-02
-2.213310917348317378e-02
-2.243380385091721385e-02
-2.272415484443174663e-02
-2.301782538669055328e-02
-2.330042211427689122e-02
-2.356363234514355712e-02
-2.381841533954758006e-02
-2.406868898789212355e-02
-2.430694844954824421e-02
-2.455370174759302290e-02
-2.477405044434582287e-02
-2.494289039356252513e-02
-2.512551297927434479e-02
-2.528733968865313694e-02
-2.544706216266971396e-02
-2.558346055991563700e-02
-2.572524395848779788e-02
-2.579169193653814765e-02
-2.583902025494939220e-02
-2.590344898394290538e-02
-2.596636891792619348e-02
-2.599305102705934054e-02
-2.599301912689402222e-02
-2.599032562194840759e-02
-2.597707799339860069e-02
-2.594740091693632095e-02
-2.593531428440996531e-02
-2.589120765741435848e-02
-2.570614391072007301e-02
-2.565618059920734412e-02
-2.531632337219018314e-02
-2.325276284959316292e-02
-2.115875451859001999e-02
-1.909078851011717856e-02
-1.701258929117208801e-02
-1.491762987978404592e-02
-1.279689465995793689e-02
-1.064745631530451299e-02
-8.478028307150005383e-03
-6.303944072606456998e-03
-4.108386397835616342e-03
-1.942920032908057896e-03
2.274105662337777675e-04
2.444009178875689026e-03
4.675085304360060423e-03
6.918361749110006273e-03
9.150879074255590176e-03
1.137180446959424641e-02
1.363665422120667950e-02
1.592710497988288065e-02
1.821602594534328309e-02
2.051563765707752757e-02
2.283533114054214427e-02
2.513826692538097610e-02
2.740902385894383383e-02
2.971193682036120734e-02
3.196709230167297383e-02
3.421769927265256445e-02
3.647184948995544490e-02
3.874053087787843880e-02
4.099051414750568001e-02
4.326073228327519810e-02
4.555552004100101721e-02
4.784246091884953450e-02
5.015908432642986192e-02
5.250550217860630586e-02
5.485171274353712462e-02
5.719775628828561997e-02
5.952775921913128210e-02
6.183951332644470333e-02
6.415495796824319252e-02
6.644763355782454251e-02
6.875138498126709408e-02
7.104967499970385458e-02
7.334868357456364452e-02
7.567055887575213635e-02
7.797217622679250559e-02
8.023452438779553331e-02
8.252256063337264080e-02
8.480750119960325795e-02
8.712673926997149820e-02
8.942636834934217238e-02
9.171352910114496937e-02
9.399022065670926962e-02
9.626805634682393531e-02
