-4.000028467952620459e-01
-2.000032138658232872e-01
-2.000032298415410359e-01
-2.024171601345133575e-01
-2.037785300290045343e-01
-2.051813245124265161e-01
-2.062998888456580027e-01
-2.077217562286434727e-01
-2.091419969911942622e-01
-2.108188666253304755e-01
-2.124560534231229036e-01
-2.141307280497082299e-01
-2.157502653321074770e-01
-2.173546395571042122e-01
-2.189388117498132780e-01
-2.204755110189903777e-01
-2.219632610666056605e-01
-2.233845646490746073e-01
-2.247019043956077489e-01
-2.259935460201164814e-01
-2.271993523316360453e-01
-2.283759053785297810e-01
-2.295114781777340962e-01
-2.305788580214523376e-01
-2.315130685378910813e-01
-2.324809995293458387e-01
-2.333253710307246209e-01
-2.341275072671692992e-01
-2.349226553336338785e-01
-2.356003735847868041e-01
-2.365100859078546336e-01
-2.373965918200432457e-01
-2.384619391961765311e-01
-2.395937913242288941e-01
-2.408189143318947290e-01
-2.420106166459059238e-01
-2.432120124685935025e-01
-2.444294058894195543e-01
-2.456569319675838692e-01
-2.468747749914108613e-01
-2.481002240051388141e-01
-2.493352772041387833e-01
-2.505375905393706915e-01
-2.517473797798547297e-01
-2.529544961827012717e-01
-2.541460195592146198e-01
-2.553416885228453892e-01
-2.565068418486144974e-01
-2.576756067677342110e-01
-2.588592143143650381e-01
-2.600034988009322090e-01
-2.611347487945911428e-01
-2.622396843558880142e-01
-2.633146717636386525e-01
-2.643734545232311328e-01
-2.654273417557446169e-01
-2.664446219072324484e-01
-2.674510914855126598e-01
-2.684323246262247942e-01
-2.693782050510176718e-01
-2.702859687890605267e-01
-2.711618155383752615e-01
-2.720166537988100708e-01
-2.728311072903081280e-01
-2.736243567850057956e-01
-2.743860395488220694e-01
-2.751116519136940775e-01
-2.757813581132206870e-01
-2.764112236050357274e-01
-2.770153121116272765e-01
-2.775712431095584964e-01
-2.780967028782684869e-01
-2.785443567214700988e-01
-2.789634989364416229e-01
-2.793179096322557231e-01
-2.796824646176539475e-01
-2.799731203806447577e-01
-2.802063719760777838e-01
-2.803828910240727668e-01
-2.805336158090916410e-01
-2.806247751271040425e-01
-2.806719046990237554e-01
-2.806755213852860642e-01
-2.806365003992219997e-01
-2.805612975899542394e-01
-2.804300210218884648e-01
-2.802768632250214331e-01
-2.800426124135770856e-01
-2.797962610245055548e-01
-2.795136912652235184e-01
-2.791988292867816357e-01
-2.788599741650995001e-01
-2.784594058768358193e-01
-2.780517748648631549e-01
-2.776173436939368688e-01
-2.772061213389593326e-01
-2.767371150811534508e-01
-2.762172845607780425e-01
-2.757213135491465295e-01
-2.751566977665463321e-01
-2.745797616586594936e-01
-2.738690544990765030e-01
-2.731515385630435833e-01
-2.724363143886916472e-01
-2.717230423680055962e-01
-2.710113733691361104e-01
-2.703009823772999920e-01
-2.695938959047271544e-01
-2.688843429722829748e-01
-2.682052852128445353e-01
-2.675231756877990974e-01
-2.667986882104300128e-01
-2.661041226016980232e-01
-2.653744519888643905e-01
-2.646451106132919895e-01
-2.639660782127645766e-01
-2.632207604960683511e-01
-2.625563101633880403e-01
-2.618104483268252625e-01
-2.610434094305616459e-01
-2.603452942510958712e-01
-2.595973426574599840e-01
-2.588712671127783582e-01
-2.581422954246632706e-01
-2.574041708575244281e-01
-2.565750666317272444e-01
-2.557549435724525977e-01
-2.548639936177634069e-01
-2.541100106710091344e-01
-2.532017459745523058e-01
-2.522862869802566799e-01
-2.513436855212192178e-01
-2.504068608464034562e-01
-2.494887916074371992e-01
-2.486293942421947956e-01
-2.477734289364401932e-01
-2.467963753979070529e-01
-2.459413714674926477e-01
-2.449953464333983477e-01
-2.440582761501964570e-01
-2.430907431734542212e-01
-2.421219426892825821e-01
-2.411232460327799865e-01
-2.401680703196120981e-01
-2.391884779857419430e-01
-2.381178523942350245e-01
-2.370228404523075927e-01
-2.359222191637331545e-01
-2.348712240456064249e-01
-2.337909847569126787e-01
-2.328060458991723092e-01
-2.316797405220930306e-01
-2.305336414847038440e-01
-2.293603557113407798e-01
-2.281816338930403032e-01
-2.270408941862681051e-01
-2.259983425221649966e-01
-2.247775047718815200e-01
-2.236361731484020066e-01
-2.224108702450622310e-01
-2.212254804739863245e-01
-2.199847233938975188e-01
-2.187191436662747623e-01
-2.175326682110828580e-01
-2.163472478416480216e-01
-2.150741177184906094e-01
-2.137842576487735125e-01
-2.124950244394649690e-01
-2.112063233027157427e-01
-2.099180579801994129e-01
-2.086301412754645035e-01
-2.073424971486527435e-01
-2.060550613652787078e-01
-2.047677806319104232e-01
-2.034806105810162968e-01
-2.021935185950230196e-01
-2.009064806412986792e-01
-1.997039925410096783e-01
-1.984789290977650722e-01
-1.972874213049183312e-01
-1.962017160856478204e-01
-1.948295253195558296e-01
-1.936481914184463859e-01
-1.923699527053257530e-01
-1.911702693429403743e-01
-1.898752412693496816e-01
-1.886143908341153808e-01
-1.872274754996036406e-01
-1.859006493848279762e-01
-1.844526096449525532e-01
-1.829389397615188706e-01
-1.814116282722571249e-01
-1.798921109291068965e-01
-1.783463791517187480e-01
-1.769034996156912121e-01
-1.755031915336794923e-01
-1.739292646900156558e-01
-1.723711182933228836e-01
-1.708280559595632686e-01
-1.692720018063406662e-01
-1.677937921924744225e-01
-1.662020110951568930e-01
-1.646771541945110662e-01
-1.630781452254465580e-01
-1.614796152950669084e-01
-1.598814996677781208e-01
-1.582837217953894093e-01
-1.567797634835879639e-01
-1.552553319352069916e-01
-1.536365353227461816e-01
-1.520181299396323460e-01
-1.504146992167411101e-01
-1.488232572181777125e-01
-1.472005579579405143e-01
-1.455781293329895254e-01
-1.439559335017452091e-01
-1.423339323111000865e-01
-1.407120902405627205e-01
-1.390903755568164701e-01
-1.374687610515326619e-01
-1.358472240379001716e-01
-1.342257390090562941e-01
-1.326042922822667502e-01
-1.310495479975090638e-01
-1.294474996560479041e-01
-1.278639488768851529e-01
-1.263202733654040788e-01
-1.248729037620835425e-01
-1.234187317658174132e-01
-1.218255502786435712e-01
-1.203465745007054610e-01
-1.188474223146604308e-01
-1.172718510654555263e-01
-1.158759623292521940e-01
-1.146282795549417310e-01
-1.131371345581933530e-01
-1.116836755954514343e-01
-1.102034978982365937e-01
-1.088605643139397561e-01
-1.075288622047378961e-01
-1.060709675353464776e-01
-1.044895366582097723e-01
-1.029877745901106451e-01
-1.011096608672149705e-01
-9.932016505902167836e-02
-9.738984992067206692e-02
-9.546143617614537280e-02
-9.353459455819469748e-02
-9.160902182475086364e-02
-8.972301160160434108e-02
-8.779899097506783934e-02
-8.587217786970778588e-02
-8.394581775170795179e-02
-8.201978055318330518e-02
-8.009396544598397505e-02
-7.816829276292712458e-02
-7.624270245557301928e-02
-7.454138418604121241e-02
-7.296034134029696916e-02
-7.105109332648590348e-02
-6.940287239759686255e-02
-6.760596469430896205e-02
-6.586788910770687011e-02
-6.444290328793732259e-02
-6.286674340613186696e-02
-6.120468615810580049e-02
-5.951905722454345349e-02
-5.772582403973144927e-02
-5.602261033991002420e-02
-5.460760701030997061e-02
-5.285351108337289078e-02
-5.132365493300015263e-02
-4.951465936327838213e-02
-4.779020284526717260e-02
-4.600587577121018762e-02
-4.421333461429993034e-02
-4.208957006512858284e-02
-3.996548115946720742e-02
-3.772979845218866340e-02
-3.549535775647626873e-02
-3.326193145075778679e-02
-3.102931414165656029e-02
-2.886774338051858318e-02
-2.664833837223545832e-02
-2.441215188885752577e-02
-2.217628108486032271e-02
-1.994064632978219398e-02
-1.770518211999149230e-02
-1.546983657964231228e-02
-1.323455391408090778e-02
-1.099930272040034601e-02
-8.764057815260283338e-03
-6.528801539079659259e-03
-4.332900564800620108e-03
-2.095416791164983038e-03
1.420710030157951490e-04
2.375602855065200598e-03
4.613325932930299571e-03
6.521024300082726294e-03
8.482598033459952738e-03
1.052142189104112412e-02
1.223468303443986729e-02
1.386199601756470459e-02
1.591345268326757947e-02
1.753706605784487171e-02
1.931227781408102750e-02
2.121102030537850083e-02
2.313105389067943510e-02
2.508545693881294308e-02
2.717922973977430698e-02
2.921294557563970662e-02
3.154675143241894575e-02
3.384673235320508067e-02
3.614177347757730613e-02
3.847710724415874528e-02
4.074550859533995761e-02
4.306314230496082612e-02
4.539908066381502516e-02
4.773771745921134846e-02
5.003535270937185808e-02
5.237562861750025278e-02
5.446399361280076373e-02
5.666623627498842269e-02
5.892671862869290622e-02
6.117199070365901548e-02
6.353737848748361450e-02
6.579256720460462116e-02
6.797679031751863166e-02
7.010485422910145425e-02
7.221574909145024590e-02
7.439515186684733661e-02
7.675451036801035631e-02
7.914113729483301940e-02
8.132183348734713102e-02
8.353142474826455444e-02
8.594081588687149664e-02
8.800793986263566460e-02
9.005424348459849238e-02
9.245110623491932522e-02
9.479820604573242770e-02
9.713634639322066278e-02
9.948230159290100127e-02
1.018799262018509205e-01
1.041605911317058791e-01
1.063642554723674416e-01
1.084091242136289712e-01
1.105622207038869098e-01
1.127698405893278605e-01
1.149566541125492392e-01
1.171059386365321253e-01
1.194607208205324400e-01
1.216383717522874636e-01
1.239503443076578199e-01
1.261457521837286710e-01
1.285654874870276743e-01
1.309018459536593904e-01
1.333671352893784634e-01
1.356749447705933864e-01
1.378661659219946600e-01
1.401046598808243782e-01
1.422489941072570818e-01
1.445855762914902698e-01
1.468155533127112888e-01
1.490786886350178586e-01
1.513685171241383465e-01
1.538210440229021703e-01
1.561042438252435993e-01
1.584725061975492955e-01
1.608225835546004956e-01
1.632691199248787750e-01
1.658124222691284844e-01
1.682170489928628276e-01
1.707616934751019222e-01
1.732401330159395736e-01
1.756847524246250847e-01
1.782045965926931930e-01
1.806006258621785654e-01
1.830680576342497701e-01
1.856059071013442807e-01
1.880249956122171384e-01
1.905750968779802990e-01
1.930157400794388634e-01
1.953148952384458348e-01
1.975873889993496335e-01
2.001200954156279466e-01
2.025304900814832165e-01
2.050860611884046669e-01
2.076415302034747556e-01
2.101969167885758272e-01
2.127522485642324712e-01
2.153075460546617637e-01
2.178628240143599959e-01
2.204180925849416328e-01
2.229732713232185359e-01
2.255284303345906627e-01
2.280836062461867597e-01
2.306388023961781775e-01
2.331940207784181096e-01
2.357492623828668366e-01
2.383045274196755325e-01
2.408598154945938985e-01
2.434151257441520833e-01
2.459704569384631168e-01
2.485257956510345256e-01
2.510811364385301947e-01
2.536364767601832493e-01
2.561918141903720136e-01
2.587471464497560492e-01
2.613024714304053586e-01
2.638577871541880060e-01
2.664130911685140823e-01
2.689683680394833187e-01
2.715236312263421548e-01
2.740788846882966645e-01
2.766341298985837138e-01
2.791893684996339942e-01
2.817446022668516625e-01
2.842999590479187155e-01
2.868553179321542412e-01
2.894106772307070141e-01
2.918363800416254317e-01
2.942212428247721334e-01
2.966552947075764557e-01
2.991178178704225754e-01
3.015820846176934245e-01
3.040634682424654400e-01
3.066219350670940091e-01
3.090888481439141300e-01
3.116475516039676208e-01
3.142062203928691622e-01
3.167648606279936940e-01
3.193233801046834741e-01
3.218819004248787419e-01
3.244404269004041996e-01
3.269989634555649505e-01
3.295575129564692896e-01
3.321160809832958694e-01
3.346746641311931225e-01
3.372332611566333793e-01
3.397337107998669170e-01
3.422794698704914595e-01
3.448383277465306151e-01
3.473697491451466224e-01
3.498277032058495495e-01
3.520790358155765354e-01
3.545612642947525428e-01
3.571213453524210157e-01
3.596102508445262469e-01
3.620983735748465326e-01
3.644530668606867363e-01
3.665981759301695786e-01
3.689752560158224837e-01
3.711235462641837013e-01
3.731389546312760541e-01
3.752570657083350580e-01
3.773693694208644089e-01
3.795609799449841670e-01
3.815335650658694400e-01
3.836534635824981332e-01
3.856849773983906382e-01
3.878310618253871245e-01
3.901084484908415861e-01
3.924631809334879207e-01
3.949167547372334774e-01
3.974308130354211044e-01
3.999454266961062765e-01
4.024605848252331142e-01
4.049762510076364563e-01
4.074923723413249044e-01
4.100088886058961268e-01
4.125257379097236887e-01
4.150428604389793108e-01
4.175602018226292067e-01
4.200777141400769965e-01
4.225953563765657561e-01
4.251130943211232638e-01
4.276309001109344643e-01
4.301487513256643802e-01
4.326666303856130935e-01
4.351845242486094278e-01
1.030829922029954958e-06
1.046262729379218397e-06
7.561820164718923093e-04
1.104350610206142813e-03
1.501282767424907960e-03
1.976968444986215365e-03
2.505117444096290405e-03
3.086488661006425889e-03
3.703136350103111100e-03
4.436815216593091755e-03
5.321182281843171887e-03
6.500890751504633316e-03
7.595335571558149701e-03
8.739881216374900327e-03
9.948786773520507457e-03
1.101429075335999888e-02
1.243803585279155619e-02
1.393043996534873430e-02
1.542815688709649365e-02
1.687916752164944634e-02
1.838828221814239536e-02
1.991131612728111108e-02
2.146694566546754682e-02
2.301253674371125935e-02
2.452669936913167564e-02
2.607190056385833010e-02
2.767320712350639089e-02
2.931168943521135842e-02
3.094439213002532843e-02
3.265527836592771460e-02
3.433382081379736384e-02
3.612660152184056506e-02
3.780117426826119092e-02
3.940812067720131373e-02
4.115006496547612275e-02
4.286337528576521227e-02
4.451834001995498558e-02
4.627657838695656972e-02
4.794178054845166237e-02
4.957600379174931238e-02
5.118088877922541413e-02
5.273045690858000484e-02
5.426928121196656490e-02
5.589274600663628884e-02
5.745515086748942402e-02
5.909563733975400912e-02
6.077384157085034821e-02
6.247682625087144781e-02
6.413014588530906168e-02
6.577207083052381831e-02
6.750713944156441770e-02
6.918224300360724388e-02
7.097464528783650750e-02
7.264159628334887486e-02
7.427819219402267970e-02
7.599291161962591634e-02
7.780035444278389500e-02
7.953380918004461508e-02
8.129582365591490889e-02
8.320557731494343523e-02
8.514141374195069445e-02
8.705064872911313922e-02
8.912628383786054542e-02
9.120889237542109673e-02
9.328480133468150526e-02
9.545306004800142852e-02
9.756005927995735350e-02
9.970063792549765935e-02
1.018968176120865765e-01
1.040384982973428657e-01
1.061183409524921739e-01
1.081980211343472470e-01
1.102737644133902073e-01
1.122845183039386657e-01
1.143067160199495585e-01
1.163236493330850746e-01
1.183077302065488057e-01
1.203075420308820087e-01
1.223207274932081035e-01
1.243981064388657576e-01
1.265555565958852713e-01
1.286214982329140499e-01
1.306545025024012929e-01
1.326963302656344046e-01
1.346894962197308088e-01
1.367411199758330753e-01
1.388394017496879795e-01
1.409492159470733808e-01
1.429549501998716443e-01
1.450400868889809847e-01
1.469906949342223990e-01
1.490457675444537555e-01
1.509866318543170716e-01
1.529498271347679572e-01
1.548756279689404713e-01
1.567712049745372260e-01
1.586335078707097057e-01
1.604934392400698129e-01
1.623501360002672644e-01
1.644047310105981041e-01
1.663089783208736572e-01
1.683172318721442295e-01
1.702357803177856066e-01
1.722419654249748855e-01
1.741998078844741449e-01
1.761308303307325684e-01
1.780414886251555917e-01
1.799499960328979631e-01
1.818846472151335047e-01
1.838150250141986630e-01
1.857115250169594223e-01
1.876434965109636532e-01
1.895072660582180213e-01
1.914688532136589738e-01
1.934810918028108673e-01
1.954560783011894398e-01
1.975583987549077436e-01
1.996600437110714887e-01
2.018117558795215760e-01
2.039646093051601661e-01
2.061184368878141160e-01
2.082730762293937832e-01
2.104283757757069717e-01
2.125841996401946210e-01
2.147404298501973119e-01
2.168969671784934938e-01
