1.999989195010371812e-01
1.999989040509037308e-01
6.232616383702526032e-08
6.671522112580648813e-08
3.577606697966402739e-05
4.833746387330787681e-05
7.927374986172228783e-05
1.318225352220231677e-04
2.078165625710467850e-04
3.018961699398128840e-04
4.085635592527532903e-04
5.366930622588524579e-04
6.920167334425258391e-04
8.787649944135132079e-04
1.083455296740793274e-03
1.334304937800291115e-03
1.652720151155558006e-03
1.959358791517333467e-03
2.271497070233272682e-03
2.655871235461519392e-03
3.005966826001427953e-03
3.424458510017457102e-03
3.861377663368532019e-03
4.319828879228429161e-03
4.819524497565390309e-03
5.306033583935473689e-03
5.829940755372449955e-03
6.404156062984693240e-03
6.953138575689589082e-03
7.513513621902854177e-03
8.084321219778513312e-03
8.649273398667075771e-03
9.202046740408054495e-03
9.699853017056688995e-03
1.020698083184649191e-02
1.078191782056359127e-02
1.135282992882838404e-02
1.194294942944746848e-02
1.254490624668201312e-02
1.311006159691050291e-02
1.362717028181604367e-02
1.412136760579392469e-02
1.460858898272922313e-02
1.508009035251076102e-02
1.553874801783498849e-02
1.596033886479007388e-02
1.635743754622535559e-02
1.673942776686173500e-02
1.715170382793895082e-02
1.754608797227763875e-02
1.790334074675549100e-02
1.826890303500309370e-02
1.866790531831289887e-02
1.906720246367225521e-02
1.946192436333744197e-02
1.982424145558826442e-02
2.015837483840824881e-02
2.049760499440844014e-02
2.086340793198558294e-02
2.129852231981656241e-02
2.173801385167092870e-02
2.212790985587119452e-02
2.248822745286230620e-02
2.283149033875932210e-02
2.318509195844378062e-02
2.356510947541105849e-02
2.391366457449997998e-02
2.425301517466786974e-02
2.461792589885321986e-02
2.494180312350923606e-02
2.524871037461301135e-02
2.555866540981743470e-02
2.581452352177375509e-02
2.607413983643320013e-02
2.631043695658787443e-02
2.654593935306672273e-02
2.677882609848553433e-02
2.702162593704682259e-02
2.727794950345607122e-02
2.749663192200178796e-02
2.770926661195569074e-02
2.791237257232940736e-02
2.806990808196624387e-02
2.820978577749948257e-02
2.831947451345457473e-02
2.840756052544573043e-02
2.848083271701288069e-02
2.853396046592007046e-02
2.856922686095412361e-02
2.859721748495821711e-02
2.861594149704694418e-02
2.862473546403797656e-02
2.863130858431632217e-02
2.862505932386588681e-02
2.860104555132879020e-02
2.856695725404454628e-02
2.852019320476725794e-02
2.846812071417621076e-02
2.841232856108114740e-02
2.834614686020778263e-02
2.827817545385261089e-02
2.822313805146726973e-02
2.725513048573511773e-02
2.627605208257498964e-02
2.527956007552338569e-02
2.427214841611135751e-02
2.324360575835080975e-02
2.218964220505904861e-02
2.113049525565841719e-02
2.006092303749520966e-02
1.897986711227950263e-02
1.789621531783562591e-02
1.680702864307916100e-02
1.568865392949947771e-02
1.454354845682627635e-02
1.337721716617234005e-02
1.219563017712708454e-02
1.098875108979796220e-02
9.761564215419371929e-03
8.510216739134627770e-03
7.242859071629978787e-03
5.971227541889158504e-03
4.684188271439765350e-03
3.403352144288053407e-03
2.115744060698728727e-03
8.129162701528147312e-04
-4.868530309601976037e-04
-1.826115374179583051e-03
-3.198787666563907180e-03
-4.585089077134149420e-03
-5.974256862377336913e-03
-7.391382216200059752e-03
-8.830402509093589550e-03
-1.028475426379973044e-02
-1.173471636681475486e-02
-1.319432145506016507e-02
-1.466258741062351906e-02
-1.613964668064114122e-02
-1.761500257082841692e-02
-1.910629811313724336e-02
-2.061491645567234410e-02
-2.215485557905158900e-02
-2.369630152369298776e-02
-2.525604248794505527e-02
-2.681015633436509629e-02
-2.835765139810792271e-02
-2.991390626872814096e-02
-3.147660863295288075e-02
-3.301229051684005655e-02
-3.456551601215925723e-02
-3.607462094889399284e-02
-3.756853656486273257e-02
-3.906817384432684920e-02
-4.059094094659756319e-02
-4.212085787816061133e-02
-4.367908502858053321e-02
-4.522265522486650785e-02
-4.677399057910935909e-02
-4.833936184541647030e-02
-4.991000467784650896e-02
-5.149785460920119906e-02
-5.307154525665599976e-02
-5.463700737787934719e-02
-5.621596438097235804e-02
-5.777968252367642749e-02
-5.936862363484948085e-02
-6.096746268551795495e-02
-6.256548981783749408e-02
-6.419076986795735351e-02
-6.582823165192942805e-02
-6.744534087232842423e-02
-6.908424816506050781e-02
-7.072283032135559533e-02
-7.238132771094341056e-02
-7.404592822179389966e-02
-7.571826486351698748e-02
-7.740633940743986419e-02
-7.909271674103934835e-02
-8.081128543847967971e-02
-8.253860715581358420e-02
-8.428020439657601948e-02
-8.604414357433018412e-02
-8.785128942983974620e-02
-8.969023475942138057e-02
-9.155381186550062833e-02
-9.343930239310618835e-02
-9.535489849091401127e-02
-9.728910544987021125e-02
-9.923796609746420028e-02
-1.011785024767946212e-01
-1.031420752035595162e-01
-1.050918474244171702e-01
-1.070447615301273886e-01
-1.090171256393519250e-01
-1.110052022944374855e-01
-1.130264392359300318e-01
-1.150730031301602091e-01
-1.171180558311535752e-01
-1.191754326064598801e-01
-1.212679886675812196e-01
-1.233874788760771224e-01
-1.254796872338077296e-01
-1.275890525666348030e-01
-1.296561923194799459e-01
-1.317112174535324254e-01
-1.337838113059386935e-01
-1.358758900300859329e-01
-1.379846939606361733e-01
-1.401238398091075310e-01
-1.422791629378565292e-01
-1.444644370824142154e-01
-1.466507486616992484e-01
-1.488290476818228958e-01
-1.510204661453471431e-01
-1.532352247371988885e-01
-1.554550340413702603e-01
-1.577124664644816709e-01
-1.599814792590125156e-01
-1.622398396211767180e-01
-1.645112004707253439e-01
-1.667872589751659695e-01
-1.690759116066616607e-01
-1.713816967625242660e-01
-1.736784222688919632e-01
-1.759604460472984633e-01
-1.782360269125650432e-01
-1.805201197961901205e-01
-1.828311025693566960e-01
-1.851674800652958475e-01
-1.875219237017446972e-01
-1.898672297162881661e-01
-1.922330460019053278e-01
-1.946289568151848559e-01
-1.969891070069372807e-01
-1.993442219409896909e-01
-2.016884611676687533e-01
-2.040259224358199341e-01
-2.063358891297071007e-01
-2.086710486191168668e-01
-2.110232914585196129e-01
-2.133443054583428200e-01
-2.156636439595922272e-01
-2.179871043939442532e-01
-2.203286925837581178e-01
-2.226395599938165160e-01
-2.249417733431058330e-01
-2.272545336290367202e-01
-2.295251079899801872e-01
-2.317816251181166187e-01
-2.340695723283745533e-01
-2.363435979940847476e-01
-2.385827626466891505e-01
-2.407956050568685058e-01
-2.429839324256803101e-01
-2.452084762493351722e-01
-2.474557598425186355e-01
-2.496030904276972384e-01
-2.517849559760083067e-01
-2.539889589923741142e-01
-2.561962888434463625e-01
-2.584479327293309758e-01
-2.606427255265598153e-01
-2.628550277743482710e-01
-2.650483119206511473e-01
-2.672433200209963222e-01
-2.694428162435740237e-01
-2.716428592180062385e-01
-2.738161491142306891e-01
-2.759998874743306851e-01
-2.782064065181517054e-01
-2.804018690499973099e-01
-2.826036342819296943e-01
-2.847838292399776927e-01
-2.869633421636321180e-01
-2.891357989069969214e-01
-2.913007932807177292e-01
-2.934428261901071977e-01
-2.955641393449338628e-01
-2.976792427848063416e-01
-2.998053599568168970e-01
-3.019243326748125011e-01
-3.040805167563485623e-01
-3.062555177105859006e-01
-3.084352083022404711e-01
-3.105782259737215334e-01
-3.126798975442530160e-01
-3.147498503542663917e-01
-3.167990187591044893e-01
-3.188273890797493348e-01
-3.208864477871514187e-01
-3.229384078085687504e-01
-3.249710078251408785e-01
-3.269993605849488283e-01
-3.290205321976322206e-01
-3.310308312780605444e-01
-3.330499629707839859e-01
-3.350553844606257714e-01
-3.370488254463157585e-01
-3.389991975021743320e-01
-3.409412449858584826e-01
-3.428735686880259315e-01
-3.447816733003257195e-01
-3.466915586075869915e-01
-3.485824724047558165e-01
-3.504849850415027723e-01
-3.524025751457299238e-01
-3.542830770763360504e-01
-3.561873671546504361e-01
-3.580820272283707917e-01
-3.599644343119960954e-01
-3.618223037015086407e-01
-3.636717737227961877e-01
-3.655143156595165865e-01
-3.673511571921558860e-01
-3.691739865736336501e-01
-3.709911775166044312e-01
-3.728066386641937791e-01
-3.745991545871000250e-01
-3.763935902436287284e-01
-3.781919795690482089e-01
-3.799889151000909737e-01
-3.817684972375730013e-01
-3.834998689881878864e-01
-3.852094381114279931e-01
-3.868909863058569987e-01
-3.885409516205348690e-01
-3.901585155879475075e-01
-3.917722031789119819e-01
-3.972392540889725931e-01
-3.972066544149758793e-01
-3.971645284738623549e-01
-3.971075670648185341e-01
-3.970446034556485149e-01
-3.969545118001055473e-01
-3.968471875260649595e-01
-3.967156262536324363e-01
-3.965824027733814705e-01
-3.964384391681608499e-01
-3.962666658987445967e-01
-3.960778576250958416e-01
-3.958751912153101182e-01
-3.956881263600940390e-01
-3.954778929132673482e-01
-3.952509681316289658e-01
-3.950134687310227211e-01
-3.947607329608591176e-01
-3.944895389024873911e-01
-3.941974991638999004e-01
-3.938918690576316273e-01
-3.935959967730489617e-01
-3.932736303152801205e-01
-3.929462884813950119e-01
-3.925997681382260573e-01
-3.922698044607693668e-01
-3.919045065505755154e-01
-3.915254695923010564e-01
-3.911385405371883839e-01
-3.907824537766166895e-01
-3.903962306662528969e-01
-3.899932768729436616e-01
-3.895764778585845689e-01
-3.891669908449608140e-01
-3.887199018788929927e-01
-3.882984449839680385e-01
-3.878499969305230777e-01
-3.874192133380665592e-01
-3.870005497157429919e-01
-3.865831028084324994e-01
-3.861819944456130749e-01
-3.857519064879874060e-01
-3.853003617434295758e-01
-3.848339732584813433e-01
-3.843814902048401927e-01
-3.839266445563805363e-01
-3.834546457718397972e-01
-3.829985607222448074e-01
-3.825432067360824417e-01
-3.821045921948984514e-01
-3.816725447056126819e-01
-3.812331446594429130e-01
-3.808115788160389426e-01
-3.803802660483779352e-01
-3.799652869643712072e-01
-3.795397667893676830e-01
-3.790881356479908759e-01
-3.786422231791788939e-01
-3.781851537385795825e-01
-3.777325438032206328e-01
-3.773042449954919220e-01
-3.769042358918496261e-01
-3.765423459424841468e-01
-3.762127864519593801e-01
-3.758646791901678608e-01
-3.754752247199454329e-01
-3.750366426235454687e-01
-3.745494764036289004e-01
-3.740426450699000926e-01
-3.735364542007928446e-01
-3.730328131318084717e-01
-3.725068601920234479e-01
-3.719606969692353382e-01
-3.714229532330105554e-01
-3.709035467018536592e-01
-3.703894886859766533e-01
-3.698326654450020956e-01
-3.692639032797671583e-01
-3.686743231349666750e-01
-3.681541934663412063e-01
-3.676413126423525024e-01
-3.672024283324415994e-01
-3.667540260786957829e-01
-3.662801380205829571e-01
-3.658155069610679599e-01
-3.653184876415779270e-01
-3.648101406059995888e-01
-3.642388556023117285e-01
-3.636773468455223868e-01
-3.631100454178904369e-01
-3.625899633260455945e-01
-3.620395185648792591e-01
-3.615178359570627720e-01
-3.609759207736237263e-01
-3.604395817796687274e-01
-3.599427074554071848e-01
-3.594200195598163949e-01
-3.588853052764115481e-01
-3.583962457914811606e-01
-3.579812182646632257e-01
-3.575067112194789676e-01
-3.570154710911356832e-01
-3.565863484129210836e-01
-3.562023262391895151e-01
-3.558139512651281589e-01
-3.554286039920780960e-01
-3.550255890036627671e-01
-3.546221232286498326e-01
-3.541669490577226687e-01
-3.537165413511920709e-01
-3.532843397488892867e-01
-3.529192361597763838e-01
-3.525275468610112317e-01
-3.521013584414967590e-01
-3.516860459463979627e-01
-3.512720031551349043e-01
-3.508891141262956981e-01
-3.504519217345742343e-01
-3.500710794414934601e-01
-3.496805684201165776e-01
-3.492275615188771831e-01
-3.488008239716653414e-01
-3.484189800939490045e-01
-3.480440288742669974e-01
-3.476317998900147477e-01
-3.471973604724453710e-01
-3.468132833798458492e-01
-3.465342236541266163e-01
-3.462888535206202767e-01
-3.460397487656162729e-01
-3.458232717655075339e-01
-3.455930742172687031e-01
-3.454040375013950892e-01
-3.452126187939372204e-01
-3.449651644617382495e-01
-3.447273298153978871e-01
-3.444704348185534393e-01
-3.442304977684216838e-01
-3.439688370165338571e-01
-3.436874465178585414e-01
-3.433408621549950412e-01
-3.430430313492348615e-01
-3.427411152494351798e-01
-3.424404253230625139e-01
-3.421889085854932788e-01
-3.419158068667947914e-01
-3.416129164764845627e-01
-3.413370781537708454e-01
-3.411162415935271031e-01
-3.408666926330731761e-01
-3.406123162559679951e-01
-3.403843806665615701e-01
-3.401539709519548205e-01
-3.399248006004922384e-01
-3.397484338190945308e-01
-3.396008361085438021e-01
-3.394505449617647996e-01
-3.393162415378037089e-01
-3.391850040335717131e-01
-3.390719509370115348e-01
-3.389569605362807159e-01
-3.388298216850677558e-01
-3.386237241084804617e-01
-3.384377780737641839e-01
-3.382271321362002037e-01
-3.379899767343712558e-01
-3.377014230276846329e-01
-3.374045926065576406e-01
-3.371486341176921364e-01
-3.369241686568385519e-01
-3.367711293891001989e-01
-3.366078790061864390e-01
-3.364848438463645675e-01
-3.363113253373057887e-01
-3.361171209623752265e-01
-3.359739218776264247e-01
-3.357837845219363571e-01
-3.355878526317801480e-01
-3.353901827502275279e-01
-3.351359779667575922e-01
-3.348387934506591446e-01
-3.345005548296139941e-01
-3.341843108726720302e-01
-3.338568990279695003e-01
-3.335723649887111786e-01
-3.333374172932237478e-01
-3.331008441583981905e-01
-3.328962206384020739e-01
-3.327388537508070288e-01
-3.325519965049473781e-01
-3.323448121858687543e-01
-3.321453226787089985e-01
-3.319162825068236455e-01
-3.316195858427524734e-01
-3.313042765083947239e-01
-3.309412416018968073e-01
-3.306817251348203590e-01
-3.304327305191292474e-01
-3.301809188611140033e-01
-3.298961657688483373e-01
-3.296204438179189955e-01
-3.292609181852493849e-01
-3.290043428244719959e-01
-3.287416295966610336e-01
-3.285488759342841125e-01
-3.282872114016346377e-01
-3.279761261847581322e-01
-3.277432370816892315e-01
-3.274805206817791858e-01
-3.272109817594825998e-01
-3.269555022655584731e-01
-3.266764696460800477e-01
-3.263889868193762811e-01
-3.260932412331383201e-01
-3.257837971302171565e-01
-3.254768779945179658e-01
-3.251903476416981853e-01
-3.249034803333317734e-01
-3.245583626425429524e-01
-3.242527092229522956e-01
-3.239638194457622467e-01
-3.237320612147885912e-01
-3.235286661581567302e-01
-3.232536213287712790e-01
-3.229523981717998815e-01
-3.225997959210271659e-01
-3.222920458659601639e-01
-3.220144694565272858e-01
-3.217205221123902725e-01
-3.214019028230576946e-01
-3.211050134803847267e-01
-3.208249854497065012e-01
-3.205871011758122946e-01
-3.203693443136811370e-01
-3.201779392088578424e-01
-3.199828947313004268e-01
-3.198002969690011965e-01
-3.196495199280565136e-01
-3.194680922019269564e-01
-3.192464353236774688e-01
-3.190183762847958460e-01
-3.187147728479113318e-01
-3.184098954014495941e-01
-3.181398562844999778e-01
-3.178860077649918181e-01
-3.175627561567774815e-01
-3.172719113947921610e-01
-3.170193165688289239e-01
-3.168299338969692291e-01
-3.166662669531324914e-01
-3.164719453591753329e-01
-3.162503344271114236e-01
-3.160149592245641292e-01
-3.158140013869053520e-01
-3.155843160198247288e-01
-3.153661123100363617e-01
-3.150964744903151926e-01
-3.148060556421994893e-01
-3.144840375436929736e-01
-3.142029186037276767e-01
-3.138090155549503324e-01
-3.134308680689323889e-01
-3.130096724575152645e-01
-3.126483445372690850e-01
-3.122725595541339105e-01
-3.119069706443192147e-01
-3.115546599589610888e-01
-3.111403396751113437e-01
-3.107787938583979614e-01
-3.103270273742210206e-01
-3.098960445062293734e-01
-3.094778715067630914e-01
-3.090588689549591539e-01
-3.086548143132221700e-01
-3.082395997083348660e-01
-3.078326189197586049e-01
-3.074296080958608957e-01
-3.070129690807458234e-01
-3.065852055141514709e-01
-3.061806299374733031e-01
-3.057740865067289926e-01
-3.053756136333263260e-01
-3.049390895936649470e-01
-3.045108615557021725e-01
-3.040731889414804434e-01
-3.036384167705926673e-01
-3.031508866021684345e-01
-3.026372630938303221e-01
-3.020546945201754152e-01
-3.015008612597950832e-01
-3.009566468319292420e-01
-3.004039720996395935e-01
-2.998566458712543792e-01
-2.993365629492276692e-01
-2.988339991430680742e-01
-2.983643046620901296e-01
-2.978548578091022025e-01
-2.973472379092051976e-01
-2.968671427398557050e-01
-2.963602689380780975e-01
-2.959121159931566436e-01
-2.954739402177863350e-01
-2.951051595309859832e-01
-2.947315106932914541e-01
-2.943406025554238803e-01
-2.939909605306835760e-01
-2.936153973740086576e-01
-2.932021684741540346e-01
-2.927864816570802109e-01
-2.923633554284394975e-01
-2.919416867750036504e-01
-2.914763519497632904e-01
-2.910035894824120617e-01
-2.905404986327737582e-01
-2.901042641208106398e-01
-2.896523796986253951e-01
-2.893075727620046944e-01
-2.889615558362627068e-01
-2.886072033970805695e-01
-2.882730661245807013e-01
-2.879444441942997091e-01
-2.876136358243202573e-01
-2.873254439746364963e-01
-2.870230054010998733e-01
-2.867626722100398151e-01
-2.865246093919019410e-01
-2.862103429658710008e-01
-2.859178862116002473e-01
-2.855494083207903433e-01
-2.851409590130576377e-01
-2.847293071345387006e-01
-2.843045412183808351e-01
-2.838911736104427486e-01
-2.835245862209951340e-01
-2.831255618994562018e-01
-2.826367138896666020e-01
-2.820945368760109928e-01
-2.815344897227926024e-01
-2.810168503002852813e-01
-2.804477741821536640e-01
-2.798580122023269778e-01
-2.792090421108896492e-01
-2.785564749627438275e-01
-2.778786792272304740e-01
-2.772509376776330359e-01
-2.766515631510482742e-01
-2.760492990413855319e-01
-2.755239267971203998e-01
-2.750395807401340154e-01
-2.745493615978866764e-01
-2.740801310770394350e-01
-2.736057097663974758e-01
-2.731679886882956709e-01
-2.727480919543088245e-01
-2.724008077614518131e-01
-2.720266822186827027e-01
-2.716387690367819130e-01
-2.712525175381824694e-01
-2.708849264239967525e-01
-2.705427118601164138e-01
-2.702284170066247548e-01
-2.698867769406776418e-01
-2.696604792812674067e-01
-2.694258967229759549e-01
-2.692374492904475169e-01
-2.690869137500070396e-01
-2.690010438444350171e-01
-2.689122303757781607e-01
-2.688318419642248269e-01
-2.686895148547140399e-01
-2.685347794234506646e-01
-2.683690878456797546e-01
-2.682484540855783473e-01
-2.682041808280434814e-01
-2.681239344936144353e-01
-2.680029828373718948e-01
-2.678884467965316762e-01
-2.677913253488259926e-01
-2.677523955529698685e-01
-2.677487965469844133e-01
-2.677298254490340090e-01
-2.677884287072652691e-01
-2.678206055004441755e-01
-2.678383335143846300e-01
-2.678409161391321347e-01
-2.677957439970176101e-01
-2.677361283553674753e-01
-2.677086643500873886e-01
-2.676723121812327744e-01
-2.676543137144187789e-01
-2.677084164710886727e-01
-2.677557555272343515e-01
-2.678164983657632114e-01
-2.678895325516630344e-01
-2.680315147884693161e-01
-2.682145914728258362e-01
-2.684282727992933215e-01
-2.687128756210369063e-01
-2.690134639360660107e-01
-2.693344454940427291e-01
-2.696669622710145542e-01
-2.700244411660601140e-01
-2.703747253487596702e-01
-2.707512256860633015e-01
-2.711968321211362110e-01
-2.716244886874572551e-01
-2.720694089488165379e-01
-2.725749371491709150e-01
-2.731144863224931330e-01
-2.736153647877228590e-01
-2.741516825722262185e-01
-2.746805399499781530e-01
-2.752435634909655149e-01
-2.758606088505634046e-01
-2.764964369076787776e-01
-2.771522155298336010e-01
-2.778088096979469679e-01
-2.784474436896777205e-01
-2.790870997246338581e-01
-2.797674893082270908e-01
-2.804884962316438468e-01
-2.812173645418517554e-01
-2.820237228287407194e-01
-2.828472767137036881e-01
-2.836976699161969373e-01
-2.845657397900765995e-01
-2.854187161527680372e-01
-2.862418527100916710e-01
-2.870553348486506451e-01
-2.877975470357601040e-01
-2.885533926417747641e-01
-2.893145328849641706e-01
-2.900380344858291548e-01
-2.907822949490170283e-01
-2.914477766490451427e-01
-2.921098529291354939e-01
-2.927619278738801123e-01
-2.934072057762766583e-01
-2.940394756873419557e-01
-2.947018928698997842e-01
-2.953477891149482448e-01
-2.960402868374152896e-01
-2.967573888890570610e-01
-2.974479480541843968e-01
-2.981947815072553687e-01
-2.989707669772998511e-01
-2.997660356979370833e-01
-3.005731577559325185e-01
-3.013439603138998724e-01
-3.021450417680246470e-01
-3.029325475100964615e-01
-3.036963166699121475e-01
-3.044735608199416466e-01
-3.052347554034538502e-01
-3.059335545312226179e-01
-3.066175773725929865e-01
-3.072932706118048918e-01
-3.079292851520030183e-01
-3.085607619553557557e-01
-3.092033330156806481e-01
-3.098445876775303143e-01
-3.104951060975904009e-01
-3.111172798698349506e-01
-3.117259192407014767e-01
-3.123106429937012596e-01
-3.128758427300175615e-01
-3.134250299462608691e-01
-3.140022814099590054e-01
-3.145429469291942670e-01
-3.150663910240563137e-01
-3.155401259953549142e-01
-3.160051765678716928e-01
-3.165165665780112492e-01
-3.170170242643384206e-01
-3.175011928336857747e-01
-3.179788660891504359e-01
-3.184798733955683248e-01
-3.189794364586186481e-01
-3.194901859152933787e-01
-3.200306396855065461e-01
-3.205624318134235318e-01
-3.211043845441552969e-01
-3.216665476800257273e-01
-3.222131488736395544e-01
-3.227815180691333552e-01
-3.233769186601727075e-01
-3.239377333203536935e-01
-3.245182215542761761e-01
-3.250944009953269376e-01
-3.256417961519316728e-01
-3.261550845140666066e-01
-3.266580025457432312e-01
-3.271302112743407209e-01
-3.276035258980456999e-01
-3.280647392468926671e-01
-3.285456177530784450e-01
-3.290049088215337703e-01
-3.294360676468998661e-01
-3.298670674758248378e-01
-3.302950992153557697e-01
-3.307231413705896683e-01
-3.311583551489585275e-01
-3.315715198077184289e-01
-3.319453627913381277e-01
-3.322912870483036851e-01
-3.326886203287846011e-01
-3.330893410546910127e-01
-3.334993764687074203e-01
-3.338623663295049449e-01
-3.342350225371024663e-01
-3.345982566682358383e-01
-3.349566423657245884e-01
-3.353055466701108656e-01
-3.356710248207364078e-01
-3.360361269796824923e-01
-3.363731383981954370e-01
-3.367052476881938761e-01
-3.370141550196418812e-01
-3.373135064317353549e-01
-3.376199916645690191e-01
-3.378942360201523942e-01
-3.381592106192091163e-01
-3.384025536925458488e-01
-3.386390451786461253e-01
-3.388818548901071925e-01
-3.391188714008827598e-01
-3.393414955326110038e-01
-3.396077410646407557e-01
-3.398726127032587474e-01
-3.401108382297632904e-01
-3.403378966949995865e-01
-3.405811166301073722e-01
-3.407972393875190464e-01
-3.410026336796902480e-01
-3.411676140165240678e-01
-3.413442423556334870e-01
-3.415311230396325670e-01
-3.417200058321788747e-01
-3.419249611931025057e-01
-3.421432169444836857e-01
-3.423572884464370358e-01
-3.425593741001076165e-01
-3.427609733547553605e-01
-3.429487766054635789e-01
-3.431220770666207343e-01
-3.432799891510752155e-01
-3.434407625554016241e-01
-3.436040108000255056e-01
-3.437655544019683207e-01
-3.439374934277326656e-01
-3.440987165121918157e-01
-3.442484446387577002e-01
-3.443987945755091484e-01
-3.445745798669657689e-01
-3.447549858078234886e-01
-3.449144443126921367e-01
-3.450895261202992503e-01
-3.452664485960583174e-01
-3.454490955922900342e-01
-3.456514628823298407e-01
-3.458336556447547672e-01
-3.460294995551012609e-01
-3.462264950937040120e-01
-3.464093985475269477e-01
-3.465952787427489801e-01
-3.467701959866740236e-01
-3.469399597153404735e-01
-3.470873316163669009e-01
-3.472556737419079664e-01
-3.474182730313706280e-01
-3.475678467364964330e-01
-3.477424481829483049e-01
-3.479207816703440703e-01
-3.480949283883561507e-01
-3.482687209416743257e-01
-3.484265685394687950e-01
-3.485816366658502918e-01
-3.487313423431545600e-01
-3.488912497323595208e-01
-3.490457676805572840e-01
-3.491994661758935914e-01
-3.493689841324380541e-01
-3.495455927803350349e-01
-3.497129714036235626e-01
-3.498485241051612626e-01
-3.499689209637142362e-01
-3.500857040827984878e-01
-3.502093556850698342e-01
-3.503140079644418425e-01
-3.504269040386728262e-01
-3.505501849377877233e-01
-3.506672394547262761e-01
-3.507484949556471943e-01
-3.508202185495714609e-01
-3.508885742658693907e-01
-3.509655759653986795e-01
-3.510463318088256068e-01
-3.511339373114935047e-01
-3.512300283823243663e-01
-3.513275563819477365e-01
-3.514277972646788761e-01
-3.515255036574144176e-01
-3.516125401833391506e-01
-3.517001030949390428e-01
-3.517830935755922317e-01
-3.518573473372860749e-01
-3.519349998341412822e-01
-3.520142452592767146e-01
-3.520964270962135823e-01
-3.521646418039617310e-01
-3.522266901856715982e-01
-3.522786837176017372e-01
-3.523266926250531728e-01
-3.523686219590459467e-01
-3.524030401497378895e-01
-3.524434665221474750e-01
-3.524896536737138208e-01
-3.525303764970623144e-01
-3.525557500532420230e-01
-3.525775892437927883e-01
-3.526010448357835281e-01
-3.526275353694145465e-01
-3.526559048049305867e-01
-3.526823038058941040e-01
-3.527068031695480554e-01
-3.527295750002019670e-01
-3.527496312420065339e-01
-3.527676486165071679e-01
-3.527841927309808279e-01
-3.527995457300183157e-01
-3.528144949704584143e-01
-3.528250826834520848e-01
-3.528349253318782131e-01
-3.528411690333732031e-01
-3.528456441708763824e-01
-3.528499536274508630e-01
-3.528524418714119038e-01
-3.528576946448183649e-01
-3.528618007513333321e-01
-3.528667673747266642e-01
-3.528711290735248030e-01
-3.528777135583616165e-01
-3.528829760644924818e-01
-3.528873524855220545e-01
-3.528911082996946669e-01
-3.528942286202599865e-01
-3.528972826844367083e-01
-3.528993413756296160e-01
-3.529009436331922434e-01
-3.529020082924952950e-01
-3.529021707020463250e-01
-3.529010090724175042e-01
-3.528980168174882803e-01
-3.528936505549266633e-01
-3.528880559358072988e-01
-3.528823705673960198e-01
-3.528762330211774323e-01
-3.528679027284524206e-01
-3.528583366194736337e-01
-3.528467577980118897e-01
-3.528341188267043460e-01
-3.528221922249619724e-01
-3.528106804610447456e-01
-3.527963129238119167e-01
-3.527836159407753969e-01
-3.527722723487035084e-01
-3.527603147240268022e-01
-3.527497105459309057e-01
-3.527388434120625749e-01
-3.527285581638881506e-01
-3.527202559196631060e-01
-3.527121185976350159e-01
-3.527014704236699494e-01
-3.526840334647624031e-01
-3.526669008268639161e-01
-3.526525292104226716e-01
-3.526361655385919502e-01
-3.526185833862514052e-01
-3.525958499287045189e-01
-3.525748606239426652e-01
-3.525503359176274110e-01
-3.525193443295096540e-01
-3.524844592009316879e-01
-3.524527979118289855e-01
-3.524143366134521171e-01
-3.523759457999131595e-01
-3.523334878685003280e-01
-3.522927252075396254e-01
-3.522557705062124289e-01
-3.522156544365054875e-01
-3.521709374027548467e-01
-3.521105354024016698e-01
-3.520536902487518827e-01
-3.520027451925611395e-01
-3.519560717920488524e-01
-3.519048862546397261e-01
-3.518514219684554245e-01
-3.517993339503698857e-01
-3.517495407428445353e-01
-3.517005277739054248e-01
-3.516346818589604073e-01
-3.515816395474373746e-01
-3.515289852425465544e-01
-3.514760068581396224e-01
-3.514190582942077756e-01
-3.513593705942562040e-01
-3.513042742220557346e-01
-3.512397067099196080e-01
-3.511574056119482479e-01
-3.510622457847860645e-01
-3.509525432405583567e-01
-3.508474646794356167e-01
-3.507435499677857282e-01
-3.506290306646425159e-01
-3.504962210788913901e-01
-3.503589344029733876e-01
-3.502265932806800652e-01
-3.500937802968011048e-01
-3.499710133585784422e-01
-3.498614779544063635e-01
-3.497711869819416508e-01
-3.496703005313772650e-01
-3.495689293784668417e-01
-3.494923578708459266e-01
-3.494261306954198343e-01
-3.493598010072227478e-01
-3.492869565417258126e-01
-3.492134707916478842e-01
-3.491454995088148494e-01
-3.490671354626412315e-01
-3.489908878705022532e-01
-3.489196124301174318e-01
-3.488456566444076978e-01
-3.487726930774261436e-01
-3.487013230599569913e-01
-3.486210551244655620e-01
-3.485533673656260323e-01
-3.484774960375640607e-01
-3.484105238632859702e-01
-3.483414450669146123e-01
-3.482859654411099570e-01
-3.482356708572487691e-01
-3.481888121739071251e-01
-3.481475757310983909e-01
-3.481068325709248956e-01
-3.480770544656917043e-01
-3.480443075663337549e-01
-3.480169972455286476e-01
-3.479906335323575961e-01
-3.479676470606919980e-01
-3.479481106794143908e-01
-3.479352756474079489e-01
-3.479245845653750058e-01
-3.479188628425073926e-01
-3.479138631559275940e-01
-3.479119122111474227e-01
-3.479117738640181146e-01
-3.479124775978447159e-01
-3.479127399242903929e-01
-3.479125716478532748e-01
-3.479126528161374243e-01
-3.479133650897908714e-01
-3.479164112050350255e-01
-3.479219399168265725e-01
-3.479322090151712454e-01
-3.479403642807463171e-01
-3.479514783042156334e-01
-3.479655451361751695e-01
-3.479747279006578098e-01
-3.479839274217808587e-01
-3.479901137436118841e-01
-3.480000093230392055e-01
-3.480113630421867166e-01
-3.480222023501809425e-01
-3.480392601743392822e-01
-3.480557676919342480e-01
-3.480731781281588555e-01
-3.480973914860172047e-01
-3.481113593636655512e-01
-3.481416023308432917e-01
-3.481590110199624943e-01
-3.481797492048286924e-01
-3.481879973727642907e-01
-3.481869590441341034e-01
-3.481653037633690717e-01
-3.481392267067857649e-01
-3.481184174602548476e-01
-3.481010816661140317e-01
-3.480819564713240610e-01
-3.480551019795689038e-01
-3.480167635946491700e-01
-3.480010060866293164e-01
-3.479822609095539199e-01
-3.479336108090015922e-01
-3.478496259951796010e-01
-3.477801366816325457e-01
-3.477193512887588045e-01
-3.476804973665339471e-01
-3.476768010400488884e-01
-3.476781005390919832e-01
-3.476750656945168938e-01
-3.476221763609209647e-01
-3.475678446669440702e-01
-3.474996535099360573e-01
-3.474356297517703918e-01
-3.473459278881388390e-01
-3.473020804013217666e-01
-3.472828372040666078e-01
-3.473067382211653675e-01
-3.473504572651722744e-01
-3.473660165847723413e-01
-3.473731487552844666e-01
-3.473880727388348744e-01
-3.474340610105889904e-01
-3.474960510406790437e-01
-3.475533622500971975e-01
-3.475635528712248123e-01
-3.475296067355782004e-01
-3.474690486920526400e-01
-3.473551300263948427e-01
-3.472130020085987256e-01
-3.470146493707607638e-01
-3.468112751021539264e-01
-3.466034745438927311e-01
-3.464318769224221106e-01
-3.461933462468715361e-01
-3.459549078621131368e-01
-3.456655484015074831e-01
-3.453790381652938613e-01
-3.450355154546659864e-01
-3.447100534741700528e-01
-3.443833518832893348e-01
-3.440848156226840038e-01
-3.437772132011430726e-01
-3.434416134102767360e-01
-3.431040681479823884e-01
-3.427352029527225286e-01
-3.423722551393444391e-01
-3.419598049529689598e-01
-3.415166338418063052e-01
-3.410565657005230622e-01
-3.406126347646689090e-01
-3.401512647765677633e-01
-3.396878809224851969e-01
-3.392108216322855530e-01
-3.386844134228404468e-01
-3.381332109554001097e-01
-3.375254126710842129e-01
-3.369091575367820779e-01
-3.362750335952192082e-01
-3.356330655647351557e-01
-3.350178370282855811e-01
-3.344114807282828616e-01
-3.337526403734060731e-01
-3.330902446090859281e-01
-3.324514369104069611e-01
-3.318760137104442842e-01
-3.312638046215578003e-01
-3.307562515750431809e-01
-3.302770505647724675e-01
-3.297185499778877982e-01
-3.290793663498251531e-01
-3.284306875757544431e-01
-3.277864946688550107e-01
-3.271706330188317025e-01
-3.265830596025312005e-01
-3.259749039504704626e-01
-3.254171857513022403e-01
-3.249025603628436509e-01
-3.243875574008384111e-01
-3.239155218197051767e-01
-3.234141280321702894e-01
-3.229502090486129351e-01
-3.225263290899647028e-01
-3.220931255890070455e-01
-3.216180445976990487e-01
-3.211910932606086289e-01
-3.207684151815544671e-01
-3.203435769134563849e-01
-3.199793347811585864e-01
-3.196327735218579824e-01
-3.193415291414060664e-01
-3.190629319016322074e-01
-3.187924696183219164e-01
-3.185805947521286319e-01
-3.184128162686284402e-01
-3.181814909481426312e-01
-3.179542847570022146e-01
-3.177335917706062274e-01
-3.174713858069463934e-01
-3.172916451968381124e-01
-3.171610840142515819e-01
-3.170426548558028523e-01
-3.169130648148920648e-01
-3.167606508378832952e-01
-3.166387861694847650e-01
-3.165689501429569397e-01
-3.165219205404530278e-01
-3.164878509607767509e-01
-3.164649335655327356e-01
-3.164160852926446443e-01
-3.164319040765408153e-01
-3.164412704668724263e-01
-3.164831709514102087e-01
-3.165094531355247542e-01
-3.164742252555902691e-01
-3.164202827016097674e-01
-3.163399996504652201e-01
-3.162154742622944048e-01
-3.160513611697012282e-01
-3.159224194181013412e-01
-3.157798736529511263e-01
-3.156821566085016295e-01
-3.155536180748320096e-01
-3.154610308163893762e-01
-3.154098656479206175e-01
-3.153879998261051587e-01
-3.153827133430209262e-01
-3.153880419834265703e-01
-3.154024344399083413e-01
-3.153999693017350836e-01
-3.153845106823454092e-01
-3.153656865376210927e-01
-3.153359226689365635e-01
-3.153246254191660047e-01
-3.153180474009462664e-01
-3.153103140462550358e-01
-3.153061889802018514e-01
-3.153085242899735241e-01
-3.153166857868338613e-01
-3.153294448856350796e-01
-3.153326841667685732e-01
-3.153225596512994611e-01
-3.153071101533689302e-01
-3.152864768166499521e-01
-3.152576067105651303e-01
-3.152324612888459110e-01
-3.151854494765280457e-01
-3.151715088452838875e-01
-3.151766520106432656e-01
-3.151521905931006784e-01
-3.151370679776292483e-01
-3.151003890355612014e-01
-3.150646157804800063e-01
-3.163458031396393366e-01
-3.176887848611150145e-01
-3.191162970029103318e-01
-3.205453084908194139e-01
-3.219887713026545750e-01
-3.234502092037958021e-01
-3.249303102094643902e-01
-3.264554047044821994e-01
-3.279784417923440887e-01
-3.295029468559002028e-01
-3.310608923171053375e-01
-3.326327817127672226e-01
-3.342700719907766849e-01
-3.359299780418684711e-01
-3.376018293080804145e-01
-3.393578216675994241e-01
-3.410994724536052236e-01
-3.428935340405812604e-01
-3.448069679509782048e-01
-3.468649157680980810e-01
-3.488514628351282454e-01
-3.509551055758293736e-01
-3.530984671828356625e-01
-3.552805902635033375e-01
-3.574736704484972605e-01
-3.597204203065639261e-01
-3.619542318784140789e-01
-3.642467096150092676e-01
3.999973330892602763e-01
3.999973170932658584e-01
3.982839603457352662e-01
3.971816711298895575e-01
3.961036793221431318e-01
3.949673686477163104e-01
3.937807291638537599e-01
3.924767099737285214e-01
3.911377714261743965e-01
3.897515763826545632e-01
3.882647212660345626e-01
3.867779290812789483e-01
3.851545186152520728e-01
3.835227583919940120e-01
3.818675782615228997e-01
3.801047630733830895e-01
3.783465863383697059e-01
3.765435429945505064e-01
3.746887726966978693e-01
3.728449243985433870e-01
3.709796370694788958e-01
3.690740429194893646e-01
3.671748113301517291e-01
3.652317100436568431e-01
3.632978361470673434e-01
3.613236253544868659e-01
3.593050453055692817e-01
3.573146435314462077e-01
3.553066795474865147e-01
3.532716968396840684e-01
3.512384833911354476e-01
3.492645381707877306e-01
3.472728850188018801e-01
3.452826918510955578e-01
3.433010782037226316e-01
3.413221686844193914e-01
3.393586778811039095e-01
3.374340585223655764e-01
3.355156135691398922e-01
3.335881940740045293e-01
3.316829819581932903e-01
3.297578051140701016e-01
3.278454717007197594e-01
3.259811453318876007e-01
3.241064682683876264e-01
3.222469110718573782e-01
3.204184777991928024e-01
3.186212949856515042e-01
3.168200017329864671e-01
3.149811766910856625e-01
3.131311086086529527e-01
3.112848746018651580e-01
3.094652850480767992e-01
3.076469787742969197e-01
3.058768522337558804e-01
3.041258554797124369e-01
3.023640129178445934e-01
3.005710997993867872e-01
2.987770797606110196e-01
2.969772007462537222e-01
2.951650120958032586e-01
2.933740358836792739e-01
2.915895949308137669e-01
2.898109614097939546e-01
2.880222031174271557e-01
2.862387585149911984e-01
