4.000014083517378083e-01
4.000014239193467325e-01
4.008972245932906908e-01
4.017896990504670751e-01
4.026780766362978992e-01
4.035642384379328207e-01
4.044632498898756978e-01
4.053803085639657300e-01
4.062987858833201349e-01
4.072213566298525933e-01
3.999989214904801083e-01
3.999989061017978353e-01
3.992581169758864790e-01
3.985304181839072202e-01
3.978076306799254724e-01
3.971039000752837889e-01
3.964020189527538429e-01
3.957104011667010313e-01
3.950463505539433262e-01
3.943811672656887257e-01
3.937185126771897137e-01
3.930594864905017638e-01
3.923929247265738329e-01
3.917088524893694856e-01
3.910429197675969193e-01
3.903697024556104789e-01
3.896950347794765346e-01
3.890231064608384304e-01
3.883361070847881069e-01
3.876338140840454027e-01
3.869257896478978664e-01
3.862104423972291811e-01
3.854947358264495527e-01
3.847695984338732611e-01
3.840386472690547892e-01
3.833075767761537356e-01
3.825764151975252769e-01
3.818451846012096418e-01
3.811139022321163305e-01
3.803825813025383251e-01
3.796512325983642522e-01
3.789198643985190462e-01
3.781884830217374649e-01
3.774570933036384690e-01
3.767256989990104277e-01
3.759943031100382860e-01
3.752629081450161164e-01
3.745315163160354288e-01
3.738001290819037425e-01
3.730687467590134143e-01
3.723373694142150803e-01
3.716059970250713551e-01
3.708746295278385618e-01
3.701432668460311604e-01
3.694119089047139259e-01
3.686805556330788880e-01
3.679492078492078710e-01
3.672178669211202395e-01
3.664865342980906937e-01
3.657552112669175126e-01
3.650238989047282501e-01
3.642925980405593012e-01
3.635613092254804668e-01
3.628300327109892920e-01
3.620987684353376146e-01
3.613675160174047440e-01
3.606362747576942196e-01
3.599050436460007329e-01
3.591738213752636022e-01
3.584426063611026447e-01
3.577113967664962701e-01
3.569801905311220103e-01
3.562489854632955311e-01
3.555177801279135741e-01
3.547865738528456214e-01
3.540553660324982088e-01
3.533241561233882999e-01
3.525929436423914654e-01
3.518617281667821839e-01
3.511305093355281959e-01
3.503992868365735647e-01
3.496680591839974594e-01
3.489368246112635186e-01
3.482055815368095830e-01
3.474743286084449601e-01
3.467430647388082821e-01
3.460117891326196515e-01
3.452805013062790196e-01
3.445492011003242760e-01
3.438178886851863125e-01
3.430865645606362979e-01
3.423552295968638193e-01
3.416238848136765593e-01
3.408925316988008491e-01
3.401611719486967167e-01
3.394298075042307961e-01
3.386984405173659729e-01
3.379670729454957168e-01
3.372357058548720032e-01
3.365043399097281118e-01
3.357729757100972323e-01
3.350416137942999750e-01
3.343102546390724350e-01
3.335788986581390003e-01
3.328475461926730383e-01
3.321161982243054922e-01
3.313848562622764282e-01
3.306535219932784653e-01
3.299221968960656670e-01
3.291908822014603109e-01
3.284595788610530920e-01
3.277282875238465287e-01
3.269970085202901222e-01
3.262657418532930453e-01
3.255344874305487468e-01
3.248032441151688099e-01
3.240720112084768401e-01
3.233407874428727014e-01
3.226095712672621962e-01
3.218783608720756639e-01
3.211471542188303330e-01
3.204159490738475724e-01
3.196847438161790067e-01
3.189535377535261396e-01
3.182223302620653671e-01
3.174911207817446845e-01
3.167599088142672437e-01
3.160286939228663661e-01
3.152974757332309697e-01
3.145662539427172000e-01
3.138350272721937562e-01
3.131037939315574614e-01
3.123725523085845723e-01
3.116413010145571705e-01
3.109100389208059312e-01
3.101787651869281626e-01
3.094474792812876296e-01
3.087161809943553270e-01
3.079848704453877484e-01
3.072535482571744359e-01
3.065222147893282845e-01
3.057908713559036040e-01
3.050595193372439562e-01
3.043281603902157073e-01
3.035967964214766890e-01
3.028654295557658971e-01
3.021340618516580867e-01
3.014026945206386698e-01
3.006713282382140751e-01
2.999399636148370463e-01
2.992086011987272753e-01
2.984772414762162374e-01
2.977458848704944705e-01
2.970145317336170265e-01
2.962831829137099748e-01
2.955518398177656159e-01
2.948205041595935438e-01
2.940891774528640035e-01
2.933578609696321227e-01
2.926265557075892754e-01
2.918952623653032208e-01
2.911639813249565223e-01
2.904327126421922256e-01
2.897014562605851884e-01
2.889702111313710575e-01
2.882389765887015121e-01
2.875077514097582609e-01
2.867765340847168165e-01
2.860453228409557958e-01
2.853141156718845273e-01
2.845829103688638506e-01
2.838517051895586563e-01
2.831204993096504974e-01
2.823892920939228279e-01
2.816580829720432000e-01
2.809268714360330099e-01
2.801956570396577084e-01
2.794644393990848297e-01
2.787332182007560277e-01
2.780019924146460708e-01
2.772707602289213868e-01
2.765395200014609256e-01
2.758082703068388541e-01
2.000030344577282126e-01
2.000030504788849750e-01
2.023901235717116831e-01
2.047734127969307316e-01
2.071577714190732944e-01
2.095157592081657583e-01
2.118221462719952486e-01
2.141462698554166821e-01
2.164776666765427515e-01
2.188281549732520870e-01
2.211605284308457986e-01
2.235189333096772035e-01
2.259058655840130436e-01
2.283007726996910125e-01
2.306727549846505354e-01
2.330426031454313207e-01
2.353692480046694624e-01
2.377083105321108891e-01
2.400586598103710001e-01
2.424364723655702825e-01
2.448249927686746708e-01
2.472244662594440534e-01
2.496442782365489443e-01
2.520536485825166650e-01
2.544549910733792664e-01
2.568805939414056105e-01
2.592864577236203005e-01
2.616951773801038383e-01
2.641155253719048579e-01
2.665604559634621173e-01
2.690060030627959842e-01
2.714472207073012622e-01
2.738802361430625609e-01
2.763093032386415571e-01
2.787563536423158239e-01
2.812099578695858582e-01
2.836544348804217464e-01
2.860860804243048339e-01
2.885136134773990113e-01
2.909809954072100635e-01
2.934608267866554154e-01
2.959207311146177521e-01
2.983654920149516609e-01
3.008232409124060314e-01
3.033048188870151596e-01
3.057569497138835080e-01
3.082148783115106205e-01
3.106956966511862372e-01
3.131784740993267535e-01
3.156612054272498469e-01
3.181438865850305664e-01
3.206265291301341747e-01
3.231091486959301595e-01
3.255917504143993058e-01
3.280710207799378275e-01
3.305536816551507551e-01
3.330363348954866187e-01
3.355189827046909379e-01
3.380016269777604832e-01
3.404842692260465764e-01
3.429669014978172226e-01
3.454495197718320254e-01
3.479321335458718800e-01
3.503987118393109834e-01
3.528395478045277533e-01
3.553100426459990246e-01
3.577820103720689149e-01
3.602526277741933680e-01
3.627334642148918320e-01
3.652066792389488947e-01
3.676670853171681297e-01
3.701160563333317777e-01
3.726008723584332549e-01
3.750667869483906847e-01
3.775541002507115107e-01
3.800363032533770058e-01
3.825236718486948462e-01
3.849949194536247954e-01
3.874466237592704143e-01
3.899057742694442275e-01
3.923576871666937804e-01
3.947940340185921437e-01
3.972215289354409928e-01
3.996647527397152455e-01
4.021317056851562155e-01
4.046260488202030325e-01
4.071063445485179066e-01
4.095967305712636675e-01
4.120757787220949431e-01
4.145706579768408950e-01
4.170454861362968835e-01
4.195073131980263104e-01
4.219407791454947154e-01
4.243743749802265097e-01
4.267731099837776543e-01
4.291301960251035497e-01
4.314768764694733583e-01
4.337759379152922312e-01
4.361391993839410786e-01
4.385503695335029595e-01
4.408713012467739834e-01
4.431787297750414689e-01
4.454779053751895534e-01
4.478111325716357949e-01
4.501394261732146740e-01
4.524608252048538670e-01
4.547711818591935184e-01
4.570544227030370332e-01
4.593891456901693648e-01
4.616800705299254903e-01
4.639757545637916425e-01
4.663214045873824154e-01
4.686072696707013208e-01
4.708825007728021927e-01
4.730763716531924401e-01
4.752422658295182845e-01
4.774031888628386677e-01
4.795404950309763437e-01
4.816710741175717625e-01
4.837593103438895259e-01
4.857917531445887227e-01
4.877244161542734768e-01
4.896342479486084920e-01
4.915167508636351656e-01
4.934205746676352256e-01
4.954100367901381752e-01
4.974442926741515225e-01
4.994931696678036048e-01
5.015531472337986241e-01
5.036218169919369769e-01
5.056972292679755565e-01
5.077947347475815221e-01
5.099622792842164465e-01
5.121103951803971377e-01
5.143025999100507839e-01
5.165564238851885204e-01
5.187704113036156750e-01
5.208800790716756612e-01
5.229534907750896799e-01
5.250173235903032865e-01
5.270918211208182047e-01
5.291755810010827510e-01
5.312445796851302804e-01
5.333414629991132250e-01
5.353969257495201362e-01
5.374289612319863574e-01
5.394429641648733620e-01
5.414482623960964469e-01
4.000139386574980693e-01
4.000282001713894586e-01
-4.000029306316259525e-01
-4.000029466487667329e-01
-4.018994329753713401e-01
-4.038811166454903123e-01
-4.058439627998562393e-01
-4.078286416535863435e-01
-4.098336356089070653e-01
-4.118267449932577762e-01
-4.138052974682480123e-01
-4.157947127126548348e-01
-4.178025126480637286e-01
-4.198437260240318047e-01
-4.218623641589718254e-01
-4.239349634149836010e-01
-4.259771890186990206e-01
-4.279741422452031374e-01
-4.299980579857023422e-01
-4.319861196468319786e-01
-4.339951918162653355e-01
-4.360045812690945266e-01
-4.379754662384010011e-01
-4.398920436101767528e-01
-4.418126023660028934e-01
-4.437027600242235970e-01
-4.456578401510853937e-01
-4.475999433777449465e-01
-4.495455664427073783e-01
-4.514855443434426241e-01
-4.535164408815777759e-01
-4.556409176368509395e-01
-4.577307284308911872e-01
-4.598064731934449201e-01
-4.618650844699708213e-01
-4.639161921760610041e-01
-4.659083625049499355e-01
-4.678945352479760844e-01
-4.698685638708835488e-01
-4.718090799013537895e-01
-4.737881208197400884e-01
-4.757880969663659254e-01
-4.777519955415929220e-01
-4.797288075027781318e-01
-4.817523988040547378e-01
-4.837559018390193977e-01
-4.857549469740412018e-01
-4.877529311027498093e-01
-4.896924181109903462e-01
-4.915704639815259291e-01
-4.934685536814563678e-01
-4.953111829148596490e-01
-4.971588837536434768e-01
-4.989775682045115568e-01
-5.008603958075867890e-01
-5.027359447771788670e-01
-5.046160862957119742e-01
-5.065306044789315010e-01
-5.084189041683666588e-01
-5.102639976065238558e-01
-5.121095207588370890e-01
-5.139077124192019674e-01
-5.157386523449138949e-01
-5.175586907806279946e-01
-5.193641974695496488e-01
-5.211615783533887214e-01
-5.229149164398324556e-01
-5.246711099564623781e-01
-5.264007918742137360e-01
-5.280370645037928412e-01
-5.296186606173480804e-01
-5.311767366546440439e-01
-5.327093451756886866e-01
1.999975396112098625e-01
1.999975237139366702e-01
1.986340133118412454e-01
1.972027113864526227e-01
1.957196891300406749e-01
1.942063124683997000e-01
1.926520152491455196e-01
1.910995462013459212e-01
1.895361980908502331e-01
1.879189697301715534e-01
1.862813733625479640e-01
1.846374486341972598e-01
1.829585859030965767e-01
1.812900283965400428e-01
1.795788776037511580e-01
1.778518967723692612e-01
1.761945687022019591e-01
1.744846076350013153e-01
1.727716929657230616e-01
1.710273367118330945e-01
1.692865988633530105e-01
1.674971745644268373e-01
1.657383842937278084e-01
1.640344238876317307e-01
1.623081518625743291e-01
1.606033554590494683e-01
1.589043744296002036e-01
1.572503927065729834e-01
1.555470465388560375e-01
1.537536682234139362e-01
1.519379621911839950e-01
1.501428450308303908e-01
1.483435702636311526e-01
1.465371101465024195e-01
1.447584614439727524e-01
1.429923282242939186e-01
1.412215084735841675e-01
1.395134061706088391e-01
1.378359047635267232e-01
1.361346022218104246e-01
1.345184201541935742e-01
1.329143923496096114e-01
1.312950572790473336e-01
1.296427651720507002e-01
1.280495973806908827e-01
1.264648110501079004e-01
1.248502352795257814e-01
1.231742840371191638e-01
1.214561317569375631e-01
1.197262260225413211e-01
1.180565062253856740e-01
1.163940543270848421e-01
1.146825666178338532e-01
1.130155804211274567e-01
1.113270207723234539e-01
1.096692798451230078e-01
1.080639234232846357e-01
1.064542060444722271e-01
1.048328750374606100e-01
1.031945982827818242e-01
1.015722081006852767e-01
9.992337529885882141e-02
9.836985799721911783e-02
9.677705929011932995e-02
9.518931036921055022e-02
9.353008950152993939e-02
9.193512656097059532e-02
9.042050978791744964e-02
8.889422596941155830e-02
8.738262793981566023e-02
8.590355070110536340e-02
8.447752148611610556e-02
8.306311342503823469e-02
8.162723216983407137e-02
8.028766944631690605e-02
7.894893924050574996e-02
7.757836230375868281e-02
7.618712061905029420e-02
7.479214446012016904e-02
7.342804862256464837e-02
7.204117423375439033e-02
7.064185400264831605e-02
6.929570610269172870e-02
6.794230774416135099e-02
6.656225145044256108e-02
6.520102539903668837e-02
6.383198540614720695e-02
6.253575771518821158e-02
6.123514362910466302e-02
5.994838545447540162e-02
5.872633910521597028e-02
5.751187678098367007e-02
5.631555750957022155e-02
5.517817001299528401e-02
5.405683064278087729e-02
5.302693093302845995e-02
5.202029863220856282e-02
5.104891452282834391e-02
5.007698467567292533e-02
4.914765257132372445e-02
4.823865616601700351e-02
4.732737745272570101e-02
4.647272861202243061e-02
4.562709137863406317e-02
4.479963339665660182e-02
4.401075942292793225e-02
4.324973423309055875e-02
4.246487076039932862e-02
4.172175785855155444e-02
4.100193189880298184e-02
4.029262647800761765e-02
3.961905427380201655e-02
3.897746339958756828e-02
3.838263473776004631e-02
3.783289949614490610e-02
3.732854220227288522e-02
3.686583248324434153e-02
3.643263099253336162e-02
3.602960548681543446e-02
3.566063172568768869e-02
3.532755489217821038e-02
3.503559816121488979e-02
3.479213914001701158e-02
3.459561104925992781e-02
3.444131630805859906e-02
3.433488989181764095e-02
3.426839879131410305e-02
3.424334237225937910e-02
3.425915304277469403e-02
3.431298045732632945e-02
3.440649993580679328e-02
3.453514586187563656e-02
3.470219712481772273e-02
3.490555263768688188e-02
3.515672716768888234e-02
3.546117128667903434e-02
3.580344912336987095e-02
3.618970550617144066e-02
3.662236213216941288e-02
3.708575223200832882e-02
3.756852337163402861e-02
3.808426772743842698e-02
3.863563753122688932e-02
3.923372175619933844e-02
3.983205087928092664e-02
4.046577681594012293e-02
4.111936321622982476e-02
4.180172556143408463e-02
4.252928845497788712e-02
4.326581672966738068e-02
4.402828838027499775e-02
4.481521797987002287e-02
4.561841388973603140e-02
4.645817690535796601e-02
4.737967237100289969e-02
4.831676174892567122e-02
4.929082043758625103e-02
5.028211437594929528e-02
5.130095511048822499e-02
5.233205561900612646e-02
5.341607230956253727e-02
5.456008362049864779e-02
5.573111941390032631e-02
5.694341491333822919e-02
5.821878359975975886e-02
5.951507142586898863e-02
6.078672418632739827e-02
6.206075475084596449e-02
6.331915200533884402e-02
6.463689307769472647e-02
6.600980189680362431e-02
6.742006149008997196e-02
6.885566712591775773e-02
7.031203023650883788e-02
7.178046783088422311e-02
7.337092057111456456e-02
7.495567421730610358e-02
7.657164328227993033e-02
7.821171579871263879e-02
7.985638116757237670e-02
8.155047975871607124e-02
8.327603849626676047e-02
8.501547911666967883e-02
8.676692319615238180e-02
8.854354827546793982e-02
9.033033636825309187e-02
9.215072909479564423e-02
9.396613253950986122e-02
9.582797857425902344e-02
9.771214546310791338e-02
9.959459281873343783e-02
1.015221589395859658e-01
1.034408601426327484e-01
1.053551301830269876e-01
1.072979365008695091e-01
1.092650896531407040e-01
1.112281955601101963e-01
1.132514707102590668e-01
1.153250625588666534e-01
1.174107047717293933e-01
1.195132459094425115e-01
1.216292956674337594e-01
1.237544524520504119e-01
1.258564163389645774e-01
1.279519368808859636e-01
1.300832111621505194e-01
1.322284519946651804e-01
1.343506681166528882e-01
1.364629086707880024e-01
1.385653234675019163e-01
1.406389036273107962e-01
1.426969856128105785e-01
1.447724363870838138e-01
1.468230905200670899e-01
1.488607849466200284e-01
1.508526255454540055e-01
1.527811403529254486e-01
1.546860175120212677e-01
1.565850352849761928e-01
1.584417798789013176e-01
1.603129206592983358e-01
1.621718483731523497e-01
1.640081047641743783e-01
1.657808648701012688e-01
1.675489312982449408e-01
1.693330811608571573e-01
1.710597050890905191e-01
1.727392091470094371e-01
1.744084165798999997e-01
1.760565602302247568e-01
1.776632097571624325e-01
1.792577167563493556e-01
1.808786134183197336e-01
1.824940463728589868e-01
1.840814536126672563e-01
1.856556105550526414e-01
1.871944135466915293e-01
1.887120794132551294e-01
1.902414121981340633e-01
1.917410889346739533e-01
1.932195284936787660e-01
1.946561142427861713e-01
1.960780523079172777e-01
1.974613032700623938e-01
1.988779786895465140e-01
2.002528379332777775e-01
2.016185879022257543e-01
2.029312725112019378e-01
2.042281513085754119e-01
2.055150255367316492e-01
2.067495780749254997e-01
2.079336491911258633e-01
2.090831100410055488e-01
2.102161246248755444e-01
2.113098640030026121e-01
2.123704824870931984e-01
2.134290699112409151e-01
2.144811694627576648e-01
2.154990672932746154e-01
2.165030636162624811e-01
2.174779631206489316e-01
2.184312053151655497e-01
2.193500962710213664e-01
2.202320209484372182e-01
2.210858970483656760e-01
2.218991780296095395e-01
2.226719854914524510e-01
2.234092362677421728e-01
2.241094199862866954e-01
2.247799535031385076e-01
2.254288156816331157e-01
2.260490855494038664e-01
2.266318340893905547e-01
2.271901908776578216e-01
2.277235812294166051e-01
2.282239447105553209e-01
2.286984033277913997e-01
2.291391598044365263e-01
2.295406806408327172e-01
2.299019817623340345e-01
2.302239590296140948e-01
2.305099329417395482e-01
2.307570801193426779e-01
2.309632156553038107e-01
2.311289765596626355e-01
2.312513033241597460e-01
2.313305495404467949e-01
2.313665146414900231e-01
2.313590812093611615e-01
2.313085548876155084e-01
2.312147364197869870e-01
2.310787962847206944e-01
2.309003023424227863e-01
2.306789031900728926e-01
2.304119194692173800e-01
2.301011435437067543e-01
2.297447314493504533e-01
2.293520822562829797e-01
2.289053045012817422e-01
2.284187857091040941e-01
2.278812692874635504e-01
2.273033659422230290e-01
2.266765423599506057e-01
2.260156896799335180e-01
2.253050970261577801e-01
2.245365021509598824e-01
2.237386906244567819e-01
2.228835600375542181e-01
2.220170333854874223e-01
2.211329270971251204e-01
2.201757012386890144e-01
2.192002224562638046e-01
2.181452342964307067e-01
2.170438369273075263e-01
2.159188177584749901e-01
2.147266424021946618e-01
2.135119692122597890e-01
2.122703294662361406e-01
2.109672555992987697e-01
2.096370404152999856e-01
2.082790172581990840e-01
2.068721159179086888e-01
2.054490401196679972e-01
2.040122167581555346e-01
2.025507293967070688e-01
2.010539931834351146e-01
1.995961080052670589e-01
1.980918282412177656e-01
1.965111431378041562e-01
1.948911284591663129e-01
1.932498021207791628e-01
1.915709696359314262e-01
1.898600116203444099e-01
1.881460115880627393e-01
1.864107536504716334e-01
1.846611440145954353e-01
1.829045475970737245e-01
1.811103707237587679e-01
1.793185110877301147e-01
1.775257335562499539e-01
1.757109855877088123e-01
1.739020712485764286e-01
1.720954704591876883e-01
1.702990272210038181e-01
1.685013316762031255e-01
1.666829169385746212e-01
1.649234788608410218e-01
1.632182698764729489e-01
1.614881943608652837e-01
1.597364526519159944e-01
1.579762191814407524e-01
1.562033871538804908e-01
1.544576130683986415e-01
1.527024825643798767e-01
1.509739086945897368e-01
1.492627580061342552e-01
1.475957393995776523e-01
1.459246029571242553e-01
1.443273850497335253e-01
1.427373556619748185e-01
1.411887348212604032e-01
1.396669577970226228e-01
1.381742320502214461e-01
1.366973631647204757e-01
1.352466151342837930e-01
1.337919097170122140e-01
1.323416521090689801e-01
1.309138438007279581e-01
1.294947250136377070e-01
1.280651926251630268e-01
1.266692092238106415e-01
1.252965574107487712e-01
1.239290137199862002e-01
1.226060984159798584e-01
1.212977012618442207e-01
1.200104706326911991e-01
1.187560253233892471e-01
1.175188169712057112e-01
1.163006180227963982e-01
1.151108774027980314e-01
1.139534378945112197e-01
1.128165749841245069e-01
1.116912974159291611e-01
1.106008431659503966e-01
1.095427757419996928e-01
1.085149539245421901e-01
1.075418513540047916e-01
1.066244732604262474e-01
1.057493328714556591e-01
1.049003532528211269e-01
1.040846469325861778e-01
1.033036111428169423e-01
1.025666659101125283e-01
1.018595837393072440e-01
1.012022037392295709e-01
1.005829190637869269e-01
1.000066670140065256e-01
9.946529681347697494e-02
9.896303542816375920e-02
9.850639950514276932e-02
9.808876401592034333e-02
9.770976811130691053e-02
9.736731515865561237e-02
9.707253457907713545e-02
9.681844113215573588e-02
9.661071586269621980e-02
9.644508336654163128e-02
9.631492328340794662e-02
9.622491648067636738e-02
9.617241530951095574e-02
9.615416047887125062e-02
9.617143580730795616e-02
9.622556262069245636e-02
9.631659077200556418e-02
9.644213688882599667e-02
9.660559307600685708e-02
9.680656238890018861e-02
9.704528891877829688e-02
9.732142715439767722e-02
9.763094043404291211e-02
9.799159765929871257e-02
9.838291391328751745e-02
9.880668540669128308e-02
9.927745086773656635e-02
9.979927462198227850e-02
1.003530380651072862e-01
1.009709268746508543e-01
1.016314512474518483e-01
1.023251749510824121e-01
1.030792207714992803e-01
1.038556640166809486e-01
1.046603931670271187e-01
1.055123352442160489e-01
1.064208441847796921e-01
1.073692411969260213e-01
1.083407371477858455e-01
1.093604889117085338e-01
1.104175963975365243e-01
1.115190774540428947e-01
1.126704911857097369e-01
1.138582820412381708e-01
1.150923967172958057e-01
1.163543855749757522e-01
1.176505564147653504e-01
1.189689157963563088e-01
1.203156832512596447e-01
1.216847909978532594e-01
1.230679201794837724e-01
1.244676648050549866e-01
1.258805602354689246e-01
1.273031969398640550e-01
1.287710551317721996e-01
1.303013405310084194e-01
1.318353383732796535e-01
1.333987239799189484e-01
1.349781175539142564e-01
1.365937579783961242e-01
1.382336027710935056e-01
1.398874039420078819e-01
1.415520652810295377e-01
1.432351179377472916e-01
1.449404275414261367e-01
1.466769659793726865e-01
1.484250247035839576e-01
1.501878854187272128e-01
1.519957762972468651e-01
1.538170449272452944e-01
1.556640742450826898e-01
1.574932537221909179e-01
1.593506468942985643e-01
1.611912454395706407e-01
1.630719388496449374e-01
1.649687598478443151e-01
1.668899448804889163e-01
1.687978168240106269e-01
1.706616873871800999e-01
1.725397734939214389e-01
1.744169729633342214e-01
1.763428081265328295e-01
1.783221084371175158e-01
1.803306027599624606e-01
1.823114260291814059e-01
1.842810472168334157e-01
1.862477727784876413e-01
1.882352133374358971e-01
1.902303975176978523e-01
1.922259497558589936e-01
1.942380581793232697e-01
1.962412932037754520e-01
1.982566628251500596e-01
2.002558406799890556e-01
2.022502802578021730e-01
2.042406484397259470e-01
2.062611629354378084e-01
2.082853930982461188e-01
2.102956043307453171e-01
2.123273065012295513e-01
2.143999198218917990e-01
2.164640397401301486e-01
2.185015505378604950e-01
2.205473235045218583e-01
2.225937882095327391e-01
2.246447285421946383e-01
2.266987880642371833e-01
2.287324148196509255e-01
2.307492734604599527e-01
2.327821834552024904e-01
2.347753893481799303e-01
2.367831065045729877e-01
2.387823720410970907e-01
2.407782357609078716e-01
2.427507078095912652e-01
2.447105969519085544e-01
2.466732174230657215e-01
2.486138788498160057e-01
2.505009672875393445e-01
2.523748328523585660e-01
2.542214699240272213e-01
2.560528805181300771e-01
2.578521075585537004e-01
2.596213600584696413e-01
2.613494834873615891e-01
2.630597315620826770e-01
2.647614635736805222e-01
2.664444397665496900e-01
2.680943743403041424e-01
2.697375440457355222e-01
2.713474233743578545e-01
2.729216739053697549e-01
2.744189014349217026e-01
2.759220850921017543e-01
2.773853120793787208e-01
2.788249586248804923e-01
2.802916857023097785e-01
2.817549001737392755e-01
2.831634116585823868e-01
2.845583797778725166e-01
2.859090438493628872e-01
2.871894354241736336e-01
2.884423981692871286e-01
2.896765081482490234e-01
2.908913289887944398e-01
2.920743245616243544e-01
2.932325221317080843e-01
2.943688376115895511e-01
2.954698272081353605e-01
2.965127601838665194e-01
2.975076063620243350e-01
2.984994789776808100e-01
2.994785536927269121e-01
3.003979468275425058e-01
3.012741748968735811e-01
3.021210137931413242e-01
3.029331780165587795e-01
3.037114631299241418e-01
3.044501649678888477e-01
3.051562461343174659e-01
3.058288515438412625e-01
3.064650492031924522e-01
3.070702188058858084e-01
3.076359641029528524e-01
3.081627612183879261e-01
3.086612556764535831e-01
3.091198221164528359e-01
3.095420028798495649e-01
3.099347928274119868e-01
3.102921120709923875e-01
3.106108228756493395e-01
3.108875403695992024e-01
3.111224445179240350e-01
3.113126707762214895e-01
3.114646378227411971e-01
3.115751031045259634e-01
3.116452321847092977e-01
3.116752785683934990e-01
3.116661495383581948e-01
3.116181349033084746e-01
3.115305482631383072e-01
3.114043978565186888e-01
3.112472974038365536e-01
3.110558214918365261e-01
3.108250235001324135e-01
3.105555855222385531e-01
3.102512902812879503e-01
3.099144247708400801e-01
3.095401459988214032e-01
3.091285557445688226e-01
3.086914383184609090e-01
3.082299582534244187e-01
3.077427532045741709e-01
3.072224799593145095e-01
3.066625104890427500e-01
3.060657660839415928e-01
3.054269220160386045e-01
3.047501856614732718e-01
3.040593401099734305e-01
3.033281083298702274e-01
3.025356682196698177e-01
3.016930560929270144e-01
3.008379735913563335e-01
2.999724027748131849e-01
2.991084665441721691e-01
2.982321411848931070e-01
2.973261740749884585e-01
2.963989831841272182e-01
2.954343212154211251e-01
2.944666819941199054e-01
2.934582640234083550e-01
2.924183534330844214e-01
2.913808239080113438e-01
2.902899123933965209e-01
2.891734216502764854e-01
2.880003283989064911e-01
2.867530457570882652e-01
2.854601975519062695e-01
2.841397382691379647e-01
2.827796268021876003e-01
2.813853690780709904e-01
2.799785003891292479e-01
2.785578021240910918e-01
2.771475417806254504e-01
2.756554742855630846e-01
2.741419651923124312e-01
2.725964161198946578e-01
2.710235830404090218e-01
2.694499032317858034e-01
2.678435352887920118e-01
2.661919459518807263e-01
2.644378432435849358e-01
2.627026396016197696e-01
2.609545546069879651e-01
2.591871636413781155e-01
2.574223497799156823e-01
2.556663025684908219e-01
2.539044931457124510e-01
2.520980211466917198e-01
2.502573485253123953e-01
2.484157647028667759e-01
2.465567367710262414e-01
2.446388247868442889e-01
2.426918479068586598e-01
2.407502993359517951e-01
2.387851660912054808e-01
2.368137707415823578e-01
2.348928713998457429e-01
2.329145500193268159e-01
2.308859582410875966e-01
2.288573492197662484e-01
2.268365730145849579e-01
2.247663827050038199e-01
2.226731046747298104e-01
2.206105692909914318e-01
2.186085735389070306e-01
2.165803225391357556e-01
2.145281579481484180e-01
2.124411087864370995e-01
2.103326146231200011e-01
2.082712775058397081e-01
2.062182556032408076e-01
2.041847395634366347e-01
2.021461572728478484e-01
2.000581950606264148e-01
1.980052490184610881e-01
1.958718189319579861e-01
1.936954410656195058e-01
1.915172417776106473e-01
1.893661426953028859e-01
1.871504911615573530e-01
1.849671383131870350e-01
1.827970981141514295e-01
1.806300936248882716e-01
1.784842791843709864e-01
1.763534646903563707e-01
1.741979079020899435e-01
1.720425508378972124e-01
1.699391074515469446e-01
1.679276002793819444e-01
1.659002304210375756e-01
1.638845797024391926e-01
1.618247730539015827e-01
1.598175250148790860e-01
1.578022897878879061e-01
1.557935835639901734e-01
1.537872433680003148e-01
1.518289248252509271e-01
1.498513373383156544e-01
1.479046757218802632e-01
1.458939809997539805e-01
1.438915921992020563e-01
1.418810420644034398e-01
1.398967628747163627e-01
1.379087245997982214e-01
1.359820722504591628e-01
1.340882577403557374e-01
1.321954836455212223e-01
1.303546094906983532e-01
1.285197098598741816e-01
1.266948345352198746e-01
1.248839699716563501e-01
1.231068944772440860e-01
1.213531190489705869e-01
1.195997194127393776e-01
1.178764212330461747e-01
1.161937488571418847e-01
1.144787369327803644e-01
1.127783212767722032e-01
1.110987324013671673e-01
1.094382272885392332e-01
1.078108277447894781e-01
1.062138404186838553e-01
1.046273739237846834e-01
1.030627024409341980e-01
1.015391549693155093e-01
1.000307594512507142e-01
9.853612654641805135e-02
9.708371913537219844e-02
9.563184759364624921e-02
9.420437044505015900e-02
9.280915401258826858e-02
9.144799409486785435e-02
9.011256091499712795e-02
8.878352197833729031e-02
8.745795480625384588e-02
8.616860499309259014e-02
8.490034396606815914e-02
8.366183670782957604e-02
8.244362180707202892e-02
8.123931512163005964e-02
8.006893399155416702e-02
7.891419550191665355e-02
7.778354911674505157e-02
7.670258359820700256e-02
7.563953496392701592e-02
7.460649993636715716e-02
7.361124229919992212e-02
7.263405472517177330e-02
7.170527682913617473e-02
7.081422606278908738e-02
6.996387104836940263e-02
6.914780142596939350e-02
6.836375757822824029e-02
6.761660203148806003e-02
6.690643965643952584e-02
6.623704290177873100e-02
6.560364760371760473e-02
6.500702073103066525e-02
6.444563318384902151e-02
6.392649480299911202e-02
6.345559761832400558e-02
6.301737574251355112e-02
6.261539273501620650e-02
6.225232976524461975e-02
6.192948594939146761e-02
6.165197738176967507e-02
6.141118708107413948e-02
6.121029965806331491e-02
6.104890476952758854e-02
6.092288345816226913e-02
6.083782939695019792e-02
6.078995310351511389e-02
6.077665036333539800e-02
6.079626890182769638e-02
6.084948508326317590e-02
6.093559488996552753e-02
6.105197355324730457e-02
6.120086304192164095e-02
6.138385802818440568e-02
6.160222280838379555e-02
6.185048380770787751e-02
6.212788533160489707e-02
6.243341819876214310e-02
6.277005739278787577e-02
6.315158817447677486e-02
6.356934870426171613e-02
6.401655923993744557e-02
6.450106766839237837e-02
6.502134104670879988e-02
6.556434241578402988e-02
6.613887665104886682e-02
6.674145182551921573e-02
6.738211792454372462e-02
6.805651962044986791e-02
6.876424280177351189e-02
6.950607865002374208e-02
7.028419609768572773e-02
7.108865685207599316e-02
7.191325068943818510e-02
7.276183148763734621e-02
7.364433497665771877e-02
7.454724299367133933e-02
7.547886056163251312e-02
7.642467954158135846e-02
7.738014679214998137e-02
7.836953367540847037e-02
7.934354133570073464e-02
8.036854640432655739e-02
8.143529423279152746e-02
8.251679947319620623e-02
8.364674020140772104e-02
8.481490462271155939e-02
8.600349176689198183e-02
8.721642503221344045e-02
8.843620778104585578e-02
8.968523242631025461e-02
9.097303625776148595e-02
9.228263167252810650e-02
9.361147464976980748e-02
9.493550275578417630e-02
9.624927557214475737e-02
9.757504063520022752e-02
9.890517337907932249e-02
1.002314719102800067e-01
1.016084087816725989e-01
1.029443862472559923e-01
1.042747214851568877e-01
1.056189937970546527e-01
1.069819179209015036e-01
1.083859455679338224e-01
1.098042913530174192e-01
1.112494260957595238e-01
1.127319885817666817e-01
1.142156277192933334e-01
1.157089400179497074e-01
1.172229670583292832e-01
1.187580490751544010e-01
1.202857760069482446e-01
1.217897579564805460e-01
1.233540195614766938e-01
1.249033699971210248e-01
1.265427148330592055e-01
1.281276173292699438e-01
1.297357370126426823e-01
1.313758075979863382e-01
1.330411589942385175e-01
1.347048790691022513e-01
1.363634061769567474e-01
1.380398618562274915e-01
1.396612726153085848e-01
1.413181418186275629e-01
1.429809893083779926e-01
1.446145835058721962e-01
1.462624311838878199e-01
1.478617286747225257e-01
1.495041483192420251e-01
1.511988289529096474e-01
1.529098690114528425e-01
1.546276509507323316e-01
1.563791891948222712e-01
1.581328299003557925e-01
1.598930263602680590e-01
1.617163047723993996e-01
1.635693126367117889e-01
1.654181646854527565e-01
1.673012981553883005e-01
1.691699729495183546e-01
1.710542787392992092e-01
1.729698274643422795e-01
1.748926732728863509e-01
1.767826515425845180e-01
1.786880981614042407e-01
1.805793324694702218e-01
1.825167580782924015e-01
1.844434009292583998e-01
1.864235775333424050e-01
1.883810807069254134e-01
1.903675265385641191e-01
1.923486898210002571e-01
1.943289628221369081e-01
1.963191864438459666e-01
1.982956386361246492e-01
2.003235421595561394e-01
2.023840199332433420e-01
2.044799633397572924e-01
2.065468926078505296e-01
2.086076012073146968e-01
2.107302594599937406e-01
2.128564724295718413e-01
2.149618985001786053e-01
2.170792085361514523e-01
2.191975892876730780e-01
2.212924927415148568e-01
2.234269619022187514e-01
2.255898806101156173e-01
2.278122460461574905e-01
2.299925108343610636e-01
2.322177116333944136e-01
2.344873236208920575e-01
2.367796488031878588e-01
2.391156062814002725e-01
2.414732303269225833e-01
2.438171407653732248e-01
2.461688523081515534e-01
2.485241664054112787e-01
2.508820943890717747e-01
2.532399198579874389e-01
2.555976638962408343e-01
2.579553445171324788e-01
2.603129765563541032e-01
2.626705718430830672e-01
2.650281275003699144e-01
2.673588838014047120e-01
2.696678038659842680e-01
2.719541812222248667e-01
2.742163577272622721e-01
2.764563262415146161e-01
2.786750270461760270e-01
2.809225132534114988e-01
2.831872587060967894e-01
2.854308290607249221e-01
2.876726600961420632e-01
2.899195159695029944e-01
2.921684847140630925e-01
2.944561787844630629e-01
2.967599231671395055e-01
2.990305081547988686e-01
3.013029882834485917e-01
3.035847797875227960e-01
3.058605007746030835e-01
3.081720508880475551e-01
3.104668511378717577e-01
3.127243775338180432e-01
3.149308828592008447e-01
3.171537313749210329e-01
3.193917876464886230e-01
3.216262826194556390e-01
3.238514620693118129e-01
3.261112673987930366e-01
3.283256473634592054e-01
3.305826152055297840e-01
3.328300901866159123e-01
3.350324708320135958e-01
3.372370168620181241e-01
3.394259315897215634e-01
3.415711836764194209e-01
3.436664394868382821e-01
3.457949421780859289e-01
3.479276033009397473e-01
3.500328258188679653e-01
3.521641239741911678e-01
3.542278363410036324e-01
3.563348994950936710e-01
3.584558121905469519e-01
3.606066432939503685e-01
3.627153784036317163e-01
3.648485783209160505e-01
3.669581194025708926e-01
3.690689963357260406e-01
3.711185280393223818e-01
3.731276277035275868e-01
3.752252736619635654e-01
3.772563202617751354e-01
3.792880060095110140e-01
3.813092565306316351e-01
3.833014713739179014e-01
3.851958774647759598e-01
3.870686537375093716e-01
3.889524884557122864e-01
3.908133402469171069e-01
3.926606296069209967e-01
3.945059923357842613e-01
3.964293525123672723e-01
3.983424840171948533e-01
4.002387315603326279e-01
4.021729350171602824e-01
4.040884467619200171e-01
4.059519691477350700e-01
4.077810198830534860e-01
4.096525332062493918e-01
4.114984636230754056e-01
4.133602452665968152e-01
4.152560919767166459e-01
4.171239945796081372e-01
4.190168937977850061e-01
4.208677114916801187e-01
4.226865972507731772e-01
4.244594219031943005e-01
4.261818324601762131e-01
4.278724983915137003e-01
4.295638704602561808e-01
4.312227309414715104e-01
4.328149145543476739e-01
4.344226068718372025e-01
4.359948897878780927e-01
4.375909752158674837e-01
4.392701586934324998e-01
4.409609236310239599e-01
4.426663914150302803e-01
4.443917852620743458e-01
4.461336287455522354e-01
4.478840001992986375e-01
4.496625584422232480e-01
4.514301798051462145e-01
4.532135586094042656e-01
4.550261737547396379e-01
4.568301801568321885e-01
4.586602636436311609e-01
4.605149304031389557e-01
4.624107596337692638e-01
4.643369016036399954e-01
4.662781514923641235e-01
4.682112034219970131e-01
4.701758452971972480e-01
4.721843810943817110e-01
4.741368368447428927e-01
4.761544442219768913e-01
4.781579183170838188e-01
4.802479319944291669e-01
4.822866762518237538e-01
4.843235141494521279e-01
4.863800565809289211e-01
4.884493704749823251e-01
4.905276528287700888e-01
4.925624780795651581e-01
4.945925158733497917e-01
4.966211123358146851e-01
4.986341466581387105e-01
5.005994204160932881e-01
5.025468793519139998e-01
5.044600715987549444e-01
5.064363709036906469e-01
5.084251732710745042e-01
5.104646986472519687e-01
5.124526461228152696e-01
5.143989315394468242e-01
5.163513383167819271e-01
5.182830563341543906e-01
5.222215585898098977e-01
5.241633420055360482e-01
5.260704561694520276e-01
4.000011738190601407e-01
4.000011892420945459e-01
4.006345719514852188e-01
4.012888703863993767e-01
4.019366182606513571e-01
4.025839509922211623e-01
4.032426913410248059e-01
4.039026887809710753e-01
4.045602913749447582e-01
4.052249989286413889e-01
4.059025193340189963e-01
4.065648083090689369e-01
4.072019556978542232e-01
4.078249351717260773e-01
4.084427249994324050e-01
4.090199685220156645e-01
4.095895157064499137e-01
4.101733372395958144e-01
4.107621476792007731e-01
4.113432730436299978e-01
4.119265872047316313e-01
4.125160269984615158e-01
4.130680644111407451e-01
4.136401100265243436e-01
4.142052962219787138e-01
4.147600000777554863e-01
4.153122082521410463e-01
4.158390241057107195e-01
4.163897607163060677e-01
4.169547921204448393e-01
4.175063733378431841e-01
4.180828968082230812e-01
4.186640094496837938e-01
4.192620521894673824e-01
4.198649668914408717e-01
4.204662380693253709e-01
4.210873212604268057e-01
4.216891915742367880e-01
4.223039995644424782e-01
4.229290682786970845e-01
4.235494129013347431e-01
4.241648358878158387e-01
4.247893347396058950e-01
4.253919419775452626e-01
4.260023924828638675e-01
4.266293113794137892e-01
4.272270218214093696e-01
4.278451911634339466e-01
4.284714633930392091e-01
4.290785988059428457e-01
4.296978567689598849e-01
4.303052231504488900e-01
4.309059456637355789e-01
4.315255588990248303e-01
4.321728316779234746e-01
4.328355157814265386e-01
4.335279908007475536e-01
4.342422747894409407e-01
4.349416788201255213e-01
4.356579221102581112e-01
4.363944020379535438e-01
4.371343533220767852e-01
4.378786216617682747e-01
4.386253603468017181e-01
4.393944144425627196e-01
4.401769004968225651e-01
4.409578800844615731e-01
4.417620576790390885e-01
4.425838484518931915e-01
4.434214321617436227e-01
4.442572430920936344e-01
4.450810304005284324e-01
4.458983917842876954e-01
4.467219729671736417e-01
4.475478939206686824e-01
4.483996404015992421e-01
4.492400653039163583e-01
4.501041376616540246e-01
4.509783610800602860e-01
4.518715961657482905e-01
4.527561630381531366e-01
4.536471111760939645e-01
4.545576256726833186e-01
4.554941221269322993e-01
4.564437992315863446e-01
4.574335870336640464e-01
4.584047697085487649e-01
4.594121956236555948e-01
4.604235789642036614e-01
4.614304419968790483e-01
4.624381069018942969e-01
4.634047727689430962e-01
4.643838130650496665e-01
4.654033893719201620e-01
4.664343485032422798e-01
4.674593505562159024e-01
4.685476829458697923e-01
4.696538425760850566e-01
4.707601066120840061e-01
4.718897848259321348e-01
4.730520260056013115e-01
4.741809276945209706e-01
4.752911255096541332e-01
4.764243543943988968e-01
4.775518167682371029e-01
4.786779664233367648e-01
4.798194499157207860e-01
4.809691874964035496e-01
4.821391405824682064e-01
4.832884976839862401e-01
4.844371250266747975e-01
4.855930513343532651e-01
4.867601910710196433e-01
4.879337084061646790e-01
4.891091040893001951e-01
4.902834478757460701e-01
4.914661296677815816e-01
4.926303622014059913e-01
4.938576792708799790e-01
4.951319857910753131e-01
4.964198281695741954e-01
4.977550819298081630e-01
4.991048878830045554e-01
5.004652339389192850e-01
5.018369435630981590e-01
5.032028853498984322e-01
5.045882335587495993e-01
5.059846918480586098e-01
5.073418240061376983e-01
5.087158666169420140e-01
5.100874674649458207e-01
5.114684146559199673e-01
5.128527491046867004e-01
5.141916738430508671e-01
5.155305366534124190e-01
5.168969767298183804e-01
5.182493961182239595e-01
5.195982175577203988e-01
5.223542526312195955e-01
3.999990944506106594e-01
3.999990790608182745e-01
3.995551308582098171e-01
3.991524633447601778e-01
3.987877921354729405e-01
3.984470441076923275e-01
3.981321991451496900e-01
3.978435473243906451e-01
3.975909679958978260e-01
3.973663604870621979e-01
3.971711973005461749e-01
3.969939347552681741e-01
3.968480632786439144e-01
3.967274742318102065e-01
3.966357782144034339e-01
3.965686997779740430e-01
3.965263064612979949e-01
3.965093403124781979e-01
3.965127168282490122e-01
3.965379839341031665e-01
3.965834696364344270e-01
3.966512518423187528e-01
3.967381382869228923e-01
3.968487843507051416e-01
3.969789357525275730e-01
3.971375406975398703e-01
3.973146002231409679e-01
3.975213197123443343e-01
3.977525027181412764e-01
3.980020319612693203e-01
3.982688674958381192e-01
3.985511202147549170e-01
3.988401337414048675e-01
3.991472199881555549e-01
3.994569475036382489e-01
3.997901805376357087e-01
4.001444589203560498e-01
4.005156813031849894e-01
4.009032811664576812e-01
4.013057607851976960e-01
4.017110478567391119e-01
4.021415518909683962e-01
4.025914507171247658e-01
4.030460137416766453e-01
4.035231972837478587e-01
4.040172451639945095e-01
4.045394560671881634e-01
4.050830136908317725e-01
4.056347297558889897e-01
4.061856272074146346e-01
4.067540010673308393e-01
4.073369640251949253e-01
4.079302131932201481e-01
4.085186246249322140e-01
4.091067255710047479e-01
4.097032554025622497e-01
4.103175740688166928e-01
4.109313157652973447e-01
4.115609160199311667e-01
4.122109934525985397e-01
4.128469978926460060e-01
4.134514929932931460e-01
4.140686582714736552e-01
4.147178545790235482e-01
4.153623073947677047e-01
4.160377773482649699e-01
4.167310816824596476e-01
4.174391634898682035e-01
4.181759370380218055e-01
4.189035618587802490e-01
4.196881391407281670e-01
4.204874606169903828e-01
4.212778180815549556e-01
4.220406915829435501e-01
4.227797028292021309e-01
4.235351147330655430e-01
4.242783428637902920e-01
4.250524734196302612e-01
4.258505154749332999e-01
4.266503743122987413e-01
4.274919762257471390e-01
4.283320120593129832e-01
4.292095744248613509e-01
4.300593744297941390e-01
4.309126310559444617e-01
4.317978857866673903e-01
4.327379355922126858e-01
4.336626448314099269e-01
4.346189115390300950e-01
4.355822849993872814e-01
4.365397356448554866e-01
4.375225925493324008e-01
4.384746202445666263e-01
4.394676530677835702e-01
4.404241487310527337e-01
4.413644011058950878e-01
4.423183445481334575e-01
4.432797001667901360e-01
4.442719246078664086e-01
4.452599934348863697e-01
4.462569225156559072e-01
4.472765915093767086e-01
4.483186134657311528e-01
4.494235878540599471e-01
4.505451467333999593e-01
4.516205809835389662e-01
4.527377545861783203e-01
4.538563385936495442e-01
4.549488823024097073e-01
4.560620159324989542e-01
4.571836093783997468e-01
4.583096962137949149e-01
4.594530526312869956e-01
4.606609758388967579e-01
4.618914971333727970e-01
4.632030241043060825e-01
4.645903437164516925e-01
4.659758804208530836e-01
4.673980866116601018e-01
4.688176231111383929e-01
4.702528917153818155e-01
4.716716647103253446e-01
4.730683770664973475e-01
4.745455391497324649e-01
4.760245528106217816e-01
4.775370258282601865e-01
4.790591469076470044e-01
4.805134945312121153e-01
4.819604118659959191e-01
4.833172574253645215e-01
4.846522210767510441e-01
4.860039573531387269e-01
4.873323216136233871e-01
4.886892177231139112e-01
4.899924159005997759e-01
4.912864900887502495e-01
4.925396377983728979e-01
4.937362506302047649e-01
4.949864856185115514e-01
4.962640854276609836e-01
4.975150889419212019e-01
4.987317292000543190e-01
4.999681958633499512e-01
3.058298496366398560e-06
3.074337218075698546e-06
1.497639505484702534e-03
2.990710244483386817e-03
4.490041354551357194e-03
5.988459829068286042e-03
7.433279013756157773e-03
8.869782216579543896e-03
1.026227378925889840e-02
1.164408616049693833e-02
1.305504541661321911e-02
1.451565745420945602e-02
1.593509761307649111e-02
1.732123149488692601e-02
1.871208845401463317e-02
2.012259060071608721e-02
2.147341189188996247e-02
2.278142596895401523e-02
2.407729504589111238e-02
2.537715217331797113e-02
2.667019949925161434e-02
2.792634957318616482e-02
2.916294434355838974e-02
3.034222314686062238e-02
3.155649371105107709e-02
3.276142133540891482e-02
3.393471465159770412e-02
3.504220227645418739e-02
3.618277408561849928e-02
3.728382568011796849e-02
3.842720723108707798e-02
3.957308462882059424e-02
4.063581767657234445e-02
4.169321789504307901e-02
4.276417858784324622e-02
4.381803200324814462e-02
4.486535067836781160e-02
4.587341323717584324e-02
4.686213504256642876e-02
4.785029163579851419e-02
4.879424877595433391e-02
4.969371467990220392e-02
5.064689225483955115e-02
5.156462106325358785e-02
5.246792510773310575e-02
5.334800241117929054e-02
5.421476885034740706e-02
5.506030218310509206e-02
5.588821631314390415e-02
5.667453897782896016e-02
5.746068788578098663e-02
5.824386541656028510e-02
5.904275703570364270e-02
5.982994218036769701e-02
6.059829736628805086e-02
6.134981725158703686e-02
6.207706580795634144e-02
6.278235663000195088e-02
6.346937145818482007e-02
6.413276203049426971e-02
6.479357424972448376e-02
6.545933833758452169e-02
6.612142708067397789e-02
6.680113778647442380e-02
6.747573681402203871e-02
6.815740709364530303e-02
6.884686766017354687e-02
6.953245119018912346e-02
7.022940440086961056e-02
7.090867395867417322e-02
7.159313477020233518e-02
7.223332418502174945e-02
7.286040872958549075e-02
7.348016450727340443e-02
7.408366766993298991e-02
7.466713120358374478e-02
7.522507035507727813e-02
7.575823534165204709e-02
7.625964548841304702e-02
7.674839574359684780e-02
7.722877464578836726e-02
7.767219411697585951e-02
7.810613477471671506e-02
7.851418582852189021e-02
7.891238827683191848e-02
7.929541177201020197e-02
7.966331177136810882e-02
8.001838669347276223e-02
8.035721732543603391e-02
8.068118101150412169e-02
8.098619135132900659e-02
8.128842254528524658e-02
8.156658425650557820e-02
8.183706540322496781e-02
8.208590676966184829e-02
8.232768537721210644e-02
8.255811820816165436e-02
8.277904538970407011e-02
8.298935793545458850e-02
8.319299673527451311e-02
8.338069852921888014e-02
8.355601364673465037e-02
8.371997713484038983e-02
8.387536172464768458e-02
8.401622228765484590e-02
8.414740124351127726e-02
8.426946090336766282e-02
8.438862154209923749e-02
8.449943883092043972e-02
8.459849933390273247e-02
8.469025384591140349e-02
8.477391924756624841e-02
8.485292392869510369e-02
8.492461806449007333e-02
8.498649403361466237e-02
8.503979947343759394e-02
8.508626822199864825e-02
8.512606506091810465e-02
8.515738921784400672e-02
8.517930357161478117e-02
8.519093545075316631e-02
8.519172134912844641e-02
8.518297780669879804e-02
8.516384821380129644e-02
8.513356698791582633e-02
8.509096650380168492e-02
8.503534064869570919e-02
8.496559085698350555e-02
8.488275972664972857e-02
8.478487069311919921e-02
8.466861022354039978e-02
8.453303483434394805e-02
8.437774273005603509e-02
8.420321305588462923e-02
8.400834575981180885e-02
8.378424743634067806e-02
8.353465170027853104e-02
8.326691974267021179e-02
8.298067571698403144e-02
8.266321414082562768e-02
8.232613388843897095e-02
8.196315235079042194e-02
8.157051123256091330e-02
8.115851983836862293e-02
8.071884591045280777e-02
8.026162046931836769e-02
7.978098117737424111e-02
7.927198753280882693e-02
7.875342075157187871e-02
7.822077113009548444e-02
7.767252453192342865e-02
7.707702241891091488e-02
7.644297078189590811e-02
7.578365350233377817e-02
7.506326484705080904e-02
7.430157429785425038e-02
7.351675227571438653e-02
7.268477149129652648e-02
7.183849265540891149e-02
7.097006544944306494e-02
7.005335375445465029e-02
6.912408037109774028e-02
6.815731387463722091e-02
6.718836855317289469e-02
6.617650794123297597e-02
6.515828191227593380e-02
6.413589692452364988e-02
6.309142566587250256e-02
6.205646982913454179e-02
6.100976830245342930e-02
5.993242141934107536e-02
5.884926608181449692e-02
5.774762981356432873e-02
5.663564245402225722e-02
5.547400497505269173e-02
5.427680924093128412e-02
5.307670860626129139e-02
5.187813594197696748e-02
5.066278101618642421e-02
4.944588166686871705e-02
4.815553690944438664e-02
4.681568672508138601e-02
4.546929329802912312e-02
4.411710052858509173e-02
4.272684794475387765e-02
4.128166722411062001e-02
3.981242378967490836e-02
3.832598030783999216e-02
3.680649579302814473e-02
3.527714676899259411e-02
3.370428959940270641e-02
3.212658804906491639e-02
3.055012613673743077e-02
2.896385621403199662e-02
2.738225604964020579e-02
2.577215713177869946e-02
2.416004450135895640e-02
2.251951119899378920e-02
2.085247594671446950e-02
1.917305686484582772e-02
1.749342988643488861e-02
1.581364748556899485e-02
1.408745002732144161e-02
1.235181954225887148e-02
1.058337238784391038e-02
8.795300155065485445e-03
7.007890373969083257e-03
5.209385938875979970e-03
3.362225278874821175e-03
1.510534602240884991e-03
-3.574501856294897946e-04
-2.224476986101080103e-03
-4.112292955516535717e-03
-6.014010578477369494e-03
-7.923684424057679879e-03
-9.854544421288993078e-03
-1.182985798995741383e-02
-1.382454639089589904e-02
-1.580985662794174088e-02
-1.777505207064742493e-02
-1.976126783929018152e-02
-2.172109135992724566e-02
-2.368052320432481594e-02
-2.567449174477395499e-02
-2.766482330753855176e-02
-2.967118180319541429e-02
-3.165160643015765829e-02
-3.362560555655137035e-02
-3.559249462763149074e-02
-3.754010988616102856e-02
-3.951397940780025653e-02
-4.148263172291050821e-02
-4.345898677809864608e-02
-4.543509890484442870e-02
-4.743534447368536605e-02
-4.949676836153033693e-02
-5.156565443228364881e-02
-5.367085457873665977e-02
-5.578708863393886525e-02
-5.789888916737840480e-02
-6.000894920489784068e-02
-6.217980465319024319e-02
-6.438839126271861391e-02
-6.659192059906304806e-02
-6.879570958928658830e-02
-7.100736536796055376e-02
-7.323375533172422902e-02
-7.547818258151185733e-02
-7.773244930014903964e-02
-7.997140438336763912e-02
-8.221803401166696834e-02
-8.446804826908613228e-02
-8.675677676600102028e-02
-8.904119159130674532e-02
-9.133339922032307490e-02
-9.364214910082069299e-02
-9.595424897215547311e-02
-9.824912409901817578e-02
-1.005416125085743378e-01
-1.028802669568004979e-01
-1.051871318115687043e-01
-1.075147358027755545e-01
-1.098660563075772728e-01
-1.122228295039082030e-01
-1.146245082976512925e-01
-1.170372598065366754e-01
-1.194462177224912131e-01
-1.218650012446552550e-01
-1.242350635883920223e-01
-1.266136591122430655e-01
-1.289625568218198959e-01
-1.313323036266003940e-01
-1.337540434031964931e-01
-1.361805328592440578e-01
-1.386290727904035958e-01
-1.410798070837266660e-01
-1.435657017377681144e-01
-1.460431402757568775e-01
-1.485225387640905781e-01
-1.509853889337902377e-01
-1.534916417508422892e-01
-1.559886563449485175e-01
-1.584666054182452266e-01
-1.609704639935800319e-01
-1.634951432277229333e-01
-1.660433954256793632e-01
-1.685916330844984268e-01
-1.711398633264017144e-01
-1.736731929430559984e-01
-1.762033122244756889e-01
-1.787344278450672119e-01
-1.812734699326251642e-01
-1.837817782461129701e-01
-1.863055632153169106e-01
-1.888199939298955410e-01
-1.913367944829414968e-01
-1.938407499826820812e-01
-1.963743303642047355e-01
-1.989210847728916931e-01
-2.014676517577771997e-01
-2.039960770520293509e-01
-2.065357249294165198e-01
-2.090855748597390262e-01
-2.116313249903860882e-01
-2.141820294333872943e-01
-2.167327232018586014e-01
-2.192834061256777323e-01
-2.218340780107614096e-01
-2.243847384840182979e-01
-2.269352976714342496e-01
-2.294858758408555854e-01
-2.320225021943040089e-01
-2.345307174157177932e-01
-2.370237246817458177e-01
-2.395084301370463131e-01
-2.420035909729305879e-01
-2.444953277174498896e-01
-2.469658803757381893e-01
-2.494410133336197044e-01
-2.519022286959615720e-01
-2.543296090941843390e-01
-2.567547980468988245e-01
-2.591906249617778601e-01
-2.616257098853309038e-01
-2.640505472704750001e-01
-2.665059333679942188e-01
-2.689428709014500263e-01
-2.713923195705464919e-01
-2.738400056453965670e-01
-2.762955418692967791e-01
-2.787667551127956944e-01
-2.812282027748071456e-01
-2.837149375549896657e-01
-2.861939677181082886e-01
-2.887032721405242697e-01
-2.912015775222569491e-01
-2.936716693311280379e-01
-2.961130141101091517e-01
-2.985392023144232132e-01
-3.009719100103285805e-01
-3.033707304817133688e-01
-3.057428107850248544e-01
-3.081393481756511954e-01
-3.105027504963066565e-01
-3.128584826177717160e-01
-3.152072787045934188e-01
-3.176026207820887848e-01
-3.200239846673372801e-01
-3.224870940962541455e-01
-3.249511234544756322e-01
-3.274537559104191420e-01
-3.299055050979250447e-01
-3.323425324586539165e-01
-3.347132062713537026e-01
-3.370981173820796206e-01
-3.394794153590759977e-01
-3.418472940189901110e-01
-3.442196013506443331e-01
-3.465698202963876096e-01
-3.488697762739690900e-01
-3.512102462112429158e-01
-3.535693267055312061e-01
-3.559483396246303499e-01
-3.583339597509332397e-01
-3.606935118452345157e-01
-3.629894813439485390e-01
-3.651905050416419662e-01
-3.674032079523802397e-01
-3.695943829950550930e-01
-3.718042447927503158e-01
-3.740195878528841389e-01
-3.762319153809384753e-01
-3.784725283933834672e-01
-3.807588189393052991e-01
-3.830502768585802298e-01
-3.852859476042445608e-01
-3.874979561139871853e-01
-3.897332380228232807e-01
-3.920535567353429229e-01
-3.943811525353430603e-01
-3.967860533959939873e-01
-3.992587720226962733e-01
-4.017624387775325379e-01
-4.042925855788435108e-01
-4.068312240212533792e-01
-4.093682428488189529e-01
-4.119106828751766813e-01
-4.144650367745798536e-01
-4.170160934867572222e-01
-4.195710299296177004e-01
-4.221259562219309980e-01
-4.246808708477471939e-01
-4.272355014854083421e-01
-4.297780869019801053e-01
-4.323330516780778399e-01
-4.348583047307484906e-01
-4.374133220933281163e-01
-4.399683400501978037e-01
-4.424925552516886795e-01
-4.450474385639017205e-01
-4.475721026786212975e-01
-4.500917467364164981e-01
-4.525990625051140026e-01
-4.551339172029247870e-01
-4.576365250454348388e-01
-4.601175248519968619e-01
-4.626235385476050177e-01
-4.651309626814162934e-01
-4.676238080980193446e-01
-4.701190365597618936e-01
-4.726432472541420848e-01
-4.751967906724441915e-01
-4.777402202341791693e-01
-4.802981009936679868e-01
-4.828559718171591131e-01
-4.854138317319226514e-01
-4.879716799147345019e-01
-4.905295150809950711e-01
-4.930873372123893428e-01
-4.956451586517196528e-01
-4.982029784284280338e-01
-5.007607952900838821e-01
-5.033186077974354244e-01
-5.058764144098500948e-01
-5.084342135611531477e-01
-5.109920037256362457e-01
-5.135497779153350706e-01
-5.161075261016284665e-01
-5.186652541189848975e-01
2.000004861655658439e-01
2.000005014191129360e-01
2.003519386263472313e-01
2.007033961816564460e-01
2.010548693769487472e-01
2.014063568332807586e-01
2.017578572101310641e-01
2.021093688472934691e-01
2.024590771963947489e-01
2.028119193606966464e-01
2.031646389961057897e-01
2.035161907633128153e-01
2.038663873421808492e-01
2.042212496659041310e-01
2.045739546208087956e-01
2.049329647442778568e-01
2.052907808767308329e-01
2.056533688521103853e-01
2.060197105476902490e-01
2.063859043448092179e-01
2.067519602172050719e-01
2.071178914571508156e-01
2.074837128319506896e-01
2.078494392765349863e-01
2.082127940157682267e-01
2.085799495042743867e-01
2.089470313550737257e-01
2.093140487448248432e-01
2.096810109240414277e-01
2.100479266744876838e-01
2.104148041274848668e-01
2.107816506928654743e-01
2.111484730617616268e-01
2.115152772548542781e-01
2.118820686948661713e-01
2.122488522879736883e-01
2.126156325032175221e-01
2.129824117533192507e-01
2.133491917209989486e-01
2.137159736875136051e-01
2.140827586151997641e-01
2.144495472144722081e-01
2.148163399968957554e-01
2.151831373146290693e-01
2.155499399872755628e-01
2.159167499794453216e-01
2.162835690722880455e-01
2.166503988211026799e-01
2.170172405187829057e-01
2.173840951652418751e-01
2.177509634430311591e-01
2.181178456993198567e-01
2.184847419343383945e-01
2.188516517963115249e-01
2.192185745828395260e-01
2.195855092485965998e-01
2.199524544191554520e-01
2.203194084106488981e-01
2.206863692549148326e-01
2.210533347296724793e-01
2.214203023956156924e-01
2.217872700665622643e-01
2.221542369906934489e-01
2.225212024946378320e-01
2.228881659763511935e-01
2.232551269015679851e-01
2.236220848027600239e-01
2.239890392797734553e-01
2.243559900110401462e-01
2.247229354064952667e-01
2.250898734686088698e-01
2.254568023934909182e-01
2.258237206214357418e-01
2.261906268776054385e-01
2.265575202036330116e-01
2.269243999807694923e-01
2.272912659451002126e-01
2.276581181952812005e-01
2.280249571931955155e-01
2.283917837579150234e-01
2.287585989611467252e-01
2.291254044795953959e-01
2.294922019980276673e-01
2.298589935851013399e-01
2.302257815522245898e-01
2.305925684107667517e-01
2.309593555794208497e-01
2.313261437726683578e-01
2.316929336298187703e-01
2.320597257204180253e-01
2.324265205467175299e-01
2.327933185441513897e-01
2.331601200774390537e-01
2.335269257957699462e-01
2.338937376894072440e-01
2.342605576797407996e-01
2.346273874731029940e-01
2.349942285145812104e-01
2.353610819512313157e-01
2.357279486040691763e-01
2.360948289482827644e-01
2.364617231011503506e-01
2.368286308171708154e-01
2.371955512604524974e-01
2.375624840197064491e-01
2.379294274935757347e-01
2.382963800664054110e-01
2.386633398265505246e-01
2.390303045970928186e-01
2.393972719716774833e-01
2.397642395059493003e-01
2.401312064263221302e-01
2.404981720461529526e-01
2.408651357500934675e-01
2.412320969906553425e-01
2.415990552872695207e-01
2.419660102269927948e-01
2.423329614759694717e-01
2.426999077145908235e-01
2.430668469216882566e-01
2.434337772607904071e-01
2.438006971320130778e-01
2.441676052140160924e-01
2.445345004968921265e-01
2.449013823066141238e-01
2.452682503215524445e-01
2.456351045814831047e-01
2.459997675069215683e-01
2.463640186148533806e-01
2.467318558319159250e-01
2.471050856502574333e-01
2.474782328443857760e-01
2.478513003969649853e-01
2.482203000604539800e-01
2.485959199652487961e-01
2.489714568461775523e-01
2.493469180000698338e-01
2.497223128730848285e-01
2.500976257292709670e-01
2.504727151409016361e-01
2.508481466271907934e-01
2.512228593796816956e-01
2.515956004532993728e-01
2.519661822823115460e-01
2.523444027920526689e-01
2.527293264504153480e-01
2.531151964582106784e-01
2.535009565770803830e-01
2.538843525776632859e-01
2.542709474055265817e-01
2.546582372679850326e-01
2.550454489738467334e-01
2.554321797634363511e-01
2.558134576064927113e-01
2.561955602341119964e-01
2.565801919586829238e-01
2.569762208407517234e-01
2.573778877853970526e-01
2.577826979975657018e-01
2.581944394556122679e-01
2.586078194314615497e-01
2.590245310065610318e-01
2.594508528698018512e-01
2.598824040775293276e-01
2.603195633229921091e-01
2.607617029975040635e-01
2.612182919782673474e-01
2.616800305498803714e-01
2.621439777293947393e-01
