9.864550368800862370e-07
1.001811130088727778e-06
7.548531674449357291e-04
1.508728249654170796e-03
2.262584745698518768e-03
3.016424349275392651e-03
3.770249179485236826e-03
4.524061466615521623e-03
5.277863555988165922e-03
6.031657906237357890e-03
6.785447080662404713e-03
7.539233726497518613e-03
8.293019517156587084e-03
9.046805382648995600e-03
9.800592131870476675e-03
1.055438046720812498e-02
1.130817099486604652e-02
1.206196423225958450e-02
1.281576061130017610e-02
1.356956047698394500e-02
1.432336542022602348e-02
1.507717721830406123e-02
1.583099745323485186e-02
1.658482747014686925e-02
1.733866834400291795e-02
1.809252085413211308e-02
1.884638546614003998e-02
1.960026232081390346e-02
2.035415122964040827e-02
2.110805167653942438e-02
2.186196267534367896e-02
2.261588343911545909e-02
2.336981233850434284e-02
2.412374767500281153e-02
2.487768750920786587e-02
2.563162969338146288e-02
2.638557205759688856e-02
2.713951388135828896e-02
2.789345451108517226e-02
2.864739335515600546e-02
2.940132988205486006e-02
3.015526362066742183e-02
3.090919416201321976e-02
3.166312116527952858e-02
3.241704393495764558e-02
3.317096063781414111e-02
3.392486960250438999e-02
3.467876936833758778e-02
3.543265872446539622e-02
3.618653674041689278e-02
3.694040278866735083e-02
3.769425655982189954e-02
3.844809807088266085e-02
3.920192766698592235e-02
3.995574601694482780e-02
4.070955395066164217e-02
4.146335305771717966e-02
4.221714471871724356e-02
4.297093074324202788e-02
4.372471316543481007e-02
4.447849420775171203e-02
4.523227540708291139e-02
4.598605744880113894e-02
4.673984095063954403e-02
4.749362646712948499e-02
4.824741449140641097e-02
4.900120545528106886e-02
4.975499972824731776e-02
5.050879760596607704e-02
5.126260044277548833e-02
5.201641000618444088e-02
5.277022788370386297e-02
5.352405543810131311e-02
5.427789377158162565e-02
5.503174369827373152e-02
5.578560572447748001e-02
5.653948003611895812e-02
5.729336649285785010e-02
5.804726434931873486e-02
5.880117347638906533e-02
5.955509241542194382e-02
6.030901977861707897e-02
6.106295390482973512e-02
6.181689288642479990e-02
6.257083460043988410e-02
6.332477674481755414e-02
6.407871846268495264e-02
6.483265908758555074e-02
6.558659801606779582e-02
6.634053470549731990e-02
6.709446867417899474e-02
6.784839950298350575e-02
6.860232684011657867e-02
6.935625018359709015e-02
7.011016775124173650e-02
7.086407784472324722e-02
7.161797896855601198e-02
7.237186987054895770e-02
7.312574957368245254e-02
7.387961740008121281e-02
7.463347298757552761e-02
7.538731629924104449e-02
7.614114740835833950e-02
7.689496737820836203e-02
7.764877688691824986e-02
7.840257716613906191e-02
7.915636973118291009e-02
7.991015635665597860e-02
8.066393904756742617e-02
8.141772000686840760e-02
8.217150101351003433e-02
8.292528276420606248e-02
8.367906588656193190e-02
8.443285094408171931e-02
8.518663843850218798e-02
8.594042881029741177e-02
8.669422243796755245e-02
8.744801963007300949e-02
8.820182149021073281e-02
8.895562980822493970e-02
8.970944620243290202e-02
9.046327207354720734e-02
9.121710856768543152e-02
9.197095654768089323e-02
9.272481657203551775e-02
9.347868888090657413e-02
9.423257315375795085e-02
9.498646953159220474e-02
9.574037697061386909e-02
9.649429442433293813e-02
9.724822054723705755e-02
9.800215371624593219e-02
9.875609205707183702e-02
9.951003347481857109e-02
1.002639756863754478e-01
1.010179175842289417e-01
1.017718584896872142e-01
1.025257977883519550e-01
1.032797349274744564e-01
1.040336694157110858e-01
1.047876008244232743e-01
1.055415287905668853e-01
1.062954529479060856e-01
1.070493716116115296e-01
1.078032830560374661e-01
1.085571857507409699e-01
1.093110784024821092e-01
1.100649599885537011e-01
1.108188297820913160e-01
1.115726873698441313e-01
1.123265324578569951e-01
1.130803657082897623e-01
1.138341874478619176e-01
1.145879985576259003e-01
1.153418002250211072e-01
1.160955939249465052e-01
1.168493813957571376e-01
1.176031646108319784e-01
1.183569457468090919e-01
1.191107268208927566e-01
1.198645085399965976e-01
1.206182915409726303e-01
1.213720763961442101e-01
1.221258636160127004e-01
1.228796536499970476e-01
1.236334468858535374e-01
1.243872436447526347e-01
1.251410447804997550e-01
1.258948521054105985e-01
1.266486672685230019e-01
1.274024917080423813e-01
1.281563266129541190e-01
1.289101728929669954e-01
1.296640311561221837e-01
-3.999985647183903481e-01
-3.999985491409497329e-01
-3.988860635161511903e-01
-3.977735260441203624e-01
-3.966609772234588882e-01
-3.955484182795083181e-01
-3.944358502787073117e-01
-3.933232745299841127e-01
-3.922106925600524208e-01
-3.910981060874690329e-01
-3.899855169944818623e-01
-3.888729272883650889e-01
-3.877603378053231520e-01
-3.866477492125676152e-01
-3.855351621128118023e-01
-3.844225770468608916e-01
-3.833099944943112458e-01
-3.821974148738845334e-01
-3.810848385382489822e-01
-3.799722657714297847e-01
-3.788596975508004561e-01
-3.777471353161390155e-01
-3.766345803395131919e-01
-3.755220336892740041e-01
-3.744094962020573236e-01
-3.732969661868039690e-01
-3.721844448516302695e-01
-3.710719333824370469e-01
-3.699594323610938540e-01
-3.688469423488152099e-01
-3.677344633883743996e-01
-3.666219918320016147e-01
-3.655095266182705194e-01
-3.643970662661666915e-01
-3.632846091029675595e-01
-3.621721532941744592e-01
-3.610596974525928093e-01
-3.599472409508793214e-01
-3.588347832165517115e-01
-3.577223237293425950e-01
-3.566098620206878955e-01
-3.554973976746382269e-01
-3.543849303296156550e-01
-3.532724596814024731e-01
-3.521599853355574239e-01
-3.510475058806761250e-01
-3.499350199429326902e-01
-3.488225263270194887e-01
-3.477100240491999283e-01
-3.465975123009086833e-01
-3.454849885471618642e-01
-3.443724534802708459e-01
-3.432599081067517766e-01
-3.421473537381656826e-01
-3.410347921194523679e-01
-3.399222226490967169e-01
-3.388096459823713436e-01
-3.376970634674124616e-01
-3.365844766647900221e-01
-3.354718873220781106e-01
-3.343592973402542134e-01
-3.332467076004997364e-01
-3.321341187231802161e-01
-3.310215312785205755e-01
-3.299089457869840980e-01
-3.287963627177254433e-01
-3.276837824857636861e-01
-3.265712054484538607e-01
-3.254586318955687285e-01
-3.243460626608249409e-01
-3.232334992052802169e-01
-3.221209428295130350e-01
-3.210083946364167273e-01
-3.198958555020312011e-01
-3.187833248666671060e-01
-3.176708026252290651e-01
-3.165582899125539140e-01
-3.154457875651544008e-01
-3.143332962587186974e-01
-3.132208156522172104e-01
-3.121083428625051615e-01
-3.109958766611427006e-01
-3.098834155990768946e-01
-3.087709580299747292e-01
-3.076585021376528895e-01
-3.065460463162625881e-01
-3.054335899281580002e-01
-3.043211323917101585e-01
-3.032086731783969480e-01
-3.020962118119718820e-01
-3.009837478689857959e-01
-2.998712809801609147e-01
-2.987588108324754632e-01
-2.976463371490838394e-01
-2.965338586007075783e-01
-2.954213737899936687e-01
-2.943088814918991547e-01
-2.931963806877767587e-01
-2.920838705918649691e-01
-2.909713487024316314e-01
-2.898588153656994071e-01
-2.887462717137310730e-01
-2.876337184035106520e-01
-2.865211574266470218e-01
-2.854085892161485338e-01
-2.842960136113862335e-01
-2.831834319284806667e-01
-2.820708457000111191e-01
-2.809582566498887712e-01
-2.798456666640811163e-01
-2.787330768191584318e-01
-2.776204877451758923e-01
-2.765079000212259941e-01
-2.753953141761177892e-01
-2.742827306870514459e-01
-2.731701499770125552e-01
-2.720575724115035787e-01
-2.709449982917587207e-01
-2.698324282482960634e-01
-2.687198637632834952e-01
-2.676073061656357166e-01
-2.664947565923461714e-01
-2.653822159578770323e-01
-2.642696840969445127e-01
-2.631571604144098409e-01
-2.620446460946893596e-01
-2.609337823178703997e-01
-2.598251801530686578e-01
-2.587114989154135625e-01
-2.575994406239056622e-01
-2.564969960981980934e-01
-2.553806972947670340e-01
-2.542658573877724093e-01
-2.531493601699119078e-01
-2.520363485263463210e-01
-2.509288133025465717e-01
-2.498130626172083424e-01
-2.487069291206905064e-01
-2.475987304834454672e-01
-2.465099782925728733e-01
-2.454012109553752874e-01
-2.442754328673782949e-01
-2.431558158324545471e-01
-2.420255385806704129e-01
-2.408938722210820782e-01
-2.397562469285434150e-01
-2.386076530713041322e-01
-2.374593104413930678e-01
-2.363111860090333083e-01
-2.351632442480481866e-01
-2.340154539108238174e-01
-2.328677855361046545e-01
-2.317315135430016160e-01
-2.305921726940967365e-01
-2.294404485551752582e-01
-2.282888084820900720e-01
-2.271372423418120401e-01
-2.259914250319506046e-01
-2.248411163897278964e-01
-2.237001957111207362e-01
-2.225622456937034477e-01
-2.214270172433788209e-01
-2.202986677101466673e-01
-2.191582984130754919e-01
-2.180227382392619928e-01
-2.168775990107004448e-01
-2.157152070497705687e-01
-2.145610626625085449e-01
-2.133975674137026379e-01
-2.122386031053073163e-01
-2.110804200159197841e-01
-2.099180495118050382e-01
-2.087350585070948672e-01
-2.075449346631736691e-01
-2.063641643039512696e-01
-2.051702608986240850e-01
-2.039683160167811149e-01
-2.027483779190359936e-01
-2.015199312690791056e-01
-2.002825821846245247e-01
-1.990320766560894628e-01
-1.977696870055022926e-01
-1.964797646391068520e-01
-1.951749804527105892e-01
-1.938456474789967965e-01
-1.925011340605560228e-01
-1.911446653902041659e-01
-1.897879958884740037e-01
-1.884231340356184448e-01
-1.870729647591434786e-01
-1.857319440421852930e-01
-1.843937048235694265e-01
-1.830589048003563868e-01
-1.817020314322739249e-01
-1.803440151653493417e-01
-1.789807610105637048e-01
-1.776184570388544548e-01
-1.762619294298744532e-01
-1.748880512555555933e-01
-1.734918691123825130e-01
-1.720927256893249879e-01
-1.706885670547503009e-01
-1.692875655917123190e-01
-1.678834695863406778e-01
-1.664795721726765876e-01
-1.650758328969331723e-01
-1.636722153660462586e-01
-1.622686907491528441e-01
-1.608652397302178239e-01
-1.594618437809349476e-01
-1.580584875383682086e-01
-1.566551587171807758e-01
-1.552518479546352581e-01
-1.538485483813218369e-01
-1.524452551488175989e-01
-1.510419650029231897e-01
-1.496386759098467245e-01
-1.482353869121526557e-01
-1.468320980558429356e-01
-1.454288097776069433e-01
-1.440255257339984052e-01
-1.426222484667725166e-01
-1.412189724153711523e-01
-1.398156987510766613e-01
-1.384124284146021622e-01
-1.370091623000551373e-01
-1.356059002935076641e-01
-1.342026426952574181e-01
-1.328020445699980012e-01
-1.314016160181207538e-01
-1.299977375901699428e-01
-1.286105114309933906e-01
-1.272214258342210247e-01
-1.258327508756544866e-01
-1.244285031229123012e-01
-1.230441982077558338e-01
-1.216434713068204332e-01
-1.202235132117308591e-01
-1.188037267641592343e-01
-1.173841010127721907e-01
-1.159646153206297797e-01
-1.145452515694869861e-01
-1.131259893727856874e-01
-1.117068080837707589e-01
-1.102944033211374630e-01
-1.088894640670684949e-01
-1.074782460976015375e-01
-1.060559544989096159e-01
-1.046413996132546653e-01
-1.032171066159327938e-01
-1.017980061481190135e-01
-1.003790412338804172e-01
-9.896771271059058572e-02
-9.755761055476049048e-02
-9.614991738747497019e-02
-9.473379913115821671e-02
-9.331737924520565330e-02
-9.188692637113361761e-02
-9.044720235537938302e-02
-8.900624235704267251e-02
-8.757992011941452548e-02
-8.614715461965462284e-02
-8.471157948690213879e-02
-8.329269901073226012e-02
-8.186838003423410615e-02
-8.043471369862081888e-02
-7.899643411966981998e-02
-7.756149398879647050e-02
-7.610802263810875767e-02
-7.465576351447036907e-02
-7.320276579916243365e-02
-7.174112374347511867e-02
-7.028666421394315356e-02
-6.880849365266038242e-02
-6.734632620756066113e-02
-6.589156259177805786e-02
-6.444102756434789969e-02
-6.298014006278489230e-02
-6.150598175007023632e-02
-6.001342799479737755e-02
-5.851643926953881830e-02
-5.701970253466887018e-02
-5.552317998235940799e-02
-5.402683217462383308e-02
-5.253062675615717547e-02
-5.103453414595931353e-02
-4.953852871159650922e-02
-4.804258867747780715e-02
-4.654669599733420038e-02
-4.505083606595512019e-02
-4.355499734187015526e-02
-4.205917051940141760e-02
-4.056334392080655771e-02
-3.906751136639538546e-02
-3.757166991976326059e-02
-3.607581774086755094e-02
-3.457995570872152147e-02
-3.308408754581170647e-02
-3.158821275803090634e-02
-3.009233134232533122e-02
-2.859644368773175266e-02
-2.710055049764173787e-02
-2.560465272908594991e-02
-2.410874983382023384e-02
-2.261283768857337562e-02
-2.111691592603045717e-02
-1.962098538418589541e-02
-1.812505037793407658e-02
-1.662911423625309040e-02
-1.513317811795177222e-02
-1.363724275310377806e-02
-1.214130872413321169e-02
-1.064537654455749091e-02
-9.149446661648212228e-03
-7.653519457785076460e-03
-6.157595247768334577e-03
-4.661674673525070117e-03
-3.165758792918191029e-03
-1.669852858114845122e-03
-1.739567447866769247e-04
1.321932207246311096e-03
2.817818205591721310e-03
4.313700720129780633e-03
5.809579418641856903e-03
7.305454181324837377e-03
8.801325108901874097e-03
1.029719252486920728e-02
1.179305656474854448e-02
1.328891258228224320e-02
1.478475987458790185e-02
1.628059873627557205e-02
1.777642917334568140e-02
1.927225785128024865e-02
2.076808630732614180e-02
2.226391543933558745e-02
2.375974573344028645e-02
2.525557762996096661e-02
2.675141152362757457e-02
2.824724776301935913e-02
2.974308664716014683e-02
3.123892874855499491e-02
-3.246856429783118820e-06
-3.262754920139602329e-06
-2.562601834779456352e-03
-5.122201861981026325e-03
-7.681797346632089976e-03
-1.024138848080279225e-02
-1.280097597410881187e-02
-1.536056041560246270e-02
-1.792014228763738962e-02
-2.047972198859354317e-02
-2.303929985114473375e-02
-2.559887703343486157e-02
-2.815845352577263025e-02
-3.071802947572348577e-02
-3.327760499528764626e-02
-3.583718016866986600e-02
-3.839675505878456518e-02
-4.095632971398444760e-02
-4.351590570379428730e-02
-4.607548463104724906e-02
-4.863506366662979225e-02
-5.119464278905616617e-02
-5.375422197209313996e-02
-5.631380118584367045e-02
-5.887338039741661644e-02
-6.143295957124744050e-02
-6.399253866928096557e-02
-6.655211765117020895e-02
-6.911169647453999088e-02
-7.167127509525766937e-02
-7.423085346760686931e-02
-7.679043131937876576e-02
-7.935000907856849806e-02
-8.190958644270883438e-02
-8.446916335901172301e-02
-8.702873977452955934e-02
-8.958831663470868956e-02
-9.214789354596024384e-02
-9.470747047501679172e-02
-9.726704738713598530e-02
-9.982662424734632667e-02
-1.023862010218175023e-01
-1.049457776793955577e-01
-1.075053588205265170e-01
-1.100649400361610603e-01
-1.126245211997697615e-01
-1.151841021921404806e-01
-1.177436829034402138e-01
-1.203032632346271169e-01
-1.228628430983108588e-01
-1.254224224193697668e-01
-1.279820011355311538e-01
-1.305415791979266660e-01
-1.331011565714525224e-01
-1.356607332346935479e-01
-1.382203088011269010e-01
-1.407798840760019210e-01
-1.433394586477605981e-01
-1.458990325381039066e-01
-1.484586057782101842e-01
-1.510181791856156641e-01
-1.535777526655830727e-01
-1.561373262134733153e-01
-1.586968998193720448e-01
-1.612564734693744950e-01
-1.638160471470591906e-01
-1.663756208352378529e-01
-1.689351945179370373e-01
-1.714947727911045883e-01
-1.740543512978453555e-01
-1.766139299920192196e-01
-1.791735088282729038e-01
-1.817330877614610762e-01
-1.842926667461548262e-01
-1.868522457364039102e-01
-1.894118246858930987e-01
-1.919714035483620629e-01
-1.945309822779597020e-01
-1.970905603081792856e-01
-1.996501387000469974e-01
-2.022097168195289008e-01
-2.047692946148355342e-01
-2.073288720324487633e-01
-2.098884490179702689e-01
-2.124480255171711240e-01
-2.150076023727255647e-01
-2.175671792870788601e-01
-2.201267562258394928e-01
-2.226863331525194556e-01
-2.252459100300129025e-01
-2.278054868224411722e-01
-2.303650634971869393e-01
-2.329246446079062671e-01
-2.354842258070367900e-01
-2.380438069690515579e-01
-2.406033879750415772e-01
-2.431629687144633845e-01
-2.457225490867034901e-01
-2.482821290025093997e-01
-2.508417083853123897e-01
-2.534012871722788329e-01
-2.559608653148354174e-01
-2.585204423521479944e-01
-2.610800191673889326e-01
-2.636395952709947865e-01
-2.661991706621169018e-01
-2.687587453503478829e-01
-2.713183193554047912e-01
-2.738778927068014069e-01
-2.764374661156883684e-01
-2.789970395975292505e-01
-2.815566131474023792e-01
-2.841161867545707875e-01
-2.866757604041518248e-01
-2.892353340790603800e-01
-2.917949077620892173e-01
-2.943544814379004393e-01
-2.969140596564333601e-01
-2.994736381134229242e-01
-3.020332167639103726e-01
-3.045927955629673112e-01
-3.071523744654440224e-01
-3.097119534260745488e-01
-3.122715323997778958e-01
-3.148311113419826612e-01
-3.173906902087160198e-01
-3.199502685374578381e-01
-3.225098471737534722e-01
-3.250694255995968951e-01
-3.276290037647791031e-01
-3.301885816169980448e-01
-3.327481591023588869e-01
-3.353077361660903311e-01
-3.378673127533552978e-01
-3.404268896050190452e-01
-3.429864665201662888e-01
-3.455460434639407441e-01
-3.481056203993447840e-01
-3.506651972888727431e-01
-3.532247740964288840e-01
-3.557843507893012625e-01
-3.583439304849818097e-01
-3.609035116725188286e-01
-3.634630928418001172e-01
-3.660226738729602247e-01
-3.685822546540791778e-01
-3.711418350830223423e-01
-3.737014150691367331e-01
-3.762609945346563345e-01
-3.788205734156243620e-01
-3.813801516621529442e-01
-3.839397289163125060e-01
-3.864993058374846524e-01
-3.890588820504967682e-01
-3.916184575523593003e-01
-3.941780323507280137e-01
-3.967376064635805832e-01
-3.992971799188302917e-01
-4.018567527538067785e-01
-4.044163262312755469e-01
-4.069758997782585430e-01
-4.095354733843764028e-01
-4.120950470348643258e-01
-4.146546207125619832e-01
-4.172141944000546943e-01
-4.197737680816968631e-01
-4.223333462628312551e-01
-4.248929246886151145e-01
-4.274525033142671515e-01
-4.300120820949303591e-01
-4.325716609854604600e-01
-4.351312399406138676e-01
-4.376908189154387618e-01
-4.402503978656538419e-01
-4.428099767477282622e-01
-4.453695550863028818e-01
-4.479291337562486541e-01
-4.504887122240969766e-01
-4.530482904398369093e-01
-4.556078683513725691e-01
-4.581674459049970283e-01
-4.607270230460415728e-01
-4.632865997195925734e-01
-4.658461765670976473e-01
-4.684057534831048697e-01
-4.709653304329023404e-01
-4.735249073794193242e-01
-4.760844842848907521e-01
-4.786440611128080502e-01
-4.812036378299098804e-01
-3.999972713416471426e-01
-3.999972553655454233e-01
-3.978504508210846669e-01
-3.957034535998370517e-01
-3.935564685069711244e-01
-3.914094944864599523e-01
-3.892625299044509823e-01
-3.871155731283186241e-01
-3.849686225210352530e-01
-3.828216766159878715e-01
-3.806747337764778694e-01
-3.785277923404676836e-01
-3.763808516460859788e-01
-3.742339111241917982e-01
-3.720869702847910965e-01
-3.699400287066471615e-01
-3.677930860294578719e-01
-3.656461419483554298e-01
-3.634991962082990136e-01
-3.613522440506314326e-01
-3.592052894015458353e-01
-3.570583316631473769e-01
-3.549113702330803921e-01
-3.527644045378436344e-01
-3.506174340202106721e-01
-3.484704582595265498e-01
-3.463234770164565490e-01
-3.441764902421959316e-01
-3.420294980830083653e-01
-3.398825008805108627e-01
-3.377354995334622689e-01
-3.355884939665045308e-01
-3.334414854894824920e-01
-3.312944751378930630e-01
-3.291474638656804452e-01
-3.270004523196189949e-01
-3.248534407705105931e-01
-3.227064295995767940e-01
-3.205594191638702073e-01
-3.184124097953142107e-01
-3.162654017986312738e-01
-3.141183954484940699e-01
-3.119713909861865364e-01
-3.098243886160768068e-01
-3.076773836380250482e-01
-3.055303813252990275e-01
-3.033833824725661321e-01
-3.012363877696410119e-01
-2.990893979073140918e-01
-2.969424135261948261e-01
-2.947954350885093611e-01
-2.926484628619713257e-01
-2.905014969111330836e-01
-2.883545370934353924e-01
-2.862075835176649541e-01
-2.840606346952779804e-01
-2.819136903808162620e-01
-2.797667496524563480e-01
-2.776198115400577704e-01
-2.754728749775547936e-01
-2.733259385106410200e-01
-2.711790017660778429e-01
-2.690320644032634378e-01
-2.668851261124617347e-01
-2.647381866141274576e-01
-2.625912456588466726e-01
-2.604443030275754301e-01
-2.582973585320047505e-01
-2.561504088189131001e-01
-2.540034552128695999e-01
-2.518564984921912719e-01
-2.497095380650465046e-01
-2.475625733962217856e-01
-2.454156039466183770e-01
-2.432686292799373651e-01
-2.411216491353445346e-01
-2.389746634375681800e-01
-2.368276728653801733e-01
-2.346806765048587151e-01
-2.325336755014308365e-01
-2.303866705453414543e-01
-2.282396625064312679e-01
-2.260926524127049864e-01
-2.239456412255104722e-01
-2.217986296881532537e-01
-2.196516180799295281e-01
-2.175046067884456036e-01
-2.153575961769411407e-01
-2.132105865835117464e-01
-2.110635783190049075e-01
-2.089165716640159209e-01
-2.067695668654153107e-01
-2.046225641328475175e-01
-2.024755588095142056e-01
-2.003285560165328216e-01
-1.981815565612152774e-01
-1.960345611508684249e-01
-1.938875704771409747e-01
-1.917405851938010497e-01
-1.895936057932511298e-01
-1.874466325748172513e-01
-1.852996656353241012e-01
-1.831527052746005912e-01
-1.810057503354582653e-01
-1.788588007455503281e-01
-1.767118557943068158e-01
-1.745649145867103069e-01
-1.724179761352309104e-01
-1.702710394883268918e-01
-1.681241029944161580e-01
-1.659771662755808730e-01
-1.638302289871703121e-01
-1.616832908157955495e-01
-1.595363514783456338e-01
-1.573894107216063654e-01
-1.552424683222651536e-01
-1.530955240872141632e-01
-1.509485764346357173e-01
-1.488016232227683810e-01
-1.466546669983622431e-01
-1.445077071551869319e-01
-1.423607431630185549e-01
-1.402137744751563997e-01
-1.380668006277473714e-01
-1.359198213296709534e-01
-1.337728364736615050e-01
-1.316258466582208297e-01
-1.294788510401913839e-01
-1.273318506824341056e-01
-1.251848462465074696e-01
-1.230378385755120096e-01
-1.208908286798766607e-01
-1.187438175362916376e-01
-1.165968059784496247e-01
-1.144497942864387691e-01
-1.123027828525294258e-01
-1.101557720446816602e-01
-1.080087622058906877e-01
-1.058617536520833485e-01
-1.037147466690679642e-01
-1.015677415090381064e-01
-9.942073838711923406e-02
-9.727373268917906268e-02
-9.512672938903886377e-02
-9.297972930680301062e-02
-9.083273316659572216e-02
-8.868574165855545866e-02
-8.653875544727139546e-02
-8.439177505399209078e-02
-8.225636585654252930e-02
-8.012705707808491506e-02
-7.800079885003287361e-02
-7.586609808566852076e-02
-7.373938728524519204e-02
-7.160390683932875422e-02
-6.946721970009839264e-02
-6.731462963566701985e-02
-6.515979681454936445e-02
-6.300504199275799855e-02
-6.085035485031718705e-02
-5.869572561746042028e-02
-5.654114455748657925e-02
-5.438660249048091894e-02
-5.223623471662713208e-02
-5.009934988714744714e-02
-4.794521126619911977e-02
-4.582699403457347193e-02
-4.368499464610563210e-02
-4.152565763454373754e-02
-3.937333712292161170e-02
-3.724772552835693695e-02
-3.513793607847846834e-02
-3.301640792271581804e-02
-3.090588968768908512e-02
-2.879286302831063349e-02
-2.667503268044448678e-02
-2.455450254878162319e-02
-2.243345284183690183e-02
-2.029791560256856767e-02
-1.812902857645697086e-02
-1.598224944516146023e-02
-1.383287344789369336e-02
-1.169510257313572527e-02
-9.559923359904845194e-03
-7.428536935875175440e-03
-5.275375657567965906e-03
-3.117596446687574338e-03
-9.726446819329295519e-04
1.154412207601523922e-03
3.280631367628303232e-03
5.424016747222343282e-03
7.569299141440573482e-03
9.750528963072236169e-03
1.190820973976413656e-02
1.408199740168034064e-02
1.628408503680654415e-02
1.849004459024332706e-02
2.068841091102558913e-02
2.292960154172797929e-02
2.517210366698226232e-02
2.741437429966973871e-02
2.965644923645714345e-02
3.189836126772477992e-02
3.414013927524096187e-02
3.638180780497281969e-02
3.862338724110624122e-02
4.085654450878998395e-02
4.308363316925878372e-02
4.531754888613610116e-02
4.752547908786824982e-02
4.972713486235451341e-02
5.190498352826970058e-02
5.407707357346898391e-02
5.623108283794602674e-02
5.837218699330436189e-02
6.050728259962690619e-02
6.263356912131239074e-02
6.476983084489047748e-02
6.690737658861471704e-02
6.904236280368107603e-02
7.118292223095568083e-02
7.331869108485128406e-02
7.546501899106081157e-02
7.764253780767334245e-02
7.980201245564043366e-02
8.198400692099715170e-02
8.416036209172650384e-02
8.635081184073974125e-02
8.854318578996138445e-02
9.073101594220167598e-02
9.290966755895378737e-02
9.506365050776417747e-02
9.723671228767882813e-02
9.942092847989575377e-02
1.016268022825942002e-01
1.038616123368258787e-01
1.061041106478368967e-01
1.083948363705383583e-01
1.106849425365477729e-01
1.130014957786825563e-01
1.153346832870541377e-01
1.176556942975013342e-01
1.200042867139887448e-01
1.223445603290229389e-01
1.246941734277926678e-01
1.270018883436453416e-01
1.292801023817315431e-01
1.315810048528937293e-01
1.338754449541450786e-01
1.361659950904900995e-01
1.384787154084310412e-01
1.408001758153614447e-01
1.431245499616625172e-01
1.454768647586129338e-01
1.478196258886879666e-01
1.501464179655716824e-01
1.524740734338221604e-01
1.547648973675429807e-01
1.570099728831231001e-01
1.592219661596835090e-01
1.613668007078924715e-01
1.635170251041142275e-01
1.655992351484290304e-01
1.676766362440926805e-01
1.697787846407401713e-01
1.718989884192253514e-01
1.740008116861061771e-01
1.761550175386180639e-01
1.783243612216514618e-01
1.805007056427214152e-01
1.826855569448030403e-01
1.848217054140246507e-01
1.868900963129309645e-01
1.889304210478639501e-01
1.909670397804248132e-01
1.930614539420222597e-01
1.951718584353318020e-01
1.972660012356441117e-01
1.993993418103463255e-01
2.015550525795184733e-01
2.037721048208835373e-01
2.059774998958815717e-01
2.081974663912466994e-01
2.103880484476546020e-01
2.125808944824417179e-01
2.147793371023938858e-01
2.169518735261586340e-01
2.191510196320762549e-01
2.213428842345620540e-01
2.234959699879913997e-01
2.256301970818820890e-01
2.277104071932467000e-01
2.297891725482920644e-01
2.318735424527315347e-01
2.339240656336913360e-01
2.359353834639972003e-01
2.379675729277628826e-01
2.400257295098274790e-01
2.420041104645257457e-01
2.439567799023402428e-01
2.459129839414799235e-01
2.478761320998431050e-01
2.498223537627082824e-01
2.517957011469228457e-01
2.537722565621313153e-01
2.557088333499556443e-01
2.576772226947702804e-01
2.596359629307494199e-01
2.616165109542124556e-01
2.635664378560843568e-01
2.655546187216488718e-01
2.675154335952990015e-01
2.694665565096305282e-01
2.713877893795645924e-01
2.732983882918783580e-01
2.751532601968345038e-01
2.769659970243133484e-01
2.787698656776158579e-01
2.805284496204017430e-01
2.822400084623155059e-01
2.839510373968775481e-01
2.856219477029534604e-01
2.872725305629507675e-01
2.889202273772562002e-01
2.905412774408324128e-01
2.921311079077683059e-01
2.937169936059483288e-01
2.952875335763601727e-01
2.967877856723034613e-01
2.982505147478504703e-01
2.997340716048965126e-01
3.011932452776890923e-01
3.026407100959706553e-01
3.040217038587333942e-01
3.054052679553020955e-01
3.067245636786607443e-01
3.080417562688040345e-01
3.093569580442596667e-01
3.106040928596210393e-01
3.118567198099305160e-01
3.130895236687350480e-01
3.142841663113066786e-01
3.154976279496466973e-01
3.167099345894394125e-01
3.178553918802665690e-01
3.189928280926224158e-01
3.201337415452295554e-01
3.212659086951708542e-01
3.224326295097071915e-01
3.235934625187370517e-01
3.247411269121868171e-01
3.258624496690542549e-01
3.270385349698069488e-01
3.281770322737090906e-01
3.292839401305590608e-01
3.303488851487558220e-01
3.313788051888796882e-01
3.323735781521161559e-01
3.333249121290755013e-01
3.342492958969852657e-01
3.351459829642647881e-01
3.360168482035924553e-01
3.368709687850132140e-01
3.377111544895629591e-01
3.385267208688672591e-01
3.393347613675286034e-01
3.401265201055100884e-01
3.409098663367245985e-01
3.416701299617119769e-01
3.424026528226559174e-01
3.431064487548051711e-01
3.437800829351743692e-01
3.444399281065777529e-01
3.450728860235370843e-01
3.456795575829373912e-01
3.462666679422837790e-01
3.468271290355428582e-01
3.473728650586515587e-01
3.479044934253243682e-01
3.484170150698133739e-01
3.489182886331985700e-01
3.493944968481115243e-01
3.498530987429008254e-01
3.502957863699087127e-01
3.507229998533688553e-01
3.511399894929384535e-01
3.515464390225693236e-01
3.519359260072973949e-01
3.523119005933090242e-01
3.526737968518226518e-01
3.530187488809045093e-01
3.533468735467026889e-01
3.536586086683294328e-01
3.539535168111305752e-01
3.542300482192134448e-01
3.544921162742342147e-01
3.547377688523558614e-01
3.549668137025801529e-01
3.551798847334335929e-01
3.553774531734001929e-01
3.555574230125905788e-01
3.557189130836993507e-01
3.558632009879370006e-01
3.559909955341940546e-01
3.561018056775969165e-01
3.561941169726109968e-01
3.562672194845082352e-01
3.563216732629058137e-01
3.563573623747570140e-01
3.563726234290865991e-01
3.563656739522216843e-01
3.563368447793130445e-01
3.562876657231121569e-01
3.562213027153365852e-01
3.561403251964644356e-01
3.560423951860477443e-01
3.559312813373212703e-01
3.558044594541006633e-01
3.556602134212066280e-01
3.554974873422464543e-01
3.553165088725521170e-01
3.551204627750261800e-01
3.549066124494185126e-01
3.546773206887399166e-01
3.544330237892914792e-01
3.541661358617312350e-01
3.538857814381997646e-01
3.535873424772645324e-01
3.532691339427140309e-01
3.529363597805654229e-01
3.525797692772018599e-01
3.522025440382366424e-01
3.518118319985424347e-01
3.514009354938862906e-01
3.509767508651184809e-01
3.505254344452612414e-01
3.500549054498512946e-01
3.495630822690810047e-01
3.490498587459613944e-01
3.485204903557584943e-01
3.479786175352218014e-01
3.474223609095506426e-01
3.468487376713329517e-01
3.462733427284134802e-01
3.456786412358309746e-01
3.450590251545259113e-01
3.444306975581900576e-01
3.437869437827932861e-01
3.431318144718338292e-01
3.424668596161334344e-01
3.417820594655258115e-01
3.410754483847345808e-01
3.403497464126575833e-01
3.396181081671584834e-01
3.388850940909163278e-01
3.381460442669895761e-01
3.373929860071550046e-01
3.366161994391077550e-01
3.358274406187895522e-01
3.350293656555655142e-01
3.342035140125916293e-01
3.333568867113751444e-01
3.325002677805817819e-01
3.316180953638996898e-01
3.307144686425240732e-01
3.297926710677188678e-01
3.288616054115241494e-01
3.279228705226562846e-01
3.269717457243478953e-01
3.260106361735530256e-01
3.250468550891745800e-01
3.240620392402848160e-01
3.230764763872358003e-01
3.220661311541118677e-01
3.210591297673767719e-01
3.200382800761347180e-01
3.189929675556306132e-01
3.179440133747580277e-01
3.168885461225939837e-01
3.158141183654046280e-01
3.147177683228563061e-01
3.136125896414191372e-01
3.124941136238472694e-01
3.113649622244206716e-01
3.102182539561714747e-01
3.090508397329733148e-01
3.078651448921137512e-01
3.066569940113542669e-01
3.054471236637883447e-01
3.042244781799928188e-01
3.029892617972641533e-01
3.017421242639257706e-01
3.004735039747930547e-01
2.991916288847072947e-01
2.979145461397882388e-01
2.966305496016953813e-01
2.953157093567544411e-01
2.939574562910879374e-01
2.926000646207899680e-01
2.912507714140726289e-01
2.898952303436428957e-01
2.885101270914333660e-01
2.870950867888836799e-01
2.856722685473518930e-01
2.842316542832630799e-01
2.827620018453131934e-01
2.812755983135928894e-01
2.797870332894933920e-01
2.782908612126230308e-01
2.767852808804218689e-01
2.752692902570522127e-01
2.737449431809743650e-01
2.721984094459197201e-01
2.706258493524744679e-01
2.690464661119629786e-01
2.674597031132793790e-01
2.658573528680754361e-01
2.642445495983721249e-01
2.626115470190424905e-01
2.609818077439288175e-01
2.593573344130556957e-01
2.577071985447365043e-01
2.560448175732953358e-01
2.543673569969126524e-01
2.526940592318603906e-01
2.510267877708354800e-01
2.493273750365607166e-01
2.476167575329040471e-01
2.458928386694098911e-01
2.441549655609336622e-01
2.424005937887821760e-01
2.406332581381717961e-01
2.388360170000362881e-01
2.370352055411557302e-01
2.352313864537766419e-01
2.334103929993167903e-01
2.315653772865266524e-01
2.297250032177003964e-01
2.278905680914886933e-01
2.260453441771048677e-01
2.242003800663028290e-01
2.223556145774848447e-01
2.205109956710319119e-01
2.186664827563770674e-01
2.168220424017287817e-01
2.149776483474146460e-01
2.131332810447477133e-01
2.112889364489558275e-01
2.094446051783799279e-01
2.076002813570957117e-01
2.057739914445088913e-01
2.039513459647390170e-01
2.021276032290662550e-01
2.002790750965181554e-01
1.984284997126200822e-01
1.965779914790193317e-01
1.947323676695338623e-01
1.928996504571116044e-01
1.910712938070743827e-01
1.892517562781058094e-01
1.874475729347469255e-01
1.856231931801725910e-01
1.838242871932168343e-01
1.820431283945911638e-01
1.802963255358965289e-01
1.785004725391587110e-01
1.766795574551099923e-01
1.748588399653473735e-01
1.730384415465864578e-01
1.712088596281478026e-01
1.693385114083133802e-01
1.674763382815984691e-01
4.000027498103770895e-01
4.000027658259284191e-01
4.019031924170915482e-01
4.037616350255991415e-01
4.056317396300061495e-01
4.074935437147079176e-01
4.093432653750472827e-01
4.112231728173537659e-01
4.130932552638004740e-01
1.957734300835575373e-06
1.973503289741757554e-06
1.313483460769743812e-03
2.635775416845722360e-03
3.933776441279223171e-03
5.166993769385932501e-03
6.368350136985403108e-03
7.562539891158205456e-03
8.715263002593275424e-03
9.872579196201573468e-03
1.102630116611663311e-02
1.215176095819021571e-02
1.324808823536006638e-02
1.430271628746144878e-02
1.535349095532999308e-02
1.638825857125722485e-02
1.738542963061539062e-02
1.834570461926091078e-02
1.928402643914798806e-02
2.025202211888564585e-02
2.117788479536167334e-02
2.205985613455779121e-02
2.293599703699088221e-02
2.378711341774257873e-02
2.461710570806634191e-02
2.542132267701202944e-02
2.620001642102108216e-02
2.695757995053915321e-02
2.770270275705783575e-02
2.839735275193949401e-02
2.908956777998177728e-02
2.977825622524665761e-02
3.044479459880319525e-02
3.108653725413232718e-02
3.171000924370539348e-02
3.231243374974655108e-02
3.288528058118914826e-02
3.342943551167915778e-02
3.395127139954740719e-02
3.445808785138457925e-02
3.495139626114843884e-02
3.543351337256377132e-02
3.589850534354669526e-02
3.635196292195475715e-02
3.678869942140205324e-02
3.720695957632708800e-02
3.761554882149075602e-02
3.801322729876811801e-02
3.840094716959735477e-02
3.877372365713453728e-02
3.913482772441389396e-02
3.948163692929905488e-02
3.981872027608505255e-02
4.013909785969788091e-02
4.044466029080211189e-02
4.073376207871054477e-02
4.100283894947721886e-02
4.125284442552113601e-02
4.149156264822725926e-02
4.170868386563861968e-02
4.191684376600303408e-02
4.210590646496887440e-02
4.227698872129330432e-02
4.243222375507589572e-02
4.256962001167392817e-02
4.268346312677027965e-02
4.277967957237587687e-02
4.285820762684600799e-02
4.291984932414347892e-02
4.296099935636598505e-02
4.298189709919127827e-02
4.298142820697321842e-02
4.295956915084858663e-02
4.291641057726131026e-02
4.285321805040828713e-02
4.277216278500492463e-02
4.266876077304864595e-02
4.254612029186000816e-02
4.240835203489492361e-02
4.225700889239926428e-02
4.208717204450636296e-02
4.189899695488343706e-02
4.169508645621420456e-02
4.147262110313761074e-02
4.123484910119951802e-02
4.098632299244012872e-02
4.073218485477322903e-02
4.046547267165558764e-02
4.019265740216992899e-02
3.990276838627910411e-02
3.960047520035147456e-02
3.929155570729472857e-02
3.898059603926664479e-02
3.866342385401982940e-02
3.833824360046401286e-02
3.801751415142399365e-02
3.768758519956517949e-02
3.736023434748286798e-02
3.702319929007184124e-02
3.668101555633414279e-02
3.633870690121058372e-02
3.598948373597610217e-02
3.563718186365434637e-02
3.527938440533958525e-02
3.491420492703165013e-02
3.453727614797719864e-02
3.414346789932318910e-02
3.373996953263438264e-02
3.331957105330139030e-02
3.289550047464224330e-02
3.246940321354510606e-02
3.203398888522576010e-02
3.159080505020062102e-02
3.116348309459659321e-02
3.072742222759181074e-02
3.027576426787283517e-02
2.982366922620563118e-02
2.936964539003053543e-02
2.891090350911996662e-02
2.845130881986264113e-02
2.798304279030343344e-02
2.752716130957494692e-02
2.706584162575201291e-02
2.659075612842505890e-02
2.610272707546864093e-02
2.560617076198054912e-02
2.508830805124360672e-02
2.456507682931461517e-02
2.404219963499774904e-02
2.349822008442182739e-02
2.295554597084723328e-02
2.240876344439865844e-02
2.184554040403264424e-02
2.129674749594874170e-02
2.075108570039169847e-02
2.019042800061141008e-02
1.962212832400857601e-02
1.904525951900597550e-02
1.847417474894363920e-02
1.788782932722544905e-02
1.730498394358863032e-02
1.669605343595154112e-02
1.608402889793690213e-02
1.548491606710985201e-02
1.486253300125543395e-02
1.423495056804221365e-02
1.363899342556862924e-02
1.304813771571681179e-02
1.243996590169219214e-02
1.182508849371902496e-02
1.117448311297562433e-02
1.053959969998025104e-02
9.910363451346449956e-03
9.275262396114317826e-03
8.628903626080743072e-03
7.947250008025119952e-03
7.237082026997068360e-03
6.512966903401994946e-03
5.791571395197124723e-03
5.058814434466854006e-03
4.321616591497233484e-03
3.595567900134393272e-03
2.848876714185353837e-03
2.080537006970712560e-03
1.288452147281800731e-03
4.845186349042969682e-04
-3.388663403595817232e-04
-1.173050549196709078e-03
-2.012885768985448950e-03
-2.854312131926957114e-03
-3.672948225109588186e-03
-4.494458547999559579e-03
-5.325218569317937030e-03
-6.157870310755707809e-03
-6.988879535434084148e-03
-7.849803558695515882e-03
-8.731525825680789762e-03
-9.608150824509121765e-03
-1.051514720244080270e-02
-1.143294321679935374e-02
-1.235680717032665993e-02
-1.327439086549709983e-02
-1.419301341862729861e-02
-1.513661898531518633e-02
-1.609743989892483892e-02
-1.702551556868801136e-02
-1.794969482635666927e-02
-1.887861509728333553e-02
-1.979477707621017657e-02
-2.068093199759036410e-02
-2.155861689283735880e-02
-2.246465103259315602e-02
-2.338583200517531033e-02
-2.430182471173748804e-02
-2.522139209560571652e-02
-2.613279496830653650e-02
-2.706179326805184526e-02
-2.802059295919955353e-02
-2.897404486442571592e-02
-2.993612618708181919e-02
-3.092703327338344049e-02
-3.193266487551204430e-02
-3.294200090838782236e-02
-3.397131183963661427e-02
-3.500643678194950009e-02
-3.603884128494416056e-02
-3.708500716920249546e-02
-3.813401656037929133e-02
-3.919842263408594013e-02
-4.028703433099079662e-02
-4.136726313208450440e-02
-4.245002955595397059e-02
-4.349983033540665706e-02
-4.456160660479459995e-02
-4.560215858010096407e-02
-4.663824615168025989e-02
-4.771691079887591114e-02
-4.878427693053118824e-02
-4.987119114059704317e-02
-5.098668621178665400e-02
-5.210795737568066355e-02
-5.325052415964958569e-02
-5.436431962439582100e-02
-5.545191695014935890e-02
-5.652525201658193527e-02
-5.758949957757575344e-02
-5.867323357518430121e-02
-5.979433547773592428e-02
-6.090026084192276534e-02
-6.200602751958144560e-02
-6.310625260977513473e-02
-6.416441054889669704e-02
-6.520130613971038269e-02
-6.617531293314221630e-02
-6.713949656212719885e-02
-6.808960171045717880e-02
-6.902226083455982597e-02
-6.998394405893948456e-02
-7.094571972679433736e-02
-7.192023518047845065e-02
-7.290306497906054450e-02
-7.388158379234416318e-02
-7.487215353638360105e-02
-7.587872041472709661e-02
-7.690225038072366626e-02
-7.790673085638720463e-02
-7.891185481625753728e-02
-7.995758046138655428e-02
-8.099781878863143714e-02
-8.203719749563240238e-02
-8.307003148202311837e-02
-8.413430227543135242e-02
-8.520897908745052318e-02
-8.630669258251773279e-02
-8.738999779639546051e-02
-8.850435753162580466e-02
-8.964297809766366698e-02
-9.078249480990897846e-02
-9.197373859002402896e-02
-9.315966738518892398e-02
-9.433822638385566672e-02
-9.555741255596326977e-02
-9.679250935070800310e-02
-9.803186844682391932e-02
-9.922855493881367617e-02
-1.003773118171094048e-01
-1.015311814996664730e-01
-1.026723791607991459e-01
-1.038490705862327029e-01
-1.050465140985760298e-01
-1.062274417512329844e-01
-1.074095793562981627e-01
-1.085759873663282998e-01
-1.097613222269663985e-01
-1.109888894316016505e-01
-1.122552439044948586e-01
-1.135115153024743029e-01
-1.148283114788143794e-01
-1.161641387233840611e-01
-1.175476909873042763e-01
-1.189689520617222551e-01
-1.204348536745038639e-01
-1.219074600697036825e-01
-1.233626283658083855e-01
-1.247944045004619612e-01
-1.262002508411941004e-01
-1.276036031785320601e-01
-1.289974468848986699e-01
-1.303813819264983132e-01
-1.318279747417276937e-01
-1.332673626376340847e-01
-1.347426986981060393e-01
-4.000002362832917324e-01
-4.000002514651531116e-01
-4.001064990109500785e-01
-4.001909194840514439e-01
-4.002551806587499872e-01
-4.003020811058835005e-01
-4.003312874297412227e-01
-4.003418900159755323e-01
-4.003341227421993720e-01
-4.003085687155750194e-01
-4.002660403512667830e-01
-4.002081555818993164e-01
-4.001347845842319062e-01
-4.000494383643271590e-01
-3.999525924792706744e-01
-3.998449745453973581e-01
-3.997275127293573593e-01
-3.995998735426514181e-01
-3.994674463739264492e-01
-3.993291391670251156e-01
-3.991775975912039143e-01
-3.990209304264283885e-01
-3.988522415722390857e-01
-3.986777202148001353e-01
-3.984909769639229937e-01
-3.982979900422061181e-01
-3.980841164127206233e-01
-3.978583314141752592e-01
-3.976268263823406479e-01
-3.973977880949760011e-01
-3.971598518640567232e-01
-3.969167843208277202e-01
-3.966777915979207703e-01
-3.964396072458893361e-01
-3.961907913463325603e-01
-3.959248419010365505e-01
-3.956547684146454191e-01
-3.953845715187114807e-01
-3.951155005279958776e-01
-3.948322076822073368e-01
-3.945492575662032930e-01
-3.942696221343447438e-01
-3.939960832781083666e-01
-3.937177482388825034e-01
-3.934372681660402438e-01
-3.931586566338542421e-01
-3.928869733086267635e-01
-3.926136237254455597e-01
-3.923313824362169577e-01
-3.920445007074901400e-01
-3.917671496322248648e-01
-3.914828785695334545e-01
-3.911955207676907631e-01
-3.909011554078317685e-01
-3.905973178740980156e-01
-3.902829744167836679e-01
-3.899814980054000513e-01
-3.896618578307831648e-01
-3.893366762914422519e-01
-3.889982932959680229e-01
-3.886698291255603066e-01
-3.883424647379612460e-01
-3.879929092958209202e-01
-3.876401743938180933e-01
-3.872923170912315194e-01
-3.869278290637666040e-01
-3.865642927017226005e-01
-3.861890857191565551e-01
-3.858172027249626157e-01
-3.854443948505759110e-01
-3.850629972224891007e-01
-3.847017748969804307e-01
-3.843457434761617941e-01
-3.839748550773053881e-01
-3.836116425101122052e-01
-3.832505746595251672e-01
-3.829122247409735280e-01
-3.825612580014893793e-01
-3.822164841580261707e-01
-3.818690573526475340e-01
-3.815106524109501129e-01
-3.811399335876357597e-01
-3.807635653245212137e-01
-3.803847825147675388e-01
-3.800117596628883598e-01
-3.796231278460170389e-01
-3.792462974479507420e-01
-3.788778380515125943e-01
-3.785019879668202747e-01
-3.781094604239856882e-01
-3.777026368724747951e-01
-3.772932141296054254e-01
-3.768650753811086385e-01
-3.764288398065812058e-01
-3.759580926830637937e-01
-3.754710531763791881e-01
-3.749695295982368726e-01
-3.744741805378414834e-01
-3.739786691537253516e-01
-3.734734829014882407e-01
-3.729531930018283314e-01
-3.724023681773530603e-01
-3.718408937041646767e-01
-3.712588567586905808e-01
-3.706809100063775397e-01
-3.701023446204449452e-01
-3.695276045503328999e-01
-3.689292388388546451e-01
-3.683093281992840806e-01
-3.676888265509165032e-01
-3.670482744527752139e-01
-3.664166749983741589e-01
-3.657659589503369779e-01
-3.651072849978365675e-01
-3.644461967221834797e-01
-3.637350737693232916e-01
-3.630055998829797570e-01
-3.622800236600776658e-01
-3.615444861501206364e-01
-3.607650669446353375e-01
-3.600022970809066414e-01
-3.592299259106694898e-01
-3.584426088215334483e-01
-3.576070194225679511e-01
-3.567375960810228452e-01
-3.558620578672460066e-01
-3.549722330999913744e-01
-3.540722806708503922e-01
-3.531600228473123493e-01
-3.522561548885452254e-01
-3.513664295745024813e-01
-3.504822068837090132e-01
-3.496235157596693788e-01
-3.487455847941102194e-01
-3.478443178937882241e-01
-3.468934936630077015e-01
-3.459451343779434418e-01
-3.449776013670004526e-01
-3.440081679381160606e-01
-3.430266554941928114e-01
-3.419987546906144149e-01
-3.409661832861078379e-01
-3.399377683581263909e-01
-3.389163349322136809e-01
-3.378605723199089583e-01
-3.368185902794608721e-01
-3.357735065617636350e-01
-3.347384990761012036e-01
-3.337021473175328379e-01
-3.326678728504757765e-01
-3.316312511323921131e-01
-3.305640308173017350e-01
-3.294735384745298701e-01
-3.283685188599729798e-01
-3.272575237179880525e-01
-3.261477496982295721e-01
-3.250739091230289701e-01
-3.239841722260582424e-01
-3.228812209583306059e-01
-3.217700016251168194e-01
-3.206881691041070237e-01
-3.196427337373914379e-01
-3.185348081291424216e-01
-3.174588710486478949e-01
-3.163297808493499841e-01
-3.151721101216180543e-01
-3.140153101008203995e-01
-3.128703372069146504e-01
-3.117104246585263305e-01
-3.105788694717188658e-01
-3.094411816709133900e-01
-3.083292154480639091e-01
-3.072052363872037617e-01
-3.060952245244896175e-01
-3.049786741950062385e-01
-3.038497780478479071e-01
-3.027196464865421488e-01
-3.015361885405052345e-01
-3.003080479921798607e-01
-2.990624853916357684e-01
-2.978245737749012356e-01
-2.966016903158750773e-01
-2.953702186328948098e-01
-2.941254434271300955e-01
-2.928375048970159877e-01
-2.915445051220714734e-01
-2.902281244644422942e-01
-2.889297998326939565e-01
-2.875670038154981012e-01
-2.861892287948501479e-01
-2.848229521639555895e-01
-2.834108626446421031e-01
-2.819726229004124174e-01
-2.804959239569673746e-01
-2.789686833955892786e-01
-2.774623303812613906e-01
-2.759429470085498770e-01
-2.744274270661414272e-01
-2.728729958894415275e-01
-2.713402133712654041e-01
-2.697968103112313720e-01
-2.683284406651994525e-01
-2.668462149386331972e-01
-2.654004124414023336e-01
-2.639688265673936218e-01
-2.625436733765250663e-01
-2.611238476432314881e-01
-2.597100315123616610e-01
-2.582255314879125518e-01
-2.567919355662383052e-01
-2.553460671109001323e-01
-2.539250577579856283e-01
-2.525248635499896532e-01
-2.510622214757892712e-01
-2.495332433092463387e-01
-2.480015378302104223e-01
-2.464312645157827608e-01
-2.449004138070353387e-01
-2.433216493375616185e-01
-2.416782035357132596e-01
-2.400442871215827667e-01
-2.384226676414576696e-01
-2.368344353576607164e-01
-2.352428226898159724e-01
-2.337091031385672424e-01
-2.322487616629334006e-01
-2.307929677017692693e-01
-2.293254118803564612e-01
-2.278377687484141045e-01
-2.263147481104213210e-01
-2.247896981311166831e-01
-2.232308517307592666e-01
-2.216385366695818038e-01
-2.200426593379787299e-01
-2.184759489528638743e-01
-2.168978517085480007e-01
-2.153762261180667825e-01
-2.138322824628101082e-01
-2.122708351379255787e-01
-2.106936454001469838e-01
-2.090616563669074612e-01
-2.073577773178142680e-01
-2.056256484978118415e-01
-2.038472096814908652e-01
-2.020113069795535510e-01
-2.001261417028978862e-01
-1.982686525312268577e-01
-1.963906128413030749e-01
-1.945177687216340934e-01
-1.926742384144507769e-01
-1.908320278044138008e-01
-1.889688928491893849e-01
-1.871532279131011001e-01
-1.853976250891742061e-01
-1.836526378259351333e-01
-1.819422635551485035e-01
-1.802326656877400179e-01
-1.785000514340512878e-01
-1.767567154758882542e-01
-1.749967716602269518e-01
-1.733068728923545521e-01
-1.715938491003598243e-01
-1.698680464248439881e-01
-1.681261561746544841e-01
-1.663430492778102121e-01
-1.645672328396719786e-01
-1.627914388228275111e-01
-1.610199519359105658e-01
-1.592439503803758094e-01
-1.574898795705420851e-01
-1.557648761773307577e-01
-1.540596955137740476e-01
-1.524314781739030400e-01
-1.508423557982479513e-01
-1.493172772649446756e-01
-1.478135864505281949e-01
-1.463112089085375489e-01
-1.448020617517720432e-01
-1.433081803301991253e-01
-1.418072939377135744e-01
-1.403057316283403688e-01
-1.388215527679999284e-01
-1.373414002348110896e-01
-1.358937069137289844e-01
-1.344790819645326485e-01
-1.331110975413837827e-01
-1.317282904354221962e-01
-1.303909201258003914e-01
-1.290642295767266412e-01
-1.277565668833570423e-01
-1.265000561206972296e-01
-1.252731781294802726e-01
-1.241133282926921433e-01
-1.229806818950119202e-01
-1.218581842361523560e-01
-1.207251292694295763e-01
-1.196421566556051669e-01
-1.185965291972425756e-01
-1.175973062814836129e-01
-1.166673029816710228e-01
-1.157971268194024628e-01
-1.149202164870744974e-01
-1.140483399119441299e-01
-1.132145941584092180e-01
-1.123768886089434593e-01
-1.115660776916917174e-01
-1.108010649647532680e-01
-1.100754233414680261e-01
-1.093786235308698146e-01
-1.087261280472501396e-01
-1.081140744659603997e-01
-1.075408223455924517e-01
-1.070172915665123792e-01
-1.065371767001354608e-01
-1.060995255166840567e-01
-1.056980965357505464e-01
-1.053387975980314140e-01
-1.050250811533825629e-01
-1.047574358310391779e-01
-1.045378792484242259e-01
-1.043694881745082792e-01
-1.042468799677741392e-01
-1.041698614494682290e-01
-1.041341906725054001e-01
-1.041371714981063762e-01
-1.041789770540359483e-01
-1.042587108631193027e-01
-1.043800830144754055e-01
-1.045370152091647242e-01
-1.047242972340637068e-01
-1.049466858323858665e-01
-1.052043825908746677e-01
-1.055096373260523690e-01
-1.058446382964486066e-01
-1.062204450328966127e-01
-1.066215000634476578e-01
-1.070495584923311094e-01
-1.075139269375836731e-01
-1.080256452569599013e-01
-1.085629455169360436e-01
-1.091360226278014628e-01
-1.097364265116870241e-01
-1.103654559901340593e-01
-1.110337857651149673e-01
-1.117265984472026602e-01
-1.124317355806347812e-01
-1.131867955655971869e-01
-1.139663430639384634e-01
-1.147751132551577263e-01
-1.156167082849921951e-01
-1.164830078771487559e-01
-1.173540879249343610e-01
-1.182653450545614326e-01
-1.192296794601283016e-01
-1.202088269196802811e-01
-1.212470175736005545e-01
-1.223246130231410989e-01
-1.234348200327768930e-01
-1.245395069062473908e-01
-1.256772751035458158e-01
-1.268734152629134859e-01
-1.280810761126701947e-01
-1.292683654993694309e-01
-1.304699828116346327e-01
-1.316847329537294831e-01
-1.329388018014063255e-01
-1.342367209791874572e-01
-1.355818421591701017e-01
-1.369368778488596061e-01
-1.383409579758090036e-01
-1.397498609532610847e-01
-1.411208426207887778e-01
-1.425319933146606821e-01
-1.440159004318828373e-01
-1.455187986855633608e-01
-1.470349372542177346e-01
-1.485669893384124751e-01
-1.501120160396272885e-01
-1.517005966686491292e-01
-1.532967269202567262e-01
-1.548927254094269457e-01
-1.564853188748742963e-01
-1.581139113495822757e-01
-1.597814428466878822e-01
-1.614878030310873125e-01
-1.632535715572936141e-01
-1.650330457055867450e-01
-1.668601163943325416e-01
-1.686924761919655902e-01
-1.705582962101422906e-01
-1.724431398657639836e-01
-1.743296660870466974e-01
-1.762001114129166934e-01
-1.780707345692140453e-01
-1.799476567893479595e-01
-1.818143557948184719e-01
-1.836796133436824630e-01
-1.855276542361731784e-01
-1.873652847488980755e-01
-1.892164969320723478e-01
-1.910584598795031230e-01
-1.928640404928854690e-01
-1.946619390782603487e-01
-1.964763799195977656e-01
-1.982672688641949899e-01
-2.000177939259089877e-01
-2.017558896580390893e-01
-2.034682058834496876e-01
-2.051371755387845497e-01
-2.067907918324146388e-01
-2.084400352398450007e-01
-2.101218892508895653e-01
-2.117766323058795919e-01
-2.134330337588035142e-01
-2.150734754848584729e-01
-2.166921165065654742e-01
-2.182882055178632097e-01
-2.198572356317696763e-01
-2.213959137206328309e-01
-2.229009619259978703e-01
-2.243970071755569118e-01
-2.258517486396250662e-01
-2.272613287558499229e-01
-2.286259342185353594e-01
-2.299457051084032311e-01
-2.312364678403903140e-01
-2.325064518500633004e-01
-2.337372690110414986e-01
-2.349571049068270301e-01
-2.361288696882959670e-01
-2.372553981037813509e-01
-2.383314238024698550e-01
-2.393784185466227565e-01
-2.403790073145310180e-01
-2.413368457947291101e-01
-2.422422951093141374e-01
-2.430974489521892656e-01
-2.438925071758739349e-01
-2.446390250952819867e-01
-2.453338322661482718e-01
-2.459804384510688446e-01
-2.465811638939665040e-01
-2.471279166441974207e-01
-2.476361472031116950e-01
-2.480890769560145370e-01
-2.484883692864255644e-01
-2.488350033379826964e-01
-2.491315006090374651e-01
-2.493745140901790502e-01
-2.495670967101041027e-01
-2.497080744976609146e-01
-2.497972946747783474e-01
-2.498349335156430095e-01
-2.498208309400814786e-01
-2.497578889889351672e-01
-2.496429616727398049e-01
-2.494745951234452475e-01
-2.492543515591061076e-01
-2.489798147491151248e-01
-2.486573751594347292e-01
-2.482767655867677559e-01
-2.478450732891177843e-01
-2.473554207790011616e-01
-2.468206211388858373e-01
-2.462559559054752212e-01
-2.456411096026063778e-01
-2.449707372490376733e-01
-2.442470366246796143e-01
-2.434700933157818437e-01
-2.426427643579814608e-01
-2.417619141483148826e-01
-2.408371820015843545e-01
-2.398767259085036463e-01
-2.388780841561006785e-01
-2.378348619291532628e-01
-2.367615683190526787e-01
-2.356321242996168852e-01
-2.344432013207081444e-01
-2.332156932311153785e-01
-2.319467396439230666e-01
-2.306368423753669128e-01
-2.292924964209269445e-01
-2.279187797483313294e-01
-2.264786563721429002e-01
-2.249986147718862628e-01
-2.234828211695663869e-01
-2.219394365339351083e-01
-2.203934709945965520e-01
-2.188145906943046726e-01
-2.172053842839941629e-01
-2.156011458429892558e-01
-2.139807777386544263e-01
-2.123725817493861689e-01
-2.107814254585472225e-01
-2.091297503625523524e-01
-2.074738859175123684e-01
-2.057544746486159315e-01
-2.040516468269120975e-01
-2.024085974814934519e-01
-2.007192778153431556e-01
-1.989379696908741002e-01
-1.971518689513903633e-01
-1.953878683265535543e-01
-1.936295439563394394e-01
-1.918740830521422913e-01
-1.900957155484972738e-01
-1.883203633084345741e-01
-1.865911529350907927e-01
-1.848570677352739944e-01
-1.831396612510792776e-01
-1.814605504832630667e-01
-1.797459465620586949e-01
-1.780241963852315645e-01
-1.762890896687539233e-01
-1.745654729644631198e-01
-1.728589593431451299e-01
-1.711495356971974025e-01
-1.694144476159066548e-01
-1.676534595085186208e-01
-1.659031152123085773e-01
-1.641750931596046292e-01
-1.624404154138907319e-01
-1.607496598027376156e-01
-1.590910285191327045e-01
-1.574600508656401054e-01
-1.558536222171491015e-01
-1.542875380248076300e-01
-1.527492315933212941e-01
-1.512068512050346314e-01
-1.497009307276287171e-01
-1.482382013880679805e-01
-1.468064683332557241e-01
-1.454022107039427136e-01
-1.440214667949694938e-01
-1.426615431529852096e-01
-1.413298706929261017e-01
-1.400300647187417702e-01
-1.387623644069433115e-01
-1.375156151433054030e-01
-1.362825904019065171e-01
-1.350663178792036179e-01
-1.338927205621777139e-01
-1.327425549962425455e-01
-1.316300212495347122e-01
-1.305563457563021779e-01
-1.295148450146005881e-01
-1.285089552919528866e-01
-1.275450968759791748e-01
-1.266309869383613063e-01
-1.257770386003275453e-01
-1.249597481670034899e-01
-1.241826503804077525e-01
-1.234494198404753884e-01
-1.227570525095969672e-01
-1.221139661520406761e-01
-1.215117500464571038e-01
-1.209403458209508120e-01
-1.203958099050079639e-01
-1.198871802756745764e-01
-1.194094604746454430e-01
-1.189742053679780781e-01
-1.185880030911273669e-01
-1.182472750135176304e-01
-1.179511042065638782e-01
-1.176871403930418725e-01
-1.174633983098511691e-01
-1.172763807252608509e-01
-1.171230996398094637e-01
-1.170083702988779645e-01
-1.169316419042046723e-01
-1.168961664801713984e-01
-1.169018173321747234e-01
-1.169476441212462386e-01
-1.170321670028033195e-01
-1.171541470475830765e-01
-1.173153167700967114e-01
-1.175197718750521092e-01
-1.177590229817946366e-01
-1.180448697817504666e-01
-1.183680244951013927e-01
-1.187273750540422806e-01
-1.191222762267602209e-01
-1.195599918572554238e-01
-1.200220667327583229e-01
-1.205169124337158310e-01
-1.210573886516310288e-01
-1.216429617390843015e-01
-1.222663554918581447e-01
-1.229230230650724676e-01
-1.236475066594661942e-01
-1.244302669682921247e-01
-1.252477735445123863e-01
-1.260920350415782876e-01
-1.269471693496295184e-01
-1.278364585264615549e-01
-1.287644877490649320e-01
-1.297554816226277330e-01
-1.307844205921563363e-01
-1.318421677895630362e-01
-1.329277170685013165e-01
-1.340505552462413486e-01
-1.351724292756196766e-01
-1.363052222709883743e-01
-1.374306940596285720e-01
-1.386548182868535817e-01
-1.399030209224603749e-01
-1.411923229780355227e-01
-1.424875028825322021e-01
-1.437933405569776224e-01
-1.451311885876437058e-01
-1.465393711865096704e-01
-1.478996145636254644e-01
-1.493479333019249178e-01
-1.508095149778284905e-01
-1.522452078239948381e-01
-1.537015515275070576e-01
-1.551300565416178501e-01
-1.565806974710787225e-01
-1.581302649941183913e-01
-1.597156679104652088e-01
-1.613545516343216635e-01
-1.630202201976183318e-01
-1.646765658411578903e-01
-1.663830331582620559e-01
-1.681489769377968457e-01
-1.699192907436835043e-01
-1.717252897638000542e-01
-1.735091442980201404e-01
-1.753531520420791301e-01
-1.772086493415165331e-01
-1.790960732411928102e-01
-1.809653638260814712e-01
-1.828446405107265749e-01
-1.847302991887078694e-01
-1.866220722818098254e-01
-1.885209777871704184e-01
-1.904582507203009256e-01
-1.924001312063741420e-01
-1.943743258798358853e-01
-1.963550374117462305e-01
-1.982797634596878134e-01
-2.002066722944619015e-01
-2.021484532109561472e-01
-2.040775966468282021e-01
-2.060580323588720453e-01
-2.080309920597955553e-01
-2.099872393607532806e-01
-2.119126532053101086e-01
-2.138968301527345017e-01
-2.159030540442090085e-01
-2.178995967252805865e-01
-2.198744313513694149e-01
-2.218485740940774609e-01
-2.238256474917742767e-01
-2.257615182503423246e-01
-2.276935499953796072e-01
-2.296122652526401686e-01
-2.315007315804432364e-01
-2.333811276870840223e-01
-2.352464111119711987e-01
-2.370453049676956581e-01
-2.388200604835155616e-01
-2.405984600102926974e-01
-2.423465671336779981e-01
-2.440902816882145610e-01
-2.457871136105838905e-01
-2.474836193735148737e-01
-2.491602999716113209e-01
-2.508067951230796289e-01
-2.524419782635543563e-01
-2.540485041689358181e-01
-2.556405825327863757e-01
-2.571978540819251369e-01
-2.587211010733985184e-01
-2.602133713923117098e-01
-2.617034882419326802e-01
-2.631776003094882799e-01
-2.646123970622040189e-01
-2.660357911956630073e-01
-2.674281695688387472e-01
-2.687769293345574906e-01
-2.700718251782325274e-01
-2.713474740374702265e-01
-2.725850885335300844e-01
-2.737853335077951034e-01
-2.749539880382179668e-01
-2.760889087975739176e-01
-2.771775346010537100e-01
-2.782363079417326523e-01
-2.792364943683570688e-01
-2.801862637758558705e-01
-2.811002022403787937e-01
-2.819530440306582397e-01
-2.827577662599574659e-01
-2.835148821642051731e-01
-2.842399323156341029e-01
-2.849353146585640872e-01
-2.855878393819661354e-01
-2.861896841537782676e-01
-2.867481484536728020e-01
-2.872552782371570190e-01
-2.877178896088890547e-01
-2.881313603546187818e-01
-2.884943928259894874e-01
-2.888072318009493600e-01
-2.890703634866395588e-01
-2.892836393535780370e-01
-2.894492362114149953e-01
-2.895675851919619070e-01
-2.896401910484222020e-01
-2.896667472816668587e-01
-2.896472800874860809e-01
-2.895818399083144867e-01
-2.894705498812347177e-01
-2.893133378139438050e-01
-2.891138579063372016e-01
-2.888653731323807539e-01
-2.885661509638199895e-01
-2.882176083281074441e-01
-2.878242789779116295e-01
-2.873861729650661889e-01
-2.869048006545162899e-01
-2.863810736789955680e-01
-2.858123781963523569e-01
-2.851973966655595993e-01
-2.845480867837670846e-01
-2.838446248661981586e-01
-2.830843096719182217e-01
-2.822790176825347719e-01
-2.814591528529998277e-01
-2.805833676156733736e-01
-2.796656122816894019e-01
-2.786862373503261048e-01
-2.776728728151580117e-01
-2.766381349235333964e-01
-2.755516222189356434e-01
-2.744233135510064647e-01
-2.732663762036597888e-01
-2.720826205728472114e-01
-2.708581817429944749e-01
-2.695854314136401642e-01
-2.682735650710350028e-01
-2.669273395101023350e-01
-2.655783488798115211e-01
-2.641858642684758451e-01
-2.627837377057448132e-01
-2.614083955048480679e-01
-2.599975427104648795e-01
-2.584794552793053812e-01
-2.569752468818112257e-01
-2.554063137739877032e-01
-2.537908787171307412e-01
-2.521255085357534398e-01
-2.504284049502197296e-01
-2.486971455169298961e-01
-2.469464197577547204e-01
-2.451811116892015641e-01
-2.434500150375455974e-01
-2.417548049459344872e-01
-2.400965451004275220e-01
-2.383687603613989792e-01
-2.366057785190253115e-01
-2.348261313431121156e-01
-2.330276763607336543e-01
-2.311727970996225456e-01
-2.293182272547532041e-01
-2.274428181555920858e-01
-2.256171792653581809e-01
-2.237744070444890321e-01
-2.219421103913823135e-01
-2.200870047354792081e-01
-2.182492668802181734e-01
-2.164169824474656278e-01
-2.146002694938703992e-01
-2.127877572140989548e-01
-2.109301256550700499e-01
-2.090638062672353636e-01
-2.072965068460695670e-01
-2.055639719506002216e-01
-2.037925065955600579e-01
-2.019552026446401194e-01
-2.000521905047324411e-01
-1.981397015377781567e-01
-1.962683552587159985e-01
-1.943909387893085206e-01
-1.925038878957816835e-01
-1.906167394102139534e-01
-1.887114532408364909e-01
-1.868230913082969957e-01
-1.849340763550616495e-01
-1.830440917795108924e-01
-1.811963180978211074e-01
-1.794056827041387858e-01
-1.776173335235176620e-01
-1.758594466071957685e-01
-1.741114062469021340e-01
-1.723924353309899404e-01
-1.707229234076750868e-01
-1.690145822667352693e-01
-1.673080504113360345e-01
-1.655917281534369789e-01
-1.639220258542022357e-01
-1.622806106139524640e-01
-1.606830899114818634e-01
-1.591242125773589255e-01
-1.576057292075156435e-01
-1.560546006432211308e-01
-1.544763687338254199e-01
-1.529359205781896380e-01
-1.514476150759926920e-01
-1.499519594264263622e-01
-1.485459213412315682e-01
-1.471967298974651006e-01
-1.458696211809110965e-01
-1.445533625415156842e-01
-1.433029199387070574e-01
-1.420612390608770037e-01
-1.408032142264672160e-01
-1.395624154506099890e-01
-1.383424360056001723e-01
-1.371769885040098058e-01
-1.360357390872211636e-01
-1.349477050577486958e-01
-1.338582623473659194e-01
-1.327845759517911894e-01
-1.317068564381001505e-01
-1.306673526538164876e-01
-1.296891491665927154e-01
-1.287573781312207899e-01
-1.278564673914014960e-01
-1.269786854859020209e-01
-1.261120192959858666e-01
-1.252808968576588355e-01
-1.244812803653829736e-01
-1.237167506514171011e-01
-1.229801029629838810e-01
-1.222590399805625200e-01
-1.215911992841375994e-01
-1.209527164370243074e-01
-1.203497749127760419e-01
-1.197818702226395166e-01
-1.192527781091339556e-01
-1.187513892045672925e-01
-1.182691326200760451e-01
-1.178389996512526072e-01
-1.174508785658360255e-01
-1.170923398464865511e-01
-1.167639332946806274e-01
-1.164688136243344080e-01
-1.162089458806199321e-01
-1.159809430182124207e-01
-1.157851131083462021e-01
-1.156130383096114767e-01
-1.154706431630563995e-01
-1.153609496973381915e-01
-1.152809656502502000e-01
-1.152326799061475227e-01
-1.152171761825404317e-01
-1.152339407670679300e-01
-1.152848085201985812e-01
-1.153697348509028636e-01
-1.154872387045796228e-01
-1.156365343559102865e-01
-1.158157999875756433e-01
-1.160316553567688203e-01
-1.162798737921028475e-01
-1.165525607588084323e-01
-1.168578316471452078e-01
-1.171942797685365800e-01
-1.175619902678939066e-01
-1.179684034777673113e-01
-1.183909736541364360e-01
-1.188331579256219489e-01
-1.193073402242381953e-01
-1.197931901843065083e-01
-1.203020325275027946e-01
-1.208117463113402706e-01
-1.213443069059643165e-01
-1.219163575644332531e-01
-1.225118842087931786e-01
-1.231394147215997964e-01
-1.237858405900823106e-01
-1.244344144310670364e-01
-1.250994871833981670e-01
-1.258062988415625250e-01
-1.265441147546428335e-01
-1.273155635873605140e-01
-1.280952206968273277e-01
-1.289120915219275076e-01
-1.297476158308588923e-01
-1.306243973974398898e-01
-1.314921454128042400e-01
-1.323964895881830639e-01
-1.333441848675731567e-01
-1.343042987876693350e-01
-1.352771635932277228e-01
-1.362832637963440618e-01
-1.373316934257148292e-01
-1.384192037453114699e-01
-1.395435281298338381e-01
-1.407010982608307981e-01
-1.418922018345368519e-01
-1.431187999651230836e-01
-1.443181380333786734e-01
-1.455238463489612055e-01
-1.467422432525719023e-01
-1.479922807902476489e-01
-1.492636552898999047e-01
-1.506293869518267048e-01
-1.519463959613916448e-01
-1.532585009378202578e-01
-1.545857488417062275e-01
-1.559037036430074852e-01
-1.572180996493852123e-01
-1.585356828409030805e-01
-1.598745516790308629e-01
-1.612095633633987557e-01
-1.625321006806558777e-01
-1.638946787364579105e-01
-1.652763382305247053e-01
-1.666748358254508400e-01
-1.680952868830520308e-01
-1.695429093656604658e-01
-1.709510219961249688e-01
-1.723255302524597798e-01
-1.737161523290782217e-01
-1.751674247903729498e-01
-1.766154886985937811e-01
-1.780727610410926531e-01
-1.795249603126137794e-01
-1.810134466415996013e-01
-1.824612843827909947e-01
-1.839831782481026745e-01
-1.855485634388133187e-01
-1.871046714235901631e-01
-1.886761450805232443e-01
-1.902918810953921347e-01
-1.918774621954743853e-01
-1.934404718045392157e-01
-1.949909348203025250e-01
-1.965783538964033794e-01
-1.982117322186929542e-01
-1.998200225166896771e-01
-2.014174364053976374e-01
-2.029896618258280605e-01
-2.045094880328582054e-01
-2.060531872711238999e-01
-2.075256450803344144e-01
-2.089821503404679925e-01
-2.103653750720650417e-01
-2.118008218177443724e-01
-2.133213877107527912e-01
-2.147858933755885102e-01
-2.162234612708746617e-01
-2.176616150517220738e-01
-2.191057217687773784e-01
-2.204946487471947658e-01
-2.218895334346309423e-01
-2.232909305518258614e-01
-2.246435852701057223e-01
-2.259831860040441009e-01
-2.273026565614198191e-01
-2.286110716738902482e-01
-2.298402782993384796e-01
-2.310654564997203786e-01
-2.322885761699293172e-01
-2.334610964039559589e-01
-2.346432021053083405e-01
-2.358080483321683962e-01
-2.369533438291627769e-01
-2.380968859004518323e-01
-2.391422922960374509e-01
-2.402280788047811422e-01
-2.412664128037408096e-01
-2.422377666737016433e-01
-2.431440239038286932e-01
-2.440347755101643368e-01
-2.448976134513846104e-01
-2.457750599647967049e-01
-2.466210765199594868e-01
-2.474875442059820130e-01
-2.483323021994657542e-01
-2.491434123469785378e-01
-2.499399669506653932e-01
-2.507634959082705173e-01
-2.515660525222558896e-01
-2.523597557497672117e-01
-2.531085689787483939e-01
-2.538530158885667909e-01
-2.545837388292410686e-01
-2.552820691680262044e-01
-2.559219329919925623e-01
-2.565330140945891180e-01
-2.571243747410113523e-01
-2.576847866117212837e-01
-2.582326330900842071e-01
-2.587654355304465081e-01
-2.592704464455354296e-01
-2.597745415232722843e-01
-2.602523228689713752e-01
-2.607024303602198390e-01
-2.611186593298536196e-01
-2.615260199679922404e-01
-2.619275477497267079e-01
-2.623045171999322522e-01
-2.626608864968985602e-01
-2.630035039953760867e-01
-2.633227025286479783e-01
-2.636324320364960005e-01
-2.639261277008352891e-01
-2.641946244627260687e-01
-2.644463680302295838e-01
-2.646762031036551943e-01
-2.648888173546951608e-01
-2.650781469461913065e-01
-2.652463682339197271e-01
-2.653992969160596793e-01
-2.655338712831606385e-01
-2.656487355203082656e-01
-2.657449324165507831e-01
-2.658221436217048650e-01
-2.658838385427815809e-01
-2.659310140469839379e-01
-2.659602496341240130e-01
-2.659730334194524426e-01
-2.659699200778931072e-01
-2.659519448286865040e-01
-2.659187317317627253e-01
-2.658708997871724322e-01
-2.658060779108780691e-01
-2.657290560227820175e-01
-2.656386344243822362e-01
-2.655340666193454213e-01
-2.654176665562863469e-01
-2.652908967538330498e-01
-2.651525244679054372e-01
-2.650020869472846652e-01
-2.648440614152430816e-01
-2.646762683802438287e-01
-2.644940659995654864e-01
-2.643016075668025433e-01
-2.640950085858934648e-01
-2.638755156047215555e-01
-2.636409606103771175e-01
-2.633930801343821737e-01
-2.631429180313436533e-01
-2.628734688954326160e-01
-2.625828899967615482e-01
-2.622793422385155115e-01
-2.619628439611128012e-01
-2.616377992082092319e-01
-2.612903298529936635e-01
-2.609205636483028501e-01
-2.605381001818892761e-01
-2.601485202998479740e-01
-2.597685150261749287e-01
-2.593819418471683957e-01
-2.589837459942134212e-01
-2.585862231336322203e-01
-2.581872633529536110e-01
-2.577880737993075155e-01
-2.573809514641279828e-01
-2.569713408075874339e-01
-2.565508755881753533e-01
-2.561352439323426045e-01
-2.557282058015464266e-01
-2.553302474586806037e-01
-2.549409860301567465e-01
-2.545465912067102487e-01
-2.541467381685105775e-01
-2.537498986030182202e-01
-2.533328515585126506e-01
-2.529127888977906746e-01
-2.525026517518172420e-01
-2.521025919255952541e-01
-2.517096034178623598e-01
-2.513182510023898586e-01
-2.509212132221285696e-01
-2.505113597340442588e-01
-2.501074165361684698e-01
-2.497020413644464587e-01
-2.492790138846328607e-01
-2.488642207306468179e-01
-2.484414059575248968e-01
-2.480150770830004958e-01
-2.475871547925204419e-01
-2.471405383402401068e-01
-2.466672103711381736e-01
-2.461759847362736953e-01
-2.456710453767499691e-01
-2.451558892856247063e-01
-2.446236312311077798e-01
-2.440772368240420320e-01
-2.435032341180178028e-01
-2.428834512192244444e-01
-2.422310895554088128e-01
-2.415652484178069659e-01
-2.409013831425196595e-01
-2.402165947335555829e-01
-2.395241205589247746e-01
-2.388252867060733642e-01
-2.380862223494083774e-01
-2.373204225816000212e-01
-2.365476117217399921e-01
-2.357550633151936081e-01
-2.349579432070295071e-01
-2.341447807414456794e-01
-2.333043315908116255e-01
-2.324043911469373114e-01
-2.315027108354237861e-01
-2.305662964799471693e-01
-2.296194790320324752e-01
-2.286606555132177088e-01
-2.276997789524119742e-01
-2.267525594170693715e-01
-2.257777721828219397e-01
-2.247620364114257807e-01
-2.237445217692436705e-01
-2.226968629870003935e-01
-2.216208466269339594e-01
-2.205414513500953133e-01
-2.194437028339922546e-01
-2.183597100615758402e-01
-2.172607166864878592e-01
-2.161256112601642743e-01
-2.149604910470432062e-01
-2.137735376770498186e-01
-2.125735629565340401e-01
-2.113798497953454092e-01
-2.101822075607230889e-01
-2.089614010961013957e-01
-2.077388840841342121e-01
-2.065657156386935256e-01
-2.053760132489072243e-01
-2.041795146733978994e-01
-2.029812931958069333e-01
-2.017834255975973767e-01
-2.005745096012365447e-01
-1.993757287456877358e-01
-1.982031565651847793e-01
-1.969379890891980456e-01
-1.956483760495460189e-01
-1.943542943288229796e-01
-1.930322621304033648e-01
-1.916963365823662613e-01
-1.903616488130437379e-01
-1.890358735366745868e-01
-1.876803732213201403e-01
-1.863308791316476420e-01
-1.849517405891545341e-01
-1.835849360238711037e-01
-1.821908461341247010e-01
-1.808737962626668361e-01
-1.795284232503133182e-01
-1.781780940069008501e-01
-1.768192452917347612e-01
-1.754538538733877162e-01
-1.740794845660981749e-01
-1.726977970816691021e-01
-1.712799711858729867e-01
-1.698297071635902211e-01
-1.683842057581207974e-01
-1.669177671438497601e-01
-1.654147696709853677e-01
-1.639256660328606841e-01
-1.624304137166705242e-01
-1.609373803914233292e-01
-1.593908634196207486e-01
-1.578286531152960637e-01
-1.562491168390628959e-01
-1.546676481156653848e-01
-1.530672461507090742e-01
-1.515010313132714725e-01
-1.499292342060259409e-01
-1.483512309546131669e-01
-1.467308262193420254e-01
-1.450782883695203584e-01
-1.434183456070483864e-01
-1.417663889868407134e-01
-1.400806829363127337e-01
-1.383775297734494980e-01
-1.366749310573898146e-01
-1.349707183447138303e-01
-1.333371809368842642e-01
-1.316576809439984064e-01
-1.300183364129766650e-01
-1.283369287159313588e-01
-1.266947786656183739e-01
-1.250156469065236420e-01
-1.233156581997561507e-01
-1.216161932593880085e-01
-1.199246145734804841e-01
-1.182725587510386062e-01
-1.166045957061417893e-01
-1.150169645492466197e-01
-1.134547484667841333e-01
-1.119871551357716211e-01
-1.105604079026388381e-01
-1.091069312422176807e-01
-1.076691451197460125e-01
-1.062760849928361673e-01
-1.049139799545507901e-01
-1.035882170658005280e-01
-1.022475258725784875e-01
-1.009248899254088505e-01
-9.961329483414746444e-02
-9.838160060520934058e-02
-9.717439853465517641e-02
-9.601578364953121392e-02
-9.484844824320366741e-02
-9.371441623606002747e-02
-9.264011976463359943e-02
-9.161260040609313371e-02
-9.060785463425484465e-02
-8.961704618621534058e-02
-8.864056484049617768e-02
-8.768911782218806461e-02
-8.674315265561496902e-02
-8.582430770226452676e-02
-8.497507808264265217e-02
-8.414120181142413502e-02
-8.333889332394558980e-02
-8.259969237332041858e-02
-8.191118005547654013e-02
-8.126053191966053912e-02
-8.064617542120162963e-02
-8.006623804802170952e-02
-7.953198647829426426e-02
-7.905571174938937073e-02
-7.858989519898457177e-02
-7.817980196291889061e-02
-7.779311641067646055e-02
-7.744343775781625805e-02
-7.711400067852965112e-02
-7.680015127273663589e-02
-7.652416584164895008e-02
-7.627878266186965961e-02
-7.605638249621642089e-02
-7.585434983083050309e-02
-7.567957229884020309e-02
-7.552918470148106689e-02
-7.539580495903194790e-02
-7.528593466081567875e-02
-7.520049147007340506e-02
-7.513879436085545149e-02
-7.510264024510072967e-02
-7.509026707744627382e-02
-7.510313518860300963e-02
-7.514142964134690184e-02
-7.520303148091553314e-02
-7.529062787074122798e-02
-7.540417079574573966e-02
-7.554454073535971093e-02
-7.571153723839250949e-02
-7.590469845775574265e-02
-7.612896590851966905e-02
-7.637618753207225941e-02
-7.664790271483669371e-02
-7.694557301803087168e-02
-7.726543197530348628e-02
-7.760361053666776920e-02
-7.796674335918990506e-02
-7.835795857057510638e-02
-7.877317361362536074e-02
-7.922410436208861262e-02
-7.970308083386400122e-02
-8.021411576655047837e-02
-8.077008409997658844e-02
-8.136777598885681917e-02
-8.200602408862825432e-02
-8.265705364469119742e-02
-8.333873378760212058e-02
-8.402952480778856648e-02
-8.477591714867530048e-02
-8.554730337523928918e-02
-8.635156587606765410e-02
-8.716101762834525812e-02
-8.801221338969929253e-02
-8.889275616100815458e-02
-8.977327610183867546e-02
-9.067954469089065106e-02
-9.163707382812841251e-02
-9.262424748734246482e-02
-9.366352944976914785e-02
-9.468711382229293150e-02
-9.574180662502081163e-02
-9.681729074193354267e-02
-9.793896382610575713e-02
-9.906604779954956974e-02
-1.002136347998003468e-01
-1.014275012487565325e-01
-1.026448071516304072e-01
-1.038971641222433684e-01
-1.051306314508254208e-01
-1.063756197835961648e-01
-1.076573646032970288e-01
-1.090026229949136172e-01
-1.103712574940684671e-01
-1.117683517863353182e-01
-1.131995410890318937e-01
-1.146820308394347482e-01
-1.161640734354320165e-01
-1.176649280212714449e-01
-1.191705986588719735e-01
-1.206591183811853984e-01
-1.222138168705656364e-01
-1.237300443544027684e-01
-1.252877261120826091e-01
-1.267992312209852424e-01
-1.282648444074927507e-01
-1.297356208833154723e-01
-1.312296069858688297e-01
-1.327148367985915012e-01
-1.342441921465222510e-01
-1.357908990568486851e-01
-1.373509974715888260e-01
-1.389950666706507854e-01
-1.406597990349928440e-01
-1.423223254230715773e-01
-1.440400478507506132e-01
-1.457821427302685435e-01
-1.475385970613548869e-01
-1.493213412376614979e-01
-1.511338017201769579e-01
-1.529562104444758541e-01
-1.548354993443754601e-01
-1.567108848977022684e-01
-1.585899024200009277e-01
-1.605304387699543756e-01
-1.624414833969419769e-01
-1.643723671672941700e-01
-1.663476325257296218e-01
-1.682890872967720830e-01
-1.702365746750879871e-01
-1.721933609984802049e-01
-1.741448207548527971e-01
-1.761463139816798473e-01
-1.781620544512927951e-01
-1.801855499592890375e-01
-1.821195013813697583e-01
-1.841289783335599006e-01
-1.860653458857615683e-01
-1.879599806406420104e-01
-1.898619782362110930e-01
-1.917627010901042095e-01
-1.936737054910861733e-01
-1.955865768359929813e-01
-1.974864602555091997e-01
-1.994161804497718293e-01
-2.013178545989655344e-01
-2.032060358291981894e-01
-2.050117507454465027e-01
-2.068003839738756788e-01
-2.086063060185771312e-01
-2.104747544453969832e-01
-2.123512553807918590e-01
-2.142016308119785162e-01
-2.160735933175086110e-01
-2.179624484036644938e-01
-2.198172967933496591e-01
-2.216019422481707302e-01
-2.234140801671490595e-01
-2.251219709555596915e-01
-2.268332653585803937e-01
-2.285678739820536931e-01
-2.302559145099578319e-01
-2.319358787594172633e-01
-2.335359337787049905e-01
-2.350966657584026287e-01
-2.366748508310331789e-01
-2.382187987707018451e-01
-2.397754964824409252e-01
-2.412877003698983835e-01
-2.427635842494503260e-01
-2.442446390870047224e-01
-2.457361508290069607e-01
-2.471903684854541428e-01
-2.485970466696210968e-01
-2.500127297337180199e-01
-2.514204790182408833e-01
-2.528039763430490749e-01
-2.541968066073416188e-01
-2.555675529455528339e-01
-2.569307432223348897e-01
-2.582551568467273406e-01
-2.595596556292135704e-01
-2.608233394567881502e-01
-2.620721805966772511e-01
-2.632885101873336242e-01
-2.644911191426380093e-01
-2.657150229687251786e-01
-2.669509101766274206e-01
-2.682173230972368927e-01
-2.694975153505403953e-01
-2.707170247095814775e-01
-2.719438314713030769e-01
-2.731643395821640175e-01
-2.743855925710708688e-01
-2.755689038732879736e-01
-2.767429481430266902e-01
-2.778743255608145390e-01
-2.790080772436993040e-01
-2.800874427552977886e-01
-2.811291143137178428e-01
-2.821153127109136127e-01
-2.830962295795321215e-01
-2.840827510151608948e-01
-2.850494249358980769e-01
-2.859816686117596651e-01
-2.869059433744861609e-01
-2.878017546000439242e-01
-2.887069009402527531e-01
-2.895896856162228916e-01
-2.904830819692463817e-01
-2.913234943725063197e-01
-2.921406437469143413e-01
-2.929408861157116739e-01
-2.937314220899450712e-01
-2.944911817050424596e-01
-2.952357058009185131e-01
-2.959684598859995686e-01
-2.966948289034221919e-01
-2.973987818170522046e-01
-2.980782093762964213e-01
-2.987263144015451788e-01
-2.993476013488904353e-01
-2.999478672142592561e-01
-3.005238543918000160e-01
-3.010707201969483049e-01
-3.015926968410369002e-01
-3.020920490058547347e-01
-3.025631980930023612e-01
-3.030138187188707866e-01
-3.034401774412793240e-01
-3.038444762748356287e-01
-3.042245686469581822e-01
-3.045770114807773710e-01
-3.048982289381070854e-01
-3.051872088549957285e-01
-3.054480577428773103e-01
-3.056816345872698792e-01
-3.058875929095710156e-01
-3.060640949035705050e-01
-3.062116704896279962e-01
-3.063306071247010598e-01
-3.064223375425039197e-01
-3.064878620228728701e-01
-3.065269772088971556e-01
-3.065380534670950063e-01
-3.065181373190888348e-01
-3.064671178653525785e-01
-3.063853286398298126e-01
-3.062740086718153121e-01
-3.061298742577296395e-01
-3.059578425644643440e-01
-3.057546961826725918e-01
-3.055229729526470761e-01
-3.052638093298908339e-01
-3.049789621864002487e-01
-3.046595971049659290e-01
-3.043091887146251451e-01
-3.039321200022164771e-01
-3.035179414565215561e-01
-3.030759958325295877e-01
-3.026082639312511202e-01
-3.021143146225660492e-01
-3.015888895825860061e-01
-3.010205490522609439e-01
-3.004274399787625338e-01
-2.997976342934181582e-01
-2.991412162298341948e-01
-2.984641570808134747e-01
-2.977490303541041050e-01
-2.970171505021030889e-01
-2.962559110734082624e-01
-2.954540239417838277e-01
-2.946318968331094190e-01
-2.937735672276741150e-01
-2.929065098359654451e-01
-2.920104337662225991e-01
-2.910811925273619760e-01
-2.901335592227752835e-01
-2.891591097876413108e-01
-2.881547662763264683e-01
-2.871239518496478405e-01
-2.860659789847842527e-01
-2.850119290125670002e-01
-2.839399248122534414e-01
-2.828338562569497339e-01
-2.817061489931890761e-01
-2.805704919245435303e-01
-2.794317116776317000e-01
-2.782575563065565749e-01
-2.770708012969436695e-01
-2.758681816488280369e-01
-2.746348368457571798e-01
-2.733709887158161655e-01
-2.720731907351056633e-01
-2.707394557412473590e-01
-2.693789550402334032e-01
-2.679963025244856412e-01
-2.665931690346791672e-01
-2.651545565784506064e-01
-2.637051949522124517e-01
-2.622306920706530819e-01
-2.607329361431982018e-01
-2.591997773596260157e-01
-2.576348861214362573e-01
-2.560360133626625734e-01
-2.544499878378422841e-01
-2.528260218489166156e-01
-2.511575891428348695e-01
-2.494567763248510261e-01
-2.477349116040002686e-01
-2.459870801157665043e-01
-2.442079442683982304e-01
-2.424044486970055590e-01
-2.405862896739113799e-01
-2.387431005073397117e-01
-2.368883543030045336e-01
-2.350438380569670194e-01
-2.331630843491029059e-01
-2.312671832161191932e-01
-2.293460517661828624e-01
-2.274299832893959261e-01
-2.254934896886536810e-01
-2.235272329790984336e-01
-2.215691344096847593e-01
-2.196076659171884160e-01
-2.176496772398986146e-01
-2.156567320021908207e-01
-2.136351285999053551e-01
-2.115794785778909726e-01
-2.095506209544304999e-01
-2.075082689098054489e-01
-2.054412999175291854e-01
-2.033506173869158717e-01
-2.012506341530233001e-01
-1.991262113785511600e-01
-1.969847653512085683e-01
-1.948556346001045492e-01
-1.927252551950949799e-01
-1.905702498450687066e-01
-1.883928307233077026e-01
-1.862292023896217896e-01
-1.840332840689523908e-01
-1.818007657288675527e-01
-1.795417544070378457e-01
-1.772608606636821571e-01
-1.750505400730731353e-01
-1.728428351920492934e-01
-1.706298539296152716e-01
-1.684036636416012256e-01
-1.661968078402088211e-01
-1.640104551803013289e-01
-1.618113181782693533e-01
-1.596111007511287483e-01
-1.574421804860049179e-01
-1.552857879028456678e-01
-1.531671601459377863e-01
-1.510356519533255504e-01
-1.489318146803864651e-01
-1.467970913433470637e-01
-1.446448140864313170e-01
-1.424768226936662108e-01
-1.402758591413645062e-01
-1.381064024978482241e-01
-1.359156979223404560e-01
-1.337089935101398175e-01
-1.315506817986210331e-01
-1.294105859473219655e-01
-1.272633732890639524e-01
-1.251362791471479219e-01
-1.229833130491397863e-01
-1.208716925556311828e-01
-1.188352947407495530e-01
-1.167870190395425972e-01
-1.147365720215823282e-01
-1.126820794590479569e-01
-1.105987612956214616e-01
-1.084840010578426162e-01
-1.063769630585211928e-01
-1.043092999534237092e-01
-1.022599567511859320e-01
-1.001422416758702139e-01
-9.802686620663543515e-02
-9.585825247958848494e-02
-9.366294106635321415e-02
-9.153774066487796457e-02
-8.936424719599493638e-02
-8.719317603677799455e-02
-8.503886755082684656e-02
-8.288771960532752281e-02
-8.071880647451359914e-02
-7.851840556257373704e-02
-7.630815491404034645e-02
-7.411440954703138462e-02
-7.194645116711387289e-02
-6.979367223641086415e-02
-6.765718582704494111e-02
-6.553328556297133289e-02
-6.343195337944465551e-02
-6.136526054868952224e-02
-5.929628580574423241e-02
-5.724569663054861896e-02
-5.521465270294598215e-02
-5.316470195056013925e-02
-5.113596126677814879e-02
-4.911494666663000774e-02
-4.709426759815274477e-02
-4.510756999225101760e-02
-4.311329203768553969e-02
-4.113508155782908543e-02
-3.918375663401181541e-02
-3.725482656200725107e-02
-3.533861332402629674e-02
-3.344259731698687871e-02
-3.155223797467453933e-02
-2.966700829582808938e-02
-2.782030023576058386e-02
-2.595147879742122979e-02
-2.409534043344587623e-02
-2.223711060490907165e-02
-2.040443817387500164e-02
-1.855370048646517653e-02
-1.675227410120429944e-02
-1.497495460427802037e-02
-1.322060677157229323e-02
-1.148739121913105836e-02
-9.781636488629884621e-03
-8.096123160063070645e-03
-6.421469532311764941e-03
-4.759562086183846685e-03
-3.117525604783012629e-03
-1.511229643062036348e-03
6.353002760010401572e-05
1.620522508907927626e-03
3.138017955161465436e-03
4.635444644018577899e-03
6.085801020212308447e-03
7.481174641927550335e-03
8.827741759879166594e-03
1.013783263352809397e-02
1.141742734631045336e-02
1.268615812685464084e-02
1.391932299464788275e-02
1.513799627997563027e-02
1.634202482781534765e-02
1.750845586217538580e-02
1.864908179825087997e-02
1.977005252305012728e-02
2.085298565159935530e-02
2.188383417642255496e-02
2.287916545247221586e-02
2.385473934535863733e-02
2.477809920823804621e-02
2.567389410314396478e-02
2.652066098659170909e-02
2.732828003020551164e-02
2.810471410943100878e-02
2.885326347515370510e-02
2.954271250570632973e-02
3.016926147786060455e-02
3.077199242335798557e-02
3.132626026740441272e-02
3.184117503136360550e-02
3.232546677658305889e-02
3.276288216492941052e-02
3.318328904191921586e-02
3.355955995773315936e-02
3.390394973605779377e-02
3.421470694672142793e-02
3.448355979952689998e-02
3.472112259811385715e-02
3.493121832928090115e-02
3.510408376794992708e-02
3.523931560627892312e-02
3.533772644077991937e-02
3.540038494581964484e-02
3.542699590516204533e-02
3.541640267893892552e-02
3.536768594330718524e-02
3.528592619016472642e-02
3.516891418944301240e-02
3.501712832749757920e-02
3.482758477033332661e-02
3.459887684764975657e-02
3.433601201798952562e-02
3.403744650720932213e-02
3.369979699361502073e-02
3.331387335084366741e-02
3.289336999729289279e-02
3.242867703162723853e-02
3.194490959800513896e-02
3.141681187068307013e-02
3.083912723773836115e-02
3.022268957283232374e-02
2.955704888311523268e-02
2.885502289179922228e-02
2.811543092179357578e-02
2.733850758009479312e-02
2.652378238598082291e-02
2.566017834603516110e-02
2.477557766228026190e-02
2.385132883782228527e-02
2.288824948877822563e-02
2.189547399380843695e-02
2.087575082934546231e-02
1.986640548793717001e-02
1.880515057774858820e-02
1.770239750459480510e-02
1.663503268910162744e-02
1.553212940039416790e-02
1.439487097071238085e-02
1.321971647409081983e-02
1.206518030757220729e-02
1.088009799501308064e-02
9.675389226554316491e-03
8.437861748569265227e-03
7.132784646515486632e-03
5.827464589401163374e-03
4.491122124855237430e-03
3.149808029223281382e-03
1.800255291771955292e-03
4.748970221688250475e-04
-8.929787021677732537e-04
-2.294062838712446206e-03
-3.734326344268536907e-03
-5.219045979594165614e-03
-6.707366310776827212e-03
-8.144867428397638623e-03
-9.596280472917313384e-03
-1.103686764116604095e-02
-1.253324254921011835e-02
-1.409904718223658517e-02
-1.574694294548213691e-02
-1.738824751307480390e-02
-1.898308183867906257e-02
-2.061537978449851788e-02
-2.225918177933832245e-02
-2.391184458790043821e-02
-2.559603065093314644e-02
-2.730502004815345968e-02
-2.904397426732152968e-02
-3.088533130292461445e-02
-3.277591476273962467e-02
-3.467713841259678631e-02
-3.657247944360810660e-02
-3.851179823780600392e-02
-4.044396563109645820e-02
-4.234474978082340690e-02
-4.425444408989110540e-02
-4.620191627679053059e-02
-4.823209730069309004e-02
-5.029859056877266504e-02
-5.230434002601116322e-02
-5.430929773320968684e-02
-5.631268716906029370e-02
-5.832494946420500870e-02
-6.037651188381232964e-02
-6.245396519001324143e-02
-6.455323394255282898e-02
-6.665023808635127389e-02
-6.877967157671983911e-02
-7.091456131288763343e-02
-7.304352772923745907e-02
-7.514610808181432233e-02
-7.724133956499144860e-02
-7.935263847680952554e-02
-8.146825062759696645e-02
-8.362967475150626107e-02
-8.579198714598547382e-02
-8.791885152886100285e-02
-9.008236211930802095e-02
-9.225219772259236894e-02
-9.443010708751162219e-02
-9.659049227209047517e-02
-9.872828030186367454e-02
-1.008431915105933580e-01
-1.029684684450392212e-01
-1.051237617251563894e-01
-1.072840437193033070e-01
-1.094160841349143404e-01
-1.115212971945527126e-01
-1.135587333932681214e-01
-1.155436629496648798e-01
-1.175698392983013790e-01
-1.195342736448056220e-01
-1.214872192340928497e-01
-1.234111660828500490e-01
-1.253021444171696086e-01
-1.271891720930060365e-01
-1.290744258033798275e-01
-1.309493063327385742e-01
-1.328497247401285164e-01
-1.347633713918469367e-01
-1.367011483150020745e-01
-1.386952079571101004e-01
-1.406933803915353109e-01
-1.427021188752329028e-01
-1.447226744929901721e-01
-1.467308875595682571e-01
-1.487639416016753036e-01
-1.507128538587177990e-01
-1.526353143228867670e-01
-1.545527331866553000e-01
-1.564539232742596653e-01
-1.583878279439639714e-01
-1.603206885059338671e-01
-1.622134697231663869e-01
-1.640848128322643373e-01
-1.659684356603083055e-01
-1.678740322863897516e-01
-1.697876730609066409e-01
-1.716937999635793910e-01
-1.736193776237476005e-01
-1.755152746811573516e-01
-1.773834696269631916e-01
-1.792205998391840915e-01
-1.809892007996085905e-01
-1.827778824130837088e-01
-1.845470839512521888e-01
-1.863134800805742453e-01
-1.880765625455383949e-01
-1.897978838186151207e-01
-1.915177009680153475e-01
-1.932538561961665569e-01
-1.949765826615366959e-01
-1.967000010907766494e-01
-1.984051655767225808e-01
-2.000837488112571227e-01
-2.017049705455185582e-01
-2.033298809057117740e-01
-2.049973843657262318e-01
-2.066397003490310913e-01
-2.082609914457406453e-01
-2.098782974165585014e-01
-2.114849278474074945e-01
-2.130520835687571557e-01
-2.145770016397225699e-01
-2.160957538760799601e-01
-2.175891718381371687e-01
-2.190719507132352362e-01
-2.205153770093296883e-01
-2.219297709490045956e-01
-2.233250361186621680e-01
-2.246951585291545872e-01
-2.260446912658149454e-01
-2.273712797682784226e-01
-2.286829863744393732e-01
-2.299628625220010159e-01
-2.312123765914815277e-01
-2.324422536260319916e-01
-2.336455739218589178e-01
-2.348200992575038282e-01
-2.359747119890807099e-01
-2.371042900298024891e-01
-2.382074566891191347e-01
-2.393003888076902230e-01
-2.403675180673877088e-01
-2.414082886471975165e-01
-2.424313160365059450e-01
-2.434312451957106049e-01
-2.444174216369265074e-01
-2.453792532680772465e-01
-2.463275567895286955e-01
-2.472538200496082195e-01
-2.481579962052347654e-01
-2.490390675551736599e-01
-2.498948528060773444e-01
-2.506810143362954157e-01
-2.514562344324400289e-01
-2.522188297608518592e-01
-2.529632758157387418e-01
-2.536754135674507138e-01
-2.543524273696389226e-01
-2.549975972821034165e-01
-2.556062684173440180e-01
-2.561843349733058384e-01
-2.567264946464893338e-01
-2.572221725226651046e-01
-2.576852626282206682e-01
-2.581055369759321372e-01
-2.584784628746270574e-01
-2.588211003095561291e-01
-2.591275815267258809e-01
-2.593988231682478052e-01
-2.596356753763143788e-01
-2.598417643904474272e-01
-2.600209401744500992e-01
-2.601669197836755099e-01
-2.602779456727447038e-01
-2.603562143032554510e-01
-2.604048438082486316e-01
-2.604193728436819399e-01
-2.604017747060625720e-01
-2.603529866423675010e-01
-2.602702741263732134e-01
-2.601540609592363773e-01
-2.600021963769850175e-01
-2.598216198878469663e-01
-2.596061377210217569e-01
-2.593458444675251218e-01
-2.590527680956408729e-01
-2.587199818801144136e-01
-2.583507869870907969e-01
-2.579487517682819142e-01
-2.575135703963759015e-01
-2.570487459278104625e-01
-2.565630615138437820e-01
-2.560616950372222034e-01
-2.555101021760633473e-01
-2.549410764431679910e-01
-2.543547033790172773e-01
-2.537086731540004747e-01
-2.530281511225328517e-01
-2.523120387718587598e-01
-2.515634297597327262e-01
-2.507854882892447956e-01
-2.499656497045848746e-01
-2.491190411202588162e-01
-2.482241542806303825e-01
-2.473245508500300227e-01
-2.463865935254705708e-01
-2.453750143858191290e-01
-2.443381471111127357e-01
-2.433199047245509228e-01
-2.422555366944708910e-01
-2.411064713636113244e-01
-2.399084734408702957e-01
-2.386716672894218516e-01
-2.374144285512896635e-01
-2.361261433183630687e-01
-2.348331803986061783e-01
-2.335077163354789542e-01
-2.321757882131444961e-01
-2.308275660157191878e-01
-2.294395981351105007e-01
-2.280220682369199503e-01
-2.265663529923053476e-01
-2.251086530357106763e-01
-2.236116872267353839e-01
-2.221099556796643504e-01
-2.205981415239178789e-01
-2.190678095849680485e-01
-2.175338853369443437e-01
-2.159743362793639099e-01
-2.144130143323982607e-01
-2.128270840924377794e-01
-2.112068940211031254e-01
-2.095542970082414358e-01
-2.078645895799167143e-01
-2.061502651987431878e-01
-2.044465939363562523e-01
-2.027612382176029737e-01
-2.010990459411932663e-01
-1.994339439434817396e-01
-1.977707006994622319e-01
-1.960916057776843358e-01
-1.944360531076669840e-01
-1.928025516717190302e-01
-1.911766096730417863e-01
-1.895657786944174306e-01
-1.879139265004478032e-01
-1.862949542220092569e-01
-1.846720522256849739e-01
-1.830469066358190178e-01
-1.813809614122316727e-01
-1.796888088743306133e-01
-1.779850783514973778e-01
-1.762425042844194822e-01
-1.744502287344814606e-01
-1.725850840961904442e-01
-1.707438770741972200e-01
-1.689034918761574411e-01
-1.670652557727679011e-01
-1.651857176120194448e-01
-1.632823374969825103e-01
-1.613155106752410806e-01
-1.593785909976258020e-01
-1.574956865876689094e-01
-1.555606545325765588e-01
-1.536222771683960764e-01
-1.515999261223672234e-01
-1.495663678614881920e-01
-1.475057097319594501e-01
-1.454714705452315182e-01
-1.434053121904409200e-01
-1.413637863530730621e-01
-1.393007082815670150e-01
-1.372275878303019225e-01
-1.351602691419611924e-01
-1.331275721073147678e-01
-1.311441394322437892e-01
-1.291830932533080400e-01
-1.272195336697037049e-01
-1.253048931491710094e-01
-1.233773072524358555e-01
-1.213761010266576901e-01
-1.194070828799421585e-01
-1.174227563490517073e-01
-1.154450104146503286e-01
-1.135125241692409720e-01
-1.115673204347850667e-01
-1.096782217541640431e-01
-1.077904147859089223e-01
-1.058774682353682134e-01
-1.040054076003453232e-01
-1.020535714959489859e-01
-1.000630611676292386e-01
-9.805962435779788655e-02
-9.603225913049844020e-02
-9.405743040797896748e-02
-9.205802739957612280e-02
-9.004149632133644221e-02
-8.801100845465172073e-02
-8.607397120418375236e-02
-8.408826630739203722e-02
-8.209909974516496622e-02
-8.014642874205737955e-02
-7.814785588823118523e-02
-7.612082393740188246e-02
-7.412481280556963703e-02
-7.210150303590355525e-02
-7.004808119365352193e-02
-6.804434043319394776e-02
-6.602062458778353016e-02
-6.404616893874319483e-02
-6.208350971677011748e-02
-6.007294617598560316e-02
-5.806864738142403226e-02
-5.602943354904995482e-02
-5.398404687704482646e-02
-5.190906629066297656e-02
-4.981422319942883925e-02
-4.770484684340903225e-02
-4.557860940920484272e-02
-4.346121210547436442e-02
-4.134003420663774631e-02
-3.921658610733183559e-02
-3.703820153989927783e-02
-3.487161035962484112e-02
-3.271634239112167913e-02
-3.054183432331620401e-02
-2.839417075789209613e-02
-2.627754385239438120e-02
-2.417509682266067925e-02
-2.208948955974723502e-02
-2.000283247955716298e-02
-1.790487801812654448e-02
-1.576500412923712013e-02
-1.356036575509130156e-02
-1.135204682684472222e-02
-9.146079086876953215e-03
-6.937309992701654396e-03
-4.721653949911352836e-03
-2.547768556843714536e-03
-3.712062834557019542e-04
1.764084584064169172e-03
3.924405148310271783e-03
6.067434548870030177e-03
8.207201869140813913e-03
1.033307746897654811e-02
1.246213974048402534e-02
1.457645412437372050e-02
1.666937176432407852e-02
1.872509949257451442e-02
2.077564527227677635e-02
2.279318662131907258e-02
2.480149193207710490e-02
2.678767541568558702e-02
2.876285854196683478e-02
3.068337477885469886e-02
3.258013706849283153e-02
3.446552706724224230e-02
3.633684633501226002e-02
3.822998363661026661e-02
4.012119469954078532e-02
4.199372450782816457e-02
4.386036151050291126e-02
4.571934766754361806e-02
4.755982285796349351e-02
4.940946901150437831e-02
5.121864115187226008e-02
5.300524715858552505e-02
5.479024459148971321e-02
5.655338256072618003e-02
5.827617400949851312e-02
5.998615439548340283e-02
6.167220092164420880e-02
6.336915510097582138e-02
6.506737152912941968e-02
6.675897748202126725e-02
6.843915012746794313e-02
7.008899290275735772e-02
7.171613978447446969e-02
7.331078147975210457e-02
7.489652577486571872e-02
7.645691440818555562e-02
7.797476319523449773e-02
7.946652489518014895e-02
8.092876298321041717e-02
8.235711016280530816e-02
8.377389588130333686e-02
8.518712325788195538e-02
8.656073651644598244e-02
8.791027628647971048e-02
8.925059271219813739e-02
9.056336891214206153e-02
9.187948886418817462e-02
9.317586679297210073e-02
9.441585567047162952e-02
9.566101008963742713e-02
9.689116059947916471e-02
9.810689989169200931e-02
9.930684619808723135e-02
1.004824265217259399e-01
1.016329855048260788e-01
1.027796861946108087e-01
1.039155736678005065e-01
1.050376564347675484e-01
1.061319954526492582e-01
1.072204983001657508e-01
1.082849809339354319e-01
1.093372290581415412e-01
1.103719500719436281e-01
1.114052616670662410e-01
1.124097004441888259e-01
1.134003287062455706e-01
1.143900307649168141e-01
1.153558040714760535e-01
1.163151175467301984e-01
1.172706173068780444e-01
1.182229136361616223e-01
1.191635489086708688e-01
1.201000371531699001e-01
1.210306081604748812e-01
1.219653142353763486e-01
1.229029947356653080e-01
1.238472164562523931e-01
1.247854309298862402e-01
1.257189989814780917e-01
1.266422183891017517e-01
1.275624940534689222e-01
1.284869693973964555e-01
1.294024577221384031e-01
1.303072032280253034e-01
1.312116705378311154e-01
1.321073117466285696e-01
1.330148650983641323e-01
1.339198615009050408e-01
1.348243812321555934e-01
1.357255218006451492e-01
1.366184091435616588e-01
1.375077251314039684e-01
1.384083133407207344e-01
1.393039099250582558e-01
1.401850850900026590e-01
1.410572776925341498e-01
1.419112574373694036e-01
1.427481490264702335e-01
1.435862527444240755e-01
1.444217395657360348e-01
1.452396714875079931e-01
1.460461635354886600e-01
1.468356895240499338e-01
1.476227523572239408e-01
1.483963832549970441e-01
1.491590221703542885e-01
1.499083566204023610e-01
1.506463208813616506e-01
1.513879092534254345e-01
1.521234417121412330e-01
1.528555559422276611e-01
1.535657559789855020e-01
1.542688126817941818e-01
1.549601205081179434e-01
1.556413226581405129e-01
1.563167611776720978e-01
1.569760966631997545e-01
1.576223422488824411e-01
1.582597432022703754e-01
1.588885653727209191e-01
1.595048249038297783e-01
1.601194176442023165e-01
1.607192179126040732e-01
1.613070957064628996e-01
1.618909905083560641e-01
1.624741835894703557e-01
1.630533090482218506e-01
1.636228845476055682e-01
1.641808850079746473e-01
1.647320155736121672e-01
1.652715841989722823e-01
1.658039140901750585e-01
1.663270084793087855e-01
1.668516951795308012e-01
1.673731840777596125e-01
1.678873754374062277e-01
1.684025840936222151e-01
1.689184632765067251e-01
1.694359366110866627e-01
1.699544018817811530e-01
1.704733340530840691e-01
1.709926498427632446e-01
1.715122742453429328e-01
1.720321408905254035e-01
1.725521925256650047e-01
1.730723811444295490e-01
1.735926678339778373e-01
1.741130218000342955e-01
1.746322524433813195e-01
1.751511493098497629e-01
1.756628127552375129e-01
1.761657802938791373e-01
1.766598355730540360e-01
1.771538482093909239e-01
1.776487653140940148e-01
1.781529387311004409e-01
1.786588903703569819e-01
1.791649599585659058e-01
1.796711396793035653e-01
1.801774155134684696e-01
1.806837737259524013e-01
1.811901999170853761e-01
1.816966799841540636e-01
1.822032007288761357e-01
1.827097523212941887e-01
1.832155504070878960e-01
1.837217579494298259e-01
1.842215383653676986e-01
1.847178610539892130e-01
1.852145911833288916e-01
1.857129265606309865e-01
1.862022872088204550e-01
1.866883531663799667e-01
1.871730079840109306e-01
1.876605361873489863e-01
1.881482530066393710e-01
1.886361466391636432e-01
1.891238464432450916e-01
1.896118517600829112e-01
1.900999170577144515e-01
1.905852972541021151e-01
1.910652906996602174e-01
1.915415283134019320e-01
