1.999967543473739617e-01
1.999967384396037495e-01
1.978100904754982459e-01
1.952525878509052681e-01
1.926952204979721361e-01
1.901379603471095858e-01
1.875807701426717156e-01
1.850236221915349533e-01
1.824664965025614705e-01
1.799093791133914433e-01
1.773522606814648683e-01
1.747951265560017398e-01
1.722379787858963340e-01
1.696808191999687465e-01
1.671236477323431724e-01
1.645664650349139280e-01
1.620092721754547438e-01
1.594520704341145789e-01
1.568948611370456492e-01
1.543376463680650179e-01
1.517804254372598083e-01
1.492231994034930731e-01
1.466659691823818945e-01
1.441087355477895793e-01
1.415514991425265434e-01
1.389942604941878102e-01
1.364370200332141458e-01
1.338797781111978336e-01
1.313225350182140594e-01
1.287652909985154137e-01
1.262080465080945291e-01
1.236508012180218830e-01
1.210935555841147898e-01
1.185363097844315122e-01
1.159790639971738924e-01
1.134218184028127352e-01
1.108645763203979090e-01
1.083073342788464788e-01
1.057500923212152943e-01
1.031928504896665044e-01
1.006356088251087466e-01
9.807836736631264651e-02
9.552112614852598105e-02
9.296387782040731185e-02
9.040662888184046453e-02
8.784938053952137671e-02
8.529213301354214571e-02
8.275345800926905970e-02
8.025673015930960552e-02
7.786845838647560303e-02
7.556052192292299352e-02
7.329336230043317912e-02
7.101602555900482505e-02
6.869951739450487482e-02
6.649524526115012379e-02
6.432596804527460077e-02
6.222130317773623409e-02
6.006187038171467013e-02
5.804281630945746367e-02
5.597117624513579109e-02
5.399646090086780009e-02
5.195981234559928635e-02
4.996199042127123097e-02
4.794985752661892753e-02
4.592324367631153703e-02
4.391985730120526177e-02
4.187532816074035491e-02
3.985219248144257487e-02
3.783127218504515887e-02
3.582974437868708534e-02
3.384859083778690714e-02
3.188116747447278937e-02
2.993659818604988213e-02
2.801317776785058195e-02
2.609178068382368362e-02
2.418860572257682320e-02
2.232315195046189957e-02
2.047528715332124633e-02
1.862389365355184706e-02
1.677761306518584308e-02
1.494640729402206547e-02
1.313641892235157052e-02
1.133555679057021183e-02
9.547177177421694097e-03
7.774285062540515004e-03
6.023932700017652422e-03
4.296892945450130584e-03
2.617548293069781040e-03
9.614584431085918068e-04
-6.765597693571028448e-04
-2.300764855871814240e-03
-3.898206288859704799e-03
-5.490598505472110528e-03
-7.031800081406110528e-03
-8.544687715780367732e-03
-1.004629878463816732e-02
-1.151692657239493205e-02
-1.296055918897173059e-02
-1.436234819200714156e-02
-1.572989320827245310e-02
-1.710047906050503330e-02
-1.843827871269905841e-02
-1.977208286080704355e-02
-2.108660427923743017e-02
-2.237024804821623539e-02
-2.362189933113934687e-02
-2.485179291566675178e-02
-2.606023949059159753e-02
-2.725104279355092252e-02
-2.842958562646613965e-02
-2.958031629719786587e-02
-3.070014010384287950e-02
-3.179866795517746758e-02
-3.286015662045922714e-02
-3.389438053295183023e-02
-3.491197002395024507e-02
-3.589952562805989039e-02
-3.685493174751946349e-02
-3.781455848879035353e-02
-3.875324240836668099e-02
-3.967037886811525249e-02
-4.056891863186858072e-02
-4.143810866598872378e-02
-4.228865562671559747e-02
-4.313070305705263979e-02
-4.393715895357434148e-02
-4.472128407282223439e-02
-4.548564736646444617e-02
-4.622991409899229048e-02
-4.696414502396766694e-02
-4.767249472368829954e-02
-4.835590778725893518e-02
-4.901932673022992709e-02
-4.966296537040351677e-02
-5.028755786614468037e-02
-5.089104242794049299e-02
-5.147604090265221061e-02
-5.203677364017633700e-02
-5.256889105105198162e-02
-5.307618325165802675e-02
-5.355941921740767914e-02
-5.402296941273980468e-02
-5.446796509165437866e-02
-5.489285870002674067e-02
-5.529448516221721621e-02
-5.566938030901793372e-02
-5.602189594759535846e-02
-5.634575675008248602e-02
-5.664541007718281590e-02
-5.691553416146968164e-02
-5.715883967032468760e-02
-5.737490816071568606e-02
-5.756566987118812845e-02
-5.773246029502959731e-02
-5.787476518926950447e-02
-5.799427166799558248e-02
-5.809261541602873252e-02
-5.817112471145337305e-02
-5.822964044392103106e-02
-5.826610965952685323e-02
-5.827803495509836090e-02
-5.826442159418814687e-02
-5.822515548494037324e-02
-5.816069095542272804e-02
-5.807320890830568877e-02
-5.796362133530696958e-02
-5.783207524550867257e-02
-5.767852677358585589e-02
-5.750416426460567415e-02
-5.731315603431740707e-02
-5.709925577127653029e-02
-5.685810112230544472e-02
-5.659416125098314793e-02
-5.631010982195962938e-02
-5.601059998441250409e-02
-5.569623478203607897e-02
-5.536838759263679882e-02
-5.502441707260884163e-02
-5.465434709235967442e-02
-5.427109316114272358e-02
-5.387301548679702262e-02
-5.345631958635357200e-02
-5.302209082639775667e-02
-5.256920239467426786e-02
-5.208797488596192404e-02
-5.159360300968041796e-02
-5.108336205478677255e-02
-5.054862804714355118e-02
-4.999708830221456096e-02
-4.942868966895885841e-02
-4.884580074453645504e-02
-4.823601134755022696e-02
-4.760412404483605614e-02
-4.695815699255769665e-02
-4.629754180088595239e-02
-4.561531023044213679e-02
-4.491474031290073471e-02
-4.419616546632816612e-02
-4.345605294256355694e-02
-4.270665891768202910e-02
-4.194714780104017576e-02
-4.116557436190974861e-02
-4.036360810575036900e-02
-3.955194427107173311e-02
-3.871996959563502039e-02
-3.786642681944964173e-02
-3.699222896957884976e-02
-3.610576777732094067e-02
-3.519864723969413911e-02
-3.427156871655993170e-02
-3.333460296709535309e-02
-3.238456480758193645e-02
-3.141040433284340849e-02
-3.040201637030574139e-02
-2.938879891135568606e-02
-2.835059004412482375e-02
-2.730341087304268347e-02
-2.622565569509471839e-02
-2.513253556092029037e-02
-2.403363467527374828e-02
-2.291392661902536682e-02
-2.178011875312532014e-02
-2.061684626701964368e-02
-1.946058922072939693e-02
-1.828167720981196259e-02
-1.710908115142654312e-02
-1.593025368309600870e-02
-1.475424089749599946e-02
-1.356235848064711418e-02
-1.234631664715490906e-02
-1.109977643123632833e-02
-9.832535767424632409e-03
-8.531606479905629731e-03
-7.218111676246408842e-03
-5.900708690388509550e-03
2.331173636971956639e-06
2.347072126334330940e-06
1.572496422340229679e-03
2.966945911509744765e-03
4.374262787859292852e-03
5.805987421470472538e-03
7.312117180291954899e-03
8.858549557289742415e-03
1.044743226990258768e-02
1.219902277965984570e-02
1.394581296361479400e-02
1.575986464070206969e-02
1.755573821466823586e-02
1.939149813008929357e-02
2.116733759781982624e-02
2.296551998416866344e-02
2.478910852758609701e-02
2.662738989387243224e-02
2.850893784358417629e-02
3.045608800101175240e-02
3.243731173906820586e-02
3.445672539225164144e-02
3.648115474822664211e-02
3.849978358688496000e-02
4.044755716313087890e-02
4.242021990568021345e-02
4.441601960879815181e-02
4.643414172079627505e-02
4.851407534222533513e-02
5.065237811313066246e-02
5.281526354880620305e-02
5.497573879032591204e-02
5.711066751430118882e-02
5.924075142314468023e-02
6.135122859973247966e-02
6.341544653715044944e-02
6.548544198519981596e-02
6.752757290931417355e-02
6.958113772212509707e-02
7.160425168041555100e-02
7.367983861462265582e-02
7.581008535356405231e-02
7.794635493498087986e-02
8.010966795843861565e-02
8.232267217541261450e-02
8.449313705745463421e-02
8.667289737239847192e-02
8.885819362139234234e-02
9.104327985588045458e-02
9.324467557886570446e-02
9.539639651843050128e-02
9.749690141102734797e-02
9.955197382086371227e-02
1.016341287148262718e-01
1.037484082911152711e-01
1.058761012511252320e-01
1.080145436756497351e-01
1.101984362417257612e-01
1.124312441451133932e-01
1.146562118328209590e-01
1.168292194623110208e-01
1.189333956489640048e-01
1.210111465981822121e-01
1.230672390330103255e-01
1.251097835278132675e-01
1.271254987069290743e-01
1.291272091498638364e-01
1.311520778579576274e-01
1.331909391221506866e-01
1.352258460468737378e-01
1.372885256428706957e-01
1.393898607752361851e-01
1.414912094689655675e-01
1.435955268363268145e-01
