-2.000031875800706571e-01
-2.000032035745320513e-01
-2.018248717236962864e-01
-2.039834449377582182e-01
-2.060774880019412281e-01
-2.082224962284643655e-01
-2.103726331338353073e-01
-2.125120590696458200e-01
-2.147251262598120491e-01
-2.169378914311451967e-01
-2.191288693847585622e-01
-2.213373659426113305e-01
-2.235688422104821493e-01
-2.258474921192121232e-01
-2.280629756252449403e-01
-2.302662967273847450e-01
-2.324571525340614064e-01
-2.346818568887062417e-01
-2.368877218011650743e-01
-2.390692359543326873e-01
-2.412989398275622033e-01
-2.435071395829681851e-01
-2.457338959040349657e-01
-2.479414669312935138e-01
-2.502263153060220735e-01
-2.524788324570017006e-01
-2.521426254657160859e-01
-2.518714670544818235e-01
-2.515729773147064585e-01
-2.538352515672542831e-01
-2.561202847192371457e-01
-2.583972060349233879e-01
-2.606627840001203844e-01
-2.629371364209596718e-01
-2.652848155605722069e-01
-2.675985967919743969e-01
-2.699442725045843594e-01
-2.722843710630520886e-01
-2.746431286834370433e-01
-2.769990651896090950e-01
-2.793417606967026900e-01
-2.816617946038712517e-01
-2.839768983659602952e-01
-2.862847028288295070e-01
-2.885996849418137611e-01
-2.909128059902635899e-01
-2.908229975932315470e-01
-2.906944369946437012e-01
-2.906196964461480459e-01
-2.929765893182668668e-01
-2.953713963321418778e-01
-2.977973137058229636e-01
-3.002374128438300982e-01
-3.026847315752716483e-01
-3.051249960437263375e-01
-3.075843159380440839e-01
-3.100172771673918581e-01
-3.124416057653391365e-01
-3.148832262088687717e-01
-3.173144702848712528e-01
-3.197338902242465863e-01
-3.221432269501894319e-01
-3.245587951802892945e-01
-3.269944168474103185e-01
-3.294053393832090948e-01
-3.318083472294108827e-01
-3.342492723455137704e-01
-3.367003277935802230e-01
-3.367902494222339005e-01
-3.368913189427594213e-01
-3.370009988251858601e-01
-3.394865867397524051e-01
-3.419697959576745161e-01
-3.444748850618629676e-01
-3.469766063136275336e-01
-3.494549692435250376e-01
-3.519238995512851687e-01
-3.544252082471650023e-01
-3.569237497219155397e-01
-3.593911559648141907e-01
-3.618723700018042777e-01
-3.643795382183089293e-01
-3.669086437318972438e-01
-3.694550830217473436e-01
-3.719749334651079042e-01
-3.744768069616680184e-01
-3.769932572314002583e-01
-3.794825568199163279e-01
-3.819676710413690834e-01
-3.844574308376519367e-01
-3.869417908339534695e-01
-3.894414794657826695e-01
-3.919378652127917806e-01
-3.943832476045635582e-01
-3.969089484535269219e-01
-3.993785421234310462e-01
-4.018741995620483398e-01
-4.043615085160582323e-01
-4.068817495303103660e-01
-1.167527172972162568e-07
-1.249103412310963342e-07
-5.116669657214600381e-05
-4.930636771846221852e-05
-1.984702842449016322e-05
3.462929310558346136e-05
1.113022182905302229e-04
2.072302047537255912e-04
3.219858326161135890e-04
4.527732731909252955e-04
6.008678438361346940e-04
7.673659631415973969e-04
9.462809479567652494e-04
1.140006715647468418e-03
1.349262509751266532e-03
1.571042847142771221e-03
1.814124136608422349e-03
2.075470752417798038e-03
2.349641067406324415e-03
2.633912897774323171e-03
2.937073128700755029e-03
3.254658775689781187e-03
3.586265007488565262e-03
3.926117520635952554e-03
4.271363754266783823e-03
4.637556927548865983e-03
5.013487749483257205e-03
5.399710578540961071e-03
5.793715720383570134e-03
6.196991343906404874e-03
6.618025177738306314e-03
7.053805773138681345e-03
7.509365369019193291e-03
7.982046669119120808e-03
8.477141281756916946e-03
8.985744301741002346e-03
9.509564999553687947e-03
1.005634935383467946e-02
4.870353304583659171e-02
4.901497741308547679e-02
4.933132634738446320e-02
4.964836895007780637e-02
4.993918690461938287e-02
5.019713681646478798e-02
5.044992525345742135e-02
5.069334118769382169e-02
5.093158005667305921e-02
5.115615390052164618e-02
5.138571022130469790e-02
5.160939140205458159e-02
5.181764902004456358e-02
5.203593011907842875e-02
5.223601870160971689e-02
5.239998088342553983e-02
5.254289469359086501e-02
5.266307956473974955e-02
5.278982456898405340e-02
5.293362765261909464e-02
5.308498246894642614e-02
5.327623170827713861e-02
5.343313347843012262e-02
5.358169495976233127e-02
5.373371816110077137e-02
5.388495740155785363e-02
5.403483225811610974e-02
5.418866092973241566e-02
5.434438971131522883e-02
5.452438896498579268e-02
5.468145850200245572e-02
5.483398779986874139e-02
5.499614086985750439e-02
5.514384570919528966e-02
5.530179227353988758e-02
5.545900794965024500e-02
5.562145100393817154e-02
5.577232145834032373e-02
5.590685438122464102e-02
5.602745979478568339e-02
5.614222825525853194e-02
5.625308531499437215e-02
5.634035480473246343e-02
5.639722459667981247e-02
5.644063477647632415e-02
5.646376942970737778e-02
5.646233670630539797e-02
5.643931500755163672e-02
5.640083179965638127e-02
5.633875975475666903e-02
5.625258519508177096e-02
5.613568120869762146e-02
5.599419804213825319e-02
5.584595947563131269e-02
5.567479045960136569e-02
5.549450708549848871e-02
5.530075412862411888e-02
5.507115779239092623e-02
5.484225996812139292e-02
5.463948759861964738e-02
5.444780321211083879e-02
5.424608103926267105e-02
5.403517381723237090e-02
5.383980606835768457e-02
5.361495243179376785e-02
5.334711991220083410e-02
5.308241069940290019e-02
5.280354423207456876e-02
5.255224434285934998e-02
5.227864277905875517e-02
5.200100407393079549e-02
5.172410113082924477e-02
5.145971452312459588e-02
5.109227267628219799e-02
5.073292072217273213e-02
5.034938059015633266e-02
4.996395370171332478e-02
4.960551272831246333e-02
4.925293410880273587e-02
4.888809069671094104e-02
4.849260630439008318e-02
4.808174807936154566e-02
4.766460474841145017e-02
4.726649962757194234e-02
4.686560226272695751e-02
4.646118966207289647e-02
4.612849942246519119e-02
4.580970226640265763e-02
4.543225655769846105e-02
4.504192489673299049e-02
4.463676103705580683e-02
4.415401594813021108e-02
4.368636935415088490e-02
4.317146365656594070e-02
4.265004863274828029e-02
4.216540117870899718e-02
4.166010827762992030e-02
4.111462196007033970e-02
4.050569851737682858e-02
3.993975914698247309e-02
3.936672567488339047e-02
3.885320231067908303e-02
3.835503222718392169e-02
3.787767649898581002e-02
3.736658013639330977e-02
3.682810084387158622e-02
3.629775910575195469e-02
3.577534893455162207e-02
3.521048770505946085e-02
3.463585946486905792e-02
3.403015784346295064e-02
3.341381224251393361e-02
3.278251894845677500e-02
3.209311900248055377e-02
3.144059993967088240e-02
3.074971448954677902e-02
3.011394572311576479e-02
2.948935698718756909e-02
2.887463938121960158e-02
2.819904617161601845e-02
2.756751293686438356e-02
2.692223724550877120e-02
2.630454083101328028e-02
2.568189265170646787e-02
2.504442087874554634e-02
2.438391430026370238e-02
2.377247307791623132e-02
2.310762026470378205e-02
2.246253343483754772e-02
2.179728948624612417e-02
2.114160201889596705e-02
2.046472534377837688e-02
1.983336039114994356e-02
1.922674422354219911e-02
1.866926177271876694e-02
1.809052843288523962e-02
1.750666917472508063e-02
1.685876039721444231e-02
1.615888130597250769e-02
1.548920655760733199e-02
1.487445921826910031e-02
1.418382824813299407e-02
1.351045811112289857e-02
1.281565790294447206e-02
1.206789215854752080e-02
1.133187309853869035e-02
1.060766086568778674e-02
9.907407583286020197e-03
9.219279167812590575e-03
8.496388683567272782e-03
7.780310041885391339e-03
7.099449780406035665e-03
6.386255685603068645e-03
5.693083179809875147e-03
5.076445197583866545e-03
4.468882280227140513e-03
3.843431870802324363e-03
3.304721355298645587e-03
2.806629054092193553e-03
2.316484400790143425e-03
1.858933699830308400e-03
1.420517798475936675e-03
1.012769829484422724e-03
6.437905967121666448e-04
3.379208085858343195e-04
-5.000581992636133699e-04
-1.339912588694217900e-03
-2.182002716256738108e-03
-3.026341156932670518e-03
-3.872897710981396732e-03
-4.721583300653996174e-03
1.999980894780970797e-01
1.999980737780028273e-01
1.987817486760563856e-01
1.985571322065028121e-01
1.983588116334683293e-01
1.981755733101442096e-01
1.980099102017909285e-01
1.978473935902421432e-01
1.976847728087140210e-01
1.975426823083207828e-01
1.974151849823026217e-01
1.972897234463105443e-01
1.967897808452252206e-01
1.962879365563440226e-01
1.957848515555369873e-01
1.952812302074880546e-01
1.947769833656366745e-01
1.942720485822141963e-01
1.937664602683397963e-01
1.932602309041371591e-01
1.927533848786033011e-01
1.922446230339353301e-01
1.917321925378721037e-01
1.912196318790133354e-01
1.907070449532491940e-01
1.901945055882902358e-01
1.896820629715166573e-01
1.891697465015151625e-01
1.886575718257532674e-01
1.881455451285434233e-01
1.876336627816492797e-01
1.871219154972104948e-01
1.866102917281949047e-01
1.860987817040299364e-01
1.855873715907605526e-01
1.850760472340315932e-01
1.845647947829573421e-01
1.840535785192959628e-01
1.835423722058239782e-01
1.830311758921956411e-01
1.825199944169871580e-01
1.820088267981007646e-01
1.814976722332998227e-01
1.809865271628257888e-01
1.804753886184849998e-01
1.799642554978819753e-01
1.794531266253900637e-01
1.789420012716614605e-01
1.784308790139500500e-01
1.779197601279854379e-01
1.774086459021724516e-01
1.768975374828692104e-01
1.763864358430303481e-01
1.758753417580969647e-01
1.753642557884638187e-01
1.748531782679969004e-01
1.743421092945957318e-01
1.738310494019117969e-01
1.733199990427247983e-01
1.728089583949586061e-01
1.722979273511082710e-01
1.717869055148836810e-01
1.712758922043468301e-01
1.707648864644781828e-01
1.702538875501774795e-01
1.697428950134843018e-01
1.692319081496063138e-01
1.687209262139745258e-01
1.682099482773618260e-01
1.676989732774599728e-01
1.671880000332024163e-01
1.666770272653197993e-01
1.661660547999819493e-01
1.656550831305530769e-01
1.651441131386060523e-01
1.646331455462896609e-01
1.641221765122384268e-01
1.636111998621998520e-01
1.631002150252804372e-01
1.625892216524029432e-01
1.620782196181959067e-01
1.615672087029386972e-01
1.610561883556972107e-01
1.605451582793509246e-01
1.600341184455436883e-01
1.595230691025506520e-01
1.590120107766901381e-01
1.585009442674137903e-01
1.579898705806607739e-01
1.574787902284832952e-01
1.569677035766803286e-01
1.564566114616799952e-01
1.559455147547599563e-01
1.554344144665290584e-01
1.549233117347148248e-01
1.544122078167493861e-01
1.539011074257824463e-01
1.533900102959279976e-01
1.528789171881456965e-01
1.523678293380632542e-01
1.518567478183455999e-01
1.513456735202181047e-01
1.508346071384391029e-01
1.503235491598088613e-01
1.498124998553129472e-01
1.493014592738913793e-01
1.487904276406852300e-01
1.482794053914221200e-01
1.477683927036037848e-01
1.472573894829591612e-01
1.467463953571475355e-01
1.462354096760797584e-01
1.457244315220216913e-01
1.452134602249814388e-01
1.447024951321916053e-01
1.441915357470662518e-01
1.436805813122799813e-01
1.431696309256889899e-01
1.426586835375988349e-01
1.421477350014274665e-01
1.416367822617129457e-01
1.411258272382883150e-01
1.406148728442433993e-01
1.401039200018181219e-01
1.395929695074549504e-01
1.390996912044007439e-01
1.386277348174837498e-01
1.381874595624560109e-01
1.377666504913536427e-01
1.373693613752204057e-01
1.369907531051404170e-01
1.366200162041047161e-01
1.362578432336322976e-01
1.358874884041880726e-01
1.355158524001795484e-01
1.351430455766301775e-01
1.347692087089604474e-01
3.999967597889145243e-01
3.999967438519880236e-01
3.978151147427051448e-01
3.963845305522843421e-01
3.949550992116137582e-01
3.934825859185348551e-01
3.919937269610745401e-01
3.904098117870184459e-01
3.887287753714361860e-01
3.870056469219838036e-01
3.852696971778683532e-01
3.835409324050984559e-01
3.818250283582753646e-01
3.800970150505234013e-01
3.783608451112455140e-01
3.766378263797654502e-01
3.748742583974730147e-01
3.730374421523864892e-01
3.711363005823313244e-01
3.692250612413019439e-01
3.672866619078607453e-01
3.653381350844523978e-01
3.633787931494779078e-01
3.614265128334350763e-01
3.594719681697250979e-01
3.575273768826666143e-01
3.555763703001498244e-01
3.536205785205684959e-01
3.516394934829388252e-01
3.496792075125406130e-01
3.477611326667981451e-01
3.458464265242011115e-01
3.439400226503748770e-01
3.420225111947027830e-01
3.401292873212401480e-01
3.382369276514197720e-01
3.363424540675554741e-01
3.344962095064935581e-01
3.326695784403946865e-01
3.308455704614942094e-01
3.290506535331644833e-01
3.272545600193809134e-01
3.254459539290822656e-01
3.236688955947497615e-01
3.218670311987898436e-01
3.200506103104315825e-01
3.182242268373400851e-01
3.164172978796789826e-01
3.146282748289490061e-01
3.128539204883454827e-01
3.110668996591287039e-01
3.093071999024044061e-01
3.075218832350668507e-01
3.057623054616640523e-01
3.040336962755396666e-01
3.022705081436830032e-01
3.004919037100068357e-01
2.987240470030017581e-01
2.969970698822390065e-01
2.952646394365264770e-01
2.935090500261360869e-01
2.917426383089178343e-01
2.899560547450152348e-01
2.881683766128303459e-01
