1.999991681141463917e-01
1.999991527491539189e-01
1.996233742299399483e-01
1.996917528135367936e-01
1.997837050734644904e-01
1.998600416205541797e-01
1.999450685738690392e-01
1.999899359291057166e-01
1.999824305158091620e-01
1.999487181628670784e-01
1.997289195022297348e-01
1.996298698313832831e-01
1.994643471672572221e-01
1.992692710478051465e-01
1.992892175999202986e-01
1.994549767508650429e-01
1.998355691987099836e-01
2.002543401449157767e-01
2.007063109492855102e-01
2.012208205060144472e-01
2.017359841847714552e-01
2.022333110541778278e-01
2.027539672630825074e-01
2.032873865232832367e-01
2.038202622293291411e-01
2.043915171896280580e-01
2.049004184678318019e-01
2.054589640304204101e-01
2.060685923305861644e-01
2.066634271415971613e-01
2.072498647458411170e-01
2.077866312326959453e-01
2.082862145065096648e-01
2.087909162900586646e-01
2.093443446597240409e-01
2.099386700253098315e-01
2.105290042378246407e-01
2.111110755408237005e-01
2.116636636434889862e-01
2.122211769738520382e-01
2.127321962116909548e-01
2.132231581824550470e-01
2.136964686346514153e-01
2.141218998339417812e-01
2.144760179486995544e-01
2.148168086562931289e-01
2.151387259041126765e-01
2.154022562258771922e-01
2.156640331149129453e-01
2.158715378635585602e-01
2.160556401848966745e-01
2.162072806428208260e-01
2.163012709639149378e-01
2.163631035811163505e-01
2.163451920609444912e-01
2.162621005734426671e-01
2.160444339486584098e-01
2.157400792365898878e-01
2.155743319027491611e-01
2.153799667716357613e-01
2.151843015562811268e-01
2.150254737235034741e-01
2.148045444983889829e-01
2.144735146127948466e-01
2.142172672899272656e-01
2.137887644293612055e-01
2.133937221913050630e-01
2.130457295782248184e-01
2.126245836102717002e-01
2.121589809887892975e-01
2.117036584130067844e-01
2.111916829399048401e-01
2.105551404269005999e-01
2.100986262380338532e-01
2.095154345824452868e-01
2.089317723425815343e-01
2.083302926050830950e-01
2.076294244240966813e-01
2.070518055142036296e-01
2.063755675329408679e-01
2.057098067011409182e-01
2.049999335907377318e-01
2.043550551946863858e-01
2.037377136735949446e-01
2.030947643400809743e-01
2.024558877029701554e-01
2.018561402196790144e-01
2.012565816893905069e-01
2.006940668891338542e-01
2.000661010294792486e-01
1.994249404885152510e-01
1.987750033922720261e-01
1.981184151708884345e-01
1.974772172259652570e-01
1.968636915072224658e-01
1.962305185439854049e-01
1.955980152827578311e-01
1.949524729647714172e-01
1.943312571661948152e-01
1.937097266798318285e-01
1.931030563601193462e-01
1.925049598369407144e-01
1.919237579576121566e-01
1.913691961459502711e-01
1.908393715889004916e-01
1.903222329044931271e-01
1.898065582021164766e-01
1.893154326176045010e-01
1.888356959625524523e-01
1.883647640635850162e-01
1.879127433796622393e-01
1.874835660067057375e-01
1.870731675188607168e-01
1.866885229214799991e-01
1.863187175862186240e-01
1.859624953938157632e-01
1.856214716608424742e-01
1.852960109454752369e-01
1.849875719244880035e-01
1.846792096977500630e-01
1.843818250408541526e-01
1.840962404825943477e-01
1.838199497196403853e-01
1.835622906327306625e-01
1.833284713583135384e-01
1.831111527436571351e-01
1.828908610548087565e-01
1.826872886600523216e-01
1.824916877787584046e-01
1.823105668709255889e-01
1.821534734920907672e-01
1.820015476803165111e-01
1.818693235747854131e-01
1.817477643079412342e-01
1.816462221527568865e-01
1.815433958125375613e-01
1.814493342522730535e-01
1.813713529740816066e-01
1.812998762458645774e-01
1.812402812171307331e-01
1.811912078268655413e-01
1.811544937446084025e-01
1.811264710536135691e-01
1.811070319926454675e-01
1.810934432656718662e-01
1.810872274148672134e-01
1.810860555875946631e-01
1.810919744289422872e-01
1.811048160001031970e-01
1.811258168008378078e-01
1.811553368801653574e-01
1.811940392384787102e-01
1.812413690686448531e-01
1.812984302272108439e-01
1.813657910852253807e-01
1.814445392599635665e-01
1.815375760900181656e-01
1.816336139395899330e-01
1.817389653904092628e-01
1.818584818113030410e-01
1.819892722362127513e-01
1.821323734314308496e-01
1.822923276480368227e-01
1.824687284586698766e-01
1.826585731769170828e-01
1.828732214407944867e-01
1.831027508651985325e-01
1.833470842774490017e-01
1.835922208382025633e-01
1.838579127027627491e-01
1.841410342730791516e-01
1.844360298134697929e-01
1.847586344314507412e-01
1.850949675539460826e-01
1.854390399877220152e-01
1.857904303290631998e-01
1.861470234520155309e-01
1.865292624658734522e-01
1.869245001405767659e-01
1.873439129323312691e-01
1.877874284169454566e-01
1.882394315500554305e-01
1.887158632610722864e-01
1.892117459892486975e-01
