1.139412134267617117e-06
1.154822700507989919e-06
7.263936378203383025e-04
1.248963552449015423e-03
1.702945160201099328e-03
2.101180562077926972e-03
2.439416223592336293e-03
2.727403827850383069e-03
2.955409340272900122e-03
3.131301931803501942e-03
3.251368403741717282e-03
3.320090997893575865e-03
3.333738570248549922e-03
3.292986301235863427e-03
3.196915596863627793e-03
3.046013311210480756e-03
2.856091774716597569e-03
2.617113164972810491e-03
2.300760680387068085e-03
1.920228483497686501e-03
1.471747419803346411e-03
9.841771200522651461e-04
4.448245024777940961e-04
-1.232061232028187415e-04
-6.822715614171583412e-04
-1.298805236151682509e-03
-2.008219316940544012e-03
-2.794003087002557267e-03
-3.643795006796241975e-03
-4.492789986527705517e-03
-5.423013472470708356e-03
-6.385364298370523745e-03
-7.369540323495754434e-03
-8.404556177936201022e-03
-9.448911522496442755e-03
-1.052950619689959830e-02
-1.167697144219960632e-02
-1.287766948044667160e-02
-1.425784223150507180e-02
-1.565863942197552941e-02
-1.683548347421300051e-02
-1.826263125961996581e-02
-1.937967775692682471e-02
-2.037643882553454716e-02
-2.168440296617374016e-02
-2.271594824256779541e-02
-2.367252001416296145e-02
-2.449930800412765744e-02
-2.531284559884720842e-02
-2.636750195559335250e-02
-2.736654522292751926e-02
-2.847413570761260851e-02
-2.969779807880307612e-02
-3.095610290138267953e-02
-3.212973072106460604e-02
-3.335485445068144678e-02
-3.430060199346202099e-02
-3.555954667642943073e-02
-3.655280727913847588e-02
-3.769454529321848713e-02
-3.874658764026212010e-02
-3.991835182088569745e-02
-4.113578300230068957e-02
-4.226261404820927381e-02
-4.336404839008708989e-02
-4.455651180787270627e-02
-4.584242514410174357e-02
-4.721977067539736422e-02
-4.862405326535913785e-02
-4.989419481608016460e-02
-5.122583832410634863e-02
-5.254168782870685672e-02
-5.378520921247458009e-02
-5.511026708691926790e-02
-5.650198786974779813e-02
-5.791893472729549297e-02
-5.906682147549065925e-02
-6.045361508206933965e-02
-6.189116363852571051e-02
-6.309468007838915649e-02
-6.442040053037002834e-02
-6.542242199795020308e-02
-6.649539132446487255e-02
-6.765713709247256347e-02
-6.886183141254273443e-02
-6.994906094494375559e-02
-7.119404414871929876e-02
-7.241759349575532800e-02
-7.362541633918807948e-02
-7.484564710985232294e-02
-7.593013611324693490e-02
-7.698706480471639857e-02
-7.826357464076998116e-02
-7.947213106012020190e-02
-8.065323756559086843e-02
-8.188167477813441952e-02
-8.320872856556146835e-02
-8.459522302482384848e-02
-8.602191265825967492e-02
-8.732355429730109808e-02
-8.864009219248653038e-02
-9.004425262968346333e-02
-9.141517143847628646e-02
-9.282172110983169522e-02
-9.435396700331820374e-02
-9.591595697529721465e-02
-9.747634718661442321e-02
-9.900419592561834903e-02
-1.004140174530203516e-01
-1.019263539697115861e-01
-1.033947859920265749e-01
-1.048059716050565998e-01
-1.061859142561034225e-01
-1.077063239393476202e-01
-1.093676629503832626e-01
-1.109543219840079531e-01
-1.127048870502869171e-01
-1.144749845423717050e-01
-1.161431961978991040e-01
-1.174134690827355332e-01
-1.189371398426061488e-01
-1.204454941011822572e-01
-1.218753128394698543e-01
-1.233386764926815843e-01
-1.246668383123590018e-01
-1.251120829298743575e-01
-1.262993376214990582e-01
-1.276327456490662371e-01
-1.292437450529547172e-01
-1.304082974317467836e-01
-1.317706888993259440e-01
-1.330268446463249987e-01
-1.346181108610252086e-01
-1.360538653912517493e-01
-1.377007179788933833e-01
-1.392319365774619677e-01
-1.407907877619741510e-01
-1.423615725989615111e-01
-1.439254754022506744e-01
-1.454879921655827246e-01
-1.470124681990579441e-01
-1.483248323165875515e-01
-1.490531016095965333e-01
-1.498948565633917984e-01
-1.501043410064490102e-01
-1.500313174263112059e-01
-1.499919641958361582e-01
-1.499505826619323134e-01
-1.499380594264501931e-01
-1.498832068076002000e-01
-1.498198725604879544e-01
-1.497398524941729592e-01
-1.496335042874017696e-01
-1.495797877935907683e-01
-1.494881772969422762e-01
-1.493807162192624660e-01
-1.492673014003464138e-01
-1.491593549203863722e-01
-1.490614264553884738e-01
-1.489557018595357163e-01
-1.488570081903055620e-01
-1.487690209561436383e-01
-1.486408021745970476e-01
-1.485233258565330783e-01
-1.483751171185013207e-01
-1.482145343249204883e-01
-1.480629368193699391e-01
-1.479599006360311220e-01
-1.478394425473959495e-01
-1.477439873847561924e-01
-1.475761461755831783e-01
-1.473780240363453953e-01
-1.471909264053177235e-01
-1.470052565190003435e-01
-1.468196541241691411e-01
-1.466308094345844804e-01
-1.464610506467548812e-01
-1.463232099988389656e-01
-1.462159909120057943e-01
-1.461450044436382045e-01
-1.460687347684084814e-01
-1.460155926759044709e-01
-1.459234491529958488e-01
-1.458378129613401297e-01
-1.457338698666651444e-01
-1.456610593883932991e-01
-1.455715971052854163e-01
-1.454760938392946346e-01
-1.453736549641109210e-01
-1.452693765686974281e-01
-1.452054631769546522e-01
-1.451001317663012657e-01
-1.449764915637978269e-01
-1.448310508584917389e-01
-1.446542924624716064e-01
-1.444628847215799206e-01
-1.442336485659618805e-01
-1.440087684753737773e-01
-1.437894935060973489e-01
-1.435279248028355770e-01
-1.432702534784437431e-01
-1.429717602437987067e-01
-1.426640316809774933e-01
-1.423622824285537547e-01
-1.420520048927975398e-01
-1.417590148704307718e-01
-1.415160300159637452e-01
-1.412736680632642461e-01
-1.411180103803397479e-01
-1.408844510196575750e-01
-1.405767365039841121e-01
-1.402426879078033650e-01
-1.399279683645611450e-01
-1.396072413568118231e-01
-1.392653371426811337e-01
-1.389357749912918105e-01
-1.385872753536640245e-01
-1.382876271753347430e-01
-1.379671372458847189e-01
-1.376723293712542873e-01
-1.374014313721948211e-01
-1.371277546049515239e-01
-1.368313888636416287e-01
-1.365219448921410894e-01
-1.361920364771925240e-01
-1.358331907760449708e-01
-1.354746666737187411e-01
-1.351265906051498100e-01
-1.348429665645099751e-01
-1.345777702143221566e-01
-1.343066183858006857e-01
-1.340089364390059656e-01
-1.337308632773089034e-01
-1.334316352556618179e-01
-1.331708221382227053e-01
-1.328756690901800874e-01
-1.325418361790682564e-01
-1.322039337661986003e-01
-1.318056222763026586e-01
-1.314399090377963708e-01
-1.310781692610268057e-01
-1.307221792529164872e-01
-1.303936400736446510e-01
-1.300608493946820710e-01
-1.297589818243006510e-01
-1.294041825453961236e-01
-1.290350935741928218e-01
-1.286042195729878435e-01
-1.281442852422452761e-01
-1.277410987870734316e-01
-1.273179333151546744e-01
-1.268885585876489142e-01
-1.264911224397630429e-01
-1.260778409346641205e-01
-1.256153531700927861e-01
-1.251580730017083642e-01
-1.246851599686280843e-01
-1.242667630824676184e-01
-1.238495297881231638e-01
-1.235089849000571977e-01
-1.232011475943334128e-01
-1.229686315529740781e-01
-1.227654283945856656e-01
-1.225304951850810509e-01
-1.223210961125082014e-01
-1.221194431696878274e-01
-1.219023235573065966e-01
-1.217238281163384589e-01
-1.215374579507684516e-01
-1.213443670740275010e-01
-1.211335101468928171e-01
-1.208595597006100059e-01
-1.205804937040735186e-01
-1.202433972111412036e-01
-1.199114269894098334e-01
-1.195760063187367439e-01
-1.192860393570373267e-01
-1.189572498155892222e-01
-1.186872261966419873e-01
-1.184375485489719271e-01
-1.180792197489265588e-01
-1.177278316685645837e-01
-1.173973227754924881e-01
-1.170553685041423458e-01
-1.167224258628171557e-01
-1.163901609262253251e-01
-1.160531202459157557e-01
-1.156873046561358448e-01
-1.153820441674787145e-01
-1.150708925173255515e-01
-1.147884124529859884e-01
-1.144469592719618983e-01
-1.141787218915997909e-01
-1.139280392568427086e-01
-1.137217761136654348e-01
-1.135430545876699310e-01
-1.133584045450803379e-01
-1.131863031157620686e-01
-1.129337181515706612e-01
-1.126532451707300542e-01
-1.124194234159178601e-01
-1.121602331851558887e-01
-1.118438921496875960e-01
-1.114847140704236933e-01
-1.111347686062643531e-01
-1.108362810660652592e-01
-1.105388347721102393e-01
-1.102978236936168616e-01
-1.100126222432087075e-01
-1.097139794500539695e-01
-1.094036763301160092e-01
-1.091358638745699300e-01
-1.088995594469252121e-01
-1.087111666045048330e-01
-1.084904888315883081e-01
-1.082449190916823373e-01
-1.079638143872384132e-01
-1.076240692216108297e-01
-1.072452817970151046e-01
-1.068758295514878054e-01
-1.064629040578457114e-01
-1.060320631442895900e-01
-1.056190475590260691e-01
-1.051721370384496312e-01
-1.047830993944216527e-01
-1.043523803489657537e-01
-1.039619659595873991e-01
-1.035440328183448722e-01
-1.031724678761005293e-01
-1.028291106494071266e-01
-1.025021702259062278e-01
-1.021568606329468915e-01
-1.017535940962615848e-01
-1.013560561433472368e-01
-1.009722485618087112e-01
-1.006584919697953717e-01
-1.003577762060221257e-01
-1.000736164088987662e-01
-9.973680307187272887e-02
-9.944441563467129597e-02
-9.920113979722848530e-02
-9.891140638590061041e-02
-9.859436398055539119e-02
-9.831871838610714565e-02
-9.802761345518871960e-02
-9.787188756346150431e-02
-9.768429567241047884e-02
-9.752578455092929255e-02
-9.734246125783478643e-02
-9.723545350669046683e-02
-9.710292249688190491e-02
-9.698908951891677122e-02
-9.709180026458004431e-02
-9.741478421688933020e-02
-9.788987622032974123e-02
-9.800659354615125218e-02
-9.818836358161872613e-02
-9.842790740204596101e-02
-9.890962108244719109e-02
-9.920204481845944222e-02
-9.945095516016394521e-02
-9.957635997535116412e-02
-9.966871724693514289e-02
-9.977677941699933384e-02
-9.983119382400285069e-02
-9.989799606685985378e-02
-9.991128728997973607e-02
-9.989439823961215881e-02
-9.988464858557612180e-02
-9.988635192266344387e-02
-9.989134144088068767e-02
-9.993482975579313921e-02
-9.995679757868922155e-02
-9.998864798055151493e-02
-9.994553841729153509e-02
-9.995882488781951403e-02
-9.994998411764498270e-02
-9.958886352329184011e-02
-9.949684087931266741e-02
-9.923178493407401601e-02
-9.881983127806785727e-02
-9.817078280323178474e-02
-9.740895620703474145e-02
-9.682875077235851558e-02
-9.621026490304453171e-02
-9.545558504316976889e-02
-9.462421028078221719e-02
-9.364156270884950450e-02
-9.270434324557118300e-02
-9.186472167318066040e-02
-9.080794357258606397e-02
-8.973024345160054982e-02
-8.875906382806794670e-02
-8.778419597238631966e-02
-8.691496706644938341e-02
-8.593806574422506450e-02
-8.487299158840698465e-02
-8.387121612091187617e-02
-8.287805023287944661e-02
-8.165674515831458646e-02
-8.062493285005918608e-02
-7.948325939975851850e-02
-7.841162855774586049e-02
-7.728403965860913827e-02
-7.610645648274548536e-02
-7.485573708330288401e-02
-7.368156004797464520e-02
-7.241177254932285035e-02
-7.121148301606702868e-02
-6.998925791687947429e-02
-6.861837323426668578e-02
-6.728965027782497776e-02
-6.586630757693820448e-02
-6.443477604135922077e-02
-6.299728737614214424e-02
-6.158821642873226615e-02
-6.030302614046372661e-02
-5.881622946244230432e-02
-5.737054621532038795e-02
-5.588037096946707472e-02
-5.456774107394078699e-02
-5.306543871369635845e-02
-5.172269446740766774e-02
-5.049192228405217919e-02
-4.926076170000781573e-02
-4.794861583047319020e-02
-4.657921744256244417e-02
-4.509546968842005621e-02
-4.355838565117738093e-02
-4.218309228098651026e-02
-4.076842299686957855e-02
-3.930696595684515099e-02
-3.785310547731803033e-02
-3.643424083541609709e-02
-3.495944452893978011e-02
-3.346728309281948172e-02
-3.190109914364198940e-02
-3.023840270898254384e-02
-2.864948563037070586e-02
-2.707778458078532319e-02
-2.541545936509012615e-02
-2.375629453069876343e-02
-2.215334103305966265e-02
-2.043755592351019848e-02
-1.869705098342457072e-02
-1.708059481651839906e-02
-1.540968335327467728e-02
-1.383937652714522550e-02
-1.216234842609681052e-02
-1.054031800788369534e-02
-8.919695298539562917e-03
-7.401982345079951252e-03
-5.802177617443737140e-03
-4.207475827178484146e-03
-2.610578682634305536e-03
-1.024664424609074247e-03
5.655393373466548364e-04
2.144263133680721859e-03
3.705978377449872102e-03
5.206315363679304975e-03
6.720510253842649877e-03
8.221800304638898771e-03
9.694891586741815476e-03
1.114732904428223162e-02
1.244323211354217765e-02
1.375549221736291003e-02
1.515904390863666990e-02
1.644932874722797311e-02
1.779063238605033820e-02
1.908415068794135430e-02
2.028894890735789130e-02
2.151217928813889055e-02
2.245944183544098388e-02
2.368220077488511835e-02
2.485701975692695270e-02
2.574134177972406748e-02
2.666298671726405334e-02
2.759531496418381538e-02
2.867029298370144669e-02
2.973689420423444515e-02
3.074459714962242754e-02
3.175932289499602129e-02
3.260511527966637735e-02
3.350440772391109073e-02
3.467405774390688866e-02
3.560012347864503768e-02
3.666021996346505857e-02
3.750044442246087961e-02
3.851084417851000780e-02
3.944552844919012313e-02
4.046895103030426211e-02
4.151219063018186939e-02
4.244004209909423009e-02
4.324051336718243155e-02
4.422864438513683660e-02
4.506968273608007863e-02
4.615025645737668575e-02
4.721411738632463190e-02
4.806646328567804050e-02
4.914374710589276829e-02
5.012721027184848660e-02
5.118632627332065504e-02
5.237197991011487835e-02
5.372676248029904095e-02
5.507336173120720019e-02
5.651161907659314754e-02
5.793015274592474423e-02
5.936710698169764266e-02
6.079625475703586551e-02
6.215258865448266418e-02
6.351706830888556587e-02
6.491158647318058528e-02
6.619290623997503564e-02
6.755813139164451586e-02
6.899333947960056834e-02
7.039766093401962632e-02
7.146117743575165770e-02
7.267783144469340539e-02
7.387684796113623553e-02
7.517667800355366803e-02
7.648446490885535409e-02
7.774623266566417501e-02
7.896108739416654587e-02
8.007751711212517109e-02
8.129346890234158407e-02
8.243805960081859729e-02
8.357341764256343009e-02
8.447078919198372504e-02
8.562703268429389114e-02
8.668912833563545417e-02
8.779060279543368650e-02
8.892080260941323533e-02
9.021579396588345900e-02
9.146527310915997244e-02
9.259744575856856952e-02
9.369194686915546799e-02
9.475586030021526662e-02
9.609300239843057700e-02
9.736727795825163290e-02
9.852427383296753771e-02
9.969410149539117971e-02
1.012691830243152430e-01
1.025995872453793756e-01
1.040032072268087943e-01
1.053240251814260842e-01
1.067069925763153571e-01
1.083109313209339314e-01
1.098737253146452042e-01
1.114750001944592450e-01
1.130666362396515745e-01
1.144275085910631956e-01
1.159409529208423606e-01
1.172518893115516436e-01
1.187625924367777391e-01
1.197552978104890614e-01
1.208568085021741456e-01
1.221079936165288121e-01
1.235532789682426136e-01
1.249670725702738822e-01
1.263283735539052488e-01
1.275772064540236506e-01
1.286257673185873251e-01
1.300007991267415897e-01
1.310327376225041696e-01
1.322749876190457696e-01
1.333098963859012109e-01
1.343370885691768934e-01
1.354510725620867162e-01
1.365367101012829876e-01
1.377532430164994381e-01
1.392261975478813751e-01
1.408908977337239576e-01
1.423186509306367531e-01
1.436298839433224062e-01
1.450267166559411069e-01
1.464199741606882488e-01
1.480659614155340753e-01
1.497110005752886608e-01
1.515541583034181738e-01
1.531640415389126653e-01
1.550188776381742073e-01
1.568359771450953399e-01
1.584342944680172671e-01
1.598080187834633736e-01
1.613253607398421052e-01
1.628966843893604743e-01
1.644640479349985807e-01
1.659293466118158533e-01
1.674477985926624835e-01
1.686967606007978848e-01
1.702752645510611229e-01
1.713490673590145896e-01
1.727820101622782045e-01
1.742222138796844511e-01
1.756509837089472448e-01
1.771878410356998723e-01
1.787999751346182054e-01
1.805333446709007916e-01
1.822430712673330511e-01
1.840740829794517974e-01
1.859083603725480982e-01
1.876979678314990851e-01
1.892727414396288277e-01
1.908239182595653505e-01
1.924813695119485524e-01
1.940864762739682448e-01
1.955962713090512728e-01
1.972622628211114504e-01
1.991105926121944925e-01
2.007491287885501685e-01
2.024218627283775329e-01
2.040798853247698941e-01
2.054020818447968300e-01
2.067047940945523909e-01
2.081774233372067628e-01
2.097194063491992500e-01
2.113485365618804346e-01
2.127180074144916777e-01
2.139903358291267987e-01
2.153590367939472172e-01
2.167994115514206566e-01
2.182177205365406214e-01
2.194481435264935554e-01
2.207180670937633482e-01
2.220033218663267915e-01
2.232870249032830046e-01
2.243790969666613622e-01
2.254022420304859220e-01
2.262642922073072327e-01
2.273035922669358333e-01
2.283516635217989199e-01
2.295155707732198513e-01
2.304929162165331724e-01
2.316454424375075094e-01
2.326544420159902815e-01
2.338261874740748258e-01
2.349119428407449861e-01
2.357317793598898981e-01
2.367881102677517613e-01
2.373235605277621285e-01
2.382541073142070698e-01
2.393608940371654281e-01
2.399324457406437905e-01
2.410361363253213374e-01
2.420849734534151476e-01
2.429556642325312599e-01
2.435403644978553495e-01
2.442001971428169327e-01
2.447001391979604368e-01
2.450701199580128387e-01
2.455847080388191550e-01
2.461615920764069210e-01
2.466486868604188532e-01
2.470997934335546209e-01
2.484638582982771626e-01
2.491987966514506991e-01
2.497681818449584701e-01
2.507623288065924938e-01
2.512789283232780835e-01
2.518082879917759587e-01
2.524223201440692343e-01
2.531821418130412171e-01
2.542394581763918748e-01
2.545641832136275595e-01
2.548230799002188518e-01
2.550136507663465779e-01
2.551451639276189343e-01
2.556290561405601403e-01
2.560684219962637287e-01
2.561795849383296519e-01
2.565651556237181219e-01
2.572412810333691846e-01
2.575470320732323737e-01
2.582276990889372792e-01
2.588651306632995808e-01
2.591015003300402575e-01
2.597003244158956337e-01
2.605119972855353683e-01
2.609244731853220256e-01
2.620689603777785481e-01
2.633389491742206268e-01
2.643816876186543263e-01
2.653127031570381988e-01
2.663021037131829694e-01
2.679206474775024382e-01
2.694707148397359475e-01
2.704224649306020134e-01
2.708059287782252911e-01
2.713334000254155054e-01
2.716011553101519982e-01
2.721111007963242234e-01
2.724667473821832386e-01
2.728589216082162872e-01
2.736332680760447111e-01
2.740658677537456955e-01
2.746390168378264884e-01
2.751589260614614174e-01
2.758235778976474428e-01
2.766977359630507505e-01
2.776161009506529220e-01
2.781522483575431526e-01
2.787343966303689746e-01
2.798355333622276619e-01
2.807888013278382888e-01
2.817219532384231395e-01
2.826135546175077007e-01
2.838269034178501626e-01
2.850304865040859115e-01
2.864028837495219970e-01
2.878870911584278103e-01
2.893325437423033830e-01
2.908146152027816234e-01
2.922921065028316057e-01
2.937584749061690204e-01
2.952457876201557418e-01
2.967536673697431793e-01
2.982331066676548459e-01
2.997220559592234101e-01
3.011734095644777454e-01
3.026303050153519858e-01
3.040712038839278319e-01
3.054837218806809584e-01
3.068747620079131377e-01
3.082684875599714380e-01
3.096355898804630247e-01
3.110118920991348235e-01
3.123754721892382791e-01
3.137006067268494069e-01
3.150299112593000217e-01
3.163522792218101398e-01
3.176580641381054892e-01
3.189396362220202619e-01
3.202012910943070612e-01
3.214455128772634174e-01
3.226700415160588808e-01
3.238874490957598939e-01
3.250962920235126452e-01
3.262800904716548489e-01
3.274450103054580286e-01
3.286024959970119674e-01
3.297354904722091806e-01
3.308602139476592985e-01
3.319514581028604194e-01
3.330263969704000404e-01
3.340712052632482387e-01
-4.749290299127311022e-07
-4.901792047737865510e-07
-2.983003033825360937e-04
-3.473523254445212574e-04
-4.108441088425725403e-04
-4.798308618826241812e-04
-5.698582145268620046e-04
-6.700234464517523629e-04
-7.745259899546731155e-04
-8.890196372019589562e-04
-1.025712701328995984e-03
-1.168315243944199541e-03
-1.320038352428533346e-03
-1.479078038351799374e-03
-1.664387001925992380e-03
-1.845824099247744170e-03
-2.050661424863365473e-03
-2.270340593170201357e-03
-2.507918120130474618e-03
-2.782609041759957595e-03
-3.059658329612336379e-03
-3.337197820167943189e-03
-3.578759002743810320e-03
-3.828146234646096976e-03
-4.078019985407839963e-03
-4.324672201723900496e-03
-4.566498207348476494e-03
-4.790313074561836776e-03
-4.956135077137006385e-03
-5.110612340025059812e-03
-5.285551306660399642e-03
-5.452595887805457807e-03
-5.621354251465163210e-03
-5.803479350616446743e-03
-6.013041459329452297e-03
-6.216874822827754554e-03
-6.454941340129496247e-03
-6.723335091717720646e-03
-7.031437011884838356e-03
-7.368641273670708917e-03
-7.697614487410897426e-03
-8.025323071048983542e-03
-8.338730752263172688e-03
-8.705329135890303716e-03
-9.096967092876209401e-03
-9.519567323682247284e-03
-9.936041380565734799e-03
-1.036775852014860423e-02
-1.082958098107715192e-02
-1.127135465285446225e-02
-1.175435691821889728e-02
-1.230894039372853327e-02
-1.287497656555665684e-02
-1.330765549903607271e-02
-1.382045456048938345e-02
-1.430469932071573753e-02
-1.482894367260399748e-02
-1.534705334680240563e-02
-1.594618582717884786e-02
-1.673387622315583925e-02
-1.745772625128722694e-02
-1.824974222149386427e-02
-1.941384944473420471e-02
-2.016625900338979080e-02
-2.108763462835450131e-02
-2.170318565161169500e-02
-2.240899307179548133e-02
-2.284981000507984791e-02
-2.372308887723425033e-02
-2.406523493948945630e-02
-2.429209458135631744e-02
-2.450111921246965474e-02
-2.467673150498001650e-02
-2.490190309252667683e-02
-2.507397601371847903e-02
-2.524749359577676752e-02
-2.542659799549324903e-02
-2.561906834587576731e-02
-2.582392421382274580e-02
-2.597888269444095788e-02
-2.610166571295976026e-02
-2.619770870399413046e-02
-2.627150428788808251e-02
-2.633898085605574854e-02
-2.638667019770513100e-02
-2.642932559146260463e-02
-2.646356858773547122e-02
-2.648884555315091094e-02
-2.650646735511774654e-02
-2.651524240315595443e-02
-2.651566183940363974e-02
-2.651143544620239087e-02
-2.650348833602374221e-02
-2.648717771816480604e-02
-2.646588340706646988e-02
-2.643999243818782180e-02
-2.642782275039660955e-02
-2.640047115817856574e-02
-2.637414113313366060e-02
-2.632979944486433382e-02
-2.628254997021100409e-02
-2.621670525991640771e-02
-2.613895550146528093e-02
-2.604396253426468494e-02
-2.592670566306280733e-02
-2.583198865242338979e-02
-2.575554617159793794e-02
-2.566278141398372487e-02
-2.557253223646526949e-02
-2.549641089332342625e-02
-2.540845616987214700e-02
-2.530693055709149625e-02
-2.519581561005625539e-02
-2.506238681001826674e-02
-2.489219154115785565e-02
-2.464685082074572972e-02
-2.391489569649371538e-02
-2.305952188646632692e-02
-2.166765927151955914e-02
-2.034256187643615141e-02
-1.951740277202740001e-02
-1.893614809311489067e-02
-1.842407322564252117e-02
-1.769922322963857902e-02
-1.680401272882389024e-02
-1.628322674565577111e-02
-1.569723916665428237e-02
-1.510949132410209853e-02
-1.439131198320667271e-02
-1.338224646691566974e-02
-1.283271177386916852e-02
-1.245990351085487710e-02
-1.199110130444366006e-02
-1.123889184535177034e-02
-1.070330129537364582e-02
-9.282979712593592003e-03
-8.033800124314883703e-03
-7.150700402153373388e-03
-6.264247740625025415e-03
-4.630813313568247873e-03
-3.617803082789024498e-03
-2.355865112835884255e-03
-1.791744631470233370e-03
-4.048331549306493694e-04
2.570226782891955148e-04
1.816248468579027050e-03
2.892914032936803360e-03
3.784959217560174803e-03
4.759096147900036822e-03
5.999184004272026596e-03
6.917643495505443330e-03
8.059211500338232803e-03
8.957241016207821011e-03
9.804493779449250865e-03
1.060442626242129663e-02
1.166684002883873993e-02
1.272300010190898466e-02
1.401752307535916557e-02
1.559821063668012479e-02
1.713464938269060323e-02
1.818489517530429492e-02
1.907049704997988704e-02
2.041829088938814166e-02
2.146961591063608135e-02
2.220212587302785798e-02
2.264686830524172134e-02
2.331550759633478978e-02
2.398639979519400639e-02
2.506483588068061930e-02
2.602219430073416870e-02
2.703126820488406870e-02
2.761468727726216002e-02
2.857016829064612171e-02
2.929101398828133987e-02
2.990701010241050492e-02
3.089396652400605570e-02
3.192052049318799128e-02
3.320637784222391781e-02
3.457128232929106149e-02
3.607764226475833336e-02
3.765176066647984987e-02
3.920442430783240007e-02
4.071715619160026084e-02
4.230110483018333783e-02
4.393186242945067849e-02
4.556323713942111997e-02
4.729771731620144304e-02
4.925158239156814804e-02
5.125334249901349754e-02
5.306657366293501821e-02
5.513307507895964105e-02
5.709155676620301240e-02
5.912247741218602803e-02
6.114933534425180672e-02
6.310583180640608192e-02
6.508681568774073167e-02
6.706544873709605059e-02
6.905051478486458338e-02
7.096848794999698062e-02
7.299700133657578693e-02
7.510950812723947434e-02
7.730354157643433421e-02
7.953755955308623726e-02
8.166022866241333389e-02
8.379122298098805321e-02
8.590330816149506499e-02
8.797823785857286638e-02
9.014905013543554613e-02
9.220318272724574438e-02
9.427437591562656816e-02
9.632422270822288413e-02
9.834355652526521885e-02
1.003047491137073199e-01
1.021787805935160248e-01
1.041399624388025524e-01
1.060120454633109444e-01
1.079626810894142586e-01
1.098728936502567505e-01
1.118095439123394791e-01
1.137556093069631846e-01
1.157011811043344857e-01
1.176387393833053518e-01
1.196032728769803877e-01
1.215060937386826662e-01
1.234312180889993588e-01
1.253694848105947612e-01
1.273644885617010170e-01
1.294077042826519697e-01
1.314692633348354123e-01
1.335491936685687941e-01
1.356658154615308642e-01
1.377308005702876925e-01
1.396837833628704617e-01
1.415795189959431211e-01
1.435161283616546435e-01
1.454633082883383666e-01
1.474059112711270103e-01
1.493073429277438635e-01
1.511649850717143306e-01
1.530019510280087036e-01
1.548891286313950899e-01
1.568367246798990644e-01
1.588018142732552374e-01
1.607486292894202973e-01
1.627186817361164495e-01
1.647431417983263591e-01
1.667831164817613898e-01
1.688346726839674572e-01
1.709735555492326309e-01
1.731099263040312697e-01
1.752621200377418587e-01
1.774622853741312511e-01
1.797234656996384017e-01
1.819942978037936143e-01
1.843126669266048900e-01
1.865806232430649581e-01
1.888702084949749338e-01
1.911007245988995129e-01
1.933290906043254320e-01
1.956195127427820257e-01
1.978841568531749529e-01
2.001392431630948654e-01
2.023449201871893866e-01
2.046217321417534429e-01
2.068469327099956567e-01
2.091106815464979785e-01
2.113870373497491462e-01
2.137046848664432008e-01
2.160540246297997236e-01
2.184279783376834316e-01
