3.999968082717974549e-01
3.999967922797014186e-01
3.977025274104004637e-01
3.952946704992202354e-01
3.928748248726600112e-01
3.904403457092415208e-01
3.880351635229372098e-01
3.856162443824965314e-01
3.832491176987151138e-01
3.809575410834311060e-01
3.786888616386485107e-01
3.764665132683230331e-01
3.742185678695750806e-01
3.719366347413105012e-01
3.696473413228332228e-01
3.673575214657625598e-01
3.650373607459349024e-01
3.627504679580349500e-01
3.604579308456246634e-01
3.581734988189883007e-01
3.558800105934299962e-01
3.535949776557182900e-01
3.512747517801482755e-01
3.489347645513186102e-01
3.464968033263954306e-01
3.440201746964233753e-01
3.415091933645547084e-01
3.390037523736272318e-01
3.365326957140706288e-01
3.340220075222270490e-01
3.315221072139992176e-01
3.289770877516181580e-01
3.264309190327778221e-01
3.238847872053475796e-01
3.213386844691421551e-01
3.187926050623119956e-01
3.162465417262077527e-01
3.137004830846009118e-01
3.111544174114918571e-01
3.086083487694117888e-01
3.060622829059185257e-01
3.035162183994209451e-01
3.009701542806428320e-01
2.984240899332409325e-01
