3.999977188485391855e-01
3.999977030121415478e-01
3.988068976322531323e-01
3.975437036217192577e-01
3.962758000779117440e-01
3.950470846716526152e-01
3.938593546370079967e-01
3.927225185887799341e-01
3.915838205078923107e-01
3.904958133964737121e-01
3.894612504087421323e-01
3.884679032748826200e-01
3.874990223283914514e-01
3.865591965336386271e-01
3.856508280049720239e-01
3.847845920076777282e-01
3.839728153259178711e-01
3.831803435726039986e-01
3.824204200228138451e-01
3.816581151329720978e-01
3.809067925563339174e-01
3.801878443027943422e-01
3.795135122230601232e-01
3.788902486047537321e-01
3.782884268333471800e-01
3.777270898819886091e-01
3.772007100511521327e-01
3.766998682044848668e-01
3.762453990561182571e-01
3.758396217451752119e-01
3.754797541166228214e-01
3.751684129523886191e-01
3.748999896513598995e-01
3.746716771412000879e-01
3.744873280482078903e-01
3.743449355007331669e-01
3.742431441527100389e-01
3.741814495559809828e-01
3.741590316073362121e-01
3.741748471841666590e-01
3.742241283796202689e-01
3.743083461763376807e-01
3.744231784436710120e-01
3.745638175129287761e-01
3.747338989929395181e-01
3.749278307103366958e-01
3.751433362816111172e-01
3.753746412271743438e-01
