-2.000021177979927900e-01
-2.000021335754990637e-01
-2.015857927212504619e-01
-2.031782734801826917e-01
-2.047862927091551599e-01
-2.063908159954987165e-01
-2.080046074764661523e-01
-2.096174671708630199e-01
-2.112352861629152312e-01
-2.128283339888371040e-01
-2.144255392736180710e-01
-2.160242484996081624e-01
-2.176283650935265379e-01
-2.192417132649628897e-01
-2.208529406963833930e-01
-2.224675927471854719e-01
-2.241098935186840724e-01
-2.257472539401514100e-01
-2.273978993885571731e-01
-2.290538305863722424e-01
-2.307193783081398497e-01
-2.324083850709092736e-01
-2.341072760636069561e-01
-2.358017008490215227e-01
-2.375136916504964613e-01
-2.392273487322655046e-01
-2.409544780637332129e-01
-2.426895805992345945e-01
-2.444275135589986658e-01
-2.461934089946915538e-01
-2.480097111373746888e-01
-2.498535553674961496e-01
-2.516865872747582888e-01
-2.535084087310603973e-01
-2.553496753384142948e-01
-2.571707505013149375e-01
-2.589861168687700443e-01
-2.608371969025928827e-01
-2.627036649749930342e-01
-2.645882493548262215e-01
-2.664775478304287626e-01
-3.999991762603957168e-01
-3.999991609602613352e-01
-3.993774642649134399e-01
-3.993012954493800892e-01
-3.992313985255260267e-01
-3.991617360492889510e-01
-3.990914169136329792e-01
-3.989958101628354736e-01
-3.989080866026337158e-01
-3.988271315540071749e-01
-3.987294119604932741e-01
-3.986160653876273385e-01
-3.984969855682592432e-01
-3.983543589721173506e-01
-3.982061387174400946e-01
-3.980674130399488031e-01
-3.979062374344935482e-01
-3.977441267056890939e-01
-3.976041347468308174e-01
-3.974805785146321990e-01
-3.973909140194124556e-01
-3.973171078887579033e-01
-3.972166181407086327e-01
-3.971249827161502099e-01
-3.970456610405926345e-01
-3.969260303402656342e-01
-3.968142986109028936e-01
-3.967160780117973129e-01
-3.965784465124521097e-01
-3.964133173213216232e-01
-3.962672699054078929e-01
-3.961395061097213177e-01
-3.960176150459925326e-01
-3.959199259823930617e-01
-3.958254328660986698e-01
-3.957623268116000625e-01
-3.956650321820266436e-01
-3.955471514567547864e-01
-3.953630737671987583e-01
-3.952420563351866090e-01
-3.951267837905033109e-01
-3.950365320187149698e-01
-3.949145923600158592e-01
-3.948237064287059006e-01
-3.947064254201917977e-01
-3.945803069016870501e-01
-3.944338549781970515e-01
-3.942776523828914748e-01
-3.941257031226994001e-01
-3.940080508143318783e-01
-3.939094394675545230e-01
-3.937705461619162572e-01
-3.936784117503421276e-01
-3.935548950188059170e-01
-3.934520365363996519e-01
-3.933845327057188812e-01
-3.933151040461198567e-01
-3.932575531423631032e-01
-3.932095741855647919e-01
-3.931926807482607478e-01
-3.932267808641203288e-01
-3.933059626336525283e-01
-3.933825778135672802e-01
-3.934271662726162022e-01
-3.934450192107180055e-01
-3.935083672909620023e-01
-3.935317929850353780e-01
-3.936010655216642951e-01
-3.936864323420356526e-01
-3.937690152255946541e-01
-3.938932198530632478e-01
-3.939959435715197356e-01
-3.941017964484284652e-01
-3.941599987309893915e-01
-3.942504096708783212e-01
-3.943458971728810436e-01
-3.944091909695253695e-01
-3.944584153851320441e-01
-3.944947206561555397e-01
-3.945357039805021948e-01
-3.945144137685550056e-01
-3.945038584555236039e-01
-3.945020993523178920e-01
-3.944764765154555874e-01
-3.944594953178108265e-01
-3.944710958470814544e-01
-3.944661940494551544e-01
-3.944419997170807712e-01
-3.944544420461488787e-01
-3.944434607422511174e-01
-3.943672316293676539e-01
-3.942346537902017833e-01
-3.941169274045463466e-01
-3.939819421838987590e-01
-3.937559360132685815e-01
-3.936148504157244155e-01
-3.935073490276282948e-01
-3.934398227106291612e-01
-3.934107305532029142e-01
-3.933936789814183044e-01
-3.933419917641056696e-01
-3.933433657585904686e-01
-3.933160057912329921e-01
-3.932448492670816420e-01
-3.932035119943066426e-01
-3.931523497056300664e-01
-3.930308678146475776e-01
-3.928681909852911880e-01
-3.927403847475875454e-01
-3.926176063449890452e-01
-3.925019725745956256e-01
-3.924239894318933275e-01
-3.923526508003499780e-01
-3.923088055977598798e-01
-3.922654260024646677e-01
-3.922088559289194087e-01
-3.921133075980847704e-01
-3.920712939929901775e-01
-3.920572614590720484e-01
-3.920934798657467191e-01
-3.920984472334621551e-01
-3.921502945046258515e-01
-3.921356735611351008e-01
-3.921561225893047675e-01
-3.921602216311959044e-01
-3.921831198021384912e-01
-3.922221899750748531e-01
-3.923174907304493586e-01
-3.925368336745138076e-01
-3.927743225780156444e-01
-3.930570500842548443e-01
-3.933132141579692709e-01
-3.935802290816772797e-01
-3.937787798507578207e-01
-3.939917751349408803e-01
-3.942167654023114864e-01
-3.943867131074478838e-01
-3.945307863558668582e-01
-3.947102113139085433e-01
-3.947842359073797103e-01
-3.948721957536277527e-01
-3.950072938747922202e-01
-3.951789176188962305e-01
-3.953825264765535308e-01
-3.955530167883706261e-01
-3.956654146803283423e-01
-3.957960530170400171e-01
-3.959871025288812518e-01
-3.961370354050844922e-01
-3.962858735564892543e-01
-3.964383831854065843e-01
-3.965530555022024894e-01
-3.966755868771856819e-01
-3.968286994039855187e-01
-3.970341089664269907e-01
-3.972108235197538417e-01
-3.974383897029959423e-01
-3.977120870011324749e-01
-3.980078647103388323e-01
-3.982922732031510815e-01
-3.985127110826969243e-01
-3.986877944043916155e-01
-3.988881428182227684e-01
-3.990838478316597882e-01
-3.993039811961169860e-01
-3.994823041133856445e-01
-3.996520861472380726e-01
-3.998087503092412898e-01
-3.999450833774797487e-01
-4.000894866745578482e-01
-4.002185507023628408e-01
-4.003314027818132836e-01
-4.004750457639391636e-01
-4.006254492622052799e-01
-4.008062193904022852e-01
-4.009787089780167402e-01
-4.011275964557889373e-01
-4.012897323952401840e-01
-4.014797305536635386e-01
-4.016234637042366273e-01
-4.017724336649635686e-01
-4.018878901244610780e-01
-4.020154226399698660e-01
-4.021604332850738928e-01
-4.023514618115167085e-01
-4.025358407285285489e-01
-4.027707973506591266e-01
-4.030336431965577670e-01
-4.033358300923263196e-01
-4.035419491959812976e-01
-4.037886324093829526e-01
-4.040652413455632086e-01
-4.043452655263694573e-01
-4.047253545112760587e-01
-4.051423468280919149e-01
-4.055058530922328597e-01
-4.058438055429051672e-01
-4.061103307993090272e-01
-4.063497794780627781e-01
-4.065509301639217976e-01
-4.067615467468889134e-01
-4.070092269656320205e-01
-4.072279045034950529e-01
-4.074548498547451159e-01
-4.077269146279693390e-01
-4.079785981278087337e-01
-4.082463700575833521e-01
-4.085485233342864286e-01
-4.088160582303694279e-01
-4.090940762807246389e-01
-4.093928481629733329e-01
-4.096658159670736321e-01
-4.099537997208546058e-01
-4.102290791572194562e-01
-4.104979865169104958e-01
-4.107361698725566779e-01
-4.109426917348609765e-01
-4.112159272812319077e-01
-4.114734099719787874e-01
-4.117390890056868424e-01
-4.119565866006461019e-01
-4.121495350991447038e-01
-4.124043039639758712e-01
-4.126256101400431198e-01
-4.128498411450252092e-01
-4.131204633738854159e-01
-4.134392634041366699e-01
-4.136714658116534826e-01
-4.139167952916829041e-01
-4.141755125475892751e-01
-4.144935039876166405e-01
-4.147685982995141796e-01
-4.149436190057482765e-01
-4.151115362142437926e-01
-4.152849939374699262e-01
-4.154547217863963637e-01
-4.156343535140229473e-01
-4.158040624677570296e-01
-4.159642446246404335e-01
-4.161495463445357701e-01
-4.163930631128130999e-01
-4.166307834886187056e-01
-4.168437543444895588e-01
-4.170269669991436556e-01
-4.172041550261096909e-01
-4.173985652232881094e-01
-4.176044029513266143e-01
-4.178029467704504896e-01
-4.179872030817560202e-01
-4.181429318195001299e-01
-4.182920921908942491e-01
-4.185291908207390277e-01
-4.187268721856270415e-01
-4.189489369073767233e-01
-4.191721286253484724e-01
-4.194151249528133008e-01
-4.196324030657673232e-01
-4.198515733101890191e-01
-4.201017761193174271e-01
-4.203937259661364445e-01
-4.206872347390574474e-01
-4.209585239246563249e-01
-4.212338995532357022e-01
-4.214988176102260065e-01
-4.217132005957078822e-01
-4.219528591552540453e-01
-4.221501106741815668e-01
-4.223830298321378796e-01
-4.225895183336449423e-01
-4.227527041487551540e-01
-4.228973817234016330e-01
-4.230481448378022313e-01
-4.232342256329089669e-01
-4.234245578399081777e-01
-4.236445365139075436e-01
-4.238988421760109260e-01
-4.241809769216478565e-01
-4.244687217487100872e-01
-4.247484795559253734e-01
-4.249581019357931422e-01
-4.251336014734742874e-01
-4.253261413941987201e-01
-4.255553074310752804e-01
-4.258264433791000836e-01
-4.260807705672143286e-01
-4.263955350202027206e-01
-4.266846072206900709e-01
-4.270199947138461072e-01
-4.273322192532938990e-01
-4.275908076360521726e-01
-4.278118525394153382e-01
-4.280134765417420994e-01
-4.282663303419596001e-01
-4.285259470789202774e-01
-4.288251041626446880e-01
-4.290702361518533570e-01
-4.293089650514504974e-01
-4.295152023489530735e-01
-4.297439641210757388e-01
-4.299688051984870696e-01
-4.301848183133220038e-01
-4.303726096679383883e-01
-4.305600291004775260e-01
-4.307497058898930309e-01
-4.310172259628347602e-01
-4.312849916229758995e-01
-4.315039644193732205e-01
-4.317055670276616075e-01
-4.318915723651026162e-01
-4.321102932012105269e-01
-4.322895624963476457e-01
-4.325434695612795921e-01
-4.328058290249918727e-01
-4.330295395206400499e-01
-4.331944617595901437e-01
-4.333347222381229713e-01
-4.334399343186528530e-01
-4.334569778192060019e-01
-4.335374033608325739e-01
-4.335475421744424684e-01
-4.334979085227598228e-01
-4.334572298909155630e-01
-4.334765372845241216e-01
-4.334634920384481394e-01
-4.334259442699406883e-01
-4.333908740692773431e-01
-4.333594605303261460e-01
-4.332537134041879456e-01
-4.331365294544168854e-01
-4.330317941666305681e-01
-4.330004429680315847e-01
-4.329608100336693188e-01
-4.329055326737624720e-01
-4.328914741965996238e-01
-4.328385690838112421e-01
-4.328071060263417036e-01
-4.327069628963777226e-01
-4.326683443550661257e-01
-4.326055563810505822e-01
-4.325516409656740002e-01
-4.324797351810072410e-01
-4.324161324270670015e-01
-4.321868139407274989e-01
-4.320106526621588783e-01
-4.317652743248616143e-01
-4.314941247768045440e-01
-4.312350745892463144e-01
-4.310019283372197307e-01
-4.307881534503573695e-01
-4.306066046139800374e-01
-4.304576820595711895e-01
-4.302951305756820832e-01
-4.301620107602412424e-01
-4.300318362550482054e-01
-4.299456948407702761e-01
-4.298235726952948088e-01
-4.296910288024043956e-01
-4.296336993413812366e-01
-4.295321648592252961e-01
-4.294893461749980101e-01
-4.294480518741873309e-01
-4.293946967723511476e-01
-4.293541967304352891e-01
-4.293329966109944995e-01
-4.293207569720208783e-01
-4.292984242806731077e-01
-4.292928130501228456e-01
-4.293372137901204089e-01
-4.293097975850940218e-01
-4.293204501779800952e-01
-4.293151805875758398e-01
-4.294106716462568474e-01
-4.294874909689682108e-01
-4.296264991141027223e-01
-4.297993888629388914e-01
-4.298858386078039939e-01
-4.300086340314326905e-01
-4.301243410194187655e-01
-4.302508087237718604e-01
-4.303978433681290849e-01
-4.305536658561752161e-01
-4.307632331898258449e-01
-4.309940235896217997e-01
-4.312209644288746424e-01
-4.314600477149880264e-01
-4.316577198027352624e-01
-4.318206773484906669e-01
-4.319482655359695444e-01
-4.321585440623769148e-01
-4.324260795390311718e-01
-4.327055119238715220e-01
-4.330676631611115601e-01
-4.334596985515698497e-01
-4.338389770422999003e-01
-4.342314890879775402e-01
-4.346406441929305808e-01
-4.350445295453008732e-01
-4.354868353768285294e-01
-4.359375479656412145e-01
-4.363185408668922016e-01
-4.366803635156573660e-01
-4.370422237547977873e-01
-4.373967306501661545e-01
-4.377215826042432645e-01
-4.379943600377409485e-01
-4.382751861294684192e-01
-4.385355116377044338e-01
-4.388158282955658684e-01
-4.391072560052655671e-01
-4.394101980615446879e-01
-4.396948147794636497e-01
-4.399191810493319754e-01
-4.401452905080845412e-01
-4.404055729501067940e-01
-4.407070170493869732e-01
-4.409442417926880409e-01
-4.411629321508006019e-01
-4.414013032803278946e-01
-4.416874612665011579e-01
-4.419366863753477759e-01
-4.421964261123408901e-01
-4.424588613228860323e-01
-4.427723196300223929e-01
-4.430502132426503148e-01
-4.433320134974143012e-01
-4.436272014782268180e-01
-4.438861445779616610e-01
-4.441955366021907436e-01
-4.445410555425742261e-01
-4.448768057154713906e-01
-4.452200019575832113e-01
-4.455580492435060047e-01
-4.458843274646812072e-01
-4.462816781408678324e-01
-4.466437337386457984e-01
-4.469920446742207121e-01
-4.473320275747848518e-01
-4.476495140433835451e-01
-4.479365267270409290e-01
-4.482266799348410546e-01
-4.485460396573289210e-01
-4.489359319039758489e-01
-4.493170318675923647e-01
-4.496523729422727267e-01
-4.500637864786447007e-01
-4.505367816908665834e-01
-4.510139312785968468e-01
-4.514808680578428213e-01
-4.519396756907446133e-01
-4.524474655959595526e-01
-4.529351556673165136e-01
-4.534827890067543166e-01
-4.541009727064784784e-01
-4.547365751526040722e-01
-4.553132415327827420e-01
-4.558800318114699657e-01
-4.564366450881979231e-01
-4.569633137282467228e-01
-4.574342008957266170e-01
-4.579037095846276162e-01
-4.583566930508874426e-01
-4.588388770372116010e-01
-4.592879806532080833e-01
-4.597123070689188018e-01
-4.601270558969888791e-01
-4.605047204190427790e-01
-4.608646327080819227e-01
-4.612073240020430065e-01
-4.616312975965666254e-01
-4.620205692898041172e-01
-4.624103310780319220e-01
-4.628096175111616195e-01
-4.631776121289374326e-01
-4.635672221774477242e-01
-4.639697801638176800e-01
-4.644134550927969673e-01
-4.648540312013780818e-01
-4.653157988145142920e-01
-4.657925373986882556e-01
-4.662001198480250075e-01
-4.665629147862676018e-01
-4.669134902001317311e-01
-4.673139154173008292e-01
-4.677309379980097437e-01
-4.681323925809336428e-01
-4.684675419367934635e-01
-4.687607363474107225e-01
-4.690800023879934666e-01
-4.694373347124331519e-01
-4.698298925187929242e-01
-4.702152818355658792e-01
-4.706046961197790091e-01
-4.709586237548686327e-01
-4.713326288528875696e-01
-4.716413076559999862e-01
-4.719594495956827007e-01
-4.722877135248175207e-01
-4.726029837933432565e-01
-4.729517912929447343e-01
-4.732248131248013578e-01
-4.735249411037546485e-01
-4.737938789561421116e-01
-4.740624912242088485e-01
-4.743146572030288999e-01
-4.745218183594086536e-01
-4.747428276568712024e-01
-4.749777245424032235e-01
-4.751737893163652249e-01
-4.754093842628908106e-01
-4.756636352163808867e-01
-4.759794887476586633e-01
-4.762519375795954968e-01
-4.765450822785814999e-01
-4.768351587796772484e-01
-4.770883599273139097e-01
-4.772604717670115848e-01
-4.774713881723533504e-01
-4.776607274452371876e-01
-4.778977472555215322e-01
-4.781011174339294678e-01
-4.782859957133347439e-01
-4.784876235397307886e-01
-4.786628359136692046e-01
-4.788176201800834475e-01
-4.789694952188788823e-01
-4.790701034584115003e-01
-4.791524519070322063e-01
-4.792291652908270416e-01
-4.792879289239539431e-01
-4.793652413667359724e-01
-4.793916126497205221e-01
-4.794213689867726780e-01
-4.794615841792906896e-01
-4.794858190696293931e-01
-4.795256546302801848e-01
-4.795354232360597990e-01
-4.795776234434417362e-01
-4.796325314052783950e-01
-4.796891568656499460e-01
-4.797258817506879769e-01
-4.797325457424801987e-01
-4.797316458669546591e-01
-4.797800652834250945e-01
-4.798130418281162379e-01
-4.798210406533803818e-01
-4.798642757656701452e-01
-4.799373963208832250e-01
-4.799584352711179780e-01
-4.800131272337631594e-01
-4.800921046157244909e-01
-4.801956189017689280e-01
-4.802798040864523776e-01
-4.803752318930281096e-01
-4.804550685020300693e-01
-4.805287491119039633e-01
-4.806050915939475421e-01
-4.806848017412909679e-01
-4.807663001350088172e-01
-4.808469779114668552e-01
-4.809444811470720005e-01
-4.809935119053870278e-01
-4.810132365069819671e-01
-4.809804089654308168e-01
-4.809577500915378501e-01
-4.809305492778503388e-01
-4.809479896622773087e-01
-4.809821725369967660e-01
-4.810301452360348229e-01
-4.810287674046831441e-01
-4.810357333741822616e-01
-4.810403460912385798e-01
-4.809867075892775290e-01
-4.808710213837149028e-01
-4.807600121303247098e-01
-4.806339223528299232e-01
-4.805026862198132354e-01
-4.803791120127204883e-01
-4.802381987199660363e-01
-4.800942142750942998e-01
-4.799872961709530372e-01
-4.799071671168482212e-01
-4.797806925523883659e-01
-4.796447206152780196e-01
-4.794728488858028270e-01
-4.792990213262552368e-01
-4.791127641858377029e-01
-4.789826266537364208e-01
-4.788443794494996464e-01
-4.786531485382652940e-01
-4.784290043477890109e-01
-4.782443240114572225e-01
-4.780368839958673566e-01
-4.777930519461732750e-01
-4.775308158691631832e-01
-4.773160156385126140e-01
-4.771211809709629548e-01
-4.769451522235760299e-01
-4.767855761505024326e-01
-4.766104446276254736e-01
-4.764998696018439284e-01
-4.763920165187901512e-01
-4.762965653466900706e-01
-4.762100418353502063e-01
-4.761124808641076789e-01
-4.760034119418449228e-01
-4.758687945450955081e-01
-4.757478404360118152e-01
-4.756293897568678597e-01
-4.755438255508616652e-01
-4.754887143052633491e-01
-4.754654305759106192e-01
-4.754527715142767841e-01
-4.754398434109176619e-01
-4.754206238780938065e-01
-4.754201881321333811e-01
-4.754340238651461603e-01
-4.754160579049129254e-01
-4.753872152771243531e-01
-4.753533919456786050e-01
-4.752784214709403487e-01
-4.751981464141005196e-01
-4.750700428099298711e-01
-4.749191535052156854e-01
-4.747574329081106215e-01
-4.745549772072064632e-01
-4.743583784675023396e-01
-4.741258530875470667e-01
-4.738821430632446652e-01
-4.736203355540035687e-01
-4.733505324677770854e-01
-4.730803716927441949e-01
-4.728004857914100967e-01
-4.724384507500293262e-01
-4.720825910853822527e-01
-4.717904268153692016e-01
-4.714701375100698866e-01
-4.711431603781700561e-01
-4.708261807309342961e-01
-4.705292673603854725e-01
-4.701771189781287497e-01
-4.698234470495291637e-01
-4.694401157516633893e-01
-4.690430131231820843e-01
-4.686693286143437387e-01
-4.683004559061165195e-01
-4.679256968110235282e-01
-4.675249181077791305e-01
-4.671428187788261854e-01
-4.667826283122644138e-01
-4.664209524241903493e-01
-4.660158434329866872e-01
-4.655903364886717077e-01
-4.651750399136563296e-01
-4.647549966546862255e-01
-4.643545384942728838e-01
-4.639042264855779973e-01
-4.634016384269228905e-01
-4.628593450503161177e-01
-4.622655056916186722e-01
-4.617442749351141074e-01
-4.612484753805759508e-01
-4.607945487109039173e-01
-4.603447348894936231e-01
-4.599058693301857348e-01
-4.594125247214325136e-01
-4.589007202362777593e-01
-4.584238717028057963e-01
-4.579612353319655882e-01
-4.575090648342935995e-01
-4.570799797443564905e-01
-4.566468849085559834e-01
-4.562320881556090058e-01
-4.558427197951601118e-01
-4.554575898530936473e-01
-4.550747999005503863e-01
-4.547027932987537380e-01
-4.543190528564873820e-01
-4.539429109017040775e-01
-4.536249427790308153e-01
-4.533199918241370141e-01
-4.529988786275905288e-01
-4.526871676307361869e-01
-4.524110681699800574e-01
-4.521461361183203298e-01
-4.518409794363983933e-01
-4.515443708557774216e-01
-4.512317900723443742e-01
-4.508905655918841737e-01
-4.505815646651671336e-01
-4.502353355610214658e-01
-4.499366162190412410e-01
-4.496656886454238888e-01
-4.493989423141682704e-01
-4.491434368976303659e-01
-4.489337925466659329e-01
-4.487287942999348966e-01
-4.485206179308785512e-01
-4.483055290347388033e-01
-4.480994215564846894e-01
-4.478686569746891943e-01
-4.476297564887056213e-01
-4.474094627913553501e-01
-4.471509920606002164e-01
-4.469333693824183995e-01
-4.466940113216251729e-01
-4.464455272436955169e-01
-4.461234676817359412e-01
-4.458147816588916013e-01
-4.454795219717943566e-01
-4.451819356603743949e-01
-4.448873094181544641e-01
-4.446013408239949949e-01
-4.442743523053804822e-01
-4.439399401114249022e-01
-4.436112351909121676e-01
-4.432899485273147366e-01
-4.429468924787407502e-01
-4.426198792230193746e-01
-4.422406488383228695e-01
-4.418723330657714499e-01
-4.415280018855570199e-01
-4.411738284507893959e-01
-4.408204371711957892e-01
-4.404432754769925240e-01
-4.400686024890698711e-01
-4.396912733847626042e-01
-4.392452588133953784e-01
-4.388000414068131683e-01
-4.383637374788677543e-01
-4.379596805306427698e-01
-4.376300993247152493e-01
-4.373209653699492439e-01
-4.370878070117894532e-01
-4.368992922322924577e-01
-4.366916565361566027e-01
-4.365110562120954052e-01
-4.363278463949460950e-01
-4.361313130651178205e-01
-4.359405280751409428e-01
-4.357524733346158641e-01
-4.355464315213309345e-01
-4.353188426534819189e-01
-4.350643585540767133e-01
-4.347433833143981574e-01
-4.344018619114901059e-01
-4.340538616238409086e-01
-4.337397256473805029e-01
-4.334010361492512953e-01
-4.330749073300100838e-01
-4.327802741825327315e-01
-4.324550426820290561e-01
-4.321301690600339307e-01
-4.317976416008650897e-01
-4.314605981586723260e-01
-4.311731799888282590e-01
-4.308709709277621092e-01
-4.305596849938893578e-01
-4.302586068918833329e-01
-4.299745198078408492e-01
-4.296693608508616591e-01
-4.293808436355291969e-01
-4.290990854168105217e-01
-4.288040459214670919e-01
-4.284985914971433107e-01
-4.281904958532680161e-01
-4.279008190250469523e-01
-4.276037388964729624e-01
-4.273097892699742606e-01
-4.269973098799586531e-01
-4.266816889465063212e-01
-4.264060055282291040e-01
-4.261187486230704757e-01
-4.258264488937174019e-01
-4.255626219663234955e-01
-4.252806275297901784e-01
-4.249952706973865180e-01
-4.247456580170608786e-01
-4.244889791655549471e-01
-4.242177429272442346e-01
-4.239439387314443142e-01
-4.236995049175158456e-01
-4.234813170364378210e-01
-4.232672057352996342e-01
-4.230844354852235645e-01
-4.228632819018948719e-01
-4.226463445641338024e-01
-4.224391595166311908e-01
-4.222222819122776749e-01
-4.219996788290636958e-01
-4.217669815209424966e-01
-4.215522632825152716e-01
-4.213323575187207792e-01
-4.211025246792572951e-01
-4.208809188833562698e-01
-4.206487147969649731e-01
-4.204093378789032220e-01
-4.201772269798599302e-01
-4.199346485386773464e-01
-4.196726218495892002e-01
-4.194355470153635079e-01
-4.191874770012853912e-01
-4.189279739194193275e-01
-4.186603488616583713e-01
-4.183805482514880159e-01
-4.181303884435136897e-01
-4.179047171255658721e-01
-4.176154391060031279e-01
-4.172985346066310219e-01
-4.169482217989012307e-01
-4.165977920911387300e-01
-4.162363374811496319e-01
-4.158611630970667217e-01
-4.155164321820273288e-01
-4.151973860017423301e-01
-4.148847127635204579e-01
-4.145949291100635148e-01
-4.142845500100577616e-01
-4.139805131064918098e-01
-4.136906328073016725e-01
-4.134235297807520859e-01
-4.131626873540337197e-01
-4.128834499873818009e-01
-4.125819286913523509e-01
-4.122856633248413449e-01
-4.120117774296377933e-01
-4.117114712376292451e-01
-4.114558555205823365e-01
-4.111786650609929872e-01
-4.109523068495697373e-01
-4.107336408920412851e-01
-4.105441102111434537e-01
-4.103620594626423146e-01
-4.101805470992170854e-01
-4.100116638971254557e-01
-4.098725456311465565e-01
-4.097185869253084367e-01
-4.095467194347068296e-01
-4.094059355432957958e-01
-4.092285800014685004e-01
-4.090458093522518213e-01
-4.088693977803063428e-01
-4.087076202358100874e-01
-4.085568090729179147e-01
-4.084063029424128133e-01
-4.082654791742796885e-01
-4.081594159167428182e-01
-4.080041051584633038e-01
-4.078843829516132780e-01
-4.077788412500462090e-01
-4.076796308740838204e-01
-4.075688453926770705e-01
-4.074687148411098581e-01
-4.073743999526999726e-01
-4.072371368051916352e-01
-4.070828942741885892e-01
-4.068833893172606464e-01
-4.067133430189912024e-01
-4.065116963246557247e-01
-4.062806167281455272e-01
-4.060633703948936524e-01
-4.058295132315468123e-01
-4.056028949012007723e-01
-4.053799029255912845e-01
-4.051552937378325447e-01
-4.049579832540891045e-01
-4.048313008577612004e-01
-4.047073011590055502e-01
-4.045723919116181455e-01
-4.044471162634531991e-01
-4.043459447057782263e-01
-4.042502813590652111e-01
-4.040980341120511410e-01
-4.039555031938766860e-01
-4.038105084782664944e-01
-4.036643075759916433e-01
-4.035253808235987338e-01
-4.033885147262880611e-01
-4.032312286385106304e-01
-4.031280529435445903e-01
-4.030297269017535378e-01
-4.029149649907932118e-01
-4.028504402142868979e-01
-4.027566205990693038e-01
-4.026554425962974859e-01
-4.025642605150182018e-01
-4.025024651915032337e-01
-4.024258874367238059e-01
-4.023443053320693852e-01
-4.022506386017298818e-01
-4.021662166326617771e-01
-4.021336769425508662e-01
-4.021004186636968347e-01
-4.021029753440837906e-01
-4.021040859464434236e-01
-4.021399355033946077e-01
-4.021802427620492781e-01
-4.022200828734429079e-01
-4.022818724770471643e-01
-4.023265603331410700e-01
-4.023912758955215940e-01
-4.024382210850111496e-01
-4.025015162584548722e-01
-4.025889651048270568e-01
-4.026994296638469195e-01
-4.027804853091760395e-01
-4.028469464587952631e-01
-4.028756691020754510e-01
-4.028934525051298121e-01
-4.028728054867419806e-01
-4.028470004607755395e-01
-4.027787236884987077e-01
-4.026539189289588538e-01
-4.025326365095485692e-01
-4.023986528244867245e-01
-4.022573259084875064e-01
-4.021132952216338596e-01
-4.019919276694978172e-01
-4.018704578037383679e-01
-4.017344277107440798e-01
-4.016383432877487225e-01
-4.015438608789648200e-01
-4.014441590658076597e-01
-4.013557674302799527e-01
-4.012779254461507072e-01
-4.012496271638039680e-01
-4.012247040536501830e-01
-4.012311908858879894e-01
-4.012524389654232859e-01
-4.012464110460946531e-01
-4.012906016376438512e-01
-4.013678421035144495e-01
-4.014097521096803289e-01
-4.014388628373508627e-01
-4.015236139073998234e-01
-4.016193252264119162e-01
-4.017213999014069836e-01
-4.018005111685552522e-01
-4.018297609418750582e-01
-4.018543221599890081e-01
-4.018670374326535621e-01
-4.018963805001898870e-01
-4.018904104126820864e-01
-4.019010209745799145e-01
-4.018941798518004815e-01
-4.018660535355964569e-01
-4.018574967857027613e-01
-4.018822349796178917e-01
-4.019198802168720830e-01
-4.019179572236797338e-01
-4.018985063834050186e-01
-4.018769684817464216e-01
-4.018045039891310344e-01
-4.016776167434542577e-01
-4.015174362765763227e-01
-4.013877817568317075e-01
-4.012581587655728033e-01
-4.011293328680280990e-01
-4.010236400399482815e-01
-4.009077909546901464e-01
-4.008098345830412024e-01
-4.007031623810877741e-01
-4.006272759411278472e-01
-4.005539042708710640e-01
-4.004616520098627785e-01
-4.003834977713847665e-01
-4.002852801283727224e-01
-4.001940058811244705e-01
-4.001073719734557499e-01
-4.000015023473984521e-01
-3.998856132608283320e-01
-3.997673313013800911e-01
-3.996573123794679994e-01
-3.995551786791027293e-01
-3.994440165004738419e-01
-3.993281372883110691e-01
-3.992206096255355718e-01
-3.991107087820324195e-01
-3.989969340790237573e-01
-3.988757847159437042e-01
-3.987700588421033143e-01
-3.986479198336759788e-01
-3.985372569434562084e-01
-3.984091932503746047e-01
-3.982865721841958306e-01
-3.981392993150862369e-01
-3.979863377963214766e-01
-3.978536082560333309e-01
-3.977561509800223161e-01
-3.976681082865675121e-01
-3.975982582084732764e-01
-3.975220184483794217e-01
-3.974418446590442522e-01
-3.973767821739984107e-01
-3.972992959095473786e-01
-3.972229044578527990e-01
-3.971216024081812845e-01
-3.970379144195886889e-01
-3.969662670168080942e-01
-3.968753844296769584e-01
-3.968008383148639573e-01
-3.967188232762219324e-01
-3.966368870460921792e-01
-3.965654403596519106e-01
-3.964999643284656816e-01
-3.964401454397325497e-01
-3.964026756618659886e-01
-3.963642070482518154e-01
-3.963422982546354612e-01
-3.963135427192464588e-01
-3.962758792170514854e-01
-3.962383657941169202e-01
-3.961781273214303734e-01
-3.961106930838367846e-01
-3.960529948520210564e-01
-3.960070261986519680e-01
-3.959445816221580650e-01
-3.958869404594858588e-01
-3.958354925123154233e-01
-3.957877495686993874e-01
-3.957431480924929468e-01
-3.956982371717778224e-01
-3.956544504373983862e-01
-3.956211784643195450e-01
-3.955788592209945609e-01
-3.955382918745963816e-01
-3.955229804747207312e-01
-3.955099323539489897e-01
-3.954923149075710853e-01
-3.954781271002178467e-01
-3.954788615285608766e-01
-3.955022424447307006e-01
-3.955368246672465449e-01
-3.955697242950449444e-01
-3.956071455590298158e-01
-3.956358492755188694e-01
-3.956672063833857056e-01
-3.957053175927099931e-01
-3.957333713432071298e-01
-3.957531071061492489e-01
-3.957641022868269021e-01
-3.957669375009398860e-01
-3.957682829398272983e-01
-3.957636909898094024e-01
-3.957619232947798826e-01
-3.957513463116273389e-01
-3.957404569104580605e-01
-3.957321229014467145e-01
-3.957208572392927892e-01
-3.957119111068693740e-01
-3.956949831731879641e-01
-3.956884156937516828e-01
-3.956718144058253839e-01
-3.956499235724798558e-01
-3.956349417301688876e-01
-3.956237323873769696e-01
-3.956124360491770076e-01
-3.955989597268432800e-01
-3.955821893932310318e-01
-3.955644379880400296e-01
-3.955467577339067953e-01
-3.955326731598978740e-01
-3.955132232765654621e-01
-3.954943537013368982e-01
-3.954793368079371207e-01
-3.954693462558143691e-01
-3.954552283407155033e-01
-3.954411094573723195e-01
-3.954265412875815899e-01
-3.954154254035346927e-01
-3.954019281364017369e-01
-3.953904022528887952e-01
-3.953774244769279189e-01
-3.953711585798868611e-01
-3.953672346353550582e-01
-3.953656534003787137e-01
-3.953613232520644116e-01
-3.953568705579659226e-01
-3.953535180835345275e-01
-3.953508983874114424e-01
-3.953493261839133299e-01
-3.953491241439281989e-01
-3.953497873459995704e-01
-3.953505001617725334e-01
-3.953515925970573219e-01
-3.953530807075253950e-01
-3.953561291299710345e-01
-3.953602949525819588e-01
-3.953628887149604476e-01
-3.953657251367841963e-01
-3.953708351560474288e-01
-3.953774084996942162e-01
-3.953854420212983278e-01
-3.953946473675185036e-01
-3.954008987367861327e-01
-3.954031593307479886e-01
-3.954003871642325363e-01
-3.953975009280896180e-01
-3.953907976088211762e-01
-3.953879793902960182e-01
-3.953806436119983725e-01
-3.953743481327186560e-01
-3.953784560315586338e-01
-3.953925285058466077e-01
-3.954062945342857183e-01
-3.954211503886871926e-01
-3.954351670629239757e-01
-3.954565837978581966e-01
-3.954853360176827648e-01
-3.955148328692775217e-01
-3.955358139311219157e-01
-3.955672505437612396e-01
-3.956007330960261137e-01
-3.956318902784332625e-01
-3.956697457669950402e-01
-3.957132579216127155e-01
-3.957530959312475227e-01
-3.958036221365365814e-01
-3.958535981706098328e-01
-3.959061607138141814e-01
-3.959692223210152240e-01
-3.960424540650686609e-01
-3.961207258796461961e-01
-3.962038218748589746e-01
-3.962845984161321722e-01
-3.963714866534630565e-01
-3.964553812102635799e-01
-3.965392334215290804e-01
-3.966398163582351977e-01
-3.967387440158217649e-01
-3.968477715371481196e-01
-3.969607300431240438e-01
-3.970903459942089486e-01
-3.972164745710523026e-01
-3.973255459447091464e-01
-3.974403506939502839e-01
-3.975762133721946756e-01
-3.977138121785365743e-01
-3.978388689321061267e-01
-3.979601806031968780e-01
-3.980865517297612621e-01
-3.981909952869223113e-01
-3.983253008316590682e-01
-3.984441236331850988e-01
-3.985665311348030593e-01
-3.987053182154364772e-01
-3.988457602750187792e-01
-3.989772270506638518e-01
-3.991086964894395295e-01
-3.992212806746491260e-01
-3.993460718446614210e-01
-3.994729841492957179e-01
-3.995974398485040990e-01
-3.997046227831091980e-01
-3.998429808943004815e-01
-3.999701227960856809e-01
-4.001019679193889012e-01
-4.002345261549314914e-01
-4.003799269394897609e-01
-4.005213583462757798e-01
-4.006824214897058978e-01
-4.008544093899512606e-01
-4.010449636914845128e-01
-4.012381290960079783e-01
-4.014296768475906774e-01
-4.016257049148170832e-01
-4.018036653145496961e-01
-4.019885119259071216e-01
-4.021974234419428140e-01
-4.023982957104804137e-01
-4.026202091405788330e-01
-4.028706577164681835e-01
-4.031130653421357568e-01
-4.033911771687563874e-01
-4.036684725804671192e-01
-4.039343627450023844e-01
-4.041973850853521344e-01
-4.044648264562304973e-01
-4.047301203462227437e-01
-4.049779620711549399e-01
-4.052368426175300686e-01
-4.054832038118226789e-01
-4.057386913932442551e-01
-4.059625887970461089e-01
-4.061975642728338221e-01
-4.064335472577552677e-01
-4.066689998633675751e-01
-4.069274492373176622e-01
-4.071691341775034445e-01
-4.074401630109868999e-01
-4.076655690525765041e-01
-4.078843900994637006e-01
-4.080710788632801456e-01
-4.082784149509534055e-01
-4.084850662256926945e-01
-4.087366240076612534e-01
-4.090115051293872206e-01
-4.093670040588665016e-01
-4.097603122563366895e-01
-4.101782985104372448e-01
-4.106021055468274672e-01
-4.110423076619768579e-01
-4.115526150041167175e-01
-4.120618004788275668e-01
-4.125869869680071633e-01
-4.131228710207280330e-01
-4.136582187529637133e-01
-4.141786584248768888e-01
-4.146741521569136668e-01
-4.151540828651232307e-01
-4.156747527748554383e-01
-4.162276772552643278e-01
-4.168117925544534419e-01
-4.173659059665883464e-01
-4.179353471923932251e-01
-4.185320154019398498e-01
-4.191562034383241597e-01
-4.197943838657847704e-01
-4.204355496571964279e-01
-4.210414092186109403e-01
-4.216195545380954646e-01
-4.221866409087988159e-01
-4.227412115343399668e-01
-4.233032172092241474e-01
-4.238511470286898120e-01
-4.243974900970731712e-01
-4.249432262125756865e-01
-4.255349587666812372e-01
-4.261138142745062862e-01
-4.266316040622901151e-01
-4.270889181923836486e-01
-4.276026515746999546e-01
-4.281127091055752509e-01
-4.285948639452791253e-01
-4.289836960465462923e-01
-4.293899457852388690e-01
-4.315570355941355518e-01
-4.337193272670186728e-01
-4.358697117837089796e-01
-4.380113947841874911e-01
-4.400763920238593419e-01
-4.421591698209036969e-01
-4.442634163856479801e-01
-4.463917805352293211e-01
-4.484954409937614295e-01
-4.506015584369760796e-01
-4.526784869992441229e-01
-4.548049660744133971e-01
-4.569368025342159245e-01
-4.591619548687169705e-01
-4.613812598560740885e-01
-4.635920274125975848e-01
-4.659384222366629857e-01
-4.682661957096309058e-01
-4.706473179861712097e-01
-4.731240402323384497e-01
-4.755615052491365402e-01
-4.780663919604610790e-01
-4.805815985044665228e-01
-4.830945461666441565e-01
-4.855935485644741201e-01
-4.880203134026351863e-01
-4.904611618738248247e-01
-4.929120778763126376e-01
-4.953623070834657915e-01
-4.978239679616453528e-01
-5.002521403832558278e-01
-5.026935445896385524e-01
4.000027573337376352e-01
4.000027733509408101e-01
4.016562251759568380e-01
4.016392238683728633e-01
4.016409758483445169e-01
4.016155066390612038e-01
4.016242792043704379e-01
4.015765186395552355e-01
4.014715223442050784e-01
4.013489073294483345e-01
4.012660786314826145e-01
4.012254568800567855e-01
4.011413987325319619e-01
4.010824451073203845e-01
4.010621309419832303e-01
4.010767283050228893e-01
4.011184655863194171e-01
4.012212734514709056e-01
4.014174911248895028e-01
4.016018782111632768e-01
4.017764851238768142e-01
4.019288487869164261e-01
4.021709384426760958e-01
4.024166208573506376e-01
4.026609445736992199e-01
4.029742583762707664e-01
4.033089149043917465e-01
4.036676832669376935e-01
4.040488831484043697e-01
4.044064599524603287e-01
4.047875154862423108e-01
4.051155456115636544e-01
4.053762758708833180e-01
4.055590532313740337e-01
4.057645928822058989e-01
4.060139106718290702e-01
4.062243931911134198e-01
4.063902347931493408e-01
4.065541604544946064e-01
4.067144241139968863e-01
4.068144331249772816e-01
4.069010970126401006e-01
4.070596682959650714e-01
4.072018459952657099e-01
4.073632571019911719e-01
4.075152608249725250e-01
4.076670498866811210e-01
4.078138865092925114e-01
4.079271310579976606e-01
4.080755504694873470e-01
4.082465332432965166e-01
4.084273056784560318e-01
4.085836455588481853e-01
4.087014295681346554e-01
4.088108867831677373e-01
4.089396561268362484e-01
4.090771431791557777e-01
4.091955188314775338e-01
4.093054806700414106e-01
4.093943494445932973e-01
4.094590157830381161e-01
4.095268944528869803e-01
4.096312862664721610e-01
4.097310488997104039e-01
4.098128553714791567e-01
4.099009268162705499e-01
4.099968302149502586e-01
4.101085706466930936e-01
4.102032518719605503e-01
4.102795228198052868e-01
4.103627964859815069e-01
4.111093597401742072e-01
4.118431629156488194e-01
4.125582455141338367e-01
4.132688343496087602e-01
4.139683689582011605e-01
4.146560948891137022e-01
4.153348519778368164e-01
4.160007919733567094e-01
4.166452491706786332e-01
4.172735720425356787e-01
4.178879302818457875e-01
4.184833498482352088e-01
4.190571655163812803e-01
4.196137750364075658e-01
4.201564918977191421e-01
4.206796899822556335e-01
4.211823462377935479e-01
4.216605932509193688e-01
4.221212781501182953e-01
4.225569111741260264e-01
4.229688802129890624e-01
4.233611956162074419e-01
4.237325406697735608e-01
4.240832406991762449e-01
4.244149826224147826e-01
4.247263094802679051e-01
4.250161649052524027e-01
4.252846405159872445e-01
4.255313067334383081e-01
4.257576812106286801e-01
4.259644811371974260e-01
4.261522879585069035e-01
4.263216287705416940e-01
4.264750395839770891e-01
4.266111472678944527e-01
4.267310932894210485e-01
4.268377104839796155e-01
4.269332508874133514e-01
4.270172634174316251e-01
4.270881109046650859e-01
4.271458844835260837e-01
4.271914722371007445e-01
4.272263184588112606e-01
4.272535061050901639e-01
4.272745481264787482e-01
4.272908926259913476e-01
4.273028443107600438e-01
4.273088362738292623e-01
4.273109492958186983e-01
4.273050335905713148e-01
4.272914135724130702e-01
4.272697439785968498e-01
4.272406267593990004e-01
4.271999178908699180e-01
4.271476172036932084e-01
4.270819168691967205e-01
4.270057655272329611e-01
-2.000032029665394229e-01
-2.000032189617789169e-01
-2.015443132773155621e-01
-2.032630402896148658e-01
-2.050042266974785865e-01
-2.066938493730087201e-01
-2.083596093540830696e-01
-2.099585747811117398e-01
-2.115823402638765671e-01
-2.131858503991771736e-01
-2.147816121977956239e-01
-2.163409389303668218e-01
-2.178511461533629290e-01
-2.193848348325676545e-01
-2.209206900179001842e-01
-2.224422294539634970e-01
-2.239525390340891542e-01
-2.254921508869657254e-01
-2.269569974437674331e-01
-2.284071560425693925e-01
-2.298052997986471391e-01
-2.312472273878397322e-01
-2.327106015071302436e-01
-2.341537197973417306e-01
-2.355721141715625688e-01
-2.370786773093842281e-01
-2.386245649035752814e-01
-2.401010579750539609e-01
-2.415509149625466867e-01
-2.429590817344382814e-01
-2.442879366469832281e-01
-2.456363742806685346e-01
-2.470824983966575239e-01
-2.484917929141411130e-01
-2.499251996878539273e-01
-2.513481187007259865e-01
-2.527236436154216004e-01
-2.541207047116183504e-01
-2.555198431016951766e-01
-2.569062613276555940e-01
-2.583363811835653889e-01
-2.597931288614481193e-01
-2.612462655550601420e-01
-2.627342670364489763e-01
-2.642244149400622688e-01
-2.656404781369549606e-01
-2.669911064707866100e-01
-2.683388738836760545e-01
-2.697091443651316589e-01
-2.710753863748462389e-01
-2.724018602762249830e-01
-2.737436461534734633e-01
-2.751308703885511631e-01
-2.765190146037858621e-01
-2.779075099204318944e-01
-2.792506725545256252e-01
-2.806484541930108212e-01
-2.820099313314181066e-01
-2.833030527650800545e-01
-2.846116418578249485e-01
-2.858628711739965023e-01
-2.871556675804018965e-01
-2.884844689312965338e-01
-2.896609284383902527e-01
-2.901742001608652588e-01
-2.912179713533363246e-01
-2.915670034504226904e-01
-2.916209518425189051e-01
-2.914539280391374998e-01
-2.908585719912196166e-01
-2.901487604298799705e-01
-2.893588994700707073e-01
-2.885700809317262028e-01
-2.877762697211284637e-01
-2.870043556062364387e-01
-2.861510068599498191e-01
-2.853330893525873324e-01
-2.845058283907685448e-01
-2.836744690369334410e-01
-2.828452686816803063e-01
-2.819687624396617354e-01
-2.811520174892850887e-01
-2.804107829048848033e-01
-2.796272711020526547e-01
-2.788631709535601133e-01
-2.781150480106481804e-01
-2.773694262533119015e-01
-2.766022636257685074e-01
-2.758807769844820457e-01
-2.751951344326541982e-01
-2.745461686856656147e-01
-2.739452683698526680e-01
-2.732837623324766430e-01
-2.726027989711569122e-01
-2.719430927912330209e-01
-2.713282554212392839e-01
-2.707336409397680943e-01
-2.701324596768174824e-01
-2.695516447445804875e-01
-2.689426452943950996e-01
-2.682928576066823667e-01
-2.676638052773337439e-01
-2.670431232193692939e-01
-2.664159294718552173e-01
-2.657991217264014105e-01
-2.651797295221661188e-01
-2.645491460959964458e-01
-2.639064782291475897e-01
-2.632431645682800636e-01
-2.625992343050075895e-01
-2.619280614990489031e-01
-2.612678194112195706e-01
-2.605959567039130009e-01
-2.599135701557956368e-01
-2.592720401954903275e-01
-2.587033812157834567e-01
-2.581089729945826305e-01
-2.575202215717716236e-01
-2.569509407332224993e-01
-2.563942379630324009e-01
-2.558597969502411917e-01
-2.553254552804917754e-01
-2.547728342829580495e-01
-2.542258396469423420e-01
-2.537075828164776503e-01
-2.532233941231780694e-01
-2.527103876170842534e-01
-2.521753387135971525e-01
-2.516573603868834108e-01
-2.511181843996642682e-01
-2.506145982087238933e-01
-2.500952577460812121e-01
-2.496007704381652259e-01
-2.491146188420922947e-01
-2.486461438744102248e-01
-2.481590320422477625e-01
-2.476750334856729074e-01
-2.472145522805743179e-01
-2.467667433789152986e-01
-2.463130498739940777e-01
-2.458473419301861751e-01
-2.454071101830382351e-01
-2.449696572290851748e-01
-2.445233485101364068e-01
-2.440561992239203004e-01
-2.436028563760270493e-01
-2.431633013271041199e-01
-2.427429847697721854e-01
-2.423299950472629916e-01
-2.419331375641734505e-01
-2.415600689381785238e-01
-2.412062304926345102e-01
-2.408691055842986650e-01
-2.405403981693668702e-01
-2.401959604750511235e-01
-2.398497219018902449e-01
-2.395282237525002966e-01
-2.392058173981785052e-01
-2.388882653913987075e-01
-2.385711352774049776e-01
-2.382377371630369500e-01
-2.379035670801852298e-01
-2.375816698724481646e-01
-2.372370056401275906e-01
-2.368872013319349157e-01
-2.365440881480653790e-01
-2.362007956154122679e-01
-2.358530459870317453e-01
-2.355191647173011660e-01
-2.352043965867170461e-01
-2.348910146871732718e-01
-2.345615615220615346e-01
-2.342018746738267210e-01
-2.338346571270695784e-01
-2.334901392555086275e-01
-2.331482650739812035e-01
-2.327977321141134759e-01
-2.324293467681946279e-01
-2.320644436064542293e-01
-2.317157470115282503e-01
-2.313589698197556777e-01
-2.310071970439941114e-01
-2.306309050999603150e-01
-2.302651636839717075e-01
-2.298724985908691121e-01
-2.294741935747915407e-01
-2.290797770446339754e-01
-2.286925130398081984e-01
-2.283149227973215456e-01
-2.279684936803695050e-01
-2.276199125448592209e-01
-2.272757849649232886e-01
-2.269279183038124259e-01
-2.265572178106005641e-01
-2.262033251203406092e-01
-2.258265098860911535e-01
-2.254620306724226531e-01
-2.251028269657159298e-01
-2.247494800504478418e-01
-2.244032255698315825e-01
-2.240377684068785291e-01
-2.236503376545186106e-01
-2.232562060066454745e-01
-2.228647589737168810e-01
-2.224804004631479593e-01
-2.220876094565892578e-01
-2.216901861815506747e-01
-2.212829394169469333e-01
-2.208753595022648342e-01
-2.204647256620810569e-01
-2.200504111785924199e-01
-2.196386978997254824e-01
-2.192236795219468792e-01
-2.188054323638980447e-01
-2.184039291404470118e-01
-2.179857977901957233e-01
-2.175745977590771707e-01
-2.171449671382106317e-01
-2.167312395422988369e-01
-2.163171676160145496e-01
-2.158990852297977825e-01
-2.155070215574353965e-01
-2.151000997935251791e-01
-2.146894078415235718e-01
-2.142721431632924889e-01
-2.138605975853197783e-01
-2.134313063131896560e-01
-2.130173080940101216e-01
-2.125828604863062854e-01
-2.116598237837887253e-01
3.142159845020385212e-06
3.158162540227977813e-06
1.489906263280620004e-03
2.713909156984133618e-03
3.976936866388061480e-03
5.251448689846805254e-03
6.498952639388634600e-03
7.754639856086685719e-03
8.979189668232348195e-03
1.018280546632089126e-02
1.134589893904023108e-02
1.245590440948441541e-02
1.355023937899479426e-02
1.458909568711107795e-02
1.548485775274797104e-02
1.633633809726627029e-02
1.715346868262307076e-02
1.791456971140460014e-02
1.858420790192802721e-02
1.923084103610265064e-02
1.992671472418151499e-02
2.065182181293400560e-02
2.149968849846979613e-02
2.235760644954164211e-02
2.322500149165990582e-02
2.410295063008566566e-02
2.496086457485639093e-02
2.579224090997642507e-02
2.662025968724866104e-02
2.745017227449594172e-02
2.827668596684841315e-02
2.909549500712318992e-02
2.989036851214353988e-02
3.065425186346082062e-02
3.140600268304128556e-02
3.211499279144749974e-02
3.281177174775679051e-02
3.349871840434764242e-02
3.416188020433506140e-02
3.485034288731500562e-02
3.553329458276760500e-02
3.624009340715494271e-02
3.692780225398829136e-02
3.760840516673207706e-02
3.831723398698197447e-02
3.902319013068417802e-02
3.968675254247702039e-02
4.026223077913970716e-02
4.089016977595930080e-02
4.150591191256372547e-02
4.210167056831042726e-02
4.261385917761154052e-02
4.311029113347421282e-02
4.362750997957932919e-02
4.410519186586572826e-02
4.457964431906268066e-02
4.505741532275017724e-02
4.555777619808910883e-02
4.605123528648091130e-02
4.657443298267535670e-02
4.710203513656705671e-02
4.762495766223999449e-02
4.814216956012210696e-02
4.867740879133825027e-02
4.918366794665383901e-02
4.969492575503176024e-02
5.019079796537471994e-02
5.069982224062757892e-02
5.121864596160265182e-02
5.178140396624802966e-02
5.236345173864303398e-02
5.293633643999999527e-02
5.351769294121815762e-02
5.409494362530650052e-02
5.467247229074252701e-02
5.525051094285207687e-02
5.581694820257259576e-02
5.638107776372015822e-02
5.693522551539067361e-02
5.747902468635161105e-02
5.799556253492815089e-02
5.850751854747050090e-02
5.900716356871604090e-02
5.947638751332131463e-02
5.998215677366550147e-02
6.047181038115874430e-02
6.094367334391445623e-02
6.143806316305216314e-02
6.191024546124371947e-02
6.240473090572239145e-02
6.293283502477671487e-02
6.347183456175124749e-02
6.400820784184534096e-02
6.455835416488199530e-02
6.510687118017059738e-02
6.565883367654282154e-02
6.621758031217774010e-02
6.679542133752716659e-02
6.737661896308173859e-02
6.795415075094400625e-02
6.848561599036252778e-02
6.901958810799611876e-02
6.953886942234573099e-02
7.006840057472740746e-02
7.058280237603753449e-02
7.110005930425754295e-02
7.162273973814541062e-02
7.212408308998802253e-02
7.260055946355864487e-02
7.305065063047447294e-02
7.347057551626981486e-02
7.386452231591444928e-02
7.421604097296874425e-02
7.446164517252532034e-02
7.470148036092516541e-02
7.484400308479077779e-02
7.489692679700950262e-02
7.488808862700126190e-02
7.483538049352174426e-02
7.476425908869911707e-02
7.467038094288871997e-02
7.458603009559421071e-02
7.451259858629297184e-02
7.444546669325179111e-02
7.438175397806813527e-02
7.433336293345524370e-02
7.429900035607375774e-02
7.427795633716406665e-02
7.427049702354003580e-02
7.427475361948839006e-02
7.429149464591405794e-02
7.431900668292761025e-02
7.436753694610430399e-02
7.443723574812322052e-02
7.451681798926577949e-02
7.461627950510396623e-02
7.473489471373027937e-02
7.487273095411264845e-02
7.503596566323776640e-02
7.522763212843723568e-02
7.544260984160028327e-02
7.569504273634528047e-02
7.597428850791658472e-02
7.627693991599619749e-02
7.662612000619536956e-02
7.703955015818610141e-02
7.752144200094036874e-02
7.804327855634832223e-02
7.857287030517555448e-02
7.910677648144760765e-02
7.964272640239736245e-02
8.018877660689939513e-02
8.074332196997228983e-02
8.131308223713716588e-02
8.194011191191093169e-02
