1.946589056497750880e-01
1.928940855204263061e-01
1.911223369739157296e-01
1.893266542087441162e-01
1.875459697020057104e-01
1.857817558641578493e-01
1.840112755101336039e-01
1.822615123565356487e-01
1.805464723784666325e-01
1.788254399759712510e-01
1.771023834883024006e-01
1.753815734074384569e-01
1.736584863523923938e-01
1.719552618020065982e-01
1.702796731386580498e-01
1.685947916006157177e-01
1.669308055821926706e-01
1.652809186405119202e-01
1.636244669568559240e-01
1.619931701560204107e-01
1.603793044398955092e-01
1.587777244160944456e-01
1.571830570838494145e-01
1.555989076503668245e-01
1.540308339480351563e-01
1.524538188185348420e-01
1.508886516905059150e-01
1.493184897927908317e-01
1.477604059867201058e-01
1.461954256457344004e-01
1.446261154699781393e-01
1.430312574048623053e-01
1.414218850545479189e-01
1.398133158607033633e-01
1.381969504787498582e-01
1.365852974245349571e-01
1.349726079116498334e-01
1.333559581115295045e-01
1.317415645019713311e-01
1.301298293886123392e-01
1.285134191574009155e-01
1.268968676929156936e-01
1.252802182315806701e-01
1.236635014538852578e-01
1.220467202924537253e-01
1.204299097747939251e-01
1.188130815873333496e-01
1.171962537600422793e-01
1.155794475379669783e-01
1.139626581210088502e-01
1.123458880120672410e-01
1.107291380366973582e-01
1.091124077461032016e-01
1.074956957393530116e-01
1.058789927424080429e-01
1.042622951328693454e-01
1.026455995681670313e-01
1.010289070162694175e-01
9.941221827271429223e-02
9.779553164271471977e-02
9.617884597051629125e-02
9.456216025470641495e-02
9.294547364248403887e-02
9.132878542106416531e-02
8.971209500740433274e-02
8.809540193785224405e-02
8.647870578113014961e-02
8.486201111222073379e-02
8.324531748030712663e-02
8.162862217631586259e-02
8.001191690230613496e-02
7.839520063404802064e-02
7.677847265479363636e-02
7.516173257327994628e-02
7.354498033468594154e-02
7.192821622481337940e-02
7.031144086814902772e-02
6.869465565325727496e-02
6.707786218830653902e-02
6.546106887422070697e-02
6.384427788167990059e-02
6.222749131283006330e-02
6.061070674689122972e-02
5.899392207258119525e-02
5.737713797930744930e-02
5.576035495532973701e-02
5.414357344916966713e-02
5.252679386820013896e-02
5.091001657610902398e-02
4.929324188894200487e-02
4.767647014023244229e-02
4.605969681221148970e-02
4.444292164472279927e-02
4.282614645185709584e-02
4.120937282678768798e-02
3.959260762702853514e-02
3.797585389518375043e-02
3.635911234862596736e-02
3.474238337187184750e-02
3.312566700341396803e-02
3.150896340789134664e-02
2.989227099734487192e-02
2.827558924902001669e-02
2.665891304988904018e-02
2.504223599675417522e-02
2.342555600504110311e-02
2.180887210036440774e-02
2.019218870445249961e-02
1.857550493088289817e-02
1.695882029486246029e-02
1.534213435208975698e-02
1.372544669879593657e-02
1.210875697282116047e-02
1.049206485524663626e-02
8.875370072733441279e-03
7.258672345463566475e-03
5.641974350295315445e-03
4.025277934495149514e-03
2.408581601288441697e-03
7.918766995637520388e-04
-8.248387935740014807e-04
-2.441565669108484039e-03
-4.058304403388305823e-03
-5.675055142106722253e-03
-7.291817300240282206e-03
-8.908591241719873710e-03
-1.052537561285462296e-02
-1.214216869606583871e-02
-1.375896192019106581e-02
-1.537575310620760763e-02
-1.699254016207062817e-02
-1.860932451123752107e-02
-2.022610910447713781e-02
-2.184289318176558040e-02
-2.345967625207061313e-02
-2.507645786311028108e-02
-2.669323760295309877e-02
-2.831001510275662700e-02
-2.992679004008876736e-02
-3.154356214677207088e-02
-3.316033492848426828e-02
-3.477710983884292617e-02
-3.639388502378178986e-02
-3.801065896192774157e-02
-3.962742576305736814e-02
-4.124418124322758866e-02
-4.286092462928703384e-02
-4.447765547855712237e-02
-4.609437369359906111e-02
-4.771107917174211011e-02
-4.932777321121258052e-02
-5.094445640182251184e-02
-5.256113246856459337e-02
-5.417780906707372890e-02
-5.579448830107643087e-02
-5.741117220572526658e-02
-5.902785551660103686e-02
-6.064453908396392340e-02
-6.226122344247071727e-02
-6.387790904247347967e-02
-6.549459629367088143e-02
-6.711128556428584691e-02
-6.872797717963631536e-02
-7.034467142035506770e-02
-7.196136851724292682e-02
-7.357806682168513412e-02
-7.519476329539152848e-02
-7.681145941538354560e-02
-7.842816263077000138e-02
-8.004487627875025990e-02
-8.166160119894332048e-02
-8.327833792070471475e-02
-8.489508664565267870e-02
-8.651184680194244636e-02
-8.812861891098146272e-02
-8.974540162018827816e-02
-9.136219376992830987e-02
-9.297898705591590984e-02
-9.459577864163802585e-02
-9.621256641469493054e-02
-9.782935056846520094e-02
-9.944613511335068101e-02
-1.010629192209611810e-01
-1.026797023935105690e-01
-1.042964841719284941e-01
-1.059132641373993627e-01
-1.075300419140994834e-01
-1.091468171724946923e-01
-1.107635896366514633e-01
-1.123803617685248252e-01
-1.139971363132798454e-01
-1.156139114145121188e-01
-1.172306855016760629e-01
-1.188474538214347731e-01
-1.204642109745386880e-01
-1.220809561364757656e-01
-1.236976888097172517e-01
-1.253144084107515044e-01
-1.269311159790817711e-01
-1.285478116132964255e-01
-1.301644962176868314e-01
-1.317811722093446269e-01
-1.333978484175118162e-01
-1.350145269617160360e-01
-1.366312098747041182e-01
-1.382478930527335226e-01
-1.398645763475465098e-01
-1.414812603590711593e-01
-1.430979455439202463e-01
-1.447146323180594496e-01
-1.463313210562419697e-01
-1.479480120906843110e-01
-1.495647057092672760e-01
-1.511814021512666306e-01
-1.527981007352649523e-01
-1.544147972069625230e-01
-1.560314930918426657e-01
-1.576481946158814207e-01
-1.592649064176231422e-01
-1.608816293866149050e-01
-1.624983641054567884e-01
-1.641151104387401916e-01
-1.657318691904151320e-01
-1.673486394698320556e-01
-1.689654205026573652e-01
-1.705822111761373105e-01
-1.721990044079724502e-01
-1.738157962741354312e-01
-1.754325846493583196e-01
-1.770493685549086316e-01
-1.786661529929395864e-01
-1.802829370709868040e-01
-1.818997202859473361e-01
-1.835165021735402913e-01
-1.851332823095039604e-01
-1.867500603120438030e-01
-1.883668358449162861e-01
-1.899836086233938903e-01
-1.916003800720467720e-01
-1.932171542352588423e-01
-1.948339292489335572e-01
-1.964507034880834946e-01
-1.980674732928507098e-01
-1.996842320785814084e-01
-2.013009789712219277e-01
-2.029177134213237255e-01
-2.045344349220053481e-01
-2.061511442052929854e-01
-2.077678414539282647e-01
-2.093845275194796962e-01
-2.110012035963898525e-01
-2.126178795247346542e-01
-2.142345574749640325e-01
-2.158512394752541697e-01
-2.174679225924273096e-01
-2.190846056865851932e-01
-2.207012894230229172e-01
-2.223179742647685142e-01
-2.239346606342986490e-01
-2.255513489130473448e-01
-2.271680394401063563e-01
-2.287847325104565011e-01
-2.304014283711950661e-01
-2.320181272774387571e-01
-2.336348237977587117e-01
-2.352515195102463930e-01
-2.368682194364286342e-01
-2.384849294857230573e-01
-2.401016505912219046e-01
-2.417183833817567185e-01
-2.433351281618222617e-01
-2.449518845847541704e-01
-2.465686529935270932e-01
-2.481854322890043318e-01
-2.498022214118447437e-01
-2.514190145220751016e-01
-2.530358066124909766e-01
-2.546525955433575072e-01
-2.562693792151027328e-01
-2.578861634851197793e-01
-2.595029474861301755e-01
-2.611197306997177781e-01
-2.627365126559771946e-01
-2.643532929244140628e-01
-2.659700711162910625e-01
-2.675868468877455331e-01
-2.692036199455087320e-01
-2.708203906760626167e-01
-2.724371644070761045e-01
-2.740539392659183671e-01
-2.756707135740809611e-01
-2.772874848202523945e-01
-2.789042452100488068e-01
-2.805209938233295675e-01
-2.821377300609697047e-01
-2.837544536632636838e-01
-2.853711643794233366e-01
-2.869878633163909232e-01
-2.886045509169767875e-01
-2.902212283213039812e-01
-2.918379039626425309e-01
-2.934545812938160192e-01
-2.950712623577199656e-01
-2.966879453958130575e-01
-2.983046282691813045e-01
-2.999213117091354963e-01
-3.015379961853203450e-01
-3.031546821266659086e-01
-3.047713699210584659e-01
-3.063880599141781125e-01
-3.080047524078464716e-01
-3.096214476564236873e-01
-3.112381460805380695e-01
-3.128548427083547301e-01
-3.144715383110058271e-01
-3.160882366257347642e-01
-3.177049448886732907e-01
-3.193216640760728753e-01
-3.209383948643789175e-01
-3.225551376092011258e-01
-3.241718919225381468e-01
-3.257886584168566690e-01
-3.274054359346721954e-01
-3.290222234684718750e-01
-3.306390163994781806e-01
-3.322558086444518111e-01
-3.338725980492238121e-01
-3.354893825146829656e-01
-3.371061666049386396e-01
-3.387229505747761937e-01
-3.403397338345520717e-01
-3.419565159076372041e-01
-3.435732963567945664e-01
-3.451900747863477226e-01
-3.468068508451919718e-01
-3.484236242317828025e-01
-3.500403945325593069e-01
-3.516571678194907458e-01
-3.532739425218510143e-01
-3.548907169098579617e-01
-3.565074892949346430e-01
-3.581242513518431703e-01
-3.597410017557685635e-01
-3.613577398554752573e-01
-3.629744653368145446e-01
-3.645911778945154502e-01
-3.662078785793538294e-01
-3.678245677790487611e-01
-3.694412465815043456e-01
-3.710579220360253894e-01
-3.726745988486645511e-01
-3.742912790819268309e-01
-3.759079621069724708e-01
-3.775246448280164535e-01
-3.791413280399252850e-01
-3.807580122185574290e-01
-3.823746977989684881e-01
-3.839913851752925766e-01
-3.856080746997119779e-01
-3.872247666808775746e-01
-3.888414613808023890e-01
-3.904581591636061555e-01
-3.920748559979099768e-01
-3.936915515812801081e-01
-3.953082483415907844e-01
-3.969249548712643905e-01
-3.985416721914648575e-01
-4.001584010277258185e-01
-4.017751417876436193e-01
-4.033918941324634577e-01
-4.050086587368781910e-01
-4.066254344932221376e-01
-4.082422204457168968e-01
-4.098590131701287387e-01
-4.114758055411557591e-01
-4.130925953918377358e-01
-4.147093806246017200e-01
-4.163261645307537728e-01
-4.179429484640954651e-01
-4.195597317650283653e-01
-4.211765139505519451e-01
-4.227932945769816153e-01
-4.244100732419226474e-01
-4.260268495871696870e-01
-4.276436233029370926e-01
-4.292603940368138749e-01
-4.308771668224464224e-01
-4.324939413122831922e-01
-4.341107157253019100e-01
-4.357274884503596346e-01
-4.373442521284472972e-01
-4.389610042830461301e-01
-1.999976608509248799e-01
-1.981767323740885600e-01
-1.963556613107966253e-01
-1.945346043246496681e-01
-1.927135601167881962e-01
-1.908925268018523136e-01
-1.890715024541854139e-01
-1.872504850880092331e-01
-1.854294731054290102e-01
-1.836084634958891348e-01
-1.817874553595360820e-01
-1.799664479154284014e-01
-1.781454404838087313e-01
-1.763244324726199463e-01
-1.745034233674270796e-01
-1.726824127240909335e-01
-1.708614001647731362e-01
-1.690403853692289404e-01
-1.672193680806915717e-01
-1.653983439172346526e-01
-1.635773158079716905e-01
-1.617562833698630020e-01
-1.599352456302569614e-01
-1.581142018097990987e-01
-1.562931513474939971e-01
-1.544720939188407027e-01
-1.526510294475122154e-01
-1.508299581110440490e-01
-1.490088803410571094e-01
-1.471877971704693977e-01
-1.453667087456084750e-01
-1.435456166224028940e-01
-1.417245221609231554e-01
-1.399034271759818371e-01
-1.380823317531784111e-01
-1.362612363968560281e-01
-1.344401415815336120e-01
-1.326190477520910460e-01
-1.307979553222236579e-01
-1.289768646716742961e-01
-1.271557761426440336e-01
-1.253346900357294458e-01
-1.235136066057350990e-01
-1.216925260577422646e-01
-1.198714435184364546e-01
-1.180503647105552584e-01
-1.162292908396647673e-01
-1.144082229334330014e-01
-1.125871618102281951e-01
-1.107661080552210242e-01
-1.089450620033229344e-01
-1.071240237284138558e-01
-1.053029930385270957e-01
-1.034819699171814905e-01
-1.016609527562520598e-01
-9.983994106901147858e-02
-9.801893366046558753e-02
-9.619792912004261620e-02
-9.437692576229002317e-02
-9.255592250322516867e-02
-9.073491887106523157e-02
-8.891391443029414421e-02
-8.709290878080273857e-02
-8.527190155825994933e-02
-8.345089243520591171e-02
-8.162988112248180383e-02
-7.980886737076467452e-02
-7.798785097211317907e-02
-7.616682903205068689e-02
-7.434580173033762673e-02
-7.252477019898254107e-02
-7.070373345827950240e-02
-6.888269071194222382e-02
-6.706164137411706194e-02
-6.524058508886536323e-02
-6.341952174304694989e-02
-6.159845202501647299e-02
-5.977737510985356439e-02
-5.795629227755741408e-02
-5.613520441129499217e-02
-5.431411262716864113e-02
-5.249301825722089976e-02
-5.067192319557079633e-02
-4.885082760752022801e-02
-4.702973200486916527e-02
-4.520863686912907770e-02
-4.338754265207301480e-02
-4.156644977434559296e-02
-3.974535862266115327e-02
-3.792426954607674983e-02
-3.610318285182342185e-02
-3.428209880116737940e-02
-3.246101760572609601e-02
-3.063993442719214685e-02
-2.881885477240605023e-02
-2.699777987084155811e-02
-2.517671078102600227e-02
-2.335564835736861702e-02
-2.153459322455531649e-02
-1.971354575904815318e-02
-1.789250651131921513e-02
-1.607147445056601037e-02
-1.425044963035371724e-02
-1.242943137844962354e-02
-1.060841877056203225e-02
-8.787410644611807348e-03
-6.966405619184162443e-03
-5.145402117971212969e-03
-3.324398794149298515e-03
-1.503395169297320122e-03
3.176091978570191269e-04
2.138614712759610501e-03
3.959621745087509026e-03
5.780630627989407147e-03
7.601641656817088692e-03
9.422655087566844667e-03
1.124367113517161544e-02
1.306469128334267031e-02
1.488571807257670770e-02
1.670674892395890981e-02
1.852778484439526752e-02
2.034882666273909319e-02
2.216987500150254670e-02
2.399093025601345408e-02
2.581199258007556979e-02
2.763306149730673095e-02
2.945413749437532022e-02
3.127521952782731651e-02
3.309630675093743618e-02
3.491739808184836369e-02
3.673849221991011549e-02
3.855958719842790539e-02
4.038068278431421881e-02
4.220177846104670311e-02
4.402287374261586866e-02
4.584396817265194018e-02
4.766506132558632342e-02
4.948615280929609395e-02
5.130724226873840249e-02
5.312832939008056699e-02
5.494941390485210547e-02
5.677049559369024001e-02
5.859157926227627489e-02
6.041265959071410313e-02
6.223373534617956254e-02
6.405480544119472597e-02
6.587586898777510191e-02
6.769692532421224540e-02
6.951797403464336778e-02
7.133901453424149053e-02
7.316004779979720651e-02
7.498107374376718204e-02
7.680209299859691585e-02
7.862310645065399839e-02
8.044411522660019354e-02
8.226512067552442520e-02
8.408612424407474473e-02
8.590712755552137869e-02
8.772813109488689087e-02
8.954913530951354173e-02
9.137014061068275683e-02
9.319114737387254599e-02
9.501215593813136517e-02
9.683316660488898442e-02
9.865417963644003418e-02
1.004751952542541071e-01
1.022962136372280728e-01
1.041172398647724900e-01
1.059382699847032372e-01
1.077593050286989040e-01
1.095803458554488463e-01
1.114013931211026015e-01
1.132224472573425123e-01
1.150435084560725435e-01
1.168645762879522709e-01
1.186856512606032782e-01
1.205067323786264827e-01
1.223278188324515292e-01
1.241489095752497246e-01
1.259700033386251528e-01
1.277910980843998956e-01
1.296121935164583627e-01
1.314332891142434012e-01
1.332543843878792045e-01
1.350754788769820691e-01
1.368965721515801315e-01
1.387176638145753982e-01
1.405387535052542436e-01
1.423598409033644818e-01
1.441809257332923311e-01
1.460020077679063666e-01
1.478230905804332751e-01
1.496441713797764528e-01
1.514652477880719661e-01
1.532863186901025909e-01
1.551073831653619617e-01
1.569284405159545870e-01
1.587494902872336744e-01
1.605705322816214364e-01
1.623915661819184120e-01
1.642125931003458605e-01
1.660336132166019552e-01
1.678546273772273389e-01
1.696756366714777253e-01
1.714966424143210544e-01
1.733176459222513788e-01
1.751386490937056339e-01
1.769596524202206034e-01
1.787806563551775363e-01
1.806016613156073702e-01
1.824226676825866644e-01
1.842436758007413022e-01
1.860646859771966366e-01
1.878822851659148474e-01
1.896927516394441571e-01
1.915035117793095487e-01
1.933270903243012595e-01
1.951506450286056016e-01
1.969741762054538492e-01
1.987976862214105023e-01
2.006211782453792836e-01
2.024446557399648960e-01
2.042681212860480988e-01
2.060915797471565836e-01
2.079150328066273479e-01
2.097384825004822706e-01
2.115619302713113714e-01
2.133853769731554884e-01
2.152088229023086385e-01
2.170322678454975063e-01
2.188557113883958238e-01
2.206791540736967594e-01
2.225025959396301489e-01
2.243260368994892950e-01
2.261494767747703749e-01
2.279729153256502272e-01
2.297963522780643031e-01
2.316197873470035029e-01
2.334432202559376113e-01
2.352666507524958928e-01
2.370900807249555764e-01
2.389135105007464399e-01
2.407369363680223751e-01
2.425603571431624306e-01
2.443837718338549292e-01
2.462071796696753689e-01
2.480305797029109804e-01
2.498539725261113287e-01
2.516773576815368174e-01
2.535007354348443598e-01
2.553241063202038585e-01
2.571474711322352391e-01
2.589708309130862585e-01
2.607941869351891873e-01
2.626175401029394729e-01
2.644408928412705362e-01
2.662642456468810037e-01
2.680875989782045554e-01
2.699109532575303949e-01
2.717343088716475674e-01
2.735576661714872460e-01
2.753810254710659100e-01
2.772043870459686143e-01
2.790277511315742420e-01
2.808511179212020425e-01
2.826744926993550178e-01
2.844978709645845649e-01
2.863212537936316582e-01
2.881446421030266491e-01
2.899680366168255197e-01
2.917914378421833099e-01
2.936148460515821679e-01
2.954382610126903286e-01
2.972616830674110755e-01
2.990851114351898432e-01
3.009085453877786143e-01
3.027319839563464288e-01
3.045554259457157187e-01
3.063788699529460535e-01
3.082023145331022618e-01
3.100167766490300458e-01
3.118390795398190973e-01
3.136569585872438504e-01
3.154821343956545898e-01
3.173072905288991663e-01
3.191273237389397055e-01
3.209376353828529149e-01
3.227509767145143038e-01
3.245618968648453229e-01
3.263498437756007231e-01
3.281342084680869964e-01
3.299090051499002918e-01
3.316924181501250124e-01
3.334713980411527223e-01
3.352725118502905555e-01
3.370516961429786407e-01
3.388633451849457079e-01
3.406664460471832134e-01
3.424914569133207243e-01
3.443181465827403476e-01
3.461792191807547270e-01
3.480331784047974164e-01
3.499207206648142221e-01
3.518142572715234895e-01
3.536984056623793116e-01
3.555714835036738464e-01
3.574623821209217955e-01
3.593578912784800572e-01
3.612532030779143644e-01
3.631157687350223817e-01
3.649814688771108595e-01
3.668595044984614972e-01
3.687436941650800715e-01
3.706110426430112570e-01
3.724889246035947843e-01
3.743916721689852234e-01
3.762957226726877380e-01
3.781951864161670063e-01
3.801025504598010696e-01
3.820142390586774850e-01
3.839182088644709778e-01
3.858115263377814852e-01
3.877065534888373688e-01
3.896044708112174071e-01
3.914908311678251818e-01
3.933956204550286273e-01
3.952869565897917936e-01
3.971784742949069913e-01
3.990651563537710445e-01
4.009687608195677821e-01
4.028631108853143461e-01
4.047243388231309136e-01
4.065928662541507532e-01
4.084827813847303757e-01
4.103900824414482007e-01
4.123042951414800927e-01
4.141836183286121686e-01
4.160725099163373741e-01
4.179806701887441300e-01
4.198747152187807807e-01
4.217747481206063354e-01
4.236854177783248021e-01
4.256109581499108452e-01
4.275641145298633705e-01
4.295321761835019236e-01
4.315040151517598455e-01
4.334543383907941694e-01
4.353979287027008871e-01
4.373542915766108208e-01
4.393185081523817703e-01
4.412657662997199748e-01
4.432426872050997391e-01
4.452172892149119376e-01
4.471925348348955720e-01
4.491616279289785130e-01
4.511578530528673747e-01
4.531387868766365012e-01
4.551253944856424316e-01
4.571547038892103121e-01
4.592003511432289353e-01
4.612456892103458661e-01
4.632907624499313926e-01
4.653356233939291986e-01
4.673803157182167545e-01
4.694248755448729993e-01
4.714693297206692946e-01
4.735136996615330607e-01
4.755580081078115140e-01
4.776022733694249012e-01
4.796465098237940317e-01
4.816907285583082454e-01
4.837349377627290226e-01
4.857791432299118917e-01
4.878233488110479410e-01
4.898670669456791638e-01
4.919057774718155751e-01
4.939416533672353893e-01
4.959686480455345325e-01
4.979803686964157650e-01
4.999883649521551510e-01
5.019513606333589895e-01
5.039138678353481948e-01
5.058788679260743937e-01
5.078448302153862892e-01
5.098014513149872196e-01
5.117452984384882608e-01
5.137261744952802411e-01
5.157107264687508241e-01
5.176865062301324594e-01
5.196594062068053965e-01
5.216934835014247485e-01
5.237293640102292924e-01
5.257733024547386336e-01
5.278142180935145866e-01
5.298332080345395934e-01
5.318461013614619315e-01
5.338950954657882830e-01
5.359994822229505740e-01
5.380905993635645146e-01
5.402102320058146390e-01
5.423303064745357283e-01
5.444720083639910113e-01
5.465846946204825363e-01
5.487187923621617003e-01
5.508672300579880998e-01
5.530033006307525367e-01
5.551531783954204435e-01
5.572923596134580215e-01
5.594591491103123593e-01
-4.000029343082071032e-01
-4.000029503257717112e-01
-4.020768168278060495e-01
-4.041457557650178223e-01
-4.062429429290314586e-01
-4.083606676380703293e-01
-4.104928927453953547e-01
-4.126257275259472279e-01
-4.147909434015804586e-01
-4.169703578991945658e-01
-4.191844117726803431e-01
-4.213623827859080961e-01
-4.235359489847637104e-01
-4.257441503984019660e-01
-4.279416991780229385e-01
-4.301192249719706373e-01
-4.323192725526298630e-01
-4.345296147244724905e-01
-4.367645617736812813e-01
-4.390387254203960699e-01
-4.413229834850749267e-01
-4.436050843581154646e-01
-4.459094665194680562e-01
-4.482243880979482897e-01
-4.505069201210215590e-01
-4.528133644848123529e-01
-4.551373544222407919e-01
-4.574680327533985902e-01
-4.598033191122170016e-01
-4.621372506946026526e-01
-4.644627216394021652e-01
-4.667937264810241849e-01
-4.691233803738267816e-01
-4.714775199107024695e-01
-4.738407829930474935e-01
-4.761995964441730345e-01
-4.785146100603491215e-01
-4.808130227816765911e-01
-4.830931843389768554e-01
-4.853721093951174903e-01
-4.875824713730566029e-01
-4.897908380531687533e-01
-4.920054077996658948e-01
-4.942524347542253116e-01
-4.965162777677624706e-01
-4.987631643923257085e-01
-5.010123702547178981e-01
-5.032880165040624076e-01
-5.055780488063176259e-01
-5.078417824910811396e-01
-5.101517720136607981e-01
-5.125281857258916496e-01
-5.148979318853901255e-01
-5.172497086145825262e-01
-5.195440815036911353e-01
-5.218519897180536882e-01
-5.241189781567278105e-01
-5.263753654014349248e-01
-5.285937567722669428e-01
-5.307632141611410281e-01
-5.329341225024462059e-01
-5.351080651126775001e-01
-5.372910423164707350e-01
-5.395028960213169578e-01
-5.416244395564222547e-01
-1.999970385285105012e-01
-1.999970225083542441e-01
-1.981262202745044665e-01
-1.962230857305840015e-01
-1.943497721375447296e-01
-1.924712351094051976e-01
-1.905534270819056186e-01
-1.886588415959091214e-01
-1.867902737914031719e-01
-1.849176556757625989e-01
-1.830367662026793907e-01
-1.811239388700647823e-01
-1.792053683337561931e-01
-1.772852451973662979e-01
-1.753492079990638108e-01
-1.734092030157392550e-01
-1.714556270662866144e-01
-1.695348342081700876e-01
-1.676464336733501648e-01
-1.658049155368646888e-01
-1.639450370161571469e-01
-1.621135878367496452e-01
-1.603014054096959795e-01
-1.585213994981402863e-01
-1.567267174191571966e-01
-1.549093575300564962e-01
-1.530853884215691296e-01
-1.512686917317799806e-01
-1.494376297577425516e-01
-1.475847383398719570e-01
-1.456914625308787514e-01
-1.437718315506301137e-01
-1.418530040477067600e-01
-1.399705438938352586e-01
-1.379971653637188378e-01
-1.359837241330436319e-01
-1.339020981354745732e-01
-1.318419229193210640e-01
-1.297660280815155776e-01
-1.276385581923129564e-01
-1.254973925461765893e-01
-1.233473533525660804e-01
-1.211811518857784653e-01
-1.189943687305907716e-01
-1.168040984165364948e-01
-1.145942521555748245e-01
-1.124164308540572116e-01
-1.101767915529982128e-01
-1.080601888158685964e-01
-1.060077961724091578e-01
-1.039230585630762510e-01
-1.018292292149247102e-01
-9.971541291529081863e-02
-9.760007101334687574e-02
-9.549256605205454218e-02
-9.338826916384673771e-02
-9.131661747730220047e-02
-8.924651694133155233e-02
-8.715884812410747140e-02
-8.506509395855244016e-02
-8.299382335385185883e-02
-8.094508029672090044e-02
-7.890200919110944289e-02
-7.685413757050307826e-02
-7.485534120050846285e-02
-7.293856446679385097e-02
-7.097759491346343486e-02
-6.895257260883289052e-02
-6.694606236008329714e-02
-6.495993649241504908e-02
-6.296933479116235965e-02
-6.098550332903149296e-02
-5.896897513091706872e-02
-5.696737059287914490e-02
-5.501256083388478962e-02
-5.307726481103396815e-02
-5.119944017046285101e-02
-4.927694286792820566e-02
-4.729349714635499441e-02
-4.531166584672349784e-02
-4.335017443581558327e-02
-4.139943033443783255e-02
-3.943749531884948450e-02
-3.745730659093427645e-02
-3.546389371371295313e-02
-3.345122213254507482e-02
-3.145896022068966208e-02
-2.945195277795130406e-02
-2.744828520997990087e-02
-2.542723086943619176e-02
-2.340324377968491798e-02
-2.141769565515513549e-02
-1.943992750644544729e-02
-1.749290390254842897e-02
-1.548594228459208334e-02
-1.355054978043172820e-02
-1.161296465720852017e-02
-9.650831140135958733e-03
-7.675079821431482312e-03
-5.619779998123759952e-03
-3.578925142607681902e-03
-1.553390934242584532e-03
4.839565926169448959e-04
2.499845417914416286e-03
4.492288811374548808e-03
6.487603376077496174e-03
8.434426932361271598e-03
1.038571527140983233e-02
1.228997519984895322e-02
1.416289213899843760e-02
1.596165275872829178e-02
1.779351348314018103e-02
1.963482214717765170e-02
2.144058867383635131e-02
2.327752370891608691e-02
2.503771557457923694e-02
2.675829218791794459e-02
2.849623884026458026e-02
3.024596381363350156e-02
3.194268540051697219e-02
3.358598245918074238e-02
3.521834268090728859e-02
3.686870164375008474e-02
3.850560956923554379e-02
4.020756015773106068e-02
4.191755217485741009e-02
4.363487672205994955e-02
4.535080194746742011e-02
4.708802590575787012e-02
4.879480092790979689e-02
5.058099821016108499e-02
5.233333630299721873e-02
5.416987418260352238e-02
5.589306510964172497e-02
5.757936664750881034e-02
5.935064141372662500e-02
6.110535946688969156e-02
6.281324553956571521e-02
6.443434669146914928e-02
6.607060983277172894e-02
6.772235818802677110e-02
6.945174588030184060e-02
7.121194197633534673e-02
7.302417923667618715e-02
7.482202664431414352e-02
7.652537038742202036e-02
7.825751839935976562e-02
7.994539538602407625e-02
8.164439035339302042e-02
8.341938248731491090e-02
8.520934071532428045e-02
8.702367806785293869e-02
8.886413968295125976e-02
9.076767468547103368e-02
9.262907583040644321e-02
9.446376763754074646e-02
9.629739100279306740e-02
9.814914910886328447e-02
9.998065911322381871e-02
1.017994218295256020e-01
1.036444490076052771e-01
1.054707644059657695e-01
1.072694354097105535e-01
1.090002733359654169e-01
1.107696055063830676e-01
