-2.000006504632977911e-01
-2.000006657058704118e-01
-2.003091517220041695e-01
-2.005448146732762282e-01
-2.007234101338714605e-01
-2.008503962506253127e-01
-2.009193083364798627e-01
-2.009328684612566862e-01
-2.008936577709784232e-01
-2.007967439217619166e-01
-2.006555322305834665e-01
-2.004679165893968606e-01
-2.002183985870535365e-01
-1.999181504799970310e-01
-1.995742167783936538e-01
-1.991930225002510602e-01
-1.987684957872115910e-01
-1.983096768351007011e-01
-1.978125291399552010e-01
-1.972905003479329122e-01
-1.966934831319545052e-01
-1.960411376466593414e-01
-1.953436962309027525e-01
-1.946011088715174087e-01
-1.938062071876759107e-01
-1.929646730719109249e-01
-1.920743859261623554e-01
-1.911378634670208576e-01
-1.902315763995671705e-01
-1.893133000697436730e-01
-1.884165429178807083e-01
-1.874510400052891435e-01
-1.864488395994458592e-01
-1.854437181451780714e-01
-1.843984717223881853e-01
-1.833721360547121426e-01
-1.822884972520057434e-01
-1.812528615334178528e-01
-1.802470516719061611e-01
-1.792152991425934594e-01
-1.781114201272303577e-01
-1.770363701486883379e-01
-1.759144370358469711e-01
-1.747286505408224555e-01
-1.735443928058871266e-01
-1.723491860675648579e-01
-1.711515359900399602e-01
-1.699603929543867797e-01
-1.687715967429330444e-01
-1.677479824296609634e-01
-1.666138649220334778e-01
-1.654685748248679311e-01
-1.644633401426155161e-01
-1.633909101150896048e-01
-1.623635162215710248e-01
-1.611775146052905339e-01
-1.600096777624878119e-01
-1.586965426001591406e-01
-1.573801594641176527e-01
-1.560841674782989241e-01
-1.548052324801819646e-01
-1.536429148072145923e-01
-1.525453793380388556e-01
-1.515174978172525722e-01
-1.505631733857674959e-01
-1.496543022486084007e-01
-1.487349033816604826e-01
-1.477299120972157542e-01
-1.466442082185145102e-01
-1.456073730456949322e-01
-1.446392415028153744e-01
-1.437655707100831959e-01
-1.430623564117646518e-01
-1.425516084585649601e-01
-1.421712628452516392e-01
-1.420524691201338896e-01
-1.419357093407362935e-01
-1.419869364334361561e-01
-1.420624726703325902e-01
-1.421576499370226787e-01
-1.422219423927092441e-01
-1.422168191741783050e-01
-1.423086756226468186e-01
-1.422555638197472161e-01
-1.423128987233324427e-01
-1.423708868491719570e-01
-1.423903014299329473e-01
-1.424493641661084553e-01
-1.424433122151779474e-01
-1.425681915641851538e-01
-1.427781452473501633e-01
-1.429210096722487444e-01
-1.431012344457407159e-01
-1.431938898760651557e-01
-1.433059530233324608e-01
-1.434367363701568587e-01
-1.434134084897459860e-01
-1.434882663528438407e-01
-1.435870819289555289e-01
-1.436483426233057525e-01
-1.436312087515083658e-01
-1.437076577401546762e-01
-1.435356210809465294e-01
-1.435663113920759293e-01
-1.436686810887199128e-01
-1.436747757068722320e-01
-1.437761855916862286e-01
-1.439497285977996144e-01
-1.439264427136951463e-01
-1.440405472061033199e-01
-1.442036654216803937e-01
-1.444496667111012933e-01
-1.446998041763477572e-01
-1.449307162664929538e-01
-1.451414994818767401e-01
-1.453435954962327137e-01
-1.455525044131888435e-01
-1.457888702085305133e-01
-1.459960401529922513e-01
-1.462065867035863276e-01
-1.464585718049779828e-01
-1.467056255555293787e-01
-1.470148836647090507e-01
-1.472413129558602374e-01
-1.474965852897360818e-01
-1.477646356923414950e-01
-1.480426972376902850e-01
-1.483311421332213775e-01
-1.486143854751673099e-01
-1.489003180688439065e-01
-1.492016329544896269e-01
-1.494816656805774413e-01
-1.497545965920129840e-01
-1.500441702813470890e-01
-1.503432959097673050e-01
-1.506183650135110297e-01
-1.508928129505464066e-01
-1.511843960567839096e-01
-1.514582321878611970e-01
-1.517357166040818051e-01
-1.519752100227627079e-01
-1.522308251417545666e-01
-1.524989877681374173e-01
-1.527526330328948800e-01
-1.529803406928877951e-01
-1.532171910318878283e-01
-1.534238896601808899e-01
-1.536109857350340391e-01
-1.537814260506460695e-01
-1.539497879697440397e-01
-1.541262868274705378e-01
-1.543055433941728505e-01
-1.544895502768654783e-01
-1.546642590286325669e-01
-1.548328827443774536e-01
-1.549813738290216347e-01
-1.551171683363081200e-01
-1.552514026021752369e-01
-1.553746429325768563e-01
-1.554872150968018840e-01
-1.556004168212282712e-01
-1.557031973487892906e-01
-1.558054814408228739e-01
-1.559157048325461314e-01
-1.560180472690819165e-01
-1.561200983450722335e-01
-1.562156262830409204e-01
-1.562965000240827684e-01
-1.563703598988216703e-01
-1.564400824349829466e-01
-1.565081688340227151e-01
-1.565672245172074484e-01
-1.566241222779032327e-01
-1.566776747994168550e-01
-1.567303327345614394e-01
-1.567856587014479497e-01
-1.568383982665952359e-01
-1.568956695829481218e-01
-1.569515736770396575e-01
-1.569995383291215019e-01
-1.570364200607711480e-01
-1.570868157290406242e-01
-1.571318890150137926e-01
-1.571785465646222957e-01
-1.572261543516220716e-01
-1.572764230010980369e-01
-1.573214301663914683e-01
-1.573741787903788492e-01
-1.574280182562079189e-01
-1.574793482971687530e-01
-1.575368115094114285e-01
-1.575942544233832066e-01
-1.576541189486345140e-01
-1.577122284699842281e-01
-1.577718694816883649e-01
-1.578348160577622283e-01
-1.579017235387787932e-01
-1.579727320117817191e-01
-1.580455967095483194e-01
-1.581210646700377809e-01
-1.581951138605330043e-01
-1.582659485103165287e-01
-1.583375677412570126e-01
-1.584074392645905827e-01
-1.584823341133179686e-01
-1.585635816813584509e-01
-1.586500514576941745e-01
-1.587426378826811424e-01
-1.588405847634318524e-01
-1.589400844570386384e-01
-1.590371047250295766e-01
-1.591376922305560437e-01
-1.592376455493679233e-01
-1.593433191476131827e-01
-1.594558952562503129e-01
-1.595607631328646581e-01
-1.596650224093275894e-01
-1.597680279973506257e-01
-1.598753779202549130e-01
-1.599828452683297320e-01
-1.600921121249811452e-01
-1.602119768017159218e-01
-1.603246646833789424e-01
-1.604268009980974741e-01
-1.605233893356491914e-01
-1.606044529987886715e-01
-1.606808488647048505e-01
-1.607481836353032711e-01
-1.608182201445772230e-01
-1.608852764052889350e-01
-1.609464121844550177e-01
-1.610045261832497021e-01
-1.610615737177356066e-01
-1.611205287845124123e-01
-1.611768426606371984e-01
-1.612333483296742309e-01
-1.612855842596091493e-01
-1.613428439739972298e-01
-1.613993968831869408e-01
-1.614599445193783123e-01
-1.615241754700899590e-01
-1.616054070386125641e-01
-1.617112244819690348e-01
-1.618196914972398481e-01
-1.619265561761457362e-01
-1.620298481916110922e-01
-1.621351422032520639e-01
-1.622432505066807307e-01
-1.623395840805831880e-01
-1.624298996897652891e-01
-1.625156268497631173e-01
-1.626009294159295460e-01
-1.626959793577825997e-01
-1.628028509896290998e-01
-1.629127080407024308e-01
-1.630381591324475132e-01
-1.631668640476813259e-01
-1.633031097721239222e-01
-1.634411954107704845e-01
-1.635736694711920070e-01
-1.636991436492302721e-01
-1.638091099061663447e-01
-1.639272426279387018e-01
-1.640434736324207776e-01
-1.641470212886514402e-01
-1.642735978978282496e-01
-1.644220569481911198e-01
-1.645689561731236705e-01
-1.647356052999130738e-01
-1.648904938697333677e-01
-1.650373718334584017e-01
-1.651802218893143048e-01
-1.653331356495607585e-01
-1.654913636246190534e-01
-1.656348794946038427e-01
-1.657751925306398533e-01
-1.659022617185035575e-01
-1.660269212881036183e-01
-1.661579451378454308e-01
-1.662889382391117554e-01
-1.664387072660464262e-01
-1.665906146465702953e-01
-1.667558179477006408e-01
-1.669339070026343297e-01
-1.671388373412419914e-01
-1.673580957007014813e-01
-1.675676192055771951e-01
-1.677606047007612899e-01
-1.679518263023194735e-01
-1.681521587399910922e-01
-1.683593456868983651e-01
-1.685649373580010435e-01
-1.687899545936296930e-01
-1.690285330439461331e-01
-1.692615422262155056e-01
-1.695011865512686122e-01
-1.697501884092043889e-01
-1.699812698474304495e-01
-1.702452280648558136e-01
-1.705258815645818438e-01
-1.707958047662391510e-01
-1.710591795685340033e-01
-1.713495260150186550e-01
-1.716335040088524388e-01
-1.719379033011178282e-01
-1.722255843249984042e-01
-1.724721968577586362e-01
-1.727118917843887824e-01
-1.729974693267243846e-01
-1.732329948740001790e-01
-1.734707073672031030e-01
-1.737216442182844545e-01
-1.739765691447537899e-01
-1.741741409218012238e-01
-1.743769727114149737e-01
-1.745468740721194123e-01
-1.747530945221138776e-01
-1.749628329025612605e-01
-1.751258998090381713e-01
-1.752796007694645553e-01
-1.754742651435610701e-01
-1.754634748801336686e-01
-1.755134362238101320e-01
-1.755535805885423406e-01
-1.756229823819674962e-01
-1.756470861966993313e-01
-1.757164642771284202e-01
-1.757822666428336400e-01
-1.757046439462634224e-01
-1.757286923267287748e-01
-1.756810276538139648e-01
-1.756112503344195441e-01
-1.754429882875008784e-01
-1.755117471173579524e-01
-1.755094855955853794e-01
-1.754418346502319426e-01
-1.751045425948859202e-01
-1.750258518461704216e-01
-1.750727386997013857e-01
-1.749871793607606363e-01
-1.748485380783042775e-01
-1.745321943561917444e-01
-1.743687718216805627e-01
-1.742022378576341957e-01
-1.740175737640410336e-01
-1.738898092278239882e-01
-1.738203494771235480e-01
-1.735508065943165978e-01
-1.735996325293510389e-01
-1.732370261776351450e-01
-1.731145157258720535e-01
-1.730636828185478371e-01
-1.729680150242678127e-01
-1.729321781219952670e-01
-1.727509922693562516e-01
-1.728137305511822652e-01
-1.727931432866464112e-01
-1.728820971232420955e-01
-1.729904990624536454e-01
-1.730189990173628678e-01
-1.728625167473251123e-01
-1.726119813846669349e-01
-1.724755145186936400e-01
-1.723274257663052200e-01
-1.721867815951734770e-01
-1.721225434390801501e-01
-1.719362867342538737e-01
-1.717045640796503458e-01
-1.715523966677847956e-01
-1.715534846044717565e-01
-1.714972876571646543e-01
-1.712837314320373450e-01
-1.711138042838576401e-01
-1.709963132479303538e-01
-1.708574467703267985e-01
-1.706541922708522674e-01
-1.704287994411211316e-01
-1.701832583333147686e-01
-1.700240105190942153e-01
-1.700035557361788408e-01
-1.699360070009685864e-01
-1.697980218554524523e-01
-1.696831570928040989e-01
-1.695920054707551194e-01
-1.695335782685155612e-01
-1.695553434591380304e-01
-1.696673771816858689e-01
-1.697179574453186457e-01
-1.698469241932151208e-01
-1.699521480878076474e-01
-1.700674578676320270e-01
-1.701509488543362092e-01
-1.702791510260603103e-01
-1.703865117509432148e-01
-1.705340935787043044e-01
-1.706656970099328097e-01
-1.708048943079932269e-01
-1.709344883713523888e-01
-1.710302563192823977e-01
-1.711665746003553645e-01
-1.712815227970545529e-01
-1.714242418847953531e-01
-1.715867745999192506e-01
-1.717376007517205649e-01
-1.718749745917145244e-01
-1.720007187079239663e-01
-1.721074247555911263e-01
-1.722364765233341533e-01
-1.723638735231175223e-01
-1.724630228376228536e-01
-1.725674560408921032e-01
-1.726851296283405390e-01
-1.728073136155372225e-01
-1.729181434545952745e-01
-1.730587111738007833e-01
-1.732199824690064671e-01
-1.733717586272243150e-01
-1.735450686286215405e-01
-1.737167101053761487e-01
-1.739008436590419593e-01
-1.740621310873687044e-01
-1.742149720864538121e-01
-1.743658994472321033e-01
-1.745035604930451345e-01
-1.746382721129826066e-01
-1.747791512504574818e-01
-1.749218623632438074e-01
-1.750683980340183854e-01
-1.752102070485237750e-01
-1.753428152802880557e-01
-1.754699261967582191e-01
-1.756015801889980188e-01
-1.757307831187910618e-01
-1.758799961391215305e-01
-1.760151334234502651e-01
-1.761533709078132726e-01
-1.762880500563029085e-01
-1.764105751118745236e-01
-1.765324598659105959e-01
-1.766474895602649087e-01
-1.767751895397988160e-01
-1.769040103796426788e-01
-1.770285454951254778e-01
-1.771552661631511927e-01
-1.772750941922403844e-01
-1.774130779634688904e-01
-1.775588717033429187e-01
-1.777208981220157191e-01
-1.778938712982963410e-01
-1.780602727824486531e-01
-1.782264481526327216e-01
-1.783817902870977468e-01
-1.785419900208015387e-01
-1.787099707996721853e-01
-1.788624128076510278e-01
-1.790219493378139848e-01
-1.791914768666373892e-01
-1.793545960145782880e-01
-1.795044049349834581e-01
-1.796418385996760847e-01
-1.797792507153392616e-01
-1.798903633571612426e-01
-1.800157205425669538e-01
-1.801526469519702522e-01
-1.802747207615357228e-01
-1.803834115205811550e-01
-1.804780999912276584e-01
-1.805916409286844604e-01
-1.806790531648661546e-01
-1.807684246614771895e-01
-1.808311698276639790e-01
-1.809117070152430895e-01
-1.810105901226617686e-01
-1.811154615395950962e-01
-1.811973475775523756e-01
-1.813130338906565886e-01
-1.814172287369585634e-01
-1.815181810332173462e-01
-1.816174917203587647e-01
-1.817189911841266270e-01
-1.818280905438069972e-01
-1.819302407724507076e-01
-1.820347435937349212e-01
-1.821161740203085244e-01
-1.822076668401790556e-01
-1.822914629526809493e-01
-1.823882706618503990e-01
-1.824808911637778308e-01
-1.825636481310690395e-01
-1.826420414285408189e-01
-1.827160163904960888e-01
-1.827873615874007207e-01
-1.828806019410078865e-01
-1.829694887020464622e-01
-1.830608772360456660e-01
-1.831583932781165880e-01
-1.832568927710730156e-01
-1.833539588279117227e-01
-1.834503410916773769e-01
-1.835451507351536504e-01
-1.836297906941883884e-01
-1.837153812403823361e-01
-1.837975866904499322e-01
-1.838832877359042051e-01
-1.839758510495497212e-01
-1.840572620804737380e-01
-1.841437340483813856e-01
-1.842224886445638088e-01
-1.843159445890765746e-01
-1.844027219656721728e-01
-1.844888020593575817e-01
-1.845741948808993227e-01
-1.846565970598882667e-01
-1.847536323010131598e-01
-1.848517860881483954e-01
-1.849383461522235428e-01
-1.850294646046235225e-01
-1.851352105946174609e-01
-1.852337889682360295e-01
-1.853427645399293444e-01
-1.854520486752014030e-01
-1.855548504784300112e-01
-1.856433987460834323e-01
-1.857235671603978955e-01
-1.858062147704988565e-01
-1.858899229378805640e-01
-1.859757604328307612e-01
-1.860535662785907374e-01
-1.861156044597319370e-01
-1.861686402068381263e-01
-1.862198283911094265e-01
-1.862681445636885924e-01
-1.863083819102434313e-01
-1.863519453612912102e-01
-1.863914960641928353e-01
-1.864303567470764755e-01
-1.864665639210458803e-01
-1.865056999017442874e-01
-1.865412922516997696e-01
-1.865717755467258543e-01
-1.865987553388242515e-01
-1.866212122583938982e-01
-1.866398614706748782e-01
-1.866541500761700334e-01
-1.866660206217719831e-01
-1.866744680069994389e-01
-1.866801611789007664e-01
-1.866829114489955421e-01
-1.866834042032353980e-01
-1.866815559653528800e-01
-1.866772454278438909e-01
-1.866698608310504715e-01
-1.866595067502291594e-01
-1.866460868513648008e-01
-1.866315276046752181e-01
-1.866132078107579362e-01
-1.865913177927202848e-01
-1.865657811257400989e-01
-1.865452163070350500e-01
-1.865199820163830347e-01
-1.864981988523846668e-01
-1.864714931739600012e-01
-1.864418127705306238e-01
-1.864051946154233474e-01
-1.863637481995250311e-01
-1.863220886647004304e-01
-1.862806383907071872e-01
-1.862331498329283519e-01
-1.861842387541429722e-01
-1.861276242507979850e-01
-1.860694933593912415e-01
-1.859998672430453470e-01
-1.859203158236911180e-01
-1.858426631498976411e-01
-1.857677771980177917e-01
-1.856962970040460792e-01
-1.856299693405397688e-01
-1.855606995767215273e-01
-1.854716015304998245e-01
-1.853889640324538346e-01
-1.853080424686041616e-01
-1.852326589775470100e-01
-1.851375343998096501e-01
-1.850385436618998125e-01
-1.849369800548706921e-01
-1.848382802734604979e-01
-1.847220702022041305e-01
-1.846162731853552286e-01
-1.844969622199062464e-01
-1.843975391212562265e-01
-1.842837515078872834e-01
-1.841827596417550950e-01
-1.840677336234075312e-01
-1.839183013412716006e-01
-1.837566843166126840e-01
-1.835991667143154760e-01
-1.834703503945086245e-01
-1.833648464468167483e-01
-1.832422248507435680e-01
-1.832216823154382834e-01
-1.832602124743809846e-01
-1.832962173783984905e-01
-1.835561725072441808e-01
-1.837001293734656926e-01
-1.838366084904833886e-01
-1.838713793808697261e-01
-1.840070458060365233e-01
-1.841600110130522661e-01
-1.843735354490318168e-01
-1.846015993773315045e-01
-1.848845761421109568e-01
-1.852160822622577752e-01
-1.854912522466734548e-01
-1.855519087163638725e-01
-1.856586667700499682e-01
-1.856243661177288395e-01
-1.854549549568065836e-01
-1.852997466640860513e-01
-1.851187282279661561e-01
-1.849705627593392077e-01
-1.848596085990069915e-01
-1.847638104779718293e-01
-1.845803379570799263e-01
-1.845050132191442815e-01
-1.845169762268641378e-01
-1.846093892379067625e-01
-1.848931833396093016e-01
-1.848908888667253614e-01
-1.851119939759404698e-01
-1.854423475489610784e-01
-1.858252119060447294e-01
-1.862852421160861305e-01
-1.865691374492989829e-01
-1.870830655940422527e-01
-1.876227555009061521e-01
-1.879476869419875185e-01
-1.884383857190571609e-01
-1.889097233064343240e-01
-1.894390599812345588e-01
-1.900756479339527905e-01
-1.908895643760261940e-01
-1.917179655653459824e-01
-1.925557124531032671e-01
-1.933744750024334602e-01
-1.941815112277041622e-01
-1.949773524767259847e-01
-1.956735948597450592e-01
-1.963008819324038867e-01
-1.969356305141356234e-01
-1.975244513387565959e-01
-1.981849476344598182e-01
-1.985117812133269932e-01
-1.986531120766075464e-01
-1.985654677648903965e-01
-1.985439349729359315e-01
-1.983454391233299419e-01
-1.981642174848769200e-01
-1.979289619682100543e-01
-1.977404215299047308e-01
-1.975270611752012184e-01
-1.973848246930472172e-01
-1.973417387156768676e-01
-1.972980966736484765e-01
-1.972673261725529648e-01
-1.972203024113471370e-01
-1.971425501694641647e-01
-1.970571029857371981e-01
-1.970191242075220173e-01
-1.970073661964218681e-01
-1.969346408172763241e-01
-1.968255011110409958e-01
-1.967208005039987606e-01
-1.965606824485124082e-01
-1.963576613939062854e-01
-1.961560432419237610e-01
-1.959653059331653846e-01
-1.957988414667951316e-01
-1.956534296274746731e-01
-1.955950611514141735e-01
-1.955387439771109903e-01
-1.954322394415591579e-01
-1.953102537734378030e-01
-1.952368429069295808e-01
-1.951300925277170695e-01
-1.950513909150978220e-01
-1.949585956881062787e-01
-1.948941736088355137e-01
-1.948182640142706035e-01
-1.948277727521162406e-01
-1.948051857122989061e-01
-1.947472957177753539e-01
-1.947422461498226065e-01
-1.947317316931907183e-01
-1.947036903885668302e-01
-1.946032295002283474e-01
-1.944763255524619150e-01
-1.943265385257782474e-01
-1.941912909359723716e-01
-1.940704423346746310e-01
-1.939711050487076816e-01
-1.939501807936453992e-01
-1.939645843946529447e-01
-1.940619901139513104e-01
-1.942320045254428973e-01
-1.946077536159528665e-01
-1.948669485598498452e-01
-1.951219249624797925e-01
-1.955433203741451242e-01
-1.961658775679242239e-01
-1.969600747419354980e-01
-1.977950754390261356e-01
-1.986617362251064112e-01
-1.996369467965093958e-01
-2.005185534422616600e-01
-2.013771296198715588e-01
-2.022923947173805859e-01
-2.033194935555932836e-01
-2.042536669192258625e-01
-2.052331740506080082e-01
-2.061772720159776584e-01
-2.071110410728617679e-01
-2.080274810466293534e-01
-2.090068830036225789e-01
-2.098747900004774014e-01
-2.107045949306566301e-01
-2.114449842142893943e-01
-2.122387955725108521e-01
-2.129631702934802473e-01
-2.136693064609315185e-01
-2.143456794626163453e-01
-2.149469317161186166e-01
-2.155344221225128087e-01
-2.160750686024781597e-01
-2.165383150673221568e-01
-2.169743265979028335e-01
-2.173764724516258073e-01
-2.177608999721630245e-01
-2.180622282160402381e-01
-2.183280848768423543e-01
-2.185407088089189598e-01
-2.187046930430062153e-01
-2.188124513422539663e-01
-2.188657538868899466e-01
-2.188655130506023394e-01
-2.188090924712089436e-01
-2.186989075753958400e-01
-2.185401823143953148e-01
-2.183176324398758417e-01
-2.180464806370290276e-01
-2.177300678261874789e-01
-2.173543931697634601e-01
-2.169255914153827292e-01
-2.164786485614726419e-01
-2.159866250226935014e-01
-2.154732423488557036e-01
-2.149254591590955277e-01
-2.143632658231571508e-01
-2.138169458817469060e-01
-2.132745213552083574e-01
-2.126645582970091708e-01
-2.120292708660697356e-01
-2.113654191471033006e-01
-2.106811063322444333e-01
-2.099614693214169325e-01
-2.091921483546305138e-01
-2.084511646486956471e-01
-2.076365925605799800e-01
-2.067978675025238799e-01
-2.059508780997786892e-01
-2.050949964727117880e-01
-2.041526077755035640e-01
-2.031696624107010296e-01
-2.021812825477177222e-01
-2.011166436238290556e-01
-2.000628549643251042e-01
-1.989302645761382715e-01
-1.977322317165891852e-01
-1.965064150403388887e-01
-1.953321472754711297e-01
-1.941436352409485200e-01
-1.929671021213449911e-01
-1.917534786298341065e-01
-1.904459816602819822e-01
-1.891523518019158356e-01
-1.877118036143445856e-01
-1.863229463722392287e-01
-1.850014914320549653e-01
-1.836469248775881302e-01
-1.823056203351161031e-01
-1.808596460115211857e-01
-1.793969854103349970e-01
-1.779148514008450921e-01
-1.764236614355877697e-01
-1.749373388732253509e-01
-1.734832372316020832e-01
-1.719631020634782848e-01
-1.704327440699283103e-01
-1.689386778949647505e-01
-1.676220478550549398e-01
-1.662373882905603950e-01
-1.649222037423827003e-01
-1.636821556263525212e-01
-1.624849875318341574e-01
-1.613742428234265225e-01
-1.601850310601877214e-01
-1.590621006328860332e-01
-1.578662779573951902e-01
-1.566207064949675376e-01
-1.555103558792260976e-01
-1.544455852254356110e-01
-1.533959805475046678e-01
-1.524613750297968140e-01
-1.515431378808679841e-01
-1.505507888064293587e-01
-1.495101819629764961e-01
-1.484277614501380571e-01
-1.473330597089211602e-01
-1.462866148908603392e-01
-1.454178716509036962e-01
-1.445875904418310876e-01
-1.439355146335135893e-01
-1.432127146696318409e-01
-1.425267200976719495e-01
-1.418326119428591769e-01
-1.411344927326526333e-01
-1.404872059946725427e-01
-1.398069818752110949e-01
-1.391496911688725469e-01
-1.385600599749340078e-01
-1.380174555461829711e-01
-1.375953239480678936e-01
-1.372990562025170613e-01
-1.370589645581917759e-01
-1.370055774515974989e-01
-1.370224853975540447e-01
-1.370637971136912103e-01
-1.371170914018480791e-01
-1.371806484839349360e-01
-1.372331974662843734e-01
-1.372864878234923980e-01
-1.373397077184737858e-01
-1.373868773618510120e-01
-1.374402983057649019e-01
-1.374893928257888698e-01
-1.375285188760373423e-01
-1.375567320156807216e-01
-1.375786894966017915e-01
-1.375964166062772776e-01
-1.376100785016828587e-01
-1.376166159875652772e-01
-1.376194214483109635e-01
-1.376161684787249317e-01
-1.376062844781211214e-01
-1.375905971268060746e-01
-1.375676889046056894e-01
-1.375353663607273569e-01
-1.374912807713664642e-01
-1.374402411426240145e-01
-1.373836997065930876e-01
-1.373272269506828069e-01
-1.372618220078966333e-01
-1.372010069431126855e-01
-1.371390200172291074e-01
-1.370779509688410391e-01
-1.370093392172601898e-01
-1.369322781681814871e-01
-1.368519843863636176e-01
-1.367549793533936464e-01
-1.366568317698828861e-01
-1.365771066982534310e-01
-1.364809557970204923e-01
-1.363669724501253844e-01
-1.362516710834643374e-01
-1.361278254724239689e-01
-1.359652514772911325e-01
-1.358107906179124580e-01
-1.356348308878496389e-01
-1.354425210116136646e-01
-1.352468346825035084e-01
-1.350592934524348643e-01
-1.348536473242779588e-01
-1.346293001941788192e-01
-1.343888518183772307e-01
-1.341347432015755348e-01
-1.338814030815277389e-01
-1.335766268715632976e-01
-1.333120526966444230e-01
-1.330155959535228583e-01
-1.327739933795112903e-01
-1.324802844960790149e-01
-1.322486265719678700e-01
-1.320438749677310397e-01
-1.319825227887680696e-01
-1.317304470822414364e-01
-1.315438726652102819e-01
-1.313639504245084910e-01
-1.312516797087526776e-01
-1.312507213947277096e-01
-1.311537321750974872e-01
-1.311274191681602863e-01
-1.313354028123331074e-01
-1.315995371160210425e-01
-1.319915277734461656e-01
-1.321338518169850318e-01
-1.324277439290267588e-01
-1.324973951313214715e-01
-1.325116454984732184e-01
-1.327117649870589722e-01
-1.326931320654958779e-01
-1.326129659990381571e-01
-1.324122007285663261e-01
-1.321493524383464679e-01
-1.318575909221846032e-01
-1.314321468206562926e-01
-1.310033352104199855e-01
-1.304902935382248608e-01
-1.300125131175322579e-01
-1.294864111817613239e-01
-1.289697573249277418e-01
-1.283833463035907174e-01
-1.278582449752099226e-01
-1.273435282198107643e-01
-1.269267293786011663e-01
-1.265737747582978412e-01
-1.262401371336342171e-01
-1.258706909503761739e-01
-1.255353596991177767e-01
-1.252125952788235852e-01
-1.248916095676484705e-01
-1.246365816033893764e-01
-1.244227209069601880e-01
-1.242146817091407535e-01
-1.239692260660622408e-01
-1.237455028047707156e-01
-1.235144461557130535e-01
-1.233879787725220556e-01
-1.232824364936721678e-01
-1.231337109496221660e-01
-1.231210054127530595e-01
-1.232152357547019461e-01
-1.234531242183147109e-01
-1.237043745123586891e-01
-1.240317837128296768e-01
-1.244127632044609300e-01
-1.249498929827102117e-01
-1.255275789412693133e-01
-1.260217969849967978e-01
-1.264780441679207723e-01
-1.269291974518824972e-01
-1.273717225573460232e-01
-1.277452550299940925e-01
-1.281367253448983390e-01
-1.284744634031090016e-01
-1.287501350126802335e-01
-1.290243390802146006e-01
-1.292363010518531030e-01
-1.294322552288813544e-01
-1.295939304464373276e-01
-1.296938823383941286e-01
-1.297632546858945024e-01
-1.297854342504075886e-01
-1.297655125321356684e-01
-1.297087721794724091e-01
-1.295993764123175296e-01
-1.294567866176699611e-01
-1.293022780433810137e-01
-1.290813881165726318e-01
-1.288241304315643210e-01
-1.285603078469122751e-01
-1.283109798918326272e-01
-1.280288608303134235e-01
-1.277715161049400028e-01
-1.274224688623497581e-01
-1.270991209896435714e-01
-1.267236772441987513e-01
-1.262955949348982254e-01
-1.258473847598745865e-01
-1.253939869093399218e-01
-1.247932353643568248e-01
-1.241681633362825277e-01
-1.234447697484636203e-01
-1.226727053273375806e-01
-1.219697147722235003e-01
-1.211734490920870211e-01
-1.204544373164949667e-01
-1.196343119117469628e-01
-1.187763555743127919e-01
-1.179297649942870896e-01
-1.170258776510404303e-01
-1.160835542720328600e-01
-1.151336205641358412e-01
-1.141631699070871225e-01
-1.131792473751443984e-01
-1.121554055271799105e-01
-1.111185946452665357e-01
-1.100498055781775203e-01
-1.089565535123823703e-01
-1.078381738173432719e-01
-1.067892268502583231e-01
-1.058110693965308158e-01
-1.049602939015647218e-01
-1.040760305616758308e-01
-1.032753386189703831e-01
-1.025465154053793598e-01
-1.018671511327697843e-01
-1.010742856874991685e-01
-1.003141883942443996e-01
-9.949170735691378886e-02
-9.872814311736133330e-02
-9.810391554217501309e-02
-9.753290141710156680e-02
-9.704030896218084068e-02
-9.657190721889023777e-02
-9.608523202688087905e-02
-9.552539307025102733e-02
-9.504445579621534357e-02
-9.449596883104048606e-02
-9.393821637442970052e-02
-9.343799955021585280e-02
-9.290549184889893009e-02
-9.237716353587968610e-02
-9.195113633442925094e-02
-9.150941555194640198e-02
-9.108783130386864657e-02
-9.066732572296211379e-02
-9.029667285720544001e-02
-8.995960931460818266e-02
-8.960908132391062764e-02
-8.926042408090399671e-02
-8.893586487236371241e-02
-8.870281915549318996e-02
-8.852627101458648839e-02
-8.856880313008670680e-02
-8.865467454125247615e-02
-8.874340714527451102e-02
-8.889870819050485484e-02
-8.906962697875776824e-02
-8.921257590734918419e-02
-8.936546686459481692e-02
-8.949959861800829697e-02
-8.964134066224607733e-02
-8.977621925367050559e-02
-8.989837216879557891e-02
-8.999123302422888659e-02
-9.008258474200646349e-02
-9.016531929048968164e-02
-9.023514548682780301e-02
-9.029265707172361155e-02
-9.034078000044765133e-02
-9.038387015442150840e-02
-9.042077868730312440e-02
-9.044716663516258470e-02
-9.046608205736658692e-02
-9.047612861155975017e-02
-9.047642186098646400e-02
-9.046583133612075278e-02
-9.044275183273486896e-02
-9.040819451566529941e-02
-9.036346979867530826e-02
-9.030863791205655244e-02
-9.024547473646352125e-02
-9.017184816105056067e-02
-9.009249812290850978e-02
-9.000039551587490916e-02
-8.990121853560868737e-02
-8.978885134251872457e-02
-8.966697711492489786e-02
-8.953417870600201278e-02
-8.938869344745077605e-02
-8.924277491434395859e-02
-8.908742210646676540e-02
-8.892229728437826830e-02
-8.874801438142780607e-02
-8.856082243820596889e-02
-8.837493927147391237e-02
-8.817858744281298344e-02
-8.798481257930432231e-02
-8.778122087980995414e-02
-8.756228556428993781e-02
-8.734592103918013828e-02
-8.711920991982968765e-02
-8.688405424234658947e-02
-8.664711174892733569e-02
-8.641012058100898396e-02
-8.615573274249886671e-02
-8.589172500165048740e-02
-8.562020843828833938e-02
-8.533649581608433732e-02
-8.505326981452768220e-02
-8.476220932158108623e-02
-8.447504132870592430e-02
-8.419353931339694508e-02
-8.391587988438529988e-02
-8.363348012730212333e-02
-8.332992086744098192e-02
-8.301858056405551911e-02
-8.267326236834438014e-02
-8.231172020301774639e-02
-8.195044518740146611e-02
-8.157061218737361730e-02
-8.120150724933211661e-02
-8.081827299357739747e-02
-8.043964145274137834e-02
-8.004074804280886246e-02
-7.962770469747697255e-02
-7.920443376055089080e-02
-7.876982225743980881e-02
-7.833499962027855312e-02
-7.792634306068514649e-02
-7.756018702011893695e-02
-7.718986695870690140e-02
-7.679457674850073690e-02
-7.637424039318022051e-02
-7.593311754629450405e-02
-7.549307230996932239e-02
-7.505324358586713818e-02
-7.459085441237946201e-02
-7.413149443025640606e-02
-7.366527405680839413e-02
-7.321474159554404448e-02
-7.275555898735337756e-02
-7.228093591231990467e-02
-7.176092020572720498e-02
-7.123988574969633558e-02
-7.072219554906004901e-02
-7.022456682988256760e-02
-6.968327997982246003e-02
-6.913237606008727776e-02
-6.857719478391587076e-02
-6.801754799711118293e-02
-6.749140586976971889e-02
-6.693531650508900699e-02
-6.634837087736114580e-02
-6.576053990855942888e-02
-6.510674962558234136e-02
-6.441648560155140146e-02
-6.371755581901784871e-02
-6.303929477448556862e-02
-6.234743295992803414e-02
-6.169334525758056464e-02
-6.103913074326843685e-02
-6.034651596204160945e-02
-5.962625209481509786e-02
-5.890595502040572862e-02
-5.817744123218353963e-02
-5.744614688263265101e-02
-5.672531231855732631e-02
-5.597902195611569043e-02
-5.526091923154379665e-02
-5.451453991980964586e-02
-5.374317874713729210e-02
-5.301032164026549254e-02
-5.225392240446185416e-02
-5.152467185330104893e-02
-5.077695189765232126e-02
-4.998668981442054571e-02
-4.928244393575503812e-02
-4.844619093190311726e-02
-4.760496425657271408e-02
-4.676344854085812131e-02
-4.590561432479773468e-02
-4.502018930485465059e-02
-4.411198350976627131e-02
-4.319350962507590569e-02
-4.226615921037227275e-02
-4.133555285258927459e-02
-4.037881698429762051e-02
-3.934310919124609646e-02
-3.832877891138706389e-02
-3.732501183066890688e-02
-3.638100727375466470e-02
-3.539744844633720133e-02
-3.443996823984489530e-02
-3.349351827808103033e-02
-3.260070686624451375e-02
-3.170582019628204185e-02
-3.075672844800110897e-02
-2.978705245617242411e-02
-2.879626978137050236e-02
-2.779250194076181291e-02
-2.684785254674473473e-02
-2.594047521222321573e-02
-2.503037996557409481e-02
-2.411437876966253738e-02
-2.319708916970035506e-02
-2.225900523072446568e-02
-2.134412658129954468e-02
-2.040244978334358056e-02
-1.942775320333934436e-02
-1.854846066637196034e-02
-1.764538181667730729e-02
-1.674261676517114009e-02
-1.577435595768248225e-02
-1.485671077440634154e-02
-1.393904426831791936e-02
-1.307125320166384851e-02
-1.220668714634535676e-02
-1.133019508585929834e-02
-1.050242459287019023e-02
-9.716027785365356426e-03
-9.070133604438285202e-03
-8.309709639180902843e-03
-7.517859229289492774e-03
-6.750652189984723481e-03
-5.944656809732881859e-03
-5.085417981491387358e-03
-4.239760777392624636e-03
-3.390334084392118350e-03
-2.562545874043369205e-03
-1.775890983519788635e-03
-1.044433943649843806e-03
-3.245659353885334687e-04
4.121011997783718007e-04
1.115901667689568871e-03
1.773623047613029618e-03
2.428483177602087928e-03
3.132661007597373811e-03
3.796094419846641251e-03
4.447116689884848123e-03
5.072130175345942842e-03
5.698123242457294076e-03
6.344736455673068848e-03
7.018128414127064452e-03
7.700240562485928184e-03
8.381148388773846172e-03
9.096427529873631762e-03
9.798111472393513169e-03
1.052629039543780988e-02
1.125708649824331761e-02
1.194430668120839527e-02
1.263099795788913057e-02
1.335551398273272621e-02
1.405873965237374769e-02
1.472628111715606342e-02
1.535996594714230876e-02
1.601680159460989669e-02
1.660699365007447040e-02
1.721087684417553498e-02
1.779864322969430118e-02
1.842947556268387937e-02
1.907210156321249850e-02
1.970095632714544825e-02
2.035084899503891362e-02
2.086449667621075379e-02
2.133550848010713763e-02
2.185069163469062839e-02
2.232070594116178017e-02
2.264505591698717443e-02
2.304106227009309824e-02
2.343085498363424793e-02
2.387548978872914424e-02
2.432096638935064142e-02
2.476684392735126541e-02
2.535648245053898076e-02
2.592147815482793646e-02
2.650179964507314023e-02
2.710053968450690590e-02
2.767936626923879484e-02
2.833228232227584867e-02
2.899802002933558193e-02
2.972125807625175878e-02
3.040323182298629301e-02
3.112011919418774739e-02
3.184589495102994883e-02
3.253842433971544656e-02
3.308920734936397073e-02
3.377967905477855665e-02
3.447994266266369429e-02
3.514851055152140580e-02
3.586497869582227355e-02
3.633360190581445825e-02
3.662673493894828131e-02
3.679564625566236757e-02
3.690631483326198281e-02
3.691577555699349089e-02
3.677923895323916698e-02
3.655793865291961930e-02
3.631484150873460354e-02
3.618021475847296026e-02
3.619543208621201630e-02
3.607149426555763400e-02
3.619270691314515481e-02
3.615049046095231838e-02
3.613847436927113133e-02
3.615654158195866913e-02
3.635966017767579272e-02
3.660249343975688352e-02
3.701777002727255766e-02
3.749071030247456277e-02
3.790144643416651360e-02
3.833073885362119765e-02
3.887327396536330304e-02
3.945005348827804875e-02
4.003627116284936421e-02
4.062529947906525635e-02
4.116118633566321489e-02
4.164333167244585465e-02
4.211215397436288838e-02
4.256731138204822990e-02
4.307718069821182133e-02
4.360416394138560969e-02
4.409257076400463493e-02
4.452611026447457487e-02
4.491636260068314346e-02
4.526425879096770966e-02
4.560369399292129450e-02
4.590619295973948077e-02
4.617430503977076189e-02
4.642515292413418315e-02
4.664034133299702761e-02
4.682584330297875908e-02
4.695371826862380915e-02
4.704654164448442838e-02
4.709029202345403620e-02
4.711060367672040977e-02
4.710612677602436099e-02
4.708004086995028897e-02
4.705202649571396667e-02
4.700770225936754670e-02
4.696383652837540779e-02
4.690155931331790179e-02
4.683167973216876417e-02
4.678582539715690075e-02
4.675016928973345365e-02
4.686233887669726678e-02
4.680818191404929191e-02
4.666962308110401275e-02
4.643670199832022200e-02
4.630979524733144087e-02
4.603131763561792156e-02
4.569235009699398886e-02
4.532157434682434344e-02
4.504774601329261663e-02
4.461742562185895544e-02
4.413257775684657769e-02
4.378796903512217203e-02
4.341156592384128737e-02
4.303279930907275702e-02
4.285108853431526810e-02
4.271037637668961134e-02
4.262359189781099456e-02
4.268353358983879159e-02
4.276170088132254937e-02
4.264751745167415231e-02
4.279747795364317181e-02
4.277795775409558299e-02
4.293525810457389513e-02
4.310407325192602140e-02
4.307273834547609148e-02
4.315616783841456222e-02
4.330161481043503374e-02
4.343116350318319829e-02
4.369758666263307001e-02
4.414579292131851074e-02
4.477089683363510292e-02
4.551028072974234312e-02
4.617375825440619974e-02
4.702198425280810362e-02
4.794732381626785195e-02
4.874105391272452042e-02
4.965015435511408587e-02
5.049258278139901607e-02
5.129653850522042369e-02
5.226476976960251625e-02
5.324146781282085988e-02
5.434226491306964196e-02
5.543733879242301876e-02
5.638216062980263427e-02
5.740938824398714169e-02
5.845225894431433505e-02
5.945138081205877945e-02
6.053308935175055749e-02
6.144849629550772074e-02
6.241469504819082553e-02
6.353791861438376487e-02
6.454759816545456441e-02
6.561109468048605120e-02
6.673613497633071323e-02
6.795513907367536910e-02
6.909234418550086465e-02
7.025623187586939322e-02
7.134506681451162347e-02
7.243649055139693427e-02
7.351555594263785298e-02
7.446476184126028797e-02
7.544979511897824398e-02
7.639152884219729822e-02
7.737922966209725972e-02
7.835227196235620972e-02
7.932627210595719069e-02
8.026114594023489590e-02
8.117407677055211990e-02
8.212638031915391046e-02
8.312713571616110741e-02
8.414194098920664555e-02
8.504492103942201675e-02
8.591309448368496249e-02
8.672148327147385927e-02
8.766974466667618038e-02
8.852766604269016182e-02
8.941102839772116506e-02
9.011904495035556739e-02
9.096757627083010278e-02
9.177498915011503278e-02
9.256899341912623591e-02
9.317947918985562683e-02
9.390735018194174000e-02
9.466710589909878293e-02
9.527780418886726277e-02
9.603393918319776124e-02
9.663070453600512699e-02
9.724695674507410903e-02
9.794588521204447562e-02
9.859151794177005435e-02
9.913259143537105078e-02
9.970626771344866246e-02
1.003006785634470571e-01
1.009833090215711687e-01
1.014179645143189340e-01
1.020201905448377966e-01
1.028439042196578890e-01
1.034174091193565403e-01
1.042173841775788229e-01
1.048792003998244432e-01
1.056799286711172237e-01
1.063706487850727272e-01
1.069994495535860762e-01
1.077392215679665588e-01
1.083434867509368155e-01
1.089740590112332069e-01
1.096161227912686026e-01
1.103326124180977474e-01
1.109719867685776823e-01
1.114702796991619976e-01
1.120775438112818490e-01
1.126479951448130651e-01
1.131576525319284987e-01
1.138303528013226429e-01
1.144877260833609828e-01
1.151402725982971220e-01
1.157059880568988286e-01
1.164245586769185048e-01
1.171921195322359055e-01
1.179117509550415971e-01
1.186034907716711773e-01
1.193306205372054868e-01
1.200235004166677055e-01
1.207620455906764784e-01
1.215568553817834713e-01
1.223138001277165182e-01
1.232093666103344781e-01
1.239230878185259843e-01
1.247491497496524548e-01
1.257466872700024052e-01
1.267476711207466689e-01
1.277341120668808450e-01
1.286297260046762314e-01
1.292688929460507619e-01
1.298581861526412751e-01
1.304288190263685476e-01
1.309854717331931095e-01
1.315118745181331483e-01
1.322730237607465942e-01
1.330849731559322624e-01
1.337974688256270139e-01
1.345243767584714811e-01
1.355461273544953937e-01
1.366658769085707381e-01
1.377547916024165209e-01
1.388793823919183268e-01
1.399995003343627309e-01
1.412227212163990053e-01
1.424480689644666564e-01
1.436453251706171774e-01
1.448271860174878689e-01
1.458387093370501486e-01
1.469233627330371050e-01
1.479540319849556862e-01
1.491015584060304267e-01
1.500902097083060549e-01
1.509572636483337560e-01
1.515903231273627860e-01
1.525806697575418369e-01
1.533246404156598797e-01
1.542308170207690732e-01
1.550193084084405537e-01
1.558477746798526964e-01
1.567499369253048946e-01
1.576326700637970257e-01
1.584812982052433705e-01
1.593992971013771798e-01
1.602568233990852298e-01
1.610527389254613473e-01
1.618352230760649879e-01
1.626756848332581717e-01
1.636161693688219509e-01
1.644747853839539087e-01
1.653750517199038539e-01
1.663060634234163060e-01
1.671420209796836143e-01
1.680954212714549922e-01
1.690679123654521554e-01
1.699193356322996895e-01
1.707451642711431683e-01
1.714423956923159242e-01
1.721839905081277988e-01
1.729744479702447491e-01
1.738209457864675622e-01
1.746560013027648739e-01
1.755733822759292517e-01
1.764275669959330384e-01
1.772098711426604578e-01
1.780936506014999809e-01
1.790027092135099140e-01
1.800067205818130789e-01
1.809303029435032073e-01
1.819036847037087956e-01
1.828133508255770645e-01
1.837081572828806741e-01
1.846168954376351812e-01
1.855390214118807501e-01
1.864997827097828187e-01
1.874122358080269057e-01
1.883946890608824976e-01
1.893865393522675411e-01
1.904247294085121001e-01
1.914446175058278077e-01
1.925045200587837957e-01
1.935938017886116025e-01
1.946508444123318249e-01
1.956501782749978657e-01
1.966379396584671257e-01
1.976617173200059807e-01
1.986462087362699525e-01
1.995793428736090114e-01
2.005560740453122825e-01
2.014873253724862867e-01
2.023934355445916322e-01
2.032250783176802467e-01
2.041047756415818593e-01
2.049774459281274719e-01
2.058278807421692058e-01
2.067268999406203234e-01
2.075158408361989504e-01
2.082519100708077331e-01
2.088637999323714745e-01
2.095017818709075663e-01
2.101987354666225161e-01
2.108999431824568338e-01
2.115341483069079487e-01
2.122212723207528295e-01
2.128490183525609813e-01
2.136124425922107106e-01
2.143773375324768138e-01
2.150354682717521282e-01
2.157310842940153295e-01
2.164377229690440385e-01
2.171565243520081068e-01
2.179222647674494973e-01
2.186587121349024831e-01
2.194475328657435331e-01
2.201753411354974710e-01
2.208686661213754843e-01
2.216253569159672421e-01
2.224635998522814517e-01
2.233277509787733039e-01
2.241728247314835054e-01
2.250689882558372656e-01
2.260390164194783225e-01
2.269815255296200318e-01
2.279336804447771037e-01
2.287982723984797184e-01
2.297393486693953268e-01
2.306713996566107649e-01
2.315789519154739518e-01
2.324351002291933921e-01
2.332386290083575120e-01
2.339650732303692193e-01
2.347633341050074651e-01
2.355092303662797981e-01
2.362566861114996919e-01
2.369890221471601388e-01
2.377471667901355501e-01
2.385273559296527957e-01
2.390880811989343768e-01
2.398476610046971491e-01
2.405296609477318992e-01
2.412719778248173519e-01
2.421143768318138323e-01
2.427146658097012188e-01
2.434445788721155413e-01
2.441769961850920323e-01
2.450344638029061384e-01
2.455902350520311472e-01
2.463132760386207154e-01
2.471362280397651490e-01
2.479405269884097929e-01
2.488765591377996578e-01
2.497279443430610590e-01
2.501529896689229093e-01
2.509705050813466620e-01
2.516458526180757049e-01
2.527191772496611422e-01
2.535433460625274860e-01
2.543216415901956573e-01
2.550172928278363615e-01
2.557272363443674479e-01
2.563352083305778795e-01
2.563999633701571357e-01
2.569695523616861155e-01
2.573241044413842049e-01
2.578121177359761762e-01
2.585007826966981281e-01
2.592065580105615830e-01
2.599439658661714669e-01
2.606035019970677769e-01
2.615526680725407394e-01
2.620760616266041287e-01
2.627290838504006687e-01
2.637695207862782443e-01
2.646923562933086727e-01
2.657480384963484266e-01
2.667477397245605619e-01
2.676187971419264344e-01
2.685812463485056090e-01
2.695044705620249226e-01
2.702682956492092337e-01
2.710863721764726897e-01
2.717948986042660331e-01
2.724540716328879841e-01
2.731641534185617060e-01
2.741122241540355220e-01
2.750970471627282588e-01
2.761302841281050857e-01
2.772705391345715031e-01
2.784829490970046062e-01
2.795718525956730760e-01
2.804335479341249493e-01
2.815322419373849638e-01
2.826180595837392562e-01
2.837483387039191340e-01
2.848176857427406339e-01
2.859851800415769696e-01
2.874146734621000343e-01
2.887337592983223455e-01
2.899179670787679353e-01
2.912078634076237238e-01
2.925569199003166809e-01
2.938839231257074913e-01
2.952454182784699510e-01
2.965611184028973391e-01
2.977756198475020044e-01
2.991756492489744956e-01
3.006359407141642182e-01
3.019887493009121848e-01
3.034162498243704320e-01
3.049960101645785016e-01
3.066720770497781690e-01
3.082519089036293014e-01
3.098386535352964932e-01
3.115941508364958312e-01
3.132530574735141737e-01
3.148661189263152749e-01
3.163752006857864507e-01
3.180721328478104404e-01
3.196341549916784652e-01
3.212905340056424475e-01
3.228310519171271875e-01
3.243753737297746520e-01
3.260261038481637730e-01
3.274187844786617951e-01
3.290251298910622513e-01
3.305122283954012308e-01
3.319940098579414745e-01
3.334481791183135369e-01
3.349929311521107067e-01
3.363933792266434186e-01
3.377344422371356125e-01
3.389468040892876233e-01
3.402594601298182808e-01
3.413340406675465788e-01
3.428296664923147774e-01
3.439347470855526612e-01
3.454165011226964510e-01
3.468384905029773813e-01
3.482740381945583774e-01
3.496296215665668505e-01
3.508877173854356157e-01
3.523593880647591936e-01
3.537308572442005028e-01
3.552192781655191256e-01
3.566778549152113120e-01
3.580952144174999185e-01
3.595852197032681774e-01
3.608971308857549798e-01
3.623398138096046717e-01
3.636336931035625830e-01
3.652160643759219116e-01
3.667610425498874505e-01
3.682211426297518075e-01
3.698046477750760452e-01
3.714296061868288534e-01
3.729128436913290989e-01
3.745391165224769559e-01
3.758842628769257788e-01
3.772272772567934473e-01
3.786374332410106236e-01
3.800752441641087609e-01
3.812583625438595858e-01
3.826615591902071678e-01
3.839555471507851148e-01
3.853802020338022993e-01
3.866559978652676643e-01
3.878060652310881262e-01
3.889975369281261641e-01
3.902371758309985394e-01
3.914373664384384610e-01
3.926687765848581035e-01
3.938233368544151736e-01
3.951838014499650664e-01
3.965370933376523022e-01
3.980275472683594273e-01
3.994503185705498005e-01
4.009056659473569928e-01
4.021821240742124437e-01
4.034973405509783007e-01
4.045718739455517188e-01
4.054658721201620519e-01
4.066102595792710495e-01
4.080987080785100085e-01
4.095347278063933838e-01
4.108868537047521974e-01
4.117786548734062579e-01
4.131104150922295659e-01
4.144558265080465209e-01
4.158882267146709055e-01
4.171433746552129507e-01
4.187260073681832728e-01
4.202429092667619992e-01
4.217201964754900834e-01
4.231302439897281498e-01
4.244193229459568006e-01
4.257280473301108259e-01
4.267587770815105541e-01
4.279521147459942609e-01
4.291815312829024287e-01
4.306181523876823070e-01
4.317124987124188462e-01
4.330576740072147879e-01
4.342606407170406801e-01
4.356332191197836989e-01
4.368611147081095658e-01
4.379268282026626546e-01
4.390507279433349397e-01
4.402624446111226275e-01
4.411456419328244061e-01
4.420332130063585052e-01
4.430210493901592939e-01
4.439763206796029094e-01
4.451191239227345053e-01
4.460780087957917361e-01
4.471359135206787183e-01
4.482065781421206707e-01
4.492632148074955922e-01
4.505249403356356153e-01
4.515841053267406480e-01
4.527210485257711081e-01
4.538362837378081549e-01
4.547880802528553312e-01
4.559962581419784167e-01
4.570182090226654892e-01
4.579990835999660503e-01
4.590511440036791346e-01
4.599984964239738350e-01
4.609086915893799707e-01
4.615015243639902787e-01
4.620672204084055879e-01
4.628711210701424994e-01
4.634170949055129163e-01
4.639841163054192474e-01
4.646094035405323730e-01
4.650804795695342997e-01
4.658575833184146475e-01
4.662280474830013954e-01
4.665224510957253767e-01
4.671041018578457882e-01
4.678633003612514552e-01
4.686677001972292533e-01
4.696973307834277911e-01
4.707651086129373552e-01
4.718638924107590449e-01
4.729680962394489097e-01
4.738881945829483966e-01
4.744961950585625532e-01
4.754390256163603667e-01
4.762741012813728192e-01
4.770458755818898777e-01
4.775024824925953038e-01
4.784806360430093886e-01
4.790542526435350168e-01
4.794986658969297988e-01
4.793376026828410907e-01
4.792722614575300466e-01
4.793329202541450340e-01
4.797358606467875819e-01
4.799900394769679446e-01
4.803623588850673976e-01
4.808633266598849043e-01
4.812093780909000862e-01
4.816570077585319853e-01
4.818299691890290948e-01
4.824290982371325920e-01
4.827392544259808127e-01
4.829306157318691839e-01
4.834645374366220993e-01
4.839027640401236119e-01
4.844571685261474525e-01
4.849597322602207106e-01
4.855337822818538429e-01
4.862223785361171613e-01
4.868541845485820363e-01
4.872946545220269710e-01
4.876577896403677670e-01
4.881776888731433894e-01
4.886398027908531172e-01
4.892061422413061522e-01
4.895616488790068277e-01
4.900334923819212873e-01
4.905729178480636166e-01
4.909495305909004070e-01
4.914333776675024468e-01
4.919607888387586558e-01
4.924263908452075067e-01
4.929059748588037193e-01
4.933813613732970227e-01
4.938671419204706536e-01
4.943378975784715190e-01
4.947122558795281067e-01
4.951697166676072293e-01
4.956859514398392896e-01
4.962183480950151382e-01
4.967094231202089372e-01
4.972032981658345285e-01
4.977125978195362510e-01
4.983084146882700849e-01
4.989030618192828448e-01
4.994899324565019727e-01
5.001264660291852016e-01
5.007787316561843616e-01
5.013331624239728557e-01
5.017879087669127047e-01
5.023354231862051655e-01
5.028249553067222211e-01
5.032186043541038156e-01
5.035766429249955989e-01
5.039279270684298151e-01
5.043076834202120384e-01
5.047327311115963333e-01
5.051008548971819279e-01
5.054958090992550668e-01
5.058590742635462600e-01
5.062559317190667985e-01
5.066063371489520906e-01
5.069541068236725900e-01
5.071349616105268465e-01
5.073983958855394771e-01
5.076674641861479431e-01
5.078717563150600967e-01
5.081225263926951730e-01
5.083055192576010350e-01
5.084878754583285199e-01
5.086277162383932016e-01
5.088049415205214698e-01
5.089898924861590013e-01
5.091896289793885755e-01
5.093998659391053563e-01
5.095866054090935071e-01
5.097468050015540042e-01
5.098591091029593958e-01
5.099818017697993477e-01
5.100794917371094250e-01
5.101721899086992806e-01
5.102461641012784321e-01
5.102910604440219489e-01
5.103240812563395457e-01
5.103425280179983980e-01
5.103482419531109038e-01
5.103474324048112853e-01
5.103456722851515970e-01
5.103426310421846912e-01
5.103348029570869970e-01
5.103270979562215537e-01
5.103127811138647996e-01
5.102921285356157854e-01
5.102717410906537632e-01
5.102373664868362635e-01
5.101991458132383306e-01
5.101585049933653471e-01
5.100674217372129782e-01
5.099733768239332887e-01
5.098985447628453516e-01
5.097830808870271735e-01
5.096766376688878220e-01
5.095800232046030498e-01
5.095070338985622227e-01
5.093772471041705385e-01
5.092583623843482954e-01
5.091728589700926788e-01
5.090370128126324722e-01
5.088794402127714278e-01
5.086703159071452873e-01
5.084667414535088970e-01
5.082558042258561448e-01
5.080221250394136856e-01
5.078141404397938929e-01
5.076361706476631985e-01
5.074518688987502690e-01
5.072654917159752364e-01
5.070614619614933760e-01
5.069740494378340845e-01
5.068552883983941104e-01
5.066673599991293742e-01
5.065487336085686687e-01
5.063669057007368357e-01
5.060887068439614556e-01
5.057487909988850339e-01
5.053783290009896678e-01
5.050690162123245841e-01
5.048224050670961915e-01
5.045612988204742910e-01
5.042843010585067454e-01
5.040236468943742887e-01
5.037434549313231091e-01
5.034413490689106929e-01
5.031760241758459484e-01
5.028761331826968606e-01
5.025638217951939879e-01
5.023461359767521506e-01
5.020343812696482777e-01
5.017539939758696166e-01
5.016518707633008667e-01
5.014605999124150948e-01
5.012942133227406005e-01
5.011861497215417405e-01
5.011189336830372820e-01
5.011249922656515476e-01
5.010585159747873440e-01
5.008856613168385374e-01
5.008165983257187870e-01
5.006416943881293324e-01
5.006097040974419876e-01
5.005404044297309119e-01
5.004108201968425762e-01
5.002955616863630217e-01
5.001643002476837685e-01
4.999190451060645524e-01
4.997869187885951026e-01
4.995282670636778666e-01
4.993064298815569901e-01
4.991917827587232237e-01
4.990200316982757456e-01
4.989290092850273695e-01
4.989908306240083968e-01
4.989863686237334117e-01
4.990099168910467897e-01
4.989230911042242256e-01
4.988488726900279779e-01
4.988272549573486425e-01
4.987919828319227755e-01
4.986457069641089257e-01
4.984682764622779816e-01
4.982790020092120464e-01
4.980298734152929785e-01
4.979076630290109606e-01
4.976637961565393287e-01
4.976480133047666010e-01
4.976341156341488325e-01
4.976777113693742205e-01
4.975896358299423672e-01
4.975160084037801300e-01
4.973206421186376347e-01
4.971809883587390289e-01
4.969571921780541190e-01
4.967659327080695686e-01
4.964948862495904836e-01
4.962512085375458404e-01
4.961290738119840671e-01
4.958513146672753891e-01
4.956734762304087494e-01
4.955171672265935023e-01
4.955076710009011509e-01
4.954614805816932033e-01
4.954913025781170766e-01
4.954959740284079484e-01
4.954524586575748679e-01
4.954008710698534212e-01
4.953806856091854116e-01
4.953163860320055623e-01
4.952777490876888455e-01
4.953664589432686394e-01
4.953910046096555164e-01
4.953657840856343642e-01
4.953764728435049447e-01
4.954847934311012447e-01
4.955374811588392769e-01
4.955823738882030316e-01
4.957064209338231109e-01
4.958628702895938045e-01
4.959591715925922850e-01
4.959918796520076945e-01
4.960414908465915484e-01
4.960411297781943674e-01
4.958417200895700594e-01
4.958278273203257092e-01
4.954996537012311131e-01
4.954019990717337674e-01
4.953131409444125333e-01
4.953100483633104956e-01
4.953101456901171651e-01
4.952840594629731030e-01
4.952590780839097317e-01
4.951641187997025684e-01
4.950464629308065634e-01
4.950098819437809827e-01
4.950764745192126060e-01
4.951915933843674678e-01
4.952058728975239910e-01
4.953401388313147802e-01
4.954128728296796069e-01
4.953454049176181928e-01
4.954567403129547243e-01
4.955405074683347788e-01
4.955097057300708041e-01
4.955467059376371108e-01
4.954117105392937259e-01
4.954517785978614364e-01
4.953977113201797344e-01
4.954585197555178566e-01
4.953555177654435648e-01
4.954572480989154482e-01
4.954057032505386204e-01
4.954399774766796716e-01
4.953330844065244598e-01
4.952607076796038399e-01
4.951305340034801161e-01
4.950125926097926343e-01
4.947854209268005565e-01
4.945723359577258171e-01
4.944965351928091168e-01
4.941806107472676568e-01
4.940378569546671761e-01
4.939378740240696342e-01
4.937089799385805389e-01
4.936464867833721404e-01
4.935585913928215440e-01
4.933891321890533366e-01
4.932392958129196425e-01
4.930025953939501937e-01
4.928697957752721237e-01
4.927699877984262899e-01
4.926399144569771349e-01
4.924190752510245184e-01
4.921402416185018391e-01
4.918449165254104027e-01
4.917038274999985803e-01
4.916717479296677795e-01
4.914407399044410374e-01
4.912557625992831078e-01
4.910818545127746404e-01
4.908770251425106368e-01
4.906926664208966504e-01
4.905761602538267208e-01
4.904796555890394427e-01
4.904307421569900627e-01
4.903950442679531618e-01
4.904036888068144528e-01
4.904587502341435368e-01
4.904112056225815031e-01
4.903289034393653045e-01
4.902761450049793468e-01
4.901219333112906695e-01
4.901286905927269566e-01
4.901272228830640398e-01
4.900913574348148560e-01
4.898913567363442634e-01
4.898855236748173025e-01
4.899371732784531530e-01
4.898713659395834141e-01
4.897433432668275577e-01
4.894735884390825631e-01
4.889665985456176367e-01
4.888917076706086329e-01
4.887869696535934172e-01
4.886219749217778907e-01
4.881866599583079558e-01
4.878935994164118051e-01
4.876904640512303435e-01
4.874577566319348021e-01
4.872707902023200588e-01
4.872238293691634192e-01
4.871825586914148576e-01
4.871332879603972321e-01
4.870597708330704489e-01
4.870366011293126851e-01
4.870386639618407565e-01
4.870100928022804698e-01
4.869060605761514893e-01
4.866627271864815141e-01
4.864870530976470597e-01
4.862613018661422482e-01
4.860562732541773845e-01
4.858460112452751001e-01
4.855691494284668508e-01
4.850700591745928381e-01
4.844086953553602415e-01
4.838538431602543710e-01
4.835013868857813146e-01
4.831518588030482286e-01
4.825516640703028104e-01
4.821649956598809683e-01
4.816988491255157490e-01
4.812303416120262689e-01
4.809363846400485087e-01
4.803545804333069769e-01
4.800781675576539786e-01
4.796989837211956265e-01
4.792225149585238597e-01
4.787530664788528512e-01
4.784085819092043224e-01
4.778719420451332800e-01
4.774222923020789988e-01
4.768462475658867272e-01
4.762877531423448385e-01
4.755089358144183875e-01
4.747557498624790928e-01
4.737623537410749486e-01
4.729185721251936148e-01
4.719730064395007418e-01
4.710025719668509137e-01
4.699988096551792061e-01
4.691868132907295319e-01
4.684944627738112377e-01
4.677628578904957091e-01
4.669673783588284555e-01
4.662460365687715602e-01
4.655709837709656185e-01
4.649736743823227880e-01
4.644718431958080318e-01
4.638583129858189213e-01
4.631241254524650630e-01
4.624669643675590747e-01
4.616900743990908218e-01
4.610660982344759740e-01
4.603477303945889276e-01
4.596739529324174178e-01
4.591494927889980260e-01
4.582198497066842235e-01
4.573613593678840794e-01
4.559978825039954220e-01
4.546501910679938696e-01
4.532745028335726789e-01
4.516346615327073710e-01
4.499562114198987217e-01
4.483158216860755330e-01
4.466354955427733753e-01
4.449548172332965512e-01
4.432738196583807522e-01
4.415925420305681359e-01
4.399110262031189489e-01
4.382293134789269073e-01
4.365474423031756035e-01
4.348654397957867901e-01
4.331833379122383976e-01
4.315011646099248810e-01
4.298189397453999749e-01
4.281366790847883630e-01
4.264543950938331496e-01
4.247720965147080974e-01
4.230897660198779109e-01
4.214074256005750918e-01
4.197250829922808957e-01
4.180427480121827744e-01
