1.999993367072186723e-01
1.999993213982175777e-01
1.996403881052641327e-01
1.991549561619056496e-01
1.987113416980968716e-01
1.982866315801798118e-01
1.978897853370883142e-01
1.975219917738586517e-01
1.971686902369211569e-01
1.968391187969696643e-01
1.965334856897535121e-01
1.962457260962563732e-01
1.959758334775484889e-01
1.957189485889407887e-01
1.954886891222954726e-01
1.952782396774243590e-01
1.950880758523147740e-01
1.949143117398891845e-01
1.947630801723029825e-01
1.946332771309436105e-01
1.945228898943281715e-01
1.944359698937943859e-01
1.943685824047009514e-01
1.943201661310291484e-01
1.942850040333022055e-01
1.942664661525439207e-01
1.942881986368739655e-01
1.943406475373820608e-01
1.943837345271251793e-01
1.941125371237270025e-01
1.938546270361194424e-01
1.936108688839845715e-01
1.933802057242652028e-01
1.931602605740435352e-01
1.929460591174586015e-01
1.927474331340593705e-01
1.925601382602168399e-01
1.923905860370879184e-01
1.922375505785142713e-01
1.921010457145849171e-01
1.919817894514029288e-01
1.918812867899682695e-01
1.918006758539730072e-01
1.917404045439934368e-01
1.917007080203441405e-01
1.916811767212770190e-01
1.917007256937608428e-01
1.917408298132340927e-01
1.917614959293885979e-01
1.915164568858076788e-01
1.912854788402224282e-01
1.910654117574683009e-01
1.908555266739357381e-01
1.906548282281901874e-01
1.904639202511116680e-01
1.902814672814887587e-01
1.901093385449987849e-01
1.899489955910896033e-01
1.897997425051700382e-01
1.896620045607055605e-01
1.895368896999208852e-01
1.894245430937120944e-01
1.893245124886626662e-01
1.892358296493465708e-01
1.891583787245913195e-01
1.890937549644755578e-01
1.890415659400966064e-01
1.889992170133138749e-01
1.890141710106262862e-01
1.890393246961152574e-01
1.890410729965981695e-01
1.887368909057185185e-01
1.884397797892297943e-01
1.881455820936103751e-01
1.878556211376654350e-01
1.875721830168442794e-01
1.872956836339864650e-01
1.870222659684218081e-01
1.867528823466866605e-01
1.864907059779578047e-01
1.862340116676076684e-01
1.859807555738834384e-01
1.857289796461891740e-01
1.854768963161346207e-01
1.852265861558410887e-01
1.849799499542514603e-01
1.847361893742062722e-01
1.844975105497400625e-01
1.842646740329098587e-01
1.840373176639192865e-01
1.838159588127771804e-01
1.835993046524499739e-01
1.833875690359416111e-01
1.831850507247829440e-01
1.829857732492542743e-01
1.827931060110681571e-01
1.826059631787288196e-01
1.824245077858911990e-01
1.822465899241359211e-01
-4.000032461005836315e-01
-4.000032620066891753e-01
-4.017913784487751605e-01
-4.040321045000810907e-01
-4.063052943105145420e-01
-4.086117457120204688e-01
-4.109452213413032906e-01
-4.132866883076767306e-01
-4.156449998602709250e-01
-4.179954443078410242e-01
-4.203522533719205034e-01
-4.227410822198993112e-01
-4.251095665671428825e-01
-4.274729432435196430e-01
-4.298357627539904913e-01
-4.321663169293906148e-01
-4.345276212580467812e-01
-4.369148092754409074e-01
-4.392995041232038433e-01
-4.416578893212614876e-01
-4.440438584207684891e-01
-4.464413949348869370e-01
-4.488554541268854892e-01
-4.512556655633757074e-01
-4.536149001756516475e-01
-4.560141375189198931e-01
-4.584039878023682402e-01
-4.607835674336337450e-01
-4.631334082156569609e-01
-4.654488197375303282e-01
-4.677627810109131201e-01
-4.700602235360294423e-01
-4.723617158965124907e-01
-4.746573251014734596e-01
-4.769712399994271435e-01
-4.792709507958124449e-01
-4.815604138366221809e-01
-4.838711342510592650e-01
-4.886775706424736354e-01
-4.882909192495480943e-01
-4.878889795408285490e-01
-4.874755767254776995e-01
-4.870860238562753075e-01
-4.867313043768304315e-01
-4.863758340725015672e-01
-4.860262538336139193e-01
-4.856765552025904542e-01
-4.853388773551773339e-01
-4.849860314254417770e-01
-4.846345636794101019e-01
-4.842998992248677137e-01
-4.839412043488581228e-01
-4.836026555963127693e-01
-4.833177277241019754e-01
-4.830632879579485062e-01
-4.828431496774572285e-01
-4.826051343642827063e-01
-4.823289738862279186e-01
-4.820309008675466300e-01
-4.816449890704405101e-01
-4.813201790605166064e-01
-4.810050568828556083e-01
-4.806748567242029035e-01
-4.803370674324561884e-01
-4.799933467135441556e-01
-4.796321644177415910e-01
-4.792568684407907398e-01
-4.788111315680842472e-01
-4.784102048438869659e-01
-4.780102054797843447e-01
-4.775724704559553002e-01
-4.771612693786027593e-01
-4.767069411385956856e-01
-4.762387106919234170e-01
-4.757365097010413102e-01
-4.752501001596477481e-01
-4.747969057473235277e-01
-4.743623617604251219e-01
-4.739139562416104234e-01
-4.734267419056051307e-01
-4.729717933203084201e-01
-4.725730079228456226e-01
-4.721223816489917291e-01
-4.716429501821173265e-01
-4.711619310659511117e-01
-4.707193785765928506e-01
-4.703454904395278358e-01
-4.699279724236794520e-01
-4.694819631857462539e-01
-4.689920013475358807e-01
-4.684829152896838322e-01
-4.680351596985100060e-01
-4.675854365653010491e-01
-4.671682094023759668e-01
-4.667685593511144981e-01
-4.663446642427659383e-01
-4.659661513793728060e-01
-4.656645456319824516e-01
-4.654059440638316780e-01
-4.651572186032266742e-01
-4.649192997786639747e-01
-4.647182323979480723e-01
-4.645056640736434650e-01
-4.642739581903482238e-01
-4.640659150290403767e-01
-4.638659639333742035e-01
-4.637021595673918584e-01
-4.635406766596012473e-01
-4.633852385149304642e-01
-4.632447342188182327e-01
-4.631104966831494640e-01
-4.629229211832032176e-01
-4.627406799875484755e-01
-4.625475577374025815e-01
-4.623550668007865294e-01
-4.621775985346698867e-01
-4.620044283773648841e-01
-4.618265635220298315e-01
-4.616351609175906590e-01
-4.614378750446240240e-01
-4.612400156256216688e-01
-4.610533418770663139e-01
-4.608675578794012573e-01
-4.606824044494777226e-01
-4.605322419000227874e-01
-4.603904063853268003e-01
-4.602249517586863847e-01
-4.600568703257350012e-01
-4.598851197855757800e-01
-4.596837472417061310e-01
-4.594920069737762902e-01
-4.592836059007618377e-01
-4.590753213793529186e-01
-4.588838154855243712e-01
-4.586858714129429249e-01
-4.584742434303901715e-01
-4.582404682602930768e-01
-4.580260876147447258e-01
-4.578116093118317353e-01
-4.576217613471493251e-01
-4.574399509147791809e-01
-4.572679928501744429e-01
-4.570869493015597418e-01
-4.568999690931332958e-01
-4.567209137799718710e-01
-4.565501134527753524e-01
-4.563713978884572087e-01
-4.561955808488275532e-01
-4.560166237751342999e-01
-4.558407098214857789e-01
-4.556668933725572246e-01
-4.554840706679094686e-01
-4.553190006357029085e-01
-4.551518119078049041e-01
-4.550053572312869332e-01
-4.548687401007431852e-01
-4.547417650708390768e-01
-4.546108338568677354e-01
-4.544970775500875582e-01
-4.543886384355252384e-01
-4.542929230800989426e-01
-4.542040840881830799e-01
-4.541207415764452193e-01
-4.540420164794380375e-01
-4.539763461306993708e-01
-4.539120887093053280e-01
-4.538575929286977617e-01
-4.538088712436610384e-01
-4.537687349134946757e-01
-4.537350483131507017e-01
-4.537120919384020623e-01
-4.536979624032357328e-01
-4.536921645746710974e-01
-4.536930307424925091e-01
-4.537010122973675341e-01
-4.537177236563978977e-01
-4.537448788743091987e-01
-4.537885912635835073e-01
-4.538576114028956554e-01
-4.539657703223032859e-01
-4.541038700616134016e-01
-4.542804548249202989e-01
-4.545131294416104306e-01
-4.547769753922917824e-01
-4.550815930147944499e-01
-4.554086464177497517e-01
-4.557702570857995461e-01
-4.561949525480482048e-01
-4.566609166194824376e-01
-4.571439542345681062e-01
-4.577058982596175496e-01
-4.583056796279341705e-01
-4.588847203374161743e-01
-4.595129549644133005e-01
-4.602198655909734981e-01
-4.608913632692905882e-01
-4.615732842824995519e-01
-4.623098455812520990e-01
-4.630627294262398275e-01
-4.638621318552553774e-01
-4.646920084404578821e-01
-4.655376012150476139e-01
-4.663381653121376202e-01
-4.687625649684468154e-01
-4.711797839750299088e-01
-4.735917983501139461e-01
-4.760003400162288734e-01
-4.784067703687606699e-01
-4.808121019048802736e-01
-2.000026480523953709e-01
-2.000026640437341796e-01
-2.016994549359980016e-01
-2.020307342532358663e-01
-2.023564895453262846e-01
-2.026929373678002522e-01
-2.030353009236556538e-01
-2.034148584254175107e-01
-2.038483145980568567e-01
-2.042898752018533493e-01
-2.047587319946355122e-01
-2.053133438698741542e-01
-2.078377267892657088e-01
-2.103551440082673529e-01
-2.128676231606753677e-01
-2.153759567495373839e-01
-2.178816991637219647e-01
-2.203860172950292406e-01
-2.228896526753429697e-01
-2.253931150961787644e-01
-2.278967448939997475e-01
-2.304007540554815214e-01
-2.329052598090305126e-01
-2.354103115535459978e-01
-2.379159119956273938e-01
-2.404220333451423663e-01
-2.429286294677025226e-01
-2.454356447645704153e-01
-2.479430099107242380e-01
-2.504506485763476897e-01
-2.529585099071713916e-01
-2.554665480591383764e-01
-2.579747192117576859e-01
-2.604829766661436175e-01
-2.629912949708503866e-01
-2.654996536201137958e-01
-2.680080365026252798e-01
-2.705164313121554698e-01
-2.730248288292743131e-01
-2.755332360874996334e-01
-2.780416505259650783e-01
-2.805500709993102859e-01
-2.830584966277038816e-01
-2.855669277303077291e-01
-2.880753651811636673e-01
-2.905838101325224909e-01
-2.930922717689530277e-01
-2.956007568662830098e-01
-2.981092591482879528e-01
-3.006177692439092608e-01
-3.031262863249713502e-01
-3.056348093679266409e-01
-3.081433371605574734e-01
-3.106518683207459275e-01
-3.131604013233236783e-01
-3.156689345319342865e-01
-3.181774553820237994e-01
-3.206859603093270006e-01
-3.231944489941211418e-01
-3.257029213116409139e-01
-3.282113773371623244e-01
-3.307198173491651683e-01
-3.332282418302258686e-01
-3.357366591424036373e-01
-3.382450782723677163e-01
-3.407535009002236603e-01
-3.432619290710005600e-01
-3.457703643661583226e-01
-3.482788083396308743e-01
-3.507872623906206355e-01
-3.532957277378085403e-01
-3.558042148821315975e-01
-3.583127235328430471e-01
-3.608212432602594388e-01
-3.633297725473327855e-01
-3.658382668738436871e-01
-3.683467025060030986e-01
-3.708551317815145243e-01
-3.733635564565794818e-01
-3.758719783702597073e-01
-3.783804045524662429e-01
-3.808888455133543349e-01
-3.833973017307797937e-01
-3.859057734615204405e-01
-3.884142607425732363e-01
-3.909227633939432733e-01
-3.934312810230192747e-01
-3.959398122323003477e-01
-3.984483425500333076e-01
-4.009568700513701511e-01
-4.034653930618924411e-01
-4.059739096146477433e-01
-4.084824180290705375e-01
-4.109909167669533181e-01
-4.134994044624913934e-01
-4.160078470313243182e-01
-4.185163166051197314e-01
-4.210248036796989113e-01
-4.235333023310530187e-01
-4.260418112439318117e-01
-4.285503289228313473e-01
-4.310588537197672654e-01
-4.335673838642875588e-01
-4.360759174945305627e-01
-4.385844526884234429e-01
-4.410929810472735690e-01
-4.436014940389770844e-01
-4.461099911553586539e-01
-4.486184721165310529e-01
-4.511269368706434801e-01
-4.536353855925696621e-01
-4.561438186810106155e-01
-4.586522434383651925e-01
-4.611606692289361153e-01
-4.636690984960292750e-01
-4.661775328076309677e-01
-4.686859738749432069e-01
-4.711944232864754833e-01
-4.737029117222232855e-01
-4.762114283010510096e-01
-4.787199365629326575e-01
-4.812284462071641511e-01
-4.837369671576902674e-01
-4.862454979263367560e-01
-4.887539446991782111e-01
-4.911750701513430406e-01
-4.935319405653298963e-01
-4.958006248981583486e-01
-4.980850044397197030e-01
-5.003558939792139837e-01
-5.026485360403378788e-01
-5.050218677146374180e-01
-5.074291207846043372e-01
-5.099620083236287016e-01
-5.124946533642028568e-01
-5.150271431988513449e-01
-5.175594707956373552e-01
3.999997364411786993e-01
3.999997212518428547e-01
3.998511935780925119e-01
3.997318351640827827e-01
3.995499816998687170e-01
3.992982990862811166e-01
3.989813769434413793e-01
3.985807223308804326e-01
3.980955834731724208e-01
3.975438990176070608e-01
3.969367875759523545e-01
3.962824478746683199e-01
3.955835629416117327e-01
3.948299175568725783e-01
3.940241717108496911e-01
3.931772913471764386e-01
3.922623861471547513e-01
3.912645648913312679e-01
3.901936518763415851e-01
3.890858283261179884e-01
3.879326897743419766e-01
3.867475065363850661e-01
3.855314646859527294e-01
3.842915971938383191e-01
3.830280923577390473e-01
3.817499126351643901e-01
3.804458737227776055e-01
3.791185775007155367e-01
3.777553193794112585e-01
3.763918365365935270e-01
3.750412763245876691e-01
3.736717740392592191e-01
3.722875247443248603e-01
3.708743181812085843e-01
3.694609077942390685e-01
3.680277061187778864e-01
3.665734905820997591e-01
3.651386803143366055e-01
3.636960475692904149e-01
3.622309181619066676e-01
3.607658322038878596e-01
3.592740839566440636e-01
3.577473337523398578e-01
3.562262301660516495e-01
3.546595565856757726e-01
3.530613550053234295e-01
3.514391065385351065e-01
3.498215407824593615e-01
3.482052112478018491e-01
3.465855540874854812e-01
3.449363760501756859e-01
3.432979533734754063e-01
3.416174302099299620e-01
3.399487756058964805e-01
3.382937993299651169e-01
3.365857077716765122e-01
3.348503779586469165e-01
3.331170695587973851e-01
3.314141696787749614e-01
3.296896805375353900e-01
3.279280427066711412e-01
3.261469539011696006e-01
3.243397122427122414e-01
3.225299496810882238e-01
