1.999988931815430138e-01
1.999988777221697323e-01
1.992648693212765720e-01
1.985451507757862444e-01
1.978554392074885482e-01
1.971960545112550478e-01
1.965566245744711504e-01
1.959485844822729250e-01
1.953631684885132336e-01
1.948057276203827848e-01
1.942785059205870413e-01
1.937853709939952873e-01
1.933271671823584559e-01
1.929022030201170135e-01
1.925043450714719329e-01
1.921336606312502027e-01
1.917826842028078627e-01
1.914582741366840646e-01
1.911582407872585709e-01
1.908818157949420391e-01
1.906318545127017039e-01
1.904064758352008169e-01
1.902080777240745535e-01
1.900367144268696185e-01
1.898932325510617192e-01
1.897797167635114357e-01
1.896947017339368213e-01
1.896371099410267824e-01
1.896067610220580069e-01
1.896039601690652499e-01
1.896296530677016035e-01
1.896859548231802639e-01
1.897731846113424048e-01
1.898917167069878453e-01
1.900406585984592278e-01
1.902239050575356138e-01
1.904354355906921203e-01
1.906805024005278903e-01
1.909580387406627222e-01
1.912682882279492513e-01
1.916131624128256938e-01
1.919821846253025044e-01
1.923805963450305467e-01
1.928095330801483376e-01
1.932581151353255644e-01
1.937282573651835371e-01
1.942215993167556443e-01
1.947331230098001409e-01
1.952817606799646666e-01
1.958612145656804804e-01
1.964590684104997043e-01
1.970872573194335231e-01
1.977369563232408978e-01
1.984198063995808448e-01
1.991218438000312563e-01
1.998567017992943229e-01
2.006115544147008545e-01
2.013917439513100149e-01
2.022071781980918637e-01
2.030499661111019039e-01
2.039285913602579270e-01
2.048415991891704702e-01
2.057781593727925629e-01
2.067360203599927504e-01
2.077113028611912993e-01
2.087117847832631046e-01
2.097275305233669007e-01
2.107618758380537805e-01
2.118270110124991779e-01
2.129182536429251593e-01
2.140458568656741223e-01
2.152253550275922411e-01
2.164408522926813405e-01
2.176818728135556935e-01
2.189621599948080588e-01
2.202820607027782263e-01
2.216264240134806496e-01
2.229892107060750805e-01
2.243812731264208660e-01
2.258018514953227807e-01
2.272202142518699453e-01
2.286623284987047700e-01
2.301315563702341083e-01
2.316351293429807778e-01
2.331690318135122009e-01
2.347104139967534642e-01
2.362753491691983454e-01
2.378660797850193909e-01
2.394978445441643400e-01
2.411569783390362653e-01
2.428793911762323343e-01
2.446284365770581004e-01
2.463741959213975596e-01
2.481297739339977104e-01
2.499067217889456571e-01
2.517023110492559446e-01
2.534943296459604700e-01
2.553163312755441505e-01
2.571617122379163400e-01
2.590267599988235192e-01
2.609245820978019492e-01
2.628226450450231733e-01
2.647254801637152211e-01
2.666459504654178359e-01
2.685693932409427553e-01
2.705366385123911810e-01
2.725272901975757112e-01
2.745469585470661777e-01
2.765651964926176265e-01
2.785931736726576791e-01
2.806532986552826570e-01
2.827266974888912876e-01
2.847863626683596605e-01
2.868576828154708047e-01
2.889209469089044635e-01
2.910185368788149041e-01
2.931496040564262051e-01
2.952977665564616161e-01
2.974824640912746010e-01
2.996457214550385384e-01
3.017960456524761415e-01
3.039402369543862670e-01
3.060800159584635693e-01
3.082674371868197594e-01
3.104765020705895218e-01
3.126784127947226377e-01
3.148779353692253147e-01
3.170591157121034898e-01
3.192296602472140532e-01
3.213945793541969076e-01
3.235538667394347034e-01
3.256817495046594457e-01
3.278110345214280130e-01
3.299479120748725625e-01
3.320915778295173149e-01
3.342542516646705431e-01
3.364368878785328754e-01
3.386223486302457064e-01
3.408389190075164499e-01
3.430565532946984186e-01
3.452858704418771962e-01
3.475604015761438181e-01
3.498287026197684502e-01
3.520959370534672561e-01
3.543775611122318425e-01
3.566441117227982516e-01
3.589090838774270376e-01
3.611914959674310532e-01
3.634590166989756788e-01
3.657210861337749086e-01
3.679718974275190679e-01
3.702278339868982915e-01
3.724884705257953676e-01
3.747877707562583538e-01
3.771239159273030439e-01
3.794595485313857486e-01
3.818402677514692867e-01
3.842252624158628005e-01
3.865941939409926476e-01
3.889597547370325370e-01
3.913203059258087424e-01
3.936740076763123874e-01
3.960549184416171098e-01
3.984376630469653180e-01
4.008284121557149082e-01
4.032360126186056437e-01
4.056435172003148293e-01
4.080391817840515745e-01
4.104315147372330497e-01
4.127848323521451923e-01
4.151484784014909946e-01
4.175153871856251420e-01
4.198557481613075515e-01
4.222029331611347747e-01
4.245677205727135251e-01
4.269354596153530079e-01
4.293163395764111323e-01
4.317126375996684917e-01
4.341065785103332964e-01
4.364601589465767484e-01
4.387964489525940093e-01
4.411243013575189553e-01
4.434607460200978846e-01
4.457666512863615593e-01
4.480534596576428719e-01
4.503592316946788965e-01
4.527091779909698799e-01
4.550609859112589861e-01
4.573911122365689197e-01
4.597007579629807661e-01
4.620004527284014562e-01
4.643315089448074029e-01
4.666638506391750929e-01
4.689742466601795612e-01
4.712661012797308424e-01
4.735477035780432664e-01
4.758463101516083316e-01
4.781533393335887228e-01
4.804717433640272595e-01
4.828174368294390062e-01
4.851371706320455890e-01
4.874485251949957632e-01
4.897292278229638529e-01
4.920151304866986486e-01
4.942907357870516272e-01
4.965814885729204486e-01
4.988879459683118744e-01
5.011920173662042233e-01
5.035156272218962448e-01
5.058491058541642049e-01
5.081751238024712070e-01
5.105041758846144972e-01
5.128485382050448349e-01
5.151725406999410062e-01
5.175327642621215807e-01
5.199192547944769816e-01
5.222928189232333152e-01
5.246750515882311339e-01
5.270500828769378865e-01
5.294146164872816085e-01
5.317812531810600651e-01
5.341648027768594043e-01
5.365305652976893880e-01
5.389055524122515761e-01
5.413032765117063994e-01
5.436467725769279502e-01
5.459556437324242228e-01
5.482700912424770534e-01
5.505976632922424674e-01
5.529159483423804478e-01
-1.999979487773841103e-01
-1.999979329748380608e-01
-1.985280577312520944e-01
-1.970676684854704430e-01
-1.956209044410538722e-01
-1.941966665169125306e-01
-1.927756824733553864e-01
-1.913583450988325663e-01
-1.899324976627753403e-01
-1.885119549199886224e-01
-1.871050466400730194e-01
-1.856971345256395456e-01
-1.843309553254819377e-01
-1.829815186596726595e-01
-1.816393275334003132e-01
-1.803004547101284827e-01
-1.789672908290554088e-01
-1.776563634437030303e-01
-1.763589213595174177e-01
-1.750746628577663500e-01
-1.737987436775194627e-01
-1.725290461137210241e-01
-1.712684190914492977e-01
-1.699989636530561676e-01
-1.687267918179813087e-01
-1.674523014782430541e-01
-1.661870872001762478e-01
-1.649326759186354463e-01
-1.636968820861519902e-01
-1.624914451150976658e-01
-1.612937099901768645e-01
-1.601345230751533011e-01
-1.590049717524146533e-01
-1.578940867308911700e-01
-1.567945154627018167e-01
-1.557007369335814684e-01
-1.546291979808672168e-01
-1.535762214298416750e-01
-1.525418987292355422e-01
-1.515166026189733173e-01
-1.504959394018862973e-01
-1.494844166119057294e-01
-1.484998231132690083e-01
-1.475131787856546195e-01
-1.465451579571745988e-01
-1.455873401991784888e-01
-1.446468594060067447e-01
-1.437245308138216382e-01
-1.427981909862133802e-01
-1.418822192714187802e-01
-1.409723916223966922e-01
-1.400741792642614947e-01
-1.391920376370354984e-01
-1.383234905388558977e-01
-1.374573043796064598e-01
-1.366231672558284038e-01
-1.357963167165567309e-01
-1.349841153616539446e-01
-1.341797030405313118e-01
-1.333979025573147348e-01
-1.326208055541074904e-01
-1.318670640880079126e-01
-1.311318063779140508e-01
-1.304188595777960313e-01
-1.297299960541101749e-01
-1.290580454709839842e-01
-1.284092281227632026e-01
-1.277863476045537072e-01
-1.271855336779516010e-01
-1.265947913969547034e-01
-1.260153875074953300e-01
-1.254540505110494086e-01
-1.249102351050525445e-01
-1.243833815358427325e-01
-1.238740821965602229e-01
-1.233826427234274714e-01
-1.229089835979359502e-01
-1.224534678017789868e-01
-1.220149491665010327e-01
-1.215923874676725219e-01
-1.211924067410942996e-01
-1.208024466680619746e-01
-1.204297866558692448e-01
-1.200709833218796402e-01
-1.197207197308057386e-01
-1.193832481375620841e-01
-1.190590097725240937e-01
-1.187497499367063114e-01
-1.184546412815075250e-01
-1.181691256146639307e-01
-1.178963579243891835e-01
-1.176323816124580646e-01
-1.173803605077162748e-01
-1.171364353052762597e-01
-1.168994157711464171e-01
-1.166721825203283630e-01
-1.164556218916046326e-01
-1.162473631075312819e-01
-1.160457149516155584e-01
-1.158525058834662114e-01
-1.156689343938025749e-01
-1.154943210481629429e-01
-1.153290151898812566e-01
-1.151706855127783841e-01
-1.150168784295090285e-01
-1.148669460409158238e-01
-1.147189968016737449e-01
-1.145709449380604289e-01
-1.144222363854333069e-01
-1.142729780661157352e-01
-1.141232698315473720e-01
-1.139732013473226391e-01
-1.138228508850324672e-01
-1.136722849518354977e-01
2.045499205191531640e-06
2.061249961891900417e-06
1.573232572991407723e-03
3.141995561014524624e-03
4.692278908473950828e-03
6.247548686805232815e-03
7.793950403135308999e-03
9.329642531052737345e-03
1.086965577892916486e-02
1.242400769496206266e-02
1.400252653959858928e-02
1.555771789581383673e-02
1.713054189577424904e-02
1.871539817085872068e-02
2.031720021818119587e-02
2.191983589088098219e-02
2.352899074758996525e-02
2.515672985597572006e-02
2.677785237150652128e-02
2.837501871450741689e-02
2.998479398044846464e-02
3.162337007433611846e-02
3.330364115877226111e-02
3.500316448279430781e-02
3.674352311352650780e-02
3.846695860284429086e-02
4.021294599790317670e-02
4.193766078066556158e-02
4.369391774787492744e-02
4.545687222028801933e-02
4.722640118247282970e-02
4.900431870696392994e-02
5.079036222374773424e-02
5.258952057081648507e-02
5.442048447966753300e-02
5.628611717562066741e-02
5.815500604724556377e-02
5.999838738059681126e-02
6.186460449842254988e-02
6.373338609330378435e-02
6.561134647195143721e-02
6.749924871502709089e-02
6.940364956234880423e-02
7.128232909261245087e-02
7.312996498612439611e-02
7.500948950632145562e-02
7.687414011370898026e-02
7.875084516811253765e-02
8.062171495298693646e-02
8.251031003253657403e-02
8.440871331366801844e-02
8.631243717175964003e-02
8.819654813666297222e-02
9.013104413104039425e-02
9.206782890940053143e-02
9.399721725392205796e-02
9.593409852755858946e-02
9.788974316534905518e-02
9.984216729559898529e-02
1.017973091325254376e-01
-3.200090347735642078e-06
-3.216077094765544278e-06
-2.392412139921640691e-03
-4.782675822246632881e-03
-7.181442648066523743e-03
-9.558108990281860909e-03
-1.194900711210599743e-02
-1.435162789034966774e-02
-1.671921261124889591e-02
-1.906670783633732102e-02
-2.141305467249971298e-02
-2.377631254041804101e-02
-2.610200763053270936e-02
-2.840093310348256947e-02
-3.071325026395943167e-02
-3.307126148159336698e-02
-3.541075958376563998e-02
-3.772871821313680124e-02
-4.006472351664429332e-02
-4.238793169993151921e-02
-4.469725513582387122e-02
-4.700245698031246810e-02
-4.932929018100128127e-02
-5.163400811207566332e-02
-5.391962240127730344e-02
-5.622701479860971879e-02
-5.857153859756441400e-02
-6.089463646018701548e-02
-6.321134506030218203e-02
-6.550549675109113013e-02
-6.783491233267792409e-02
-7.014663385969335807e-02
-7.243941221388906782e-02
-7.472286182933435272e-02
-7.698689119286424021e-02
-7.926797335004562295e-02
-8.154736936604840836e-02
-8.386911893996547296e-02
-8.615860023599498929e-02
-8.844570463237005908e-02
-9.073335382478729672e-02
-9.300156842144786939e-02
-9.526723370284975734e-02
-9.751566347179985161e-02
-9.976367061759655597e-02
-1.020039086437184300e-01
-1.042221034834487081e-01
-1.064162065024900489e-01
-1.085934006084806197e-01
-1.107742163132428431e-01
-1.129118070469195961e-01
-1.150459690200913432e-01
-1.171704576716307844e-01
-1.192910828990395022e-01
-1.213726624513821878e-01
-1.234179297398596553e-01
-1.254470751179923571e-01
-1.274705012158109108e-01
-1.294992241248917042e-01
-1.315119431228503055e-01
-1.335339456604078823e-01
-1.355702844111858485e-01
-1.375842640201379308e-01
-1.395862511175513798e-01
-1.416285062795690219e-01
-1.436797874272485176e-01
-1.457297636752132586e-01
-1.477623511263851386e-01
-1.497759155823280286e-01
-1.517923262722127020e-01
-1.537745213012426670e-01
-1.557605072465691187e-01
-1.577349089855595299e-01
-1.596973286988687957e-01
-1.616586428097180894e-01
-1.636004650506237557e-01
-1.655271387969140806e-01
-1.674489070878806274e-01
-1.693537950488376298e-01
-1.712363770961327636e-01
-1.730801818958910554e-01
-1.749355658958605952e-01
-1.767817662235497689e-01
-1.786184458953389287e-01
-1.804433707915209517e-01
-1.822136017429170640e-01
-1.839695571072088864e-01
-1.856968481898608470e-01
-1.874227576701928688e-01
-1.891286341430390705e-01
-1.908423539748020370e-01
-1.925593519336468440e-01
-1.942786291706948276e-01
-1.960058044022353341e-01
-1.977172985527939630e-01
-1.994025023585965783e-01
-2.011046681678569925e-01
-2.028056191051973156e-01
-2.045029470963060647e-01
-2.061568257747185273e-01
-2.078228247736017276e-01
-2.094918129677030560e-01
-2.111572891752160619e-01
-2.128306000946808829e-01
-2.145085752966338632e-01
-2.161865540127663188e-01
-2.178641102829732557e-01
-2.195557511479683532e-01
-2.212446449831631523e-01
-2.229402503846867056e-01
-2.246479569761279660e-01
-2.263619108956891057e-01
-2.280888931533889552e-01
-2.298164384308585551e-01
-2.315409295031501669e-01
-2.332688977245912787e-01
-2.349971604788891333e-01
-2.367158694135323427e-01
-2.384151674890457040e-01
-2.400976709262661879e-01
-2.417738264942828619e-01
-2.434458419912215177e-01
-2.451144418640177070e-01
-2.467643380067739700e-01
-2.483941113803765921e-01
-2.500230118464452644e-01
-2.516432810774076878e-01
-2.532516418309589956e-01
-2.548702284784785665e-01
-2.564823338689763976e-01
-2.580896412102670623e-01
-2.596873519484445558e-01
-2.612876339761617261e-01
-2.628669747211573871e-01
-2.644271117328152454e-01
-2.659643751613169904e-01
-2.675149514587221167e-01
-2.690497555064819690e-01
-2.705965378085515849e-01
-2.721374171665685293e-01
-2.736637599995493941e-01
-2.751786302441227572e-01
-2.766928326370125535e-01
-2.782032274418600459e-01
-2.797086124777309890e-01
-2.811968037843736168e-01
-2.826633300786349223e-01
-2.841367033568940603e-01
-2.855889794526527137e-01
-2.870541066550335030e-01
-2.885258106539849710e-01
-2.899653735770942320e-01
-2.913907450304569768e-01
-2.927985403543099663e-01
-2.942020168255388146e-01
-2.955866636830640770e-01
-2.969375402823274390e-01
-2.983106936107587925e-01
-2.996718687953100480e-01
-3.010155757290386980e-01
-4.000027491277966529e-01
-4.000027651092251668e-01
-4.019764423585194257e-01
-4.039660615580450420e-01
-4.059888221740233227e-01
-4.080323432023492125e-01
-4.100855208352575110e-01
-4.121600071281404931e-01
-4.142864693683725452e-01
-4.164194189681190150e-01
-4.185621423825611753e-01
-4.207227895432250064e-01
-4.228705681466737309e-01
-4.250097226755899515e-01
-4.271652621899706959e-01
-4.293240015893639017e-01
-4.314382483149890035e-01
-4.335778228890089236e-01
-4.357149107734207827e-01
-4.378335316402492405e-01
-4.399429336436625482e-01
-4.420348255745210619e-01
-4.441366835264883295e-01
-4.462305611170744313e-01
-4.483285169734387843e-01
-4.504360673908429091e-01
-4.525402806944730516e-01
-4.546400922276047640e-01
-4.567409120196780914e-01
-4.588126816166730459e-01
-4.608903907572505232e-01
-2.000027989319912158e-01
-2.000028149254964582e-01
-2.019999539319464743e-01
-2.040519035072650977e-01
-2.061067804682663596e-01
-2.081776229739059347e-01
-2.102673710256433015e-01
-2.123725462201098424e-01
-2.144829796335169236e-01
-2.165836430914539201e-01
-2.186786992136884322e-01
-2.208002840752467388e-01
-2.229527454098492456e-01
-2.251477372000872945e-01
-2.273413027541666964e-01
-2.295550859435022961e-01
-2.317679172579258373e-01
-2.339886493570212112e-01
-2.362158313899025974e-01
-2.384487752852972597e-01
-2.406717489220480954e-01
-2.428848139321488631e-01
-2.450954485926518933e-01
-2.473175514972056899e-01
-2.495278827476485051e-01
-2.517463037895519284e-01
-2.539803303168435833e-01
-2.562311842668837381e-01
-2.585073026978609301e-01
-2.607927461447525075e-01
-2.630800871774029992e-01
-2.653746929607203042e-01
-2.676939867381311622e-01
-2.700210201885113181e-01
-2.722994324140657341e-01
-2.745577530094733265e-01
-2.768322925823369918e-01
-2.791388964646940307e-01
-2.814630622445304931e-01
-2.838017808941640241e-01
-2.861349542950101799e-01
-2.884740180414627209e-01
-2.908184118687346942e-01
-2.931533334687099757e-01
-2.954925174184879766e-01
-2.978153891941757170e-01
-3.001672668244904085e-01
-3.025269316907541750e-01
-3.048844024279737108e-01
-3.072747138001238332e-01
-3.096519932130906705e-01
-3.120333009684124748e-01
-3.143884162329338428e-01
-3.167605281559291996e-01
-3.191328541012273257e-01
-3.214729462272714056e-01
-3.237879308901949749e-01
-3.261240758970487263e-01
-3.284853612927702282e-01
-3.308389661737651255e-01
-3.332142496205293125e-01
-3.355970874162464979e-01
-3.379735820881578645e-01
-3.403651082863066168e-01
-3.427576549491064273e-01
-3.451645663252787544e-01
-3.475717954225366890e-01
-3.499798222954995097e-01
-3.523951488378717634e-01
-3.548311275459348213e-01
-3.572937035445377663e-01
-3.597561611841231244e-01
-3.622185206267178881e-01
-3.646807920554878679e-01
-3.671429856200015274e-01
-3.696051165865784083e-01
-3.720671979461770418e-01
-3.745292404915221418e-01
-3.769912529942374135e-01
-3.794532424374779667e-01
-3.819152142717758269e-01
-3.843771726714663717e-01
-3.868391207766922468e-01
-3.893010609118862098e-01
-3.917629947761102627e-01
-3.942249364465778005e-01
-3.966868897413474149e-01
-3.991488559903565436e-01
-4.016108361443810892e-01
-4.040728308314395778e-01
-4.065348355596210550e-01
-4.089968413743670372e-01
-4.114588478435515784e-01
-4.139208633180450625e-01
-4.163828505428411320e-01
-4.188448262648231668e-01
-4.213067914670121095e-01
-4.237687473599797139e-01
-4.262307011965586478e-01
-4.286926618084032636e-01
-4.311546294569493232e-01
-4.336166043347033372e-01
-4.360785865597301414e-01
-4.385405761711081429e-01
-4.410025731262087190e-01
-4.434645773000834290e-01
-4.459228788644311048e-01
-4.483850012288802533e-01
-4.508471289406279503e-01
-4.533092535785132049e-01
-4.557713681798600258e-01
-4.582334714911011075e-01
-4.606955624693102602e-01
-4.631576402833083028e-01
-4.656197043171113048e-01
-4.680817678855154762e-01
-4.705278188505581105e-01
-4.729903441481274062e-01
-4.754528781722628383e-01
-4.779154193511231941e-01
-4.803779667786476359e-01
-4.828405195770149039e-01
-2.000015418719611748e-01
-2.000015574884789760e-01
-2.011692737067811709e-01
-2.023345598705594828e-01
-2.035071208068881254e-01
-2.046748697347958168e-01
-2.058301773976423943e-01
-2.069746484120958685e-01
-2.081199582283749794e-01
-2.092549515674831662e-01
-2.103798128571403026e-01
-2.114819402774052726e-01
-2.125754298138054776e-01
-2.136573064533488497e-01
-2.147338727967128269e-01
-2.158009713594330747e-01
-2.168715598068261807e-01
-2.179439443449490421e-01
-2.190067131141001655e-01
-2.200622714469936958e-01
-2.211221241437284213e-01
-2.221946602663493475e-01
-2.232650291800062636e-01
-2.243325466675674951e-01
-2.253896917691648183e-01
-2.264470366458675166e-01
-2.274988062115148590e-01
-2.285527386802253258e-01
-2.295995158807490055e-01
-2.306403142287967167e-01
-2.316755379700915773e-01
-2.327138180262838252e-01
-2.337538182336582337e-01
-2.347962584088328364e-01
-2.358429008708726460e-01
-2.368898046023817372e-01
-2.379369337973134269e-01
-2.389842499884197446e-01
-2.400317187172317235e-01
-2.410793088639781312e-01
-2.421269935627675951e-01
-2.431747502450206933e-01
-2.442225604219458446e-01
-2.452704093087200998e-01
-2.463182853641565084e-01
-2.473661801545737060e-01
-2.484140881777635868e-01
-2.494620060775038228e-01
-2.505099317207969412e-01
-2.515578630476372757e-01
-2.526057989278744365e-01
-2.536537406335889755e-01
-2.547016878328440814e-01
-2.557496402285115988e-01
-2.567975975707929570e-01
-2.578455592958836529e-01
-2.588935257294633918e-01
-2.599414967978164737e-01
-2.609836206567186512e-01
-2.620217960444229388e-01
-2.630489577117823830e-01
-2.640782810974673378e-01
-2.650996948895592009e-01
-2.661197009864019747e-01
-2.671343041768479698e-01
-2.681375017252284332e-01
-2.691449904647283953e-01
-2.701437731558122279e-01
-2.711333632225437773e-01
-2.721081599720815425e-01
-2.730753626999973260e-01
-2.740369426740800751e-01
-2.750000916506092352e-01
-2.759499707062412210e-01
-2.768983307944669070e-01
-2.778438820578848500e-01
-2.787796333393153803e-01
-2.797074500471317671e-01
-2.806359423803996833e-01
-2.815506276115999906e-01
-2.824571793707852940e-01
-2.833706978281321232e-01
-2.842732409707263153e-01
-2.851600103295942046e-01
-2.860247645600180189e-01
-2.868861057377878332e-01
-2.877491891659557655e-01
-2.886019765688671579e-01
-2.894403596717824434e-01
-2.902611940966848825e-01
-2.910641521220894146e-01
-2.918534410437930715e-01
-2.926400317384586502e-01
-2.934281056997019577e-01
-2.942091654854969707e-01
-2.949786640017448280e-01
-2.957379864024008431e-01
-2.964968963276911618e-01
-2.972556663469823057e-01
-2.980129706731831640e-01
-2.987696881400679905e-01
-2.995336514424417618e-01
-3.002994361956922154e-01
-3.010658287474385353e-01
-3.018327250754903601e-01
-3.026000292934565294e-01
-3.033676567029531812e-01
-3.041355350220530385e-01
-3.049036031385095602e-01
-3.056718109724955723e-01
-3.064401144212953731e-01
-3.072084786779727406e-01
-3.079768802802466676e-01
-3.087453022252710788e-01
-3.095137316144965789e-01
-3.102821592275462614e-01
-3.110505790100331902e-01
-3.118189873033657133e-01
-3.125873814652685434e-01
-3.133557599701077279e-01
-3.141241221949315210e-01
-3.148924681410766313e-01
-3.156607979928714447e-01
-3.164291117314269597e-01
-3.171974095574854879e-01
-3.179656918512637209e-01
-3.187339591542850403e-01
-3.195022121656214131e-01
-3.202704517464409206e-01
-3.210386789232393401e-01
-3.218068949153280456e-01
-3.225751011098443310e-01
-3.233432990862647460e-01
-3.241114906067659729e-01
-3.248796776042744971e-01
-3.256478614418773510e-01
-3.264160434623863405e-01
-3.271842250676929020e-01
-3.279524077122428771e-01
-3.287205921159613298e-01
-3.294887787945443569e-01
-3.302487785196808745e-01
-3.310094333891786533e-01
-3.317735147782976957e-01
-3.325376479742738201e-01
-3.332999264206333301e-01
-3.340550253054812568e-01
-3.348048748811050523e-01
-3.355512803891919638e-01
-3.362957075784612226e-01
-3.370286524546422524e-01
-3.377515593495842294e-01
-3.384664913919525620e-01
-3.391798074188650536e-01
-3.398787489444111132e-01
-3.405669600923930673e-01
-3.412428388535956314e-01
-3.419035573541343020e-01
-3.425527214350222449e-01
-3.431877535553181646e-01
-3.438141085461666191e-01
-3.444229844531431217e-01
-3.450171946484317798e-01
-3.455862241748025587e-01
-3.461346082744377051e-01
-3.466633556000100480e-01
-3.471712207554669694e-01
-3.476654365030580340e-01
-3.481430524981398711e-01
-3.486098444684477271e-01
-3.490690588910344005e-01
-3.495169439340610751e-01
-3.999993592597296255e-01
-3.999993440204046014e-01
-3.995240263612878096e-01
-3.990494448672676775e-01
-3.985741334713077677e-01
-3.980983942043482826e-01
-3.976234067377838466e-01
-3.971469742298232020e-01
-3.966705657373887917e-01
-3.962033341914941720e-01
-3.957314961248970531e-01
-3.952509923082965781e-01
-3.947624564042004347e-01
-3.942740683060575457e-01
-3.937858218232380136e-01
-3.932993987116520929e-01
-3.928105214867986805e-01
-3.923217502258322664e-01
-3.918392913861087901e-01
-3.913586196238173498e-01
-3.908636393228664407e-01
-3.903693735533639853e-01
-3.898705393273686481e-01
-3.893713109947299911e-01
-3.888790385301076902e-01
-3.883919835336842596e-01
-3.878960514626258460e-01
-3.873980526739095320e-01
-3.868913442621465526e-01
-3.863710971229575852e-01
-3.858451223225338733e-01
-3.853058429837263876e-01
-3.847442462330454283e-01
-3.841730152379874141e-01
-3.835918165797951862e-01
-3.829949541412237535e-01
-3.823889942565433242e-01
-3.817803907915894857e-01
-3.811552618101261003e-01
-3.805252797268574017e-01
-3.798863104326782869e-01
-3.792342728876678115e-01
-3.785630034185147319e-01
-3.778661727455491226e-01
-3.771564138812450451e-01
-3.764317142420358087e-01
-3.756815953437625533e-01
-3.749226882351923140e-01
-3.741460283530937958e-01
-3.733599057848899228e-01
-3.725702657614144986e-01
-3.717594779671368199e-01
-3.709162562729422796e-01
-3.700630416571111247e-01
-3.691840323403655644e-01
-3.682978435277961538e-01
-3.673876086329154744e-01
-3.664677744350458566e-01
-3.655403869823892760e-01
-3.645787115493548391e-01
-3.636027155016940404e-01
-3.626262775042310427e-01
-3.616310812720525125e-01
-3.606181375490537522e-01
-3.596026173595265329e-01
-3.585691661883009251e-01
-3.575193702296564080e-01
-3.564577302261801584e-01
-3.554079466629120887e-01
-3.543452435443729676e-01
-3.532830585491022468e-01
-3.522212914034067999e-01
-3.511598532392091188e-01
-3.500986679748522290e-01
-3.490376708517776705e-01
-3.479768073423739061e-01
-3.469160349152786149e-01
-3.458553230747520302e-01
-3.447946495913501996e-01
-3.437339976484187209e-01
-3.426733550554996177e-01
-3.416127092018910738e-01
-3.405520559938586267e-01
-3.394913902948363260e-01
-3.384329005157323822e-01
-3.373740468488255484e-01
-3.363203470083065971e-01
-3.352685821048700388e-01
-3.342125841272573505e-01
-3.331444927089791119e-01
-3.320764771741881449e-01
-3.310085378413324952e-01
-3.299409857740906449e-01
-3.288731133922099259e-01
-3.278052998228739301e-01
-3.267375378036654343e-01
-3.256698201658366210e-01
-3.246021402036472492e-01
-3.235344918704639028e-01
-3.224668700975389934e-01
-3.213992709446184537e-01
-3.203316911648200760e-01
-3.192641279126664511e-01
-3.181965789385999832e-01
-3.171290411594884784e-01
-3.160615128998652823e-01
-3.149939935891261089e-01
-3.139264826885740378e-01
-3.128589790051460318e-01
-3.117914796128634647e-01
-3.107239834482244389e-01
-3.096564894978714455e-01
-3.085889967119472832e-01
-3.075215039928720917e-01
-3.064540101904518754e-01
-3.053929798864349898e-01
-3.043240766882590598e-01
-3.032551859112518899e-01
-3.021863081267961992e-01
-3.011174419359331500e-01
-3.000485852841010548e-01
-2.989797358068244648e-01
-2.979108910841922198e-01
-2.968420488197769380e-01
-2.957765427153300486e-01
-2.947069588026968168e-01
-2.936403931439287573e-01
-2.925701458452640846e-01
-2.914999060760227190e-01
-2.904296734222455156e-01
-2.893594469164684768e-01
-2.882892254939293242e-01
-2.872190082086032992e-01
-2.861487943719240867e-01
-2.850785834947414665e-01
-2.840083748944958186e-01
-2.829381682040005841e-01
-2.818679633671393736e-01
-2.808009717345623102e-01
-2.797383516072580734e-01
-2.786900621265072653e-01
-2.776359825707183648e-01
-2.765800697449623535e-01
-2.755268319360846818e-01
-2.744601417137402244e-01
-2.733822715158459316e-01
-2.722781368678566793e-01
-2.711726808254626975e-01
-2.700675689164806492e-01
-2.689627670680564964e-01
-2.678582348349478615e-01
-2.667539312076512847e-01
-2.656498170237741596e-01
-2.645458557711562464e-01
-2.634420149495474428e-01
-2.623382681376605352e-01
-2.612345931788007669e-01
-2.601309718584093322e-01
-2.590273875192332098e-01
-2.579238275945439640e-01
-2.568202827983787628e-01
-2.557167460189522235e-01
-2.546132118829743107e-01
-2.535096763743316939e-01
-2.524061365500401832e-01
-2.513025909727151230e-01
-2.501990388415086808e-01
-2.490954797240524654e-01
-2.479919128500281955e-01
-2.468883376897072213e-01
-2.457847538992088965e-01
-2.446811612852694273e-01
-2.435775597847947560e-01
-2.424739494504505877e-01
-2.413703294895667706e-01
-2.402666996528679266e-01
-2.391630607617557802e-01
-2.380594126239169717e-01
-2.369557552973513836e-01
-2.358520892939507674e-01
-2.347484153425065667e-01
-2.336447343870425575e-01
-2.325410475794345011e-01
-2.314373561639972710e-01
-2.303336609810480995e-01
-2.292299629700952635e-01
-2.281262631636365723e-01
-2.270225626768042071e-01
-2.259188626946802281e-01
-2.248151641551262847e-01
-2.237114675521548468e-01
-2.226077733236487555e-01
-2.215040819773133329e-01
-2.204003945301640510e-01
-2.192967118981148933e-01
-2.181930348728167990e-01
-2.170893641027080156e-01
-2.159857000782129388e-01
-2.148820435950430652e-01
-2.137783954003136810e-01
-2.126747560131425907e-01
-2.115711257085879926e-01
-2.104675037072423760e-01
-2.093638888529408548e-01
-2.082602817330979350e-01
-2.071566826642558534e-01
-2.060530916844112992e-01
-2.049495078932615511e-01
-2.038459285654181385e-01
-2.027423527976319473e-01
-2.016387795849064468e-01
-2.005352078312301889e-01
-1.994316363631946087e-01
-1.983280639443407156e-01
-1.972244899430315168e-01
-1.961209139021547754e-01
-1.950173354235821277e-01
-1.939137534696626641e-01
-1.928101670512096799e-01
-1.917065752941409240e-01
-1.906029774594009685e-01
-1.894993729591924470e-01
-1.883957613698904465e-01
-1.872921419144501221e-01
-1.861885135064736962e-01
-1.850848766381122390e-01
-1.839812309099695675e-01
-1.828775762457049980e-01
-1.817739129847009694e-01
-1.806702417182246279e-01
-1.795665632970714909e-01
-1.784628787527906268e-01
-1.773591893795470054e-01
-1.762554959853405712e-01
-1.751517994858590999e-01
-1.740481008990195921e-01
-1.729444013328554353e-01
-1.718407019705328886e-01
-1.707370038799214951e-01
-1.696333075774451582e-01
-1.685296135235618553e-01
-1.674259221419379662e-01
-1.663222344754270721e-01
-1.652185514672975253e-01
-1.641148739371669774e-01
-1.999996809403394304e-01
-1.999996657984654258e-01
-1.997820556291106664e-01
-1.995644426107362757e-01
-1.993468493134388786e-01
-1.991292741306354697e-01
-1.989117149799101980e-01
-1.986941696004492219e-01
-1.984766355542071092e-01
-1.982591102343438938e-01
-1.980415908804676883e-01
-1.978240746046443510e-01
-1.976065592217531031e-01
-1.973890437535472941e-01
-1.971715273502804289e-01
-1.969540092747797400e-01
-1.967364888912622178e-01
-1.965189656575917765e-01
-1.963014391214015220e-01
-1.960839088274429209e-01
-1.958663727674959942e-01
-1.956488289080615672e-01
-1.954312754311143263e-01
-1.952137107816845074e-01
-1.949961337061294764e-01
-1.947785432816952489e-01
-1.945609389378467891e-01
-1.943433204698027106e-01
-1.941256880446664279e-01
-1.939080422005448889e-01
-1.936903838390393595e-01
-1.934727143005336991e-01
-1.932550349492406783e-01
-1.930373477918786163e-01
-1.928196549900806633e-01
-1.926019589473617899e-01
-1.923842622614387599e-01
-1.921665660282288468e-01
-1.919488709576122054e-01
-1.917311776849539018e-01
-1.915134867758573889e-01
-1.912957987280627381e-01
-1.910781139713870203e-01
-1.908604328604049938e-01
-1.906427564169292377e-01
-1.904250867397495328e-01
-1.902074257517596678e-01
-1.899897751446225913e-01
-1.897721363337981360e-01
-1.895562184721923116e-01
-1.893426970725893832e-01
-1.891295427814428665e-01
-1.889163533653493710e-01
-1.887031274538930326e-01
-1.884901604929000163e-01
-1.882772279810847327e-01
-1.880642641891287770e-01
-1.878512727900063517e-01
-1.876382568960553165e-01
-1.874252198383109802e-01
-1.872121640813149690e-01
-1.869990918038855754e-01
-1.867860060606457984e-01
-1.865729093808253802e-01
-1.863598037893754999e-01
-1.861466908544526233e-01
-1.859335717493976192e-01
-1.857227091027133237e-01
-1.855132556478707451e-01
-1.853046059962142611e-01
-1.850966346778718519e-01
-1.848887317103767858e-01
-1.846807595345631159e-01
-1.844727208413704800e-01
-1.842651323237849970e-01
-1.840601438419552649e-01
-1.838565365869173629e-01
-1.836544412473462839e-01
-1.834525632804020201e-01
-1.832533180050977539e-01
-1.830556473304327247e-01
-1.828595905117565423e-01
-1.826637520683225546e-01
-1.824681178261763070e-01
-1.822724606904389255e-01
-1.820779560419535092e-01
-1.818822571517418607e-01
-1.816866812579996382e-01
-1.814910392657811122e-01
-1.812953439430331215e-01
-1.810996068921692237e-01
-1.809038382768917708e-01
-1.807080467531334556e-01
-1.805122399482690654e-01
-1.803164254941707623e-01
-1.801206097735361389e-01
-1.799247979454774715e-01
-1.797289940570842848e-01
-1.795332011567993269e-01
-1.793374214030747649e-01
-1.791416561646899108e-01
-1.789459061112239902e-01
-1.787501712936002130e-01
-1.785544512155381736e-01
-1.783587448972634437e-01
-1.781630509330412171e-01
-1.779673675441156289e-01
-1.777716926284977073e-01
-1.775760238088308351e-01
-1.773803584789875321e-01
-1.771846939502537688e-01
-1.769890292064457971e-01
-1.767933634506742013e-01
-1.765976959793710277e-01
-1.764020371213524674e-01
-1.762063795988515758e-01
-1.760107186441061677e-01
-1.758163322357254588e-01
-1.756254805397223229e-01
-1.754397719761486285e-01
-1.752604914094019473e-01
-1.750896674263862918e-01
-1.749290352421919714e-01
-1.747801048625713394e-01
-1.746421905526334417e-01
-1.745123990918309442e-01
-1.743888819562080528e-01
-1.742711351795174779e-01
-1.741575154642182321e-01
-1.740472898154694081e-01
-1.739394202128525246e-01
-1.738314691794935474e-01
-1.737229526571581750e-01
-1.736139570512245656e-01
-1.735045661942487827e-01
-1.733948570726256133e-01
-1.732848972259375120e-01
-1.731747449794321658e-01
-1.730644493859651301e-01
-1.729540507020037032e-01
-1.728435811867680694e-01
-1.727330660650747973e-01
-1.726225249531003758e-01
-1.725119732401700634e-01
-1.724014229006409771e-01
-1.722908825484833484e-01
2.000007664491839643e-01
2.000007817924657205e-01
2.005793810364926155e-01
2.011580100797089321e-01
2.017366539069563036e-01
2.023153111640137725e-01
2.028939805634887017e-01
2.034726605143060696e-01
2.040513491486846687e-01
2.046300443536975266e-01
2.052087438043952161e-01
2.057874450049076154e-01
2.063661462537207669e-01
2.069448467576338879e-01
2.075235458131835797e-01
2.081022427988866164e-01
2.086770594973025306e-01
2.092523027167313698e-01
2.098297935218160493e-01
2.104096525958051023e-01
2.109951597011653635e-01
2.115753848172591822e-01
2.121599995197198663e-01
2.127512758607670029e-01
2.133424128855217761e-01
2.139334191262007301e-01
2.145243080739842045e-01
2.151150935848195056e-01
2.157057903447374136e-01
2.162964126077714377e-01
2.168869736880943977e-01
2.174774856906125931e-01
2.180679594104375785e-01
2.186584043460805260e-01
2.192488287837441596e-01
2.198392399206158532e-01
2.204296439632779936e-01
2.210200445532672364e-01
2.216104444430774256e-01
2.222008456878567517e-01
2.227912497861128382e-01
2.233816577983379070e-01
2.239720704445233024e-01
2.245624881798249650e-01
2.251529117761385257e-01
2.257433430698901622e-01
2.263337836862819585e-01
2.269242350141415787e-01
2.275146981823517600e-01
2.281051740387886329e-01
2.286956631326527434e-01
2.292861657009274967e-01
2.298766816595183005e-01
2.304672105994653997e-01
2.310577517884818965e-01
2.316483041374173546e-01
2.322388663913177165e-01
2.328294368592055130e-01
2.334200136401542447e-01
2.340105945972480450e-01
2.345979134324099047e-01
2.351863062549807148e-01
2.357751944350182094e-01
2.363641007100233948e-01
2.369530243046791274e-01
2.375419634873209007e-01
2.381309159933055752e-01
2.387198793339914138e-01
2.393088510275311331e-01
2.398978274955839707e-01
2.404868049226416005e-01
2.410757798989802136e-01
2.416647494888954084e-01
2.422537112689411853e-01
2.428426633440745330e-01
2.434316043477050273e-01
2.440205334301292495e-01
2.446094502385930403e-01
2.451983547203283598e-01
2.457872477839310454e-01
2.463761301950561089e-01
2.469650032896342218e-01
2.475538687377335512e-01
2.481427285031009566e-01
2.487315848007669861e-01
2.493204400532322840e-01
2.499092954706080283e-01
2.504981517672639768e-01
2.510870095879039199e-01
2.516758695099290399e-01
2.522647320440600804e-01
2.528535976338352476e-01
2.534424666521724601e-01
2.540313396691818992e-01
2.546202185519933492e-01
2.552091051251476062e-01
2.557980010049309416e-01
2.563869075560567534e-01
2.569758258573621723e-01
2.575647566758290097e-01
2.581537004483039910e-01
2.587426572703652727e-01
2.593316266738329712e-01
2.599206085823205226e-01
2.605096017774631845e-01
2.610986050081430254e-01
2.616807262031564107e-01
2.622629818638331778e-01
2.628443433236326010e-01
2.634276036142868538e-01
2.640109303371241944e-01
2.645943206128950620e-01
2.651763446441384731e-01
2.657520273742123851e-01
2.663156444189770933e-01
2.668691633536591779e-01
2.674207993842904196e-01
2.679636607679728999e-01
2.685021107316067357e-01
2.690485661831528152e-01
2.695954113968079824e-01
2.701426199365191683e-01
2.706901492077133375e-01
2.712379542941416588e-01
2.717859896712047085e-01
2.723342120543180145e-01
2.728786786247129892e-01
2.734231095743557272e-01
2.739607778145454198e-01
2.744939231510384881e-01
2.750287447016427911e-01
2.755591039260195663e-01
2.760803346528676316e-01
2.765988663241372714e-01
2.771137256936024307e-01
2.776191090950835827e-01
2.781251041015968539e-01
2.786302765162556594e-01
2.791353053149625008e-01
2.796370447241045554e-01
2.801364097989794133e-01
2.806375021958730231e-01
2.811364647167934883e-01
2.816371879149959789e-01
2.821381869755014704e-01
2.826393949079626378e-01
2.831396952731853878e-01
2.836406748440953307e-01
2.841417764702713900e-01
2.846429765967171122e-01
2.851442549344526678e-01
2.856455943652925211e-01
2.861469806756824497e-01
2.866484022057810277e-01
2.871498494649870059e-01
2.876513147495274314e-01
2.881527917854823651e-01
2.886542754112371711e-01
2.891557613063256427e-01
2.896572458568252850e-01
2.901587270869613877e-01
2.906602040470263604e-01
2.911616761496767514e-01
2.916631430589310958e-01
2.921646046085615844e-01
2.926660607443197226e-01
2.931675114827368422e-01
2.936689563802407088e-01
2.941703941476421225e-01
2.946718232008767036e-01
2.951732421147146845e-01
2.956746496701774807e-01
2.961760448950205293e-01
2.966774270969170790e-01
2.971787958890965142e-01
2.976801512083352419e-01
2.981814933253460476e-01
2.986828228477232394e-01
2.991841407157173061e-01
2.996854481912050727e-01
3.001867468403106587e-01
3.006880385102078113e-01
3.011893253006917015e-01
3.016906095307694824e-01
3.021918933442756527e-01
3.026931777727815409e-01
3.031944634827050122e-01
3.036957510701746021e-01
3.041970410655324142e-01
3.046983339352006270e-01
3.051996300817228502e-01
3.057009298440274137e-01
3.062022342225400595e-01
3.067035451961044323e-01
3.072048645720931170e-01
3.077061939339406638e-01
3.082075345984663373e-01
3.087088875821693001e-01
3.092102535759320148e-01
3.097116329276499713e-01
3.102130256323847868e-01
3.107144313296624771e-01
3.112158493075451449e-01
3.117172785131034907e-01
3.122187175688844185e-01
3.127201647949368057e-01
3.132216182359234824e-01
3.137230756928052755e-01
3.142245347626236307e-01
3.147259937098599303e-01
3.152274518107260892e-01
3.157289084146771008e-01
3.162303629388380499e-01
3.167318148655611232e-01
3.172332637421434454e-01
3.177347091824473946e-01
3.182361505687619219e-01
3.187375864223758182e-01
3.192390148335846334e-01
3.197404340901892073e-01
3.202418427254607458e-01
3.207432395565229521e-01
3.212446237138864569e-01
3.217459946626998191e-01
3.222473522162020987e-01
3.227486965418292497e-01
3.232500281603910564e-01
3.237513479387282844e-01
3.242526570762579441e-01
3.247539570858352098e-01
-2.000013919267931706e-01
-2.000014074884151893e-01
-2.010792885221046045e-01
-2.021572199856187524e-01
-2.032351630722328550e-01
-2.043131165445721542e-01
-2.053910793174090754e-01
-2.064690500583382105e-01
-2.075470272125134186e-01
-2.086250090290959758e-01
-2.097029935898174213e-01
-2.107809788478761936e-01
-2.118514530580624666e-01
-2.129233524862611804e-01
-2.139888002089287145e-01
-2.150530522161496760e-01
-2.161065808859456427e-01
-2.171535712843401800e-01
-2.181865710269957626e-01
-2.192052428097286676e-01
-2.202195089792345073e-01
-2.212414071742702937e-01
-2.222670003105635117e-01
-2.232888089516458785e-01
-2.243192304578602858e-01
-2.253516751511780158e-01
-2.263803238567823339e-01
-2.274060400311740948e-01
-2.284369657541906462e-01
-2.294681175978913745e-01
-2.304994554974180154e-01
-2.315309428456247820e-01
-2.325625474535185366e-01
-2.335942419734563513e-01
-2.346260039049560542e-01
-2.356578153250392937e-01
-2.366896624148595307e-01
-2.377215338374798759e-01
-2.387359999919824172e-01
-2.397502087351227329e-01
-2.407567098491268931e-01
-2.417640921854726510e-01
-2.427570554592640428e-01
-2.437376450012889162e-01
-2.447124884506612086e-01
-2.456807829096150086e-01
-2.466207401603967009e-01
-2.475514404089598497e-01
-2.484768624088342370e-01
-2.493896700061618288e-01
-2.502922418963486328e-01
-2.511865328202129155e-01
-2.520666512612290688e-01
-2.529431267307793441e-01
-2.538223748639029664e-01
-2.546982748405756114e-01
-2.555722006889367681e-01
-2.564361047236163316e-01
-2.573023398990936239e-01
-2.581675277604561503e-01
-2.590334892171518022e-01
-2.598952164385665009e-01
-2.607519730010588455e-01
-2.616076755082425431e-01
-2.624634235894426348e-01
-2.633060023128526161e-01
-2.641486297785781701e-01
-2.649764600428786698e-01
-2.658007322797293903e-01
-2.666091087268711579e-01
-2.673970829426204898e-01
-2.681635417909387642e-01
-2.689118977097846863e-01
-2.696538165316446634e-01
-2.703802538452701465e-01
-2.710930987743782050e-01
-2.717926809217355855e-01
-2.724766200339246991e-01
-2.731542826992084949e-01
-2.738183605675231780e-01
-2.744765285986603409e-01
-2.751224683351285449e-01
-2.757679684948222132e-01
-2.763942982851801400e-01
-2.770030108680289205e-01
-2.775954749734393934e-01
-2.781639933790310826e-01
1.689617164065150963e-07
1.807771154964411648e-07
9.873408668620851144e-05
2.053339515358317436e-04
3.186617611383729546e-04
4.403934992152547159e-04
5.777032201956362962e-04
7.263716147653121857e-04
8.823277503592519711e-04
1.046784187302729789e-03
1.217131591388094080e-03
1.394216170955018359e-03
1.580933747636959581e-03
1.775796494057475545e-03
1.983401913974882410e-03
2.203527788649965475e-03
2.439249671538687176e-03
2.684790869277814060e-03
2.934777484395611254e-03
3.190482685817909100e-03
3.456458366661314518e-03
3.728621718853323327e-03
4.014440109448153861e-03
4.313251763497429926e-03
4.623004544076663933e-03
4.939732137005182003e-03
5.264283123851045548e-03
5.592322444080114092e-03
5.926183810279260153e-03
6.259134298531146383e-03
6.594404370339079606e-03
6.934995469791222639e-03
7.277518016607734466e-03
7.626801144708933965e-03
7.977953813585786716e-03
8.333326659811530340e-03
8.697742238403877862e-03
9.061227245148576609e-03
9.429782069306185191e-03
9.809525890777047105e-03
1.019414843351530188e-02
1.058447094714930203e-02
1.098156294747714562e-02
1.137920346840084855e-02
1.178143681363879279e-02
1.219025703289277306e-02
1.260650195207932943e-02
1.302542677012835139e-02
1.344461656280473982e-02
1.386582146121314446e-02
1.429202044613864242e-02
1.472064804953215032e-02
1.515829802586405803e-02
1.558941942707876664e-02
1.602883986752594303e-02
1.647056404733161783e-02
1.691645902888612440e-02
1.735877027264695269e-02
1.779765300172869713e-02
1.823999775834346873e-02
1.869111155458468704e-02
1.914808805513114678e-02
1.960319602380634213e-02
2.006044646365470752e-02
2.052066453946657654e-02
2.098449695374053972e-02
2.145122361243409145e-02
2.191829580286332874e-02
2.239147092987937848e-02
2.286450155038836224e-02
2.334193892728367997e-02
2.381890858128055122e-02
2.430097501768429050e-02
2.478325532770166845e-02
2.526537034042078411e-02
2.574735031237735186e-02
2.622922265732768876e-02
2.671101220134362159e-02
2.719274040186274444e-02
2.767442520353443486e-02
2.815608112463146087e-02
2.863771949164299960e-02
2.911934875991834676e-02
2.960097487511427830e-02
3.008260164370797976e-02
3.056423109110543296e-02
3.104586386678345050e-02
3.152750033000160240e-02
3.200914003669064894e-02
3.249078193969822531e-02
3.297242538585455629e-02
3.345406972915795224e-02
3.393571423294004796e-02
3.441735813786978015e-02
3.489444513699690997e-02
3.537843073148311257e-02
3.586238583398124874e-02
3.634616566885470745e-02
3.683012590000830228e-02
3.731405111960873350e-02
3.779557944012636866e-02
3.828065679835812585e-02
3.876320441626493474e-02
3.924399091398257655e-02
3.972778536991324744e-02
4.021418413584399582e-02
4.070466928820454244e-02
4.119164517785751239e-02
4.169113178569799905e-02
4.219062176378468587e-02
4.268502128302931881e-02
4.317846851892370719e-02
4.367448244094204735e-02
4.418524717872126389e-02
4.469987945916847893e-02
4.521426789559854914e-02
4.572843659916359105e-02
4.624241723962995571e-02
4.675623820139378911e-02
4.726992904703162385e-02
4.778351698226717542e-02
4.829702613792025839e-02
4.881047742532234474e-02
4.932388901368816442e-02
4.983727580106090543e-02
5.034798028490709149e-02
5.085719864684889319e-02
5.136924604815670120e-02
5.188131688428362226e-02
5.239341376151616242e-02
5.290553722767921824e-02
5.341647375074783793e-02
5.392662518724596066e-02
5.443754923236725912e-02
5.494850552594799514e-02
5.545949002195392497e-02
5.597049902126533666e-02
5.648152832204798163e-02
5.699257352803293458e-02
5.750363070007030036e-02
5.801469668296557053e-02
5.852576867148485268e-02
5.903684423906695178e-02
5.954792134717637464e-02
6.005899739067487725e-02
6.057007012670805046e-02
6.108113769855278569e-02
6.159219795217162063e-02
6.210324892921567641e-02
6.261428906628464797e-02
6.312531719881431247e-02
6.363633256027222129e-02
6.414733477740733325e-02
6.465832386192048309e-02
6.516930019868000246e-02
6.568026453044720214e-02
6.619121772215549870e-02
6.670216162158244810e-02
6.721309765549286774e-02
6.772402777451472233e-02
6.823495381210142874e-02
6.874587725798828042e-02
6.925679968928077912e-02
6.976772275412509994e-02
7.027864722459678526e-02
7.078957368689123286e-02
7.130050265470193327e-02
7.181143456579514028e-02
7.232237047284549580e-02
7.283331164138517888e-02
7.334425920699534640e-02
7.385521414214844815e-02
7.436617791763171226e-02
7.487715191039212570e-02
7.538813722841625209e-02
7.589913468124380447e-02
7.641014475869774281e-02
7.692116761722696261e-02
7.743220307330220264e-02
7.794325034614466019e-02
7.845430918941556642e-02
7.896537808481085552e-02
7.947645554846932692e-02
7.998753981213070630e-02
8.049862885564684767e-02
8.100972119485699841e-02
8.152081536407433660e-02
8.203190981036122265e-02
8.254300319126563201e-02
8.305409487793571910e-02
8.356518431130829927e-02
8.407627100041052681e-02
8.458735452985507997e-02
8.509843377890971561e-02
8.560950755389422351e-02
8.612057480198440085e-02
8.663163411494766153e-02
8.714268395686113056e-02
8.765372304351227994e-02
8.816475037662141467e-02
8.867576526956624794e-02
8.918676736517065773e-02
8.969775642796570803e-02
9.020873323322917137e-02
9.071969818994042589e-02
9.123065229304319623e-02
9.174159685501251382e-02
9.225253348516114504e-02
9.276346406300693681e-02
9.327439048369542962e-02
9.378531419307226114e-02
9.429623673094400527e-02
9.480715971753786442e-02
9.531808405478958690e-02
9.582901032547998244e-02
9.633993904247611928e-02
9.685087064738337470e-02
9.736180604152182283e-02
9.787274650275164245e-02
9.838369318574227695e-02
9.889464709147723076e-02
9.940560959374886152e-02
9.991658210977141796e-02
1.004275657945495753e-01
1.009385615096764083e-01
1.014495698003094193e-01
1.019605908797376614e-01
1.024716244886549471e-01
1.029826704723207503e-01
1.034937278500449587e-01
1.040047954925257950e-01
1.045158719593847624e-01
1.050269555217653861e-01
1.055380441926203477e-01
1.060491363790253133e-01
1.065602306280431788e-01
1.070713253977499946e-01
1.075824192032086984e-01
1.080935114049981771e-01
1.086046014340899535e-01
1.091156887897219013e-01
1.096267730442912341e-01
1.101378532134915100e-01
1.106489280857781282e-01
1.111599965836990167e-01
1.116710574047881099e-01
1.121821089769528407e-01
1.126931499735324277e-01
1.132041793490505543e-01
1.137151963663268067e-01
1.142262006155347759e-01
1.147371918670325452e-01
1.152481707208944384e-01
1.157591376037735431e-01
1.162700934600109232e-01
1.167810395542669272e-01
1.172919774516182206e-01
1.178029089920452910e-01
1.183138361649440640e-01
1.188247603996339247e-01
1.193356832218801372e-01
1.198466062398434173e-01
1.203575305117802474e-01
1.208684566316597514e-01
1.213772853511461552e-01
1.218892465509597289e-01
1.224011448691001980e-01
1.229096900758593763e-01
1.234178207435480540e-01
1.239231969328123129e-01
1.244274559303766015e-01
1.249466936320414445e-01
1.254736225681166439e-01
1.260065177758494526e-01
1.265425844992703330e-01
1.270786998918196908e-01
1.276157350310754557e-01
1.281589336944156943e-01
1.287011623885769285e-01
2.000018270922806207e-01
2.000018427607594684e-01
2.014267006369534763e-01
2.028516413486684822e-01
2.042765662684982997e-01
2.057014768548926231e-01
2.085512633209807287e-01
