-2.904259742701836417e-06
-2.920273391747069033e-06
-1.757364313172264355e-03
-2.256350811884227231e-03
-2.703685027369173276e-03
-3.126687105085746484e-03
-3.446262856703150110e-03
-3.729822599973505164e-03
-3.883693041191898544e-03
-3.998802416907346405e-03
-4.071989738928133776e-03
-4.122479929652053329e-03
-4.068959575753763706e-03
-3.935453155064503120e-03
-3.795167092767309791e-03
-3.694012280292550011e-03
-3.591187503437877782e-03
-3.495224547210679447e-03
-3.375585082140481006e-03
-3.268233298551426365e-03
-3.205558700765056505e-03
-3.166493080077561161e-03
-3.128304912614772535e-03
-3.114130678757777090e-03
-3.114578937985301634e-03
-3.093400774625932898e-03
-3.070550079143703759e-03
-3.039488252321813529e-03
-3.003081558572694501e-03
-2.954215283644221444e-03
-2.927435115738591821e-03
-2.915213798075173487e-03
-2.910510488513267432e-03
-2.912487296910191807e-03
-2.915481610874208138e-03
-2.919252570373985240e-03
-2.925796487125337502e-03
-2.928519504850496565e-03
-2.920892644070913809e-03
-2.890940257095795871e-03
-2.809819977802109105e-03
-2.688104807106866338e-03
-2.468757591893546571e-03
-2.152693923913481973e-03
-1.741077809019286621e-03
-1.265607339593781020e-03
-7.221336458686458031e-04
-1.164664023881000328e-04
5.572934007391958881e-04
1.269580159479416839e-03
2.021777703327412579e-03
2.831645345839166154e-03
3.693954984651936970e-03
4.599378103819994588e-03
5.542793735212518322e-03
6.521074056935658413e-03
7.516010553580225982e-03
8.554513106609040740e-03
9.608988780003231006e-03
1.071883821352851221e-02
1.182630688855402200e-02
1.298675008924000777e-02
1.415971690478513324e-02
1.534914658313753406e-02
1.656505625219006211e-02
1.778904124758990887e-02
1.900749314809840537e-02
2.023287901188576196e-02
2.146591227011530878e-02
2.270819144310048249e-02
2.397725954320636607e-02
2.524705667225635858e-02
2.646430650184868061e-02
2.765831928592046851e-02
2.885928381547150923e-02
3.000129280276370505e-02
3.116418844219769058e-02
3.234826753780568886e-02
3.352509841929045276e-02
3.470639674969127481e-02
3.587674846683083785e-02
3.706233898204084470e-02
3.825584419636089695e-02
3.946507561228538435e-02
4.066933905271784971e-02
4.191783645033615030e-02
4.319796322918268566e-02
4.450881651290859026e-02
4.585210091448439079e-02
4.717932208776249442e-02
4.844518589141246639e-02
4.965508188409428758e-02
5.085070035124759913e-02
5.203572860913569659e-02
5.321625564087696658e-02
5.446045405230501291e-02
5.570063738845882489e-02
5.697703136554566755e-02
5.834340658423990689e-02
5.978526768036878519e-02
6.135780697658484856e-02
6.289104486613125711e-02
6.449274551369460484e-02
6.609668117332108406e-02
6.780329303643019279e-02
6.950456592277666490e-02
7.130318466778091946e-02
7.310214580235106785e-02
7.493632772566645450e-02
7.684848058712301366e-02
7.879744390827177203e-02
8.083165483982232558e-02
8.288918622197957720e-02
8.493184038881161635e-02
8.700168144349089416e-02
8.909068544856570127e-02
