-2.000005539506287400e-01
-2.000005691623136794e-01
-2.004057512240693950e-01
-2.008109434387986558e-01
-2.012161160833638718e-01
-2.016212708027610989e-01
-2.020264097055312902e-01
-2.024315350602432229e-01
-2.028366492956572842e-01
-2.032417549943039137e-01
-2.036468548791226518e-01
-2.040519517890273526e-01
-2.044570478005030834e-01
-2.048621438840083631e-01
-2.052672408823198458e-01
-2.056723395263560794e-01
-2.060774404463341647e-01
-2.064825441797093764e-01
-2.068876511745561253e-01
-2.072927618461157251e-01
-2.076978781158463627e-01
-2.081030019588455682e-01
-2.085081351393157367e-01
-2.089132791643699694e-01
-2.093184352469149578e-01
-2.097236042770308784e-01
-2.101287868013811677e-01
-2.105339830102379017e-01
-2.109391927317277315e-01
-2.113444154329052194e-01
-2.117496502272639691e-01
-2.121548957886090769e-01
-2.125601508112096860e-01
-2.129654133180792774e-01
-2.133706811986007534e-01
-3.668488514444939175e-01
-3.647735842579866161e-01
-3.626982581936010752e-01
-3.606228799620386782e-01
-3.585474610337706647e-01
-3.564720088990199209e-01
-3.544120197635015623e-01
-3.523617849753221676e-01
-3.503067167882152333e-01
-3.482506138365183412e-01
-3.462263030707427580e-01
-3.442104972122702056e-01
-3.422139158822767868e-01
-3.402260964018802847e-01
-3.382676353161208072e-01
-3.363302810478759342e-01
-3.344200591462312411e-01
-3.325283726593140643e-01
-3.306479271069016068e-01
-3.288083527432336117e-01
-3.269881940411114019e-01
-3.251683113769628930e-01
-3.233435776428599806e-01
-3.215518475442518120e-01
-3.197961321516754052e-01
-3.180578166477421864e-01
-3.163504204019382260e-01
-3.146717610681881716e-01
-3.130469667226018493e-01
-3.114387401572079606e-01
-3.098119604359205193e-01
-3.082108324053764448e-01
-3.065951479682914593e-01
-3.050091485705035410e-01
-3.034209419084746839e-01
-3.018463674560190046e-01
-3.002882948234933402e-01
-2.987546073985158923e-01
-2.972126525504479311e-01
-2.956916091186275741e-01
-2.941740180179897024e-01
-2.926792512395404722e-01
-2.911838565354716302e-01
-2.897371316277054243e-01
-2.883180872017808705e-01
-2.869220479162183368e-01
-2.855781744337389516e-01
-2.842822500844131572e-01
-2.830260808918139137e-01
-2.817711891188475759e-01
-2.805811339685602701e-01
-2.794006438339318721e-01
-2.782360313271867169e-01
-2.770629028014870432e-01
-2.758842126738034195e-01
-2.747363135489451214e-01
-2.735983539344423177e-01
-2.724577082571338904e-01
-2.713248521946257652e-01
-2.701859993922300363e-01
-2.690855359256348889e-01
-2.680426929818208182e-01
-2.670182570651312148e-01
-2.659925974619232192e-01
-2.649735300264497995e-01
-2.639681789809660284e-01
-2.629849928233516931e-01
3.999986633400273162e-01
3.999986477984873168e-01
3.992670877288284625e-01
3.984866295038584361e-01
3.976728543249773984e-01
3.968412860212362503e-01
3.959972588579500075e-01
3.951542648082048137e-01
3.943095506165534836e-01
3.934419051898137010e-01
3.925410261126122680e-01
3.916152278098137818e-01
3.906739460078609838e-01
3.897249733109097170e-01
3.887546054160555542e-01
3.877728183857633293e-01
3.867851385716722379e-01
3.858060358546184232e-01
3.848372534104707587e-01
3.838755461846842798e-01
3.829242621869844432e-01
3.819657447983249021e-01
3.810088034458351536e-01
3.800631723384331195e-01
3.791435051182055482e-01
3.781872203227397700e-01
3.771863105448763909e-01
3.761805869019053672e-01
3.751618611006842241e-01
3.741349783329954715e-01
3.730833550647926766e-01
3.720223515221559030e-01
3.709598118834097069e-01
3.698259863478942089e-01
3.686610141183002676e-01
3.674793193741454633e-01
3.662527999549348157e-01
3.649848592831289040e-01
3.636776462445844849e-01
3.623448506540223879e-01
3.610362033071438104e-01
3.597038818333389565e-01
3.583399442610306629e-01
3.569184764668445475e-01
3.555056073591150723e-01
3.541229287646141533e-01
3.527441182428462940e-01
3.513230979413524135e-01
3.498551514637485149e-01
3.484082894137544018e-01
3.469894136900933401e-01
3.455311515706730452e-01
3.440619675539573485e-01
3.425711537496681225e-01
3.410611014469620006e-01
3.395477840896143906e-01
3.380666793530642256e-01
3.365474093497308195e-01
3.350484997656997810e-01
3.334632540878596507e-01
3.318642713532155009e-01
3.302832824438532433e-01
3.287490195974764329e-01
