4.000017557960463543e-01
4.000017714912934008e-01
4.008794124871291609e-01
4.006765759962848117e-01
4.004177673516961522e-01
4.001190740886405584e-01
3.997870485577277866e-01
3.994336657817717517e-01
3.990253715684312641e-01
3.986261667522906227e-01
3.981860837844942158e-01
3.977104484075884017e-01
3.972059650035421607e-01
3.967482919206286041e-01
3.962678187999277291e-01
3.957939555670895726e-01
3.953156001165694100e-01
3.949135782285221885e-01
3.944824070086555556e-01
3.965014773247059754e-01
3.985188984620652297e-01
4.005015933931974637e-01
4.024499498377005491e-01
4.043599964501352617e-01
4.062794039430995818e-01
4.081999521658342123e-01
4.100876980402806127e-01
4.119874360068466745e-01
4.139049025894980249e-01
4.158492852043600974e-01
-4.000029271850408796e-01
-4.000029432287321995e-01
-4.016578262595495441e-01
-4.035643783896551984e-01
-4.054899531194701701e-01
-4.073882391212449994e-01
-4.091990625590081199e-01
-4.109695415842975486e-01
-4.127441797693002234e-01
-4.145767425531720063e-01
-4.163885530357075426e-01
-4.181747639826547402e-01
-4.199680975175281161e-01
-4.216962367429831215e-01
-4.202427826257938426e-01
-4.195815454423859059e-01
-4.195436733162810072e-01
-4.211935024491502699e-01
-4.195127530246913761e-01
-4.190955932898651204e-01
-4.186473542864119768e-01
-4.181939291873956188e-01
-4.177271126461114537e-01
-4.172517314953808065e-01
-4.167800344038602445e-01
-4.162713537372256245e-01
-4.157385136810345383e-01
-4.151493400477814233e-01
-4.145810080657699737e-01
-4.141767315080504552e-01
-4.136947244521476108e-01
-4.131771095216024703e-01
-4.127038041427891768e-01
-4.121972062112415625e-01
-4.116757813080268447e-01
-4.111519323820482796e-01
-4.106482309655259955e-01
-4.101202670580998966e-01
-4.095675095633503071e-01
-4.090008503722830646e-01
-4.084804980430439825e-01
-4.079729124303326793e-01
-4.074253451209652321e-01
-4.068941064951520081e-01
-4.063925004199425706e-01
-4.059108079437500072e-01
-4.054516974698035292e-01
-4.049764906699377387e-01
-4.045210849233364936e-01
-4.041009988241620055e-01
-4.036972193291911704e-01
-4.032993981198009781e-01
-4.029285058549328391e-01
-4.025806953594539550e-01
-4.022784883713426685e-01
-4.019727674006396967e-01
-4.016444287586134476e-01
-4.013508698720589796e-01
-4.010615571723020190e-01
-4.007861250984556256e-01
-4.005123241667734035e-01
-4.002486139160299494e-01
-3.999889615679543264e-01
-3.997394796451404497e-01
-3.995027280549989235e-01
-3.992724402023575259e-01
-3.990485331633503718e-01
-3.988407673219694360e-01
-3.986393081911384639e-01
-3.984386712978694733e-01
-3.982496506259626257e-01
-3.980735712827805362e-01
-3.979028256230257021e-01
-3.977342195795924296e-01
-3.975802158412111154e-01
-3.974341086582600657e-01
-3.972968263975769077e-01
-3.971693361234749364e-01
-3.970553429837410109e-01
-3.969504945522972506e-01
-3.968489074876971334e-01
-3.967516178153319695e-01
-3.966634649393989132e-01
-3.965823152014776309e-01
-3.965059845055124987e-01
-3.964386113594893235e-01
-3.963810560527509796e-01
-3.963353870144613045e-01
-3.962954885669066063e-01
-3.962612895711472571e-01
-3.962328070644283162e-01
-3.962116283048901511e-01
-3.961962990415056063e-01
-3.961856618943374042e-01
-3.961793408974421116e-01
-3.961779638252494462e-01
-3.961820525366487322e-01
-3.961923500805543674e-01
-3.962088954898413951e-01
-3.962319909995229428e-01
-3.962611250601205670e-01
-3.962963580753522397e-01
-3.963356162533553939e-01
-3.963783485253720151e-01
-3.964223182686388292e-01
-3.964660980935695300e-01
-3.965124724132710887e-01
-3.965639478303883414e-01
-3.966247546313265149e-01
-3.966876292035368401e-01
-3.967523586789171164e-01
-3.968200736732035439e-01
-3.968940037477915461e-01
-3.969798112995772121e-01
-3.970670446814457133e-01
-3.971530073394379245e-01
-3.972462133677955864e-01
-3.973467324050210525e-01
-3.974519741704511944e-01
-3.975560985785774881e-01
-3.976463674554507333e-01
-3.977449718300566373e-01
-3.978600400951879390e-01
-3.979829730400998855e-01
-3.981118869758244472e-01
-3.982533457327746551e-01
-3.984137392563623092e-01
-3.985758221354520625e-01
-3.987490379991728839e-01
-3.989353187972057846e-01
-3.991361127016480048e-01
-3.993380570166417121e-01
-3.995396003712724520e-01
-3.997368136584628640e-01
-3.999397258574324265e-01
-4.001393845568714247e-01
-4.003482815452021337e-01
-4.005574334547712390e-01
-4.007844183164530616e-01
-4.010321091882692035e-01
-4.012848365992329747e-01
-4.000011843106042742e-01
-4.000011997374546824e-01
-4.005443899808334152e-01
-4.002980096951031519e-01
-4.000503245716018896e-01
-3.998189364270903212e-01
-3.995876219163134180e-01
-3.993526217976225978e-01
-3.991255350485000686e-01
-3.989109174567576077e-01
-3.987063607856530800e-01
-3.985170994506440634e-01
-3.983376976624756205e-01
-3.981815689004523651e-01
-3.980351070996448470e-01
-3.978994866022392274e-01
-3.977786664650159731e-01
-3.976613217354433849e-01
-3.975627293152436126e-01
-3.974807386388456432e-01
-3.974079970013566498e-01
-3.973464184618235584e-01
-3.972940904723482047e-01
-3.972536370081802826e-01
-3.972234945792276206e-01
-3.972011749879126308e-01
-3.971868805138821235e-01
-3.971789966819071482e-01
-3.971781589659571510e-01
-3.971840510573304006e-01
-3.971980683160469816e-01
-3.972190803901636258e-01
-3.972484785243520777e-01
-3.972872801025331135e-01
-3.973326419104331042e-01
-3.973883256115508522e-01
-3.974518148378117233e-01
-3.975240645291945318e-01
-3.976083151613127864e-01
-3.976965644101951858e-01
-3.977921951260003919e-01
-3.978972026366681125e-01
-3.980019707114947347e-01
-3.981137676012597160e-01
-3.982395926859554347e-01
-3.983750090867016480e-01
-3.985085636685239963e-01
-3.986511252957179452e-01
-3.987938909332601756e-01
-3.989430806574695842e-01
-3.991006551147518455e-01
-3.992619135071565628e-01
-3.994190375301013285e-01
-3.995814914708322729e-01
-3.997593622412263792e-01
-3.999359785648126109e-01
-4.001083385133037962e-01
-4.002684401475876119e-01
-4.004247940520646587e-01
-4.005826178209090926e-01
-4.007342999382936810e-01
-4.008856367524311071e-01
-4.010356448592790057e-01
-4.011890837279247779e-01
-4.013439722750049010e-01
-4.014975203169774964e-01
-4.016525757578706113e-01
-4.018018989962262033e-01
-4.019358009948680310e-01
-4.020698646677090538e-01
-4.021943367089316212e-01
-4.023251713682381991e-01
-4.024447155165196133e-01
-4.025669895850867985e-01
-4.026878045500163483e-01
-4.028047318555273981e-01
-4.029104451091618522e-01
-4.030141305738984547e-01
-4.031073553315603908e-01
-4.032064519542368219e-01
-4.033030817349207431e-01
-4.034023527202647008e-01
-4.034968900374455436e-01
-4.035868725775068055e-01
-4.036707244075742329e-01
-4.037544121649899176e-01
-4.038587684359580821e-01
-4.039645616900497394e-01
-4.040817273368053630e-01
-4.041991199061753526e-01
-4.043248825223892395e-01
-4.044395135993187895e-01
-4.045536487365546385e-01
-4.046718326508608188e-01
-4.048035696612646284e-01
-4.049467019095671638e-01
-4.050965988001845042e-01
-4.052488578548138487e-01
-4.054048184610342109e-01
-4.055579635064318622e-01
-4.057342259406848117e-01
-4.059173395005880591e-01
-4.061080994631656726e-01
-4.062945327361749404e-01
-4.064961787320116038e-01
-4.067186640427533639e-01
-4.069407799900991995e-01
-4.071661618677663852e-01
-4.073883500191758933e-01
-4.076157891068447059e-01
-4.078519867928016573e-01
-4.080737475104311840e-01
-4.082882813753738738e-01
-4.085135982579963798e-01
-4.087334253374763082e-01
-4.089417645413085389e-01
-4.091579812713569964e-01
-4.095686106913666302e-01
-4.097806142339526780e-01
6.543470393038583381e-07
6.696530722567082016e-07
2.879719033644538638e-04
4.360683069257481224e-04
6.143701414023381227e-04
8.485462891516074328e-04
1.178971581124071836e-03
1.589811973474014725e-03
2.042618079122047407e-03
2.564445850445419214e-03
3.115124627096585962e-03
3.736042611959714422e-03
4.407282893366691601e-03
5.123360319436769117e-03
5.899356188925460043e-03
6.733313159474346374e-03
7.615247581056363083e-03
8.548734504724920386e-03
9.520326349363311680e-03
1.049923433087316532e-02
1.151474876440464028e-02
1.255886270030213449e-02
1.361318612119089347e-02
1.471903400317065014e-02
1.587708847739038864e-02
1.704101643119965148e-02
1.819244113619781014e-02
1.935026007868732509e-02
2.047763063424142688e-02
2.164529211300566039e-02
2.280765480687389074e-02
2.395769814008326393e-02
2.509913014600340456e-02
2.624481186344840289e-02
2.743021262550028247e-02
2.869415437404063129e-02
2.993099153478282620e-02
3.125493116035139851e-02
3.255385007601824254e-02
3.383845562870080315e-02
3.510453739870972312e-02
3.639393222366957975e-02
3.764730806742769970e-02
3.891393349213586456e-02
4.015886072541429569e-02
4.135983014486080411e-02
4.255724986028758261e-02
4.377333648943192851e-02
4.499444741364195394e-02
4.623245902990353456e-02
4.745523555398104693e-02
4.873269047084000105e-02
4.995820251790459438e-02
5.119466391651877890e-02
5.245537288450249219e-02
5.374296201161641445e-02
5.504780259502738138e-02
5.639455836848270703e-02
5.775111215961034605e-02
5.922227749400462565e-02
6.069248786175481664e-02
6.212851380290024955e-02
6.362299242163753366e-02
6.518024608457199942e-02
6.677128696131409691e-02
6.840415683469253105e-02
7.008253973685969751e-02
7.173353534773019291e-02
7.344511210724363748e-02
7.511839385660104562e-02
7.677266802757162778e-02
7.841661328923792140e-02
8.001066725532132717e-02
8.162382679941751484e-02
8.331892907864989206e-02
8.500729336567418304e-02
8.667743925616475109e-02
8.845053019314828846e-02
9.026014433879547827e-02
9.210160403009808039e-02
9.401187061810940826e-02
