-1.999978233910420511e-01
-1.999978075444951708e-01
-1.984628754631019842e-01
-1.967399576918998916e-01
-1.950172654609272083e-01
-1.932948043879553490e-01
-1.915725580160281827e-01
-1.898505040016916501e-01
-1.881286174958602397e-01
-1.864068727000941228e-01
-1.846852433351064970e-01
-1.829637095459354379e-01
-1.812422515515370591e-01
-1.795208523810998824e-01
-1.777994978591250497e-01
-1.760781764381473824e-01
-1.743568789402716035e-01
-1.726355982521736443e-01
-1.709143290103123380e-01
-1.691930672861433060e-01
-1.674718102998750402e-01
-1.657505532655604574e-01
-1.640292988060873536e-01
-1.623080473789368094e-01
-1.605867996376541262e-01
-1.588813920071362185e-01
-1.571711428275552602e-01
-1.554468330973360068e-01
-1.537225647280853758e-01
-1.519983382102574054e-01
-1.502741511654481499e-01
-1.485500003110321598e-01
-1.468258798012694322e-01
-1.451017850919678609e-01
-1.433777131251373349e-01
-1.417530366695380073e-01
-1.400182730821727950e-01
-1.383364682619984409e-01
-1.365963273750464280e-01
-1.348563770329715694e-01
-1.331166092538142443e-01
-1.313840914775424862e-01
-1.296567773603535256e-01
-1.279152816626617228e-01
-1.262405829567294913e-01
-1.246012834658421914e-01
-1.230016230228370699e-01
-1.213849217798670110e-01
-1.195931453273765127e-01
-1.178020102104163358e-01
-1.160990078912845780e-01
-1.143633865247479370e-01
-1.125656985135812110e-01
-1.108743461569097338e-01
-1.091118311642815669e-01
-1.073648385517429471e-01
-1.056325431044062152e-01
-1.039334778040969243e-01
-1.021737770948362989e-01
-1.003983708277730452e-01
-9.862880959749859011e-02
-9.680804987081982615e-02
-9.493380078921009879e-02
-9.308280168591288872e-02
-9.120767654813116687e-02
-8.934555811455376084e-02
-8.747018519308187579e-02
-8.559517041516313818e-02
-8.372044327819513909e-02
-8.184593768322319385e-02
-7.997160196047761738e-02
-7.809739411950485100e-02
-7.622328050005607036e-02
-7.434922143643632464e-02
-7.247519872096892801e-02
-7.060119874375415938e-02
-6.872721329934819434e-02
-6.685325177421795606e-02
-6.497930663791501305e-02
-6.310537262436953510e-02
-6.123143951954421876e-02
-5.941145013957597337e-02
-5.757213905094784451e-02
-5.587181597873226713e-02
-5.447771410251896901e-02
-5.304624876231085057e-02
-5.157893208995523865e-02
-4.967286543446385733e-02
-4.833357115667677451e-02
-4.652048210815243334e-02
-4.503809628683879546e-02
-4.299377524625407759e-02
-4.099343810134267740e-02
-3.937438331910902978e-02
-3.795021328223350393e-02
-3.620546215377359878e-02
-3.487953972669737002e-02
-3.366345339967454636e-02
-3.227562365550725593e-02
-3.071968535949165871e-02
-2.880028819888287572e-02
-2.680174484689274578e-02
-2.493867976172236059e-02
-2.361388379088524489e-02
-2.177839899658007283e-02
-1.985512287001878554e-02
-1.837004553828535877e-02
-1.740022720482287816e-02
-1.631820514127375887e-02
-1.500602394653118704e-02
-1.288900485695441446e-02
-1.067834940085519123e-02
-8.321026874228693374e-03
-6.685706694995292680e-03
-4.702228297913967937e-03
-3.289573566395913307e-03
-1.672963107861540630e-03
-4.282656698227864768e-04
1.356711131154959534e-03
2.384896622357186684e-03
3.350983896705988629e-03
4.465116889888777994e-03
5.439959912296487773e-03
6.862248087364925669e-03
7.929360904767018131e-03
9.406062905354471704e-03
1.100172462209069411e-02
1.266773017071222938e-02
1.438485507672411165e-02
1.598965477739474825e-02
1.771648469588262692e-02
1.908852134870828859e-02
2.046016433967088460e-02
2.170043378713287438e-02
2.271776708820385723e-02
2.390918984336656145e-02
2.506650780109569848e-02
2.622095497739711581e-02
2.767257523148964823e-02
2.856442404620385817e-02
2.961536050355723440e-02
3.089626651044771397e-02
3.214995591220384807e-02
3.301624317322406771e-02
3.492271790954124683e-02
3.690632422878413477e-02
3.804375339511809756e-02
3.956518974295795965e-02
4.064566190769484944e-02
4.174742277272042862e-02
4.285226706648988942e-02
4.397314904671573155e-02
4.546651381920755602e-02
4.654699469479214174e-02
4.775164761269991981e-02
4.871455672231754519e-02
4.969272219508280575e-02
5.065181324459906015e-02
5.191906942825039867e-02
5.293104015344786417e-02
5.412252232086474379e-02
5.557980687110455897e-02
5.671828473946890353e-02
5.768325597058950732e-02
5.964764694427608649e-02
6.069386728315788460e-02
6.192453466483489183e-02
6.352237383063397136e-02
6.484720396634482964e-02
6.612102567891479932e-02
6.734134155872389949e-02
6.830357319695995466e-02
6.938000087650049441e-02
7.009397330701638840e-02
7.090602041241246545e-02
7.170528038951781702e-02
7.273810769588374969e-02
7.324519388838271472e-02
7.414023638126449045e-02
7.493294273821789198e-02
7.571511720686124880e-02
7.640495109924699824e-02
7.696505762655565797e-02
7.799801626230221108e-02
7.869828226567436580e-02
7.927132656744174943e-02
7.998455365175856369e-02
8.067007378081675339e-02
8.122633271586683634e-02
8.210969176388736857e-02
8.293240137132681933e-02
8.370435262998053572e-02
8.465850507504567302e-02
8.525047679319071314e-02
8.617895155065602442e-02
8.673548026172189784e-02
8.732310378129125306e-02
8.804021424825832220e-02
8.913455194023850447e-02
8.998712732824654115e-02
9.100624316620242737e-02
9.212434446255805820e-02
9.300813010390818203e-02
9.371158950886863959e-02
9.447525887885614704e-02
9.522059199447785449e-02
9.623130147092215370e-02
9.712014599069382359e-02
9.795174266146386421e-02
9.927911447549815638e-02
1.005204384035991300e-01
1.020714126368592323e-01
1.036457874865603368e-01
1.051233057227648204e-01
1.062396003837371844e-01
1.080895909818338496e-01
1.090421829106312385e-01
1.102589913144814415e-01
1.113587079722862527e-01
1.124141694229434663e-01
1.132908022895847966e-01
1.140066267713535364e-01
1.147903647185036236e-01
1.155780655420483999e-01
1.163638278170518736e-01
1.170826319737159477e-01
1.180931297346462516e-01
1.189524118915139123e-01
1.200763381688405990e-01
1.210958467213505557e-01
1.223195669308930755e-01
1.236967230889852859e-01
1.249802739914576688e-01
1.263520507312083374e-01
1.278212396545780061e-01
1.295213264264373221e-01
1.310253094054906753e-01
1.327463544004204576e-01
1.341859266741305678e-01
1.356928157052795791e-01
1.371623672473316902e-01
1.385836672131132707e-01
1.400388155928437295e-01
1.415330628653359291e-01
1.432098010937512822e-01
1.448735597351969162e-01
1.464149451513231115e-01
1.480821938553022743e-01
1.497532769745754111e-01
1.514044182375242631e-01
1.532055604896731815e-01
1.550583144101349009e-01
1.568797945428667406e-01
1.587581061305777252e-01
1.605168642949857116e-01
1.624343239928476290e-01
1.643756938467412221e-01
1.664301499231844450e-01
1.685915532837510000e-01
1.707290497215998015e-01
1.730111963818673493e-01
1.752400252464814956e-01
1.773861068069403080e-01
1.795639040522839514e-01
1.815569097672369570e-01
1.836456464213881423e-01
1.857719332303090776e-01
1.879210993605743008e-01
1.899557866970530418e-01
1.919864155646247295e-01
1.939698954995404123e-01
1.959266173553687596e-01
1.979050395370807736e-01
1.999522253970749397e-01
2.019348191718031149e-01
2.038399936317938921e-01
2.057748359921908188e-01
2.076134026321129200e-01
2.094774551251400718e-01
2.111978396229763355e-01
2.128816986611736239e-01
2.145984567878594373e-01
2.162631028258510391e-01
2.179838234596926383e-01
2.196923085472732295e-01
2.213414152068548801e-01
2.230599497406690612e-01
2.248840981684475659e-01
2.267978922646035900e-01
2.287218024282487439e-01
2.306506203494129992e-01
2.326261527322858458e-01
2.345863082186889770e-01
2.365447465285676065e-01
2.385366987292652785e-01
2.404755176742290335e-01
2.424923763499715890e-01
2.444435195372758329e-01
2.464312970703232131e-01
2.483428189284552501e-01
2.502174665664309017e-01
2.520427428776219614e-01
2.539584328840772121e-01
2.557855687418937318e-01
2.576022895056781503e-01
2.593963702033756924e-01
2.611728402729643905e-01
2.629470221422769427e-01
2.646553944406034864e-01
2.663846870732938243e-01
2.680838721956981807e-01
2.697267512398912603e-01
2.713593183584910307e-01
2.730640440964954285e-01
2.747589078340468838e-01
2.764161964625059253e-01
2.780818478731695853e-01
2.797180097258778475e-01
2.813499135947443719e-01
2.829725443663266282e-01
2.845383540801290079e-01
2.861046081689828102e-01
2.876487175507494443e-01
2.892134070149827707e-01
2.907290867949819946e-01
2.922256875143116051e-01
