-1.999969453115741091e-01
-1.999969292921124631e-01
-1.980337341841563736e-01
-1.976754061707145238e-01
-1.972798023842096127e-01
-1.969619787935070754e-01
-1.966428676043376067e-01
-1.962863902474567823e-01
-1.959321790075306546e-01
-1.956111584148828297e-01
-1.952940662736878108e-01
-1.950349858056573960e-01
-1.947540034733696024e-01
-1.944500354525079133e-01
-1.941003085106045856e-01
-1.936946160074477508e-01
-1.932987646667121973e-01
-1.929395749584602304e-01
-1.926202778836220986e-01
-1.922804438509142233e-01
-1.918982034265174774e-01
-1.915136911404974607e-01
-1.910943468873594064e-01
-1.906738257125978608e-01
-1.902527508626143393e-01
-1.899217623348427864e-01
-1.895131733948728081e-01
-1.890856886144921534e-01
-1.886809771917721534e-01
-1.882356796024531320e-01
-1.878121415300945951e-01
-1.873748776603949284e-01
-1.869323996175936142e-01
-1.865140366155974005e-01
-1.861208142062465987e-01
-1.857913986228669212e-01
-1.854367940293622230e-01
-1.850474242674359227e-01
-1.846748006367269768e-01
-1.843097802870177770e-01
-1.839451171010445807e-01
-1.836221101489195484e-01
-1.832586726447499870e-01
-1.828974444576638714e-01
-1.825500656400149690e-01
-1.822088503209225163e-01
-1.818632914551930602e-01
-1.815343223516261983e-01
-1.812198254092589611e-01
-1.808603230749603330e-01
-1.804874308992982790e-01
-1.801327497179459614e-01
-1.797274173366714134e-01
-1.793652586538618809e-01
-1.790136928832073704e-01
-1.786940842895161363e-01
-1.784452539598964382e-01
-1.781560227012383424e-01
-1.778664190228342046e-01
-1.775569733138685768e-01
-1.772156117749703330e-01
-1.768640449417144822e-01
-1.764934567264792031e-01
-1.761344790563103002e-01
-1.757591119634592525e-01
-1.753512624791183638e-01
-1.749423830339813801e-01
-1.745619733627387926e-01
-1.741897258713615282e-01
-1.738329823830423448e-01
-1.735164300202790277e-01
-1.731684692757824440e-01
-1.728244657452422395e-01
-1.724857599556848253e-01
-1.721249574272347149e-01
-1.717535422947829848e-01
-1.714474655282433868e-01
-1.711143251156815315e-01
-1.708265222754173918e-01
-1.705886473320089580e-01
-1.703946698424931017e-01
-1.701748497708533425e-01
-1.699566301002458091e-01
-1.697566828837311914e-01
-1.695441702258869143e-01
-1.692889998810597207e-01
-1.690494362474798951e-01
-1.688405296490253782e-01
-1.686512839342477477e-01
-1.684682323256025682e-01
-1.683087495980009896e-01
-1.681587487287600491e-01
-1.679734576079387476e-01
-1.677979377377544490e-01
-1.675986137900884188e-01
-1.673691577792933149e-01
-1.671254544218060689e-01
-1.668548896736448128e-01
-1.665916045919995092e-01
-1.663712889800778305e-01
-1.661502964119402626e-01
-1.659302068721988099e-01
-1.657340978818103161e-01
-1.654927090589293770e-01
-1.652464855830091395e-01
-1.649884558926339173e-01
-1.647344546058320536e-01
-1.645245792816980301e-01
-1.643208712596469778e-01
-1.641531906478257974e-01
-1.639989102966650791e-01
-1.638586067807286384e-01
-1.637244281062371354e-01
-1.636170286673501728e-01
-1.635326706053278345e-01
-1.634251680297712228e-01
-1.633370615566985817e-01
-1.632678448237410151e-01
-1.632106178170112387e-01
-1.631467670271674886e-01
-1.631025488508976717e-01
-1.630040362305263113e-01
-1.629137652402348202e-01
-1.626808607568294984e-01
-1.626351985477624551e-01
-1.621986973133832666e-01
-1.615212595671088602e-01
-1.606533488974628832e-01
-1.598635039796724444e-01
-1.592826671935503036e-01
-1.585504823607712666e-01
-1.579039909292309363e-01
-1.571225937774398673e-01
-1.563804787812747010e-01
-1.555977904074462015e-01
-1.549373458042538065e-01
-1.543877767669516177e-01
-1.538681293031088637e-01
-1.532713456806354957e-01
-1.527897977621573422e-01
-1.523293792584383688e-01
-1.519041545198854259e-01
-1.515055497501845150e-01
-1.511649135951540213e-01
-1.508321283287719639e-01
-1.505568138975673376e-01
-1.503069896452401966e-01
-1.501253747168470876e-01
-1.499919886458558338e-01
-1.498935922749565219e-01
-1.498417351331356451e-01
-1.498341174419325628e-01
-1.498680841832784882e-01
-1.499488114087103863e-01
-1.500828521166957807e-01
-1.502698671323012825e-01
-1.505025214623320340e-01
-1.507816183381165132e-01
-1.511030996619618094e-01
-1.514803476767236368e-01
-1.518644390836696167e-01
-1.522728130320154805e-01
-1.526430354358079833e-01
-1.530352255848010379e-01
-1.533565946186186413e-01
-1.536169838923794051e-01
-1.539901378001284349e-01
-1.542042899550411517e-01
-1.545696173680396746e-01
-1.548891581844694942e-01
-1.551905235656779736e-01
-1.555484871317558415e-01
-1.560780427593746189e-01
-1.564812308584948297e-01
-1.566383006998584848e-01
-1.567060244491780552e-01
-1.567170336797719943e-01
-1.567522289094082921e-01
-1.567708555361832234e-01
-1.568639002487239031e-01
-1.580362961980008585e-01
-1.596405901397599525e-01
-1.610788206297492642e-01
-1.626649997510648260e-01
-1.643931582916201561e-01
-1.661214273444402978e-01
-1.677994195925840426e-01
-1.694785428047464737e-01
-1.710515699684806712e-01
-1.727834902318956534e-01
-1.745102170125600594e-01
-1.762413956855933828e-01
-1.780275899554282504e-01
-1.798206866776830004e-01
-1.820166982315860049e-01
-1.839175978185317584e-01
-1.859162076206609948e-01
-1.879380435191112531e-01
-1.899065323762389457e-01
-1.920580099495120263e-01
-1.940396455870198045e-01
-1.960595040792161015e-01
-1.980583826321127006e-01
-2.001206494110726875e-01
-2.021890174304199206e-01
-2.043225311798119170e-01
-2.063888168076578045e-01
-2.085210600421277538e-01
-2.106809461690855312e-01
-2.128139737159244760e-01
-2.149473235770918145e-01
-2.171238568601864538e-01
-2.193159236940287471e-01
-2.214852862188056160e-01
-2.236857406518161229e-01
-2.259008187686098457e-01
-2.280321087585471806e-01
-2.301656141552062274e-01
-2.322472699852499711e-01
-2.343281842631568246e-01
-2.363448850494865028e-01
-2.383983576348593647e-01
-2.403973608286847086e-01
-2.423687364576316283e-01
-2.443034235236325458e-01
-2.462800740037788261e-01
-2.481929612616554648e-01
-2.500658129979992372e-01
-2.519059233388408758e-01
-2.537109817485844743e-01
-2.554230292692922788e-01
-2.571743425024168861e-01
-2.589387172846671636e-01
-2.606533667944336274e-01
-2.623665698618001252e-01
-2.640682690759637019e-01
-2.657489089795243564e-01
-2.673914334962690931e-01
-2.689990235179385292e-01
-2.705976158797391284e-01
-2.721936130448382452e-01
-2.737502677254994854e-01
-2.752818076542182246e-01
-2.767997384264643812e-01
-2.782780775113296579e-01
-2.797724677726365350e-01
-2.812596066615065116e-01
-2.827173198874073923e-01
-2.841766005967232833e-01
-2.856099937882403683e-01
-2.870351634750331060e-01
-2.884345787895470359e-01
-2.898010557251232133e-01
-2.911243990320820929e-01
-2.924118321945215482e-01
-2.936446812510125071e-01
-2.948433141656717216e-01
-2.960089510662057277e-01
-2.971548665907592368e-01
-2.982333099372191376e-01
-2.992294918993795294e-01
-3.002034556590627012e-01
-3.011791180408404656e-01
-3.021290384034922560e-01
-3.030397302281671035e-01
-3.039142469920232958e-01
-3.047777733366240915e-01
-3.055956844582310428e-01
-3.064010133429576066e-01
-3.071577778004266901e-01
-3.078769878744508914e-01
-3.085695771864738757e-01
-3.092489173880537678e-01
-3.098926004974075776e-01
-3.104969572119145038e-01
-3.110849247142869478e-01
-3.116484093012396039e-01
-3.122010635695184333e-01
-3.127126109874028836e-01
-3.132143631264080463e-01
-3.136934260528901897e-01
-3.141520621934602575e-01
-3.145898716008901919e-01
-3.149983374053001994e-01
-3.153895483756769536e-01
-3.157537936404266610e-01
-3.160939061756003476e-01
-3.164127050480096126e-01
-3.167110814804049990e-01
-3.169882777859793221e-01
-3.172432785144742029e-01
-3.174764740412469033e-01
-3.176849187844953959e-01
-3.178706332120535549e-01
-3.180342046749236040e-01
-3.181758055258612217e-01
-3.182952226541147511e-01
-3.183928080911673786e-01
-3.184684811645135949e-01
-3.185221285959090043e-01
-3.185536984730744647e-01
-3.185611889289142740e-01
-3.185431360390510447e-01
-3.185001004530916835e-01
-3.184305136154069182e-01
-3.183353719692232353e-01
-3.182147965315174631e-01
-3.180727501443645910e-01
-3.178998289612654515e-01
-3.177048704119314615e-01
-3.174899372698145594e-01
-3.172460919522647749e-01
-3.169728643060577555e-01
-3.166746901220361399e-01
-3.163566740568881652e-01
-3.160100336488940731e-01
-3.156392936072984212e-01
-3.152540579920359853e-01
-3.148473215432369687e-01
-3.144203454997360758e-01
-3.139641452398809207e-01
-3.134758719688661710e-01
-3.129690685978288034e-01
-3.124556563538155030e-01
-3.119228855146825574e-01
-3.113793495273444734e-01
-3.108103063873168259e-01
-3.102297040306510878e-01
-3.096232845695325864e-01
-3.090088038256671998e-01
-3.083736552974990497e-01
-3.077168116435602951e-01
-3.070595583804256457e-01
-3.063904673561050895e-01
-3.057019616114313720e-01
-3.050022265588077652e-01
-3.042795853074439227e-01
-3.035343762409856705e-01
-3.027444701023578877e-01
-3.019449805377142915e-01
-3.011512476673027794e-01
-3.003509565088115507e-01
-2.995115760947172356e-01
-2.986616191574483770e-01
-2.977973786177227078e-01
-2.969228926121130208e-01
-2.960257669804844394e-01
-2.951152284401937775e-01
-2.941722478147559827e-01
-2.931865182793534363e-01
-2.921953754773476408e-01
-2.912100662980801058e-01
-2.902462484150674094e-01
-2.892759182069378765e-01
-2.883129083969552253e-01
-2.873305051761513851e-01
-2.863315132327180490e-01
-2.853276263482678599e-01
-2.842759780106909884e-01
-2.831750675373043147e-01
-2.820616153624573297e-01
-2.808945618973993641e-01
-2.796931223395985322e-01
-2.784516208919717295e-01
-2.771842304741625185e-01
-2.759010856408911638e-01
-2.746290705257266596e-01
-2.733321596456802505e-01
-2.720941337941966687e-01
-2.708310159544842222e-01
-2.695178202193145856e-01
-2.681821059715689959e-01
-2.668191839913022778e-01
-2.654858935002386566e-01
-2.641147980744837920e-01
-2.627197183491212229e-01
-2.613157581560834886e-01
-2.598647657309473002e-01
-2.583726611646992577e-01
-2.567929041826724212e-01
-2.552715963395206789e-01
-2.537090620681177189e-01
-2.521248515775381116e-01
-2.505236218064617049e-01
-2.488261585161128941e-01
-2.471390973726671492e-01
-2.453955460787329568e-01
-2.436368058167670270e-01
-2.417931938853516427e-01
-2.399871239385149013e-01
-2.381485547793258661e-01
-2.362794726907817833e-01
-2.343675954962451680e-01
-2.324552862644762852e-01
-2.305720789748244015e-01
-2.286313838015393562e-01
-2.266756434024810585e-01
-2.247152876679786859e-01
-2.227905332431644181e-01
-2.208878561276809149e-01
-2.189624895078019773e-01
-2.170256674661831808e-01
-2.150899311702959282e-01
-2.132041692593124038e-01
-2.112679202166532211e-01
-2.093075108923928562e-01
-2.073117665537423382e-01
-2.053494200844096229e-01
-2.034429258854889289e-01
-2.015359078847966390e-01
-1.996470495645945864e-01
-1.977357457994659840e-01
-1.957811720633220454e-01
-1.938114043002688580e-01
-1.918824278474926814e-01
-1.898877656286462601e-01
-1.879134167526722299e-01
-1.860195769433741209e-01
-1.841094754734028671e-01
-1.820682272044650551e-01
-1.800314801825543543e-01
-1.780068223446333031e-01
-1.759747592354826973e-01
-1.739158324577878001e-01
-1.718799892329823387e-01
-1.698721762673905400e-01
-1.679465526242551743e-01
-1.660595679434679062e-01
-1.641517140309648459e-01
-1.622595194933567353e-01
-1.603494434193088181e-01
-1.584635074861053261e-01
-1.565799822528654017e-01
-1.547082129117891003e-01
-1.528798036657423309e-01
-1.510420785894317219e-01
-1.491852122087542198e-01
-1.473723295833105351e-01
-1.456064150781694322e-01
-1.438746265558067117e-01
-1.421160094602055279e-01
-1.403452590949854639e-01
-1.385443208997169939e-01
-1.367512809788857253e-01
-1.349319731439022618e-01
-1.332086502807234563e-01
-1.314841386653242405e-01
-1.297280338745289141e-01
-1.280131086598964851e-01
-1.262805330925592107e-01
-1.245210001003423383e-01
-1.227790087839771421e-01
-1.210543707103743372e-01
-1.193135837738693028e-01
-1.176138528573378306e-01
-1.159662928900406648e-01
-1.143677206693113624e-01
-1.127393547232508203e-01
-1.111088024998780205e-01
-1.094516408175876948e-01
-1.077809589842003563e-01
-1.061799288453106616e-01
-1.045500855657897632e-01
-1.029049879875876816e-01
-1.013386622475603571e-01
-9.974261639323865614e-02
-9.820126409409851709e-02
-9.672200415667756013e-02
-9.525774817458664001e-02
-9.385360463292800881e-02
-9.250323217322689584e-02
-9.115820375159786049e-02
-8.983187118793893589e-02
-8.851283350143532291e-02
-8.715177607480185940e-02
-8.577410232254201183e-02
-8.439256944524224646e-02
-8.300771579321324090e-02
-8.159602107442331942e-02
-8.024572913102270832e-02
-7.894311578730496548e-02
-7.765288924186278252e-02
-7.641214574464398612e-02
-7.519070234056131341e-02
-7.399122430337007339e-02
-7.281852330338008106e-02
-7.165408215686262794e-02
-7.048514484574121275e-02
-6.936459955549742484e-02
-6.821886104512660254e-02
-6.706677265374802466e-02
-6.598777419573906289e-02
-6.493327356085226709e-02
-6.388637781691024198e-02
-6.284981297506329889e-02
-6.185752364784015411e-02
-6.090722291197259164e-02
-6.004999005682505608e-02
-5.921138832054737011e-02
-5.848365520957406194e-02
-5.781175844997579749e-02
-5.709698466194439853e-02
-5.649100482562015996e-02
-5.583150895183452284e-02
-5.517016431483414557e-02
-5.466062995351446407e-02
-5.429388252502803658e-02
-5.405335924453829460e-02
-5.389141297627678823e-02
-5.394851884419508969e-02
-5.403265382930349386e-02
-5.410873419803501061e-02
-5.414737513452287654e-02
-5.421169358795109583e-02
-5.420429288088313147e-02
-5.425077020052916643e-02
-5.427972757685340516e-02
-5.429383317712618839e-02
-5.428304467394039906e-02
-5.426169462605090477e-02
-5.426367064058230938e-02
-5.425918348957100429e-02
-5.431112146331448093e-02
-5.430665623922912438e-02
-5.439188816890368205e-02
-5.455322952381595758e-02
-5.471738429327167169e-02
-5.496191376212895136e-02
-5.510089380460845426e-02
-5.526230249540203809e-02
-5.526048056492435800e-02
-5.509861720754027914e-02
-5.494077628859585227e-02
-5.477351845818781428e-02
-5.439796542778224664e-02
-5.405263340685106249e-02
-5.362017293161784603e-02
-5.313170213838051131e-02
3.999968989847239031e-01
3.986752328590251748e-01
3.972261914767088453e-01
3.958194241408638514e-01
3.943789572705612145e-01
3.929327012088774662e-01
3.914849208890081034e-01
3.900442749360679695e-01
3.885930926429563836e-01
3.871518638125803213e-01
3.856889028915054252e-01
3.842111677462911046e-01
3.827131372375290885e-01
3.811615263990634217e-01
3.795740152354606933e-01
3.779399079603109057e-01
3.762773277009833217e-01
3.746856606665173173e-01
3.730147993384705374e-01
3.713130091328235571e-01
3.696008312719914479e-01
3.678498703608946152e-01
3.661158487199220879e-01
3.644535227647282549e-01
3.628766802575777439e-01
3.612490356304092765e-01
3.595669155993290178e-01
3.579095537614176981e-01
3.562547012230795618e-01
3.545887723961660964e-01
3.530121132055611954e-01
3.514326930510005553e-01
3.498210531974467741e-01
3.482250563262108689e-01
3.466364782426126223e-01
3.450559639316309046e-01
3.434851303994280736e-01
3.419295175153045374e-01
3.403643514534887005e-01
3.388446079267755651e-01
3.373198024574600162e-01
3.357552828842718662e-01
3.342528470866283907e-01
3.327664548718123338e-01
3.313978426223960772e-01
3.301097072636959284e-01
3.291036607103187128e-01
3.280692658545898976e-01
3.271377705417970461e-01
3.264755803693628611e-01
3.257854383768508666e-01
3.254711563119240259e-01
3.250580028136993982e-01
3.252164459406922115e-01
3.253909596151656758e-01
3.255803289188906047e-01
3.257254735376462484e-01
3.258548199446296145e-01
3.259322862069002902e-01
3.259917720569671107e-01
3.259783283754601468e-01
3.260450981472493570e-01
3.260647965187098984e-01
3.260881711919861869e-01
3.260826970571769068e-01
3.261136767745478338e-01
3.261173212755388295e-01
3.261172061595251082e-01
3.261108935129560238e-01
3.261178896558758478e-01
3.261316298402773262e-01
3.261778248786683654e-01
3.262162005963158973e-01
3.263627561453550374e-01
3.264606734188383319e-01
3.266412480361219339e-01
3.267562110152995025e-01
3.268519455669054441e-01
3.270538047564023887e-01
3.272662076283296972e-01
3.272266349621088533e-01
3.271325880563330513e-01
3.272087244359003222e-01
3.270781516330613092e-01
3.268929317296005443e-01
3.265115167883556602e-01
3.265407481667906286e-01
3.263108746884096356e-01
3.260174833084083512e-01
3.272773222753536659e-01
3.285038473738172149e-01
3.293917572104598235e-01
3.306456844916987881e-01
3.318733979666441125e-01
3.332934352656625743e-01
3.345321369287758695e-01
3.357971245234606661e-01
3.369939877016684959e-01
3.378768488426033278e-01
3.384475994839013513e-01
3.390953883734864061e-01
3.392278687459488462e-01
3.391819719950204259e-01
3.393488985459545693e-01
3.394348331482281433e-01
3.394257116295057997e-01
3.392964761751255942e-01
3.390995618161943836e-01
3.388666055269515254e-01
3.386020484635213212e-01
3.383170375768503879e-01
3.380822354149987108e-01
3.378647420721324068e-01
3.376593089353260857e-01
3.374678741119686576e-01
3.373178149906297385e-01
3.372691142451508806e-01
3.371208837315844975e-01
3.370353858080640808e-01
3.369075397211863110e-01
3.369302763509961496e-01
3.370284292750865274e-01
3.374282572071104491e-01
3.380819436856656868e-01
3.389348942272536469e-01
3.397512830806199147e-01
3.405944188699272512e-01
3.414318732770026399e-01
3.422054917068337310e-01
3.429564023201971956e-01
3.436568803270524386e-01
3.442928922150277349e-01
3.448770156884381488e-01
3.454076901730238625e-01
3.459025659391644636e-01
3.463499364576722028e-01
3.467518828147884702e-01
3.471022979304824174e-01
3.474037952791604877e-01
3.476572841337475239e-01
3.478558089975890555e-01
3.480016840547270340e-01
3.480989572576755897e-01
3.481479641482885246e-01
3.481484891408949123e-01
3.481024824523262229e-01
3.480095468371650069e-01
3.478689745408723444e-01
3.476777162521958453e-01
3.474379438541574938e-01
3.471471708192486738e-01
3.468078575716873613e-01
3.464135606967526093e-01
3.459720808179555518e-01
3.454801299461301989e-01
3.449431545628049434e-01
3.443779285738898799e-01
3.437616672989163291e-01
3.430830377999875558e-01
3.423543043273852837e-01
3.415736597142534636e-01
3.407132537566340824e-01
3.398056056766842192e-01
3.388167132902547563e-01
3.378079909648770696e-01
3.366707588891322267e-01
3.354169521838710200e-01
3.341686660346419036e-01
3.328419578142016166e-01
3.314815978320957424e-01
3.300600359212651491e-01
3.286634682501065607e-01
3.258965047935781234e-01
