-4.085013238588207085e-01
-4.091456070447686555e-01
-4.097972088761580034e-01
-4.104666553637286164e-01
-4.111728975279853593e-01
-4.119045498813512785e-01
-4.126467645381131089e-01
-4.134034682824104801e-01
-4.141729811433519370e-01
-4.149399096094654737e-01
-4.157270611224673229e-01
-4.165258576087712550e-01
-4.173269289000764437e-01
-4.181532963773375022e-01
-4.189894856345212637e-01
-4.198333794189139101e-01
-4.206804520388252588e-01
-4.215395624064999236e-01
-4.223911493197706757e-01
-4.232674942921018091e-01
-4.241705513015422424e-01
-4.250991300144952856e-01
-4.260608038003966813e-01
-4.270276203716539265e-01
-4.279871595725220912e-01
-4.289587397280476000e-01
-4.299148484414551663e-01
-4.308833601812235292e-01
-4.318695965456892938e-01
-4.328377393466669165e-01
-4.338295131996289800e-01
-4.348345416823420906e-01
-4.358469664594033510e-01
-4.368708988471353694e-01
-4.379133410968776285e-01
-4.389577910707392894e-01
-4.399897984943568763e-01
-4.410517215251204548e-01
-4.421447448706337102e-01
-4.432308644534936337e-01
-4.443311603849641744e-01
-4.454384617255708334e-01
-4.465870262004866253e-01
-4.477246459570892734e-01
-4.488461591111785332e-01
-4.499784033303029229e-01
-4.511257652884467784e-01
-4.522997131818455863e-01
-4.534439676915547612e-01
-4.545931033925606490e-01
-4.557493223638688917e-01
-4.569221444203975802e-01
-4.581424724090665812e-01
-4.594008950997587326e-01
-4.606659250239671377e-01
-4.619631320826170784e-01
-4.632664240173428594e-01
-4.645455576201373837e-01
-4.658516511448265729e-01
-4.671336879946564880e-01
-4.684289068204965933e-01
-4.697404464755474685e-01
-4.710641478592730302e-01
-4.723836842009888626e-01
-4.737067470350383447e-01
-4.750298644032850959e-01
-4.763530421639854961e-01
-4.776762820459307113e-01
-4.789995836065681911e-01
-4.803229399182840642e-01
-4.816463429497008231e-01
-4.829697845734272077e-01
-4.842932569545898569e-01
-4.856167525204084234e-01
-4.869402646349398900e-01
-4.882637889547484233e-01
-4.895873246470434093e-01
-4.909108688891445915e-01
-4.922344196752713175e-01
-4.935579757159792025e-01
-4.948815358140292719e-01
-4.961968997888656085e-01
-4.975070550673021952e-01
-4.988173597119492930e-01
-5.001474591347576659e-01
-5.014774930201910674e-01
-5.028074611718180709e-01
4.000022625770028872e-01
4.000022784528159958e-01
4.016496824871604865e-01
4.032798675513742936e-01
4.049376329737424673e-01
4.065654413566798242e-01
4.081979028624918571e-01
4.098452561330278021e-01
4.115114560901019791e-01
4.132093699876423498e-01
4.149102773192198668e-01
4.165826173526016585e-01
4.182284341999726873e-01
4.199311035632898870e-01
4.216686202946040019e-01
4.233560354800078862e-01
4.250504275092601980e-01
4.267215650771681301e-01
4.284101424418597648e-01
4.301164958059333077e-01
4.318189592183829251e-01
4.335383121786325900e-01
4.352332412488396085e-01
4.369277234535672294e-01
4.386402636544961542e-01
4.403563718301097274e-01
4.420364209849226289e-01
4.437326305916953761e-01
4.454496862556299175e-01
4.471675232510836095e-01
4.488901095508567307e-01
4.505887294776183549e-01
4.523031843957012743e-01
4.540084314003212107e-01
4.557643574845325896e-01
4.574952401564383320e-01
4.592443780670555920e-01
4.610009151400270011e-01
4.627383874579051870e-01
4.645094050215592962e-01
4.662836698568065263e-01
4.680546089106200625e-01
4.698467990291520513e-01
4.716220800816705583e-01
4.733903563639992873e-01
4.751892146299180886e-01
4.769794508031635627e-01
4.787133105400223632e-01
4.804290268492942273e-01
4.821212372619523290e-01
4.838271999512316346e-01
4.855349008119938525e-01
4.872820437591230402e-01
4.890632092642196449e-01
4.908264956663535017e-01
4.926156056044765919e-01
4.944041040094750428e-01
4.962001381218245077e-01
4.980025313404002341e-01
4.998178924751681129e-01
5.016229919724802810e-01
5.034301727756723688e-01
5.052304411441450593e-01
5.070658886829751966e-01
5.088744522087640387e-01
5.106913486875507280e-01
5.124658586442321084e-01
1.854745791103911236e-06
1.870424766583754533e-06
1.153250888729140822e-03
2.344625665019987350e-03
3.546198552565374071e-03
4.764056419838838194e-03
6.007583157534371332e-03
7.233183779479180654e-03
8.470258669486845776e-03
9.708015862539486410e-03
1.095569901512110506e-02
1.221417512824657554e-02
1.346834195023647630e-02
1.473224602871944962e-02
1.600133189053780033e-02
1.727018783684835732e-02
1.857255754802134007e-02
1.988214501308278870e-02
2.118322710648034082e-02
2.247617042697757500e-02
2.378951557777162981e-02
2.509290737811139052e-02
2.644646146663223382e-02
2.778260502370928989e-02
2.909217540523170026e-02
3.037729171841670531e-02
3.166534802887207428e-02
3.293532298384977547e-02
3.421660518988008104e-02
3.558676151699489282e-02
3.692610583625407367e-02
3.824079713355442445e-02
3.954491613578346720e-02
4.083931906045736027e-02
4.211678306489913953e-02
4.337953551188782064e-02
4.465581915207637864e-02
4.593156159004153222e-02
4.724303292244556168e-02
4.853373619547370066e-02
4.979593206151348289e-02
5.103811658131413020e-02
5.227741892447859695e-02
5.351915949557171231e-02
5.474953717139009052e-02
5.599938816278483833e-02
5.723720544791940923e-02
5.847495190935594889e-02
5.968711565261698715e-02
6.090713735222701153e-02
6.213073313174884843e-02
6.338600646132444560e-02
6.465737447207471622e-02
6.590282175234932205e-02
6.711969114594121266e-02
6.834311834607349756e-02
6.956099934481269065e-02
7.077882645489735891e-02
7.197004540345802726e-02
7.316457943809576148e-02
7.433932857468554534e-02
7.552063326302939361e-02
7.668519514268919146e-02
7.785040350691896371e-02
7.897750033660147495e-02
8.012006880844521617e-02
8.129785836119646225e-02
8.248180507847788223e-02
8.367803032046230993e-02
8.485716247971396287e-02
8.604989715204236500e-02
8.722127336064083858e-02
8.838153875062880471e-02
8.955292597506311902e-02
9.071514880460698760e-02
9.183498990540060747e-02
9.297035402344375199e-02
9.408709808553135379e-02
9.518606717558435182e-02
9.626937777971772414e-02
9.733030968011188722e-02
9.835574636884454602e-02
9.940801580949008842e-02
1.004254792936457724e-01
1.014430777449119164e-01
1.024481786133673439e-01
1.034339006097684255e-01
1.044417067511535652e-01
1.054500465776527368e-01
1.064567866181019284e-01
1.074832474114800068e-01
1.085161604624924336e-01
1.095568440766303830e-01
1.105630608781108387e-01
1.115638694216654903e-01
1.125397121946155460e-01
1.135090981737772731e-01
1.144735249945112165e-01
1.154501630335384027e-01
1.164548875317188148e-01
1.174743489543101926e-01
1.185058521822134892e-01
1.195582757343504748e-01
1.205844804802411463e-01
1.216052919309795477e-01
1.226114920940284264e-01
1.236326345650703151e-01
1.246496635481186693e-01
1.256708109760884262e-01
1.266872640683146256e-01
1.276938263360820058e-01
1.286854467669294455e-01
1.297052264707930780e-01
1.307488559376141224e-01
1.317746542194918047e-01
1.328104293567334560e-01
1.338411111512765317e-01
1.348858095813892932e-01
1.359257658645358635e-01
1.369469576808155509e-01
1.379449156637368168e-01
1.389247518218458821e-01
1.399058302925735575e-01
1.408415753400406312e-01
1.417638643493134842e-01
1.426704320273680104e-01
1.435655425477061764e-01
1.444835826860915717e-01
1.453632326068579894e-01
1.461920925580446617e-01
1.470175362353547677e-01
1.478590033298120276e-01
1.487064839599941124e-01
1.495374708491481464e-01
1.503500604420123510e-01
1.511411091214440172e-01
1.519339469320459546e-01
1.526861408089271732e-01
1.534821753080889695e-01
1.542545376202845708e-01
1.550067454997237082e-01
1.557368109376145726e-01
1.564668213263458729e-01
1.572186159957580376e-01
1.579801460633397381e-01
1.587364837527464045e-01
1.594824599876495941e-01
1.602308508479274030e-01
1.609851700103477334e-01
1.617469786158620415e-01
1.625111562110328201e-01
1.632673151403602196e-01
1.640154119597138360e-01
1.647578834314016305e-01
1.655103059291772871e-01
1.662409313687360501e-01
1.669720763319564039e-01
1.676846867417309817e-01
1.684029435556337051e-01
1.690853669603087639e-01
1.698029025451524565e-01
1.705523482912066902e-01
1.712770006940134981e-01
1.719927621096966064e-01
1.726736664928642251e-01
1.733937332787384988e-01
1.741474200940513750e-01
1.749132598394294580e-01
1.756766199782716087e-01
1.763990738338154785e-01
1.771126937904153875e-01
1.778315667147590817e-01
1.785568043379291980e-01
1.792770679163490366e-01
1.799975767485531286e-01
1.807124599230532092e-01
1.814373144634520985e-01
1.821998627062627329e-01
1.829747244440333986e-01
1.837459708451869844e-01
1.845222272769405369e-01
1.853063504291813379e-01
1.861060606454524591e-01
1.868921957161784053e-01
1.876871420208910124e-01
1.884637365360535555e-01
1.892250670420644876e-01
1.900217287167042524e-01
1.908352000897380329e-01
1.916997012671725620e-01
1.925778465574022325e-01
1.934506918906533091e-01
1.943382957558391355e-01
1.952697464317545151e-01
1.962014474340904868e-01
1.971611634452646034e-01
1.981503976041864012e-01
1.991490843283223455e-01
2.001419149449381596e-01
2.011933467676752518e-01
2.022822772665713587e-01
2.033937200667426670e-01
2.045344187876005360e-01
2.057192481792324279e-01
2.069030422976805561e-01
2.080676851260572224e-01
2.092349614448641426e-01
2.104060111509412356e-01
2.116235858362743860e-01
2.128240384674293662e-01
2.140146598823764179e-01
2.152434324733646098e-01
2.164868471041358211e-01
2.177228124366132889e-01
2.190237689364496476e-01
2.203802589610869833e-01
2.217557839128235231e-01
2.231330660845758929e-01
2.245611769745938513e-01
2.260269637754026284e-01
2.275190513069305087e-01
2.290302886350037981e-01
2.305741675037315530e-01
2.321215958866387208e-01
2.336621912259424505e-01
2.352431232006106099e-01
2.368524297281479063e-01
2.384926616226754059e-01
2.401095934599411230e-01
2.417524464727651146e-01
2.433956296399398533e-01
2.450145939582598908e-01
2.466559716843057526e-01
2.482917355362647127e-01
2.499355350996622649e-01
2.515737845680670604e-01
2.532344158371946374e-01
2.549150620054806415e-01
2.565978755758373531e-01
2.582428479386457698e-01
2.598491338155290431e-01
2.614523943974956799e-01
2.630982230050097903e-01
2.647052977533615459e-01
2.663826516790858689e-01
2.681614831897603524e-01
2.699252688532415290e-01
2.716928353486283698e-01
2.735050097164411498e-01
2.752662270369083952e-01
2.770111564662855463e-01
2.787977766116726541e-01
2.805897431364043904e-01
2.823953333285162404e-01
2.842438862094567309e-01
2.861449555839166714e-01
2.880796483326291124e-01
2.900166433524361542e-01
2.919557012506584504e-01
2.939233933624837980e-01
2.958944887766109533e-01
2.978848637636874463e-01
2.998844168739520644e-01
3.018774323928494763e-01
3.038798424931458686e-01
3.058674706248294961e-01
3.078411957525301612e-01
3.097981279204107263e-01
3.117002457496261258e-01
3.135961310413853953e-01
3.154890507899853480e-01
3.173803968916310003e-01
3.192539807758296710e-01
3.210770981242057065e-01
3.229670725951271915e-01
3.248022853181519731e-01
3.266844596367412534e-01
3.284906436495913518e-01
3.303446557136234252e-01
3.321819476600180177e-01
3.340580088872624476e-01
3.359385654896785978e-01
3.377919044110067048e-01
3.396728075028277449e-01
3.415507610375089209e-01
3.434017038634396557e-01
3.452035670675533408e-01
3.469461394138931842e-01
3.486331982740621949e-01
3.502660760562610331e-01
3.518803071849434527e-01
3.535227633455326202e-01
3.551794595978778335e-01
3.568420159021688520e-01
3.585411133300638320e-01
3.602126671946805359e-01
3.618675250435601787e-01
3.634769919112679770e-01
3.650436812457496516e-01
3.666891894389717188e-01
3.683026691063290836e-01
3.699245123071573382e-01
3.715509380334627298e-01
3.731510574912401679e-01
3.747359720657267301e-01
3.763133090834397954e-01
3.779478402097455891e-01
3.796267219721549679e-01
3.813176837624684956e-01
3.830122757361092423e-01
3.847003361340787242e-01
3.864028505098923705e-01
3.881056291039862716e-01
3.898267846557447736e-01
3.914899842694985477e-01
3.931115598015425538e-01
3.947468966184373151e-01
3.963954502607908714e-01
3.980421824668744502e-01
3.997831177636173017e-01
4.015801423457474595e-01
4.034002323602204343e-01
4.052096783932082613e-01
4.070261219636939765e-01
4.088127581474101935e-01
4.106486623199094854e-01
4.125142348744648690e-01
4.144733751874754013e-01
4.164125467942299541e-01
4.183199653519662498e-01
4.202466229795491781e-01
4.221559462046697297e-01
4.241134000300052498e-01
4.261101610241291859e-01
4.280621003026171545e-01
4.299870618444501802e-01
4.319197024636258209e-01
4.338808951784071666e-01
4.359102473503239095e-01
4.379365385165215341e-01
4.399796083630678756e-01
4.419732828915093337e-01
4.439493173875484477e-01
4.459733081116856179e-01
4.480009769023335364e-01
4.500609834142224597e-01
4.521648371554063961e-01
4.542329184887385352e-01
4.563013491446429870e-01
4.583966638574516472e-01
4.604643648303656245e-01
4.625781760165322831e-01
4.647510236874684564e-01
4.669509092820035567e-01
4.691740057444639400e-01
4.713649289866752023e-01
4.735137291754919486e-01
4.756657174105249353e-01
4.777603067651287616e-01
4.798600381920810620e-01
4.819212568390182083e-01
4.839894949690831116e-01
4.860108338141106432e-01
4.880382300736880175e-01
4.901047051579857650e-01
4.921616771759543263e-01
4.942434817628555410e-01
4.963054414876920117e-01
4.983764889875052506e-01
5.004777990803936927e-01
5.025949894795865847e-01
5.046486655837510993e-01
5.066801624040415675e-01
5.087877051278139051e-01
5.109447615008948507e-01
5.130559162566825648e-01
5.152031650241268856e-01
5.174067566825000242e-01
5.195670221525021670e-01
5.216618308624519917e-01
5.237242134636305169e-01
5.258082346314620903e-01
5.279122440221133417e-01
5.299912128286839996e-01
5.320781656329581777e-01
5.341557340591456260e-01
5.362719888872172769e-01
5.383829083494893197e-01
5.404828195307832539e-01
5.426142082359753926e-01
5.447157268367526228e-01
5.467958859948515160e-01
5.488693656907283058e-01
5.509806257368614624e-01
5.531448864718079284e-01
5.553479320883396575e-01
5.575011660305038141e-01
5.596124061684017992e-01
5.617224213251369447e-01
5.638227690524914015e-01
5.658945357891694838e-01
5.679377922754622610e-01
5.699281621171499168e-01
5.719334806294188445e-01
5.739312476670573870e-01
5.758476404419125005e-01
5.777940083300059371e-01
5.797553564566317874e-01
5.818032778004609273e-01
5.838486410375585134e-01
5.858967839601556538e-01
5.879451653495300079e-01
5.899990549311295851e-01
5.920670470673157215e-01
5.941108852216611114e-01
5.961805018763322028e-01
5.982843419323657930e-01
6.003735612605149985e-01
6.024676165021670693e-01
6.045448333006815389e-01
6.066326090164377849e-01
6.087161768159100594e-01
6.108196210271568116e-01
6.129332111143678263e-01
6.150934857513944420e-01
6.173435979453325562e-01
2.662453998093434211e-06
2.678412195538291908e-06
2.094399143812468271e-03
4.186303998201169017e-03
6.278196334319198837e-03
8.370077259217291801e-03
1.045484302797914516e-02
1.254382514469141140e-02
1.463500463060927667e-02
1.672618625289793576e-02
1.881737187174896409e-02
2.090856271917482245e-02
2.299975890893367000e-02
2.509096030931214430e-02
2.716573847776733094e-02
2.922994957634865096e-02
3.131821552614316023e-02
3.340651779040351710e-02
3.549485665100628184e-02
3.758323236709033149e-02
3.966645038023843689e-02
4.175492302809460238e-02
4.384342203830753765e-02
4.593194411250042797e-02
4.801823128054924505e-02
5.010663319929881121e-02
5.219505199842620208e-02
5.427418602336767789e-02
5.632291012982684059e-02
5.837725070014340017e-02
6.043682248237221971e-02
6.251785744896593000e-02
6.459930450552391068e-02
6.668083185407064351e-02
6.876205097596325977e-02
7.083282461274084674e-02
7.291374627778053619e-02
7.499472297392502373e-02
7.707574610955211791e-02
7.915680749101279556e-02
8.123789918241389185e-02
8.331901494790971974e-02
8.540014846924538772e-02
8.748129469831329719e-02
8.956245590523208289e-02
9.164362202777744104e-02
9.372058599014135294e-02
9.578070182771372676e-02
9.785672188630219204e-02
9.988524467069047341e-02
1.019439406857341190e-01
1.039846545016882284e-01
1.060616455892852694e-01
1.081420873813897232e-01
1.102220952025596973e-01
1.122900824986485108e-01
1.143315507199009901e-01
1.163642363149475917e-01
1.183685141781720268e-01
1.203804857642731679e-01
1.223838532407374863e-01
1.244189299269455318e-01
1.264678363155793683e-01
1.285257709961331318e-01
1.305782970561613077e-01
1.326365652153679298e-01
1.346950062365247225e-01
1.367431851009417998e-01
1.388003624848930806e-01
1.408583659636376273e-01
1.429164619067499198e-01
1.449746330106276571e-01
1.470328642697925625e-01
1.490911430810647198e-01
1.511494589545134548e-01
1.532078033080702673e-01
1.552603859959216792e-01
1.573162011802146376e-01
1.593718117071089568e-01
1.614294848574718000e-01
1.634871721600344996e-01
1.655448709412080943e-01
1.676025785902371945e-01
1.696548218095769445e-01
1.717121340921209105e-01
1.737694541436669016e-01
1.758267804855632999e-01
1.778841120490214922e-01
1.799283150605222592e-01
1.819747128218659193e-01
1.840204242399771095e-01
1.860753535727655283e-01
1.881303098058015599e-01
1.901852959104545215e-01
1.922403111489339178e-01
1.942953455983048583e-01
1.963503952211255177e-01
1.984054559512550830e-01
2.004605239311365583e-01
2.025155957848220611e-01
2.045706686933315144e-01
2.066257404253285246e-01
2.086808093360540961e-01
2.107358743443179250e-01
2.127909343681169130e-01
2.148459904047346491e-01
2.169010422293321250e-01
