1.999994178530958844e-01
1.999994025702121758e-01
1.995862927776340945e-01
1.992362369148477363e-01
1.988469031169959045e-01
1.984158712771139921e-01
1.979465081007885374e-01
1.974311200976069380e-01
1.968750825526525416e-01
1.962733658853613450e-01
1.956362808798844943e-01
1.949824491453266140e-01
1.942869650760970512e-01
1.935787355845444702e-01
1.928343136171990491e-01
1.920743643296926040e-01
1.913711838162653611e-01
1.905346578546925906e-01
1.898397448476759342e-01
1.893189877838819257e-01
1.887721237177237832e-01
1.882117711310736519e-01
1.876600323893318489e-01
1.870873847430227221e-01
1.865190435717446193e-01
1.859364631207888197e-01
1.853592547080076536e-01
1.848181210881841563e-01
1.842695689132511083e-01
1.837252282177726792e-01
1.831489152446153235e-01
1.825764801934334491e-01
1.820179421464283298e-01
1.814360440488423099e-01
1.808283141860165810e-01
1.802171078689247252e-01
1.795874987495091890e-01
1.789618342637905313e-01
1.783160987814142728e-01
1.776827868387227394e-01
1.770393187294698467e-01
1.763875953505646688e-01
1.757195281572965784e-01
1.750319380974705852e-01
1.743573755862039831e-01
1.737008934459711718e-01
1.730706496004623118e-01
1.724270943951657642e-01
1.717816207319746158e-01
1.711326426891019992e-01
1.704822505561803259e-01
1.698614852057482860e-01
1.692500885374840225e-01
1.686393036325835038e-01
1.680146480008214704e-01
1.674003134197198372e-01
1.667599475124952602e-01
1.661163725049960849e-01
1.654639499024579963e-01
1.648122605962210330e-01
1.641278238492358543e-01
1.634429785076990105e-01
1.627751335284920164e-01
1.621107461620951151e-01
1.614453586271711594e-01
1.607986199555813955e-01
1.601256641740606557e-01
1.594753665779044816e-01
1.588627818057892771e-01
1.582520133072629342e-01
1.576254397048753586e-01
1.569769360727935048e-01
1.563174861265039239e-01
1.556199489698787963e-01
1.549052486051367694e-01
1.542139299793430229e-01
1.535123519703961159e-01
1.528366150205340002e-01
1.521684768249902397e-01
1.515044145678562382e-01
1.508459750381299092e-01
1.502092660086882803e-01
1.495261585690174644e-01
1.488629294464852426e-01
1.481814803683835780e-01
1.475309829618052793e-01
1.468605477316269059e-01
1.462039424429077972e-01
1.455448535418678302e-01
1.448985432489915404e-01
1.442830783783579374e-01
1.436987980269577025e-01
1.430638476219367183e-01
1.424092390176120715e-01
1.417437394365290426e-01
1.410355346453284475e-01
1.403465798691291011e-01
1.396851028570778586e-01
1.390208575535975266e-01
1.383500078376802833e-01
1.377013457450460554e-01
1.370316911361185719e-01
1.363547533911045884e-01
1.356769055223102372e-01
1.349971124432382263e-01
1.343175806588153831e-01
1.336127231432325257e-01
1.329292091181395463e-01
1.322745841938837430e-01
1.316003161695051826e-01
1.309297366400986318e-01
1.302542508814124589e-01
1.296018039150596546e-01
1.289761975024470431e-01
1.283860821015908038e-01
1.278012132606082263e-01
1.272393377873689557e-01
1.266964726731206470e-01
1.261610785904599685e-01
1.255940827958339501e-01
1.250417497138359146e-01
1.245029455035033400e-01
1.239815589514578348e-01
1.235183501813880980e-01
1.230461305742294453e-01
1.225994496196654848e-01
1.221733420947543614e-01
1.217318004994140529e-01
1.212529113736491304e-01
1.207928932563135244e-01
1.203241272447424376e-01
1.197923199862999249e-01
1.193045941932625170e-01
1.188271560147797501e-01
1.183700312321934317e-01
1.179395618288120728e-01
1.175081552199210011e-01
1.170590251675971971e-01
1.165995945321294386e-01
1.161811375561924570e-01
1.157524470154745605e-01
1.153576685687183606e-01
1.149565523125127137e-01
1.145789472479463444e-01
1.142364437180539288e-01
1.139040938654968665e-01
1.135522042097280582e-01
1.131957704892213173e-01
1.128497065236603591e-01
1.125622034070336841e-01
1.122593813817159974e-01
1.119531473785748688e-01
1.116639894678889688e-01
1.113233558671720830e-01
1.109768986389911977e-01
1.106101901707028240e-01
1.102073290443573300e-01
1.098211156883278639e-01
1.094541665291031973e-01
1.090451198920596443e-01
1.086710608827112096e-01
1.083189449012651462e-01
1.079971737725765879e-01
1.076898708926237458e-01
1.073774995747198147e-01
1.070628789939735009e-01
1.067390844026870622e-01
1.064076364071819825e-01
1.060579172638080325e-01
1.056909113676449130e-01
1.053371205950236339e-01
1.049829770015297398e-01
1.046078519375238935e-01
1.042281815625417801e-01
1.038361948724282890e-01
1.034708124944213464e-01
1.030907269170753260e-01
1.027046633667346581e-01
1.023323035344408799e-01
1.019894192096227892e-01
1.016097094119036842e-01
1.012457982147316055e-01
1.009137735327136770e-01
1.005836175498251717e-01
1.002467298697319042e-01
9.991728000999736126e-02
9.959257604869886649e-02
9.930857322300734591e-02
9.903942468454611514e-02
9.881115878213453385e-02
9.856563893655459485e-02
9.832274888520556311e-02
9.808275730668668257e-02
9.783586896444508574e-02
9.755076102643990554e-02
9.723155120754643777e-02
9.692537766669698240e-02
9.664541312573272924e-02
9.632059293481359807e-02
9.600043597212920554e-02
9.570301035407791090e-02
9.541368301793971829e-02
9.511409988455336861e-02
9.481350062536984813e-02
9.452607738242954638e-02
9.422982985091642172e-02
9.394299439519257500e-02
9.362881228521281740e-02
9.332822951274230561e-02
9.304065919809011154e-02
9.274771766164256748e-02
9.247598827621865414e-02
9.221696566461996813e-02
9.195214496588358100e-02
9.168619497861490997e-02
9.141655864445641377e-02
9.113312722960531520e-02
9.085887857993789340e-02
9.058954478047369363e-02
9.032260949605722122e-02
9.007306967800840503e-02
8.982019928983196733e-02
8.955124579270319629e-02
8.928047054467808108e-02
8.901115775512086215e-02
8.872408527422855073e-02
8.842143006993498366e-02
8.810309545157687938e-02
8.779697561753586899e-02
8.753186172503020501e-02
8.727892623710808984e-02
8.698026990848316264e-02
8.668193411348530664e-02
8.637652158172520744e-02
8.608246235789003553e-02
8.580350046328151514e-02
8.554918480261719527e-02
8.529262751985793034e-02
8.504581600291105659e-02
8.480757440629205224e-02
8.456926714671293699e-02
8.433245772404338036e-02
8.408999715239832973e-02
8.384764973825652168e-02
8.360987956007472077e-02
8.337965402274888360e-02
8.314833739686150471e-02
8.291928991823933892e-02
8.268842362790324030e-02
8.247593138873134111e-02
8.230323818082260767e-02
8.211907384177812019e-02
8.194483068712454799e-02
8.178012296505618450e-02
8.162276758803051202e-02
8.146134759806816783e-02
8.131085711128152593e-02
8.116651589449362658e-02
8.102284813718090006e-02
8.088152834804812619e-02
8.075230544208468475e-02
8.063177978404917345e-02
8.051683153376297530e-02
8.041065018006557374e-02
8.030648353740892087e-02
8.022467498179977619e-02
8.014742637646435353e-02
8.007373108800805439e-02
8.000727833157969537e-02
7.995626098703223494e-02
7.991462425313250462e-02
7.987448361642128514e-02
7.984020803678382183e-02
7.981487413289421740e-02
7.979776700623249230e-02
7.978825485007622065e-02
7.978602426664062330e-02
7.978995947342520934e-02
7.980034224638488105e-02
7.981743745868848106e-02
7.984144622553411563e-02
7.987214433596964702e-02
7.990828404165239984e-02
7.995077562439809049e-02
8.000167015936618387e-02
8.006419876636343413e-02
8.013196686235028732e-02
8.020966120649287989e-02
8.028706172250892059e-02
8.035766323003631917e-02
8.043070377118106962e-02
8.050271405619148501e-02
8.057619847232852517e-02
8.066026470809384286e-02
8.075736301249136773e-02
8.085057103603100759e-02
8.094732625492118139e-02
8.104288241187607156e-02
8.112625019045259511e-02
8.120748898903101809e-02
8.128701888258495212e-02
8.135827715888811762e-02
8.141914071069192294e-02
8.148116174503033937e-02
8.151831544638080129e-02
8.156059365711981757e-02
8.158544806934978078e-02
8.161311990142082473e-02
8.163710266727913778e-02
8.166225333030645295e-02
8.168162838778694756e-02
8.175781376798048339e-02
8.180085609115077261e-02
8.216522739024144373e-02
8.236828867062348514e-02
8.266630416639156320e-02
8.301558810084097573e-02
8.344412412963760073e-02
8.368993637600261049e-02
8.414493979122908418e-02
8.423503284952899017e-02
8.472051130027516419e-02
8.534802008439694443e-02
8.628024850839760562e-02
8.728833231090138423e-02
8.814139862660173852e-02
8.921351086613205084e-02
9.028415928073756092e-02
9.134032139610784307e-02
9.241202032191470073e-02
9.351124630322873998e-02
9.459627785978107217e-02
9.568566606248435358e-02
9.678282344201305509e-02
9.788010227959652310e-02
9.898509523214694961e-02
1.000897888239451611e-01
1.011942372567538467e-01
1.022984900897219579e-01
1.034025898573494584e-01
1.045065757569727111e-01
1.056104793358200733e-01
1.067143245245131405e-01
1.078181288688182804e-01
1.089219055598899394e-01
1.100256655548782908e-01
1.111294161551743404e-01
1.122298993990709370e-01
1.133270033132117438e-01
1.144237334957228652e-01
1.155215918337162695e-01
1.166314209435532212e-01
1.177411859073490275e-01
1.188508860280857865e-01
1.199503678486024266e-01
1.210472109146419201e-01
1.221551539549632498e-01
1.232693809320801331e-01
1.243854972149561200e-01
1.255015181189564344e-01
1.266174517182176995e-01
1.277333067569648983e-01
1.288490925952618660e-01
1.299648185881640550e-01
1.310804955415896533e-01
1.321961332013803503e-01
1.333117401444570138e-01
1.344273234525406591e-01
1.355428887624622603e-01
1.366584405548502967e-01
1.377739819852906722e-01
1.388895154784783315e-01
1.400050433020324780e-01
1.411205671842666320e-01
1.422360872953857547e-01
1.433461190169874888e-01
1.444607768798436831e-01
1.455624979126613483e-01
1.466760452429977102e-01
1.477882264492212661e-01
1.488817330857400700e-01
1.499948843122250186e-01
1.511162490964033933e-01
1.522262093805051841e-01
1.533406443624118765e-01
1.544632854416155832e-01
1.555969791057833784e-01
1.567258545125823077e-01
1.578524324352868491e-01
1.589908187772919590e-01
1.601244450544936082e-01
1.612657480149121969e-01
1.624140634491790802e-01
1.635628134953960588e-01
1.647147796396389030e-01
1.658757238257304589e-01
1.670374713973427905e-01
1.681907207740641619e-01
1.693579856497884062e-01
1.705377524704290160e-01
1.717260830071647981e-01
1.729372899855666501e-01
1.741485541163339534e-01
1.753632154218200123e-01
1.765751167453993575e-01
1.778072546299441503e-01
1.790412893456776455e-01
1.802791227185931711e-01
1.815166385914094849e-01
1.827538903400889869e-01
1.839909284972197079e-01
1.852277966537350662e-01
1.864645332440948988e-01
1.877011708715902172e-01
1.889377362575514196e-01
1.901742508426403355e-01
1.914107314799918524e-01
1.926437085855941533e-01
1.938695392842464948e-01
1.950943826963784933e-01
1.963213409884191629e-01
1.975456637738701171e-01
1.987590493713798367e-01
1.999794909484457761e-01
2.012230728882139219e-01
2.024650714648099925e-01
2.036962927807249024e-01
2.049229750627763191e-01
2.061480552991518389e-01
2.073742658572596265e-01
2.085909167377188456e-01
2.098163812208016510e-01
2.110619728121213845e-01
2.123260889530543261e-01
2.136041700901253060e-01
2.148887100444057396e-01
2.161680708653977712e-01
2.174453996007264245e-01
2.187236105850981216e-01
2.200183893075924324e-01
2.213478639754564992e-01
2.226923537487650040e-01
2.240479005667417034e-01
2.254175529011536450e-01
2.267994455570348789e-01
2.282017301970184486e-01
2.296104565812395193e-01
2.310242144137746312e-01
2.324443370031870626e-01
2.338868179011770465e-01
2.353408005898952882e-01
2.367944398963711672e-01
2.382630553408275620e-01
2.397576455888340841e-01
2.412757807633663099e-01
2.428066064650338529e-01
2.443569502693261064e-01
2.459066873534440367e-01
2.474547882779334629e-01
2.489732509035533503e-01
2.504840853921372346e-01
2.520007559261789876e-01
2.535021820616401578e-01
2.547749749732846625e-01
2.561732195196692041e-01
2.574279200640510745e-01
2.582535793759210829e-01
2.587179554288000505e-01
2.590754778735210873e-01
2.593621445023139849e-01
2.595213316184278307e-01
2.595611516145348574e-01
2.595664972486647626e-01
2.595463961283734355e-01
2.595307673214362620e-01
2.595204962068234922e-01
2.594966932261183468e-01
2.594802242657359148e-01
2.594455858403882931e-01
2.594293276041256813e-01
2.594166730311850966e-01
2.593961590509323845e-01
2.593883842398599371e-01
2.593818170416966051e-01
2.593751950217902946e-01
2.593654928026735140e-01
2.593553187054279952e-01
2.593473953478462324e-01
2.593395101287944704e-01
2.593369349688005587e-01
2.593390824203338219e-01
2.593419809627778294e-01
2.593414709017057285e-01
2.593406663287845526e-01
2.593375213505120791e-01
2.593221536671095895e-01
2.593044457876161335e-01
2.592935678404141298e-01
2.592850364875436964e-01
2.592771409406210981e-01
2.592664117317367012e-01
2.592474917435473314e-01
2.592374817439683232e-01
2.592401616940434028e-01
2.592164031943170466e-01
2.580717583121190373e-01
2.568930853795501346e-01
2.556880455282176112e-01
2.545082520508749613e-01
2.532625294132396787e-01
2.520459819017227265e-01
2.507186365275578255e-01
2.494121510933119401e-01
2.480428402165991697e-01
2.467702132917249103e-01
2.454349720431462101e-01
2.440784918739542508e-01
2.427575286996039861e-01
2.413898008892584601e-01
2.400315477315174972e-01
2.386806348854048354e-01
2.373127921342661761e-01
2.359617700811282859e-01
2.345106328542599650e-01
2.331067497508245989e-01
2.317817113973484056e-01
2.303042095709800785e-01
2.287984150299442465e-01
2.273409919491337916e-01
2.258907998788641791e-01
2.243909324687430873e-01
2.228291638831886023e-01
2.212827374675737091e-01
2.196977198970493650e-01
2.180484723720237938e-01
2.164239634157961445e-01
2.148261533656769251e-01
2.132169063741554405e-01
2.115832499539644362e-01
2.101944695590037548e-01
2.087397401068863401e-01
2.072193588602173342e-01
2.070398227846431405e-01
2.069016583248368124e-01
2.066778926165419583e-01
2.067615949404573161e-01
2.067132125055063385e-01
2.067879134637057026e-01
2.068740099588850523e-01
2.068918985800799470e-01
2.069052814869064560e-01
2.068731397547103057e-01
2.067884725506694554e-01
2.064977212055927602e-01
2.059161431026989564e-01
2.049326931768076232e-01
2.037440715634483701e-01
2.023153369302001237e-01
2.009386456062101367e-01
1.995425366114797761e-01
1.982084490170112623e-01
1.968590537476609392e-01
1.955434610805741047e-01
1.943108348481748793e-01
1.931788075582956399e-01
1.920580044110388740e-01
1.910500720933341334e-01
1.899989847829304246e-01
1.889733191740518570e-01
1.879967884219040652e-01
1.870776173530604158e-01
1.861967578100601206e-01
1.853647095302994319e-01
1.845950468379393417e-01
1.838858508005208059e-01
1.832187081365936887e-01
1.825967428344045518e-01
1.820299317876308831e-01
1.814806549078447351e-01
1.809729028790317273e-01
1.805200630684780094e-01
1.801227927574116650e-01
1.797710187487398248e-01
1.794596629489511042e-01
1.792014126776847183e-01
1.789899638846908225e-01
1.788282196640643695e-01
1.787160750154191680e-01
1.786530726234930033e-01
1.786404255295251375e-01
1.786776763901069542e-01
1.787660469615007519e-01
1.789079306400688241e-01
1.790990622107812846e-01
1.793354627242033650e-01
1.796315697817971735e-01
1.799755472200371409e-01
1.803791814546281125e-01
1.808336338059898241e-01
1.813321846193945430e-01
1.818935695346621806e-01
1.824967842977199550e-01
1.831514360531494023e-01
1.838870595026317889e-01
1.846623531110133942e-01
1.854981942554416452e-01
1.863983581840470971e-01
1.873374366061544283e-01
1.883956470030836439e-01
1.895231113980866411e-01
1.906641969233260625e-01
1.918847166504606405e-01
1.930777738449133418e-01
1.942964724448815184e-01
1.956652847970300202e-01
1.971058676440509139e-01
1.985241500401648540e-01
1.999418560401963196e-01
2.013743393140630666e-01
2.028630995879739940e-01
2.044254817292210924e-01
2.059674930379832014e-01
2.075430847336754703e-01
2.090998143279159949e-01
2.106668871583844138e-01
2.122169296181512232e-01
2.137918238916917957e-01
2.153666316846604700e-01
2.169414240635791635e-01
