-4.000011836445628299e-01
-4.006640793854846505e-01
-4.013603011020666633e-01
-4.020179252619542898e-01
-4.026377264567672642e-01
-4.032252532202977302e-01
-4.037778656606619276e-01
-4.042839386743417029e-01
-4.047582735520495745e-01
-4.052151304238296725e-01
-4.056417313497925892e-01
-4.060382842480041998e-01
-4.064069824932223796e-01
-4.067472898185404695e-01
-4.070559179896460766e-01
-4.073345169395370391e-01
-4.075795881557219835e-01
-4.077923118272525627e-01
-4.079712778130952233e-01
-4.081170021439346485e-01
-4.082286721258807649e-01
-4.083064957816189833e-01
-4.083519612988943948e-01
-4.083664174790185841e-01
-4.083485490836814003e-01
-4.082974099283296909e-01
-4.082105565276887837e-01
-4.080888747606640221e-01
-4.079352469470204912e-01
-4.077508563302593148e-01
-4.075347921321582079e-01
-4.072950206340844037e-01
-4.070282607332211255e-01
-4.067304542763446329e-01
-4.063991069454749305e-01
-4.060445341168549271e-01
-4.056674405340082168e-01
-4.052566152733207416e-01
-4.048257327220999846e-01
-4.043725795591255889e-01
-4.038946236548112134e-01
-4.033880508479107951e-01
-4.028587827373583119e-01
-4.022942301667249976e-01
-4.017081387786100577e-01
-4.010922878131817915e-01
-4.004465970312545697e-01
-3.997790057541968922e-01
-3.990806032196980713e-01
-3.983662131185850552e-01
-3.976265232872491229e-01
-3.968724834313710481e-01
-3.960986291925188696e-01
-3.953189120135477408e-01
-3.945091107463373770e-01
-3.936923684501167919e-01
-3.928442696437581261e-01
-3.919637569797603804e-01
-3.910576512214619660e-01
-3.901143172711198370e-01
-3.891460373688025443e-01
-3.881595937396072893e-01
-3.871466640233472978e-01
-3.861024161660063792e-01
-3.850386144474852723e-01
-3.839420176265767592e-01
-3.828022693785061437e-01
-3.816709635966578085e-01
-3.805161004756035248e-01
-3.793289893216421627e-01
-3.781328826185130221e-01
-3.769013348679990938e-01
-3.756334070003939929e-01
-3.743400713963201398e-01
-3.730111908325141057e-01
-3.716721041375430912e-01
-3.703025845461819232e-01
-3.689033222202671158e-01
-3.674538300493100373e-01
-3.659963196085029291e-01
-3.645348222575076624e-01
-3.630332079435296122e-01
-3.614862790510691704e-01
-3.599110193727233509e-01
-3.583104929150241480e-01
-3.567176520997661915e-01
-3.551652718264063924e-01
-3.536312035481031790e-01
-3.520967597502142610e-01
-3.505302476464505768e-01
-3.489719915182783461e-01
-3.473870662530271214e-01
-3.457613728251594520e-01
-3.441935312580494122e-01
-3.425602225741600781e-01
-3.409116268334727029e-01
-3.392648739459898644e-01
-3.375092238154437929e-01
-3.357292400077028227e-01
-3.338820891945362690e-01
-3.320334021868588947e-01
-3.301166856457357635e-01
-3.281647236705167447e-01
-3.262244861198356771e-01
-3.242793990157959994e-01
-3.223430114594612039e-01
-3.203754262852493429e-01
-3.184102856331734177e-01
-3.164315798728069562e-01
-3.144259869928204276e-01
-3.124385082940019931e-01
-3.104163058628869876e-01
-3.084146688363272326e-01
-3.064489062771709738e-01
-3.044344486296510777e-01
-3.024075199853942797e-01
-3.004147677817226580e-01
-2.984072082033253914e-01
-2.964631517146935069e-01
-2.944820908224556333e-01
-2.924786114092686184e-01
-2.904739827024199195e-01
-2.884163335912088288e-01
-2.863559667214704008e-01
-2.842635347097224319e-01
-2.822269802601927724e-01
-2.802154271459791346e-01
-2.782153414708748440e-01
-2.762112308172920416e-01
-2.741971298816264779e-01
-2.721799048031007806e-01
-2.701957025594732276e-01
-2.682313298957235692e-01
-2.662477230370511316e-01
-2.642420663216257792e-01
-2.622114784545402366e-01
-2.601191722428644604e-01
-2.580660723372851795e-01
-2.559391812794339915e-01
-2.538696966279621048e-01
-2.517782135938487764e-01
-2.496856175414151058e-01
-2.475823119691554774e-01
-2.455063911677098643e-01
-2.433884789962422468e-01
-2.413433890162781370e-01
-2.394431918137120419e-01
-2.374657881158811767e-01
-2.355046089278043930e-01
-2.335975438594045661e-01
-2.317563125931491608e-01
-2.298943877932954072e-01
-2.282001981259183243e-01
-2.265994257619303731e-01
-2.249831868213591213e-01
-2.234999853321928687e-01
-2.220790484782631524e-01
-2.208065566065891827e-01
-2.195829515316635172e-01
-2.184585709325287395e-01
-2.174345266176715974e-01
-2.162025431398726383e-01
-2.151369276129196373e-01
-2.141409986707913382e-01
-2.130150083653001292e-01
-2.120517458324825688e-01
-2.111220627681730522e-01
-2.103858397907073796e-01
-2.094589127911233584e-01
-2.085221844064387431e-01
-2.076255414492894358e-01
-2.069551816304803227e-01
-2.064080177898509061e-01
-2.056454469823289777e-01
-2.049542905867472731e-01
-2.043079063795576744e-01
-2.037203794013529579e-01
-2.032890176413724159e-01
-2.028555291317310771e-01
-2.024968029092281407e-01
-2.024114875525245827e-01
-2.022220985012350702e-01
-2.020074140736617119e-01
-2.019291389501455813e-01
-2.017336030011235848e-01
-2.014731152551305360e-01
-2.012844342530040742e-01
-2.011986898428245185e-01
-2.010551664103023550e-01
-2.009313801500971497e-01
-2.008369759431803681e-01
-2.007090453804533103e-01
-2.006423317926252503e-01
-2.004996744594327862e-01
-2.003366180023628540e-01
-2.002396082286145296e-01
-2.001568411027858374e-01
-2.000675660564574521e-01
-1.999532281841862880e-01
-1.998683896329833121e-01
-1.997977502721568210e-01
-1.997042954680398608e-01
-1.996431752803284887e-01
-1.995933772310584942e-01
-1.995363979296075063e-01
-1.994804512776864602e-01
-1.994232823541081390e-01
-1.993718195492735490e-01
-1.993257311670835474e-01
-1.992805143852775240e-01
-1.992398130288202951e-01
-1.991970118937406720e-01
-1.991620216919396391e-01
-1.991262135266127220e-01
-1.990895623617476018e-01
-1.990531945510178313e-01
-1.990091998499741166e-01
-1.989543111483817739e-01
-1.989003094996902865e-01
-1.988443270021110487e-01
-1.987883490663324981e-01
-1.987280271796433850e-01
-1.986603243153437504e-01
-1.985960565098705832e-01
-1.985354152696501007e-01
-1.984723284530165721e-01
-1.984091686296996504e-01
-1.983426833909948395e-01
-1.982749363798773368e-01
-1.982059639171498966e-01
-1.981341200590828466e-01
-1.980620702695644886e-01
-1.979856662773263887e-01
-1.979189778013712708e-01
-1.978523063352971567e-01
-1.977885511323610457e-01
-1.977316172771712566e-01
-1.976746283048856356e-01
-1.976211947057073537e-01
-1.975679453979379274e-01
-1.975180026260625055e-01
-1.974767501072355880e-01
-1.974416968550046225e-01
-1.974136286530455697e-01
-1.973878359563567275e-01
-1.973608652916587491e-01
-1.973342230024208166e-01
-1.973076114969354866e-01
-1.972822411546335808e-01
-1.972595887543751869e-01
-1.972394753361874919e-01
-1.972207095068598537e-01
-1.972045824817544590e-01
-1.971915582020879742e-01
-1.971794148293921078e-01
-1.971687208540423564e-01
-1.971574721348157699e-01
-1.971488372731899641e-01
-1.971417107816363645e-01
-1.971363215588947393e-01
-1.971314595187280416e-01
-1.971285376705156911e-01
-1.971266506858677103e-01
-1.971252863170338820e-01
-1.971248348268176132e-01
-1.971253595779880741e-01
-1.971265983982161407e-01
-1.971284805057105793e-01
-1.971309082649502775e-01
-1.971336869261693103e-01
-1.971385436774990840e-01
-1.971445366990154657e-01
-1.971509383598359366e-01
-1.971594664996723367e-01
-1.971699408182005786e-01
-1.971802056285124616e-01
-1.971902359151462003e-01
-1.972017454869700870e-01
-1.972136697320349963e-01
-1.972257724381754063e-01
-1.972375562833503515e-01
-1.972506280983327975e-01
-1.972656541430083954e-01
-1.972825112080530963e-01
-1.973001149238700069e-01
-1.973178346303434139e-01
-1.973380173738379373e-01
-1.973595386375575078e-01
-1.973832334141055744e-01
-1.974081572889341274e-01
-1.974344739641917257e-01
-1.974627094115215253e-01
-1.974920903107482972e-01
-1.975276735758778879e-01
-1.975658804169568850e-01
-1.976052925766931812e-01
-1.976464721157984994e-01
-1.976910161779682207e-01
-1.977375229272612667e-01
-1.977925249373068128e-01
-1.978497115814261409e-01
-1.979096741378492952e-01
-1.979763141697021001e-01
-1.980466267790973456e-01
-1.981182970864936166e-01
-1.981934442966419574e-01
-1.982684497097160770e-01
-1.983513362014790449e-01
-1.984422218643003000e-01
-1.985311908234250744e-01
-1.986312696038702030e-01
-1.987467335456335749e-01
-1.988726959409956863e-01
-1.990078639448283060e-01
-1.991379083849020570e-01
-1.992652119550178680e-01
-1.993987490194792100e-01
-1.995412273498239075e-01
-1.996907500702068405e-01
-1.998334892722353207e-01
-1.999819644618126835e-01
-2.001383511739135423e-01
-2.002992447557304379e-01
-2.004740647901883666e-01
-2.006505276115360670e-01
-2.008427000052784017e-01
-2.010434586231782117e-01
-2.012643007861520672e-01
-2.014758615644982320e-01
-2.017040288762086131e-01
-2.019375209381601421e-01
-2.021583101087086609e-01
-2.023786896951356440e-01
-2.026085225998356110e-01
-2.028267157841144308e-01
-2.030417800606113266e-01
-2.032640220034911682e-01
-2.035091182155669698e-01
-2.037644367515569210e-01
-2.040051417762762664e-01
-2.042514115631283156e-01
-2.044989673521455942e-01
-2.047835066142755234e-01
-2.050870333710348437e-01
-2.053893887759735137e-01
-2.057191282203366944e-01
-2.060687267464886563e-01
-2.064319488504936795e-01
-2.068931286794780666e-01
-2.073953014722236254e-01
-2.078622986558214814e-01
-2.086476730935820645e-01
-2.092205319294952737e-01
-2.098420870855624287e-01
-2.105110334373851144e-01
-2.113039949429722786e-01
-2.124298145544945005e-01
-2.135582509197743450e-01
-2.147564321353462313e-01
-2.158709927435422671e-01
-2.172120468220347933e-01
-2.185566448317960708e-01
-2.198410028356264923e-01
-2.211920126658066255e-01
-2.225419161967629456e-01
-2.238840235172525894e-01
-2.252331580711586789e-01
-2.263975278491653642e-01
-2.277272977246807828e-01
-2.291106136571023355e-01
-2.304932288479018543e-01
-2.318752423040115196e-01
-2.332567515443133843e-01
-2.346378591324239093e-01
-2.360186437879797927e-01
-2.373991784666452665e-01
-2.387795249725682967e-01
-2.401231841950016432e-01
-2.414740547892243738e-01
-2.427760478870858996e-01
-2.440852766966381537e-01
-2.454058908623766022e-01
-2.467408101634108175e-01
-2.481036294718345081e-01
-2.494927391037601860e-01
-2.508868577481991324e-01
-2.523022915694347335e-01
-2.537323326159888759e-01
-2.551623207622560896e-01
-2.565775063307399462e-01
-2.580188208276626982e-01
-2.594611146341504471e-01
-2.609069038935324936e-01
-2.623585006287953436e-01
-2.638131767905678715e-01
-2.652822934968168123e-01
-2.667654216312015936e-01
-2.682408134236023423e-01
-2.697368611091335300e-01
-2.712373178838491938e-01
-2.727603755784483996e-01
-2.742918645496926766e-01
-2.758345084750883358e-01
-2.774049919745787962e-01
-2.789756779326583169e-01
-2.805635222379778693e-01
-2.821370580695111707e-01
-2.837586851869337012e-01
-2.853808430735236268e-01
-2.870136919279426824e-01
-2.886471960135458259e-01
-2.902725738401886191e-01
-2.919011334693599746e-01
-2.935258098187210063e-01
-2.951418536110698154e-01
-2.967595220576476622e-01
-2.983766746360291822e-01
-2.999749731726580326e-01
-3.015937388221649473e-01
-3.032147337717939206e-01
-3.048389076914534979e-01
-3.064781103089471159e-01
-3.081201245075600448e-01
-3.097912057783654416e-01
-3.114833583819016094e-01
-3.131937325159422914e-01
-3.149196568645061811e-01
-3.166504537618734516e-01
-3.184031665181267789e-01
-3.201661947510002215e-01
-3.219264379069185500e-01
-3.236919228522512348e-01
-3.254886124536036096e-01
-3.273104528613394737e-01
-3.291399687587958089e-01
-3.309749140796063305e-01
-3.327886076695963369e-01
-3.346310909869630867e-01
-3.364686866299809176e-01
-3.383178331828843310e-01
-3.401458649699019010e-01
-3.420029418299218582e-01
-3.438545293235625855e-01
-3.456869139200127727e-01
-3.475239293311934152e-01
-3.493538647766202820e-01
-3.511897010120507701e-01
-3.530517563362995936e-01
-3.549146873804243096e-01
-3.567982161233378968e-01
-3.586886102948671495e-01
-3.605813660086046313e-01
-3.625133256453026975e-01
-3.644372004169927903e-01
-3.663613464345724102e-01
-3.682941296068142911e-01
-3.702278912265347666e-01
-3.721378541326870737e-01
-3.740623404774298111e-01
-3.760097289334096704e-01
-3.779457505530732231e-01
-3.798989105112743347e-01
-3.818555653195985777e-01
-3.838134487258727523e-01
-3.858138322339094151e-01
-3.878600998389635790e-01
-3.899259093517859487e-01
-3.920069364101491649e-01
-3.940844170998774598e-01
-3.961581344227989021e-01
-3.982307789201120496e-01
-4.002923644870585163e-01
-4.023287857583472404e-01
-4.043843263576115121e-01
-4.064352294836238166e-01
-4.084850702601527939e-01
-4.105170598346959965e-01
-4.125565320114877310e-01
-4.145919803109294199e-01
-4.166530526126316358e-01
-4.187658226672794082e-01
-4.208977441505069028e-01
-4.230278542218133264e-01
-4.251551733001414646e-01
-4.273530013602198641e-01
-4.295376777965085324e-01
-4.317267153504560917e-01
-4.338622028469350522e-01
-4.359243144785720503e-01
-4.379435899130171284e-01
-4.396399643633052690e-01
-4.421139900000624068e-01
-4.445870448171762024e-01
-4.470589888569989068e-01
-4.495300082322442048e-01
-4.520004421038566478e-01
-4.544704643770768326e-01
-4.569401944757661149e-01
-4.594097338487901361e-01
-4.618791586359428103e-01
-4.643485239645065987e-01
-4.668178682417191694e-01
-4.692872039321455135e-01
-4.717565467762447895e-01
-4.742259077042242921e-01
-4.766952923513380069e-01
-4.791647024533396970e-01
-4.816341377766122367e-01
-4.841035958506051395e-01
-4.865730810442481791e-01
-4.890425982153419615e-01
-4.915121450961882910e-01
-4.939817193648047833e-01
-4.964513188818597267e-01
-4.989209418915243055e-01
-5.013905867938227567e-01
-5.038602558535615339e-01
-5.063299421410708545e-01
-2.711371217891624659e-06
-2.727377873019405970e-06
-2.134619170971279595e-03
-3.677016138116470916e-03
-5.120810947837697163e-03
-6.655763954182494606e-03
-8.222191252171631021e-03
-9.724619005116440576e-03
-1.123429499888271843e-02
-1.292588604322619274e-02
-1.484018142546316213e-02
-1.660221806766087188e-02
-1.820976611488938149e-02
-1.997395494222691317e-02
-2.189963861294226197e-02
-2.392002414145204259e-02
-2.601364919792499564e-02
-2.812442649475383610e-02
-3.037245102794012067e-02
-3.252867562539191182e-02
-3.479955035785654155e-02
-3.684746656720715163e-02
-3.915015333295501082e-02
-4.151485858048092892e-02
-4.384228795282022612e-02
-4.633315602516799997e-02
-4.875256693003225672e-02
-5.116750004527873680e-02
-5.369981006896449444e-02
-5.623211501000598828e-02
-5.876442608637962028e-02
-6.119295605365248497e-02
-6.354265050270346826e-02
-6.607933776803429082e-02
-6.857530304459373560e-02
-7.107402921361917481e-02
-7.361174601828415764e-02
-7.614942648137074110e-02
-7.853405905093047146e-02
-8.107369681169315778e-02
-8.349990231572625154e-02
-8.586010782949922426e-02
-8.795776480984890400e-02
-9.022005950030453914e-02
-9.230849618739139784e-02
-9.456276949360215012e-02
-9.688620572311654189e-02
-9.915618539858803149e-02
-1.013251669721870890e-01
-1.035512649818137870e-01
-1.059233030665806263e-01
-1.082261824785186038e-01
-1.105657551504241887e-01
-1.128499331961229923e-01
-1.152676834090025360e-01
-1.175015686986548569e-01
-1.200455817176647177e-01
-1.225604233232304302e-01
-1.251180453408668736e-01
-1.276757823931094216e-01
-1.302336432807783273e-01
-1.327917165560474899e-01
-1.351999143388678826e-01
-1.377578189394075558e-01
-1.402654208222229304e-01
-1.426964738855028836e-01
-1.452539040497423384e-01
-1.477371639984607632e-01
-1.501456082447041873e-01
-1.526692909449061386e-01
-1.550550046211935096e-01
-1.575865707643943903e-01
-1.599863228938377402e-01
-1.625408047111986942e-01
-1.650397437325681893e-01
-1.674099922776973171e-01
-1.696017334512573693e-01
-1.720335135847461949e-01
-1.739995509284060771e-01
-1.765490675311122415e-01
-1.783958697984756314e-01
-1.809441816413774884e-01
-1.834212419025103291e-01
-1.858191131629540749e-01
-1.883253941968836553e-01
-1.904730990757591558e-01
-1.925899249417367398e-01
-1.948538487399284480e-01
-1.971541991141541605e-01
-1.995968053174085599e-01
-2.016432626801413219e-01
-2.038578560939849904e-01
-2.060186450772590050e-01
-2.080567273665437089e-01
-2.101757636580203759e-01
-2.122606170368901979e-01
-2.144651870823428286e-01
-2.165107889598772706e-01
-2.187176797322425981e-01
-2.211841427996729392e-01
-2.236511918840878577e-01
-2.257428402750670249e-01
-2.280100802415101491e-01
-2.304794307682527243e-01
-2.329133181903822458e-01
-2.352820406019773547e-01
-2.376530126647831975e-01
-2.399129025718045594e-01
-2.421197993251408553e-01
-2.443879915305688100e-01
-2.466971241415298333e-01
-2.487900269594055247e-01
-2.506668199084046700e-01
-2.525314835376408773e-01
-2.545166860338361481e-01
-2.565757384018290121e-01
-2.585438555247259740e-01
-2.605437118521404249e-01
-2.622341128581294756e-01
-2.639790262863226933e-01
-2.657383137600505263e-01
-2.674886212763522009e-01
-2.692685951138706346e-01
-2.715041876126602638e-01
-2.732667572658010191e-01
-2.752966641117501334e-01
-2.777179115655649677e-01
-2.801127902314110574e-01
-2.825425460963627011e-01
-2.849240999401687069e-01
-2.874116382017508076e-01
-2.898940892094247768e-01
-2.924433507082638273e-01
-2.949145007059584267e-01
-2.974643570196958131e-01
-3.000141809441607132e-01
-3.025639888002195632e-01
4.000003022452217616e-01
4.001927330031775365e-01
4.003039584086593994e-01
4.004668228234675720e-01
4.006811457792889830e-01
4.009388694874269077e-01
4.012512525894978421e-01
4.016114695470336393e-01
4.020171767827650511e-01
4.024850191540449984e-01
4.030034902759511706e-01
4.035687617074641964e-01
4.041741562133942534e-01
4.048178354570299287e-01
4.055091327554103953e-01
4.062798527732427445e-01
-2.000022207118221651e-01
-2.017288898732862990e-01
-2.034557000050855324e-01
-2.051825176190075761e-01
-2.069093415399479441e-01
-2.086361709367669515e-01
-2.103630047091701039e-01
2.000024957252741764e-01
2.019483846006450978e-01
2.030458837679104123e-01
2.041879950180004455e-01
2.053483065896732351e-01
2.063998899502680617e-01
2.074457322275895244e-01
2.085344838174450766e-01
2.096285339127993419e-01
2.106897560178973838e-01
2.117065576252669112e-01
2.126791519150678378e-01
2.136027570331618941e-01
2.144651415117740101e-01
2.152857852163026220e-01
2.160573215274123882e-01
2.167784272780556298e-01
2.174417494218496283e-01
2.181018327482079355e-01
2.187143402271088111e-01
2.193048825067152874e-01
2.198443114168399382e-01
2.203259730649338721e-01
2.207607970524521623e-01
2.211595604924014025e-01
2.215062602756991683e-01
2.218048943247884486e-01
2.220509141992949020e-01
2.222578240189028997e-01
2.224178630527346434e-01
2.225374933222775686e-01
2.226126053317751818e-01
2.226611945582410435e-01
2.227089354093422235e-01
2.227378896799636632e-01
2.227365525142734337e-01
2.227015267908488694e-01
2.226613905245264924e-01
2.226259022766986506e-01
2.225479860352009842e-01
2.224255777998560557e-01
2.222985517838983183e-01
2.221681780008196438e-01
2.219613773362520137e-01
2.217840891438762341e-01
2.215410737495274451e-01
2.213000825673314964e-01
2.210608457710337427e-01
2.208489849521475257e-01
2.205890842708454480e-01
-4.096968129980447793e-01
4.000017370945371242e-01
4.013425798693351920e-01
4.026835070467515432e-01
4.040244439696247247e-01
4.053642922508926549e-01
4.066832029672308169e-01
4.079630398514179079e-01
4.092385880283769262e-01
4.105148114126373482e-01
4.117976983218855636e-01
4.131204761269762216e-01
4.144474217188243159e-01
4.158171678739539523e-01
4.171914294439630910e-01
4.185464988963440991e-01
4.199335428548388038e-01
4.212893606429351512e-01
4.226206446316168042e-01
4.239899942094260687e-01
4.254162834489587652e-01
4.268700263940525819e-01
4.283290040166503054e-01
4.297563280325992219e-01
4.312083273377422254e-01
4.326724350348357673e-01
4.341748846125658701e-01
4.356167013888274653e-01
4.370785734548629509e-01
4.385382538539596142e-01
4.400553281077626555e-01
4.415965736916126483e-01
4.431513426529609112e-01
4.446998128158093921e-01
4.462326000818947480e-01
4.477817754505105663e-01
4.493380007601749382e-01
4.509130693768756415e-01
4.524985733118976894e-01
4.541200224501211746e-01
4.557409351588193047e-01
4.573613895812418950e-01
4.589814678800640535e-01
4.606012416030727530e-01
4.622007110854651768e-01
4.638225069035920578e-01
4.654441431211025493e-01
4.670656554193599597e-01
4.686870691291929458e-01
4.703084105281472582e-01
4.719297003889510456e-01
4.735509550314304650e-01
4.750961167855757838e-01
4.766364190517574095e-01
4.781485787227242601e-01
4.796205833836009180e-01
4.810194952049872685e-01
4.824045437950408854e-01
4.837223200440526338e-01
4.850484634394829353e-01
4.863541512333518502e-01
4.876009508331315967e-01
4.888349173833778649e-01
4.900531348056058056e-01
4.912282647873048025e-01
4.924021235182860501e-01
4.936210245875493619e-01
4.948005635113271183e-01
4.960320189425984072e-01
4.972729394268073366e-01
4.984877251067139636e-01
4.997001427698156695e-01
5.009598739844514093e-01
5.022211675658458940e-01
5.034838012895184178e-01
5.047076766720492991e-01
5.059653185697584599e-01
5.071599551306295028e-01
5.083379850008458156e-01
5.095269002188356211e-01
5.107549586452151402e-01
5.119836162642041888e-01
5.132128030956031317e-01
5.144424306973495176e-01
5.156724215134833589e-01
5.168351058450144642e-01
5.180132784616510166e-01
5.191063571047183078e-01
5.201595455910490440e-01
5.212530268283347423e-01
5.222910896612082965e-01
5.233291278020991699e-01
5.243369443888525883e-01
