-1.999980865052853052e-01
-1.999980707523402179e-01
-1.987804158950340627e-01
-1.978307607133596435e-01
-1.968943656653569518e-01
-1.959722277782107169e-01
-1.950528643923889471e-01
-1.941635014359056333e-01
-1.932402027814227041e-01
-1.923359086041059873e-01
-1.913635321297028069e-01
-1.904385333447727036e-01
-1.894318788913851859e-01
-1.884408607767249222e-01
-1.875517058344999821e-01
-1.866301349036778301e-01
-1.856818893960955896e-01
-1.847476536638165412e-01
-1.838293174516399120e-01
-1.829129853472128420e-01
-1.819774555458572862e-01
-1.809838399870472292e-01
-1.800479903745683119e-01
-1.790588635215403235e-01
-1.780910399390186472e-01
-1.771143964908558077e-01
-1.761508816541065003e-01
-1.751772063994072037e-01
-1.741997663086398695e-01
-1.732659508370384405e-01
-1.723312280645987737e-01
-1.713323512266109183e-01
-1.703373640011528467e-01
-1.693149885835654733e-01
-1.682694072295519150e-01
-1.672906072395322630e-01
-1.662920660509269732e-01
-1.652539573385196359e-01
-1.643728689089150041e-01
-1.634301550026908689e-01
-1.624973467288912954e-01
-1.616421355343375110e-01
-1.607635170802430291e-01
-1.598640221235274050e-01
-1.589556177446645180e-01
-1.580729395193129494e-01
-1.571401456674935970e-01
-1.562580173339139233e-01
-1.554186866753226037e-01
-1.545830740685997795e-01
-1.538457124846202839e-01
-1.529700853031070451e-01
-1.520636431817195267e-01
-1.511594524378172544e-01
-1.502400710587343535e-01
-1.493208826628416586e-01
-1.483370744045116318e-01
-1.474240255039894754e-01
-1.465197263544453510e-01
-1.455928330346318855e-01
-1.447216265328872264e-01
-1.438674653924217617e-01
-1.432175898556134475e-01
-1.424893982439690843e-01
-1.417345539563601431e-01
-1.411369759606210528e-01
-1.404762921787493235e-01
-1.397542879922867853e-01
-1.389569088752642123e-01
-1.382033067934686776e-01
-1.374032782872833258e-01
-1.366429828191440543e-01
-1.358328029248644098e-01
-1.349853056066876167e-01
-1.341010861953265410e-01
-1.332192319582518325e-01
-1.322864800763114135e-01
-1.314059705474331652e-01
-1.305608823023298726e-01
-1.297302417660111673e-01
-1.289377759200703299e-01
-1.281778798946283660e-01
-1.273972421794086207e-01
-1.266502687928849902e-01
-1.258787703364466493e-01
-1.251318539531008356e-01
-1.243274147807908597e-01
-1.235391678328790488e-01
-1.227653820804009144e-01
-1.219479735523857217e-01
-1.211620340115937555e-01
-1.204030673646528937e-01
-1.196266061004353926e-01
-1.188693254710319752e-01
-1.181318609604009445e-01
-1.174837512569476411e-01
-1.167950337827197843e-01
-1.161292222618701964e-01
-1.154887801465303426e-01
-1.149270681303805608e-01
-1.143911241129753897e-01
-1.138020606660117284e-01
-1.132209035296655314e-01
-1.126762464423728127e-01
-1.121381397214113035e-01
-1.115822740153619291e-01
-1.110434011907973362e-01
-1.104137956702483242e-01
-1.098391047572481460e-01
-1.092378981019807571e-01
-1.086264849760157775e-01
-1.080388566180416204e-01
-1.074659142908013371e-01
-1.069286355908858482e-01
-1.064218747046464936e-01
-1.059194726702650247e-01
-1.054415772651235012e-01
-1.049725167895455141e-01
-1.045639835072110502e-01
-1.040920966577560669e-01
-1.037020238841794145e-01
-1.033203106395073900e-01
-1.028970983586872667e-01
-1.025717537913224398e-01
-1.022532787875824467e-01
-1.019888797247039125e-01
-1.015667290159265601e-01
-1.010548723831168477e-01
-1.006846927193620761e-01
-1.003040924399524192e-01
-1.001165685967121965e-01
-9.986875748108969830e-02
-9.967694958016187767e-02
-9.911087773084101271e-02
-9.871859920359055129e-02
-9.854646464419172802e-02
-9.838899364951253501e-02
-9.822168020614417683e-02
-9.798098350619138808e-02
-9.750598687449330004e-02
-9.695835316392685532e-02
-9.668481717480860438e-02
-9.632053228027019631e-02
-9.592901224361873036e-02
-9.565419130971013206e-02
-9.535443259127419913e-02
-9.502018811825709010e-02
-9.475045127103230713e-02
-9.438357932709830200e-02
-9.418589846138177013e-02
-9.379030050208876645e-02
-9.335515057846331677e-02
-9.261583755605562462e-02
-9.206432410905887598e-02
-9.143859187112554632e-02
-9.087015787467779548e-02
-9.044878258095059853e-02
-8.988962119512901305e-02
-8.966855411213693616e-02
-8.908100892679536587e-02
-8.845100011514800409e-02
-8.792537545499777563e-02
-8.756288297730585590e-02
-8.725447053580578927e-02
-8.697929791166630897e-02
-8.631659253245529961e-02
-8.602863192037545070e-02
-8.544754072452495630e-02
-8.506942398624486867e-02
-8.480427710061866353e-02
-8.399368539056246974e-02
-8.302051803621550430e-02
-8.182541544567770164e-02
-8.038971059881679093e-02
-7.908618385115673277e-02
-7.775907622837344157e-02
-7.660779158799006783e-02
-7.534099939433777648e-02
-7.437367240041407868e-02
-7.311712027908684464e-02
-7.254307336856238853e-02
-7.198416244683537857e-02
-7.097016264596693602e-02
-7.009805727196166680e-02
-6.893358173766205022e-02
-6.809070495860157501e-02
-6.687581955887250684e-02
-6.599639646014411609e-02
-6.497634272126591448e-02
-6.413070551420281540e-02
-6.339119712439397758e-02
-6.248782180968333322e-02
-6.194587847674989933e-02
-6.137831932398021828e-02
-6.086357538107967091e-02
-5.994332323627062087e-02
-5.916055166028848233e-02
-5.829027414319082334e-02
-5.763169788581794933e-02
-5.700246229202403370e-02
-5.642717276737092835e-02
-5.599316990087609136e-02
-5.547960133611229416e-02
-5.499101582085286904e-02
-5.455225547955741550e-02
-5.378903862444640860e-02
-5.335146939926294768e-02
-5.263418434184725242e-02
-5.232305043055179850e-02
-5.170425167336546030e-02
-5.126203446528947161e-02
-4.996806258045876498e-02
-4.897406901669996288e-02
-4.777721619527521696e-02
-4.660980850891702915e-02
-4.527607818894297670e-02
-4.464441849410612922e-02
-4.353462115999631038e-02
-4.285747760211210122e-02
-4.138850821456817319e-02
-4.050675060122647247e-02
-3.924843088670948443e-02
-3.869322392046462694e-02
-3.822494131148940905e-02
-3.723022134851732695e-02
-3.603279963429475291e-02
-3.449056757028511055e-02
-3.288361833279678653e-02
-3.130391471612154614e-02
-2.964847737164943292e-02
-2.756446872766381631e-02
-2.637788596291284343e-02
-2.482712708023798384e-02
-2.400522213346925268e-02
-2.181423744653171459e-02
-2.036579186353758286e-02
-1.882706917034456667e-02
-1.709573989161839933e-02
-1.587770435891757564e-02
-1.481481174766816240e-02
-1.318076631318075911e-02
-1.187766393636294042e-02
-1.081214742204174815e-02
-1.009117451024986109e-02
-8.981044366917215888e-03
-7.202460885729316219e-03
-5.566622281702678782e-03
-3.886703761908560581e-03
-2.595810973672623475e-03
-5.824132983093410374e-04
1.257018195074054070e-03
3.240592912449206074e-03
5.004007313544888390e-03
7.181627665581916294e-03
9.283903829003428004e-03
1.125879478940294311e-02
1.358061629086041756e-02
1.578428138810798395e-02
1.754943665030986658e-02
1.894508295960621591e-02
1.994352266679084648e-02
2.139458850540449514e-02
2.228539580604506701e-02
2.343535909278050833e-02
2.522433422293228131e-02
2.726437488655923669e-02
2.939588867623583665e-02
3.097370899448410528e-02
3.277562806251316241e-02
3.496168447197277318e-02
3.669888299759732631e-02
3.850998787416698432e-02
4.075019486437015531e-02
4.281425519159014204e-02
4.510102482232637711e-02
4.727468778394759708e-02
4.901713966435833347e-02
5.105872131510813539e-02
5.327904891784122215e-02
5.567280869165260743e-02
5.768481452009899951e-02
5.977072080180838298e-02
6.156712427888048206e-02
6.314444436594442156e-02
6.529952485470910672e-02
6.686243643663884739e-02
6.874037617917584664e-02
7.049106048853985562e-02
7.221157221355066491e-02
7.354242350797424166e-02
7.517061957584730836e-02
7.630105661495642511e-02
7.800972076936894817e-02
7.980522380774611457e-02
8.141194469565811442e-02
8.294352468521275223e-02
8.468886467815839314e-02
8.646023471181625564e-02
8.792315549345004755e-02
8.934240302081038199e-02
9.072948725515224411e-02
9.190623790257133885e-02
9.342078486872754106e-02
9.471053513249355627e-02
9.566269222052471710e-02
9.671728094487772043e-02
9.765822541453010597e-02
9.841541194910463641e-02
9.928536130283015237e-02
9.989697174813683134e-02
1.005353165405702548e-01
1.012527064201120541e-01
1.018076534580608788e-01
1.026037452161399077e-01
1.031834975375373470e-01
1.038297780821230004e-01
1.044133532661718211e-01
1.049644552067064696e-01
1.054974224789251847e-01
1.061315863271809212e-01
1.067181536196966096e-01
1.073442863215384735e-01
1.081400572777984487e-01
1.088169834268961911e-01
1.097218869964458471e-01
1.105783172817336041e-01
1.113970213532544384e-01
1.122633443224787392e-01
1.134598713288038074e-01
1.144980506629812850e-01
1.156114339445113576e-01
1.165816744968729141e-01
1.176895381116062206e-01
1.188934169585381395e-01
1.199134813584060155e-01
1.209060090462792808e-01
1.218115836686259473e-01
1.226302027201234962e-01
1.235541950057379573e-01
1.245338641639994887e-01
1.256746573651733589e-01
1.267771487035071476e-01
1.277561589079317383e-01
1.291597962189596771e-01
1.303778442158908812e-01
1.317199119606998203e-01
1.331880321619169916e-01
1.347194160045166733e-01
1.363546103744356086e-01
1.380391696210123420e-01
1.396318802290379413e-01
1.412264650272473665e-01
1.429418593517540748e-01
1.446384281255704563e-01
1.463550882385871166e-01
1.480675489740715944e-01
1.497803448366265555e-01
1.514879370848542517e-01
1.532016010956218643e-01
1.549015644958030846e-01
1.566101368160704999e-01
1.583089028066564374e-01
1.600132435150649901e-01
1.616942492235435846e-01
1.633687748001782236e-01
1.650351662911424544e-01
1.666833526669152521e-01
1.683119519150842458e-01
1.699144005531688373e-01
1.715549909198081369e-01
1.731564686651665408e-01
1.747481185885585986e-01
1.763015615018897475e-01
1.778469431834076020e-01
1.793879755058880865e-01
1.809170338864158067e-01
1.824487829123659088e-01
1.839969817326417567e-01
1.855476554457889948e-01
1.870999498578561626e-01
1.886676965457782518e-01
1.902446319087240656e-01
1.918313000984405992e-01
1.933855896257704876e-01
1.949507533672637793e-01
1.965163755587045480e-01
