1.999975649500909392e-01
1.999975490611101969e-01
1.982771133793466423e-01
1.963833895423473808e-01
1.944895549401425561e-01
1.925955930411963057e-01
1.907014942733200324e-01
1.888072601047672827e-01
1.869128990013627645e-01
1.850184207269368608e-01
1.831238402610385063e-01
1.812291741425236802e-01
1.793344373576464812e-01
1.774396435492218704e-01
1.755448046916877058e-01
1.736499309781663891e-01
1.717550308519421032e-01
1.698601111285170107e-01
1.679651771781144054e-01
1.660702331179075286e-01
1.641752792926149951e-01
1.622803197801118702e-01
1.603853554766106471e-01
1.584903865241270027e-01
1.565954128193952355e-01
1.547178611801263148e-01
1.528383987958364942e-01
1.509462073017946160e-01
1.490539783111606009e-01
1.471617121636338843e-01
1.452694109072419082e-01
1.433770785554552563e-01
1.414847180815278493e-01
1.395923348475068271e-01
1.376999360661541882e-01
1.359165941684288281e-01
1.340339162700582010e-01
1.322083688185519967e-01
1.303306979747082539e-01
1.284528738008104964e-01
1.265749014491387159e-01
1.247044609960821226e-01
1.228408990030721709e-01
1.209645459798555645e-01
1.191599017017558743e-01
1.174063541127674387e-01
1.157158819304919123e-01
1.140373897847690721e-01
1.122087323673134351e-01
1.103795987283627961e-01
1.086398717313637741e-01
1.068825687588342566e-01
1.050738584522032115e-01
1.033723663341111904e-01
1.016202921416378135e-01
9.989284510237134151e-02
9.819270811665230247e-02
9.654128871140664481e-02
9.485447420105519445e-02
9.316737033013189340e-02
9.149895605609048577e-02
8.979779165669922458e-02
8.805424076989647186e-02
8.633128601798063795e-02
8.458867153787330562e-02
8.285732668295672787e-02
8.111493532280009133e-02
7.937213073014726117e-02
7.762899001873284355e-02
7.588558631073963334e-02
7.414197805605246550e-02
7.239820739297769814e-02
7.065431421975808257e-02
6.891033256457179679e-02
6.716628830705233255e-02
6.542220138196534751e-02
6.367808669550016620e-02
6.193395502709719835e-02
6.018981319195323976e-02
5.844566583317708369e-02
5.670151665739036478e-02
5.500764850366209047e-02
5.330543857980592909e-02
5.173772488320706187e-02
5.047422280176701997e-02
4.924200864375279790e-02
4.803300251807032795e-02
4.653363280075071412e-02
4.549800303866431694e-02
4.414887153761651306e-02
4.307227344112742745e-02
4.163576716798104288e-02
4.023471897390715202e-02
3.911139717035665847e-02
3.815284084390987290e-02
3.701462051566350997e-02
3.617382758620844158e-02
3.542415515803693654e-02
3.459329705643601760e-02
3.368746495125653218e-02
3.258977527730744922e-02
3.146330970223108758e-02
3.042587963484572749e-02
2.970094051869279217e-02
2.872584144351615285e-02
2.772251263754333880e-02
2.696392396449189335e-02
2.648222639303307591e-02
2.597242405611193197e-02
2.538317490944494090e-02
2.446515712695792460e-02
2.352213124289253068e-02
2.252551756304027597e-02
2.183487294288985817e-02
2.100597719312733563e-02
2.042028114835790081e-02
1.976077756738579480e-02
1.926139271862548422e-02
1.855926541400297961e-02
1.816233991949417828e-02
1.780251381786518081e-02
1.740786750862790416e-02
1.707659192148945279e-02
1.661365817701429201e-02
1.627666389636860805e-02
1.582851400276434964e-02
1.535524780983697248e-02
1.487348837488994963e-02
1.438383191122928964e-02
1.393422028253844293e-02
1.345887303130743028e-02
1.308379556149913588e-02
1.271556871333199765e-02
1.238757562174407773e-02
1.212432920390111787e-02
1.182794859365683508e-02
1.154645128739547992e-02
1.127129429039921450e-02
1.092859079526425914e-02
1.071756264986237911e-02
1.047441224217153348e-02
1.018100672437559188e-02
9.892726260936955326e-03
9.693880663663705793e-03
9.266426066698908032e-03
8.819719580637505260e-03
8.563428366663036403e-03
8.227765997893954700e-03
7.990622946758407091e-03
7.753161951058023735e-03
7.522240392843744863e-03
7.294912657113874349e-03
6.998980420029675235e-03
6.788233520633919944e-03
6.558876455099274180e-03
6.380879243115270862e-03
6.208933377633606490e-03
6.048693753328933040e-03
5.850318079400897500e-03
5.694556327098877421e-03
5.516022615866542425e-03
5.301939809326516699e-03
5.136148294178561821e-03
4.999553212799344448e-03
4.732186772773702005e-03
4.591989867984345303e-03
4.430269520183618970e-03
4.222566551070952405e-03
4.052150937544910653e-03
3.891469787497334534e-03
3.740100342578158658e-03
3.621847238312686512e-03
3.492753883683865582e-03
3.408847594169747263e-03
3.321697753103925767e-03
3.239820025683732077e-03
3.135797022768419158e-03
3.083849538933856795e-03
2.998174606566917071e-03
2.920933047957714312e-03
2.844817171969693612e-03
2.777873613924281785e-03
2.724645417207622114e-03
2.627435703882499609e-03
2.558313902996164815e-03
2.502556583358945749e-03
2.437140451449736501e-03
2.375750277395221200e-03
2.329853329773184240e-03
2.267551958978074496e-03
2.210007641350032921e-03
2.159385703586424576e-03
2.100858951363697175e-03
2.066380154049448151e-03
2.020413455461722140e-03
1.991746940766972972e-03
1.970465170421147483e-03
1.954521848465031169e-03
1.934953753143538744e-03
1.919528731530454040e-03
1.902935524507436528e-03
1.886762447513582776e-03
1.873414853791482287e-03
1.866005009473339872e-03
1.864305104756165893e-03
1.867473736956281292e-03
1.878743473864467189e-03
1.890530420135437583e-03
1.902891555211428352e-03
1.927614112218038050e-03
1.951364472215260520e-03
1.983314052985217686e-03
2.015480795909644664e-03
2.041582495474569912e-03
2.059101368561399529e-03
2.092209679611852727e-03
2.103664693683423518e-03
2.122005097526709089e-03
2.139320890080290399e-03
2.156879878919826677e-03
2.172594678131149672e-03
2.187963049382546897e-03
2.210125860583767293e-03
2.236836411632747278e-03
2.267555740168402355e-03
2.302306372278668453e-03
2.360930127769133181e-03
2.412056665648309572e-03
2.489945724298215073e-03
2.561425647094503402e-03
2.656385644069045315e-03
2.764074109122659304e-03
2.864428388369878384e-03
2.979559407430834844e-03
3.105623925547027972e-03
3.253804700966876455e-03
3.379484356867289065e-03
3.531680626562452678e-03
3.659315035082161792e-03
3.800844319489465103e-03
3.945306694759150370e-03
4.091386476706190822e-03
4.256188650089576947e-03
4.437100196959870534e-03
4.657368141036117085e-03
4.881043359369315396e-03
5.093918370679216719e-03
5.340269183500975618e-03
5.591476772667608452e-03
5.857294855032214170e-03
6.163412707800548264e-03
6.482130597133543143e-03
6.801805684023456977e-03
7.136849143446259876e-03
7.474798705522214815e-03
7.886842861531979249e-03
8.347564846643545228e-03
8.880309589195152162e-03
9.476195131884926348e-03
1.008742722249301831e-02
1.075601984129450663e-02
1.142282621268004596e-02
1.208042494804813585e-02
1.277347112127621975e-02
1.341564474370228986e-02
1.412784453585048949e-02
1.488205769282203647e-02
1.567025012109495713e-02
1.643881663943040985e-02
1.723762483513258809e-02
1.804709903008262437e-02
1.887468846957091745e-02
1.974760213388784477e-02
2.067838963314722750e-02
2.160227543705318595e-02
2.252121656829277063e-02
2.349216834383056896e-02
2.444762962361478331e-02
2.545835905229979976e-02
2.642715974409872923e-02
2.742280336373892347e-02
2.848192867821877985e-02
2.952860049296869918e-02
3.063392045743308298e-02
3.174999066319964675e-02
3.283746397940779521e-02
3.397266463932423902e-02
3.518024387161209493e-02
3.645219844455156732e-02
3.773460168398082987e-02
3.903801651034448372e-02
4.037562529279436346e-02
4.170793708840057207e-02
4.305879238364162392e-02
4.445192876946130883e-02
4.581049530161711292e-02
4.724396216518744057e-02
4.863961278015176137e-02
5.007876551520206582e-02
5.147367289533499868e-02
5.286172287262493746e-02
5.423661419612429285e-02
5.571019433160744050e-02
5.713097412477757819e-02
5.856989404269936916e-02
6.001661050149442733e-02
6.147618213933061376e-02
6.296169458870985725e-02
6.441784839124416184e-02
6.592561711381195177e-02
6.743575780924281060e-02
6.892648475042625900e-02
7.042807463371870969e-02
7.203481119285903844e-02
7.365552036985378859e-02
7.525771289360738692e-02
7.689227004043112934e-02
7.851865761714119096e-02
8.016636192499652924e-02
8.182849455162875818e-02
8.345380599139248790e-02
8.509510010494709953e-02
8.673795732796574232e-02
8.842460272123914278e-02
9.008748703912279610e-02
9.175497285751428589e-02
