4.000008876942681146e-01
4.000009030780147246e-01
4.004938078514742594e-01
4.011911911050574098e-01
4.019109390697231388e-01
4.026369752390484003e-01
4.033771763257039122e-01
4.041328228984729098e-01
4.048936343712489228e-01
4.056537697028023692e-01
4.064133208781817719e-01
4.071723810653616882e-01
4.079310382071563157e-01
4.086893726498584956e-01
4.094474543859580873e-01
4.102053423625585116e-01
4.109630857178568353e-01
4.117207243248596771e-01
4.124782897662711001e-01
4.132358060820519041e-01
4.139932904124159485e-01
4.147507545485836222e-01
4.155082064125926178e-01
4.162656509727314380e-01
4.170230910273678426e-01
4.177805278583135995e-01
4.185379617614094494e-01
4.192953924659265641e-01
4.200528194562966333e-01
4.208102422102295015e-01
4.215676602448746313e-01
4.223250737313636871e-01
4.230824827638798857e-01
4.238398879588728407e-01
4.245972903012072419e-01
4.253546911249135865e-01
4.261120920753806440e-01
4.268694942401757841e-01
4.276268979114798974e-01
4.283843034064392929e-01
4.291417110572450233e-01
4.298991211989407479e-01
4.306565341565059546e-01
4.314139502311952201e-01
4.321713698716062590e-01
4.329287943201123867e-01
4.336862253249801347e-01
4.344436644579606766e-01
4.351874083516516500e-01
4.359436076523876546e-01
4.365731663404207596e-01
4.370982075074526518e-01
4.379137953096089997e-01
4.380524717983578786e-01
4.381612848188361498e-01
4.382724894578949315e-01
4.383842824464987964e-01
4.385141615391025538e-01
4.386658958317491419e-01
4.388281508441615464e-01
4.389849514588285984e-01
4.391656434843816958e-01
4.393282642188693354e-01
4.394866887643525954e-01
4.396771992968889209e-01
4.398807959555642855e-01
4.400921399572527704e-01
4.403076130621706441e-01
4.405402032459531658e-01
4.407701618441526858e-01
4.410219459097632355e-01
4.412582379356928541e-01
4.414646234553160076e-01
4.417112684484700291e-01
4.419478208170204425e-01
4.421580315547301576e-01
4.423654455739577940e-01
4.425982260039454386e-01
4.428177303270736109e-01
4.430044261744097156e-01
4.431392098232729837e-01
4.432583943849826569e-01
4.433932045295477242e-01
4.435675599858971974e-01
4.437553162569664589e-01
4.440032218617223081e-01
4.442637216437356762e-01
4.444846879554686936e-01
4.446886218323596873e-01
4.448932015041167087e-01
4.450886931643942557e-01
4.453403067411040306e-01
4.456200204456173264e-01
4.458816507692443531e-01
4.461365897675302339e-01
4.464109496667137411e-01
4.466800874312267799e-01
4.469422143717283746e-01
4.471297954655280571e-01
4.473072672479994627e-01
4.475249758901864161e-01
4.476815641658323797e-01
4.478104358028711651e-01
4.479378986232158688e-01
4.480658048733265897e-01
4.482382307777765251e-01
4.504167694290853730e-01
4.525991674194810854e-01
4.547779056719156165e-01
4.568242438246820636e-01
4.589905535280407456e-01
4.611561687031361378e-01
4.633213515033360874e-01
4.654314530291438490e-01
4.675935664861355368e-01
4.696737492115932722e-01
4.717214124433650735e-01
4.738728127510166699e-01
4.759167936731532600e-01
4.780479600638428694e-01
4.800804396725871781e-01
4.820303605156075477e-01
4.839671084815070912e-01
4.859313718593723519e-01
4.878821770808675073e-01
4.896332033063841571e-01
4.913829571726598955e-01
4.932505658255239567e-01
4.950883658907334062e-01
4.970230351935496227e-01
4.988043759910604780e-01
5.006436561600668966e-01
5.025494499899012535e-01
5.043438377666590311e-01
5.061010428175909404e-01
5.078385314555468044e-01
5.094774295307105128e-01
5.111556498922478209e-01
5.123706268885026560e-01
5.138550660085631216e-01
5.151806778979319823e-01
5.163993243377962283e-01
5.177202784675709601e-01
5.188062215026227886e-01
5.199891249375049318e-01
5.208353302787882555e-01
5.218888007597817236e-01
5.226815858880330401e-01
5.232851038115122755e-01
5.237181973764952758e-01
5.240675819641331667e-01
5.244767092654252227e-01
5.246816866864678630e-01
5.247870280747181093e-01
5.248661968128257582e-01
5.249922183313108226e-01
5.250247584286811264e-01
5.250687302571362958e-01
5.251078660300535494e-01
5.251272351001071703e-01
5.251340898223886278e-01
5.251272018691548471e-01
5.251002746576116653e-01
5.250665866177419705e-01
5.250340536921725976e-01
5.250079102584721547e-01
5.249893226589186224e-01
5.249850999880584235e-01
5.250128145336424579e-01
5.250691321601679284e-01
5.251454763410392523e-01
5.252539538000920993e-01
5.253973224627618288e-01
5.255670228871631711e-01
5.257702923860836375e-01
5.259896499421526928e-01
5.262506966318875046e-01
5.265589863549832161e-01
5.268696990709997863e-01
5.271676341310387315e-01
5.274746024331539163e-01
5.277445512841133501e-01
5.279927013632909061e-01
5.281811301191995378e-01
5.283358006818670294e-01
5.283343435760866624e-01
5.281408718706043226e-01
5.278469473426478098e-01
5.273983780207334160e-01
5.264859865486614110e-01
5.253766303295415163e-01
5.240345983030465504e-01
5.225695501118999831e-01
5.210246779664960970e-01
5.194356708435127201e-01
5.178313358283778145e-01
5.161864490587925181e-01
5.145227036616961680e-01
5.128588914773097862e-01
5.111652888870891198e-01
5.094553674654211939e-01
5.078207789651750792e-01
5.062547466960348741e-01
5.046867537849563101e-01
5.031480850213121414e-01
5.016568704335052642e-01
5.002679377845269393e-01
4.989241932286263004e-01
4.976908685623416262e-01
4.964373817884367712e-01
4.952748506697316477e-01
4.941113353226366800e-01
4.929097907032825576e-01
4.916613487401408911e-01
4.904146972284429973e-01
4.891718023373110014e-01
4.879950137372683905e-01
4.867793609438868518e-01
4.856048893636875641e-01
4.844471207143682956e-01
4.833432090771158096e-01
4.822917276450971458e-01
4.812636632455079555e-01
4.802153035441666939e-01
4.791711836992518236e-01
4.781290545242065648e-01
4.771907212950856070e-01
4.762768811823374637e-01
4.753698076873175693e-01
4.744898592511830326e-01
4.736597513401188952e-01
4.728368315193118288e-01
4.720789202053042866e-01
4.713547020116419239e-01
4.706628262433631971e-01
4.699317374575838757e-01
4.692359594060192540e-01
4.685237032715652838e-01
4.678048816799540432e-01
4.670886770173314773e-01
4.664440503742061095e-01
4.658529814871351094e-01
4.652128743763191965e-01
4.646107143468181655e-01
4.639996572792672858e-01
4.634142893981803568e-01
4.628380107280991584e-01
4.623230622996983286e-01
4.618090106957133956e-01
4.613256611126906881e-01
4.609139323351797435e-01
4.606090991467598483e-01
4.603644688994639189e-01
4.601437488463444025e-01
4.599419105026327781e-01
4.597760171089683712e-01
4.596099627900485651e-01
4.594567461923983465e-01
4.592667780947238265e-01
4.590533290384192222e-01
4.588243183395772085e-01
4.586027356151824996e-01
4.583697855475623029e-01
4.581455569525126892e-01
4.579453775220126421e-01
4.577586580378164016e-01
4.575729589052808799e-01
4.573795052034292374e-01
4.571947501392862323e-01
4.570369793169432593e-01
4.568988907002100031e-01
4.567784909673969773e-01
4.566790056776537376e-01
4.566098738560150916e-01
4.565560968912344419e-01
4.565218029011731682e-01
4.565046904440564490e-01
4.565069111718936812e-01
4.565279695218807943e-01
4.565635606553072323e-01
4.566131555323842961e-01
4.566730573731655474e-01
4.567500452839369784e-01
4.568348700224746373e-01
4.569422238209365772e-01
4.570502459229107139e-01
4.571704589722974110e-01
4.572464519488231294e-01
4.572997634754367713e-01
4.573761557203011030e-01
4.574782629549162261e-01
4.574651548036735016e-01
4.573474774799478060e-01
4.572893477509795135e-01
4.571034881474724254e-01
4.569039667570193863e-01
4.566826442833301081e-01
4.564576664324935806e-01
4.562183392035716323e-01
4.559509440607627528e-01
4.556462020063197782e-01
4.553404905695860316e-01
4.550233220128716005e-01
4.547084353995740624e-01
4.543699481704602805e-01
4.540103362395805364e-01
4.535751947984146826e-01
4.530850147017596030e-01
4.525560942260826724e-01
4.520155048238315709e-01
4.514544659225386281e-01
4.508863207753747715e-01
4.503045911735361062e-01
4.497316410475422077e-01
4.491761663399035931e-01
4.486319931367924729e-01
4.479961324669757827e-01
4.473659856831261328e-01
4.467451803988291004e-01
4.460781584389741927e-01
4.454746799596328577e-01
4.449169443600338725e-01
4.443619010212859766e-01
4.437544364534032892e-01
4.431201667941981337e-01
4.424977912658863977e-01
4.418428378102120524e-01
4.411307450432466748e-01
4.404751506709543296e-01
4.398224340782806996e-01
4.391873817253014178e-01
4.386424580190131373e-01
4.380902336070504055e-01
4.375038011720903675e-01
4.368920021951371857e-01
4.362988167136911954e-01
4.357385124356564221e-01
4.352134422408247549e-01
4.347315210723526335e-01
4.343229358104028770e-01
4.339341487366539241e-01
4.335692216332388549e-01
4.332635538085868321e-01
4.349036203025801739e-01
4.365253146782606120e-01
4.380952902985887354e-01
4.395904205540879794e-01
4.410262842759861135e-01
4.424143382278798442e-01
4.437688875003101829e-01
4.450511940607165262e-01
4.464001340522925076e-01
4.477221537767837600e-01
4.489604707288731289e-01
4.501685275839132361e-01
4.512595502463018771e-01
4.522411900703872667e-01
4.532829970214322102e-01
4.541983850877179818e-01
4.550350519090546886e-01
4.558462268437006859e-01
4.564971643122500145e-01
4.570793568228193604e-01
4.576446815150535530e-01
4.581454431691796003e-01
4.585430608343645797e-01
4.588809758949161099e-01
4.591554028330478987e-01
4.593715574857575312e-01
4.595063236715438704e-01
4.595913092268360534e-01
4.596355201524289225e-01
4.596228718768381460e-01
4.595626998392717821e-01
4.594639304294590998e-01
4.593337236828886616e-01
4.591894664312962671e-01
4.589784754634891328e-01
4.587873832943167862e-01
4.586308145677882031e-01
4.585043955425873730e-01
4.583661347816147535e-01
4.582185705557659805e-01
4.581274348501190308e-01
4.580181301124755522e-01
4.579635336886103691e-01
4.579155151115490430e-01
4.579102963207709598e-01
4.579555646794604140e-01
4.580350629178899791e-01
4.581479635179960264e-01
4.582590953169729531e-01
4.584036111240625821e-01
4.585035987167284111e-01
4.585060938354307281e-01
4.584219165069154389e-01
4.581864222898917594e-01
4.577273558483569982e-01
4.569050467447574593e-01
4.560099373565942860e-01
4.548946412271615558e-01
4.536324558232014970e-01
4.522653830387156071e-01
4.508514997455453366e-01
4.493738251809533124e-01
4.478615645653397093e-01
4.462911754114142759e-01
4.447146141988667090e-01
4.430734362199206799e-01
4.414217186607874432e-01
4.397364621961630249e-01
4.380049157748006627e-01
4.362791080480142303e-01
4.345387758008441015e-01
4.328043621776558880e-01
4.310401008724662475e-01
4.292529823658096655e-01
4.274762658838559548e-01
4.257558632255556974e-01
4.240581091575513217e-01
4.223935275010858303e-01
4.207364516975986013e-01
4.190534007100349401e-01
4.174108581263031859e-01
4.158106543167987001e-01
4.142569471983531537e-01
4.127446863199963345e-01
4.112910375171313082e-01
4.098928926200703926e-01
4.085563273194945388e-01
4.072722005737426931e-01
4.060102468006392407e-01
4.047951081319647315e-01
4.035960580554281418e-01
4.023899569171525692e-01
4.012090262662241225e-01
4.000462009141758091e-01
3.988850529326742334e-01
3.977326663714711441e-01
3.966169974592249070e-01
3.955166341380085271e-01
3.944279870343028183e-01
3.933759395445241003e-01
