-4.000031524242449454e-01
-4.000031684384100505e-01
-4.025037439040128895e-01
-4.050045726852748440e-01
-4.075054010290504736e-01
-4.100062287696537022e-01
-4.124843685159625961e-01
-4.149502598065351600e-01
-4.174059257994071070e-01
-4.198267145752636043e-01
-4.222416354499198832e-01
-4.246653211938881123e-01
-4.271061080676467614e-01
-4.295404579750373708e-01
-4.319603505123000287e-01
-4.343585473994043822e-01
-4.367651655695718449e-01
-4.392073266145169463e-01
-4.416304124350999283e-01
-4.440873797029517567e-01
-4.465304931765479712e-01
-4.489367335589626307e-01
-4.513435931813689628e-01
-4.537494664746051787e-01
-4.561423126314935739e-01
-4.585178367489489704e-01
-4.609247950798271432e-01
-4.633519207027511078e-01
-4.657810131601312076e-01
-4.681795782632622305e-01
-4.705796246783713888e-01
-4.729315338599512919e-01
-4.752944350616613578e-01
-4.776652329659863971e-01
4.000032275261156123e-01
4.000032434864947972e-01
4.024223399316729233e-01
4.048795488894800787e-01
4.073067484375264558e-01
4.097329635375708268e-01
4.121603387216171699e-01
4.145845665475659803e-01
4.170169384192238260e-01
4.194710121859638874e-01
4.218822800649636440e-01
4.243462439102901884e-01
4.268100011317066400e-01
4.292375120860690840e-01
4.316459774934998661e-01
4.340520426700515966e-01
4.364574085720351881e-01
4.388754886019515244e-01
4.412716344938358848e-01
4.436916620620577345e-01
4.460718914237112864e-01
4.484414172771969964e-01
4.508298047607063319e-01
4.531912166033227329e-01
4.555834710554649836e-01
4.579627885347991034e-01
4.603333820163679202e-01
4.627005373612797512e-01
4.650878268203834098e-01
4.674623630035987243e-01
4.698303623664487616e-01
-1.079770944740932617e-06
-1.095220823143999363e-06
-7.129961941177326594e-04
-1.405214373826989011e-03
-2.060114405745984163e-03
-2.683830561252449794e-03
-3.279983871426625508e-03
-3.851398234776213462e-03
-4.406163871670924076e-03
-4.927111007310338610e-03
-5.426490564625029850e-03
-5.901192700424934615e-03
-6.347760097948679583e-03
-6.767937051023404163e-03
-7.165349998988155764e-03
-7.536668062238082583e-03
-7.878220045005162805e-03
-8.192362216716993217e-03
-8.481219203273116999e-03
-8.743302484723023543e-03
-8.976416056061888721e-03
-9.184748030107983338e-03
-9.367497852372539541e-03
-9.518330635382547117e-03
-9.643914151427410500e-03
-9.744733791723974789e-03
-9.817445037846525557e-03
-9.865692973071398322e-03
-9.892558091777458110e-03
-9.899342611955578436e-03
-9.885855652606592714e-03
-9.852432569646138796e-03
-9.799615687527093652e-03
-9.726499975724441777e-03
-9.632360327283606000e-03
-9.516807376760492987e-03
-9.381815622153436354e-03
-9.229997272771555544e-03
-9.059091191633790452e-03
-8.870842766455142719e-03
-8.658581578043026902e-03
-8.427340935977623709e-03
-8.184243759952174874e-03
-7.920631401586943413e-03
-7.635211211131323616e-03
-7.328623888297068102e-03
-7.008659110976265920e-03
-6.671532458403630142e-03
-6.311179798904813926e-03
-5.935070334969943032e-03
-5.543960620249626520e-03
-5.143478136260392665e-03
-4.741685799036936266e-03
-4.331559118428956329e-03
-3.923191051624163629e-03
-3.508195410424972197e-03
-3.078334557440284749e-03
-2.649948143584691506e-03
-2.222281502585239481e-03
-1.802274646932483688e-03
-1.370059908802374361e-03
-9.241975679143759823e-04
-4.869671553589609270e-04
-3.636988723029527162e-05
4.339155949754988769e-04
9.302113127529479039e-04
1.441281938507640078e-03
1.956662044475187059e-03
2.471745729202682630e-03
3.002554638858004853e-03
3.557027800025270355e-03
4.107945531287605923e-03
4.669509388518555508e-03
5.254873255894501084e-03
5.869616429116888100e-03
6.478710832292397699e-03
7.100172070084963087e-03
7.735138025756736063e-03
8.380462901102761833e-03
9.037769520995140443e-03
9.709604504230638297e-03
1.038297717934570652e-02
1.106577925339433284e-02
1.176036532883271979e-02
1.244979551447722085e-02
1.313442341770168324e-02
1.382622247399512352e-02
1.451909935970027189e-02
1.520237671817141305e-02
1.587262802060025735e-02
1.654816403798820695e-02
1.722578727879760588e-02
1.792475990315202730e-02
1.863059703630027403e-02
1.933558659327494142e-02
2.004884712132587801e-02
2.077055546262653041e-02
2.150620136964025500e-02
2.225478250157799862e-02
2.300992469141307020e-02
2.377687668798007456e-02
2.454658813819122348e-02
2.532801758641740203e-02
2.612314282761296971e-02
2.693394393009215793e-02
2.773127756104312377e-02
2.852697553304820929e-02
2.930207370526167338e-02
3.007955022501412543e-02
3.084574463187352705e-02
3.158861630186818314e-02
3.233734160519879247e-02
3.306593383883527082e-02
3.377207459976359211e-02
3.448349257993301581e-02
3.519473202946379192e-02
3.589705454365584719e-02
3.659277200280063730e-02
3.730917781724154419e-02
3.800686111325573407e-02
3.867985518338896977e-02
3.935072111019671109e-02
3.999853899511609384e-02
4.065191611395814475e-02
4.129638849008226975e-02
4.193056245905934371e-02
4.255765469176792798e-02
4.317902159803254508e-02
4.378628743791972838e-02
4.438471626888990107e-02
4.497636741786294190e-02
4.556170605482366687e-02
4.614109980113477449e-02
4.671400143783296238e-02
4.727830904162266118e-02
4.782778907476028379e-02
4.836788797435537940e-02
4.889726001403205818e-02
4.941216072194232894e-02
4.991630342181758995e-02
5.040477382525908323e-02
5.087900380321654786e-02
5.134624575727519957e-02
5.181670526016470685e-02
5.229150315463315657e-02
5.275285659040977737e-02
5.319928798626308297e-02
5.363163048962610313e-02
5.405282092227710333e-02
5.446210506428629528e-02
5.486565632172182155e-02
5.526170352088661392e-02
5.565607274585267911e-02
5.603753228323411079e-02
5.641794269506510834e-02
5.680859452925467873e-02
5.719040356797732566e-02
5.756998451162382430e-02
5.794682623286365880e-02
5.832001515279117143e-02
5.869187928603335908e-02
5.906784988046813456e-02
5.944113553827309882e-02
5.980764489735158895e-02
6.017582388799180143e-02
6.053989390768119150e-02
6.089623912886454188e-02
6.124544296605725219e-02
6.159666151415123941e-02
6.195371476452037757e-02
6.229354504003624393e-02
6.264172769147316466e-02
6.299413498138103917e-02
6.334333994910971988e-02
6.368133242132421878e-02
6.400535231446705109e-02
6.433127011307669674e-02
6.465252582600947151e-02
6.496962228086168578e-02
6.527713563362760874e-02
6.557284585198652760e-02
6.586273666875261390e-02
6.614326273967326142e-02
6.642056218450829996e-02
6.669057275277059937e-02
6.694760656256851239e-02
6.719693846787253011e-02
6.744034541126725513e-02
6.768466608854553646e-02
6.791554464267146596e-02
6.813663748431189604e-02
6.834308396793371820e-02
6.854508855368511566e-02
6.873391831764824600e-02
6.890926388669585401e-02
6.907801999762427925e-02
6.923743974632601272e-02
6.938009816424670073e-02
6.950767590963816134e-02
6.962373954538242371e-02
6.972759051451588030e-02
6.982611583624213913e-02
6.991742196216617355e-02
7.000530845198998930e-02
7.008938575586963482e-02
7.016995445665412390e-02
7.025006692285908072e-02
7.032638910090380224e-02
7.040002303735327926e-02
7.047045209114473352e-02
7.053733439737862321e-02
7.060159444415868568e-02
7.066660368907921874e-02
7.073207833973267633e-02
7.079693988477510358e-02
7.086243815554596481e-02
7.093198275070784764e-02
7.100361396751864174e-02
7.116281883218250615e-02
3.999978499059873571e-01
3.999978340686287104e-01
3.987896115567547972e-01
3.975421838910142003e-01
3.963050101761613764e-01
3.950891063250422941e-01
3.938460673217265562e-01
3.926005330542624572e-01
3.913443900312574830e-01
3.900737553597011797e-01
3.888407064309143957e-01
3.875893115152160839e-01
3.863249810315354527e-01
3.850510984251623858e-01
3.837849384096683747e-01
3.825536454130535335e-01
3.813657708036963245e-01
3.801885681654202931e-01
3.790502964824364884e-01
3.779268083350879048e-01
3.768049212176455831e-01
3.756705610195352762e-01
3.745226929388996151e-01
3.733911717632453775e-01
3.722574461930538980e-01
3.711489062576704967e-01
3.700266944577736417e-01
3.689004322780980449e-01
3.677452476595277631e-01
3.666340069730755213e-01
3.655655748722334009e-01
3.645180777926395610e-01
3.634661278887495461e-01
3.623924180191634425e-01
3.613363009798031267e-01
3.603332135663983582e-01
3.593762795849402836e-01
3.584672238290444457e-01
3.575670312647921678e-01
3.567025446357935392e-01
3.558647100106703820e-01
3.550348101075154195e-01
3.541839992477384680e-01
3.533563332302718796e-01
3.525364747093607809e-01
3.517268296934862315e-01
3.509239499344820601e-01
3.501700770789934469e-01
3.494247033040241424e-01
3.486768413448164683e-01
3.479263648479199444e-01
3.472128937711950747e-01
3.465175906652931959e-01
3.458381798440546273e-01
3.451393906291945202e-01
3.444366324353502762e-01
3.437663550995172512e-01
3.431109473654401776e-01
3.424729686595560096e-01
3.418469125540643527e-01
3.412152634834026976e-01
3.405977149074694288e-01
3.399780713897866957e-01
3.393757647893205776e-01
3.387747559040859002e-01
3.381809741204005459e-01
3.376176034707376039e-01
3.370652575487247393e-01
3.365295745950128703e-01
3.360188105053633634e-01
3.355253637142090462e-01
3.350395148003474377e-01
3.345577322790112551e-01
3.340888031573285288e-01
3.336222395921714101e-01
3.331729633466758433e-01
3.327363544168739917e-01
3.323125046806914007e-01
3.318930605316325333e-01
3.314932545524588159e-01
3.311129257227791167e-01
3.307392186190060146e-01
3.303800286628465477e-01
3.300238749021531248e-01
3.296873660897501890e-01
3.293617346516730660e-01
3.290542653957644892e-01
3.287764599547865485e-01
3.285237187710028928e-01
3.282868956423155016e-01
3.280663577567207723e-01
3.278643123491144507e-01
3.276865923346560239e-01
3.275307694992301011e-01
3.273928372355036087e-01
3.272754276512276905e-01
-3.999994673314458127e-01
-3.999994521263445235e-01
-3.996855624817585717e-01
-3.993406003273229365e-01
-3.989657222890536370e-01
-3.985760611314315693e-01
-3.981591712573235298e-01
-3.977229081530052057e-01
-3.972664116639234022e-01
-3.967845875211333251e-01
-3.962735642932491142e-01
-3.957559165490690534e-01
-3.952344819892972816e-01
-3.947086973086785799e-01
-3.941621579054087054e-01
-3.935893307419643938e-01
-3.930000637337211500e-01
-3.923925364206857780e-01
-3.917508975910818925e-01
-3.910866751453483392e-01
-3.903858973678568378e-01
-3.896650669551637858e-01
-3.889211410378908274e-01
-3.881593652027898189e-01
-3.873853881514012776e-01
-3.866327321797303762e-01
-3.858723409857265918e-01
-3.851080741038341304e-01
-3.843164732547192375e-01
-3.834935966903057492e-01
-3.826381339787041647e-01
-3.817708160971552966e-01
-3.808959411969106701e-01
-3.799953307201613395e-01
-3.791025746910737237e-01
-3.781891988572293473e-01
-3.772578697310976503e-01
-3.763142587497882441e-01
-3.753714201226613367e-01
-3.744273915886593418e-01
-3.734578057453058486e-01
-3.724544150206561266e-01
-3.714354440922394973e-01
-3.703962597639809951e-01
-3.693483592151040606e-01
-3.683221142969432260e-01
-3.672605335961317552e-01
-3.661843540414970732e-01
-3.651090277935692963e-01
-3.639957450324091681e-01
-3.628633114981950625e-01
-3.617161360221918809e-01
-3.606030849504849867e-01
-3.595148801008604678e-01
-3.584145912110816568e-01
-3.573164736075213344e-01
-3.562141852847556800e-01
-3.551118463944874515e-01
-3.539642473082034169e-01
-3.527961981310303585e-01
-3.516660192044384625e-01
-3.505434367476246149e-01
-3.494229965858116072e-01
-3.482943393538500687e-01
-3.471695869782065458e-01
-3.460251562911830781e-01
-3.448948266824258813e-01
-3.437225930273615226e-01
-3.425369350003561464e-01
-3.413751544975368035e-01
-3.401719859315481265e-01
-3.389744808052586045e-01
-3.377413190170653334e-01
-3.365009621519036709e-01
-3.352511757856330710e-01
-3.340008781347942324e-01
-3.327480511280042630e-01
-3.314689258087313295e-01
-3.301965115750873925e-01
-3.289652954658906503e-01
-3.277180924496916892e-01
-3.264538285695483544e-01
-3.252103128531393939e-01
-3.239185731141449587e-01
-3.226207591634779326e-01
-3.213429557960054139e-01
-3.200373337212971681e-01
-3.187093738815777733e-01
-3.174029413268431021e-01
-3.160343540228359172e-01
-3.147271642845965722e-01
-3.134438346548499288e-01
-3.121821186217741961e-01
-3.108891074533394749e-01
-3.096361883276033122e-01
-3.083982821975982391e-01
-3.071746261234686859e-01
-3.059168488528391516e-01
-3.046877873000152226e-01
-3.034748554174888646e-01
-3.022630496777921061e-01
-3.009453578664529338e-01
-2.996399914464841774e-01
-2.983367182866046852e-01
-2.970211142926601489e-01
-2.957062215274587902e-01
-2.943572769590238614e-01
-2.929436083944795821e-01
-2.914761656461594685e-01
-2.899567582979948321e-01
-2.884384133545439544e-01
-2.869068827293311807e-01
-2.853455195841587688e-01
-2.838048089205032487e-01
-2.822569041909317455e-01
-2.807371526273809703e-01
-2.792188069557471897e-01
-2.777052672810196299e-01
-2.762071085065901932e-01
-2.747239417208566237e-01
-2.732255514694616472e-01
-2.717428498172448914e-01
-2.702198461091964710e-01
-2.686435901321876929e-01
-2.669836838119400979e-01
-2.653020354663876978e-01
-2.636329169009495876e-01
-2.619955699496095414e-01
-2.603400204302835919e-01
-2.586991660763389711e-01
-2.571055759944529395e-01
-2.554827836911419681e-01
-2.538683120991404030e-01
-2.522793573618842822e-01
-2.506495008888485754e-01
-2.490636311179698914e-01
-2.474768730242817572e-01
-2.459044595847958148e-01
-2.443447199972417494e-01
-2.427725573230184453e-01
-2.411634532555497201e-01
-2.396160810030722454e-01
-2.380619081148812322e-01
-2.364788026366139440e-01
-2.349184682049352269e-01
-2.333624699634470612e-01
-2.318443722563524323e-01
-2.302838657522032484e-01
-2.286931356209263022e-01
-2.271101957966077112e-01
-2.255387368125246206e-01
-2.239589906055695634e-01
-2.224266214475020265e-01
-2.208937212684654317e-01
-2.193357759263407647e-01
-2.177552499032913980e-01
-2.161519013955102431e-01
-2.145308791463688414e-01
-2.128638727256038643e-01
-2.111615126575340506e-01
-2.094498509426756250e-01
-2.077445812997019692e-01
-2.060178049584083515e-01
-2.042354659898031333e-01
-2.024915639742136397e-01
-2.007594157426913772e-01
-1.990104778895459559e-01
-1.972102855090571150e-01
-1.954060835006931895e-01
-1.936132812546917659e-01
-1.918291818310467467e-01
-1.900396078359553320e-01
-1.882478726214487086e-01
-1.864020247360316518e-01
-1.845362437457316318e-01
-1.826671879439112633e-01
-1.807647272098684699e-01
-1.788837103037420051e-01
-1.770136606690733694e-01
-1.752231805095068873e-01
-1.734149963469691358e-01
-1.715908269345103876e-01
-1.697391610237216908e-01
-1.679227520389045825e-01
-1.660537723347077776e-01
-1.641550904120672449e-01
-1.622251350405692349e-01
-1.603564318025602620e-01
-1.584920325302949240e-01
-1.566036955225434402e-01
-1.547323476554596788e-01
-1.529197525023766047e-01
-1.510849228038915748e-01
-1.492795014661406627e-01
-1.474696783091873908e-01
-1.456826338902761919e-01
-1.438925325715962877e-01
-1.421376376248392470e-01
-1.404072540737504315e-01
-1.386919715973641554e-01
-1.369872355172731537e-01
-1.353138225773800052e-01
-1.336484146749915281e-01
-1.320110118580984926e-01
-1.303824892590813300e-01
-1.287924649414559364e-01
-1.272313301620431880e-01
-1.256740314009484605e-01
-1.241303133964604399e-01
-1.226248383223721428e-01
-1.211305397428956848e-01
-1.196540169921398999e-01
-1.181981007787205329e-01
-1.167775596908476321e-01
-1.153951278158841381e-01
-1.140257754952028607e-01
-1.127009889627842432e-01
-1.113990868815687985e-01
-1.101248587868682849e-01
-1.088813912326717787e-01
-1.076552608859735888e-01
-1.064619317314043218e-01
-1.052923488093677196e-01
-1.041646283222779218e-01
-1.030637080125081095e-01
-1.019908294714521463e-01
-1.009530177985552418e-01
-9.992806182696366279e-02
-9.893292951488096010e-02
-9.798081751954862417e-02
-9.706275849526115052e-02
-9.617714908919818007e-02
-9.532920219412499563e-02
-9.451282217694974286e-02
-9.373584733047912732e-02
-9.298219731747849048e-02
-9.225990673877720871e-02
-9.155456773691245109e-02
-9.088763254530930757e-02
-9.024812754472065490e-02
-8.964629929963978394e-02
-8.907369175116156002e-02
-8.853113820423967606e-02
-8.802979576485525648e-02
-8.755699729952502730e-02
-8.711906169244837406e-02
-8.671414510142014254e-02
-8.634137575601075199e-02
-8.599760914560906910e-02
-8.568554935757105584e-02
-8.540590886182217178e-02
-8.515706356564110846e-02
-8.494210048460021367e-02
-8.476167637316318892e-02
-8.461482353660350342e-02
-8.450046016085686895e-02
-8.441769762850784287e-02
-8.436610122455609484e-02
-8.434534820974524949e-02
-8.435487737687269449e-02
-8.439523167893094036e-02
-8.446557725630000901e-02
-8.456954989301515568e-02
-8.470606249622936179e-02
-8.487592854119560548e-02
-8.507625517253927794e-02
-8.531033327006114220e-02
-8.557158028710366848e-02
-8.585986519754704172e-02
-8.618005313302350145e-02
-8.653140284919808023e-02
-8.691720013252021704e-02
-8.732876675006613632e-02
-8.777281006651749262e-02
-8.824997776022339147e-02
-8.876081007976076298e-02
-8.929992793914752480e-02
-8.986133863473894090e-02
-9.045122467745732309e-02
-9.107096109729036215e-02
-9.172509391591433803e-02
-9.241920851629625844e-02
-9.314689220004805648e-02
-9.393027860944068441e-02
-9.473465193383313887e-02
-9.557105394496696882e-02
-9.643601206018079242e-02
-9.733886185125620316e-02
-9.827286417102036598e-02
-9.923494761921422547e-02
-1.002350694996868435e-01
-1.012593605194544583e-01
-1.023230599091176085e-01
-1.034140342321918093e-01
-1.045164068702739285e-01
-1.056370898033512640e-01
-1.068002227939287285e-01
-1.080093615218114950e-01
-1.092229948260387135e-01
-1.104641528014602275e-01
-1.117181234828434483e-01
-1.130159255483354219e-01
-1.143253128954281050e-01
-1.156597650205887506e-01
-1.170265996190983371e-01
-1.184252607819893388e-01
-1.198497615986115761e-01
-1.212996287621797287e-01
-1.227740784578603417e-01
-1.242895559419195245e-01
-1.258368789788622266e-01
-1.274087255983469558e-01
-1.289965659861404268e-01
-1.305820346942253574e-01
-1.322028413557934934e-01
-1.338679943285038532e-01
-1.355616039477595680e-01
-1.372383257063227446e-01
-1.389687656230657598e-01
-1.407330655582259282e-01
-1.425217181714369952e-01
-1.443325278738335216e-01
-1.461911594904646561e-01
-1.480868276820330176e-01
-1.499980779246431473e-01
-1.519465638557893072e-01
-1.539354061842980737e-01
-1.559639212096284033e-01
-1.579908495809164426e-01
-1.600025271406414762e-01
-1.620471968570300625e-01
-1.640958181219221990e-01
-1.661581786528970872e-01
-1.682183256892713363e-01
-1.703097371965660300e-01
-1.724440646764978657e-01
-1.745748941906302421e-01
-1.766963174054382024e-01
-1.788104988242097959e-01
-1.809088587249350621e-01
-1.830120315981440537e-01
-1.851344522106950774e-01
-1.872577047827240770e-01
-1.893899841997437605e-01
-1.915599278013839224e-01
-1.937708297001237145e-01
-1.960340807270716246e-01
-1.982810173519732044e-01
-2.005160564629844822e-01
-2.027582236389014470e-01
-2.050445303726168567e-01
-2.072993834799849167e-01
-2.095377167349868341e-01
-2.117729648980768153e-01
-2.140041511205671432e-01
-2.162333171254049446e-01
-2.184933582777590089e-01
-2.207581928747887889e-01
-2.230435716777609823e-01
-2.253833424991274759e-01
-2.277611590762061156e-01
-2.301448681117513051e-01
-2.325327767323179251e-01
-2.349259669845782106e-01
-2.372815030429175909e-01
-2.396234941406069352e-01
-2.419683041260268230e-01
-2.443027626350885995e-01
-2.466573807098790261e-01
-2.489856233283267162e-01
-2.513346397833534085e-01
-2.536727825418402249e-01
-2.560180880295008232e-01
-2.583892930665933618e-01
-2.607310153143028164e-01
-2.630627939706461915e-01
-2.653879534110351046e-01
-2.676836264328332216e-01
-2.700286102265252453e-01
-2.723980113981886442e-01
-2.747846943327020841e-01
-2.771810372365100528e-01
-2.795700556551389271e-01
-2.819493786680220548e-01
-2.843206311892232940e-01
-2.866743451318401470e-01
-2.890186940829632123e-01
-2.913470548963121853e-01
-2.936314667910101539e-01
-2.959138744719076453e-01
-2.982123642178842182e-01
-3.005176076549643249e-01
-3.028120862848212580e-01
-3.051199523496648247e-01
-3.074544349773330465e-01
-3.098025637295909185e-01
-3.121542117270836303e-01
-3.145200941189564281e-01
-3.168700199157789554e-01
-3.192694376557911884e-01
-3.216690262326762917e-01
-3.240726379810756064e-01
-3.264690219308171160e-01
-3.288646993219455084e-01
-3.312832837917510931e-01
-3.336845769400488826e-01
-3.360601108615750565e-01
-3.384132921917347714e-01
-3.407717084751578640e-01
-3.431264434029022703e-01
-3.454509294355312399e-01
-3.477524582423145438e-01
-3.500128710985541680e-01
-3.522766561838238664e-01
-3.545264605889575926e-01
-3.568110736797031612e-01
-3.590934624968759037e-01
-3.613705443719845700e-01
-3.636446351090441564e-01
-3.659016438118358194e-01
-3.681738854612807699e-01
-3.704620422231160726e-01
-3.727404878165694879e-01
-3.750358385690080176e-01
-3.773317885901566471e-01
-3.796471367421291876e-01
-3.819584105491738435e-01
-3.842694240273976103e-01
-3.866099034860825401e-01
-3.889427654315813498e-01
-3.912563147072042335e-01
-3.935707616939581044e-01
-3.958894769826075688e-01
-3.981883121642931789e-01
-4.004842962467944911e-01
-4.028016880293791013e-01
-4.051214164779429749e-01
-4.074133132879027008e-01
-4.096762502707077536e-01
-4.118922644653881804e-01
-4.141102724437643046e-01
-4.163207615403212158e-01
-4.185320440023726496e-01
-4.207108190460177033e-01
-4.228815163888747231e-01
-4.250616225725780684e-01
-4.272562241071991562e-01
-4.294467794350319001e-01
-4.315920830075303249e-01
-4.336998056168290261e-01
-4.357821159133138389e-01
-4.378888521968880010e-01
-4.400041733494498564e-01
-4.420809180426532037e-01
-4.441391192233898333e-01
-4.461806282966322423e-01
-4.482159087763250005e-01
-4.502456468347624807e-01
-4.522733635591765222e-01
-4.543058445979649140e-01
-4.563403953295162019e-01
-4.583783800896978344e-01
-4.603830059792911600e-01
-4.623530370313942983e-01
-4.643330301675850369e-01
-4.662956608477411558e-01
-4.682108454717663348e-01
-4.701262507746368224e-01
-4.720000621870260593e-01
-4.738495026184812997e-01
-4.757039455946592277e-01
-4.775669934525526572e-01
-4.794109059700275011e-01
-4.812290545015943666e-01
-4.830441292753890892e-01
-4.848377121113263133e-01
-4.866300370263007546e-01
-4.884023111274355400e-01
-4.901545941694511743e-01
-4.918835228793996261e-01
-4.935806414959580946e-01
-4.952712960885985449e-01
-4.969023897020308222e-01
-4.985136973982711162e-01
-5.001032637226411337e-01
-5.016867114642441505e-01
-5.032575539678757481e-01
-5.048280374993062702e-01
-5.063240985472133859e-01
-5.078212512115691801e-01
-5.093217839935205715e-01
-5.107840594308264981e-01
-5.122108228375665817e-01
-5.135854755083494316e-01
-5.149256566869025997e-01
-5.162249916318463194e-01
-5.175006871534147956e-01
-5.187626011498364109e-01
-5.199757712580355129e-01
-5.211603201607980518e-01
-5.223405732574479821e-01
-5.234746742411405807e-01
-5.245633911615847911e-01
-5.256601313903985773e-01
-5.267392992798979323e-01
-5.277956482343892919e-01
-5.288451989031014433e-01
-5.298906517529358151e-01
-5.309504923206989080e-01
-5.319846526231825079e-01
-5.330046537610794166e-01
-5.339973512823597002e-01
-5.349732018805276601e-01
-5.359209748955099384e-01
-5.368177278681012243e-01
-5.376995666527711881e-01
-5.385498253800024004e-01
-5.393701831382852196e-01
-5.401608398979468317e-01
-5.409105815562976760e-01
-5.416402656270055127e-01
-1.999971913209822594e-01
-1.999971752933965841e-01
-1.983021910364749230e-01
-1.966435932257356023e-01
-1.950043267410239978e-01
-1.934007126138856114e-01
-1.917831464356544169e-01
-1.901364035111509920e-01
-1.884401385746016511e-01
-1.867552563415230404e-01
-1.850762677479085294e-01
-1.834017061678295812e-01
-1.817929607681628146e-01
-1.802109900054308100e-01
-1.786811798082962033e-01
-1.771481272949027297e-01
-1.756065291948720741e-01
-1.740746404381697809e-01
-1.725411219148304254e-01
-1.709598131846731539e-01
-1.693662936756241688e-01
-1.677764571163679608e-01
-1.661977192691168614e-01
-1.645859496668217736e-01
-1.630560638878543467e-01
-1.614310824541278222e-01
-1.598577402550207527e-01
-1.582547053891610600e-01
-1.567237160678698060e-01
-1.551764321262791846e-01
-1.536018026726750640e-01
-1.520639775444596609e-01
-1.505437924880353162e-01
-1.490456553865613931e-01
-1.475608861026596608e-01
-1.460640151217707794e-01
-1.445925333061547080e-01
-1.431132749211090904e-01
-1.416587753003623606e-01
-1.402057614753735859e-01
-1.387255938245828546e-01
-1.372482125399366037e-01
-1.358314926866416861e-01
-1.344188105616888340e-01
-1.330203302720582015e-01
-1.316016590597566260e-01
-1.301802589137275312e-01
-1.287416138828889611e-01
-1.273286055212169143e-01
-1.259076806973102036e-01
-1.244793675652744874e-01
-1.230615699123806944e-01
-1.216078562053811291e-01
-1.201385720469827362e-01
-1.186933597146244135e-01
-1.172818797844584343e-01
-1.158731638305160738e-01
-1.144808852308283748e-01
-1.131092786752693896e-01
-1.117518483023954151e-01
-1.103934600692661749e-01
-1.089831046886066690e-01
-1.075890780901759408e-01
-1.061571864186492825e-01
-1.046508451871964729e-01
-1.031694732884795018e-01
-1.016784096664987980e-01
-1.002133484500099120e-01
-9.872179079047405104e-02
-9.724207585064763293e-02
-9.577112805647135241e-02
-9.432048829502613640e-02
-9.291157256258074371e-02
-9.149724364457464953e-02
-9.009317706865813125e-02
-8.871159804690105510e-02
-8.737957111430857959e-02
-8.600010237239644195e-02
-8.460121642121085084e-02
-8.318437717922676222e-02
-8.177278290523054549e-02
-8.035669863327062068e-02
-7.892648711758921964e-02
-7.752181563100160600e-02
-7.607670902079033404e-02
-7.465415825766233415e-02
-7.324169229474952747e-02
-1.999969060547727717e-01
-1.999968900240502168e-01
-1.977354401934744987e-01
-1.954858745224004046e-01
-1.932597610622069639e-01
-1.909878809815490630e-01
-1.887313293132220904e-01
-1.864874369986519176e-01
-1.842415686996465574e-01
-1.820147315012414779e-01
-1.797521137898307197e-01
-1.774995914029237065e-01
-1.753573488844549499e-01
-1.732016374315234475e-01
-1.710414819397780284e-01
-1.688748656283132754e-01
-1.667251877853657416e-01
-1.645269971373365669e-01
-1.624116576504355813e-01
-1.603091655541312721e-01
-1.582294049480848785e-01
-1.561137781226825949e-01
-1.540083008509287033e-01
-1.519566771453909892e-01
-1.499225739218994213e-01
-1.479243620184819141e-01
-1.458605663403007291e-01
-1.438438560559551216e-01
-1.418025314523934932e-01
-1.397274580126114940e-01
-1.376298983037050894e-01
-1.355083934690584357e-01
-1.334190773840441269e-01
-1.313407788978339374e-01
-1.292813212575297521e-01
-1.271834821179248509e-01
-1.250735191716938477e-01
-1.229993310919208355e-01
-1.208942121162354943e-01
-1.187294928899085139e-01
-1.165493588697085192e-01
-1.143473797133126441e-01
-1.121403824325368920e-01
-1.099431574858189820e-01
-1.078005465616462821e-01
-1.056116086449949143e-01
-1.033820513474822539e-01
-1.011854964107665455e-01
-9.901962457889193492e-02
-9.683279068459743621e-02
-9.465356083929028774e-02
-9.253975629442691420e-02
-9.044639252462835510e-02
-8.834609973584497955e-02
-8.617503948505281230e-02
-8.397462134194408345e-02
-8.172470831527801904e-02
-7.945717920969572190e-02
-7.722296192362450296e-02
-7.500515703920548893e-02
-7.276643960684286982e-02
-7.049273343880302356e-02
-6.821580430849796817e-02
-6.595837109480938432e-02
-6.367316257493445264e-02
-6.140354956759920546e-02
-5.921667450213785600e-02
-5.698312754926163071e-02
-5.471830799887218016e-02
-5.249081455546898006e-02
-5.025289061705353472e-02
-4.805462541863590037e-02
-4.588658702882320028e-02
-4.370279668344403262e-02
-4.154689160413808230e-02
-3.931237964441661875e-02
-3.711986231768527739e-02
-3.490671826521560966e-02
-3.270235599852077540e-02
-3.047536708854902548e-02
-2.831681032101884474e-02
-2.620193962314232988e-02
-2.413400863579395761e-02
-2.209310066027018668e-02
-2.006553685479076435e-02
-1.800941084348317220e-02
-1.590304813218687899e-02
-1.381455253627525068e-02
-1.174917310325875042e-02
-9.700439829239324713e-03
-7.655138177803868550e-03
-5.574543158803735299e-03
-3.513879229694465405e-03
-1.434743644447543549e-03
6.144890678485693918e-04
2.656245225208075933e-03
4.696426439303385408e-03
6.721429476263729962e-03
8.716066856110316063e-03
1.071781754261176209e-02
1.272640934237369639e-02
1.467266149952059333e-02
1.661354397867682853e-02
1.860179646288949787e-02
2.061644964778380079e-02
2.259212341160856882e-02
2.455668384352078029e-02
2.654391391926127358e-02
2.852189127441598013e-02
3.047907837285657867e-02
3.245602332368847931e-02
3.443727315715978954e-02
3.642730510079510847e-02
3.846140790715865676e-02
4.053032570653371941e-02
4.262700729623841722e-02
4.476163257253479993e-02
4.689876187185967882e-02
4.899312444869005634e-02
5.108519661699165160e-02
5.320764091811142071e-02
5.541742303006398640e-02
5.759395179034721562e-02
5.977105291322264147e-02
6.188043778177179655e-02
6.399078332928381796e-02
6.610816022559164173e-02
6.820683452558103099e-02
7.029486831658429691e-02
7.236480731711888992e-02
7.445743000365458164e-02
7.659552315264757383e-02
7.879759309049244598e-02
8.103917806313361283e-02
8.332280563839740417e-02
8.565861344239546205e-02
8.805537469951535412e-02
9.047612702086244019e-02
9.282898974418546389e-02
9.517864760648950262e-02
9.752054177069241492e-02
9.987474570211203606e-02
1.022139642831490780e-01
1.045344904539046715e-01
1.068632076585384338e-01
1.091482200834643645e-01
1.114227421399977547e-01
1.137271228626413749e-01
1.160095251944246175e-01
1.183086622304957980e-01
1.205456699997943248e-01
1.227938263163975696e-01
1.249993720367915534e-01
1.272374789830237329e-01
1.294447220112280861e-01
1.316383847306712429e-01
1.337720279985863125e-01
1.359034800277089949e-01
1.380280009916482753e-01
1.401741384723107775e-01
1.422406673105851282e-01
1.443895223942869011e-01
1.465370145985395167e-01
1.486715323048170001e-01
1.508406938088890925e-01
1.529565652855236768e-01
