3.206853305946745319e-06
3.222835042740095607e-06
1.771115148965954778e-03
3.739095114521451355e-03
5.645095124873486699e-03
7.553224413641295570e-03
9.354527029127779683e-03
1.112148096896430766e-02
1.282028315993309978e-02
1.451064339519046731e-02
1.618825765151280308e-02
1.787495720419192413e-02
1.952571896958263040e-02
2.116524138609775924e-02
2.280236877427774603e-02
2.440288133635292595e-02
2.591342086742413550e-02
2.739378843582146450e-02
2.884552771133483753e-02
3.021386374994870783e-02
3.147834538189418080e-02
3.267790215785989355e-02
3.376877548191822148e-02
3.482664572150100113e-02
3.582381947051173354e-02
3.676786215362554816e-02
3.769794397316049428e-02
3.857547735603969463e-02
3.942613403296856694e-02
4.023691857834357094e-02
4.101797097883100318e-02
4.175322350241500446e-02
4.249766571864303094e-02
4.329978337179504755e-02
4.407702276819382148e-02
4.482483333625414401e-02
4.560738100802807365e-02
4.640805379253397367e-02
4.728263722945054426e-02
4.823601375723146623e-02
4.924188425343772185e-02
5.023948850246398590e-02
5.120809656766592277e-02
5.210928479622743692e-02
5.297547300828291117e-02
5.381917396820772720e-02
5.461824324072975245e-02
5.541843225116110938e-02
5.623897435203992212e-02
5.707642016812197044e-02
5.785068803972301388e-02
5.863764267066951669e-02
5.944369842276527038e-02
6.033779522430295778e-02
6.125119127586234336e-02
6.224372807139900987e-02
6.327381654468404448e-02
6.437326294740834676e-02
6.543215020528496406e-02
6.655617520564265088e-02
6.764009347297079977e-02
6.877012214698272063e-02
6.989476287081337891e-02
7.109878583465510660e-02
7.219456581396442585e-02
7.327845093401996746e-02
7.438843699488965899e-02
7.550031997715196674e-02
7.659299959923478174e-02
7.769702655038150663e-02
7.885031285783485056e-02
8.002796874885688416e-02
8.122590792900273582e-02
8.241585374064226699e-02
