2.000015263291127776e-01
2.000015419399193140e-01
2.008526701077318066e-01
2.009003803172249858e-01
2.009890675336705734e-01
2.011320189147832727e-01
2.013040966845525692e-01
2.014792593783854002e-01
2.016557663391940480e-01
2.018438998236562476e-01
2.020161358425069387e-01
2.021706944343793777e-01
2.023013614131954074e-01
2.024664463080494692e-01
2.026654284244878979e-01
2.028953242931403611e-01
2.030969346062151404e-01
2.032394687687453239e-01
2.033057376148136863e-01
2.033907778997941507e-01
2.034729814083255373e-01
2.035537465975379712e-01
2.036598729978392197e-01
2.038390507618691727e-01
2.039560781941803513e-01
2.040155774869711891e-01
2.039638725295911947e-01
2.039496663778784247e-01
2.039759542859247432e-01
2.040234309360785814e-01
2.041275638228102762e-01
2.041808338952532664e-01
2.041916710102189281e-01
2.041727118020826570e-01
2.041102589630091890e-01
2.039608629290663722e-01
2.038505906714456750e-01
2.037947475291884414e-01
2.037684668402273691e-01
2.037837187309640141e-01
2.037972089944224408e-01
2.038036923088623609e-01
2.038749153446301476e-01
2.039402708043334123e-01
2.040098169610276013e-01
2.040909923091265565e-01
2.041723126369114627e-01
2.042541786859167485e-01
2.043579605732288029e-01
2.044519085530897562e-01
2.047007717001131655e-01
2.051194801593664019e-01
2.057823861434705803e-01
2.070777407060643838e-01
4.000031840029900088e-01
4.000031999981178976e-01
4.020359311832107374e-01
4.030211392381679025e-01
4.038768860111564551e-01
4.046370405402859860e-01
4.052907126248850855e-01
4.058357316357211753e-01
4.064605073559675041e-01
4.077065106476675527e-01
4.083587646612019673e-01
4.091000168316291097e-01
4.098994542193012958e-01
4.114268055964776516e-01
4.128022357620457772e-01
4.141242190339933238e-01
4.155359096122277496e-01
4.165583034920530836e-01
4.176897123820063618e-01
4.187698251944225181e-01
4.199248863856891445e-01
4.209920821530148127e-01
4.218531524250638265e-01
4.225099636316815843e-01
4.231949764981504103e-01
4.237555577044133659e-01
4.242545960017420903e-01
4.246654820812365005e-01
4.250336151280904029e-01
4.253166029326332920e-01
4.255597656083396352e-01
4.257212786277331795e-01
4.258581011824473794e-01
4.259612167030670804e-01
4.260317095148439259e-01
4.260646564173549145e-01
4.260642114232220390e-01
4.260337746156963035e-01
4.259766474898977751e-01
4.258788049090967420e-01
4.257595480234907526e-01
4.256113138248173167e-01
4.254290214534542924e-01
4.252374375716729271e-01
4.250350535558901632e-01
4.247690536898787173e-01
4.244286798305238473e-01
4.240321458888577921e-01
4.235755298889079534e-01
4.230799031226805118e-01
4.225500864882117957e-01
4.220016297571450026e-01
4.214195364730466964e-01
4.207502416987827232e-01
4.200471557892277996e-01
4.193058408336944876e-01
4.186575517119406342e-01
4.180017002105435031e-01
4.172447314687668940e-01
4.162777615088080752e-01
4.153118449143739510e-01
4.143794404877665372e-01
4.131735387881642074e-01
4.118077996177035294e-01
4.104509036518708132e-01
4.088984857235467563e-01
4.071773144279353107e-01
4.054489966908760845e-01
4.036328791727417653e-01
4.017877828477210422e-01
3.998289755145089108e-01
3.978681030035565724e-01
3.958358644220730804e-01
3.937878977802981573e-01
3.916434241170323460e-01
3.894520731204574870e-01
3.872428508378755185e-01
3.850247378738378967e-01
3.827705822051490903e-01
3.804157003398050407e-01
3.780667943886704130e-01
3.756109770667800940e-01
3.731756477857409160e-01
3.707264076224248694e-01
3.683909718575024139e-01
3.660104889878310064e-01
3.636297327449052319e-01
3.612430209365006251e-01
3.588968410297124767e-01
3.566475054892891960e-01
3.544268747574906842e-01
3.521996764745603525e-01
3.499741403416212759e-01
3.477452480415418878e-01
3.455347152365693675e-01
3.432356159103697180e-01
3.409689126349171873e-01
3.386536656507768139e-01
3.363057216536146643e-01
3.339225984912344569e-01
3.314044724509360162e-01
3.289002736127896731e-01
3.263816984513522312e-01
3.239222721109350500e-01
3.215832688209648293e-01
3.192125755636796014e-01
3.170406786651568942e-01
3.148604515100631440e-01
3.125999236658797975e-01
3.103373120607965663e-01
3.080883518841042723e-01
3.058271469026044298e-01
3.036783747844756798e-01
3.016038943650501958e-01
2.995429526809876286e-01
2.974350799820805746e-01
2.954701323728611828e-01
2.935257067295250488e-01
2.915469707180871617e-01
2.896451516889699263e-01
2.877285072891253570e-01
2.857512889680512425e-01
2.836177607640966714e-01
2.816177580865575902e-01
2.794693727652738935e-01
2.775047545351452261e-01
2.754829020792238237e-01
2.734525015868521369e-01
2.714539777411530963e-01
2.693525478423797748e-01
2.673964893388259823e-01
2.654887861460201726e-01
2.636297217496335610e-01
2.617907806635415002e-01
2.598976742452468458e-01
2.579567278410812015e-01
2.561125904471426296e-01
2.541751136975391456e-01
2.522237570365846726e-01
2.503492523817965609e-01
2.484543522828277784e-01
2.465545558568200957e-01
2.447341402701334045e-01
2.428081636528704734e-01
2.409250773978843796e-01
2.390536815024902617e-01
2.371006828708339953e-01
2.352050763980136627e-01
2.333495957308980018e-01
