-1.999969787650897335e-01
-1.999969627213606105e-01
-1.980054546494023904e-01
-1.964873670190257771e-01
-1.949915942984175310e-01
-1.934737381440830573e-01
-1.919537845599761650e-01
-1.903858181696293228e-01
-1.888308460613822570e-01
-1.872338078803871819e-01
-1.856368253263751822e-01
-1.839952851164576575e-01
-1.823894643187801701e-01
-1.808469052370303143e-01
-1.793220280212454443e-01
-1.778150576039403130e-01
-1.764529895637432233e-01
-1.751108106048080981e-01
-1.736408198349566057e-01
-1.721450639425179951e-01
-1.706122782333869270e-01
-1.691364596172325041e-01
-1.676798213458450537e-01
-1.662943821004102263e-01
-1.650632553608274433e-01
-1.638289408451429341e-01
-1.625346819070593585e-01
-1.612208661639793483e-01
-1.599092224307920584e-01
-1.586970489208318069e-01
-1.574690701136311766e-01
-1.562895964306969809e-01
-1.551704039150983427e-01
-1.540788017795729492e-01
-1.530574957953816095e-01
-1.520798707676467854e-01
-1.511191581587583155e-01
-1.501874788396714289e-01
-1.491894211721532248e-01
-1.482211501014102928e-01
-1.474285013230391961e-01
-1.464394485111560062e-01
-1.456788635291404732e-01
-1.449818461040964790e-01
-1.440535163941460417e-01
-1.433068994270130792e-01
-1.425904185523540757e-01
-1.419567676387428201e-01
-1.413248734733957013e-01
-1.404857185596930791e-01
-1.396724542358505350e-01
-1.387507155530368907e-01
-1.377392509223401285e-01
-1.367523816629801492e-01
-1.358643801137379148e-01
-1.349878273404234719e-01
-1.343425221353082288e-01
-1.334624531210001630e-01
-1.327582720654610360e-01
-1.319329468463022459e-01
-1.311614014634377989e-01
-1.302905896119310458e-01
-1.293753796349055574e-01
-1.285158960422762009e-01
-1.276676640811633401e-01
-1.267376527960229204e-01
-1.257241328493795274e-01
-1.246476054136038958e-01
-1.236016209347974432e-01
-1.226654820964930143e-01
-1.216718819588189920e-01
-1.206855267478350591e-01
-1.197424698425605949e-01
-1.187284825089924556e-01
-1.176490896574836770e-01
-1.165710607742671823e-01
-1.156986419202483962e-01
-1.146321271143585646e-01
-1.135183068671973966e-01
-1.125813174080783352e-01
-1.115371578057434837e-01
-1.107430510809097463e-01
-1.098828984800818837e-01
-1.089401240543480531e-01
-1.079577205979238147e-01
-1.070640493889331024e-01
-1.060338640466970961e-01
-1.050250705940379420e-01
-1.040202105166900259e-01
-1.029964223146857399e-01
-1.020776465663999905e-01
-1.011734119919632663e-01
-1.000710380131299010e-01
-9.901820921002163489e-02
-9.798206094418561440e-02
-9.689493403238799707e-02
-9.571438264915568817e-02
-9.447595504182855486e-02
-9.319476258513945122e-02
-9.201911912753585332e-02
-9.081941421000831738e-02
-8.952809247081414123e-02
-8.826178792722798316e-02
-8.695177696338601825e-02
-8.551402198076862859e-02
-8.406135938476819169e-02
-8.260183600923334812e-02
-8.121117490891320567e-02
-7.991741283872898227e-02
-7.859820469487742434e-02
-7.731763518128512147e-02
-7.613164085488979826e-02
-7.501668463956014110e-02
-7.386134605345381909e-02
-7.266203088203995741e-02
-7.156439520577469182e-02
-7.040856113628585211e-02
-6.928076114023454246e-02
-6.825526892095327980e-02
-6.749331097132399426e-02
-6.656764774056880829e-02
-6.564701428553454399e-02
-6.476500250377749401e-02
-6.385982762170676341e-02
-6.303410901073087935e-02
-6.275457123012345706e-02
-6.200263078102193764e-02
-6.115115681156363392e-02
-6.011608003866404648e-02
-5.936334079788412738e-02
-5.847619377698171084e-02
-5.765550348245891688e-02
-5.661430528495709630e-02
-5.571981657276935118e-02
-5.472067329658525381e-02
-5.384011912100659242e-02
-5.300492169999108244e-02
-5.222261011929611035e-02
-5.150173570384006250e-02
-5.083972780995160007e-02
-5.025087226359606363e-02
-4.979730951329526534e-02
-4.958788162895144680e-02
-4.937804355568692349e-02
-4.934607555976317644e-02
-4.936695234688153605e-02
-4.937781105991111835e-02
-4.938737111865806884e-02
-4.939502431469860316e-02
-4.940454672381520279e-02
-4.941122975057618549e-02
-4.941551353382066247e-02
-4.942000866155315392e-02
-4.942150788744582163e-02
-4.941844275978925227e-02
-4.940906776191377608e-02
-4.939849538829169801e-02
-4.938868855422538090e-02
-4.937707407274252031e-02
-4.936550716994800303e-02
-4.935019536468522594e-02
-4.933724857092779137e-02
-4.931971244567166096e-02
-4.930563123343456589e-02
-4.928214851229344856e-02
-4.924934599654921114e-02
-4.921144655433284942e-02
-4.918133699777773454e-02
-4.914788944674972765e-02
-4.912213063571137933e-02
-4.907958095470225934e-02
-4.902988716109534656e-02
-4.898528079694447479e-02
-4.894303504366233348e-02
-4.890290377654361170e-02
-4.886424021277699370e-02
-4.883137384441404993e-02
-4.880624762559480218e-02
-4.878785522528759910e-02
-4.877663499075311077e-02
-4.876537920441945118e-02
-4.875818598160578526e-02
-4.874734842067505319e-02
-4.873448353467341176e-02
-4.872045145263977778e-02
-4.870911495590891233e-02
-4.869621873955056607e-02
-4.868339686332300020e-02
-4.866949057517963584e-02
-4.865276050462340185e-02
-4.864215699403513088e-02
-4.862185416247342962e-02
-4.859771838515124232e-02
-4.857058833957764166e-02
-4.853432519482654695e-02
-4.849759484943672039e-02
-4.845517244066232382e-02
-4.841596692115490014e-02
-4.838011358203268136e-02
-4.834015313733019958e-02
-4.830350805635715700e-02
-4.826410474484123247e-02
-4.822641884417502162e-02
-4.819221167058106159e-02
-4.815664694683673835e-02
-4.812567082699156090e-02
-4.810237672613977555e-02
-4.808138318316663995e-02
-4.806946521559989083e-02
-4.805417093337771561e-02
-4.803757165797477996e-02
-4.802314365385753486e-02
-4.801276704960159847e-02
-4.800551485253078815e-02
-4.800133841932654327e-02
-4.800122891935173358e-02
-4.800482855817921057e-02
-4.801076218976577797e-02
-4.801900742482596157e-02
-4.802991029564140923e-02
-4.804325094876844143e-02
-4.805996311045206831e-02
-4.808190593395358925e-02
-4.810760190408973347e-02
-4.813933859814285149e-02
-4.816828764900955850e-02
-4.818574543410817507e-02
-4.820521586942060066e-02
-4.822190641554975621e-02
-4.822937014853904969e-02
-4.822538520824178748e-02
-4.822860715490802364e-02
-4.822075111951582005e-02
-4.820187168241456960e-02
-4.817806997582955303e-02
-4.815007626747658948e-02
-4.812490164868950954e-02
-4.810301299916126816e-02
-4.806957889402255213e-02
-4.803186781041989678e-02
-4.798614745665715636e-02
-4.793030969791027551e-02
-4.786715849268230460e-02
-4.780770642779748336e-02
-4.775501566046946866e-02
-4.769628968724904522e-02
-4.763787041305765635e-02
-4.757448324290455832e-02
-4.749511459951502590e-02
-4.742917229825011072e-02
-4.734988923409839956e-02
-4.727614527303276859e-02
-4.719565380562349560e-02
-4.709744376106032165e-02
-4.699561215841127626e-02
-4.688016579491070118e-02
-4.676822010015029008e-02
-4.665599535714890639e-02
-4.653151643587934150e-02
-4.642103219943579523e-02
-4.630965653788361031e-02
-4.623053759159072296e-02
-4.616570212010586566e-02
-4.609628838662286482e-02
-4.603877883381143205e-02
-4.598748726998209968e-02
-4.593615817985339383e-02
-4.589729155185823944e-02
-4.585975672186425045e-02
-4.582428180915622262e-02
-4.578906060232774272e-02
-4.574752192315565541e-02
-4.571035021395787601e-02
-4.567083107280969778e-02
-4.563711856141731971e-02
-4.560741519075016404e-02
-4.558208222829275569e-02
-4.554336441047433098e-02
-4.550365204735423719e-02
-4.545945203157655823e-02
-4.538389205689336708e-02
-4.529658387694442123e-02
-4.520226739516697290e-02
-4.509522777268575033e-02
-4.499559589805389448e-02
-4.490223355471421873e-02
-4.481319890475247980e-02
-4.472285304307280218e-02
-4.465252173671382940e-02
-4.458563170868073272e-02
-4.452941593250978741e-02
-4.446649889202727857e-02
-4.442124201687388391e-02
-4.438238281056396117e-02
-4.435312626315488643e-02
-4.432987901605603409e-02
-4.430823673460263651e-02
-4.429052780528840855e-02
-4.426752659783664973e-02
-4.424636846766964726e-02
-4.423274316154148650e-02
-4.422096308314544394e-02
-4.421046966506257669e-02
-4.420271444769158231e-02
-4.419677382322907688e-02
-4.419503588873130440e-02
-4.418366851698974501e-02
-4.417675864967837013e-02
-4.415788587049680747e-02
-4.412681634393973706e-02
-4.408276515796821782e-02
-4.403477302715985003e-02
-4.398437631967366118e-02
-4.393833678054272912e-02
-4.388547968960367779e-02
-4.383119434421200999e-02
-4.377452467655446738e-02
-4.370825910243272827e-02
-4.363924323863736798e-02
-4.357743762789544756e-02
-4.351079370217637854e-02
-4.343062984899560136e-02
-4.335708894713682926e-02
-4.326566114417675774e-02
-4.319051788983697265e-02
-4.310971522465685546e-02
-4.304058925335286362e-02
-4.296902839546889313e-02
-4.290660516459871704e-02
-4.285116132476582407e-02
-4.278545275387682367e-02
-4.270137778937601464e-02
-4.258600797148263256e-02
-4.245410667096223556e-02
-4.230964076063237905e-02
-4.217788782149801269e-02
-4.204048819958545319e-02
-4.189941882222585762e-02
-4.171786305200550493e-02
-4.154528063449252490e-02
-4.138921369995610805e-02
-4.119052682453294700e-02
-4.095786950511846880e-02
-4.073805410956394396e-02
-4.048810485982375085e-02
-4.034203959821269087e-02
-4.015726721559870899e-02
-3.998933173878425895e-02
-3.978150437707172332e-02
-3.964969126832657703e-02
-3.947693570832811610e-02
-3.931714123391350652e-02
-3.946880637492351795e-02
-3.999313991908751142e-02
-4.083684417954522999e-02
-4.105946246677880107e-02
-4.142906833808470551e-02
-4.199473604127194198e-02
-4.324938297825287048e-02
-4.410085607610934877e-02
-4.491088963822002095e-02
-4.539124421759168498e-02
-4.580694739329469606e-02
-4.637667136279269298e-02
-4.676252065371044181e-02
-4.736172312111719407e-02
-4.761963602328565109e-02
-4.741268131075222769e-02
-4.698639949092415363e-02
-4.672499087600021084e-02
-4.657070176700858766e-02
-4.613954792444659864e-02
-4.599524509540658251e-02
-4.584319863549295160e-02
-4.605173840356246301e-02
-4.599263792890295049e-02
-4.602293841521644391e-02
-4.714822575520045966e-02
-4.741726518494017439e-02
-4.811211815797537122e-02
-4.908776507408417478e-02
-5.050494468748852744e-02
-5.210431189421761006e-02
-5.327275669774388794e-02
-5.444836164930127315e-02
-5.581309421793010511e-02
-5.726004273816563683e-02
-5.892112271998550116e-02
-6.048531868488123825e-02
-6.186229036323093178e-02
-6.356005126802971583e-02
-6.527354652063495355e-02
-6.681625661241588632e-02
-6.834490517858293757e-02
-6.969515434663502151e-02
-7.118129488542580818e-02
-7.277724178260235044e-02
-7.426756782710504379e-02
-7.573001205748518261e-02
-7.749813703319956282e-02
-7.900273598889519244e-02
-8.063890138427207144e-02
-8.216132877266384138e-02
-8.373383898738613607e-02
-8.535477912492780983e-02
-8.705776283924673842e-02
-8.864910163128775222e-02
-9.035711605507139310e-02
-9.197315630281684140e-02
-9.360476114479962528e-02
-9.542046798752071290e-02
-9.718941765572436386e-02
-9.908117801849616879e-02
-1.009959976683993399e-01
-1.029317655373973295e-01
-1.048382371686776698e-01
-1.065810231235578553e-01
-1.085647265250504478e-01
-1.104994430521998167e-01
-1.124939626344355903e-01
-1.142617344478342317e-01
-1.162447850316491588e-01
-1.180286325801561537e-01
-1.196314301169154326e-01
-1.211857409724060863e-01
-1.227851846998950641e-01
-1.244194632013319451e-01
-1.261541264865635448e-01
-1.279211825372067457e-01
-1.294914948879395400e-01
-1.310743397987398084e-01
-1.326835373215701219e-01
-1.342592461731852982e-01
-1.357760811297345493e-01
-1.373230219365163540e-01
-1.388692923981623417e-01
-1.404694355671058936e-01
-1.421480361492251099e-01
-1.437469826151139829e-01
-1.453142811554539171e-01
-1.469610765876693814e-01
-1.485996671812984671e-01
-1.501866118179971399e-01
-1.518769623414709669e-01
-1.535999571414830012e-01
-1.552147551119655577e-01
-1.568964039273876843e-01
-1.585008824386123782e-01
-1.602244393097115860e-01
-1.619116850985171108e-01
-1.636105450410183515e-01
-1.652271631841220889e-01
-1.669419592967214538e-01
-1.686754878675686409e-01
-1.704339222586273295e-01
-1.722040066247585433e-01
-1.740026868640200397e-01
-1.758089614652390553e-01
-1.776165418504462301e-01
-1.793746518102007081e-01
-1.811702108400352895e-01
-1.829779080104301792e-01
-1.847790510499543182e-01
-1.865856177805626237e-01
-1.882277421179978649e-01
-1.899081066149771180e-01
-1.917295703315061439e-01
-1.934381702252228885e-01
-1.952309331566814965e-01
-1.969951097155074049e-01
-1.986691419827230354e-01
-2.003883164095665859e-01
-2.017493007130185534e-01
-2.035126354368015922e-01
-2.052671337252045258e-01
-2.066357404716474555e-01
-2.080646843474264485e-01
-2.095273773081302582e-01
-2.112236688661832118e-01
-2.129418873968095260e-01
-2.145956712275150224e-01
-2.162668634488608688e-01
-2.176733838374179941e-01
-2.191520849846675667e-01
-2.210671506035056522e-01
-2.226246814383111283e-01
-2.244108269802223554e-01
-2.258327645734158340e-01
-2.274960073392535698e-01
-2.290235931024169891e-01
-2.306486686895134197e-01
-2.322842413034187370e-01
-2.337042550600614832e-01
-2.349026225737782525e-01
-2.363275955520830196e-01
-2.375232913742121310e-01
-2.390101200126295289e-01
-2.404802556838782079e-01
-2.416551755232408949e-01
-2.431035134911952167e-01
-2.444170417951236074e-01
-2.458185996460246214e-01
-2.473699363046131527e-01
-2.491264618870730752e-01
-2.508810852946409820e-01
-2.527639139480108987e-01
-2.546500226762892782e-01
-2.565918532308323896e-01
-2.585458439615753168e-01
-2.604208592602129113e-01
-2.622944899418437337e-01
-2.641982935422587109e-01
-2.659629913407971502e-01
-2.678186043651163417e-01
-2.697712107409641069e-01
-2.717035891861816488e-01
-2.731871958853281934e-01
-2.748618335412573166e-01
-2.765232370463927558e-01
-2.783394575541089933e-01
-2.802048812428551972e-01
-2.820477488996704918e-01
-2.838689556851317075e-01
-2.855792332394964106e-01
-2.874657600591897233e-01
-2.892830368637241967e-01
-2.911101030489429697e-01
-2.925569559842561285e-01
-2.943614722360221037e-01
-2.959935532389513235e-01
-2.976527583055600945e-01
-2.993093363852888378e-01
-3.011925115702732136e-01
-3.030202980613188046e-01
-3.046817213827892057e-01
-3.062611605225051825e-01
-3.077428550433142229e-01
-3.095286092299889269e-01
-3.111978127809267858e-01
-3.126848240396104539e-01
-3.141524187066684903e-01
-3.160516168376018564e-01
-3.176691781283943472e-01
-3.193443761738829489e-01
-3.209036728441856390e-01
-3.225088388689374974e-01
-3.243679198279063036e-01
-3.261965144377628745e-01
-3.280826270727307259e-01
-3.299712876175180387e-01
-3.315984229492492941e-01
-3.333934065887065312e-01
-3.349573229617885395e-01
-3.367408902889573730e-01
-3.379305193536003005e-01
-3.392043455977927779e-01
-3.406234241311238420e-01
-3.422554413426596165e-01
-3.438724138204439784e-01
-3.454490155139526286e-01
-3.469207342097693214e-01
-3.481516217232512589e-01
-3.497598360314945198e-01
-3.509865275331345846e-01
-3.524640424094558910e-01
-3.537023967429122617e-01
-3.549056726435858011e-01
-3.561896761989651883e-01
-3.574209578699773515e-01
-3.587810251308018450e-01
-3.604163939070550993e-01
-3.622531464477626861e-01
-3.638388557375198951e-01
-3.652689641828670286e-01
-3.667371339914135553e-01
-3.681595810815898040e-01
-3.697851476440335294e-01
-3.713872496443979543e-01
-3.731635624876404322e-01
-3.747152656196433007e-01
-3.764788859346472338e-01
-3.782091998408577682e-01
-3.797385483725668753e-01
-3.810353468660495069e-01
-3.824247721409199108e-01
-3.838439709572105119e-01
-3.852578240400462151e-01
-3.865673989901496910e-01
-3.879198132205897709e-01
-3.890264674343940632e-01
-3.903819602165117808e-01
-3.913010852936056883e-01
-3.924889076827044465e-01
-3.936724423484541657e-01
-3.948426770732251789e-01
-3.960974726594296835e-01
-3.974140922519728836e-01
-3.988389749421676900e-01
-4.002586511610996545e-01
-4.018033611314589804e-01
-4.033708299326251301e-01
-4.049176151728514084e-01
-4.062992968023352303e-01
-4.076571122364038846e-01
-4.091052377262506812e-01
-4.105269652128379909e-01
-4.118710187199696171e-01
-4.133555663878632491e-01
-4.150091494490927846e-01
-4.164836766232629661e-01
-4.179908016570573759e-01
-4.194903966898333447e-01
-4.207005405630033779e-01
-4.218887544589361993e-01
-4.232156746401390390e-01
-4.246048721518209113e-01
-4.260940457835962758e-01
-4.273672401851512648e-01
-4.285498454283599989e-01
-4.298106162128682572e-01
-4.311527638076708691e-01
-4.324988614776792417e-01
-4.336847686337302887e-01
-4.349110501345180846e-01
-4.361526929422398502e-01
-4.373832426718228805e-01
-4.384288453483985992e-01
-4.393978721824843281e-01
-4.402030225580254585e-01
-4.411447682956410321e-01
-4.420764322167957117e-01
-4.430859778570435115e-01
-4.439341891767865644e-01
-4.449249837458260082e-01
-4.457986283166554542e-01
-4.468172750707433138e-01
-4.477753900475081039e-01
-4.485099895483044552e-01
-4.494451482838202616e-01
-4.499227142858614470e-01
-4.507195720019391283e-01
-4.516539287035017947e-01
-4.521428381558650345e-01
-4.530672362111485274e-01
-4.539472438204197879e-01
-4.546890872567329045e-01
-4.551872448983548813e-01
-4.557413893879379563e-01
-4.561557521943698235e-01
-4.564605227769384377e-01
-4.568733159442973091e-01
-4.573263487738163380e-01
-4.576996229786806647e-01
-4.580415342985621474e-01
-4.590613307365866147e-01
-4.596280329918346896e-01
-4.600659413927904451e-01
-4.608288265191785582e-01
-4.612277558516197917e-01
-4.616327774892708957e-01
-4.620962017008076184e-01
-4.626708327953323319e-01
-4.634808218045741723e-01
-4.637377563785603507e-01
-4.639431054576886315e-01
-4.640925876485088031e-01
-4.641952784779442842e-01
-4.645613428650755550e-01
-4.649027113976647030e-01
-4.649916207480139230e-01
-4.652946308922419894e-01
-4.658346649456339694e-01
-4.660863810959955389e-01
-4.666439260979763359e-01
-4.671790565509005289e-01
-4.673836814076636204e-01
-4.678872150239646865e-01
-4.685809809692315087e-01
-4.689412278418644831e-01
-4.699115790613007659e-01
-4.710229932652290064e-01
-4.719643380176355985e-01
-4.728202638827740389e-01
-4.737523290548771304e-01
-4.753007398757591040e-01
-4.768194796571492700e-01
-4.777812630146857087e-01
-4.781860654199160399e-01
-4.787310048909944049e-01
-4.790109675457758232e-01
-4.795402522684872326e-01
-4.799132677251993218e-01
-4.803226504691191501e-01
-4.811247219347825066e-01
-4.815856938678355070e-01
-4.821975630305700422e-01
-4.827554358461770279e-01
-4.834691487987258784e-01
-4.844071716682782913e-01
-4.854105763491080583e-01
-4.860080328492356050e-01
-4.866520169281851049e-01
-4.878571266532725770e-01
-4.889192218868401163e-01
-4.899720472921315628e-01
-4.909943943254618248e-01
-4.924059393759940284e-01
-4.938321008718084548e-01
-4.954885121348904242e-01
-4.973128142926243056e-01
-4.991174038628601317e-01
-5.010014677769798475e-01
-5.029018502400909307e-01
-5.048086680603687260e-01
-5.067639039174194338e-01
-5.087598876718041341e-01
-5.107253016092370146e-01
-5.127169069286596770e-01
-5.146677834534554297e-01
-5.166444354804970995e-01
-5.186142176506221002e-01
-5.205623673822773467e-01
-5.225034114027510279e-01
-5.244739829279521093e-01
-5.264286599367653530e-01
-5.284230525103668086e-01
-5.304197155133654196e-01
-5.323814957736971998e-01
-5.343790233450916860e-01
-5.363908979791524034e-01
-5.384010922514572695e-01
-5.403992376804163111e-01
-5.423953165817445576e-01
-5.443949453202142630e-01
-5.463953540694610478e-01
-5.484188828044488373e-01
-5.504611015478861891e-01
-5.524916843583788095e-01
-5.545246842367681506e-01
-5.565813845516602854e-01
-5.586284287432861095e-01
-5.606985754587567872e-01
-5.627421999549545584e-01
-5.647978531603372598e-01
-5.668380183230177227e-01
2.000032189921296943e-01
2.000032349627662298e-01
2.022081656514455039e-01
2.026181684207014611e-01
2.029813136857281930e-01
2.033197622093341483e-01
2.036926237530366501e-01
2.040905565136452160e-01
2.045142836513263174e-01
2.049221987932435540e-01
2.053500931204256807e-01
2.057713609916863307e-01
2.061694259646731087e-01
2.065962035586232370e-01
2.070375168806106725e-01
2.074650594687437455e-01
2.079133528848366164e-01
2.083682713874153991e-01
2.088569245495996984e-01
2.093786490555925861e-01
2.098525048107894864e-01
2.102868208357376312e-01
2.106298426578648020e-01
2.109555515662314973e-01
2.112568590097012866e-01
2.115311816938784673e-01
2.117796653321315781e-01
2.119924493582369951e-01
2.121358893478900998e-01
2.122598545883331300e-01
2.123919898852834609e-01
2.125090054079404045e-01
2.126192598003850132e-01
2.127300769639195732e-01
2.128483793509088062e-01
2.129571823248563034e-01
2.130734659832512756e-01
2.131917560733556372e-01
2.133137058325609015e-01
2.134329794123937252e-01
2.135356968543107303e-01
2.136257800663065032e-01
2.137009387111814818e-01
2.137761166493506448e-01
2.138413569113135348e-01
2.138952805257896828e-01
2.139317100862010990e-01
2.139524682404121692e-01
2.139571391643686205e-01
2.139413650796394006e-01
2.139089518359496289e-01
2.138519503384782583e-01
2.137709426378122668e-01
2.136910700672042807e-01
2.135775943275497468e-01
2.134519319552723449e-01
2.132941407250049104e-01
2.131153348504871703e-01
2.128819691541720960e-01
2.125355854365243158e-01
2.121847041719138738e-01
2.117577808576441012e-01
2.110710709274870034e-01
2.105750835190742243e-01
2.099153633605978508e-01
2.094336274900465145e-01
2.088412369318295159e-01
2.084372530253288669e-01
2.075835463388192581e-01
2.071991231057598859e-01
2.069252187818425848e-01
2.066653108511697368e-01
2.064267775952655370e-01
2.061011725947556883e-01
2.058271791259884131e-01
2.055279775940259124e-01
2.051933719550550761e-01
2.048034713245376337e-01
2.043492739907694644e-01
2.039635865602597575e-01
2.036282843515088148e-01
2.033209257073943232e-01
2.030470687923963125e-01
2.027584767630149776e-01
2.025132393335110914e-01
2.022519110666064768e-01
2.019889589006037545e-01
2.017306714421288061e-01
2.014674422058140846e-01
2.012126347005732674e-01
2.009759526438479327e-01
2.007980186913343179e-01
2.006611664059879951e-01
2.004709525286858807e-01
2.003173737518325892e-01
2.001669855830727207e-01
2.001043362761925071e-01
1.999868794685452089e-01
1.998783998350401048e-01
1.997286697812226952e-01
1.995803929662208487e-01
1.993971662494489483e-01
1.992119726002556934e-01
1.989960928914461247e-01
1.987517966624228749e-01
1.985710713689550488e-01
1.984344100973119973e-01
1.982780312489654251e-01
1.981366378064163825e-01
1.980254841772047247e-01
1.979057354335527208e-01
1.977769266080275923e-01
1.976460927560902692e-01
1.974998458127293632e-01
1.973253697100768311e-01
1.970878743946360423e-01
1.964114417105349009e-01
1.956238029311661852e-01
1.943418160068277889e-01
1.931038820441588477e-01
1.923237042893027049e-01
1.917735963738956273e-01
1.912994085926001953e-01
1.906449455304706497e-01
1.898363517637999820e-01
1.893636388676115112e-01
1.888364964105204158e-01
1.883098895738114786e-01
1.876716327519675764e-01
1.867707857195930465e-01
1.862752092080214583e-01
1.859437816307191738e-01
1.855355629284847485e-01
1.848953716365123179e-01
1.844426165776176241e-01
1.832736461119308935e-01
1.822383163237922266e-01
1.815022138519642725e-01
1.807732706541943513e-01
1.794547369666773806e-01
1.786364958603555431e-01
1.776231986816836639e-01
1.771685492495274905e-01
1.760932948576030832e-01
1.755773687657845583e-01
1.744119616118902927e-01
1.736109903253525710e-01
1.729549002142453940e-01
1.722469614390439996e-01
1.713583243413458745e-01
1.707055775160449540e-01
1.699062022150320539e-01
1.692820292980392882e-01
1.687000893047498062e-01
1.681569745019367568e-01
1.674534891248821988e-01
1.667619929954448355e-01
1.659199059500401641e-01
1.648954999429638468e-01
1.638952722051699173e-01
1.632059876725119596e-01
1.626268169962757359e-01
1.617549683363110613e-01
1.610710046017815866e-01
1.605964777460354986e-01
1.603118946574463854e-01
1.599058969370164285e-01
1.595075983848597834e-01
1.588787376631034531e-01
1.583202990688960254e-01
1.577355060925552943e-01
1.573990636057783776e-01
1.568711220026689501e-01
1.564776285536656208e-01
1.561515731322520306e-01
1.556516678532162967e-01
1.551366888345865613e-01
1.545009398563385317e-01
1.538244317968066877e-01
1.530836985528726546e-01
1.523162833482522571e-01
1.515700429272009153e-01
1.508589429776771851e-01
1.501448573753162430e-01
1.494315929078533223e-01
1.487447970683671017e-01
1.480417858840832046e-01
1.472858524970335758e-01
1.465279030331774202e-01
1.458555160977614562e-01
1.451397678163382776e-01
1.444852506588982233e-01
1.438465787341691449e-01
1.432159095600435417e-01
1.426406849063098503e-01
1.420840042006872861e-01
1.415535025160734872e-01
1.410610106359846405e-01
1.406233864248105925e-01
1.402056706367434957e-01
1.398094688745089298e-01
1.394230175588116738e-01
1.390474973094462385e-01
1.386968613903249159e-01
1.383545935329213716e-01
1.380210323774932468e-01
1.377006907058255791e-01
1.373813248118597174e-01
1.370949909371702857e-01
1.368237136428569478e-01
1.365706729161524358e-01
1.363350609811718184e-01
1.361212573332321041e-01
1.359304227850667846e-01
1.357351875566420452e-01
1.355580860422074263e-01
1.353737275819570929e-01
1.351969682051643307e-01
1.350265813308246798e-01
1.348564358689574860e-01
1.346997058479304787e-01
1.345615642827335534e-01
1.344354360073887478e-01
1.343206902214464649e-01
1.342139269021130898e-01
1.341194896195894715e-01
1.340358919235120072e-01
1.339711923160611939e-01
1.339257920293586701e-01
1.338961391070450369e-01
1.338898460601291862e-01
1.339047962310605799e-01
1.339347593379264789e-01
1.339830591445717867e-01
1.340385622257987130e-01
1.341154612392050360e-01
1.342178671765874021e-01
1.343372495810540579e-01
1.344668020990843760e-01
1.346273435573494270e-01
1.348078531633208621e-01
1.350190446719765902e-01
1.352516127018340841e-01
1.354957440889218989e-01
1.357566002162262087e-01
1.360371793368063409e-01
1.363255612054312116e-01
1.366240137300942514e-01
1.369554930629273970e-01
1.373007631292695319e-01
1.376805839450204183e-01
1.380861394865955938e-01
1.385220485583527339e-01
1.389792205143261239e-01
1.394642486138507331e-01
1.399507490287665579e-01
1.404625442514227662e-01
1.409743551154426788e-01
1.415083881813052336e-01
1.420801349884473763e-01
1.426624405770167692e-01
1.432612114844710460e-01
1.438658145515044895e-01
1.445135593284369024e-01
1.451622785314463926e-01
1.458432624091092755e-01
1.465353590749116364e-01
1.472460821141166054e-01
1.479782391339622694e-01
1.487263710617215684e-01
