-2.000021899837403638e-01
-2.000022057875762704e-01
-2.011660586542186324e-01
-2.019840179055928386e-01
-2.028121718199361878e-01
-2.037443849134053242e-01
-2.045834469287149127e-01
-2.055661765513928096e-01
-2.067446458784715224e-01
-2.076792208527567518e-01
-2.086979249218125221e-01
-2.097175963283591793e-01
-2.107054626911633033e-01
-2.117020692480258426e-01
-2.128547370255344795e-01
-2.138882713257897472e-01
-2.149817984148561234e-01
-2.161238181867495556e-01
-2.171912472488932433e-01
-2.182525360778698464e-01
-2.193667445706972141e-01
-2.205111920262589342e-01
-2.215640325843928338e-01
-2.225247226522557575e-01
-2.235405865540346926e-01
-2.245387447633339362e-01
-2.255523814457643383e-01
-2.264856835782629030e-01
-2.274379656752885115e-01
-2.282967381151286002e-01
-2.292127705536172178e-01
-2.300922723855739760e-01
-2.310132404541828666e-01
-2.319819259312683735e-01
-2.329023781317166863e-01
-2.338246916563474775e-01
-2.348066235454379647e-01
-2.358225462811828488e-01
-2.366766593191057255e-01
-2.375004767931918337e-01
-2.383651377179113739e-01
-2.392223544437863392e-01
-2.400305866593601678e-01
-2.408364751062271325e-01
-2.417640359204532297e-01
-2.426129202325535972e-01
-2.433688107421306257e-01
-2.442910091308723719e-01
-2.451868320473417628e-01
-2.460415812119164658e-01
-2.469391555961608364e-01
-2.476433385335626569e-01
-2.484583454272267511e-01
-2.491973370160039392e-01
-2.499737893328251026e-01
-2.506612902772855644e-01
-2.514129213912223992e-01
-2.522021152436454972e-01
-2.529735903240751815e-01
-2.537362601927827810e-01
-2.545206487896640724e-01
-2.552408584341513964e-01
-2.559971162708458703e-01
-2.567801477671810551e-01
-2.575278622379377214e-01
-2.582638359179568743e-01
-2.589856836864786183e-01
-2.596854026739467969e-01
-2.603307490627718712e-01
-2.609881485186333339e-01
-2.616305903090646590e-01
-2.622302408578515154e-01
-2.628152687202766624e-01
-2.633832160317617910e-01
-2.639256324238188900e-01
-2.644650311448505375e-01
-2.649980061722797542e-01
-2.655318059230120098e-01
-2.660530906384134253e-01
-2.665766469974085173e-01
-2.670848459273287290e-01
-2.675944269018468713e-01
-2.680984392820296991e-01
-2.686051663637850084e-01
-2.691155284195170805e-01
-2.696269568489658708e-01
-2.701391705793281806e-01
-2.706520150094975374e-01
-2.711653585771264807e-01
-2.716790861719459160e-01
-2.721931004515078523e-01
-2.727073222728133017e-01
-2.732216888858803872e-01
-2.737361505489452340e-01
-2.742506684298567921e-01
-2.747652175584923695e-01
-2.752797806622542809e-01
-2.757943467673058535e-01
-2.763089088355689671e-01
-2.768234622390072230e-01
-2.773380047987381580e-01
-2.778525359779442927e-01
-2.783670522749364107e-01
-2.788815480640559619e-01
-2.793960241006360201e-01
-2.799104827959532638e-01
-2.804249267442933125e-01
-2.809393577177724532e-01
-2.814537774925757740e-01
-2.819681878379112772e-01
-2.824825904998560233e-01
-2.829969854538155194e-01
-2.835113725761401193e-01
-2.840257517696834766e-01
-2.845401230017522431e-01
-2.850544863372339033e-01
-2.855688419657380073e-01
-2.860831902223111567e-01
-2.865975315405804302e-01
-2.871118657277049180e-01
-2.876261927937633911e-01
-2.881405129726597458e-01
-2.886548267351193853e-01
-2.891691345749609621e-01
-2.896834364595683442e-01
-2.901977325024922005e-01
-2.907120229728971106e-01
-2.912263082988895690e-01
-2.917405890722050699e-01
-2.922548702759760197e-01
-2.927691575890913889e-01
-2.932834504542161658e-01
-2.937977458726004354e-01
-2.943120409221603451e-01
-2.948263328096475400e-01
-2.953406206103523779e-01
-2.958549040835624644e-01
-2.963663877867546148e-01
-2.968732325978273301e-01
-2.973751798202672880e-01
-2.978704069182312453e-01
-2.983603142579756007e-01
-2.988440821754713705e-01
-2.993261957071353674e-01
-2.998032212940991981e-01
-3.002692493558654641e-01
-3.007133229231695459e-01
-3.011382010662752573e-01
-3.015386248618363574e-01
-3.019224281019579070e-01
-3.022822960731203490e-01
-3.026259716073533279e-01
-3.029419162454846659e-01
-3.032327954488246990e-01
-3.034942501628477007e-01
-3.037302472731512881e-01
-3.039424863134752575e-01
-3.041247989919498851e-01
-3.042724786417104754e-01
-3.043921467094827249e-01
-3.044803922884763980e-01
-3.045379825738008805e-01
-3.045695844231240401e-01
-3.045779347891948152e-01
-3.045674545128758681e-01
-3.045349678978501173e-01
-3.044809338135888721e-01
-3.044093850877361840e-01
-3.043187375882124845e-01
-3.042132959880045062e-01
-3.040955890918820015e-01
-3.039612292242336311e-01
-3.038206670190504721e-01
-3.036680873370311007e-01
-3.035039671952487472e-01
-3.033280734259128364e-01
-3.031475749368844896e-01
-3.029666192311615269e-01
-3.027759433971603520e-01
-3.025861818757888400e-01
-3.023978961123633402e-01
-3.022084861755349183e-01
-3.020195776258546849e-01
-3.018329222087949293e-01
-3.016429493128615080e-01
-3.014513390902345824e-01
-3.012599278284430748e-01
-3.010686663955941533e-01
-3.008775143860639156e-01
-3.006917984055710868e-01
-3.004970119467920142e-01
-3.003028259973047343e-01
-3.000982982709857194e-01
-2.998884425429694800e-01
-2.996695452824028050e-01
-2.994407509893646790e-01
-2.991931528275758034e-01
-2.989328011614280078e-01
-2.986652502341176629e-01
-2.983894636572781423e-01
-2.981078811109619808e-01
-2.978212751145616899e-01
-2.975347390469684772e-01
-2.972400628197402472e-01
-2.969318727752372489e-01
-2.966164190051160943e-01
-2.962916009972621501e-01
-2.959611917541706827e-01
-2.956318281347810606e-01
-2.953005441724206870e-01
-2.949562498456213544e-01
-2.945983205028034346e-01
-2.942360929764363808e-01
-2.938624563678167156e-01
-2.934876261877708559e-01
-2.931141509003785672e-01
-2.927412439146060419e-01
-2.923467575039092048e-01
-2.919445270658315161e-01
-2.915385576421535285e-01
-2.911321925728727056e-01
-2.907196187188352265e-01
-2.903025637163297867e-01
-2.898677325720854792e-01
-2.894213585342048645e-01
-2.889754112530578678e-01
-2.885399286552266518e-01
-2.880815800650586289e-01
-2.876296499871779933e-01
-2.871543800566043747e-01
-2.866804052732352392e-01
-2.862008590860727897e-01
-2.857228203348836093e-01
-2.852490761905721595e-01
-2.847646693873962520e-01
-2.842759031428141459e-01
-2.837586522302839587e-01
-2.832337556668741985e-01
-2.826924857887671005e-01
-2.821381810420722225e-01
-2.815527353133153166e-01
-2.809609082565266425e-01
-2.803585514279833268e-01
-2.797487706876049529e-01
-2.791098824374140808e-01
-2.784473836083201648e-01
-2.777695774570214660e-01
-2.770838537540105118e-01
-2.764049030545622232e-01
-2.757098286543762655e-01
-2.750059161438189181e-01
-2.742962802532933897e-01
-2.735757696329810806e-01
-2.728440512467565915e-01
-2.721250964024504171e-01
-2.714118815667728168e-01
-2.706791783622488068e-01
-2.699646537666476886e-01
-2.692299141035947585e-01
-2.684948818371378776e-01
-2.677829290482461877e-01
-2.670537486457176812e-01
-2.663156756432416006e-01
-2.655502709300791575e-01
-2.647835866606853550e-01
-2.639871035077866468e-01
-2.631672060892397136e-01
-2.623533642709341973e-01
-2.615357808479611967e-01
-2.606810042994959775e-01
-2.597901282284291180e-01
-2.589013477237671057e-01
-2.580064960740108826e-01
-2.571124724742331891e-01
-2.562191430314864071e-01
-2.553263814011955679e-01
-2.544425474239802587e-01
-2.535569529839805658e-01
-2.526607419036319135e-01
-2.517684832092484393e-01
-2.508717355998050791e-01
-2.499751499700589852e-01
-2.490863317979347125e-01
-2.481879562894795388e-01
-2.472896701235109407e-01
-2.463914533035264365e-01
-2.454932888264852453e-01
-2.445951629269390859e-01
-2.436970647460915962e-01
-2.427989859525340188e-01
-2.419009207488213298e-01
-2.410028642239142871e-01
-2.401048133692208764e-01
-2.392305100034252674e-01
-2.383746368776080704e-01
-2.375088898475138377e-01
-2.366726608826688061e-01
-2.357891274458694675e-01
-2.349338817347536024e-01
-2.341316209464771869e-01
-2.332779368538095421e-01
-2.324664183548885987e-01
-2.315932748567325894e-01
-2.306922499393223858e-01
-2.298219348856961608e-01
-2.289495083947588050e-01
-9.236801690608880114e-07
-9.390144084395867974e-07
-5.236617708115928575e-04
-1.036420062054575156e-03
-1.560517860802951686e-03
-2.148649455023625421e-03
-2.782416443408613441e-03
-3.456176649466952480e-03
-4.121018801671033106e-03
-4.828400016960930977e-03
-5.539999011178482931e-03
-6.160180162219287825e-03
-6.463951296673028056e-03
-6.900021316626284325e-03
-7.176132430939872325e-03
-7.322268287879562902e-03
-7.429708610462568662e-03
-7.533950166815854728e-03
-7.653915575814210399e-03
-7.702880304247241607e-03
-8.137758357765853545e-03
-8.296110532678858257e-03
-8.482953192084707189e-03
-8.513668400541194239e-03
-8.616706619620481677e-03
-8.642903008598610062e-03
-8.822420271729995364e-03
-8.996157944413359434e-03
-9.147890338498115489e-03
-9.232853858325743013e-03
-9.284770140683353337e-03
-9.399506878819002126e-03
-9.525571628408332353e-03
-9.656358265576767477e-03
-9.758638253198460497e-03
-1.006073854604165770e-02
-1.015313476524084754e-02
-1.043451059117196482e-02
-1.054053736337772981e-02
-1.068349001667448332e-02
-1.088935043336946434e-02
-1.116686234323229290e-02
-1.133318052029471529e-02
-1.148365938210179835e-02
-1.161115982120837671e-02
-1.179685838150900008e-02
-1.207357531816567395e-02
-1.227793025485727878e-02
-1.246029723779469578e-02
-1.269175109584331183e-02
-1.287961867055437311e-02
-1.309900925732130142e-02
-1.334207093778059725e-02
-1.342112937039943200e-02
-1.354950742285474831e-02
-1.362380165327026910e-02
-1.368336243056460060e-02
-1.382066990122320094e-02
-1.395305512496150709e-02
-1.416422239760470152e-02
-1.439070216561664367e-02
-1.450991150028517300e-02
-1.458521159098682095e-02
-1.460029009174843018e-02
-1.466261369031570359e-02
-1.471027586939701974e-02
-1.475195764767795077e-02
-1.493916769229553139e-02
-1.501091225492877899e-02
-1.510423092820961828e-02
-1.519038167504478502e-02
-1.535261162190983131e-02
-1.543495953302851005e-02
-1.548586162075937973e-02
-1.554954642004757574e-02
-1.559521993268824826e-02
-1.566947320467656016e-02
-1.573467206383845005e-02
-1.587432859620040160e-02
-1.600494145537057974e-02
-1.605840266517042855e-02
-1.613009879858035012e-02
-1.621282131613584546e-02
-1.625963994198840329e-02
-1.634794961790290296e-02
-1.644830522606914591e-02
-1.669304328286368502e-02
-1.684825900361684031e-02
-1.692461015229110993e-02
-1.706894721782209468e-02
-1.717950989408490933e-02
-1.724879338620805697e-02
-1.734550135419702516e-02
-1.747047104224720357e-02
-1.759575811483349295e-02
-1.771152573625929885e-02
-1.787790201876346408e-02
-1.790818835182829763e-02
-1.799358572914134397e-02
-1.799808510220467575e-02
-1.808461709472978032e-02
-1.810841440102673935e-02
-1.814918706435802651e-02
-1.812877171544635332e-02
-1.809553534376872122e-02
-1.809334370464220007e-02
-1.806024975662499227e-02
-1.808397713401090762e-02
-1.807247825961913121e-02
-1.806851589557235613e-02
-1.813444439819515350e-02
-1.817145631576234238e-02
-1.820687102159102358e-02
-1.819752140530227213e-02
-1.819166349936386651e-02
-1.815839118549630871e-02
-1.811115214199649631e-02
-1.801928327743214722e-02
-1.792400240653307247e-02
-1.781678279874984380e-02
-1.769101658491084583e-02
-1.755447487392230999e-02
-1.746267592182203579e-02
-1.742620174505180378e-02
-1.732318395964518865e-02
-1.726735839302974071e-02
-1.724944035501634748e-02
-1.716719756515485903e-02
-1.704857429630793689e-02
-1.701081604493375268e-02
-1.694538221428442890e-02
-1.690558537872773048e-02
-1.690733189640849718e-02
-1.689595802003162825e-02
-1.693421905310431991e-02
-1.688113697396140950e-02
-1.689531196581323461e-02
-1.682876271812636798e-02
-1.679569463385071140e-02
-1.673897812207450139e-02
-1.670256025235860101e-02
-1.669929103937258311e-02
-1.665147513835711982e-02
-1.656376321199097210e-02
-1.649009704331496490e-02
-1.644919125261747397e-02
-1.636613213167821893e-02
-1.637326085496624423e-02
-1.637040620670416821e-02
-1.635587483555627289e-02
-1.631350584806483608e-02
-1.635001396636137985e-02
-1.633384726600937281e-02
-1.631519381536165186e-02
-1.635952334939509353e-02
-1.628195711469080514e-02
-1.625647504271109101e-02
-1.615019335426921485e-02
-1.603903504379538061e-02
-1.593450806286530325e-02
-1.588280214614218658e-02
-1.579832848326093164e-02
-1.572899371299123217e-02
-1.572756323896929570e-02
-1.563806520228503555e-02
-1.560412508052046524e-02
-1.553460279309767239e-02
-1.545464390926361460e-02
-1.536725157426556930e-02
-1.533930415979428696e-02
-1.536790122142006262e-02
-1.527953839858731989e-02
-1.521879240690514681e-02
-1.510385198871391603e-02
-1.504047499254577633e-02
-1.495923097042881414e-02
-1.482778747497503699e-02
-1.480573907715977688e-02
-1.466947569673583696e-02
-1.453824564870222040e-02
-1.435033083562556322e-02
-1.412087355738830471e-02
-1.390900718950377306e-02
-1.370601743502751491e-02
-1.350391288546433713e-02
-1.330591672690678053e-02
-1.315736734725797032e-02
-1.303174044406142477e-02
-1.302082297620106230e-02
-1.292978968815656528e-02
-1.284432037986646402e-02
-1.276926168636485781e-02
-1.267125997275908231e-02
-1.270264135584533993e-02
-1.268062376163203372e-02
-1.273210987576024571e-02
-1.277391385340715876e-02
-1.280951543943678952e-02
-1.278056241994742805e-02
-1.276514153466214163e-02
-1.281264198032218762e-02
-1.286615675780116222e-02
-1.295834906086112091e-02
-1.309386152167321682e-02
-1.320605560021517397e-02
-1.338770417950366567e-02
-1.356344285895634549e-02
-1.368640462848950967e-02
-1.374925219049856831e-02
-1.377015969886084303e-02
-1.378972438244020424e-02
-1.385467339835447925e-02
-1.389203018283326208e-02
-1.387849117032560579e-02
-1.392668151808376491e-02
-1.403989317150623577e-02
-1.407943619414047526e-02
-1.411207486239112081e-02
-1.419756439375137978e-02
-1.441236664859597318e-02
-1.445439499664063002e-02
-1.443097389330495577e-02
-1.447689122099792523e-02
-1.457395409999524306e-02
-1.472114923243400715e-02
-1.472422015471378139e-02
-1.472622828611320524e-02
-1.470095627637670564e-02
-1.471299408500692171e-02
-1.470644338073999816e-02
-1.461149017224159206e-02
-1.472117692842950243e-02
-1.463845744548966134e-02
-1.472690630456895307e-02
-1.479177478743488351e-02
-1.481378275363425326e-02
-1.502675466830552704e-02
-1.529717717133074681e-02
-1.529663362036263671e-02
-1.526076376186298426e-02
-1.525128984157322724e-02
-1.523745038793845180e-02
-1.534741895636087920e-02
-1.528376190692492739e-02
-1.532590976379802523e-02
-1.531295512831893670e-02
-1.533594103884024576e-02
-1.537524059227368851e-02
-1.540340365003391686e-02
-1.538256857333353093e-02
-1.541546447076579812e-02
-1.541318604246159039e-02
-1.538097598721226839e-02
-1.535278095824275414e-02
-1.522411114869190278e-02
-1.511030230977242379e-02
-1.494579399400230643e-02
-1.489960973650218852e-02
-1.487003031408944652e-02
-1.477923617917841978e-02
-1.471494133275737942e-02
-1.467615538774553856e-02
-1.464491287376363388e-02
-1.463130409429471909e-02
-1.475793380006022032e-02
-1.469528934609041354e-02
-1.464720096313333088e-02
-1.459089624851965354e-02
-1.464671816125351529e-02
-1.462675361613365900e-02
-1.462749074676809175e-02
-1.465722871983551022e-02
-1.459829173237058887e-02
-1.458254832676871351e-02
-1.454391480475614694e-02
-1.457484013592696102e-02
-1.455962411846951389e-02
-1.474583120994508653e-02
-1.498066488059461403e-02
-1.513109436206933577e-02
-1.539904756307853943e-02
-1.553586354691342993e-02
-1.568488930727821029e-02
-1.584584297329924563e-02
-1.607053894696875221e-02
-1.619473110498050039e-02
-1.628366436032539430e-02
-1.636265216779282314e-02
-1.647083024529371817e-02
-1.655534107607445349e-02
-1.665318555365924436e-02
-1.671561859396152733e-02
-1.669271408579391797e-02
-1.665572812618968182e-02
-1.666286442487506514e-02
-1.663863969816159818e-02
-1.668282224399854005e-02
-1.676980011850385394e-02
-1.704545590572047187e-02
-1.718588222728888865e-02
-1.737078004266938078e-02
-1.774658764732306784e-02
-1.805001447276161075e-02
-1.854598291035096727e-02
-1.920306455070992790e-02
-1.979278865632546833e-02
-2.017117530327059566e-02
-2.055692291436688954e-02
-2.085762375874967989e-02
-2.106222360675207017e-02
-2.130090737170681550e-02
-2.160912429969603227e-02
-2.179037205673739139e-02
-2.209660315134138672e-02
-2.238584533852447378e-02
-2.259353127602028652e-02
-2.284964980878834845e-02
-2.315776756676287892e-02
-2.344929548818331516e-02
-2.370356345921936433e-02
-2.398501500721354762e-02
-2.439521742789957717e-02
-2.482577051390371520e-02
-2.519656874901688923e-02
-2.554493071575281854e-02
-2.578787527120058806e-02
-2.616476487731859632e-02
-2.647562177852884335e-02
-2.689687240126543283e-02
-2.744585499146202923e-02
-2.784902508676972976e-02
-2.827840986510877716e-02
-2.864257627365642336e-02
-2.909026741764731555e-02
-2.965639527818953944e-02
-3.020104310376777595e-02
-3.070345771454255010e-02
-3.120734828517052195e-02
-3.168350479080906529e-02
-3.222475132959725513e-02
-3.266521606113734905e-02
-3.318418240076924375e-02
-3.361102924906723272e-02
-3.405123246850388224e-02
-3.452637191237263592e-02
-3.498243129113855210e-02
-3.541540229204866858e-02
-3.586094725810348022e-02
-3.633681571294215124e-02
-3.674281837264065098e-02
-3.715837826971593594e-02
-3.755670000296983807e-02
-3.796682506678673852e-02
-3.830064808719002567e-02
-3.866558174807441933e-02
-3.896233178640516603e-02
-3.925377044858590486e-02
-3.958850860080576073e-02
-3.987874546340990090e-02
-4.019616872100963134e-02
-4.053233211157127730e-02
-4.083115779157014263e-02
-4.113167113387161677e-02
-4.145043618321549855e-02
-4.172839360058997610e-02
-4.198577165715201842e-02
-4.219776183176270068e-02
-4.239896870293609343e-02
-4.261556501216148818e-02
-4.275623050873801623e-02
-4.297486039457048407e-02
-4.319218989008617726e-02
-4.345065530678057092e-02
-4.370582639423780530e-02
-4.398805575667342344e-02
-4.421935874809707068e-02
-4.445864916088167890e-02
-4.467840286528727833e-02
-4.485441862607768976e-02
-4.504770282418505550e-02
-4.519551419210573323e-02
-4.535862089156798838e-02
-4.549807510181418796e-02
-4.565435794251609947e-02
-4.577856375732201888e-02
-4.591771327401417829e-02
-4.606974578318755870e-02
-4.620883085766948339e-02
-4.635523583671904285e-02
-4.649307805522815557e-02
-4.663142023927965840e-02
-4.677162049011884121e-02
-4.690096576823320207e-02
-4.702956415992144007e-02
-4.715526994712338632e-02
-4.727651057170492027e-02
-4.737656721480446725e-02
-4.745569511102153831e-02
-4.750764624919577572e-02
-4.752174473910914659e-02
-4.749852555066905874e-02
-4.743453671763019769e-02
-4.734585429279918045e-02
-4.721995797366299735e-02
-4.703320815760164003e-02
-4.681882119163466305e-02
-4.658149528316407606e-02
-4.631155337716858639e-02
-4.602683279519069470e-02
-4.569879914710277963e-02
-4.539480959369392860e-02
-4.502761970021122023e-02
-4.460662999868802298e-02
-4.412836751810430419e-02
-4.361067302626957243e-02
-4.307487979546206075e-02
-4.255748844055274455e-02
-4.199065840366549701e-02
-4.141570654915242844e-02
-4.076697403722090440e-02
-4.013219552677146917e-02
-3.953039124852329722e-02
-3.880972498973049578e-02
-3.811592346416790844e-02
-3.736731461396566867e-02
-3.661356582038823720e-02
-3.585930189776941751e-02
-3.504169172421614520e-02
-3.416862105633755586e-02
-3.315013869418838299e-02
-3.216139283649105396e-02
-3.119186214267488308e-02
-3.021049204112887659e-02
-2.909083311806880817e-02
-2.805876989840634314e-02
-2.696784902310586651e-02
-2.586728480072429670e-02
-2.467377798008303300e-02
-2.344266585169440045e-02
-2.212623596781437135e-02
-2.079028719054467136e-02
-1.946014859657617044e-02
-1.812654719676460094e-02
-1.681867978745894832e-02
-1.538328444161535767e-02
-1.393053625157354182e-02
-1.255507441110529504e-02
-1.113326514470916809e-02
-9.714340677438352070e-03
-8.275162841208083195e-03
-6.819860847561659382e-03
-5.273747583434676076e-03
-3.583866080135530378e-03
-1.871969256002710153e-03
-5.685597031066822263e-05
1.604378287835045132e-03
3.373491305560993771e-03
5.140552161393549188e-03
6.901671985158570020e-03
8.620754195856538890e-03
1.041354969764917392e-02
1.216472007384965075e-02
1.395479384710070561e-02
1.566439880133949775e-02
1.744615656682702021e-02
1.922892564695126774e-02
2.106724896243268239e-02
2.280905078633431102e-02
2.473594991613756525e-02
2.667613899702808364e-02
2.863288611809750028e-02
3.063155345801222076e-02
3.265060613981668469e-02
3.462279865529704209e-02
3.670331996281412518e-02
3.863287317675738464e-02
4.080340281197693958e-02
4.290827894927213421e-02
4.506583539254616771e-02
4.720982865968290781e-02
4.922420360049489102e-02
5.126243397786764411e-02
5.333613950054549857e-02
5.551266506089125308e-02
5.772903950646124382e-02
5.993091792508640353e-02
6.210731527388948375e-02
6.428004792208723284e-02
6.648219216213126226e-02
6.861446382510862085e-02
7.088297955365335801e-02
7.302791556167269327e-02
7.522340618700609771e-02
7.743313942113962123e-02
7.971181474006976131e-02
8.203034557865480914e-02
