4.000006427549822052e-01
4.000006580571812131e-01
4.004362801887266232e-01
4.009149132678673233e-01
4.013855109204898519e-01
4.018511347849774151e-01
4.023033074477181947e-01
4.027512511208795054e-01
4.031878478704163382e-01
4.036008187453296592e-01
4.040032037717968816e-01
4.043912936708303763e-01
4.047742760025273001e-01
4.051575304138347877e-01
4.055346999185807655e-01
4.059014506995308191e-01
4.062633008709353732e-01
4.066065279846853286e-01
4.069365814409332538e-01
4.072528960819842836e-01
4.075586374828863434e-01
4.078553627606446019e-01
4.081466083637314557e-01
4.084305475893502124e-01
4.087141035827956403e-01
4.089947323774524301e-01
4.092737190742007369e-01
4.095496978407660582e-01
4.098188526650787811e-01
4.100859410930793314e-01
4.103491197353552056e-01
4.106131213387267387e-01
4.108777277315230902e-01
4.111428377077787633e-01
4.114083600986201961e-01
4.116742120874106736e-01
4.119403229658702426e-01
4.122066317349022957e-01
4.124730882775490826e-01
4.127396519739908176e-01
4.130062905062761858e-01
4.132729785780080434e-01
4.135396972537439542e-01
4.138064328188227892e-01
