-4.022017952315520284e-01
2.844684419261381207e-06
2.860687714976364391e-06
2.145509938216665687e-03
3.744333753007791834e-03
5.387069461470454269e-03
7.020578863253363298e-03
8.659366002296583001e-03
1.030661694572341386e-02
1.191109038264798713e-02
1.356301106071201162e-02
1.520904728318026727e-02
1.681783704930190498e-02
1.836872195139125502e-02
1.988557308592116962e-02
2.130505060734061776e-02
2.263964210768811686e-02
2.393328682004415911e-02
2.517258624325741795e-02
2.636402250332939637e-02
2.743000294270658140e-02
2.846597516328057062e-02
2.946706030661180517e-02
3.047764067875426142e-02
3.145647509339809245e-02
3.242555180566240869e-02
3.342503871736993842e-02
3.438612299367310721e-02
3.534567582277441111e-02
3.631724762560260833e-02
3.726242168253821735e-02
3.821242180046460768e-02
3.911409359358763993e-02
4.000785326209822107e-02
4.086506580883216694e-02
4.168913228706959406e-02
4.246147894266798922e-02
4.317533405758174764e-02
4.381856322220126221e-02
4.438524737523859287e-02
4.488193970886277667e-02
4.531458378998818454e-02
4.568897215664897288e-02
4.601649189745073143e-02
4.628336871540051495e-02
4.650171962766724149e-02
4.667005511712273708e-02
4.678709366439735146e-02
4.684266679270294303e-02
4.684271342291863871e-02
4.679885448069646958e-02
4.672043373618132989e-02
4.661709782315898165e-02
4.648286068756544986e-02
4.632229183599945871e-02
4.614466572619199680e-02
4.594810367393924178e-02
4.571965230135124902e-02
4.546564212128324095e-02
4.517488315772483221e-02
4.485350978283192402e-02
4.449448667312370237e-02
4.412244343028339649e-02
4.371202991914767411e-02
4.325621687034143792e-02
4.281645134190707053e-02
4.236838727468747456e-02
4.194086745908583158e-02
4.151689152558801083e-02
4.110222487552053078e-02
4.070051214388889504e-02
4.029177779779705149e-02
3.983462598948647043e-02
3.936526470055333460e-02
3.886598687429242832e-02
3.835086515993998274e-02
3.784095203711239364e-02
3.736066945186939520e-02
3.692406667679359183e-02
3.651876932270729792e-02
3.612769926433285345e-02
3.573869494652657380e-02
3.537139782235122071e-02
3.498960167571940616e-02
3.460233335471919747e-02
3.423818188182264910e-02
3.387770502672429740e-02
3.351646056592406248e-02
3.313689798969987610e-02
3.277286095458770143e-02
3.244653786277990754e-02
3.213382913769316507e-02
3.181652432568662231e-02
3.151596277433214160e-02
3.123103159440393864e-02
3.093847340421876368e-02
3.066205126601040387e-02
3.039250740196518946e-02
3.012968689007655340e-02
2.983872990593573749e-02
2.956162903277188142e-02
2.928424602678328381e-02
2.901761908787647490e-02
2.872567698963699248e-02
2.846617905663413259e-02
2.822780963910283963e-02
2.797962453100038410e-02
2.770827945736459644e-02
2.746269808940545940e-02
2.722082725712855755e-02
2.696171526529556398e-02
2.671574766359340741e-02
2.646181189860141378e-02
2.621255650902318615e-02
2.597150383594611783e-02
2.572924669349894652e-02
2.551107700154773075e-02
2.531253163105163725e-02
2.512998771004230913e-02
2.494148832483493450e-02
2.475639803531773375e-02
2.456892433070324844e-02
2.437702720793578220e-02
2.418291750473149440e-02
2.396022188346048909e-02
2.375037801948350763e-02
2.352490602803166547e-02
2.327148634336865737e-02
2.302850476810009567e-02
2.281892663894839746e-02
2.258525606502468502e-02
2.235499302145398104e-02
2.213955732290574796e-02
2.192746275466924549e-02
2.173385094310138765e-02
2.154378757548459922e-02
2.135772342706791782e-02
2.115252317216033753e-02
2.091395524522602495e-02
2.068652164881813749e-02
2.045247201072955892e-02
2.023405456223804563e-02
2.002840225928778639e-02
1.983069587840584694e-02
1.965113878860642871e-02
1.947883590959590891e-02
1.932805225229973500e-02
1.917646373328748752e-02
1.901916693850537465e-02
1.885135005729253466e-02
1.868820735613122355e-02
1.853454847559559207e-02
1.838062710762680338e-02
1.822159955844361232e-02
1.805599669389281250e-02
1.786993330232969357e-02
1.770757985093078524e-02
1.756276668076191608e-02
1.742466931385366902e-02
1.729458590533859350e-02
1.717181219026363975e-02
1.706384194847219982e-02
1.695823785457736821e-02
1.683510567253660578e-02
1.670590383869990578e-02
1.659174991741305463e-02
1.647426058175524219e-02
1.635434153773273128e-02
1.623374859108102017e-02
1.612529136744820374e-02
1.600418135144772436e-02
1.588189136773032056e-02
1.576100549932497180e-02
1.564746274708075230e-02
1.552458596943883523e-02
1.540555055904191395e-02
1.528420876942859427e-02
1.515622990674370812e-02
1.501529620355749120e-02
1.487174718205482374e-02
1.473538628388974120e-02
1.460237869238971940e-02
1.447062246593971285e-02
1.435037741844946355e-02
1.424321159000976715e-02
1.413959060694526537e-02
1.402993221159983331e-02
1.392337195413585228e-02
1.381025879167448525e-02
1.369923175765355369e-02
1.359661389526025180e-02
1.350108011600156116e-02
1.341077039777164095e-02
1.332477769694583036e-02
1.323565099959841777e-02
1.315904139639776857e-02
1.309305119144885295e-02
1.303099215596513483e-02
1.297525792669798617e-02
1.292131863093461640e-02
1.287177479820910027e-02
1.282629781340110554e-02
1.278455042759707623e-02
1.274566907471841315e-02
1.271420537240360200e-02
1.268761260013709889e-02
1.264700448545522452e-02
1.261303172480386647e-02
1.258029072070804277e-02
1.255203450533599191e-02
1.252833590864746438e-02
1.251014221696774599e-02
1.249659955366833053e-02
1.248410780836991911e-02
1.247637151830396744e-02
1.247350468814829513e-02
1.247452088232761137e-02
1.247939376128391273e-02
1.248886361302862374e-02
1.250156319131642824e-02
1.251954675629247254e-02
1.254303315990077869e-02
1.257384146645960585e-02
1.260745650157217394e-02
1.264533550493684641e-02
1.269007268097176351e-02
1.273463219168735616e-02
1.278422774542101008e-02
1.284204024389896080e-02
1.290000104495695084e-02
1.296585966687254128e-02
1.303787549960530590e-02
1.311225221849326994e-02
1.318669695095949987e-02
1.326252856211954968e-02
1.333874156873890264e-02
1.342004728452913381e-02
1.350533877341463483e-02
1.359763824674188777e-02
1.370018620584219880e-02
1.381237314140337270e-02
1.392953110004959208e-02
1.404706630278496071e-02
1.415335938695144388e-02
1.426368351846499065e-02
1.436839009886786180e-02
1.448484258438510405e-02
1.456602794079886291e-02
1.465751464433081089e-02
1.474861766857963642e-02
1.485039163070815682e-02
1.496158389972133095e-02
1.507625439148900341e-02
1.519043254077316260e-02
1.530347893913421888e-02
1.541889984570341855e-02
1.553467074608212532e-02
1.565403860096078320e-02
1.577403209881900886e-02
1.589355433084134461e-02
1.601520475878937325e-02
1.613781949258415865e-02
1.625726339365237555e-02
1.638490573043840937e-02
1.652811141596760916e-02
1.666942996650726261e-02
1.680587886135347445e-02
1.694598220108927550e-02
1.708902656203165407e-02
1.723777896763140430e-02
1.738837335985496738e-02
1.756530800106386250e-02
1.773600288481105500e-02
1.792319217926712990e-02
1.810646585384539237e-02
1.829013725786828720e-02
1.847614323896912616e-02
1.866276670712443270e-02
1.885977301391577460e-02
1.906895268726606363e-02
1.926819132144880556e-02
1.946564217172925410e-02
1.968932586977035701e-02
1.991485355905261642e-02
2.014390061183185185e-02
2.037840684388183068e-02
2.061103237719728865e-02
2.085575867342231646e-02
2.112608528691744744e-02
2.140997277951822361e-02
2.167031149204807008e-02
2.195577476672283188e-02
2.225049147641882871e-02
2.254764449402172494e-02
2.282181610430067398e-02
2.310527772506735730e-02
2.339896878987120232e-02
2.369271049008637650e-02
2.398702380651427171e-02
2.428050913021879975e-02
2.457194218547220643e-02
2.485490358859358123e-02
2.513454251415370502e-02
2.541242159437568163e-02
2.570070262015091908e-02
2.598943671544185624e-02
2.628549833340701469e-02
2.660319719263693622e-02
2.692394872549248863e-02
2.723760683274374997e-02
2.755195688418931796e-02
2.786050268035508704e-02
2.817153907842906771e-02
2.848649630465305629e-02
2.878421351409532133e-02
2.907800809651051380e-02
2.936941329589305011e-02
2.967411590555217235e-02
2.998000052131541068e-02
3.026781558658322643e-02
3.053361465051034063e-02
3.081760195121519691e-02
3.110397983891972570e-02
3.137334216520600710e-02
3.164313443033305029e-02
3.191297099107375662e-02
3.217961474952502066e-02
3.242860069948312607e-02
3.266971269472877804e-02
3.290690375198505185e-02
3.313738838999922415e-02
3.336532929373881712e-02
3.360619568783405203e-02
3.384994860003456146e-02
3.409678138077029685e-02
3.434420049706540801e-02
3.460537655683920688e-02
3.485378488035673072e-02
3.512809550967137262e-02
3.539774479865047396e-02
3.566404513621181105e-02
3.591682335635858897e-02
3.617432559592669017e-02
3.641575147883185232e-02
3.665432811246579353e-02
3.687311310032816841e-02
3.705656623506268371e-02
3.720652132385419975e-02
3.731867447323244241e-02
3.742064172363072233e-02
3.748014712648047031e-02
3.750841789586571023e-02
3.749401836113738784e-02
3.744146611922413020e-02
3.737203419004327815e-02
3.726845581881373798e-02
3.714280138005956328e-02
3.698865539015182280e-02
3.679377023695324517e-02
3.661052317693154479e-02
3.643048870580031795e-02
3.624537478977408328e-02
3.606129446019244039e-02
3.587714242047815305e-02
3.567134468818655008e-02
3.546334658892582453e-02
3.525886269290903069e-02
3.501769571337469411e-02
3.477908089826389076e-02
3.454570116266474089e-02
3.430872195340933795e-02
3.406992080375655790e-02
3.383638014326592613e-02
3.361091097747289508e-02
3.337364936016878891e-02
3.314354701112839224e-02
3.290775531087983263e-02
3.266657829631675752e-02
3.242468265370435088e-02
3.217321174286683072e-02
3.193567534535385333e-02
3.171598082182772171e-02
3.151180612641430595e-02
3.131647539429664034e-02
3.113077849333225136e-02
3.095037361385343661e-02
3.076385424400759558e-02
3.057962084587825466e-02
3.039863171852143914e-02
3.021808064505649219e-02
3.004526377318756519e-02
2.988129978036338161e-02
2.971735156206040465e-02
2.955992050647874431e-02
2.940484972274084313e-02
2.925140175910323839e-02
2.910658281918191911e-02
2.895983056074482101e-02
2.881670395099318605e-02
2.867674639961456315e-02
2.853827553899747002e-02
2.840069878410162243e-02
2.826419767082845313e-02
2.814022359848671051e-02
2.802199860742644530e-02
2.790733241318968036e-02
2.779767453480644357e-02
2.769415131427717738e-02
2.759420000145461696e-02
2.749060970344285176e-02
2.739901292774172409e-02
2.731527079800992810e-02
2.724217647059668998e-02
2.717455332606965451e-02
2.711069270939670331e-02
2.704820832539793149e-02
2.699260208154074039e-02
2.693485274512650782e-02
2.687524678194433414e-02
2.681937344228505285e-02
2.676451789149614929e-02
2.669633219287275219e-02
2.661686447861227184e-02
2.653726198128590272e-02
2.646296811535993679e-02
2.639239711543319225e-02
2.632784333842402846e-02
2.626304661011184469e-02
2.619567274428580630e-02
2.613186520915245642e-02
2.606384388811320771e-02
2.596216399811928852e-02
2.585122716930051551e-02
2.573791622433240639e-02
2.562337710417225689e-02
2.546803509456562614e-02
2.528153900601122842e-02
2.510529784004419951e-02
2.489058323247242757e-02
2.467465468556968508e-02
2.444650493906900743e-02
2.419192750731029642e-02
2.390559877386717186e-02
2.361710239666631184e-02
2.333477049538761755e-02
2.304376559358948043e-02
2.277929095992282243e-02
2.254151783695168554e-02
2.226652514597693422e-02
2.195764647299354791e-02
2.162944897057801630e-02
2.132348849000769916e-02
2.104654514647982463e-02
2.077619662390496613e-02
2.048604073404418011e-02
2.018261719382700298e-02
1.984958296844140796e-02
1.950880270875252759e-02
1.917221621375321886e-02
1.882187572529938832e-02
1.846238080238493326e-02
1.811212282911485796e-02
1.775304922735571403e-02
1.742346619032721436e-02
1.710675680163839529e-02
1.676664453335199520e-02
1.641316554477685596e-02
1.604996070574811473e-02
1.567936663017957880e-02
1.532667218183235945e-02
1.497969540593545486e-02
1.462911185616425601e-02
1.427915777387653642e-02
1.395031721678080712e-02
1.363909907235801196e-02
1.335439844133780307e-02
1.307491403341690464e-02
1.281184093238103318e-02
1.256329949685197449e-02
1.233966842553730486e-02
1.213134914772531249e-02
1.193761051327089755e-02
1.174276894528105547e-02
1.155248781892455161e-02
1.136927121387845338e-02
1.120876425322802142e-02
1.105296189532873133e-02
1.089818068186525560e-02
1.075055023681624998e-02
1.061229523538600138e-02
1.046905881488427968e-02
1.033157001938172365e-02
1.020219925032858112e-02
1.008278483556695158e-02
9.975782240442926732e-03
9.876841494884098030e-03
9.787068602713637142e-03
9.704908172862666826e-03
9.634128604374429458e-03
9.570737936936694196e-03
9.517088192492809823e-03
9.467881212412937106e-03
9.428219101879945288e-03
9.391286161773329533e-03
9.357911611006497141e-03
9.332506143221891773e-03
9.313420127213511632e-03
9.300797981132603517e-03
9.293823997151366353e-03
9.294966365612302578e-03
9.303152405461262084e-03
9.318702378342594989e-03
9.341134050904656427e-03
9.370027689623432535e-03
9.404336294046633515e-03
9.441807249424514006e-03
9.484549998460125447e-03
9.525714302268999123e-03
9.570790212027962054e-03
9.618384349768933222e-03
9.665253797010961087e-03
9.721041530371725414e-03
9.773848335389027225e-03
9.836052430410750086e-03
9.897682736908429771e-03
9.965173226534227921e-03
1.004088404807244699e-02
1.012488230455219594e-02
1.021345377282117765e-02
1.030720870952132190e-02
1.040956631541123389e-02
1.050636619449456938e-02
1.060844630696398776e-02
1.073706412274212305e-02
1.085557270012534915e-02
1.099677215004017314e-02
1.113490961435371733e-02
1.127917852178659044e-02
1.141750489373524920e-02
1.155417792042444901e-02
1.170631203710870323e-02
1.186016494095290877e-02
1.200072306979892318e-02
1.211219540854465045e-02
1.220683176201392724e-02
1.228188702045461198e-02
1.235207597223737970e-02
1.241266527428110285e-02
1.246684434007168905e-02
1.252537554670394258e-02
1.257188196059040239e-02
1.260556553971244574e-02
1.264056022521041663e-02
1.267591970418095564e-02
1.271536135727631932e-02
1.274217511881803148e-02
1.277096758314106607e-02
1.280205385398845187e-02
1.283561481500866339e-02
1.287957716665161234e-02
1.293056416863370278e-02
1.298328375733103987e-02
1.304448316162102640e-02
1.311105777931323955e-02
1.319623707184509366e-02
1.331054584425093307e-02
1.344386541054103101e-02
1.357842998076493404e-02
1.370644961983846430e-02
1.384987098053556617e-02
1.398174999492909389e-02
1.411901727113486910e-02
1.422684712164296386e-02
1.435685395791537131e-02
1.450398847806220505e-02
1.468307824157342317e-02
1.484436614018287345e-02
1.499424198663014754e-02
1.514522411074712034e-02
1.526457306236793030e-02
1.541704144404922386e-02
1.559512984047618962e-02
1.577581427053948576e-02
1.601081517754039674e-02
1.620725207591239628e-02
1.640424535119161184e-02
1.660325010440976204e-02
1.679532676060934565e-02
1.699637351564904642e-02
1.718235582937881548e-02
1.738406624714904092e-02
1.756676357049490392e-02
1.775938728890522761e-02
1.795996620060364909e-02
1.814492346344108095e-02
1.834185514394244890e-02
1.853713633709259262e-02
1.874654649826094227e-02
1.892813687626276539e-02
1.915752417000053318e-02
1.938386485293329756e-02
1.969727673742032240e-02
1.999078157139361905e-02
2.029425874114430123e-02
2.060267890400768395e-02
2.090414070682343819e-02
2.121576390768019696e-02
2.156455260798478130e-02
2.189121368383943611e-02
2.219740388831670935e-02
2.251984466462402662e-02
2.283026129067029786e-02
2.314192499094201369e-02
2.348453864010573849e-02
2.386398093994741842e-02
2.430601319084105261e-02
2.476966672862219651e-02
2.525948159414968461e-02
2.572205886597593236e-02
2.617449106686467811e-02
2.663567185144075089e-02
2.711620527546359377e-02
2.756234151311805214e-02
2.804125931123045354e-02
2.848451489561898073e-02
2.892006286339533078e-02
2.932078061334330438e-02
2.974830970798905336e-02
3.016024306630457272e-02
3.061419063146389105e-02
3.106842068044866206e-02
3.149493571933000696e-02
3.188974378233852547e-02
3.226143043704352009e-02
3.257744210194115503e-02
3.290383438480236344e-02
3.316633847083780284e-02
3.366240206414933961e-02
3.387723191619562702e-02
3.409032146978511341e-02
3.438187853942852729e-02
3.478191305366653413e-02
3.496950395732840305e-02
3.518464641194742754e-02
3.536820759318507618e-02
3.548861875995422410e-02
3.557300386028529326e-02
3.569133227493854338e-02
3.579533212826439825e-02
3.587357138952413510e-02
3.591994473335443500e-02
3.597414340768542718e-02
3.599314033729465040e-02
3.600117713558931981e-02
3.601679869246727367e-02
3.603290717171537400e-02
3.600686858661930612e-02
3.601027466413459638e-02
3.598668619666712393e-02
3.594030164282663309e-02
3.588101119186166282e-02
3.584608844839825420e-02
3.579537931112370536e-02
3.573703317868297258e-02
3.572798742715094233e-02
3.572592283697376137e-02
3.574242918871324559e-02
3.573248231888995208e-02
3.571191487911551388e-02
3.566475204352990286e-02
3.564418263599952730e-02
3.564214555167025122e-02
3.561836775799449850e-02
3.559490273045076009e-02
3.560580364566681699e-02
3.562591378390540103e-02
3.566233848600930401e-02
3.568905775472801245e-02
3.574535928378407695e-02
3.580358928969164245e-02
3.589320948532957745e-02
3.600797992328655384e-02
3.615520637701809259e-02
3.629894424999853542e-02
3.645604464862698540e-02
3.659918579548752937e-02
3.673356627101076466e-02
3.687461910077433069e-02
3.700077474062231364e-02
3.713549577653196127e-02
3.725717372046810638e-02
3.738097190108715523e-02
3.749507863043683581e-02
3.759387404111590170e-02
3.767867456149123079e-02
3.775408397632222524e-02
3.782822472145248166e-02
3.790021023056585475e-02
3.800920016262392120e-02
3.811643370534942288e-02
3.822714390621938241e-02
3.833442043517373832e-02
3.840285753568196264e-02
3.852190274938742387e-02
3.864985440012196072e-02
3.875573600391911400e-02
3.885871701259850652e-02
3.895615768362189341e-02
3.908222499379582909e-02
3.916482613615605152e-02
3.922944238599632844e-02
3.929691026944390209e-02
3.936374882762203736e-02
3.941942877661977485e-02
3.946903271395767882e-02
3.950460719456504871e-02
3.953108587624516723e-02
3.954981053336711211e-02
3.956976749486638967e-02
3.957959495225774754e-02
3.958914759705356445e-02
3.961178055786049312e-02
3.964674143172423199e-02
3.967534873716924149e-02
3.970530984682850428e-02
3.973044471952904416e-02
3.974008601795182838e-02
3.974116247113906181e-02
3.973963793254726984e-02
3.974746442104867827e-02
3.976793731828954376e-02
3.978248184269696924e-02
3.979496344847593264e-02
3.980123413391367659e-02
3.980911809457590017e-02
3.980669953385101989e-02
3.980326393595325779e-02
3.981238956156531172e-02
3.981209000029241329e-02
3.982982999987687289e-02
3.984594936742356236e-02
3.985596032644050934e-02
3.985283137641075502e-02
3.983936254537558813e-02
3.983220818855244538e-02
3.982262809634685985e-02
3.983495788564500595e-02
3.985368746599476930e-02
3.987738567589961536e-02
3.990367083909385909e-02
3.993219324891707223e-02
3.997142519401409438e-02
3.999798204914681993e-02
4.001169732439328885e-02
4.004561066916787621e-02
4.010210599940866594e-02
4.017074030401906332e-02
4.025943012188222536e-02
4.035873384202695591e-02
4.047842970977003768e-02
4.061709861978790581e-02
4.073637955603833655e-02
4.085386961396562933e-02
4.097860431139820764e-02
4.111868165340504949e-02
4.125818927093258953e-02
4.140103511163201883e-02
4.153373109906002836e-02
4.166852042850365673e-02
4.182128787797784880e-02
4.197474488723749314e-02
4.212638046593846636e-02
4.226200173790158748e-02
4.238623957002697618e-02
4.251444603038385950e-02
4.261588360006320769e-02
4.270610482856841000e-02
4.281491567255352182e-02
4.292035462001651119e-02
4.301667868335350142e-02
4.311308926096891342e-02
4.319082511292015453e-02
4.325550805893296075e-02
4.331504915325808808e-02
4.336293475303710371e-02
4.339791155790594795e-02
4.341702245331666155e-02
4.342032696729104801e-02
4.340624466029847223e-02
4.337548693153868429e-02
4.333086237855170164e-02
4.326659975790680263e-02
4.318150400336909916e-02
4.306750781935365230e-02
4.293296029222999632e-02
4.277844051234145489e-02
4.260822659287948067e-02
4.242250469454716955e-02
4.222538075707607530e-02
4.203132987124707370e-02
4.183369253406509641e-02
4.161880853350460874e-02
4.137846041790118473e-02
4.113258641151702061e-02
4.088135957671856086e-02
4.062905316912267945e-02
4.031828490636143320e-02
3.998139510264626939e-02
3.962035922868736848e-02
3.926335410258939562e-02
3.887460533796027046e-02
3.848957955717434432e-02
3.812701865345263091e-02
3.777409939896943930e-02
3.740415886555534253e-02
3.700815416036087185e-02
3.658423263608003712e-02
3.620121717219960955e-02
3.582518846607403440e-02
3.545400329471847661e-02
3.513004388709536907e-02
3.479180842304061688e-02
3.444511996647568047e-02
3.414273496248174805e-02
3.379215008386674685e-02
3.344686744035918480e-02
3.309436830150971898e-02
3.271827958623674953e-02
3.238951339858322370e-02
3.208186145344096851e-02
3.178627383418783370e-02
3.145836080369356080e-02
2.919420264360671549e-02
2.690202508151604693e-02
2.466237637451572026e-02
2.246620470021358854e-02
2.042296421260972675e-02
1.817063234874684297e-02
1.604501854222366644e-02
1.392096201790482199e-02
1.188809635106962033e-02
9.901487538842953379e-03
7.781837165218389966e-03
5.559516430850868461e-03
3.481794222392769859e-03
1.604362645386311252e-03
-3.622290668616924970e-04
-2.629658548640583481e-03
-4.727961559077578646e-03
-6.616542202915269219e-03
-8.624281748549985152e-03
-1.043780997717965418e-02
-1.239674019101003576e-02
-1.421603828366485925e-02
-1.625596157531004199e-02
-1.807697216332447218e-02
-1.994474385133058331e-02
-2.194980092984004372e-02
-2.423899637557970499e-02
-2.623097355139098960e-02
-2.806935035056338720e-02
-2.981292605373667137e-02
-3.154515944982870523e-02
-3.334181546518857203e-02
-3.541361111732344025e-02
-3.682309639050986710e-02
-3.865976008131651043e-02
-4.040119114509176795e-02
-4.196864977750484199e-02
-4.363831278741826802e-02
-4.547222908591418145e-02
-4.707359602523004949e-02
-4.864568288451780187e-02
-5.038778039768242872e-02
-5.198032679436850878e-02
-5.361572940007269805e-02
-5.524592191856765588e-02
-5.697277019849499025e-02
-5.864799912717891250e-02
-6.026184264416024200e-02
-6.162941596267849237e-02
-6.307718868001603585e-02
-6.481455282849907240e-02
-6.614297802725239983e-02
-6.752273399042721391e-02
-6.930252139259292232e-02
-7.095496013443164385e-02
-7.206917928916650729e-02
-7.361759662921385505e-02
-7.509851371709831691e-02
-7.680620789398694137e-02
-7.823843601345796539e-02
-7.944835998920024567e-02
-8.040972128967494026e-02
-8.167660313888383539e-02
-8.241151526364326463e-02
-8.355457172636192309e-02
-8.463003682049194398e-02
-8.595979932491065734e-02
-8.738698180239541646e-02
-8.858300462466697778e-02
-9.012622572351605688e-02
-9.091130086214882500e-02
-9.224548149707099964e-02
-9.347259041349313680e-02
-9.460057196245678923e-02
-9.534762092794445143e-02
-9.612643953688337906e-02
-9.676057905260652958e-02
-9.735489516824641365e-02
-9.781117355100577004e-02
-9.829319997431093525e-02
-9.870750544950203376e-02
-9.915938065520518707e-02
-9.964927796549723216e-02
-1.001722380833239279e-01
-1.006792236148160574e-01
-1.012544828809543579e-01
-1.017796416255616343e-01
-1.024327169217458255e-01
-1.030166013902856503e-01
-1.037427924665611095e-01
-1.042895217276809394e-01
-1.047364658468955267e-01
-1.052181210200484052e-01
-1.057784314121044400e-01
-1.061987275956830235e-01
-1.065175204470460851e-01
-1.068132968516130737e-01
-1.070695718708017663e-01
-1.072880336826197711e-01
-1.075246491104045049e-01
-1.077347971074184563e-01
-1.079293760689045145e-01
-1.080975105986308193e-01
-1.082604924832415161e-01
-1.084176212330643235e-01
-1.085471383389429029e-01
-1.086286216858535492e-01
-1.087264039178312547e-01
-1.088359615946168230e-01
-1.089293781189895477e-01
-1.089987105923622412e-01
-1.090811090526677823e-01
-1.091691857662190207e-01
-1.092629758530034301e-01
-1.093602367639324308e-01
-1.094383536222659770e-01
-1.094960957874963892e-01
-1.095434787731586757e-01
-1.095789315077475568e-01
-1.095972028508740009e-01
-1.096058149745873928e-01
-1.095966885910789751e-01
-1.095686268387413981e-01
-1.095273062104705208e-01
-1.094701466027953318e-01
-1.093928860745705112e-01
-1.092866961417224420e-01
-1.091713549482607321e-01
-1.089485545371838698e-01
-1.087294687996281234e-01
-1.084649334586837155e-01
-1.081551598180131440e-01
-1.077829160057928171e-01
-1.073634297156620399e-01
-1.069517151587737469e-01
-1.065796414636119710e-01
-1.061909885740820736e-01
-1.058522130110769871e-01
-1.055574261364192051e-01
-1.051498773930123337e-01
-1.047889407684717139e-01
-1.042890472210564190e-01
-1.038338390470327638e-01
-1.034049809690340688e-01
-1.028387443242998883e-01
-1.022154265865023726e-01
-1.014749368895255938e-01
-1.008974588098252440e-01
-1.000842660876275908e-01
-9.927946316455536768e-02
-9.832940400378580026e-02
-9.740714471131861618e-02
-9.638752084117742369e-02
-9.549528718804320415e-02
-9.462082286075303161e-02
-9.365027216552057610e-02
-9.293502356349742088e-02
-9.182836045546761972e-02
-9.103794564406833545e-02
-9.037322333282316045e-02
-8.943322276087538325e-02
-8.849600463549013585e-02
-8.766284856365087752e-02
-8.667227471889200896e-02
-8.568945687660732558e-02
-8.483107424138677799e-02
-8.399192088010468127e-02
-8.335246891579192741e-02
-8.256547466731119223e-02
-8.175525843045036711e-02
-8.074685308022840069e-02
-7.958944800185055457e-02
-7.836002980665206230e-02
-7.704037301022353956e-02
-7.566684030346863821e-02
-7.426420106565026491e-02
-7.298275062113325495e-02
-7.207773367046602098e-02
-7.123548207843367897e-02
-7.023412649887920967e-02
-6.902025263456042226e-02
-6.790226711180792629e-02
-6.670735439774824749e-02
-6.569527059945595715e-02
-6.476255991483932661e-02
-6.341482996388918270e-02
-6.215598649983042345e-02
-6.050094561761304446e-02
-5.929939102893665159e-02
-5.749172882604605683e-02
-5.613919707178100654e-02
-5.444069970176679263e-02
-5.272901804249573166e-02
-5.074731402589818113e-02
-4.890264552417443455e-02
-4.701806676599590978e-02
-4.516671439726756970e-02
-4.321366379930284551e-02
-4.114930336139609873e-02
-3.912112689366798596e-02
-3.702112676866670810e-02
-3.489258131590089462e-02
-3.273857893775046490e-02
-3.059354652329610014e-02
-2.853415234500462916e-02
-2.663850430227799812e-02
-2.452044913061961554e-02
-2.275277054572536276e-02
-2.062286586200786503e-02
-1.863415746689455615e-02
-1.631908927096987344e-02
-1.408304834897684474e-02
-1.203591410730629231e-02
-9.684785136694790478e-03
-7.405712708502455548e-03
-5.066728206362207214e-03
-3.442217101650129306e-03
-1.382745456338786098e-03
4.407171951049623261e-04
1.782162482280231922e-03
2.751028412167909592e-03
3.547017154499467438e-03
4.857717501418628084e-03
6.207117940619105018e-03
7.306283642332594454e-03
8.174666765058929974e-03
9.094547700409107149e-03
1.013283713474864324e-02
1.150125420033209014e-02
1.247014975685446954e-02
1.417694352898002559e-02
1.567075430515560419e-02
1.723965576597698973e-02
1.822531713327012540e-02
1.972808354269970504e-02
2.099700381990678155e-02
2.228403065044136724e-02
2.382897232548447652e-02
2.536681635551078090e-02
2.671685253383971823e-02
2.810630671076724818e-02
2.988402451804560850e-02
3.146374127646320989e-02
3.330134648880270914e-02
3.510030241773576254e-02
3.679909025317645854e-02
3.848388124926620940e-02
4.021567306311568668e-02
4.188326218390402839e-02
4.350521098718929114e-02
4.544392638993604433e-02
4.736315425059394596e-02
4.939361124591573615e-02
5.144837978835225395e-02
5.367795638232923661e-02
5.592342166825444577e-02
5.825010569731374488e-02
6.059169863478280210e-02
6.292792326678312009e-02
6.535075138878303214e-02
6.776619572547727677e-02
7.018906781055400668e-02
7.261196970415370600e-02
7.503489682848811515e-02
7.744877858336764176e-02
7.987205356804885636e-02
8.223652432293092340e-02
8.466182130121668870e-02
8.706736085692232119e-02
8.941457913087690057e-02
9.177654336107694821e-02
9.410258501653413765e-02
9.642602689646249947e-02
9.868568230450022738e-02
1.009594829557445839e-01
1.032094448723705898e-01
1.054628888504027251e-01
1.077339559579125333e-01
1.099737494521893511e-01
1.121722421583875445e-01
1.143640017862279368e-01
1.165170647145855748e-01
1.186805187453275623e-01
1.208520899884079902e-01
1.230401541081506678e-01
1.251909220287031332e-01
1.273812432218449364e-01
1.295847394043143641e-01
1.317572506049235481e-01
1.339698543762354588e-01
1.361691472551538051e-01
1.383495030092800893e-01
1.405072579255079723e-01
1.427131919147433259e-01
1.448304842092423828e-01
1.469865838368236699e-01
1.491268975800569552e-01
1.512873260764794059e-01
1.533950100902533586e-01
1.554902975691694611e-01
1.575817795587725056e-01
1.596456812529176150e-01
1.616646338832125884e-01
1.637044671801191620e-01
1.657801269500679686e-01
1.678129982891048144e-01
1.698005932007038421e-01
1.717611507500879930e-01
1.737856452607690061e-01
1.758696466672713954e-01
1.779421543192876987e-01
1.799835434471365736e-01
1.819863096312653028e-01
1.839564629457512979e-01
1.859654542153001966e-01
1.879976584934291428e-01
1.900142992888552151e-01
1.920120701979623479e-01
1.940056582210122060e-01
1.960293100566014302e-01
1.980422167695642943e-01
2.000247658802904727e-01
2.020081431986358866e-01
2.040120714266619728e-01
2.060131849811135119e-01
2.080338514995890564e-01
2.100341363133957640e-01
2.120471508609136635e-01
