-1.999972185192286922e-01
-1.999972025298020761e-01
-1.981548011174938395e-01
-1.971817856378205169e-01
-1.963037205075898739e-01
-1.953628315503555535e-01
-1.945450635843796183e-01
-1.938303064787864627e-01
-1.931149062367882863e-01
-1.925330045785434985e-01
-1.920621671945388353e-01
-1.916356828177288862e-01
-1.912120897870411562e-01
-1.908472698069016704e-01
-1.905303066229903919e-01
-1.902836357492611874e-01
-1.900847428596034172e-01
-1.899469608350688454e-01
-1.898333878708277911e-01
-1.897118825154087418e-01
-1.895994034707887688e-01
-1.895056336624258431e-01
-1.894301519080853757e-01
-1.893852842982637619e-01
-1.893558478995588101e-01
-1.893509291570974473e-01
-1.893729257975233504e-01
-1.894278678195908394e-01
-1.895072219210552356e-01
-1.896136919313789471e-01
-1.897297608338960884e-01
-1.898602566657567603e-01
-1.900018296175791932e-01
-1.901673107676770114e-01
-1.903581841471955749e-01
-1.905427549659621522e-01
-1.907229643308769873e-01
-1.909049835814537466e-01
-1.910859086823048780e-01
-1.912722347173655135e-01
-1.914374366332138588e-01
-1.916057651542740492e-01
-1.918780664705859451e-01
-1.921572561503094578e-01
-1.924175880816699769e-01
-1.926162079950940464e-01
-1.928222311405210776e-01
-1.930526446600188961e-01
-1.933137411989825361e-01
-1.936047486653904581e-01
-1.939121430108693145e-01
-1.942384783041919971e-01
-1.945540795303121462e-01
-1.947816118828019916e-01
-1.951908679537779079e-01
-1.956798251980439995e-01
-1.960821971815327747e-01
-1.964728028549380667e-01
-1.967689331308508371e-01
-1.970616013922502074e-01
-1.973290987951049902e-01
-1.976431546872097766e-01
-1.979684361220530875e-01
-1.984242412500391017e-01
-1.988473382958576563e-01
-1.992428575135143654e-01
-1.995673189162897321e-01
-1.998452956659304836e-01
-2.001264348894421230e-01
-2.004399725336975246e-01
-2.007986077416114568e-01
-2.010854059673958527e-01
-2.014755449301335322e-01
-2.019586566373896552e-01
-2.024292960668437613e-01
-2.029169763254608516e-01
-2.033869962741992887e-01
-2.037155887011984912e-01
-2.040732730652204674e-01
-2.045432529175496283e-01
-2.051116733442462370e-01
-2.055800872642432886e-01
-2.060469020643411753e-01
-2.064493384626331363e-01
-2.069566267566962936e-01
-2.074954781424819539e-01
-2.081156997525228647e-01
-2.086641534367334183e-01
-2.093917830542872116e-01
-2.101208501380100735e-01
-2.110768067927152047e-01
-2.117202910103329616e-01
-2.126902270826575847e-01
-2.134631100569950313e-01
-2.142628740853585179e-01
-2.150548803331912007e-01
-2.158876554234361311e-01
-2.166643261081531713e-01
-2.174705878292175210e-01
-2.180501682311428713e-01
-2.185497749487381181e-01
-2.190444759455264512e-01
-2.193773392449689386e-01
-2.197333744614051732e-01
-2.200533476166378066e-01
-2.203841712996917057e-01
-2.207131507851587682e-01
-2.210847349602773626e-01
-2.213183461685604148e-01
-2.216462244192759778e-01
-2.219106439499866634e-01
-2.222642848839429808e-01
-2.226648937294296859e-01
-2.230238032901980527e-01
-2.234055117012430924e-01
-2.238056477144150236e-01
-2.241990199609630030e-01
-2.245556584787606336e-01
-2.248630070751953536e-01
-2.252274960424949235e-01
-2.257545670161208162e-01
-2.263446249294164825e-01
-2.267573273916310139e-01
-2.273791264421292924e-01
-2.280227166453134557e-01
-2.289635981163523626e-01
-2.297338680773929331e-01
-2.307877314611979924e-01
-2.321466928349770753e-01
-2.331839524224000038e-01
-2.343628124845020533e-01
-2.350696653358589627e-01
-2.360560109478896940e-01
-2.368284145791438866e-01
-2.374969090694357132e-01
-2.384530650165141430e-01
-2.394017860526347352e-01
-2.401188744251288865e-01
-2.408998192086156120e-01
-2.415865866507196646e-01
-2.420661634005555063e-01
-2.428732639986650177e-01
-2.436887519668615443e-01
-2.449146677843193065e-01
-2.460783575776023802e-01
-2.472224310573971351e-01
-2.483678520283299218e-01
-2.493017828392254387e-01
-2.500563129457600842e-01
-2.508661293975673057e-01
-2.515203484371570375e-01
-2.523044422056930913e-01
-2.531997535242044850e-01
-2.543263111667731224e-01
-2.554166756405068517e-01
-2.563103488494198889e-01
-2.561502203806195754e-01
-2.560090748970288432e-01
-2.559225569726722993e-01
-2.560547910545456496e-01
-2.561794372517524621e-01
-2.570901454765450733e-01
-2.581538338278305811e-01
-2.592238380270954212e-01
-2.603114948815591911e-01
-2.613825891285434522e-01
-2.624169486535286588e-01
4.000032319832530492e-01
4.000032479369699523e-01
4.016322171230005122e-01
4.037241017132144338e-01
4.057853504534133515e-01
4.078700949054741565e-01
4.099572776153578846e-01
4.120244054170699166e-01
4.140700676541832492e-01
4.160751066723063496e-01
4.180912587114705703e-01
4.200824519747549668e-01
4.220138455162595892e-01
4.239266802214678997e-01
4.258339185560863771e-01
4.277367280974253005e-01
4.296511257141353290e-01
4.316131113707648015e-01
4.336178022659584741e-01
4.000010294115037279e-01
4.000010447827273552e-01
4.005705388442825643e-01
4.006623429930880054e-01
4.007399115903482190e-01
4.008000283445718459e-01
4.008370734777144673e-01
4.008642504773369253e-01
4.008845196876595907e-01
4.008914714042250971e-01
4.008876587628769084e-01
4.008694025052704779e-01
4.008346693413004647e-01
4.007945551684962693e-01
4.007460665346773698e-01
4.006840378450127194e-01
4.006382323995311689e-01
4.005739523428481497e-01
4.004942462596687847e-01
4.003892397964022853e-01
4.002663683144064288e-01
4.001337428509722516e-01
3.999862010197013928e-01
3.998371413313814848e-01
3.997051086667261499e-01
3.995882012122675131e-01
3.994364039389176613e-01
3.992380968408180686e-01
3.990550187609008814e-01
3.988489900888161910e-01
3.986303256874350054e-01
3.984189872604830263e-01
3.982331570786785679e-01
3.980643017626098179e-01
3.979096576816270603e-01
3.977232525609580294e-01
3.974490813500490272e-01
3.971943765227018974e-01
3.968692786701800146e-01
3.965615602765906744e-01
3.962491047197931326e-01
3.959710690386647469e-01
3.957541951485989973e-01
3.954875572131597572e-01
3.952426379331454021e-01
3.950398812267311710e-01
3.948773979526995492e-01
3.947378280130819928e-01
3.946305005712802405e-01
3.945256405208484307e-01
3.944125326364553152e-01
3.943687682798763805e-01
3.944003080383825521e-01
3.944819573572148075e-01
3.945331628892225773e-01
3.945405665289861696e-01
3.945865907583636090e-01
3.946325574307649187e-01
3.946622292942091326e-01
3.946876458960447698e-01
3.947291645705608421e-01
3.947832556579302099e-01
3.948428275199944437e-01
3.948890529600143084e-01
3.949204526709579333e-01
3.949090901760974881e-01
3.949261865681662487e-01
3.949559111110703125e-01
3.949445779960236713e-01
3.950012383801567717e-01
3.950102270519180170e-01
3.950171172401990005e-01
3.949734632720427463e-01
3.949166023221694632e-01
3.948017822246214226e-01
3.946249340930915728e-01
3.944011816996000341e-01
3.941918353837215450e-01
3.939899577892418958e-01
3.937643949501737350e-01
3.936270311525982279e-01
3.934904682242263974e-01
3.933826539862008698e-01
3.932831352221516918e-01
3.932194617164853634e-01
3.931918347937638503e-01
3.931813776855483389e-01
3.931873223219836122e-01
3.931912614755727620e-01
3.932021773321313640e-01
3.932271686315806924e-01
3.932555016612215848e-01
3.932851872397721826e-01
3.932530640446198489e-01
3.931958539071588321e-01
3.931186910670340651e-01
3.930449713069594231e-01
3.929456470264873214e-01
3.928283876764910865e-01
3.927519253313495606e-01
3.926737763593116104e-01
3.926548947802548373e-01
3.927238159511259319e-01
3.932782784603096604e-01
3.944377097545382904e-01
3.958068456467684348e-01
3.972200202959849102e-01
3.986676369534156716e-01
4.001938189771461207e-01
4.016755140093812293e-01
4.031673850467631937e-01
4.046580612624838258e-01
4.061240293327959550e-01
4.076252151765115128e-01
4.091665000575842592e-01
4.107069934205759276e-01
4.122651032003465388e-01
4.139095228391365122e-01
4.155387202874692987e-01
4.171931466612885386e-01
4.188961610083446474e-01
4.206133393474540960e-01
4.223935879033404728e-01
4.242029591000898714e-01
-3.999992223001502256e-01
-3.999992070154173573e-01
-3.994666799417209702e-01
-3.992969700718847492e-01
-3.991457169665294513e-01
-3.990321611886449849e-01
-3.989547491478470653e-01
-3.989086764091278603e-01
-3.988869318748409221e-01
-3.988820567794691963e-01
-3.988930831168658320e-01
-3.989243653767570730e-01
-3.989725675133429239e-01
-3.990372821535156933e-01
-3.991227828026508995e-01
-3.992074902638975686e-01
-3.993013558531465779e-01
-3.993930144542929828e-01
-3.994934348107125333e-01
-3.995980737024683038e-01
-3.997010309493820857e-01
-3.998393205815107265e-01
-3.999610306515711255e-01
-4.000796527501429001e-01
-4.001792192603335074e-01
-4.002690701664690098e-01
-4.003726653297416949e-01
-4.005047743489714152e-01
-4.006490040894568061e-01
-4.007784669124817567e-01
-4.009256724977003361e-01
-4.010361123891436064e-01
-4.011004022770454647e-01
-4.011816991808201394e-01
-4.012738552378488088e-01
-4.013637631013781681e-01
-4.014992997223262861e-01
-4.016567960015140493e-01
-4.018038835372784723e-01
-4.019657526062635489e-01
-4.021078954191375510e-01
-4.022706010353117034e-01
-4.024169636132122196e-01
-4.025345301584584146e-01
-4.026667224860046024e-01
-4.027813068231902438e-01
-4.029175169733991146e-01
-4.030709477876237012e-01
-4.032212087078026475e-01
-4.033502184848451466e-01
-4.035337054392512113e-01
-4.037642505457837427e-01
-4.040253693641028820e-01
-4.042757453504707277e-01
-4.045468309437927346e-01
-4.048172144155075536e-01
-4.050992571106400986e-01
-4.054363342975169648e-01
-4.057289937996302887e-01
-4.060239533657422628e-01
-4.063113970490904170e-01
-4.066083064912760503e-01
-4.069163768766669853e-01
-4.071776295449692218e-01
-4.074361837807825570e-01
-4.076374594790262984e-01
-4.078010891707062879e-01
-4.079536567677137238e-01
-4.081480420066969095e-01
-4.083650140341647528e-01
-4.085858108694138124e-01
-4.088053622074439564e-01
-4.089855210976450217e-01
-4.091659093006844716e-01
-4.093856731144884797e-01
-4.096178573596325756e-01
-4.098456882127835543e-01
-4.100403680181062271e-01
-4.102315059089186589e-01
-4.104160589658535363e-01
-4.105915794007487518e-01
-4.107532114798692069e-01
-4.109561811655398911e-01
-4.111324516477460334e-01
-4.112628397562613780e-01
-4.113825050402926120e-01
-4.114698878606343757e-01
-4.115355561097467918e-01
-4.116295267546132286e-01
-4.117581846981426819e-01
-4.119178011166622633e-01
-4.120706320817719703e-01
-4.122068474156759255e-01
-4.123494222604351944e-01
-4.124884044192189680e-01
-4.126147985478096358e-01
-4.127552388047059928e-01
-4.129477938070074683e-01
-4.131665433443215685e-01
-4.133757557767797630e-01
-4.135516759601202130e-01
-4.137161548486700813e-01
-4.138762409089523087e-01
-4.140508090036716382e-01
-4.142420115640317868e-01
-4.144766582158169732e-01
-4.147800108381468065e-01
-4.150711393452495845e-01
-4.153513235078111210e-01
-4.155962225357757167e-01
-4.158471539572862752e-01
-4.161337038590209869e-01
-4.164246534483813100e-01
-4.167805081687223079e-01
-4.172144815327821776e-01
-4.177046661322758592e-01
-4.181328172101198559e-01
-4.185416594491037090e-01
-4.189437278721821478e-01
-4.193222732170061584e-01
-4.196986506058415500e-01
-4.201461228748740728e-01
-4.206731027462613515e-01
-4.212380572657159483e-01
-4.218227026841984140e-01
-4.224612476616309564e-01
-4.229265340156589947e-01
-4.233597277429728134e-01
-4.238235365588218229e-01
-4.243340476199766176e-01
-4.248920062052747304e-01
-4.255368278245155733e-01
-4.261689849427387489e-01
-4.268150511437861505e-01
-4.274460903797010491e-01
-4.279977158878117693e-01
-4.285099388662119702e-01
-4.289941311329848461e-01
-4.295115765597917745e-01
-4.300479657743889184e-01
-4.306524974605745459e-01
-4.312085099113447950e-01
-4.317761835980032936e-01
-4.323572114053358950e-01
-4.328907352769275629e-01
-4.334644847317732363e-01
-4.340277675313897743e-01
-4.346143178199802781e-01
-4.351869889343256692e-01
-4.357788457189076259e-01
-4.362761108322887327e-01
-4.369862659929287241e-01
-4.375478076571747699e-01
-4.381166300802601943e-01
-4.388432248964341253e-01
-4.394283586563222377e-01
-4.401152860215111207e-01
-4.406963990854825264e-01
-4.413914298722852458e-01
-4.421698661007668618e-01
-4.429518027814037251e-01
-4.436909119682656555e-01
-4.444640755748677230e-01
-4.452145613888638387e-01
-4.456695413482679169e-01
-4.462738060933290618e-01
-4.468735449571307194e-01
-4.476060195368134487e-01
-4.481391655706716270e-01
-4.488253847192332224e-01
-4.494514170342573944e-01
-4.501765012293375556e-01
-4.507217486212152791e-01
-4.511291093258366081e-01
-4.515861992453275020e-01
-4.520948658230262707e-01
-4.527059852492190117e-01
-4.532895601939477270e-01
-4.540432827734315335e-01
-4.545601962320295897e-01
-4.551081003889336785e-01
-4.554683137075714039e-01
-4.557364181258982128e-01
-4.562367192896685797e-01
-4.566736452040013883e-01
-4.570780670724616246e-01
-4.576561105964247478e-01
-4.579176627922207365e-01
-4.582418069387768633e-01
-4.585755162110911054e-01
-4.587777719383133723e-01
-4.591932916540178433e-01
-4.594016577564887793e-01
-4.597469136631316400e-01
-4.599334535010271563e-01
-4.602794490245937786e-01
-4.605535771175867654e-01
-4.607122046062749332e-01
-4.608645699312575728e-01
-4.611936494519476293e-01
-4.613364110554147302e-01
-4.615505757778187723e-01
-4.617077408815089545e-01
-4.619643835688310163e-01
-4.621824302903819737e-01
-4.621836362748626414e-01
-4.622840521019048188e-01
-4.623755577115890580e-01
-4.625318328420016112e-01
-4.627752254692216738e-01
-4.629549384224921349e-01
-4.630926783905323640e-01
-4.632421320240496243e-01
-4.632268037411833572e-01
-4.633781797240172917e-01
-4.634978254951768184e-01
-4.637729691243011043e-01
-4.639453642226250563e-01
-4.643213792822886710e-01
-4.646534062052384284e-01
-4.650030784996312394e-01
-4.652047158876100874e-01
-4.655228915330039685e-01
-4.659575332583644758e-01
-4.664823493607659355e-01
-4.671362389523743275e-01
-4.677438589474567365e-01
-4.684339068951939855e-01
-4.687280717507844030e-01
-4.691760402307891265e-01
-4.696769502393920992e-01
-4.702909071405038111e-01
-4.707430657846561894e-01
-4.714015924011825676e-01
-4.719679822377216283e-01
-4.723072554730530226e-01
-4.725474373500545555e-01
-4.728715767237560708e-01
-4.733687559820580204e-01
-4.736765479422476721e-01
-4.739824689064583985e-01
-4.742319077183738685e-01
-4.745117805134912992e-01
-4.747240846586275320e-01
-4.749597837405812317e-01
-4.752000356492840361e-01
-4.754620469345624545e-01
-4.757124463454910912e-01
-4.758860500168561880e-01
-4.760812453885108764e-01
-4.761850091912241956e-01
-4.762775404312073468e-01
-4.763708794269397306e-01
-4.764575507224178552e-01
-4.765984079785154370e-01
-4.767576834977412803e-01
-4.769053252332733361e-01
-4.770730122255392724e-01
-4.773887332533072736e-01
2.000014141027509906e-01
2.000014296724579865e-01
2.007915517569801023e-01
2.018945788803816199e-01
2.029852913549386184e-01
2.040792008873766883e-01
2.051834860541071337e-01
2.062878656750392892e-01
2.074017547188645727e-01
2.085541874489712511e-01
2.097409018304855766e-01
2.109543459461199200e-01
2.121874158534188259e-01
2.134296997458186296e-01
2.146943990316134421e-01
2.159397746032224452e-01
2.171984068102999210e-01
2.184836592456065596e-01
2.197954381028424109e-01
2.211025564569051027e-01
2.224285876179418198e-01
2.237479522618068539e-01
2.250840758835699340e-01
2.264201711918269744e-01
2.277677907371448984e-01
2.291317165782414400e-01
2.305147891967958829e-01
2.318986600776889173e-01
2.332834389431781841e-01
2.346678345743380967e-01
2.360519215160145068e-01
2.374357678893731227e-01
2.388194292846583522e-01
2.402029524912244196e-01
2.415863758946512063e-01
2.429697303521744511e-01
2.443384691235240269e-01
2.457239968463299229e-01
2.471013104196816967e-01
2.484593387074945370e-01
2.497850171986379375e-01
2.510810122415215173e-01
2.523767069739079050e-01
2.537140653724134221e-01
2.550104039514147769e-01
2.563567096314842142e-01
2.577401547073641663e-01
2.590882611592974505e-01
2.604462518428426465e-01
2.618528965596217395e-01
2.632429769331721126e-01
2.646584653707311219e-01
2.660887239270817162e-01
2.675427671207881719e-01
2.690288911176257902e-01
2.705308610236819011e-01
2.720212516991110108e-01
2.735647985380263991e-01
2.750934596481794392e-01
2.766633251712984909e-01
2.782489448304352186e-01
2.798526172441102022e-01
2.814758105102855290e-01
2.831321380346649708e-01
2.847690981003878630e-01
2.863769283258555953e-01
2.880340476260704885e-01
2.896657547884802786e-01
2.913620669443394151e-01
2.930605021928661125e-01
2.947333977021804885e-01
2.963903481749473046e-01
2.980898349680077830e-01
2.998055027359945446e-01
3.015403444205855821e-01
3.032794057995611414e-01
3.050598614426944799e-01
3.069121620153476004e-01
3.087528270035321820e-01
3.105999902710684935e-01
3.124403894030825524e-01
3.143001083443184296e-01
3.162064143716787346e-01
3.180977579438961644e-01
3.199502615989581189e-01
3.218610513643766491e-01
3.238420981609013705e-01
3.258012219080538840e-01
3.277491942022796589e-01
3.297166458576839543e-01
3.316902016103042139e-01
3.337129308974505770e-01
3.357172460949136572e-01
3.376983765495444878e-01
3.397169701604508263e-01
3.417554202446924094e-01
3.437890660067498549e-01
3.458225352129345453e-01
3.478439536555344991e-01
3.498589926023388808e-01
3.519044151907796403e-01
3.539552371439595446e-01
3.560059099618559375e-01
3.580564594158023861e-01
3.601068997603400490e-01
3.621572494783205087e-01
3.642075280147326621e-01
3.662577494797899513e-01
3.683079263195943587e-01
3.703398929491130698e-01
3.723678190090590756e-01
3.743694933357463728e-01
3.763886140422250670e-01
3.783368643143247834e-01
3.803141255134230292e-01
3.822910474406077119e-01
3.842618064901705544e-01
3.862209882137162542e-01
3.881931891618932706e-01
3.901821756332999325e-01
3.922177574488585616e-01
3.942401378537501166e-01
3.963085058027901453e-01
3.984339103083721634e-01
4.005488543765606813e-01
4.026739198629266658e-01
4.047985825906092461e-01
4.069229095313426359e-01
4.090469625113598573e-01
4.111707963205712413e-01
4.132944580755430475e-01
4.154179789252120392e-01
4.175414042094463540e-01
4.196647714810618490e-01
4.217881003189689615e-01
-4.000015931294528815e-01
-4.000016087089263706e-01
-4.010818364377352618e-01
-4.022920774151764189e-01
-4.034278089183313543e-01
-4.045656602046588945e-01
-4.058057194541008772e-01
-4.070456619119356967e-01
-4.082854765889718518e-01
-4.095251627048690501e-01
-4.107647271329565308e-01
-4.120041815151107567e-01
-4.132435396428325025e-01
-4.144828155568434647e-01
-4.157220231740659244e-01
-4.169611755867001501e-01
-4.182002846395899698e-01
-4.194393607148006464e-01
-4.206784126650274236e-01
-4.219174478491316549e-01
-4.231564722331119244e-01
-4.243954900398227426e-01
-4.256345062641981314e-01
-4.268735247548542389e-01
-4.281125444876670572e-01
-4.293515678270823921e-01
-4.305905969225210517e-01
-4.318296332442926877e-01
-4.330686776638471014e-01
-4.343077305252001641e-01
-4.355467917078978402e-01
-4.367858606825202883e-01
-4.380249349959872696e-01
-4.392640152366095729e-01
-4.405030996101789165e-01
-4.417421864015189104e-01
-4.429812740148696415e-01
-4.442203616712461223e-01
-4.454594486610166104e-01
-4.466985343427196664e-01
-4.479376181427536241e-01
-4.491766995556795150e-01
-4.504157781449428799e-01
-4.516548535438809076e-01
-4.528939254640065304e-01
-4.541329928474278077e-01
-4.553720543921715436e-01
-4.566111089657129973e-01
-4.578501569698134599e-01
-4.590891998183355693e-01
-4.603282332232419560e-01
-4.615672567183956021e-01
-4.628062701556088787e-01
-4.640452737120728255e-01
-4.652842678912137986e-01
-4.665232535172026407e-01
-4.677622293066139858e-01
-4.690011999108450458e-01
-4.702401664158380457e-01
-4.714791304178547748e-01
-4.727180936493044494e-01
-4.739570570639912717e-01
-4.751960212509574455e-01
-4.764349867493307134e-01
-4.776739540496898750e-01
-4.789129235936472329e-01
-4.801518957723266978e-01
-4.813908709243051587e-01
-4.826298493321775074e-01
4.000021588589302568e-01
4.000021746514657028e-01
4.016317001368799877e-01
4.033147183788561851e-01
4.049977918802277199e-01
4.066809245801120687e-01
4.083641177626794461e-01
4.100473689614267947e-01
4.117306735422051611e-01
4.134140262091964280e-01
4.150974211673311154e-01
4.167808517328880913e-01
4.184643115417182035e-01
4.201477949371592024e-01
4.218312970615765156e-01
4.235148138671603890e-01
4.251983420733905783e-01
4.268818790917970896e-01
4.285654229357144240e-01
4.302489721199831418e-01
4.319325255672351593e-01
4.336160873807998195e-01
4.352996537244740449e-01
4.369832252696954633e-01
4.386668026518776853e-01
4.403503863951935271e-01
4.420339768546378001e-01
4.437175741734941115e-01
4.454011782544481934e-01
4.470847887425829503e-01
4.487684046813268379e-01
4.504520259351397771e-01
4.521356509760074971e-01
4.538192784287505277e-01
4.555029058496797845e-01
4.571865336127966528e-01
4.588701612231119720e-01
4.605537882083476364e-01
4.622374141198152264e-01
4.639210385352154908e-01
4.656046610627262439e-01
4.672882813458762441e-01
4.689718990687956612e-01
4.706555139614511662e-01
4.723391258057599851e-01
4.740227372821484431e-01
4.757063472118962522e-01
4.773899518172385337e-01
4.790735499881210724e-01
4.807571408383103928e-01
4.824407237314153885e-01
4.841242982995788702e-01
4.858078644553379122e-01
4.874914223970472915e-01
4.891749721780305760e-01
4.908585154282226748e-01
4.925420527126168069e-01
4.942255853111677810e-01
4.959091146939765826e-01
4.975926431480484635e-01
4.992761714580381538e-01
5.009597001354638701e-01
5.026432296526659460e-01
5.043267604438489426e-01
5.060102929047263220e-01
5.076938273913197408e-01
5.093773642183238026e-01
5.110609036573187103e-01
5.127444459349593808e-01
5.144279912296338964e-01
5.161115444880538528e-01
5.177951023422115995e-01
5.194786658587771111e-01
5.211622359074900013e-01
5.227954008574026146e-01
5.243006749647896036e-01
5.445481986539805197e-01
5.440330403658648617e-01
5.434454000226789372e-01
5.428134423133793574e-01
5.421397707194147708e-01
5.414158828550860170e-01
5.406722565595877272e-01
5.398905043553712257e-01
5.391390110193874374e-01
5.383738019131502073e-01
5.376010921756976257e-01
5.368209829574915881e-01
5.360336541800375665e-01
5.352670750339072470e-01
5.344791353689066771e-01
5.336917557240239418e-01
5.328979878277471105e-01
5.320923297759975190e-01
5.312835496130146051e-01
5.304626486518020378e-01
5.296114040907173859e-01
5.287499244403496279e-01
5.278686274735889805e-01
5.269738533909946732e-01
5.260840497631917856e-01
5.251768012466699886e-01
5.242876371500683197e-01
5.233755217363240675e-01
5.224191869136104449e-01
5.214437510334990478e-01
5.204434855006648819e-01
5.194838283224237907e-01
5.184288782599053569e-01
5.174655989204439699e-01
5.164447989735462263e-01
5.154540092976098720e-01
5.144054880670948515e-01
5.132963158486930633e-01
5.121417861149698547e-01
5.109192489025459194e-01
5.096018806818206626e-01
5.082685718814954345e-01
5.069279033565525783e-01
5.055550802205804883e-01
5.042017749821926520e-01
5.027803830823494025e-01
5.013954355313193778e-01
4.999589021746424500e-01
4.985439686625091071e-01
4.970876950758418844e-01
4.956538544238217048e-01
4.941780803927758869e-01
4.927094436328561811e-01
4.911590157839849646e-01
4.896234079827706531e-01
4.880887984962820059e-01
4.864836853370413383e-01
4.848683195347622266e-01
4.832195940802073708e-01
4.815442029459324758e-01
4.797930166344691050e-01
4.780034798078994229e-01
4.762458132817936618e-01
4.744423755173785562e-01
4.726138843566305425e-01
4.707769495579423036e-01
4.689139091940813242e-01
4.670523413387258072e-01
4.651705923621893835e-01
4.632186791137457016e-01
4.612316327083711420e-01
4.592303317397263829e-01
4.572269997001711106e-01
4.551937395538852016e-01
4.531265992423301747e-01
4.510667108387294566e-01
4.489987499285693073e-01
4.469454544530909734e-01
4.448755980051864456e-01
4.427675666054777248e-01
4.406353192267321028e-01
4.384716700446827931e-01
4.363084162918233200e-01
4.341454830141083243e-01
4.319828079092900008e-01
4.298203337867701479e-01
