1.999987116762829698e-01
1.999986962112680344e-01
1.991378730065580804e-01
1.982061975459393222e-01
1.972598360905344905e-01
1.963289856173060233e-01
1.954155032840204365e-01
1.945007138712754324e-01
1.935689386840460935e-01
1.926169201369267170e-01
1.916719944314312918e-01
1.907259123416442104e-01
1.897734645982611656e-01
1.887941606200737865e-01
1.878172180735467878e-01
1.868011359920219994e-01
1.857852259621779190e-01
1.847762445252096042e-01
1.838043861081903318e-01
1.828091679466657682e-01
1.817862973523882153e-01
1.807668453556079691e-01
1.797509523150151722e-01
1.787348669668169243e-01
1.776756940022622133e-01
1.766052225375974172e-01
1.755327799948866729e-01
1.744523698168698178e-01
1.733445397405428412e-01
1.735475209324290058e-01
1.737511742656892011e-01
1.739395720273850809e-01
1.741285142705972233e-01
1.743213822749712649e-01
1.744981833880936972e-01
1.746830944984302803e-01
1.748888386678749685e-01
1.750660465755735917e-01
1.752462391141397791e-01
1.754134465333521964e-01
1.755699751312023715e-01
1.756890311203242183e-01
1.758160924152856741e-01
1.759411277599837731e-01
1.760783374000075840e-01
1.762285777970757084e-01
1.763720711806592290e-01
1.765315704294146693e-01
1.767222179651484759e-01
1.769205257156953870e-01
1.771209849639942269e-01
1.773294444525047031e-01
1.775169529321941053e-01
1.776990700637350873e-01
1.778705251713929014e-01
1.780565188964892687e-01
1.782913204638271465e-01
1.785062338847727970e-01
1.787559087244696976e-01
1.789715347095517106e-01
1.791929175954642683e-01
1.794333458247669710e-01
1.796787391877066320e-01
1.799375548138374692e-01
1.802074782723759594e-01
1.805010979177316122e-01
1.808030105735334570e-01
1.811391241217626402e-01
1.815105477260883782e-01
1.818602955458652470e-01
1.821946670636324650e-01
1.825307699455612220e-01
1.828700025930600215e-01
1.831468156829339777e-01
1.834343767513756940e-01
1.837653507129458630e-01
1.840868128747016885e-01
1.844245335880897729e-01
1.847708821396078505e-01
1.851468919002641766e-01
1.855223938298914410e-01
1.859037437011609173e-01
1.862788136683290185e-01
1.866919790819144276e-01
1.871445469627837088e-01
1.876126356444648702e-01
1.881173265906513625e-01
1.885985348170616804e-01
1.891232781656621287e-01
1.896005684910805900e-01
1.900973768305519174e-01
1.905385890309926888e-01
1.910159487397565803e-01
1.915013827022479243e-01
1.919739895188593004e-01
1.924628843124985278e-01
1.929487355578336227e-01
1.934409325103721156e-01
1.939181713353043124e-01
1.943658399072921428e-01
1.948593960389839452e-01
1.953189546559803424e-01
1.957832265168911734e-01
1.963010038681924363e-01
1.967651051114588934e-01
1.972704963062468508e-01
1.977513631853887732e-01
1.982320893677920748e-01
1.987110245680610288e-01
1.991954331440349280e-01
1.996622138092624954e-01
2.001909313287764391e-01
2.007284454473068080e-01
2.012659124565378543e-01
2.017622469086768067e-01
2.022776338632412685e-01
2.028330126352572982e-01
2.033307958851675590e-01
2.037954424546952470e-01
2.042607204184488379e-01
2.047609329824825186e-01
2.052388692757238231e-01
2.056898057610972441e-01
2.061493095701645295e-01
2.066012570620598954e-01
2.070492997603389784e-01
2.074970441593599335e-01
2.079507020899468428e-01
2.083869713387073996e-01
2.087754690530788937e-01
2.091695544487623404e-01
2.095876713136062275e-01
2.100590063684300846e-01
2.105246668245089881e-01
2.110390911296034511e-01
2.115630873281439117e-01
2.120776222568984126e-01
2.126160552324655728e-01
2.131221882046241412e-01
2.137118728659793132e-01
2.142912738442121212e-01
2.148124822432769532e-01
2.153092505336691442e-01
2.158040760980621253e-01
2.163448977771531001e-01
2.168904545759625935e-01
2.174410194505464466e-01
2.180562529639885061e-01
2.186760896863393921e-01
2.193350442298520331e-01
2.200007787919862623e-01
2.206504715869110067e-01
2.213288572061158643e-01
2.220493964135354104e-01
2.227850999465627591e-01
2.234678835652327555e-01
2.241940802540572930e-01
2.248882825953169295e-01
2.256325652932777426e-01
2.263766938913063798e-01
2.270856802369924654e-01
2.277441722273695623e-01
2.283862962834226351e-01
2.290750525326817888e-01
2.297494776909154157e-01
2.304513460755001075e-01
2.311141099117697273e-01
2.317674004858637782e-01
2.323907468471983762e-01
2.330165202412042558e-01
2.336469590203032465e-01
2.342803445018892539e-01
2.349389692830250731e-01
2.356591195167118125e-01
2.363425093857882686e-01
2.369829450753851430e-01
2.376659100153382942e-01
2.382864355807257639e-01
2.389078909563427111e-01
2.395222254333525813e-01
2.401310190097623865e-01
2.407023837723472059e-01
2.412807955674882987e-01
2.418288230635200209e-01
2.423768550989287285e-01
2.429532056421226105e-01
2.435668824088728091e-01
2.442356864630687019e-01
2.449154111378580023e-01
2.455945873838931703e-01
2.462465214311011508e-01
2.468505099079511544e-01
2.474758033031296822e-01
2.480386711216128470e-01
2.486241311497660311e-01
2.492651549956405310e-01
2.499246330750655165e-01
2.506003926416330296e-01
2.512672644173627456e-01
2.519143088722112789e-01
2.525568307978259819e-01
2.531858762761279857e-01
2.538162435897748370e-01
2.544322295777162735e-01
2.550278758348014096e-01
2.556249057811552094e-01
2.562429798878029796e-01
2.569176275108943086e-01
2.575397235397086648e-01
2.581546920770688702e-01
2.587864492529772242e-01
2.594252734723495046e-01
2.600753887548324927e-01
2.607305200492601727e-01
2.614151267735703166e-01
2.621271400512611982e-01
2.628253590354629465e-01
2.635398323033721901e-01
2.642350730569884565e-01
2.649091726696574112e-01
2.656740133867060427e-01
2.663764832914013447e-01
2.670906161950282742e-01
2.678380568771814851e-01
2.686005391238439066e-01
2.693637569012620747e-01
2.700973875809374869e-01
2.708149636337788824e-01
2.715242455310506453e-01
2.722241298979648505e-01
2.728431866470921729e-01
2.734284507369014183e-01
2.739924985873656293e-01
2.745635697130993647e-01
2.751659257270753778e-01
2.757689114306670075e-01
2.763598921108611495e-01
2.769254381440563462e-01
2.774736842828129935e-01
2.779536506656137274e-01
2.783916549891624070e-01
2.788574795591823308e-01
2.792972044094366724e-01
2.797444934990091503e-01
2.801639664423511422e-01
2.805735372346524481e-01
2.809299863659383556e-01
2.812440730785106258e-01
2.816057970357072615e-01
2.819475053249095309e-01
2.822499104607549825e-01
2.825939890158446488e-01
2.829542764629563445e-01
2.833226453918949450e-01
2.836383387181203308e-01
2.840028455370454674e-01
2.843970714877891992e-01
2.848001066974197859e-01
2.852773543992114802e-01
2.857344836137397093e-01
2.862417813794984056e-01
2.867421251896523082e-01
2.872478541046224465e-01
2.877155300488382639e-01
2.881624268927099886e-01
2.886438626199434032e-01
2.891434914250933241e-01
2.896762879676523239e-01
2.902228071324066128e-01
2.908560658189750514e-01
2.914885880644819682e-01
2.920814483661500205e-01
2.926362850552970962e-01
2.931430337459920432e-01
2.936289484207848521e-01
2.941454296831192416e-01
2.946292922339029396e-01
2.951794665645958160e-01
2.956778552346145950e-01
2.961638108728542051e-01
2.966744898357714377e-01
2.971999760447168737e-01
2.976869484501143970e-01
2.981509792427359806e-01
2.986306522635181482e-01
2.991101521170917432e-01
2.996012917034050482e-01
3.000828623765936509e-01
3.005567637059148867e-01
3.009913632692951535e-01
3.014584786376868775e-01
3.018999210222056417e-01
3.023374864307277754e-01
3.027578390027599320e-01
3.031979714187260644e-01
3.036210671607064149e-01
3.040252518422160710e-01
3.044382060629085007e-01
3.048575258783995379e-01
3.053078512976093450e-01
3.058314773659717156e-01
3.062872300556275795e-01
3.067048302607340848e-01
3.071048168598583539e-01
3.075650506024905084e-01
3.079977647635565585e-01
3.084551130175259837e-01
3.089139152568342594e-01
3.093774018869728804e-01
3.097824715136226481e-01
3.101736378610182587e-01
3.105845919195598936e-01
3.109768032582378994e-01
3.113957578009753924e-01
3.117712781538573008e-01
3.121837419980522110e-01
3.125535189992981189e-01
3.129675096506350229e-01
3.133717773854525213e-01
3.137884193063408822e-01
3.141787522967291468e-01
3.145159303301985343e-01
3.148560941846678118e-01
3.152162474971035300e-01
3.155902543132503846e-01
3.160232786726772103e-01
3.164606806379345327e-01
3.168560945916576999e-01
3.172440441621560692e-01
3.176530191114189661e-01
3.180231927190953489e-01
3.183933299745957957e-01
3.187530670666916532e-01
3.190881505536397600e-01
3.194429642977323902e-01
3.197887194520616649e-01
3.201483433329158079e-01
3.205092832553175231e-01
3.208503287963539452e-01
3.211883468150137366e-01
3.215060600740961561e-01
3.217957519624647933e-01
3.220710882125533692e-01
3.223358145757711513e-01
3.225810569298026564e-01
3.228287279315415481e-01
3.230444878297547007e-01
3.232048613436192541e-01
3.233743452033636112e-01
3.235203517990499766e-01
3.236610063957209849e-01
3.237783152394412278e-01
3.238976996533194375e-01
3.239517724475698968e-01
3.239892877193321086e-01
3.240395732226462044e-01
3.240873616317046513e-01
3.241067157432921397e-01
3.241063123686658831e-01
3.241043610680071074e-01
3.240952830076495594e-01
3.240754853554664860e-01
3.240678262907426554e-01
3.240398712814941962e-01
3.239254227616096271e-01
3.238967996793094550e-01
3.236979070731780816e-01
3.225137554775048265e-01
3.213316907457800520e-01
3.201804189928746380e-01
3.190429631479148043e-01
3.179153833746027336e-01
3.167918535403640434e-01
3.156689668538468774e-01
3.145488777232098854e-01
3.134378180475909659e-01
3.123272423338909753e-01
3.112412378112845990e-01
3.101659887099189050e-01
3.090811902094174335e-01
3.079979182320928266e-01
3.069160523000060703e-01
3.058456533264340416e-01
3.047886109835157287e-01
3.037203040645079510e-01
3.026449588557798553e-01
3.015726489652141296e-01
3.004980128419404428e-01
2.994154429160013620e-01
2.983402215608872976e-01
2.972814813546295065e-01
2.962131666413830855e-01
2.951687914310221483e-01
2.941339610708888497e-01
2.931058444217061187e-01
2.920793613151506651e-01
2.910682115589043328e-01
2.900572732719741698e-01
2.890427802484313302e-01
2.880366171595593605e-01
2.870232907781929965e-01
2.859997093523545253e-01
2.849756487406817085e-01
2.839511698229544856e-01
2.829332288540201135e-01
2.819247787436240382e-01
2.809184322010462864e-01
2.799254064179100832e-01
2.789338329504366665e-01
2.779498088146624690e-01
2.769714817854561639e-01
2.759896079643243683e-01
2.750200777304872557e-01
2.740731879133457838e-01
2.731262156396292995e-01
2.721886889957046418e-01
2.712459468274199814e-01
2.703164763000791004e-01
2.693996263419635162e-01
2.684960934816678635e-01
2.676026505943335243e-01
