4.000015150082043003e-01
4.000015306148536620e-01
4.010240643562320573e-01
4.022293517311089084e-01
4.034343101228889950e-01
4.046389318793280343e-01
4.058432364247546165e-01
4.070472544952721816e-01
4.082510226336575898e-01
4.094545771669118039e-01
4.106579537341984998e-01
4.118611849944495140e-01
4.130643009409962207e-01
4.142673272285931074e-01
4.154702853959468256e-01
4.166731930759371427e-01
4.178760643543343867e-01
4.190789102054991444e-01
4.202817389543911375e-01
4.214845567423644579e-01
4.226873671538708965e-01
4.238901719576192995e-01
4.250929719589758293e-01
4.262957673117147572e-01
4.274985577734527475e-01
4.287013441073287412e-01
4.299041267888288886e-01
4.311069039890303434e-01
4.323096744653829870e-01
4.335124376542094926e-01
4.347151922939543334e-01
4.359179402236676437e-01
4.371206833152114224e-01
4.383234226327182292e-01
4.395261594759262147e-01
4.407288953506476314e-01
4.419316315233886572e-01
4.431343684693764273e-01
4.443371066468548292e-01
4.455398464934215985e-01
4.467425884207052444e-01
4.479453328082769747e-01
4.491480799974585381e-01
4.503508302852047840e-01
4.515535839597134560e-01
4.527563421431955448e-01
4.539591061506819125e-01
4.551618771340544822e-01
4.563646576443317615e-01
4.575674500169650272e-01
4.587702519231609544e-01
4.599730629939107196e-01
4.611758832322356283e-01
4.623787123275399646e-01
4.635815492540587002e-01
4.647843939792070111e-01
4.659872439348216044e-01
4.671900994522263928e-01
4.683929590642013085e-01
4.695958211263228654e-01
4.707986838478985248e-01
4.720015463778289289e-01
4.732044081104684330e-01
4.744072684865109912e-01
4.756101269931844455e-01
4.768129831662805129e-01
4.780158365934050191e-01
4.792186869178575725e-01
4.804215338459416063e-01
4.816243768427869165e-01
4.828272145218016620e-01
4.840300456449901367e-01
4.852328691589098963e-01
4.864356860483212142e-01
4.876384963423390784e-01
4.888412970164770499e-01
4.900440877690656061e-01
1.999988182276240534e-01
1.999988027417309300e-01
1.992291136424028941e-01
1.982828061230489936e-01
1.973368936638975335e-01
1.963913841506183811e-01
1.954462543556973741e-01
1.945014682434202946e-01
1.935599627913933418e-01
1.926413187443750952e-01
1.916975166474324810e-01
1.907958052333793009e-01
1.898773003265325499e-01
1.889704979842146970e-01
1.880866248406636854e-01
1.871020920784113029e-01
1.861461111162514837e-01
1.853262364445429633e-01
1.845584588350701882e-01
1.837020285012905818e-01
1.833152473026861684e-01
1.830552754847790953e-01
1.827715491065761422e-01
1.825425120255433353e-01
1.823137309155873631e-01
1.820821835378334530e-01
1.818310362334378816e-01
1.815593474245011107e-01
1.812275042105321310e-01
1.809239654638097328e-01
1.806399616954792731e-01
1.803032740719957838e-01
1.799548073109847879e-01
1.796190035513557659e-01
1.792949436323282575e-01
1.789569069323945494e-01
1.786163100376342294e-01
1.782723576080970929e-01
1.778565432867203200e-01
1.773847331442521269e-01
1.769761683009954678e-01
1.766434097592648744e-01
1.763068715326338576e-01
1.759898476518128030e-01
1.757086465581579882e-01
1.754234048248563549e-01
1.751441746357441931e-01
1.748920400296130329e-01
1.747343133358290890e-01
1.745694127564710596e-01
1.743732785258196027e-01
1.742267701676974145e-01
1.740383675791060125e-01
1.738737358981569947e-01
1.737303815986450672e-01
1.736072358376005709e-01
1.735293522038370007e-01
1.734728482397089044e-01
1.733439091790721920e-01
1.732307095697605270e-01
1.731362454468426959e-01
1.730602505712280359e-01
1.730535672457319263e-01
1.730189683464520289e-01
1.729682996334990508e-01
1.729247364042142410e-01
1.728963310122150210e-01
1.728620767591540208e-01
1.713254315131933769e-01
1.697849441298408535e-01
1.682462584301085418e-01
1.667115337196243552e-01
1.651771167512333660e-01
1.636435886546893648e-01
1.621107894979360031e-01
1.605780583723460109e-01
1.590452148451823866e-01
1.575121038303998189e-01
1.559786259210607928e-01
1.544408890999471595e-01
1.529030095976022796e-01
1.513650335802789737e-01
1.498269981037647913e-01
1.482889369733245422e-01
1.467508882640757295e-01
1.452128755829124318e-01
1.436749277316113904e-01
1.421370678079859340e-01
1.405993108910710554e-01
1.390616569932146829e-01
1.375241031170213457e-01
1.359865338112341282e-01
1.344489496806276496e-01
1.329113561696783075e-01
1.313737573929732727e-01
1.298361563784432848e-01
1.282985552756012448e-01
1.267609555582674130e-01
1.252233580587756578e-01
1.236857632472569135e-01
1.221481712181606283e-01
1.206105817927139029e-01
1.190729922971993648e-01
1.175353951146419912e-01
1.159977949311326861e-01
1.144601946949537069e-01
1.129392935559439259e-01
1.114301721700298869e-01
1.099221910317643852e-01
1.084254427726518699e-01
1.069506227720411901e-01
1.054940116390963717e-01
1.040398414237447139e-01
1.025875186999835320e-01
1.011455779467964194e-01
9.969685266730646256e-02
9.826350201768739578e-02
9.683927841769544853e-02
9.544781623811715576e-02
9.405734953136724030e-02
9.269431777147540963e-02
9.136672156829431235e-02
9.001844416618057232e-02
8.867978340102444790e-02
8.732823929949871944e-02
8.596510453375666438e-02
8.461801562727448711e-02
8.327245693194748610e-02
8.192117771932840020e-02
8.058635930304983153e-02
7.922553261445984540e-02
7.789128988818358468e-02
7.656205212068670218e-02
7.525647472483425193e-02
7.394559147803138333e-02
7.264443933516072371e-02
7.135981904143745558e-02
7.008267262698950062e-02
6.882764770861131420e-02
6.758867895647487078e-02
6.634437965224421196e-02
6.509466671922665981e-02
6.386447498323895300e-02
6.265290808366531794e-02
6.144309335871103728e-02
6.026563548302930895e-02
5.911391864463156481e-02
5.795489742633425784e-02
5.682088939299984737e-02
5.574192408214273531e-02
5.469970888257202901e-02
5.365005526130420949e-02
5.260712333295923526e-02
5.155536572284856456e-02
5.050234977103572331e-02
4.946210557819042536e-02
4.844172699063740289e-02
4.743200616518619683e-02
4.641226245200782280e-02
4.540537398758786453e-02
4.442480743792710796e-02
4.346382542549308975e-02
4.252726353809763854e-02
4.159904999250101792e-02
4.067241466995925869e-02
3.974102018917641949e-02
3.882386559563330564e-02
3.790896584834681227e-02
3.702497128223421197e-02
3.616126171809377898e-02
3.532163089113196652e-02
3.447624124061725998e-02
3.365485514316520627e-02
3.285004407411595134e-02
3.204232428190335880e-02
3.127062914705221880e-02
3.055069634615316040e-02
2.983240775899512198e-02
2.913593933964878091e-02
2.843349764819543685e-02
2.776755749047446140e-02
2.712621729565142803e-02
2.648657939068966433e-02
2.583093374797682668e-02
2.518131045440794372e-02
2.453084813812946366e-02
2.389901923579148060e-02
2.326111966747845469e-02
2.263347277505646515e-02
2.202213502257849981e-02
2.143735307725794584e-02
2.085513859584887247e-02
2.028601322426154888e-02
1.973020025059037813e-02
1.918683669191975985e-02
1.864921435923093049e-02
1.810730401403265119e-02
1.758717770848148079e-02
1.708200785140349953e-02
1.657316358082705152e-02
1.607760447370534460e-02
1.559116103269324836e-02
1.511264185073077533e-02
1.465351119915692980e-02
1.421557463798131700e-02
1.377813719012880092e-02
1.336002270988420788e-02
1.294809702485128118e-02
1.254864431045953251e-02
1.215559279693733362e-02
1.177240011995204019e-02
1.139829787299226002e-02
1.103183641838435466e-02
1.066266736701706498e-02
1.030805175950883119e-02
9.961241816435062804e-03
9.609676712640900439e-03
9.259551230609326319e-03
8.914121307594103510e-03
8.563009913682726598e-03
8.218303513717977599e-03
7.879187292223699401e-03
7.550050979820062749e-03
7.227626793168732966e-03
6.911270215302939279e-03
6.591795524879719669e-03
6.282622129861555396e-03
5.972869845742272664e-03
5.669770772923109388e-03
5.374297259479542989e-03
5.087860537964926551e-03
4.807107061071613612e-03
4.536086000153356432e-03
4.271891936935148272e-03
4.020253994081233670e-03
3.774541587790360836e-03
3.539250532736158434e-03
3.313880997997880468e-03
3.105410659448909830e-03
2.906631203303171405e-03
2.715186084368793711e-03
2.525711982423994948e-03
2.336843988470445159e-03
2.161213815124501687e-03
1.993180884653564158e-03
1.839625742268401372e-03
1.697705038899864323e-03
1.563762970120862123e-03
1.437725255529357813e-03
1.313791744694856045e-03
1.194346879086013394e-03
1.077993139737658257e-03
9.648653353192672248e-04
8.560196831407348083e-04
7.561008854867697386e-04
6.636400171719882869e-04
5.822347070275195888e-04
5.084136673548983248e-04
4.395799300976023982e-04
3.788680598272772251e-04
3.296755911384712662e-04
2.906703911755853390e-04
2.599969309513916818e-04
2.393366269574268522e-04
2.272912562639878298e-04
2.215272352463794597e-04
2.220030757818462340e-04
2.296492114089985527e-04
2.436761361798262210e-04
2.661647847115678010e-04
2.943152656585676982e-04
3.276334198132736342e-04
3.649568031033860330e-04
4.034767729048480307e-04
4.414857957521633601e-04
4.757947623740983994e-04
5.080912269969928285e-04
5.398618391600631472e-04
5.704291952775207260e-04
6.001886308297618884e-04
6.295018923297334085e-04
6.587000552893780211e-04
6.887197396268597213e-04
7.172414681109555695e-04
7.431608969150665022e-04
7.648923138459079018e-04
7.848930855859336799e-04
8.021564389417454137e-04
8.175765154656561414e-04
8.308036895004208095e-04
8.421623657191797986e-04
8.495070566718679328e-04
8.549324235372795545e-04
8.560671712310779970e-04
8.551295323796694742e-04
8.575451118971272281e-04
8.642786552760474070e-04
8.767568814896232847e-04
8.936093484210226806e-04
9.141388556978235743e-04
9.386535541952462395e-04
9.657313541263615360e-04
9.929141987694506746e-04
1.021547430382909252e-03
1.051927741138337794e-03
1.084725985233584529e-03
1.118277954506468209e-03
1.150757476142300799e-03
1.181273990140641397e-03
1.209734950332538861e-03
1.233458577969532470e-03
1.251480042058502424e-03
1.266343872188204975e-03
1.280191431040475633e-03
1.295301921741474384e-03
1.308940057141961275e-03
1.320913633044053107e-03
1.332627989952717097e-03
1.346184141915526041e-03
1.359283935050214099e-03
1.375456118738092003e-03
1.395295481922890872e-03
1.418626749238462376e-03
1.999994946868047241e-01
1.999994794900929462e-01
1.997778074341810539e-01
1.996267800181532881e-01
1.995355577490469101e-01
1.995037818938430740e-01
1.995295110963621610e-01
1.996151904707881841e-01
1.997604561075815577e-01
1.999679820811044728e-01
2.002340847985366323e-01
2.005667307273233391e-01
2.009451509502239164e-01
2.013745133828010736e-01
2.018599533434652371e-01
2.023833299912198014e-01
2.029447127997015266e-01
2.035528803481843341e-01
2.042091287398862809e-01
2.049003275462023543e-01
2.056375478722304306e-01
2.064050014419664403e-01
2.071958652446019011e-01
2.080386374796670268e-01
2.089383122208987587e-01
2.098569656376897963e-01
2.107937822649874893e-01
2.117179123812354957e-01
2.127076909585592090e-01
2.137585608933140757e-01
2.148192729963560865e-01
2.158898404935098991e-01
2.170132622148884805e-01
2.181854196562551251e-01
2.194128045558425277e-01
2.206998843291233248e-01
2.220080419597212362e-01
2.233672524823740457e-01
2.247588869679970625e-01
2.261668892166414646e-01
2.275996467633820686e-01
2.290707431508052505e-01
2.305919977695710665e-01
2.320888257616843253e-01
2.336869679004096589e-01
2.353340980997850329e-01
2.370243738097097819e-01
2.387214293570416035e-01
2.405124513148904630e-01
2.422940268229395178e-01
2.440810072269697650e-01
2.459188172048561161e-01
2.477599025427426049e-01
2.496343814554958240e-01
2.515096524225877150e-01
2.534132620742202135e-01
2.553948002027979780e-01
2.574548154396766320e-01
2.595168888999902501e-01
2.615689272816689170e-01
2.636104764248048404e-01
2.656773390423861070e-01
2.677593148023223457e-01
2.698691975601786308e-01
2.719403795858229556e-01
2.740317125648231711e-01
2.760453332244373059e-01
2.780345882288728365e-01
2.800327910810322951e-01
2.820285847120840850e-01
2.840339640623150141e-01
2.860191163472970421e-01
2.879872177404342315e-01
2.899522586807203872e-01
2.919850775755685190e-01
2.939020348257626591e-01
2.958569609159749647e-01
2.978008829584848915e-01
2.994447643472492593e-01
3.013004201436695340e-01
3.016760081987133746e-01
3.018696192884033902e-01
3.014453687143062166e-01
3.010293911934766031e-01
3.008789168011387072e-01
3.004993925057791726e-01
3.000276699330279295e-01
2.995202277787890055e-01
2.990506977413992518e-01
2.985485230246943122e-01
2.980272630694287828e-01
2.974530726276101711e-01
2.968655262316352572e-01
2.962593107151924587e-01
2.956935899731529815e-01
2.950722773448215541e-01
2.944482785744991227e-01
2.939133089542980692e-01
2.933465112102530692e-01
2.927132381182771526e-01
2.920780817109436822e-01
2.914014575420412201e-01
2.907728342716737191e-01
2.902081337073599832e-01
2.896654013237454639e-01
2.891399178478725185e-01
2.886672206686333730e-01
2.882364618179120708e-01
2.878731787810625553e-01
2.875952697289638205e-01
2.873296615604468696e-01
2.870971188954954956e-01
2.868882386890955760e-01
