-3.142581659710208595e-06
-3.158598573314542653e-06
-1.297612774513755285e-03
-1.549950351157929583e-03
-2.097245609234292107e-03
-2.318903415769499755e-03
-2.590443883588925116e-03
-2.980445463018373178e-03
-3.789580793268257797e-03
-4.358521564111927926e-03
-4.965283402882924094e-03
-4.719140096180675543e-03
-4.325669572036131873e-03
-3.951979943151176511e-03
-3.231639553691956993e-03
-2.419817644085432880e-03
-1.401241077731518823e-03
-4.082533927471890148e-04
5.972571838906845986e-04
1.535976483915932377e-03
2.414390627832459398e-03
3.304635251299196941e-03
4.116362994403601275e-03
4.916435758191726665e-03
5.660227208616516736e-03
6.327378022522471557e-03
6.910606146827833439e-03
7.440824045951688163e-03
7.911414610149068716e-03
8.392212107943721258e-03
8.831551216114164743e-03
9.205529493905184601e-03
9.524875220574711629e-03
9.815800640921145542e-03
1.006473813205753000e-02
1.024566519995441169e-02
1.038526057349943230e-02
1.049582339697256034e-02
1.057240130675421962e-02
1.061297746335040405e-02
1.062189811098944621e-02
1.061110428666377399e-02
1.060611697792269298e-02
1.062585980736822054e-02
1.068681940403003357e-02
1.079345853929463209e-02
1.094638731481737542e-02
1.111900492278470112e-02
1.137684581916545770e-02
1.168386433425742769e-02
1.202161385539408586e-02
1.248571777374281842e-02
1.300244620758790777e-02
1.362212767660428078e-02
1.431933695610965174e-02
1.505836172371439151e-02
1.583045312306469513e-02
1.662566417497294419e-02
1.741787914594701558e-02
1.822636949686287644e-02
1.905126868931700246e-02
1.989104361686961156e-02
2.073217211467955415e-02
2.162055835400196122e-02
2.251247280639469620e-02
2.340632321431417029e-02
2.423969027711409333e-02
2.507884109323765820e-02
2.584563259024660539e-02
2.649283973520837054e-02
2.709578937581787889e-02
2.763591015246528657e-02
2.811246019024991882e-02
2.850903932859946005e-02
2.887264034184742686e-02
2.919337090379837615e-02
2.953235166842673246e-02
2.990245803270030756e-02
3.033227235619418913e-02
3.075957187495348757e-02
3.119768847464631650e-02
3.166608901845349017e-02
3.214230665500934087e-02
3.265580632127799282e-02
3.312842103371990699e-02
3.363025309464035689e-02
3.410036490988365560e-02
3.458719527862839233e-02
3.514470590858324167e-02
3.570149128338673261e-02
3.629907424648732422e-02
3.694975425896217247e-02
3.752523303896321272e-02
3.807357862136138277e-02
3.860172912485450303e-02
3.909778857777365668e-02
3.961021832920218894e-02
4.007496960363853694e-02
4.040942847413215439e-02
4.068129829779274648e-02
4.082478017866796732e-02
4.108418809528997795e-02
4.129675350945008483e-02
4.155754280413046647e-02
4.188304328406428773e-02
4.229655375344838764e-02
4.277183863322348012e-02
4.335690666468301757e-02
4.402721574868832116e-02
4.480699007784127996e-02
4.560059053704216409e-02
4.647851987020054643e-02
4.735705972766986876e-02
4.815610760811926683e-02
4.898385544830770322e-02
4.973060329229902349e-02
5.047325839922254392e-02
5.112210453924973669e-02
5.165736391212058520e-02
5.214134697530530688e-02
5.258748443480992796e-02
5.300324055482212582e-02
5.338941503655800919e-02
5.368320039893414997e-02
5.382887567483139041e-02
5.404661249257243505e-02
5.432228229200687653e-02
5.483806621534514925e-02
5.545650462694261262e-02
5.624847780438581996e-02
5.714999616343328231e-02
5.809387417893246280e-02
5.906794849251701535e-02
6.008712198735625953e-02
6.112284070410136522e-02
6.215358514910519078e-02
6.309691362499508793e-02
6.403112279520509209e-02
6.481393758164734342e-02
6.572242888082531487e-02
6.666461489987855760e-02
6.777501797195595312e-02
6.868044619313209975e-02
6.991740979076704887e-02
7.123888722932962547e-02
7.252030181828938993e-02
7.390490655433420986e-02
7.536229661322658979e-02
7.689916675621005782e-02
7.839420979180804216e-02
7.982798266096828577e-02
8.137187820662331039e-02
8.299229746122915863e-02
8.469496740296614257e-02
8.645021319005886939e-02
8.827744301032788843e-02
9.007948328440811003e-02
9.192803498140973695e-02
9.379069346765414594e-02
9.563964100986656336e-02
9.748588110016581654e-02
9.940259839487378124e-02
1.012933979475424684e-01
1.031505578847264348e-01
