3.211790986740225923e-06
3.227768586179534149e-06
2.277794499608208623e-03
4.254982045259390888e-03
6.236758390665900903e-03
8.157090639096946025e-03
1.000707021840827222e-02
1.179557016165274849e-02
1.360436170727319372e-02
1.533741156984820206e-02
1.714961240105649515e-02
1.887605925916592542e-02
2.062294803061500217e-02
2.238048060113009483e-02
2.410428730786468368e-02
2.580665182607683877e-02
2.746669179066611038e-02
2.907735339868278493e-02
3.065427676525907599e-02
3.222540539860957454e-02
3.376653757953657076e-02
3.524821485134496668e-02
3.671249392798629080e-02
3.812965879341036896e-02
3.947828427881559799e-02
4.079499766900031993e-02
4.207840238433024904e-02
4.332840531218000446e-02
4.456612919251245336e-02
4.579466206920212307e-02
4.693865274511677815e-02
4.805484983613102223e-02
4.912669328162373727e-02
5.012398308230173183e-02
5.109006523900572888e-02
5.200060047799256319e-02
5.288639218118224017e-02
5.372283517367871380e-02
5.450535034051298688e-02
5.524226681953561119e-02
5.593956865793128785e-02
5.659611838095433139e-02
5.720246122623243862e-02
5.776711638495997392e-02
5.827863378092522362e-02
5.874807290139040516e-02
5.917476968959762412e-02
5.956313337405859387e-02
5.989200098749612039e-02
6.014756653925050489e-02
6.033589926012267873e-02
6.045151317704393346e-02
6.048937292244305208e-02
6.049803046281613389e-02
6.050442515190181114e-02
6.050736845483645210e-02
6.050661002894595908e-02
6.050255866932249121e-02
6.049576069625893504e-02
6.048605580043164842e-02
6.047368623777699126e-02
6.045791163302406679e-02
6.043852991852141643e-02
6.041900570551456129e-02
6.039435203691021631e-02
6.036510897811007276e-02
6.033504759569532222e-02
6.029588131267245299e-02
6.025370341540499386e-02
6.021400338429205162e-02
6.017707414766702845e-02
6.013321601072749850e-02
6.008351619743535627e-02
6.002739906501326078e-02
5.998038074452690521e-02
5.993471974080098741e-02
5.989037972312175051e-02
5.983003453562642932e-02
5.977758103388033928e-02
5.972081237129061443e-02
5.967389854666953208e-02
5.961436000483866932e-02
5.955808969199711395e-02
5.949069830361734118e-02
5.942040418717609018e-02
5.934153382102852481e-02
5.926423436808841982e-02
5.918292801666295844e-02
5.909384782645904499e-02
5.902745659980632165e-02
5.898085499168997242e-02
5.893348848082267250e-02
5.889676843383333249e-02
5.885584785849756750e-02
5.881484913954204002e-02
5.877036442294646112e-02
5.873697727760403969e-02
5.871521114026564958e-02
5.869913198324955977e-02
5.867580872825218369e-02
5.865604594993679977e-02
5.861885481039235540e-02
5.860449429940957355e-02
5.859905148779173678e-02
5.858902854620796213e-02
5.857321584082046673e-02
5.857970609049523159e-02
5.856936321111051724e-02
5.857633415539749422e-02
5.857609879100302702e-02
5.854974960724111666e-02
5.852756814978277156e-02
5.849762394431883006e-02
5.845859174709232969e-02
5.835898056521446331e-02
5.828354222103827170e-02
5.821298175047689288e-02
5.816444331035246218e-02
5.807425681919014399e-02
5.800005145432352710e-02
5.791732839591274412e-02
5.781124717618998932e-02
5.774588729407969384e-02
5.767784896577001635e-02
5.758936290142930431e-02
5.753508212238835073e-02
5.747745503134785161e-02
5.741587317379522049e-02
5.736371196734844913e-02
5.727883163775817493e-02
5.718319996276288730e-02
5.708979076100567651e-02
5.697431863620158743e-02
5.682339947148065673e-02
5.666990335001153428e-02
5.648828848994714991e-02
5.636773838000647130e-02
5.615701261235682418e-02
5.586044326487888539e-02
5.559311119853509869e-02
5.472174860978766542e-02
5.422339980305262291e-02
5.272379017709392240e-02
5.096287730751431627e-02
4.977514663248101129e-02
4.779686352058058058e-02
4.572645874000318827e-02
4.374461577896324171e-02
4.171885369646839009e-02
3.967049728399799774e-02
3.754765291417120482e-02
3.535669304619055292e-02
3.321888951667614082e-02
3.109692393276719188e-02
2.897777638624270125e-02
2.682356287397622344e-02
2.466044261600290263e-02
2.249873144573203906e-02
2.036165238450293041e-02
1.824600369137815287e-02
1.635740137037348593e-02
1.458128803039688594e-02
1.289166291782640854e-02
1.131878778355539968e-02
9.782216084850886562e-03
8.293872105632059399e-03
6.703988140362588874e-03
5.268668143286671379e-03
3.792497437983484692e-03
2.437147749328052049e-03
9.007203137772619135e-04
-4.473179087072467379e-04
-1.830657746780682939e-03
-3.477097886228406806e-03
-4.478313020902985331e-03
-5.555970591893062693e-03
-7.120348362176807944e-03
-7.818533958349692045e-03
-9.168186928299650734e-03
-9.594848131469355806e-03
-9.964060455187469592e-03
-1.010998074386562466e-02
-1.075999327179842820e-02
-1.095397177603986416e-02
-1.122708596271699243e-02
-1.158790623976895494e-02
-1.184468639361573386e-02
-1.256680966240045390e-02
-1.280891872699765552e-02
-1.304694298041495122e-02
-1.303419816308533201e-02
-1.300885125077281233e-02
-1.294724833113223943e-02
-1.289459392893874470e-02
-1.292315476194282227e-02
-1.313425200993823677e-02
-1.379505772993114103e-02
-1.394585437816111759e-02
-1.451048253959018319e-02
-1.497013245544560021e-02
-1.538543046374099554e-02
-1.583167788425060216e-02
-1.619028476319817750e-02
-1.652077021200700976e-02
-1.682369156344123637e-02
-1.710493797985454187e-02
-1.735884844682734907e-02
-1.759949283227002156e-02
-1.779941688973109976e-02
-1.797387614143031859e-02
-1.811898437121323840e-02
-1.824586885748349235e-02
-1.834687533452858399e-02
-1.843279915194225016e-02
-1.850107238202697638e-02
-1.854853770345032959e-02
-1.857559639342847013e-02
-1.858137872413324204e-02
-1.856130959773480416e-02
-1.851735181186616591e-02
-1.845287813789833059e-02
-1.835247322950939522e-02
-1.822564097901584884e-02
-1.808514355297274195e-02
-1.791816304201379259e-02
-1.773389760616389532e-02
-1.751232828553804868e-02
-1.726587490276852016e-02
-1.697211095153626850e-02
-1.664810391905577683e-02
-1.628353484816857585e-02
-1.589026171732341522e-02
-1.545990565780647023e-02
-1.500558394478983607e-02
-1.451341249638951440e-02
-1.400193096548147352e-02
-1.345839414772600356e-02
-1.286692104099162320e-02
-1.224577104821101929e-02
-1.159051604939171330e-02
-1.090176020288822351e-02
-1.020459644044775099e-02
-9.470775753574401518e-03
-8.691049996393435811e-03
-7.907882154177429262e-03
-7.081937879106291189e-03
-6.234652340311688801e-03
-5.380935211650344704e-03
-4.522950228967755754e-03
-3.619904448898861402e-03
-2.679582365663166210e-03
-1.707440747164581029e-03
-7.212711749901563711e-04
2.744594879115235843e-04
1.310652383276526009e-03
2.358592184950984716e-03
3.434106562105024990e-03
4.523630546829251857e-03
5.636830106048048607e-03
6.763054577146586713e-03
7.900814330461013515e-03
9.070118741556668779e-03
1.025647888974283613e-02
1.145713678205116312e-02
1.267581857394893194e-02
1.389368731009923974e-02
1.518118654351699459e-02
1.645087263289978993e-02
1.777924285697357609e-02
1.916849803107414235e-02
2.058126288123158024e-02
2.201547792092593825e-02
2.349144739749844252e-02
2.496568153604310919e-02
2.647593649417775627e-02
2.800453227657937957e-02
2.959548948186747561e-02
3.120784192740679724e-02
3.281262503075967757e-02
3.444094784703917445e-02
3.607777817409422993e-02
3.775178651870210456e-02
3.938032349271403804e-02
4.100919418015758211e-02
4.260092683652250134e-02
4.424456061540670004e-02
4.588209803351573496e-02
4.754118042833355845e-02
4.920095873551069698e-02
5.091129693261942091e-02
5.259544956115618647e-02
5.432327559087149482e-02
5.605934147111188426e-02
5.778550402585245355e-02
5.949791515415849691e-02
6.125069319709938731e-02
6.301994499556377860e-02
6.480900233384227771e-02
6.660884207071515739e-02
6.844752865872390235e-02
7.029484531675350700e-02
7.217878063797129873e-02
7.407651764512868109e-02
7.597978647318905099e-02
7.792663505559331572e-02
7.986952224752957852e-02
8.182854932332354891e-02
8.381211441213348712e-02
8.581407537455618129e-02
8.784896637892644633e-02
8.983541231572278463e-02
9.177569039377854454e-02
9.374880262072647630e-02
9.576930752725712481e-02
9.774691454544773284e-02
9.976860705585868794e-02
1.017403902852738878e-01
1.037808425637469778e-01
1.058076989168709736e-01
1.078534905142783384e-01
1.099232675739752474e-01
1.120168256606753204e-01
1.140657661614437046e-01
1.161466853578668051e-01
1.182460030980771876e-01
1.203723779361967477e-01
1.225050560757246082e-01
1.246714108595728121e-01
1.268588100521145789e-01
1.290377562447071191e-01
1.312361291520888207e-01
1.334223626371720539e-01
1.356226112790787086e-01
1.378127116016005793e-01
1.400085613108269234e-01
1.423024614792481879e-01
1.445685764640297910e-01
1.468314546380235508e-01
1.490908774395154068e-01
1.513258732058029021e-01
1.535265680448880121e-01
1.557183657926127784e-01
1.578739195245460747e-01
1.600287111880009105e-01
1.621427717729955476e-01
1.643071832040692293e-01
1.664774621890274808e-01
1.686414195425106344e-01
1.708253290217969234e-01
1.730633339942623250e-01
1.754068470492286536e-01
1.777276713001498254e-01
1.801122215794409287e-01
1.825410270403050317e-01
1.850169405041441895e-01
1.874964967004338623e-01
1.899757828782930036e-01
1.924548604886737457e-01
1.949337807271487033e-01
1.974125890927013460e-01
1.998913338891727676e-01
2.023700420829846192e-01
2.048487342693944280e-01
2.073274256036501950e-01
2.098061269256210337e-01
2.122848574818941569e-01
2.147636247919638142e-01
2.172424176285978059e-01
2.197212306355950107e-01
2.222000626231730169e-01
2.246789116303756217e-01
2.271577751862653149e-01
2.296366505124080026e-01
2.321155306078933889e-01
2.345944032380407329e-01
2.370732672575825706e-01
2.395521217455145735e-01
2.420309660277536745e-01
2.445097996852773348e-01
2.469704290816789050e-01
2.494497081668031191e-01
2.518781562659945239e-01
2.543076004481726327e-01
2.567606410250357074e-01
2.592204915417656852e-01
2.616196831417139657e-01
2.639904401396811484e-01
2.662264491721845761e-01
2.685678509010124282e-01
2.709022755115033099e-01
2.732991949279875432e-01
2.756081744631964092e-01
2.780070963552934149e-01
2.804118360778208308e-01
2.828420881086646799e-01
2.852230180157362405e-01
2.876912053225139099e-01
2.901383803361048952e-01
2.926276970388800858e-01
2.950953647000311153e-01
2.976116790334283890e-01
3.001229947445986368e-01
3.026391672344997397e-01
3.051552492218606583e-01
3.076712579161645089e-01
3.101872079689201311e-01
3.127031115260823224e-01
3.152146888160538007e-01
3.177306228102013685e-01
3.202465513387868223e-01
3.227624801335491345e-01
3.252784138566163774e-01
3.277943561325887267e-01
3.303103097210373096e-01
3.328262766638491188e-01
3.353422705397223758e-01
3.378582936533744974e-01
3.403743302652576519e-01
3.428903788640833561e-01
3.454064377117902485e-01
3.479225048997102165e-01
3.504385783967643442e-01
3.529546560912837916e-01
3.554707358282760410e-01
3.579868235192427139e-01
3.605029224314481029e-01
3.630190288348769667e-01
3.655351388934106049e-01
3.680512487241021091e-01
3.705673544581358225e-01
3.730834523028762617e-01
3.755995386038082917e-01
3.781156171341514272e-01
3.806316934308615063e-01
3.831477655263542670e-01
3.856638315446420107e-01
3.881798897315785757e-01
3.906959384832519588e-01
3.932119763719278960e-01
3.957280021688019955e-01
3.982440057782146714e-01
4.007599932698782674e-01
4.032759698027932327e-01
4.057919367589640225e-01
4.083079019887282946e-01
4.108239532947683958e-01
4.133400217255238096e-01
4.158560946488447096e-01
4.183721699860210586e-01
4.208882540103013881e-01
4.233950377345805371e-01
4.258977934737844806e-01
4.284134850811874839e-01
-4.439168361275365182e-01
-4.439211481746613841e-01
-4.439315208579477368e-01
-4.439370251299449843e-01
-4.439389493365429873e-01
-4.439398906432283631e-01
-4.439456480289565854e-01
-4.439655672710866585e-01
-4.440083432094149574e-01
-4.440720716916975452e-01
-4.441357494735463929e-01
-4.441999208505430508e-01
-4.442679022460646054e-01
-4.443377255424746375e-01
-4.444136556267755944e-01
-4.444896816720414479e-01
-4.445939631066585518e-01
-4.447151714636755626e-01
-4.448565000255937374e-01
-4.450240890459523646e-01
-4.452208554422977804e-01
-4.454462798258702061e-01
-4.456593643329361809e-01
-4.458864856419893496e-01
-4.461209340238567189e-01
-4.463751542203857614e-01
-4.466103025536216631e-01
-4.468566554383976985e-01
-4.471201757350960482e-01
-4.474069599161725752e-01
-4.477096021388632385e-01
-4.480236913924692810e-01
-4.483455338803212786e-01
-4.486836941109491605e-01
-4.490262884157102397e-01
-4.493646460830842959e-01
-4.497341125304793463e-01
-4.500795638403309318e-01
-4.504957618659481411e-01
-4.509166273491592714e-01
-4.513407058847072606e-01
-4.518053889364837539e-01
-4.522234418678605650e-01
-4.526299186841870048e-01
-4.529897612450748401e-01
-4.533711676641803412e-01
-4.537728459409246518e-01
-4.541701024525366948e-01
-4.546054945837300632e-01
-4.550312185657442998e-01
-4.554619473928229190e-01
-4.558268882163118985e-01
-4.561871717216438582e-01
-4.565512447113577177e-01
-4.569169535763795142e-01
-4.572731326951947062e-01
-4.576775199306226116e-01
-4.580712148159543085e-01
-4.584724271072525559e-01
-4.588414512526073352e-01
-4.591693606628636792e-01
-4.594960688439659879e-01
-4.598455988475133038e-01
-4.601601283520945773e-01
-4.605212582567508317e-01
-4.609011670863502608e-01
-4.612653846978531091e-01
-4.616143836734745709e-01
-4.619064595666884099e-01
-4.621804005568651563e-01
-4.624936926950817817e-01
-4.627795567419754619e-01
-4.630803800671356996e-01
-4.634000110994069277e-01
-4.636684274548489304e-01
-4.638559598976065845e-01
-4.640324373351666920e-01
-4.642016417711153919e-01
-4.643809479611941682e-01
-4.645473943418138019e-01
-4.647154630791482943e-01
-4.649472767026661124e-01
-4.651245322592981180e-01
-4.653117835835717808e-01
-4.654295623613012856e-01
-4.655105435521838531e-01
-4.655541884792758212e-01
-4.656212296049688226e-01
-4.656493628979815336e-01
-4.656631756067307615e-01
-4.656835195683730055e-01
-4.656969583835632864e-01
-4.657856114205590203e-01
-4.658438798207459874e-01
-4.658504906836571369e-01
-4.659329872411778761e-01
-4.659787523417747712e-01
-4.660472154808337764e-01
-4.662076987391431393e-01
-4.663770369045552866e-01
-4.665691726321252175e-01
-4.667707767513151196e-01
-4.670174847457703171e-01
-4.673398373596101552e-01
-4.676440866309381494e-01
-4.679694219890844775e-01
-4.683494638284619871e-01
-4.686557506994002975e-01
-4.689433497195361067e-01
-4.692443359839779116e-01
-4.695182772391983117e-01
-4.697456021487095290e-01
-4.699541333492740502e-01
-4.702013690003159496e-01
-4.704189887993203145e-01
-4.706271573774201133e-01
-4.708198519492112766e-01
-4.711136449695504935e-01
-4.714951037654575017e-01
-4.720348790616352153e-01
-4.727897719903812468e-01
-4.738947529640714085e-01
-4.751822849395694881e-01
-4.762826254294271200e-01
-4.775145121886721356e-01
-4.786356441802055994e-01
-4.800413102216955497e-01
-4.816272085121678370e-01
-4.837376700824191911e-01
-4.858764417645632938e-01
-4.880124205606740651e-01
-4.901317873984524232e-01
-4.922480864218304886e-01
-4.941692585804981497e-01
-4.957425234740605036e-01
-4.975874033691035092e-01
-4.992780661345556648e-01
-5.012033905368619147e-01
-5.034134995897987519e-01
-5.055461607415522307e-01
-5.076610772957347306e-01
-5.093818707876408558e-01
-5.112538341769953254e-01
-5.131906996377669783e-01
-5.151378392269989615e-01
-5.167258542143378097e-01
-5.187383215727818797e-01
-5.198955494104910979e-01
-5.216676497475623009e-01
-5.228224915145547325e-01
-5.239373372255436978e-01
-5.248759278540867657e-01
-5.260324569466978684e-01
-5.272429846098383166e-01
-5.282646906767105577e-01
-5.292029291383293366e-01
-5.296797935641933686e-01
-5.299239202123133818e-01
-5.301465897709544128e-01
-5.304562828610079883e-01
-5.309117897919695128e-01
-5.312810595756914944e-01
-5.320174268677302365e-01
-5.325640633353576625e-01
-5.331074112683970023e-01
-5.334281282300804561e-01
-5.338019164068364963e-01
-5.340901846727874602e-01
-5.343653533330412486e-01
-5.345213326026229117e-01
-5.348146724760415305e-01
-5.351320526720455550e-01
-5.356576080444684917e-01
-5.362147435789534899e-01
-5.369565737550663354e-01
-5.373767023349131922e-01
-5.378074420417574553e-01
-5.382432938780962184e-01
-5.385672913401073902e-01
-5.391192270087032945e-01
-5.397980825309176556e-01
-5.407699417347661131e-01
-5.417902628769371010e-01
-2.000016573035600931e-01
-2.000016729625630763e-01
-2.010873263480870143e-01
-2.012988734374513144e-01
-2.015204940286474955e-01
-2.017174713592914392e-01
-2.019381030893536155e-01
-2.022071405037688119e-01
-2.025015599695652591e-01
-2.027860287310771503e-01
-2.031414456186768358e-01
-2.035419831460666684e-01
-2.039256703756687494e-01
-2.043475461743499977e-01
-2.048125622245543231e-01
-2.052584511435353587e-01
-2.057077823336325995e-01
-2.062232604360234589e-01
-2.067361066818160231e-01
-2.072318935540856388e-01
-2.077610920335417888e-01
-2.082030088956900449e-01
-2.086464672554224908e-01
-2.091615586082309908e-01
-2.096212724672005534e-01
-2.100573201614515939e-01
-2.104629067042596002e-01
-2.108422200113025113e-01
-2.111768697574993303e-01
-2.115233743975329372e-01
-2.118933509242111324e-01
-2.123298721487694440e-01
-2.127868873214017187e-01
-2.132459217119911932e-01
-2.137504428477153828e-01
-2.142575288439833303e-01
-2.147841788223481818e-01
-2.153586360354595441e-01
-2.159662159180975316e-01
-2.165659071791021795e-01
-2.171972234568287918e-01
-2.178031805765596185e-01
-2.184132640239373480e-01
-2.189891933957159031e-01
-2.195412229906228141e-01
-2.201305431371579913e-01
-2.207476479209714293e-01
-2.214283466078262042e-01
-2.220983533690340794e-01
-2.227774246128754465e-01
-2.234009947471651825e-01
-2.240380301138809871e-01
-2.246499020766169197e-01
-2.253046866189432340e-01
-2.259279796419411401e-01
-2.265337212273412504e-01
-2.271211452655386154e-01
-2.276766938661360373e-01
-2.281906347301121407e-01
-2.286581413406383601e-01
-2.291314213688070422e-01
-2.294855029916134936e-01
-2.298343981598953145e-01
-2.302880495554259499e-01
-2.307622822732226242e-01
-2.311793624808163583e-01
-2.315655225606996215e-01
-2.319421628835059979e-01
-2.323267845805612464e-01
-2.327264723061996665e-01
-2.332219235280646175e-01
-2.338053853866522702e-01
-2.345696869040676813e-01
-2.351606511271472355e-01
-2.357765620294434428e-01
-2.365027382319517535e-01
-2.370896489359220483e-01
-2.377497974131309033e-01
-2.383557849873765289e-01
-2.389736374946455078e-01
-2.395992669838791500e-01
-2.402004348030691017e-01
-2.407081116959098599e-01
-2.411996761188289207e-01
-2.417333499333643443e-01
-2.423071144489079010e-01
-2.429042801217282110e-01
-2.436126419737363324e-01
-2.442186825462665523e-01
-2.448293970719997714e-01
-2.454164196466230852e-01
-2.459763618058445900e-01
-2.465830663307999604e-01
-2.471824728003996774e-01
-2.477457357701937646e-01
-2.483538109185212395e-01
-2.489855013043793253e-01
-2.496187142411017135e-01
-2.502479500660567124e-01
-2.508452490010225078e-01
-2.513999819476081532e-01
-2.519471472208169027e-01
-2.525407743865455967e-01
-2.530958667130195350e-01
-2.535548641112872481e-01
-2.539818272740283489e-01
-2.543767333995315405e-01
-2.548281643172625177e-01
-2.552408673657008964e-01
-2.555880277264446776e-01
-2.559547281581994738e-01
-2.562795017224216987e-01
-2.566220751338127437e-01
-2.569825210784005831e-01
-2.573237685010618114e-01
-2.576947942501489064e-01
-2.580986735693138745e-01
-2.585455524110835679e-01
-2.589813381698854999e-01
-2.593869589491843985e-01
-2.597865074622949244e-01
-2.601785414308434019e-01
-2.605907412256712186e-01
-2.610018587044070637e-01
-2.613882483000554147e-01
-2.617241298396288385e-01
-2.620818810767454599e-01
-2.624313890843525954e-01
-2.627861654793802737e-01
-2.631753379119939895e-01
-2.635849106300424127e-01
-2.639957783968235328e-01
-2.643751834056875527e-01
-2.647087189306328581e-01
-2.651171283758519959e-01
-2.655186093863757257e-01
-2.659185660331426782e-01
-2.663104845303508328e-01
-2.665973713414109270e-01
-2.669012638352416533e-01
-2.671472880969338881e-01
-2.673043245082133978e-01
-2.674974788748883947e-01
-2.676101693104518398e-01
-2.677459844649092147e-01
-2.678727637646142190e-01
-2.679770156514959534e-01
-2.681066893450527178e-01
-2.682477842852982741e-01
-2.684061467464529116e-01
-2.686713147964150949e-01
-2.689620342534856934e-01
-2.692501555422981974e-01
-2.694798658302887118e-01
-2.697393286520745059e-01
-2.700660816677395992e-01
-2.704416360527422403e-01
-2.707378058706391144e-01
-2.710737309264926731e-01
-2.714831918838666036e-01
-2.718022490725010010e-01
-2.721012279249243604e-01
-2.723499821220826678e-01
-2.726332923580916390e-01
-2.729581287415343560e-01
-2.733142709837527162e-01
-2.736364467149690616e-01
-2.739398555980035455e-01
-2.742393163469758477e-01
-2.744779690180278453e-01
-2.747238629123406883e-01
-2.750209003264935670e-01
-2.752982212815620056e-01
-2.755244916047936421e-01
-2.757579806389303112e-01
-2.759512624605552356e-01
-2.762102201229944543e-01
-2.764477967607641973e-01
-2.766837123579658497e-01
-2.769995561701946163e-01
-2.773713164171242584e-01
-2.777496613962541216e-01
-2.781258676757928927e-01
-2.784663601839403313e-01
-2.787932254167830304e-01
-2.792097917550743214e-01
-2.797299781039508382e-01
-2.802936199540956297e-01
-2.808611059116651876e-01
-2.814757065194556929e-01
-2.819692072830538576e-01
-2.823858458325990139e-01
-2.827509728695248303e-01
-2.831502543277593653e-01
-2.835962468056274499e-01
-2.840415198328874458e-01
-2.845249420431001375e-01
-2.850202352808724471e-01
-2.857030782274225800e-01
-2.865482560251912392e-01
-2.886993894185798659e-01
-3.999969356572723456e-01
-3.999969196389683845e-01
-3.981976455871458209e-01
-3.970038932464921011e-01
-3.961495618694610421e-01
-3.951858858331190882e-01
-3.941397438511393125e-01
-3.929486814772926162e-01
-3.917427822680002447e-01
-3.907214176106831860e-01
-3.897623111008676200e-01
-3.889509599755419100e-01
-3.882619775277336149e-01
-3.874358765395277682e-01
-3.868610383400777897e-01
-3.863682388672337042e-01
-3.858257223578349104e-01
-3.854152853155560776e-01
-3.849566077173445233e-01
-3.845746378979647551e-01
-3.842271887422976095e-01
-3.839295202832170295e-01
-3.836645277291654277e-01
-3.834566809105126595e-01
-3.832650249210039495e-01
-3.831163076157604874e-01
-3.829751162303996481e-01
-3.828760610527134900e-01
-3.828107238006763224e-01
-3.827801062252147446e-01
-3.827767745309481606e-01
-3.827983927235316108e-01
-3.828414908005252637e-01
-3.828991026488241523e-01
-3.829593932438984383e-01
-3.830203600721906465e-01
-3.830810503884224949e-01
-3.831504338557854550e-01
-3.832451317502533761e-01
-3.833512419051509079e-01
-3.834525293098704490e-01
-3.835672269443375360e-01
-3.836722178812861928e-01
-3.837516423389700781e-01
-3.838174187853546360e-01
-3.838965718595789278e-01
-3.839955271694744932e-01
-3.840840886406552968e-01
-3.841502101776056999e-01
-3.842201162030637884e-01
-3.843055937603547800e-01
-3.844151124691885246e-01
-3.845213218667973831e-01
-3.846794501501341612e-01
-3.848278561123559816e-01
-3.849761751612275074e-01
-3.851303743722862549e-01
-3.852807602929440578e-01
-3.853788425396940109e-01
-3.854043875808920161e-01
-3.853933702621141211e-01
-3.853515939963177983e-01
-3.853108884942929580e-01
-3.852580347241732484e-01
-3.851813374173789772e-01
-3.850836430778631359e-01
-3.849562461744897579e-01
-3.848502335767218230e-01
-3.847581053212827951e-01
-3.846377357647329243e-01
-3.845084216265280963e-01
-3.844038411384535503e-01
-3.843138746894164681e-01
-3.842071098362090376e-01
-3.840420006033408162e-01
-3.839021300135017634e-01
-3.837439569305293174e-01
-3.836375811014494652e-01
-3.835012258915995176e-01
-3.833597852661997374e-01
-3.832111295296671272e-01
-3.830410765613363466e-01
-3.828551334754655699e-01
-3.826436930806100256e-01
-3.824436727607616326e-01
-3.822134086643575457e-01
-3.820745487460222578e-01
-3.819515783569506495e-01
-3.817961051240316706e-01
-3.816718368684932639e-01
-3.815197988033566801e-01
-3.813746724321042114e-01
-3.812190555868045783e-01
-3.811452348901031573e-01
-3.810590075870910476e-01
-3.809678170189114144e-01
-3.809064463785787891e-01
-3.808079133094341429e-01
-3.807656661899767037e-01
-3.807207325795152197e-01
-3.806904578168212594e-01
-3.806619695311373452e-01
-3.806230810820754873e-01
-3.806088085011107847e-01
-3.805497679152618495e-01
-3.804803037886008710e-01
-3.804190996803347713e-01
-3.804191450679131892e-01
-3.804484902279500202e-01
-3.804654038998666610e-01
-3.804765239739772986e-01
-3.804801446290320688e-01
-3.804830064338489692e-01
-3.804324788602074237e-01
-3.803042477316124215e-01
-3.802383519478649276e-01
-3.801525956840419718e-01
-3.800914288706733757e-01
-3.799677687755340649e-01
-3.798241632170427651e-01
-3.797184497991584751e-01
-3.795509288787052848e-01
-3.794321012687497108e-01
-3.793902032898923693e-01
-3.792915862916463876e-01
-3.792291634025997116e-01
-3.791760502713836800e-01
-3.791338931110770916e-01
-3.790712945485493757e-01
-3.790524402361801215e-01
-3.790470620379072786e-01
-3.789757105410287430e-01
-3.790200379327245406e-01
-3.791230824419149492e-01
-3.792481429574118823e-01
-3.793750983461719462e-01
-3.794405235571578494e-01
-3.794734217898281803e-01
-3.794925707907841894e-01
-3.795266979038902644e-01
-3.796320228659913476e-01
-3.797654487624795849e-01
-3.799610145283084384e-01
-3.800965545347909647e-01
-3.801783636058134186e-01
-3.801640937468079295e-01
-3.802389479672481643e-01
-3.804140202602040999e-01
-3.806050521831472744e-01
-3.806375488147316632e-01
-3.805532972919916102e-01
-3.804191918633252900e-01
-3.802069000652493203e-01
-3.799799862919412408e-01
-3.797922834880103071e-01
-3.795601094844400225e-01
-3.793465618191464994e-01
-3.790307414138702202e-01
-3.786793265066871750e-01
-3.782633100333220866e-01
-3.778501589729511001e-01
-3.773957786303894779e-01
-3.768987120943611546e-01
-3.764025770427544826e-01
-3.758616041842831601e-01
-3.752481565092418703e-01
-3.746675897829250812e-01
-3.740803758637920584e-01
-3.735542791008423236e-01
-3.729842198164837197e-01
-3.724012244275055061e-01
-3.718340832045479716e-01
-3.713198108408581333e-01
-3.708001117426573123e-01
-3.703118579472098326e-01
-3.698875774736853361e-01
-3.694186733584817195e-01
-3.689287180030584867e-01
-3.683474108045694528e-01
-3.677989380690198651e-01
-3.672236386629569305e-01
-3.666364053984667026e-01
-3.661218695360942688e-01
-3.656225786771678532e-01
-3.652075713713499594e-01
-3.647504064098148757e-01
-3.642902506466177415e-01
-3.637391095707258604e-01
-3.632045153576659025e-01
-3.626963573489326298e-01
-3.622795702385233074e-01
-3.618475349957149811e-01
-3.614914748555853596e-01
-3.611894510774812384e-01
-3.610000470993802724e-01
-3.606551200965630866e-01
-3.601522946931663416e-01
-3.596534855643920281e-01
-3.591535213750580713e-01
-3.586627948068994987e-01
-3.581771399630909181e-01
-3.578180524787653027e-01
-3.576387992953606876e-01
-3.574239245897810058e-01
-3.572579398389537086e-01
-3.569991722251580346e-01
-3.567577713652356208e-01
-3.564550574384575121e-01
-3.562176164900472952e-01
-3.559718431906691571e-01
-3.557578528423324116e-01
-3.555849044609068477e-01
-3.553157410467457922e-01
-3.550399193867091463e-01
-3.547214148154034796e-01
-3.544195677670440303e-01
-3.541079322120543882e-01
-3.539085621693760508e-01
-3.537676165454964328e-01
-3.536617911609128417e-01
-3.534992735932617203e-01
-3.533133833545365476e-01
-3.531034280436641248e-01
-3.529613531998149201e-01
-3.528319202891299078e-01
-3.527270989028404302e-01
-3.526950635985010574e-01
-3.526270808800617829e-01
-3.525320287597814572e-01
-3.524417563515625518e-01
-3.524150400866547517e-01
-3.523560580366225659e-01
-3.522912218571784271e-01
-3.522207286194473652e-01
-3.520655698090117136e-01
-3.519352171280423214e-01
-3.517218228794175561e-01
-3.515223580486486754e-01
-3.512819600137028209e-01
-3.510422464296332756e-01
-3.508504951889177548e-01
-3.506983218310106287e-01
-3.505800876392035081e-01
-3.505427212834179573e-01
-3.505190341109510888e-01
-3.504663404841345531e-01
-3.504070874772184929e-01
-3.503871091677668859e-01
-3.504461176525583421e-01
-3.504932424040501648e-01
-3.505890578361548493e-01
-3.506971299480288184e-01
-3.507752373706563565e-01
-3.508880280546428643e-01
-3.509685425899372047e-01
-3.510643212273858449e-01
-3.511173637977749729e-01
-3.512305412106209723e-01
-3.513806099071525302e-01
-3.515582440230283767e-01
-3.517502965595640241e-01
-3.519752085144572940e-01
-3.522107910147309617e-01
-3.524295896461442923e-01
-3.526746730566088228e-01
-3.528945593789507007e-01
-3.531023539441947579e-01
-3.533355372563773411e-01
-3.535329850174373512e-01
-3.537376773635931837e-01
-3.539690430943981947e-01
-3.542078309444086082e-01
-3.544200007023290411e-01
-3.546120574130109393e-01
-3.547900687768771877e-01
-3.549078217890117570e-01
-3.549615978190423515e-01
-3.550941725475127431e-01
-3.552560613024776104e-01
-3.554197123189344887e-01
-3.556145673695724208e-01
-3.558591803374688278e-01
-3.560982001120096552e-01
-3.563250888479547185e-01
-3.565633005086697449e-01
-3.567887957403271804e-01
-3.570278018390712904e-01
-3.572187684527798335e-01
-3.574322381600076315e-01
-3.576303573951328252e-01
-3.577835438726796324e-01
-3.579810050883929784e-01
-3.581655883874471646e-01
-3.583552074483473682e-01
-3.585235344810871472e-01
-3.586839448488470250e-01
-3.588322304190862400e-01
-3.589290233800325192e-01
-3.589875073747977319e-01
-3.590996126719532278e-01
-3.592432158402852904e-01
-3.594333949269742368e-01
-3.596259146537824636e-01
-3.597951436392823887e-01
-3.599854741836580607e-01
-3.601935787246731691e-01
-3.603873410689524825e-01
-3.606029194310159114e-01
-3.607817133159589851e-01
-3.609678754638983023e-01
-3.611052757904608113e-01
-3.612328980234512099e-01
-3.613666732850169261e-01
-3.615294499273125073e-01
-3.617245295434681207e-01
-3.618931040044843228e-01
-3.620929768407883942e-01
-3.622358204771576329e-01
-3.623611853905863156e-01
-3.624673862340615504e-01
-3.625652851232239460e-01
-3.626603494702322905e-01
-3.627672517283372366e-01
-3.629010289483259322e-01
-3.630408299150839069e-01
-3.632007214374645132e-01
-3.633575796307755845e-01
-3.635746368207070089e-01
-3.637978617341648957e-01
-3.639813606419543546e-01
-3.641890664522908216e-01
-3.644130700956999536e-01
-3.646476507074377649e-01
-3.648646521941389387e-01
-3.650956758702852412e-01
-3.653634678402434832e-01
-3.656207104733381064e-01
-3.658581092429508685e-01
-3.660625974032509777e-01
-3.662717582809557615e-01
-3.664955172291419760e-01
-3.667654904480195932e-01
-3.670109394876117093e-01
-3.672682020585864016e-01
-3.675269146796211750e-01
-3.678143019927739288e-01
-3.681185315296275351e-01
-3.683743276318173776e-01
-3.686384822503514513e-01
-3.688925183836873067e-01
-3.691107623090164602e-01
-3.693305367536058870e-01
-3.696004114420845532e-01
-3.698736435609241147e-01
-3.701205279605219722e-01
-3.703621664102168531e-01
-3.706117447589019620e-01
-3.709067065143099584e-01
-3.712512680389824515e-01
-3.715781682959542476e-01
-3.718550006227447913e-01
-3.721378320142200158e-01
-3.723937005913641185e-01
-3.726466152194394255e-01
-3.729358887084336383e-01
-3.732540129113678384e-01
-3.735956871964167259e-01
-3.739361634239246612e-01
-3.742398601277834302e-01
-3.745804522753247157e-01
-3.748541133922589919e-01
-3.750900751938159305e-01
-3.752962480572260562e-01
-3.754600867714595891e-01
-3.756952194283387225e-01
-3.759489461973222757e-01
-3.761979435184221177e-01
-3.764633675019244397e-01
-3.767034147747347350e-01
-3.769820157170193364e-01
-3.772122922255514710e-01
-3.774598237887176744e-01
-3.777163491284172281e-01
-3.780170508524372530e-01
-3.783273244874168495e-01
-3.786543401410831788e-01
-3.790251202382575180e-01
-3.793940466193574945e-01
-3.797153618648745343e-01
-3.800425547931940429e-01
-3.803813646085819622e-01
-3.806594974449113433e-01
-3.809458618241063355e-01
-3.812925957819052192e-01
-3.816415769311598538e-01
-3.819831252383104059e-01
-3.823046583653466612e-01
-3.826075585429403736e-01
-3.829135346472856694e-01
-3.832290743572310254e-01
-3.835491782603544508e-01
-3.838669883091717083e-01
-3.842106050113225368e-01
-3.845540850401597543e-01
-3.848830243931731232e-01
-3.852102981097844103e-01
-3.854984304844003007e-01
-3.858187466798629894e-01
-3.861593583856405276e-01
-3.865157554540729623e-01
-3.868745569553819763e-01
-3.872161004214221269e-01
-3.875160447071939185e-01
-3.878273586996900391e-01
-3.881536277437682703e-01
-3.885164222751334440e-01
-3.888492649745116658e-01
-3.891691595923670310e-01
-3.894848692386929101e-01
-3.897910686265902425e-01
-3.900987986435371924e-01
-3.904122402231400835e-01
-3.907151255450314054e-01
-3.910262630012724672e-01
-3.913560726812203017e-01
-3.916804509379459565e-01
-3.919830319373122096e-01
-3.922946611168365849e-01
-3.925930896864047170e-01
-3.928960906848774082e-01
-3.932128629224763694e-01
-3.935031817610707416e-01
-3.937816532322970242e-01
-3.940139669130807709e-01
-3.941966641045601127e-01
-3.943516680601381608e-01
-3.945223495140183223e-01
-3.946909033341922668e-01
-3.948032702917023129e-01
-3.948951295982146004e-01
-3.949753268957281738e-01
-3.950424001679503916e-01
-3.950874863499722611e-01
-3.951384586277295052e-01
-3.951952761645034506e-01
-3.952761810252155006e-01
-3.953929158489907780e-01
-3.955195007182306655e-01
-3.956504528208508176e-01
-3.957740435497040243e-01
-3.959104678476144112e-01
-3.960669461723404505e-01
-3.961765385323888777e-01
-3.963215142574980643e-01
-3.964521262221506470e-01
-3.965982523575136698e-01
-3.967461065193834124e-01
-3.968689341435595597e-01
-3.970016880141487570e-01
-3.971027842845534783e-01
-3.972332896836335281e-01
-3.973548853094696631e-01
-3.974719834194198609e-01
-3.975772776691544053e-01
-3.976892190695583973e-01
-3.978194051580368762e-01
-3.979218200116078075e-01
-3.980484766086635484e-01
-3.981885475362172966e-01
-3.983362828219016993e-01
-3.984714214973682500e-01
-3.986153572822187519e-01
-3.987908335455572773e-01
-3.989211092502262801e-01
-3.990422760037376504e-01
-3.991532905546804066e-01
-3.992776759709579237e-01
-3.994321758309756776e-01
-3.995912047749772822e-01
-3.997155932305571646e-01
-3.998152203297258289e-01
-3.999490145231974214e-01
-4.001120378679455247e-01
-4.002580380444031860e-01
-4.004265031856342194e-01
-4.005579729243062825e-01
-4.006754636068594055e-01
-4.007715461906896648e-01
-4.008689717295725319e-01
-4.009862094050516412e-01
-4.010924259836460837e-01
-4.011844396987588879e-01
-4.012827306561345120e-01
-4.013911812116078281e-01
-4.014786870121009321e-01
-4.015912168403486526e-01
-4.017100297815127119e-01
-4.018251909119175957e-01
-4.019423149202273615e-01
-4.020417992045299815e-01
-4.021417993786432499e-01
-4.022498852337787478e-01
-4.023863084008226787e-01
-4.025585400992610641e-01
-4.027442506136367784e-01
-4.029256214141783699e-01
-4.031380972082793668e-01
-4.033497165128546724e-01
-4.035756538347268774e-01
-4.037695165218405657e-01
-4.039297954760170395e-01
-4.040744867558011544e-01
-4.042134545554211256e-01
-4.043653443706605732e-01
-4.045087821648014614e-01
-4.046373206078182627e-01
-4.047832387668491294e-01
-4.048967969147730939e-01
-4.050034519440818825e-01
-4.051165220557644830e-01
-4.052216699241237841e-01
-4.053239646051621792e-01
-4.054282265951320019e-01
-4.055313422928067402e-01
-4.056401523164662182e-01
-4.057188052534168032e-01
-4.058151038857734649e-01
-4.059134656326184309e-01
-4.060577523031297931e-01
-4.062321348864000314e-01
-4.063898585376859995e-01
-4.065629777349084040e-01
-4.067667390098697044e-01
-4.069474425381877647e-01
-4.071839762818371122e-01
-4.074200429016031633e-01
-4.076931835837097617e-01
-4.079848197933646503e-01
-4.082732711596299136e-01
-4.085655156114752495e-01
-4.088727292739729458e-01
-4.091673210561198037e-01
-4.094796430996074377e-01
-4.097670678403091404e-01
-4.100383616296073841e-01
-4.103117528467546404e-01
-4.105541236055125220e-01
-4.108374958504597552e-01
-4.110736195752539568e-01
-4.113176720829671007e-01
-4.116007647597493824e-01
-4.119003879232455145e-01
-4.122103501841553608e-01
-4.125071859529103047e-01
-4.128296663764760011e-01
-4.131311095746444950e-01
-4.134144484598310521e-01
-4.137392512103407749e-01
-4.140419302969546300e-01
-4.142964163190413496e-01
-4.144741708504774969e-01
-4.146461848524562455e-01
-4.148130043345250595e-01
-4.149643106230176404e-01
-4.150738660386114054e-01
-4.151758185947883040e-01
-4.152577484815618836e-01
-4.153585107426543965e-01
-4.154562525805256534e-01
-4.155596369580901173e-01
-4.156917464666731177e-01
-4.158202379106436530e-01
-4.159231650458501961e-01
-4.160236750380990611e-01
-4.161134873612073459e-01
-4.161747895361296301e-01
-4.162373159274467271e-01
-4.162573274114880206e-01
-4.163219464648367230e-01
-4.163492124336414801e-01
-4.163973654516371359e-01
-4.164220146284943191e-01
-4.164313938371811408e-01
-4.164135215956694669e-01
-4.164633573334108330e-01
-4.164935871611497586e-01
-4.164427840017106419e-01
-4.163345763070868122e-01
-4.162410266647981749e-01
-4.160975455261956557e-01
-4.159076469721835201e-01
-4.157654983053530873e-01
-4.155810335047301907e-01
-4.154593200682200060e-01
-4.153187579269962959e-01
-4.152069326204937960e-01
-4.151391520765602694e-01
-4.150219979873553955e-01
-4.149334498060455734e-01
-4.148424431642004917e-01
-4.147421268050582310e-01
-4.146409141339075788e-01
-4.145243028296641818e-01
-4.143549295955253897e-01
-4.142116135965425716e-01
-4.140656238879419915e-01
-4.139018846256531381e-01
-4.137244495319215565e-01
-4.135915372392648393e-01
-4.134558469795364677e-01
-4.132690773550076191e-01
-4.130815969135853138e-01
-4.129274757362421666e-01
-4.127692230471032286e-01
-4.126300764823540024e-01
-4.125305978069839785e-01
-4.124145862354771097e-01
-4.123180401939152140e-01
-4.121892653535718654e-01
-4.120729928655852969e-01
-4.119202099053341781e-01
-4.117697846207776236e-01
-4.116232232622040743e-01
-4.114646871100978154e-01
-4.112897521229090247e-01
-4.111374434167809344e-01
-4.109720430377392653e-01
-4.108334081261527659e-01
-4.106950534767327965e-01
-4.105226351973457755e-01
-4.103408010306106024e-01
-4.101611484423433041e-01
-4.099294030376103293e-01
-4.097447760839541542e-01
-4.095239118417907109e-01
-4.093153502165072788e-01
-4.091437726263977837e-01
-4.089584352684252355e-01
-4.087836049468992483e-01
-4.086416256629536448e-01
-4.085110481235452728e-01
-4.083473202334634844e-01
-4.081596956237271145e-01
-4.079542555084577082e-01
-4.077508351045148194e-01
-4.075570227614995766e-01
-4.073775422965223991e-01
-4.072396521743137376e-01
-4.070728037046192904e-01
-4.069118176318390345e-01
-4.067489718719287106e-01
-4.065621677565357528e-01
-4.064068212436368621e-01
-4.062176491982470439e-01
-4.060206509281062415e-01
-4.058043047233027556e-01
-4.056079246065284472e-01
-4.054555777589586296e-01
-4.053095622254817565e-01
-4.051334963500368702e-01
-4.049520789546732780e-01
-4.047789808533910350e-01
-4.045861226474795624e-01
-4.044249124157700548e-01
-4.042986488665003542e-01
-4.041278909516839990e-01
-4.039827867873931888e-01
-4.038141803916910910e-01
-4.036557031229320858e-01
-4.034646541054280888e-01
-4.032341179221823335e-01
-4.030035666954795426e-01
-4.028044221966717298e-01
-4.025818136692042581e-01
-4.024282357248737951e-01
-4.023041050216960013e-01
-4.021580097537180709e-01
-4.020031846399674813e-01
-4.018001048305290812e-01
-4.015772882390898912e-01
-4.013873746656257402e-01
-4.011355802954020278e-01
-4.008826805952900862e-01
-4.006364529527666196e-01
-4.003652474562596209e-01
-4.000972457225986934e-01
-3.998733784361369059e-01
-3.996675625188863545e-01
-3.994007412476276442e-01
-3.991643621841743927e-01
-3.989370746425588976e-01
-3.986564075752810909e-01
-3.983317267793359262e-01
-3.980266602632567263e-01
-3.977253166588073374e-01
-3.974557758572541122e-01
-3.971543482912853751e-01
-3.968911170511462694e-01
-3.966638286612541586e-01
-3.964527347748941222e-01
-3.962628935398864183e-01
-3.960452472631686982e-01
-3.958433906765208010e-01
-3.956930468488277786e-01
-3.955326045217721354e-01
-3.953752526614847107e-01
-3.952976392097176106e-01
-3.952065726651712296e-01
-3.950577298272576754e-01
-3.949257704474719022e-01
-3.947703861570249773e-01
-3.945542556796891032e-01
-3.942995641778054283e-01
-3.939928563511169157e-01
-3.936737485592189945e-01
-3.934543408564734057e-01
-3.931719583256073069e-01
-3.928956866071517950e-01
-3.927005139538171097e-01
-3.924881360084508941e-01
-3.921999261057224628e-01
-3.920107354021482027e-01
-3.917573237851918466e-01
-3.914862882145610512e-01
-3.913511246205816363e-01
-3.913627619107962197e-01
-3.913173301062184972e-01
-3.912708649835146546e-01
-3.910794186439378040e-01
-3.909090463204711319e-01
-3.906912296449326916e-01
-3.905253927016542059e-01
-3.905381085393349605e-01
-3.907001221761801091e-01
-3.908106979869059860e-01
-3.908394543473652782e-01
-3.906686727896539479e-01
-3.905791519821644187e-01
-3.906280919251349237e-01
-3.906167586303636030e-01
-3.903410249518574071e-01
-3.900635307743907099e-01
-3.897494428266685684e-01
-3.896779392066616610e-01
-3.895692586028633997e-01
-3.894395517418529074e-01
-3.893717991763265274e-01
-3.893389717845330278e-01
-3.892463463854198280e-01
-3.892151549144843847e-01
-3.892469564349971822e-01
-3.891973363056919766e-01
-3.892976274124821945e-01
-3.893844497251496284e-01
-3.892619319066648043e-01
-3.891193134329443137e-01
-3.889494996882151279e-01
-3.888783950521929600e-01
-3.887808707021115917e-01
-3.886183552347726167e-01
-3.884080023935523873e-01
-3.881689813356268837e-01
-3.881272249478189829e-01
-3.879064659244469970e-01
-3.879919986926214648e-01
-3.884332068053746867e-01
-3.888431537481416567e-01
-3.894643599542896295e-01
-3.895657062765913725e-01
-3.898343794738743928e-01
-3.897882841856045166e-01
-3.898055617198072920e-01
-3.899413779470673469e-01
-3.903100183259238243e-01
-3.906101553567513096e-01
-3.912035054350066487e-01
-3.913347524827042734e-01
-3.922820437461606025e-01
-3.925373556519524132e-01
-3.928066678512563414e-01
-3.929155403512753497e-01
-3.932590333379508696e-01
-3.938892581781249791e-01
-3.941354798600279485e-01
-3.941971283118788083e-01
-3.940052577719677651e-01
-3.939752245521875862e-01
-3.940188924163174344e-01
-3.940428270922574083e-01
-3.943212375148735793e-01
-3.952816441342424381e-01
-3.958190293024029804e-01
-3.965668671217595920e-01
-3.969759805812941855e-01
-3.975370444462565933e-01
-3.984823440624405966e-01
-3.997707340868593140e-01
-4.009992664250842664e-01
-4.022574896827672553e-01
-4.032230977603980526e-01
-4.042055884888738349e-01
-4.051985117355549892e-01
-4.063231060340707912e-01
-4.077117897934395274e-01
-4.092061990109707725e-01
-4.106187655467581910e-01
-4.119974712171894926e-01
-4.130429864697112152e-01
-4.140650219024106793e-01
-4.146817205429946251e-01
-4.154722978571029346e-01
-4.164418280749767054e-01
-4.175138892436864868e-01
-4.185889241641739256e-01
-4.197139790451015484e-01
-4.204802138570257197e-01
-4.210279129142549537e-01
-4.215915669833251722e-01
-4.219413335486406624e-01
-4.222613122373834460e-01
-4.228437848751268602e-01
-4.237592718471122621e-01
-4.248889473986782739e-01
-4.269565362958329113e-01
-4.291755164660752686e-01
-4.313187335649807941e-01
-4.334237263545219210e-01
-4.355028028970140963e-01
-4.375827815334289994e-01
-4.395820009496280711e-01
-4.416394590072738602e-01
-4.438242294644724750e-01
-4.460120090436648921e-01
-4.481824605985006982e-01
-4.503343625133450212e-01
-4.524497306093297477e-01
-4.545359685401657579e-01
-4.565787751523406324e-01
-4.586120293986704066e-01
-4.605153445688919267e-01
-4.625882673714659110e-01
-4.646508285624464940e-01
-4.665045780543912723e-01
-4.681341981515939610e-01
-4.695677407348318733e-01
-4.708662982720929757e-01
-4.722976056733926287e-01
-4.740391240958003460e-01
-4.758186795749189679e-01
-4.776277824025744745e-01
-4.794417039897910793e-01
-4.813690933638628544e-01
-4.833158807966307924e-01
-4.853490012663546072e-01
-4.873129039224034509e-01
-4.893425102618157996e-01
-4.912960276507472024e-01
-4.933291420356933354e-01
-4.952620593878261923e-01
-4.972502770619972035e-01
1.999974445014972846e-01
1.999974285742681102e-01
1.983294908648162713e-01
1.973114558540889629e-01
1.963098581311252255e-01
1.953745138488645061e-01
1.946323769254292846e-01
1.938500694809332237e-01
1.931630064323124618e-01
1.924660992484130140e-01
1.918742281462444410e-01
1.913279087843664239e-01
1.907803093199063327e-01
1.902878147967174693e-01
1.898416389569431428e-01
1.894482008132861994e-01
1.890816320499210390e-01
1.887487855075500320e-01
1.884846214501176564e-01
1.882924545591332377e-01
1.881310471490445779e-01
1.879402739272148792e-01
1.877473954944060552e-01
1.876019745466123434e-01
1.875060360266929682e-01
1.874566096827711692e-01
1.874526552280791625e-01
1.874900065868068122e-01
1.875728946349972115e-01
1.877071526492580245e-01
1.878876466203961426e-01
1.881110477944761550e-01
1.883707960411799553e-01
1.886678804328708881e-01
1.890113029075489726e-01
1.894037464398631299e-01
1.898416090320195204e-01
1.903276544059860076e-01
1.908557123176686798e-01
1.914411334545034482e-01
1.920881937931805672e-01
1.927845526039490276e-01
1.935275864981882976e-01
1.942833558255610271e-01
1.950795422087650555e-01
1.959900280065800249e-01
1.969052179774809508e-01
1.978680677765704554e-01
1.989509248776044348e-01
2.000372803342491956e-01
2.011594154207624607e-01
2.023126784971592540e-01
2.035577971963910271e-01
2.047775492534860131e-01
2.060597106498488762e-01
2.072039857161928067e-01
2.085420744959856354e-01
2.098881628955410750e-01
2.112760193565626499e-01
2.126089622091385800e-01
2.139491064404578091e-01
2.153253197068975000e-01
2.168034782345817091e-01
2.182580117804686359e-01
2.197721738290347171e-01
2.212853147184601910e-01
2.227976067506618751e-01
2.243092176232687474e-01
2.258202949812490867e-01
2.273309648901054858e-01
