-3.068787784914543062e-06
-3.084824462099531133e-06
-2.449349489822416105e-03
-4.895859580670990259e-03
-7.342370531277425671e-03
-9.788882038976737254e-03
-1.223539424859073493e-02
-1.468190712201495988e-02
-1.712842045587189763e-02
-1.957493390816329726e-02
-2.202144702272728141e-02
-2.446796012659655656e-02
-2.691447268964698714e-02
-2.936098458085122445e-02
-3.180749566778445087e-02
-3.425400582075546763e-02
-3.670051491685329126e-02
-3.914702284601178500e-02
-4.159352950546337663e-02
-4.404003946494643162e-02
-4.648654783389333939e-02
-4.893305400944891748e-02
-5.137955744777097239e-02
-5.382605767893103299e-02
-5.627255431863098512e-02
-5.871904707693755693e-02
-6.116553576441836892e-02
-6.361202029599898056e-02
-6.605850069273341840e-02
-6.850497708155467436e-02
-7.095144938151934366e-02
-7.339791857166029498e-02
-7.584438473397893399e-02
-7.829084837601943403e-02
-8.073731008294578182e-02
-8.318377086706262025e-02
-8.563023167417389836e-02
-8.807669270926465899e-02
-9.052315415227758788e-02
-9.296961616105686721e-02
-9.541607887340840255e-02
-9.786254240857582276e-02
-1.003090068683687580e-01
-1.027554769583081395e-01
-1.052019485080727679e-01
-1.076484219950172433e-01
-1.100948978507434867e-01
-1.125413764471329403e-01
-1.149878580849230392e-01
-1.174343429845847581e-01
-1.198808312795394126e-01
-1.223273230116986021e-01
-1.247738181291784404e-01
-1.272203164859133095e-01
-1.296668178428593832e-01
-1.321133215292413787e-01
-1.345598278587077645e-01
-1.370063359492126043e-01
-1.394528452280583697e-01
-1.418993550576458929e-01
-1.443458655214230058e-01
-1.467923760122231414e-01
-1.492388862996691656e-01
-1.516853961702176457e-01
-1.541319054269946753e-01
-1.565784138907041489e-01
-1.590249214014080870e-01
-1.614714278209153642e-01
-1.639179376489110496e-01
-1.663644460746474263e-01
-1.688109524692438523e-01
-1.712574562642466269e-01
-1.737039569656981808e-01
-1.761504541653276523e-01
-1.785969475492832637e-01
-1.810434369047636272e-01
-1.834899221246033829e-01
-1.859364032096288699e-01
-1.883828797129567800e-01
-1.908293530117538273e-01
-1.932758228041283055e-01
-1.957222894953511982e-01
-1.981687535785525978e-01
-2.006152156267675124e-01
-2.030616762837463285e-01
-2.055081371527272271e-01
-2.079545982215590672e-01
-2.104010596732380500e-01
-2.128475216676607995e-01
-2.152939843439664880e-01
-2.177404478225132001e-01
-2.201869122065529816e-01
-2.226333809065312308e-01
-2.250798522528686674e-01
-2.275263254548651193e-01
-2.299728009530637718e-01
-2.324192791299828087e-01
-2.348657602982879289e-01
-2.373122446917391992e-01
-2.397587324586715751e-01
-2.422052236576497097e-01
-2.446517182548599567e-01
-2.470982156400688967e-01
-2.495447166248246917e-01
-2.519912203496423864e-01
-2.544377264105076586e-01
-2.568842343201417910e-01
-2.593307435156615992e-01
-2.617772533677025226e-01
-2.642237638603575078e-01
-2.666702744164390348e-01
-2.691167848014708319e-01
-2.715632947975971101e-01
-2.740098042036961945e-01
-2.764563128367029110e-01
-2.789028205336845367e-01
-2.813493271541909757e-01
-2.837958371482141029e-01
-2.862423458400217835e-01
-2.886888525947274853e-01
-2.911353568341516485e-01
-2.935818580516927900e-01
-2.960283558246407654e-01
-2.984748498240100689e-01
-3.009213398218820723e-01
-3.033678256961250819e-01
-3.058143069559039473e-01
-3.082607846920774608e-01
-3.107072585732711389e-01
-3.131537288941446118e-01
-3.156001960454047905e-01
-3.180466605072665431e-01
-3.204931228414494293e-01
-3.229395836818446663e-01
-3.253860445232924503e-01
-3.278325055326956616e-01
-3.302789668962740066e-01
-3.327254287766792662e-01
-3.351718913157327728e-01
-3.376183546366548494e-01
-3.400648188457867094e-01
-3.425112852076994674e-01
-3.449577562707915046e-01
-3.474042291151360762e-01
-3.498507041892339742e-01
-3.522971818856015513e-01
-3.547436625287973544e-01
-3.571901463662727205e-01
-3.596366335615496235e-01
-3.620831241893034402e-01
-3.645296177763642231e-01
-3.669761151850091663e-01
-3.694226156934892202e-01
-3.718691190003444169e-01
-3.743156247140684845e-01
-3.767621323588436488e-01
-3.792086413819613089e-01
-3.816551511626157245e-01
-3.841016615886030383e-01
-3.865481721132031923e-01
-3.889946824989637397e-01
-3.914411925254078217e-01
-3.938877019890631992e-01
-3.963342107046302076e-01
-3.987807185068287241e-01
-4.012272252524919369e-01
-4.036737353400169370e-01
-4.061202442288888159e-01
-4.085667512768961784e-01
-4.110132558957564353e-01
-4.134597575667213198e-01
-4.159062558534674658e-01
-4.183527504122981910e-01
-4.207992409996773597e-01
-1.999970903585162330e-01
-1.999970743440932230e-01
-1.976916463849755223e-01
-1.953860004795367478e-01
-1.930803653780876483e-01
-1.907747402236061596e-01
-1.884691236157123861e-01
-1.861635142079750560e-01
-1.838579106894657200e-01
-1.815523117716543455e-01
-1.792467161780940121e-01
-1.769411217740402553e-01
-1.746355281468953691e-01
-1.723299348035014222e-01
-1.700243413241452894e-01
-1.677187473518778615e-01
-1.654131525842983952e-01
-1.631075567664027060e-01
-1.608019596895442216e-01
-1.584963565373574135e-01
-1.561907512383338137e-01
-1.538851431500146416e-01
-1.515795317123930508e-01
-1.492739164630353943e-01
-1.469682970490388818e-01
-1.446626732357907952e-01
-1.423570448781971698e-01
-1.400514119698464399e-01
-1.377457746466163313e-01
-1.354401331898250349e-01
-1.331344883783174282e-01
-1.308288399913592470e-01
-1.285231890619987494e-01
-1.262175363201393230e-01
-1.239118825852869865e-01
-1.216062283878860673e-01
-1.193005741252321089e-01
-1.169949201174569492e-01
-1.146892666630461161e-01
-1.123836140386246796e-01
-1.100779624976288840e-01
-1.077723122681857881e-01
-1.054666635504562106e-01
-1.031610139605606130e-01
-1.008553639430874588e-01
-9.854971633123256469e-02
-9.624407187191197366e-02
-9.393843121990454181e-02
-9.163279492149022099e-02
-8.932716340191240723e-02
-8.702153695693040647e-02
-8.471591577870267453e-02
-8.241029990653382653e-02
-8.010468922458398311e-02
-7.779908391049621119e-02
-7.549348261813687566e-02
-7.318788530640162049e-02
-7.088229134250136065e-02
-6.857669998775139941e-02
-6.627111040945422860e-02
-6.396552092757749886e-02
-6.165993124758226834e-02
-5.935434109143482295e-02
-5.704875020951898773e-02
-5.474315837902704596e-02
-5.243756540298143837e-02
-5.013197110959069502e-02
-4.782637535179336263e-02
-4.552077339969390346e-02
-4.321516924522877251e-02
-4.090956226705883686e-02
-3.860395191644457741e-02
-3.629833773477612879e-02
-3.399271936727676219e-02
-3.168709657292724524e-02
-2.938146921292606253e-02
-2.707583726430058332e-02
-2.477020084421052357e-02
-2.246456071644773594e-02
-2.015891618949523789e-02
-1.785326836894492175e-02
-1.554761786949970803e-02
-1.324196540899806596e-02
-1.093631179684931808e-02
-8.630657656803729372e-03
-6.325003392931536315e-03
-4.019349330828952092e-03
-1.713695774538303174e-03
5.919569934312265318e-04
2.897608713525801679e-03
5.203259151608400322e-03
7.508908102007023390e-03
9.814555879444937861e-03
1.212020618940070141e-02
1.442585421995042257e-02
1.673149921337221263e-02
1.903714050025627491e-02
2.134277751637278855e-02
2.364840981619174137e-02
2.595403708336848497e-02
2.825965910651158028e-02
3.056527525321238448e-02
3.287088679837459754e-02
3.517649336432496915e-02
3.748209534443961571e-02
3.978769325472033408e-02
4.209328771118542312e-02
4.439887943793900671e-02
4.670446925520360670e-02
4.901005873073765312e-02
5.131564835764685500e-02
5.362123841824070758e-02
5.592682916575444224e-02
5.823242082640207873e-02
6.053801360074513582e-02
6.284360766456434377e-02
6.514920316931403776e-02
6.745480480412316404e-02
6.976040853676154785e-02
7.206601499902502705e-02
7.437162475286299146e-02
7.667723827254623037e-02
7.898285593079319711e-02
8.128847798853518214e-02
8.359410460057217773e-02
8.589973581410589865e-02
8.820196198882536420e-02
9.049865617039588861e-02
9.280372131727908369e-02
9.510547103178935979e-02
9.738651537540994607e-02
9.969031381515437717e-02
1.019912155057860065e-01
1.042949156542780087e-01
1.065915354851930535e-01
1.088751896940632347e-01
1.111709202910118460e-01
1.134453646034603996e-01
1.157173256039135401e-01
1.179426908180670336e-01
1.201909279299497174e-01
1.224622416549151355e-01
1.247161015599108635e-01
1.269824313863822940e-01
1.292461065606456128e-01
1.315159661983680284e-01
1.338038196035190031e-01
1.360917989622442981e-01
1.383798882212599890e-01
1.406680709177991484e-01
1.429563307481558909e-01
1.452446525061537319e-01
1.475104943280539371e-01
1.497771171656900047e-01
1.520634018192517922e-01
1.543497298251271799e-01
1.566360944458386473e-01
1.589112265283339487e-01
1.611925841878704135e-01
1.634543508168975201e-01
1.657045638002378751e-01
1.679413464853168614e-01
1.701539419086014471e-01
1.723742233844719474e-01
1.745722722575529517e-01
1.767715626268433760e-01
1.789879142172320081e-01
1.811775760348877662e-01
1.833685318193347680e-01
1.855359291058005511e-01
1.876826218449052230e-01
1.898145886755875922e-01
1.919599040786936495e-01
1.940981987978105949e-01
1.961997839809191957e-01
1.982981466976916074e-01
2.003850798149540979e-01
2.024768053069405660e-01
2.045594258466204851e-01
2.066330968747691899e-01
2.087044420541586121e-01
2.107721731529322573e-01
2.128622963137484780e-01
2.149599086539759063e-01
2.170830506639781221e-01
2.192225768258453111e-01
2.213770573684821219e-01
2.235309709846734771e-01
2.256965994963922306e-01
2.278402198405666823e-01
2.299654455197258918e-01
2.320786425268388242e-01
2.341766799297272661e-01
2.362967823107787746e-01
2.384116022848776217e-01
2.405268126905519832e-01
2.426333665437124254e-01
2.447224753868938174e-01
2.468267019552601027e-01
2.489574478640178834e-01
2.510911752534712438e-01
2.532317039059728270e-01
2.553680012784766973e-01
2.575085486716110483e-01
2.596492224312771380e-01
2.617899986233225840e-01
2.639308560504244894e-01
2.660717864342183603e-01
2.682127770025441449e-01
2.703538157791233187e-01
2.724948836655898265e-01
2.746359708258269694e-01
2.767770708355570819e-01
2.789181789396246725e-01
2.810592917439573846e-01
2.832004069354819298e-01
2.853415197524586944e-01
2.874826227853381488e-01
2.896237171780758346e-01
2.917648130118762340e-01
2.939059138307373864e-01
2.960470207149679123e-01
2.981881346833892832e-01
3.003292566824185550e-01
3.024703874147093852e-01
3.046115270300076006e-01
3.067526762677487695e-01
3.088938346244610722e-01
3.110309426401247634e-01
3.131669341844334764e-01
3.153071563127506916e-01
3.174219333077595295e-01
3.195341199206830907e-01
3.216401398701968506e-01
3.237632300265263496e-01
3.258538914794970043e-01
3.279602336692851172e-01
3.300903320805249064e-01
3.322205418257359044e-01
3.343508537296942529e-01
3.364812616769071729e-01
3.386117612997948112e-01
3.407423382993001737e-01
3.428729787531042961e-01
3.449935498974932013e-01
3.471008500398527485e-01
3.492128213368840273e-01
3.513378940420300300e-01
3.534510453094713567e-01
3.555757803179889764e-01
3.576925532176614686e-01
3.598071801187638918e-01
3.619081825703552857e-01
3.640024134287565549e-01
3.660871020169755297e-01
3.681767255399409078e-01
3.702608849723352247e-01
3.723590133286754922e-01
3.744674941959317271e-01
3.765769729652375664e-01
3.786644456278570603e-01
3.807561762975646413e-01
3.828480920872241455e-01
3.849120885350352239e-01
3.869749443423148860e-01
3.890427009772477462e-01
3.911101281007688946e-01
3.931662594287582135e-01
3.952405191663003192e-01
3.973090216966748134e-01
3.993736415054793820e-01
4.014451380975314065e-01
4.035028455115838297e-01
4.055878697573606639e-01
4.076501246588853378e-01
4.096970587781634254e-01
4.117304353775091408e-01
4.137685301412444838e-01
4.158169787289397457e-01
4.178881307366841824e-01
4.199648354230098857e-01
4.220417098945946632e-01
4.241187280452000663e-01
4.261958654018300763e-01
4.282731024333139569e-01
4.303504227080292566e-01
4.324278076910457735e-01
4.345052415332498197e-01
4.365827110220342755e-01
4.386602054036934373e-01
4.407377245325008186e-01
4.428152625127925179e-01
4.448928128874443666e-01
4.469703702458718286e-01
4.490479258524674444e-01
4.511254708531426960e-01
4.532030032320816249e-01
4.552805216629787766e-01
4.573580253442091625e-01
4.594355140047075015e-01
4.615129878299575328e-01
4.635904474024138966e-01
4.656678936533930058e-01
4.677453278233328904e-01
4.698227508954377352e-01
4.719001735507083461e-01
4.739776008203239743e-01
4.760550348192871262e-01
4.781324774602961347e-01
4.802099217971612655e-01
4.822873667133449893e-01
4.843648126058123227e-01
4.864422598198845371e-01
4.885197086523442311e-01
4.905971593538417386e-01
4.926746042035016759e-01
4.947520427257686704e-01
4.968294766201357127e-01
4.989069107993432950e-01
5.009843541343181883e-01
5.030618076052930654e-01
5.051392720113236923e-01
5.072167479843771032e-01
5.092942358737601038e-01
5.113717357353878556e-01
5.134492473270553248e-01
5.155267701088666055e-01
5.176043027958199261e-01
5.196818453503763147e-01
5.217593941220842746e-01
5.238369385076302454e-01
5.259144763458654115e-01
5.279920057537021982e-01
5.300695275121960481e-01
5.321470488496036211e-01
5.342245693930981476e-01
5.363020887988245722e-01
5.383796067535284724e-01
5.404571229770152030e-01
5.425346437268823152e-01
5.446121716903002952e-01
7.397626651945522256e-08
7.918155487852716484e-08
4.670851813577159316e-05
9.334712545583398013e-05
1.400031578302574433e-04
1.866749646311484866e-04
2.333609612595544873e-04
2.800592780711663363e-04
3.267677817661023172e-04
3.734841009980130033e-04
4.202056554040740498e-04
4.669296927675503986e-04
5.136541161467870651e-04
5.603780419145208387e-04
6.071006952059052790e-04
6.538213981531716332e-04
7.005395620278717476e-04
7.472546823077215374e-04
7.939663364581447729e-04
8.406740763151285007e-04
8.873758781252283822e-04
9.340697030296021353e-04
9.807537266004358583e-04
1.027426387566277802e-03
1.074086426975634674e-03
1.120732918447286692e-03
1.167365290033647775e-03
1.213983338152016230e-03
1.260587234002054574e-03
1.307177522856765774e-03
1.353755116616606018e-03
1.400321205703364009e-03
1.446877537624694822e-03
1.493425928666079197e-03
1.539968562941734309e-03
1.586507868464731574e-03
1.633046469635660415e-03
1.679585514279656553e-03
1.726125716902679593e-03
1.772667715802140557e-03
1.819212078269101876e-03
1.865759302863910420e-03
1.912309819686662136e-03
1.958863983413196286e-03
2.005422842343825961e-03
2.051988518905916315e-03
2.098562958936634956e-03
2.145147875748873618e-03
2.191744704572290512e-03
2.238354566508107043e-03
2.284978241360841045e-03
2.331616148799849509e-03
2.378268337363463776e-03
2.424934480857010143e-03
2.471613881729649471e-03
2.518305331334968339e-03
2.565007788512141222e-03
2.611719324553837557e-03
2.658437915803927524e-03
2.705161272447491848e-03
2.751886877500263687e-03
2.798612490855016590e-03
2.845337349316801479e-03
2.892060770458895584e-03
2.938782145374395707e-03
2.985500934991197619e-03
3.032216668860610465e-03
3.078928945570958645e-03
3.125637449555337087e-03
3.172340346630304810e-03
3.219035581966256734e-03
3.265721302498590488e-03
3.312395908125147226e-03
3.359058092960838949e-03
3.405706877408606805e-03
3.452341631667786050e-03
3.498962091198447658e-03
3.545568364607470328e-03
3.592160742615155191e-03
3.638740471937620610e-03
3.685308524111128615e-03
3.731866443198835186e-03
3.778416088460664728e-03
3.824959604740454933e-03
3.871499387905183703e-03
3.918038045336889180e-03
3.964577023218737208e-03
4.011117050979973522e-03
4.057658780014055527e-03
4.104202789418656683e-03
4.150749588705031357e-03
4.197299618437843292e-03
4.243853245537966383e-03
4.290411216708450715e-03
4.336975674958701635e-03
4.383548596791973610e-03
4.430131734823939890e-03
4.476726570864728201e-03
4.523334278529054370e-03
4.569955694700979579e-03
4.616591299288128752e-03
4.663241202781075179e-03
4.709904971357177852e-03
4.756582377398121085e-03
4.803272191542777222e-03
4.849973066203799865e-03
4.896683322812948012e-03
4.943400978509310609e-03
4.990123778130943315e-03
5.036849230867320414e-03
5.083574811988412698e-03
5.130299745256110787e-03
5.177023336784535371e-03
5.223744967251981418e-03
5.270464087783439250e-03
5.317180218373865341e-03
5.363892948000312244e-03
5.410601946241208778e-03
5.457305672970502210e-03
5.504002049015147870e-03
5.550689186931836473e-03
5.597365443893308375e-03
5.644029464549445846e-03
5.690680214677890092e-03
5.737317006240719337e-03
5.783939514366135716e-03
5.830547637884533549e-03
5.877142107768323041e-03
5.923723534986633649e-03
5.970293069995338299e-03
6.016852206718577636e-03
6.063402759059591078e-03
6.109946831804008265e-03
6.156486786616099591e-03
6.203025205047739236e-03
6.249563824593347243e-03
6.296103387881337235e-03
6.342644557987189152e-03
6.389187924783533770e-03
6.435734008110538529e-03
6.482283258762861107e-03
6.528836056217741934e-03
6.575392936144982062e-03
6.621955977161848514e-03
6.668527185878842314e-03
6.715108353581721208e-03
6.761701007740917452e-03
6.808306373125624228e-03
6.854925341825937775e-03
6.901558451613270563e-03
6.948205872159078297e-03
6.994867274851655423e-03
7.041542378982786586e-03
7.088230073396367160e-03
7.134929063334877197e-03
7.181637719294270243e-03
7.228354102852548729e-03
7.275075997901195475e-03
7.321800946554851697e-03
7.368526284924623200e-03
7.415251090054046992e-03
7.461974655652470374e-03
7.508696351035479798e-03
7.555415616521773958e-03
7.602131961513125882e-03
7.648844964372705085e-03
7.695554281613797669e-03
7.742258662080414924e-03
7.788956002916847844e-03
7.835644383664271476e-03
7.882322120778375782e-03
7.928987811979447409e-03
7.975640371302088888e-03
8.022279055475940029e-03
8.068903482169336241e-03
8.115513486731147988e-03
8.162109752340085053e-03
8.208692826658085806e-03
8.255263805273447414e-03
8.301824130556108641e-03
8.348375569060212040e-03
8.394920183224748034e-03
8.441460298065582221e-03
8.487998464707864274e-03
8.534536711904523731e-03
8.581075795138807735e-03
8.627616389030269214e-03
8.674159094252863189e-03
8.720704441110086955e-03
8.767252890805510637e-03
3.999982116819353894e-01
3.999981959747460070e-01
3.986039578552010298e-01
3.972096274714072006e-01
3.958152876360933048e-01
3.944209397208423007e-01
3.930265847885253128e-01
3.916322249588047311e-01
3.902378613704805543e-01
3.888434945420284339e-01
3.874491260457177955e-01
3.860547572613615697e-01
3.846603888286024286e-01
3.832660213344808442e-01
3.818716553153945203e-01
3.804772912572247368e-01
3.790829295941504640e-01
3.776885707083256771e-01
3.762942149206152664e-01
3.748998624950592995e-01
3.735055138682207287e-01
3.721111701843627939e-01
3.707168290845546665e-01
3.693224932310815722e-01
3.679281653322583612e-01
3.665338461850782825e-01
3.651395362983405612e-01
3.637452358768005212e-01
3.623509448124934695e-01
3.609566626827936386e-01
3.595623890647597354e-01
3.581681223062453956e-01
3.567738624263002700e-01
3.553796067689938276e-01
3.539853533580905598e-01
3.525911006445904272e-01
3.511968478011067152e-01
3.498025942696182389e-01
3.484083395372557512e-01
3.470140831353357713e-01
3.456198246399662111e-01
3.442255636736631930e-01
3.428312999074973888e-01
3.414370330633842432e-01
3.400427629204067492e-01
3.386484885952419366e-01
3.372542089941583110e-01
3.358599182160247332e-01
3.344656201976768939e-01
3.330713142732906196e-01
3.316769998973804756e-01
3.302826768096986387e-01
3.288883450468836345e-01
3.274940049471891657e-01
3.260996575550353382e-01
3.247053028963607368e-01
3.233109426626629146e-01
3.219165795350076853e-01
3.205222131986794065e-01
3.191278451397385196e-01
3.177334767731018750e-01
3.163391086995764878e-01
3.149447414787594490e-01
3.135503756298396727e-01
3.121560116302821153e-01
3.107616499130212429e-01
3.093672908626818874e-01
3.079729348113489640e-01
3.065785820324291588e-01
3.051842329016513644e-01
3.037898885287528272e-01
3.023955480780923799e-01
3.010012111861161688e-01
2.996068820538316246e-01
2.982125615267184338e-01
2.968182501661401074e-01
2.954239482317210785e-01
2.940296561506782202e-01
2.926353725899689118e-01
2.912410973872499587e-01
2.898468295618451540e-01
2.884525681783318141e-01
2.870583120350757578e-01
2.856640583859915150e-01
2.842698056933541384e-01
2.828755529630851973e-01
2.814812996286630287e-01
2.800870451696849672e-01
2.786927891105996369e-01
2.772985310209573062e-01
2.759042705166390719e-01
2.745100072616720732e-01
2.731157409703384165e-01
2.717214714120030905e-01
2.703271978627901362e-01
2.689329192090463838e-01
2.675386303299337465e-01
2.661443335363548046e-01
2.647500289508512572e-01
2.633557159823200489e-01
2.619613943213619511e-01
2.605670639535202504e-01
2.591727255292785026e-01
2.577783788263015019e-01
2.563840251600181808e-01
2.549896656998243971e-01
2.535953031866122753e-01
2.522009372410646821e-01
2.508065693321945289e-01
2.494122010214472329e-01
2.480178329164416384e-01
2.466234655833975664e-01
2.452290995481857805e-01
2.438347352951099056e-01
2.424403732641207954e-01
2.410460138470624791e-01
2.396516573835238972e-01
2.382573041559999938e-01
2.368629544556127564e-01
2.354686093375237543e-01
2.340742689145848821e-01
2.326799309608610644e-01
2.312856006088276073e-01
2.298912787475400343e-01
2.284969659852769119e-01
2.271026626306764107e-01
2.257083691188969676e-01
2.243140842512145461e-01
2.229198078707946007e-01
2.215255390444051953e-01
2.201312765451294284e-01
2.187370199694764206e-01
2.173427661192221250e-01
2.159485134725408761e-01
2.145542608799015094e-01
2.131600077670628701e-01
2.117657536065501445e-01
2.103714979160532794e-01
2.089772402583870703e-01
2.075829802424823678e-01
2.061887175250466109e-01
2.047944518126163516e-01
2.034001828656349653e-01
2.020059101140447289e-01
2.006116324252241179e-01
1.992173455128437576e-01
1.978230499605728998e-01
1.964287467355207983e-01
1.950344352033878126e-01
1.936476408590919740e-01
1.922664148447151278e-01
1.908896935255527116e-01
1.895105796346513438e-01
1.881386950516167611e-01
1.867644264079721950e-01
1.853916207107025316e-01
1.840108032432802021e-01
1.826286717560119122e-01
1.812464214049760158e-01
1.798640657876640625e-01
1.784816197113126279e-01
1.770990981088448046e-01
1.757165151734218500e-01
1.743365488612216851e-01
1.729657830681723962e-01
1.715863975107827233e-01
1.702302088010829995e-01
1.688639580120658568e-01
1.674888574520138063e-01
1.661180949096290604e-01
1.647651725217197383e-01
1.634268320601599545e-01
1.620879918907954520e-01
1.607617623703615217e-01
1.594413751417115832e-01
1.581254440201733946e-01
1.568150227223886195e-01
1.555114599195417668e-01
1.542065062669850384e-01
1.528872175724347027e-01
1.515833251605402943e-01
1.502828320230892023e-01
1.489942739202135269e-01
1.477139456299911835e-01
1.464432198966747756e-01
1.451677449911752960e-01
1.438954016698217320e-01
1.426361764440400026e-01
1.413948576175681759e-01
1.401640113413030464e-01
1.389339028982202462e-01
1.377117583746866047e-01
1.364785619922977422e-01
1.352639284583975199e-01
1.340487529961368329e-01
1.328247410059776590e-01
1.316023435966982291e-01
1.303876592815933766e-01
1.291539871427393738e-01
1.279191214341906802e-01
1.266838231636819023e-01
1.254481616719395343e-01
1.242122023621531207e-01
1.229760044526013313e-01
1.217396239025103771e-01
1.205031054805746904e-01
1.192710875045297492e-01
1.180433803474522370e-01
1.168137322879263945e-01
1.155993922500415522e-01
1.143928446397609877e-01
1.132046115266060610e-01
1.120279576730934534e-01
1.108704932101915175e-01
1.097318350450610519e-01
1.086101758285549224e-01
1.075080732376985232e-01
1.064173208500957674e-01
1.053418401269815563e-01
1.042839198098115677e-01
1.032403418189619254e-01
1.022161163624965979e-01
1.012049847526082097e-01
1.001969442837176011e-01
9.921218601909409518e-02
9.823457697868578919e-02
9.727508937283010915e-02
9.632612180116321976e-02
9.539214035955795312e-02
9.447619458081801813e-02
9.358109166970962622e-02
9.271436395848453582e-02
9.186130368476122521e-02
9.102410371367196384e-02
9.019840650778726543e-02
8.938057744079219713e-02
8.857607148157832511e-02
8.777020692432109528e-02
8.697601403645825735e-02
8.618462341537812266e-02
8.539728453929984475e-02
8.462241584913531012e-02
8.384834590684467348e-02
8.308453280877989289e-02
8.232635876572889921e-02
8.158960843933724116e-02
8.087444237785453016e-02
8.016777069466003713e-02
7.947686358530908768e-02
7.880183708885224458e-02
7.813584547908643263e-02
7.748109928537075253e-02
7.683874448119169809e-02
7.620199511386900604e-02
7.557864055830285088e-02
7.497139533738042538e-02
7.437752728123701862e-02
7.380662597692058680e-02
7.326417142022284557e-02
7.274679123163071970e-02
7.226283392183192877e-02
7.179575031497828497e-02
7.136207187530388407e-02
7.094627415504456414e-02
7.054359081412502064e-02
7.015484135974044133e-02
6.978553132544870752e-02
6.942411751770236061e-02
6.908015346069595886e-02
6.875518931091566255e-02
6.845053436958058179e-02
6.817281958246926288e-02
6.792745427910644451e-02
6.770752563757219400e-02
6.751093004356621685e-02
6.733219027866421680e-02
6.717581248965807939e-02
6.704538264291481919e-02
6.693886430982186331e-02
6.685930621850777467e-02
6.680400777823575220e-02
6.677587620820935044e-02
6.677533714655649322e-02
6.680125655077898128e-02
6.685545381948380939e-02
6.693838567727994349e-02
6.704821017459411392e-02
6.718937330212061687e-02
6.735780420704189086e-02
6.754953749567076116e-02
6.776705364681874511e-02
6.800451439175245194e-02
6.826992466502281032e-02
6.856579353233301088e-02
6.888639061604277802e-02
6.923293134879353328e-02
6.961422918928125703e-02
7.003219243047052733e-02
7.046478097168640264e-02
7.092495257063467784e-02
7.142216194196940315e-02
7.195667407742641075e-02
7.252025613315114805e-02
7.312858361657020856e-02
7.377514506328189392e-02
7.444460887631546009e-02
7.516126611807555369e-02
7.591086536396556006e-02
7.670408901115233213e-02
7.752057449209769080e-02
7.838775219318025456e-02
7.927498010380623628e-02
8.019137470171512627e-02
8.112718152041549502e-02
8.209305332679724121e-02
8.306366583310186014e-02
8.404605916310996239e-02
8.505879730169196851e-02
8.608023279410759176e-02
8.710848355168208934e-02
8.817577830359925317e-02
8.925610393235892948e-02
9.036098070777583147e-02
9.150456645153330626e-02
9.267032781735765057e-02
9.385299041391872987e-02
9.507137545972856041e-02
9.631913876906979255e-02
9.754840316403436129e-02
9.878262096944868953e-02
1.000731794759660009e-01
1.013878471914709256e-01
1.027362521069583590e-01
1.040641450806684548e-01
1.054366257754432573e-01
1.067876303040504044e-01
1.081763742437074488e-01
1.096011158696039434e-01
1.109908011725473237e-01
1.124220583869533496e-01
1.138683783895595020e-01
1.153092429154674442e-01
1.168080739116295202e-01
1.183455419648903606e-01
1.198371030278360116e-01
1.213531983834161831e-01
1.229073930031987366e-01
1.244857432279333764e-01
1.261512836103561297e-01
1.278567682056808152e-01
1.295844867583202942e-01
1.313206280836825834e-01
1.331849098593176073e-01
1.350422667096069507e-01
1.369043645027735734e-01
1.387543210796271242e-01
1.406071287311099760e-01
1.424643339675951137e-01
1.443123112715660461e-01
1.461867512277016667e-01
1.480847788364578754e-01
1.500092787133966987e-01
1.519791297407049324e-01
1.539959686768509750e-01
1.560275273685610697e-01
1.581163395515404191e-01
1.602311834568764248e-01
1.623900886134249377e-01
1.645448723523816603e-01
1.666846833562393715e-01
1.688118231056498775e-01
1.709271389499422422e-01
1.730880117961932363e-01
1.752423705432075707e-01
1.773954145305697838e-01
1.795734630930790610e-01
1.817448973159428716e-01
1.839604119502970536e-01
1.862121014457868706e-01
1.884687619812100146e-01
1.907649644249330423e-01
1.930292000154978094e-01
1.953074057707079314e-01
1.976051835308507421e-01
1.999193769401628740e-01
2.022743704107317075e-01
2.046515228456007585e-01
2.070030397152742008e-01
2.093640068691648981e-01
2.117275293966645877e-01
2.140743531826566626e-01
2.164155649663587477e-01
2.187588840367619691e-01
2.211013714127342544e-01
2.234326612397000145e-01
2.257968229679220007e-01
2.281530426620924923e-01
2.305065508890236925e-01
2.328674489088263799e-01
2.352350046367534253e-01
2.375760285752911150e-01
2.399053302103142105e-01
2.422564280675403581e-01
2.446148644840857589e-01
2.469617476003057310e-01
2.492836380194490276e-01
2.516151888242473822e-01
2.539528130049218402e-01
2.562667138703997871e-01
2.585542069275300614e-01
2.608464678473518816e-01
2.631329909004985201e-01
2.654509562393944644e-01
2.677377819403327641e-01
2.699978496452426491e-01
2.723318547089449426e-01
2.746018238657809141e-01
2.768791774160102581e-01
2.791711441689199158e-01
2.814821753456911435e-01
2.838044224657900738e-01
2.861246534191561608e-01
2.884392718090158514e-01
2.907119932662150519e-01
2.929471957278032002e-01
2.952399739488777430e-01
2.975088618741553725e-01
2.997731548075383556e-01
3.020483758882928638e-01
3.043047171695419939e-01
3.066090272738555278e-01
3.089217437567899349e-01
3.112056182167632357e-01
3.134887404219399709e-01
3.157355762060639059e-01
3.180223036387643254e-01
3.203090204606887093e-01
3.226109076845878887e-01
3.249311507508620966e-01
3.272542302576694206e-01
3.295666657343812589e-01
3.318750126570441106e-01
3.341900307427512762e-01
3.364536439843204274e-01
3.387366778119310085e-01
3.410550605024886273e-01
3.433549538033666138e-01
3.456557237488641632e-01
3.479445161458660785e-01
3.502135928582224000e-01
3.524918896535473301e-01
3.547895565329606260e-01
3.571044910166802366e-01
3.594012529021080593e-01
3.616617027288675512e-01
3.638915951287595707e-01
3.661083327497148265e-01
3.683378357152004567e-01
3.705511313317673694e-01
3.727385093931182558e-01
3.749452691543236904e-01
3.771586282406830248e-01
3.793536128325559198e-01
3.815671199118722545e-01
3.837947314473525995e-01
3.860328569114216957e-01
3.882634423066929630e-01
3.904818399194174283e-01
3.926973105220910032e-01
3.949046273878906721e-01
3.970863856602544484e-01
3.992791958652691098e-01
4.014417435407377499e-01
4.036208613744343143e-01
4.057612413347989611e-01
4.078924592830127094e-01
4.100387334762454761e-01
4.121593484466286039e-01
4.142564687785113553e-01
4.163515885882507761e-01
4.184514955877111642e-01
4.205337723532172611e-01
4.226049946206130725e-01
4.246599039478684001e-01
4.267095560742321658e-01
4.287601467770520425e-01
4.308091342095268228e-01
4.328648358961429965e-01
4.348943764099773568e-01
4.369133617726922991e-01
4.389211276106437798e-01
4.409162328400988429e-01
4.429131625975444297e-01
4.449009332760229807e-01
4.468518727173852456e-01
4.487792805061920354e-01
4.507164264865710090e-01
4.526845797799876059e-01
4.546270115046689986e-01
4.565305659835465213e-01
4.584106806469762097e-01
4.602974183858692947e-01
4.621940175706812370e-01
4.640743146684989107e-01
4.659504374503041779e-01
4.678378223848379536e-01
4.697241886522999232e-01
4.715923395920829653e-01
4.734473745302694714e-01
4.752907876227946971e-01
4.771233765817474159e-01
4.789423943367259184e-01
4.807634020198695013e-01
4.825933010828340475e-01
4.844122457695851369e-01
4.862203906435096923e-01
4.880266713082280217e-01
4.898263766149402731e-01
4.916305409593134668e-01
4.934153469365509248e-01
4.951765759514067944e-01
4.969450636837030033e-01
4.987091665370199101e-01
5.004724666676635403e-01
5.022159906694437792e-01
5.039357778158577439e-01
5.056683901881210419e-01
5.073962597832877286e-01
5.091220012217445579e-01
5.108471734584383306e-01
5.125754011758340001e-01
5.143048676986835543e-01
5.160534089623357579e-01
5.177997560058597015e-01
5.195433895054585305e-01
5.212979385669468391e-01
5.230724206392931563e-01
5.248432872967707663e-01
5.266085492194928497e-01
5.283829067409798741e-01
5.301575600506748254e-01
5.319324451260563080e-01
5.337075024806047230e-01
5.354826840444181224e-01
5.372579630612344115e-01
5.390333036602651395e-01
5.408086786998840267e-01
5.425840841866695907e-01
5.443595040840494281e-01
5.461349266477548703e-01
5.478930405086904765e-01
5.496442947547747204e-01
5.513922837929327025e-01
5.531594554186468615e-01
5.549283505554135631e-01
5.566973132945109981e-01
5.584617224940049418e-01
5.602129631306081992e-01
5.619567413057382499e-01
5.636877471298246123e-01
5.653978871243873217e-01
5.671175753538985065e-01
5.688066697685500994e-01
5.704709831757019955e-01
5.720958021149750161e-01
5.737583902357895616e-01
5.754332972308094929e-01
5.770973602346409770e-01
5.787497661543018479e-01
5.803982420324542701e-01
5.820716970997956707e-01
5.837321320998309915e-01
4.000017529865925181e-01
4.000017686268870221e-01
4.012005912384178918e-01
4.023934685785280907e-01
4.036181519327983191e-01
4.048640972011407491e-01
4.061287796316811471e-01
4.074421368169688362e-01
4.087761140972373530e-01
2.613562849026110714e-06
2.629507299331610317e-06
1.762891950705154078e-03
3.583890268054258643e-03
5.413555822768746813e-03
7.191314203168657111e-03
8.959940152905790031e-03
1.075422691235523864e-02
1.252274906523093666e-02
1.434029453349518896e-02
1.620010806512226648e-02
1.806013780875128164e-02
1.992405903988230670e-02
2.176783753554951614e-02
2.365387840367216138e-02
2.556268345601634545e-02
2.745110894318801911e-02
2.931771350508622156e-02
3.117900645704493531e-02
3.314625105435209385e-02
3.508293930172270286e-02
3.698797063983580435e-02
3.894425431349156363e-02
4.090703855386436383e-02
4.288702014558627706e-02
4.487116748904165092e-02
4.685817347701039248e-02
4.885676725881126642e-02
5.088987100417773773e-02
5.285354497939207669e-02
5.487919076834828214e-02
5.697051034405722914e-02
5.907495390011303915e-02
6.119359604604440728e-02
6.334613393838131601e-02
6.551653947191918292e-02
6.767037300702964664e-02
6.981058507748483244e-02
7.197040411486638201e-02
7.418271392208367065e-02
7.644070674115627240e-02
7.874092715367608797e-02
8.104617781347848993e-02
8.338086296255693697e-02
8.570753642984961507e-02
8.802154087282987316e-02
9.038053226412628982e-02
9.275833280446779683e-02
9.515311600971490535e-02
9.752602210354345547e-02
9.991152271800440854e-02
1.022864411105339211e-01
1.046689541519769395e-01
1.070265213678728150e-01
1.093898949906998985e-01
1.117262784738811410e-01
1.139862318447057432e-01
1.162031021892021010e-01
1.184304173594369347e-01
1.205613606369286689e-01
1.227375194077073017e-01
1.248580747788187034e-01
1.269634877983420729e-01
1.290700588230115353e-01
1.311709012660086104e-01
1.331874339135624141e-01
1.352298767513142874e-01
1.373627309163902299e-01
1.395645290396350380e-01
1.417714021861694873e-01
1.440248324601080543e-01
1.462744808515807349e-01
1.485301652511732684e-01
1.508255538042013733e-01
1.531466553022481081e-01
1.554209834638911603e-01
1.577596475190152225e-01
1.601261966978996809e-01
1.624846230446672368e-01
1.648014123540434972e-01
1.671470236147632182e-01
1.695082949563790908e-01
1.718689334136508373e-01
1.742610207532325761e-01
1.766779503136052532e-01
1.790952404046251834e-01
1.814645741314700189e-01
1.838426776103737614e-01
1.861977833553670469e-01
1.886066191564182981e-01
1.910453304971276300e-01
1.934675643601264927e-01
1.958339136900060784e-01
1.981670313737193823e-01
2.004854760912290201e-01
2.026901650388190645e-01
2.048931505585789570e-01
2.070230885000962640e-01
2.091674300891119276e-01
2.113129619361345524e-01
2.134310480844657520e-01
2.155665105853649399e-01
2.176957469755343433e-01
2.198209762195503236e-01
2.219483078949351929e-01
2.240952858440303508e-01
2.262897632941647252e-01
2.284905937477081372e-01
2.307219549580304951e-01
2.329217259227363002e-01
2.350883281964789573e-01
2.372513145493078401e-01
2.393929123169584172e-01
2.414048385648585038e-01
2.434041058420111925e-01
2.454197588287960197e-01
2.473792528000989810e-01
2.492987110360097291e-01
2.512016205689824311e-01
2.530643379105504409e-01
2.549221654795363889e-01
2.566890784993610675e-01
2.584304656587792515e-01
2.601775343993918965e-01
2.619228019512658268e-01
2.636491700632761503e-01
2.654038069903142394e-01
2.671250998876545935e-01
2.687990999733316233e-01
2.705087517327968705e-01
2.721861513166857760e-01
2.738482750811343513e-01
2.755310716779381663e-01
2.771421266950943041e-01
2.787162567669185798e-01
2.803070895803254636e-01
2.818896165223827577e-01
2.834704819295447709e-01
2.850123586956822552e-01
2.865715714726655983e-01
2.881042572373477828e-01
2.896910141028278263e-01
2.912693293006491380e-01
2.927929597154262376e-01
2.943597231138366799e-01
2.959306286433464606e-01
2.974138455467169040e-01
2.988771822068242989e-01
3.003734761387792385e-01
3.018819366978871543e-01
3.034676209947009817e-01
3.050002577612718202e-01
3.065075156389624467e-01
3.080184514578910293e-01
3.095453677248330426e-01
3.111408400730152346e-01
3.127843503512164336e-01
3.144376489365908189e-01
3.160639780619535211e-01
3.176972350154569913e-01
3.193226803247993240e-01
3.209093604392196930e-01
3.225313452193387942e-01
3.241936585486095979e-01
3.258982871013595406e-01
3.276187695485935358e-01
3.293671343617491365e-01
3.311242269915005143e-01
3.328786167968978416e-01
3.346190179451754565e-01
3.362952925171842633e-01
3.379632507423060428e-01
3.396346964092645804e-01
3.412911373267851767e-01
3.429249655444319145e-01
3.445991692157021613e-01
3.462955937755466951e-01
3.479653702620598699e-01
3.496767865165871791e-01
3.513837233892163625e-01
3.530765335087744372e-01
3.547308340220727829e-01
3.563610992994643012e-01
3.580128669707532407e-01
3.596752355098279397e-01
3.612611927159982139e-01
3.628225904356899845e-01
3.643751460723169133e-01
3.658900712353799212e-01
3.673400735776920500e-01
3.687619701914313097e-01
3.702188149988157595e-01
3.716860695299733508e-01
3.731335213672400397e-01
3.745741174352911207e-01
3.759900162226464393e-01
3.774208772320333249e-01
3.788858505503102103e-01
3.803310047634355651e-01
3.817762278470885895e-01
3.832527669179168761e-01
3.847386999861286405e-01
3.862201050373784139e-01
3.877198351389360975e-01
3.892173927425210955e-01
3.906991035771149590e-01
3.921919200070307365e-01
3.936755432604999716e-01
3.951698619580935601e-01
3.966871657669397422e-01
3.981822547623048436e-01
3.996721769238045785e-01
4.011098999799180831e-01
4.025539910672437660e-01
4.039625996156400722e-01
4.053632104273856562e-01
4.068204912279301810e-01
4.082624588817596045e-01
4.097327244284781345e-01
4.112429331162625323e-01
4.127649750610619117e-01
4.143207589048158446e-01
4.158414526928154165e-01
4.173302400615520602e-01
4.188015772663295500e-01
4.202634110059488837e-01
4.217559888814826352e-01
4.233018013694779813e-01
4.248273478775407286e-01
4.263555377014593972e-01
4.278788664409157727e-01
4.293425307447968353e-01
4.307762243116506906e-01
4.321188760805275142e-01
4.334444653367202083e-01
4.347485131575224981e-01
4.360250827663313955e-01
4.373341624596188693e-01
4.386359762876669288e-01
4.399442249644228697e-01
4.412525350915335043e-01
4.425455579578260745e-01
4.438437139382633845e-01
4.451533104830188159e-01
4.464763910333929831e-01
4.477630714933453215e-01
4.490398262140677943e-01
4.503574104767576469e-01
4.516543776421677037e-01
4.529350638490221015e-01
4.541916396873008632e-01
4.554695175844044597e-01
4.567396259548981985e-01
4.580168394801497067e-01
4.592581121072839001e-01
4.605166139152870874e-01
4.617850936660107264e-01
4.630371235709878075e-01
4.643285766569577588e-01
4.655961460006446395e-01
4.668363499768707348e-01
4.681033155232222076e-01
4.693690442616811342e-01
4.706225004893246355e-01
4.718169668430399200e-01
4.729506002875460968e-01
4.740773454646465268e-01
4.751814840407149187e-01
4.763059947091884405e-01
4.774339269270168606e-01
4.785293279772740993e-01
4.796087754148650739e-01
4.806566682690765480e-01
4.817043293016414762e-01
4.827726417774060308e-01
4.838550567332738361e-01
4.849088568460108717e-01
4.859945021994653835e-01
4.870752397294433322e-01
4.881730309483933161e-01
4.892816041904462510e-01
4.904043308153334668e-01
4.915106765772592756e-01
4.925838929435928937e-01
4.936199898284522880e-01
4.946187735469295133e-01
4.955983973363865536e-01
4.965504645228893121e-01
4.974748474426242129e-01
4.984201473995655829e-01
4.993406731867728321e-01
5.002633504915221518e-01
3.999967580791730093e-01
3.999967421471225526e-01
3.982592104764750562e-01
3.964916940072185092e-01
3.947630315812787338e-01
3.930096490874671611e-01
3.912756153952737792e-01
3.895462801304207523e-01
3.878460082595448499e-01
3.861516020103938907e-01
3.844754501300720606e-01
3.828083823048224477e-01
3.811212381525062587e-01
3.794817840837285128e-01
3.778795621168820063e-01
3.763141503634944707e-01
3.747499323304517849e-01
3.731877900378892665e-01
3.717049903313885406e-01
3.702654030731206691e-01
3.687893462071985540e-01
3.673461152077231451e-01
3.658754590570017506e-01
3.644243394653643997e-01
3.629365234549201680e-01
3.614609816425354838e-01
3.598938232049478381e-01
3.583063824450156143e-01
3.567374007446030837e-01
3.552349327888576491e-01
3.537152060002093923e-01
3.521978895875581550e-01
3.507425989098172381e-01
3.493198017164616531e-01
3.478580612912063330e-01
3.463256382679217316e-01
3.447934420511606368e-01
3.432814315022984508e-01
3.417997245317515587e-01
3.402642761918212022e-01
3.387641911145424789e-01
3.373088373046861932e-01
3.359076988755450577e-01
3.344966454022620383e-01
3.330911854370026681e-01
3.317145825717302543e-01
3.303817345478374801e-01
3.290495335945570754e-01
3.276907888530434798e-01
3.263309745722468569e-01
3.250388597547607117e-01
3.237402960303834010e-01
3.224555679736385017e-01
3.211659530794940265e-01
3.198669967785552348e-01
3.185510584806946488e-01
3.173212581378649921e-01
3.160463360485185613e-01
3.147780261516112676e-01
3.134759728654794020e-01
3.122216060549729555e-01
3.109754314774765271e-01
3.096452260299653036e-01
3.083058443153401385e-01
3.069864522223488268e-01
3.056081966368909275e-01
3.042401909397298709e-01
3.028362104712619129e-01
3.014575814015576505e-01
3.000854153519188494e-01
2.986896841209039644e-01
2.973713878298219759e-01
2.960726969007439480e-01
2.947234770148502436e-01
2.934128963384690092e-01
2.921158447040327899e-01
2.908981794252245567e-01
2.896363300263632978e-01
2.883953051518483024e-01
2.871439302397146842e-01
2.858593259012328081e-01
2.845380859691820641e-01
2.832049125415454505e-01
2.818678944935846253e-01
2.805522335806421852e-01
2.791821132744775613e-01
2.778543522551187306e-01
2.765595437947102608e-01
2.752455106326745504e-01
2.738872309262257443e-01
2.724911180679974732e-01
2.710952937454196299e-01
2.696608868390594216e-01
2.682327484618463598e-01
2.667245591800846971e-01
2.651986449035496629e-01
2.636661023736782128e-01
2.621927703561932610e-01
2.607555833637032472e-01
2.593218758352821007e-01
2.578786194796001685e-01
2.563862437016051210e-01
2.548988064702071288e-01
2.533828095170496675e-01
2.519028743413946336e-01
2.504441477399161342e-01
2.490228007758773510e-01
2.475778313517837115e-01
2.461199810436088264e-01
2.446956969528479575e-01
2.432545153100660884e-01
2.418640448823975442e-01
2.404577301213007834e-01
2.390605298365709730e-01
2.376785623013809579e-01
2.362139041946674789e-01
2.347314097806143807e-01
2.332721623686387635e-01
2.318071030102492880e-01
2.302715459679036680e-01
2.287847414726699447e-01
2.272965403885210123e-01
2.257952511559873088e-01
2.242163077221036305e-01
2.225840072487116628e-01
2.209562248672933271e-01
2.193195556972481475e-01
2.176836270579731725e-01
2.160458100076906307e-01
2.144415729179127150e-01
2.128796708060840537e-01
2.113455208824296938e-01
2.098721151382272609e-01
2.083851787720515381e-01
2.068796169664904872e-01
2.053113960878094613e-01
2.037662757208258124e-01
2.022084858458596812e-01
2.006694541942257992e-01
1.991311254548278342e-01
1.975394026892509092e-01
1.959552777688608749e-01
1.943932062437895847e-01
1.928542618403203401e-01
1.912806906799343620e-01
1.897439143677971674e-01
1.882158433171672030e-01
1.867135121065281456e-01
1.852197025633063321e-01
1.837403271368074908e-01
1.822722151892056941e-01
1.807710796995850022e-01
1.792492979489293259e-01
1.777216880886934580e-01
1.761961638827518606e-01
1.746812047949720947e-01
1.732222438168773970e-01
1.717495039120839062e-01
1.702698929867231536e-01
1.687916344901879140e-01
1.673635076093322460e-01
1.659944822805268783e-01
1.645576877682114192e-01
1.631784390060279644e-01
1.617472000119858644e-01
1.602959271783261641e-01
1.588629649870188509e-01
1.574605273298472774e-01
1.560587853923648405e-01
1.547093550959771913e-01
1.533692658453824076e-01
1.520732019814895197e-01
1.507725043291550937e-01
1.494958576962067964e-01
1.482238963598282167e-01
1.469528892749034643e-01
1.456953502945872725e-01
1.443968871308674851e-01
1.430674187642845818e-01
1.417368572542889449e-01
1.404339249632821363e-01
1.391668303115881633e-01
1.379115603671680623e-01
1.366648271348394061e-01
1.354021205427415608e-01
1.341606060702061898e-01
1.329216637365442655e-01
1.317231240917622614e-01
1.304898625806302226e-01
1.292679811206378648e-01
1.280802731757797186e-01
1.268748188344973604e-01
1.256717331545222083e-01
1.244633237220606342e-01
1.232423210314177869e-01
1.220651601923569141e-01
1.209026145681129233e-01
1.197701846483702759e-01
1.186362700643038004e-01
1.175461230125814382e-01
1.164789131921468573e-01
1.154953596544200795e-01
1.145319720214110770e-01
1.136181243852443512e-01
1.127380751224490857e-01
1.118845425582245534e-01
1.110554856328081208e-01
1.102514867031193779e-01
1.094281598401505295e-01
1.086588631710145719e-01
1.079074809394209578e-01
1.071947835247177017e-01
1.065162304869586435e-01
1.058311619357327621e-01
1.051393112420800496e-01
1.044719965855724075e-01
1.038140466330698813e-01
1.031983522753395360e-01
1.025860498780940266e-01
1.019713322271740552e-01
1.013846102797806431e-01
1.008268586872335393e-01
1.003051488718570139e-01
9.980473961746279266e-02
9.934307836347171239e-02
9.892265830403525195e-02
9.852186919062415338e-02
9.813806602613238395e-02
9.776834666617836844e-02
9.740827341003034656e-02
9.706696077418341950e-02
9.673910488956517784e-02
9.642306546135263889e-02
9.612450752945471411e-02
9.584849165286191131e-02
9.558915132220453803e-02
9.535775134811551312e-02
9.514251698046366501e-02
9.494417340992962473e-02
9.476517515100313371e-02
9.460370586694795414e-02
9.446010178369736165e-02
9.433753002858763503e-02
9.423627182823272885e-02
9.415823918132124049e-02
9.410307872628539960e-02
9.407400428531313696e-02
9.407002864874726422e-02
9.409123650969977715e-02
9.413673228445590402e-02
9.420633646153965535e-02
9.429917485452755932e-02
9.441278612234833834e-02
9.454472651480531897e-02
9.469897229119966786e-02
9.487202172651290621e-02
9.506621914554974628e-02
9.528555623087517357e-02
9.553261090736597794e-02
9.581009836925034884e-02
9.610346625902194129e-02
9.642569190905617149e-02
9.677660579778646355e-02
9.715802296865883037e-02
9.757683928575340560e-02
9.802449072684583931e-02
9.850342415615245817e-02
9.901362103062386066e-02
9.955835807072570265e-02
1.001297197044713622e-01
1.007247594869321999e-01
1.013462427277673356e-01
1.019727231027126590e-01
1.026184831919788182e-01
1.032724301755446605e-01
1.039518558224728356e-01
1.046662032581279628e-01
1.054230614495581531e-01
1.062104361245906625e-01
1.070394132911535040e-01
1.079101554696648285e-01
1.088133389237142534e-01
1.097580342648036000e-01
1.107274706907171308e-01
1.117239964290883958e-01
1.127381564860313462e-01
1.138162545183418889e-01
1.149134128510461428e-01
1.160537000443625372e-01
1.172315305436646415e-01
1.184178394610906626e-01
1.196320401380452370e-01
1.208377328953521290e-01
1.220745757280382870e-01
1.233620808295006060e-01
1.247314655516578302e-01
1.261118214232760937e-01
1.275161644515124260e-01
1.289324856995483215e-01
1.303254335428462862e-01
1.317016553731356066e-01
1.331631723289150859e-01
1.346968142491898612e-01
1.362451443490747816e-01
1.378887154349427158e-01
1.395718202548817677e-01
1.412648930982302597e-01
1.429834177149926777e-01
1.447526847709363906e-01
1.465296035421182752e-01
1.483255843611238078e-01
1.501452156989666054e-01
1.519515657793725216e-01
1.537697681700883057e-01
1.556038695414730666e-01
1.574806176420491810e-01
1.593666092523585431e-01
1.612425531018029101e-01
1.631080491605058080e-01
1.649420056791228439e-01
1.667115844527244373e-01
1.684390988270459688e-01
1.701432990283895386e-01
1.718039850720718686e-01
1.735326281368045620e-01
1.752855065627831055e-01
1.770015913586132916e-01
1.787062432300814963e-01
1.803523878767571142e-01
1.819257439926471043e-01
1.835051848184529044e-01
1.850774164789071308e-01
1.867130880007698557e-01
1.883058996099251370e-01
1.899189133869857993e-01
1.914858344131410151e-01
1.930178127191849724e-01
1.945389465760862802e-01
1.960806498911396301e-01
1.975734026641947361e-01
1.990490511542994945e-01
2.004871094547833188e-01
2.018971214998470098e-01
2.033089289216091500e-01
2.046911544776950920e-01
2.060234669475702052e-01
2.073783095910522178e-01
2.087090219671581814e-01
2.100221902420041364e-01
2.113244846772503738e-01
2.126014355018974178e-01
2.138254326474296474e-01
2.150502792341259795e-01
2.162886138815939274e-01
2.174906121596041630e-01
2.187136850075993844e-01
2.199341441746921200e-01
2.211433128420031979e-01
2.222990205761179172e-01
2.234434913758379104e-01
2.246043508502726660e-01
2.257298724173869842e-01
2.267947627002127875e-01
2.278348632968422438e-01
2.288488380754669371e-01
2.298565145359197925e-01
2.308617400542705977e-01
2.318643650672116974e-01
2.328367401520240743e-01
2.338045349270401752e-01
2.347367846123096513e-01
2.356070519010917685e-01
2.364659524649342093e-01
2.373288287963448151e-01
2.381597404541501428e-01
2.389555814382445520e-01
2.397181656122205351e-01
2.404471817411270307e-01
2.411580773226267571e-01
2.418325703148329342e-01
2.424699015663799029e-01
2.430692212716733525e-01
2.436448405220253133e-01
2.441949144233101776e-01
2.447176256933025762e-01
2.452160770459562156e-01
2.456753453849400415e-01
2.461038267427917425e-01
2.464892965380662271e-01
2.468354483894285023e-01
2.471390139403746300e-01
2.473974691487274002e-01
2.476101927032658689e-01
2.477767613198638419e-01
2.478982751988467736e-01
2.479740083370531867e-01
2.480039355563279091e-01
2.479879953908041279e-01
2.479287070343308419e-01
2.478218229690771768e-01
2.476692706954337631e-01
2.474735290788226405e-01
2.472305619577159497e-01
2.469367574737266202e-01
2.465995504300936003e-01
2.462220613194628649e-01
2.457974150226184540e-01
2.453290486170520424e-01
2.448218631829324476e-01
2.442667280825173148e-01
2.436597040407815218e-01
2.429867650227238440e-01
2.422734615421039683e-01
2.415068405467863111e-01
2.406957246545459450e-01
2.398431698115705557e-01
2.389495442176995110e-01
2.380174006941317422e-01
2.370486245045511642e-01
2.360451619093050513e-01
2.349899169319424053e-01
2.339067010512733691e-01
2.327980760448229713e-01
2.316634872672356515e-01
2.305024975897898565e-01
2.293005437587967710e-01
2.280498407162132868e-01
2.267693111806884931e-01
2.254287439686180894e-01
2.240707203191761310e-01
2.226914419567763426e-01
2.212972556702909599e-01
2.198591577561821442e-01
2.184020177353039605e-01
2.169201091247811575e-01
2.154287166979738377e-01
2.139239084859252682e-01
2.124232948653465847e-01
2.109039262340502152e-01
2.093724737212648845e-01
2.078208502393390777e-01
2.062432703025921521e-01
2.046620427415653254e-01
2.030302149039013015e-01
2.014047239469768380e-01
1.997791205047796670e-01
1.981490383088875262e-01
1.965016072989867746e-01
1.948568934467442282e-01
1.931918551072264179e-01
1.914824426207801245e-01
1.897850864588980502e-01
1.880923774878875965e-01
1.864251200351962068e-01
1.847627935262962096e-01
1.831132318348320520e-01
1.814599391748059343e-01
1.798164941077880497e-01
1.781667488569523561e-01
1.765460005315454273e-01
1.749063342902339724e-01
1.732764589296806323e-01
1.716318366128179451e-01
1.700127050601395462e-01
1.684638532372745856e-01
1.669322129367987462e-01
1.654051076718404123e-01
1.638874306837115324e-01
1.623793629455388687e-01
1.608862109142166763e-01
1.594024551473676998e-01
1.579436980083600284e-01
1.565224622740483684e-01
1.551353833916390423e-01
1.537739514734784430e-01
1.524565798723340471e-01
1.511523267693549999e-01
1.498573108196759596e-01
1.485933453500442869e-01
1.473575438850590058e-01
1.461503001407740421e-01
1.449773513740258146e-01
1.438430369928040686e-01
1.427176810384485628e-01
1.416206538939457360e-01
1.405547019305285472e-01
1.395252476384193641e-01
1.385485948966430070e-01
1.376067657425485424e-01
1.367011418408746459e-01
1.358509212803666322e-01
1.350457593073614293e-01
1.342965348350983190e-01
1.336040299332754699e-01
1.329342730652257054e-01
1.323122925771744174e-01
1.317163543755972277e-01
1.311761322874611668e-01
1.307048762538782216e-01
1.302691568481552931e-01
1.298590493344402852e-01
1.294962849933173343e-01
1.291860385268899514e-01
1.289260902073717241e-01
1.287188622756781642e-01
1.285591129284671397e-01
1.284485509851522600e-01
1.283892365395803425e-01
1.283807027807216949e-01
1.284211009938921733e-01
1.285129340980029067e-01
1.286587497547712899e-01
1.288566343839466777e-01
1.291073388927689858e-01
1.294067060698380345e-01
1.297536970447390747e-01
1.301527976370964457e-01
1.306096113750434551e-01
1.311197820141805359e-01
1.316752810456919276e-01
1.322722356809061806e-01
1.329212496589508297e-01
1.336023206290334331e-01
1.343210075858411734e-01
1.350796443284155435e-01
1.358799222117844929e-01
1.367138162068430307e-01
1.375885530772468224e-01
1.385229060054480321e-01
1.394910890095669431e-01
1.404888613637919337e-01
1.415250762712632338e-01
1.426024083315891311e-01
1.437239510024459488e-01
1.448918188932258599e-01
1.460992325238535117e-01
1.473427470381985516e-01
1.486220030840635919e-01
1.499465049285567675e-01
1.513259612977382318e-01
1.527560759747275676e-01
1.542048277021948188e-01
1.556970739018109229e-01
1.572133327703111594e-01
1.587521388742972328e-01
1.603236012778996022e-01
1.619221379570785491e-01
1.635372363239125382e-01
1.651560896457859584e-01
1.667607934007626636e-01
1.683986459665760271e-01
1.700618937597797031e-01
1.717421717226588207e-01
1.734466313671831628e-01
1.751513690757241781e-01
1.768720698752465348e-01
1.786342415342986045e-01
1.804500759369167262e-01
1.822941267320426217e-01
1.841822531116632244e-01
1.860691666444417858e-01
1.879194612011226007e-01
1.897357743446992928e-01
1.915068566505369052e-01
1.933095024618940450e-01
1.950836823309745338e-01
1.968608216208662942e-01
1.986792574409313172e-01
2.005041609477244413e-01
2.023459240977122653e-01
2.042148636369683357e-01
2.061106672960610064e-01
2.079461564627223535e-01
2.097098753182314868e-01
2.114845596079111545e-01
2.132728166179159446e-01
2.151071855939293009e-01
2.168917749778474791e-01
2.187183201915974817e-01
2.205269844490508613e-01
2.223061222340109999e-01
2.240652620930876915e-01
2.258457309157613502e-01
2.275642462383860032e-01
2.292561711153678627e-01
2.309667500837869203e-01
2.326961449440635710e-01
2.344184610883617292e-01
2.361226606424583485e-01
2.378996801651893089e-01
2.397127006842241226e-01
2.415033339378402644e-01
2.432550278601896820e-01
2.449391771033881116e-01
2.466056474726417702e-01
2.482598121831641469e-01
2.499393182046901474e-01
2.516001997463984119e-01
2.532283278417765682e-01
2.548215960827588944e-01
2.563938077757906830e-01
2.578950342003367702e-01
2.593497599571017442e-01
2.607339737090365595e-01
2.621780715777265458e-01
2.635898711370848746e-01
2.649885913300895623e-01
2.663349839178381084e-01
2.676331506782394509e-01
2.689055601241476801e-01
2.701862683867294335e-01
2.713654874410976192e-01
2.725665024934880165e-01
2.737255776477537372e-01
2.748140496548975853e-01
2.758688109098472729e-01
2.768518331694406198e-01
2.778035720767340622e-01
2.787764303721977921e-01
2.797233532137303746e-01
2.806591782748645292e-01
2.815599785453742343e-01
2.824115299344203689e-01
2.832494327346279928e-01
2.840697902447963941e-01
2.848462917896512070e-01
2.855922128402292315e-01
2.862843522075548819e-01
2.869543987425642317e-01
2.875859539154430045e-01
2.881862874802415542e-01
2.887391450349754418e-01
2.892548646873718821e-01
2.897312575698604564e-01
2.901684319317566207e-01
2.905645277027034679e-01
2.909278521559549024e-01
2.912511570550874729e-01
2.915380427144335096e-01
2.917866747881474598e-01
2.919904356092434261e-01
2.921559565019631322e-01
2.922836606711821661e-01
2.923668851867952667e-01
2.924114047818556217e-01
2.924179370834876224e-01
2.923885967254405416e-01
2.923245037571163274e-01
2.922214319171748120e-01
2.920784262015467259e-01
2.918971546977848774e-01
2.916785801455500926e-01
2.914195139690897718e-01
2.911196006694396488e-01
2.907863010638030432e-01
2.904115592349699737e-01
2.899974574125990801e-01
2.895477106276692636e-01
2.890560922737304694e-01
2.885246290965850502e-01
2.879684401042565955e-01
2.873724447658541070e-01
2.867277799052372345e-01
2.860466411214048765e-01
2.853186079128499086e-01
2.845621793810009237e-01
2.837587264278783605e-01
2.829150706275668226e-01
2.820368305513369367e-01
2.811133270643448867e-01
2.801542389506250230e-01
2.791507000303416475e-01
2.781161848895706834e-01
2.770498399561869274e-01
2.759492273494812964e-01
2.747925572059001786e-01
2.735916266579184186e-01
2.723663356417048709e-01
2.710918176559017900e-01
2.697868110315198575e-01
2.684632693275172954e-01
2.671307747953145517e-01
2.657517714033370559e-01
2.643476908022616700e-01
2.629175083026860094e-01
2.614539925270587539e-01
2.599600852183841515e-01
2.584528344099353836e-01
2.569082441399331285e-01
2.553697972399148197e-01
2.538231861268313017e-01
2.522432713496142731e-01
2.506753837753586400e-01
2.490936802899647029e-01
2.474968586284089500e-01
2.458507938691003869e-01
2.441509329629870384e-01
2.424324290673706139e-01
2.407167690722603060e-01
2.389812215967632159e-01
2.372517675629483846e-01
2.355025636114527754e-01
2.337525257930642975e-01
2.320066597170229727e-01
2.302625722643077688e-01
2.285163826017332367e-01
2.267484867218349520e-01
2.249658403230453962e-01
2.231642274157727701e-01
2.213175844219865129e-01
2.194675010002755111e-01
2.176332162549951543e-01
2.157699093330519013e-01
2.139324648387141425e-01
2.121038001367785142e-01
2.103214807715288459e-01
2.085382052378263185e-01
2.067424701042580859e-01
2.049404997480336055e-01
2.031528591700738073e-01
2.013800605984317760e-01
1.996282135266475022e-01
1.978894281295941748e-01
1.961662035710706187e-01
1.944547913946562401e-01
1.927870410121738654e-01
1.911150717234090524e-01
1.894317927483739894e-01
1.877612773883763631e-01
1.861640629800672686e-01
1.845575267002030062e-01
1.829711789185331228e-01
1.813729084886356313e-01
1.798050953542114083e-01
1.782871276193245536e-01
1.767766492091536745e-01
1.752864563607658133e-01
1.738332741620580435e-01
1.724197610379317180e-01
1.710302317209525802e-01
1.696559720856389841e-01
1.683061220016565385e-01
1.669851986231346008e-01
1.657233142445662111e-01
1.644821828012074938e-01
1.632903488496602329e-01
1.621741544842570382e-01
1.610781403168836667e-01
1.599503674508821749e-01
1.588852565871171352e-01
1.578268407421050401e-01
1.567897016340175087e-01
1.557715953998933811e-01
1.547831314677368675e-01
1.538224948880555498e-01
1.528970701646789054e-01
1.520093987184023832e-01
1.511834944736176189e-01
1.504189274221524875e-01
1.497133534953828393e-01
1.490226413039901499e-01
1.483619316901533813e-01
1.477397545082575758e-01
1.471555630628683387e-01
1.465993292312566532e-01
1.460875046104932184e-01
1.456127464226816826e-01
1.451924109978893485e-01
1.448106040654012217e-01
1.444742737988427561e-01
1.441758905056147455e-01
1.439237396023969606e-01
1.437162264301179160e-01
1.435535007380163153e-01
1.434340784720117001e-01
1.433585195959510838e-01
1.433264077766053246e-01
1.433380446933690544e-01
1.433903609742823992e-01
1.434862037459248563e-01
1.436276935809409905e-01
1.438163714837935314e-01
1.440497109684779065e-01
1.443208289194805594e-01
1.446370637751925592e-01
1.449971355159972164e-01
1.454012569988094028e-01
1.458531820529936629e-01
1.463434040051332652e-01
1.468769347412653414e-01
1.474535026085693201e-01
1.480590641701044763e-01
1.486896484893933668e-01
1.493666805280491339e-01
1.500787569030755664e-01
1.508349540116371568e-01
1.516263492260404577e-01
1.524407316714491700e-01
1.533196789637640833e-01
1.542425660779366270e-01
1.552193270734506525e-01
1.562155826132088920e-01
1.572372984971045495e-01
1.582735191432028676e-01
1.593277517701664481e-01
1.603979338286311285e-01
1.615367783963870540e-01
1.627410448374541074e-01
1.639639773120888377e-01
1.651919247301060767e-01
1.664749748182311750e-01
1.677332996160893486e-01
1.689917199644015711e-01
1.702799169217628639e-01
1.716114386623615595e-01
1.729317923369592391e-01
1.742971815615032005e-01
1.757358290411374646e-01
1.772143474971580035e-01
1.787281682768366298e-01
1.802343559235738413e-01
1.817682942502689136e-01
1.832923593791226935e-01
1.848773694860232353e-01
1.864987058867448588e-01
1.881899745974932592e-01
1.898827179425921496e-01
1.915356832948681975e-01
1.931710918281279166e-01
1.948171948738033343e-01
1.964858140073860726e-01
1.982038202277663363e-01
1.999268168832132875e-01
2.016623238342151181e-01
2.034024583210949366e-01
2.051624803864708635e-01
2.069711648296370110e-01
2.087445946119177165e-01
2.105393490811025281e-01
2.123349153370857889e-01
2.141326567702578898e-01
2.159199620384193163e-01
2.177409241289455788e-01
2.196248279126733760e-01
2.214391106299358480e-01
2.232119600834831796e-01
2.249978920570291363e-01
2.267948562350769748e-01
2.285889378875591016e-01
2.303723857989308510e-01
2.321557381040454671e-01
2.339265105354145502e-01
2.357652373612473540e-01
2.376237251888055901e-01
2.394546482982038982e-01
2.413228516687893344e-01
2.432333754533383130e-01
2.451315891338917419e-01
2.471128470810158573e-01
2.491548515222288540e-01
2.512368972227858044e-01
2.533170919472773064e-01
2.553835474825920104e-01
2.574318726745729036e-01
2.595062557739714060e-01
2.615544986202771316e-01
2.635196707210670786e-01
2.654737981083421516e-01
2.674088336503059327e-01
2.693147881433242130e-01
2.712268222505218596e-01
2.730420299722295940e-01
2.747991426978299012e-01
2.765501261958546730e-01
2.782282951357522016e-01
2.798863335236177474e-01
2.814553538083205964e-01
2.830069420091078092e-01
2.845836614507372131e-01
2.861369768826728666e-01
2.876887665923564819e-01
2.892049127860936708e-01
2.906506162478598165e-01
2.920598475995990206e-01
2.934870046419326139e-01
2.949086947222554489e-01
2.963261077681171307e-01
2.976922296528766720e-01
2.990612144427109431e-01
3.004052431601627604e-01
3.017637124770307655e-01
3.030623794836660445e-01
3.043708226079698265e-01
3.056956805831011481e-01
3.069898178024851876e-01
3.082555359867386047e-01
3.095176338519933790e-01
3.107847952172558825e-01
3.120486056155380439e-01
3.133036390035925378e-01
3.145429180852163387e-01
3.157664364306995708e-01
3.169768058153462076e-01
3.181123072395533602e-01
3.192088503425931645e-01
3.202729308467702762e-01
3.213217801558372888e-01
3.223443908058716834e-01
3.233986035681155058e-01
3.243728604342189237e-01
3.253034640183352644e-01
3.262055689554521076e-01
3.270618507257353480e-01
3.278764775850370738e-01
3.286548546312456631e-01
3.294101037823739531e-01
3.301271714894102871e-01
3.308017625473066992e-01
3.314611526846167333e-01
3.320929970508468276e-01
3.326966754801036208e-01
3.332726085145180095e-01
3.338203922611637231e-01
3.343169397597443027e-01
3.347693623845386379e-01
3.351939111491846757e-01
3.356056672287295872e-01
3.359832998421057315e-01
3.363319301538110206e-01
3.366505617531487249e-01
3.369479323123368286e-01
3.372072707353136467e-01
3.374484626716347524e-01
3.376621870806698067e-01
3.378400244170712274e-01
3.379854285533658298e-01
3.380989909912942015e-01
3.381759324181132231e-01
3.382167845671467110e-01
3.382251635651168375e-01
3.382004935542162194e-01
3.381376389829052198e-01
3.380402996145275285e-01
3.379087761833851067e-01
3.377450882208523630e-01
3.375545834357763231e-01
3.373298842747922133e-01
3.370848197821791903e-01
3.368145194668624165e-01
3.365282505521502432e-01
3.361990428942186471e-01
3.358159559872586075e-01
3.354132472810778531e-01
3.349847669105070480e-01
3.345211762031099489e-01
3.340197969755928642e-01
3.335013869825308452e-01
3.329440245236294227e-01
3.323455919344003306e-01
3.317308544424022454e-01
3.310856641517909149e-01
3.304118234771526441e-01
3.297065989638039429e-01
3.290079662449263420e-01
3.282757139168726024e-01
3.275078009660062350e-01
3.267350881580606270e-01
3.259184787193027399e-01
3.250754337069606814e-01
3.242097907820644109e-01
3.233076683675050189e-01
3.224449158219940825e-01
3.215108112467766066e-01
3.205764104308556073e-01
3.196639514130621418e-01
3.187766616152503119e-01
3.178681538957701114e-01
3.169500443638823550e-01
3.159782068353904627e-01
3.150023798430855448e-01
3.139612086366863619e-01
3.129031664106042832e-01
3.118451292452504853e-01
3.107631870942070274e-01
3.095980538212403377e-01
3.084099728016078124e-01
3.071825664567192637e-01
3.059725835183692566e-01
3.047139223664304120e-01
3.034236509330052733e-01
3.021334063194395236e-01
3.008924441315643517e-01
2.996523024264753365e-01
2.983893050131617430e-01
2.971223770823583910e-01
2.958160219983025363e-01
2.944688820966178122e-01
2.931204245512629147e-01
2.917075824074679136e-01
2.902948929491259711e-01
2.888962278228713321e-01
2.875348740873471809e-01
2.861275645366667120e-01
2.846642739327762128e-01
2.832143996617645931e-01
2.817687883160207019e-01
2.802972055452758182e-01
2.788368197161755768e-01
2.773250168864991871e-01
2.757882590510391529e-01
2.742809451645763508e-01
2.727520991002336803e-01
2.712387136790505027e-01
2.697153710410526983e-01
2.682270118146012350e-01
2.667585638884514276e-01
2.652573871468997257e-01
2.637535422790797668e-01
2.622567866282744520e-01
2.607387196615082448e-01
2.592062506029883528e-01
2.576210103503688287e-01
2.559502875798073118e-01
2.542781242286855092e-01
2.525744626308881191e-01
2.509090954835757614e-01
2.491639428484526408e-01
2.474055531993766266e-01
2.456421736665782563e-01
2.438401906870801827e-01
2.420927067135778266e-01
2.403476939096141907e-01
2.385997146573492766e-01
2.368770339767292954e-01
2.351763446937453761e-01
2.334676022516919414e-01
2.317391663637818622e-01
2.300225046928336403e-01
2.282887416297743888e-01
2.264986276292849099e-01
2.246955491331395771e-01
2.228467366899111457e-01
2.209657747074569578e-01
2.190552884448599413e-01
2.171305827754363704e-01
2.152763835186788655e-01
2.133629135849380576e-01
2.113934552565112368e-01
2.094324665715642797e-01
2.074767854137244683e-01
2.055459646904157500e-01
2.035576176419787719e-01
2.015107626153188614e-01
1.994570285962589395e-01
1.974109574302879699e-01
1.954555270003907053e-01
1.935001846574960216e-01
1.915331649731684405e-01
1.896149611376217459e-01
1.877380776902677073e-01
1.858931409208650909e-01
1.840514585564712868e-01
1.822262467608744829e-01
1.803748459788948599e-01
1.785559682568997886e-01
1.767864774375477732e-01
1.750650297777514575e-01
1.733891349694942352e-01
1.716987890515860593e-01
1.699887874378960273e-01
1.682972926562501803e-01
1.665341198110099896e-01
1.647742039107847889e-01
1.630639007574661570e-01
1.614187642399463052e-01
1.598209928015810743e-01
1.582492312629674713e-01
1.566819560479355555e-01
1.550917287793636412e-01
1.535611585632051801e-01
1.520660060975606576e-01
1.505450791630434104e-01
1.490925115975853255e-01
1.476521057068888865e-01
1.462437655670022485e-01
1.448776035868352408e-01
1.435018924015031005e-01
1.420918193122082673e-01
1.406784561443508441e-01
1.392745992459209214e-01
1.378937617470760157e-01
1.365129826992372009e-01
1.351356500009684991e-01
1.337289797671726566e-01
1.322550403199648505e-01
1.307502837152797470e-01
1.292534758554133023e-01
1.278015643666137457e-01
1.263416337039390824e-01
1.249064764428877428e-01
1.234936210685580738e-01
1.220365762366685675e-01
1.205583565045446337e-01
1.191010593595147049e-01
1.176426155829423947e-01
1.162079840245519163e-01
1.147720918740560425e-01
1.133175592458099123e-01
1.117863642998441071e-01
1.102774335319386678e-01
1.087324480759200157e-01
1.071930863117099564e-01
1.056600364670465808e-01
1.041504470437300683e-01
1.026909263350014589e-01
1.012145657120965686e-01
9.970827946332769254e-02
9.823395474700220842e-02
9.675107868047271020e-02
9.526210950511186659e-02
9.380652256736016215e-02
9.236229507042265086e-02
9.096906737272122956e-02
8.958771968809908781e-02
8.819073234258409388e-02
8.678847056452143605e-02
8.539288706597703005e-02
8.401616530378289149e-02
8.268163875042756905e-02
8.137574641764190597e-02
8.007712818465675952e-02
7.880866794769245121e-02
7.762245481257258606e-02
7.645259849543879771e-02
7.530971329778624046e-02
7.420074253989275559e-02
7.312527628396063573e-02
7.207391751691925863e-02
7.106674583113195554e-02
7.011639383263308656e-02
6.912427694835140968e-02
6.814705032564526144e-02
6.720143783653424741e-02
6.626979238004690465e-02
6.536345618249723988e-02
6.449269815064050115e-02
6.366247857099661955e-02
6.284957468568466710e-02
6.207604272420241126e-02
6.132091082057895132e-02
6.060726386823856587e-02
5.991612928248923192e-02
5.929729265463726251e-02
5.869519358215958410e-02
5.812289817498059868e-02
5.757938260832478478e-02
5.706631944304739468e-02
5.658315671294061183e-02
5.612994562117074732e-02
5.569679313917525604e-02
5.528705524854421460e-02
5.491100783545268399e-02
5.456188911121695462e-02
5.423703358657831763e-02
5.394555564354380772e-02
5.368301024878026351e-02
5.345237453987579379e-02
5.324613339667386841e-02
5.307016524233552218e-02
5.292494494524742354e-02
5.281157393703947434e-02
5.272739164792121513e-02
5.267581404725973915e-02
5.265244637110663012e-02
5.265776630586136570e-02
5.269135548607736808e-02
5.275516340108486746e-02
5.284987172497317143e-02
5.297278151705337584e-02
5.312739698019496720e-02
5.331448206883974278e-02
5.353331723815382692e-02
5.378423770910500251e-02
5.405770765116747756e-02
5.437011717351946521e-02
5.471020769070249895e-02
5.509257922471266777e-02
5.550238299497334271e-02
5.595955758974716782e-02
5.646099733107258489e-02
5.700134951547924239e-02
5.757887533113051348e-02
5.818147032259730900e-02
5.882883109215206879e-02
5.948477671302296321e-02
6.017319077059591487e-02
6.086387615610264895e-02
6.157748227325531010e-02
6.234851638498856152e-02
6.315805664412955933e-02
6.398709719323567024e-02
6.484117561470595370e-02
6.571610253707940719e-02
6.664806861365148161e-02
6.761749999159603897e-02
6.862875587780574438e-02
6.962805404141346466e-02
7.065802799663881140e-02
7.169882729540319466e-02
7.280233778259585786e-02
7.393058852865573571e-02
7.505607200313429983e-02
7.618977037834867572e-02
7.735789380190929987e-02
7.857127588790141504e-02
7.982911850264380604e-02
8.111909251586936487e-02
8.246813377185308047e-02
8.384519208568684545e-02
8.518549635279237808e-02
8.656923903248077423e-02
8.797056915257675525e-02
8.933887114509866945e-02
9.068732848033017602e-02
9.204013778103065091e-02
9.339827064846439875e-02
9.476684600658828728e-02
9.611040422613501000e-02
9.738911703109939810e-02
9.872336532587257241e-02
9.998721157879955634e-02
1.012666071456716776e-01
1.025169054094399734e-01
1.037927794019877087e-01
1.051165556895447412e-01
1.063958770883962485e-01
1.076539828501328205e-01
1.089192565171585164e-01
1.102057649200577638e-01
1.114733571124177924e-01
1.127392712310829881e-01
1.140690165202549039e-01
1.154292233195322037e-01
1.167995189090969277e-01
1.182197491981631376e-01
1.196553280059227814e-01
1.211468852079001235e-01
1.226064227324038247e-01
1.241160501347225026e-01
1.255736342266066674e-01
1.270578909864403805e-01
1.285391586997562674e-01
1.300387037544711577e-01
1.315466397948252542e-01
1.330530458407568895e-01
1.345903699286597199e-01
1.361018386551171855e-01
1.376106286074432195e-01
1.391269821213667046e-01
1.406299892991063616e-01
1.421100621379875195e-01
1.436068639475291120e-01
1.451322556235787320e-01
1.466625343406209037e-01
1.482363410707188967e-01
1.498195206314793526e-01
1.514229260088864049e-01
1.530853808130053229e-01
1.547871699601270912e-01
1.565211826661710992e-01
1.582102758835493561e-01
1.598951541089048689e-01
1.615236840040157607e-01
1.632034002625236402e-01
1.648650578433870639e-01
1.665260569531266110e-01
1.681340835576677351e-01
1.697619974234336471e-01
1.713861294347406583e-01
1.729516572163462551e-01
1.745065750277547678e-01
1.760931630957303928e-01
1.776723423394705459e-01
1.792755769701371571e-01
1.807976693026212556e-01
1.823114750498161518e-01
1.837982037531515622e-01
1.852950990392373820e-01
1.867460812694958783e-01
1.881678682380246992e-01
1.896138504317874396e-01
1.910059577166865474e-01
1.923835462101644578e-01
1.936910338085549854e-01
1.949652428014278238e-01
1.962351492880197723e-01
1.975250586224653049e-01
1.987955898447718028e-01
2.000545933021027345e-01
2.013013294250856899e-01
2.025503659396934164e-01
2.037564665494649430e-01
2.049360035958079362e-01
2.060800798687461577e-01
2.071732774717182368e-01
2.082748564878062758e-01
2.093090624476670325e-01
2.103340162932271218e-01
2.112919007982525244e-01
2.121880241605562656e-01
2.130552144088943833e-01
2.139021520565070056e-01
2.147093496718621708e-01
2.155062321654660218e-01
2.162781190307331847e-01
2.170243142997733965e-01
2.177764935212990749e-01
2.184997987567397770e-01
2.191882977035105873e-01
2.198658013206906126e-01
2.205186186065043741e-01
2.211412910165786727e-01
2.217382766582123854e-01
2.223084597384661076e-01
2.228463987684376202e-01
2.233636720764313466e-01
2.238400854130083162e-01
2.242784706790687810e-01
2.246921460042871632e-01
2.250614317390210173e-01
2.253981682917212126e-01
2.257056962901468067e-01
2.259707535691136693e-01
2.261994843702670177e-01
2.263933581163240505e-01
2.265507032111604424e-01
2.266765922941939293e-01
2.267695234532311754e-01
2.268281843704186007e-01
2.268525837998927042e-01
2.268483299802771802e-01
2.268103279076378875e-01
2.267406366148108365e-01
2.266410693839597534e-01
2.265121178497082610e-01
2.263507070950353806e-01
2.261559734502525676e-01
2.259320072882094743e-01
2.256739760773521786e-01
2.253871604778379667e-01
2.250678913365908862e-01
2.247302227321137102e-01
2.243640499807064981e-01
2.239649320970141522e-01
2.235209932680983780e-01
2.230431487564927540e-01
2.225418625516045745e-01
2.220027398316594680e-01
2.214261224200070877e-01
2.208244499116613913e-01
2.202115089990922814e-01
2.195536902535664414e-01
2.188994417050743602e-01
2.182092719159137162e-01
2.174713529546057900e-01
2.167152373898055262e-01
2.159247012465378146e-01
2.151346898041837929e-01
2.143279265538895195e-01
2.134756630182380044e-01
2.126060977474966140e-01
2.116957656678299937e-01
2.107774992108837342e-01
2.098481465106196431e-01
2.088823418384561648e-01
2.078733729009603071e-01
2.068540269357024008e-01
2.058353418209485364e-01
2.047776073222892235e-01
2.036916362481422105e-01
2.025923892199799903e-01
2.014544917122191026e-01
2.003030603062325998e-01
1.991270376558137711e-01
1.979526927729959584e-01
1.967624004107773050e-01
1.955750442785417487e-01
1.943675557799459386e-01
1.931559010311100499e-01
1.919223319689514207e-01
1.906302073987922452e-01
1.892906122073160502e-01
1.878798260944112009e-01
1.864146037046762183e-01
1.849807097117804611e-01
1.835029480116558420e-01
1.819942011293416706e-01
1.804460040269170173e-01
1.789066090612973503e-01
1.773359369916204242e-01
1.757759756203802204e-01
1.741661303381572823e-01
1.725814598368105857e-01
1.710077581201943919e-01
1.694714889438311556e-01
1.678970107340383988e-01
1.662623713128682512e-01
1.646096464799970682e-01
1.629617025359467730e-01
1.612729375228173223e-01
1.595719577483653284e-01
1.577825549125721483e-01
1.559619543473824421e-01
1.540430354866109131e-01
1.521629978746089629e-01
1.502688075328665884e-01
1.483457754943489637e-01
1.463830386651929494e-01
1.444307562201338768e-01
1.424500849699021632e-01
1.404234825078997106e-01
1.383348517925108712e-01
1.362270820195473353e-01
1.341087405357707374e-01
1.320022218275427039e-01
1.298884298856359532e-01
1.277464992723080228e-01
1.255927166657130334e-01
1.234469591099895541e-01
1.212932505874445149e-01
1.191186459584358259e-01
1.169522618559932642e-01
1.147535794211055338e-01
1.125496075726126477e-01
1.103287496680652180e-01
1.081076297232851507e-01
1.059058472369516224e-01
1.037378834668091498e-01
1.015946492481265284e-01
9.942851805927810371e-02
9.724066197269469469e-02
9.504528473898615770e-02
9.286754738403601994e-02
9.068769876336027491e-02
8.850153947624968265e-02
8.628590509990555213e-02
8.405837954426516323e-02
8.185664419962404570e-02
7.970383620838579486e-02
7.755054009074655030e-02
7.539188282751184411e-02
7.322650430917108932e-02
7.107638247941987231e-02
6.889836366349666452e-02
6.673716742366153643e-02
6.456419506705764200e-02
6.239656844775759437e-02
6.024483645028316098e-02
5.812709107613923259e-02
5.599262779964853110e-02
5.385753981105034088e-02
5.175159034472495007e-02
4.962108770988556822e-02
4.750361703267080848e-02
4.540965836940943218e-02
4.334079972937331104e-02
4.127538252600501667e-02
3.917396637416784011e-02
3.709435811293426699e-02
3.499544292982334492e-02
3.290552737220187041e-02
3.084319809562337603e-02
2.876015278636143840e-02
2.671225523003611935e-02
2.466970455257674888e-02
2.260228295504995710e-02
2.055590359914369683e-02
1.849326773690681061e-02
1.647474759225989877e-02
1.445943987934725401e-02
1.243745167155016138e-02
1.043770416157566161e-02
8.444388460887509301e-03
6.450606496277019701e-03
4.461316609864975254e-03
2.474214011890180000e-03
5.454480627129034732e-04
-1.357913994241421052e-03
-3.262057105426342200e-03
-5.147913051467261497e-03
-6.990972547457567805e-03
-8.782058331644533589e-03
-1.056635735661367800e-02
-1.231138280081284751e-02
-1.401976883290033393e-02
-1.571049722036399129e-02
-1.738365191927198142e-02
-1.904408198398720511e-02
-2.069511093435350349e-02
-2.232682179407577058e-02
-2.393407427408491758e-02
-2.551479630011338484e-02
-2.708509838691755892e-02
-2.861959779478895349e-02
-3.013187431737656893e-02
-3.162013312214516370e-02
-3.309611994617198821e-02
-3.455745052702005604e-02
-3.600710668276897730e-02
-3.740481053194903011e-02
-3.879149248163770575e-02
-4.017361763029027311e-02
-4.154335240595488643e-02
-4.289300267408123479e-02
-4.422678420048528625e-02
-4.555189857613370363e-02
-4.686247595602605759e-02
-4.815229809176703457e-02
-4.942854960529128455e-02
-5.068286843323038804e-02
-5.190048892932400820e-02
-5.310947793854353671e-02
-5.429808482065006520e-02
-5.547261316525008840e-02
-5.661576557172546403e-02
-5.774102700176895336e-02
-5.885428854927734349e-02
-5.993577505966842661e-02
-6.099021214290351739e-02
-6.201325852221752782e-02
-6.302332294329471285e-02
-6.401891047606610152e-02
-6.500404598656826793e-02
-6.595195458268261757e-02
-6.687846994913819454e-02
-6.778865866598045298e-02
-6.868304012075551745e-02
-6.955660322488030345e-02
-7.041555598126189586e-02
-7.125812814331775047e-02
-7.207362330619096480e-02
-7.286569619918074892e-02
-7.364240032529123514e-02
-7.440416703074889671e-02
-7.513874823508107093e-02
-7.586061354226601716e-02
-7.657297970110563123e-02
-7.727501392903922406e-02
-7.796705569227729837e-02
-7.862295495877671958e-02
-7.925669256155985776e-02
-7.986969271266565473e-02
-8.046372556019577849e-02
-8.103094994599283063e-02
-8.156935438397086569e-02
-8.208503711052476948e-02
-8.257582780761282826e-02
-8.303593166375929091e-02
-8.346854947562593052e-02
-8.386765533976352216e-02
-8.424116783613354309e-02
-8.458142659525980100e-02
-8.489402987493530062e-02
-8.517814199807541287e-02
-8.543347790879629589e-02
-8.566252595547899085e-02
-8.586085334605750297e-02
-8.603109925093929689e-02
-8.617391397514205520e-02
-8.628695396366649339e-02
-8.636986367059640290e-02
-8.642401942423208472e-02
-8.644827411347043300e-02
-8.644283894606467900e-02
-8.640911335490068790e-02
-8.635353311585700076e-02
-8.627609843393783950e-02
-8.617576796810814954e-02
-8.605007025378837160e-02
-8.589765902262176678e-02
-8.571687808547599763e-02
-8.551183935949926984e-02
-8.528708493624635734e-02
-8.504068044135812410e-02
-8.475951928673441937e-02
-8.445123818559228945e-02
-8.410841030573658339e-02
-8.373478309485279936e-02
-8.334710578835603789e-02
-8.292210728901440453e-02
-8.246999656065366613e-02
-8.199407355107696249e-02
-8.149055671944054058e-02
-8.095457603823306980e-02
-8.038416099108174062e-02
-7.978768129338660586e-02
-7.917362716975021031e-02
-7.854389254742473458e-02
-7.789388645507917819e-02
-7.722317391000915743e-02
-7.652991420419105739e-02
-7.581709199463473881e-02
-7.508715953216670014e-02
-7.432702653132985948e-02
-7.354406558997352017e-02
-7.273825941448172627e-02
-7.189331499025136685e-02
-7.102822135103317724e-02
-7.013638435508345870e-02
-6.921469117521987513e-02
-6.827967663614387117e-02
-6.730970368038768914e-02
-6.631792948011192013e-02
-6.530958057166480479e-02
-6.428118743764923981e-02
-6.322678777832818620e-02
-6.215068509413092246e-02
-6.104397196925144542e-02
-5.990699634918430355e-02
-5.876110883267217366e-02
-5.756600300773169476e-02
-5.634735662570822951e-02
-5.509550554360120173e-02
-5.383097493571167153e-02
-5.252205823272712570e-02
-5.122020821581492467e-02
-4.990360323161652234e-02
-4.857181184333816959e-02
-4.722115723462700504e-02
-4.585625205371673951e-02
-4.447029541087272470e-02
-4.305527489671215347e-02
-4.161357322200407577e-02
-4.015207508743994652e-02
-3.868505759820557027e-02
-3.720706471299331519e-02
-3.570377646547311795e-02
-3.419667090506477852e-02
-3.266424108123132386e-02
-3.113492846842931885e-02
-2.961475420194284794e-02
-2.809394408742665189e-02
-2.655635440665658417e-02
-2.499427299181207832e-02
-2.338324029977948901e-02
-2.175739036152821507e-02
-2.008796643991720213e-02
-1.837725681089973431e-02
-1.666077740153649664e-02
-1.491981801746459883e-02
-1.314514261272412519e-02
-1.136410970134580159e-02
-9.602144901368486751e-03
-7.826403425222758919e-03
-6.007336186674293484e-03
-4.209852828531820447e-03
-2.380914778872702045e-03
-5.667951191922116936e-04
1.257536484155808831e-03
3.106603775553861031e-03
4.991188692682341742e-03
6.833056517604458972e-03
8.610635210860397015e-03
1.042385338756694931e-02
1.220893451290075774e-02
1.398059064105708175e-02
1.577539131789654214e-02
1.753387818697767220e-02
1.937861945867929911e-02
2.120743791235422948e-02
2.306907888216776226e-02
2.497511895096267073e-02
2.686149760274302023e-02
2.879862748893024377e-02
3.082013433092604601e-02
3.285199206735839317e-02
3.487932015104430045e-02
3.691919158774441267e-02
3.899202735796584302e-02
4.102681675597790595e-02
4.305307753762752099e-02
4.511748341563854431e-02
4.716921284250791269e-02
4.919736610648810238e-02
5.121074305111347064e-02
5.321956463787190506e-02
5.523001670370115967e-02
5.720354523889089465e-02
5.914261809515861112e-02
6.106190785882663341e-02
6.300801022554329556e-02
6.492133565938644491e-02
6.684100378356655492e-02
6.867055419440681874e-02
7.050363088991686011e-02
7.236457896455289474e-02
7.420835269495308639e-02
7.606484334380708701e-02
7.790209547506471432e-02
7.972268960617889810e-02
8.152595473472795673e-02
8.331284779553024822e-02
8.510707284321698818e-02
8.685417284435452412e-02
8.858768076112637224e-02
9.030649920869712743e-02
9.199036462929577329e-02
9.363812870474251537e-02
9.519218998049421010e-02
9.675554933630155230e-02
9.831101052730159551e-02
9.975377881769841026e-02
1.011858265675781854e-01
1.026089101228795097e-01
1.040247223403766574e-01
1.053626513868772402e-01
1.066860172435689091e-01
1.079840849337371650e-01
1.092736016250945158e-01
1.105877328556218037e-01
1.118553000292711458e-01
1.131086853468624420e-01
1.143245079422117588e-01
1.155083509790964108e-01
1.166362505851374215e-01
1.177659715880366442e-01
1.188854267782807478e-01
1.199977600838866287e-01
1.211070620387989377e-01
1.221798157766853382e-01
1.231819516879901211e-01
1.241614006535622233e-01
1.251012479901935093e-01
1.260456110478787028e-01
1.270061881779485369e-01
1.279881026433886959e-01
1.289359874866001510e-01
1.298288360579147316e-01
1.307139502283918009e-01
1.315754089899563994e-01
1.324087210991635732e-01
1.332237727705664343e-01
1.340152426737802882e-01
1.347840775800530633e-01
1.355599312841632431e-01
1.363180678154263803e-01
1.370396210869707088e-01
1.377183740804409362e-01
1.383709113791775636e-01
1.389817976973156677e-01
1.395430585248461086e-01
1.400692706996085057e-01
1.405693230229945467e-01
1.410561058125883727e-01
1.415155467156503366e-01
1.419268779781353851e-01
1.423061897993137814e-01
1.426517144005237936e-01
1.429621406149598206e-01
1.432446948036106005e-01
1.434944718607739644e-01
1.437100602309991926e-01
1.438906660732846565e-01
1.440400351072371465e-01
1.441560684791980407e-01
1.442382664532634584e-01
1.442867015703698796e-01
1.443013357659633511e-01
1.442816313558227537e-01
1.442279003483321886e-01
1.441405100339434864e-01
1.440233215827495528e-01
1.438786562631098886e-01
1.436993181794405661e-01
1.434898951722476390e-01
1.432506528362275655e-01
1.429851717719571869e-01
1.426932712136488868e-01
1.423738887648537121e-01
1.420234641675762466e-01
1.416385497752740419e-01
1.412237384164263254e-01
1.407863784531412088e-01
1.403265122945259180e-01
1.398542314063855041e-01
1.393659543101579967e-01
1.388394343684863641e-01
1.383020474360352747e-01
1.377413763915665001e-01
1.371626238593504632e-01
1.365671607602690907e-01
1.359446544842929649e-01
1.352937777264682229e-01
1.346171088345086420e-01
1.339055907526846001e-01
1.331642183882530972e-01
1.323875372236946457e-01
1.315606127163705397e-01
1.307071215508478212e-01
1.298256853982699688e-01
1.289154313150027431e-01
1.279861389614225242e-01
1.270196952295159221e-01
1.260704913156936446e-01
1.251126880020601018e-01
1.241352382743098892e-01
1.231424551096152870e-01
1.221108505504066161e-01
1.210592648635845370e-01
1.200067181038954461e-01
1.189466696888434732e-01
1.178630772694039264e-01
1.167486398793725344e-01
1.156063070838721785e-01
1.144436280448213744e-01
1.132442614833368555e-01
1.120378847450852200e-01
1.108252125667816140e-01
1.096059881372941774e-01
1.084051081043105047e-01
1.071630007536564927e-01
1.059092844276657980e-01
1.046333112502315782e-01
1.033348099087040700e-01
1.020440354298616237e-01
1.007297924962965163e-01
9.937761061443814437e-02
9.800792151071510694e-02
9.660887070709260616e-02
9.519466367016198027e-02
9.376889707660045203e-02
9.235874473758072523e-02
9.091304094058844099e-02
8.939551084555298621e-02
8.786859140739532170e-02
8.632960905926517770e-02
8.476092727199829868e-02
8.316859334327689202e-02
8.158233616360156815e-02
8.000241209703591594e-02
7.838791045702368787e-02
7.676093528580399394e-02
7.510453846014468471e-02
7.345261691884756583e-02
7.179064603132519207e-02
7.010585506809889622e-02
6.840536869113940377e-02
6.668348333003848438e-02
6.494399203402481668e-02
6.317611238375001048e-02
6.140452248113905526e-02
5.962568069089878298e-02
5.782277867985759212e-02
5.600706997662576597e-02
5.418163230371532413e-02
5.233153909596714726e-02
5.046625689297764422e-02
4.858815462078244773e-02
4.666875244963993724e-02
4.473943411088000810e-02
4.280079145318639589e-02
4.083593667919244857e-02
3.885728288204574887e-02
3.684610208597031283e-02
3.482753371276954557e-02
3.277787220155414794e-02
3.071920870007839588e-02
2.865143375140098703e-02
2.657675856656053701e-02
2.449993945198722378e-02
2.252908063478272632e-02
2.052309120788400540e-02
1.847850259415103127e-02
1.640434480085982069e-02
1.433824596294114122e-02
1.228584410752436677e-02
1.023267644503405432e-02
8.191777509621602643e-03
6.138770571765470897e-03
4.093963584800788466e-03
2.095920868715420594e-03
9.881437535126133640e-05
-1.848442413387086118e-03
-3.726832597567342632e-03
-5.615969347927438765e-03
-7.481100988502037245e-03
-9.322385389831462990e-03
-1.113810063819191572e-02
-1.295721938658154875e-02
-1.481143159927501146e-02
-1.664310047307931278e-02
-1.843118166287124882e-02
-2.018549601847294608e-02
-2.202534194232775092e-02
-2.392206424970441322e-02
-2.574315076476410211e-02
-2.755012041149352067e-02
-2.937512175254747976e-02
-3.119340655295529605e-02
-3.302499491773276674e-02
-3.477914761712145447e-02
-3.654049559894285287e-02
-3.835386899100462488e-02
-4.012617563788711816e-02
-4.191432936001748127e-02
-4.370493274882989582e-02
-4.548487627660888211e-02
-4.726126428794033552e-02
-4.901886125535572653e-02
-5.072414406212274324e-02
-5.237770279697272213e-02
-5.409642429567720900e-02
-5.577081907923252951e-02
-5.741054489262079064e-02
-5.913610380778507036e-02
-6.086984474626327968e-02
-6.261063281648529544e-02
-6.435330835995536902e-02
-6.608745467688911801e-02
-6.783916146221197208e-02
-6.957027771647382453e-02
-7.132633956061547320e-02
-7.302263850588960881e-02
-7.472986378403964625e-02
-7.651296376662770904e-02
-7.828205241925234592e-02
-7.996846925390939387e-02
-8.168369454387278128e-02
-8.348248878226728620e-02
-8.530305192313271390e-02
-8.712931108231521116e-02
-8.893712450243113077e-02
-9.074131441890655181e-02
-9.250689579872398149e-02
-9.426852974683573583e-02
-9.599471421778113522e-02
-9.769927776192159630e-02
-9.941417958846228420e-02
-1.011273787180509837e-01
-1.028515358928543538e-01
-1.045412688132565382e-01
-1.062369310244429266e-01
-1.079026636791479976e-01
-1.095425026313729677e-01
-1.111685847284535900e-01
-1.127653844564315000e-01
-1.143611150799590248e-01
-1.159284570979855628e-01
-1.174879654679242269e-01
-1.190505522259955318e-01
-1.206142078602306517e-01
-1.221853672804362467e-01
-1.237507762377445808e-01
-1.252810644960341280e-01
-1.267697319127195354e-01
-1.282121253759053170e-01
-1.296312542738654594e-01
-1.310212079354912962e-01
-1.323943475128476210e-01
-1.337189906698322273e-01
-1.349973969629053583e-01
-1.362392945251431065e-01
-1.374386180604962038e-01
-1.386369931933624511e-01
-1.397829304886911150e-01
-1.409054394485944051e-01
-1.420022378750976921e-01
-1.430995326237784471e-01
-1.441866107356320204e-01
-1.452556476915982941e-01
-1.463237213475371556e-01
-1.473983112885713098e-01
-1.484919495529821720e-01
-1.495468744844870301e-01
-1.505766070467339790e-01
-1.515804151577233305e-01
-1.525840380988021106e-01
-1.535795223690555877e-01
-1.545851722340704504e-01
-1.555509696560864463e-01
-1.564665335616574615e-01
-1.573818435156404127e-01
-1.582718641427630912e-01
-1.591724402891023238e-01
-1.600476644156584305e-01
-1.609046398586656268e-01
-1.617233500899092624e-01
-1.625239490244858309e-01
-1.632863406811468909e-01
-1.640250588726404612e-01
-1.647368619467059203e-01
-1.654179713103944849e-01
-1.660611379272529942e-01
-1.666631570629196202e-01
-1.672330686458227411e-01
-1.677802206289530917e-01
-1.682911042025058701e-01
-1.687839542655825975e-01
-1.692743451143909061e-01
-1.697362369013414585e-01
-1.701826373590723529e-01
-1.706096706752809333e-01
-1.710090645012693200e-01
-1.713951687905992116e-01
-1.717548996177441500e-01
-1.720983105578700045e-01
-1.724276646192791640e-01
-1.727300446507375187e-01
-1.730234618633714472e-01
-1.733020936037422410e-01
-1.735602510496489781e-01
-1.738007462668248182e-01
-1.740128888893843762e-01
-1.742075504550273934e-01
-1.743851464659846029e-01
-1.745444166818289067e-01
-1.746775655820171358e-01
-1.747957792773477403e-01
-1.748966249014581864e-01
-1.749764846609796476e-01
-1.750374589360781663e-01
-1.750802444640887079e-01
-1.751041595020675912e-01
-1.751092306073962490e-01
-1.750965142851905187e-01
-1.750678330902189772e-01
-1.750216222448980063e-01
-1.749591001823351533e-01
-1.748818896715808591e-01
-1.747853557045725426e-01
-1.746741398871396456e-01
-1.745471850905075395e-01
-1.744055207329951451e-01
-1.742475724368399981e-01
-1.740747209204341894e-01
-1.738889009778626094e-01
-1.736893048215023827e-01
-1.734776387118550367e-01
-1.732512630994700042e-01
-1.730093209115377284e-01
-1.727429020282671146e-01
-1.724604668390148643e-01
-1.721597980243181891e-01
-1.718351527036172666e-01
-1.714920510033376699e-01
-1.711312554632085647e-01
-1.707507161756831315e-01
-1.703535028893422842e-01
-1.699369523089873379e-01
-1.694981174440975957e-01
-1.690313882687679847e-01
-1.685282300014678825e-01
-1.680004480234367215e-01
-1.674492424105239186e-01
-1.668736284019936289e-01
-1.662731806108066201e-01
-1.656623037034206936e-01
-1.650256883758559334e-01
-1.643769307139467950e-01
-1.636925479286513718e-01
-1.629889258586572076e-01
-1.622606788443939074e-01
-1.615118851888163731e-01
-1.607360225315923041e-01
-1.599406796020819699e-01
-1.591280007916330563e-01
-1.583034610836025202e-01
-1.574518625559857554e-01
-1.565852145177938914e-01
-1.556914603748095760e-01
-1.547766936475667154e-01
-1.538349870295143418e-01
-1.528878394853628864e-01
-1.519167939475365992e-01
-1.509147851955514319e-01
-1.498835978687624859e-01
-1.488030157715376500e-01
-1.476895071378583613e-01
-1.465542485682935769e-01
-1.453892573718030823e-01
-1.441963664493191022e-01
-1.429832633401675601e-01
-1.417310371788353673e-01
-1.404759735883027993e-01
-1.392032237306191078e-01
-1.378984296520056885e-01
-1.365761709482728736e-01
-1.352499492105285472e-01
-1.338960284404012990e-01
-1.325238488228837885e-01
-1.311040420601085055e-01
-1.296476084642334270e-01
-1.281634708030203185e-01
-1.266572218718987897e-01
-1.251464838313258998e-01
-1.236225957498045813e-01
-1.220940748588240782e-01
-1.205359432115986063e-01
-1.189657716197815296e-01
-1.174003077710049220e-01
-1.158195515319730695e-01
-1.142266566087946911e-01
-1.126255895787085237e-01
-1.109895824282578630e-01
-1.093107563829793932e-01
-1.076352261269488408e-01
-1.059415861428042865e-01
-1.042109075550836234e-01
-1.024693174526143391e-01
-1.006745541457094717e-01
-9.886285962197761956e-02
-9.708652265355081912e-02
-9.524991705798716013e-02
-9.338821013797615755e-02
-9.150180949846407896e-02
-8.959427931743468854e-02
-8.767780150848918097e-02
-8.575533041548723256e-02
-8.378982256713500554e-02
-8.179781354103093927e-02
-7.978703065724232490e-02
-7.778412265420275862e-02
-7.574534544270734859e-02
-7.370937278731015674e-02
-7.165112730808104180e-02
-6.958317845178348116e-02
-6.747269607613998188e-02
-6.538268389187217033e-02
-6.327599995415644774e-02
-6.112617728165756908e-02
-5.899067899435817691e-02
-5.682613624387008316e-02
-5.463093700560424371e-02
-5.240882321988648423e-02
-5.018440594779178393e-02
-4.793901561353274693e-02
-4.568057583472748262e-02
-4.338653057304280025e-02
-4.106759093653962467e-02
-3.872226867228805575e-02
-3.638513159071275760e-02
-3.405250642356304203e-02
-3.173570621727475616e-02
-2.941120702346132834e-02
-2.706213168044350678e-02
-2.472811884085397011e-02
-2.240903856102344910e-02
-2.007323149945647658e-02
-1.774676538663306699e-02
-1.537240522245500278e-02
-1.300097054623862089e-02
-1.062596164644998183e-02
-8.255737979489745360e-03
-5.901465200860994340e-03
-3.545991364961519846e-03
-1.149630378347948900e-03
1.232413510290476452e-03
3.579565264603962703e-03
5.916490403534311812e-03
8.221570344957155815e-03
1.050723619294584299e-02
1.283014136241484617e-02
1.517018033725176310e-02
1.748104901482689863e-02
1.978875811183570393e-02
2.207895291183068973e-02
2.439944526350459886e-02
2.671037214471025378e-02
2.902229612966381045e-02
3.132861586481595906e-02
3.363771685603293010e-02
3.599677373919725476e-02
3.836146755588373813e-02
4.073895154368750021e-02
4.306555706759844504e-02
4.540657126410767297e-02
4.774297815260235972e-02
5.008269356224327729e-02
5.244076811024570017e-02
5.477559753817328597e-02
5.710657303305356758e-02
5.945155201487763164e-02
6.180789328441722158e-02
6.415749334750096844e-02
6.654553597353417282e-02
6.890816422808557218e-02
7.126654672250656852e-02
7.365509148384792593e-02
7.607695127770919274e-02
7.850597644072183912e-02
8.091715152267067723e-02
8.330948734766034647e-02
8.571164444947022842e-02
8.809985967641807691e-02
9.050022949992105048e-02
9.289965932387542202e-02
9.534985038516764766e-02
9.780661668965585920e-02
1.002482872712228135e-01
1.027215166027173748e-01
1.052106131487633572e-01
1.077129525096653107e-01
1.102198370831537488e-01
1.127266410530362584e-01
1.152333797527211462e-01
1.177400575617994077e-01
1.202466856047261362e-01
1.227532827079695493e-01
1.252598574973841639e-01
1.277664168353427609e-01
1.302729660461333927e-01
1.327736838006036146e-01
1.352755354419753753e-01
1.377450025489369845e-01
1.401907021320536462e-01
1.426097445730182545e-01
1.450346089670431771e-01
1.474719696294056748e-01
1.499650273482320828e-01
1.524745461619405329e-01
1.549840372277125344e-01
1.574935347982845402e-01
1.600030217625877382e-01
1.625124902401681171e-01
1.650219339032057697e-01
1.675313476844254579e-01
1.700407464144103042e-01
1.725501374849756075e-01
1.750554928048100034e-01
1.775649498459649644e-01
1.800422232422517754e-01
1.825184347032657861e-01
1.850138133627829418e-01
1.875248430902476671e-01
1.899901828015834460e-01
1.924617495552035373e-01
1.949463112469384252e-01
1.974594594502061540e-01
1.999725799222426825e-01
2.024856918882038948e-01
2.049970510810089908e-01
2.075101836373722808e-01
2.100230217438077140e-01
2.125216066212736732e-01
2.149996743045473613e-01
2.174763304114298579e-01
