-2.000026529895482519e-01
-2.000026689821182702e-01
-2.016366433122291080e-01
-2.037285422516037225e-01
-2.058417108586838573e-01
-2.079550246980137462e-01
-2.100679244252197098e-01
-2.121804816719053410e-01
-2.142884775248112550e-01
-2.163623756425081535e-01
-2.184387553988687003e-01
-2.205277378407203559e-01
-2.225963098413359376e-01
-2.246869920164595302e-01
-2.267656765421446896e-01
-2.288092197486440438e-01
-2.308612430641069913e-01
-2.329162589652221949e-01
-2.349762731238585478e-01
-2.370325482152668417e-01
-2.390870559568196163e-01
-2.411345970442451137e-01
-2.431843715287716201e-01
-2.452421321836370516e-01
-2.472917374454984829e-01
-2.493689418884814657e-01
-2.514283182871903666e-01
-2.534853445185762388e-01
-2.555060337849349161e-01
-2.575413570079614356e-01
-2.596000799160299577e-01
-2.616684073666135091e-01
-2.637369003557695768e-01
-2.658055363722907627e-01
-2.678742970180044147e-01
-2.699431636301785620e-01
-2.720121141585970514e-01
-2.740811312293301993e-01
-2.761501998959762783e-01
-2.782193076508255869e-01
-2.802884442919891250e-01
-2.823576017038593178e-01
-2.844267735933578845e-01
-2.864756421638812722e-01
-2.885433679107248794e-01
-2.906089302410960196e-01
-2.926760505905019460e-01
-2.947252920058839876e-01
-2.967593112393411836e-01
-2.988233078989059321e-01
-3.008873627260446604e-01
-3.029514743746780092e-01
-3.050156379798030781e-01
-3.070798523415526615e-01
-3.091441096862647120e-01
-3.112084038274382514e-01
-3.132727285643481241e-01
-3.153370779267442581e-01
-3.174014463201135783e-01
-3.194658284538318682e-01
-3.215302172705884476e-01
-3.235946130022446243e-01
-3.256590131498037777e-01
-3.277234157007810622e-01
-3.297878190616577165e-01
-3.318522219932772965e-01
-3.339166235519879233e-01
-3.359810230378796891e-01
-3.380454199504910329e-01
-3.401098209292681140e-01
-3.421742196113817802e-01
-3.442386139322786698e-01
-3.463030030594445030e-01
-3.758880553952404502e-01
-3.752336562104144901e-01
-3.745584221339004483e-01
-3.736981230268012211e-01
-3.726044428806596920e-01
-3.713297902481533797e-01
-3.697487604314363407e-01
-3.681479783326700450e-01
-3.665934026282430813e-01
-3.653045312231586461e-01
-3.640175602828967794e-01
-3.626255562941239630e-01
-3.607940639681161965e-01
-3.589865049400687291e-01
-3.570267058240176872e-01
-3.550056086514503106e-01
-3.530052798721064478e-01
-3.511421505575665347e-01
-3.494289484631489251e-01
-3.475005457844777546e-01
-3.455806530160110968e-01
-3.434691827082663185e-01
-3.413484772768851649e-01
-3.393398733423141911e-01
-3.371684668652292771e-01
-3.351122486722279414e-01
-3.329626921550836172e-01
-3.309369048405461089e-01
-3.289909121956884896e-01
-3.268219561590370859e-01
-3.246409003033452478e-01
-3.224255218471001050e-01
-3.201802034117862128e-01
-3.179708778155297955e-01
-3.158642672005986807e-01
-3.138027857414610322e-01
-3.117134545102851484e-01
-3.094249509886820571e-01
-3.070219840793220745e-01
-3.046208661418405295e-01
-3.022395068515368877e-01
-2.999536130703958081e-01
-2.977591320724009560e-01
-2.956920025851652034e-01
-2.935385595056648755e-01
-2.912660974702959704e-01
-2.890778960124420482e-01
-2.869280974173966103e-01
-2.846679197322000698e-01
-2.825097718429817051e-01
-2.803568790413339396e-01
-2.782679796467411593e-01
-2.760942587069751819e-01
-2.739380273250062725e-01
-2.717579510096108653e-01
-2.696885458790028722e-01
-2.678064558325765621e-01
-2.658472306163966459e-01
-2.638435066384295924e-01
-2.620979418383496129e-01
-2.601337972760554562e-01
-2.580231028596381426e-01
-2.570364784709232020e-01
-2.555193683446174702e-01
-2.543182784641770944e-01
-2.526627190568636605e-01
-2.516265032677600377e-01
-2.509974461472679885e-01
-2.502134189938599040e-01
-2.496051773766926329e-01
-2.489495695447112578e-01
-2.483768108996533552e-01
-2.478596489039590345e-01
-2.473530129507440500e-01
-2.468728085144116235e-01
-2.464554385786052737e-01
-2.460156905386558790e-01
-2.455774197988643825e-01
-2.451495511477435330e-01
-2.447704395357719054e-01
-2.443711025405109205e-01
-2.439737260271411246e-01
-2.436246969063422529e-01
-2.432817705140716269e-01
-2.429273962928929498e-01
-2.425734996216324657e-01
-2.422396495062319188e-01
-2.419326546063214067e-01
-2.416543726315363017e-01
-2.414080440947891371e-01
-2.411756553604315900e-01
-2.409645640024528634e-01
-2.407896254692401816e-01
-2.406345016946950244e-01
-2.404834152165616912e-01
-2.403452420908103460e-01
-2.402219890136267633e-01
-2.401135630997783266e-01
-2.400265693401150424e-01
-2.399595868163124091e-01
-2.399139556283469421e-01
-2.398828770990596992e-01
-2.398733238547198499e-01
-2.398806762578860330e-01
-2.399046368532593010e-01
-2.399433191816162381e-01
-2.399981471576823344e-01
-2.400682086343073895e-01
-2.401546068404512291e-01
-2.402590988048006748e-01
-2.403664663732637541e-01
-2.404863448264511483e-01
-2.406194043497295598e-01
-2.407852758309655117e-01
-2.409596183731055052e-01
-2.411400908557131684e-01
-2.413451792316524125e-01
-2.415740098432590244e-01
-2.418170559071620151e-01
-2.421074699228484561e-01
-2.424533233413859457e-01
-2.428567260036184061e-01
-2.432892468434978972e-01
-2.448075352341932964e-01
-2.463220403959004712e-01
-2.478328860577743709e-01
-2.493407102886572857e-01
-2.508464882709948163e-01
-2.523508723189356040e-01
-2.538543606338999337e-01
-2.553573439351498608e-01
-2.568601177852846695e-01
-2.583628964931052874e-01
-2.598658272316263229e-01
-2.613690034108372973e-01
-2.628724767379494454e-01
-2.643762676813258827e-01
-2.658803825626874784e-01
-2.673848105134191133e-01
-2.688895253186621703e-01
-2.703944912845458459e-01
-2.718996691580853886e-01
-2.734050203947638868e-01
-2.749104945211267026e-01
-2.764160013743334754e-01
-2.779215310438012954e-01
-2.794270752326422635e-01
-2.809326272717351802e-01
-2.824381930786776240e-01
-2.839437718228887131e-01
-2.854493605212800600e-01
-2.869549571051889236e-01
-2.884605602669039759e-01
-2.899661693105641813e-01
-2.914717841995621561e-01
-2.929774103213385605e-01
-2.944830416487300706e-01
-2.959886753606391085e-01
-2.974943107478157933e-01
-2.989999471259214836e-01
-3.005055838449300354e-01
-3.020112215610021855e-01
-3.035168616506249140e-01
-3.050225050359183787e-01
-3.065281516439255505e-01
-3.080338005420877323e-01
-3.095394500489695444e-01
-3.110450955817763985e-01
-3.125507321350882162e-01
-3.140563632216843426e-01
-3.155619939557153253e-01
-3.170676259984096523e-01
-3.185732602035965533e-01
-3.200788972936361443e-01
-3.215845378505198249e-01
-3.230901823085364222e-01
-3.245958309184234225e-01
-3.261014838595375775e-01
-3.276071372392748704e-01
-3.291127885492480254e-01
-3.306184381696609664e-01
-3.321240866354203125e-01
-3.336297337774048466e-01
-3.351353816297490962e-01
-3.366410179914920420e-01
-4.000001363361271878e-01
-4.000001458657800879e-01
-4.000854723984622607e-01
-4.001528806899783963e-01
-4.001806569681679582e-01
-4.001755378461561707e-01
-4.001199562371864915e-01
-4.000306990814667674e-01
-3.998770645986058359e-01
-3.997007820388740473e-01
-3.995492058970676053e-01
-3.993484514013259101e-01
-3.991389539638240946e-01
-3.989257487890225384e-01
-3.987017412894477975e-01
-3.984970632031833437e-01
-3.982637131040769329e-01
-3.980206942047647689e-01
-3.977684543272760331e-01
-3.974739862255733391e-01
-3.971772662907427365e-01
-3.968850057556432831e-01
-3.966080817804938374e-01
-3.963563556546272904e-01
-3.960229992434260438e-01
-3.956876665411195315e-01
-3.953212193542859354e-01
-3.949512170076347473e-01
-3.945270795059778735e-01
-3.940948625574184905e-01
-3.935988838330137241e-01
-3.930918751584156490e-01
-3.925829882795914827e-01
-3.920811104441940809e-01
-3.914901536863619746e-01
-3.909338252177177453e-01
-3.903286668732754428e-01
-3.896675235964437989e-01
-3.889799868926371862e-01
-3.883001375129121469e-01
-3.875732495130211341e-01
-3.867916370305102824e-01
-3.860061424258571239e-01
-3.852531538336917971e-01
-3.844087771788217145e-01
-3.835456163020863340e-01
-3.827068759270457754e-01
-3.818389542558394689e-01
-3.810187995046357967e-01
-3.801237733575546507e-01
-3.792360265178943424e-01
-3.783112156492359213e-01
-3.773825840802915721e-01
-3.764653251985530802e-01
-3.754986327195705686e-01
-3.745390346272968185e-01
-3.735574452164203696e-01
-3.725372902398457753e-01
-3.715052494289185492e-01
-3.705025834337077884e-01
-3.694681331101120070e-01
-3.684623683347635903e-01
-3.674195770725763865e-01
-3.663822797452815916e-01
-3.653612107329875514e-01
-3.643675447533850087e-01
-3.633698619384806427e-01
-3.623744030752311662e-01
-3.613526019055732785e-01
-3.603137884066869856e-01
-3.592460674836629453e-01
-3.581461979443777421e-01
-3.570462737752548299e-01
-3.559929893865471651e-01
-3.549563270628325329e-01
-3.538965890048655916e-01
-3.527880795981986339e-01
-3.516392563213519562e-01
-3.504788356540445848e-01
-3.493033156927924932e-01
-3.481162126577461713e-01
-3.469172222246875714e-01
-3.457424625095701365e-01
-3.445690957075358551e-01
-3.433892535729350937e-01
-3.421979023931206454e-01
-3.409948648474137034e-01
-3.397474044600971577e-01
-3.384874586553879849e-01
-3.372281635978627845e-01
-3.359694265296712112e-01
-3.347111532656835697e-01
-3.334532558273242131e-01
-3.321956589543340610e-01
-3.309382961941431112e-01
-3.296811073826742544e-01
-3.284240459062421902e-01
-3.271670749806487866e-01
-3.259101653431580869e-01
-3.246532930955702834e-01
-3.233964394676099863e-01
-3.221395910171848675e-01
-3.208827391718561128e-01
-3.196258793932789111e-01
-3.183690096704911987e-01
-3.171121298258162691e-01
-3.158552378347673217e-01
-3.145983338540836449e-01
-3.133414192120668740e-01
-3.120844952484719825e-01
-3.108275652792188981e-01
-3.095706302468749227e-01
-3.083136910525499097e-01
-3.070567485510766748e-01
-3.057998034747930194e-01
-3.045428583547295509e-01
-3.032859152805622571e-01
-3.020289751961974800e-01
-3.007720383781702922e-01
-2.995151036126758592e-01
-2.982581693750667728e-01
-2.970012341600346550e-01
-2.957442992335094223e-01
-2.944873663059081603e-01
-2.932304369455145387e-01
-2.919735133158803397e-01
-2.907165958537064610e-01
-2.894596836281672636e-01
-2.882027769593911160e-01
-2.869458757944869376e-01
-2.856889796851458385e-01
-2.844320885736112969e-01
-2.831752023040748911e-01
-2.819183199895771708e-01
-2.806614387353765228e-01
-2.794045596104750007e-01
-2.781476835888001542e-01
-2.768908115251841884e-01
-2.756339441354946351e-01
-2.743770819801753524e-01
-2.731202257543696166e-01
-2.718633732690109994e-01
-2.706065200244839319e-01
-2.693496645770955822e-01
-2.680928063569513187e-01
-2.668359448239756015e-01
-2.655790796697445333e-01
-2.643222092938117829e-01
-2.630653314654534669e-01
-2.618084466911941299e-01
-2.605515556725906956e-01
-2.592946592959572416e-01
-2.580377586189112615e-01
-2.567808548541706815e-01
-2.555239463208259787e-01
-2.542670330463144834e-01
-2.530101151373695401e-01
-2.517531928167539013e-01
-2.504962664651745330e-01
-2.492393369682625592e-01
-2.479824048279622994e-01
-2.467254704936280851e-01
-2.454685343346147963e-01
-2.442115966759733359e-01
-2.429546597098465599e-01
-2.416977248775185327e-01
-2.404407929192944604e-01
-2.391838644042731388e-01
-2.379269383462344623e-01
-2.366700130314578765e-01
-2.354130868288225875e-01
-2.341561599837327368e-01
-2.328992342697518980e-01
-2.316423113290870528e-01
-2.303853935246361895e-01
-2.291444455910171540e-01
-2.279033507210961873e-01
-2.266444797967988034e-01
-2.254016755714245146e-01
-2.241437232746063268e-01
-2.229188490026359493e-01
-2.216699353121789340e-01
-2.204260926586651681e-01
-2.191927031104663470e-01
-2.179577405928941336e-01
-2.167357119322741166e-01
-2.155000752315087142e-01
-2.142603813874812413e-01
-2.130484292687806480e-01
-2.118736044918876626e-01
-2.107088741745530291e-01
-2.093902209552816196e-01
-2.081085980290632020e-01
-2.068529089126994180e-01
-2.054792603024929998e-01
-2.041448645667280071e-01
-2.030495949433127334e-01
-2.016005993152431008e-01
-2.002378163607867190e-01
-1.987219034592485334e-01
-1.971796117987101027e-01
-1.956745426375094132e-01
-1.941208325216027264e-01
-1.926389761070802509e-01
-1.910880660083927873e-01
-1.895516201767710740e-01
-1.880466356762275082e-01
-1.865530573552017513e-01
-1.849681834068282460e-01
-1.834514984484205691e-01
-1.819109992667661824e-01
-1.802533134542166904e-01
-1.787274340584177890e-01
-1.770078101879723198e-01
-1.754665504763424366e-01
-1.737481990347752303e-01
-1.719241458526092614e-01
-1.702281199679520074e-01
-1.685140860835595000e-01
-1.668463391957934472e-01
-1.651137804654907171e-01
-1.633370311206266412e-01
-1.616011127292400762e-01
-1.599151891091632749e-01
-1.582231072567311658e-01
-1.568145246478879762e-01
-1.553801361934515346e-01
-1.541617299616770964e-01
-1.528886206129802250e-01
-1.514840172014692288e-01
-1.500148256329688068e-01
-1.483780541885287296e-01
-1.469062607834193124e-01
-1.452710607970098822e-01
-1.437593560266439419e-01
-1.421258003237334533e-01
-1.407422675383861732e-01
-1.391875524548357168e-01
-1.375421433165933405e-01
-1.358123695416885435e-01
-1.345138058300911210e-01
-1.331184932454343717e-01
-1.316358554427574101e-01
-1.300106372041106850e-01
-1.283400984796954358e-01
-1.264580740914537649e-01
-1.246880251301443199e-01
-1.228581437664629655e-01
-1.213870152486206666e-01
-1.196702597909546778e-01
-1.182871844140611362e-01
-1.169884731733872169e-01
-1.154443264205158998e-01
-1.142133998924402261e-01
-1.128583013696007054e-01
-1.123068863458294847e-01
-1.114503649264945023e-01
-1.107581967254201438e-01
-1.102130943128854235e-01
-1.096072412835519122e-01
-1.089427272487992343e-01
-1.085027657697762021e-01
-1.078889001191381952e-01
-1.073472896548325339e-01
-1.066847262905000759e-01
-1.062478992117769361e-01
-1.059951168337657096e-01
-1.056565868902582805e-01
-1.049049031985419128e-01
-1.044687072908766778e-01
-1.041984414208480120e-01
-1.039144926847593298e-01
-1.038273885613356928e-01
-1.039313620519525388e-01
-1.039710131499092943e-01
-1.036013420640965327e-01
-1.032425247117726985e-01
-1.032480696975041218e-01
-1.031412197379557721e-01
-1.029664796826837564e-01
-1.022408242129673461e-01
-1.017036759135038770e-01
-1.009534099022867254e-01
-1.002370564973713296e-01
-9.938150406881990362e-02
-1.006245240101944494e-01
-1.052446903780182852e-01
-1.067836414890269148e-01
-1.066763678009350486e-01
-1.067532633608255094e-01
-1.070733835726007249e-01
-1.078904262625831334e-01
-1.080959976294116887e-01
-1.085840629451123862e-01
-1.091751444078424421e-01
-1.095881394823685767e-01
-1.100683084973638065e-01
-1.102503809292088854e-01
-1.104202996477552795e-01
-1.106169277745534529e-01
-1.107918136293565836e-01
-1.109019050526801331e-01
-1.107895274158928467e-01
-1.111088336865318771e-01
-1.113823370550783981e-01
-1.114870716950214780e-01
-1.113398967685726160e-01
-1.114867497317097028e-01
-1.117509421435919498e-01
-1.119913362669100326e-01
-1.119659707378815733e-01
-1.121560964356809187e-01
-1.123168176190904588e-01
-1.121265040232586052e-01
-1.123416070314680049e-01
-1.122717243205932636e-01
-1.123480197563305055e-01
-1.119300742067312615e-01
-1.114708652114773102e-01
-1.110611589449775893e-01
-1.107305145319109480e-01
-1.104008035987712050e-01
-1.100932316458242965e-01
-1.104071405443934895e-01
-1.103177510003629097e-01
-1.106979454057348961e-01
-1.106531102891940427e-01
-1.109035151939546104e-01
-1.107794276217018842e-01
-1.107209301463793760e-01
-1.102922200292698746e-01
-1.101549159511822223e-01
-1.099019207793521802e-01
-1.102425383347680060e-01
-1.105610461658758786e-01
-1.106235618887442679e-01
-1.105911064192869053e-01
-1.108400896412458647e-01
-1.108389357163598599e-01
-1.111481334850878550e-01
-1.115779319012983883e-01
-1.117416833072455568e-01
-1.120283978807386088e-01
-1.121140544476227074e-01
-1.120297130068102359e-01
-1.118317635693770601e-01
-1.114929424064392272e-01
-1.111054148095993038e-01
-1.109987802000797497e-01
-1.109527433372236305e-01
-1.108699724407908455e-01
-1.107261809856846108e-01
-1.106598316996646875e-01
-1.106949513118522660e-01
-1.109397415176611723e-01
-1.108995437407156032e-01
-1.107719225105506106e-01
-1.108538214217221068e-01
-1.106745432497934917e-01
-1.103181686642668580e-01
-1.101379417221546170e-01
-1.103036434206228211e-01
-1.102204465088873209e-01
-1.102907774698281967e-01
-1.103932661262108511e-01
-1.103312895372349361e-01
-1.104035674924843391e-01
-1.105074316173271093e-01
-1.106308580683952186e-01
-1.105010245047668982e-01
-1.107098858057168345e-01
-1.106865731484566601e-01
-1.107134372581752152e-01
-1.108771381886794888e-01
-1.109908813665854421e-01
-1.111405126109322045e-01
-1.111945092172936661e-01
-1.111385276777737546e-01
-1.110177337534132280e-01
-1.108970676084355816e-01
-1.105446804095756019e-01
-1.101206165412519089e-01
-1.094298664786965830e-01
-1.091914380646666627e-01
-1.090305442423163546e-01
-1.089255622326552458e-01
-1.088797059307318321e-01
-1.088960044759447743e-01
-1.088995420971866912e-01
-1.086250954390129975e-01
-1.085951597519624195e-01
-1.084335947281665491e-01
-1.082432247751104054e-01
-1.081358483858060465e-01
-1.076304864794470351e-01
-1.074835564089137163e-01
-1.073460202776515826e-01
-1.073007155160890513e-01
-1.069035067854461757e-01
-1.070575828946822294e-01
-1.070607659189286714e-01
-1.070270588304479686e-01
-1.071131532512155093e-01
-1.069620625099981931e-01
-1.066693186156515566e-01
-1.062390739294134800e-01
1.380199565385733664e-06
1.395756917895588832e-06
8.396525794953275685e-04
1.507655527262065712e-03
2.242995733353100700e-03
3.090608094780517533e-03
3.945325246085447553e-03
4.850838799003266005e-03
5.787826193514864111e-03
6.755400788840203175e-03
7.769189793794379316e-03
8.800598404203961722e-03
9.818419403804085760e-03
1.083418607338737169e-02
1.190916834923105502e-02
1.303710211326623673e-02
1.423328883553473014e-02
1.548026940030230308e-02
1.677155504390098056e-02
1.809156321248318877e-02
1.946816139348344146e-02
2.084633016000643144e-02
2.223691175286924768e-02
2.368030390429039928e-02
2.522903327826440251e-02
2.685005043050519083e-02
2.852243502257177307e-02
3.021264184647995746e-02
3.193785454368527899e-02
3.370370312553488956e-02
3.547402391850647263e-02
3.724716825027250822e-02
3.904757486835420260e-02
4.086711462146466745e-02
4.274653864284781030e-02
4.469556376593417785e-02
4.660987471782825076e-02
4.860441542717013758e-02
5.065887013193386135e-02
5.267272921274793185e-02
5.477004067306871782e-02
5.682555740708006287e-02
5.876980122184766175e-02
6.070759494911112664e-02
6.266091361315183350e-02
6.458907968451867154e-02
6.666919275821395208e-02
6.884761585705469200e-02
7.113474866639499239e-02
7.325715705865709637e-02
7.544579420763837529e-02
7.758130937403640015e-02
7.979029215220340143e-02
8.203617251142381050e-02
8.428694239993916870e-02
8.647114620666752904e-02
8.860886102264184383e-02
9.066422668125653783e-02
9.275972309170782415e-02
9.489232965192112568e-02
9.696232734571123835e-02
9.889663084855870867e-02
1.008638453521516487e-01
1.028919105391288558e-01
1.048512800884867785e-01
1.068086542681205980e-01
1.086921226383534139e-01
1.106099974879606873e-01
1.125114752972807136e-01
1.144546887177929073e-01
1.165113599870967881e-01
