2.000014476697218047e-01
2.000014632516918800e-01
2.008574930406813730e-01
2.011192066877096341e-01
2.013734569821435394e-01
2.016326076590215233e-01
2.018446838126634613e-01
2.020463246759826026e-01
2.021663507671956905e-01
2.022627558520070368e-01
2.023296210467265821e-01
2.023797032334322954e-01
2.023353092709896384e-01
2.022079235573057132e-01
2.020638192210206796e-01
2.019530430942560184e-01
2.018327261874335865e-01
2.017129487698982038e-01
2.015528894997985210e-01
2.013986616562638832e-01
2.013019705099974577e-01
2.012375177644059321e-01
2.011704570207871190e-01
2.011441377719754009e-01
2.011464020187992696e-01
2.011009837339681472e-01
2.010456005310491678e-01
2.009612053776954621e-01
2.008511952739924777e-01
2.006847495442701246e-01
2.005800960661699717e-01
2.005293673743336058e-01
2.005157333920800922e-01
2.005211444011479049e-01
2.005375323928589582e-01
2.005711986443573236e-01
2.006854995647946727e-01
2.008699557319482132e-01
2.012356101942035236e-01
2.017585777326385277e-01
2.025994095516074622e-01
2.035335261292705034e-01
2.048255264630613470e-01
2.063483583869396010e-01
2.080230861354192828e-01
2.097407625865603531e-01
2.115066372030065256e-01
2.133084794454483679e-01
2.151685913167775965e-01
2.170206968502015610e-01
2.188665001386364828e-01
2.207493692655662920e-01
2.226628933516332509e-01
2.245918264803078712e-01
2.265287183193353260e-01
2.284696018555267272e-01
2.303806567067396283e-01
2.323101101175520378e-01
2.342112821226438324e-01
2.361517918701351859e-01
2.380388562029454869e-01
2.399595775153546551e-01
2.418541025116484611e-01
2.437266357424518470e-01
2.455914159417666442e-01
2.474213025132359356e-01
2.491935099622981653e-01
2.509208869151287602e-01
2.526015831821284974e-01
2.542351768373631304e-01
2.558420581671403404e-01
2.573899344968187952e-01
2.588195178047420497e-01
2.601717968274827042e-01
2.614836520610280268e-01
2.626880133132930006e-01
2.638758187413184908e-01
2.650462898128794209e-01
2.661734557329932804e-01
2.672698498508342957e-01
2.683228840165508555e-01
2.693582972989866375e-01
2.703654681784170011e-01
2.713494387691483545e-01
2.722938037358826890e-01
2.732374332963474206e-01
2.741651543113904355e-01
2.750753914742168349e-01
2.759716300014644630e-01
2.768190139946014594e-01
2.775942879219072124e-01
2.783011377775360673e-01
2.789661730170796550e-01
2.795940319627380211e-01
2.801848865751236928e-01
2.807726652811098345e-01
2.813245823860696659e-01
2.818582362326506607e-01
2.823939051130315847e-01
2.829240597244649380e-01
2.834643727214993247e-01
2.839526420483431401e-01
2.844206477850048653e-01
2.848493037396763738e-01
2.852657799429799135e-01
2.856425351503378840e-01
2.860031818367398948e-01
2.863239531323886755e-01
2.866106623574268819e-01
2.868681863806380461e-01
2.870887107178777820e-01
2.872782053052919671e-01
2.874311242399082422e-01
2.875463149054386935e-01
2.876296039419900530e-01
2.876823465991165119e-01
