-4.000032433758902717e-01
-4.000032593047609941e-01
-4.017459685206716813e-01
-4.016513557125441780e-01
-4.014377736000777075e-01
-4.011787487693234677e-01
-4.008706941529128209e-01
-4.005978455331066779e-01
-4.003733265504345051e-01
-4.001438722192325326e-01
-3.998858526151288229e-01
-3.997200193695763515e-01
-3.995176890974707073e-01
-3.993342032280473020e-01
-3.991691295223288027e-01
-3.990058232057425713e-01
-3.988433381182197035e-01
-4.007829781592577856e-01
-4.027354981963174874e-01
-4.046673516612213084e-01
-4.065957183234467087e-01
-4.085213881677715597e-01
-4.103882889501277997e-01
-4.122673849872737772e-01
-4.141519392583120629e-01
-4.159948514992622415e-01
-4.178740125845273323e-01
-4.197702563363291950e-01
-4.216486190229418174e-01
-4.234966133574080693e-01
-4.253519985515565316e-01
-4.272646815374005480e-01
-4.292125886671112056e-01
-4.311518771433869301e-01
-4.331049323076964774e-01
-4.350579732818055101e-01
-4.370276515139530082e-01
-4.389798229094379334e-01
-4.408645139318396189e-01
-4.427632660151594179e-01
-4.446370425565980833e-01
-4.465077282821167670e-01
-4.483839841709768015e-01
-4.502551147619887617e-01
-4.521320584517725671e-01
-4.539857455199224900e-01
-4.558352891408494756e-01
-4.577048638840992001e-01
-4.595741190808519949e-01
-4.614453277756092597e-01
-4.633209748612932000e-01
-4.651888201730856598e-01
-4.670618173918835714e-01
-4.689274858329289808e-01
-4.707818044264912016e-01
-4.726519502212958024e-01
-4.745571043791817489e-01
-4.764603328922080161e-01
-4.783629942135327329e-01
-4.802668658840166249e-01
-4.821731867806537952e-01
-4.840796996316645839e-01
-4.859863624492883893e-01
-4.878931389757985015e-01
-4.897999986865692046e-01
-4.917069164661952430e-01
-4.936138655681628351e-01
-4.955208324378507223e-01
-4.974278142207600450e-01
-4.993348034272059865e-01
-5.012417947769842730e-01
-5.031487905395536364e-01
-5.050557891630037544e-01
-5.069627810589109052e-01
-5.088697850564093406e-01
-5.107767914064749171e-01
-5.126837991553542251e-01
-5.145908075162436424e-01
-5.164978159297296534e-01
-5.184048312928047908e-01
-5.203118504885481110e-01
-5.222188699404317624e-01
-5.241258863526200296e-01
-5.260328955877228152e-01
-5.279398960093005799e-01
-5.298468925104775629e-01
-5.317538779659045645e-01
-5.336365141195499318e-01
-5.354949969320069725e-01
-5.373377653949854560e-01
-5.410021423749713509e-01
1.999967898373445907e-01
1.999967738486753133e-01
1.979549560670037511e-01
1.974936603674042057e-01
1.970691216045173666e-01
1.966234447654508222e-01
1.961957709590715637e-01
1.958091515118789427e-01
1.954248180067148233e-01
1.950044050393276440e-01
1.935284882032189124e-01
1.920009856023935924e-01
1.904675811946521524e-01
1.889821386660106017e-01
1.875665037883192388e-01
1.861182256097531351e-01
1.847658774229375966e-01
1.833428669785253928e-01
1.821019234678982746e-01
1.807470309522906382e-01
1.795451048346892731e-01
1.783264079997361473e-01
1.770764375063836882e-01
1.759575197579096861e-01
1.748309261530056613e-01
1.737273278177771940e-01
1.725089093711479615e-01
1.713086019886993216e-01
1.700500456466403354e-01
1.688134042619689190e-01
1.675786721989343531e-01
1.663505862254028023e-01
1.651454724980782884e-01
1.639873761044601808e-01
1.628420160507596248e-01
1.617471171590143808e-01
1.607190912036841890e-01
1.597512309108777007e-01
1.588176691645113991e-01
1.580398282141091959e-01
1.573214934744149029e-01
1.566587990649918327e-01
1.561340469995369518e-01
1.557194665181665105e-01
1.554663724466480157e-01
1.553171654433592452e-01
1.552047837149353182e-01
1.551197136267884746e-01
1.550719080561323016e-01
1.550430408416558214e-01
1.550348443591804959e-01
1.550464804639048733e-01
1.550794202325782856e-01
1.551355218976732953e-01
1.552197309071177422e-01
1.553270201415942187e-01
1.554958969120270595e-01
1.556885696447397882e-01
1.559553807364650324e-01
1.562985236147077517e-01
1.566982617107536280e-01
1.572715234789092975e-01
1.578800804719444895e-01
1.585866291640190273e-01
1.594622016173956880e-01
1.603584043424908789e-01
1.613855890457968345e-01
1.624958296290802129e-01
1.636973982862275079e-01
1.648978653728867261e-01
1.661549867407613179e-01
1.674428254519724213e-01
1.687508066875211543e-01
1.700997988515655646e-01
1.714575931939247011e-01
1.728115413802923384e-01
1.742187243853773881e-01
1.756860810725751898e-01
1.771621139693931313e-01
1.787519977687329897e-01
1.803791019043155808e-01
1.820571835936470040e-01
1.837958592970890259e-01
1.855963424053883870e-01
1.873854005299844527e-01
1.892385593403376476e-01
1.911336253755181458e-01
1.930362786748057446e-01
1.949431342719392390e-01
1.968683089984792911e-01
1.988158057692173408e-01
2.008126932976372070e-01
2.027804993149178447e-01
2.047610105158544913e-01
2.067634819203682250e-01
2.087641963887641727e-01
2.107858814336303344e-01
2.128142820520118328e-01
2.148718561330282273e-01
2.169631185547019891e-01
2.190383828349632411e-01
2.211435715423257509e-01
2.232233660184617108e-01
2.253411282023262685e-01
2.274705565770994975e-01
2.295977757033258460e-01
2.317025305521117351e-01
2.338029049731233378e-01
2.358831775297138000e-01
2.401073450734785841e-01
