-3.115129161972298370e-06
-3.131138063579974979e-06
-1.480007445727202523e-03
-1.226118739143258318e-03
-9.498163037390698398e-04
-7.521854509289390952e-04
-5.595546017735816792e-04
-4.680054327282448545e-04
-4.780388624286335190e-04
-5.274310685213032951e-04
-8.399059065716816055e-04
-9.615805932551998135e-04
-1.151194930829431895e-03
-1.354814159174044363e-03
-1.334117298635266371e-03
-1.181740666026781603e-03
-8.677800119264387482e-04
-5.472310287662081850e-04
-2.353068850247592211e-04
8.442893729630429026e-05
3.712899660615749903e-04
6.180331864130827069e-04
8.470441550236950832e-04
1.052841877924051489e-03
1.230617603574433961e-03
1.386332054763964733e-03
1.498738022686257713e-03
1.597364158979326437e-03
1.678020782722036176e-03
1.728968644438464829e-03
1.752370414232742564e-03
1.749526320817927074e-03
1.727875799800910207e-03
1.679142084876101377e-03
1.600443994186997489e-03
1.488995076962665309e-03
1.349984593926073506e-03
1.184486952510093154e-03
9.993298658522266949e-04
7.844084336839777290e-04
5.593022414258533954e-04
3.158505374610226339e-04
5.388074901537700362e-05
-2.084041739812359992e-04
-4.514335334569181783e-04
-7.080810984869365414e-04
-9.738626958125763200e-04
-1.214193256590378415e-03
-1.474014587966842151e-03
-1.701049512821294595e-03
-1.918413411565636495e-03
-2.109177281780894898e-03
-2.237560727874631211e-03
-2.327386926843987274e-03
-2.308945793218900033e-03
-2.198101751848844949e-03
-1.894722498114782437e-03
-1.462233487017910658e-03
-1.224182751324642566e-03
-9.405961046096988649e-04
-6.489928101423927693e-04
-4.069366633778876644e-04
-6.266215087631028303e-05
4.644639367968994136e-04
8.811403393573211985e-04
1.586329990982814726e-03
2.245080074157950172e-03
2.831993365105396534e-03
3.549384058572742189e-03
4.354654980279911401e-03
5.156251965635329226e-03
6.072293686996040225e-03
7.230943889777076763e-03
8.079235336247483565e-03
9.182790768585059882e-03
1.031112375792336486e-02
1.149773102841485442e-02
1.291151242881351940e-02
1.410813118370472623e-02
1.553938655764914266e-02
1.698637335866260215e-02
1.857347132304795756e-02
2.005945271638445715e-02
2.151617077247143517e-02
2.306719871806532304e-02
2.464620301068435118e-02
2.616414460589679136e-02
2.771796546277474974e-02
2.920703117250691982e-02
3.090603280717100707e-02
3.268165205589413508e-02
3.452122373918167092e-02
3.641757182603361231e-02
3.830871517320175862e-02
4.015833707491048288e-02
4.210593914246565234e-02
4.408828845118865219e-02
4.614260220117414463e-02
4.815228052473465720e-02
5.020107676381587586e-02
5.224552083404646746e-02
5.430900356633727721e-02
5.635944067156548054e-02
5.835723459697415155e-02
6.030999814083878169e-02
6.226057192794226536e-02
6.425089473869953494e-02
6.620272850199171444e-02
6.817406091923686184e-02
7.018010185590806138e-02
7.218686201708009176e-02
7.418220841219894113e-02
7.618013533939606285e-02
7.814728106164656185e-02
8.012611831472048196e-02
8.211901312932168295e-02
8.411287451013582661e-02
8.610042298320337573e-02
8.806396791833415172e-02
9.011143690195139166e-02
9.216942293637320205e-02
9.421554673995891083e-02
9.627030799893131208e-02
9.826163702565859914e-02
1.001439505503124577e-01
1.019620016652019873e-01
1.038852973003631386e-01
1.057634988933608133e-01
1.076545643133531432e-01
1.095034377359755950e-01
1.112033549063433935e-01
1.129623702833304905e-01
1.146275916696638253e-01
1.162968709948778850e-01
1.178109536178399142e-01
1.194771524760973175e-01
1.211470447100925496e-01
1.226689944947077920e-01
1.241903533661491699e-01
1.256185558748388609e-01
1.269626179614449790e-01
1.281421164371595589e-01
1.292483392596187330e-01
1.303169297112485858e-01
1.314832629476394288e-01
1.325800992179830828e-01
1.337703644104481782e-01
1.350997242095436646e-01
1.364657207226760149e-01
1.379945200590312337e-01
1.395567742042178871e-01
1.411374776596500957e-01
1.427285320483535069e-01
1.443674292512802382e-01
1.460386220815466651e-01
1.477219559205903421e-01
1.494993538421083568e-01
1.511738000792029191e-01
1.528485214081003185e-01
1.545939164916210473e-01
1.563522355175114842e-01
1.581307711988090281e-01
1.599569079656440740e-01
1.618337571845273881e-01
1.637314598996084114e-01
1.657491782634868682e-01
1.677699466251729721e-01
1.698082624704456700e-01
1.717412811825717867e-01
1.737375337119764773e-01
1.757767524272726145e-01
1.778145322140997353e-01
1.799628506170747044e-01
1.821053123171845478e-01
1.842081124923186375e-01
1.862663162244473092e-01
1.882729825141947477e-01
1.903461769762872791e-01
1.924155104631398439e-01
1.945471562506598251e-01
1.967331171859399153e-01
1.988892237202217750e-01
2.010768316430770752e-01
2.032754243184440035e-01
