2.123641708848403001e-06
2.139469834598993391e-06
1.465845730769790942e-03
2.487991161646188783e-03
3.537994157235712766e-03
4.659391165874963645e-03
5.827108198733631228e-03
7.100281041526907734e-03
8.383741187234240375e-03
9.704094953001250745e-03
1.100065952248685704e-02
1.240789143388994556e-02
1.377724779512484732e-02
1.517192687058276264e-02
1.654925816338508743e-02
1.805385802818440522e-02
1.945927850036143630e-02
2.094509495437689439e-02
2.253281164467836606e-02
2.415261382926610356e-02
2.590406761467408878e-02
2.767505490936139970e-02
2.956924219617090149e-02
3.104765734443127451e-02
3.231615363849511813e-02
3.367110493382109715e-02
3.519770098976482409e-02
3.657600595310990521e-02
3.768116530511552570e-02
3.889133149825232255e-02
3.993036554931497784e-02
4.110395733996220768e-02
4.240831271983987183e-02
4.323353450031627854e-02
4.405113052936684981e-02
4.489412102806138172e-02
4.565648040996334728e-02
4.638108994575922822e-02
4.713792248057106782e-02
4.791934900509727674e-02
4.869171949849490644e-02
4.939510731383404962e-02
5.019327504314972932e-02
5.096281336207415802e-02
5.187963472635880036e-02
5.266973608345919960e-02
5.361391465361638187e-02
5.478972109941273455e-02
5.598722443665030829e-02
5.684061662932043263e-02
5.840477698092222392e-02
5.983370579380774268e-02
6.129696081585846862e-02
6.353361613456739998e-02
6.583878495250870821e-02
6.814447145129419459e-02
7.045075010821648387e-02
7.275764820576151315e-02
7.506515239584063415e-02
7.737320259815476386e-02
7.968173764698827100e-02
8.199070467381862348e-02
8.430003575108313552e-02
8.660966722975957377e-02
8.891954184844426401e-02
9.122960969856740154e-02
9.353982839868812960e-02
9.585016275167372590e-02
9.816058409157407683e-02
1.004710699440116428e-01
1.027816027825485534e-01
1.050921674110576742e-01
1.074027393736116665e-01
