1.999968540664287531e-01
1.999968380645924804e-01
1.977219784655461776e-01
1.952287713447047879e-01
1.927442191852724029e-01
1.902875801583318593e-01
1.878267013854164058e-01
1.853352233385984760e-01
1.831051919322418953e-01
1.808744643544650810e-01
1.784945102888197410e-01
1.762922072516845684e-01
1.738726069999867729e-01
1.715287438566706069e-01
1.691261963509786970e-01
1.670714579981764925e-01
1.650399389195208733e-01
1.628610975347608292e-01
1.606949223275486449e-01
1.590690399032401448e-01
1.569275989967166274e-01
1.548427721603775065e-01
1.530517754089496529e-01
1.514504876314955450e-01
1.496872967278330968e-01
1.482893735370397204e-01
1.469040497717952476e-01
1.456544906596106692e-01
1.439849217341075682e-01
1.421493141652499514e-01
1.404278440556557539e-01
1.389630449160620951e-01
1.370410215116620867e-01
1.354487196757646339e-01
1.336931012984733380e-01
1.321909367177666883e-01
1.305039809229891490e-01
1.288544006802337938e-01
1.271004709384435105e-01
1.256588361273321963e-01
1.235867680441684463e-01
1.219774913451510956e-01
1.200848744770271342e-01
1.184548048839897255e-01
1.169807881352796092e-01
1.155754728035992968e-01
1.141493303850149160e-01
1.125802669114416982e-01
1.110978211861459175e-01
1.099618065658037325e-01
1.086080761480705675e-01
1.071696583512398576e-01
1.058395605106213500e-01
1.044117373805440313e-01
1.029953767167958584e-01
1.014764454023269202e-01
9.975669027709703485e-02
9.791730019225490522e-02
9.586818168745443736e-02
9.389284294572609879e-02
9.183214697867082832e-02
8.981151471054522883e-02
8.775870529367808814e-02
8.574347694785298957e-02
8.380958509435436354e-02
8.211007446269696919e-02
8.074156758204358020e-02
7.956052089807476302e-02
7.832057625696797754e-02
7.724196352100987095e-02
7.601863503762996965e-02
7.486779868415308070e-02
7.357992282597866640e-02
7.214884771939560071e-02
7.070016770830388209e-02
6.915033143446958075e-02
6.769596269306357716e-02
6.592443069294504077e-02
6.431095660316075990e-02
6.253796047627363519e-02
6.070125991908106172e-02
5.886328052414060985e-02
5.710900659499192067e-02
5.534727374550956619e-02
5.352118300026764697e-02
5.169425514948543937e-02
5.005542653731293729e-02
4.849000081069443358e-02
4.691945973379831741e-02
4.540561350518806244e-02
4.405370791011566090e-02
4.273423273038104431e-02
4.153326446713463682e-02
4.028495441945077749e-02
3.910213227405699710e-02
3.771487682319093343e-02
3.638282228766171605e-02
3.529741768118595940e-02
3.417011662599787891e-02
3.298575283647542378e-02
3.186789346216702817e-02
3.066970406214772696e-02
2.953245893057956581e-02
2.838277384087909555e-02
2.735052234865358381e-02
2.638290440413848179e-02
2.537086645157086637e-02
2.442906292554396230e-02
2.360226267139951817e-02
2.281301566088918611e-02
2.208203818305762636e-02
2.144574358926474092e-02
2.084273516521327127e-02
2.021628625336399990e-02
1.961109647423863594e-02
1.907912371338899363e-02
1.853895557714745762e-02
1.801450458577585900e-02
1.753788294100231543e-02
1.708013500982884236e-02
1.667164512559143191e-02
1.629597739203097334e-02
1.596592814388271206e-02
1.569987856581856606e-02
1.545943114797298894e-02
1.529006381167982362e-02
1.517980182377473564e-02
1.511767792338229895e-02
1.510702205277654649e-02
1.514853357490402591e-02
1.524214002748418631e-02
1.537924391119997042e-02
1.556018593067807869e-02
1.579194244559053301e-02
1.605820407028657471e-02
1.635879744323394044e-02
1.668365940230112990e-02
1.705377967511822329e-02
1.744545259638873372e-02
1.787522958863176775e-02
1.835310037613887765e-02
1.881502639335196070e-02
1.935849616683805313e-02
1.992770655587972409e-02
2.051555563130013846e-02
2.110731866446846280e-02
2.170664323118149872e-02
2.227881824909092381e-02
2.288325923393974906e-02
2.351100964753239514e-02
2.414496114779985866e-02
2.477293790715151892e-02
2.541228128171664144e-02
2.612030675886090406e-02
2.680926788417050885e-02
2.756782944982104008e-02
2.825661221017050986e-02
2.897489639853421950e-02
2.972013540554043973e-02
3.045861039207208368e-02
3.111285306670586934e-02
3.180882476048044888e-02
3.247150518295262994e-02
3.318116845659580677e-02
3.377987450892746407e-02
3.449826489934066515e-02
3.520228387929699720e-02
3.588506734436747170e-02
3.662442905527828890e-02
3.742329356850004896e-02
3.827005008621153087e-02
3.907952192852509610e-02
3.995473137035562144e-02
4.074125407932872867e-02
4.153635736249002008e-02
4.245149522151079463e-02
4.341788618963458163e-02
4.446738481405408672e-02
4.561105891749379221e-02
4.670408097793975893e-02
4.783671521797366877e-02
4.899219499167978970e-02
5.021134859949482471e-02
5.145322833692007880e-02
5.277969762408354915e-02
5.422677975737096034e-02
5.568678560784259823e-02
5.717283797398550749e-02
5.895900835560427544e-02
6.105602602143542917e-02
6.329587900936872735e-02
6.561027053442529400e-02
6.797371084650864759e-02
7.033684195305148212e-02
7.269971426874584364e-02
7.506237738458226838e-02
7.742487605378542415e-02
7.978724941737608267e-02
8.214953076660137798e-02
8.451175820860955257e-02
8.687394857289862382e-02
8.923610892965945507e-02
9.159825192768390745e-02
9.396038670109296831e-02
9.632251949510467481e-02
9.868465419693556173e-02
1.010467928152623540e-01
1.034089417241158132e-01
1.057711071321981305e-01
1.081332858451796997e-01
1.104954740481897263e-01
1.128576674562327409e-01
1.152198616114980811e-01
1.175820520968345884e-01
1.199442344900489288e-01
1.223064029335354658e-01
1.246685697443435242e-01
1.270307317180858209e-01
1.293928870373787232e-01
1.317550205039002276e-01
1.341171229564294687e-01
