-3.673469250930107566e-01
-3.658669104449022713e-01
-3.643822160527083187e-01
-3.631149427713291078e-01
-3.620691683857257259e-01
-3.611295586945290070e-01
-3.604511507524593705e-01
-3.603381974953530076e-01
-3.602774840625918573e-01
-3.603887181233068060e-01
-3.604542987800843368e-01
-3.604976957494067102e-01
-3.605605777228391706e-01
-3.606464554488075236e-01
-3.606945683173500838e-01
-3.607336341664640345e-01
-3.607923365940406968e-01
-3.608903965867696906e-01
-3.609698065994861871e-01
-3.610300583597875757e-01
-3.610763249435764988e-01
-3.611130731413139672e-01
-3.611318033661989890e-01
-3.611459091935397270e-01
-3.611698894823993089e-01
-3.611873725167346061e-01
-3.611994450986714678e-01
-3.612023075812477169e-01
-3.611958384069524075e-01
-3.611970145828257150e-01
-3.611873477537362875e-01
-3.611654181733261471e-01
-3.611309734402098903e-01
-3.610908043182238791e-01
-3.610369173886683880e-01
-3.609545819116778964e-01
-3.608779762601016516e-01
-3.607732804488969491e-01
-3.606524468511909109e-01
-3.605071598199611205e-01
-3.603578056518264017e-01
-3.601823185913868852e-01
-3.599449090542082286e-01
-3.596773370409988013e-01
-3.594113598680587218e-01
-3.609750721553663388e-01
-3.625279551303307590e-01
-3.640708608778885913e-01
-3.656546476209454055e-01
-3.672399720909249043e-01
-3.688369880824545755e-01
-3.704561028875274498e-01
-1.999997164481330525e-01
-1.999997013162407578e-01
-1.998718185940661640e-01
-1.998937574470328327e-01
-1.998964745926626319e-01
-1.998874560776764675e-01
-1.998713903705472694e-01
-1.998444370857273000e-01
-1.998037084617391712e-01
-1.997547053263061256e-01
-1.997024926357174046e-01
-1.996262228446297748e-01
-1.995327265694154806e-01
-1.994360739908927482e-01
-1.993315054629025140e-01
-1.992199938339464516e-01
-1.991193708131460682e-01
-1.989970808904579225e-01
-1.988903636673240161e-01
-1.987624365833118856e-01
-1.986376422520515217e-01
-1.985222338647364970e-01
-1.983799829438696316e-01
-1.999733124075209478e-01
-2.015962747213016770e-01
-2.031520984017010645e-01
-2.046997118832268592e-01
-2.062258305797771973e-01
-2.077282931747549966e-01
-2.092009618127899373e-01
-2.106830838666760852e-01
-2.121164276204345889e-01
-2.135477661065234845e-01
-2.149975969141165733e-01
-2.164510878389010184e-01
-2.178768542690569521e-01
-2.193032097199282826e-01
-2.207340232605146391e-01
-2.221683360952161901e-01
-2.236121917937628212e-01
-2.250645391560769371e-01
-2.265184912881586243e-01
-2.279316965299315600e-01
-2.278112192116705792e-01
-2.276849900285030093e-01
-2.276060312009854092e-01
-2.292679190829363389e-01
-2.309226685697255976e-01
-2.325575004792727329e-01
-2.341725731298809343e-01
-2.357649738290059638e-01
-2.373351835058757631e-01
-2.388699392513231601e-01
-2.404378404427770510e-01
-2.419858787997844762e-01
-2.435326115488184173e-01
-2.450821353674015046e-01
-2.466259297210159906e-01
-2.481525620550631694e-01
-2.496850023766432891e-01
-2.512106515875653368e-01
-2.527346566183849563e-01
-2.542416671004096851e-01
-2.557315446433945927e-01
-2.572050241727374953e-01
-2.571537237332984782e-01
-2.571076640108887479e-01
-2.570451142829420776e-01
-2.587389962113177955e-01
-2.604118891543905079e-01
-2.620798749547303963e-01
-2.637249954600257573e-01
-2.653352096930763349e-01
-2.669362334703340167e-01
-2.685210594440388121e-01
-2.700863767391521453e-01
-2.716802809012699438e-01
-2.732685712253671295e-01
-2.748378607949702457e-01
-2.763956075319259353e-01
-2.779174903055811607e-01
-2.794366876193334903e-01
-2.809256021177006790e-01
-2.824164396524711518e-01
-2.839109178107749321e-01
-2.853854367050359664e-01
-2.868623068642517926e-01
-2.882822150864180477e-01
-2.881012241103549920e-01
-2.879244590151185945e-01
-2.876867144587370584e-01
-2.892671037416952862e-01
-2.908265692072962705e-01
-2.923452025182894931e-01
-2.938541699573446464e-01
-2.953595502904887704e-01
-2.968407412271527601e-01
-2.983441597924892386e-01
-2.998414556592428615e-01
-3.013227832370687365e-01
-3.028143396416545507e-01
-3.042842287044009719e-01
-3.057402042284835808e-01
-3.071699059441438950e-01
-3.086108816176266201e-01
-3.100534978502043071e-01
-3.114718456611601516e-01
-3.128239866520712287e-01
-3.141725634828085312e-01
-3.155309001857744544e-01
-3.169510661244002714e-01
-3.183841779725415377e-01
-3.197961628617658203e-01
-3.212339325318837036e-01
-3.226326272383394089e-01
-3.240268090343041973e-01
-3.254238937918654817e-01
-3.267970308089086506e-01
-3.266461726524925724e-01
-3.264623465829362692e-01
-3.262700031611823204e-01
-3.278815684346378934e-01
-3.295452432908533846e-01
-3.311876145756131318e-01
-3.327903719116536707e-01
-3.344292094133012316e-01
-3.360367919785088864e-01
-3.376646474384092378e-01
-3.392651571213709527e-01
-3.408802727191364568e-01
-3.425297972628134069e-01
-3.441600623066176090e-01
-3.458035282749142847e-01
-3.474627032176670349e-01
-3.490972581009639253e-01
-3.507391601033837958e-01
-3.523825840444737012e-01
-3.540151183477501240e-01
-3.556637796020093445e-01
-3.573188401485839494e-01
-3.589784461266056215e-01
-3.606442636224904130e-01
-3.623104913408790595e-01
-3.639798060094374677e-01
-3.656538230123783650e-01
-3.673281411846381350e-01
-3.689937754136431991e-01
-3.706674864950317838e-01
-3.723413482243623229e-01
-3.740079034343224418e-01
-1.999968586653060876e-01
-1.999968426480377981e-01
-1.980041927916632027e-01
-1.964016879719789610e-01
-1.948113329332654131e-01
-1.931892391358562555e-01
-1.916364800710156080e-01
-1.900954209010367879e-01
-1.885823419153875857e-01
-1.870806274522749113e-01
-1.855220858293925024e-01
-1.839311131831105894e-01
-1.823179316222078294e-01
-1.807033072509866278e-01
-1.791055183514777549e-01
-1.775848429647998439e-01
-1.760954590726236668e-01
-1.746306803324327861e-01
-1.731585478398671996e-01
-1.718020473183855812e-01
-1.704924316290508390e-01
-1.692495601477416456e-01
-1.681316379641199787e-01
-1.669898520899393835e-01
-1.659386559124672311e-01
-1.648834544070479913e-01
-1.638898301073251906e-01
-1.628471337420884513e-01
-1.618051143460964847e-01
-1.607569156671256050e-01
-1.598094737150458911e-01
-1.590028606618945350e-01
-1.589331357391731148e-01
-1.588796162468278095e-01
-1.588285089146814211e-01
-1.587786293466691423e-01
-1.587268195835022933e-01
-1.586721847872561708e-01
-1.586236977974043727e-01
-1.586118504911913640e-01
-1.586173290064220864e-01
-1.586066335678325279e-01
-1.586018575265626951e-01
-1.585639459207505986e-01
-1.585142614987347098e-01
-1.584402347630673447e-01
-1.583432178449912242e-01
-1.582227707985355281e-01
-1.581248470359250813e-01
-1.580177359566508344e-01
-1.579129239559670106e-01
-1.578053029053237688e-01
-1.577155867434600345e-01
-1.575926970511900560e-01
-1.574906489328325165e-01
-1.574116381930292796e-01
-1.573425728004413660e-01
-1.572778215176130479e-01
-1.572147283526955097e-01
-1.572013588413710139e-01
-1.572025255203845506e-01
-1.572316578102236351e-01
-1.572568718968919144e-01
-1.572659036864693938e-01
-1.572661093155213741e-01
-1.572865477487197794e-01
-1.572641175345961539e-01
-1.572379040448905752e-01
-1.572112053046324232e-01
-1.571865033938405765e-01
-1.571751214127149465e-01
-1.571947849888628845e-01
-1.572204948082250586e-01
-1.572609512158313905e-01
-1.572848343713223740e-01
-1.573051325280675761e-01
-1.573238630012459560e-01
-1.573496712697694533e-01
-1.573341015999951131e-01
-1.572907128094364337e-01
-1.572419673861170375e-01
-1.572157669614555053e-01
-1.571721840524925584e-01
-1.571101896155676914e-01
-1.570572692429753059e-01
-1.570044142185578195e-01
-1.569650530660910426e-01
-1.569523104837422245e-01
-1.569481060459562705e-01
-1.569365545283370467e-01
-1.569316030940451356e-01
-1.569241665086267834e-01
-1.569302921836439602e-01
-1.569366008663028444e-01
-1.569344892563312721e-01
-1.569456686845258631e-01
-1.569595222211618291e-01
-1.569744930687402285e-01
-1.569713567495366613e-01
-1.569736075421985233e-01
-1.569648970534927579e-01
-1.569576446567115535e-01
-1.569657012203694024e-01
-1.569978422558767628e-01
-1.570004490373251849e-01
-1.570204875911499209e-01
-1.570607227783005211e-01
-1.570907928823762345e-01
-1.571160481513503016e-01
-1.571323383904562887e-01
-1.571299138443996990e-01
-1.571160226947954097e-01
-1.571081211818306789e-01
-1.570936728556662221e-01
-1.570918747943882421e-01
-1.570741074982934804e-01
-1.570499215420916861e-01
-1.570411620061946123e-01
-1.570317245486814450e-01
-1.570326360811927224e-01
-1.570441057480602420e-01
-1.570639388435309258e-01
-1.571146527259822678e-01
-1.571837437792483194e-01
-1.572525763572736324e-01
-1.573296375935329394e-01
-1.573955708164425649e-01
-1.574817763439074203e-01
-1.575772518027259983e-01
-1.576683516898766402e-01
-1.577402403545308807e-01
-1.578041036624256710e-01
-1.578775352506875673e-01
-1.579612009429262054e-01
-1.580382928352676297e-01
-1.581260422836906210e-01
-1.582191171997225088e-01
-1.583205160625903718e-01
-1.584225491532628982e-01
-1.585264283432128440e-01
-1.586260969406240173e-01
-1.587123000309813015e-01
-1.588177389079402091e-01
-1.589154023724727582e-01
-1.590085429300849562e-01
-1.590917216235359921e-01
-1.591722192256553592e-01
-1.592415668084997959e-01
-1.593125107002525687e-01
-1.593776916345663597e-01
-1.594228810498655446e-01
-1.594535512092365159e-01
-1.594806902558022488e-01
-1.595092676211059823e-01
-1.595442138660945752e-01
-1.595720436124134778e-01
-1.596037129441379709e-01
-1.596265199305447191e-01
-1.596467247426456570e-01
-1.596679480186237177e-01
-1.596879544935342343e-01
-1.597100973285438263e-01
-1.597326913998606268e-01
-1.597523364752133634e-01
-1.597775800261645174e-01
-1.598023415466494068e-01
-1.598229359428572360e-01
-1.598486428495682898e-01
-1.598772113461816857e-01
-1.599047194758536072e-01
-1.599364137209673131e-01
-1.599678751103572882e-01
-1.600031456915904648e-01
-1.600380154407244626e-01
-1.600738145294932357e-01
-1.601061222431514608e-01
-1.601433701046922897e-01
-1.601837671630049198e-01
-1.602261891689348017e-01
-1.602637849468468711e-01
-1.603014141226555000e-01
-1.603351603179912210e-01
-1.603676064712932503e-01
-1.603952898148921224e-01
-1.604226766155301964e-01
-1.604497527239091836e-01
-1.604705839501136266e-01
-1.604951926017922914e-01
-1.605149944351260960e-01
-1.605346602301541692e-01
-1.605501749102825892e-01
-1.605619342706059993e-01
-1.605705284583935633e-01
-1.605808485960637799e-01
-1.605936290867726046e-01
-1.606065364645314630e-01
-1.606187019200855104e-01
-1.606296682145853250e-01
-1.606373596800580728e-01
-1.606447271151195955e-01
-1.606512840360228567e-01
-1.606565144485275765e-01
-1.606606926574080663e-01
-1.606628495391758948e-01
-1.606634427979330426e-01
-1.606633493024179349e-01
-1.606634645048434507e-01
-1.606631743660475176e-01
-1.606626223013605526e-01
-1.606624867663344891e-01
-1.606607996054794374e-01
-1.606562036072861632e-01
-1.606537837007890601e-01
-1.606519989460515052e-01
-1.606487841976438902e-01
-1.606419751001320340e-01
-1.606353863542913374e-01
-1.606251016654867692e-01
-1.606148319809358738e-01
-1.606062026623456818e-01
-1.605996873441799810e-01
-1.605887688970535354e-01
-1.605798509320078005e-01
-1.605728976534827324e-01
-1.605598528735489305e-01
-1.605459904244418701e-01
-1.605217787107539040e-01
-1.604969253947181873e-01
-1.604754341772563486e-01
-1.604495611822796819e-01
-1.604203366139487219e-01
-1.603919017834839200e-01
-1.603638669889418666e-01
-1.603313886804321742e-01
-1.602931661585430823e-01
-1.602621597267276654e-01
-1.602213872955856044e-01
-1.601860554542449411e-01
-1.601555061782915512e-01
-1.601274019399113457e-01
-1.601034155448469998e-01
-1.600686663775746366e-01
-1.600366290181289841e-01
-1.600073697824403174e-01
-1.599738344023867165e-01
-1.599402145407289311e-01
-1.599262191340136974e-01
-1.599244516866271393e-01
-1.599259436490199637e-01
-1.599191793655883043e-01
-1.599128862366625548e-01
-1.599076337707126816e-01
-1.599064669898220825e-01
-1.598994812106565577e-01
-1.598918690675772969e-01
-1.598983495852422387e-01
-1.599069455809976614e-01
-1.599185283994162543e-01
-1.599360117140246063e-01
-1.599691851966789924e-01
-1.599903836159071446e-01
-1.599980520572575060e-01
-1.599935136825395843e-01
-1.600024368497736660e-01
-1.600200445937733640e-01
-1.600558590816103799e-01
-1.600740828793142945e-01
-1.600948028917925925e-01
-1.601121739718088521e-01
-1.601496229091730339e-01
-1.601804036901589567e-01
-1.601875933329249269e-01
-1.601610360962651414e-01
-1.601395969367218897e-01
-1.601112080018645134e-01
-1.600464240352215683e-01
-1.599572080025257192e-01
-1.598640554286667181e-01
-1.597730086622480561e-01
-1.596908181830852536e-01
-1.596111579006113113e-01
-1.595050271513453188e-01
-1.593735343828271422e-01
-1.592283384380088762e-01
-1.591195588993085941e-01
-1.590226663234602100e-01
-1.588783345372558331e-01
-1.587804148237946522e-01
-1.586822278926851570e-01
-1.585672187407483613e-01
-1.584404448014966327e-01
-1.583616099296526469e-01
-1.582656245978964482e-01
-1.581295724604967756e-01
-1.579724151097142149e-01
-1.578004583341212075e-01
-1.576409825088084804e-01
-1.575150520916963615e-01
-1.574109882514555525e-01
-1.572643926627491084e-01
-1.571634981329170511e-01
-1.570539949485897091e-01
-1.569234691986085561e-01
-1.568391711195541161e-01
-1.567720256063886708e-01
-1.567174137036463910e-01
-1.566329745534329188e-01
-1.565323727167658163e-01
-1.564010324294268228e-01
-1.562870058313506338e-01
-1.561958596961756929e-01
-1.561132315099520440e-01
-1.560092890528665954e-01
-1.559118707842055140e-01
-1.558157557280692995e-01
-1.557162379100450467e-01
-1.556313811439657968e-01
-1.555515119712017891e-01
-1.554575720295839625e-01
-1.553551988697496611e-01
-1.552734384685805491e-01
-1.551898053995561522e-01
-1.550772179387241989e-01
-1.549780819143546651e-01
-1.548661287095911276e-01
-1.547697094910071014e-01
-1.546350972896813891e-01
-1.545215240258659972e-01
-1.544043463808733030e-01
-1.542658958265803737e-01
-1.541000246069427482e-01
-1.539165140557832434e-01
-1.537991414352589958e-01
-1.537073076875573596e-01
-1.536070608760908285e-01
-1.534943311908966712e-01
-1.533947185815597580e-01
-1.532790274407779540e-01
-1.531590030283780102e-01
-1.530432128087869381e-01
-1.528921502415336586e-01
-1.527765530721697795e-01
-1.526290089432963959e-01
-1.524742296317765089e-01
-1.523365333348787320e-01
-1.522208711475170617e-01
-1.521656580990199958e-01
-1.520788460999688285e-01
-1.519634452278918191e-01
-1.518907112657135461e-01
-1.517999123584707066e-01
-1.517305492741325146e-01
-1.516745643356821882e-01
-1.516251877968640971e-01
-1.515715877750493379e-01
-1.514904679736188697e-01
-1.514031940983932845e-01
-1.513099627648390733e-01
-1.511817310947943527e-01
-1.510661683950053624e-01
-1.509533725903298984e-01
-1.508599817994286107e-01
-1.507367056989753207e-01
-1.505420475755692433e-01
-1.503780837309627028e-01
-1.502050296188847112e-01
-1.500705529077443201e-01
-1.499410262929317672e-01
-1.498094457390619083e-01
-1.496490353874247170e-01
-1.495188354783159035e-01
-1.493783156064131534e-01
-1.492633452740463607e-01
-1.491717604874651937e-01
-1.490626068310388908e-01
-1.489696206389939104e-01
-1.488934388881862636e-01
-1.488051896867586821e-01
-1.487180298062147632e-01
-1.486973841311437783e-01
-1.486675057012454282e-01
-1.486474772347518014e-01
-1.486409970156890858e-01
-1.486339593452644658e-01
-1.486522159244983432e-01
-1.487030608984586111e-01
-1.487453020206569443e-01
-1.487370267643382538e-01
-1.487109530922368916e-01
-1.486685921189918602e-01
-1.485934668282959947e-01
-1.484867256706237371e-01
-1.483876398187362056e-01
-1.482788056028883916e-01
-1.481421991718495645e-01
-1.480206323172680583e-01
-1.479018616347355930e-01
-1.477794325096919159e-01
-1.476792547439217118e-01
-1.475731362603660834e-01
-1.474870780983258411e-01
-1.473666398392301236e-01
-1.472926318485124342e-01
-1.472206998934690869e-01
-1.471381028452322104e-01
-1.470820881439651173e-01
-1.470368434383993728e-01
-1.469883552342912958e-01
-1.468845227208096238e-01
-1.467577725277565970e-01
-1.466318918166542029e-01
-1.467887131438787574e-01
-1.468063256804495176e-01
-1.468565584985293271e-01
-1.469137411731927800e-01
-1.471084622285655508e-01
-1.475462377801332048e-01
-1.481055930384074237e-01
-1.486168009213307273e-01
-1.494461755118106916e-01
-1.503941771145231310e-01
-1.513996637033082904e-01
-1.529251212538498550e-01
-1.543241980297283822e-01
-1.556024339462797890e-01
-1.568542771027162108e-01
-1.581257269065289017e-01
-1.595037828407161185e-01
-1.608213700937201618e-01
-1.624697038092073609e-01
-1.638038776296363019e-01
-1.651882825022892298e-01
-1.665693321211962896e-01
-1.677677053623493064e-01
-1.690664188657206024e-01
-1.695174843765405448e-01
-1.697619935505748356e-01
-1.701093377978588617e-01
-1.703665674522714946e-01
-1.705765163596822676e-01
-1.707084497156438618e-01
-1.710761722348276559e-01
-1.713189976692640892e-01
-1.717641867619557894e-01
-1.723210652777160123e-01
-1.731546056196018035e-01
-1.738933774720853587e-01
-1.746774356375623005e-01
-1.754487487284933644e-01
-1.762956932216506456e-01
-1.770755335588253820e-01
-1.779045755810977347e-01
-1.788117465370809289e-01
-1.797247354087656290e-01
-1.806245521931272302e-01
-1.815059283748474972e-01
-1.823674135205126667e-01
-1.831614566475942008e-01
-1.839337144623220122e-01
-1.846844349920086503e-01
-1.854212140891215443e-01
-1.861324963291001722e-01
-1.868125607422225776e-01
-1.874421963893625476e-01
-1.880423218919572981e-01
-1.886252794951105705e-01
-1.891667622403669646e-01
-1.896874331858419693e-01
-1.901810997615331622e-01
-1.906468914643826007e-01
-1.910870327420975956e-01
-1.914961006649075481e-01
-1.918739114501970822e-01
-1.922202679811324810e-01
-1.925342584869517981e-01
-1.928247880601746678e-01
-1.930840857120310616e-01
-1.933125178105284669e-01
-1.935073720814174114e-01
-1.936729140410497485e-01
-1.938140411932853246e-01
-1.939325295001078642e-01
-1.940286383045857765e-01
-1.940961862599000498e-01
-1.941399507981785011e-01
-1.941556832229479612e-01
-1.941466921976770788e-01
-1.941144000118137092e-01
-1.940565140264077226e-01
-1.939692244395659626e-01
-1.938560349167396391e-01
-1.937146183122268328e-01
-1.935483019655528381e-01
-1.933518523685283652e-01
-1.931306077941514487e-01
-1.928856871574101961e-01
-1.926174600991598929e-01
-1.923208967092893129e-01
-1.920032468481793486e-01
-1.916700512649351096e-01
-1.912936414129262630e-01
-1.908814959602151695e-01
-1.904486947373646155e-01
-1.899859219059949755e-01
-1.894947405385650485e-01
-1.889815731525567866e-01
-1.884535038657958461e-01
-1.878945438508312638e-01
-1.873130669847590801e-01
-1.867035460123453172e-01
-1.860670655397947681e-01
-1.854023305150311884e-01
-1.847121067281634610e-01
-1.840140949524149416e-01
-1.833073862389821562e-01
-1.825766551459422904e-01
-1.818109518556137172e-01
-1.810195841838283803e-01
-1.802073802584712170e-01
-1.793938458811134840e-01
-1.785657578122249456e-01
-1.777591377636623948e-01
-1.769546044701054144e-01
-1.761150146526258842e-01
-1.752514652013612562e-01
-1.743587093845563596e-01
-1.734212264949284155e-01
-1.724755992128643445e-01
-1.715234780013740468e-01
-1.705719423885946606e-01
-1.696083122443677038e-01
-1.686388164724412497e-01
-1.676811932583514020e-01
-1.667168778020602371e-01
-1.657277848649489904e-01
-1.647024778187986815e-01
-1.636713356217175119e-01
-1.626171185785664497e-01
-1.616103778087550902e-01
-1.605548027209559303e-01
-1.594760126860590432e-01
-1.584238990755372500e-01
-1.574236884793116797e-01
-1.564062603147449715e-01
-1.553468789175294074e-01
-1.542264844941619584e-01
-1.531141483345380139e-01
-1.519959234477634147e-01
-1.508696202411177467e-01
-1.497205932289140395e-01
-1.486076448991731080e-01
-1.474735726378247069e-01
-1.462503853033688406e-01
-1.451257699329773776e-01
-1.438712455319381966e-01
-1.425899058682833787e-01
-1.413044938738089729e-01
-1.400408205041469289e-01
-1.388909988777259352e-01
-1.376920241660600785e-01
-1.363595897168057292e-01
-1.351403621444427494e-01
-1.338105415492461259e-01
-1.324839142670492798e-01
-1.311108187884960086e-01
-1.297304279776507197e-01
-1.282806302812090071e-01
-1.268686651732028325e-01
-1.254379540050972464e-01
-1.240093929404203349e-01
-1.225398554040112442e-01
-1.210416080291679131e-01
-1.195222208869568259e-01
-1.179644201392531788e-01
-1.164027313290495608e-01
-1.148182198803821830e-01
-1.131850227956654326e-01
-1.115865295921380784e-01
-1.099420087038910643e-01
-1.082915689641967549e-01
-1.066141498296987178e-01
-1.049360406136964768e-01
-1.032250892259555242e-01
-1.015226704758210169e-01
-9.981365475642101082e-02
-9.812157989296305116e-02
-9.633783574488030688e-02
-9.460005240623675649e-02
-9.288877200745633556e-02
-9.117891701398987692e-02
-8.944213884283569449e-02
-8.770029748109535450e-02
-8.593997295238922640e-02
-8.416244247070654716e-02
-8.240993273682098441e-02
-8.059722774402841572e-02
-7.877557681904824582e-02
-7.695731045769012291e-02
-7.511539368750859424e-02
-7.333616269529016907e-02
-7.150654903164024856e-02
-6.966550554348387159e-02
-6.779336552784472059e-02
-6.593380236064330657e-02
-6.402198992298849256e-02
-6.210984293229718234e-02
-6.014050474285421999e-02
-5.818879797902212075e-02
-5.621904111521072722e-02
-5.434923387345103052e-02
-5.238098493297672908e-02
-5.040343326545716762e-02
-4.846531329601122540e-02
-4.652313509017945437e-02
-4.454306289165164273e-02
-4.256983379567379211e-02
-4.053497076263498644e-02
-3.848846528874361184e-02
-3.656674702003517158e-02
-3.458525180888103595e-02
-3.260649098409838104e-02
-3.061614592142600233e-02
-2.862313591750243261e-02
-2.661226371350567180e-02
-2.462715670813190802e-02
-2.266348101755133806e-02
-2.066815137284918821e-02
-1.869203293030242616e-02
-1.678450347444058674e-02
-1.487721322201921922e-02
-1.289327069744612697e-02
-1.097723749631681137e-02
-9.132729287479801270e-03
-7.258922601517290088e-03
-5.522342469389314272e-03
-3.821946181205102249e-03
-2.144553931557241933e-03
-5.267126226235441201e-04
8.847055921131653095e-04
2.404567285680201099e-03
4.003451276521968402e-03
5.523194718252671248e-03
7.125016955545250205e-03
8.692282361762518339e-03
1.027118436592061937e-02
1.191198881067401932e-02
1.354397480047585950e-02
1.524442482364904775e-02
1.693967524842365791e-02
1.860234710868184649e-02
2.026047360784344331e-02
2.185683131752761549e-02
2.339373767528424297e-02
2.491189372868881508e-02
2.636359580337315975e-02
2.761948024502368371e-02
2.900718126371398808e-02
3.033585091378970464e-02
3.171427808793077924e-02
3.318391309983376863e-02
3.470754786000384423e-02
3.620730087215754539e-02
3.771350986046285297e-02
3.910308110288419209e-02
4.050718983215632896e-02
4.176018819607606875e-02
4.310440762043393076e-02
4.436423268936597053e-02
4.563132433517525649e-02
4.681445711668466569e-02
4.796812867450432616e-02
4.908816290370474067e-02
5.033443963314458008e-02
5.151276632068402944e-02
5.284041459543242780e-02
5.428692607140804538e-02
5.570138076122622961e-02
5.713669487321439838e-02
5.856075841321958797e-02
5.996543025499877222e-02
6.134586202054916754e-02
6.272562048202665053e-02
6.410289389992780695e-02
6.546106525401526599e-02
6.683326644300734143e-02
6.821236973343247634e-02
6.958252888871539754e-02
7.095138598085130865e-02
7.229660910428711840e-02
7.363566499213713978e-02
7.495719103940882977e-02
7.626291511770509624e-02
7.755872228753171727e-02
7.884278585644521886e-02
8.012867450598191998e-02
8.140868681752504166e-02
8.269343843228245394e-02
8.397842040854852641e-02
8.525142307967956135e-02
8.652410665124490863e-02
8.779491206034462092e-02
8.905821831336398209e-02
9.032652727575100904e-02
9.159699753623622154e-02
9.285806698952313309e-02
9.411035539239209768e-02
9.536344281518752131e-02
9.661453346936592357e-02
9.786193253013976412e-02
9.911092947505444062e-02
1.003726327326950191e-01
1.016188211340332131e-01
1.028661791396745795e-01
1.040964621955356717e-01
1.053243272938576836e-01
1.065380352648848256e-01
1.077359696337893136e-01
1.089275033637627788e-01
1.101226607212745234e-01
1.112994158631013947e-01
1.124566057587255141e-01
1.136069304608313818e-01
1.147550322272990198e-01
1.158871775340489796e-01
1.170137358608474287e-01
1.181232743185152145e-01
1.191863277375227875e-01
1.201335714721025183e-01
1.208792596562597854e-01
1.213944698883660800e-01
1.215896943187441820e-01
1.217189883405705025e-01
1.217985563233910246e-01
1.218597443656152940e-01
1.218902302123775899e-01
1.219133010779374776e-01
1.219304807467285340e-01
1.219321563859301488e-01
1.219325961528876512e-01
1.219295116231527976e-01
1.219290023935680201e-01
1.219249662232468057e-01
1.219114453628282468e-01
1.218932398902480424e-01
1.218646686639146687e-01
1.218136376915900099e-01
1.217481173834594338e-01
1.216777870731385602e-01
1.215893135689173205e-01
1.215081326395286154e-01
1.214126453234341263e-01
1.213018032988546629e-01
1.212064783368405479e-01
1.211243689732026813e-01
1.210658299875194688e-01
1.201900141476570788e-01
1.190991249460670726e-01
1.179618025301939765e-01
1.168075571282912589e-01
1.157796266309499833e-01
1.148082806032166003e-01
1.139152864093573442e-01
1.130219027615653321e-01
1.119996671969040319e-01
1.109204791677261964e-01
1.096902556760611380e-01
1.083873696105322887e-01
1.070196696052551633e-01
1.054714649491293038e-01
1.039318508028537619e-01
1.022186212319061843e-01
1.004854489157556985e-01
9.877805634755859598e-02
9.707506286032943632e-02
9.523018835331097109e-02
9.339460964723218794e-02
9.155757233018579910e-02
8.977045754372359188e-02
8.828689732912414767e-02
8.653862077033970535e-02
8.505032298066921015e-02
8.361221145086254747e-02
8.236024488951386446e-02
8.128396713151291031e-02
8.014521688085453344e-02
7.944020406934644563e-02
7.842567573505519751e-02
7.773264494811425729e-02
7.694502903828215334e-02
7.615528179786817953e-02
7.500990374429156171e-02
7.390359166720096573e-02
7.275345420401502228e-02
7.155062501305652078e-02
7.040789131773847465e-02
6.934036371246701802e-02
6.826837404335732440e-02
6.725101611843653515e-02
6.618881358371288270e-02
6.521740267128835200e-02
6.424821785869773427e-02
6.334671086023668796e-02
6.248195307675822457e-02
6.167309370394917500e-02
6.088316744101442829e-02
6.012466486919314235e-02
5.940670697891135138e-02
5.873205352504683174e-02
5.807603948994505966e-02
5.746535326573374430e-02
5.689147830558319296e-02
5.636563005377501212e-02
5.588259738765039009e-02
5.543857603288793179e-02
5.505430950762841419e-02
5.472414982374852049e-02
5.445601392793369966e-02
5.424105102900995956e-02
5.407743109623076166e-02
5.396715441400683905e-02
5.390954669065749910e-02
5.390464847535120230e-02
5.395012343994268211e-02
5.405014224474685713e-02
5.420490511879360457e-02
5.441587317997986784e-02
5.467727993003838188e-02
5.499720015548523189e-02
5.536530883578594936e-02
5.578294584252560528e-02
5.625193162259706919e-02
5.677005617043345137e-02
5.733020406904482114e-02
5.793965289507000543e-02
5.860164756182322660e-02
5.928958124967293603e-02
6.000133267776677770e-02
6.077406431853494412e-02
6.157493134138600221e-02
6.244673553360660656e-02
6.336049200886954835e-02
6.432942104479247303e-02
6.532817757765634059e-02
6.641799678654196348e-02
6.756872632192813255e-02
6.876665096887324413e-02
7.003723468082827253e-02
7.137100001074561662e-02
7.273136617871039933e-02
7.414968386278805723e-02
7.563548977402435869e-02
7.712727518321339792e-02
7.861963683610706521e-02
8.015434976004627565e-02
8.170585348489886601e-02
8.329557813856305892e-02
8.492992142512549580e-02
8.660323195546669461e-02
8.831598883489974461e-02
9.004124747547787022e-02
9.179269896838822274e-02
