3.999976624629899002e-01
3.999976465624320854e-01
3.987764969769904688e-01
3.973926997219432988e-01
3.959284073495565881e-01
3.944396601916793643e-01
3.929296000038703940e-01
3.914188454719911281e-01
3.898423424420145444e-01
3.882701796610572575e-01
3.867135285128665556e-01
3.851557361974646265e-01
3.835723877866670795e-01
3.819673280508262825e-01
3.803481453242668064e-01
3.787258392097136994e-01
3.771296776084533953e-01
3.754969938129884555e-01
3.738531241865978849e-01
3.721213673662716603e-01
3.703270266161722835e-01
3.685080990717222726e-01
3.667032427726177879e-01
3.649350783715585300e-01
3.631221953282297576e-01
3.613182471011527341e-01
3.594950644812708318e-01
3.576123368905086419e-01
3.557380788200720789e-01
3.538803877502577078e-01
3.520228646348856349e-01
3.501858035882149944e-01
3.483239365431818335e-01
3.464195177956367333e-01
3.445026420054700389e-01
3.425702363134530692e-01
3.406060355862093880e-01
3.386209923526528054e-01
3.366062856991566821e-01
3.345253832628132806e-01
3.324273338453590521e-01
3.302594928908191840e-01
3.280573296188736276e-01
3.258512516101094714e-01
3.235847390757963238e-01
3.212887308778718531e-01
3.189673883928980103e-01
3.166590235620179716e-01
