-2.000004459871528029e-01
-2.000004611659585707e-01
-2.002503652222815955e-01
-2.003714811223492875e-01
-2.004204401238716127e-01
-2.004278503884407980e-01
-2.003877367637411644e-01
-2.002757748651236847e-01
-2.001019070012852730e-01
-1.998601228815905240e-01
-1.995771531230837725e-01
-1.993054798164162200e-01
-1.990442483262523377e-01
-1.987309284008000887e-01
-1.984528499767318765e-01
-1.981977074934857808e-01
-1.979246733007768433e-01
-1.976468109792576811e-01
-1.973663559480295648e-01
-1.970752448464578033e-01
-1.967125985542125532e-01
-1.963245422895233683e-01
-1.958872984355942148e-01
-1.954545343381685341e-01
-1.949234429196803897e-01
-1.943488112513357402e-01
-1.936297495772546784e-01
-1.928147160003709226e-01
-1.919183946664204388e-01
-1.909486869800627873e-01
-1.896830339890291095e-01
-1.883440954077156004e-01
-1.868173713435500871e-01
-1.850790958885133453e-01
-1.832662606643349901e-01
-1.813386260280537565e-01
-1.793428182883205768e-01
-1.772773711347606918e-01
-1.751631143567186633e-01
-1.730676666066668368e-01
-1.709575361614342204e-01
-1.688399089898070804e-01
-1.667452197274537917e-01
-1.646105664997455642e-01
-1.624454107284400151e-01
-1.602481870757847815e-01
-1.579856409507771620e-01
-1.557315973228364514e-01
-1.533872900810372697e-01
-1.510147995063001181e-01
-1.485914851173326945e-01
-1.461208225152832718e-01
-1.436176328059777796e-01
-1.411145022412344796e-01
-1.386114382943624823e-01
-1.361084258074404529e-01
-1.336054510415642937e-01
-1.311025033973660103e-01
-1.285995920285483152e-01
-1.260967103042879844e-01
-1.235938512063003286e-01
-1.210910093582453079e-01
-1.185881799486051408e-01
-1.160853602026461207e-01
-1.135825481915081897e-01
-1.110797423491284019e-01
-1.085769273962238352e-01
-1.060740997889167564e-01
-1.035712584035237416e-01
-1.010684023339560311e-01
-9.856553096833585437e-02
-9.606264388036406254e-02
-9.355974477941260414e-02
-9.105683781042957226e-02
-8.855391629462845693e-02
-8.605098158928255192e-02
-8.354803522885535794e-02
-8.104507891100871941e-02
-7.854211447976573723e-02
-7.603914390494434516e-02
-7.353616925780398494e-02
-7.103320110316135860e-02
-6.853021074589206452e-02
-6.602720720386896780e-02
-6.353239312068476030e-02
-6.104666092518993420e-02
-5.854320457533569722e-02
-5.603974344806246510e-02
-5.353631141232689794e-02
-5.103291604963688943e-02
-4.852955290988153481e-02
-4.602618972345837167e-02
-4.352282402558323854e-02
-4.101945351209222018e-02
-3.851607608994800369e-02
-3.601268991348243603e-02
-3.350929340903839593e-02
-3.100588048343407704e-02
-2.850245571738224334e-02
-2.599901996153360442e-02
-2.349557431373461291e-02
-2.099212009684862934e-02
-1.848865883108957373e-02
-1.598519220196471802e-02
-1.348172202488324284e-02
-1.097824134861527176e-02
-8.474747544146116543e-03
-5.971244270545536179e-03
-3.467735352988233263e-03
-9.642247103877805720e-04
1.539283716004072019e-03
4.042786031765552464e-03
6.546278454932145767e-03
9.020269655165334341e-03
1.146826045819546169e-02
1.382345946569979618e-02
1.610865613276636285e-02
1.834885789685969382e-02
2.058321654139970772e-02
2.278736123884122361e-02
2.492795405237006878e-02
2.707053256073755146e-02
2.913839869846779340e-02
3.124262314720756967e-02
3.335110877832110632e-02
3.549018468633208939e-02
3.762076212029440148e-02
3.983166073206233226e-02
4.200513701977014874e-02
4.415529004658625550e-02
4.626304942657352010e-02
4.836916898176763652e-02
5.046644553952502055e-02
5.257546408043351632e-02
5.460518268172717682e-02
5.657264679147198244e-02
5.849010993340544862e-02
6.042912367993934913e-02
6.236070479867120847e-02
6.436838753243498412e-02
6.636401257970128698e-02
6.838258037268589440e-02
7.054189193114353273e-02
7.264100402211007279e-02
7.483984640598211058e-02
7.714476604901171486e-02
7.943271149970156098e-02
8.171428642101684348e-02
8.407139376943886799e-02
8.643099757717616349e-02
8.882187218688084029e-02
9.125243813170397233e-02
9.371385161564683985e-02
9.617590370973937153e-02
9.863848663382673854e-02
