2.000032227346762170e-01
2.000032387090063535e-01
2.019930659791316085e-01
2.031785057987154919e-01
2.041357608462305850e-01
2.053163839604047469e-01
2.063449827291325422e-01
2.076817656029202597e-01
2.090191937318966464e-01
2.103986948494288300e-01
2.116804101557370477e-01
2.126754700388972519e-01
2.134813990936182404e-01
2.143327946113213756e-01
2.149878053498565367e-01
2.155193139076209685e-01
2.160357249284936276e-01
2.165128897334559210e-01
2.169520318080793986e-01
2.173699246922598527e-01
2.178530118816909833e-01
2.183270294269170075e-01
2.188182177190145794e-01
2.192627572979572448e-01
2.197673467349496590e-01
2.202696648945521030e-01
2.208504772770333857e-01
2.214564449506235266e-01
2.220681789889423219e-01
2.226701908231520366e-01
2.233895690601300221e-01
2.240820258232992246e-01
2.248034347917708120e-01
2.255640520857694620e-01
2.263095737221364201e-01
2.270583578719740925e-01
2.277971553303601293e-01
2.285294229224496265e-01
2.292512682765343313e-01
2.299421783816066045e-01
2.306108019827622091e-01
2.312549500252277790e-01
2.318651898209110884e-01
2.324571790708638841e-01
2.330301559165783021e-01
2.335859032630719367e-01
2.341342876613146384e-01
2.346619702700800947e-01
2.351905247207535243e-01
2.357128378172711203e-01
2.362356182461396725e-01
2.367615254777536427e-01
2.372935099685696547e-01
2.378269475106587483e-01
2.383615683023324328e-01
2.388971293899927462e-01
2.394334183509254366e-01
2.399702548809415081e-01
2.405074860271757820e-01
2.410449899966629617e-01
2.415826716705990196e-01
2.421204587930471386e-01
2.426583361358579383e-01
2.431962631751933834e-01
2.437342069567039193e-01
2.442721411864549053e-01
2.448100506420242406e-01
2.453479279806054514e-01
2.458857719485049720e-01
2.464235855035561695e-01
2.469613712028439212e-01
2.474991329476454727e-01
2.480368753702848761e-01
2.485746028676216746e-01
2.491123174067577939e-01
2.496500198734774023e-01
2.501877110720117647e-01
2.507253916903185442e-01
2.512630623015052467e-01
2.518007233883060025e-01
2.523383753805055751e-01
2.528760186959747580e-01
2.534136532351771165e-01
2.539512825150361253e-01
2.544871704587399752e-01
2.550202973153503083e-01
2.555554486249370094e-01
2.560906211728647408e-01
2.566258196130472569e-01
2.571610432296945192e-01
2.576962894544054805e-01
2.582315521650182522e-01
2.587668282228078320e-01
2.593021147168860785e-01
2.598374091242785511e-01
2.603727093981620944e-01
2.609080140025115679e-01
2.614433219038883593e-01
2.619786319379419082e-01
2.625139421299331199e-01
2.630492508451495182e-01
2.635845567785083943e-01
2.641198589375961525e-01
2.646551566223065421e-01
2.651904494030642989e-01
2.657257371002866853e-01
2.662610202982186869e-01
2.667963000951140695e-01
2.673315777122664549e-01
2.678668544505937166e-01
2.684021316521448264e-01
2.689374106658448116e-01
2.694726928169432489e-01
2.700017066694178069e-01
2.705222074712015368e-01
2.710176878058884187e-01
2.714844624721445276e-01
2.719218034174071263e-01
2.723336552440537295e-01
2.727153067936207154e-01
2.730593464263611492e-01
2.733717652668451459e-01
2.736423924390702367e-01
2.738804682228356824e-01
2.740844086182081529e-01
2.742567325356222718e-01
2.743963484213435278e-01
2.745082332565333960e-01
2.745917498387634992e-01
2.746454691684864224e-01
2.746678144868344162e-01
2.746563260734211087e-01
2.746113350471052206e-01
2.745315270201775792e-01
2.744217881247458246e-01
2.742777393751681392e-01
2.740962413332075909e-01
2.738681854989004627e-01
2.735981858340588713e-01
2.732735454689227406e-01
2.729124315585527150e-01
2.725085470521636521e-01
2.720387910293151634e-01
2.715558959942871442e-01
2.710188750294386106e-01
2.704325830368676797e-01
2.698368579566787218e-01
2.692277632837721812e-01
2.685828519002241288e-01
2.679287304073773024e-01
2.672575386906618777e-01
2.665684079538902518e-01
2.658701023766779636e-01
2.651717641143384596e-01
2.644746913976405711e-01
