2.011335610784217576e-01
-1.999984242251446054e-01
-1.999984085961590830e-01
-1.988311011462912392e-01
-1.979499452719643560e-01
-1.969831407376505250e-01
-1.959658271450621658e-01
-1.948898943960159780e-01
-1.937552160301259652e-01
-1.926003414892927257e-01
-1.913583326736475465e-01
-1.900749239073035446e-01
-1.887763686181756217e-01
-1.874788124127999833e-01
-1.861596540352117857e-01
-1.848740198803698886e-01
-1.836070502541477245e-01
-1.823140667644551904e-01
-1.810082896011981635e-01
-1.796822266996233319e-01
-1.784245543898403397e-01
-1.771183568430047817e-01
-1.757701041936838571e-01
-1.743183256661356428e-01
-1.728252741174625962e-01
-1.712571308246322588e-01
-1.695493843516623356e-01
-1.678294074329885199e-01
-1.660293671460994769e-01
-1.641289557787745657e-01
-1.622137571711438353e-01
-1.602194200129896384e-01
-1.582676476597911774e-01
-1.562610470250924977e-01
-1.542706645568049928e-01
-1.522725362723816867e-01
-1.503215929092490688e-01
-1.484266426321708687e-01
-1.466122778302363927e-01
-1.448864701188861126e-01
-1.432210880126413288e-01
-1.415922655574360367e-01
-1.399761857044026780e-01
-1.383216158385188743e-01
-1.367034142315063650e-01
-1.350419393985193839e-01
-1.333480001841237939e-01
-1.316411372715622363e-01
-1.301254212993502579e-01
-1.285284034287745847e-01
-1.274627582010174898e-01
-1.265108224557449090e-01
-1.256867527399810613e-01
-1.248764745032587692e-01
-1.241018248270452096e-01
-1.233909620588423961e-01
-1.227158263236241553e-01
-1.220249029609463826e-01
-1.213433844988626858e-01
-1.206435716135826064e-01
-1.199469320455555515e-01
-1.192363140227828966e-01
-1.185643596261165139e-01
-1.178832514921544228e-01
-1.171857702728619777e-01
-1.165665609445103446e-01
-1.159278138564779626e-01
-1.153054278202818722e-01
-1.146755445585178335e-01
-1.140485404783943973e-01
-1.134310449465741472e-01
-1.127927667973496334e-01
-1.120662249630164364e-01
-1.113073671156982053e-01
-1.104858938098317866e-01
-1.096226317696001318e-01
-1.087547152241442883e-01
-1.079256867085497396e-01
-1.071595325912413077e-01
-1.064377765292700978e-01
-1.057307437669806199e-01
-1.050157299826268709e-01
-1.043281556474671828e-01
-1.036001728146388329e-01
-1.028466711077033330e-01
-1.021211656608163043e-01
-1.013868405968390840e-01
-1.006337049585557530e-01
-9.982577376435509964e-02
-9.903393249559916400e-02
-9.831049644620658279e-02
-9.760540806852711915e-02
-9.687656661937189828e-02
-9.617055159553893062e-02
-9.548804531899988957e-02
-9.477384779643363566e-02
-9.408450652947496218e-02
-9.344792307310970103e-02
-9.281571560024502732e-02
-9.215839515402501902e-02
-9.152140095354188709e-02
-9.087321349433226392e-02
-9.026431843447541015e-02
-8.958822498880826546e-02
-8.897825504753316406e-02
-8.840876324598496983e-02
-8.780670930510316163e-02
-8.713840375441554709e-02
-8.652664421029897246e-02
-8.591792602478610930e-02
-8.525954741378544144e-02
-8.462838084866534938e-02
-8.396862569533676546e-02
-8.333242136892869689e-02
-8.270559914073777330e-02
-8.206704150723338753e-02
-8.150481199476235228e-02
-8.098591437011012917e-02
-8.050084246633597285e-02
-7.998973366306096067e-02
-7.947715524014546673e-02
-7.895066998420371962e-02
-7.840392272381338512e-02
-7.784684945265543665e-02
-7.724805353013139420e-02
-7.669604169516967829e-02
-7.613173821090885030e-02
-7.548608137167014953e-02
-7.486412612460298377e-02
-7.431926224054913321e-02
-7.371357453234726742e-02
-7.310745806265626923e-02
-7.253025656726067028e-02
-7.195180037238879667e-02
-7.141296663929948274e-02
-7.087348920166854083e-02
-7.033410002624915225e-02
-6.972699327953513215e-02
-6.900786236680589436e-02
-6.830904904499283947e-02
-6.757740083103222495e-02
-6.689240384380042148e-02
-6.623629450468698776e-02
-6.559433626106589421e-02
-6.500195737989991618e-02
-6.442514009901968708e-02
-6.393900730120913312e-02
-6.344308286036248745e-02
-6.291931844756563919e-02
-6.234977502676249117e-02
-6.178523337274769572e-02
-6.124409849623444618e-02
-6.070042628978235266e-02
-6.012893814721107649e-02
-5.952178139613184538e-02
-5.882562552659112431e-02
-5.820465446694065431e-02
-5.763781738429271662e-02
-5.708458560403525950e-02
-5.655034094899241692e-02
-5.603374436518865354e-02
-5.556596322385731757e-02
-5.509267444047685064e-02
-5.451845691798604815e-02
-5.388984532304127301e-02
-5.331148055128245855e-02
-5.269588786846290951e-02
-5.205005503164047975e-02
-5.137773405053083081e-02
-5.075449221722942716e-02
-5.009638314083580957e-02
-4.940758747113337124e-02
-4.870018960380162465e-02
-4.801129580401543306e-02
-4.724420521362177744e-02
-4.648455044038878742e-02
-4.573097018446737466e-02
-4.496731541866591519e-02
-4.422712176891087366e-02
-4.344364259381977567e-02
-4.267143512763479224e-02
-4.189609738264416655e-02
-4.109571548927848372e-02
-4.034598622726574130e-02
-3.965055590528276941e-02
-3.894849048982466228e-02
-3.827068691472185896e-02
-3.758153576616261871e-02
-3.681796345475635279e-02
-3.603402420373412463e-02
-3.528327417491949197e-02
-3.456154671742991957e-02
-3.385499628014004142e-02
-3.315443591866343298e-02
-3.240925056694054368e-02
-3.173748983513777211e-02
-3.112413366779820043e-02
-3.051470336866791977e-02
-2.995251929820489864e-02
-2.939746149456600594e-02
-2.884294199930228716e-02
-2.829019922967556180e-02
-2.773062428578887059e-02
-2.715337186039283590e-02
-2.660875756329161498e-02
-2.605549701683784400e-02
-2.555546884223938719e-02
-2.508294296841973720e-02
-2.456238887906548457e-02
-2.403021442809725322e-02
-2.349494303662282360e-02
-2.297971784761851030e-02
-2.246333616255759974e-02
-2.190927169378715719e-02
-2.134420960026632563e-02
-2.082133873820537703e-02
-2.026584479782523804e-02
-1.967848384401106945e-02
-1.909785787158446019e-02
-1.858204242010210588e-02
-1.801559003066520795e-02
-1.740686260851095207e-02
-1.673178625194847099e-02
-1.610714209496659846e-02
-1.548695137227792951e-02
-1.482663941455674393e-02
-1.422320429672447803e-02
-1.360097324833577960e-02
-1.292452069072850922e-02
-1.227264645840815162e-02
-1.157475153725379645e-02
-1.085915686045786817e-02
-1.016148608796232228e-02
-9.487382132867780080e-03
-8.812341951553335703e-03
-8.167269315135380903e-03
-7.511009394985301325e-03
-6.857288316368464857e-03
-6.186649972663968260e-03
-5.481105042190691050e-03
-4.746778103911608593e-03
-4.019786721985837454e-03
-3.266519534676348615e-03
-2.547468066175360112e-03
-1.797405707387732992e-03
-1.045663580956043967e-03
-2.575800476136312829e-04
4.722701642319013021e-04
1.234969876642822177e-03
2.012862398766404257e-03
2.828127070520315874e-03
3.673520287638875823e-03
4.515883428243628109e-03
5.333695551790539752e-03
6.117388752420103298e-03
6.899616132753479993e-03
7.661618106823885055e-03
8.418021819038093781e-03
9.147052030591197244e-03
9.843181436619616656e-03
1.052786108079354667e-02
1.119829912990804102e-02
1.183569619325006497e-02
1.250279213200036765e-02
1.323919184216490637e-02
1.395053012020250338e-02
1.462205508398095946e-02
1.529673379752145151e-02
1.597502419688881861e-02
1.667099791607575682e-02
1.736497615535134015e-02
1.816801412637476798e-02
1.893282148711748769e-02
1.976332255105228350e-02
2.056678794959767090e-02
2.135938118873298430e-02
2.214689748482472423e-02
2.292403137452598411e-02
2.372968642340280918e-02
2.457331329642482506e-02
2.536574702754246929e-02
2.614224411233245088e-02
2.701240260364877119e-02
2.788138152666981562e-02
2.875405930696030288e-02
2.963807176605182461e-02
3.050546954905556871e-02
3.141096641523676014e-02
3.239952710007536207e-02
3.341909825716661564e-02
3.433728874132108838e-02
3.532986828272437901e-02
3.634128152189647354e-02
3.735104049124511605e-02
3.827124254707793549e-02
3.921789522921981241e-02
4.019195176006872677e-02
4.116205983386402034e-02
4.213186521707380089e-02
4.309980669429176736e-02
4.406024158359216764e-02
4.499215160704157085e-02
4.591177896476573289e-02
4.682219811884242439e-02
4.776184982449586253e-02
4.869954139405778537e-02
4.965788275198639024e-02
5.068914000000811215e-02
5.173501070047063083e-02
5.276399165571080130e-02
5.379732302343412376e-02
5.481238101673938101e-02
5.583727997044918290e-02
5.687733693536169144e-02
5.786481480309188519e-02
5.884169967725327854e-02
5.981565085849902680e-02
6.083992350711526359e-02
6.187275698190471823e-02
6.284800672974498459e-02
6.374455190686188766e-02
6.469741771523322693e-02
6.565323677375549394e-02
6.654696272453673733e-02
6.743714462593555781e-02
6.831844087413486977e-02
6.918204957260230825e-02
6.999057758389672090e-02
7.076870235059727621e-02
7.152891392480140165e-02
7.226713203202131397e-02
7.299289253119235765e-02
7.375571821390393412e-02
7.452592608547141395e-02
7.530728926211202601e-02
7.608865509515551351e-02
7.691355325659968156e-02
7.770438686930061789e-02
7.857817496543484381e-02
7.944025267153435876e-02
8.029813615827358086e-02
8.120125243202840071e-02
8.212347161049890487e-02
8.303020743014237481e-02
8.394118708351985814e-02
8.493447853202718001e-02
8.596095429399419618e-02
8.703092810900554810e-02
8.814620500991569851e-02
8.929031280368336654e-02
9.043079359896932790e-02
9.148775652299287464e-02
9.255957836752233547e-02
9.363249559487586693e-02
9.469885607282779727e-02
9.571288500514799069e-02
9.665570581616615697e-02
9.759604317339123924e-02
9.854877808945486373e-02
9.945742328642045993e-02
1.003661243363598021e-01
1.013173087018257035e-01
1.022895348217321004e-01
1.032729193658593475e-01
1.042676324071910715e-01
1.052604761777025805e-01
1.062405761839436830e-01
1.072014245167205587e-01
1.081610764505897410e-01
1.091039528091824334e-01
1.100613625316832073e-01
1.110301984921334417e-01
1.119849856326221166e-01
1.129155183124522233e-01
1.137985984315229432e-01
1.146641679382823381e-01
1.155611378346263346e-01
1.164910360767145159e-01
1.174319316974838517e-01
1.184202541310667017e-01
1.193708226364391667e-01
1.202679884948282124e-01
1.211223405747764298e-01
1.219597680039166965e-01
1.227737813016910318e-01
1.235812964625635363e-01
1.244376034289879640e-01
1.253042775234196882e-01
1.261719439998235659e-01
1.270504975320797536e-01
1.279068035951610449e-01
1.287341987682315003e-01
1.295744200441327487e-01
1.303959282220947813e-01
1.312229207476755810e-01
1.320605643206872182e-01
1.328786914752596027e-01
1.337385220051663104e-01
1.346108375534413593e-01
1.354969063773716897e-01
1.364027832182008459e-01
1.373299148553316640e-01
1.382808294567164087e-01
1.391816486786256191e-01
1.400761183445610458e-01
1.409741313249010808e-01
1.418681671107119846e-01
1.427516886556597087e-01
1.436382541506638910e-01
1.445859108869274878e-01
1.454561064417202731e-01
1.462855991194438599e-01
1.470443012562452634e-01
1.477878054885840564e-01
1.485278440371910480e-01
1.492937867839651545e-01
1.500120064543506715e-01
1.507754865871711591e-01
1.515861926895583911e-01
1.523655888869554498e-01
1.531379031300938720e-01
1.538875995623847914e-01
1.547696596597527841e-01
1.556627575126726115e-01
1.565052585912951044e-01
1.573287979460797625e-01
1.580806200841051445e-01
1.588652969336916132e-01
1.596758507075605182e-01
1.605018760456884963e-01
1.613574053601150304e-01
1.622980863341041691e-01
1.632590612337337377e-01
1.642780194289465145e-01
1.653734013972951999e-01
1.664714534786095879e-01
1.675580225837229320e-01
1.686586300221203372e-01
1.697659602677342727e-01
1.708509222155675800e-01
1.718743653881839306e-01
1.728918621390231336e-01
1.739000368913839745e-01
1.748616881420654301e-01
1.758222734221975836e-01
1.767060713899596125e-01
1.775493377787323024e-01
1.783446492887464097e-01
1.792227407695864971e-01
1.801408994868250180e-01
1.810850462403905403e-01
1.819580030619542543e-01
1.827751178632644469e-01
1.835311912456371319e-01
1.843229126521713779e-01
1.850666466503845808e-01
1.858492063826743257e-01
1.866204222683725822e-01
1.873830231471610430e-01
1.881517533732042224e-01
1.888917711193428550e-01
1.895700823120935463e-01
1.902174704536563343e-01
1.908118211966177702e-01
1.913807214323650918e-01
1.920161674242429894e-01
1.926887271586254780e-01
1.933394181557346048e-01
1.939965695200364382e-01
1.946421830035058032e-01
1.953034168182478658e-01
1.960002574412932075e-01
1.967259611360329952e-01
1.974375197451770925e-01
1.981383326712210513e-01
1.988067984839775870e-01
1.994910397033840821e-01
2.001628428780169444e-01
2.008270730857460162e-01
2.014518804161918308e-01
2.020610314099519633e-01
2.026555367474044966e-01
2.032824251599349152e-01
2.039268120450352384e-01
2.045786553482910330e-01
2.051797025268572994e-01
2.057892190941520427e-01
2.064248050794977862e-01
2.070659775418736692e-01
2.077040363672076617e-01
2.084043646207074663e-01
2.091246862242965576e-01
2.098491630780241479e-01
2.105653346712362262e-01
2.112563742574711523e-01
2.119413152959621627e-01
2.126105530013179534e-01
2.132709398187576377e-01
2.138977898019418511e-01
2.145168892686284967e-01
2.151105926461995554e-01
2.157259510990413298e-01
2.162884938182798589e-01
2.168734456897216112e-01
2.174904986746112323e-01
2.180849429669415307e-01
2.186856190510564901e-01
2.192956906163215092e-01
2.199625280822360696e-01
2.205738522364203424e-01
2.211746383222493728e-01
2.218008283060384778e-01
2.224203187693528094e-01
2.230435559872980811e-01
2.236369145511500900e-01
2.241785826551624394e-01
2.247136764953222288e-01
2.251618412310357198e-01
2.255954188632086077e-01
2.260025658873086873e-01
2.263641627465547701e-01
2.267584926602400353e-01
2.270998312676481279e-01
2.274745316451236010e-01
2.278166603107055765e-01
2.281667555228880095e-01
2.285361005615710039e-01
2.289236600446818704e-01
2.293088036705946131e-01
2.296932583029903385e-01
2.300899913493904270e-01
2.304450217809008994e-01
2.308035300205616702e-01
2.312372489187636826e-01
2.316173566352721924e-01
2.320566799021748505e-01
2.324662365640727535e-01
2.328759202891756974e-01
2.332599210471206774e-01
2.336276058750598461e-01
2.340271174030833512e-01
2.344440207055185355e-01
2.348170079247832720e-01
2.351476388222155101e-01
2.354276166879517018e-01
2.356709982720013308e-01
2.359302580536007110e-01
2.361911544375785987e-01
2.364333681390905773e-01
2.366819653292449310e-01
2.369047622247912044e-01
2.370987116212484591e-01
2.373087559645852274e-01
2.375123202663969868e-01
2.377157650849735238e-01
2.378868300310711947e-01
2.380575099471380907e-01
2.382248377597467326e-01
2.383988276731131561e-01
2.386105518245824619e-01
2.388343275560349810e-01
2.390492494212623775e-01
2.392793625189927609e-01
2.395172576431393585e-01
2.398014696297703641e-01
2.401607034474995961e-01
2.405548619384678122e-01
2.409309471921620982e-01
2.412679557921494355e-01
2.416259640030890554e-01
2.419378995554361256e-01
2.422465383748839129e-01
2.424760886197961096e-01
2.427403112259142737e-01
2.430251268329773062e-01
2.433570029555368053e-01
2.436424036970244178e-01
2.438978751306047910e-01
2.441475153175792501e-01
2.443382420500360142e-01
2.445760308748735068e-01
2.448448978622909666e-01
2.451079469812477984e-01
2.454385574751894727e-01
2.457034919045380794e-01
2.459607804485826332e-01
2.462128350404881871e-01
2.464483339424312913e-01
2.466877450830745055e-01
2.469024708025757686e-01
2.471287338120260468e-01
2.473278247649553230e-01
2.475314594437184601e-01
2.477374224259961399e-01
2.479214662510640099e-01
2.481120294250085956e-01
2.482953602511059066e-01
2.484855434738586777e-01
2.486444939047822433e-01
2.488442942899281862e-01
2.490354903307840650e-01
2.492979716991065853e-01
2.495385496884471588e-01
2.497906738713862873e-01
2.500440265049939659e-01
2.502967415602222467e-01
2.505568894940949920e-01
2.508376966255220220e-01
2.511025647705149022e-01
2.513546323069680843e-01
2.516135622564014129e-01
2.518674498585363741e-01
2.521147440794414551e-01
2.523797947854204970e-01
2.526746024201318441e-01
2.530129951480549200e-01
2.533725624055357950e-01
2.537544372966166750e-01
2.541200143481372464e-01
2.544820035083735221e-01
2.548449162976740845e-01
2.552227431902661103e-01
2.555744388720068150e-01
2.559569356560341680e-01
2.563060786668703850e-01
2.566448246949843415e-01
2.569480030351572464e-01
2.572633154408807687e-01
2.575576132674381458e-01
2.578783130150467673e-01
2.582012379904310984e-01
2.584989594356413289e-01
2.587664202871349794e-01
2.590108232323929394e-01
2.592142377175433166e-01
2.594174138791283113e-01
2.595848025434672190e-01
2.598938859509601906e-01
2.600303981533679254e-01
2.601663933403274842e-01
2.603543792004175406e-01
2.606171940010246213e-01
2.607431886626823125e-01
2.608889864866972275e-01
2.610162308332144021e-01
2.611017657578390549e-01
2.611626020681006577e-01
2.612490876105990067e-01
2.613276304284042340e-01
2.613885953002697549e-01
2.614261400906514599e-01
2.614702830952570500e-01
2.614864101140346730e-01
2.614932680957318678e-01
2.615067956074269562e-01
2.615208885691393537e-01
2.614967141674982010e-01
2.614996881609683577e-01
2.614761474401531283e-01
2.614282443050977567e-01
2.613654437903112360e-01
2.613274613896280907e-01
2.612711512641411327e-01
2.612040307829993080e-01
2.611936827176454812e-01
2.611919153213629330e-01
2.612112962894629353e-01
2.611991508806154050e-01
2.611755126267238936e-01
2.611228900938946107e-01
2.611009208189227770e-01
2.610990691584478829e-01
2.610737160296045523e-01
2.610488671455057363e-01
2.610606041997330373e-01
2.610828032111620622e-01
2.611222024103432848e-01
2.611510861519264481e-01
2.612112334772271893e-01
2.612738954983155337e-01
2.613733553982650060e-01
2.615013130428271992e-01
2.616631824959628760e-01
2.618191518649099492e-01
2.619873807487644313e-01
2.621387439032941691e-01
2.622792365099351763e-01
2.624252135876157244e-01
2.625541195943344452e-01
2.626905969731713753e-01
2.628121983256122007e-01
2.629342165418512844e-01
2.630450728647001912e-01
2.631399229138293716e-01
2.632206291637844142e-01
2.632919378488449147e-01
2.633609403909907276e-01
2.634306651484348838e-01
2.635360488463561190e-01
2.636395809703730442e-01
2.637471141768910066e-01
2.638558276358396459e-01
2.639250334019191402e-01
2.640449806571659730e-01
2.641805657446458788e-01
2.642930656354505192e-01
2.644097417624333701e-01
2.645284175794476722e-01
2.646872481319877957e-01
2.647988091702781488e-01
2.648902754671075832e-01
2.649960355875273232e-01
2.650997794308995181e-01
2.651889560191376116e-01
2.652770330011021693e-01
2.653466270685450601e-01
2.654066708420609322e-01
2.654524890246159896e-01
2.655059988756644507e-01
2.655353798630562534e-01
2.655637436931922446e-01
2.656233702409040442e-01
2.657236218927230276e-01
2.658063258230187187e-01
2.658947475334678678e-01
2.659716586370490798e-01
2.660023509447601020e-01
2.660076174747875166e-01
2.660058354308831308e-01
2.660272011071339593e-01
2.660884163626536236e-01
2.661381774426045954e-01
2.661800922786364265e-01
2.662004868794237145e-01
2.662253658750879937e-01
2.662191017487186562e-01
2.662109533574532616e-01
2.662349045294500338e-01
2.662360569287398060e-01
2.662880329338207508e-01
2.663329174929114918e-01
2.663656109639187530e-01
2.663592557474515621e-01
2.663166720076919902e-01
2.662922722742901427e-01
2.662528210535666240e-01
2.663066541559822031e-01
2.663845433455720446e-01
2.664928589218760746e-01
2.666131975061895032e-01
2.667353302420633621e-01
2.668929964468120253e-01
2.669928359983119726e-01
2.670426529854686426e-01
2.671598625365473878e-01
2.673441181612227768e-01
2.675526022877671162e-01
2.678042595337439269e-01
2.680691666567801557e-01
2.683713722154079107e-01
2.687076153009744228e-01
2.690137066150557477e-01
2.693340233116982008e-01
2.696834812323864461e-01
2.701097098577290856e-01
2.705747682014384425e-01
2.710936022116043342e-01
2.715524418117156724e-01
2.720141980623108080e-01
2.725123498778486697e-01
2.730265938376877921e-01
2.735711429167134723e-01
2.741220203602323657e-01
2.746975227334449987e-01
2.752535967842741349e-01
2.757485640930247839e-01
2.762322337555817020e-01
2.767620557750554711e-01
2.773308711477958100e-01
2.779214360114186655e-01
2.784746203604828163e-01
2.789988122302740625e-01
2.795518001682747444e-01
2.800433519943959504e-01
2.805724273230609800e-01
2.811160917130360870e-01
2.816614974404184624e-01
2.822509414648573522e-01
2.827929558134195664e-01
2.833709474312007259e-01
2.839302599803524285e-01
2.845177397419257348e-01
2.851300012227028779e-01
2.858149949980975935e-01
2.865103037407813469e-01
2.872110877704244780e-01
2.878936733180336160e-01
2.885615522194983629e-01
2.892059803784879368e-01
2.897837297549378244e-01
2.903234802542608572e-01
2.908604279450683894e-01
2.914155392547851386e-01
2.919401192050490867e-01
2.924347993939547252e-01
2.928945852258409976e-01
2.934235092462436634e-01
2.939555869457910475e-01
2.944871504831735320e-01
2.949776575046429428e-01
2.954789173075623721e-01
2.959435265858511022e-01
2.963536291594131011e-01
2.967271081906087127e-01
2.970939590925457674e-01
2.974619385859971210e-01
2.978308539623520934e-01
2.981410623284468375e-01
2.984263912859915213e-01
2.986897146218122079e-01
2.989038292987066248e-01
2.991136902774161332e-01
2.993148190995409963e-01
2.994773656169615883e-01
2.996539841264367343e-01
2.998144092849650000e-01
2.999646516257428730e-01
3.001117882754112398e-01
3.002284102380495812e-01
3.003278337066859760e-01
3.004140876318721065e-01
3.004994885584888475e-01
3.010476662050789454e-01
3.016042170797772481e-01
3.021498368730066164e-01
3.026852305156200185e-01
3.031813805190535227e-01
3.037236834664132079e-01
3.042391215328488774e-01
3.047502648759178867e-01
3.052402421839576219e-01
3.057243100079570230e-01
3.062458113535946325e-01
3.068087577097149965e-01
3.073527487277539771e-01
3.078503743705718332e-01
3.083638642965166321e-01
3.089478555752819267e-01
3.094934842088476468e-01
3.099826744076026874e-01
3.104898632840200623e-01
3.109352420387569427e-01
3.113914418703381259e-01
3.117982593113380885e-01
3.122323213463234493e-01
3.126027443347980106e-01
3.129569109818728379e-01
3.133080550472959191e-01
3.137014778056580466e-01
3.140468332222459136e-01
3.143618489597259091e-01
3.146537241217814418e-01
3.149366736781353815e-01
3.152268350860591428e-01
3.155625173235309111e-01
3.157984773046519367e-01
3.160949717510437296e-01
3.163766010911762128e-01
3.166308512184530244e-01
3.168903234754024134e-01
3.171731727110149168e-01
3.174197347439493000e-01
3.176479458385246257e-01
3.178892422347259217e-01
3.181043994965849220e-01
3.183126726850238342e-01
3.185040740463089270e-01
3.186926649978629178e-01
3.188673443308314703e-01
3.190225632939978073e-01
3.191408286146382167e-01
3.192498550597896445e-01
3.193697393573219911e-01
3.194582417221412673e-01
3.195377771289683033e-01
3.196235684736565830e-01
3.196907941113192320e-01
3.197221824438082893e-01
3.197415964130110866e-01
3.197438854855927381e-01
3.197219842530774070e-01
3.196844134955357242e-01
3.196348372605402055e-01
3.195783357860632612e-01
3.194838688344627253e-01
3.194155291264631491e-01
3.192908419749693194e-01
3.191602622440669057e-01
3.189850848195514565e-01
3.187865745848154075e-01
3.186133665174160079e-01
3.183755244191139866e-01
3.182475015919291050e-01
3.180031095458797363e-01
3.177601510864354606e-01
3.175152289201282341e-01
3.173374590574986609e-01
3.171352443895127937e-01
3.169555765232180966e-01
3.167710700409421820e-01
3.166162829781964949e-01
3.164387055322077646e-01
3.162729855767280607e-01
3.160798150634563375e-01
3.158561975674181732e-01
3.156007518703223824e-01
3.153351565689677116e-01
3.150155951767983908e-01
3.147062617151163977e-01
3.142978620224415875e-01
3.139095033010332880e-01
3.133981774403237219e-01
3.129899422406499654e-01
3.126366055956775747e-01
3.122344240948410898e-01
3.117396523636508654e-01
3.113425315988336273e-01
3.110220033822185259e-01
3.107085943594493083e-01
3.104206445473974285e-01
3.101605222021464048e-01
3.098631510097243358e-01
3.095816252863641815e-01
3.093044641324869670e-01
3.090492001756199314e-01
3.087855474915615628e-01
3.085123050189733651e-01
3.082688520017695666e-01
3.081010993915851981e-01
3.078845401949323324e-01
3.076186761170622286e-01
3.073668612842144765e-01
3.071585381018293037e-01
3.068867880244555146e-01
3.065582895448443201e-01
3.061544666958189165e-01
3.056644806026884154e-01
3.051925180828992112e-01
3.047591801737536965e-01
3.043059968550629879e-01
3.038351559060118445e-01
3.034191010452644277e-01
3.028525506741097661e-01
3.023942540525261236e-01
3.017304470162825991e-01
3.011328830821849434e-01
3.005200255145639154e-01
2.998632622464740827e-01
2.991188659277917994e-01
2.984200308052376571e-01
2.972027290374726904e-01
2.960885820387257894e-01
2.948281788986999441e-01
2.934329465518529245e-01
2.918215175626636682e-01
2.900688831325257122e-01
2.884090155319474214e-01
2.869660859521111496e-01
2.855148530406307894e-01
2.843169667035187476e-01
2.833383875311721312e-01
2.820699288844620845e-01
2.810078265118298724e-01
2.796081348303199321e-01
2.783837773313187491e-01
2.772805695267568926e-01
2.758925065676277044e-01
2.744116400405182121e-01
2.727050174784935721e-01
2.714106145482964028e-01
2.696512765196996675e-01
2.679519953391791276e-01
2.659976733763099177e-01
2.641398195308601315e-01
2.621382217781144663e-01
2.604172838051762029e-01
2.587811143567861349e-01
2.570292455184517433e-01
2.557707245662218520e-01
2.538858177353900958e-01
2.525687961330168041e-01
2.514991824591065739e-01
2.500347138026813854e-01
2.486097599581324480e-01
2.473699151599330903e-01
2.459339656638227511e-01
2.445328824064907924e-01
2.433355161695434088e-01
2.421977700267085032e-01
2.413578417291865619e-01
2.403584591544213056e-01
2.393614727254281815e-01
2.381577109972216610e-01
2.368099981630643613e-01
2.354102431080410951e-01
2.339416158956613423e-01
2.324429461450918666e-01
2.309404174340481120e-01
2.295966074905061438e-01
2.286725031594528112e-01
2.278455996838843756e-01
2.269016620068591283e-01
2.257992504285049329e-01
2.248183286857337870e-01
2.238044108083127037e-01
2.229745054304356489e-01
2.222407374270830571e-01
2.212210182299014227e-01
2.203012834073453108e-01
2.191232420465304975e-01
2.182854499133539128e-01
2.170553919387787911e-01
2.161504782746482556e-01
2.150440101466467024e-01
2.139549922946149263e-01
2.127222808793007569e-01
2.115966973205161694e-01
2.104757326611584045e-01
2.094010817442168160e-01
2.082996689219998865e-01
2.071646306703417151e-01
2.060685449762178767e-01
2.049567311238156275e-01
2.038478408959093491e-01
2.027401381829677662e-01
2.016493557260035652e-01
2.006155783708327978e-01
1.996856447072207497e-01
1.986782868720749495e-01
1.978538012190969864e-01
1.968871782921832181e-01
1.960001695386612008e-01
1.949803759014565041e-01
1.939972218951598881e-01
1.931074946811218163e-01
1.920959456983318825e-01
1.911144102659480815e-01
1.901074106189084845e-01
1.894081294042990193e-01
1.885351556019962405e-01
1.877669186497641363e-01
1.872060086457262296e-01
1.868036893330184134e-01
1.864770456823423017e-01
1.859486031371036241e-01
1.854086843127162321e-01
1.849725329074915214e-01
1.846317777367005586e-01
1.842781667677818591e-01
1.838864400670619514e-01
1.833772558077596815e-01
1.830225635628016101e-01
1.824028673117301658e-01
1.818642321225914793e-01
1.813033777951502112e-01
1.809551316755350914e-01
1.804313501707885958e-01
1.799896179469958613e-01
1.795461566575751178e-01
1.790203957213285235e-01
1.785031400695215320e-01
1.780523732793795888e-01
1.775919103066073423e-01
1.770092666783379953e-01
1.764874344461193900e-01
1.758777974674791411e-01
1.752779480956823399e-01
1.747103078996296854e-01
1.741490549796051168e-01
1.735725984072667705e-01
1.730146685228061421e-01
1.724688291733862400e-01
1.718154759453263125e-01
1.711662194967482342e-01
1.704793844304931805e-01
1.697895170713516755e-01
1.690391372133355774e-01
1.682804963305191137e-01
1.674897031562332383e-01
1.666903939936160706e-01
1.658922735006370941e-01
1.650655599905521409e-01
1.642414883739627129e-01
1.634148981177029059e-01
1.625883937901412557e-01
1.617619616732879073e-01
1.609386821897005049e-01
1.601132655976471308e-01
1.593078645960437911e-01
1.584883067617645913e-01
1.576753330267677000e-01
1.568840627772428442e-01
1.560961941973004474e-01
1.553271351463885730e-01
1.545696310496831871e-01
1.538437899336450032e-01
1.531310002165406636e-01
1.524419747225412014e-01
1.517707405095060358e-01
1.511132053746510051e-01
1.504820411073090614e-01
1.498826918423233068e-01
1.493094001782459546e-01
1.487710015162160559e-01
1.482585311041965115e-01
1.477721098941341127e-01
1.473096743258792418e-01
1.468812865349287122e-01
1.464748092330574458e-01
1.460928759599521287e-01
1.457421597557073678e-01
1.454139370718158242e-01
1.451135679704908255e-01
1.448427954115785177e-01
1.446034245581975519e-01
1.443898873555951035e-01
1.442116818617821261e-01
1.440640089310719629e-01
1.439484503914526536e-01
1.438643514809415658e-01
1.438125067424554926e-01
1.437945301862355307e-01
1.438112087150517637e-01
1.438619501134325296e-01
1.439476307156350443e-01
1.440735170930596831e-01
1.442397984850831427e-01
1.444377400000585732e-01
1.446683143158035978e-01
1.449352606047275560e-01
1.452532384839399504e-01
1.456186546760940836e-01
1.460150552938049850e-01
1.464386628356153797e-01
1.468890916405601599e-01
1.473695683570097614e-01
1.478994674321011116e-01
1.484723168692369255e-01
1.490749707964947601e-01
1.497067597487437562e-01
1.503730739912871872e-01
1.510854351707413279e-01
1.518269085232081539e-01
1.525899735829870096e-01
1.533880557498096264e-01
1.542287787607395655e-01
1.551001662885382604e-01
1.560114823842594922e-01
1.569423014625293544e-01
1.579090059544094315e-01
