-4.000031144165442365e-01
-4.000031304256057019e-01
-4.016430001044082321e-01
-4.033232006461837105e-01
-4.049977924715627009e-01
-4.066840164838479432e-01
-4.084141407362389953e-01
-4.102032066368612728e-01
-4.120228604300210651e-01
-4.138484620295939664e-01
-4.157562324088013295e-01
-4.176975571026716461e-01
-4.196343250279159776e-01
-4.216176928720726247e-01
-4.235784514497545339e-01
-4.255209077427729580e-01
-4.274468962134286287e-01
-4.293403726926714459e-01
-4.312687272020385154e-01
-4.332354744254239831e-01
-4.351858843333328841e-01
-4.370782762944021571e-01
-4.389563781171822998e-01
-4.407588344895534416e-01
-4.426265988971639365e-01
-4.444638665434842983e-01
-4.462906503625966859e-01
-4.480576189332782788e-01
-4.498218645113444270e-01
-4.515990123564445069e-01
-4.533772059255521958e-01
-4.551731693760037167e-01
-4.570139709643605275e-01
-4.588908023872584341e-01
-4.607186329831928773e-01
-4.625641026205951634e-01
-4.644305473439440668e-01
-4.662798451406665046e-01
-4.680594735786448579e-01
-4.697852270320500567e-01
-4.715314400139510309e-01
-4.732161921705639873e-01
-4.748819155598507091e-01
-4.765367056504162813e-01
-4.782120120981844802e-01
-4.798851310297759798e-01
-4.815760144362214445e-01
-4.832959392115515063e-01
-4.849548974115852062e-01
-4.865867591491453426e-01
-4.882257879650390708e-01
-4.898488605771461057e-01
-4.914288622686882047e-01
-4.929987791276715381e-01
-4.945485070920510595e-01
-4.960823122692007980e-01
-4.976097239620914658e-01
-4.991307100661953600e-01
-5.005296502325151664e-01
-5.019474353364348218e-01
2.800952482016548219e-06
2.816946447976367372e-06
1.424901064365526483e-03
2.796916907768471489e-03
4.177763945252464112e-03
5.599008265969294268e-03
6.992568850855933674e-03
8.402860521548911540e-03
9.879819979596509566e-03
1.142311674205229860e-02
1.294604873858620255e-02
1.445056671745001235e-02
1.592646196764257310e-02
1.742703542914416162e-02
1.898394372771156774e-02
2.054076537695275623e-02
2.214408160162946448e-02
2.380313150214923359e-02
2.547777893651915343e-02
2.715387161599991384e-02
2.885695740332619788e-02
3.055179561061280996e-02
3.225089690259309166e-02
3.391647930556956902e-02
3.564851662035287833e-02
3.744115674716590181e-02
3.926588041112877986e-02
4.107285899455288131e-02
4.289595753443662535e-02
4.466433152858431677e-02
4.639198575605035790e-02
4.812489995355656580e-02
4.991984250786441618e-02
5.168706786694285404e-02
5.344825554890655916e-02
5.520695250157196809e-02
5.697942893704926320e-02
5.874806528750667334e-02
6.051489318035198350e-02
6.236727275170869667e-02
6.416421029801708253e-02
6.596711112308027702e-02
6.777050089712632897e-02
6.964971532312948244e-02
7.151303854640075897e-02
7.336004928734136954e-02
7.520969979701999653e-02
7.705329594205108379e-02
7.894970812158796925e-02
8.087733005302467915e-02
8.284055096752106218e-02
8.480142776211546662e-02
8.678980718136644623e-02
8.872108939892874024e-02
9.062988841440003385e-02
9.251125281108935061e-02
9.442476983316827610e-02
9.633400609053648089e-02
9.821427812210568875e-02
1.000837829062515283e-01
1.019425638581429872e-01
1.037773241671215568e-01
1.056385630796552594e-01
1.074763205073593075e-01
1.093047490589294513e-01
1.111057766863798868e-01
1.129085331706776302e-01
1.147292343525314617e-01
1.164974326335658228e-01
1.182066415909141938e-01
1.199328880649576795e-01
1.217286684363638738e-01
1.234982099117829940e-01
1.252644369035356142e-01
1.270088213396365628e-01
1.287562458983443625e-01
1.305655025707290473e-01
1.324246010654577532e-01
1.343338384310886202e-01
1.362369072947866577e-01
1.381593763911383166e-01
1.400829643301513272e-01
1.419938737719103616e-01
1.438857111190107729e-01
1.457192076303487627e-01
1.475707730239800564e-01
1.494594990353811381e-01
1.513650250188725011e-01
1.532453020492200169e-01
1.551368529648280703e-01
1.571053978766306369e-01
1.590400978266713061e-01
1.609671727703674560e-01
1.629440034236467882e-01
1.649218296284325203e-01
1.669364992090819066e-01
1.689139581028882842e-01
1.709025354089662718e-01
1.728332276234497422e-01
1.747996127831762114e-01
1.767209679138884992e-01
1.786227292748340523e-01
1.804518765070344810e-01
1.823032547867061981e-01
1.841219001822039791e-01
1.859181572068988042e-01
1.877038568555023934e-01
1.894431846150087528e-01
1.912096956294262462e-01
1.929722213044921530e-01
1.947553507337412282e-01
1.964552567531009097e-01
1.980909685022269329e-01
1.996481069693543386e-01
2.011908827950084078e-01
2.027157233671768310e-01
2.042390250464868329e-01
2.057481728116668795e-01
2.072920728745325514e-01
2.087874321918894716e-01
2.102903771616986273e-01
2.117683282520386179e-01
2.132105231857588101e-01
2.146386979427032937e-01
2.160430121769701117e-01
2.174542176669936044e-01
2.188617962073113321e-01
2.202951527056984105e-01
2.217565864508322104e-01
2.232178437512712665e-01
2.246474173132978203e-01
2.260522159432917788e-01
2.274367456332506421e-01
2.288642594015403153e-01
2.303364915697208304e-01
2.318173133125074892e-01
2.333063464079591365e-01
2.348344210124998221e-01
2.363685312094203073e-01
2.379147090263982189e-01
2.395057504362455014e-01
2.411085091621424092e-01
2.427028944966882207e-01
2.442598042330744457e-01
2.458523432084690485e-01
2.474636794875737511e-01
2.491004784740284417e-01
2.507320249072348406e-01
2.523465784036612591e-01
2.539700814483979441e-01
2.555965851129578525e-01
2.571820245473964150e-01
2.587126281762864854e-01
2.601704487227943230e-01
2.616535983297654244e-01
2.631201345766846500e-01
2.645912098581829075e-01
2.660647140157562651e-01
2.675604576281777058e-01
2.690342790756392599e-01
2.705382292116271792e-01
2.720291769615345023e-01
2.735274371638984903e-01
2.750384250319845569e-01
2.765782983803533046e-01
2.780831415779806970e-01
2.796403924392294460e-01
2.812158858338206224e-01
2.828239914468801963e-01
2.844405297083576478e-01
2.860400397704472297e-01
2.876650952574347775e-01
2.892974541718850157e-01
2.909607956690268282e-01
2.926330011310315227e-01
2.943104256442528044e-01
2.960270815579634784e-01
2.977171038014800875e-01
2.994326628683059432e-01
3.011731099449493909e-01
3.029132526816259996e-01
3.046414329496713314e-01
3.063641594533784707e-01
3.080789155534240931e-01
3.098094762926221768e-01
3.115432223034840242e-01
3.132606839195779536e-01
3.149836282086196926e-01
3.167190873271132356e-01
3.184546463230636948e-01
3.201902136287301803e-01
3.219205158964474900e-01
3.236267105047932469e-01
3.253518087695645433e-01
3.270927216923585901e-01
3.288116673550814384e-01
3.305272188665379085e-01
3.322427361997176698e-01
3.339494744960204708e-01
3.356228528872747252e-01
3.372426753308998548e-01
3.388853900629761884e-01
3.405357274357964648e-01
3.421871133585582814e-01
3.438520147071907895e-01
3.455117572220133271e-01
-4.000002166702380513e-01
-4.000002318467804630e-01
-4.001200620809097219e-01
-4.002302827943103325e-01
-4.003290218502881248e-01
-4.004145638890682091e-01
-4.004885455223026747e-01
-4.005471899121167412e-01
-4.005924183901133362e-01
-4.006225671509206498e-01
-4.006357080704879836e-01
-4.006335133590457898e-01
-4.006172403927507064e-01
-4.005863814226094943e-01
-4.005403399425461752e-01
-4.004787331020124852e-01
-4.004015017092633633e-01
-4.003053777458801532e-01
-4.001874343540307022e-01
-4.000476187409224837e-01
-3.998868753996859260e-01
-3.997097361263626247e-01
-3.995104007198363449e-01
-3.992976410873500526e-01
-3.990657022895374717e-01
-3.988141191467910462e-01
-3.985477049725561494e-01
-3.982652900323212508e-01
-3.979663189825136116e-01
-3.976435448251585125e-01
-3.972979440798219963e-01
-3.969386118064728297e-01
-3.965489443222164345e-01
-3.961240888301286178e-01
-3.956766020753534341e-01
-3.952076275149571938e-01
-3.947194322001036926e-01
-3.942085338742590817e-01
-3.936794354321654921e-01
-3.931308379457493785e-01
-3.925711261381202855e-01
-3.919968958301559003e-01
-3.914152525225066959e-01
-3.908141838535167389e-01
-3.902012334166753971e-01
-3.895670333984215250e-01
-3.889293959849468019e-01
-3.882790765200478389e-01
-3.876118568095694994e-01
-3.869288325662963435e-01
-3.862366883940763218e-01
-3.855350960384607006e-01
-3.848152767286642795e-01
-3.840741054778038510e-01
-3.833225504460375799e-01
-3.825671069153743775e-01
-3.817951357668431522e-01
-3.810196294033094677e-01
-3.802266361009961626e-01
-3.794304465620406130e-01
-3.786300130248268503e-01
-3.778186872436360977e-01
-3.770057254091584431e-01
-3.761843504488027734e-01
-3.753567741386782952e-01
-3.745044957890811821e-01
-3.736274658087030964e-01
-3.727258391764291523e-01
-3.717961123879696128e-01
-3.708404942342725108e-01
-3.698733478340542891e-01
-3.688901525608038745e-01
-3.678943541856671273e-01
-3.668725166525243497e-01
-3.658567153727561583e-01
-3.648005343850503901e-01
-3.637188535881483165e-01
-3.625996994896183434e-01
-3.614543384044088814e-01
-3.602878747546460758e-01
-3.591012341996082657e-01
-3.579121087830465786e-01
-3.566914507912823384e-01
-3.554956096460359372e-01
-3.543000266810774623e-01
-3.530971613748904447e-01
-3.518884201701998338e-01
-3.506689465557281116e-01
-3.494626947524664962e-01
-3.482434492753038180e-01
-3.470262195608177502e-01
-3.458027735765529243e-01
-3.445669504362978697e-01
-3.433332307100345204e-01
-3.420720287153098949e-01
-3.408088137813520824e-01
-3.395492143675633012e-01
-3.382739004769280688e-01
-3.370106618319682057e-01
-3.357311196205245984e-01
-3.344287759844565833e-01
-3.330989729227116780e-01
-3.317588000244877100e-01
-3.304166095864314867e-01
-3.290699272513851192e-01
-3.277085447264377338e-01
-3.263275522903095749e-01
-3.249121093919929981e-01
-3.235067613138147835e-01
-3.221139568561023347e-01
-3.207203992310616036e-01
-3.193210328413990662e-01
-3.179147589410266650e-01
-3.165036879249318869e-01
-3.150791971816971904e-01
-3.136498031489955429e-01
-3.122238642564613142e-01
-3.108266386228631939e-01
-3.094480881994604582e-01
-3.080712933410313936e-01
-3.066523543023608744e-01
-3.052658988009506746e-01
-3.038599259870723990e-01
-3.024585498617585189e-01
-3.010300147450783448e-01
-2.995744366689966909e-01
-2.981058841937576642e-01
-2.966353326715595595e-01
-2.951652667462275614e-01
-2.936879904422930454e-01
-2.921956189827095707e-01
-2.907034210862112777e-01
-2.892324545156472193e-01
-2.877539806060747662e-01
-2.862578511179662555e-01
-2.847605987850839737e-01
-2.832543213246684899e-01
-2.817592680153276352e-01
-2.802629421265072085e-01
-2.787571447795174628e-01
-2.772558539593828475e-01
-2.757559554215283648e-01
-2.742468495537903617e-01
-2.727024570134416459e-01
-2.711128438623104930e-01
-2.695271101964217264e-01
-2.679038079843518716e-01
-2.662489190767500791e-01
-2.645937801566773939e-01
-2.629018487385997860e-01
-2.611932933623582476e-01
-2.595081379873386829e-01
-2.578621040488808802e-01
-2.562219218127372300e-01
-2.546116655383846572e-01
-2.529785113660988349e-01
-2.513194321484351623e-01
-2.496444933996198323e-01
-2.479747934246529506e-01
-2.463012199368330990e-01
-2.445522018306952317e-01
-2.427824089362564386e-01
-2.410351418918549038e-01
-2.393386808631899620e-01
-2.376242027717681005e-01
-2.358532379277349655e-01
-2.340703807370068668e-01
-2.322354350375771814e-01
-2.304153368158395054e-01
-2.285716696906438250e-01
-2.267388706602606885e-01
-2.249151196028714439e-01
-2.231126958726911691e-01
-2.213233741143311450e-01
-2.195389320205929085e-01
-2.176832092445963041e-01
-2.158021528368395947e-01
-2.138885544011694673e-01
-2.119740425420792718e-01
-2.100492585631762998e-01
-2.081404191684254334e-01
-2.061400598334813261e-01
-2.041177226377191845e-01
-2.021256180659364854e-01
-2.001420264560753726e-01
-1.981577883698908138e-01
-1.961872278745934173e-01
-1.942480774815357747e-01
-1.923069860134805353e-01
-1.903728622346789745e-01
-1.885060094242443918e-01
-1.866305320238210441e-01
-1.847495840854044002e-01
-1.828301924674805290e-01
-1.809235751579447715e-01
-1.790146432308524493e-01
-1.771580845483761713e-01
-1.752663365738825196e-01
-1.733675157732688377e-01
-1.714630711867650148e-01
-1.695147713570104020e-01
-1.675699183465971798e-01
-1.656270458175950755e-01
-1.636834114519235828e-01
-1.617520754966767504e-01
-1.598216325362034063e-01
-1.578973772629568562e-01
-1.559406347670086457e-01
-1.539277691177586838e-01
-1.518613862650537161e-01
-1.497817797385958827e-01
-1.476976509582021424e-01
-1.456205973931827269e-01
-1.435325595265269372e-01
-1.414078622596475765e-01
-1.392559688320660072e-01
-1.371221705549194037e-01
-1.349347798397142195e-01
-1.327551039872784111e-01
-1.306162136199782442e-01
-1.284655466626472287e-01
-1.262815186812788204e-01
-1.241080320982856505e-01
-1.219042835854573931e-01
-1.197281841416694970e-01
-1.175708105813029619e-01
-1.154458430447832668e-01
-1.132882829950751652e-01
-1.111301064919125170e-01
-1.090132580373865123e-01
-1.068377082822009883e-01
-1.046904490209942529e-01
-1.025984338087896769e-01
-1.004766534425884233e-01
-9.832692809447826643e-02
-9.617720120066362843e-02
-9.406493528844146745e-02
-9.205426490914855875e-02
-9.007509107720620967e-02
-8.807924577922533749e-02
-8.609206709296750304e-02
-8.407214588917506781e-02
-8.200277668468909653e-02
-7.989335194479516011e-02
-7.778341528198731702e-02
-7.567421341673254143e-02
-7.363752108921217676e-02
-7.157125877620405807e-02
-6.951196522186442461e-02
-6.753822925950718481e-02
-6.554289552633142668e-02
-6.349557576762147881e-02
-6.146769378632564729e-02
-5.944843877022789463e-02
-5.740755414025752734e-02
-5.544135471989782016e-02
-5.347344948421689503e-02
-5.146047483000734668e-02
-4.942336681134134463e-02
-4.735477523055111465e-02
-4.531214320810754426e-02
-4.326508286959304672e-02
-4.118967826234853219e-02
-3.915628116213339116e-02
-3.716026835203552897e-02
-3.514154957083458902e-02
-3.316902056747044608e-02
-3.120111008225261162e-02
-2.925122719290989756e-02
-2.730805579935919464e-02
-2.535844834176803619e-02
-2.343505919774671598e-02
-2.151129428565975998e-02
-1.966528569386209041e-02
-1.781256227728205202e-02
-1.595425455264427514e-02
-1.405676454528460330e-02
-1.214619614615245792e-02
-1.025639367090748835e-02
-8.410453151574976555e-03
-6.546514047027460724e-03
-4.650126463828880771e-03
-2.783564237250700079e-03
-8.977119017085965005e-04
9.647400420216026241e-04
2.835400103056764150e-03
4.676105050439425918e-03
6.584477853047413995e-03
8.501201470634742879e-03
1.043732962507827600e-02
1.233485469116853660e-02
1.415911195256812187e-02
1.603222685610463175e-02
1.790481632547245849e-02
1.975773375794709005e-02
2.161545465064687935e-02
2.348567493611758428e-02
2.531167320031694340e-02
2.717182189280414537e-02
2.905957165886464272e-02
3.098716568566895618e-02
3.287233233475470723e-02
3.479263459905612005e-02
3.672063148811364336e-02
3.865203992321006310e-02
4.059081011735420075e-02
4.249141368188891904e-02
4.440857124167382763e-02
4.636494638126235218e-02
4.828086498672731069e-02
5.021564646361215134e-02
5.209256715373709878e-02
5.389380333379084620e-02
5.564917811546803844e-02
5.740181956582066092e-02
5.916584847021332666e-02
6.104905871329961015e-02
6.295910385157771350e-02
6.484887841932440722e-02
6.678030147798667826e-02
6.876615365233858246e-02
7.072842339359994290e-02
7.273212473092463548e-02
7.470827382358312396e-02
7.671623207207242667e-02
7.865044382017481739e-02
8.062102043212018843e-02
8.268336255631537901e-02
8.474525934683267703e-02
8.673109284686165987e-02
8.868137885390156572e-02
9.066711173722490080e-02
9.258127711034891405e-02
9.456861635507265995e-02
9.657721314572312310e-02
9.856140459879203508e-02
1.006220749256996061e-01
1.027245889788743483e-01
1.048398258276913159e-01
1.068849605786792584e-01
1.089414235819397142e-01
1.109813513797518608e-01
1.129871358651358682e-01
1.150005390474445749e-01
1.170089794841794595e-01
1.190250484789024538e-01
1.210421210946469039e-01
1.230927492181737165e-01
1.251402379972454126e-01
1.271552578831816327e-01
1.291776029367915912e-01
1.312202880124977433e-01
1.332552548781436308e-01
1.353047836747581223e-01
1.373179355035897553e-01
1.393676484875678301e-01
1.414720511130749814e-01
1.435380975551316662e-01
1.455704705971260782e-01
1.476521486211184175e-01
1.497401172084678322e-01
1.518473384015876504e-01
1.539159181923875352e-01
1.559608256104299262e-01
1.580186662249590812e-01
1.600928447274859168e-01
1.621771174223312073e-01
1.642381695459191882e-01
1.662957940439623306e-01
1.683914262028373132e-01
1.704639805364046579e-01
1.726370930347004284e-01
1.747883090168831921e-01
1.768847138506728089e-01
1.789824497181098928e-01
1.811153275034720900e-01
1.999976500521310485e-01
1.999976341475566688e-01
1.984802442787418908e-01
1.969537795969787675e-01
1.954061435982965000e-01
1.938021998204663421e-01
1.921612579818879341e-01
1.904849354308357501e-01
1.888373682837541090e-01
1.871842506083400415e-01
1.855000017365290021e-01
1.838129787281562733e-01
1.821144786592656384e-01
1.803840617262002510e-01
1.786276554496380176e-01
1.768499651154936403e-01
1.750211796230715100e-01
1.732537843203861005e-01
1.714881788914428828e-01
1.697182742736339789e-01
1.679239330736239932e-01
1.661135125890446651e-01
1.642834257764776984e-01
1.624154447246695943e-01
1.605063595664527609e-01
1.586040608240134597e-01
1.566911663830927171e-01
1.547775968357217591e-01
1.528649756249704228e-01
1.509478286923613410e-01
1.490254995038691188e-01
1.471110164560119060e-01
1.451882138202233163e-01
1.432654884398847361e-01
1.413428246112971576e-01
1.394202097844690347e-01
1.374976387001872469e-01
1.355750931042860596e-01
1.336525652080930715e-01
1.317300488377848022e-01
1.298075392047833843e-01
1.278850326807996762e-01
1.259625265884036227e-01
1.240400190135477199e-01
1.221175086429755335e-01
1.201949946270254588e-01
1.182724692988085247e-01
1.163499325896993619e-01
1.144273917136880842e-01
1.125048461458115490e-01
1.105822953492634070e-01
1.086597389692276067e-01
1.067371768338584020e-01
1.048146089562733974e-01
1.028920355362987621e-01
1.009694569610331272e-01
9.904687380353080495e-02
9.712428701930499175e-02
9.520169710964530851e-02
9.327910539400638412e-02
9.135651166289204816e-02
8.943390948383427019e-02
8.751130708595632191e-02
8.558870494743395230e-02
8.366610351230181764e-02
8.174350319205998805e-02
7.982090436519752308e-02
7.789830737532638105e-02
7.597571252828994037e-02
7.405312008862632855e-02
7.213053027583422872e-02
7.020794793845036574e-02
6.828536745980685885e-02
6.636278965891485859e-02
6.444021549824519024e-02
6.251764578558152707e-02
6.059508114791770789e-02
5.867252201177870080e-02
5.674996858941971228e-02
5.482742087062565661e-02
5.290487915087410675e-02
5.098234187258941091e-02
4.905980895229519051e-02
4.713727951652259274e-02
4.521475250022772424e-02
4.329223280816097558e-02
4.136971792846016321e-02
3.944720299037862005e-02
3.752468756102061986e-02
3.560217124301522096e-02
3.367965367355794243e-02
3.175713452455218577e-02
2.983461350329599110e-02
2.791209035346129894e-02
2.598956485623883303e-02
2.406703231622396577e-02
2.214448817299683250e-02
2.022194093280465718e-02
1.829939068662890869e-02
1.637683668782929577e-02
1.445427834659774972e-02
1.253171525256431204e-02
1.060914719030481637e-02
8.686574149275056583e-03
6.763996843779812931e-03
4.841414568159795734e-03
2.918828529150703770e-03
9.962395436811165121e-04
-9.263513819295626913e-04
-2.848943185160752664e-03
-4.771544712958063206e-03
-6.694146579938051352e-03
-8.616748313368845225e-03
-1.053934946823853469e-02
-1.246194962722625872e-02
-1.438454840273463084e-02
-1.630714544017429143e-02
-1.822974042198815051e-02
-2.015233307187818887e-02
-2.207492315873635369e-02
-2.399750664036082171e-02
-2.592008734815400006e-02
-2.784266556130760711e-02
-2.976524029160898532e-02
-3.168781070098023595e-02
-3.361037612932364638e-02
-3.553293611553386133e-02
-3.745548988458381745e-02
-3.937803849497082537e-02
-4.130058157456693163e-02
-4.322311954018279861e-02
-4.514565302654969386e-02
-4.706818287670382767e-02
-4.899071012856418689e-02
-5.091323130456878315e-02
-5.283574617782395982e-02
-5.475826104092738206e-02
-5.668077633173114471e-02
-5.860329245219716293e-02
-6.052580976978298027e-02
-6.244832861758593812e-02
-6.437084929379713327e-02
-6.629337206069743638e-02
-6.821589714336839805e-02
-7.013842776705693505e-02
-7.206097006620250378e-02
-7.398351687207070648e-02
-7.590606659207886631e-02
-7.782861996341682020e-02
-7.975117760274340328e-02
-8.167373995059581948e-02
-8.359630725462456613e-02
-8.551887955841208644e-02
-8.744145638285477640e-02
-8.936403802550046960e-02
-9.128662354262112588e-02
-9.320921214660878029e-02
-9.513180285847926132e-02
-9.705439452390916821e-02
-9.897699464435753824e-02
-1.008995965421482649e-01
-1.028221983796253763e-01
-1.047447997070951459e-01
-1.066674001026842178e-01
-1.085899991740039844e-01
-1.105125965611736399e-01
-1.124351919406589156e-01
-1.143577850294285186e-01
-1.162803755889444540e-01
-1.182029608920863867e-01
-1.201255419660281487e-01
-1.220481206967291982e-01
-1.239706960878603909e-01
-1.258932672761678973e-01
-1.278158335725677330e-01
-1.297383944840830861e-01
-1.316609497293610986e-01
-1.335834987801958473e-01
-1.355060427647553634e-01
-1.374285815590930160e-01
-1.393511157639183151e-01
-1.412736461898565221e-01
-1.431961738448711274e-01
-1.451186967480024292e-01
-1.470412117466425583e-01
-1.489637266646479663e-01
-1.508862419456963866e-01
-1.528087579971810495e-01
-1.547312751917847840e-01
-1.566537938677546871e-01
-1.585763143284852628e-01
-1.604988368416411237e-01
-1.624213616379599767e-01
-1.643438904995208061e-01
-1.662664310817687230e-01
-1.681889775627338768e-01
-1.701115268574171779e-01
-1.720340796913571169e-01
-1.739566367061775864e-01
-1.758791983706336215e-01
-1.778017649630683761e-01
-1.797243361126811823e-01
-1.816469126569450754e-01
-1.835694937357076340e-01
-1.854920787956640393e-01
-1.874146670790751423e-01
-1.893372576344970470e-01
-1.912598493320068482e-01
-1.931824480952262779e-01
-1.951050500704404889e-01
-1.970276520560676203e-01
-1.989502535977716036e-01
-2.008728542692690688e-01
-2.027954536737105184e-01
-2.047180514464774781e-01
-2.066406472588044607e-01
-2.085632408217517608e-01
-2.104858318900958425e-01
-2.124084190966509800e-01
-2.143310005753282232e-01
-2.162481997776342368e-01
-2.181703480202768775e-01
-2.200934590156861104e-01
-2.219770736948137591e-01
-2.238745757004478310e-01
-2.257939991284541315e-01
-2.277236978750204754e-01
-2.296533082142093452e-01
-2.315828348643424461e-01
-2.335122859125304817e-01
-2.354416702238439074e-01
-2.373709997089961110e-01
-2.393002814862111305e-01
-2.412295179988415139e-01
-2.431587261600514915e-01
-2.450879128419975184e-01
-2.470170838681602088e-01
-2.489462440626575845e-01
-2.508753973353116673e-01
-2.528045467856750994e-01
-2.547336948138684276e-01
-2.566628432299051243e-01
-2.585919941139707690e-01
-2.605211568074398132e-01
-2.624503275042391337e-01
-2.643795016195943370e-01
-2.663086799630645651e-01
-2.682378632195978052e-01
-2.701366919380461251e-01
-2.720247646892276494e-01
-2.739030680732106871e-01
-2.757516866268299727e-01
-2.776203308527444569e-01
-2.794916582342277800e-01
-2.813744226840569351e-01
-2.831994716667903256e-01
-2.850615648323594487e-01
-2.869442903314319837e-01
-2.888409044771079182e-01
-2.907662952178431404e-01
-2.927077047150809519e-01
-2.946431851051161677e-01
-2.965780399672824363e-01
-2.984948483782561279e-01
-3.003845944673749768e-01
-3.022948941248540522e-01
-3.042448919624340942e-01
-3.061793084389765052e-01
-3.080870192494067905e-01
-3.100154205064609703e-01
-3.119748671803608819e-01
-3.139281004515186990e-01
-3.158999900476664457e-01
-3.178756040114235071e-01
-3.198762222242985676e-01
-3.218542707100334188e-01
-3.238408028620609058e-01
-3.258408835475875565e-01
-3.278340593761061572e-01
-3.298403981374477545e-01
-2.000009265360161714e-01
-2.000009418712428710e-01
-2.006876948594916998e-01
-2.013701127897395415e-01
-2.020563533228390274e-01
-2.027381062916432941e-01
-2.034137747733953117e-01
-2.040940563312281797e-01
-2.047763254246951492e-01
-2.054591180114996862e-01
-2.061421177295932883e-01
-2.068253017524602222e-01
-2.075042266796337520e-01
4.000032322056285561e-01
4.000032481651628613e-01
4.025506839009773130e-01
4.050983797092727601e-01
4.076460730588449266e-01
4.101937639682949333e-01
4.127414529444302649e-01
4.152891403448628060e-01
4.178368263933617821e-01
4.203845112048710808e-01
4.229161086935310787e-01
4.254501459174801492e-01
4.279981193781414173e-01
4.305460891005730151e-01
4.000013289603700506e-01
4.000013444991208367e-01
4.010289670295405506e-01
4.020566379270834045e-01
4.030843208349332851e-01
4.041120144992897401e-01
4.051397178088243511e-01
4.061674293983442152e-01
4.071951476736103692e-01
4.082211787703637351e-01
4.092493045640412386e-01
4.102774277297349115e-01
4.113055468062191133e-01
4.123336610680981007e-01
4.133617701015654955e-01
4.143898737035564550e-01
4.154167516988576669e-01
4.164423374590408011e-01
4.174710584360794563e-01
4.184855541096224596e-01
4.195026568026901104e-01
4.205175905235533640e-01
4.215333083961143035e-01
4.225532137006918765e-01
4.235754814440073068e-01
4.246111434158377773e-01
4.256430587121125542e-01
4.266887105923231616e-01
4.277408563406623898e-01
4.288006804431126473e-01
4.298513416302663370e-01
4.309153350256926807e-01
4.319687596007322772e-01
4.330326539751863657e-01
4.341027714379060987e-01
4.351684461943567395e-01
4.362522725835626392e-01
4.373357087285729139e-01
4.384083179384730689e-01
4.395014165479542712e-01
4.406023302666954300e-01
4.417094292041526260e-01
4.428350649483366874e-01
4.439774519061581715e-01
4.451161366865592495e-01
4.462673156956569742e-01
4.474194440148486773e-01
4.485666127032282846e-01
4.497048803853193055e-01
4.508610926894466853e-01
4.520263762240499528e-01
4.532033446019150258e-01
4.543775484402964859e-01
4.555559773548960578e-01
4.567304455831629473e-01
4.579198991276537956e-01
4.591093079434497848e-01
4.603028741298639259e-01
4.614985908844593809e-01
4.627150505865976204e-01
4.639380229215753770e-01
4.651573231940344666e-01
4.663793278094993111e-01
4.676064078301881421e-01
4.688606408540920700e-01
4.701237087624706712e-01
4.713795658877333872e-01
4.726375374820772080e-01
4.738974762054068424e-01
4.751375523946749779e-01
4.763711670989993485e-01
4.776404148416198980e-01
4.789153816094827709e-01
4.801908418657868660e-01
4.814819297340645621e-01
4.828031220279300761e-01
4.841342069623507660e-01
4.854903283054228802e-01
4.868635469983748632e-01
4.882361014914328723e-01
4.895890501211089263e-01
4.000031679714009525e-01
4.000031839689648372e-01
4.023869609447590645e-01
4.047860585295079416e-01
4.071403524273503050e-01
4.095010562959772726e-01
4.117759026822839785e-01
4.140787092644799827e-01
4.162879848137784888e-01
4.185332222276952896e-01
4.207616294870323292e-01
4.230403293045935098e-01
4.253214927380115085e-01
4.276249418240481992e-01
4.299108796039478597e-01
4.321967741125400386e-01
-2.000031120494462078e-01
-2.000031280751814466e-01
-2.023452393889242362e-01
-2.046931168983104621e-01
-2.070454483917801014e-01
-2.093935198500572747e-01
-2.117283859073847974e-01
-2.140351482096415625e-01
-2.164070015760186372e-01
-2.188180687438393834e-01
-2.212427545487512248e-01
-2.236654093615022265e-01
-2.260884410171793424e-01
-2.285349714727047676e-01
-2.309579352203465497e-01
-2.333746909983561157e-01
-2.358181132158432836e-01
-2.382647512757861685e-01
-2.406887369075639549e-01
-2.431449630174852272e-01
-2.456180437164429964e-01
-2.481332957019088681e-01
-2.506244013120559888e-01
-2.531258079966173247e-01
-2.556420083121692111e-01
-2.581581499667989221e-01
-2.606613335365673967e-01
-2.631776298863128805e-01
-2.656938107714895136e-01
-2.682099330548026184e-01
-2.707260351669259490e-01
-2.732421227430881783e-01
-2.757582003093676515e-01
-2.782742714220500235e-01
-2.807868675139756909e-01
-2.832669074312914592e-01
-2.857359391457217068e-01
-2.882378457212376177e-01
-2.907458462025721557e-01
-2.932530846169836281e-01
-2.957615993020146217e-01
-2.982584160328369816e-01
-3.007516718696432445e-01
-3.032285871602227179e-01
-3.057226975607830743e-01
-3.082430841831102497e-01
-3.107369899935252255e-01
-3.132176321081541759e-01
-3.157177032996446586e-01
-3.182267797823647437e-01
-3.207477747625652187e-01
-3.232122085654923205e-01
-3.256537290711685184e-01
-3.281393148008389105e-01
-3.306501838402653437e-01
-3.331344536403845757e-01
-3.356345117520053711e-01
-3.381409746313428499e-01
-3.406536384936554307e-01
-3.431457075950385960e-01
-3.456574112435520929e-01
-3.481519170410529163e-01
-3.506443772356938049e-01
-3.531549237102291072e-01
-3.556778730249872678e-01
-3.582038442693163960e-01
-3.607297891090683328e-01
-3.632557115215286903e-01
-3.657816119632027463e-01
-3.683074844463700148e-01
-3.708333414709911180e-01
-3.733591917291850804e-01
-3.758850374225338742e-01
-3.784108803194938253e-01
-3.809367218034308000e-01
-3.834625629255304924e-01
-3.859884044582788110e-01
-3.885142469463774839e-01
-3.910400907530771630e-01
-3.935659361008299051e-01
-1.999970580190930103e-01
-1.999970419744429295e-01
-1.976628406080866152e-01
-1.953284101142161722e-01
-1.930120052677011533e-01
-1.906860230739528261e-01
-1.883729901390591155e-01
-1.860470907914340832e-01
-1.837163031712778505e-01
-1.813833018585356005e-01
-1.790457598146597273e-01
-1.767082475010764153e-01
-1.743707635815092416e-01
-1.720333047964841544e-01
-1.696958677039233920e-01
-1.673584489432166922e-01
-1.650210454010349326e-01
-1.626836543034869409e-01
-1.603462732548684155e-01
-1.580088964110140937e-01
-1.556834515604213764e-01
-1.533466206814441402e-01
-1.510281417576118945e-01
-1.486988330611233866e-01
-1.463722966466621811e-01
-1.440459676315752335e-01
-1.417110437837001136e-01
-1.393761003549515987e-01
-1.370417315650451218e-01
-1.347067806609713037e-01
-1.323718156416864300e-01
-1.300368388171825873e-01
-1.277018523226936819e-01
-1.253668580076083006e-01
-1.230318573651381087e-01
-1.206968514834668715e-01
-1.183618404647314437e-01
-1.160268255684530903e-01
-1.136918076275370976e-01
-1.113567872653649926e-01
-1.090217649275478790e-01
-1.066867409143695683e-01
-1.043517154120773976e-01
-1.020166865452306754e-01
-9.968165324233531355e-02
-9.734661781633524580e-02
-9.501157974180664267e-02
-9.267653854006502323e-02
-9.034149380429325193e-02
-8.800644521913088270e-02
-8.567139257556398435e-02
-8.333633578138820164e-02
-8.102155647001484107e-02
-7.869696060335898413e-02
-7.640264343502722877e-02
-7.414948581834603092e-02
-7.189896705081157136e-02
-6.966066419992972270e-02
-6.739715211278100859e-02
-6.512704458382644057e-02
-6.282096902643262426e-02
-6.051951002209453312e-02
-5.822084306661840652e-02
-5.592661731267573738e-02
-5.357957472147973493e-02
-5.124397520932413852e-02
-4.892213607747730036e-02
-4.656143205888273184e-02
-4.422047761720006992e-02
-4.188060484511028914e-02
-3.954849357883515742e-02
-3.722894042070727660e-02
-3.489209322190772039e-02
-3.253859865305605559e-02
-3.019887454931591969e-02
-2.788873012681847979e-02
-2.557304811586932555e-02
-2.323060419486158018e-02
-2.085741861791563442e-02
-1.849188129417417281e-02
-1.611581690277187964e-02
-1.375549661533560439e-02
-1.137760429257692052e-02
-8.999795289957765801e-03
-6.622059820971974015e-03
-4.244387304533221196e-03
-1.866758720284121455e-03
5.108362336185660879e-04
2.888406227518905238e-03
5.263317426768301249e-03
7.640966167885092884e-03
1.001860638396047561e-02
1.239624411448497256e-02
1.477389166577994586e-02
1.715153943648664928e-02
1.952918755055211772e-02
2.190683722712577844e-02
2.428448931726552573e-02
2.666214437103873666e-02
2.903980269375966775e-02
3.141746439223747772e-02
3.379512941206316845e-02
3.617279696123357896e-02
3.855046802766924630e-02
4.092814154603443416e-02
4.330581705143674714e-02
4.568349401238076118e-02
4.806117184121305036e-02
5.043884990376550082e-02
5.281653351688428422e-02
5.519422440113500722e-02
5.757191525828695561e-02
5.994960577891085551e-02
6.232729568367499640e-02
6.470498472223061570e-02
6.708267267345448259e-02
6.946035934641638099e-02
7.183804324195677826e-02
7.421571978399106595e-02
7.659339556358998879e-02
7.897107004562232968e-02
8.134874274909667524e-02
8.372641326150072338e-02
8.610408125001847712e-02
8.848174647007156501e-02
9.085940877118033054e-02
9.323706766583429728e-02
9.561472411385817105e-02
9.799237777407295014e-02
1.003700288737393170e-01
1.027476777277173542e-01
1.051253247328587104e-01
1.075029703612314091e-01
1.098806151523116087e-01
1.122582481969771617e-01
1.146358803675187193e-01
1.170135128611830971e-01
1.193911458991590013e-01
1.217687796771878689e-01
1.241464143676200560e-01
1.265240501208976520e-01
1.289016870665635750e-01
1.312793364203066193e-01
1.336569925149697358e-01
1.360346497316310410e-01
1.384123084223394529e-01
1.407899688874366118e-01
1.431676313641044029e-01
1.455452960178754140e-01
1.479229629365567678e-01
1.503006321262311817e-01
1.526783031499208965e-01
1.550559766049279531e-01
1.574336518438373411e-01
1.598113285409527573e-01
1.621890062942759891e-01
1.645666846316676535e-01
1.669443630184316019e-01
1.693220452434640866e-01
1.716997360684962282e-01
1.740774268433521732e-01
1.764551172917938615e-01
1.788328071578614287e-01
1.812104962062627278e-01
1.835881842240809358e-01
1.859658710231049394e-01
1.883435564423492359e-01
1.907212330505590747e-01
1.930989090070420189e-01
1.954765837674080908e-01
1.978542568383699352e-01
2.002319277929322794e-01
2.026095962822166141e-01
2.049872620445066795e-01
2.073649249115919468e-01
2.097425848124062908e-01
2.121202414083677157e-01
2.144978955968813439e-01
2.168755471850808692e-01
2.192531964736339767e-01
2.216308438462547548e-01
2.240084897631403615e-01
2.263861347533364654e-01
2.287637700054410139e-01
2.311414022167952442e-01
2.335190347135697453e-01
2.358966677216121910e-01
2.382743014406343007e-01
2.406519360464553225e-01
2.430295716926471339e-01
2.454072085117333102e-01
2.477848557898578441e-01
2.501625118214199639e-01
2.525401689136106964e-01
2.549178274254740861e-01
2.572954876663816060e-01
2.596731498839445207e-01
2.620508142551348230e-01
2.644284808799681752e-01
2.668061497773544510e-01
2.691838204191030481e-01
2.715614936386689937e-01
2.739391686836828987e-01
2.763168452410125764e-01
2.786945229203872665e-01
2.810722012603385500e-01
2.834498797355674005e-01
2.858275601014896861e-01
2.882052509446176303e-01
2.905829417803117987e-01
2.929606323293417747e-01
2.953383223327509244e-01
2.977160115520580685e-01
3.000936997708865683e-01
3.024713867972498305e-01
3.048490724660523066e-01
3.072267491422620012e-01
3.096044252530662511e-01
3.119821002478535554e-01
3.143597736244724827e-01
3.167374449449857909e-01
3.191151138479962901e-01
3.214927800581451889e-01
3.238704433928500936e-01
3.262481037662871008e-01
3.286257608261693997e-01
3.310034154526649841e-01
3.333810674402738483e-01
3.357587170761718864e-01
3.381363647315344667e-01
3.405140108551508726e-01
3.428916559659344054e-01
3.452692932402732229e-01
3.476469254264156206e-01
3.500245578598341623e-01
3.524021907707575174e-01
3.547798243627824921e-01
3.571574588153234586e-01
3.595350942853618448e-01
3.619127309087182276e-01
3.642903760274152081e-01
3.666680319207166749e-01
3.690456888154908799e-01
3.714233470773031232e-01
3.738010070241337690e-01
3.761786689138023609e-01
3.785563329347199080e-01
3.809339991992298780e-01
3.833116677391334437e-01
3.856893380427778850e-01
3.880670109501537235e-01
3.904446857247152458e-01
3.928223620656236537e-01
3.952000395941204780e-01
3.975777178592372896e-01
3.999553963449521410e-01
4.023330747824909182e-01
4.047107655587575681e-01
4.070884563704356141e-01
4.094661469355341255e-01
4.118438369923458908e-01
4.142215262994268232e-01
4.165992146371084726e-01
4.189769018097156961e-01
-2.000030307355313286e-01
-2.000030467782988042e-01
-2.024167072082113383e-01
-2.048306083205642669e-01
-2.072445108648564571e-01
-2.096584144704465580e-01
-2.120723192104217725e-01
-2.144862249705660751e-01
-2.169001314690059690e-01
-2.193140382823494938e-01
-2.217279448704869149e-01
-2.241418514739516310e-01
-2.265557575465606821e-01
-2.289696629255056348e-01
-2.313835674500974438e-01
-2.337974709656317207e-01
-2.362113733272674376e-01
-2.386252744056807373e-01
-2.410391740827644291e-01
-2.434530769152740137e-01
-2.458669779916092257e-01
-2.482808766559393421e-01
-2.506947723180453225e-01
-2.531086644695261789e-01
-2.555225526965196337e-01
-2.579364366891642169e-01
-2.603503162482107558e-01
-2.627641912891250375e-01
-2.651780618438970283e-01
-2.675919280606364192e-01
-2.700057898778486232e-01
-2.724196483378715783e-01
-2.748335035600024678e-01
-2.772473561088797389e-01
-2.796612066337853530e-01
-2.820750562178898080e-01
-2.844889058319686193e-01
-2.869027557062130418e-01
-2.893166060441610399e-01
-2.917304570255462304e-01
-2.941443088082095203e-01
-2.965581615293974016e-01
-2.989720153067020880e-01
-3.013858748579978375e-01
-3.037997360110124001e-01
-3.062135992983107124e-01
-3.086274652010680408e-01
-3.110413341335743209e-01
-3.134552064306161956e-01
-3.158690823374624701e-01
-3.182829620024679729e-01
-3.206968454722579076e-01
-3.231107326893174481e-01
-3.255246234916853165e-01
-3.279385176144148928e-01
-3.303524143385284662e-01
-3.327663139615342769e-01
-3.351802155334433486e-01
4.000022958982290544e-01
4.000023117851401744e-01
4.018016459281057440e-01
4.036011316340931687e-01
4.054006243488397221e-01
4.072001229511343912e-01
4.089996266715547613e-01
4.107991344753046947e-01
4.125986450908554759e-01
4.143981565828780966e-01
4.161976686181123597e-01
4.179971806724744887e-01
4.197966922538223788e-01
4.215962029017314983e-01
4.233957121886854913e-01
4.251952197223098362e-01
4.269947251483187656e-01
4.287942281525215504e-01
4.305937284694063005e-01
4.323932258786447047e-01
4.341927237168191067e-01
4.359922195879957774e-01
4.377917109124134232e-01
4.395911965784750075e-01
4.413906756735995196e-01
4.431901475115372913e-01
4.449896116522898404e-01
4.467890679153506128e-01
4.485885163868501002e-01
4.503879574210213343e-01
4.521873912924088690e-01
4.539868195679063745e-01
4.557862429950407801e-01
4.575856629127905140e-01
4.593850805901354417e-01
4.611844979447971005e-01
4.629839154722141803e-01
4.647833336298066720e-01
4.665827528389246970e-01
4.683821734851567609e-01
-1.999971250180138105e-01
-1.999971090090687798e-01
-1.977224812591608927e-01
-1.954476406816042511e-01
-1.931728111752715471e-01
-1.908979918328154446e-01
-1.886231811865228258e-01
-1.863483778522865286e-01
-1.840735804826378053e-01
-1.817987877524611384e-01
-1.795239983483956359e-01
-1.772492101014534471e-01
-1.749744226223955423e-01
-1.726996354017903967e-01
-1.704248480048091985e-01
-1.681500600606338214e-01
-1.658752712543420105e-01
-1.636004813201471786e-01
-1.613256900392935900e-01
-1.590508925873794777e-01
-1.567760929191821806e-01
-1.545012903747764177e-01
-1.522264843796571898e-01
-1.499516744603605900e-01
-1.476768602564570709e-01
-1.454020414851788789e-01
-1.431272179862475291e-01
-1.408523897283318338e-01
-1.385775568426869109e-01
-1.363027196235855054e-01
-1.340278788875700344e-01
-1.317530344551527399e-01
-1.294781874243239594e-01
-1.272033385534091510e-01
-1.249284886917436943e-01
-1.226536383995032453e-01
-1.203787880550251377e-01
-1.181039379919693461e-01
-1.158290885217768684e-01
-1.135542399332955810e-01
-1.112793924912914428e-01
-1.090045464341691944e-01
-1.067297019711665879e-01
-1.044548574657335333e-01
-1.021800118715125855e-01
-9.990516875870179836e-02
-9.763032889032746686e-02
-9.535549293421891059e-02
-9.308066144623178273e-02
-9.080583485683421663e-02
-8.853101351443262712e-02
-8.625619762312160266e-02
-8.398138724051798509e-02
-8.170658224974354511e-02
-7.943178281220696080e-02
-7.715698753464345083e-02
-7.488219631456294323e-02
-7.260740848649133161e-02
-7.033262328312039902e-02
-6.805783984161287159e-02
-6.578305645166654392e-02
-6.350827284505446146e-02
-6.123348873035093509e-02
-5.895870384501166600e-02
-5.668391795399253807e-02
-5.440913084898429258e-02
-5.213434234796816835e-02
-4.985955229494195423e-02
-4.758475595177447115e-02
-4.530995733894135902e-02
-4.303515581749586816e-02
-4.076035082389727060e-02
-3.848554188808647053e-02
-3.621072864733724389e-02
-3.393591083355407961e-02
-3.166108827768732842e-02
-2.938626093697489089e-02
-2.711142891870735316e-02
-2.483659300382498950e-02
-2.256175251030777956e-02
-2.028690860108760610e-02
-1.801206195352322501e-02
-1.573721331338998747e-02
-1.346236351956928319e-02
-1.118751322542217361e-02
-8.912662818123917585e-03
-6.637812636966639035e-03
-4.362962999154759540e-03
-2.088114199655313839e-03
1.867334904058874374e-04
2.461579826386248691e-03
4.736424593340215865e-03
7.011267609276060873e-03
9.286113563741952778e-03
1.156095716556775066e-02
1.383579764061215224e-02
1.611063430595307405e-02
1.838546658720481911e-02
2.066029403270263493e-02
2.293511627889206414e-02
2.520993310050071573e-02
2.748474382968919133e-02
2.975954976262885909e-02
3.203435052621696894e-02
3.430914655179432421e-02
3.658393841535841073e-02
3.885872677536841846e-02
4.113351238457964298e-02
4.340829609341062545e-02
4.568307950020976393e-02
4.795786307433076712e-02
5.023264711165796592e-02
5.250743187851004967e-02
5.478221761349333363e-02
5.705700452868128075e-02
5.933179281029623414e-02
6.160658261897850041e-02
6.388137865222656697e-02
6.615617684686775357e-02
6.843097785278572098e-02
7.070578224729326400e-02
7.298059051675616360e-02
7.525540304252972823e-02
7.753022010445494161e-02
7.980504189618260746e-02
8.207986848309632710e-02
8.435469938995489303e-02
8.662953522970655296e-02
8.890437514779148120e-02
9.117921858284892822e-02
9.345406486629484477e-02
9.572891326641652654e-02
9.800376295648362268e-02
1.002786131909649547e-01
1.025534635909176595e-01
1.048283138131854697e-01
1.071031635369312229e-01
1.093780124637093176e-01
1.116528603189766711e-01
1.139277068545736515e-01
1.162025518517074557e-01
1.184773951239747602e-01
1.207522413156823793e-01
1.230270852820125604e-01
1.253019262365925313e-01
1.275767634809172879e-01
1.298515964226053254e-01
1.321264245902297463e-01
1.344012476068401074e-01
1.366760652257470177e-01
1.389502215946253061e-01
1.412221831554262841e-01
1.434898018135603581e-01
1.457311452475978097e-01
1.479735329308897174e-01
1.502057128873910963e-01
1.524298033781867623e-01
1.546346450127435157e-01
1.568332845940303977e-01
1.590328536142034399e-01
1.612279880574474800e-01
1.634175553110007728e-01
1.655984591022231223e-01
1.677897313606256657e-01
1.699455814793771335e-01
1.721098997396860730e-01
1.742724224177822356e-01
1.764010215517807512e-01
1.784908433598151045e-01
1.805834699593261150e-01
1.826749288517532932e-01
1.847600659708379112e-01
1.868491312188146070e-01
1.889429718531492053e-01
1.910253324103038386e-01
1.931153294264375264e-01
1.951760473268013552e-01
1.972172622344346704e-01
1.992831079731212096e-01
2.013392654580001273e-01
2.033864548592107802e-01
2.054491686189396094e-01
2.075040826541088568e-01
2.095392225452220036e-01
2.115838709428762288e-01
2.136623330955051969e-01
2.157382333922050199e-01
2.178008701170311978e-01
2.198669406373143786e-01
2.219528943296989743e-01
2.240520009375725208e-01
2.261586508294132214e-01
2.282507577140813759e-01
2.303274219610088880e-01
2.324039952379468033e-01
2.345077856381103942e-01
2.365951023306083201e-01
2.386722867368978318e-01
2.407291938590787883e-01
2.427559528769538955e-01
2.447754464654164352e-01
2.467740513804745350e-01
2.487462635306817993e-01
2.507037095265521875e-01
2.526573207955917777e-01
2.545998586732762803e-01
2.565425814135475768e-01
2.584875325017401138e-01
2.604202371402775107e-01
2.623424719231889912e-01
2.642466605111176703e-01
2.661517721920518831e-01
2.680703473241433099e-01
2.699702403864928657e-01
2.718542551690319442e-01
2.737185282719826751e-01
2.755843303751364104e-01
2.774402783931320116e-01
2.792987043597758290e-01
2.811680819233238204e-01
2.830101782679184663e-01
2.848231134269834652e-01
2.866316421155233329e-01
2.884406099592926043e-01
2.902327810210410530e-01
2.920204825680309257e-01
2.938025616602131795e-01
2.955712619082403458e-01
2.973227942112710576e-01
2.990921110076710243e-01
3.008452819260483690e-01
3.026027716147946522e-01
3.043645564868241449e-01
