3.999968945656586783e-01
3.999968785380536573e-01
3.980971095966586160e-01
3.958348518589371867e-01
3.935995324889107194e-01
3.914658988003053564e-01
3.892942724112258834e-01
3.874188575667388279e-01
3.857651614891457470e-01
3.844520929214250704e-01
3.842807258818329852e-01
3.841963912978867968e-01
3.841323792980341212e-01
3.839879535847335879e-01
3.837799990682873585e-01
3.835407543991941060e-01
3.832619597988101146e-01
3.829907321824604360e-01
3.826711042907381954e-01
3.823033217626599090e-01
3.819611655726286581e-01
3.816597078334499904e-01
3.813903706589048537e-01
3.811021068850271587e-01
3.807678549729589523e-01
3.804379693586654176e-01
3.800973646426090702e-01
3.797362327453842612e-01
3.793399788215188195e-01
3.789215975090686750e-01
3.785126324553169663e-01
3.781318461867549385e-01
3.777659777189607548e-01
3.773942253331032393e-01
3.770779845219542348e-01
3.767766873281147011e-01
3.765128818925612686e-01
3.762770243307171358e-01
3.760784518275672728e-01
3.759141149448181340e-01
3.757826155634188536e-01
3.756690495209265013e-01
3.755958268582494930e-01
3.755363959031320364e-01
3.754799666940941694e-01
3.754379002778371333e-01
3.754140660287276776e-01
3.754049384435505510e-01
3.754120695098942528e-01
3.754308592333270300e-01
3.754646040390376416e-01
3.755216356806479472e-01
3.756034176385293355e-01
3.757158575058678895e-01
3.758401940667399077e-01
3.766663768945158752e-01
3.774706291063108510e-01
3.782676374956752130e-01
3.790767455053963286e-01
3.798659786934648896e-01
3.806660167885561608e-01
3.814581329382668584e-01
3.823052954379623225e-01
3.831483544592581558e-01
3.840326949652181354e-01
3.848711167130515753e-01
3.857514952642087658e-01
3.866671867413293273e-01
3.875214494737407311e-01
3.884017637608047635e-01
3.893282408739631717e-01
3.902262621591330860e-01
3.911298162120965816e-01
3.919657347912392509e-01
3.928998996870606275e-01
3.937273725138881186e-01
3.946921857937107925e-01
3.956177164995681728e-01
3.966180259746528436e-01
3.976070730143994592e-01
3.986796262226250387e-01
3.995545787512538860e-01
4.004195268576114519e-01
4.014050029033078282e-01
4.022542008186575369e-01
4.028414659740540693e-01
4.035910436245870869e-01
4.047684851524943062e-01
4.056375842454640890e-01
4.065456523262874766e-01
4.074474106274393326e-01
4.085024339660950909e-01
4.098290617284717774e-01
4.106155751589367631e-01
4.114608328785634428e-01
4.122719169811430717e-01
4.130930375613116601e-01
4.139801228351389084e-01
4.149831654146712290e-01
4.159727148926497531e-01
4.170321879208924165e-01
4.181035525104483952e-01
4.193427024353605370e-01
4.204173757203421569e-01
4.214808202559474082e-01
4.225021304953168744e-01
4.236513347301414933e-01
4.247468148261169807e-01
4.259070557174712279e-01
4.267583715618742946e-01
4.276008562849207828e-01
4.284450723354030210e-01
4.291432350221381364e-01
4.297241382765890072e-01
4.302109731319925245e-01
4.306301436162354168e-01
4.309354814356184948e-01
4.311275454313506783e-01
4.312343312827897623e-01
4.312492531389232608e-01
4.312761024229297968e-01
4.313112337503693938e-01
4.313099111047243306e-01
4.313222758046659777e-01
4.313547906111496189e-01
4.313296077565840214e-01
4.313152916064305620e-01
4.313258932712198401e-01
4.313337667593243330e-01
4.313516117871838418e-01
4.314019349397244518e-01
4.314299581056454946e-01
4.314630389584193093e-01
4.314951531194478607e-01
4.315565108549611062e-01
4.316085807499135951e-01
4.316523290877329888e-01
4.316996007855475881e-01
4.317678855422258932e-01
4.318513557505412326e-01
4.319756378191602075e-01
4.321229921437478860e-01
4.322704880440308983e-01
4.323707758324490946e-01
4.324246319370667613e-01
4.324259507294014315e-01
4.323873652408489199e-01
4.323149351268122387e-01
4.322115743727094062e-01
4.320794054903226988e-01
4.319151598768763423e-01
4.317171738387404756e-01
4.314949301494185319e-01
4.312411508356593370e-01
4.309693906216617854e-01
4.306782075979420643e-01
4.303611807826325797e-01
4.300285522264961080e-01
4.296804498024751617e-01
4.293175270841312896e-01
4.289397509685283771e-01
4.285328467764131788e-01
4.281101009515690947e-01
4.276689383484952867e-01
4.272065633952786268e-01
4.267204329271932495e-01
4.262207731132368616e-01
4.257048114315700182e-01
4.251693844152907298e-01
4.246111154038808011e-01
4.240406704375817015e-01
4.234457198061984395e-01
4.228347292030130711e-01
4.222132112062161324e-01
4.215741748010507495e-01
4.209180913903087795e-01
4.202355321225731410e-01
4.195311909427013597e-01
4.188028225717095321e-01
4.180530911651978987e-01
4.172724353832373834e-01
4.164714434985922198e-01
4.156333738388020005e-01
4.147604525256861630e-01
4.138720943342055758e-01
4.129772590094875628e-01
4.120670358211311890e-01
4.111531264391354301e-01
4.102478732835462272e-01
4.093324413736903478e-01
4.084403721197237269e-01
4.075400291336793157e-01
4.066543608575585722e-01
4.057876880490207672e-01
4.049429278411048050e-01
4.041442441974332778e-01
4.033906203195296580e-01
4.026573924646986713e-01
4.018511948774213249e-01
4.010953547278905407e-01
4.003470815981088338e-01
3.995860175783441659e-01
3.988402705077621624e-01
3.981011416293055993e-01
3.973668981196563088e-01
3.966204807682345290e-01
3.958599940062013101e-01
3.950585891679436190e-01
3.942790892537283431e-01
3.934704505661686391e-01
3.926532496431496266e-01
3.918056959363191982e-01
3.909682578499625305e-01
3.901773781921914486e-01
3.894458246196517148e-01
3.887172443996430027e-01
3.879385681291521171e-01
3.870309982897559564e-01
3.861901846822610729e-01
3.852891010745612133e-01
3.843741272222576666e-01
3.834289931863011369e-01
3.824435299838870317e-01
3.813830165734308220e-01
3.801793768121560224e-01
3.788081707381392715e-01
3.773813369948151863e-01
3.759013575273985053e-01
3.743059994143647651e-01
3.726631762879814569e-01
3.708996922168802390e-01
3.690360010658683687e-01
3.671597963953970867e-01
3.652872522213716500e-01
3.633921959249235001e-01
3.614959024217723194e-01
3.596025340069243792e-01
3.576166648534366832e-01
3.555826222152903560e-01
3.535113788738789009e-01
3.514256316964781135e-01
3.493431750530509028e-01
3.472674102426796527e-01
3.451645274890018378e-01
3.430644731571991235e-01
3.409349590111029893e-01
3.387863809990684927e-01
3.365847783182146502e-01
3.343963323861028902e-01
3.321990384677142027e-01
3.299991389399241637e-01
3.277814733731826413e-01
3.255524671446532459e-01
3.233227332192822878e-01
3.210684240524904198e-01
3.188062913591647174e-01
3.164988963304359859e-01
3.141917866475407717e-01
3.119244923908881528e-01
3.097055122350432232e-01
3.067990310986714042e-01
3.068972906849774529e-01
3.069629324093134382e-01
3.070198244039964997e-01
3.070534481343159539e-01
3.070259531592537394e-01
3.070149355612891706e-01
3.069941921700111709e-01
3.070285293933358028e-01
3.071005893403971898e-01
3.072029501913272620e-01
3.073555931144191788e-01
3.074956507802509287e-01
3.076170692777436266e-01
3.077473648881542401e-01
3.078636846271659566e-01
3.082885159456194013e-01
3.083009766278261843e-01
3.083077918114942029e-01
3.083113774176806654e-01
