4.000024862284135008e-01
4.000025021752632859e-01
4.018675478327386474e-01
4.037596592886619207e-01
4.056571054361318152e-01
4.075396219450648783e-01
4.094203870726236261e-01
4.112883589645176530e-01
4.131490944581441838e-01
4.149684213168171598e-01
4.167731759228523458e-01
4.185595486710565472e-01
4.203304950277915175e-01
4.220894364811415000e-01
4.238239654838467096e-01
4.255379264254317562e-01
4.272554542535982880e-01
4.289453123204171048e-01
4.306237150979143058e-01
4.322828383596199475e-01
4.339260390670284795e-01
4.355664460681121786e-01
4.371925729827311757e-01
4.387905752114392710e-01
4.403788171882216385e-01
4.419433312510648859e-01
4.434933850490110352e-01
4.450241594968442072e-01
4.465305517035423888e-01
4.480328358187524729e-01
4.495516134275514553e-01
4.510727435868266411e-01
4.525671381943371929e-01
4.540320101561154953e-01
4.554891374068916754e-01
4.569082332207415886e-01
4.582968470911143455e-01
4.596842314341911262e-01
4.610572082233825864e-01
4.624185495967454984e-01
4.637594517697001817e-01
1.999968816954531547e-01
1.999968656715181425e-01
1.975234778763440835e-01
1.972199164767818036e-01
1.969682191938923188e-01
1.967378433201869004e-01
1.965231166167574206e-01
1.962524003637660663e-01
1.960225574471206322e-01
1.958245422059058105e-01
1.956005039533340872e-01
1.953569796775639633e-01
1.951170503989007876e-01
1.948467138774946650e-01
1.945826972249120046e-01
1.943498124415040662e-01
1.940926414084850893e-01
1.938478332570822693e-01
1.936474429386360885e-01
1.934792511328952136e-01
1.933635978339497408e-01
1.932729290220167873e-01
1.931538807219681797e-01
1.930508374871685029e-01
1.929659609661579511e-01
1.928426426588211451e-01
1.927333205476367273e-01
1.926416844690429231e-01
1.925178367876142771e-01
1.923754365827146928e-01
1.922550299540620455e-01
1.921542014762746275e-01
1.920617131783749210e-01
1.919906197392785285e-01
1.919249334820381514e-01
1.918830672323528774e-01
1.918213609394321117e-01
1.917502623874645096e-01
1.916446950174195973e-01
1.915801471470593154e-01
1.915214298432605100e-01
1.914776574558518796e-01
1.914200421595783630e-01
1.913788797687920040e-01
1.913275321533769724e-01
1.912747455402304120e-01
1.912165489389197615e-01
1.911571500213071484e-01
1.911017425164302785e-01
1.910608392040685777e-01
1.910270614567594893e-01
1.909810295266973212e-01
1.909509913591283248e-01
1.909122468931757355e-01
1.908810160372806652e-01
1.908615843643570731e-01
1.908424662165804087e-01
1.908277090968435452e-01
1.908162957588515896e-01
1.908126400672737477e-01
1.908199967924828211e-01
1.908355004795485588e-01
1.908490726873180721e-01
1.908563166203172123e-01
1.908592291146682662e-01
1.908705320719585319e-01
1.908740643778544521e-01
1.908870267930524445e-01
1.909050764236456532e-01
1.909242681646397544e-01
1.909559116569687076e-01
1.909833101975667857e-01
1.910122082505705254e-01
1.910286797003312720e-01
1.910526623699124460e-01
1.910762705849675114e-01
1.910909086562958548e-01
1.911013335656986389e-01
1.911084730093761397e-01
1.911156005421595083e-01
1.911129890510984974e-01
1.911113472178493644e-01
1.911114546576873630e-01
1.911086389208883074e-01
1.911069594504778424e-01
1.911081604631518216e-01
1.911074883046348927e-01
1.911052738674365592e-01
1.911056281231609255e-01
1.911045227215512621e-01
1.911017702697656029e-01
1.910996160416250367e-01
1.910973509276279458e-01
1.910940002796417958e-01
1.910852886421715580e-01
1.910764502652743946e-01
1.910691726154733205e-01
1.910636394721618725e-01
1.910605403674215386e-01
1.910584654478460487e-01
1.910510847432820847e-01
1.910508521740148513e-01
1.910470685705289440e-01
1.910400501947649710e-01
1.910366240122060577e-01
1.910330760768575442e-01
1.910254198095298894e-01
1.910169990635143533e-01
1.910107612010149281e-01
1.910053449854120788e-01
1.910000624102631273e-01
1.909951569618120182e-01
1.909908314198582036e-01
1.909873768156544194e-01
1.909834685731778281e-01
1.909769012537858857e-01
1.909628240324203474e-01
1.909560706708486044e-01
1.909533356775017510e-01
1.909595971086752719e-01
1.909604216170444624e-01
1.909712612932429054e-01
1.909687898869685263e-01
1.909740661527559169e-01
1.909751626837896399e-01
1.909815228827838052e-01
1.909926392359161951e-01
1.910198234200151113e-01
1.910797288664033144e-01
1.911408338380118921e-01
1.912093328626601196e-01
1.912721577608788304e-01
1.913430646494549969e-01
1.913974373265102946e-01
1.914551987608256456e-01
1.915120955387136503e-01
1.915514519059801912e-01
1.915815439572606804e-01
1.916155019413346705e-01
1.916276288848467180e-01
1.916411793062656466e-01
1.916593019541731613e-01
1.916789917583764380e-01
1.916985259331249192e-01
1.917128152505740979e-01
1.917221246092499776e-01
1.917330171538537131e-01
1.917468759624074426e-01
1.917569088554409440e-01
1.917651235907528728e-01
1.917742522581386833e-01
1.917801127005413497e-01
1.917873011005243600e-01
1.917987095545654053e-01
1.918139374698568378e-01
1.918273370496899055e-01
1.918480673759892507e-01
1.918769190974087824e-01
1.919095066897602286e-01
1.919452258169248582e-01
1.919775420626651519e-01
1.920062008617691163e-01
1.920435943872700890e-01
1.920858661245853916e-01
1.921402091526287492e-01
1.921900034666690349e-01
1.922423723993299804e-01
1.922952551487273898e-01
1.923451846318114111e-01
1.924020406178406639e-01
1.924571164482590802e-01
1.925054912599118984e-01
1.925707687899503862e-01
1.926404736153183306e-01
1.927258555480377000e-01
1.928064491478187481e-01
1.928755320357051495e-01
1.929500023481199866e-01
1.930339168534475625e-01
1.930959364498242847e-01
1.931579846500647568e-01
1.932042340245226641e-01
1.932573009088303095e-01
1.933193778451501310e-01
1.934005131285502221e-01
1.934799588952933191e-01
1.935841865547580642e-01
1.937000678239862717e-01
1.938301870945008942e-01
1.939169810066298238e-01
1.940225624546172700e-01
1.941432333398633858e-01
1.942743976442646014e-01
1.944620181341981668e-01
1.946821505748300707e-01
1.948789061510036447e-01
1.950630662124732961e-01
1.952164812222441370e-01
1.953528966293868741e-01
1.954716375279067497e-01
1.956030402301857374e-01
1.957668133649017039e-01
1.959197093338223006e-01
1.960763820110455469e-01
1.962644545783462924e-01
1.964400838968721197e-01
1.966242325062566298e-01
1.968378523628319665e-01
1.970258711440038557e-01
1.972164351934555804e-01
1.974165242088768424e-01
1.976015359023685636e-01
1.977920941230328633e-01
1.979722643258479409e-01
1.981440678549319101e-01
1.982915595534350262e-01
1.984158609897288261e-01
1.985762780597044586e-01
1.987226829968971598e-01
1.988690879357239427e-01
1.989848622934265732e-01
1.990843409886406123e-01
1.992127809080713463e-01
1.993208690519082948e-01
1.994275898651416135e-01
1.995534396609391359e-01
1.996978450823053419e-01
1.998011565106010967e-01
1.999101506858730892e-01
2.000267936655251988e-01
2.001677440895092142e-01
2.002899197525706831e-01
2.003657644737533994e-01
2.004374286971831454e-01
2.005139351116775603e-01
2.005914978610139898e-01
2.006709209522913873e-01
2.007474640553868206e-01
2.008183092814119219e-01
2.008982141902972418e-01
2.009996272340358603e-01
2.010940936256278844e-01
2.011751458143397897e-01
2.012419750936389473e-01
2.013046050083133476e-01
2.013707401649598439e-01
2.014389806519450155e-01
2.015018544678114643e-01
2.015572826427618203e-01
2.016069743485269239e-01
2.016525947162351451e-01
2.017287276332151436e-01
2.017901682577150635e-01
2.018590416718779867e-01
2.019342039145832768e-01
2.020213724517935516e-01
2.021040406136392076e-01
2.021924023995709807e-01
2.022915006662931170e-01
2.024036084212876840e-01
2.025125618839775099e-01
2.026104917332063604e-01
2.027065801359228259e-01
2.027964500628913203e-01
2.028680846211141364e-01
2.029470706600450536e-01
2.030109862384537889e-01
2.030847130282509294e-01
2.031482560847593377e-01
2.031968925566150774e-01
2.032386630014065276e-01
2.032811791556596581e-01
2.033336115592718485e-01
2.033850337540887010e-01
2.034431291294833410e-01
2.035095936090461355e-01
2.035824569644598403e-01
2.036542215703208980e-01
2.037234484217394781e-01
2.037739607490808291e-01
2.038149394052293506e-01
2.038577815757793010e-01
2.039075688968779443e-01
2.039629891448098697e-01
2.040130017862106793e-01
2.040714576148043857e-01
2.041215653490963955e-01
2.041762838542169334e-01
2.042243296653454554e-01
2.042616691972461151e-01
2.042921721235159693e-01
2.043184523613278958e-01
2.043487386285220975e-01
2.043771425589864521e-01
2.044066759913161779e-01
2.044279464820883130e-01
2.044463741279676228e-01
2.044601353696998136e-01
2.044735394279692253e-01
2.044849511106040241e-01
2.044941014659300282e-01
2.045003153165775023e-01
2.045047122776361970e-01
2.045074206286696950e-01
2.045087048639648575e-01
2.045069212719053398e-01
2.045028585835525770e-01
2.044969996443456450e-01
2.044896925197915161e-01
2.044790490999693622e-01
2.044681397560366987e-01
2.044505509036430579e-01
2.044292951602302011e-01
2.044084077813090039e-01
2.043925222025294586e-01
2.043806904626665200e-01
2.043729277436387715e-01
2.043711542266923309e-01
2.043652536615430670e-01
2.043640322415770094e-01
2.043664310461345834e-01
2.043668685467502355e-01
2.043650234461745763e-01
2.043636383649780064e-01
2.043614901024084218e-01
2.043585103848077345e-01
2.043556718825507712e-01
2.043430545560689648e-01
2.043280017840095331e-01
2.043137609332471294e-01
2.043090823648666676e-01
2.043026407387092125e-01
2.042945348843812625e-01
2.042922774951817511e-01
2.042835043910710136e-01
2.042780547007777281e-01
2.042619298257307425e-01
2.042560096591992946e-01
2.042467698170502277e-01
2.042393136217723060e-01
2.042298482566325679e-01
2.042219493043002931e-01
2.041941215505531926e-01
2.041726211641413102e-01
2.041433879128400630e-01
2.041108657569796203e-01
2.040790948652947134e-01
2.040494115358820748e-01
2.040180414941258902e-01
2.039873540536741026e-01
2.039577937367348659e-01
2.039194903056119612e-01
2.038878149971743992e-01
2.038541693804953314e-01
2.038317119857112891e-01
2.038016517861172827e-01
2.037687215918780603e-01
2.037542719793944690e-01
2.037295449720440688e-01
2.037191808023508244e-01
2.037093455900878536e-01
2.036969604020092139e-01
2.036876480251001154e-01
2.036828073511513237e-01
2.036800293870818235e-01
2.036750626173170486e-01
2.036737833604548853e-01
2.036835117397456374e-01
2.036774618986912921e-01
2.036797673276850851e-01
2.036785880413470307e-01
2.036992974452008220e-01
2.037157400306222332e-01
2.037454030718182096e-01
2.037821850452394279e-01
2.038004102147585872e-01
2.038262089607874306e-01
2.038506220996690876e-01
2.038768608526657367e-01
2.039066984443874131e-01
2.039380160833864364e-01
2.039805449910107038e-01
2.040279267445079259e-01
2.040739446629731280e-01
2.041219514197828988e-01
2.041612979238804082e-01
2.041941000775910620e-01
2.042196539789478682e-01
2.042635839073896065e-01
2.043240087156352469e-01
2.044002071026167489e-01
2.045203526639046143e-01
2.046674457623365584e-01
2.048221622854942414e-01
2.049983276124624498e-01
2.051905678059732507e-01
2.053907972918950497e-01
2.056136907931604418e-01
2.058416019113132878e-01
2.060348613846798016e-01
2.062330946389383801e-01
2.064509396347838643e-01
2.066767397661980199e-01
2.068936816401845957e-01
2.070818989623701423e-01
2.072736090275468512e-01
2.074498438342460283e-01
2.076379064422233245e-01
2.078321752186391147e-01
2.080326990178496538e-01
2.082197108752441017e-01
2.083662074143569909e-01
2.085126909775194826e-01
2.086800672591302419e-01
2.088725240875383693e-01
2.090232388180925105e-01
2.091615545811011390e-01
2.093115121310865356e-01
2.094905873668438945e-01
2.096454901947216454e-01
2.098054976656598680e-01
2.099654381467192521e-01
2.101547765773890408e-01
2.103208651537592233e-01
2.104875104378594319e-01
2.106604081891977343e-01
2.108103085146547095e-01
2.109878610663938614e-01
2.111835121844605201e-01
2.113711668202935545e-01
2.115604967130010061e-01
2.117445626137481607e-01
2.119201460852829788e-01
2.121321818639145262e-01
2.123236979346305453e-01
2.125066239238455612e-01
2.126837853058970162e-01
2.128474646679410220e-01
2.129940717133010641e-01
2.131411142098486033e-01
2.133018871092065005e-01
2.134975375566276756e-01
2.136878523424307619e-01
2.138540872796715342e-01
2.140567424742888247e-01
2.142886677411174334e-01
2.145212868051288024e-01
2.147479723518365413e-01
2.149700760673949607e-01
2.152152687502355832e-01
2.154502868195710130e-01
2.157137750881248095e-01
2.160102813886140283e-01
2.163135190507360917e-01
2.165875086776382907e-01
2.168557434166722142e-01
2.171173859910486281e-01
2.173625862275174458e-01
2.175798195449870354e-01
2.177943166351963000e-01
2.179997368360737375e-01
2.182171016200292746e-01
2.184181665019749585e-01
2.186070373931679744e-01
2.187905006257801765e-01
2.189567517307798306e-01
2.191146282531167555e-01
2.192646675141816659e-01
2.194496800213681098e-01
2.196191852721166293e-01
2.197884161134821546e-01
2.199611827669111230e-01
2.201202340129515544e-01
2.202887881743071374e-01
2.204634208638443227e-01
2.206566093999405842e-01
2.208494234154807778e-01
2.210525866760962854e-01
2.212638675267354083e-01
2.214459254627064444e-01
2.216087224036783765e-01
2.217664781597498691e-01
2.219473552552849172e-01
2.221369368280199652e-01
2.223214987075959881e-01
2.224767767239619054e-01
2.226136542171849031e-01
2.227637284274189555e-01
2.229328550656985430e-01
2.231196701063815624e-01
2.233043463013653362e-01
2.234919549015226825e-01
2.236633863757840623e-01
2.238456409577823103e-01
2.239965470344152665e-01
2.241527769910210688e-01
2.243141439048306485e-01
2.244694020497538245e-01
2.246415531507374719e-01
2.247759749363449910e-01
2.249234838280673165e-01
2.250558121232494602e-01
2.251883785243952718e-01
2.253134188931480153e-01
2.254168418691142872e-01
2.255282133940886280e-01
2.256478572362248247e-01
2.257487994682051413e-01
2.258711991679251407e-01
2.260043407833001450e-01
2.261710614597560454e-01
2.263162233020351022e-01
2.264737941107546060e-01
2.266314105872224149e-01
2.267703857858482941e-01
2.268660177909262443e-01
2.269839157836177346e-01
2.270904536346616265e-01
2.272249069185659498e-01
2.273412668233220357e-01
2.274476003762786191e-01
2.275639538968760867e-01
2.276652780525794950e-01
2.277548919604283906e-01
2.278429808309982985e-01
2.279014890743316368e-01
2.279494382130566599e-01
2.279940725394584977e-01
2.280282690134710633e-01
2.280734280363145294e-01
2.280889327227427488e-01
2.281064491202398348e-01
2.281302212092816140e-01
2.281446813578518751e-01
2.281685438235868391e-01
2.281744582010164502e-01
2.282001182133640282e-01
2.282339045436453384e-01
2.282692420328167326e-01
2.282925733925388334e-01
2.282970383786826485e-01
2.282965920326301690e-01
2.283278335147062854e-01
2.283493905646669098e-01
2.283546913996199190e-01
2.283835238731874995e-01
2.284328338930265434e-01
2.284472819521508602e-01
2.284850057537831380e-01
2.285401090867508478e-01
2.286132959204169868e-01
2.286737580113159807e-01
2.287428448380643131e-01
2.288012088759605045e-01
2.288555195426322797e-01
2.289122370617917568e-01
2.289719632441652164e-01
2.290336021852943382e-01
2.290951587517881527e-01
2.291703377892770899e-01
2.292085902688374421e-01
2.292241086417867446e-01
2.291980764131659465e-01
2.291798892024597134e-01
2.291578381322337543e-01
2.291721495249670060e-01
2.292007020572230658e-01
2.292413109185859610e-01
2.292405002504887268e-01
2.292465766659613491e-01
2.292504619496362472e-01
2.292034957058068090e-01
2.291013400967022440e-01
2.290020744724072521e-01
2.288880831794341542e-01
2.287684390637791110e-01
2.286548940458889290e-01
2.285250054558013444e-01
2.283921059891867722e-01
2.282932083959010594e-01
2.282188669211017151e-01
2.281012236485907840e-01
2.279744504956092988e-01
2.278141481948143532e-01
2.276519097802319203e-01
2.274783112102334581e-01
2.273567372604043402e-01
2.272272156417172173e-01
2.270474065822265242e-01
2.268358867665727086e-01
2.266611680091752679e-01
2.264646512345568075e-01
2.262330435368817838e-01
2.259833797331926297e-01
2.257786244628471606e-01
2.255928678682149191e-01
2.254246194915698054e-01
2.252720722743234427e-01
2.251049466803282384e-01
2.249996047638499475e-01
2.248967777331549733e-01
2.248055782671350145e-01
2.247228039136464350e-01
2.246294406462010229e-01
2.245251807400350519e-01
2.243964526192540609e-01
2.242806437291615385e-01
2.241670842780406903e-01
2.240848806646647540e-01
2.240318298379909423e-01
2.240092958257720035e-01
2.239968595336546964e-01
2.239843243330792988e-01
2.239658955803793816e-01
2.239653678885036026e-01
2.239783395063450755e-01
2.239614596891058851e-01
2.239345461317365227e-01
2.239031472140129708e-01
2.238337233102427049e-01
2.237598007286006330e-01
2.236422066319017354e-01
2.235038841096047002e-01
2.233558239219342323e-01
2.231703815602290863e-01
2.229904087190861250e-01
2.227778315280030397e-01
2.225556714840865868e-01
2.223177522736580203e-01
2.220732239305827915e-01
2.218289642274778872e-01
2.215766081900749918e-01
2.212505513879804708e-01
2.209307811034290081e-01
2.206693107246444630e-01
2.203837757558934907e-01
2.200932946589155281e-01
2.198124723852043771e-01
2.195492852579478682e-01
2.192375507763895670e-01
2.189245324198507703e-01
2.185853326195211777e-01
2.182341155683809319e-01
2.179039640828869251e-01
2.175786532875870205e-01
2.172491195817029541e-01
2.168978956258237334e-01
2.165644535644482005e-01
2.162514014823918029e-01
2.159386514176491190e-01
2.155895163201790588e-01
2.152236093145373785e-01
2.148676644346962095e-01
2.145079142661314997e-01
2.141659269859434445e-01
2.137824898758289294e-01
2.133554791212332880e-01
2.128952062854670424e-01
2.123913995804352917e-01
2.119484631940996844e-01
2.115269352884689424e-01
2.111410372377731381e-01
2.107585396372861353e-01
2.103849661405272908e-01
2.099633318134451199e-01
2.095237632595567667e-01
2.091116197325600945e-01
2.087088305893188278e-01
2.083121110615658855e-01
2.079333875793800690e-01
2.075495351275055411e-01
2.071812000769339412e-01
2.068340157513991751e-01
2.064895905062092973e-01
2.061464901868209354e-01
2.058121710407574412e-01
2.054649571644180384e-01
2.051231274526833515e-01
2.048328364434660875e-01
2.045527991903661469e-01
2.042566433774326840e-01
2.039679441389657122e-01
2.037112118997289889e-01
2.034638870239036390e-01
2.031777762569524082e-01
2.028991038463455465e-01
2.026047159017260180e-01
2.022825034008594314e-01
2.019896271408580524e-01
2.016602538888473961e-01
2.013748299746308534e-01
2.011150784901743482e-01
2.008586133441625510e-01
2.006121919151515609e-01
2.004094144207267114e-01
2.002104894077932074e-01
2.000080346495752281e-01
1.997983471543705314e-01
1.995962069058175858e-01
1.993691728404455021e-01
1.991338512849659681e-01
1.989166869161994589e-01
1.986616038438073495e-01
1.984470446075654870e-01
1.982113862612894239e-01
1.979668204667229814e-01
1.976500361011505891e-01
1.973469286401153266e-01
1.970186868393887514e-01
1.967279877055106430e-01
1.964408908036292811e-01
1.961631633758678661e-01
1.958472835089812569e-01
1.955256553583267221e-01
1.952111243837764409e-01
1.949052660462903541e-01
1.945801944842316389e-01
1.942719578057518215e-01
1.939147764796844420e-01
1.935677404681497016e-01
1.932434401391492085e-01
1.929100362079948228e-01
1.925778482284201676e-01
1.922240895471965250e-01
1.918726169137021931e-01
1.915183428403325894e-01
1.910984388737289041e-01
1.906785065089716680e-01
1.902658308622484640e-01
1.898825699101614473e-01
1.895689676360094722e-01
1.892742473684022320e-01
1.890509318403983119e-01
1.888693053109697928e-01
1.886683701713420536e-01
1.884928524694872154e-01
1.883141897722440117e-01
1.881219391823074627e-01
1.879349565678509748e-01
1.877503210616226215e-01
1.875470117194547870e-01
1.873214330127402905e-01
1.870680288827041571e-01
1.867466971104292106e-01
1.864026495139408934e-01
1.860500824115003948e-01
1.857305310944251664e-01
1.853851762085370891e-01
1.850517784881608729e-01
1.847494609918950981e-01
1.844156935800587982e-01
1.840816024821993746e-01
1.837388501497957127e-01
1.833900218753247435e-01
1.830920090897465990e-01
1.827781052896184921e-01
1.824536993494223769e-01
1.821392046364404271e-01
1.818416355397755035e-01
1.815219142502592087e-01
1.812190688020193785e-01
1.809230071132327256e-01
1.806126648876461016e-01
1.802916059767172008e-01
1.799680699246270221e-01
1.796643586860889319e-01
1.793530006904614504e-01
1.790451489738709434e-01
1.787181123385357673e-01
1.783885099141778174e-01
1.781013877720655225e-01
1.778035955355956044e-01
1.775019376252794101e-01
1.772308655783479403e-01
1.769423966743821630e-01
1.766510294547701254e-01
1.763968583136344137e-01
1.761353886516991429e-01
1.758584469829872488e-01
1.755784324489335080e-01
1.753278043433522670e-01
1.751030960436689432e-01
1.748816492284643032e-01
1.746912531143282044e-01
1.744591507331629820e-01
1.742304798631204577e-01
1.740111446527708716e-01
1.737805633244570158e-01
1.735424916258549166e-01
1.732924189469103593e-01
1.730612403102918251e-01
1.728239308342663094e-01
1.725755592291652041e-01
1.723358066528963561e-01
1.720839536917758983e-01
1.718239909953571121e-01
1.715714324796278611e-01
1.713065708314015223e-01
1.710191937346329238e-01
1.707577564461577324e-01
1.704831503311740326e-01
1.701945709141962637e-01
1.698946807040618567e-01
1.695780416276108093e-01
1.692915302453956716e-01
1.690302914732781103e-01
1.686926041214847349e-01
1.683180060681339352e-01
1.678981173124100279e-01
1.674719215119204185e-01
1.670264262238381203e-01
1.665588243208947217e-01
1.661245441614034868e-01
1.657188357619432117e-01
1.653180632423433827e-01
1.649434677170564800e-01
1.645389874681684184e-01
1.641410065453332567e-01
1.637598781738792142e-01
1.634064030370087073e-01
1.630588061944460432e-01
1.626852404566137555e-01
1.622797318836470548e-01
1.618794324411401420e-01
1.615073246670571117e-01
1.610984212060375398e-01
1.607493346121871003e-01
1.603696283704892367e-01
1.600591202187042761e-01
1.597589448104633492e-01
1.594982289228648598e-01
1.592476097296676163e-01
1.589979881356535230e-01
1.587659404660030638e-01
1.585753110592751092e-01
1.583656320037687137e-01
1.581332129779876028e-01
1.579444102989147336e-01
1.577080947180811710e-01
1.574661606549262460e-01
1.572342662102910738e-01
1.570231725591960670e-01
1.568277939119832876e-01
1.566334012838336287e-01
1.564523715361933187e-01
1.563166869654578905e-01
1.561195366400709161e-01
1.559693491529896836e-01
1.558383767227851657e-01
1.557164865200569015e-01
1.555816064228537909e-01
1.554608467120038862e-01
1.553479692604913809e-01
1.551845642234560563e-01
1.550022252532373135e-01
1.547680751554324219e-01
1.545701460535265914e-01
1.543375544098087582e-01
1.540739953414022312e-01
1.538289567879000119e-01
1.535680733787152530e-01
1.533177026899693318e-01
1.530735132577678292e-01
1.528293529402621753e-01
1.526159506895935769e-01
1.524795097575742941e-01
1.523463201562238467e-01
1.522020568163363619e-01
1.520685946769781693e-01
1.519611760315770221e-01
1.518593464212372735e-01
1.516971645640564081e-01
1.515452105875192967e-01
1.513905903227375782e-01
1.512343653159116674e-01
1.510855769533879789e-01
1.509387941142343592e-01
1.507701458030383246e-01
1.506594449459889296e-01
1.505539407019521603e-01
1.504308646103473812e-01
1.503615833188809148e-01
1.502609619244555383e-01
1.501528836237519537e-01
1.500561576570889621e-01
1.499910454679670990e-01
1.499107356432361760e-01
1.498254150090729542e-01
1.497278425282568270e-01
1.496403446670317994e-01
1.496068602124734637e-01
1.495726872182914224e-01
1.495752960184376645e-01
1.495764884228515668e-01
1.496130767428786590e-01
1.496540779837683133e-01
1.496945491829545505e-01
1.497573652154017276e-01
1.498029353162778077e-01
1.498690172653410480e-01
1.499171079677027174e-01
1.499822170293384216e-01
1.500728471795796659e-01
1.501881206402558844e-01
1.502733576126970561e-01
1.503437574026723622e-01
1.503744710774589100e-01
1.503935297550916816e-01
1.503712977094408543e-01
1.503433610551431210e-01
1.502691543672103058e-01
1.501327809427746851e-01
1.499994499854507835e-01
1.498514408054088531e-01
1.496941322424307219e-01
1.495330800310994135e-01
1.493965444542482146e-01
1.492589755611315183e-01
1.491036905400494883e-01
1.489931112078346220e-01
1.488835987410832007e-01
1.487671090302779275e-01
1.486627460311789051e-01
1.485701562298734624e-01
1.485361860858241678e-01
1.485059852016369641e-01
1.485136134618703641e-01
1.485392499553680745e-01
1.485318171976827695e-01
1.485858391009182711e-01
1.486810220836453367e-01
1.487333190056106813e-01
1.487700841135914664e-01
1.488773397293668699e-01
1.489994920428630854e-01
1.491309221104820670e-01
1.492335745015059001e-01
1.492719380509951177e-01
1.493041529243271104e-01
1.493208982911036764e-01
1.493600653906173858e-01
1.493520910222387310e-01
1.493664183337395368e-01
1.493570098151562053e-01
1.493179745172450446e-01
1.493057401835584941e-01
1.493403779090486383e-01
1.493939176938869628e-01
1.493913977302464835e-01
1.493636392323380857e-01
1.493326230935726473e-01
1.492274897543629519e-01
1.490425877319947745e-01
1.488082503987318839e-01
1.486179472494792153e-01
1.484272661769835133e-01
1.482372185375822049e-01
1.480810459847016758e-01
1.479097786219501220e-01
1.477645772456738227e-01
1.476057870426002727e-01
1.474920451528520249e-01
1.473811910417154314e-01
1.472408853149621277e-01
1.471209158701445308e-01
1.469695194207187861e-01
1.468279247908735874e-01
1.466924396069051728e-01
1.465254975738920773e-01
1.463411740396268479e-01
1.461517204349028765e-01
1.459743593375889825e-01
1.458085342722849065e-01
1.456265885008699301e-01
1.454349006751292361e-01
1.452555960236066035e-01
1.450706878899453711e-01
1.448775623602217011e-01
1.446706386546008638e-01
1.444886172421852577e-01
1.442763713712371110e-01
1.440823300291026177e-01
1.438551000414031444e-01
1.436340598745858288e-01
1.433650773913243137e-01
1.430816365162028980e-01
1.428323889979694894e-01
1.426469241170295332e-01
1.424772185369476418e-01
1.423409995068358191e-01
1.421895422812199661e-01
1.420275506776510488e-01
1.418932770078771277e-01
1.417302063650754673e-01
1.415664500136388226e-01
1.413466658266158693e-01
1.411621297340426018e-01
1.410019705082038166e-01
1.407965503964551390e-01
1.406247006608020433e-01
1.404327703065803290e-01
1.402373009122604985e-01
1.400628844206114887e-01
1.398994026257964207e-01
1.397474125211184970e-01
1.396503054167735347e-01
1.395488118384484166e-01
1.394896822943233194e-01
1.394106060118424362e-01
1.393052503271354492e-01
1.391981662506625861e-01
1.390230123678848351e-01
1.388228069833687406e-01
1.386478565882525438e-01
1.385054623316153422e-01
1.383088889997453885e-01
1.381229299225068541e-01
1.379533517602237469e-01
1.377922489972970843e-01
1.376383499071815175e-01
1.374796296767752390e-01
1.373216509881556857e-01
1.371986243941879791e-01
1.370409438943459013e-01
1.368883843069051143e-01
1.368296511806543492e-01
1.367793588339874800e-01
1.367108560918075533e-01
1.366546419661946732e-01
1.366570211016049641e-01
1.367511434924830738e-01
1.368926453972648671e-01
1.370292296842640090e-01
1.371863462112870857e-01
1.373085861151686349e-01
1.374437268852598537e-01
1.376111068813082594e-01
1.377373420253590053e-01
1.378280714636963555e-01
1.378795676040951712e-01
1.378931786718780583e-01
1.378997057982458141e-01
1.378762116670216586e-01
1.378666441223458106e-01
1.378092055025431917e-01
1.377471835914329534e-01
1.376974099879195446e-01
1.376280723797326799e-01
1.375708654757644422e-01
1.374604452324569570e-01
1.374150432952176426e-01
1.372991193548580013e-01
1.371411445698524634e-01
1.370295067325514315e-01
1.369440045859489641e-01
1.368566527445145564e-01
1.367500423099450302e-01
1.366120780287116143e-01
1.364611451535246156e-01
1.363071068471167768e-01
1.361819079508655439e-01
1.360068543698255694e-01
1.358334918402563096e-01
1.356909712574830285e-01
1.355933238317486300e-01
1.354530782812468359e-01
1.353063886003202376e-01
1.351447738969654144e-01
1.350125394582455118e-01
1.348397100250243175e-01
1.346759181487820201e-01
1.344711017238152118e-01
1.343549331608711872e-01
1.342690174597237773e-01
1.342249667740340879e-01
1.341061423353387683e-01
1.339532512531910746e-01
1.337962612781543881e-01
1.336126281597305732e-01
1.334049534162269346e-01
1.332133247854657698e-01
1.330888521875579766e-01
1.330227691180880523e-01
1.329232985297300051e-01
1.328235286238423352e-01
1.326678896149130482e-01
1.325112045023400797e-01
1.324412213973527597e-01
1.323737748791931623e-01
1.322601440262241024e-01
1.321318881956179692e-01
1.319935147373028361e-01
1.318520928527726344e-01
1.317673273075683493e-01
1.317406269251054363e-01
1.317757300239097706e-01
1.318095535410912789e-01
1.318834053675039808e-01
1.319127529690730105e-01
1.319863985223830583e-01
1.320469857283402548e-01
1.320097551441485884e-01
1.318862920919114667e-01
1.317698539489590981e-01
1.316481947546989384e-01
1.315374528942148125e-01
1.313734024062936101e-01
1.311616703134950435e-01
1.309529434306933304e-01
1.308098694946151497e-01
1.306001056383351566e-01
1.303835854781137948e-01
1.301884873827193756e-01
1.299583552154686128e-01
1.297024355447873312e-01
1.294767281485064703e-01
1.291991361328047871e-01
1.289349123976904765e-01
1.286668349415011903e-01
1.283552148370663282e-01
1.280048240887040889e-01
1.276428409227453598e-01
1.272720780553156794e-01
1.269237292910896930e-01
1.265591764615888459e-01
1.262171162119279932e-01
1.258829308618892306e-01
1.254909002316097477e-01
1.251158519244743861e-01
1.247125813444458081e-01
1.243059206813223322e-01
1.238507825637561455e-01
1.234203280729798680e-01
1.230584827081225019e-01
1.226862703113569125e-01
1.222555843630553363e-01
1.218294856748491362e-01
1.214500278374151948e-01
1.210888190160025052e-01
1.207204608983861727e-01
1.204229539354375877e-01
1.200469460646780007e-01
1.197216232737927238e-01
1.193937326158737572e-01
1.190282945844493706e-01
1.186638919780799994e-01
1.183276702106703382e-01
1.179953215581536485e-01
1.177146331485526970e-01
1.174077371955534327e-01
1.171001991881642085e-01
1.168026199995945980e-01
1.165504930333477601e-01
1.162299360596773939e-01
1.159400995556197356e-01
1.156438457988297475e-01
1.153507857120009694e-01
1.150333507980035724e-01
1.147292528151032942e-01
1.143883392358488460e-01
1.140296595002486812e-01
1.136392998452703251e-01
1.132518475274333081e-01
1.128745173254473294e-01
1.124956722558879685e-01
1.121579866323306890e-01
1.118136506361766119e-01
1.114313049253045085e-01
1.110712358342936940e-01
1.106810690327475616e-01
1.102485409248338405e-01
1.098372216385340994e-01
1.093726640846360981e-01
1.089164884705093039e-01
1.084863388817354640e-01
1.080681474608530951e-01
1.076506797483388761e-01
1.072427476286400838e-01
1.068673087381016573e-01
1.064810712719573282e-01
1.061191744839021789e-01
1.057502157290051426e-01
1.054327216384009364e-01
1.051044690008018090e-01
1.047807856195406701e-01
1.044637169750796679e-01
1.041222757145247729e-01
1.038092900089060133e-01
1.034657698837171541e-01
1.031872402844723619e-01
1.029223040532054323e-01
1.027009017416734421e-01
1.024595535956577541e-01
1.022250669639674231e-01
1.019465926248100673e-01
1.016495059077382329e-01
1.012736024684542657e-01
1.008670703564289034e-01
1.004448005596409316e-01
1.000253963532180129e-01
9.959873163989753364e-02
9.911332575287175317e-02
9.863913002387943163e-02
9.816163943030836725e-02
9.768564661993467402e-02
9.722149163561445706e-02
9.678134929820306209e-02
9.637211215171195833e-02
9.598341423266228134e-02
9.557103477000292169e-02
9.514405998795984198e-02
9.470440334398143312e-02
9.429815957598894349e-02
9.389079605081750157e-02
9.347431212019853553e-02
9.304935465541377959e-02
9.262499505120376508e-02
9.220942460704065202e-02
9.182752980339992099e-02
9.147298949556735559e-02
9.113560526108231696e-02
9.081669810635772944e-02
9.050433781982668291e-02
9.021034223658470907e-02
8.992690597046659740e-02
8.965283422343958697e-02
8.936555932638461097e-02
8.909544423465577678e-02
8.886369753441494823e-02
8.866767507219619482e-02
8.845594872202257319e-02
8.825577602157705370e-02
8.807595965568887353e-02
8.793872362537019649e-02
8.780253612055351209e-02
8.710463447776714552e-02
8.643754183199384156e-02
8.579625148455188866e-02
8.518271761504642159e-02
8.462053622856692547e-02
8.408750875721900109e-02
8.358193183824921824e-02
8.310225296839537923e-02
8.265789595865162542e-02
8.224506515387955408e-02
8.187020441166810436e-02
8.152184250549382449e-02
8.120461738063444734e-02
8.090607626857727885e-02
8.063357220174152684e-02
8.038799905853427630e-02
8.015358813529772919e-02
7.993837670893387537e-02
7.973531932246419318e-02
7.953801101895270620e-02
7.934883272563279799e-02
7.916388963777487575e-02
7.898103347760951354e-02
7.880117162205467485e-02
7.862442302467245736e-02
7.845628927000777852e-02
7.829801075745833339e-02
7.814902051642813596e-02
7.800918724162407558e-02
7.787831057161330450e-02
7.775727415974320600e-02
7.764687094306237103e-02
-1.999982600209994354e-01
-1.999982443856568315e-01
-1.989663862680685624e-01
-1.989818100959846459e-01
-1.989892258229908339e-01
-1.990036025723514457e-01
-1.990037230167181204e-01
-1.990226469095018602e-01
-1.990543612645819804e-01
-1.990843739177031169e-01
-1.991006184285770697e-01
-1.991087903648529889e-01
-1.991192464348819635e-01
-1.991251520961905830e-01
-1.991272164140784062e-01
-1.991273549392177100e-01
-1.991272387117149212e-01
-1.991267660809135087e-01
-1.991301268060844676e-01
-1.991373235698494781e-01
-1.991477126355180038e-01
-1.991603613134963202e-01
-1.991854568380985457e-01
-1.992166040281230233e-01
-1.992534201698360485e-01
-1.993071435328632179e-01
-1.993723835573477932e-01
-1.994511230416546599e-01
-1.995441409301824121e-01
-1.996407314459628102e-01
-1.997531825325853660e-01
-1.998595078265800740e-01
-1.999498840106878894e-01
-2.000184055047899145e-01
-2.001030799449532160e-01
-2.002129339911364325e-01
-2.003118692880080653e-01
-2.003960928628329696e-01
-2.004843079414256879e-01
-2.005754209286229051e-01
-2.006361736445576860e-01
-2.006907621705854294e-01
-2.007958312587371508e-01
-2.008935104914307268e-01
-2.010102562906394275e-01
-2.011259597221672357e-01
-2.012473054514617166e-01
-2.013707322431608771e-01
-2.014708551580420837e-01
-2.016074357014691343e-01
-2.017726760660516205e-01
-2.019566516170679671e-01
-2.021239226902328823e-01
-2.022561750337974473e-01
-2.023836772662911954e-01
-2.025397645362043142e-01
-2.027157754675657231e-01
-2.028762138476514210e-01
-2.030335826503084917e-01
-2.031682951473769150e-01
-2.032718061676244692e-01
-2.033858930783033203e-01
-2.035714976218359062e-01
-2.037608343620870011e-01
-2.039268571182168976e-01
-2.041153918081343721e-01
-2.043320421830397693e-01
-2.045989704583271451e-01
-2.048407178896360925e-01
-2.050483632563625813e-01
-2.052875668317644398e-01
-2.075505049879194097e-01
-2.098336664676779539e-01
-2.120990137848255963e-01
-2.143993975471696067e-01
-2.167102579005673046e-01
-2.190240013698440402e-01
-2.213500139453991045e-01
-2.236722686150686978e-01
-2.259621075428811798e-01
-2.282500825601523342e-01
-2.305472929224120504e-01
-2.328330979753152064e-01
-2.351018398447884683e-01
-2.373780631106665318e-01
-2.396745841675879674e-01
-2.419614779435907137e-01
-2.442385860892970217e-01
-2.464924259200214074e-01
-2.487656701279382931e-01
-2.510148520409695161e-01
-2.532578054151743974e-01
-2.555210400276580196e-01
-2.577897327987230813e-01
-2.600647106055145041e-01
-2.623556051683774148e-01
-2.646453923330817637e-01
-2.669277655205060107e-01
-2.692087229390808245e-01
-2.714865516970855763e-01
-2.737792427880292312e-01
-2.760853655344955304e-01
-2.784015903091966448e-01
-2.807271776604066682e-01
-2.830912715727815776e-01
-2.854274088247731322e-01
-2.877957011448151192e-01
-2.902055772783436738e-01
-2.926340411426881505e-01
-2.950322074054984034e-01
-2.974282745329560051e-01
-2.998363096741153422e-01
-3.022586230024985610e-01
-3.047201340314481532e-01
-3.072052218843330240e-01
-3.096987867174068598e-01
-3.122030718115990644e-01
-3.146892412973854025e-01
-3.172008721186417857e-01
-3.196676993030747038e-01
-3.221379698031797134e-01
-3.246051480545709134e-01
-3.270738567475856007e-01
-3.295018068004588740e-01
-3.319275870434357789e-01
-3.343398047743879609e-01
-3.367717214735200248e-01
-3.391856294174990794e-01
-4.000005809616180019e-01
-4.000005961817295619e-01
-4.002611141591551069e-01
-4.004842921269521350e-01
-4.006902282972757967e-01
-4.008703874794979916e-01
-4.010279115550990925e-01
-4.011589789301882591e-01
-4.012707916680452458e-01
-4.013601312565936996e-01
-4.014285317593799807e-01
-4.014758861050958805e-01
-4.015013486162842260e-01
-4.015044351972461567e-01
-4.014842449890874132e-01
-4.014418608069644234e-01
-4.013809972050380592e-01
-4.012996911181265780e-01
-4.012032265501231931e-01
-4.010917067449364382e-01
-4.009693055000555506e-01
-4.008276776593430735e-01
-4.006669249678893596e-01
-4.004928658865256064e-01
-4.003062821686063644e-01
-4.000916640256110823e-01
-3.998544100807777113e-01
-3.996104027505692491e-01
-3.993562609071042990e-01
-3.990941169431121982e-01
-3.988325926761890905e-01
-3.985522386780510073e-01
-3.982359010457752757e-01
-3.979124440880965619e-01
-3.975681862668168920e-01
-3.972112094488235434e-01
-3.968515435162789928e-01
-3.964705725757791122e-01
-3.960715337871444919e-01
-3.956574998439967294e-01
-3.952116399009629744e-01
-3.947376350766302888e-01
-3.942450746792850458e-01
-3.937183821945602902e-01
-3.931695508616004919e-01
-3.926286319379755918e-01
-3.920935459448136595e-01
-3.915405894619625737e-01
-3.909581826371487101e-01
-3.903560024541138929e-01
-3.897497543207286141e-01
-3.891161744207770057e-01
-3.884422302746491917e-01
-3.877495621369393963e-01
-3.870408405859174228e-01
-3.863423661028408951e-01
-3.856016918523068049e-01
-3.848657577916514971e-01
-3.841520963427471069e-01
-3.834173750096034339e-01
-3.827010576143918819e-01
-3.819480929609542219e-01
-3.811587920819136666e-01
-3.804449531609908619e-01
-3.801253182796535679e-01
-3.794714899528454644e-01
-3.792459541617219099e-01
-3.792075091488733563e-01
-3.793150459235922201e-01
-3.797143756401370474e-01
-3.802017008424111166e-01
-3.807564904521090199e-01
-3.813228510920097514e-01
-3.819047600538997833e-01
-3.824833924334316015e-01
-3.831342687679573089e-01
-3.837689071702210519e-01
-3.844208629245780551e-01
-3.850870265644677493e-01
-3.857634180157578641e-01
-3.864932198866892210e-01
-3.871880811552162460e-01
-3.878313794810387405e-01
-3.885244644654627932e-01
-3.892118608929728274e-01
-3.898956378188044858e-01
-3.905865961192934721e-01
-3.913077164208014214e-01
-3.919964167900640284e-01
-3.926612047466671584e-01
-3.932993072872637552e-01
-3.938975112107656051e-01
-3.945646068967549880e-01
-3.952619367079279744e-01
-3.959479341712835998e-01
-3.965970026298234474e-01
-3.972334909119900614e-01
-3.978867424793333107e-01
-3.985292397100435591e-01
-3.992147621942580549e-01
-3.999578033252857989e-01
-4.006879073238667210e-01
-4.014187250360307102e-01
-4.021660931210088163e-01
-4.029103925319157398e-01
-4.036681521444582255e-01
-4.044501655659203387e-01
-4.052574903641421034e-01
-4.061014321857933651e-01
-4.069327400185524524e-01
-4.078116279360591290e-01
-4.086897109821526763e-01
-4.095957296945473280e-01
-4.105290315289256697e-01
-4.114187943067721398e-01
-4.122175063155067432e-01
-4.130617337494986163e-01
-4.139097870153765624e-01
-4.147407014342917586e-01
-4.155643449929825595e-01
-4.163683743256688108e-01
-4.171868690499483945e-01
-4.180484791402856448e-01
-4.189173514969081746e-01
-4.197551083948134476e-01
-4.205511011039563818e-01
-4.214087828611002839e-01
-4.223173471962929915e-01
-4.232120148831257644e-01
-4.241567569467547538e-01
-4.250536456460298762e-01
-4.259933240920627529e-01
-4.269004935739835749e-01
-4.278067303352826034e-01
-4.286933457444878637e-01
-4.296281103793381240e-01
-4.305704755113612392e-01
-4.314818129704350858e-01
-4.323802381507050874e-01
-4.333014978447884413e-01
-4.342590466494798407e-01
-4.351726519786237590e-01
-4.360892527415252684e-01
-4.370329007819197531e-01
-4.380330246180558773e-01
-4.390148660608549913e-01
-4.399770702257063681e-01
-4.409075330523344882e-01
-4.418314462032480461e-01
-4.427258205756826603e-01
-4.435725412911049048e-01
-4.443816641044509574e-01
-4.451604571009436517e-01
-4.459265208622308907e-01
-4.467352539506217468e-01
-4.475560305839903497e-01
-4.483239595931252652e-01
-4.490981087558068574e-01
-4.498635557421074016e-01
-4.506306740408113076e-01
-4.514405952243789599e-01
-4.522581732657560138e-01
-4.530491324010810783e-01
-4.538976189611451661e-01
-4.547614327366624742e-01
-4.556123398307247996e-01
-4.564692622806496569e-01
-4.573397862727949792e-01
-4.581761815725141074e-01
-4.589666975875317245e-01
-4.597548341685351869e-01
-4.605829219920726803e-01
-4.614852377143966455e-01
-4.624070107975429833e-01
-4.632726086558383582e-01
-4.641331578899353105e-01
-4.650173705558772186e-01
-4.659488395788697335e-01
-4.668718350479259538e-01
-4.677512441528960396e-01
-4.686475273114160678e-01
-4.695296335484526740e-01
-4.704673041734862560e-01
-4.713743718609501032e-01
-4.723476253923546975e-01
-4.733382167249164385e-01
-4.743247862831060369e-01
-4.752949772513066495e-01
-4.762426468183703077e-01
-4.771113436060550606e-01
-4.779829729204805311e-01
-4.788417579985418393e-01
-4.797076526529493457e-01
-4.806280526274731568e-01
-4.815029150723456053e-01
-4.824282335482537598e-01
-4.833165067166473317e-01
-4.841857886857666715e-01
-4.850342053159709121e-01
-4.858573627839277709e-01
-4.867163215062360049e-01
-4.876151658495180841e-01
-4.885174352194956438e-01
-4.894021884370992059e-01
-4.902628027874707528e-01
-4.911309851982917918e-01
-4.920012377275588267e-01
-4.928836460363763550e-01
-4.937573328903903103e-01
-4.946292220039151810e-01
-4.955014326694293647e-01
-4.963617086956292335e-01
-4.972233946279103201e-01
-4.980857053151376834e-01
-4.989088645874171779e-01
-4.997644120286012237e-01
-5.006042829756489621e-01
-5.014811077830325647e-01
-5.023237233592812157e-01
-5.031652124643647417e-01
-5.040142961973548275e-01
-5.048066459258772065e-01
-5.056228212509004116e-01
-5.064400062673972691e-01
-5.072629898034224372e-01
-5.080689508330810122e-01
-5.089054270392027179e-01
-5.097083783156336478e-01
-5.105478147487522156e-01
-5.123257468315228769e-01
3.999992471622111356e-01
3.999992318234075195e-01
3.996608558099832287e-01
3.993384935956847959e-01
3.989854296114440646e-01
3.986082522297584307e-01
3.982209466188432190e-01
3.978140666031821371e-01
3.973995802520866594e-01
3.969761657881062944e-01
3.965498363169445706e-01
3.961279040174437993e-01
3.956963680887349843e-01
3.952713834494683276e-01
3.948900214249623786e-01
3.945150390725924994e-01
3.941427514843034996e-01
3.937837545407347761e-01
3.934559982030302328e-01
3.931289386292495247e-01
3.927655215601108529e-01
3.923757561662210569e-01
3.919069511132132755e-01
3.914187628737573754e-01
3.909101118719860435e-01
3.903816189855335295e-01
3.898504765793526783e-01
3.893225762171942939e-01
3.887839203588954184e-01
3.882309948990910753e-01
3.876678484009966064e-01
3.870977802571963222e-01
3.865324143889865560e-01
3.859796877872895271e-01
3.854247412499793302e-01
3.848910427628516873e-01
3.843566416761329818e-01
3.838198703203712925e-01
3.832898486824579121e-01
3.827268792930912933e-01
3.821527504386320051e-01
3.815430560115622982e-01
3.809350648891535740e-01
3.803187844106337145e-01
3.796603536319654859e-01
3.789873878870679835e-01
3.783372365922775815e-01
3.777583329607371865e-01
3.771123179418434668e-01
3.764643635998225490e-01
3.758218414204068658e-01
3.752562578041712671e-01
3.746960954844859026e-01
3.741005362550076097e-01
3.735372058603023127e-01
3.729642228789343261e-01
3.723740982260382304e-01
3.717433662902263625e-01
3.711101149289325885e-01
3.704275050791071555e-01
3.697295726357459622e-01
3.690286777430494825e-01
3.683256369732619828e-01
3.675871103468280610e-01
3.668771685549217509e-01
3.661490033236686203e-01
3.654294743894611619e-01
3.646774979743362399e-01
3.638987461067968443e-01
3.630401917440209680e-01
3.621355105965878285e-01
3.612322439168588750e-01
3.603027242274991493e-01
3.593663350244832300e-01
3.584178909744658026e-01
3.574562160178686998e-01
3.564998346015693653e-01
3.555352909068315026e-01
3.545729685349793825e-01
3.536121889020309994e-01
3.526828746712275531e-01
3.517434434771264384e-01
3.508072232775115151e-01
3.499083125786905946e-01
3.489174562936789847e-01
3.479358616349723099e-01
3.469674542848595333e-01
3.459290524458938920e-01
3.449157565687033244e-01
3.438340871746005667e-01
3.426609949597378968e-01
3.414471999860974050e-01
3.402208253641298974e-01
3.389425106609796901e-01
3.376478374434715990e-01
3.363302345188770026e-01
3.349780802033793248e-01
3.335601348278133815e-01
3.321070871218223530e-01
3.306324567317950325e-01
3.292473628427481924e-01
3.278321432275120850e-01
3.264318866803150865e-01
3.249758468614936113e-01
3.235293105413689640e-01
3.220338163403977938e-01
3.204867094025434238e-01
3.189615400987433347e-01
3.174725365320473780e-01
3.160234999111241616e-01
3.146290518868337105e-01
3.132785491451782200e-01
3.120367294807776526e-01
3.111340224701721335e-01
3.102214076122629671e-01
3.096519637528760693e-01
3.094193066619014831e-01
3.094424430087838740e-01
3.096746491011986291e-01
3.100243105434078994e-01
3.105376459620572405e-01
3.110543969156528421e-01
3.115611506032696654e-01
3.120928349129254431e-01
3.126920986467766617e-01
3.132548552425054589e-01
3.137984536002068059e-01
3.143287200274120230e-01
3.148322082355257123e-01
3.153449743168605379e-01
3.158375258506426198e-01
3.162982818146102271e-01
3.168552519096242692e-01
3.174414336756030131e-01
3.179667237459546936e-01
3.185109254907928511e-01
3.190565012751911400e-01
3.196053441975178488e-01
3.201699510225697876e-01
3.207501222832357390e-01
3.213178665862202465e-01
3.219028261452382966e-01
3.224753300477330997e-01
3.230291421119501072e-01
3.236045571910717844e-01
3.242209717694597426e-01
3.248733385937347395e-01
3.255164934114891384e-01
3.261112784569779044e-01
3.266589036815902847e-01
3.271606465292357102e-01
3.276272019195092811e-01
3.280609747718130631e-01
3.284666134624705247e-01
3.288733724313423479e-01
