1.999982163892671805e-01
1.999982006838052773e-01
1.987653445165250832e-01
1.974959785588352168e-01
1.961901344280157777e-01
1.948649705743037419e-01
1.935014382421316181e-01
1.921315170226765567e-01
1.907593810425844694e-01
1.893607800513440742e-01
1.879428065677196391e-01
1.865037982419907592e-01
1.850442261438907388e-01
1.835732476377577305e-01
1.820868869261516587e-01
1.806065065118493962e-01
1.791223040185454807e-01
1.776389727604290592e-01
1.761505405499745880e-01
1.746421018096256106e-01
1.731283887230325169e-01
1.715709941896706170e-01
1.700031019432026169e-01
1.684433466927283130e-01
1.668599388692758034e-01
1.652448205158518479e-01
1.636107467846683594e-01
1.619608663714540986e-01
1.603288508652544464e-01
1.586903053028621557e-01
1.570433637372849467e-01
1.553876912484439821e-01
1.537246851312524532e-01
1.520589344332273218e-01
1.503956036741230518e-01
1.487300688920151215e-01
1.470647002643465096e-01
1.453994565872849531e-01
1.437343038266522266e-01
1.420692145392632721e-01
1.404041674887931412e-01
1.387391462758486016e-01
1.370741386542801143e-01
1.354091357656271588e-01
1.337441314520475821e-01
1.320791145662284227e-01
1.304180139968807994e-01
1.287925906708538293e-01
1.271522816279665180e-01
1.255001626938967441e-01
1.238626064695941553e-01
1.222157741310358481e-01
1.205584392931505766e-01
1.188871440837265953e-01
1.172083153936436806e-01
1.155267615800063402e-01
1.138379169522892309e-01
1.121492564472351544e-01
1.104607546032824322e-01
1.087723794130520533e-01
1.070841058983539318e-01
1.053959116528668111e-01
1.037077851293374681e-01
1.020197108769084482e-01
1.003383229281097078e-01
9.867455656411312781e-02
9.703193703707001239e-02
9.537466650116586953e-02
9.368892683283469580e-02
9.200136572517403355e-02
9.033875344678285457e-02
8.865138937564896737e-02
8.700563412488256099e-02
8.539730289800707974e-02
8.377617084166466555e-02
8.215554752676840211e-02
8.055503278064056472e-02
7.897408732853267166e-02
7.737584046144996286e-02
7.578109587120419877e-02
7.417210943062298167e-02
7.259221068281540568e-02
7.102801861413642059e-02
6.939791741258717617e-02
6.774026435757314613e-02
6.607287891766756849e-02
6.442477932984126687e-02
6.276739125934636954e-02
6.109772524077277528e-02
5.942801509843764068e-02
5.776461453431689513e-02
5.609557720335568015e-02
5.444412027676157062e-02
5.280155020679288408e-02
5.114951239248444886e-02
4.948656800324931909e-02
4.782352886180728929e-02
4.618405008057596683e-02
4.453840369719636039e-02
4.288905405409753485e-02
4.124699647606985126e-02
3.959797042518767296e-02
3.794121456741443577e-02
3.628258813896072243e-02
3.463301136897369015e-02
3.298274382764877777e-02
3.132581204973748645e-02
2.966880618881554549e-02
2.801173347505894404e-02
2.635459840304717541e-02
2.471149536751309980e-02
2.306497032124567650e-02
2.142658765607220739e-02
1.979725217564299450e-02
1.815766245561280592e-02
1.652501227657355437e-02
1.489238370157728621e-02
1.327092454711804349e-02
1.168271671114713521e-02
1.010395341160802950e-02
8.506371031508939973e-03
6.919660724759368192e-03
5.318760913549201198e-03
3.741451893909046415e-03
2.184829521075251201e-03
6.325770157362418976e-04
-9.220311651971738881e-04
-2.483685888996473457e-03
-4.041600593878885532e-03
-5.593707434047588516e-03
-7.106532397435133021e-03
-8.603217848610662452e-03
-1.009289909130457914e-02
-1.156804513473673295e-02
-1.302833022434929204e-02
-1.447499525944342426e-02
-2.355329607102924732e-06
-2.371235915341698810e-06
-1.687927237783269294e-03
-3.392882061693123542e-03
-5.093020311755916407e-03
-6.737412521497727728e-03
-8.368172580049496392e-03
-9.995973705120864486e-03
-1.161810542779893700e-02
-1.323345486612344767e-02
-1.483897833160235762e-02
-1.645048933597275179e-02
-1.805582849377342439e-02
-1.966757187914513691e-02
-2.126285722485211568e-02
-2.282155719758078086e-02
-2.437270849634615502e-02
-2.590214027936372718e-02
-2.742257314128277931e-02
-2.893464223077789679e-02
-3.043708744304548033e-02
-3.192898096006095005e-02
-3.342997750933766193e-02
-3.489180083674716520e-02
-3.634746488146006066e-02
-3.779840191449251180e-02
-3.924627681636979476e-02
-4.068530248704712443e-02
-4.211605341537848213e-02
-4.354117399657146670e-02
-4.493351714623626536e-02
-4.632561571725646310e-02
-4.772127751130635781e-02
-4.908821845690287261e-02
-5.044718132045682146e-02
-5.179363753237551521e-02
-5.311099029615680422e-02
-5.440073646285451675e-02
-5.567294873570036162e-02
-5.691890749302929570e-02
-5.811047944640999885e-02
-5.925863446498104425e-02
-6.037732570536604587e-02
-6.147178582440332439e-02
-6.255050679229956501e-02
-6.361423104942341700e-02
-6.465469283334381034e-02
-6.565837422327806816e-02
-6.663388374040279949e-02
-6.759144388907760426e-02
-6.852165727940777440e-02
-6.941728208360119223e-02
-7.029672887711944929e-02
-7.114134415742728867e-02
-7.196095543271163741e-02
-7.276301179937540164e-02
-7.353751563983984552e-02
-7.428464215109348290e-02
-7.499696186917197138e-02
-7.567778206479093550e-02
-7.634136234827511303e-02
-7.698312512096412707e-02
-7.760111656512062861e-02
-7.818975181609015557e-02
-7.875192492752300377e-02
-7.928602999066328150e-02
-7.979845634673229937e-02
-8.027964127246205173e-02
-8.073573172283655952e-02
-8.117178522314175138e-02
-8.158763087776815803e-02
-8.197986868195107635e-02
-8.235318537696265095e-02
-8.270582927568674581e-02
-8.303977202284204551e-02
-8.335553859102472207e-02
-8.365609097712421727e-02
-8.393961229198933227e-02
-8.420634913020398626e-02
-8.445107947842400709e-02
-8.467558458702263702e-02
-8.487954717052069442e-02
-8.506107014993372073e-02
-8.522071355569160733e-02
-8.536019378170439653e-02
-8.547829275038015817e-02
-8.557475120434944460e-02
-8.564976615138858440e-02
-8.570344240422797522e-02
-8.573571367734655890e-02
-8.574590240645704742e-02
-8.573342626514751652e-02
-8.569692837527256857e-02
-8.563845808074097010e-02
-8.555496422849931393e-02
-8.544581394675739017e-02
-8.530874495210645503e-02
-8.514769897992495451e-02
-8.495811864386085266e-02
-8.474108366830479522e-02
-8.449317719270747762e-02
-8.421267819823902157e-02
-8.389315651867708390e-02
-8.354704279781702270e-02
-8.316842501337311233e-02
-8.276167353608356037e-02
-8.231690970192104273e-02
-8.184829436168043759e-02
-8.135048298984554060e-02
-8.082187439935596684e-02
-8.025187445636945693e-02
-7.965309050475770369e-02
-7.903414135186570544e-02
-7.838004021424635481e-02
-7.770507364614905044e-02
-7.700580311332393124e-02
-7.627143081075522801e-02
-7.548961656436814494e-02
-7.469658673584313180e-02
-7.387963330627279890e-02
-7.302465431712192034e-02
-7.214684942495293296e-02
-7.125530454417587645e-02
-7.034339464316591295e-02
-6.940720292913050982e-02
-6.843302536332845909e-02
-6.742713863723248657e-02
-6.639028351111397885e-02
-6.533831728648085979e-02
-6.426322337404091756e-02
-6.316535349431395829e-02
-6.204707144915810879e-02
-6.091795385372091032e-02
-5.977350092169909923e-02
-5.862005753403498609e-02
-3.999974887222266795e-01
-3.999974728086795883e-01
-3.984264865178530624e-01
-3.968135621840176985e-01
-3.951622795108922226e-01
-3.935028128578825779e-01
-3.918132361254506035e-01
-3.901024512002060352e-01
-3.883720091556715492e-01
-3.866087579775768779e-01
-3.848486585036489105e-01
-3.830831792157722848e-01
-3.812777041640902365e-01
-3.794561209063169183e-01
-3.775840332216713890e-01
-3.757119800670710164e-01
-3.738525804414987164e-01
-3.719627322015104376e-01
-3.700681470987146615e-01
-3.681788612154657803e-01
-3.662976301443011673e-01
-3.643810410246302589e-01
-3.624646631663949181e-01
-3.605174880061893239e-01
-3.585530516339793805e-01
-3.565832100089102452e-01
-3.546122873794332886e-01
-3.526137241152456081e-01
-3.505795906235835702e-01
-3.485412384409353193e-01
-3.464840233882153786e-01
-3.444305839118458334e-01
-3.423688951219382992e-01
-3.402918163600059942e-01
-3.382155626736694787e-01
-3.361404761862225032e-01
-3.340250497864710733e-01
-3.318898534982514525e-01
-3.297641426834963529e-01
-3.276148139691726913e-01
-3.254197513326485547e-01
-3.232066004990773456e-01
-3.210025229564544280e-01
-3.187925374859706951e-01
-3.166238879807224404e-01
-3.144415362284653792e-01
-3.122458720817173905e-01
-3.100467912426664863e-01
-3.078680561787336956e-01
-3.056636558223994604e-01
-3.034571979543775888e-01
-3.012231056520080497e-01
-2.989861477587625882e-01
-2.967891755281683586e-01
-2.945897686283706629e-01
-2.924287732292765729e-01
-2.902545427256155164e-01
-2.880686786988900794e-01
-2.859138226562327190e-01
-2.837632210256307852e-01
-2.816468688278084831e-01
-2.795044551079056139e-01
-2.773909054075375802e-01
-2.752966178624812743e-01
-2.731758570353007287e-01
-2.710447958179152961e-01
-2.689080498949202314e-01
-2.667550892172603216e-01
-2.646087798558422466e-01
-2.624441949515409211e-01
-2.602823841560606422e-01
-2.580988945016087222e-01
-2.559304921489716222e-01
-2.537586223872427826e-01
-2.516042070997248636e-01
-2.494237390476861660e-01
-2.472261360790842244e-01
-2.449994091680117170e-01
-2.427625522966123939e-01
-2.404972161510856854e-01
-2.382459731547511839e-01
-2.359703831825525622e-01
-2.336826056662697770e-01
-2.313700739952464502e-01
-2.290267747717228686e-01
-2.266818255312285924e-01
-2.243363557424939425e-01
-2.219905545421625714e-01
-2.196444906362546023e-01
-2.173124989098074444e-01
-2.149863059522709730e-01
-2.126412312312772335e-01
-2.102960476414951763e-01
-2.079507918837958380e-01
-2.056054844018864458e-01
-2.032732486639067804e-01
-2.009693896506531408e-01
-1.986579584041882063e-01
-1.963716902335270187e-01
-1.940996798641569099e-01
-1.918183821961739755e-01
-1.895444214294757512e-01
-1.872765857372924447e-01
-1.850217596383786356e-01
-1.827580916820891466e-01
-1.805000003956443722e-01
-1.782197819495786317e-01
-1.759160485556141296e-01
-1.736335442987333166e-01
-1.713268058039745245e-01
-1.690268551098883798e-01
-1.667324489456760983e-01
-1.644365500327246432e-01
-1.621381875662311067e-01
-1.598723459335485986e-01
-1.575900627438136525e-01
-1.552935621566766400e-01
-1.530037092513871766e-01
-1.507292472367740832e-01
-1.484492987971015587e-01
-1.461732426213984970e-01
-1.439060509099126528e-01
-1.416561479758362829e-01
-1.394069572146983127e-01
-1.371710721159587476e-01
-1.349399853743145916e-01
-1.327251273179681224e-01
-1.305363005933615761e-01
-1.283461502059456416e-01
-1.261237915086812766e-01
-1.239105706434816129e-01
-1.216671867574139893e-01
-1.194349941348485100e-01
-1.172239996275100393e-01
-1.150336949400194153e-01
-1.128464626397719522e-01
-1.106857102465335918e-01
-1.085117874605485006e-01
-1.063602405269440526e-01
-1.042011912163826465e-01
-1.020795393720940053e-01
-9.997459226515570396e-02
-9.786350173910723926e-02
-9.576524279701488507e-02
-9.366172562563382376e-02
-9.159961215629830455e-02
-8.953691910952384092e-02
-8.746022497145318486e-02
-8.540250544694311108e-02
-8.335576485610961261e-02
-8.131553139434614941e-02
-7.927382369034079168e-02
-7.727564273527356975e-02
-7.530399362003259434e-02
-7.330784861239349193e-02
-7.135581341056640436e-02
-6.940914072393547518e-02
-6.749851841378869122e-02
-6.560976885813560311e-02
-6.374152506361539794e-02
-6.190761752534984508e-02
-6.007855676549562346e-02
-5.825652668218759406e-02
-5.644687248919144640e-02
-5.463882104680129609e-02
-5.285554958134189990e-02
-5.106449499259967800e-02
-4.929713085974438830e-02
-4.757709891684908099e-02
-4.584659235470805311e-02
-4.410432613111646416e-02
-4.238576159942763349e-02
-4.066316379539608450e-02
-3.895190996413104567e-02
-3.725617088044093361e-02
-3.557484626714029624e-02
-3.391467922571793359e-02
-3.226137869916328310e-02
-3.062179080243162405e-02
-2.901151852799805850e-02
-2.741513069768172772e-02
-2.582922933305224072e-02
-2.427312454501878367e-02
-2.274533622732533011e-02
-2.119709520514385243e-02
-1.967018543514388942e-02
-1.816017579884501160e-02
-1.664043007273506222e-02
-1.517494499312397292e-02
-1.372451257304522880e-02
-1.230620583566293183e-02
-1.088140648184717993e-02
-9.471741364259371465e-03
-2.021666224301015906e-08
-2.161076960269670154e-08
-1.056007593959319833e-05
-3.561559458408668178e-05
-7.451229607741485794e-05
-1.277843575860024023e-04
-1.944454664442042647e-04
-2.731531534890376065e-04
-3.645234827023073848e-04
-4.706197204490032183e-04
-5.894190239824286621e-04
-7.172623718175120868e-04
-8.609234418307637991e-04
-1.019874057560124893e-03
-1.193954016018723132e-03
-1.379655986781002860e-03
-1.573442087617281252e-03
-1.783158173940998289e-03
-2.008243514547331226e-03
-2.254557809973855697e-03
-2.520356959236268613e-03
-2.794936585347998406e-03
-3.082967698194674210e-03
-3.380841565120744786e-03
-3.694110857548324033e-03
-4.021389023724194697e-03
-4.363533797459061628e-03
-4.726206978039527995e-03
-5.095669687457755372e-03
-5.487102492594251625e-03
-5.900748459980321124e-03
-6.336135605237562009e-03
-6.799216793100423296e-03
-7.283748325597367256e-03
-7.770055197803069601e-03
-8.265827621314560461e-03
-8.763238640557792156e-03
-9.265986717053429148e-03
-9.797336278013532573e-03
-1.033058591709934415e-02
-1.088201405998883570e-02
-1.145432486709759869e-02
-1.204646939635353568e-02
-1.267189848019564975e-02
-1.329944301323313614e-02
-1.397306227354084239e-02
-1.466333952073906391e-02
-1.537859874042107888e-02
-1.611499518877325052e-02
-1.686752604456787097e-02
-1.763874744953411108e-02
-1.843766680439761288e-02
-1.925441032463134569e-02
-2.009342740202722799e-02
-2.095805365490883629e-02
-2.183563091792369709e-02
-2.272129175185228292e-02
-2.363524101396387647e-02
-2.457795347224203675e-02
-2.554097813469147563e-02
-2.652247089462153248e-02
-2.753615628585363156e-02
-2.857005652131940771e-02
-2.963235825751909386e-02
-3.071353129851841710e-02
-3.181239706705597803e-02
-3.291257938258684845e-02
-3.403137066829478585e-02
-3.515798946869800462e-02
-3.629611775548041014e-02
-3.744812599431365102e-02
-3.862036326052217805e-02
-3.979093098142925944e-02
-4.100614696244646307e-02
-4.223001601908828867e-02
-4.349029682053286161e-02
-4.474279664396067779e-02
-4.601105186914634937e-02
-4.728086868754239475e-02
-4.855174680651259955e-02
-4.987796537717480855e-02
-5.120542688952344629e-02
-5.255174481401456155e-02
-5.388519305688953959e-02
-5.524682439571784037e-02
-5.663671477731150455e-02
-5.807738723492664873e-02
-5.952344576003009563e-02
-6.095901346940584692e-02
-6.240271504384578560e-02
-6.388999536277108204e-02
-6.537590866211095975e-02
-6.684720435499104385e-02
-6.833611876725330381e-02
-6.978387145559436511e-02
-7.123324340837228208e-02
-7.272636200210699786e-02
-7.417455151386531664e-02
-7.562744539981026970e-02
-7.710151813047302904e-02
-7.857195522888203720e-02
-8.006128098233265822e-02
-8.160911580162713563e-02
-8.315740859698035614e-02
-8.466014003937082089e-02
-8.613212880037178498e-02
-8.761191063408328705e-02
-8.909713820228723491e-02
-9.058016069623821276e-02
-9.212322794712123064e-02
-9.366549210572845674e-02
-9.523410107783571166e-02
-9.682663793205495417e-02
-9.842199960325102859e-02
-1.000115294322840714e-01
-1.016144886880486903e-01
-1.032735237685522139e-01
-1.049170602081564152e-01
-1.065689231037392215e-01
-1.082060503851545730e-01
-1.098648108518523459e-01
-1.115508646139396903e-01
-1.132281857982984641e-01
-1.149134727575737563e-01
-1.166102195964417304e-01
-1.183168413897710547e-01
-1.200154553420543363e-01
-1.217283006455327082e-01
-1.235008471133880598e-01
-1.252964049344479913e-01
-1.270781921440246043e-01
-1.289233493482182802e-01
-1.307998711943008652e-01
-1.326840367067754767e-01
-1.345355752850155295e-01
-1.363852860174908643e-01
-1.382582356389971678e-01
-1.401489248357928874e-01
-1.420674366773073127e-01
-1.439636946664241968e-01
-1.459645317031761924e-01
-1.479695869508464989e-01
-1.499264429830970691e-01
-1.518155607176200905e-01
-1.536621554654876709e-01
-1.555003353462984794e-01
-1.573309321003967809e-01
-1.591696236008600662e-01
-1.609907306549636374e-01
-1.628547462687618130e-01
-1.647174067814239640e-01
-1.665570810453791128e-01
-1.684315232696485254e-01
-1.702858933088830795e-01
-1.721126667197510618e-01
-1.739725029546575208e-01
-1.758307166475871763e-01
-1.777553200396450594e-01
-1.797185618255089656e-01
-1.816773493555388919e-01
-1.837250256806056137e-01
-1.858482586921749724e-01
-1.880000663751137946e-01
-1.901604857245594582e-01
-1.923056131403508007e-01
-1.944471386456680939e-01
-1.966237861466328951e-01
-1.988266637113260960e-01
-2.010194317044343149e-01
-2.032174965188316140e-01
-2.053819551320792414e-01
-2.075431862416841911e-01
-2.097058664149875906e-01
-2.118552629023463529e-01
-2.139578239620432698e-01
-2.161106847561238276e-01
-2.182687627957148879e-01
-2.204028461094287572e-01
-2.224906637429901191e-01
-2.245926205912369689e-01
-2.267033627527982320e-01
-2.288695826845938419e-01
-2.310306470317977368e-01
-2.332421667059979276e-01
-2.354210377478857807e-01
-2.376503089411409475e-01
-2.398281919743645851e-01
-2.420226840897305998e-01
-2.442218684612380564e-01
-2.464515589949050900e-01
-2.487856066992142068e-01
-2.510813320900308065e-01
-2.533392401272189787e-01
-2.556004260249550297e-01
-2.579499687946466557e-01
-2.603261384135224787e-01
-2.627228965152705875e-01
-2.651039586549020499e-01
-2.675001740834908048e-01
-2.698183431077889605e-01
-2.721717207627530888e-01
-2.745342689118021040e-01
-2.768644052958736390e-01
-2.792031604803519307e-01
-2.816029639491371972e-01
-2.839586249650120076e-01
-2.863088785661918600e-01
-2.886705163310335220e-01
-2.910719098697844287e-01
-2.934869136027978276e-01
-2.959010930815940688e-01
-2.983141734496667086e-01
-3.007291437238328036e-01
-3.031296923208268712e-01
-3.055478305872709188e-01
-3.079782349228427640e-01
-3.103891489821720695e-01
-3.127965390943104884e-01
-3.151834523558380563e-01
-3.175422847254477654e-01
-3.199178224161371986e-01
-3.222921400567397288e-01
-3.246459419849938022e-01
-3.269897317203786513e-01
-3.293665017313870957e-01
-3.317890301954145027e-01
-3.342414423816008062e-01
-3.367033186428972091e-01
-3.391546315432705239e-01
-3.415791011548938161e-01
-3.440078138964848264e-01
-3.464249164695750727e-01
-3.488390380034025462e-01
-3.512813414945029633e-01
-3.537536545946738387e-01
-3.562118758505961602e-01
-3.586818432585713867e-01
-3.611688353737959045e-01
-3.636048714314273900e-01
-3.660192131223188317e-01
-3.684523936415343703e-01
-3.708895032040268047e-01
-3.733020443551867684e-01
-3.757478672235706196e-01
-3.782011745110029355e-01
-3.806867609882801373e-01
-3.831814410109783409e-01
-3.856509501934976547e-01
-3.881460647064032821e-01
-3.906112667039067232e-01
-3.931150930834977908e-01
-3.956330729645859967e-01
-3.981587946433200464e-01
-4.006814544117205945e-01
-4.032083156251208833e-01
-4.057332367910481685e-01
-4.082601368918777895e-01
-4.107870704378686622e-01
-4.133130599536817829e-01
-4.158293049551266551e-01
-4.183356990623653959e-01
-4.208622018508106910e-01
-4.233648424459873771e-01
-4.258910838172522140e-01
-4.284173264900022482e-01
-4.309435795834515304e-01
-4.334698403323576921e-01
-4.359961105554669425e-01
-4.385223955949883456e-01
-4.410486869514051445e-01
-4.435748789035450779e-01
-4.460898092083678268e-01
-4.486158136974927602e-01
-4.511418198458067574e-01
-4.536672379171144964e-01
-4.561932458768601650e-01
-4.587192740167729821e-01
-4.612453228347216383e-01
-4.637713920463775175e-01
-4.662974812656757728e-01
-4.688235898490802911e-01
-4.713497125439737867e-01
-4.738758373499740162e-01
-4.763656313538489062e-01
-4.788664837118421502e-01
-4.813698670363890098e-01
-4.838853573866762070e-01
-4.863902876884509952e-01
-4.888937737143971840e-01
-4.913922789203933328e-01
-4.938698716118247733e-01
-4.963762196469401755e-01
-4.988917671901663686e-01
-5.013887981504342450e-01
-5.038720326875804068e-01
-5.063776379840083663e-01
-5.088920785924454515e-01
-5.114131802215703404e-01
-5.139032676121182419e-01
-5.164106730715561921e-01
-5.189209311086305787e-01
-5.214411779375960343e-01
-5.239614341890511673e-01
-5.264816955278114330e-01
-5.290019582437619494e-01
-5.315222191063460055e-01
-5.340424853336194211e-01
-5.365627608505255663e-01
-5.390830450889314562e-01
-5.416033679594539629e-01
-5.441237583432650959e-01
-5.466441688246533870e-01
-5.491645729057020864e-01
-2.000018701418216360e-01
-2.000018858789642806e-01
-2.014614245977358054e-01
-2.029210651806643007e-01
-2.043807148484711178e-01
-2.058403722623586007e-01
-2.073000363991549522e-01
-2.087597059549791967e-01
-2.102193782662723498e-01
-2.116790535339032886e-01
-2.131387302612755830e-01
-2.145984072306761914e-01
-2.160580838249303304e-01
-2.175177594759457322e-01
-2.189767203970605369e-01
-2.204229134778677157e-01
-2.218434051080689917e-01
-2.232578526365798233e-01
-2.246697508181842995e-01
-2.260767191401159559e-01
-2.274672280690593629e-01
-2.288463401698225819e-01
-2.302389438619730222e-01
-2.316171440885974320e-01
-2.329662882409683222e-01
-2.342939081754587816e-01
-2.356173298629109236e-01
-2.369201652030521188e-01
-2.382068385012929834e-01
-2.394973689958607710e-01
-2.407826730182194563e-01
-2.420698713906981325e-01
-2.433581063464356486e-01
-2.446438565621650851e-01
-2.459180467693894978e-01
-2.471793372846715353e-01
-2.484442285567257658e-01
-2.496937314280977815e-01
-2.509391582695835177e-01
-2.521664852699535553e-01
-2.533802212078414828e-01
-2.545931494535824680e-01
-2.557979124117847336e-01
-2.569855632822487523e-01
-2.581518394921957227e-01
-2.593096618365169359e-01
-2.604545201639058005e-01
-2.615959640974880318e-01
-2.627368108152599024e-01
-2.638721357660256395e-01
-2.650001226315588099e-01
-2.661158476204050771e-01
-2.672177716555704241e-01
-2.683165158893457969e-01
-2.694176178208317896e-01
-2.705046434828723978e-01
-2.715909506972254417e-01
-2.726669818016942415e-01
-2.737018883454921392e-01
-2.747254378282809606e-01
-2.757314636705048838e-01
-2.767349549451215696e-01
-2.777191718716058300e-01
-2.786855047142494102e-01
-2.796228041103599460e-01
-2.805372343585291750e-01
-2.814282631474209206e-01
-2.822913284904738918e-01
-2.831165897715489654e-01
-2.839213498690462134e-01
-2.847213908661654913e-01
-2.855268067847792635e-01
-2.863204831896730695e-01
-2.871034970683511989e-01
-2.878708105409381046e-01
-2.886164673259520863e-01
-2.893358073412408138e-01
-2.900330972829514020e-01
-2.907189114193882706e-01
-2.913807331540840817e-01
-2.920243249623605819e-01
-2.926522125693847287e-01
-2.932675464683913713e-01
-2.938604100108348494e-01
-2.944375775833309450e-01
-2.950076726494507140e-01
-2.955553740539743068e-01
-2.960831475066599827e-01
-2.965776514019492494e-01
-2.970488369002494133e-01
-2.974908701742434158e-01
-2.979157904224688513e-01
-2.983175163580818468e-01
-2.987062413062049337e-01
-2.990879343649726074e-01
-2.994473524984234691e-01
-2.997857370290414325e-01
-3.001057583200674728e-01
-3.004026091385297303e-01
-3.006804675886081135e-01
-3.009279690496629023e-01
-3.011551988469406971e-01
-3.013610411833369529e-01
-3.015411142263656474e-01
-3.016958371209895184e-01
-3.018237836951178643e-01
-3.019254266831006284e-01
-3.020017484464727064e-01
-3.020540639490080781e-01
-3.020837283068699142e-01
-3.020913977206408085e-01
-3.020779776304535758e-01
-3.020455067325425458e-01
-3.019927156128572321e-01
-3.019187454110403013e-01
-3.018244246381875939e-01
-3.017073198874687390e-01
-3.015664997920978196e-01
-3.014032280378971529e-01
-3.012195466727027315e-01
-3.010185849340084596e-01
-3.007974815561482718e-01
-3.005590602705295877e-01
-3.003050005703953862e-01
-3.000345850748887822e-01
-2.997421823704244925e-01
-2.994300252801673778e-01
-2.990944249798873633e-01
-2.987380901711284009e-01
-2.983622878179029714e-01
-2.979637148867851915e-01
-2.975447542954080538e-01
-2.971051398611823102e-01
-2.966368756898954961e-01
-2.961471653939299342e-01
-2.956326227608281343e-01
-2.950858945570060676e-01
-2.945239304971373762e-01
-2.939294320948738215e-01
-2.933010920614426142e-01
-2.926428938898971155e-01
-2.919521216551616005e-01
-2.912441588429313111e-01
-2.905068516339129325e-01
-2.897587367306235784e-01
-2.889970606942461884e-01
-2.882089144666564740e-01
-2.873932764495327752e-01
-2.865774283227479624e-01
-2.857266977140969777e-01
-2.848584459308258210e-01
-2.839851643003402648e-01
-2.830882499715330347e-01
-2.821874752205325576e-01
-2.812855565937237290e-01
-2.803743422100385962e-01
-2.794214002387603313e-01
-2.784699482928110759e-01
-2.774869310521133614e-01
-2.764847722532270957e-01
-2.754295367537083483e-01
-2.743533268872162534e-01
-2.732828926747741805e-01
-2.721920299919792230e-01
-2.710537066957517394e-01
-2.698831845812653674e-01
-2.686464397120945646e-01
-2.674020539207844216e-01
-2.661496127273050294e-01
-2.648880906778976474e-01
-2.636076287812788022e-01
-2.623119116914239823e-01
-2.610277111713670273e-01
-2.597000661648925512e-01
-2.583038622154766317e-01
-2.568848783127568036e-01
-2.554951652037931731e-01
-2.541318746274508489e-01
-2.527050359567380444e-01
-2.512267685690318109e-01
-2.497908049332638047e-01
-2.483083818037025436e-01
-2.468147407959051520e-01
-2.453339463103317020e-01
-2.438904132020317805e-01
-2.424197529671836826e-01
-2.409164940120849807e-01
-2.393928792586359766e-01
-2.378310293950491316e-01
-2.362620009639569141e-01
-2.347215074467647877e-01
-2.331395754681343802e-01
-2.315371806639158758e-01
-2.298925887503256438e-01
-2.282166833010973450e-01
-2.265683561099039456e-01
-2.249100268052790230e-01
-2.232355742388102970e-01
-2.215512543953072344e-01
-2.198273326670131533e-01
-2.181028667896853790e-01
-2.164758267506895484e-01
-2.148680448108902796e-01
-2.132610984685701927e-01
-2.116280995106164797e-01
-2.100035312771904583e-01
-2.083461594955521856e-01
-2.067615168086490984e-01
-2.052320271901964255e-01
-2.036462471337623648e-01
-2.021032047833706269e-01
-2.005622818045922073e-01
-1.990210291275950061e-01
-1.974202068794269904e-01
-1.958072882625559730e-01
-1.941777401180331819e-01
-1.925132010494452761e-01
-1.907469542005816310e-01
-1.889786588391022260e-01
-1.871540773277035885e-01
-1.853065781266586554e-01
-1.834027017126013404e-01
-1.814970082114575611e-01
-1.796303623447481623e-01
-1.777579317344744059e-01
-1.758147692341522350e-01
-1.739040216702081865e-01
-1.720333814560044972e-01
-1.700916385562682986e-01
-1.681444520562169476e-01
-1.661269039152936111e-01
-1.641713057327487402e-01
-1.622295825069815789e-01
-1.603161558018217359e-01
-1.584684556288197821e-01
-1.566418473333489603e-01
-1.548177325580954167e-01
-1.530383158252979492e-01
-1.512595900795088433e-01
-1.494544030980730076e-01
-1.476821595352868499e-01
-1.459678648451168681e-01
-1.442799659173070459e-01
-1.426538099484083444e-01
-1.410202701564532146e-01
-1.393726612720014857e-01
-1.376645568477860571e-01
-1.360013611778175258e-01
-1.343966025786139384e-01
-1.327937494165575549e-01
-1.312456008728824508e-01
-1.296605999731871572e-01
-1.280430098209238421e-01
-1.264511260346651567e-01
-1.248471902945852002e-01
-1.231895467886573448e-01
-1.215261518870622975e-01
-1.198600410818022183e-01
-1.181906991773213761e-01
-1.165493618841171447e-01
-1.149176012093232058e-01
-1.133381887492943968e-01
-1.117949422057002290e-01
-1.102287938755039526e-01
-1.086439282171079435e-01
-1.070945532255333649e-01
-1.055437014014747876e-01
-1.039928873670045023e-01
-1.024774469808365923e-01
-1.010431881326702974e-01
-9.967204159479531311e-02
-9.827151778276424499e-02
-9.687639864261302081e-02
-9.542559625999699757e-02
-9.397151297127671887e-02
-9.256999411525128341e-02
-9.117602204722455306e-02
-8.977885532688535675e-02
-8.834771147289247062e-02
-8.694030139919134426e-02
-8.556493968236504599e-02
-8.416435631830938846e-02
-8.283039089588187243e-02
-8.148485472621189163e-02
-8.011963225672220912e-02
-7.880051940023399815e-02
-7.751040289946553585e-02
-7.621036159227126405e-02
-7.493234812779828169e-02
-7.363084215329701587e-02
-7.235856798303060000e-02
-7.109225847423153444e-02
-6.979181546151418114e-02
-6.853061017301928515e-02
-6.728448214299084795e-02
-6.602754526479269470e-02
-6.476916930309883913e-02
-6.353764740384110210e-02
-6.232291145694231899e-02
-6.111772019845118642e-02
-5.995002467496120951e-02
-5.883525701556704957e-02
-5.772128455149740101e-02
-5.661432136900330231e-02
-5.546643341865464122e-02
-5.431190285485280878e-02
-5.316052755283647013e-02
-5.203881950450415378e-02
-5.094186097997130402e-02
-4.987657592407739038e-02
-4.879933338992427372e-02
-4.774694181191872777e-02
-4.668737931144230358e-02
-4.562381730848053679e-02
-4.459439020324892922e-02
-4.361222325595078692e-02
-4.260686245058559196e-02
-4.156542417816534024e-02
-4.054585616475565174e-02
-3.954451112031512339e-02
-3.856676180910130480e-02
-3.757175707860214292e-02
-3.661502578553214871e-02
-3.567261200481615380e-02
-3.473626206440268843e-02
-3.382119261795598492e-02
-3.292184888517640101e-02
-3.203770824104553577e-02
-3.113900028005525678e-02
-3.027267485661489996e-02
-2.941733274595411535e-02
-2.857857370814261000e-02
-2.776114623582126573e-02
-2.695114002908891720e-02
-2.615581353864011513e-02
-2.538245693087430241e-02
-2.462811503775299768e-02
-2.390897243218140233e-02
-2.321078760087656387e-02
-2.254418727589261109e-02
-2.191102426815351792e-02
-2.129020205017593051e-02
-2.068110456299229391e-02
-2.011549601824185601e-02
-1.957474273404262791e-02
-1.904587401075224368e-02
-1.853439457327659204e-02
-1.805233877717795157e-02
-1.757694110087008876e-02
-1.712168591842158291e-02
-1.668337973701888854e-02
-1.627573136994303962e-02
-1.590301056603430491e-02
-1.555374719274812620e-02
-1.522143746063216348e-02
-1.489413478648925204e-02
-1.458691962983978303e-02
-1.431699584290309184e-02
-1.406594624660227263e-02
-1.383411152101554631e-02
-1.362530957774072717e-02
-1.343816855325220307e-02
-1.327090304721341950e-02
-1.312591378138171921e-02
-1.300177458414118400e-02
-1.289944954431714898e-02
-1.282423177887803342e-02
-1.277886675687706433e-02
-1.276558146705987495e-02
-1.278152028587238587e-02
-1.282916056166536097e-02
-1.291116387514786891e-02
-1.302562375415961850e-02
-1.317580627775227081e-02
-1.335824596213558771e-02
-1.357116193257775286e-02
-1.382377178794870314e-02
-1.411446118441729569e-02
-1.443586512844385189e-02
-1.478854660112009084e-02
-1.518081645589850794e-02
-1.561212970734139095e-02
-1.607530604477999669e-02
-1.656967349828143699e-02
-1.709046965464446760e-02
-1.763531372036995087e-02
-1.821193690974246687e-02
-1.882282180531390584e-02
-1.946250180905775493e-02
-2.014985047182622779e-02
-2.087009891639874520e-02
-2.162787317549443034e-02
-2.243403371206235258e-02
-2.328463301820164408e-02
-2.416680234795635235e-02
-2.507661210849511033e-02
-2.599611159109906089e-02
-2.694555398616190270e-02
-2.793440754859741193e-02
-2.894229290001523042e-02
-2.997253417492866737e-02
-3.101963294487006945e-02
-3.209180412597421872e-02
-3.318235403380056375e-02
-3.430310368921803132e-02
-3.546830820914838311e-02
-3.664895308665517409e-02
-3.785718480653534751e-02
-3.910501714717359856e-02
-4.041452200845922771e-02
-4.174635645937568168e-02
-4.307964758326351257e-02
-4.445044921771294094e-02
-4.588441685214170868e-02
-4.734389738096147354e-02
-4.882416346643717042e-02
-5.033459834554725176e-02
-5.187288965004038105e-02
-5.343361948713278714e-02
-5.500443577488253744e-02
-5.658716344583779312e-02
-5.818431969856731334e-02
-5.977313159793342517e-02
-6.133500384907372011e-02
-6.289490610625605993e-02
-6.453321939165755639e-02
-6.620214915712338555e-02
-6.789024643062137321e-02
-6.958071292897965998e-02
-7.130621692106653420e-02
-7.304160825226732601e-02
-7.479225350567203501e-02
-7.657764352818177689e-02
-7.838153142547701901e-02
-8.023087120208570455e-02
-8.209575375691131882e-02
-8.398800003069036013e-02
-8.591774416315485496e-02
-8.784714933120849056e-02
-8.977056721547709006e-02
-9.168284869431427009e-02
-9.361786331462612631e-02
-9.558597051777166509e-02
-9.760554414257646694e-02
-9.958147471797450245e-02
-1.015566720317424704e-01
-1.035137729197352086e-01
-1.054836474419007242e-01
-1.074510034136495901e-01
-1.093743094784153796e-01
-1.113164259804779316e-01
-1.132774626920527161e-01
-1.153101226745582714e-01
-1.173696832752702951e-01
-1.195095833505685629e-01
-1.216411989220387013e-01
-1.237842312962201125e-01
-1.259523151929636542e-01
-1.281356320362441736e-01
-1.303370818058421643e-01
-1.325337597611388751e-01
-1.347367112375183751e-01
-1.369374055647224475e-01
-1.391797440238413675e-01
-1.413814783426752819e-01
-1.435949979057075110e-01
-1.458479361028194310e-01
-1.481014406006750661e-01
-1.503462745321017813e-01
-1.525689884955891140e-01
-1.548063573199627285e-01
-1.570144011394718764e-01
-1.592620825720375832e-01
-1.614961341367262826e-01
-1.637454912325461698e-01
-1.659922115171669210e-01
-1.682265289986439039e-01
-1.704706276289774947e-01
-1.727413481841545140e-01
-1.750170313075379291e-01
-1.772991889589206893e-01
-1.795746346402297966e-01
-1.818286940712799671e-01
-1.840798056202502253e-01
-1.863531792058732428e-01
-1.886148228719600473e-01
-1.908547460158216968e-01
-1.931085623761536196e-01
-1.953383129727898349e-01
-1.976104648058319424e-01
-1.998926625678654756e-01
-2.021680784769049610e-01
-2.044310924751370495e-01
-2.067453142733583493e-01
-2.090419699951683308e-01
-2.113137407267409729e-01
-2.136010857225504322e-01
-2.158884682817706624e-01
-2.181657997575345842e-01
-2.203871299351083668e-01
-2.225607308220637626e-01
-2.247231019428669596e-01
-2.268821361723952212e-01
-2.290354955405825010e-01
-2.312229018940450687e-01
-2.334178023606058028e-01
-2.356003851942508054e-01
-2.377698827241111201e-01
-2.399207503761610072e-01
-2.420989456269357631e-01
-2.442967229949652708e-01
-2.464645678179369359e-01
-2.486316801600960413e-01
-2.507771212893568635e-01
-2.528972891567832226e-01
-2.550317065970860719e-01
-2.571740898151221866e-01
-2.592769557972621208e-01
-2.613699129088579709e-01
-2.634671834501569054e-01
-2.655272994064060144e-01
-2.675746292084367761e-01
-2.696431946747117059e-01
-2.716647536668695406e-01
-2.736935840190481417e-01
-2.757193412072213023e-01
-2.777535972057696978e-01
-2.797636077084748041e-01
-2.817408434101474901e-01
-2.837125467724392891e-01
-2.856688718481893430e-01
-2.876317628420400063e-01
-2.895671931552781242e-01
-2.914884105010305260e-01
-2.933812333694540975e-01
-2.952523720477772673e-01
-2.971161093393263064e-01
-2.989465739866775662e-01
-3.007588398473922675e-01
-3.025500354640988654e-01
-3.043215017877924367e-01
-3.060883251436846142e-01
-3.078226999325110458e-01
-3.095066696955586782e-01
-3.111678688250092972e-01
-3.128487199757885584e-01
-3.145462001349410563e-01
-3.162198363329913331e-01
-3.178825296958484592e-01
-3.195356391430345666e-01
-3.211669896291627357e-01
-3.228056419747327710e-01
-3.243929268896998952e-01
-3.259415622997780537e-01
-3.274694449387611228e-01
-3.289731157929985383e-01
-3.304745276968804046e-01
-3.319515304450726956e-01
-3.334297372366499812e-01
-3.348949046955200237e-01
-3.363399045064906501e-01
-3.377538510792434390e-01
-3.391492018603924907e-01
-3.405028692026644821e-01
-3.418157229718049583e-01
-3.431416979984279192e-01
-3.444577433067496641e-01
-3.457673817593119869e-01
-3.470251114305064055e-01
-3.482518065033097798e-01
-3.494624581983145073e-01
-3.506531540322512241e-01
-3.518490975473620441e-01
-3.530119279636890206e-01
-3.541432942121855998e-01
-3.552156424012563596e-01
-3.562374738930656481e-01
-3.572153968921049638e-01
-3.581778970884620383e-01
-3.591066940229071247e-01
-3.600406767267473329e-01
-3.609542266107447772e-01
-3.618249669491799825e-01
-3.626647358568523827e-01
-3.635234768550412165e-01
-3.643723576757647575e-01
-3.652206304108498447e-01
-3.660488973944543423e-01
-3.668642166284484807e-01
-3.676656555680040683e-01
-3.684264973568535106e-01
-3.691760596091009927e-01
-3.698841481733976533e-01
-3.705720300364378494e-01
-3.712193810146168782e-01
-3.718562388557345999e-01
-3.724976310349356612e-01
-3.731088226475908209e-01
-3.736898816553994029e-01
-3.742462849501241307e-01
-3.747800203699076516e-01
-3.752864726653404315e-01
-3.757683507316750271e-01
-3.762217656732491644e-01
-3.766509648041881375e-01
-3.770596460641326142e-01
-3.774482045575380251e-01
-3.778097583761789169e-01
-3.781456324664583812e-01
-3.784554420220329618e-01
-3.787442897239380879e-01
-3.790062293265976101e-01
-3.792435043335362077e-01
-3.794567146615588360e-01
-3.796438729734943340e-01
-3.798036362983337466e-01
-3.799351092306956779e-01
-3.800379489488888152e-01
-3.801105426598081483e-01
-3.801524275819532228e-01
-3.801651972144339253e-01
-3.801512863096520034e-01
-3.801061905124068496e-01
-3.800326602648949059e-01
-3.799272073749403456e-01
-3.797917960858818165e-01
-3.796270590461142125e-01
-3.794415717778735764e-01
-3.792249257790673012e-01
-3.789779514133292393e-01
-3.787050774705493783e-01
-3.784112176357454227e-01
-3.780865882128273125e-01
-3.777308722004950603e-01
-3.773520148947729358e-01
-3.769501688557810870e-01
-3.765245008082157008e-01
-3.760784074592116721e-01
-3.756005864044089648e-01
-3.751078509086285262e-01
-3.745932806483656119e-01
-3.740485046557021076e-01
-3.734759795929360471e-01
-3.728880435331736742e-01
-3.722716771289787396e-01
-3.716371451205418563e-01
-3.709732535158717370e-01
-3.702873785713499677e-01
-3.695819298677985865e-01
-3.688760390347316509e-01
-3.681482085379145230e-01
-3.673837827500049946e-01
-3.665811907114555068e-01
-3.657464787226597513e-01
-3.649106841854389272e-01
-3.640400031501787592e-01
-3.631513448040525338e-01
-3.622780930441593106e-01
-3.613865739855977588e-01
-3.604701305001047906e-01
-3.595264858111560380e-01
-3.585612704110114901e-01
-3.575917326144130715e-01
-3.566188628778467762e-01
-3.556197903592935305e-01
-3.545876543098209766e-01
-3.535432344044963093e-01
-3.524934946303329708e-01
-3.514027509337820931e-01
-3.502768439170277914e-01
-3.491363182895552697e-01
-3.479843858012131030e-01
-3.468195429765370541e-01
-3.456631569698700446e-01
-3.444992312964077485e-01
-3.433023187062930193e-01
-3.420791818038279586e-01
-3.407965182685726568e-01
-3.395304921185500757e-01
-3.382251138541011448e-01
-3.369291289396423306e-01
-3.356088833364661017e-01
-3.342344491419135810e-01
-3.328217095127963265e-01
-3.313852370364233080e-01
-3.299444417092478599e-01
-3.284932110698574048e-01
-3.270067267812485357e-01
-3.254694323389000221e-01
-3.239406900446726856e-01
-3.224236764406325784e-01
-3.209062280366339337e-01
-3.193379029062061170e-01
-3.177869872574841659e-01
-3.161989271788706590e-01
-3.145976077222867318e-01
-3.129354266473023949e-01
-3.112972101277169390e-01
-3.096718825913908346e-01
-3.079949481258056343e-01
-3.063165692837698795e-01
-3.046108209826767221e-01
-3.028956795857705719e-01
-3.011540343387255070e-01
-2.993889297766693658e-01
-2.975616690991538249e-01
-2.957014901564823939e-01
-2.937843099227403498e-01
-2.918365609068008792e-01
-2.898903844372505700e-01
-2.879260879946773932e-01
-2.859235210603293664e-01
-2.839043773848551333e-01
-2.818832985729730622e-01
-2.798398755757415257e-01
-2.777694844633366023e-01
-2.756965415363055172e-01
-2.736464323516373254e-01
-2.715282577197332126e-01
-2.693784727335964968e-01
-2.672310734420886291e-01
-2.650616453323164645e-01
-2.628758478111321573e-01
-2.606742990189436227e-01
-2.584783437719979093e-01
-2.562807441802806840e-01
-2.540722939427829119e-01
-2.518826647042342604e-01
-2.496870276368514940e-01
-2.475092756641537328e-01
-2.453107003914243023e-01
-2.430718265632000885e-01
-2.408632382102711411e-01
-2.386726809280918793e-01
-2.364741970547074856e-01
-2.342877310849213468e-01
-2.320815788091124265e-01
-2.298681147658599155e-01
-2.276510092892025106e-01
-2.253964926023143966e-01
-2.231477145892273584e-01
-2.209481010656833833e-01
-2.187670358639776658e-01
-2.166213520428713069e-01
-2.144551885898170751e-01
-2.122690404712279932e-01
-2.100646258691646617e-01
-2.078298065167976383e-01
-2.056065809792776700e-01
-2.033573152468023393e-01
-2.011297216790515208e-01
-1.988824402541356784e-01
-1.966234707649725244e-01
-1.943705813625235257e-01
-1.921271716055932555e-01
-1.898662201314840758e-01
-1.875889806623144973e-01
-1.853009957577250733e-01
-1.829981345148471439e-01
-1.807437759765108676e-01
-1.785023660660309819e-01
-1.762607704611944826e-01
-1.740233773868294642e-01
-1.717913465176225396e-01
-1.695719139221856242e-01
-1.673508708338872220e-01
-1.651242970465436055e-01
-1.629479103674449092e-01
-1.608005367866695845e-01
-1.586380802648402200e-01
-1.564589828923041992e-01
-1.542799543132849227e-01
-1.521173457657388206e-01
-1.499359913316760939e-01
-1.477778499496306686e-01
-1.456473960054188166e-01
-1.435075143748349713e-01
-1.414079184112340126e-01
-1.393188805471122782e-01
-1.372731865247108773e-01
-1.352358265853220443e-01
-1.332086279449400945e-01
-1.312214624839570520e-01
-1.292327387003887884e-01
-1.272052165629141141e-01
-1.251378177619659471e-01
-1.230580196078643745e-01
-1.209765068683722605e-01
-1.189417999323233860e-01
-1.169348120475130343e-01
-1.149161323704777221e-01
-1.129384506511762198e-01
-1.110020487772281350e-01
-1.090805215030832553e-01
-1.071617553660508954e-01
-1.052288528054421690e-01
-1.033117816376374759e-01
-1.014172403917462800e-01
-9.952757429690810287e-02
-9.764897932281081661e-02
-9.578077625667330564e-02
-9.391366794220426528e-02
-9.205115159224860899e-02
-9.021510482205689907e-02
-8.837025195897540986e-02
-8.653124770240035180e-02
-8.472859380679878538e-02
-8.294438625531501408e-02
-8.118281548257472169e-02
-7.940413640340521217e-02
-7.764567952190254418e-02
-7.589233351553589801e-02
-7.415640905021403384e-02
-7.245132835207844513e-02
-7.079008371042698478e-02
-6.914405401788395467e-02
-6.752317203133631485e-02
-6.590937741615343626e-02
-6.432924446585051859e-02
-6.275724315111601281e-02
-6.118262694847179800e-02
-5.964999672520010510e-02
-5.813961629745061782e-02
-5.664866711826392620e-02
-5.517253865834625265e-02
-5.371007935166216551e-02
-5.227968092210744794e-02
-5.086745146304268855e-02
-4.948066866272619185e-02
-4.813877715365732363e-02
-4.682447817434724768e-02
-4.554054805562784275e-02
-4.430157798604622554e-02
-4.306498878060353863e-02
-4.186088414429191967e-02
-4.065557091257772371e-02
-3.946316287093731834e-02
-3.827221961262861072e-02
-3.709513441955369917e-02
-3.592751067318921548e-02
-3.478403417228890376e-02
-3.365159846463323945e-02
-3.252249360061913036e-02
-3.140706832085946726e-02
-3.031953387056936233e-02
-2.924339123559561993e-02
-2.818033555907635199e-02
-2.711823408896823703e-02
-2.607028218307233872e-02
-2.503702616716771412e-02
-2.400568096405999649e-02
-2.298132056033696385e-02
-2.197021397118036762e-02
-2.097321475323668874e-02
-1.998394825669746327e-02
-1.900654095830729695e-02
-1.804066837522309841e-02
-1.707128457511244285e-02
-1.610004082510434198e-02
-1.513107630101885419e-02
-1.417299407788854583e-02
-1.322065307558509782e-02
-1.228281477538622525e-02
-1.136277267941370600e-02
-1.045767593034981936e-02
-9.557369366145066977e-03
-8.667691378719637185e-03
-7.787197901336900124e-03
-6.921434090985127165e-03
-6.062297095267211132e-03
-5.221742112919023661e-03
-4.403691816855491610e-03
-3.593713747273379142e-03
-2.798610302917803674e-03
-2.011684666641632216e-03
-1.226574435201408138e-03
-4.562489430773793457e-04
3.031302356397330201e-04
1.054956480804000469e-03
1.800057265032349238e-03
2.540502046627595920e-03
3.271986067621523563e-03
3.993485150622042359e-03
4.705818375631285258e-03
5.416318400757678606e-03
6.119724592680604244e-03
6.816861305061337750e-03
7.506338368717622826e-03
8.182736480617564326e-03
8.858612320631308046e-03
9.524389206560924040e-03
1.017935197273217053e-02
1.081766513294539836e-02
1.144083445108697548e-02
1.204889309593164259e-02
1.263941253376635841e-02
1.322076611342773780e-02
1.379266735883010776e-02
1.434774751413095233e-02
1.489358479062204317e-02
1.543185605728353976e-02
1.596381784735155518e-02
1.648621729124712457e-02
1.699292227029082156e-02
1.748121710272796878e-02
1.794583939151903063e-02
1.839766654189483458e-02
1.883146816592078804e-02
1.925140160647464266e-02
1.965541754475381639e-02
2.004398039266930623e-02
2.041460041391611469e-02
2.076687013852374433e-02
2.110458410753670092e-02
2.142795367588874733e-02
2.173511881925222280e-02
2.202702550577210344e-02
2.230375778923321742e-02
2.256653882684337212e-02
2.281620168229861467e-02
2.305236649232511939e-02
2.327718507401989323e-02
2.348676650810607724e-02
2.368205605790695001e-02
2.386339102852987407e-02
2.403220587608205158e-02
2.418925861595752277e-02
2.433610258652639177e-02
2.447188074674761654e-02
2.459672407477848932e-02
2.471066368921246911e-02
2.481315751026962751e-02
2.490437302301696035e-02
2.498513307086603491e-02
2.505561227464915899e-02
2.511555282461780045e-02
2.516685829644286360e-02
2.521011207839540802e-02
2.524480441564704719e-02
2.527165665296002631e-02
2.529388008806975063e-02
2.530972747722851426e-02
2.532009827611377689e-02
2.532389334196805467e-02
2.531978855466871306e-02
2.530770396829385913e-02
2.528561555306354722e-02
2.525216047931772012e-02
2.520531920598554493e-02
2.514639641127478994e-02
2.507469735419960016e-02
2.498867977826229811e-02
2.488684798084138741e-02
2.476684252502761238e-02
2.462834232386713201e-02
2.447155579982217971e-02
2.429859816210206899e-02
2.410926788695540862e-02
2.390874479940810829e-02
2.369236975107407925e-02
2.346248362843516427e-02
2.321336950875834901e-02
2.294343184569221095e-02
2.265920923978994792e-02
2.235463263987830240e-02
2.203147017555032172e-02
2.169527679643377602e-02
2.134789546209324429e-02
2.097735036214792501e-02
2.059497228760630641e-02
2.019437204056861307e-02
1.977370246508024579e-02
1.933172103425810640e-02
1.887372938951981799e-02
1.839152961407904130e-02
1.788884544706860480e-02
1.736777054294878775e-02
1.682885239393962576e-02
1.626404028837279137e-02
1.568290627396077760e-02
1.509533552053414669e-02
1.448506384808863519e-02
1.385937430720349771e-02
1.322316622755747607e-02
1.258163704591459819e-02
1.192787778340111994e-02
1.126649257617924615e-02
1.059018158363551898e-02
9.885881155072537285e-03
9.166005862087534678e-03
8.409561166523724790e-03
7.647256035323111469e-03
6.863475729724005138e-03
6.068218927975179561e-03
5.255046554058697555e-03
4.427122346699166253e-03
3.585457236573871831e-03
2.715409062214527592e-03
1.856790912003140415e-03
9.831687149670568886e-04
8.744531493806769070e-05
-8.259448705117179452e-04
-1.761883417088526589e-03
-2.706143222384279224e-03
-3.673155415857587078e-03
-4.671770482009601072e-03
-5.696142112919652320e-03
-6.745194531866038554e-03
-7.817879429829843393e-03
-8.895057031459997418e-03
-9.994518811011980641e-03
-1.108495731373151071e-02
-1.220132687933997775e-02
-1.334813849973102463e-02
-1.450606042495058631e-02
-1.566286962309583475e-02
-1.683309368429684871e-02
-1.801118984307890566e-02
-1.921734474178047117e-02
-2.043430085775536573e-02
-2.166651585399081634e-02
-2.292660131913224625e-02
-2.419964418023767827e-02
-2.548106203314867702e-02
-2.677498022613864284e-02
-2.810255794712118727e-02
-2.943981517541704312e-02
-3.079581043420971317e-02
-3.215300494087591082e-02
-3.351073669603080868e-02
-3.488302717496155614e-02
-3.627149943130491411e-02
-3.766107727881291140e-02
-3.905990948194355133e-02
-4.046970245063771787e-02
-4.185805937712359925e-02
-4.325234299617173456e-02
-4.466491456962408402e-02
-4.608923541721083456e-02
-4.753802072186372185e-02
-4.899800681397353808e-02
-5.046438323482276000e-02
-5.194983063006917978e-02
-5.345367590934335666e-02
-5.499024450575593775e-02
-5.652125572747547511e-02
-5.805727331953773607e-02
-5.957301998717378505e-02
-6.108475592408785237e-02
-6.261199279553651686e-02
-6.413894646441006819e-02
-6.568231116028672156e-02
-6.722630395626082167e-02
-6.877009486415897044e-02
-7.031372457919311814e-02
-7.185722746715027254e-02
-7.340063171579196133e-02
-7.494396098605150824e-02
-7.648724212298523006e-02
-7.803048767454429102e-02
-7.957370801288510265e-02
-8.111691062602188751e-02
-8.266010068852018555e-02
-8.420328161194554073e-02
-8.574645566043910538e-02
-8.728962355971171816e-02
-8.883278005109293551e-02
-9.037592727910857826e-02
-9.191907082499727044e-02
-9.346221195209793164e-02
-9.500535168366340544e-02
-9.654849101504427156e-02
-9.809110709029146558e-02
-9.962920173766576237e-02
-1.011730777315649199e-01
-1.027118452996236830e-01
-1.042260916425813977e-01
-1.057328927061413210e-01
-1.072549727672561237e-01
-1.087656325039003252e-01
-1.102811139130828455e-01
-1.117882648235375281e-01
-1.133107304240124347e-01
-1.148510402809077152e-01
-1.163782222604466121e-01
-1.179019957733586643e-01
-1.194482618042745359e-01
-1.210073707288574912e-01
-1.225845590390489542e-01
-1.241636335927744778e-01
-1.257593689202365916e-01
-1.273691957198932190e-01
-1.289937332563707573e-01
-1.306245093650804934e-01
-1.322548869187005482e-01
-1.338849258716015289e-01
-1.355146873444748601e-01
-1.371420647305043872e-01
-1.387716957683396424e-01
-1.404011883324554344e-01
-1.420305743669139642e-01
-1.436598805965471626e-01
-1.452885804750228549e-01
-1.469032508711772267e-01
-1.484977060161195017e-01
-1.500831963810668190e-01
-1.516521697414128234e-01
-1.532114604086736720e-01
-1.547766347075220095e-01
-1.563607358089205424e-01
-1.579486048435597700e-01
-1.595252118518963313e-01
-1.611118852616256480e-01
-1.626978960255458795e-01
-1.642846050387198331e-01
-1.658929079411316787e-01
-1.675010788992440103e-01
-1.691190108387143343e-01
-1.707437269185284601e-01
-1.723411016648680461e-01
-1.739536119065860642e-01
-1.756250300374816720e-01
-1.773138698305628258e-01
-1.790149795637357155e-01
-1.807447859156595671e-01
-1.824586570535593477e-01
-1.841840460162830762e-01
-1.859154950179718047e-01
-1.876449332729668573e-01
-1.893954125807413846e-01
-1.911616056789808282e-01
-1.929514445264690625e-01
-1.947458208111340627e-01
-1.965671375829637912e-01
-1.984348928286896185e-01
-2.002732398189756013e-01
-2.021140159282109328e-01
-2.039620286242949110e-01
-2.058538814367553704e-01
-2.077198197094252685e-01
-2.095980822424073631e-01
-2.115045465195594665e-01
-2.134137423864208294e-01
-2.153098051431860394e-01
-2.171957632317509379e-01
-2.190985604242137175e-01
-2.209981250135326925e-01
-2.229153287422587781e-01
-2.248370382063766271e-01
-2.267586475558080183e-01
-2.286801724591587814e-01
-2.306016271286991659e-01
-2.325230255117736733e-01
-2.344443869221055909e-01
-2.363657206523365750e-01
-2.382870341211344445e-01
-2.402083331020945789e-01
-2.421296219689656193e-01
-2.440509084784762417e-01
-2.459721988993360808e-01
-2.478934929512977281e-01
-2.498147897441742038e-01
-2.517360879693624764e-01
-2.536573805458827158e-01
-2.555786629951124489e-01
-2.574999343846023914e-01
-2.594211940093839597e-01
-2.613424414504937898e-01
-2.632636766133014117e-01
-2.651848997489933413e-01
-2.671061114622349519e-01
-2.690273127075407111e-01
-2.709485120459848573e-01
-2.728697141216412381e-01
-2.747909208769579448e-01
-2.767121341495229481e-01
-2.786333539095680045e-01
-2.805545741574099194e-01
-2.824757952539418970e-01
-2.843970175369992526e-01
-2.863182413188491426e-01
-2.882394668832455875e-01
-2.901606944820365741e-01
-2.920819170439655776e-01
-2.940031345426797893e-01
-2.959243487594092059e-01
-2.978455615774411314e-01
-2.997667827047886258e-01
-3.016880148983546173e-01
-3.036092590963265780e-01
-3.055305159339173904e-01
-3.074517857252054287e-01
-3.093730684527548069e-01
-3.112943637644059458e-01
-3.132156709765841485e-01
-3.151369890833913279e-01
-3.170583153820326627e-01
-3.189796400364597884e-01
-3.209009614251904785e-01
-3.228222770522296003e-01
-3.247435848646229029e-01
-3.266648883670542070e-01
-3.285861912817115704e-01
-3.305074932058745252e-01
-3.324287937701920770e-01
-3.343500926402100393e-01
-3.362713895185271418e-01
-3.381926906129260058e-01
-3.401139975326066822e-01
-3.420353083909246639e-01
-3.439566212128647993e-01
-3.458702290606791574e-01
-3.477584737563984563e-01
-3.496519968101254316e-01
-3.515606438329316741e-01
-3.534757346575291281e-01
-3.553908794721625797e-01
-3.573060756292969486e-01
-3.592213167520338368e-01
-3.611365995973658261e-01
-3.630446236355316381e-01
-3.649569459484718892e-01
-3.668714591827004767e-01
-3.687860097902018186e-01
-3.707005945401992131e-01
-3.726152102654422538e-01
-3.745298453688959972e-01
-3.764444956681499144e-01
-3.783587125929693817e-01
-3.802734261335142807e-01
-3.821817183783315364e-01
-3.840970124427776078e-01
-3.860123005459439316e-01
-3.879275780833965070e-01
-3.898418357888416286e-01
-3.917571913025939545e-01
-3.936607340871636773e-01
-3.955633194994041535e-01
-3.974556810628933623e-01
-3.993724841208003973e-01
-4.012914059114859322e-01
-4.032102985731355616e-01
-4.051222154568960843e-01
-4.070404530979497837e-01
-4.089565270420681409e-01
-3.999973739721174870e-01
-3.999973580240924753e-01
-3.980291076467082356e-01
-3.960149254642849059e-01
-3.939981492442771183e-01
-3.919971708232107277e-01
-3.899924905699143074e-01
-3.879574863301685217e-01
-3.859538446397809963e-01
-3.839891446875229319e-01
-3.820266380934227990e-01
-3.800709799631040720e-01
-3.780867083838520548e-01
-3.761412521109558926e-01
-3.741982872716612119e-01
-3.722492358318217898e-01
-3.702654014282505401e-01
-3.682867532007574329e-01
-3.662823562400153721e-01
-3.642857379048928257e-01
-3.622973140737540954e-01
-3.603326452475318353e-01
-3.583917757135416937e-01
-3.564513526363473628e-01
-3.544962861918783958e-01
-3.525224898026453890e-01
-3.505323274820362767e-01
-3.485386703478270953e-01
-3.465447542981983653e-01
-3.445506152346782813e-01
-3.425562889047462090e-01
-3.405618091596012142e-01
-3.385672068278969826e-01
-3.365725091543124159e-01
-3.345777399056145129e-01
-3.325829274412123171e-01
-3.305880784515009552e-01
-3.285932049933427690e-01
-3.265983164082842949e-01
-3.246034197554382716e-01
-3.226085202198149537e-01
-3.206136214812499441e-01
-3.186187260366871166e-01
-3.166238354737992422e-01
-3.146289482568687124e-01
-3.126340578971464335e-01
-3.106391728426952659e-01
-3.086442961922568617e-01
-3.066494286034109895e-01
-3.046545705935598813e-01
-3.026597224567202371e-01
-3.006648842711620584e-01
-2.986700559023462986e-01
-2.966752370036391806e-01
-2.946804272512746348e-01
-2.926856254075520525e-01
-2.906908307464593499e-01
-2.886960420952465189e-01
-2.867012580909624186e-01
-2.847064724623923904e-01
-2.827116826564307073e-01
-2.807168926941319143e-01
-2.787221021505013607e-01
-2.767273106439578911e-01
-2.747325178327697515e-01
-2.727377234128603445e-01
-2.707429271166805207e-01
-2.687481287128016261e-01
-2.667533280060112588e-01
-2.647585277390344660e-01
-2.627637258082170524e-01
-2.607689192893189456e-01
-2.587741073178166373e-01
-2.567792889952028035e-01
-2.547844636157788889e-01
-2.527896306891384004e-01
-2.507947899560961647e-01
-2.487999413988618014e-01
-2.468050857295308320e-01
-2.448102223521660126e-01
-2.428153525538112312e-01
-2.408204772934217086e-01
-2.388255977539826824e-01
-2.368307153184977809e-01
-2.348358403192222776e-01
-2.328409662851633477e-01
-2.308460923881044680e-01
-2.288512190516429901e-01
-2.268563466722922639e-01
-2.248614756177313156e-01
-2.228666062238826295e-01
-2.208717387912458863e-01
-2.188768735809645261e-01
-2.168820093471507393e-01
-2.148871382189270485e-01
-2.128922678632905185e-01
-2.108974025118579843e-01
-2.089025431541205180e-01
-2.069076907573933755e-01
-2.049128460762814907e-01
-2.029180096310626846e-01
-2.009231816926040637e-01
-1.989283627616770800e-01
-1.969335516042020062e-01
-1.949387482353425738e-01
-1.929439518948066479e-01
-1.909491615785511021e-01
-1.889543760543020423e-01
-1.869659369227342494e-01
-1.849716637938357555e-01
-1.829773855468481425e-01
-1.809831014677528160e-01
-1.789888111989721697e-01
-1.769945147171743949e-01
-1.750002122093812507e-01
-1.730059039826946643e-01
-1.710115904011235977e-01
-1.690172718437748245e-01
-1.670229498024022874e-01
-1.650286265099404626e-01
-1.630342974698346381e-01
-1.610399621853026708e-01
-1.590456200027671185e-01
-1.570512703987706760e-01
-1.550569130108662985e-01
-1.530692674337516268e-01
-1.511072260205600093e-01
-1.491508650836311511e-01
-1.471935234708245110e-01
-1.452600511461539790e-01
-1.433561681241649899e-01
-1.414691628669295098e-01
-1.395853340019205246e-01
-1.377131815163683548e-01
-1.358597122151086189e-01
-1.340143824452014465e-01
-1.321854823414569391e-01
-1.303771122616425304e-01
-1.285637694986609125e-01
-1.267720465556665677e-01
-1.249711197129992346e-01
-1.231878266734366539e-01
-1.214144944569991585e-01
-1.196572161161430226e-01
-1.179274307614186224e-01
-1.162065155713315201e-01
-1.145142989192792782e-01
-1.128077411148377396e-01
-1.111123046313209628e-01
-1.094298531460127649e-01
-1.077647064932426568e-01
-1.060966418565198605e-01
-1.044371232691599927e-01
-1.027800552239175463e-01
-1.011280266935117023e-01
-9.950491277618123132e-02
-9.791485788774353938e-02
-9.635023046369689537e-02
-9.479027891190536237e-02
-9.326533450305762862e-02
-9.175030747293791422e-02
-9.025101162234712426e-02
-8.875092213012947262e-02
-8.724266244592719655e-02
-8.576500500124624449e-02
-8.431761758323090550e-02
-8.284858143547420284e-02
-8.140262176547437278e-02
-7.999018747711547639e-02
-7.858761468416680662e-02
-7.720129580243369205e-02
-7.583389775014999501e-02
-2.000025778316888991e-01
-2.000025938046421092e-01
-2.018141583877653966e-01
-2.036609185300919667e-01
-2.055179625058574655e-01
-2.074182524195185839e-01
-2.093168264203848772e-01
-2.112207524657627733e-01
-2.131523790661915274e-01
-2.151170412049377978e-01
-2.171348873823456260e-01
-2.191527377107861663e-01
-2.211937191742358033e-01
-2.232473098086133478e-01
-2.253117324365353502e-01
-2.273806581823411554e-01
-2.294402587353192025e-01
-2.315432602956068453e-01
-2.336666244894022304e-01
-2.357946900928549749e-01
-2.379152520352799949e-01
-2.400219532827376767e-01
-2.421287074136466155e-01
-2.442905311425656589e-01
-2.464718901781808857e-01
-2.486423858331999470e-01
-2.508250014460866595e-01
-2.530074114410092445e-01
-2.551670146940355766e-01
-2.573440703406026930e-01
-2.595083095435458675e-01
-2.616676744800095489e-01
-2.638023243130800943e-01
-2.659283537749251303e-01
-2.680441355898948719e-01
-2.701740601724951230e-01
-2.722914753442977065e-01
-2.744460946434226223e-01
-2.766002675131614685e-01
-2.787585320539013312e-01
-2.809224475585621605e-01
-2.831167366783913231e-01
-2.853003510701634382e-01
-2.874833066683154525e-01
-2.896958987348562387e-01
-2.919173734812258170e-01
-2.941377550086730075e-01
-2.963589181392400351e-01
-2.985799401489770966e-01
-3.007815452139401269e-01
-3.029892090339058597e-01
-3.051909906169109621e-01
-3.073837252389400865e-01
-3.096091842876605993e-01
-3.118345652945383462e-01
-3.140598770042826171e-01
-3.162851297334040579e-01
-3.185103333038243889e-01
-3.207354966425001730e-01
-3.229606275871753640e-01
-3.251857442443850665e-01
-3.274108543307147623e-01
-3.296359630812217278e-01
-3.318610654597917708e-01
-3.340861617228201297e-01
-3.363014724102298958e-01
-3.384922099554104058e-01
-3.406623717746894431e-01
-3.428276873745965125e-01
-3.449996013514994853e-01
-3.471525936293634040e-01
-3.492889422789487996e-01
-3.514434541192796302e-01
-3.535876617987712689e-01
-3.557273910694749852e-01
-3.578735601257999610e-01
-3.600366107916183611e-01
-3.622262322533170154e-01
-3.644214336166183843e-01
-3.666333659334335970e-01
-3.688639396424827077e-01
-3.710776993809259405e-01
-3.733162886442989437e-01
-3.755788208546823603e-01
-3.778437142692422923e-01
-3.801205632969615333e-01
-3.824164034789987454e-01
-3.847120187598681573e-01
-3.870074480171818987e-01
-3.893027206115907135e-01
-3.915978703540800576e-01
-3.938929262703210199e-01
-3.961879199861708667e-01
-3.984828759038682167e-01
-4.007778089712499825e-01
-4.030727304567219837e-01
-4.053676484810034841e-01
-4.076625618683243357e-01
-4.099574700722440901e-01
-4.122523760935287163e-01
-4.145472817653637621e-01
-4.168421880509416422e-01
-4.191370952867685684e-01
-4.214320033769233809e-01
-4.237269119447749643e-01
-4.260218204488259719e-01
-4.283167282689372413e-01
-4.306116347684969536e-01
-4.329065388569565132e-01
-4.352014509196957537e-01
-4.374963741472035483e-01
-4.397913090242157041e-01
-4.420862558988696844e-01
-4.443812108732645982e-01
-4.466761655827057864e-01
-4.489711196074244182e-01
-4.512660725922988947e-01
-4.535610242407636661e-01
-4.558559642266010736e-01
-4.581508917213223953e-01
-4.604458075910119463e-01
-4.627407129108276340e-01
-4.650356187464350088e-01
-4.673305276578114675e-01
-4.696254396392479102e-01
-4.719203546830053053e-01
-4.742152727840193704e-01
-4.765101939417550891e-01
-4.788051181204576179e-01
-4.811000453070694571e-01
-4.833949755130559911e-01
-4.856899083619194979e-01
-4.879848448709412367e-01
-4.902797802330123855e-01
-4.925747060801763944e-01
-4.948696214214603484e-01
-4.971645254611440357e-01
-4.994594176177051259e-01
-5.017543087929938750e-01
-5.040492006637963263e-01
-5.063440934569932717e-01
-5.086389873712585663e-01
-5.109338912766000496e-01
-5.132288080606572933e-01
-5.155237368823488708e-01
-5.178186767030218407e-01
-5.201136263024920270e-01
-5.224085745051558760e-01
-5.247035193716759194e-01
-5.269984607759069517e-01
-5.292933986242852606e-01
-5.315883328148903741e-01
-5.338832632342915829e-01
-5.361781897569182220e-01
-5.384731116429842812e-01
3.176569771205462597e-06
3.192578761725486336e-06
2.493984546370145178e-03
5.002498857202374374e-03
7.477280937002889552e-03
9.943477812971224239e-03
1.242255687045754932e-02
1.491317135951677683e-02
1.741314105331453685e-02
1.990057522753031424e-02
2.239189334810470430e-02
2.487014523726669563e-02
2.733277853858467887e-02
2.978290992306971766e-02
3.222324950487511636e-02
3.466127170172495636e-02
3.707582004092044303e-02
3.952050491452249043e-02
4.197638639504706198e-02
4.447407179839434760e-02
4.696759369590063765e-02
4.945135971172907180e-02
5.191861131570713050e-02
5.437777152382011758e-02
5.684266919392911427e-02
5.931659548031093659e-02
6.182388273157943259e-02
6.434179353365503118e-02
6.685582857826866121e-02
6.934881571905578135e-02
7.179902863607399988e-02
7.423263930169925195e-02
7.668375799370186208e-02
7.913260700667981706e-02
8.159623748398506238e-02
8.406778343569755452e-02
8.655226199990481706e-02
8.905759632015565475e-02
9.156929611966048432e-02
9.408286238812715863e-02
9.659648666204273537e-02
9.910456001856832176e-02
1.016181708214948659e-01
1.041291801633684733e-01
1.066428157667360099e-01
1.091564774367935614e-01
