3.999968098120257887e-01
3.999967938070844720e-01
3.983926094411033847e-01
3.968709909954254988e-01
3.953182007846624546e-01
3.936767596666272961e-01
3.920581771213878519e-01
3.903790037787887579e-01
3.887043142072035828e-01
3.869700025549639433e-01
3.853267294734548098e-01
3.837667247123886516e-01
3.821586325356354230e-01
3.805738112134106621e-01
3.790449111342082955e-01
3.775808120763078923e-01
3.761409693473839466e-01
3.747585402406694022e-01
3.733896809936210204e-01
3.720723469388255156e-01
3.706789056958954554e-01
3.692609918321671514e-01
3.678371555949348504e-01
3.664050692084792060e-01
3.649575543300718206e-01
3.635087538088477843e-01
3.620592293681947349e-01
3.606127914491552011e-01
3.592806215280283100e-01
3.579953644475977192e-01
3.568054872237960140e-01
3.555907336637997296e-01
3.543908373915825583e-01
3.532475893268254286e-01
3.521220447127608177e-01
3.510763075147719792e-01
3.500275518144829734e-01
3.490813871842445848e-01
3.482107748613119114e-01
3.473663341236906676e-01
3.465105415118127086e-01
3.457207839949468231e-01
3.449476078204046781e-01
3.441860887417063086e-01
3.434760137713581130e-01
3.428113613354189515e-01
3.422014256635786955e-01
3.416486766598028080e-01
3.411525877335478962e-01
3.407790885673040449e-01
3.404215493740073706e-01
3.401173830790520936e-01
3.399004401266858544e-01
3.397191451162714371e-01
3.395920512086331722e-01
3.394957315078857563e-01
3.394545061462746482e-01
3.394648521123778684e-01
3.395341626472832552e-01
3.396604880912551527e-01
3.398434500945603509e-01
3.400656104510703659e-01
3.403279216152640396e-01
3.406241656399774942e-01
3.409471038617863936e-01
3.413008938245881141e-01
3.417057053067734107e-01
3.421999721376887682e-01
3.427937921153483281e-01
3.434263043243915292e-01
3.440841368669141920e-01
3.447452768477197171e-01
3.453392729206089529e-01
3.458225508279221816e-01
3.462232380637621509e-01
3.463813063061551012e-01
3.465348066198802868e-01
3.464990090129129729e-01
3.464311339385724442e-01
3.463379830038950669e-01
3.462764325085773698e-01
3.462908424483799319e-01
3.461938888108809786e-01
3.462584224669970623e-01
3.461963542029051211e-01
3.461344004707671562e-01
3.461154029550370659e-01
3.460506517608879506e-01
3.460594357761405671e-01
3.459173281422482926e-01
3.456753012582780005e-01
3.455097003826440583e-01
3.452989892184074594e-01
3.451898510114664864e-01
3.450572013191122167e-01
3.449012453129595146e-01
3.449294280868562823e-01
3.448388315971175344e-01
3.447176944903099227e-01
3.446413832321504334e-01
3.446617233318385320e-01
3.445651612244339801e-01
3.447851724766903825e-01
3.447472957647713665e-01
3.446132842196977242e-01
3.446056324327719245e-01
3.444684745511994994e-01
3.442297095264912343e-01
3.442615789895767109e-01
3.441011475641264084e-01
3.438682655107948571e-01
3.435112824071818172e-01
3.431422340695569617e-01
3.427971422302844573e-01
3.424780059094034157e-01
3.421683624479213148e-01
3.418441418147790678e-01
3.414725511053693929e-01
3.411417786781923422e-01
3.408009864428634406e-01
3.403874485653661242e-01
3.399771334163593228e-01
3.394581497617537580e-01
3.390727345240797663e-01
3.386341914174266221e-01
3.381687184981454486e-01
3.376791749748427884e-01
3.371660261747155829e-01
3.366566613422874998e-01
3.361365833573963791e-01
3.355811173222777999e-01
3.350572802305157305e-01
3.345398649304689997e-01
3.339831193315280222e-01
3.333990255124481550e-01
3.328524005646866790e-01
3.322975434482335899e-01
3.316983566419990925e-01
3.311247667116473115e-01
3.305309850025358598e-01
3.300060426663545821e-01
3.294332703092354153e-01
3.288167217079234206e-01
3.282170595863022622e-01
3.276634508582758620e-01
3.270711234880287477e-01
3.265361704960175193e-01
3.260366829400060951e-01
3.255659818836193486e-01
3.250867242279829594e-01
3.245707121416287477e-01
3.240315765994123409e-01
3.234612448975832666e-01
3.229026654431891852e-01
3.223465609490930861e-01
3.218399300417726927e-01
3.213599957944116015e-01
3.208686517251914672e-01
3.204010600217659377e-01
3.199587739897421512e-01
3.194994516472873802e-01
3.190675847353223182e-01
3.186231345233832002e-01
3.181276039474933426e-01
3.176498164209475839e-01
3.171553805393284020e-01
3.166737347384023793e-01
3.162502422817824455e-01
3.158515597286098431e-01
3.154639929040111701e-01
3.150761602250910509e-01
3.147326962838906672e-01
3.143948337122358661e-01
3.140694918049916629e-01
3.137401429597540536e-01
3.133823052003367748e-01
3.130284117330160987e-01
3.126306299630636776e-01
3.122280416328122032e-01
3.118682038223185571e-01
3.115815677861472621e-01
3.111791727875408697e-01
3.108030374549592967e-01
3.103992239125074604e-01
3.099770622783288854e-01
3.095202696524458896e-01
3.090984355405704265e-01
3.085938664415379118e-01
3.080720283898949474e-01
3.075678897134392908e-01
3.069989526847644035e-01
3.064228991159677062e-01
3.058195097049226097e-01
3.052249923711906066e-01
3.046052940546632448e-01
3.039414262217834950e-01
3.032296976862551841e-01
3.024662555189235325e-01
3.016814546914724504e-01
3.008824054790525393e-01
3.001141320962839032e-01
2.993864422855139762e-01
2.986594960375720254e-01
2.979726714659574061e-01
2.972641964742095411e-01
2.965300464049339113e-01
2.957804894389228778e-01
2.950081608830420477e-01
2.942211807113345734e-01
2.934510077742245593e-01
2.927259273470105283e-01
2.919963442961333033e-01
2.912850536968629167e-01
2.905399342900520931e-01
2.897472049677291550e-01
2.890157856643816858e-01
2.882998640368676369e-01
2.876111699913517783e-01
2.869090992707169496e-01
2.862193353915382099e-01
2.855267579105744136e-01
2.847732826692548902e-01
2.840675308979198621e-01
2.834273366998540378e-01
2.828200113103743196e-01
2.823071655630223220e-01
2.818227593684284882e-01
2.813985062510328539e-01
2.809547816172743295e-01
2.805284949365011160e-01
2.801367779095191857e-01
2.797591465936082877e-01
2.793893853016715667e-01
2.790064815432405920e-01
2.786407557486740849e-01
2.782747773427858284e-01
2.779410126744968901e-01
2.775799420571724574e-01
2.772305451185484437e-01
2.768632916203599414e-01
2.764806715129728421e-01
2.760065499884881146e-01
2.754037823189605660e-01
2.747958510292476397e-01
2.742084977908933463e-01
2.736520805998944317e-01
2.730966594009423543e-01
2.725369860789624843e-01
2.720490995074230645e-01
2.716025217468195363e-01
2.711885593307503672e-01
2.707888811984403010e-01
2.703536677123948850e-01
2.698722447681284331e-01
2.693854245097876965e-01
2.688349165248896111e-01
2.682753695084067469e-01
2.676876717980768983e-01
2.670946835603700276e-01
2.665270475789870974e-01
2.659888897468881686e-01
2.655171051171489882e-01
2.650118578457115737e-01
2.645160258768716188e-01
2.640772050376452018e-01
2.635434309910603123e-01
2.629206321311833294e-01
2.623060170505183697e-01
2.616101284654882564e-01
2.609650755383666199e-01
2.603544987826013624e-01
2.597643561538719448e-01
2.591368716621529344e-01
2.584919528290560153e-01
2.579122247950508262e-01
2.573537180580269812e-01
2.568561199767624426e-01
2.563756019638359085e-01
2.558783989742542953e-01
2.553925207399934116e-01
2.548524388468557667e-01
2.543196545982995271e-01
2.537562622385670097e-01
2.531666440453518296e-01
2.525077373615852716e-01
2.518238892204757717e-01
2.511922205445744072e-01
2.506278412578996639e-01
2.500849089835028294e-01
2.495318642770868178e-01
2.489785711086325293e-01
2.484477206955210127e-01
2.478862872070342893e-01
2.473107710186490393e-01
2.467669362008393097e-01
2.462243987545540413e-01
2.456752940008495034e-01
2.451787341344353333e-01
2.446243662456619172e-01
2.440488809920464408e-01
2.435082643589742690e-01
2.429911923322383704e-01
2.424306333420480353e-01
2.418935986576288277e-01
2.413299740536941629e-01
2.408083536636846655e-01
2.403689067052098838e-01
2.399490116042803101e-01
2.394569219965362317e-01
2.390578563942538093e-01
2.386614933638521174e-01
2.382491191201961123e-01
2.378353065885849271e-01
2.375189941752481326e-01
2.371981421168635473e-01
2.369337270527073214e-01
2.366171771356496423e-01
2.363007027398106585e-01
2.360597111911297008e-01
2.358360538270150852e-01
2.355562475888208218e-01
2.355733742788027330e-01
2.355035635633421498e-01
2.354483829896872604e-01
2.353532593305105725e-01
2.353210281035499063e-01
2.352280976830039838e-01
2.351412437945919198e-01
2.352448138292404789e-01
2.352135724302459319e-01
2.352768165987220716e-01
2.353687554279170202e-01
2.355895851320901901e-01
2.354996463789973127e-01
2.355033781518430236e-01
2.355912095267215234e-01
2.360280967928818641e-01
2.361355891450335198e-01
2.360741611157267938e-01
2.361902548568899640e-01
2.363787938301901703e-01
2.368102075327736811e-01
2.370356246541852618e-01
2.372652357328856876e-01
2.375204311396836854e-01
2.376984440137565879e-01
2.377956205381362431e-01
2.381725059867269567e-01
2.381035040792801039e-01
2.386329158266977113e-01
2.388233049627840887e-01
2.389037738704698488e-01
2.390523988735255567e-01
2.391090337035234048e-01
2.393861067712681479e-01
2.392917702888966436e-01
2.393240914987347090e-01
2.391885848231832812e-01
2.390228109753636254e-01
2.389795605367383557e-01
2.392202536894062481e-01
2.396057361193769941e-01
2.398157723671368313e-01
2.400434545569601619e-01
2.402593660686505872e-01
2.403581851724263529e-01
2.406439333334904618e-01
2.409989996505595700e-01
2.412334416062715536e-01
2.412321584827626098e-01
2.413191637132885425e-01
2.416481781438530041e-01
2.419113882057676856e-01
2.420944685602984814e-01
2.423119899510568498e-01
2.426327613498900082e-01
2.429925445540301043e-01
2.433895550208771963e-01
2.436512365554926174e-01
2.436859517155683941e-01
2.437983084117701371e-01
2.440286052819749807e-01
2.442218165352782466e-01
2.443770031750283345e-01
2.444776880882774950e-01
2.444412484587705769e-01
2.442492343645684960e-01
2.441616119022844422e-01
2.439373981586469287e-01
2.437531470856579285e-01
2.435501157665527494e-01
2.434022580045904771e-01
2.431742825787306661e-01
2.429818475787291210e-01
2.427158501535246204e-01
2.424768019049212686e-01
2.422210171137410550e-01
2.419792555548412605e-01
2.417978104137947504e-01
2.415369177785905430e-01
2.413141854946234122e-01
2.410340981606133026e-01
2.407100439530992786e-01
2.404040534314327293e-01
2.401204398660881645e-01
2.398567851044925703e-01
2.396297962297208317e-01
2.393521914910094472e-01
2.390739556248117348e-01
2.388537566257837030e-01
2.386188898572311201e-01
2.383503368799317901e-01
2.380649339953080645e-01
2.377997741630079043e-01
2.374565829982071830e-01
2.370561744131935433e-01
2.366729138198978843e-01
2.362289722586575214e-01
2.357824168205713833e-01
2.352954456342324918e-01
2.348607840226494547e-01
2.344442838850694655e-01
2.340303905808946705e-01
2.336484915644100324e-01
2.332711151342453104e-01
2.328724983940484716e-01
2.324644605071101988e-01
2.320433817597354065e-01
2.316331027001300169e-01
2.312481707380515117e-01
2.308779971949493359e-01
2.304945908067055349e-01
2.301175045403636987e-01
2.296811977902530610e-01
2.292858769515993544e-01
2.288807993687428932e-01
2.284870858151638318e-01
2.281294372688205119e-01
2.277738853131052454e-01
2.274380449977513041e-01
2.270640799568063584e-01
2.266850367712679171e-01
2.263159612692812184e-01
2.259393583051961252e-01
2.255816381144908900e-01
2.251678129657764260e-01
2.247275465785213977e-01
2.242334623894062795e-01
2.237015165584206322e-01
2.231849905727820160e-01
2.226626141098804468e-01
2.221693758739429758e-01
2.216574476993387333e-01
2.211187256322919570e-01
2.206273964249541586e-01
2.201105921115007746e-01
2.195579557374281454e-01
2.190244496605091851e-01
2.185318180175751523e-01
2.180788906621085321e-01
2.176254202849413899e-01
2.172582548322776752e-01
2.168431296637073624e-01
2.163884090223153478e-01
2.159812119574270328e-01
2.156153962358662024e-01
2.152951686763107109e-01
2.149091350856855154e-01
2.146094959172469563e-01
2.143003731952663471e-01
2.140814418266727415e-01
2.137989839349791477e-01
2.134484494336224558e-01
2.130726756110108699e-01
2.127740525315908737e-01
2.123471851237586361e-01
2.119572950458822325e-01
2.115760692990236724e-01
2.111970793747286745e-01
2.108040673948705646e-01
2.103762120624529108e-01
2.099682587272692913e-01
2.095417486837683474e-01
2.092018069822361437e-01
2.088140488805208250e-01
2.084528223658937973e-01
2.080275946114725771e-01
2.076120951487360200e-01
2.072333254292746119e-01
2.068687440664064014e-01
2.065181749371397812e-01
2.061745986629560379e-01
2.057187431245001974e-01
2.052740797778683235e-01
2.048072576281544099e-01
2.042996355246367024e-01
2.037753150708622174e-01
2.032490936947494442e-01
2.027147677287551852e-01
2.021772336345576959e-01
2.016866861487667806e-01
2.011815575733054418e-01
2.006927152694659988e-01
2.001822902787684655e-01
1.996267153037190878e-01
1.991315393785710597e-01
1.986012927643550918e-01
1.981125801651269225e-01
1.975269822638865691e-01
1.969727340718686326e-01
1.964116106887686952e-01
1.958403414868965242e-01
1.952782938255584744e-01
1.946021087894002910e-01
1.938940666903266052e-01
1.932507692330949489e-01
1.925630895875026782e-01
1.917535071654064838e-01
1.909880255251345527e-01
1.901295766087708894e-01
1.892523384229665706e-01
1.884059270609426129e-01
1.876667695599364138e-01
1.869948461100535420e-01
1.862956090369267959e-01
1.855761539610041033e-01
1.848185833439936754e-01
1.841001260229070680e-01
1.834936517963274005e-01
1.829476787397401605e-01
1.823884198314555949e-01
1.818236342207994183e-01
1.813159402034648648e-01
1.807275706901197432e-01
1.801471898297480334e-01
1.795204359724400234e-01
1.788834827849200004e-01
1.781390719655472632e-01
1.773900839308448496e-01
1.766733121940728957e-01
1.759457726387713972e-01
1.752307315359900586e-01
1.745419905191837595e-01
1.739143339223669371e-01
1.732898511606146275e-01
1.727032636995715076e-01
1.721267586935037730e-01
1.715635666206863919e-01
1.710028134528483457e-01
1.704134261001794826e-01
1.698837417855604270e-01
1.693521034252293278e-01
1.688390069380943659e-01
1.683351848516999594e-01
1.678957916395716343e-01
1.674326833718874363e-01
1.669462306485830771e-01
1.664427457445969150e-01
1.660817717093029389e-01
1.656717933697684220e-01
1.653470954052266018e-01
1.649698691924084137e-01
1.645781383818683274e-01
1.641344654749969378e-01
1.636697143146477462e-01
1.632331967109911519e-01
1.628223729133843889e-01
1.623778633363300306e-01
1.619444526379262284e-01
1.614689283427614697e-01
1.610101362141993231e-01
1.604948768306435347e-01
1.599461314350466568e-01
1.594441097054974110e-01
1.589887932418085348e-01
1.585800239729901751e-01
1.582226560483423750e-01
1.578671191862277834e-01
1.574287488853770012e-01
1.570383605062701526e-01
1.566682828588801535e-01
1.563340356870160097e-01
1.559218424208708154e-01
1.555048504069987125e-01
1.550895796740556776e-01
1.546966873574724954e-01
1.542429771159255780e-01
1.538385891802560024e-01
1.533914273686124430e-01
1.530256988625388337e-01
1.526128132604645526e-01
1.522521874821835264e-01
1.518467607162448663e-01
1.513277414681045707e-01
1.507779688931214224e-01
1.502519930712881979e-01
1.498304839676743161e-01
1.494919613285034532e-01
1.491060303001882081e-01
1.490447135693330760e-01
1.491629092281652746e-01
1.492714639863102211e-01
1.500378171444382014e-01
1.504551714971420484e-01
1.508460230103075284e-01
1.509443099071907379e-01
1.513239486752150365e-01
1.517456559079308487e-01
1.523291897494005176e-01
1.529466161858865914e-01
1.537052310968743118e-01
1.545850916015666932e-01
1.553072345183505454e-01
1.554631665777229943e-01
1.557373496296581838e-01
1.556476912816144864e-01
1.552192057922856250e-01
1.548326561206620211e-01
1.543882515157080082e-01
1.540291817372492489e-01
1.537624618641209306e-01
1.535336448476169735e-01
1.530975854469854014e-01
1.529197749052021993e-01
1.529486383127303950e-01
1.531667651013922660e-01
1.538334596333080229e-01
1.538283532415338772e-01
1.543436991434191385e-01
1.551077664524569966e-01
1.559846807908830124e-01
1.570299107996534771e-01
1.576657261162225376e-01
1.588053814345082582e-01
1.599864697854073148e-01
1.606789555993851371e-01
1.617125964500205348e-01
1.626778956932105613e-01
1.637311414890511019e-01
1.649608123347933164e-01
1.664836375973196281e-01
1.679383863578094438e-01
1.693138226679651026e-01
1.706117225296213680e-01
1.717864461360572581e-01
1.728600006008386147e-01
1.737104743903319648e-01
1.744043170401351761e-01
1.750444394120228842e-01
1.755841289208051326e-01
1.761389101213385600e-01
1.763808878548708270e-01
1.764739576582611824e-01
1.764086660949445162e-01
1.763910378556705627e-01
1.762806106696977460e-01
1.761926808872162631e-01
1.760935117005791584e-01
1.760258330971272434e-01
1.759590276864040626e-01
1.759183973689942837e-01
1.759075839480446490e-01
1.758992818980717465e-01
1.758932123351079901e-01
1.758865341320457187e-01
1.758751972611815040e-01
1.758633861259951692e-01
1.758595309839967313e-01
1.758596722871199058e-01
1.758527912099789037e-01
1.758431290631978228e-01
1.758349383729345405e-01
1.758234680233384806e-01
1.758110546902555971e-01
1.758003809521406779e-01
1.757917280914488012e-01
1.757853141230839022e-01
1.757804347906387066e-01
1.757789345018563043e-01
1.757778727919683259e-01
1.757763646291766735e-01
1.757755974061464554e-01
1.757759371482761068e-01
1.757770581423654388e-01
1.757787935778760968e-01
1.757815287832489581e-01
1.757840278334163453e-01
1.757873858175151571e-01
1.757869870434931869e-01
1.757884060798643455e-01
1.757926335228738868e-01
1.757934032232488508e-01
1.757955994920568366e-01
1.758017340703297016e-01
1.758230796693580900e-01
1.758559745188882084e-01
1.759021258926914966e-01
1.759517379954074479e-01
1.760029972787545971e-01
1.760443613707443344e-01
1.760523043078304761e-01
1.760417998608051204e-01
1.759800782208327530e-01
1.758630235365750138e-01
1.755832662908435593e-01
1.753754632886081188e-01
1.751444855784782817e-01
1.747285968491527897e-01
1.740566289663091626e-01
1.731278102958479226e-01
1.720788923055383557e-01
1.709274917946801142e-01
1.695810694188479850e-01
1.683263791744572524e-01
1.670587903214425241e-01
1.656626454651218550e-01
1.640452663739941641e-01
1.625288556393268968e-01
1.608951594748452563e-01
1.592725402972226256e-01
1.576142441647825077e-01
1.559343919043927051e-01
1.540768911868528046e-01
1.523748820337982868e-01
1.506790228585645486e-01
1.490999542865094618e-01
1.473284118980473512e-01
1.456280055602899026e-01
1.438878858822720819e-01
1.421202693220881830e-01
1.404480080157964050e-01
1.387159969260155779e-01
1.370006858355541923e-01
1.354025143609261517e-01
1.337510135847909953e-01
1.320658441177142428e-01
1.302584565877756284e-01
1.286706263497461311e-01
1.270227730458728388e-01
1.253974514248123451e-01
1.237475206597810490e-01
1.221169201162265322e-01
1.204741538181602345e-01
1.189197618353194374e-01
1.172782387634209028e-01
1.156495372991296899e-01
1.140776109430857027e-01
1.124320726257285047e-01
1.108204874399597306e-01
1.092590853367373938e-01
1.076832561527776844e-01
1.060976697915880784e-01
1.046207984657359508e-01
1.031269889149964009e-01
1.016921073110925028e-01
1.002729024852221512e-01
9.891390730469713788e-02
9.767444505129226073e-02
9.652318258303146936e-02
9.529869421194275825e-02
9.408270669128020181e-02
9.287424418574316554e-02
9.169266116141815137e-02
9.051198424774216378e-02
8.931693545335100959e-02
8.822728960000875142e-02
8.708486134338398743e-02
8.597353448767232342e-02
8.490990278311662254e-02
8.389146085106918838e-02
8.283416191470195644e-02
8.180268353965317041e-02
8.083504685087476715e-02
7.986316035905297039e-02
7.897184060052866994e-02
7.808159051455784705e-02
7.720611745185519681e-02
7.637362387410305542e-02
7.563184454079480146e-02
7.492987260173876451e-02
7.427735268597160379e-02
7.364532639205767506e-02
7.300339118735695021e-02
7.240241099825575621e-02
7.176703412955495742e-02
7.118590520122113074e-02
7.066418119115105978e-02
7.015083927052857826e-02
6.966614465013920565e-02
6.916717954368128973e-02
6.868728709532964660e-02
6.822634253403406235e-02
6.779150080309323534e-02
6.738317240938718200e-02
6.700844057211456650e-02
6.664108715140339145e-02
6.630276580506139217e-02
6.600037958558142848e-02
6.576162138671141910e-02
6.553853500271254739e-02
6.535311461071599548e-02
6.520453740405683651e-02
6.508871877802034633e-02
6.500883248765185196e-02
6.495498415041750517e-02
6.494028779060494194e-02
6.496253195874070185e-02
6.503140042988914127e-02
6.514039776352233135e-02
6.529401151347134780e-02
6.549566026362960147e-02
6.572230406676270176e-02
6.598994216724031470e-02
6.632743493993606410e-02
6.673483657055880036e-02
6.721482200617827363e-02
6.776394321105098928e-02
6.835077652032167661e-02
6.889747229558836061e-02
6.947831716960985171e-02
6.998964221714766565e-02
7.060995025341157416e-02
7.125999435595950504e-02
7.198341934516748475e-02
7.278465779736446872e-02
7.360695257416285942e-02
7.455990797318326480e-02
7.558669755255792433e-02
7.661443142996157696e-02
7.758584971699683530e-02
7.851351229336846205e-02
7.926165301193710544e-02
7.995834611990500218e-02
8.018958111065339900e-02
8.019242604693804788e-02
8.007928333260884435e-02
7.990309596948207138e-02
7.966267691168336940e-02
7.944291394458953548e-02
7.919229058409980870e-02
7.891119154767189947e-02
7.863371725592849248e-02
7.828136299184408620e-02
7.791124016654593643e-02
7.756580114050838637e-02
7.727059157857858740e-02
7.699222518099661794e-02
7.671651116179170615e-02
7.642517556766274811e-02
7.618509708649866263e-02
7.590780391738491395e-02
7.556084799011089648e-02
7.520823194105553944e-02
7.485369778601266844e-02
7.446755130181924309e-02
7.403358549507454978e-02
7.354574977649068479e-02
7.307426767642838383e-02
7.261855618536450230e-02
7.221598757804240099e-02
7.179923588519690481e-02
7.145101913702270324e-02
7.112973085461674061e-02
7.084044232325649448e-02
7.054071262683535293e-02
7.022727680269852391e-02
6.991996383988491326e-02
6.957136539415043064e-02
6.923971658447186650e-02
6.898836441234150463e-02
6.869970761448071506e-02
6.837338073164606067e-02
6.805988019311554060e-02
6.773781162489608820e-02
6.733003446705861095e-02
6.695808137730070719e-02
6.655206109263231418e-02
6.612614677431753740e-02
6.570886709927847846e-02
6.532460883870447321e-02
6.491914067573247016e-02
6.449209732659856587e-02
6.405124147346091812e-02
6.360279066091367728e-02
6.317196865501469027e-02
6.267077679080410024e-02
6.225037227657874428e-02
6.179350276744750847e-02
6.143428391838484659e-02
6.101069214847402999e-02
6.068899924511819699e-02
6.041341972936713212e-02
6.033580805521265855e-02
6.001597107217063187e-02
5.978863652522020677e-02
5.957447254522784535e-02
5.944536432623102884e-02
5.944449809768540677e-02
5.933759016215860160e-02
5.930637692371087955e-02
5.950965810994220118e-02
5.974461809293542952e-02
6.006371293065837502e-02
6.016920470094445222e-02
6.037545496381929028e-02
6.042030782485078438e-02
6.042319800989588013e-02
6.051862891282596552e-02
6.050067567355923298e-02
6.046126700677742494e-02
6.038805050148234044e-02
6.031029598901655603e-02
6.023864641479017429e-02
6.015429777348296064e-02
6.009012999911931413e-02
6.003694893392869797e-02
6.000999551092456308e-02
6.000559870359570280e-02
6.002949042091721560e-02
6.007497917954837674e-02
6.014180084859795800e-02
6.023217441853455367e-02
6.032660314682516955e-02
6.042439376312835203e-02
6.053319089348329490e-02
6.067152103514389383e-02
6.081520852038339864e-02
6.097042598109765621e-02
6.114221093621364372e-02
6.129468179847136211e-02
6.143623675678046986e-02
6.158725673039931736e-02
6.178193696556318754e-02
6.197725033846614856e-02
6.219749198871416668e-02
6.232999699811961336e-02
6.244808020194791975e-02
6.264086789690408164e-02
6.265901784962241150e-02
6.251645893988949654e-02
6.212221732526557183e-02
6.166966588802963445e-02
6.100968814840109639e-02
6.015747105991683941e-02
5.881725744084519147e-02
5.726551722807026595e-02
5.585188953081956370e-02
5.444006605145308708e-02
5.292998944571870173e-02
5.132889604390088178e-02
4.985906847287306654e-02
4.815978932834975162e-02
4.654937056949492308e-02
4.508906796089873215e-02
4.342743710307896826e-02
4.192447359781558552e-02
4.019352999945068061e-02
3.840824973763917044e-02
3.685839602381914271e-02
3.507020754078144648e-02
3.352487706634035836e-02
3.181808636574620652e-02
3.026255364850551077e-02
2.857904521904133452e-02
2.691642910889034332e-02
2.552372074658764214e-02
2.401739542169423203e-02
2.256054241484184431e-02
2.130439225074825041e-02
2.030073710559766528e-02
1.933804828627092368e-02
1.858341902474556703e-02
1.767574570250100147e-02
1.694136667360375895e-02
1.617457644258864236e-02
1.538749231431481117e-02
1.464572556922266559e-02
1.396634160393348673e-02
1.314297122659598659e-02
1.236781164884212351e-02
1.154544315184758384e-02
1.074289003097838799e-02
1.007988382158439382e-02
9.395504841329151147e-03
8.834285217693832459e-03
8.252550375868574969e-03
7.697990444867117144e-03
7.197787332550401908e-03
6.709449916978609506e-03
6.243952059775853200e-03
5.816158835626476092e-03
5.419136938082883687e-03
5.054531370944302313e-03
4.711955962150738732e-03
4.403231941806425020e-03
4.125570236475652706e-03
3.881283509232239404e-03
3.674139093153960117e-03
3.520966922271305272e-03
3.414412207047121117e-03
3.354253430698660946e-03
3.323215214940741010e-03
3.325563012116998941e-03
3.355943392579515891e-03
3.413970453932126808e-03
3.513837788936859108e-03
3.642623442214370372e-03
3.818178485085341016e-03
4.015783816718704151e-03
4.211060875924347788e-03
4.419431177072282758e-03
4.626560357426579700e-03
4.848705887075510299e-03
5.105259599177323221e-03
5.429984675073044019e-03
5.740934909620342211e-03
6.128287526918556154e-03
6.560498701200803695e-03
6.987328690296058277e-03
7.482693678518499529e-03
8.020204154204454289e-03
8.498654583479174282e-03
9.039460060916632012e-03
9.605638023951618143e-03
1.022526074769149890e-02
1.083003311192606670e-02
1.144054131199672038e-02
1.214415468583616119e-02
1.292792820412332934e-02
1.375578085620451224e-02
1.445021930216012010e-02
1.506927603939069854e-02
1.496267132649360676e-02
1.466647772930003597e-02
1.432754986477184113e-02
1.366158717538420303e-02
1.286993240143186404e-02
1.215878138537466492e-02
1.134027506477477271e-02
1.056430094843298188e-02
9.680078171318488856e-03
8.766661046375910302e-03
7.862347331515083179e-03
7.108519347290445309e-03
6.297679724322055063e-03
5.479479158792949049e-03
4.693870345213178516e-03
3.942414160698761577e-03
3.190694396277349906e-03
2.377470795965410787e-03
1.490384608175839530e-03
6.193880892172449332e-04
-3.178311529657738095e-04
-1.293660089192983156e-03
-2.314036658002794830e-03
-3.300868460366652990e-03
-4.344959593611755037e-03
-5.367495648147834787e-03
-6.349796902068410853e-03
-7.318266484977888064e-03
-8.251891768748763345e-03
-9.181860125882969001e-03
-1.007351913892708638e-02
-1.101145285047906187e-02
-1.193190091958984921e-02
-1.289382089256868244e-02
-1.386564984068266136e-02
-1.486278884692754029e-02
-1.588639264609439244e-02
-1.685052588692610362e-02
-1.782350300252797878e-02
-1.879856158663928412e-02
-1.977184988451291536e-02
-2.075881579464785784e-02
-2.169322696746154785e-02
-2.263239225775803831e-02
-2.351349499778765742e-02
-2.439738434402741532e-02
-2.530624472652790932e-02
-2.615907204476814948e-02
-2.701292980491970877e-02
-2.786140993909817440e-02
-2.868351798527739652e-02
-2.947493960394674539e-02
-3.029689567367177538e-02
-3.112360768597078123e-02
-3.194645798803112668e-02
-3.277736017144994990e-02
-3.357960959624223252e-02
-3.438170174753214098e-02
-3.514889753403550171e-02
-3.588009792543064153e-02
-3.658090587423867140e-02
-3.727383457467146888e-02
-3.800145029514342271e-02
-3.873032716068939424e-02
-3.952269865802791188e-02
-4.033482847244687641e-02
-4.112768053765693266e-02
-4.194363179991832807e-02
-4.271827219201066589e-02
-4.350706823946135643e-02
-4.427098069814103254e-02
-4.506004824100003775e-02
-4.586314901487071466e-02
-4.667202054947891532e-02
-4.749033389530014221e-02
-4.829657439099777072e-02
-4.904236552347032013e-02
-4.969947825794473334e-02
-5.035537570770302201e-02
-5.104485261522034856e-02
-5.176590922100019615e-02
-5.250929370510939304e-02
-5.323748552566089087e-02
-5.395228471307729479e-02
-5.468930993770206722e-02
-5.540838912878342376e-02
-5.612512267708655994e-02
-5.680713311756366984e-02
-5.749112128985462561e-02
-5.818871700966150168e-02
-5.894310660376989031e-02
-5.968984362345169242e-02
-6.042283646840399675e-02
-6.112004359379553248e-02
-6.186832977160173358e-02
-6.261829684021626152e-02
-6.336243619146489370e-02
-6.410129224492756850e-02
-6.478424112989224215e-02
-6.549462411049931931e-02
-6.623083993878156606e-02
-6.695503283769824177e-02
-6.774739716644143095e-02
-6.856827256463715603e-02
-6.938470133388149885e-02
-7.016424951555219613e-02
-7.094914696583495828e-02
-7.168158688403934720e-02
-7.240359269567880895e-02
-7.315754405900645740e-02
-7.392911750094602330e-02
-7.468931776859637217e-02
-7.544726036051881135e-02
-7.619819439825055440e-02
-7.692726288514101229e-02
-7.767196783068586186e-02
-7.837818847537404710e-02
-7.910084528038141549e-02
-7.983895352211005381e-02
-8.053091150944929888e-02
-8.123571995590549155e-02
-8.190702790802099897e-02
-8.258788921549188589e-02
-8.330029185263698732e-02
-8.392871459687369085e-02
-8.466738243063481884e-02
-8.540214751039262864e-02
-8.613071720254442121e-02
-8.686795143323960966e-02
-8.762393701772874799e-02
-8.839516405996974968e-02
-8.916994267634099913e-02
-8.994628069929544445e-02
-9.071888918706304261e-02
-9.150595103519520990e-02
-9.235036284315158162e-02
-9.316784525669725980e-02
-9.396862923965870751e-02
-9.471434777782823666e-02
-9.548454708798267965e-02
-9.622536547449225819e-02
-9.695017587654398972e-02
-9.762725958129284121e-02
-9.829943284489874034e-02
-9.900752166720287739e-02
-9.972676881700884288e-02
-1.004565655382203271e-01
-1.011895116251298465e-01
-1.018724299683351625e-01
-1.025212247801620125e-01
-1.031647216228483016e-01
-1.038037211901513684e-01
-1.044343639800903306e-01
-1.050705025303191598e-01
-1.056842882429455538e-01
-1.063086770005203519e-01
-1.069479846663087541e-01
-1.075181312827218072e-01
-1.080967253432847386e-01
-1.086693101123474559e-01
-1.092776536016114991e-01
-1.098487861820737488e-01
-1.104155707331715003e-01
-1.109474845887916811e-01
-1.114732391248065002e-01
-1.120010218038211547e-01
-1.124954929386676461e-01
-1.129618109071590659e-01
-1.133433026820935274e-01
-1.137907707293908388e-01
-1.142531217059164217e-01
-1.146972423985934270e-01
-1.151596592242078165e-01
-1.156481532660089545e-01
-1.161242388997565794e-01
-1.165980061695763570e-01
-1.170556573591709226e-01
-1.174864827804794898e-01
-1.178833278329475542e-01
-1.182705769854323630e-01
-1.186629612519814192e-01
-1.190341691117380307e-01
-1.193775045870739127e-01
-1.197154834927851158e-01
-1.200766727899797159e-01
-1.204150083403522087e-01
-1.207451871878578442e-01
-1.210608466634170016e-01
-1.213757709179343752e-01
-1.216992413723280569e-01
-1.220343775326408475e-01
-1.223717987131880264e-01
-1.227059487075089078e-01
-1.230555664924136428e-01
-1.233962345478410993e-01
-1.237467934039390427e-01
-1.240954415509794434e-01
-1.244207485886020120e-01
-1.247438126193521069e-01
-1.250822978870432534e-01
-1.254076915984326523e-01
-1.257132468499843614e-01
-1.260005721430514369e-01
-1.262975210671413995e-01
-1.265633047882953610e-01
-1.268345409253221201e-01
-1.270971327174799936e-01
-1.273776300857357435e-01
-1.276620219878223661e-01
-1.279383312613228407e-01
-1.282217304019704629e-01
-1.284435025088240534e-01
-1.286440246347804184e-01
-1.288610991722587140e-01
-1.290566249857786341e-01
-1.291894019207721900e-01
-1.293490459533044312e-01
-1.295038026016187005e-01
-1.296785845928797865e-01
-1.298526420599301068e-01
-1.300261113098181986e-01
-1.302540852793108439e-01
-1.304722358023505391e-01
-1.306964363050577282e-01
-1.309270538210494106e-01
-1.311491650741306303e-01
-1.313989959417799780e-01
-1.316520788694482691e-01
-1.319254328951812993e-01
-1.321815097570890885e-01
-1.324487223752908727e-01
-1.327167736200447479e-01
-1.329691718056271732e-01
-1.331672532576010926e-01
-1.334057238886005303e-01
-1.336445731221675981e-01
-1.338702136193616055e-01
-1.341097914337528452e-01
-1.342657162535761117e-01
-1.343545145150970288e-01
-1.343989190629719388e-01
-1.344218248661010195e-01
-1.344215528087908951e-01
-1.344025631978083279e-01
-1.343837050059920601e-01
-1.343749735312142202e-01
-1.343771562142685172e-01
-1.343743189528591453e-01
-1.343828453845258564e-01
-1.343582243862485870e-01
-1.343611663310546323e-01
-1.343625760059032892e-01
-1.343576752237143901e-01
-1.342857594502500918e-01
-1.341834625619819921e-01
-1.339895007354885981e-01
-1.337413685608717928e-01
-1.334992861622668336e-01
-1.332206178353002590e-01
-1.328359244356895619e-01
-1.323855068581002437e-01
-1.318842888235066402e-01
-1.313373406448361536e-01
-1.307959789285467189e-01
-1.302674167586820309e-01
-1.297105623698111554e-01
-1.291218624661467362e-01
-1.284073917800376552e-01
-1.276037489668948588e-01
-1.267917146937565520e-01
-1.260093668193415783e-01
-1.252290752963432507e-01
-1.244634740885914442e-01
-1.236319354838934098e-01
-1.228036103893105635e-01
-1.219690009069744202e-01
-1.210722302820631813e-01
-1.201699001095360431e-01
-1.192309953747737600e-01
-1.184044668122399280e-01
-1.175924613730986862e-01
-1.169603720102532357e-01
-1.163251461266834041e-01
-1.157236703981637388e-01
-1.151953031643128400e-01
-1.149404314086391737e-01
-1.146058419007953133e-01
-1.143522399833877268e-01
-1.140379285062072950e-01
-1.137365066605224295e-01
-1.135728488271468967e-01
-1.134619829189429524e-01
-1.138294580732142486e-01
-1.136853234226977288e-01
-1.133357511373943582e-01
-1.127794741470932310e-01
-1.125093939530485421e-01
-1.119421167802351347e-01
-1.113075291455979249e-01
-1.106756276510118819e-01
-1.102496909380972639e-01
-1.096165689288129269e-01
-1.089558691031037307e-01
-1.085239871678681245e-01
-1.080774321369691177e-01
-1.076574002347390202e-01
-1.074748449546343437e-01
-1.073416253559004579e-01
-1.072659391878334617e-01
-1.073256606021380649e-01
-1.073975122848962183e-01
-1.073053578589796553e-01
-1.074290408516767464e-01
-1.074165769753730876e-01
-1.075325097852941197e-01
-1.076489995460132715e-01
-1.076270466104573137e-01
-1.076805415768579688e-01
-1.077665666713785858e-01
-1.078364661916653006e-01
-1.079696163733812470e-01
-1.081779820648705592e-01
-1.084513198542372686e-01
-1.087560222071368016e-01
-1.090109585035991258e-01
-1.093161535928600936e-01
-1.096258635617802096e-01
-1.098752756406145697e-01
-1.101430594976335053e-01
-1.103778812897590750e-01
-1.105891165230720591e-01
-1.108287824325022430e-01
-1.110602370956841611e-01
-1.113138722274352871e-01
-1.115651163048604344e-01
-1.117805423770755063e-01
-1.120077964081323818e-01
-1.122378066836371147e-01
-1.124586292427387085e-01
-1.126953607974922056e-01
-1.128982269300950747e-01
-1.131098528092535777e-01
-1.133569494298158342e-01
-1.135818041115364135e-01
-1.138191306273327874e-01
-1.140737852825274845e-01
-1.143526775020529129e-01
-1.146208901649068690e-01
-1.149022682048693872e-01
-1.151723318582665995e-01
-1.154471921495220238e-01
-1.157257872448750197e-01
-1.159767610469264187e-01
-1.162389853376095683e-01
-1.164967850813461575e-01
-1.167729151826346207e-01
-1.170532872470094882e-01
-1.173420483105866718e-01
-1.176262203774578741e-01
-1.179107390607894434e-01
-1.182152215360359054e-01
-1.185431117378959454e-01
-1.188841694690656314e-01
-1.191973214254740121e-01
-1.195078464759265213e-01
-1.198052748610828194e-01
-1.201637626588626523e-01
-1.204997443093344389e-01
-1.208549930465956795e-01
-1.211491354583076885e-01
-1.215077214665131883e-01
-1.218574833952976721e-01
-1.222095514432311736e-01
-1.224865936130437732e-01
-1.228172653511999529e-01
-1.231671015904780841e-01
-1.234543935611527171e-01
-1.238126520776788170e-01
-1.241001697698168454e-01
-1.243972094461617411e-01
-1.247351309737950303e-01
-1.250483742071059057e-01
-1.253126209161763427e-01
-1.255898991139891285e-01
-1.258762375373416453e-01
-1.261944511634144062e-01
-1.263937285820130596e-01
-1.266662796963317905e-01
-1.270363436947083979e-01
-1.272931137212177932e-01
-1.276426275150556178e-01
-1.279265132676305483e-01
-1.282639684547667025e-01
-1.285558033806653566e-01
-1.288179557947930765e-01
-1.291240561604174997e-01
-1.293730315210784576e-01
-1.296296193664019936e-01
-1.298877621990790210e-01
-1.301713850478475598e-01
-1.304211963770697813e-01
-1.306139266896137463e-01
-1.308442292291301656e-01
-1.310560032818833820e-01
-1.312430803407934610e-01
-1.314809241339084944e-01
-1.317124189046669225e-01
-1.319392625280107756e-01
-1.321307188524754594e-01
-1.323706139931482562e-01
-1.326265764197274988e-01
-1.328704566618708338e-01
-1.331072275273462724e-01
-1.333568157371736729e-01
-1.335965736461603437e-01
-1.338540505652527079e-01
-1.341360646596859718e-01
-1.344091053279367343e-01
-1.347372666065696500e-01
-1.350051132411934363e-01
-1.353151176827022684e-01
-1.356937641391046945e-01
-1.360812078914127865e-01
-1.364704178612219654e-01
-1.368260324572402875e-01
-1.370825376462067036e-01
-1.373150663412425754e-01
-1.375384065066939387e-01
-1.377544663086199828e-01
-1.379540153887338083e-01
-1.382311013885100248e-01
-1.385199153020197083e-01
-1.387653550740370889e-01
-1.390011961004795349e-01
-1.393154497427202265e-01
-1.396461682546200622e-01
-1.399597166672341686e-01
-1.402781619208075536e-01
-1.405864284119705543e-01
-1.409181447518711716e-01
-1.412520489464507978e-01
-1.415783136118594077e-01
-1.418970465618354104e-01
-1.421707718604573178e-01
-1.424598352358087960e-01
-1.427377189481300046e-01
-1.430480020604573410e-01
-1.433158480731600570e-01
-1.435499173588483945e-01
-1.437201806195991249e-01
-1.439830354687873792e-01
-1.441784422201760618e-01
-1.444129623044381194e-01
-1.446158616471401870e-01
-1.448249438355988239e-01
-1.450509080229041847e-01
-1.452709771194108934e-01
-1.454807192843778352e-01
-1.457056386913881951e-01
-1.459148274969860049e-01
-1.461093013729884982e-01
-1.462992218556548873e-01
-1.465026724164320560e-01
-1.467286334355734356e-01
-1.469353031715721902e-01
-1.471507055056295588e-01
-1.473737897028952470e-01
-1.475750786048776741e-01
-1.478051413093562361e-01
-1.480414929357135867e-01
-1.482492983126528774e-01
-1.484497022641853292e-01
-1.486167032957957934e-01
-1.487917373194824755e-01
-1.489766426734565330e-01
-1.491745667758823668e-01
-1.493686950979775940e-01
-1.495802816744427333e-01
-1.497763362302584889e-01
-1.499552528825653097e-01
-1.501536533129988749e-01
-1.503552028500978188e-01
-1.505743331761229820e-01
-1.507739925120430702e-01
-1.509816138721489787e-01
-1.511720762636654947e-01
-1.513569057808173135e-01
-1.515418871645187460e-01
-1.517281409802338776e-01
-1.519225732966617004e-01
-1.521070130845744717e-01
-1.523055290708075771e-01
-1.525053993043545553e-01
-1.527147167898117719e-01
-1.529206963128990626e-01
-1.531325730878891345e-01
-1.533489682857623049e-01
-1.535575928734717877e-01
-1.537539783380020286e-01
-1.539459464274842426e-01
-1.541426412844809635e-01
-1.543303070059472981e-01
-1.545076565736026031e-01
-1.546928464220468924e-01
-1.548686951653907296e-01
-1.550400462875240193e-01
-1.551977463347928576e-01
-1.553654251589579871e-01
-1.555316481271653006e-01
-1.556922971178134607e-01
-1.558622942091346386e-01
-1.560107243338176575e-01
-1.561470423196365254e-01
-1.562580521848422888e-01
-1.563716245264491211e-01
-1.564928076449408068e-01
-1.566124643752516699e-01
-1.567196754763969802e-01
-1.568347299756859825e-01
-1.569383512867507102e-01
-1.570617702533089743e-01
-1.571838689289861424e-01
-1.572871064373744798e-01
-1.573944290798784951e-01
-1.575007694862370355e-01
-1.576068607131782540e-01
-1.577189416959330071e-01
-1.578263110387340129e-01
-1.579396844057133764e-01
-1.580434845629520024e-01
-1.581412801744697949e-01
-1.582452614061357343e-01
-1.583591015505946553e-01
-1.584753932410352117e-01
-1.585888271765362179e-01
-1.587067057439274786e-01
-1.588319252870980802e-01
-1.589508077611449521e-01
-1.590692584110902641e-01
-1.591767548405664257e-01
-1.592937419764654250e-01
-1.594087396554307035e-01
-1.595218479298811665e-01
-1.596281694298859744e-01
-1.597277228209869060e-01
-1.598179113469985202e-01
-1.599125490414929351e-01
-1.599998955558502023e-01
-1.600877737827325620e-01
-1.601741594930189694e-01
-1.602646015133485646e-01
-1.603598959386278722e-01
-1.604301313315500965e-01
-1.605250410658159432e-01
-1.606124740811578910e-01
-1.607098309192981078e-01
-1.608241073292866474e-01
-1.609083948972611644e-01
-1.610113202297584756e-01
-1.611155027054060329e-01
-1.612393757775354153e-01
-1.613224971194928414e-01
-1.614293100998511477e-01
-1.615507911026593801e-01
-1.616715342289146429e-01
-1.618116549904080326e-01
-1.619415186760186642e-01
-1.620075795377174666e-01
-1.621291189530821575e-01
-1.622303654070732237e-01
-1.623865867586659628e-01
-1.625101209339691599e-01
-1.626272449998288072e-01
-1.627329602193347824e-01
-1.628409759358397935e-01
-1.629353424491568614e-01
-1.629457246849891627e-01
-1.630282400561937350e-01
-1.630771530841453321e-01
-1.631407663064886049e-01
-1.632274937122212832e-01
-1.633152676356833533e-01
-1.634054997669440457e-01
-1.634865006242287588e-01
-1.636030357646107991e-01
-1.636670873933368797e-01
-1.637408894795662206e-01
-1.638497704057717552e-01
-1.639489543593651011e-01
-1.640593746904016048e-01
-1.641629634460747278e-01
-1.642513329591764049e-01
-1.643468046397207338e-01
-1.644369053038163830e-01
-1.645089126003768110e-01
-1.645794188564322913e-01
-1.646354765282062593e-01
-1.646814771975237401e-01
-1.647223117021580086e-01
-1.647686489461307746e-01
-1.648142870175280106e-01
-1.648617499190290769e-01
-1.649156912175830381e-01
-1.649749686672036808e-01
-1.650310548336891836e-01
-1.650760498352258077e-01
-1.651294497594094079e-01
-1.651798145010885677e-01
-1.652276936050658396e-01
-1.652692259586575063e-01
-1.653123104132693533e-01
-1.653633387830706070e-01
-1.654102418524427687e-01
-1.654498985488173646e-01
-1.654886529567256848e-01
-1.655237722298703029e-01
-1.655525192218755548e-01
-1.655750894951293350e-01
-1.655904999647035691e-01
-1.655982484529789911e-01
-1.655971308450140400e-01
-1.655903548617686516e-01
-1.655805914052193850e-01
-1.655630831794250302e-01
-1.655312544223916937e-01
-1.654875954833640306e-01
-1.654399041871060239e-01
-1.653816374953810120e-01
-1.653088795347898987e-01
-1.652368416449871980e-01
-1.651573624259477235e-01
-1.650760136147191581e-01
-1.649785593392794625e-01
-1.648860604356620074e-01
-1.647799815060013162e-01
-1.646762406265773748e-01
-1.645657014430641774e-01
-1.644429254986129185e-01
-1.643331845384305434e-01
-1.641979798492567977e-01
-1.640688780710690964e-01
-1.639326516212918083e-01
-1.637913752653891164e-01
-1.636316751556371185e-01
-1.634806023485320114e-01
-1.633266104041407041e-01
-1.631785751067699741e-01
-1.630028167428949903e-01
-1.628478437385008637e-01
-1.626132015003016740e-01
-1.624294131304167277e-01
-1.621642630702612442e-01
-1.618989675752799950e-01
-1.616199435187205269e-01
-1.613477509437215573e-01
-1.610834633023013607e-01
-1.607601328496775228e-01
-1.604537633188746759e-01
-1.601118860123984244e-01
-1.597705706771740120e-01
-1.594312627117524250e-01
-1.590638828102219626e-01
-1.587357267078896850e-01
-1.583683720612882873e-01
-1.580349399688429635e-01
-1.576195262662589136e-01
-1.572135081626058473e-01
-1.568302513970650791e-01
-1.564125015439692956e-01
-1.559839803222041466e-01
-1.555939579310935406e-01
-1.551643536442301741e-01
-1.548094915605715272e-01
-1.544510844673969985e-01
-1.540654543895252360e-01
-1.536662774701763878e-01
-1.533298787277040942e-01
-1.529195148966841222e-01
-1.525332708821613981e-01
-1.520973243882942361e-01
-1.517023613385301006e-01
-1.513408588397059384e-01
-1.509563492014087127e-01
-1.505493385312050847e-01
-1.501498901443594214e-01
-1.497282902419611872e-01
-1.493244217002356600e-01
-1.488329990009433501e-01
-1.483367624551748809e-01
-1.477792966265870089e-01
-1.472403884082052195e-01
-1.466827844193694108e-01
-1.461888983223808558e-01
-1.456672090989910573e-01
-1.452324407482873947e-01
-1.448532258111651372e-01
-1.443441661716381441e-01
-1.436616664202695348e-01
-1.429930302549314580e-01
-1.423484502105278326e-01
-1.419117356635090643e-01
-1.412314567336251936e-01
-1.405331171398598866e-01
-1.397791577814450625e-01
-1.391127524334344057e-01
-1.382578869209828420e-01
-1.374386061268001724e-01
-1.366417321895954939e-01
-1.358792013455550063e-01
-1.351776701672550707e-01
-1.344575512671720430e-01
-1.338816055555996365e-01
-1.331953792514371238e-01
-1.324744309224696326e-01
-1.316191507598213351e-01
-1.309629359029909346e-01
-1.301418236129173178e-01
-1.294039747549155517e-01
-1.285495884601511318e-01
-1.277817228900603730e-01
-1.271067782887725373e-01
-1.263830580120019753e-01
-1.255896214832495916e-01
-1.250027992992332471e-01
-1.243944813400197913e-01
-1.237009636629836373e-01
-1.230171209159845042e-01
-1.221828945823547063e-01
-1.214733322477379029e-01
-1.206799611267997813e-01
-1.198665316943994669e-01
-1.190538011553013420e-01
-1.180792841046894581e-01
-1.172625540320530874e-01
-1.163779798623601480e-01
-1.155068615702324469e-01
-1.147612040480791573e-01
-1.138066719983330949e-01
-1.130059193969094739e-01
-1.122407126798507931e-01
-1.114207821033116885e-01
-1.106859987136315782e-01
-1.099811619092103399e-01
-1.095215374508852757e-01
-1.090796164928739265e-01
-1.084403243881167794e-01
-1.080060401672719717e-01
-1.075502531814330337e-01
-1.070387643487832469e-01
-1.066490450438850462e-01
-1.059913745888010073e-01
-1.056741987612705991e-01
-1.054159335173244783e-01
-1.048908345280674531e-01
-1.041959035205746037e-01
-1.034559786127655784e-01
-1.025055752822213312e-01
-1.015328069696754126e-01
-1.005456412610978567e-01
-9.956945363853032804e-02
-9.876546694026068496e-02
-9.823615404591828915e-02
-9.740886198678735952e-02
-9.667850218837505116e-02
-9.600194856314467340e-02
-9.560034955416277236e-02
-9.472208847597439474e-02
-9.421201499930416390e-02
-9.381125751300189997e-02
-9.395952656710856998e-02
-9.402276023252728598e-02
-9.396225996756528420e-02
-9.355008885160191745e-02
-9.328353101631718658e-02
-9.288484573284228052e-02
-9.234197990271296452e-02
-9.196165514715103073e-02
-9.145804276351665596e-02
-9.126031798053127475e-02
-9.055721991010835803e-02
-9.018843710380172740e-02
-8.995180315586297215e-02
-8.926379597561623358e-02
-8.868231334929405074e-02
-8.793142365493690493e-02
-8.723586438566062473e-02
-8.642569971545890906e-02
-8.543886400198658082e-02
-8.452173982028265975e-02
-8.387179988638307493e-02
-8.332557873074443455e-02
-8.251768511166139575e-02
-8.178575380832969755e-02
-8.087703068976515031e-02
-8.029964119994910388e-02
-7.951508692074300833e-02
-7.860152923867050334e-02
-7.795275073176995140e-02
-7.709094227051879744e-02
-7.614104756704317967e-02
-7.529467399648794024e-02
-7.441575845606458739e-02
-7.354097683433949428e-02
-7.263961740814982304e-02
-7.175896287764756132e-02
-7.105634658312574847e-02
-7.018532071063608713e-02
-6.919488698963864592e-02
-6.817882972906742778e-02
-6.724049556309986964e-02
-6.628533574077784263e-02
-6.528359142491658995e-02
-6.409602006240334993e-02
-6.290669868078248295e-02
-6.170922409290844485e-02
-6.037234498666405047e-02
-5.898557986537733555e-02
-5.779214336956250281e-02
-5.677650563239956816e-02
-5.548229107895660817e-02
-5.426422208632603050e-02
-5.323683826799655017e-02
-5.224345084606049627e-02
-5.119479477950099333e-02
-4.998628143981016791e-02
-4.855355348215689704e-02
-4.729210220150541905e-02
-4.589719366173379556e-02
-4.460289980118206654e-02
-4.314973548014485599e-02
-4.187495789181078232e-02
-4.054603173308505421e-02
-3.983981948742451595e-02
-3.870900948411440390e-02
-3.747646441131748107e-02
-3.650068411464496565e-02
-3.519232444558096501e-02
-3.420345183953250184e-02
-3.315156303538301791e-02
-3.228880104796320177e-02
-3.110468580292015395e-02
-2.984353529288716333e-02
-2.848774278474843283e-02
-2.708271107366187064e-02
-2.588508451354323142e-02
-2.480273706526184632e-02
-2.397345539484118868e-02
-2.288551407539008570e-02
-2.185893272062098408e-02
-2.069691041573766890e-02
-1.963909849378038530e-02
-1.879921446239668503e-02
-1.781187969494264778e-02
-1.682575196847851950e-02
-1.571601126192102502e-02
-1.455904431014922763e-02
-1.337558256578930301e-02
-1.224417020252244366e-02
-1.114454850213129206e-02
-1.007620481028005839e-02
-8.994307822517198445e-03
-7.873710491067531167e-03
-6.996540215211293975e-03
-6.066692110683130461e-03
-5.202075836153691873e-03
-4.485401148216769558e-03
-3.264785594094612997e-03
-2.030035978054674489e-03
-1.001716722771325797e-03
3.153043233044392933e-04
1.590729810802994767e-03
2.752800431316413266e-03
3.582915632629432665e-03
4.762675067073875168e-03
5.847870163249737317e-03
6.552905035502685355e-03
7.501286638214957683e-03
8.445207797446334375e-03
9.557878689029701905e-03
1.055906412235447026e-02
1.152736195796913617e-02
1.255572198258999086e-02
1.346046646828600278e-02
1.422096474966141021e-02
1.497695759873680053e-02
1.571113729508086948e-02
1.649189399708704540e-02
1.681250570156042623e-02
1.722070828392135294e-02
1.783275783261662265e-02
1.819676534935609630e-02
1.874140761045186773e-02
1.956512341600287128e-02
2.056197836356318462e-02
2.167002658968124329e-02
2.262239309755424699e-02
2.339155802339600368e-02
2.419590911177468134e-02
2.504361338773398657e-02
2.583856671491634865e-02
2.668846023514271498e-02
2.760313053862770497e-02
2.841875450925536103e-02
2.932614575989412817e-02
3.026582908307592565e-02
3.091194275558856175e-02
3.179843831191991876e-02
3.259455159432345095e-02
3.287917154754313454e-02
3.337416450971847359e-02
3.378503603770884739e-02
3.404273059868077878e-02
3.419713229764823753e-02
3.418015939444579709e-02
3.432298462180011223e-02
3.469341701963735841e-02
3.483986827614871801e-02
3.520789033749969349e-02
3.527526091483230292e-02
3.541868655754391165e-02
3.568716313169299770e-02
3.593087700869086049e-02
3.621387525548928898e-02
3.675397852213168476e-02
3.705495399238644544e-02
3.764927537133945512e-02
3.817520833624860055e-02
3.845473087349261798e-02
3.888076961338421400e-02
3.911343772968536858e-02
3.896108877681268845e-02
3.897550494971561280e-02
3.891968385325614288e-02
3.913653843742380400e-02
3.932496734381634579e-02
3.938069397911951597e-02
3.946952125027552993e-02
3.983527243249549571e-02
4.028036054254556519e-02
4.075774090183262310e-02
4.139166261817060766e-02
4.170770403799080317e-02
4.233013861150060342e-02
4.237468936015954812e-02
4.241313597019169546e-02
4.230650009300836872e-02
4.252215080509753192e-02
4.269684091457509600e-02
4.315587507126028566e-02
4.348400535508218506e-02
4.400523419797992136e-02
4.444976691859479911e-02
4.507810185126900904e-02
4.564845925160783413e-02
4.593518007286796767e-02
4.656889835053280857e-02
4.698029649910186872e-02
4.733690289614202185e-02
4.735937742710653875e-02
4.745864870938074770e-02
4.739773719063159613e-02
4.739004185951720127e-02
4.747199675106725247e-02
4.756598343422228231e-02
4.760221260845046154e-02
4.771789295556194688e-02
4.778718360450106423e-02
4.762800178634137016e-02
4.758404535831225329e-02
4.762836318091458881e-02
4.760899508126095053e-02
4.741197371174441649e-02
4.731587983429452055e-02
4.723329154415560616e-02
4.700437733452934169e-02
4.672082042209388386e-02
4.654897205798563115e-02
4.649131438657058690e-02
4.640303503277036501e-02
4.640343815289477147e-02
4.675627735550762915e-02
4.678156602080186383e-02
4.736336779522420937e-02
4.753985705803751710e-02
4.770069246646612554e-02
4.770814936498019715e-02
4.770935732922794437e-02
4.775554982261267373e-02
4.779863903715076551e-02
4.795848131133098602e-02
4.815673578892217671e-02
4.821829728498359252e-02
4.810770792066240004e-02
4.792127723816481943e-02
4.789958453687349904e-02
4.768612706831634046e-02
4.757343134880570590e-02
4.767685869037763258e-02
4.750864780341331611e-02
4.738657676989377343e-02
4.743284234274923461e-02
4.737968312382273561e-02
4.757376909782004559e-02
4.751673534372646834e-02
4.759374398508414705e-02
4.750921033999178089e-02
4.765281394123791620e-02
4.751074632091123462e-02
4.758074022859221791e-02
4.753482195778047092e-02
4.767506675090721346e-02
4.776972735179772778e-02
4.793807742669451560e-02
4.808941163029350346e-02
4.837882377156716568e-02
4.864811205709076297e-02
4.874398743275033113e-02
4.913520612088232570e-02
4.931280835925012929e-02
4.943676360475370013e-02
4.971600494503403828e-02
4.979252938025873626e-02
4.989913658970359517e-02
5.010323312294846093e-02
5.028183724662468185e-02
5.056344449427748605e-02
5.072174031966487917e-02
5.084087617333660214e-02
5.099379936865302415e-02
5.124893593506176653e-02
5.157152794704036175e-02
5.191426187800612935e-02
5.207903218626249581e-02
5.211712083463595352e-02
5.238186941171643629e-02
5.259471780715976874e-02
5.279427385200171491e-02
5.302897568780336190e-02
5.324029819794745544e-02
5.337368644000017870e-02
5.348379228229824950e-02
5.353953327060110429e-02
5.357982776285464405e-02
5.357064424960238103e-02
5.351142823135548315e-02
5.356199057806239339e-02
5.364821353052856567e-02
5.370343684316782051e-02
5.386498584225000996e-02
5.385778977807324785e-02
5.385952946575709582e-02
5.389675418935625795e-02
5.410358324511282263e-02
5.411004004387941213e-02
5.405612329465780269e-02
5.412523744308411072e-02
5.426094709099429925e-02
5.454935408134382185e-02
5.509745524596747906e-02
5.518069411279642039e-02
5.529638620952045946e-02
5.547860998202510524e-02
5.595892579089267738e-02
5.628481061559235249e-02
5.651197118624667892e-02
5.677127532873294663e-02
5.698067804030242794e-02
5.703428354483799229e-02
5.708015611737903006e-02
5.713387981373633379e-02
5.721222104903653238e-02
5.723599239836033026e-02
5.723351055999078424e-02
5.726090699382218457e-02
5.735913836514157371e-02
5.758434303739243254e-02
5.774554108736389135e-02
5.794898162718682688e-02
5.813166082955558561e-02
5.831656339868718231e-02
5.855448345916450248e-02
5.897572292706899227e-02
5.953480837645891421e-02
6.000725380071204873e-02
6.030827257711277034e-02
6.060653954677133748e-02
6.111680493147320786e-02
6.144861901822624983e-02
6.184883911828017999e-02
6.225235378925812746e-02
6.250724670422597162e-02
6.300837852673701889e-02
6.324843539138332027e-02
6.357745125524812135e-02
6.399303896776371847e-02
6.440781549948491891e-02
6.471606572069943386e-02
6.519937522399177343e-02
6.560996758160336784e-02
6.614242966769202925e-02
6.666651328411908606e-02
6.740588279138741423e-02
6.813145374790149922e-02
6.909915890444628950e-02
6.993260718511881691e-02
7.087709030128712395e-02
7.185631774455082665e-02
7.288147561461055801e-02
7.372075804603472893e-02
7.444354780033984875e-02
7.520956538559699089e-02
7.605227562239526284e-02
7.682502132880043855e-02
7.755111554204344171e-02
7.819746965668709915e-02
7.874362823620244256e-02
7.940932561475852469e-02
8.020398832462789784e-02
8.091840557894806885e-02
8.176369754420109714e-02
8.244407937087734617e-02
8.322774111773194317e-02
8.396528991919197105e-02
8.454298710814682483e-02
8.556484634498462416e-02
8.651409229267927048e-02
8.803043510059940790e-02
8.953968503918746658e-02
9.109292037221866645e-02
9.295732515682762764e-02
9.487616853659204541e-02
9.675260040446308218e-02
9.868392337419354399e-02
1.006149327634743157e-01
1.025456542095463663e-01
1.044761271773251704e-01
1.064063907021928629e-01
1.083364813435998136e-01
1.102664372396115477e-01
1.121962858195418578e-01
1.141260584228056540e-01
1.160557778440435422e-01
1.179854602958987919e-01
1.199151183504932466e-01
1.218447552420059005e-01
1.237743774142834735e-01
1.257040101611258398e-01
1.276336443428716660e-01
1.295632814243568021e-01
1.314929211797621345e-01
