-2.000015812874942900e-01
-2.000015968624721252e-01
-2.012224574955033818e-01
-2.024336042689051096e-01
-2.036271938586428076e-01
-2.048077520437991683e-01
-2.060260301841663477e-01
-2.072576744559971873e-01
-2.084926985812242672e-01
-2.097276496852708838e-01
-2.109601094520458520e-01
-2.121803679926804187e-01
-2.134069187850709814e-01
-2.146127725365296335e-01
-2.158307750434565464e-01
-2.170736922173253924e-01
-2.183165008592466705e-01
-2.195529840022442669e-01
-2.207944943123889003e-01
-2.220359428637584120e-01
-2.232773435767554937e-01
-2.245187094180306209e-01
-2.257600514206221654e-01
-2.270013798765943558e-01
-2.282427048450751395e-01
-2.294840282826901001e-01
-2.307253543390762329e-01
-2.319666860845195633e-01
-2.332080254543049680e-01
-2.344493734130727591e-01
-2.356907301047544978e-01
-2.369320945842806891e-01
-2.381734655322844674e-01
-2.394148429374374498e-01
-2.406562251988872969e-01
-9.214315790742132913e-07
-9.368267672065960775e-07
-7.032589668122488655e-04
-1.405616038270865367e-03
-2.107987262186307789e-03
-2.810371304753914688e-03
-3.512766917429550363e-03
-4.215172559618878684e-03
-4.917586424734617101e-03
-5.620006470914907203e-03
-6.322430453278082146e-03
-7.024855964667438800e-03
-7.727281471751585619e-03
-8.429706204288544766e-03
-9.132129477006298290e-03
-9.834550682842675695e-03
-1.053696928903547630e-02
-1.123938483567164283e-02
-1.194179693378009596e-02
-1.264413165379189505e-02
-1.333942039905616772e-02
-1.403587610778388173e-02
-1.473011517731355295e-02
-1.542553802793931832e-02
-1.612212043791543675e-02
-1.681875335556663742e-02
-1.751543284856376531e-02
-1.821215280091115565e-02
-1.890890751268332545e-02
-1.960568999770161136e-02
-2.030249429226877941e-02
-2.099931524932347263e-02
-2.169614870282429026e-02
-2.239299152528296394e-02
-2.308984160932539206e-02
-2.378669779796852013e-02
-2.448355978327719160e-02
-2.518042627463227059e-02
-2.587729634467297868e-02
-2.657416941735658844e-02
-2.727104519227218152e-02
-2.796792357492001654e-02
-2.866480461485669193e-02
-2.936168845053366283e-02
-3.005857562431737268e-02
-3.075546800417077939e-02
-3.145236735050408600e-02
-3.214927524558768013e-02
-3.284597974363644840e-02
-3.354298343837992802e-02
-3.423999806057450440e-02
-3.493702399176319695e-02
-3.563406134749860094e-02
-3.633110981272190398e-02
-3.702816917203473335e-02
-3.772523842882147954e-02
-3.842231643490068294e-02
-3.911940173952879046e-02
-3.981649261231001019e-02
-4.051358707238424811e-02
-4.121068292419390738e-02
-4.190777856108154897e-02
-4.260487332056819149e-02
-4.330196659711728346e-02
-4.399905783971826134e-02
-4.469614655223814320e-02
-4.539323229555836808e-02
-4.609031469071439568e-02
-4.678739343228918712e-02
-4.748446713519585000e-02
-4.818153398629879125e-02
-4.887859235566412858e-02
-4.957564084265387444e-02
-5.027267831276135968e-02
-5.096970392600520122e-02
-5.166671715747413185e-02
-5.236371781048965862e-02
-5.306070583556721926e-02
-5.375768209104420797e-02
-5.445464715914502540e-02
-5.515160215207861455e-02
-5.584854848201874222e-02
-5.654548783837987092e-02
-5.724242216024901658e-02
-5.793935360469469609e-02
-5.863628451248237977e-02
-5.933321584773411372e-02
-6.003014827678608556e-02
-6.072708239873503278e-02
-6.142401874911418425e-02
-6.212095780127436379e-02
-6.281789996621407746e-02
-6.351484559008882536e-02
-6.421179515386550574e-02
-6.490875049836225541e-02
-6.560571336610739046e-02
-6.630268529767401053e-02
-6.699966758981169834e-02
-6.769666126230804160e-02
-6.839366703291346883e-02
-6.909068529975244399e-02
-6.978771613070797186e-02
-7.048475909285202567e-02
-7.118181398074338584e-02
-7.187887965287421965e-02
-7.257595487710208348e-02
-7.327303812768878877e-02
-7.397012760977195178e-02
-7.466722128855761420e-02
-7.536431692321957088e-02
-7.606141259078755268e-02
-7.675850757231582333e-02
-7.745560121747163684e-02
-7.815269293989594857e-02
-7.884978221558038014e-02
3.999967570123598160e-01
3.999967410838231596e-01
3.974406182922490816e-01
3.948842353640293346e-01
3.923278576115170058e-01
3.897714847885740963e-01
3.872151161247506246e-01
3.846587509611309463e-01
3.821023887370829653e-01
3.795460289682950350e-01
3.769896712294119046e-01
3.744333142641001477e-01
3.718769580072341929e-01
3.693206022791136189e-01
3.667642469396475424e-01
3.642078918801294196e-01
3.616557194784517648e-01
3.590993871748681676e-01
3.565430530975898238e-01
3.539867157300636280e-01
3.514303778068118000e-01
3.488740392896364506e-01
3.463177001609180627e-01
3.437613604202792161e-01
3.412050200823780188e-01
3.386486791755888848e-01
3.360923377412545765e-01
3.335359958332726471e-01
3.309796535178661792e-01
3.284233108734561646e-01
3.258669679905694672e-01
3.233106250407877802e-01
3.207542819905167542e-01
3.181979390424112819e-01
3.156415963313197737e-01
3.130852539995345740e-01
3.105289112475440039e-01
3.079725684618845327e-01
3.054162257017621340e-01
3.028655976517710680e-01
3.003394429476372585e-01
2.978221246844810488e-01
2.953164063172738496e-01
2.928072162778997956e-01
2.903049655332183843e-01
2.877872432042368200e-01
2.852835138281668570e-01
2.827684420539278154e-01
2.802763849933665452e-01
2.777983162785901960e-01
2.753463445373806606e-01
2.729006721356626586e-01
2.704322531627297854e-01
2.679588914826165902e-01
2.654943587328505994e-01
2.630111222423623940e-01
2.605026396792476384e-01
2.579857121822167754e-01
2.554528225425186649e-01
2.529209587195473397e-01
2.503967135077156403e-01
2.478877007126580045e-01
2.453805948663365655e-01
2.428951237121202977e-01
2.403996024381551411e-01
2.378836088448431363e-01
2.353914618646337498e-01
2.329307086041304820e-01
2.304998146564664341e-01
2.280508696375655731e-01
2.255889260991188472e-01
2.231397206389786059e-01
2.206966884131293105e-01
2.182220740165818906e-01
2.157362540006798335e-01
2.132794342486648009e-01
2.108082028612524583e-01
2.083284843395236952e-01
2.058141211792205716e-01
2.032948034388332159e-01
2.008302331714127142e-01
1.983752441356934348e-01
1.959247318822408823e-01
1.935098152800968641e-01
1.910861532323659961e-01
1.886767464457231314e-01
1.862662854550810876e-01
1.838437035508962980e-01
1.814196814929913970e-01
1.789835546816331280e-01
1.765290452855341752e-01
1.740635200377811387e-01
1.715570597962606525e-01
1.690375242534556954e-01
1.665178449197360355e-01
1.639987755973553452e-01
1.615121232571880838e-01
1.590386314597493633e-01
1.565978266165833910e-01
1.541582639505472696e-01
1.517215614811377455e-01
1.492828845883346078e-01
1.468451286963566027e-01
1.443955736871785078e-01
1.419593851620195857e-01
1.395487792275020289e-01
1.371529567433980301e-01
1.347797594893209439e-01
1.324334507100365377e-01
1.300837193556114713e-01
1.277452116587493580e-01
1.253785931103432449e-01
1.230018362197395909e-01
1.206184423922405657e-01
1.182500125275529196e-01
1.158513672099283909e-01
1.134275027624630228e-01
1.110109455969086056e-01
1.085553999095515421e-01
1.060882387935483673e-01
1.036159979789863378e-01
1.011380807606287180e-01
9.865999513295455048e-02
9.619393921965267713e-02
9.372141445151541128e-02
9.124685393129665367e-02
8.878266551253244376e-02
8.630495301898875871e-02
8.382718195975973063e-02
8.134936450993290880e-02
7.887151053369695353e-02
7.639362825010133362e-02
7.391572444779329065e-02
7.143780470953399464e-02
6.895988715450462880e-02
6.649933822934590844e-02
6.407548626024704708e-02
6.167360152852961741e-02
5.924014692438629714e-02
5.679414039542980686e-02
5.434077338753554032e-02
5.189541249060040939e-02
4.946608960621380613e-02
4.706269100874933137e-02
4.464996348570554607e-02
4.221540144132774480e-02
3.975462157574787686e-02
3.731374944611495770e-02
3.488741316490710787e-02
3.246039047421563767e-02
3.003413710138893092e-02
2.757147840257683641e-02
2.510874365143323309e-02
2.264594391841588325e-02
2.018684018942510858e-02
1.772405206484095608e-02
1.526853266027949386e-02
1.283352805768195500e-02
1.038846686378947642e-02
7.927018310072983867e-03
5.465528892761655280e-03
3.004001766665827678e-03
5.424397187951864865e-04
-1.919152212111339051e-03
-4.380759897221807829e-03
-6.842380085884363326e-03
-9.304010020913725323e-03
-1.176563644430103986e-02
-1.422725709881954292e-02
-1.668887212067866888e-02
-1.915048212884257889e-02
-2.161209183566763919e-02
-2.407371218506908564e-02
-2.653534371536181782e-02
-2.899698690968739723e-02
-3.145864214290021443e-02
-3.392030963879733019e-02
-3.638198943769089394e-02
-3.884368137371925489e-02
-4.130538506118322517e-02
-4.376709988911724886e-02
-4.622882502327873427e-02
-4.869055941472766325e-02
-5.115229056423192810e-02
-5.361401417563644439e-02
-5.607148320796407487e-02
-5.853249163822921153e-02
-6.099404381596062324e-02
-6.345278777957695515e-02
-6.586424105795951611e-02
-6.823774035954796591e-02
-7.063144548011864032e-02
-7.299816394895232430e-02
-7.537179017612540000e-02
-7.774594397406245361e-02
-8.010963149107357129e-02
-8.246268264465891895e-02
-8.479896068696751721e-02
-8.714244639277074489e-02
-8.947848220244244977e-02
-9.182210897256976034e-02
-9.415484850146996210e-02
-9.647825038225218974e-02
-9.876765976977158745e-02
-1.010352455022345414e-01
-1.033221972421233259e-01
-1.056278306392500754e-01
-1.079378812558543788e-01
-1.102187214468709625e-01
-1.124967854332417222e-01
-1.147500757986226610e-01
-1.169597730764864868e-01
-1.191905671681599693e-01
-1.214380380994745101e-01
-1.236726678305613836e-01
-1.258905059922780234e-01
-1.280689642512707338e-01
-1.302437593927053827e-01
-1.323948167773635332e-01
-1.345442167499716901e-01
-1.366868823257364751e-01
-1.388328292603272784e-01
-1.409755486488740162e-01
-1.431177170820003286e-01
-1.452542529810267602e-01
-1.473650475510546454e-01
-1.494793746624478170e-01
-1.516195053189939301e-01
-1.537562718847867715e-01
-1.558854434027062974e-01
-1.580121951631475730e-01
-1.601329658775285936e-01
-1.622790091590116668e-01
-1.643995670172893608e-01
-1.664939607149432121e-01
-1.685798862751108074e-01
-1.706644950028964602e-01
-1.727406286790990064e-01
-1.748365111908853631e-01
-1.769361268178763491e-01
-1.790110597869279951e-01
-1.810936416086729728e-01
-1.832080324117640047e-01
-1.853226798281310539e-01
-1.874716030270896505e-01
-1.896197314814417334e-01
-1.917796623086951702e-01
-1.939546253968345291e-01
-1.961299937995368003e-01
-1.983056995416729584e-01
-2.004816803232740419e-01
-2.026578900091832725e-01
-2.048342814384184196e-01
-2.070108192928201696e-01
-2.091874748253647887e-01
-2.113642088776282180e-01
-2.135409821921701035e-01
-2.157177853734991158e-01
-2.178946011839436314e-01
-2.200714188623169587e-01
-2.222482355804602516e-01
-2.244250502844415407e-01
-2.266018631885053647e-01
-2.287786655845044648e-01
-2.309554553306578384e-01
-2.331322314466644230e-01
-2.353090029783218295e-01
-2.374857578006223935e-01
-2.396624958718122922e-01
-2.418392191622853737e-01
-2.440159296517820930e-01
-2.461926300619787511e-01
-2.483693300606374665e-01
-2.505460319814445391e-01
-2.527227379600049395e-01
-2.548994499137233749e-01
-2.570761735918291602e-01
-2.592529179896160274e-01
-2.614296834388042390e-01
-2.636064698570014242e-01
-2.657832755892314269e-01
-2.679600887042053459e-01
-2.701369075281407905e-01
-2.723137302517324998e-01
-2.744905549586881266e-01
-2.766673796565089494e-01
-2.788442023082841614e-01
-2.810210208647729302e-01
-2.831978164056814240e-01
-2.853745929047852847e-01
-2.875513745174886893e-01
-2.897281752397013466e-01
-2.919049832279216328e-01
-2.940817963156123205e-01
-2.962586127040082173e-01
-2.984354304117383672e-01
-3.006122474545552814e-01
-3.027890619067402644e-01
-3.049658719325129552e-01
-3.071426758165869408e-01
-3.093194719935432602e-01
-3.114962550441486844e-01
-3.136730167820266368e-01
-3.158497571013738070e-01
-3.180264762460970895e-01
-3.202031809169278986e-01
-3.223798791678095244e-01
-3.245565788566695531e-01
-3.267332873909420399e-01
-3.289100052810132180e-01
-3.310867331623970622e-01
-3.332634717442229944e-01
-3.354402188791840156e-01
-3.376169725722957260e-01
-3.397937255320624406e-01
-3.419704804228439476e-01
-3.441472378288926159e-01
-3.463239829936886616e-01
-3.485007137094253138e-01
-3.506774318550311964e-01
-3.528541361380287955e-01
-3.550308374230685682e-01
-3.572075416330792175e-01
-3.593842504980788721e-01
-3.615609656211669076e-01
-3.637376905387488812e-01
-3.659144361569901527e-01
-3.680912027351979088e-01
-3.702679901815706387e-01
-3.724447980615759324e-01
-3.746216140232040415e-01
-3.767984357961501884e-01
-3.789752615972032945e-01
-3.811520895355063887e-01
-3.833289176399821141e-01
-3.855057438893680910e-01
-3.876825662438261877e-01
-3.898593664094829880e-01
-3.920361473530875607e-01
-3.942129285636004621e-01
-3.963897288649557149e-01
-3.985665383842727505e-01
-4.007433532463064996e-01
-4.029201716352605600e-01
-4.050969916021397998e-01
-4.072738111602186573e-01
-4.094506283799367874e-01
-4.116274414202848453e-01
-4.138042485586931885e-01
-4.159810482192525805e-01
-4.181578368060205331e-01
-4.203346041751688800e-01
-4.225113501652551506e-01
-4.246880749483299966e-01
-4.268647831471971132e-01
-4.290414846589848397e-01
-4.312181850725972376e-01
-4.333948942693636730e-01
-4.355716127423772122e-01
-4.377483411211720021e-01
-4.399250801174772185e-01
-4.421018283938117910e-01
-4.442785833946591434e-01
-4.464553391454481046e-01
-4.486320964083892471e-01
-4.508088549535801959e-01
-4.529856049394916928e-01
-4.551623401354964460e-01
-4.573390624486806111e-01
-4.595157710921476402e-01
-4.616924744259530700e-01
-4.638691804389764028e-01
-4.660458908703920544e-01
-4.682226073334870287e-01
-4.703993314498178813e-01
-4.725760761465870874e-01
-4.747528417329577866e-01
-4.769296281806639781e-01
-4.791064351082567341e-01
-4.812832521837360766e-01
-4.834600753569666121e-01
-4.856369028722715697e-01
-4.878137328586159005e-01
-4.899905633559683560e-01
-4.921673923450547439e-01
-4.943442177793743175e-01
-4.965210237976283025e-01
-4.986978098775921020e-01
-5.008745903253122300e-01
-5.030513899018057566e-01
-5.052282006969234240e-01
-5.074050171297325162e-01
-5.095818373581230132e-01
-5.117586594512274489e-01
-5.139354814078026523e-01
-2.000032384088022142e-01
-2.000032543549237762e-01
-2.025556923750085336e-01
-2.051083911648356184e-01
-2.076610870943229603e-01
-2.102137802161153923e-01
-2.127664710769100742e-01
-2.153191600793637750e-01
-2.178718474972603236e-01
-2.204245335001215333e-01
-2.229772181737830761e-01
-2.255299024143545272e-01
-2.280825860142111083e-01
-2.306352690356499868e-01
-2.331879515161097705e-01
-2.357406334747236265e-01
-2.382933149179984056e-01
-2.408459958461058315e-01
-2.433986776014856190e-01
-2.459513621184750143e-01
-2.485040461925599464e-01
-2.510567296113168645e-01
-2.536094121777399679e-01
-2.561620937158499145e-01
-2.587147740750043168e-01
-2.612674531330293481e-01
-2.638201307984304189e-01
-2.663728070118814850e-01
-2.689254817470793091e-01
-2.714781550109400254e-01
-2.740308268430725613e-01
-2.765834970868615850e-01
-2.791361663232875268e-01
-2.816888344262276078e-01
-2.842415015470276529e-01
-2.867941678596595545e-01
-2.893468345550207488e-01
-2.918995013440165431e-01
-2.944521682601892176e-01
-2.970048353285487108e-01
-2.995575025672779779e-01
-3.021101699892940196e-01
-3.046628376037917585e-01
-3.072155100443670350e-01
-3.097681829990833191e-01
-3.123208565396652370e-01
-3.148735307285773777e-01
-3.174262056158615453e-01
-3.199788812362974189e-01
-3.225315576069049395e-01
-3.250842347250374464e-01
-3.276369125672211613e-01
-3.301895910887048813e-01
-3.327422702235018903e-01
-3.352949498846443666e-01
-3.378476295816851271e-01
-3.404003100000687621e-01
-3.429529905611739538e-01
-3.455056710972562728e-01
-3.480583514252701405e-01
-3.506110321272433161e-01
-3.531637129014733034e-01
-3.557163936720324493e-01
-3.582690743652392484e-01
-3.608217549102673005e-01
-3.633744352402801248e-01
-3.659271152940790639e-01
-3.684797950181364912e-01
-3.710324789789979372e-01
-3.735851626493290611e-01
-3.761378457911143669e-01
-3.786905281860205030e-01
-3.812432096395796388e-01
-3.837958899845406169e-01
-3.863485690836268027e-01
-3.889012468318974736e-01
-3.914539231586224854e-01
-3.940065980283771196e-01
-3.965592709147947592e-01
-3.991119429653035011e-01
-4.016646136553592150e-01
-4.042172830774949932e-01
-4.067699513519892895e-01
-4.093226186249462883e-01
-4.118752850661011600e-01
-4.144279517620547693e-01
-4.169806185478440730e-01
-4.195332854572664250e-01
-4.220859525147782620e-01
-4.246386197374955596e-01
-4.271912871372864906e-01
-4.297439547228591450e-01
-4.322966270821969048e-01
-4.348492999365050071e-01
-4.374019733604820881e-01
-4.399546474197952306e-01
-4.425073221674613033e-01
-4.450599976410427039e-01
-4.476126738606110433e-01
-4.501653508274354731e-01
-4.527180285231691137e-01
-4.552707069092243874e-01
-4.578233854919307455e-01
-4.603760651132244863e-01
-4.629287451805434994e-01
-4.654814255666365752e-01
-4.680341061238523226e-01
-4.705867866863190363e-01
-4.731394670726019047e-01
-4.756921477607519710e-01
-1.999993150833290212e-01
-1.999992997670558548e-01
-1.994867141608383243e-01
-1.989741014962497501e-01
-1.984614737559664555e-01
-1.979488323031191321e-01
-1.974361784429528310e-01
-1.969235137898697752e-01
-1.964108402398165865e-01
-1.958981599384044814e-01
-1.953854752473968281e-01
-1.948727887034648054e-01
-1.943601020864393070e-01
-1.938474162000921042e-01
-1.933347317562296441e-01
-1.928220493829187476e-01
-1.923093696295387345e-01
-1.917966929690783917e-01
-1.912840198006560966e-01
-1.907713504664694526e-01
-1.902586867843466534e-01
-1.897460306528338247e-01
-1.892333837666284047e-01
-1.887207475705176829e-01
-1.882081232226338052e-01
-1.876955115663297424e-01
-1.871829131101076238e-01
-1.866703280151018052e-01
-1.861577560896878480e-01
-1.856451967908288037e-01
-1.851326492317993122e-01
-1.846201122954267970e-01
-1.841075842535686014e-01
-1.835950634085234956e-01
-1.830825476887366077e-01
-1.825700347973565618e-01
-1.820575222576847341e-01
-1.815450092051338893e-01
-1.810324949611691603e-01
-1.805199789174401215e-01
-1.800074605317819598e-01
-1.794949393267424587e-01
-1.789824148897971312e-01
-1.784698868791368132e-01
-1.779573544112835193e-01
-1.774448155022901596e-01
-1.769322683362423154e-01
-1.764197113178014309e-01
-1.759071431149435982e-01
-1.753945626926805557e-01
-1.748819693383384111e-01
-1.743693626788971052e-01
-1.738567426908834979e-01
-1.733441097032928646e-01
-1.728314643940092321e-01
-1.723188079658816985e-01
-1.718061413167802920e-01
-1.712934663349219844e-01
-1.707807849422598445e-01
-1.702680993094775885e-01
-1.697554118177360960e-01
-1.692427243733370668e-01
-1.687300377089935854e-01
-1.682173524842487666e-01
-1.677046692909532621e-01
-1.671919886555410517e-01
-1.666793110390777932e-01
-1.661666368358729606e-01
-1.656539663566565512e-01
-1.651413012134721192e-01
-1.646286433269469884e-01
-1.641159944239915514e-01
-1.636033559899177092e-01
-1.630907292301053413e-01
-1.625781150403817765e-01
-1.620655139854716431e-01
-1.615529262850265990e-01
-1.610403518068518891e-01
-1.605277903110168547e-01
-1.600152404642713744e-01
-1.595027013959799123e-01
-1.589901716290275380e-01
-1.584776493926814411e-01
-1.579651326509224907e-01
-1.574526191353888271e-01
-1.569401063816435460e-01
-1.564275932349061260e-01
-1.559150790019311061e-01
-1.554025630616873155e-01
-1.548900448607629654e-01
-1.543775239113497899e-01
-1.538649997909691536e-01
-1.533524721460843843e-01
-1.528399403765023923e-01
-1.523274024836451523e-01
-1.518148566221309281e-01
-1.513023011590732825e-01
-1.507897347180528758e-01
-1.502771562139790795e-01
-1.497645648795201956e-01
-1.492519602837116266e-01
-1.487393425851662454e-01
-1.482267114816387399e-01
-1.477140679134867352e-01
-1.472014128383466736e-01
-1.466887475453025058e-01
-1.461760736345360523e-01
-1.456633929914036840e-01
-1.451507077557275815e-01
-1.446380202867176556e-01
-1.441253327493865755e-01
-1.436126458887513613e-01
-1.430999603751856031e-01
-1.425872768103512434e-01
-1.420764923926365331e-01
-1.415745629137369066e-01
-1.410788986657747768e-01
-1.405934051484811487e-01
-1.401132790079514245e-01
-1.396408763105737028e-01
-1.391786323532888392e-01
-1.387259695336059695e-01
-1.382818575393529037e-01
-1.378489966143924550e-01
-1.374258614591398198e-01
-1.370119170186337998e-01
-1.366024752574941659e-01
-1.361977733975538729e-01
-1.358007080139248812e-01
-1.354089076265187486e-01
-1.350225968185501946e-01
-1.346419008580790611e-01
-1.342646500388843533e-01
-1.338980898535545305e-01
-1.335374930655391645e-01
-1.331825190705487882e-01
-1.328370106838945852e-01
-1.325001985100062174e-01
-1.321701693186701221e-01
-1.318443448844047461e-01
-1.315224474157468681e-01
-1.312036336156478522e-01
-1.308852235897144944e-01
-1.305683089311837630e-01
-1.302507595743323254e-01
-1.299346511250654979e-01
-1.296204031811980517e-01
-1.293052383912139114e-01
-1.289899890048629982e-01
-1.286779766541086556e-01
-1.283674539702548134e-01
-1.280573611552964230e-01
-1.277497734984051891e-01
-1.274451811484130226e-01
-1.271470628729182983e-01
-1.268592711469663514e-01
-1.265830426593744229e-01
-1.263136521614809937e-01
-1.260528712967845244e-01
-1.257969731844920669e-01
-1.255479322565462297e-01
-1.253046258718583938e-01
-1.250663653318226654e-01
-1.248360610651719216e-01
-1.246137326802121137e-01
-1.244027740085078132e-01
-1.242031311456240350e-01
-1.240138685992390327e-01
-1.238376992536285026e-01
-1.236747444109053823e-01
-1.235251413864855291e-01
-1.233909220398970857e-01
-1.232731784212574011e-01
-1.231724663578868395e-01
-1.230888564980348737e-01
-1.230215330182425348e-01
-1.229702934986699886e-01
-1.229363688277688577e-01
-1.229201256093734318e-01
-1.229227051519131697e-01
-1.229464253958423431e-01
-1.229903301190041209e-01
-1.230508440496491801e-01
-1.231308355534016241e-01
-1.232261086730720989e-01
-1.233353421317548576e-01
-1.234524884805300038e-01
-1.235787900206833101e-01
-1.237152052858136175e-01
-1.238607315473537751e-01
-1.240106297243058070e-01
-1.241691075917523424e-01
-1.243323142575836482e-01
-1.245072570408345541e-01
-1.246915406807184018e-01
-1.248859581528308366e-01
-1.250840878220491059e-01
-1.252878012114578832e-01
-1.254984766716732703e-01
-1.257144337714331261e-01
-1.259341078813482895e-01
-1.261658440162405637e-01
-1.264083120412024530e-01
-1.266568985364487920e-01
-1.269232305260613591e-01
-1.272016135141669224e-01
4.000017972715979586e-01
4.000018129820713808e-01
4.013480508681508963e-01
4.026889377681203142e-01
4.040417128114947021e-01
4.053794792740062491e-01
4.067215645138800295e-01
4.080619943033450547e-01
4.093963554837006802e-01
-3.031417047566129721e-06
-3.047438375855345952e-06
-2.413679012704064968e-03
-4.822572285406976494e-03
-7.229960600718761746e-03
-9.636902563392600943e-03
-1.204698855212849029e-02
-1.446276958013344160e-02
-1.687853335550222947e-02
-1.929428137470860435e-02
-2.171001581890418669e-02
-2.412573957672232289e-02
-2.654145476898608566e-02
-2.895716313348041179e-02
-3.137286624441171928e-02
-3.378856548813143068e-02
-3.620426205593950397e-02
-3.861995694536950186e-02
-4.098866659219054659e-02
-4.335978204979246825e-02
-4.573884201890723866e-02
-4.813726052261810967e-02
-5.055819344318535774e-02
-5.297906731786850704e-02
-5.539988863665217672e-02
-5.782066252868199585e-02
-6.024139595889498738e-02
-6.266209587381603441e-02
-6.508276878052561554e-02
-6.750342049486586504e-02
-6.992405601228349199e-02
-7.234467946573341912e-02
-7.476529414394111894e-02
-7.718590254915429216e-02
-7.960650647849552841e-02
-8.202710818061048625e-02
-8.444770946655785759e-02
-8.686830963949106199e-02
-8.928890918857464165e-02
-9.170950837875288530e-02
-9.413010730834896200e-02
-9.655070595830574087e-02
-9.897130423319326631e-02
-1.013919042946923726e-01
-1.038125043019279686e-01
-1.062331032767661054e-01
-1.086537005145922496e-01
-1.110742953774245673e-01
-1.134948873141170822e-01
-1.159154758751468339e-01
-1.183360607228423345e-01
-1.207566416377218732e-01
-1.231772185214402571e-01
-1.255977913967403214e-01
-1.280183602342258586e-01
-1.304389256466309543e-01
-1.328594878060146700e-01
-1.352800471714357133e-01
-1.377006042924011908e-01
-1.401211597989345525e-01
-1.425417129775752023e-01
-1.449622662480084256e-01
-1.473828198266361744e-01
-1.498033739050257940e-01
-1.522239286520974122e-01
-1.546444842156884381e-01
-1.570650407238156632e-01
-1.594855982857510401e-01
-1.619061635616643458e-01
-1.643267304188883449e-01
-1.667472993382645152e-01
-1.691678707480985533e-01
-1.715884450099113556e-01
-1.740090224072050329e-01
-1.764296031369520235e-01
-1.788501873036935641e-01
-1.812707749159779835e-01
-1.836913658847584840e-01
-1.861119595647740266e-01
-1.885325566517724594e-01
-1.909531562533398896e-01
-1.933737579028282638e-01
-1.957943610512927202e-01
-1.982149650763170567e-01
-2.006355693171800736e-01
-2.030561760257101334e-01
-2.054767826542909515e-01
-2.078973889590101376e-01
-2.103179947138678618e-01
-2.127385997113711014e-01
-2.151592037642244826e-01
-2.175798067076636921e-01
-2.200004092302776104e-01
-2.224210124570129288e-01
-2.248416140932792129e-01
-2.272622135136962707e-01
-2.296828101598975824e-01
-2.321034035546122309e-01
-2.345239933129848187e-01
-2.369445791513427324e-01
-2.393651608934561636e-01
-2.417857384741921578e-01
-2.442063114721672867e-01
-2.466268810251887877e-01
-2.490474468783913375e-01
-2.514680093936984551e-01
-2.538885690286504793e-01
-2.563091263288319044e-01
-2.587296819189316421e-01
-2.611502349980620585e-01
-2.635707881514894879e-01
-2.659913415991250751e-01
-2.684118955343355317e-01
-2.708324501268220552e-01
-2.732530055248495460e-01
-2.756735618570445578e-01
-2.780941192337656465e-01
-2.805146842960115627e-01
-2.829352508606887140e-01
-2.853558194149065086e-01
-2.877763903955147806e-01
-2.901969641745049677e-01
-2.926175410476919980e-01
-2.950381212261917740e-01
-2.974587048303543035e-01
-2.998792918857314804e-01
-3.022998818510407304e-01
-3.047204755597500703e-01
-3.071410722142713379e-01
-3.095616714510764922e-01
-3.119822728162015557e-01
-3.144028757721766820e-01
-3.168234797066127872e-01
-3.192440839421132326e-01
-3.216646906656145388e-01
-3.240852973485431887e-01
-3.265059037429673405e-01
-3.289265096191391624e-01
-3.313471147660966842e-01
-3.337677189933321298e-01
-3.361883221330028149e-01
-3.386089240422402447e-01
-3.410295274509305141e-01
-3.434501293696713975e-01
-3.458707291646714865e-01
-3.482913262663215326e-01
-3.507119201840272482e-01
-3.531325105182409052e-01
-3.555530969697490717e-01
-3.579736793462094391e-01
-3.603942571368105030e-01
-3.628148312700937850e-01
-3.652354014121128589e-01
-3.676559678066965708e-01
-3.700765308005548593e-01
-3.724970908372468581e-01
-3.749176484496574147e-01
-3.773382042511146950e-01
-3.797587573505794012e-01
-3.821793104885234382e-01
-3.845998638885306797e-01
-3.870204177473748341e-01
-3.894409722380958172e-01
-3.918615275123003006e-01
-3.942820837019223035e-01
-3.967026409204945647e-01
-3.991232054451137046e-01
-4.015437717445727306e-01
-4.039643399618782493e-01
-4.063849105429520603e-01
-4.088054838710044048e-01
-4.112260602548407640e-01
1.999968587862089309e-01
1.999968427832973239e-01
1.975464807196236905e-01
1.951067874313665018e-01
1.926546155683980799e-01
1.901925615003479952e-01
1.877591094619818768e-01
1.853385258250989931e-01
1.829385852106804877e-01
1.805806024261460974e-01
1.782655896953063979e-01
1.759662791778428270e-01
1.735947335327221452e-01
1.712704302096869635e-01
1.689713098289857829e-01
1.666743746377328805e-01
1.644099012579946228e-01
1.621452926823095386e-01
1.599097724636115436e-01
1.576432743510273182e-01
1.553388493361554656e-01
1.529553198642445710e-01
1.505533531680537107e-01
1.481611796753103671e-01
1.457743688057414055e-01
1.433984709665709623e-01
1.410056672105154119e-01
1.385548170006808966e-01
1.361037754978292880e-01
1.336678211520920534e-01
1.312263855129429946e-01
1.288023187033400241e-01
1.263810748434034958e-01
1.239860004503984953e-01
1.215802435952792193e-01
1.191719751705100361e-01
1.167878468064823122e-01
1.143947684967884237e-01
1.119937704777690252e-01
1.095893086461403876e-01
1.071741910558595412e-01
1.047649342273540701e-01
1.023557931966746354e-01
9.995052310862062583e-02
9.756819658273191420e-02
9.514502519288621507e-02
9.272338635818738739e-02
9.032685123686083617e-02
8.797522804929719387e-02
8.561060250055391174e-02
8.320638621581208372e-02
8.078361622102574191e-02
7.835565483937462217e-02
7.592760001645945667e-02
7.349945935467658287e-02
7.107124883748840161e-02
6.864298111023627025e-02
6.621466778204890269e-02
6.378631904546989972e-02
6.135949156984029512e-02
5.894114689772134152e-02
5.652176167511808319e-02
5.409596504917521531e-02
5.167345168262085092e-02
4.926576010891695750e-02
4.688455363847437996e-02
4.452711108192018707e-02
4.221326261661577373e-02
3.991673031778725234e-02
3.764545509695418207e-02
3.534112084833572476e-02
3.300142754218188951e-02
3.068415225643023048e-02
2.834751070708819987e-02
2.599428236353846372e-02
2.364442392780065350e-02
2.132414489797265778e-02
1.903140543600514295e-02
1.676706535999999970e-02
1.448428232361861911e-02
1.223526397349944395e-02
1.002273626771125158e-02
7.803992427796898647e-03
5.576638594650646513e-03
3.314762888799599200e-03
1.048804131275196845e-03
-1.285265242324857291e-03
-3.621169560171201129e-03
-5.954917158566037580e-03
-8.346974810337831618e-03
-1.069625134981642620e-02
-1.309094980324613036e-02
-1.548675643236890713e-02
-1.788256215525725612e-02
-2.027837496844772311e-02
-2.267419082555484355e-02
-2.507000678331646609e-02
-2.746581383462124576e-02
-2.986160559029029521e-02
-3.225738171204812349e-02
-3.465314224765050216e-02
-3.704888752305414423e-02
-3.944461806839356932e-02
-4.184033456940857570e-02
-4.423603783742243584e-02
-4.663172879218466932e-02
-4.902740845300488509e-02
-5.142307793459530846e-02
-5.381873844489339781e-02
-5.621439128285980746e-02
-5.861004585463101130e-02
-6.100570954222356290e-02
-6.340138419011046023e-02
-6.579706490026125676e-02
-6.819274614965616099e-02
-7.058842816080018734e-02
-7.298411111677303997e-02
-7.537979516777523759e-02
-7.777547891792117862e-02
-8.017115183165492154e-02
-8.256681548328054232e-02
-8.496247719030239343e-02
-8.735814574141587130e-02
-8.975382204012596898e-02
-9.214950683506062390e-02
-9.454520070371563722e-02
-9.694090403992310090e-02
-9.933661704518316482e-02
-1.017323397237136634e-01
-1.041280718810538297e-01
-1.065238131260189680e-01
-1.089195628757660961e-01
-1.113153203637445576e-01
-1.137110846503548572e-01
-1.161068546362421794e-01
-1.185026166319868013e-01
-1.208983682486889227e-01
-1.232941077742192165e-01
-1.256898458725669021e-01
-1.280855835497130557e-01
-1.304813205757926198e-01
-1.328770567424812088e-01
-1.352727918641500604e-01
-1.376685365143027473e-01
-1.400642914892685220e-01
-1.424582770191723524e-01
-1.448270213805187001e-01
-1.472014222247521320e-01
-1.495990611740033449e-01
-1.519966691867738751e-01
-1.543942451043246178e-01
-1.567917900005912912e-01
-1.591893057976461190e-01
-1.615702127643545427e-01
-1.639558387062374500e-01
-1.663543478276484633e-01
-1.687528264821387680e-01
-1.711512769128860079e-01
-1.735497025542925287e-01
-1.759481120801912046e-01
-1.783465182931018023e-01
-1.807449252742724943e-01
-1.831433320505417572e-01
-1.855417330488981220e-01
-1.879401299926740099e-01
-1.903385243100653157e-01
-1.927369171595155750e-01
-1.951353094606912697e-01
-1.975336905745327665e-01
-1.999320614933575435e-01
-2.023304279387877769e-01
-2.047288008408233440e-01
-2.071271812611035212e-01
-2.095255700550178457e-01
-2.119239678716570985e-01
-2.143223751544739430e-01
-2.167182845218688647e-01
-2.191168072410792644e-01
-2.215124824192533093e-01
-2.239093130909553808e-01
-2.263080374711640697e-01
-2.287067671792240853e-01
-2.311055012514180440e-01
-2.335042387776236350e-01
-2.359029698248729934e-01
-2.383016888154492474e-01
-2.407003942944492270e-01
-2.430990947244953682e-01
-2.454977937235779673e-01
-2.478964912865743442e-01
-2.502951873969986307e-01
-2.526938820284194698e-01
-2.550925827769593424e-01
-2.574807537778028288e-01
-2.598785801393001527e-01
-2.622777371973242788e-01
-2.646768823561616024e-01
-2.670760147097627213e-01
-2.694751337933857238e-01
-2.718742394469818024e-01
-2.742733317556039219e-01
-2.766724110082685040e-01
-2.790714770695247871e-01
-2.814705317784677030e-01
-2.838695752609364242e-01
-2.862686084294484012e-01
-2.886676323313178694e-01
-2.910666481410725814e-01
-2.934656593384374346e-01
-2.958646789914103903e-01
-2.982637090007306258e-01
-3.006627488319063568e-01
-3.030617889673854481e-01
-3.054608296515651245e-01
-3.078598710898071689e-01
-3.102589134540592597e-01
-3.126579568875031967e-01
-3.150569925624016054e-01
-3.174560183044422002e-01
-3.198550371544099380e-01
-3.222540622964179535e-01
-3.246530946695926900e-01
-3.270521350700003604e-01
-3.294511841341456471e-01
-3.318502423256992628e-01
-3.342493099255273714e-01
-3.366483870246690380e-01
-3.390474731869924097e-01
-3.414465688571122204e-01
-3.438456731477327333e-01
-3.462447853691331123e-01
-3.486439046493900462e-01
-3.510430299477214078e-01
-3.534421529129249118e-01
-3.558412659602525618e-01
-3.582403673305957770e-01
-3.606394634566308932e-01
-3.630385592487688218e-01
-3.654376544684529438e-01
-3.678367488981436062e-01
-3.702358423428325773e-01
-3.726349404634145546e-01
-3.750340494700689087e-01
-3.774331676636114019e-01
-3.798322915837014091e-01
-3.822314088818049571e-01
-3.846305185221834400e-01
-3.870296196277576706e-01
-3.894287114972878605e-01
-3.918277936191228439e-01
-3.942268656811617755e-01
-3.966259271489825378e-01
-3.990249789897093446e-01
-4.014240210523353780e-01
-4.038230538527632918e-01
-4.062220781049699081e-01
-4.086210947096136081e-01
-4.110201047392698648e-01
-4.134191229765765696e-01
-4.158181514767196330e-01
-4.182171918831080748e-01
-4.206162325867441321e-01
-4.230152737875524926e-01
-4.254143156710792351e-01
-4.278133584001942435e-01
-4.302124021166615631e-01
-4.326114400575441499e-01
-4.350104677423731747e-01
-4.374094868210978704e-01
-4.398085111534664193e-01
-4.422075425366214785e-01
-4.446065817976146417e-01
-4.470056296056447165e-01
-4.494040714316341889e-01
-4.518031604652558153e-01
-4.542022587636703745e-01
-4.566013658969725886e-01
-4.590004823206823570e-01
-4.613996072132428017e-01
-4.637987399405354427e-01
-4.661978796874372555e-01
-4.685970254680235647e-01
-4.709961710257757339e-01
-4.733953068543638731e-01
-4.757944311919032332e-01
-4.781935483307801493e-01
-4.805926651308569109e-01
-4.829917813633462509e-01
-4.853908968176263716e-01
-4.877900113029861595e-01
-4.901891284578436814e-01
-4.925882567528623857e-01
3.999977447774693551e-01
3.999977289041256046e-01
3.982532781140202816e-01
3.964971730938162131e-01
3.947590273783365133e-01
3.930532311345192320e-01
3.913541884652890768e-01
3.896594657630368941e-01
3.879448915488823979e-01
3.862509545407727951e-01
3.845760156672792807e-01
3.829486150910076381e-01
3.813283337786977367e-01
3.797042359475473194e-01
3.781021087644635958e-01
3.765199439524385960e-01
3.749681367095921702e-01
3.734592852130328988e-01
3.719216502760623322e-01
3.703754620361578431e-01
3.688433472737935315e-01
3.672806632206240263e-01
3.657228328922804694e-01
3.641439041073252225e-01
3.625329504784568502e-01
3.608922902308648317e-01
3.592832215004408969e-01
3.576998819444589528e-01
3.560886570095119219e-01
3.544287369153317768e-01
3.528019153491030457e-01
3.512187790731765569e-01
3.496344931941800516e-01
3.480772158602653543e-01
3.465343797710797036e-01
3.449912885365263304e-01
3.434543234209586071e-01
3.419073968516731510e-01
3.403431367166956378e-01
3.387521262789721654e-01
3.371144362293053698e-01
3.354810873399022841e-01
3.338785493054258757e-01
3.322637369098014881e-01
3.306752585691581370e-01
3.290635419986179255e-01
3.274774782970556464e-01
3.258710162792357590e-01
3.242447567571750122e-01
3.226198658994699486e-01
3.210249848393720851e-01
3.194222738294040242e-01
3.178298506369066079e-01
3.162306492447423123e-01
3.146156224107701793e-01
3.129786236004034605e-01
3.113427312945645786e-01
3.096635647650660683e-01
3.079727737282892397e-01
3.063361818393369740e-01
3.046982369817463066e-01
3.031276252752360678e-01
3.015807814326311731e-01
3.000582882577313426e-01
2.984816310923188443e-01
2.969073519133015315e-01
2.953127755992460690e-01
2.936906797748018438e-01
2.920439438036578350e-01
2.903803808918710150e-01
2.887109987940321698e-01
2.870629257120724254e-01
2.854291914149095777e-01
2.837602957631200074e-01
2.820722400687197817e-01
2.803487793707860609e-01
2.786448012092571647e-01
2.769305644920253551e-01
2.751541082455033482e-01
2.733731462386128630e-01
2.715860291448837782e-01
2.697612944199344609e-01
2.679107193281212718e-01
2.660161602971534145e-01
2.641303571799856753e-01
2.622763155966051363e-01
2.604668621864652533e-01
2.586283601083168016e-01
2.567947667592865302e-01
2.549922466312302682e-01
2.531081883658604093e-01
2.512668359519124595e-01
2.493345045969146134e-01
2.474004873549202899e-01
2.454460788653398118e-01
2.434815810212461740e-01
2.414910870941687215e-01
2.394770720534684372e-01
2.374612209010625030e-01
2.355066883407583023e-01
2.335197288270789706e-01
2.315463069285411402e-01
2.295850578854000956e-01
2.276582424874091237e-01
2.257416060648955447e-01
2.237858236081317342e-01
2.218123853641560395e-01
2.198296119309796348e-01
2.178858336453766698e-01
2.159256238291112351e-01
2.139746945734429251e-01
2.120418027259630689e-01
2.101287268129721497e-01
2.081981815848865658e-01
2.062763759080776804e-01
2.042965926094371387e-01
2.022098763146533973e-01
2.001203307536182641e-01
1.980417363965778499e-01
1.960202117958646240e-01
1.940627023786449523e-01
1.920175705954049183e-01
1.900116187144677005e-01
1.880299732968853388e-01
1.860242031915490535e-01
1.840083128084399611e-01
1.819372779679195307e-01
1.798888950810014487e-01
1.778638423360103527e-01
1.758936337148609974e-01
1.739079469372200037e-01
1.718843986042706273e-01
1.698692031892905241e-01
1.678511200986334551e-01
1.658454518421189905e-01
1.638083088406228627e-01
1.616922000520145952e-01
1.595401913310034725e-01
1.573715818388783938e-01
1.551375475022693518e-01
1.528823908228512940e-01
1.505857640047529866e-01
1.482779277032039156e-01
1.460074087246551744e-01
1.437262733446805496e-01
1.414563795503105126e-01
1.391549496151528731e-01
1.368468751165386188e-01
1.345827930406638673e-01
1.323078633841340834e-01
1.300726951983134649e-01
1.278538679817131929e-01
1.256301859934348397e-01
1.233713672258209271e-01
1.211384119270676463e-01
1.189313607807193779e-01
1.166816244988341800e-01
1.144191654717550966e-01
1.121481429463052903e-01
1.098242238680332272e-01
1.075267542069872767e-01
1.052172021284435294e-01
1.029262744148864706e-01
1.006267277386987541e-01
9.829641196625389654e-02
9.595176261644228211e-02
9.355044727757154399e-02
9.114416147165026183e-02
8.871292068038169609e-02
8.630094687582919033e-02
8.386553568382411339e-02
8.140022976840854962e-02
7.892760842431721657e-02
7.643729099664883786e-02
7.393805554259318125e-02
7.140066927572499833e-02
6.888837591664717652e-02
6.643075351829483277e-02
6.389575289691860893e-02
6.136905795911336975e-02
5.887612973649141573e-02
5.640117122318655946e-02
5.392493383160222586e-02
5.145622060272643516e-02
4.895552668788299283e-02
4.643466865940053950e-02
4.389077136585940037e-02
4.133641153665606333e-02
3.878206282342703398e-02
3.622772329639661198e-02
3.367339078685942927e-02
3.111907485771183909e-02
2.856477426758156912e-02
2.601048837211040674e-02
2.345629576246456571e-02
2.090209852986115585e-02
1.834789387169128566e-02
1.579367945137850546e-02
1.323944841344972673e-02
1.068520500421829902e-02
8.130950409477711791e-03
5.576686087186201804e-03
3.022413707016807349e-03
4.681350962741818262e-04
-2.086147808614921117e-03
-4.640433005823113057e-03
-7.194728184177556947e-03
-9.749035321729935741e-03
-1.230335116787930824e-02
-1.485767253547514398e-02
-1.741199546967115916e-02
-1.996631634929409149e-02
-2.252063158562597409e-02
-2.507490023189416425e-02
-2.762918482972422096e-02
-3.018347432542771436e-02
-3.273776161811171176e-02
-3.529204477844846005e-02
-3.784632193982692683e-02
-4.040059133099993538e-02
-4.295485130674182861e-02
-4.550910037562146820e-02
-4.806333722425139982e-02
-5.061755378839592756e-02
-5.317175909922042948e-02
-5.572595456227298627e-02
-5.828014172679230054e-02
-6.083432226236833856e-02
-6.338861414014515527e-02
-6.594291048522082921e-02
-6.849720904108325126e-02
-7.105151487188089698e-02
-7.360583066127361629e-02
-7.616015312699282724e-02
-7.871447891354657611e-02
-8.126880452511926756e-02
-8.382312641004778520e-02
-8.637744110137809961e-02
-8.893173321436011192e-02
-9.148603113458282643e-02
-9.404032636775785936e-02
-9.659450835738021823e-02
-9.914868746250918297e-02
-1.017028728539593058e-01
-1.042570662088600358e-01
-1.068112690723685143e-01
-1.093654828314900573e-01
-1.119197190480901993e-01
-1.144739686297255310e-01
-1.170282289342071957e-01
-1.195824983904401201e-01
-1.221367752968540721e-01
-1.246910578487744059e-01
-1.272453441665301055e-01
-1.297996323240130645e-01
-1.323539266916515800e-01
-1.349082330439815569e-01
-1.374625481402124705e-01
-1.400168685986000194e-01
-1.425711909447055226e-01
-1.451255117219034385e-01
-1.476798274186969517e-01
-1.502341345167609032e-01
-1.527884296908674500e-01
-1.553427180212654801e-01
-1.578970045431647706e-01
-1.604512873249938631e-01
-1.630055644828230510e-01
-1.655598342156300307e-01
-1.681140948386949385e-01
-1.706683448145169257e-01
-1.732225827804733109e-01
-1.757768006017059459e-01
-1.783310069463519831e-01
-1.808852032112399644e-01
-1.834393909422370739e-01
-1.859935718085858058e-01
-1.885478622884497191e-01
-1.911021575149197405e-01
-1.936564552313044252e-01
-1.962107584275354089e-01
-1.987650719740081673e-01
-2.013193926255846533e-01
-2.038737170155147105e-01
-2.064280417040769144e-01
-2.089823632984023627e-01
-2.115366784541819201e-01
-2.140909836126169141e-01
-2.166452807865891506e-01
-2.191995756697655839e-01
-2.217537885217117088e-01
-2.243079659535134607e-01
-2.268621493854607041e-01
-2.294163405238831277e-01
-2.319705409476076063e-01
-2.345247520804917829e-01
-2.370789832574878297e-01
-2.396332304165968985e-01
-2.421874885373765662e-01
-2.447417560596614194e-01
-2.472960312887291512e-01
-2.498503124240044337e-01
-2.524045975882489579e-01
-2.549588848567920230e-01
-2.575131763387074058e-01
-2.600674802295089294e-01
-2.626217933177522057e-01
-2.651761122509638802e-01
-2.677304335824842729e-01
-2.702847538969261887e-01
-2.728390698700366990e-01
-2.753933777615338307e-01
-2.779476742249556986e-01
-2.805019618922515723e-01
-2.830562480485750987e-01
-2.856105307594685727e-01
-2.881570023017665516e-01
-2.906835957175313845e-01
-2.932045453688926773e-01
-2.957016610016389158e-01
-2.981683853921825444e-01
-3.006065731585075285e-01
-3.030277762395519603e-01
-3.054393474727802871e-01
-3.078750537103410179e-01
-3.102635429265240830e-01
-3.126583509977980402e-01
-3.151162980468421027e-01
-3.175321504450591692e-01
-3.199755321421782761e-01
-3.224162597266633790e-01
-3.248552392274604017e-01
-3.273067300239597688e-01
-3.297593046355671853e-01
-3.322197626504965751e-01
-3.346531614374549379e-01
-3.370394831805131886e-01
-3.394314563493171510e-01
-3.418634123204456476e-01
-3.442907006118741675e-01
-3.466948397599244336e-01
-3.490752230297496927e-01
-3.514399629593801255e-01
-3.537676293784620118e-01
-3.561481763586933913e-01
-3.585333531373087190e-01
-3.609159231160034009e-01
-3.633238439768566863e-01
-3.657242176719328053e-01
-3.681070220539338633e-01
-3.704435883517118722e-01
-3.726975219383985571e-01
-3.749305552372743100e-01
-3.771584316862341413e-01
-3.794228254982452420e-01
-3.816122948815833249e-01
-3.838037279482031661e-01
-3.858957754664539830e-01
-3.879391577977864269e-01
-3.899952458853076509e-01
-3.919859251658677213e-01
-3.939813943954018627e-01
-3.960510647118685168e-01
-3.980667296242229591e-01
-4.000765481272227642e-01
-4.020593242490492214e-01
-4.040386676066941574e-01
-4.059737708905166720e-01
-4.079130040151253689e-01
-4.098646495035548343e-01
-4.117947563851156456e-01
-4.137714448703182502e-01
-4.156829470667180448e-01
-4.175584815905789005e-01
-4.194333765031624806e-01
-4.212607116723154910e-01
-4.230437818952561546e-01
-3.999975666958838771e-01
-3.999975507650212481e-01
-3.985540831486813484e-01
-3.970956411174229039e-01
-3.956091098218376678e-01
-3.941323950970304080e-01
-3.926434629378506291e-01
-3.911595700038241197e-01
-3.896265630134523872e-01
-3.880659103707633784e-01
-3.865292267940390603e-01
-3.850163434709650834e-01
-3.834925504453705059e-01
-3.820019078927890388e-01
-3.804698659778998904e-01
-3.789522172924563170e-01
-3.774473051624624431e-01
-3.759241766974001364e-01
-3.743776371724575336e-01
-3.728656686482146321e-01
-3.713515346999365918e-01
-3.698590327268273525e-01
-3.683646880262949619e-01
-3.668800970761649238e-01
-3.654148350746260765e-01
-3.639494951594956507e-01
-3.625292347060427023e-01
-3.611462660644885747e-01
-3.597839136145929428e-01
-3.584376956692345018e-01
-3.570536022994367786e-01
-3.556379448082777062e-01
-3.542454194404342505e-01
-3.528620021373512494e-01
-3.515046196105998111e-01
-3.501355937030542487e-01
-3.487950353192288411e-01
-3.474406298665455584e-01
-3.460995278146126175e-01
-3.447705330014784186e-01
-3.434344856253916944e-01
-3.420740999965961593e-01
-3.406793429257887751e-01
-3.392796754013261418e-01
-3.379119960522921629e-01
-3.365693857837406266e-01
-3.352611755635893087e-01
-3.339359613184059716e-01
-3.326068319792495065e-01
-3.312676340948910725e-01
-3.299519386838938861e-01
-3.286484873145467667e-01
-3.273689667722721186e-01
-3.260544736485063155e-01
-3.247392641039746342e-01
-3.234636574799164555e-01
-3.221997375847215905e-01
-3.209412716256361264e-01
-3.197335042991338305e-01
-3.184878448913938676e-01
-3.172796725798585071e-01
-3.160929450096093829e-01
-3.149019008049049884e-01
-3.136635596508074997e-01
-3.124177822909670610e-01
-3.111957838861448833e-01
-3.100327136127407623e-01
-3.088934205526436827e-01
-3.077471348781666838e-01
-3.066334954275138358e-01
-3.055162168101838160e-01
-3.043644553827546950e-01
-3.032386827386973627e-01
-3.021507180725114261e-01
-3.010767805444686251e-01
-2.999685508519863708e-01
-2.988650820600791125e-01
-2.977484894528682480e-01
-2.966557232178358983e-01
-2.955732032723746294e-01
-2.944580245125109630e-01
-2.933283654339911561e-01
-2.921611281171725971e-01
-2.910119685478768647e-01
-2.898768537584053839e-01
-2.887388296611249072e-01
-2.876204410823912649e-01
-2.864857823833865114e-01
-2.853523645147090226e-01
-2.842525634376744659e-01
-2.831527228416959585e-01
-2.820237133312397115e-01
-2.809373112028751840e-01
-2.798234262010355078e-01
-2.787149202884351418e-01
-2.775439090296719091e-01
-2.763655452352727360e-01
-2.751844061733524360e-01
-2.740632269623877737e-01
-2.729251198654286670e-01
-2.717970675237948441e-01
-2.706964593459113000e-01
-2.696282517615754548e-01
-2.685945149423324962e-01
-2.675988439711982636e-01
-2.665677691577576502e-01
-2.655306764079848336e-01
-2.644816719672207217e-01
-2.634255623269346480e-01
-2.623757248432257994e-01
-2.612945257340537064e-01
-2.601812610154753402e-01
-2.590699993379796950e-01
-2.579398535002369042e-01
-2.567870053535198371e-01
-2.556591372771833126e-01
-2.545324912069371059e-01
-2.534346701839254035e-01
-2.523389930780289836e-01
-2.512135400406234620e-01
-2.501143290590451818e-01
-2.490131582046804792e-01
-2.479207115089945568e-01
-2.468312261570162480e-01
-2.457565732350233678e-01
-2.446880951192198228e-01
-2.435933977477624524e-01
-2.424856631667484108e-01
-2.413670871938206342e-01
-2.402421251029963900e-01
-2.390776762083633433e-01
-2.378951535237220638e-01
-2.367423510443085466e-01
-2.356190014462861970e-01
-2.345091244556688770e-01
-2.334084399738916016e-01
-2.323321460620106915e-01
-2.312487613802264308e-01
-2.301416520929140952e-01
-2.290389766265095439e-01
-2.279451346049199412e-01
-2.268334731549451755e-01
-2.257601313216437144e-01
-2.246472435351929420e-01
-2.234827885839247019e-01
-2.222954480517097819e-01
-2.211137720602489865e-01
-2.199251318448043058e-01
-2.187393730038489081e-01
-2.175809806027632354e-01
-2.163574164914350839e-01
-2.151304019825166502e-01
-2.138946095740522357e-01
-2.126561978668204123e-01
-2.114490466921791767e-01
-2.102335573920996459e-01
-2.090019674392747107e-01
-2.077888994690058888e-01
-2.065977199505819872e-01
-2.053965170449576494e-01
-2.042395525878665796e-01
-2.030761402945060745e-01
-2.019272777248435347e-01
-2.007868470045195419e-01
-1.996301828870656048e-01
-1.984617433486971227e-01
-1.972235308293121547e-01
-1.959865883926008578e-01
-1.947478984375547173e-01
-1.935249064149402731e-01
-1.923233551054704948e-01
-1.910865582443140032e-01
-1.898379366809221924e-01
-1.885807079810538356e-01
-1.873607402246663667e-01
-1.861482776132985240e-01
-1.849070911348210944e-01
-1.836659572106015270e-01
-1.823994416431495291e-01
-1.811570036252197757e-01
-1.799227298277924492e-01
-1.787114866695010407e-01
-1.773864384572903519e-01
-1.760647370128895217e-01
-1.747415237186541459e-01
-1.734195203909103533e-01
-1.720484232546236891e-01
-1.706120886737256814e-01
-1.691950856418409643e-01
-1.677600903834920720e-01
-1.662926826837957950e-01
-1.648039983086121707e-01
-1.633056286708901295e-01
-1.618483935184987510e-01
-1.603774499121188857e-01
-1.588778052220953252e-01
-1.573587915545313354e-01
-1.558652177890846868e-01
-1.542941350244026455e-01
-1.526898804477068439e-01
-1.510517041037187924e-01
-1.493317903701815441e-01
-1.476299309578524011e-01
-1.459129203226420535e-01
-1.442321919591279811e-01
-1.425459180004193527e-01
-1.408517074197545293e-01
-1.391768649561040960e-01
-1.374883490359656568e-01
-1.357827871524620311e-01
-1.340402346829787650e-01
-1.322733903454094140e-01
-1.304841555441018375e-01
-1.286921178200476634e-01
-1.269103297780673489e-01
-1.250928907597819995e-01
-1.232753406789877243e-01
-1.214480432078848399e-01
-1.196504979579922773e-01
-1.177226552550716676e-01
-1.157956101584999287e-01
-1.138304895547331691e-01
-1.118490951134583217e-01
-1.098387112656703940e-01
-1.078402968473074625e-01
-1.057774831338787885e-01
-1.037268505875787866e-01
-1.016937903298145152e-01
-9.965616152068025591e-02
-9.757217980284531300e-02
-9.549408860695764167e-02
-9.336673161338204796e-02
-9.125986229458417365e-02
-8.917849417398102108e-02
-8.709556945564758679e-02
-8.496812877599174696e-02
-8.286026729040661676e-02
-8.069452179174277373e-02
-7.859239972131371044e-02
-7.644431985145136443e-02
-7.429863733809202730e-02
-7.212084838226713590e-02
-6.994018414850664001e-02
-6.771681888676331362e-02
-6.548147070649874835e-02
-6.322636839620056348e-02
-6.095342926049598237e-02
-5.869443961235711049e-02
-5.647656535032175018e-02
-5.420136456462064378e-02
-5.192969902152544392e-02
-4.964731632038747039e-02
-4.735332462819579619e-02
-4.506192223483032611e-02
-4.275222880692400307e-02
-4.041648264296633652e-02
-3.807196040091392897e-02
-3.571312815505082311e-02
-3.335376735649847602e-02
-3.099156629740432503e-02
-2.860758793081442236e-02
-2.622375230651428912e-02
-2.384507430932332125e-02
-2.146913287675196458e-02
-1.913531053927110259e-02
-1.677261426837436953e-02
-1.439982765287258111e-02
-1.201256542951116557e-02
-9.625607384164498390e-03
-7.263122150250668138e-03
-4.904944520418401573e-03
-2.544775827720779059e-03
-2.020857386905105754e-04
2.184341943936825205e-03
4.547753081319003479e-03
6.902349909400205645e-03
9.272284913337916143e-03
1.165854870431223128e-02
1.405404141846071722e-02
1.644606640131086872e-02
1.884155512612058908e-02
2.123699469256811606e-02
2.363239503991246965e-02
2.602776646972070410e-02
2.842311809487124349e-02
3.081062208737855856e-02
3.320544325535737529e-02
3.560109879799697868e-02
3.798055360284034732e-02
4.036796181501396685e-02
4.274752480459743237e-02
4.514013187100582303e-02
4.753354111241653301e-02
4.992489450786920246e-02
5.230047384665239413e-02
5.467674878268710681e-02
5.702395331353287550e-02
5.935393781169041177e-02
6.167017918184573150e-02
6.400020150280753828e-02
6.631134037067862308e-02
6.863603114819158413e-02
7.099520825773815436e-02
7.333499034931596772e-02
7.568670799087401369e-02
7.806394994127098530e-02
8.046465616480839855e-02
8.288758717324752612e-02
8.526304767714568134e-02
8.761662935450627299e-02
8.993916352691161409e-02
9.225640823080448472e-02
9.466016143826122553e-02
9.706811328491672664e-02
9.948026167160371747e-02
1.018865644565113693e-01
1.042762008685107072e-01
1.066713428545465192e-01
1.090725509012304417e-01
1.114661382529625044e-01
1.138488125318401212e-01
1.161976839607347517e-01
1.185576967568027634e-01
1.208735380903625672e-01
1.231831187646402342e-01
1.255438663069938510e-01
1.279000787155205043e-01
1.302641436143293086e-01
1.325765876849581415e-01
1.348673278984379997e-01
1.372189980996570136e-01
1.395557269076848350e-01
1.419147996890104124e-01
1.443259090229942199e-01
1.467801553365835343e-01
1.492426947709605267e-01
1.516774182856362729e-01
1.541388078488337143e-01
1.566048418046118718e-01
1.590708155435062998e-01
1.615038109256180243e-01
1.639060731412152472e-01
1.663330000589812452e-01
1.687528308458665915e-01
1.711627472979974918e-01
1.735548067047081588e-01
1.759940771883601596e-01
1.784261425895884157e-01
1.808696680023305359e-01
1.832895149655481837e-01
1.856936641118665798e-01
1.881042679643809556e-01
1.905059743544320894e-01
1.928905792847743494e-01
1.952659529896979274e-01
1.976786658854703393e-01
2.000832745642894817e-01
2.024624112811534427e-01
2.047727198942452531e-01
2.071152846578519779e-01
2.094335002405445789e-01
2.117229545864709184e-01
2.140026188634768789e-01
2.163340717924976675e-01
2.186509181715607653e-01
2.209547545194275042e-01
2.233081625945018966e-01
2.257056986102584095e-01
2.281637942672558872e-01
2.306246641587309798e-01
2.330869776276550120e-01
2.355820509610497271e-01
2.380705498716673696e-01
2.405793113309023512e-01
2.430838341636413491e-01
2.455925061683751631e-01
2.481011078730188113e-01
2.506096562228643521e-01
2.531181710248312511e-01
2.556266619387745909e-01
2.581351372417342027e-01
2.606436039157087881e-01
2.631520677628727545e-01
2.656383026434361305e-01
2.681088113523530936e-01
2.705157222671924488e-01
2.728866487427085152e-01
2.751766216620563643e-01
2.773793599921788311e-01
2.795780566034286041e-01
2.817939373447980733e-01
2.839932989550895126e-01
2.861540719948972855e-01
2.882128461539505415e-01
2.903565160744489004e-01
2.925560412777664099e-01
2.947458386458790547e-01
2.968998857082502663e-01
2.990855801272255809e-01
3.013252024935113571e-01
3.035661673673724081e-01
3.057860194217633665e-01
3.079337495988709317e-01
3.101614789522254001e-01
3.124154217751293205e-01
3.147315523920135028e-01
3.171180008757447655e-01
3.194870191517505953e-01
3.219079055697817160e-01
3.243283136840955927e-01
3.267577048403716433e-01
3.292062185324381995e-01
3.316855497679224163e-01
3.341761593694285715e-01
3.366664645266083666e-01
3.391249336416258808e-01
3.415054300204256044e-01
3.439077678233471436e-01
3.463899075649046200e-01
3.488955671866655339e-01
3.514020495610775119e-01
3.539085369343152321e-01
3.564150211190597051e-01
3.589214988298943254e-01
3.614193621337952744e-01
3.638876551130364456e-01
3.663925336562984247e-01
3.688979662255589820e-01
3.714033850008320869e-01
3.739088032354949687e-01
3.764142261109776344e-01
3.789196550591246160e-01
3.814250966236534257e-01
3.839306033059072809e-01
3.863859951131712323e-01
3.888315666557837780e-01
3.913031825181277901e-01
3.937915730595189512e-01
3.962957098737586170e-01
3.987909188080681622e-01
4.012707162243642212e-01
4.037404584480996927e-01
4.062086865779485079e-01
4.086668991699527465e-01
4.111476703113560172e-01
4.136273757512727856e-01
4.161355591466371351e-01
4.186273809433908033e-01
4.211057987512709655e-01
4.235678062861840121e-01
4.260473805469898179e-01
4.285272764485431041e-01
4.310059750209662144e-01
4.335095733323259815e-01
4.360213707211403888e-01
4.385331224429143693e-01
4.410448332355610401e-01
4.435565079510284114e-01
4.460681514259035030e-01
4.485797672086352383e-01
4.510913185587999696e-01
4.536028083405668210e-01
4.561143120010668350e-01
4.586258328502335613e-01
4.611373731951197708e-01
4.636489321497516691e-01
4.661604976257914812e-01
3.999970775811091950e-01
3.999970615377876348e-01
3.976803611080615419e-01
3.953634340939995440e-01
3.930465044362544957e-01
3.907295726736449426e-01
3.884126389043643934e-01
3.860957034185408809e-01
3.837787666737806358e-01
3.814618292710189040e-01
3.791448919294652109e-01
3.768279545901562777e-01
3.745110177722242861e-01
3.721940817104495980e-01
3.698771466301975508e-01
3.675602127438974409e-01
3.652432802473451479e-01
3.629263493150440278e-01
3.606094201007079003e-01
3.582924880783562860e-01
3.559755581450039785e-01
3.536586310560344559e-01
3.513417074874563562e-01
3.490247880171515882e-01
3.467078731102580802e-01
3.443909631081674139e-01
3.420740582390807694e-01
3.397571586016812639e-01
3.374402641442476036e-01
3.351233746641857358e-01
3.328064901628071670e-01
3.304896094363170556e-01
3.281727322902779354e-01
3.258558580406408223e-01
3.235389859059666917e-01
3.212221146582696640e-01
3.189052433458212654e-01
3.165883716829404060e-01
3.142714994130260675e-01
3.119546263063177616e-01
3.096377521586312076e-01
3.073208767907105177e-01
3.050040000479047886e-01
3.026871190040180681e-01
3.003702342018004234e-01
2.980533468669482322e-01
2.957364564265466123e-01
2.934195623893396943e-01
2.911026643607464437e-01
2.887857620545424275e-01
2.864707644493991179e-01
2.841537617628845380e-01
2.818367554199489589e-01
2.795226004416372922e-01
2.772054494072721531e-01
2.748882971768294436e-01
2.725711439192018415e-01
2.702539904876300469e-01
2.679368374554790266e-01
2.656196854336090318e-01
2.633025342584605633e-01
2.609853843161332732e-01
2.586682356885137146e-01
2.563510884594077388e-01
2.540339427175434817e-01
2.517167985557382526e-01
2.493996560674062168e-01
2.470825153413900854e-01
2.447653718936176614e-01
2.424482304025427637e-01
2.401310916072298407e-01
2.378139561799252066e-01
2.354968247050916730e-01
2.331796976627594775e-01
2.308625754156415910e-01
2.285454582042769356e-01
2.262283461568361520e-01
2.239112392519086725e-01
2.215941378700275466e-01
2.192770405404527168e-01
2.169599474205723688e-01
2.146428579595131003e-01
2.123257714951707065e-01
2.100086872649603587e-01
2.076916042096253467e-01
2.053745211291801709e-01
2.030574377351667403e-01
2.007403537686195116e-01
1.984232689978132347e-01
1.961061832168158880e-01
1.937890962444959453e-01
1.914720079238200756e-01
1.891549173596176192e-01
1.868378210673715678e-01
1.845207223538462837e-01
1.822036206351535237e-01
1.798865154063711835e-01
1.775694062571554210e-01
1.752522928835921756e-01
1.729351750964611412e-01
1.706180528145290753e-01
1.683009260723977718e-01
1.659837955477932725e-01
1.636666604630023503e-01
1.613495218376000406e-01
1.590323802147139975e-01
1.567152362420149159e-01
1.543980906644216167e-01
1.520809443119043591e-01
1.497637973659565191e-01
1.474466504286092994e-01
1.451295038117600689e-01
1.428123578060179755e-01
1.404952126800640133e-01
1.381780686787670853e-01
1.358609260205128066e-01
1.335437848942349348e-01
1.312266409411382007e-01
1.289094987533916103e-01
1.265923591197467002e-01
1.242752227540229459e-01
1.219580902760253882e-01
1.196409621960753122e-01
1.173238389029007261e-01
1.150067206546630250e-01
1.126896075962976196e-01
1.103725002252896187e-01
1.080553973522276195e-01
1.057382992236038377e-01
1.034212054062997183e-01
1.011041153637075307e-01
9.878702844617873180e-02
9.646994390183734336e-02
9.415286078106976930e-02
9.183577768603728986e-02
8.951869432252657077e-02
8.720161042685041497e-02
8.488452576319316378e-02
8.256744012176070457e-02
8.025035331747679135e-02
7.793326518914493739e-02
7.561617559907297947e-02
7.329907959343068269e-02
7.098198126607078995e-02
6.866488002233664401e-02
6.634777534383394515e-02
6.403066680434651992e-02
6.171355408191771252e-02
5.939643696752746477e-02
5.707931536222002333e-02
5.476218975511725623e-02
5.244505926741664659e-02
5.012792473020480366e-02
4.781078657004038390e-02
4.549364531881402995e-02
4.317650160946451959e-02
4.085935617384450769e-02
3.854220983087931068e-02
3.622506285678989829e-02
3.390791584235267747e-02
3.159076910341113847e-02
2.927362293418494035e-02
2.695647760676456520e-02
2.463933336939175614e-02
2.232219044400329117e-02
2.000504902349224332e-02
1.768790532069144592e-02
1.537076274761767399e-02
1.305362260961489759e-02
1.073648563390272072e-02
8.419352456339415647e-03
6.102223605239409307e-03
3.785099488722225985e-03
1.467980385393457187e-03
-8.491335417907188050e-04
-3.166241892085938734e-03
-5.483345581053145415e-03
-7.800444471096368640e-03
-1.011753897875048748e-02
-1.243462962224354401e-02
-1.475171703435093976e-02
-1.706880195182583493e-02
-1.938588520317382699e-02
-2.170296834362558241e-02
-2.402005170918100965e-02
-2.633713556803542882e-02
-2.865422016022522306e-02
-3.097130569956187823e-02
-3.328839237497738940e-02
-3.560548035139664974e-02
-3.792256977016255498e-02
-4.023966555273453954e-02
-4.255676356069867938e-02
-4.487386439870986315e-02
-4.719096859802074384e-02
-4.950807659994990034e-02
-5.182518874321202090e-02
-5.414230525461776605e-02
-5.645942624729869547e-02
-5.877655127583963912e-02
-6.109368119027244748e-02
-6.341081520738661714e-02
-6.572795292135620582e-02
-6.804509381374385102e-02
-7.036223726764785635e-02
-7.267938256562478383e-02
-7.499652890129079874e-02
-7.731367590787537047e-02
-7.963082300469737085e-02
-8.194796987287582268e-02
-8.426511621523169460e-02
-8.658226175652247725e-02
-8.889940624495275279e-02
-9.121654945450075047e-02
-9.353369118762608347e-02
-9.585083329811248942e-02
-9.816797624553320889e-02
-1.004851168770846265e-01
-1.028022544529650500e-01
-1.051193883220529202e-01
-1.074365179385501773e-01
-1.097536428751051812e-01
-1.120707628326040178e-01
-1.143878776304841638e-01
-1.167049868603472484e-01
-1.190037116282113144e-01
-1.213216631313429744e-01
-1.236396009022595333e-01
-1.259575243963928226e-01
-1.282754346291134218e-01
-1.305933331349413418e-01
-1.329112217675717800e-01
-1.352291029024846325e-01
-1.375469783840034821e-01
-1.398648495462349872e-01
-1.421827175938645826e-01
-1.445005835854793752e-01
-1.468184484292819059e-01
-1.491363128871931454e-01
-1.514541775842209170e-01
-1.537720479686939257e-01
-1.560899199552774896e-01
-1.584077943736260097e-01
-1.607256719233371434e-01
-1.630435531688720630e-01
-1.653614385367223327e-01
-1.676793283142236357e-01
-1.699972226502252937e-01
-1.723151215803609415e-01
-1.746330249937368129e-01
-1.769509326343275957e-01
-1.792688440436536468e-01
-1.815867588427611534e-01
-1.839046763507376225e-01
-1.862225958561953276e-01
-1.885405165588872611e-01
-1.908584381987460943e-01
-1.931763600084052679e-01
-1.954942816598373434e-01
-1.978122028482708072e-01
-2.001301232917218342e-01
-2.024480427318146314e-01
-2.047659609355962917e-01
-2.070802879612959613e-01
-2.093930659528016880e-01
-2.117071524116921621e-01
-2.140129772978101030e-01
-2.163320742533311747e-01
-2.186511546475323753e-01
-2.209702176186661426e-01
-2.232835525998306536e-01
-2.255582789264302945e-01
-2.278418734842353743e-01
-2.301334819000496745e-01
-2.324238631413498568e-01
-2.347018183901649624e-01
-2.370012265913875316e-01
-2.393202989949649584e-01
-2.416497623828326724e-01
-2.439465970126248606e-01
-2.462383803866630694e-01
-2.485656141794932439e-01
-2.508981066336349319e-01
-2.532305051243865512e-01
-2.555628220326723321e-01
-2.578950707664434683e-01
-2.602272639821869848e-01
-2.625594131451328139e-01
-2.648915283045932267e-01
-2.672236262828552866e-01
-2.695557061502209528e-01
-2.718877741355508193e-01
-2.742198352225146407e-01
-2.765518932932275464e-01
-2.788839512777598895e-01
-2.812160112986825111e-01
-2.835480748042122356e-01
-2.858801426867038087e-01
-2.882122153855739000e-01
-2.905442929752293235e-01
-2.928763752393128694e-01
-2.952084617327506710e-01
-2.975405518330115351e-01
-2.998726442215426391e-01
-3.022047392292624979e-01
-3.045368353002836370e-01
-3.068689364955554111e-01
-3.092010381339473923e-01
-3.115331397924242518e-01
-3.138652410885879318e-01
-3.161896740341413325e-01
-3.185016128148850378e-01
-3.208012640259955139e-01
-3.231100678674500570e-01
-3.254394019648219061e-01
-3.277756146338281495e-01
-3.300973995540629757e-01
-3.324259567240730462e-01
-3.347630212916252734e-01
-3.371000350245434984e-01
-3.394370208080024764e-01
-3.417739706156417423e-01
-3.441108867341209354e-01
-3.464477714450026613e-01
-3.487846268579381515e-01
-3.511214603884916796e-01
-3.534582795791434418e-01
-3.557950878357865609e-01
-3.581318880950147276e-01
-3.604632130401612677e-01
-3.628002412475895277e-01
-3.651372655678450374e-01
-3.674742867432834736e-01
-3.698113056313936942e-01
-3.721483230064867587e-01
-3.744853395503924820e-01
-3.768223558500731762e-01
-3.791593724000165144e-01
-3.814963938585707037e-01
-3.838334219660077262e-01
-3.861704516045714186e-01
-3.885074834033225288e-01
-3.908443123235612604e-01
-3.931813588441366858e-01
-3.954973303066380286e-01
-3.978313992904154994e-01
-4.001519552559443249e-01
-4.024233017066576878e-01
-4.047310845566957638e-01
-4.070342057367319355e-01
-4.093197892847444397e-01
-4.115790407292407860e-01
-4.138324562761037106e-01
-4.160848158256994500e-01
-4.183509430199033319e-01
-4.205885281670620479e-01
-4.228288455399898949e-01
-4.250254528115215980e-01
-4.271968649647751026e-01
-4.294000600258230382e-01
-4.316152519022766199e-01
-4.338450762186021881e-01
3.243455727673908696e-06
3.259380736897484430e-06
2.248576466946416823e-03
4.535440101838457763e-03
6.845900367360161637e-03
9.147529142642831304e-03
1.143877260131751644e-02
1.376188376669624201e-02
1.606686244417790746e-02
1.835275733491168598e-02
2.064010814341226893e-02
2.294620211132551713e-02
2.523123983857767857e-02
2.748644324372326309e-02
2.974773464127147479e-02
3.196176827564933820e-02
3.418209706506226270e-02
3.643536655704508742e-02
3.861039014823942905e-02
4.075239487537941213e-02
4.287060416144599512e-02
4.497211384966545017e-02
4.706533025610373788e-02
4.915353836562623424e-02
5.124794676311932723e-02
5.330740192413869344e-02
5.534489435427755732e-02
5.738681335197855227e-02
5.941425492226171112e-02
6.142295584556720089e-02
6.343236368839344497e-02
6.541348746996353269e-02
6.737553909602779501e-02
6.929821564769231279e-02
7.124565034767026128e-02
7.318356954956782567e-02
7.508764879018187122e-02
7.702203829469428387e-02
7.897530536862513995e-02
8.091573787035308274e-02
8.283129759456850372e-02
8.472288518264242674e-02
8.658195429835731372e-02
8.842452634358728691e-02
9.024678148972435643e-02
9.204864707223807396e-02
9.384012238597831679e-02
9.559331026923895136e-02
9.733952777292988190e-02
9.908406275271905428e-02
1.008125177437403791e-01
1.025356906521450173e-01
1.042431627657564169e-01
1.059208551225388067e-01
1.075505754345705972e-01
1.091456622834313384e-01
1.107194664476374296e-01
1.122604172039560477e-01
1.137656984252709419e-01
1.152235209767617508e-01
1.166238670220339085e-01
1.179746935250070156e-01
1.193115881138700346e-01
1.206070695373730878e-01
1.218541523531105480e-01
1.230711485726738719e-01
1.242693072803575244e-01
1.254590226758031946e-01
1.266411142805627665e-01
1.277631695347047902e-01
1.288068166723763674e-01
1.298129043631676693e-01
1.307936656163548872e-01
1.317517811892550406e-01
1.326964456983981966e-01
1.336267779029902403e-01
1.345618140123502060e-01
1.354552796972514350e-01
1.363408776245931819e-01
1.371892865108796655e-01
1.380350260658519956e-01
1.388572253132955292e-01
1.396385325230262431e-01
1.403829422631050483e-01
1.410985855031860192e-01
1.417918362583337477e-01
1.424531951534089291e-01
1.430806845145657924e-01
1.436757498502873043e-01
1.442526634239706118e-01
1.448023993531088183e-01
1.453162873343316064e-01
1.458089644409602259e-01
1.462699779211451834e-01
1.467009199609761172e-01
1.471072308476919499e-01
1.474831223153383608e-01
1.478313318080461125e-01
1.481523689210037520e-01
1.484459591322927208e-01
1.487128605711359186e-01
1.489470859034893457e-01
1.491521783406753454e-01
1.493272484175314219e-01
1.494713985468188455e-01
1.495848096146372708e-01
1.496677828029970014e-01
1.497198150755357227e-01
1.497398780456055400e-01
1.497271509629937436e-01
1.496798409229058713e-01
1.495991558015692668e-01
1.494859554118844192e-01
1.493365635748249709e-01
1.491557078449906593e-01
1.489338823216029561e-01
1.486816561701162498e-01
1.483999598413772714e-01
1.480876987647033738e-01
1.477368128314862361e-01
1.473480989412695175e-01
1.469308454194127589e-01
1.464867298773677995e-01
1.460172738505645107e-01
1.454991965650289099e-01
1.449435377308284645e-01
1.443671420198355815e-01
1.437654389540576894e-01
1.431385801479851672e-01
1.424714919615364117e-01
1.417887253631886224e-01
1.410875550806714451e-01
1.403706645555424792e-01
1.396058278048791512e-01
1.388044780047341387e-01
1.379818778028157056e-01
1.371499689829012991e-01
1.362812732974988394e-01
1.353975600090101816e-01
1.345157663209730070e-01
1.336054817141350548e-01
1.326553273522563803e-01
1.316683506642810642e-01
1.306561788822830916e-01
1.296067420076817966e-01
1.285586707547695107e-01
1.274966085314169773e-01
1.263978883859676883e-01
1.252748194861451614e-01
1.240952867221448847e-01
1.228907883563915560e-01
1.216215149864294104e-01
1.203708707619623314e-01
1.190403464516870125e-01
1.176894266767940372e-01
1.163034824747879448e-01
1.148753134858636477e-01
1.134155159365990012e-01
1.119181805593419538e-01
1.103959471931174052e-01
1.088493538293235779e-01
1.072801629130615275e-01
1.056846648997435412e-01
1.040695599654580944e-01
1.024302904932087865e-01
1.008174332215675123e-01
9.920704432606503032e-02
9.759777417457067561e-02
9.596123564655671678e-02
9.429990197014057052e-02
9.260295902913473487e-02
9.087907921662893851e-02
8.913314115779920332e-02
8.737595656397555144e-02
8.559511667783865907e-02
8.377415907798627104e-02
8.193899136327295607e-02
8.007347466961346749e-02
7.821221232820185776e-02
7.632853293655428306e-02
7.442116170872355163e-02
7.248801070912727629e-02
7.050551508131454315e-02
6.849800235971632845e-02
6.647505182988205918e-02
6.445123399039583145e-02
6.241432959837058675e-02
6.038332783846766388e-02
5.834697253788155569e-02
5.631213552592016780e-02
5.427440523950617657e-02
5.223899647047292039e-02
5.016740025144492826e-02
4.811428543470477187e-02
4.600521813803511162e-02
4.390627203955904667e-02
4.175410325737695383e-02
3.962344530062683612e-02
3.749829689065463378e-02
3.537469022851683076e-02
3.325751358836186167e-02
3.107533631440001151e-02
2.891074401665340646e-02
2.675987393121215946e-02
2.460031920649798434e-02
2.244440542168259570e-02
2.027288193741571751e-02
1.809098123155505194e-02
1.589939430577013910e-02
1.369265526935778236e-02
1.148095607656665282e-02
9.243202609395460151e-03
6.997703180129823466e-03
4.739595879604330438e-03
2.499022299325896149e-03
2.460188883393700293e-04
-2.029483455709193800e-03
-4.316233320723944847e-03
-6.613633147439103299e-03
-8.907754466771019772e-03
-1.120166714254125159e-02
-1.347726013650997999e-02
-1.577343184881697599e-02
-1.809955143553085982e-02
-2.042304706059633324e-02
-2.275711115529800710e-02
-2.509042270256428564e-02
-2.743003913426102225e-02
-2.977362783535388024e-02
-3.217095985210464970e-02
-3.458152611032627721e-02
-3.700269179504272338e-02
-3.939717448909512559e-02
-4.181683900935887627e-02
-4.423684656232410722e-02
-4.667092660504955359e-02
-4.910422024872797969e-02
-5.152194957199551784e-02
-5.391193389892133536e-02
-5.626685587504475644e-02
-5.860935014674818061e-02
-6.096676982757117530e-02
-6.331719862691766176e-02
-6.564757609778577863e-02
-6.800520786070653190e-02
-7.035746015075590443e-02
-7.271792896420570251e-02
-7.508709898488356849e-02
-7.745114523785787131e-02
-7.983048491959511550e-02
-8.222129165638110415e-02
-8.462000418677710634e-02
-8.701740857662558504e-02
-8.942428142165419203e-02
-9.180680053694559306e-02
-9.419203257572569821e-02
-9.658317443847383443e-02
-9.896015922657037944e-02
-1.013332778940781581e-01
-1.037002945056436365e-01
-1.060450983148444187e-01
-1.083787154651140588e-01
-1.106634168949046509e-01
-1.129837629152537770e-01
-1.152904039831742083e-01
-1.175801734015471389e-01
-1.198737761994354556e-01
-1.221780086304172924e-01
-1.244363501445552578e-01
-1.266709997772708929e-01
-1.288147992600400804e-01
-1.309598183293183282e-01
-1.331070161816516884e-01
-1.353001327756664096e-01
-1.375056061726988299e-01
-1.397211853101540946e-01
-1.419039554953008264e-01
-1.440295066092807663e-01
-1.460950036651639250e-01
-1.481266956379136412e-01
-1.501632751826648959e-01
-1.521863458857633800e-01
-1.541775332531880038e-01
-1.562372760587518172e-01
-1.583580011129045451e-01
-1.604513070519464624e-01
-1.625936820405197158e-01
-1.647066788651506408e-01
-1.668108683908199052e-01
-1.689027040067117846e-01
-1.709523829743439527e-01
-1.729686235210406708e-01
-1.750002523535126586e-01
-1.770317791819799036e-01
-1.790412913553172947e-01
-1.810520923151316686e-01
-1.830725617353696488e-01
-1.851216591774761666e-01
-1.871663099483340809e-01
-1.892157544099697664e-01
-1.912030650153314637e-01
-1.931913410079433291e-01
-1.951848079960589177e-01
-1.971945512562368608e-01
-1.992495618862877294e-01
-2.012332131681420777e-01
-2.031787266949982573e-01
-2.051077857061488763e-01
-2.070003321372943517e-01
-2.088368114372673168e-01
-2.106909353366345217e-01
-2.125353211174019208e-01
-2.143379010824547626e-01
-2.160998617256282839e-01
-2.178507933431148846e-01
-2.195860912949089694e-01
-2.213690602502935145e-01
-2.231078477012371775e-01
-2.248051116396632410e-01
-2.264965259063931036e-01
-2.282176765765024096e-01
-2.299486012923275258e-01
-2.316376899072119522e-01
-2.332883723100769024e-01
-2.349194739605008908e-01
-2.364906126768912542e-01
-2.380282900416707814e-01
-2.395600073335232560e-01
-2.410431963769381625e-01
-2.425348418561697195e-01
-2.440507582846032086e-01
-2.455509500017390712e-01
-2.470527077880882161e-01
-2.485321124490875166e-01
-2.500213335371342382e-01
-2.515005224347240387e-01
-2.529335950965960200e-01
-2.543550760356685370e-01
-2.557416632780936672e-01
-2.570880016961618053e-01
-2.584237292094917482e-01
-2.597424857076207627e-01
-2.610026372399136263e-01
-2.622142019635765875e-01
-2.634268647710581446e-01
-2.646159306586304827e-01
-2.657951883678210669e-01
-2.670021078747428778e-01
-2.681844534432876737e-01
-2.693280392342300433e-01
-2.704609683660925690e-01
-2.715675325241163618e-01
-2.726514680687368575e-01
-2.736831416721925980e-01
-2.746861769138535525e-01
-2.756461291382735768e-01
-2.765844226960339491e-01
-2.775241226885282741e-01
-2.784302592506018303e-01
-2.793136131411659839e-01
-2.801728091366064155e-01
-2.809976239548209187e-01
-2.817964606548138962e-01
-2.825595063198306778e-01
-2.833035487511642025e-01
-2.840199607363432799e-01
-2.847160003232814818e-01
-2.853763357847818871e-01
-2.860084215438594701e-01
-2.866148516960318471e-01
-2.871895251024313978e-01
-2.877343687895294599e-01
-2.882507619676684119e-01
-2.887374167999930963e-01
-2.891946535548828301e-01
-2.896245631891516958e-01
-2.900289000616989021e-01
-2.903997807449426038e-01
-2.907470332892492793e-01
-2.910669731939092841e-01
-2.913549661416376946e-01
-2.916006012894420407e-01
-2.918179790461287171e-01
-2.919995511371668018e-01
-2.921434454491788069e-01
-2.922568550429394119e-01
-2.923436372910523384e-01
-2.923978566682971514e-01
-2.924238501463485851e-01
-2.924197493228878897e-01
-2.923833794931350316e-01
-2.923119080264098835e-01
-2.922071898313298166e-01
-2.920712594419179187e-01
-2.918997177278767063e-01
-2.916821007670770127e-01
-2.914309593488946248e-01
-2.911386693935401615e-01
-2.908130645607268083e-01
-2.904674094158500863e-01
-2.900892183059698426e-01
-2.896749702876856847e-01
-2.892278345730945333e-01
-2.887521797195425344e-01
-2.882415584887722537e-01
-2.876920651806382789e-01
-2.871027610810814035e-01
-2.864837393405781918e-01
-2.858300703844085522e-01
-2.851453862827779684e-01
-2.844359105698339163e-01
-2.836984066860201437e-01
-2.829523036039122696e-01
-2.821770836998426790e-01
-2.813658425572809763e-01
-2.805265310589235006e-01
-2.796862872922341592e-01
-2.788182253097084562e-01
-2.779161834084822313e-01
-2.769827813863455779e-01
-2.760103947225451271e-01
-2.750056645182776816e-01
-2.739685295504177276e-01
-2.728961760705187478e-01
-2.717966826185047036e-01
-2.706585317572667293e-01
-2.695005333689720062e-01
-2.683117650177749280e-01
-2.671094860528809845e-01
-2.658871404532061611e-01
-2.646383720211047952e-01
-2.633631853013573276e-01
-2.620604131795146174e-01
-2.607428505584193368e-01
-2.594037858499966820e-01
-2.580266047751876846e-01
-2.566465671698600626e-01
-2.552218657954947734e-01
-2.537896415408128492e-01
-2.523285112707508437e-01
-2.508358587214841728e-01
-2.493622565114051171e-01
-2.478881515568369664e-01
-2.463627804411446243e-01
-2.448137726976364337e-01
-2.432747703681089890e-01
-2.417093407441250064e-01
-2.400936348614470250e-01
-2.384972311567995218e-01
-2.368843574066298308e-01
-2.352723391692792820e-01
-2.336811371650968083e-01
-2.320619858927260859e-01
-2.304497335779229494e-01
-2.287621431849303777e-01
-2.270190437003781481e-01
-2.253198687500088948e-01
-2.235890080221827336e-01
-2.217798034549713637e-01
-2.199621648878026248e-01
-2.181140285219530239e-01
-2.162068371041921955e-01
-2.142971567552273970e-01
-2.123386668262201571e-01
-2.103661061757886308e-01
-2.083806654659571544e-01
-2.063818379443960183e-01
-2.043307353758382072e-01
-2.022899728782462936e-01
-2.002391769730655635e-01
-1.981436864898990513e-01
-1.960353257458964937e-01
-1.939217834148145581e-01
-1.917920837290243152e-01
-1.896421641388353618e-01
-1.874443039803992961e-01
-1.852228065819923331e-01
-1.829395150766613964e-01
-1.806707225940026029e-01
-1.783773143508286252e-01
-1.760919243777838150e-01
-1.737890560857837108e-01
-1.714581046443931223e-01
-1.691184825990802165e-01
-1.667999180423984651e-01
-1.644861622753318597e-01
-1.621744987807173521e-01
-1.598798940815890357e-01
-1.575756243942560697e-01
-1.552836532100512479e-01
-1.529921504296605783e-01
-1.507080271345362099e-01
-1.484443799753592252e-01
-1.461720896563713512e-01
-1.438939909911401416e-01
-1.415921400165989497e-01
-1.392624370595909877e-01
-1.368916953917037882e-01
-1.345106730201542922e-01
-1.320923597818345341e-01
-1.296752110912884060e-01
-1.272857701493883831e-01
-1.249175351264603939e-01
-1.225615677324184555e-01
-1.201617845690973602e-01
-1.177179492508212411e-01
-1.152807614550917931e-01
-1.128378516887863642e-01
-1.103880910119044434e-01
-1.079484730295192652e-01
-1.055124461312038631e-01
-1.030962938714597432e-01
-1.007255483224247378e-01
-9.831734971044751858e-02
-9.590608474167548747e-02
-9.347055296233018618e-02
-9.103350613346809783e-02
-8.859468112638868575e-02
-8.618248076125423207e-02
-8.374843341810069008e-02
-8.132221615433378459e-02
-7.889808129583428253e-02
-7.646068081537722716e-02
-7.403309215009235000e-02
-7.157742387828593122e-02
-6.914518016476343953e-02
-6.675140834100122544e-02
-6.433715272516585260e-02
-6.191511606051616073e-02
-5.952938311500893809e-02
-5.714095614247916705e-02
-5.471699910596179023e-02
-5.227703863235282078e-02
-4.983115155116828177e-02
-4.737265392972785094e-02
-4.489773842997819842e-02
-4.243139733700293514e-02
-3.999019985445525366e-02
-3.758782223031027769e-02
-3.517531788024033657e-02
-3.277853174222100652e-02
-3.037886316678214960e-02
-2.799837933224764985e-02
-2.560508024706191141e-02
-2.322185059040740226e-02
-2.080723907016885157e-02
-1.840297553617981086e-02
-1.598379510028254125e-02
-1.355645353716770050e-02
-1.115741985864629124e-02
-8.730843630376626183e-03
-6.341439706395922589e-03
-3.923490599981280767e-03
-1.499429127008574704e-03
9.268692973068607495e-04
3.316334943728621500e-03
5.737389879288496038e-03
8.167946090479067528e-03
1.056799374720345137e-02
1.293700396162641639e-02
1.531904339544710308e-02
1.772104721699028704e-02
2.015784663025330103e-02
2.263114204080917888e-02
2.509918520398818007e-02
2.757115643746848449e-02
3.002386392953409339e-02
3.250510877292168976e-02
3.498329406155524512e-02
3.746383883573137924e-02
3.991921168800299791e-02
4.239585688862339274e-02
4.487302804195849454e-02
4.731949787886522568e-02
4.977382701964288420e-02
5.221888483320793334e-02
5.464951142163871484e-02
5.707957136657246938e-02
5.949855676277402555e-02
6.192717124021275554e-02
6.434766682524573067e-02
6.678490014197899227e-02
6.923009347493624954e-02
7.170330463478338801e-02
7.418853462344639216e-02
7.666668547875127304e-02
7.913020776813624313e-02
8.157671394493881678e-02
8.403030756113966104e-02
8.647842201736584411e-02
8.889899159631443892e-02
9.133007135347948058e-02
9.376491933178981997e-02
9.621299893565450623e-02
9.868277652047251214e-02
1.011561981540320954e-01
1.035973015363731153e-01
1.060210709653639366e-01
1.084768824686052624e-01
1.109238888261675771e-01
1.133626006893764526e-01
1.157781945942222002e-01
1.181887336578748837e-01
1.205716109273182457e-01
1.229376039247280783e-01
1.253302178775644038e-01
1.277051395063450445e-01
1.300649642242094062e-01
1.324173800980401605e-01
1.347933929481140714e-01
1.371828149633234906e-01
1.396015743716322866e-01
1.420009853173765935e-01
1.443854784201052399e-01
1.467956528607740063e-01
1.492359420036048490e-01
1.517174105305095499e-01
1.542282980772762824e-01
1.567166240677903277e-01
1.591682902246450426e-01
1.616173685653394809e-01
1.640995505536764487e-01
1.665943389752882753e-01
1.690801378262321297e-01
1.715444390160622279e-01
1.740468537736193089e-01
1.765603369235239639e-01
1.790524650347470603e-01
1.815591456983876306e-01
1.840620556218407200e-01
1.865533006056928345e-01
1.890185061470062156e-01
1.915129072692807466e-01
1.940660570092476167e-01
1.966112161784238366e-01
1.991644115067575105e-01
2.017175519744489887e-01
2.042707139415547712e-01
2.068238934498283776e-01
2.093770881109740523e-01
2.119303045731921464e-01
2.144829392191808515e-01
2.170362002282295588e-01
2.195814487552315841e-01
2.221080645040054147e-01
2.246253250786237887e-01
2.271309818119217339e-01
2.296392539093083940e-01
2.321501512634191744e-01
2.346422217413832167e-01
2.371245728709016343e-01
2.396278572020795472e-01
2.421463772082000920e-01
2.446550482266138526e-01
2.471362814046739742e-01
2.496299303960609894e-01
2.520893946516518103e-01
2.545432300761760747e-01
2.569680137916677265e-01
2.593859065520836560e-01
2.617694073835322155e-01
2.641509602460767048e-01
2.665160975806771249e-01
2.688741916542489174e-01
2.712109005223678482e-01
2.735547739959721669e-01
2.758959091142239584e-01
2.782470324338239820e-01
2.805568810948863012e-01
2.828719379062867856e-01
2.851984695432066008e-01
2.874962123478219667e-01
2.898110320553450858e-01
2.921005742056169696e-01
2.944024867903807241e-01
2.967080948345064417e-01
2.990060995876240302e-01
3.013331572890434185e-01
3.036739732989864882e-01
3.060233124916077463e-01
3.083527660382037738e-01
3.106654324148067636e-01
3.129617870429604043e-01
3.152486188519400545e-01
3.175533189145563484e-01
3.198764983505542059e-01
3.221824167719722354e-01
3.244812038244986874e-01
3.267619492354019162e-01
3.290282113034278533e-01
3.312757182673226608e-01
3.335422073408339516e-01
3.358035287192215335e-01
3.380639670260932594e-01
3.403239917512628776e-01
3.425605003263697546e-01
3.447406181542153059e-01
3.468941005616563711e-01
3.490516194628189295e-01
3.511309313662936415e-01
3.532382582924402659e-01
3.553645493079167217e-01
3.574642713313964659e-01
3.595345283108450363e-01
3.616016127807523683e-01
3.636136522233034407e-01
3.656196226036367292e-01
3.676396065559915383e-01
3.696284467574997290e-01
3.716397235404920174e-01
3.735765541884494279e-01
3.754739465007952415e-01
3.774302693837789935e-01
3.793589712145714055e-01
3.812489355328173013e-01
3.831439351483481581e-01
3.850070418330218125e-01
3.868284348879388324e-01
3.886632709258668328e-01
3.904716953991257400e-01
3.922578394560914394e-01
3.941062137087056882e-01
3.959490381811286985e-01
3.977894808237501523e-01
3.995850234501289733e-01
4.014139201856791184e-01
4.032134323528023812e-01
4.049892604972584742e-01
4.067735435665224553e-01
4.084987388906065053e-01
4.102387208492453419e-01
4.119737704737908568e-01
4.137300500316602458e-01
4.154508129397945226e-01
4.171997093642054177e-01
4.189629830796103294e-01
4.207154499816438964e-01
4.224664473240158369e-01
4.242554352772536230e-01
4.259876905007161096e-01
4.277280765900879911e-01
4.294397190276084131e-01
4.311838406439483795e-01
4.329185659550223164e-01
4.346607787193294548e-01
4.364189024394652394e-01
4.381454557460839894e-01
4.398483603837989309e-01
4.415204790059639728e-01
4.431633086843821401e-01
4.448076062972262101e-01
4.464567310276903456e-01
4.480584209851735666e-01
4.496483592753051650e-01
4.511819855190138950e-01
4.527447779400338157e-01
4.543247747658349378e-01
4.558883083654040602e-01
4.575027290909263189e-01
4.591090167938535194e-01
4.606678260790507684e-01
4.622412187599729827e-01
4.637662425042162195e-01
4.652605445962579855e-01
4.667760244735779107e-01
4.682857489042593913e-01
4.698304189296072519e-01
4.713834990689279025e-01
4.729242649166408574e-01
4.744518240612101700e-01
4.760180609394426554e-01
4.775510008198677880e-01
4.790894883194806719e-01
4.806624057271645656e-01
4.822549502070870853e-01
4.838539697145052831e-01
4.854460060140557975e-01
4.870762960661491059e-01
4.887168255268903305e-01
4.903012653946985377e-01
4.918888801068757033e-01
4.934826802031503923e-01
4.950756290038298424e-01
4.966988521320955252e-01
4.983046036148377489e-01
4.998819433126670542e-01
5.014363256571801042e-01
5.029575074668313217e-01
5.044887318717167224e-01
5.059877594248634036e-01
5.074273950961147861e-01
5.088891954416041585e-01
5.103702241056343736e-01
5.118747689678982971e-01
5.133760564546109295e-01
5.149293271706502084e-01
5.164974106018302979e-01
5.180853441741811727e-01
5.196652728837514168e-01
5.212472175483088277e-01
5.228232701608712674e-01
5.243732011671781157e-01
5.258935459927063238e-01
5.273625166721933599e-01
5.288068504236241862e-01
5.302603993892827106e-01
5.316971536446202240e-01
5.331655884114934185e-01
5.346793340851593301e-01
5.361848773765983678e-01
5.377529951786370610e-01
5.393527735460235117e-01
5.409348167583777345e-01
5.425208554909929370e-01
5.441427047947109408e-01
5.457753609915517723e-01
5.474118232483990987e-01
4.000008363944327350e-01
4.000008517609323633e-01
4.005071496483601501e-01
4.010178286646705614e-01
4.015341896693672141e-01
4.020439321716707815e-01
4.025531422703391149e-01
4.030652925907937112e-01
4.035905065868446995e-01
4.041191399716436705e-01
4.046374984121903218e-01
4.051489452476191300e-01
4.056590840689405231e-01
4.061641489985977627e-01
4.066863825428905233e-01
2.000011606410271037e-01
2.000011761194137039e-01
2.008944462005296527e-01
2.017877591145058325e-01
2.026810850032632894e-01
