4.000024812552071540e-01
4.000024971592172074e-01
4.017173081534970991e-01
4.028850434505482081e-01
4.039942875069194583e-01
4.050890625340253792e-01
4.061459120677299306e-01
4.072167613401566633e-01
4.082249351495585987e-01
4.091915244866535795e-01
4.100741934579767989e-01
4.109623965352427466e-01
4.117651062008627072e-01
4.125190155678543080e-01
4.132020687028016837e-01
4.138839796351647671e-01
4.144650333979133516e-01
4.150178615095999612e-01
4.155492208794149822e-01
4.160364174130107284e-01
4.165081601257821786e-01
4.169370171630136790e-01
4.173504502516839909e-01
4.176378569454154421e-01
4.178526927341456587e-01
4.180548970957995714e-01
4.182579738405294845e-01
4.184160851536672943e-01
4.185213825493241946e-01
4.186171092968429819e-01
4.186804152053635319e-01
4.187280004252909582e-01
4.187608971390672785e-01
4.187687405838078081e-01
4.187555795276162729e-01
4.187228607392062263e-01
4.186749619578271631e-01
4.186092344636338503e-01
4.185193312058090309e-01
4.184051344727027222e-01
4.182661030900902688e-01
4.181122662010245961e-01
4.179099032448498341e-01
4.176916861869855446e-01
4.174050932316933360e-01
4.171355092002624332e-01
4.167894755165423293e-01
4.163361991753093405e-01
4.158557992514100854e-01
4.154959798544935468e-01
4.147978635206198694e-01
4.141417631227520824e-01
4.134518545458927274e-01
4.123780038164479578e-01
4.112697041655054009e-01
4.101632177045752559e-01
4.090581739667663030e-01
4.079542303836601880e-01
4.068510934907217380e-01
4.057485209349220301e-01
4.046463187798202132e-01
4.035443381813870745e-01
4.024424729362282571e-01
4.013406471961579181e-01
4.002388096307875065e-01
3.991369281417699866e-01
3.980349852428956559e-01
3.969329741438237247e-01
3.958308955210510516e-01
3.947287678397287669e-01
3.936266213967652416e-01
3.925244528698064173e-01
3.914222604748870404e-01
