-1.999967869160225453e-01
-1.999967709303137331e-01
-1.980062752370300161e-01
-1.965059632225078512e-01
-1.949227922114879219e-01
-1.932822539701410935e-01
-1.916496026871657710e-01
-1.900230212424248999e-01
-1.883641150232611972e-01
-1.867086967138339992e-01
-1.850844880423856142e-01
-1.834262111584319122e-01
-1.817960399926767112e-01
-1.802072354036231283e-01
-1.786390128241368280e-01
-1.771989345390219128e-01
-1.756980202114403755e-01
-1.742122127767670448e-01
-1.727841551345480342e-01
-1.714362818577869207e-01
-1.700757495878092163e-01
-1.688059118588599306e-01
-1.675089797540404712e-01
-1.662555385233615013e-01
-1.650657369364177396e-01
-1.638981412212587307e-01
-1.628058882224601711e-01
-1.617278613297487566e-01
-1.607123176117264685e-01
-1.597215398400680386e-01
-1.587700611479782309e-01
-1.578149906915602418e-01
-1.568422055876315391e-01
-1.559565952758173168e-01
-1.551530444395863573e-01
-1.545276185419535431e-01
-1.539669647267357111e-01
-1.538539659554090111e-01
-1.537792418038056996e-01
-1.536963926895447141e-01
-1.535931069281622485e-01
-1.534703682832535276e-01
-1.533419967368476189e-01
-1.532373749155413467e-01
-1.531323417345882287e-01
-1.529890937212629032e-01
-1.528482791225826143e-01
-1.527116098162389357e-01
-1.525585474681093179e-01
-1.524053881189743886e-01
-1.522574652337035095e-01
-1.521116262976672795e-01
-1.519755003495273094e-01
-1.518399848948846220e-01
-1.517075409096581839e-01
-1.515808570166877756e-01
-1.514448189853559446e-01
-1.513112967064699221e-01
-1.511816910026664296e-01
-1.510553099399314925e-01
-1.509419704577169008e-01
-1.508273346658312031e-01
-1.507263559099058237e-01
-1.506339535604953039e-01
-1.505463449244527352e-01
-1.504701605728085423e-01
-1.504050337931829018e-01
-1.503440474496372248e-01
-1.502929796979451949e-01
-1.502453715731494610e-01
-1.502041818186563849e-01
-1.501654418696435900e-01
-1.501317559663205015e-01
-1.501043200910139319e-01
-1.500844360742573935e-01
-1.500698003019346471e-01
-1.500629320660809285e-01
-1.500631464469315557e-01
-1.500703326118186798e-01
-1.500827112249415729e-01
-1.501000236581600533e-01
-1.501235021110833290e-01
-1.501562488587490918e-01
-1.501921239464264479e-01
-1.502363694032768093e-01
-1.502838600898063204e-01
-1.503425098428013695e-01
-1.504094713752823220e-01
-1.504772379900473633e-01
-1.505515316166455286e-01
-1.506353053284686383e-01
-1.507230723862338362e-01
-1.508247219983241405e-01
-1.509365044969373237e-01
-1.510543486676583225e-01
-1.511646912820112931e-01
-1.512789146270856755e-01
-1.514104525583510052e-01
-1.515602933199783897e-01
-1.517159744710664671e-01
-1.518824527843069261e-01
-1.520420647738504327e-01
-1.522207221067966854e-01
-1.523934358101460274e-01
-1.526103444947931875e-01
-1.528298802704006198e-01
-1.530685066173616271e-01
-1.533182797999899927e-01
-1.535678336724350390e-01
-1.538264566266769051e-01
-1.541025871081437570e-01
-1.543995598919045698e-01
-1.547187009940919622e-01
-1.550668924263846060e-01
-1.554198110573317970e-01
-1.557952794994083012e-01
-1.561902806558869705e-01
-1.566053912683137983e-01
-1.570390475243551298e-01
-1.574753943007671519e-01
-1.579163123840550409e-01
-1.583919950232196838e-01
-1.588656568253973833e-01
-1.593540949864018230e-01
-1.598459574378658377e-01
-1.603545333926756911e-01
-1.609155807872678090e-01
-1.614420713207852798e-01
-1.619717073207848634e-01
-1.624792491874221534e-01
-1.630048889172459881e-01
-1.635261901735343970e-01
-1.640737632339011598e-01
-1.645959849145082754e-01
-1.651115716474757522e-01
-1.655949077199774244e-01
-1.660956872529290029e-01
-1.665937172217557549e-01
-1.671035995859005974e-01
-1.676220965840026500e-01
-1.681278228974876776e-01
-1.686151594154201017e-01
-1.691386658114106545e-01
-1.696806880255448957e-01
-1.702458668452582757e-01
-1.708431957711866178e-01
-1.714575249843883209e-01
-1.720986160807874144e-01
-1.728000835011722636e-01
-1.735100613596160246e-01
-1.742257001373165859e-01
-1.749883342699629918e-01
-1.769854719469788340e-01
-1.791487492386620028e-01
-1.811434241586889204e-01
-1.834758100967956163e-01
-1.857624416126021638e-01
-1.880949391382446267e-01
-1.902687718356736168e-01
-1.926071542705007911e-01
-1.949450729889243006e-01
-1.972826398606782605e-01
-1.996199496275875562e-01
-2.019570834904347301e-01
-2.042941144409111676e-01
-2.066310886560619731e-01
-2.089680407445350385e-01
-2.113049957634706710e-01
-2.136419710261083516e-01
-2.159789776768653302e-01
-2.183160146503997368e-01
-2.206530793213264674e-01
-2.229901706159326258e-01
-2.253272855939996155e-01
-2.276644205503742246e-01
-2.300015712979518456e-01
-2.323387288116587346e-01
-2.346758814967079831e-01
-2.370130262110191066e-01
-2.393501604113779657e-01
-2.416872819869859690e-01
-2.440243969827074755e-01
-2.463615136369340097e-01
-2.486986323393528264e-01
-2.510357537452480581e-01
-2.533728787097914714e-01
-2.557100082238411565e-01
-2.580471434293230559e-01
-2.603842888709839709e-01
-2.627214546348921598e-01
-2.650586410246397739e-01
-2.673958479786945897e-01
-2.697330750601978910e-01
-2.720703173313356871e-01
-2.744075643747636573e-01
-2.767448143925211324e-01
-2.790820570196823613e-01
-2.814192613993905523e-01
-2.837564304448991215e-01
-2.860935805622425443e-01
-2.884307326738084210e-01
-2.907678885890222498e-01
-2.931050592534720778e-01
-2.954422496859840375e-01
-2.977794598715395313e-01
-3.001166775956360944e-01
-3.024538994975356498e-01
-3.047911238076367324e-01
-3.071283487433393855e-01
-3.094655725436294413e-01
-3.118027935016667307e-01
-1.999987077144571856e-01
-1.999986921889625457e-01
-1.990598572957432699e-01
-1.980596162264887661e-01
-1.970447113145555040e-01
-1.960299870649325205e-01
-1.950154402184381963e-01
-1.940010583813671918e-01
-1.929868244866128346e-01
-1.919727194960812455e-01
-1.909587242824911102e-01
-1.899448208591306142e-01
-1.889309920519336161e-01
-1.879172224296939697e-01
-1.869034988207463055e-01
-1.858898102838635880e-01
-1.848761479598911572e-01
-1.838625048526531247e-01
-1.828488755802639421e-01
-1.818352561037314963e-01
-1.808216443283034991e-01
-1.798080395809569798e-01
-1.787944417549344189e-01
-1.777808510971462530e-01
-1.767672680323177925e-01
-1.757536930215161941e-01
-1.747401264518758657e-01
-1.737265685539547966e-01
-1.727130193430944372e-01
-1.716994785813201474e-01
-1.706859459244167987e-01
-1.696724202361878653e-01
-1.686589006424440984e-01
-1.676453858158098997e-01
-1.666318741904454226e-01
-1.656183639924186657e-01
-1.646048536251981664e-01
-1.635913425233107565e-01
-1.625778301585721064e-01
-1.615643160399017897e-01
-1.605507997154538014e-01
-1.595372807761278044e-01
-1.585237588597443736e-01
-1.575102336565865901e-01
-1.564967047027186475e-01
-1.554831705282657128e-01
-1.544696296547008185e-01
-1.534560807868289023e-01
-1.524425228490826623e-01
-1.514289550138507578e-01
-1.504153767223877503e-01
-1.494017876988026072e-01
-1.483881879576386120e-01
-1.473745778055657596e-01
-1.463609580703935931e-01
-1.453473290805935847e-01
-1.443336922796769339e-01
-1.433200490583046438e-01
-1.423064010358365827e-01
-1.412927500337842479e-01
-1.402790980415219990e-01
-1.392654462122387971e-01
-1.382517951924334132e-01
-1.372381455740932510e-01
-1.362244978960986674e-01
-1.352108526434356861e-01
-1.341972102449237036e-01
-1.331835710700860764e-01
-1.321699354191535614e-01
-1.311563041957115039e-01
-1.301426789642645687e-01
-1.291290611245828335e-01
-1.281154518717216861e-01
-1.271018521644531885e-01
-1.260882627012438473e-01
-1.250746839031626478e-01
-1.240611159032682653e-01
-1.230475585421437201e-01
-1.220340116117253071e-01
-1.210204738804361441e-01
-1.200069446188886946e-01
-1.189934225645762345e-01
-1.179799062174442664e-01
-1.169663938642862833e-01
-1.159528836071177099e-01
-1.149393735160173652e-01
-1.139258629241737680e-01
-1.129214293328768687e-01
-1.119058340775543336e-01
-1.109386645091805235e-01
-1.099864858872577483e-01
-1.089555341045515546e-01
-1.079365720743157842e-01
-1.068940036000564642e-01
-1.058607072036058666e-01
-1.048045663707924541e-01
-1.038181987910943155e-01
-1.027587187079721520e-01
-1.018874705270105679e-01
-1.008890115159498807e-01
-9.995450569966868315e-02
-9.898070389216859222e-02
-9.813957892357211277e-02
-9.701545897906606319e-02
-9.585408314505414196e-02
-9.464083302887345284e-02
-9.346951646305684536e-02
-9.230963729960282860e-02
-9.112543420524517324e-02
-8.985226628354081591e-02
-8.867174000689506674e-02
-8.734799600867459990e-02
-8.604198407025784312e-02
-8.464866830549254428e-02
-8.336558624803057371e-02
-8.208412286656760481e-02
-8.074036474496622262e-02
-7.930665241592529946e-02
-7.793187181421538934e-02
-7.645457995819773811e-02
-7.488455705588663303e-02
-7.344140381545868901e-02
-7.175755027396324426e-02
-7.022307290012079484e-02
-6.853935045517974001e-02
-6.684529848630892113e-02
-6.527139593681328955e-02
-6.356671859822811410e-02
-6.189244284150124259e-02
-6.010945277077222454e-02
-5.852504641841704131e-02
-5.692990438465501957e-02
-5.524259707938542624e-02
-5.345256519598466649e-02
-5.171363732304509048e-02
-5.000466838646083767e-02
-4.839238328150314433e-02
-4.650428326172949267e-02
-4.483005928085868896e-02
-4.283801697367673605e-02
-4.100507715970609646e-02
-3.920144478497535750e-02
-3.750781416788157713e-02
-3.576010092385655675e-02
-3.400944355558159493e-02
-3.246589576081376771e-02
-3.055074418039269851e-02
-2.868522788803776549e-02
-2.685386918586088120e-02
-2.507771065555472120e-02
-2.344345279613508498e-02
-2.158828441334113835e-02
-1.985974516781774390e-02
-1.842967358097972672e-02
-1.679695090420310968e-02
-1.482088233059751341e-02
-1.314751479502482973e-02
-1.120082759594605987e-02
-9.283980396587896908e-03
-7.455071497934988994e-03
-5.528586363306796370e-03
-3.445904230427642313e-03
-1.474030403097540895e-03
5.718145606667141435e-04
2.611163858702399230e-03
4.646251770537516285e-03
6.650070527085378928e-03
8.711433656559601155e-03
1.091836671641807470e-02
1.307416831003439459e-02
1.526379096170266819e-02
1.746130289109299599e-02
1.959278748962809888e-02
2.171755276351477332e-02
2.385623820581129692e-02
2.608742279296715968e-02
2.834271334206970791e-02
3.064729504506258015e-02
3.301749269336392428e-02
3.534000317209100989e-02
3.773548356904893319e-02
4.018774980725418194e-02
4.253810178752191057e-02
4.493813296289623366e-02
4.736795595613788046e-02
4.979970485249679557e-02
5.212471838674900826e-02
5.447825248015867455e-02
5.682305119495159595e-02
5.914670980102328113e-02
6.159923233539620763e-02
6.404561062822784756e-02
6.648371459995845723e-02
6.897142305968935461e-02
7.149018933914741414e-02
7.388950861840767881e-02
7.621335460567996156e-02
7.849933910056582087e-02
8.083277006484626548e-02
8.314167812200369545e-02
8.538442053293396339e-02
8.742576829780274172e-02
8.966043512755049461e-02
9.196791023868050585e-02
9.421494886398508462e-02
9.650429770178579891e-02
9.862839430733313928e-02
1.008807433293852363e-01
1.030263565604689763e-01
1.053952060834047605e-01
1.076676778370187909e-01
1.099009796978766829e-01
1.121389607756419077e-01
1.143379540432874347e-01
1.164598582109497987e-01
1.185736927964606141e-01
1.206754999834224601e-01
1.228428758314090569e-01
1.249799056809757364e-01
1.270139831161716804e-01
1.290784750464486486e-01
1.310588756697370905e-01
1.330205049740800505e-01
1.350241645852971184e-01
1.370172758687879799e-01
1.390647970113686460e-01
1.411126289274045320e-01
1.430885308712952220e-01
1.451755247393777259e-01
1.472254681986028824e-01
1.492810766651934962e-01
1.512444242436825625e-01
1.532062480415682937e-01
1.551431631935071553e-01
1.570416094968033749e-01
1.588744718237894704e-01
1.606391881252595966e-01
1.623628552015750903e-01
1.640855327618443160e-01
1.657705840155029586e-01
1.674622997479838504e-01
1.692261175111756388e-01
1.709433020595213792e-01
1.725623807224438144e-01
1.741966205361016040e-01
1.758224971931997282e-01
1.774915683574744552e-01
1.792289524712090687e-01
1.809506943068887319e-01
1.826927270304879170e-01
1.844434404810990358e-01
1.860751886238072861e-01
1.877589462405633569e-01
1.893397238463751520e-01
1.910113036978273726e-01
1.926570298801748293e-01
1.943416969598108779e-01
1.960190953190572016e-01
1.978104129678129874e-01
1.995760337702212339e-01
2.013925990249840203e-01
2.032106560059523670e-01
2.050299768656040911e-01
2.068503419946593758e-01
2.086715510109010963e-01
2.104934268688982146e-01
2.123158177474982478e-01
2.141385968382503169e-01
2.159616606057088162e-01
2.177849221178672356e-01
2.196083136119201529e-01
2.214317836441432596e-01
2.232552943170549586e-01
2.250788187132217733e-01
2.269023386076070570e-01
2.287258424899125675e-01
