-3.999983033460909887e-01
-3.999982876725988734e-01
-3.988881148729339632e-01
-3.982785809048033365e-01
-3.976655755391463321e-01
-3.969394466774693875e-01
-3.962402513101743740e-01
-3.955654669550014990e-01
-3.948251247477288506e-01
-3.941592904313639956e-01
-3.935633888695114213e-01
-3.929698543039572001e-01
-3.923236996334781845e-01
-3.917062974935761055e-01
-3.911089244360357320e-01
-3.905942662693252521e-01
-3.901250781158770442e-01
-3.897495917539557930e-01
-3.893793262233925523e-01
-3.889255094506339216e-01
-3.884427652145633347e-01
-3.879419723599398240e-01
-3.874115139934409813e-01
-3.869381979159842166e-01
-3.863804627966808125e-01
-3.857899551079351785e-01
-3.852056370158585819e-01
-3.845974158487820982e-01
-3.840284327221459293e-01
-3.834570475088975305e-01
-3.829696295291719621e-01
-3.825162785548790745e-01
-3.820854583693061857e-01
-3.816585975757888494e-01
-3.812234235628935153e-01
-3.808403759416417178e-01
-3.805066449105213300e-01
-3.802029507529462449e-01
-3.799296359658872468e-01
-3.796733167863374225e-01
-3.794669407216959001e-01
-3.792742711417100843e-01
-3.789945456874965202e-01
-3.787271157550877732e-01
-3.784992779756132797e-01
-3.783394860669630488e-01
-3.781853692310283011e-01
-3.780289997439745253e-01
-3.778693009310620243e-01
-3.777101363292545422e-01
-3.775608269600993494e-01
-3.774152585037962027e-01
-3.772775411076835228e-01
-3.771808324811785074e-01
-3.770079415975121639e-01
-3.768056622017583179e-01
-3.766432937216749322e-01
-3.764889263936092578e-01
-3.763751220454798485e-01
-3.762646105812628150e-01
-3.761664003280924540e-01
-3.760537872114562141e-01
-3.759405373431285446e-01
-3.757859344123126721e-01
-3.756474888447276506e-01
-3.755222449813019892e-01
-3.754230536920312167e-01
-3.753405427251685356e-01
-3.752593996730578252e-01
-3.751727119345994454e-01
-3.750777171000290733e-01
-3.750053586581061360e-01
-3.749107703539844572e-01
-3.747979202740885918e-01
-3.746928411729052999e-01
-3.745892115167782088e-01
-3.744942941134947745e-01
-3.744318190150046632e-01
-3.743670288950363134e-01
-3.742863777151734239e-01
-3.741953337891112952e-01
-3.741258633820545576e-01
-3.740604250382102425e-01
-3.740074273888439049e-01
-3.739438701965694944e-01
-3.738802313365583996e-01
-3.738116941377907509e-01
-3.737562878736701011e-01
-3.736885864862686812e-01
-3.736277621585665232e-01
-3.735554022266536212e-01
-3.735136544165811312e-01
-3.734588316379122697e-01
-3.734239205620460411e-01
-3.733968896963724138e-01
-3.733795279545399359e-01
-3.733710728516212995e-01
-3.733727455674166196e-01
-3.733831270274247105e-01
-3.733976463873784346e-01
-3.734148002627982188e-01
-3.734365745563558714e-01
-3.734557949644970454e-01
-3.734795264851956120e-01
-3.735044613667037883e-01
-3.735334571239700141e-01
-3.735659347471794178e-01
-3.736072840404423556e-01
-3.736366081821245744e-01
-3.736791833333764634e-01
-3.737163963152713153e-01
-3.737694203347899924e-01
-3.738365713460214956e-01
-3.739027454425931651e-01
-3.739806422292346055e-01
-3.740825243784303145e-01
-3.741975883588207763e-01
-3.743198076855876466e-01
-3.744351759760619625e-01
-3.745873813396915497e-01
-3.748180987043481238e-01
-3.750881882681143531e-01
-3.752843626873198501e-01
-3.755898149082375070e-01
-3.759180257032790906e-01
-3.764146029871726640e-01
-3.768390972480664125e-01
-3.774353692887285616e-01
-3.782277574375230711e-01
-3.788533236470587595e-01
-3.795827382927793869e-01
-3.800344675656856519e-01
-3.806781851265418348e-01
-3.811987353789446087e-01
-3.816616197597045290e-01
-3.823352172204393939e-01
-3.830205719519502172e-01
-3.835523254378759295e-01
-3.841419461686891301e-01
-3.846734745982848258e-01
-3.850548388514002940e-01
-3.857081833456721398e-01
-3.863867616153053297e-01
-3.874260789376734460e-01
-3.884357060656501437e-01
-3.894482185119952922e-01
-3.904826770350620091e-01
-3.913444117932916022e-01
-3.920544493941241493e-01
-3.928301447915857891e-01
-3.934718810040208625e-01
-3.942554566851347309e-01
-3.951708670574528015e-01
-3.963464866783905083e-01
-3.975091559957254495e-01
-3.984826619649340929e-01
-3.983092569315997422e-01
-3.981412240487330334e-01
-3.980292046740410150e-01
-3.982311578667449004e-01
-3.984439498909323474e-01
-3.999724914787749497e-01
-4.018041719767040387e-01
-4.036861824570386892e-01
-4.056407639250935171e-01
-4.076096468517045324e-01
-4.095547262334182648e-01
-3.999996368993669615e-01
-3.999996216820086437e-01
-3.998374759710792148e-01
-3.995551445065896323e-01
-3.992760089036660465e-01
-3.989921212605278544e-01
-3.987059088490094716e-01
-3.984209366716271461e-01
-3.981369851859363762e-01
-3.978585822077999601e-01
-3.975791546005459920e-01
-3.973031981160066173e-01
-3.970333614099084141e-01
-3.967629716369774351e-01
-3.964914862566286669e-01
-3.962130551136966439e-01
-3.959242021385554477e-01
-3.956211290063814667e-01
-3.953034568586325515e-01
-3.999969441621579191e-01
-3.999969281229969198e-01
-3.982369552671354285e-01
-3.979093368368442629e-01
-3.975805618479291148e-01
-3.972648571623641489e-01
-3.970067515295148119e-01
-3.967418939235522468e-01
-3.964262880326747673e-01
-3.961003134970418338e-01
-3.957851815204894153e-01
-3.954109534540974913e-01
-3.950926035459466079e-01
-3.948449877886155424e-01
-3.946108351964086047e-01
-3.943618469043101982e-01
-3.942192105884124720e-01
-3.940365219231680149e-01
-3.938350314584260770e-01
-3.935952354608407977e-01
-3.933436871165030824e-01
-3.930993491726511579e-01
-3.928525226614515420e-01
-3.926239769521208678e-01
-3.924336751915468158e-01
-3.922799222032852806e-01
-3.920961882048807357e-01
-3.918756361118455600e-01
-3.916889104294678514e-01
-3.914948367903610116e-01
-3.913049667812985022e-01
-3.911365009529388925e-01
-3.910006594515298972e-01
-3.908873187711615627e-01
-3.907920864806264660e-01
-3.906866787331179647e-01
-3.905456872306034000e-01
-3.904287978957375338e-01
-3.902934918674582088e-01
-3.901793948024728231e-01
-3.900761721822018635e-01
-3.899953976610008866e-01
-3.899408574740705347e-01
-3.898844304845431319e-01
-3.898435588919206274e-01
-3.898182991287659771e-01
-3.898040347141595863e-01
-3.897964082914246453e-01
-3.897945092637074005e-01
-3.898002125837971565e-01
-3.898080935125372015e-01
-3.898118797545770953e-01
-3.898067396157808839e-01
-3.897908888456630416e-01
-3.897777043217094950e-01
-3.897739106593121616e-01
-3.897588010856261054e-01
-3.897412738788801900e-01
-3.897276545280805582e-01
-3.897144276395277385e-01
-3.896919197059846018e-01
-3.896599318898714137e-01
-3.896206621065563258e-01
-3.895855881069256732e-01
-3.895579699533394114e-01
-3.895620221561013619e-01
-3.895445265542974433e-01
-3.895147425834141197e-01
-3.895229482111437491e-01
-3.894581675865645964e-01
-3.894409818778929999e-01
-3.894246591081695352e-01
-3.894784147403348995e-01
-3.895612709343602709e-01
-3.897604742592257199e-01
-3.900906681492288808e-01
-3.905466058020905518e-01
-3.910089356022063423e-01
-3.915051410273035493e-01
-3.921364803518551656e-01
-3.925669110520966232e-01
-3.930483109101908235e-01
-3.934939512695089237e-01
-3.940061377422572342e-01
-3.944328325624368303e-01
-3.947104459015716715e-01
-3.949157921943039495e-01
-3.949549648571210048e-01
-3.950666588066737983e-01
-3.952926002349697598e-01
-3.955401949620864777e-01
-3.957042365048176191e-01
-3.958477768051772427e-01
-3.956950543373840001e-01
-3.954527658701578741e-01
-3.951856446085655894e-01
-3.949683980345340406e-01
-3.947129266703641726e-01
-3.944481837077061237e-01
-3.942933447653019785e-01
-3.941491202449445841e-01
-3.941152925143249219e-01
-3.942133765376948928e-01
-3.949539501022755750e-01
-3.963810482909508881e-01
-3.979775234169680709e-01
-3.995722125007145631e-01
-4.011543018635003732e-01
-4.027729862960379714e-01
-4.043070379526285119e-01
-4.058053007202718221e-01
-4.072548327605520213e-01
-4.086313156198575491e-01
-4.099859515360019802e-01
-4.113237328590662045e-01
-4.126111371631432378e-01
-4.138616917796924533e-01
-4.151285098986765565e-01
-4.163389626674600663e-01
-4.175206216751141675e-01
-4.186899765374326177e-01
-4.198255220610574989e-01
-4.209584516046872560e-01
-4.220702262245841774e-01
-1.999968662212006920e-01
-1.999968502017614724e-01
-1.977373983769027954e-01
-1.969794035411770450e-01
-1.961799371224786925e-01
-1.954380019490708775e-01
-1.947755077741185337e-01
-1.942032843560376199e-01
-1.937015987128435923e-01
-1.931771512887913156e-01
-1.926585542840899001e-01
-1.920740540188749512e-01
-1.915648227645519452e-01
-1.910687339440873822e-01
-1.905496410838740939e-01
-1.901355435696779617e-01
-1.897448131530567461e-01
-1.894170657633212074e-01
-1.890991366628622383e-01
-1.888036034072825275e-01
-1.885414866732296191e-01
-1.882078753315346298e-01
-1.879452281238895572e-01
-1.877117047377902526e-01
-1.875303410925449887e-01
-1.873758028002770748e-01
-1.871939290772042519e-01
-1.869547753065990137e-01
-1.866870407000415510e-01
-1.864425090494297443e-01
-1.861599706326514669e-01
-1.859474527726068249e-01
-1.858261966458348569e-01
-1.856710536262011213e-01
-1.854935273439426435e-01
-1.853201921841014510e-01
-1.850643916353020280e-01
-1.847630856721352022e-01
-1.844783406461006636e-01
-1.841607195316048717e-01
-1.838781205166502564e-01
-1.835499341405755769e-01
-1.832502068358746183e-01
-1.830064116032293076e-01
-1.827323160166420268e-01
-1.824915303155104085e-01
-1.822101570178971675e-01
-1.818914773405472529e-01
-1.815845726781659952e-01
-1.813309386783152066e-01
-1.809774297002113563e-01
-1.805621654164597523e-01
-1.800904650066736667e-01
-1.796339418166374713e-01
-1.791323912661714202e-01
-1.786250616005481129e-01
-1.780870900059128847e-01
-1.774336396836879992e-01
-1.768752245166455017e-01
-1.763047972030525046e-01
-1.757389867685197893e-01
-1.751420805314377049e-01
-1.745094137263789869e-01
-1.739595091088144418e-01
-1.734068083826035556e-01
-1.729683396407090124e-01
-1.726086547228081747e-01
-1.722701048711066940e-01
-1.718378229449553651e-01
-1.713521081803354162e-01
-1.708560985054182468e-01
-1.703613387560960202e-01
-1.699554275847535156e-01
-1.695546108989988143e-01
-1.690755179019978460e-01
-1.685695517086399919e-01
-1.680706820359426645e-01
-1.676442934843304922e-01
-1.672257777838164206e-01
-1.668213257771594404e-01
-1.664365690478603610e-01
-1.660821508048005712e-01
-1.656366599345611978e-01
-1.652482891543967103e-01
-1.649606785149599353e-01
-1.646964562297250079e-01
-1.645039511370877672e-01
-1.643592733407625572e-01
-1.641614350572272174e-01
-1.639045693933463554e-01
-1.635891591754528862e-01
-1.632895395894377877e-01
-1.630228366621177816e-01
-1.627459883333359225e-01
-1.624748895992352005e-01
-1.622410238313245212e-01
-1.619961330375716824e-01
-1.616640051594196714e-01
-1.612913443363443999e-01
-1.609380608578585004e-01
-1.606460548681965528e-01
-1.603787813256522810e-01
-1.601203965059648515e-01
-1.598393281363142959e-01
-1.595334099458540211e-01
-1.591600335167811242e-01
-1.586797799769488204e-01
-1.582224156709895191e-01
-1.577835824512306417e-01
-1.574006695028237757e-01
-1.570097806648491079e-01
-1.565659353097626216e-01
-1.561181185986250386e-01
-1.555726414241626887e-01
-1.549088797500860759e-01
-1.541623828724878464e-01
-1.535119861957207621e-01
-1.528929897688268424e-01
-1.522909621973356498e-01
-1.517286756575144113e-01
-1.511730890668975813e-01
-1.505156119498007594e-01
-1.497460498039616950e-01
-1.489250487357990371e-01
-1.480812063658726863e-01
-1.471685402801340969e-01
-1.465150485318323370e-01
-1.459100629441753283e-01
-1.452681953731537745e-01
-1.445662251832921241e-01
-1.438011624292967194e-01
-1.429187104679854325e-01
-1.420568033654281415e-01
-1.411789166699305709e-01
-1.403255881656098880e-01
-1.395823759519663199e-01
-1.388941390337480597e-01
-1.382434237644860897e-01
-1.375499111954334441e-01
-1.368321508045491630e-01
-1.360231433797730316e-01
-1.352802514440348547e-01
-1.345223086826059511e-01
-1.337485802968825799e-01
-1.330392096192413998e-01
-1.322775929738272960e-01
-1.315305240622713090e-01
-1.307550469888165146e-01
-1.300016813732480514e-01
-1.292246547128061696e-01
-1.285733145439631742e-01
-1.276469056070154429e-01
-1.269208453732383890e-01
-1.261902541743155637e-01
-1.252638398865165148e-01
-1.245237825907320461e-01
-1.236628565033697225e-01
-1.229427040860646136e-01
-1.220891208925197341e-01
-1.211435687459977567e-01
-1.202052044163010452e-01
-1.193277644905442886e-01
-1.184198672884224229e-01
-1.175473193181161558e-01
-1.170238956705954708e-01
-1.163334358240328270e-01
-1.156547818158222274e-01
-1.148306884182799248e-01
-1.142359254325386736e-01
-1.134746374655040552e-01
-1.127835751062148117e-01
-1.119867855754022451e-01
-1.113911045739355565e-01
-1.109484636433105964e-01
-1.104535991224602359e-01
-1.099056897240590497e-01
-1.092505665659345149e-01
-1.086263683064035979e-01
-1.078192391169808112e-01
-1.072669423892172319e-01
-1.066816689391257705e-01
-1.062972202946797645e-01
-1.060114357720358391e-01
-1.054772769273891880e-01
-1.050116603519388875e-01
-1.045803908855309355e-01
-1.039622298360762809e-01
-1.036819488363535935e-01
-1.033342526940374539e-01
-1.029758057512770442e-01
-1.027583490932499205e-01
-1.023103663836820304e-01
-1.020851385197932559e-01
-1.017119480070903109e-01
-1.015104405911170377e-01
-1.011371096398360203e-01
-1.008421732695883727e-01
-1.006721968997688343e-01
-1.005091561035934278e-01
-1.001558461986592208e-01
-1.000023265940434003e-01
-9.977189795597388167e-02
-9.960264181711354914e-02
-9.932546220918496427e-02
-9.908935492171692949e-02
-9.908797317027348561e-02
-9.897875483087346937e-02
-9.887873584410894479e-02
-9.870760731335075089e-02
-9.844030698077702035e-02
-9.824300070375642513e-02
-9.809169562490180350e-02
-9.792748888168999188e-02
-9.794424080149349843e-02
-9.777759068759808714e-02
-9.764637023983803454e-02
-9.734456040513128627e-02
-9.715527206241264535e-02
-9.674196722305357377e-02
-9.637565405559744836e-02
-9.598911858698543076e-02
-9.576600354745852528e-02
-9.541418714826002678e-02
-9.493340379469018819e-02
-9.435469378680572117e-02
-9.363574476132398294e-02
-9.296917112426152097e-02
-9.221305913061719761e-02
-9.189173200602880620e-02
-9.140313389614582174e-02
-9.085702071055083706e-02
-9.018999014291527450e-02
-8.969959886422051998e-02
-8.898725354221895256e-02
-8.837733284055046545e-02
-8.801310041853205313e-02
-8.775585286971968046e-02
-8.740906298262920981e-02
-8.687946515837768890e-02
-8.655341401130252355e-02
-8.623030437115881963e-02
-8.596734552341632474e-02
-8.567230011098117548e-02
-8.544856949765042287e-02
-8.520046292035417246e-02
-8.494859232197599086e-02
-8.467447241059458674e-02
-8.441323104974794711e-02
-8.423312576774470706e-02
-8.403151552788876155e-02
-8.392487772616746833e-02
-8.383018854004987974e-02
-8.373495384400082842e-02
-8.364682620576351091e-02
-8.350380783520730543e-02
-8.334201734006409235e-02
-8.319191721977541032e-02
-8.302128933028742053e-02
-8.269849449044096301e-02
-2.000029186936581882e-01
-2.000029347093134624e-01
-2.016711248368799059e-01
-2.038461628663715275e-01
-2.059729290636920507e-01
-2.080732470971584369e-01
-2.101574767883404582e-01
-2.122052734711154798e-01
-2.142292304388782043e-01
-2.162792179693150685e-01
-2.183542477027768103e-01
-2.204474896400517858e-01
-2.225508310566553238e-01
-2.246502183308914935e-01
-2.267679846213974948e-01
-2.288390457704408409e-01
-2.309088549865202233e-01
-2.330000249464696249e-01
-2.351175564795962014e-01
-2.372173476564488903e-01
-2.393339585890764121e-01
-2.414306911481731155e-01
-2.435409913519973046e-01
-2.456417747309065092e-01
-2.477496404483937320e-01
-2.498740197123518747e-01
-2.520231903528322159e-01
-2.541740865119142545e-01
-2.563271325744702622e-01
-2.584804497533756407e-01
-2.606339865855639149e-01
-2.627876975753112299e-01
-2.649415433743948500e-01
-2.670954908344755907e-01
-2.692495126072452782e-01
-2.714035787166279023e-01
-2.735349558568291872e-01
-2.756876126681939154e-01
-2.778275965780251378e-01
-2.799350251606586570e-01
-2.819832890598111819e-01
-2.839656972647695565e-01
-2.859163601556460321e-01
-2.878940516381334191e-01
-2.897845231703062852e-01
-2.917065724053387599e-01
-2.936491188605903635e-01
-2.955165887327471097e-01
-2.973611789678519690e-01
-2.992335054043542830e-01
-3.010538796644764425e-01
-3.028706456865118413e-01
-3.046718872926476029e-01
-3.064686616889129023e-01
-3.082724446862234458e-01
-3.100666274975744097e-01
-3.118190337841544313e-01
-3.136010454963914507e-01
-3.153409367809977826e-01
-3.170975539962356260e-01
-3.188468835009989344e-01
-3.205919650460202774e-01
-3.223353211308502275e-01
-3.240927386577653335e-01
-3.258117163036690633e-01
-3.274783196002464813e-01
-3.291665216714767528e-01
-3.308062525454981140e-01
-3.324810590565706603e-01
-3.341373036325104295e-01
-3.357470393656871166e-01
-3.373144596930428007e-01
-3.388903869140991176e-01
-3.404541355870029928e-01
-3.420087792728662701e-01
-3.435419046355563943e-01
-3.450847693035759001e-01
-3.466670469728554416e-01
-3.482263517722182788e-01
-3.497754314341043336e-01
-3.513030069239267972e-01
-3.528285239041046295e-01
-3.543754509131921693e-01
-3.558993813608345991e-01
-3.573783419816050633e-01
-3.588830017005769091e-01
-3.604289695580533137e-01
-3.619535870154085844e-01
-3.634615564408838484e-01
-3.649747877788294126e-01
-3.664845806013242724e-01
-3.680241097192665789e-01
-3.695484360575222449e-01
-3.710509891207399713e-01
-3.725738941237424218e-01
-3.741087004287516060e-01
-3.756395381804852329e-01
-3.771690208047718817e-01
-3.786880169488519576e-01
-3.801987997094177785e-01
-3.817275901008546635e-01
-3.832598375335327101e-01
-3.847923000972898189e-01
-3.863249410730961175e-01
-3.878577161182918398e-01
-3.893905900488653371e-01
-3.909235394074066505e-01
-3.924565411707167661e-01
-3.939895782365960830e-01
-3.955090024445470087e-01
-3.970226487597526832e-01
-3.985132408543778371e-01
-4.000091491060401849e-01
-4.014473119903680387e-01
-4.028908025310650731e-01
-4.043213094879586911e-01
-4.057339658183879982e-01
-4.071234971259983793e-01
-4.085050713007630230e-01
-4.098820322109869019e-01
-4.112760743522758666e-01
-4.126514574101070587e-01
-4.140461129333051771e-01
-4.154728802980559021e-01
-4.168936860458605786e-01
-4.183209526791722421e-01
-4.197488374494806052e-01
-4.211772449261524387e-01
-4.226060841196929152e-01
-4.240352720232334893e-01
-4.254647355435127731e-01
-4.268944178047149873e-01
-4.283242622196576366e-01
-4.297542232134096696e-01
-4.311842654752036652e-01
-2.000028363405824405e-01
-2.000028523730324470e-01
-2.019576980883888984e-01
-2.042139168283410577e-01
-2.063307377091989914e-01
-2.084202818747227515e-01
-2.106601315837985933e-01
-2.128999195909167252e-01
-2.151396870848873433e-01
-2.173794662402497579e-01
-2.196192768884567825e-01
-2.218591365953736239e-01
-2.240990435174235462e-01
-2.263389973588372517e-01
-2.285789950875669885e-01
-2.308190320747213198e-01
-2.330591029235817846e-01
-2.352992020509148963e-01
-2.375393240752956825e-01
-2.397794640587262993e-01
-2.420196382283119896e-01
-2.442598432912382878e-01
-2.465000734359718282e-01
-2.487403230681233812e-01
-2.509805727120102969e-01
-2.532208129914756412e-01
-2.554610421478433757e-01
-2.577012589098823248e-01
-2.599414624452424105e-01
-2.621816523193606918e-01
-2.644218284596007718e-01
-2.666619911241506768e-01
-2.689021479543269311e-01
-2.711423010114533128e-01
-2.733824510498535920e-01
-2.756225998329473459e-01
-2.778627481757252049e-01
-2.801028964785388098e-01
-2.823430451076685554e-01
-2.845831943946894871e-01
-2.868233446361872496e-01
-2.890634960935289377e-01
-2.913036489925780459e-01
-2.935438035234559373e-01
-2.957839642961712645e-01
-2.980241276611206858e-01
-3.002642942646497337e-01
-3.025044646632734646e-01
-3.047446393080213700e-01
-3.069848185580618671e-01
-3.092250026898379911e-01
-3.114651918703090216e-01
-3.137053860974253205e-01
-3.159455851965777828e-01
-3.181857888211503393e-01
-3.204259964566052443e-01
-3.226662069135760036e-01
-3.249064205268766825e-01
-3.271466359074824415e-01
-3.293868521564517482e-01
-3.316270685136880614e-01
-3.338672848541168747e-01
-3.361075008327576996e-01
-3.383477161277135825e-01
-3.405879304407919417e-01
-3.428281434991397036e-01
-3.450683550576802983e-01
-3.473085649021583898e-01
-3.495487759274080730e-01
-1.999975492376686037e-01
-1.999975333014666623e-01
-1.981430060398068627e-01
-1.962139380506808251e-01
-1.942849321087188608e-01
-1.923559941891376524e-01
-1.904271213581934796e-01
-1.884983083140743254e-01
-1.865695486070672315e-01
-1.846408355054299510e-01
-1.827121610897892989e-01
-1.807835190968672123e-01
-1.788549033508106401e-01
-1.769263085045993666e-01
-1.749977300647234946e-01
-1.730691643567601745e-01
-1.711406084539555117e-01
-1.692120600856128754e-01
-1.672835175364062454e-01
-1.653549795463071515e-01
-1.634264410121209210e-01
-1.614979055948814746e-01
-1.595693738630634129e-01
-1.576408465687553218e-01
-1.557123244229134673e-01
-1.537838080284031905e-01
-1.518552978287468769e-01
-1.499267940706197066e-01
-1.479982967783394221e-01
-1.460698057388352955e-01
-1.441413208425182946e-01
-1.422128406879017981e-01
-1.402843647193167675e-01
-1.383558917896632601e-01
-1.364274214995332968e-01
-1.344989514007210452e-01
-1.325704810752976470e-01
-1.306420101320469318e-01
-1.287135382057484068e-01
-1.267850649580194722e-01
-1.248565900791278743e-01
-1.229281132903187745e-01
-1.209996343462715063e-01
-1.190711530374142235e-01
-1.171426666132208416e-01
-1.152141744222462405e-01
-1.132856787495891832e-01
-1.113571786908721661e-01
-1.094286734297152813e-01
-1.075001623341376861e-01
-1.055716449782722194e-01
-1.036431211574322109e-01
-1.017145908971479884e-01
-9.978605445686694608e-02
-9.785751278855893409e-02
-9.592896560552824359e-02
-9.400041437677168765e-02
-9.207186024897638654e-02
-9.014330455713741308e-02
-8.821474788720597149e-02
-8.628619097649049829e-02
-8.435763428973890032e-02
-8.242907826417450456e-02
-8.050052330905083098e-02
-7.857196980363721772e-02
-7.664341809404752459e-02
-7.471486848930329605e-02
-7.278632125707523715e-02
-7.085777661958714280e-02
-6.892923052014880703e-02
-6.700068734637763812e-02
-6.507214805278306591e-02
-6.314361370129545348e-02
-6.121508517746814676e-02
-5.934432097059615108e-02
-5.761039901424837989e-02
1.849203732482721831e-03
3.818783929982750604e-03
5.915015235932706561e-03
8.065056700353311070e-03
1.027292290886230690e-02
1.257986996835407621e-02
1.491378475011271090e-02
1.734685014595815922e-02
1.967721497374419481e-02
2.203569279404825679e-02
2.438928506448708247e-02
2.674662697217293841e-02
2.910796392551908557e-02
3.139098384050206803e-02
3.370332045322691622e-02
3.597823303303813308e-02
3.823197059623172078e-02
4.047551344574241289e-02
4.268362068502837975e-02
4.487480209811250953e-02
4.709261726526241948e-02
4.929306813994774328e-02
5.149794023750344646e-02
5.369405628084043119e-02
5.583614766924856199e-02
5.796808953932772873e-02
6.000784798707651385e-02
6.203317353747504065e-02
6.408856410003983817e-02
6.612803734132335909e-02
6.816271438602734822e-02
7.006294812542246397e-02
7.207506464239275823e-02
7.386601355812996705e-02
7.568145440858271844e-02
7.737321097326074759e-02
7.907661141738721311e-02
8.079879931695277406e-02
8.252085115445635666e-02
8.427918657997013341e-02
8.611803993228843435e-02
8.793801257896821655e-02
8.972888452617316934e-02
9.152117661389516656e-02
9.325016998477139718e-02
9.501935498702601679e-02
9.670758473014748335e-02
9.841241211284477985e-02
1.000525844365747902e-01
1.016942089022401519e-01
1.032687566882781460e-01
1.048401366005832086e-01
1.063592206054192607e-01
1.079128847945847874e-01
1.094120789484051420e-01
1.108667851455845815e-01
1.123412286260988824e-01
1.137855191564866031e-01
1.152190781889866900e-01
1.166374958162587905e-01
1.180825167434070427e-01
1.195297179670876953e-01
1.209256567321031484e-01
1.223284554953422004e-01
1.237233583919722241e-01
1.250989637568320489e-01
1.264678321279127104e-01
1.278112127156607325e-01
1.291431347997532009e-01
1.304993435251563250e-01
1.318620739481649595e-01
1.332202204608119722e-01
1.345662469253010862e-01
1.359181794135280730e-01
1.372813062242548288e-01
1.386319441399943564e-01
1.399785974365452268e-01
1.413068220560020072e-01
1.426342998256656669e-01
1.439760599022227583e-01
1.453273814951410448e-01
1.466952652032109949e-01
1.480638688878972986e-01
1.494330736899150414e-01
1.508027621424141429e-01
1.521728399422712097e-01
