-4.000027701589016771e-01
-4.000027861788477135e-01
-4.016247988329311736e-01
-4.032832480013743282e-01
-4.049510282429021335e-01
-4.066227775449314796e-01
-4.082839800304397526e-01
-4.099233104157874452e-01
-4.115584867991283202e-01
-4.132011855593228367e-01
-4.148605232481043514e-01
-4.165530511100165589e-01
-4.183089561441402093e-01
-4.200538826937860182e-01
-4.217631694231465111e-01
-4.234067666462500434e-01
-4.250594613037968483e-01
-4.267044010666175002e-01
-4.283255024139664413e-01
-4.299389011678831918e-01
-4.315105262256612728e-01
-4.330653816154186875e-01
-4.345804715976889776e-01
-4.360710354587191140e-01
-4.375921617751782899e-01
-4.391469466129390153e-01
-4.406709663884095796e-01
-4.421943698848050386e-01
-4.437052624872498963e-01
-4.452321189600295104e-01
-4.467337109537462547e-01
-4.482408053053772989e-01
-4.497501447607542002e-01
-4.512265293606957384e-01
-4.526763530360659038e-01
-4.541298263617932762e-01
-4.555747993197894474e-01
-4.570350986354820844e-01
-4.584549102881080862e-01
-4.598885567472004166e-01
-4.613250628748374882e-01
-4.627508632554120371e-01
-4.641734683250571258e-01
-4.655515399565197665e-01
-4.669168792759851860e-01
-4.682769063869957615e-01
-4.696113122590830913e-01
-4.709660190412932046e-01
-4.723635047410520982e-01
-4.737640505442717309e-01
-4.751494283164662824e-01
-4.765496353018562337e-01
-4.779134371928947522e-01
-4.792650278908778816e-01
-4.806079016153022021e-01
-4.819552723144747697e-01
-4.833089326008604969e-01
-4.846843136533039997e-01
-4.860038976514116649e-01
-4.873412513771145926e-01
-4.886744477409568632e-01
-4.899778899804032029e-01
-4.912653462001675964e-01
-4.925694362018812611e-01
-4.939032114209711555e-01
-4.952289141081705481e-01
-4.965561425241029059e-01
-4.978990514720573746e-01
-4.992297018780126328e-01
-5.005900779989294058e-01
-5.019399945015255993e-01
-5.033038876112049254e-01
-5.046254241673635565e-01
-5.059427953324030502e-01
-5.072480890845543211e-01
4.000004423260610786e-01
4.000004575037749976e-01
4.002828151056826989e-01
4.005694866393254561e-01
4.008573796402819522e-01
4.011532575841418313e-01
4.014541813205441123e-01
4.017535903366619143e-01
4.020582145884573633e-01
4.023669575650339336e-01
4.026865713877336161e-01
4.030007225832195616e-01
4.033335465125631458e-01
4.036723271981943473e-01
4.040255867997460948e-01
4.043777131510079559e-01
4.047357028870447460e-01
4.051078193687570606e-01
4.054736292422201904e-01
4.058233228527404202e-01
4.061809240936588572e-01
4.065392795279356153e-01
4.069191203017251679e-01
4.073101784904287204e-01
4.077102353588593631e-01
4.081223752891022793e-01
4.085556380370620189e-01
4.089869625552052246e-01
4.094209119522242424e-01
4.098616881542799240e-01
4.103184389795171416e-01
4.107808416745522551e-01
4.112358564708295527e-01
4.116961518073718462e-01
4.121528281284991824e-01
4.126097857989385886e-01
4.130675108948692054e-01
4.135213370196038074e-01
4.139876113760747600e-01
4.144585545659752457e-01
4.149421333732264405e-01
4.154265636608285295e-01
4.159182613796822969e-01
4.164227413147148504e-01
4.169265120501434718e-01
4.174241078956978379e-01
4.179220333855746539e-01
4.184140106824075778e-01
4.189137023519018399e-01
4.194084583368480890e-01
4.199112936515156935e-01
4.204272615113509026e-01
4.209452573057074209e-01
4.214655476536944834e-01
4.219812377436934492e-01
4.224960042012541050e-01
4.230034716758615532e-01
4.235290314664155176e-01
4.240750446715778610e-01
4.246062660034874980e-01
4.251388778986193162e-01
4.256775206811616030e-01
4.262157777633229228e-01
4.267564379632270422e-01
4.273162323851346089e-01
4.278846339799334264e-01
4.284381898906612363e-01
-4.000029709773011422e-01
-4.000029870229102613e-01
-4.015528647752482638e-01
-4.030941216747626621e-01
-4.046206510568299830e-01
-4.061422988216990548e-01
-4.076112185128276666e-01
-4.090892069363385453e-01
-4.105830870754336726e-01
-4.120393158116627541e-01
-4.134408999222783376e-01
-4.148204299540412254e-01
-4.161837745335784655e-01
-4.175081806796115957e-01
-4.188778419678158005e-01
-4.202837922066149368e-01
-4.216943378900676054e-01
-4.230985194232591007e-01
-4.245033168437611359e-01
-4.259556345410032696e-01
-4.274307659168354312e-01
-4.288987677247999564e-01
-4.303806993051927932e-01
-4.318148666910605060e-01
-4.332868255892397547e-01
-4.347761200562549333e-01
-4.363010510139168074e-01
-4.378054589817104714e-01
-4.392733447773143340e-01
-4.407881169245937425e-01
-4.422918123557311731e-01
-4.437521647079791798e-01
-4.453027772654130079e-01
-4.468715428227708064e-01
-4.484119342357044680e-01
-4.499727036677506065e-01
-4.515580456256550468e-01
-4.531512488938052030e-01
-4.547616066423091352e-01
-4.563876717522774573e-01
-4.579836878267138922e-01
-4.595846796909422993e-01
-4.612048254604495523e-01
-4.628440108937620923e-01
-4.645155421566680154e-01
-4.662160647811182113e-01
-4.679421064838621414e-01
-4.695792615586421581e-01
-4.712591030472729758e-01
-4.729381094536568297e-01
-4.745131890831486565e-01
-4.760782157746245025e-01
-4.776371140931096604e-01
-4.792354069795517479e-01
-4.807827897326565902e-01
-4.823481498456489436e-01
-4.838866202620082935e-01
-4.854416258422163399e-01
-4.870270331006119058e-01
-4.886311580514416941e-01
-4.902442002888724448e-01
-4.918543848673576080e-01
-4.934222095673658770e-01
-4.949915089358197795e-01
-4.965461006218493956e-01
-4.981005954433071481e-01
-4.996926669793960718e-01
-5.013161445894034340e-01
-5.029063781179862191e-01
-5.044033995704472195e-01
-5.059073365949888768e-01
-5.073760740308521644e-01
-5.088638488776288105e-01
-5.103867751822491750e-01
-5.118991783371542592e-01
-5.133902747333555228e-01
-5.149599542025770083e-01
-5.165755757937560144e-01
-5.182185986260056110e-01
-5.198437481310592689e-01
-5.214978893340648236e-01
-5.231340828160319090e-01
-5.247578261607224182e-01
-5.263138429904181681e-01
-5.278418019250342708e-01
-5.293684193106188429e-01
-5.308484523235520447e-01
-5.323304184709024556e-01
-5.338128168300668719e-01
-5.353154761683148744e-01
-5.367700972801386916e-01
-5.382468649527695215e-01
-5.397468931959146232e-01
-5.412311367655238126e-01
-5.427751302825378765e-01
-5.443561522878179737e-01
-5.458456483106177703e-01
-5.473046924853475215e-01
-5.487403557469497928e-01
-5.501342972129567022e-01
-5.514740855546499398e-01
-5.528007175127239714e-01
-5.541376628754638434e-01
-5.555269834543697938e-01
-5.568843991185621345e-01
-5.582325566290718966e-01
-5.596168675122150660e-01
-5.609469255997634463e-01
-5.623161280554075381e-01
-5.636268932572559009e-01
-5.649309449020459839e-01
-5.662292221624443123e-01
-5.675383313367385885e-01
-5.689629032281817711e-01
-1.287135447280285821e-06
-1.302600022973266166e-06
-5.932769405916953542e-04
-1.173910161820919743e-03
-1.756508383981955114e-03
-2.321678821124506260e-03
-2.867630306094690745e-03
-3.425613638154943047e-03
-3.975351713699230155e-03
-4.514358817073862995e-03
-5.057574880701438437e-03
-5.594019483542452160e-03
-6.120953381519441197e-03
-6.634680478853790392e-03
-7.169868470404565375e-03
-7.700494252195935578e-03
-8.236669493447926899e-03
-8.751276249374601371e-03
-9.271044309815429374e-03
-9.810888337009280105e-03
-1.034214415726364585e-02
-1.089026691841544700e-02
-1.144363062987499222e-02
-1.199623663152660225e-02
-1.255700459980018877e-02
-1.312405646965097809e-02
-1.369791904474493109e-02
-1.427386560039989316e-02
-1.483327541206507817e-02
-1.539045812214800101e-02
-1.591702738484759849e-02
-1.642135687922764709e-02
-1.694496212058291262e-02
-1.744406993581254159e-02
-1.795528790271091676e-02
-1.844686051815651665e-02
-1.893897160015457423e-02
-1.945023373770668473e-02
-1.994516967021726581e-02
-2.044540086184719677e-02
-2.094776706035361702e-02
-2.143685577120835184e-02
-2.193532354643284998e-02
-2.242234677875780402e-02
-2.291269528444832282e-02
-2.339690354763071176e-02
-2.387610134415639115e-02
-2.432208266589479598e-02
-2.478910577818919242e-02
-2.526062585904498628e-02
-2.573096630820447678e-02
-2.618895873943604888e-02
-2.665079025690719403e-02
-2.712274953748005160e-02
-2.760241559287310645e-02
-2.808369804397376629e-02
-2.856579514043182735e-02
-2.904057546735348133e-02
-2.952741985784926998e-02
-3.004280983886603237e-02
-3.057384395392832507e-02
-3.110273187325596211e-02
-3.163863838944346030e-02
-3.218302580662352197e-02
-3.271802032489364714e-02
-3.325429599373493778e-02
-3.377807750023859024e-02
-3.430335719112082016e-02
-3.482637167027529540e-02
-3.536457231823771086e-02
-3.589239467534689754e-02
-3.644128782002128975e-02
-3.698374121381941410e-02
-3.753308104923747113e-02
-3.807032321314647583e-02
-3.858894206319440912e-02
-3.908142238422076392e-02
-3.958405708945954282e-02
-4.007430953503442195e-02
-4.056843418409868118e-02
-4.107332400085094565e-02
-4.160596718683042677e-02
-4.214069854789964653e-02
-4.267911398687612018e-02
-4.321764808744264774e-02
-4.375869043769801264e-02
-4.430880999121249858e-02
-4.484175201245211434e-02
-4.537368289775258606e-02
-4.589205177956245940e-02
-4.641706422570324869e-02
-4.694798694810162903e-02
-4.748848379787556917e-02
-4.804127121427222147e-02
-4.858765699716664083e-02
-4.915551602596744674e-02
-4.971713260370203696e-02
-5.028445281472391365e-02
-5.083929092468513627e-02
-5.138275147184734326e-02
-5.193089228938947005e-02
-5.249102784480275119e-02
-5.306976316076642691e-02
-5.365792730712420910e-02
-5.425342409889782197e-02
-5.486549399077847444e-02
-5.550180905738302806e-02
-5.614526033777961916e-02
-5.682738168205377777e-02
-5.752026584720586200e-02
-5.823729715134882273e-02
-5.894156627087627359e-02
-5.966349943871258193e-02
-6.036832559766773521e-02
-6.111067223431624479e-02
-6.185794668870649160e-02
-6.259947363637416440e-02
-6.336141945660242469e-02
-6.412205340613180704e-02
-6.491407300338732089e-02
-6.569031321151728997e-02
-6.646768527398408399e-02
-6.720659032045978032e-02
-6.794949907966614522e-02
-6.870713428226693509e-02
-6.944248123866797462e-02
-7.015391429865448780e-02
-7.083651553788408717e-02
-7.154119408614963149e-02
-7.224986696926023744e-02
-7.295342251758711594e-02
-7.367213269942975151e-02
-7.440445843787757418e-02
-7.513340291045315922e-02
-7.587624126763245491e-02
-7.659052777425548464e-02
-7.731718055390271460e-02
-7.805240535886613651e-02
-7.876588309081090922e-02
-7.953280444182653230e-02
-8.029717099427333138e-02
-8.109194414365594739e-02
-8.191029623492444844e-02
-8.270377807292911276e-02
-8.350105980062783040e-02
-8.430455355612133383e-02
-8.511732433683211196e-02
-8.592404071810012811e-02
-8.673750958771683783e-02
-8.753776881336378102e-02
-8.832667397792338948e-02
-8.909503498343138150e-02
-8.987662402320778510e-02
-9.066561500409446583e-02
-9.146443911144136463e-02
-9.234135217295347253e-02
-9.319943608790240419e-02
-9.408790565733969602e-02
-9.497456406030496678e-02
-9.585987788796777875e-02
-9.674748321365100878e-02
-9.764517221662538660e-02
-9.852542991487028834e-02
-9.943197215272041312e-02
-1.003194219876138854e-01
-1.012281876377159884e-01
-1.021226906093859604e-01
-1.029916002323702368e-01
-1.039127095418331398e-01
-1.049051684502454174e-01
-1.059409445060842253e-01
-1.069178805767821011e-01
-1.078648218985986673e-01
-1.088222259180835899e-01
-1.097954999000415183e-01
-1.107935519664020041e-01
-1.117915536417987965e-01
-1.127927008983714285e-01
-1.137681111516798405e-01
-1.147440411593687731e-01
-1.157183499326627646e-01
-1.167414074887333647e-01
-1.177329655219620796e-01
-1.187333992430492507e-01
-1.196978433556876165e-01
-1.206506230333123653e-01
-1.216290067861399010e-01
-1.226226742788261992e-01
-1.236731264956988791e-01
-1.247130572748094968e-01
-1.257562246533586725e-01
-1.267844212601097198e-01
-1.278584951969087002e-01
-1.289307690080121194e-01
-1.299826849463854295e-01
-1.310231624104235826e-01
-1.320636042085164275e-01
-1.330787066939959629e-01
-1.340991857387302533e-01
-1.351197623532374714e-01
-1.361668427911979784e-01
-1.371794206690991891e-01
-1.382138832651996774e-01
-1.392687985451327715e-01
-1.403374560866055554e-01
-1.413826772052520775e-01
-1.424458482402558568e-01
-1.435413073811273310e-01
-1.446318299410759567e-01
-1.457354795102420164e-01
-1.468439607901685096e-01
-1.479015056881849421e-01
-1.489079804461625467e-01
-1.499265319729181090e-01
-1.509047299713121015e-01
-1.519585327475671821e-01
-1.529458949166226378e-01
-1.539644797454428615e-01
-1.549658125593348090e-01
-1.559059900380656283e-01
-1.568335538318403888e-01
-1.578231554078438348e-01
-1.588249297472430210e-01
-1.597912060204641771e-01
-1.607861299148147516e-01
-1.617424536721829564e-01
-1.627200486246197231e-01
-1.636924609124124907e-01
-1.646532060992879631e-01
-1.656355590013754708e-01
-1.666871474181238488e-01
-1.677467000194751146e-01
-1.688052601909800499e-01
-1.698681715748664722e-01
-1.709529696069279903e-01
-1.720814707610340832e-01
-1.731785194967073449e-01
-1.742923494234072390e-01
-1.754089614394636343e-01
-1.765948442860628687e-01
-1.777716607418097228e-01
-1.790026357550388858e-01
-1.802457447115655420e-01
-1.814775457560086902e-01
-1.826812928005947800e-01
-1.838459065957259164e-01
-1.850790607465500615e-01
-1.863388540593876597e-01
-1.876533474892021769e-01
-1.889511164378538666e-01
-1.902803015292467148e-01
-1.916546594344797905e-01
-1.930632507585960111e-01
-1.944164920416185938e-01
-1.958712897065298664e-01
-1.973616702804137923e-01
-1.988730350975821126e-01
-2.003847541175173552e-01
-2.019174129365964854e-01
-2.034908629296239557e-01
-2.050575647856652806e-01
-2.066503112871850567e-01
-2.082503593803655684e-01
-2.098475944806150462e-01
-2.113823413330429557e-01
-2.129881889960834329e-01
-2.145719827237400901e-01
-2.161061782633222073e-01
-2.175942399533893068e-01
-2.190556175759016677e-01
-2.205817452060871986e-01
-2.221043832205855106e-01
-2.236374341131816823e-01
-2.251710874612267155e-01
-2.267381292928984937e-01
-2.283692983641113228e-01
-2.299710558067638577e-01
-2.315773223624336408e-01
-2.331850228019090310e-01
-2.347539978377162218e-01
-2.363441070386174958e-01
-2.378630157845080806e-01
-2.393125095155732851e-01
-2.408342301334653879e-01
-2.424066747820236567e-01
-2.439570760736301802e-01
-2.455461229301510173e-01
-2.471087850812735687e-01
-2.486794063199411486e-01
-2.503106253657063629e-01
-2.519187699552780102e-01
-2.535485674579948667e-01
-2.552049865925323791e-01
-2.568161417766861576e-01
-2.584242393755002420e-01
-2.600425328659383695e-01
-2.616105503730444815e-01
-2.632013229617033989e-01
-2.648171764258220873e-01
-2.664571241340670804e-01
-2.681485240260924607e-01
-2.698178945353725267e-01
-2.714731975802785469e-01
-2.731159428766421482e-01
-2.747372944584886567e-01
-2.763848228885149583e-01
-2.781051716500598792e-01
-2.797980716133374735e-01
-2.814762023992405937e-01
-2.831641877424007081e-01
-2.848384665092372203e-01
-2.865384938054553743e-01
-2.882454138696646240e-01
-2.899636740183414441e-01
-2.917196840445224759e-01
-2.934978963112104822e-01
-2.953417055705632732e-01
-2.972404209341098502e-01
-2.991169206007318060e-01
-3.010011188487115574e-01
-3.028911572529160434e-01
-3.047479610366271019e-01
-3.065278916603994541e-01
-3.082672266950486906e-01
-3.099817878426447959e-01
-3.116741601263519068e-01
-3.134177867491404479e-01
-3.151149422483832674e-01
-3.168294479944662179e-01
-3.185612358742218042e-01
-3.203259711586012304e-01
-3.220845456317733557e-01
-3.238181217175939430e-01
-3.255439717012210687e-01
-3.272286567965206894e-01
-3.288347168760824002e-01
-3.304439611683093192e-01
-3.320601717150170051e-01
-3.336425944248720410e-01
-3.352025284735279942e-01
-3.367521190813391740e-01
-3.382996251307279212e-01
-3.398387983313697625e-01
-3.413863866102993527e-01
-3.429302205928937974e-01
-3.445193751880687993e-01
-3.461437954290101371e-01
-3.477689363381555321e-01
-3.494179809278098459e-01
-3.511167919621706601e-01
-3.528559437242350105e-01
-3.545981391176948883e-01
-3.563464304009306138e-01
-3.581035452692095111e-01
-3.597780866133339917e-01
-3.615470402041832121e-01
-3.633143682214325931e-01
-3.650830180394488700e-01
-3.668437973994506107e-01
-3.686516459761093323e-01
-3.704635969025630304e-01
-3.723115166672024134e-01
-3.742037046032233305e-01
-3.760849460890202667e-01
-3.779317856416544719e-01
-3.798154252757760529e-01
-3.816446984247106045e-01
-3.834902016174049355e-01
-3.853281568969717519e-01
-3.871271812225776099e-01
-3.889318047721631033e-01
-3.907587416536113523e-01
-3.925977593518465425e-01
-3.944951439778343616e-01
-3.964174466357569537e-01
-3.983676639719794799e-01
-4.002932595491716650e-01
-4.021943631784150042e-01
-4.040899566508435736e-01
-4.059821242775871752e-01
-4.078739849736797707e-01
-4.097751912174286693e-01
-4.117287932656836236e-01
-4.137283019518404603e-01
-4.157151011790676254e-01
-4.177431282438974214e-01
-4.198053647265719279e-01
-4.218023399733457635e-01
-4.238340065432556480e-01
-4.258289224558273744e-01
-4.278034298639368238e-01
-4.298113825330972526e-01
-4.318611078565752215e-01
-4.339122634965541514e-01
-4.359763261402536116e-01
-4.380437071889041190e-01
-4.401086306064828091e-01
-4.421339208964374934e-01
-4.441156521289372217e-01
-4.460796943345477494e-01
-4.480644723481061464e-01
-4.500781497260351038e-01
-4.520322285587409228e-01
-4.539801590381589147e-01
-4.558946909617125343e-01
-4.578023183370749649e-01
-4.597191776200129643e-01
-4.616723467118502566e-01
-4.636776461441181607e-01
-4.657612192381100913e-01
-4.678265519040629150e-01
-4.699094470087590847e-01
-4.719935697436741795e-01
-4.740977574765035119e-01
-4.761971394582159012e-01
-4.782767473033862626e-01
-4.803156120163514786e-01
-4.823439571399982251e-01
-4.844030742701181946e-01
-4.864634592114523426e-01
-4.885096501795563317e-01
-4.905880678523091287e-01
-4.926653692341847468e-01
-4.947396371897364586e-01
-4.967641757724152174e-01
-4.988136144883880685e-01
-5.009112701472414608e-01
-5.029992749804624852e-01
-5.051217377144840981e-01
-5.072729465514619340e-01
-5.094418961250560818e-01
-5.116827016089654512e-01
-5.139356730155139052e-01
-5.162372344354201337e-01
-5.185632545004982275e-01
-5.208666053936942264e-01
-5.232344273992014516e-01
-5.255987027607089690e-01
-5.279516606670456857e-01
-5.302778533065880540e-01
-5.326759141091019778e-01
-5.350480270951883943e-01
-5.373811252371271108e-01
-5.396589638134663414e-01
-5.419671816682856136e-01
-5.442676048167378600e-01
-5.465441955031815624e-01
-5.488063048181570647e-01
-5.510869998970874262e-01
-5.534572501568257863e-01
-5.558213709733358376e-01
-5.581329019440729455e-01
-5.604123354535059942e-01
-5.627071631930047335e-01
-5.649721278012634906e-01
-5.671872134421851452e-01
-5.694224334967584733e-01
-5.716259309746871686e-01
-5.737997682740764160e-01
-5.760139016288191582e-01
2.055542885506926010e-06
2.071346968922395681e-06
1.335602850253636347e-03
2.650553567878663735e-03
3.943458295099557150e-03
5.212999350798625670e-03
6.481596555171228492e-03
7.743570902078355557e-03
8.993441357593051980e-03
1.026575698267355452e-02
1.150584362815058360e-02
1.272375138362624898e-02
1.396587388498985588e-02
1.522484423570124104e-02
1.644835564981326007e-02
1.767185880577046286e-02
1.883572834929323966e-02
1.997697885112404911e-02
2.111912841809045205e-02
2.226117846100011607e-02
2.340449973823395188e-02
2.453124334349115684e-02
2.561844951696087488e-02
2.668120562123576026e-02
2.771454915342784486e-02
2.877496479485176784e-02
2.982152462353071867e-02
3.081944662072943694e-02
3.183143829283303222e-02
3.280251618471260316e-02
3.376246846383736122e-02
3.468940820290775801e-02
3.564975077965745753e-02
3.657092803713461043e-02
3.749399400119951542e-02
3.842692231803429559e-02
3.935060731856617616e-02
4.025981902455406242e-02
4.113618039777504343e-02
4.202971660067173626e-02
4.292754503886137690e-02
4.382548245820309246e-02
4.471297036821779425e-02
4.561066560985134466e-02
4.648580868789474463e-02
4.733149963853975489e-02
4.814321195513291546e-02
4.894020195695308884e-02
4.971443385701556500e-02
5.047179483081994794e-02
5.122023020616513905e-02
5.195387980969827513e-02
5.267585099186361530e-02
5.337167153121919611e-02
5.404586517411650443e-02
5.470667884110916313e-02
5.533431027857504264e-02
5.595301521413680035e-02
5.655411806484211823e-02
5.712201972814261175e-02
5.766753706810420071e-02
5.819120171325391916e-02
5.868926991788000341e-02
5.914981581878548528e-02
5.957921615839733426e-02
5.998211919821711674e-02
6.037970641366353225e-02
6.074939177155076753e-02
6.111528488033023121e-02
6.145874295736973580e-02
6.178830863005216334e-02
6.210146056730488778e-02
6.239719931567629108e-02
6.267737255852950939e-02
6.294000828571585937e-02
6.319142240916546249e-02
6.343207624413808865e-02
6.365141917728414644e-02
6.385505569063884557e-02
6.404323324974278697e-02
6.421717035322610512e-02
6.436961562659218594e-02
6.450574975201527061e-02
6.461980924526819492e-02
6.471626816128517312e-02
6.479694177251787979e-02
2.000009259133501138e-01
2.000009413100639899e-01
2.004753374971946500e-01
2.009253182029930029e-01
2.013584370911866150e-01
2.017700660297471471e-01
2.021616118857856026e-01
2.025419420161589656e-01
2.029022532045136051e-01
2.032445272176541251e-01
2.035688032765616551e-01
2.038684415079501100e-01
2.041514720430288032e-01
2.044117595453721070e-01
2.046507897710377610e-01
2.048672112862273409e-01
2.050583803838793018e-01
2.052335528310375024e-01
2.053900660025920755e-01
2.055360287550629939e-01
2.056666443409451983e-01
2.057844358108858185e-01
2.058938958457622315e-01
2.059945021377242169e-01
2.060858471999240937e-01
2.061653329847709382e-01
2.062340659579143531e-01
2.062944434823477946e-01
2.063451779407070030e-01
2.063844799771678284e-01
2.064152132568078946e-01
2.064379914454169129e-01
2.064521387394074592e-01
2.064561727475335839e-01
2.064518787094607455e-01
2.064398222226888624e-01
2.064175952788566970e-01
2.063830193195696217e-01
2.063344178557276754e-01
2.062723359819803592e-01
2.061928882696809073e-01
2.060992412226495263e-01
2.059914451521855094e-01
2.058694776131747006e-01
2.057316408934174168e-01
2.055801846154458601e-01
2.054164603904480024e-01
2.052374701808552526e-01
2.050412370353537905e-01
2.048316038421593710e-01
2.046047324264460565e-01
2.043684610335810004e-01
2.041231995058820914e-01
2.038700906660629586e-01
2.036063492319990786e-01
2.033293407734188540e-01
2.030200192695625350e-01
2.027060675183124661e-01
2.023778051691388913e-01
2.020369299013961562e-01
2.016810601013475368e-01
2.013124091941048410e-01
2.009265818211606602e-01
2.005325259532798610e-01
2.001180276640354694e-01
1.996961205400009376e-01
1.992631297091144171e-01
1.988057996215858436e-01
1.983450472679197107e-01
1.978569282371561433e-01
1.973498401087437903e-01
1.968251073908152959e-01
1.962974220987623863e-01
1.957502916189304276e-01
1.951967194014473939e-01
1.946424078193697838e-01
1.940966677721410460e-01
1.935499213145944197e-01
1.929969418555688154e-01
1.924273509312076635e-01
1.918546035919120041e-01
1.912823368642682098e-01
1.906919099357947400e-01
1.901123484719708934e-01
1.895372787151846095e-01
1.889667625776396132e-01
1.883865486750835871e-01
1.877902575516470496e-01
1.871489900368639159e-01
1.864861926962641248e-01
1.858040884680129401e-01
1.851043890900571920e-01
1.844153699895220433e-01
1.837368448909947882e-01
1.830498782489992649e-01
1.823599956851037207e-01
1.816724445541042787e-01
1.809812337823885620e-01
1.802918512298959108e-01
1.796093489277001687e-01
1.789226154462244534e-01
1.782250233601362088e-01
1.775152720689740227e-01
1.768103149946691210e-01
1.760976215445222426e-01
1.753996978146566410e-01
1.746823678786366130e-01
1.739550355918064173e-01
1.732295883969246775e-01
1.725036435244894639e-01
1.717507343415175802e-01
1.710266659140387280e-01
1.702826783781630493e-01
1.695508231733229842e-01
1.688026248205326818e-01
1.680260646574343875e-01
1.671807003492185861e-01
1.663101480827898493e-01
1.654484311594942025e-01
1.645795521098307457e-01
1.636636011905913402e-01
1.627502572002861858e-01
1.618109436005833179e-01
1.608263061071322220e-01
1.598131865695464893e-01
1.588105790271208684e-01
1.577951211030690637e-01
1.567653983288072039e-01
1.556897609465484611e-01
1.546239750749326680e-01
1.535163054117526238e-01
1.524356914922260497e-01
1.513456293314150991e-01
1.502843727845034616e-01
1.491728488566536059e-01
1.480714301795021115e-01
1.469601712809391891e-01
1.458955400747322384e-01
1.448685681628910094e-01
1.437900401912146076e-01
1.426819395291953896e-01
1.416015958173532097e-01
1.405352040739008268e-01
1.394567341157912088e-01
1.383404219843027416e-01
1.371462083200886140e-01
1.359321509495346747e-01
1.347020588584165179e-01
1.334377878423882724e-01
1.321901162797789742e-01
1.309218574042060879e-01
1.295917866714830502e-01
1.282887344053182388e-01
1.269925954285588965e-01
1.256690146856572488e-01
1.243892299491589221e-01
1.231108468438412151e-01
1.217642809739726689e-01
1.203474807732579505e-01
1.189491571553196458e-01
1.175223460868310976e-01
1.160499891512725423e-01
1.146048798191196816e-01
1.131911372192617588e-01
1.117671941251308365e-01
1.103708731281747846e-01
1.089834519759600578e-01
1.075721010943760381e-01
1.061361766475508867e-01
1.047600486578692397e-01
1.033436783348725685e-01
1.019652265816211739e-01
1.005780389297529359e-01
9.919488337959303514e-02
9.776418661384234099e-02
9.641174287489925887e-02
9.505758990203982961e-02
9.364967597695940393e-02
9.216490732744009318e-02
9.064056872786782626e-02
8.907353250739746819e-02
8.752736516747319784e-02
8.597211657327578915e-02
8.438435708804069291e-02
8.281754267552886295e-02
8.129711090451188782e-02
7.973526966349039902e-02
7.819489172410665212e-02
7.663734126101241773e-02
7.503681564625953870e-02
7.348475488391695287e-02
7.195236355470137346e-02
7.037495894692478993e-02
6.878711681482185814e-02
6.719785007706008395e-02
6.560292251013431775e-02
6.392960537117903241e-02
6.230667534429150389e-02
6.075813649932482186e-02
5.926332363551967131e-02
5.775685825903983245e-02
5.622171278780210141e-02
5.469817166193928493e-02
5.314049527249296856e-02
5.161022952204612213e-02
5.007988518846161891e-02
4.864582347322008588e-02
4.720952988979151138e-02
4.576891147867981346e-02
4.435149653011597609e-02
4.289629881395923966e-02
4.142959371749556363e-02
3.993323121234797907e-02
3.844323127530722278e-02
3.694693442275781559e-02
3.547435254981735897e-02
3.397000857577039262e-02
3.252172152053409149e-02
3.113331049129363162e-02
2.977083312634894868e-02
2.837674129635299816e-02
2.696189397437245491e-02
2.564035146181563654e-02
2.433372242507195540e-02
2.298856951638791890e-02
2.167462412161161311e-02
2.031582235289233762e-02
1.902058441661678631e-02
1.768813052135078182e-02
1.634006228617159578e-02
1.500859533180513676e-02
1.371133913714531367e-02
1.243555024552873804e-02
1.116758487183031924e-02
9.884326572265173319e-03
8.597280669286742893e-03
7.326967353491529653e-03
6.023847673508313932e-03
4.764848036493865568e-03
3.493229685761658002e-03
2.218747987989310236e-03
1.045095914103373515e-03
-1.240526439724794379e-04
-1.262242337380206679e-03
-2.374828185160028204e-03
-3.406732813222161475e-03
-4.383616017205105297e-03
-5.337769143049133323e-03
-6.242555415625498753e-03
-7.130758188328199451e-03
-8.013775339137378662e-03
-8.855920023655282358e-03
-9.711627371560725350e-03
-1.053631277971924136e-02
-1.134415544543008851e-02
-1.212683037455572314e-02
-1.287406131073412334e-02
-1.359141753646004105e-02
-1.431681511357551888e-02
-1.502629610868367639e-02
-1.571057503841551128e-02
-1.635227431381883895e-02
-1.695998916171485849e-02
-1.753917806654731529e-02
-1.809978517115272412e-02
-1.863276732930147644e-02
-1.914918289733868323e-02
-1.963588409201024593e-02
-2.011673190325837662e-02
-2.059026556631393320e-02
-2.101143515836087494e-02
-2.142085253290062705e-02
-2.180679032617103760e-02
-2.217142416062380800e-02
-2.250637271637117437e-02
-2.281882867468966805e-02
-2.311338047829475384e-02
-2.340861781522922402e-02
-2.370034569809243222e-02
-2.397778369130360021e-02
-2.423941670827683970e-02
-2.449293602586873411e-02
-2.474505698713034760e-02
-2.498685577242415468e-02
-2.520861808706237675e-02
-2.541977467089258716e-02
-2.562585143282209918e-02
-2.581531834064848888e-02
-2.598652327662577186e-02
-2.614234851600153245e-02
-2.627419309662153493e-02
-2.638525213383903500e-02
-2.647572222769115080e-02
-2.654991076702836739e-02
-2.660428886674812837e-02
-2.664372881754992553e-02
-2.666731306639794769e-02
-2.667269515332381519e-02
-2.666194106266879874e-02
-2.663547677110020620e-02
-2.659318004679305653e-02
-2.653610078321722021e-02
-2.646523798733452920e-02
-2.638196395045055986e-02
-2.628499264416915560e-02
-2.617640219930678774e-02
-2.605360397275972850e-02
-2.591954528787591278e-02
-2.577162437719923704e-02
-2.561389999167688544e-02
-2.544260435938913018e-02
-2.524950734267213462e-02
-2.503957822983966450e-02
-2.480783969575004605e-02
-2.456493204083966958e-02
-2.430493753270164883e-02
-2.402840366720938176e-02
-2.374978552886536365e-02
-2.345737650746239356e-02
-2.313901587314758090e-02
-2.280489618975831481e-02
-2.244340631612103121e-02
-2.206738578318611504e-02
-2.167577842409165387e-02
-2.125556253195102704e-02
-2.082157724417858444e-02
-2.035680159178260978e-02
-1.987158195303819624e-02
-1.935732362554192648e-02
-1.882476000500261926e-02
-1.826432990911008164e-02
-1.768276403045320605e-02
-1.706361927788763513e-02
-1.643429596003629853e-02
-1.578659994092807342e-02
-1.512298649318150924e-02
-1.444589383496332549e-02
-1.374940623143505215e-02
-1.302128204473357309e-02
-1.224514423553763574e-02
-1.143725056513883107e-02
-1.062448357186143895e-02
-9.815694992385605791e-03
-8.987286936860744077e-03
-8.119347956386380530e-03
-7.217004896790059701e-03
-6.283489496592252303e-03
-5.338348722395845972e-03
-4.367128253278193192e-03
-3.390644838262688379e-03
-2.405567758112681087e-03
-1.384430859285946513e-03
-3.217091024036036555e-04
7.639479798002806864e-04
1.840518645212435968e-03
2.929285454606125536e-03
4.030663550865746549e-03
5.153279172844201818e-03
6.275554812186283533e-03
7.391987746019917753e-03
8.501549811358822747e-03
9.633717770340038261e-03
1.077794884950179603e-02
1.193221809492738678e-02
1.310700737806097874e-02
1.433116682108276536e-02
1.555864827979127653e-02
1.684516093235417442e-02
1.811374287912705106e-02
1.939912454750782403e-02
2.069035308070047915e-02
2.199132980715832672e-02
2.328914978025604238e-02
2.461425897936444715e-02
2.592185211205493695e-02
2.726856235624128613e-02
2.865815982931515030e-02
3.007494447730025763e-02
3.146390393590604850e-02
3.287605182666775150e-02
3.424116565029404480e-02
3.559806165553756896e-02
3.694945426059417087e-02
3.829002197837914206e-02
3.962306493677406061e-02
4.093676562137436165e-02
4.224094960404591731e-02
4.355804951718567075e-02
4.489269066437640704e-02
4.624998008078060746e-02
4.763371128439711916e-02
4.905163073282320374e-02
5.052174107452584578e-02
5.200689705150043224e-02
5.354009102949590371e-02
5.506279455166681464e-02
5.663423252816882081e-02
5.825133164829250643e-02
5.989436149530086295e-02
6.154435538186433380e-02
6.320541734985221649e-02
6.487137859744766810e-02
6.651004999122485384e-02
6.816156736955590600e-02
6.979243299990559035e-02
7.142345142816204639e-02
7.303965706561142690e-02
7.462965888419607896e-02
7.621876002493176150e-02
7.783764696767106472e-02
7.949445243737367217e-02
8.117337913523291204e-02
8.288762169189164974e-02
8.459749572676970863e-02
8.630705091387468053e-02
8.801886652753558582e-02
8.973623728672461275e-02
9.148618818971918087e-02
9.323949892906743808e-02
9.502251467648377414e-02
9.685464367901301663e-02
9.870531935915220767e-02
1.005893617660901518e-01
1.024857572396373206e-01
1.043700004604560250e-01
1.062517732768495649e-01
1.081261539018169709e-01
1.100345532607733129e-01
1.119427000857760729e-01
1.138506281485468091e-01
1.157583719132244254e-01
1.176659636490761107e-01
1.195734446550029140e-01
1.214808457459562036e-01
1.233881892910745487e-01
1.252954940074670342e-01
1.272027686957782344e-01
1.291100225504506760e-01
1.310172639581195508e-01
1.329244991995574554e-01
1.348317328398849213e-01
1.367389680771528004e-01
1.386462070440404037e-01
1.405534493279956276e-01
1.424606891964498023e-01
1.443679280895118211e-01
1.462751676788082711e-01
1.481824188349849247e-01
1.500896823403497782e-01
1.519969587982859804e-01
1.539042485341294564e-01
1.558115515954815733e-01
1.577188677509872572e-01
1.596261964896829866e-01
1.615335370225398914e-01
1.634408882873336077e-01
1.653482489575443803e-01
1.672556145884648848e-01
1.691629766991578909e-01
1.710703331161891327e-01
1.729776817771291053e-01
1.748850267774790801e-01
1.767923712009932258e-01
1.786997146271801507e-01
1.806070566744350236e-01
1.825143969993034410e-01
1.844217352970355661e-01
1.863290713031248436e-01
1.882364124216638901e-01
1.901437588948623747e-01
1.920511087945819817e-01
1.939584601838708344e-01
1.958658049165648563e-01
1.977731392595235560e-01
1.996804622076661095e-01
2.015877730502197984e-01
2.034950713937385969e-01
2.054023571743671117e-01
2.073096306626133756e-01
2.092168924612136383e-01
2.111241434966743824e-01
2.130313850052091562e-01
2.149386254373591432e-01
2.168458699535818490e-01
2.187531206060281397e-01
2.206603783797649321e-01
2.225676364534257823e-01
2.244748952404730935e-01
2.263821551198983428e-01
2.282894164363830913e-01
2.301966794997814814e-01
2.321039445839699344e-01
2.340112119252985567e-01
2.359184747858599218e-01
2.378257327739915772e-01
2.397329877188163205e-01
2.416402480532518771e-01
-2.000026864371556301e-01
-2.000027024378314144e-01
-2.021137984256294318e-01
-2.042250912164141896e-01
-2.063363886712334117e-01
-2.084476899604106592e-01
-2.105589946418739145e-01
-2.126703020298756630e-01
-2.147816112256306642e-01
-2.168929213117880006e-01
-2.190042315668916661e-01
-2.211155416691961417e-01
-2.232268512593781340e-01
-2.253381599955286974e-01
-2.274494675556559820e-01
-2.295607736408352417e-01
-2.316720779787414253e-01
-2.337833803268059008e-01
-2.358946804777626582e-01
-2.380059818145202621e-01
-2.401172818473418791e-01
-2.422285786893594306e-01
-2.443398716150667338e-01
-2.464511598615484744e-01
-2.485624426966774603e-01
-2.506737195681316699e-01
-2.527849901195381999e-01
-2.548962542012125909e-01
-2.570075118760279942e-01
-2.591187634207317569e-01
-2.612300089634569944e-01
-2.633412499280072816e-01
-2.654524868116717173e-01
-2.675637206748984753e-01
-2.696749525118274371e-01
-2.717861837072030329e-01
-2.738974150346226155e-01
-2.760086468601875564e-01
-2.781198795183745243e-01
-2.802311133131017984e-01
-2.823423485178079839e-01
-2.844535853749307619e-01
-2.865648240951154113e-01
-2.886760648563830300e-01
-2.907873126595292290e-01
-2.928985633252191301e-01
-2.950098174821151331e-01
-2.971210757014852155e-01
-2.992323385993941320e-01
-3.013436067040630162e-01
-3.034548803665456096e-01
-3.055661597478179781e-01
-3.076774448110511373e-01
-3.097887353184685666e-01
-3.119000303674372976e-01
-3.140113303361946051e-01
-3.161226338705577232e-01
-3.182339399700765958e-01
-3.203452475334145899e-01
-3.224565556765879304e-01
-3.245678640567518092e-01
-3.266791722649604601e-01
-3.287904799171338932e-01
-3.309017866541591468e-01
-3.330130921434777402e-01
-3.351243960817959500e-01
-3.372356981985593638e-01
-3.393469982597811518e-01
-3.414582982673059486e-01
-3.435695984477311615e-01
-3.456808956071152350e-01
-3.477921889948195622e-01
-3.499034778674909862e-01
-3.520147614802372482e-01
-3.541260392437227122e-01
-3.562373107627789803e-01
-3.583485758485722150e-01
-3.604598339712770105e-01
-3.625710865058131560e-01
-3.646823333029802772e-01
-3.667935750169689646e-01
-3.689048124985449539e-01
-3.710160467812544383e-01
-3.731272788789567474e-01
-3.752385100669823337e-01
-3.773497413272893231e-01
-3.794609730314778551e-01
-3.815722055186728245e-01
-3.836834390968092423e-01
-3.857946740430607258e-01
-3.879059106037453519e-01
-3.900171489938957792e-01
-3.921283893965891720e-01
-3.942396367823851056e-01
-3.963508869167538529e-01
-3.984621404422065138e-01
-4.005733979215321816e-01
-4.026846599757017420e-01
-4.047959271606669795e-01
-4.069071998586845651e-01
-4.090184782646253958e-01
-4.111297623771090759e-01
-4.132410515759511460e-01
-4.153523463679530403e-01
-4.174636456702021103e-01
-4.195749486879873924e-01
-4.216862544456354556e-01
-4.237975618248108756e-01
-4.259088698425587127e-01
-4.280201781618619417e-01
-4.301314863693320723e-01
-4.322427940763538534e-01
-4.343541009190574620e-01
-4.364654065599461452e-01
3.999972369745832812e-01
3.999972209896533459e-01
3.978206778241313857e-01
3.956439373442230956e-01
3.934672087669264240e-01
3.912904910659631974e-01
3.891137826383601617e-01
3.869370818869231621e-01
3.847603872559836047e-01
3.825836973244245987e-01
3.804070104761791415e-01
3.782303250236759284e-01
3.760536403186524601e-01
3.738769558046461383e-01
3.717002710033867063e-01
3.695235855043592088e-01
3.673468989569172449e-01
3.651702110645522747e-01
3.629935215798630321e-01
3.608168256551598230e-01
3.586401273656385502e-01
3.564634260193885740e-01
3.542867210167383041e-01
3.521100118318856720e-01
3.499332979592115755e-01
3.477565789948079411e-01
3.455798547095994544e-01
3.434031250582792461e-01
3.412263901837338520e-01
3.390496504173517445e-01
3.368729066410960371e-01
3.346961587570336238e-01
3.325194080445905698e-01
3.303426554635726653e-01
3.281659019384907117e-01
3.259891481003983071e-01
3.238123942483993600e-01
3.216356407536759554e-01
3.194588879636420242e-01
3.172821362011103430e-01
3.151053857623475896e-01
3.129286369143478574e-01
3.107518898916078465e-01
3.085751448927002705e-01
3.063983972112141463e-01
3.042216521669657836e-01
3.020449105515116694e-01
2.998681730534969447e-01
2.976914403105760387e-01
2.955147129095946901e-01
2.933379912979085513e-01
2.911612757350139358e-01
2.889845662840907492e-01
2.868078628081216497e-01
2.846311654281349912e-01
2.824544726738094647e-01
2.802777843253152490e-01
2.781010994925360302e-01
2.759244172865307765e-01
2.737477366579275651e-01
2.715710561260797906e-01
2.693943753287886822e-01
2.672176939361502468e-01
2.650410116486540124e-01
2.628643281963705114e-01
2.606876433387498304e-01
2.585109568647204203e-01
2.563342685929196341e-01
2.541575743334865134e-01
2.519808770749071836e-01
2.498041767332478680e-01
2.476274727193087111e-01
2.454507645441996455e-01
2.432740517197780339e-01
2.410973338273012800e-01
2.389206106171677946e-01
2.367438820186971160e-01
2.345671487064831251e-01
2.323904097634468258e-01
2.302136663159975449e-01
2.280369190321193673e-01
2.258601687529550595e-01
2.236834164453971041e-01
2.215128309008536633e-01
2.193712046958615214e-01
2.172038421763197169e-01
2.150299827894365801e-01
2.128560916222573263e-01
2.106953058897172715e-01
2.085412411180124770e-01
2.063848048205159658e-01
2.042137362209854867e-01
2.020678979756083127e-01
1.999227943655805528e-01
1.977829282890162521e-01
1.956220145545169986e-01
1.934558500445832108e-01
1.912896083023824800e-01
1.891253994208447753e-01
1.869591662042229263e-01
1.847928829185129240e-01
1.826265590654437276e-01
1.804602032937152045e-01
1.782993356775259552e-01
1.761332919807024056e-01
1.739892155494809078e-01
1.718292870178152743e-01
1.696741648692047799e-01
1.675347206827252355e-01
1.653773355435844139e-01
1.632230712106472470e-01
1.610838080569508002e-01
1.589372260513754742e-01
1.567937410728614256e-01
1.546434445725751172e-01
1.525140739482722385e-01
1.503677261517721020e-01
1.482121965446428768e-01
1.460817355768595505e-01
1.439646860110012361e-01
1.418304897448694757e-01
1.397298474840923121e-01
1.376138320213940169e-01
1.355299131247818811e-01
1.334379279206075186e-01
1.313667675764310927e-01
1.292305445757155613e-01
1.270914058469491681e-01
1.249813284051010248e-01
1.228644644897344956e-01
1.207715739758357110e-01
1.186865787701710251e-01
1.165941369202164041e-01
1.145238493631864779e-01
1.123970722667930466e-01
1.102720908503383029e-01
1.081425145700512375e-01
1.060127732852796101e-01
1.038828890708217434e-01
1.017528850987146627e-01
9.962278159640643171e-02
9.749259909790498890e-02
9.536235002792356474e-02
9.323204760579148487e-02
9.110171242451255147e-02
8.897135550736987031e-02
8.684098582523044896e-02
8.471061045253250321e-02
8.258023480979113928e-02
8.044986284344680938e-02
7.831949725652836980e-02
7.618913971800443663e-02
7.405879104757158438e-02
7.192845137527685562e-02
6.979812027706559785e-02
6.766779688835751483e-02
6.553747999767020604e-02
6.340716827708142711e-02
6.127685153555435804e-02
5.914653621588674554e-02
5.701622168382344813e-02
5.488590735792717862e-02
5.275559271551245183e-02
5.062527729509964242e-02
4.849496069653719960e-02
4.636464257957960411e-02
4.423432266161597681e-02
4.210400430126304966e-02
3.997368253287224282e-02
3.784335653319065296e-02
3.571302559689269740e-02
3.358268906853707769e-02
3.145234629353999001e-02
2.933735230006411995e-02
2.720800564323564222e-02
2.507864048650968250e-02
2.294925690065759138e-02
2.081985555281193681e-02
1.870557508531060092e-02
1.657713982819687334e-02
1.444868104361815737e-02
1.232169546019463817e-02
1.020122724740332720e-02
8.093828328598581465e-03
5.970392435969689750e-03
3.844019110135234001e-03
1.733780183738722024e-03
-3.759796388824631816e-04
-2.500337565866249303e-03
-4.624741283199376198e-03
-6.749186846730485974e-03
-8.873672295378521105e-03
-1.099819996148932583e-02
-1.311420446762673157e-02
-1.521877747069918380e-02
-1.730677505080466597e-02
-1.938631505874726518e-02
-2.143477650754689601e-02
-2.348306032925462708e-02
-2.553857972186037925e-02
-2.757381721956584514e-02
-2.961541271027373981e-02
-3.165331357956146369e-02
-3.370871773342392491e-02
-3.576256301265438864e-02
-3.781120872513668574e-02
-3.983474839108440413e-02
-4.184913754940421116e-02
-4.384376975769559842e-02
-4.582474781751662979e-02
-4.780054980091812122e-02
-4.974247444361288434e-02
-5.164779423425813060e-02
-5.352185101669380829e-02
-5.542627952892510007e-02
-5.735427690277036111e-02
-5.927182658457132852e-02
-6.118833611613926776e-02
-6.304782268324364558e-02
-6.493748465998760988e-02
-6.681650827132964987e-02
-6.868507000168694310e-02
-7.057871254822968565e-02
-7.240121303676345932e-02
-7.419975704860434784e-02
-7.599191039749533805e-02
-7.777570558158600211e-02
-7.956387799558349572e-02
-8.136129210621965979e-02
-8.314542949201762789e-02
-8.488675436202793023e-02
-8.664060984733233661e-02
-8.839166436057782628e-02
-9.017938164309081961e-02
-9.196350021059922220e-02
-9.377176436714608487e-02
-9.559285517341306604e-02
-9.741821313316928466e-02
-9.923060193141400309e-02
-1.010343472099764356e-01
-1.028138009227811539e-01
-1.045442891045129802e-01
-1.063013322040522179e-01
-1.080512097918152337e-01
-1.097687006033233464e-01
-1.115214882227228005e-01
-1.132504869343665121e-01
-1.149435823009686275e-01
-1.166600469313651134e-01
-1.184252159658006204e-01
-1.201533460052880142e-01
-1.219143693576434651e-01
-1.236521299862402556e-01
-1.253268389370301161e-01
-1.269254778252516258e-01
-1.285081883288416438e-01
-1.301199627171326645e-01
-1.317083499434096028e-01
-1.333374365878150225e-01
-1.349812470395008734e-01
-1.366063682732593654e-01
-1.382179518561845455e-01
-1.397687345770087797e-01
-1.413179719569975790e-01
-1.428605564707685072e-01
-1.443456068229152234e-01
-1.458159157889640789e-01
-1.472813655448786951e-01
-1.487592225484165587e-01
-1.502222451921281787e-01
-1.516962861134008300e-01
-1.532060302222326420e-01
-1.547530602103026065e-01
-1.562551314013206072e-01
-1.577964500274855186e-01
-1.593446491607959370e-01
-1.608740235513062278e-01
-1.624539334038985205e-01
-1.640164138213126288e-01
-1.655694711153428422e-01
-1.671507123442702858e-01
-1.686928438389748430e-01
-1.702352606730658802e-01
-1.717499790184160990e-01
-1.732472352385370507e-01
-1.747579519115905200e-01
-1.762977486808803285e-01
-1.778237015245900943e-01
-1.792978478531591924e-01
-1.808264790934796251e-01
-1.823520750386204703e-01
-1.838817648670345029e-01
-1.854092793167302078e-01
-1.869300972913097436e-01
-1.884454730199036920e-01
-1.899500787904796761e-01
-1.914635823797981307e-01
-1.929660118634161092e-01
-1.944760655851918152e-01
-1.960003304967675997e-01
-1.975152170197840007e-01
-1.990282489437980307e-01
-2.005485510391311066e-01
-2.020681259194178070e-01
-2.035863031817216340e-01
-2.051035917270714048e-01
-2.066227340202748397e-01
-2.081492728626176680e-01
-2.096795719337124220e-01
-2.112101303024171151e-01
-2.127408970300951330e-01
-2.142718261943476477e-01
-2.157981174225232224e-01
-2.173286237090958917e-01
-2.188592008297680358e-01
-2.203898277364175207e-01
-2.219204924568609905e-01
-2.234511834759467797e-01
-2.249818918283088276e-01
-2.265126109280783118e-01
-2.280433359237984958e-01
-2.295740628300141362e-01
-2.311047871265187459e-01
-2.326355048396999969e-01
-2.341662179602212734e-01
-2.356969292720310916e-01
-2.372276406308739261e-01
-2.387583537607220197e-01
-2.402890700720307082e-01
-2.418197947787214253e-01
-2.433505329167188480e-01
-2.448812850160971555e-01
-2.464120509162736616e-01
-2.479428234766556660e-01
-2.494736013899704064e-01
-2.510043833390363521e-01
-2.525351678901850971e-01
-2.540659534440541933e-01
-2.555967382641728958e-01
-2.571275205094757377e-01
-2.586582982695802002e-01
-2.601890748511125895e-01
-2.617198510020156688e-01
-2.632506260092455919e-01
-2.647813994754922851e-01
-2.663121707492193679e-01
-2.678429416294544896e-01
-2.693737143422745284e-01
-2.709044869759854590e-01
-2.724352577048244073e-01
-2.739660248257859698e-01
-2.754967867910588231e-01
-2.770275422359226858e-01
-2.785582902521144266e-01
-2.800890295239275574e-01
-2.816197526968890474e-01
-2.831504597953204971e-01
-2.846811534430171431e-01
-2.862118401936415979e-01
-2.877425215872430053e-01
-2.892731991140677916e-01
-2.908038741442143249e-01
-2.923345487648259522e-01
-2.938652247012832897e-01
-2.953959041659227625e-01
-2.969265863773801750e-01
-2.984572693293167656e-01
-2.999879536726297036e-01
-3.015186394736569242e-01
-3.030493270990227139e-01
-3.045800170708154453e-01
-3.061107094158633246e-01
-3.076414004167543070e-01
-3.091720918527786632e-01
-3.107027854117727084e-01
-3.122334826562473409e-01
-3.137641849940026040e-01
-3.152948934281737947e-01
-3.168256107629687790e-01
-3.183563436241408362e-01
-3.198870921429686764e-01
-3.214178560633352832e-01
-3.229486280537703369e-01
-3.244794063553248509e-01
-3.260101893104927484e-01
-3.275409757211913409e-01
-3.290717635644786476e-01
-3.306025510057284955e-01
-3.321333361330263689e-01
-3.336641169873378887e-01
-3.351948959837166564e-01
-3.367256746158552860e-01
-3.382564520299075062e-01
-3.397872278271966140e-01
-3.413180014405170493e-01
-3.428487739092440645e-01
-3.443795483663555923e-01
-3.459103229103652755e-01
-3.474410957232851316e-01
-3.489718651063113963e-01
-3.505026295108603640e-01
-3.520333875651254774e-01
-3.535641382974445412e-01
1.999973117354287011e-01
1.999972957343221502e-01
1.978847406154975452e-01
1.957719884826940038e-01
1.936592316985828455e-01
1.915464710911892465e-01
1.894337071007501927e-01
1.873209404110456333e-01
1.852081719187377296e-01
1.830954025365853222e-01
1.809826329849384685e-01
1.788698635869352127e-01
1.767570947011752325e-01
1.746443266689163276e-01
1.725315598115656768e-01
1.704187944275269706e-01
1.683060307886661555e-01
1.661932691371472981e-01
1.640805096799097806e-01
1.619677489921320657e-01
1.598549896479469490e-01
1.577422334937063075e-01
1.556294812549699202e-01
1.535167336903956736e-01
1.514039915310632090e-01
1.492912553285183352e-01
1.471785254386478725e-01
1.450658020109561464e-01
1.429530849826995687e-01
1.408403740775731050e-01
1.387276691682239882e-01
1.366149688317775390e-01
1.345022725723183099e-01
1.323895793309880220e-01
1.302768881171506576e-01
1.281641975467627537e-01
1.260515068447084219e-01
1.239388156453697099e-01
1.218261236147367560e-01
1.197134304493353701e-01
1.176007358761415461e-01
1.154880396530952175e-01
1.133753415698866701e-01
1.112626414487805776e-01
1.091499342891752017e-01
1.070372242679236974e-01
1.049245107563630819e-01
1.028117931854258954e-01
1.006990709416004520e-01
9.858634349757545989e-02
9.647361050292610485e-02
9.436087179700829164e-02
9.224812741667511029e-02
9.013537759941717131e-02
8.802262324729553944e-02
8.590986398119301870e-02
8.379710115410340943e-02
8.168433576499853355e-02
7.957156891105997276e-02
7.745880147555209150e-02
7.534603380288409924e-02
7.323326630152281191e-02
7.112049935508796272e-02
6.900773332225644541e-02
6.689496853517916397e-02
6.478220529677673756e-02
6.266944387726929022e-02
6.055668451035339794e-02
5.844392515215243722e-02
5.633116566084105103e-02
5.421840918973808848e-02
5.210565648952675960e-02
4.999290830110983408e-02
4.788016536671496626e-02
4.576742827484411857e-02
4.365469742012217241e-02
4.154197299114305991e-02
3.942925551777713700e-02
3.731654362548143811e-02
3.520383746413237314e-02
3.309113638053087086e-02
3.097843952519119259e-02
2.886574586611766885e-02
2.675305439317788789e-02
2.464036383176459316e-02
2.252767319836681756e-02
2.041498212187291966e-02
1.830229026362971412e-02
1.618959731615181655e-02
1.407690300268540223e-02
1.196420707729673252e-02
9.851509325294750818e-03
7.738809563895413142e-03
5.626102822738398256e-03
3.513393333898575960e-03
1.400680454881059319e-03
-7.120363750079635769e-04
-2.824757774249211408e-03
-4.937484297845897048e-03
-7.050216327379465325e-03
-9.162954057339000799e-03
-1.127569748626834102e-02
-1.338844599422951524e-02
-1.550120008848029050e-02
-1.761395868700678380e-02
-1.972672099623078504e-02
-2.183948604189452081e-02
-2.395225270846442975e-02
-2.606502001514849828e-02
-2.817778762342208060e-02
-3.029055512039513162e-02
-3.240332211792893574e-02
-3.451608825260384789e-02
-3.662885318734256102e-02
-3.874161661422842462e-02
-4.085437825805133399e-02
-4.296713788007902601e-02
-4.507989577297435990e-02
-4.719265559115010111e-02
-4.930541251574058204e-02
-5.141816578009795330e-02
-5.353091464935985644e-02
-5.564365837332069936e-02
-5.775639633414227092e-02
-5.986912810583941424e-02
-6.198185346722690642e-02
-6.409457190053741149e-02
-6.620728465468440904e-02
-6.831999159307551583e-02
-7.043269333660505394e-02
-7.254539070471992257e-02
-7.465808470240788142e-02
-7.677077636381277048e-02
-7.888346685265718028e-02
-8.099615735333398625e-02
-8.310884824224956668e-02
-8.522153986272409942e-02
-8.733423252655159175e-02
-8.944692651471251865e-02
-9.155962207752940674e-02
-9.367231943439832675e-02
-9.578501877315105661e-02
-9.789772503391336311e-02
-1.000104339321245955e-01
-1.021231461229951537e-01
-1.042358621728202983e-01
-1.063485826870441131e-01
-1.084613082467041495e-01
-1.105740392626361063e-01
-1.126867759609674752e-01
-1.147995178763918239e-01
-1.169122659221397131e-01
-1.190250191556085357e-01
-1.211377770051385722e-01
-1.232505387049174089e-01
-1.253633033060200241e-01
-1.274760696973892826e-01
-1.295888368779844479e-01
-1.317016043606168418e-01
-1.338143717919255682e-01
-1.359271387794664943e-01
-1.380399049556618740e-01
-1.401526699793231856e-01
-1.422654335383388147e-01
-1.443781953530340889e-01
-1.464909551797258236e-01
-1.486037128140497987e-01
-1.507164728676136101e-01
-1.528292301556392341e-01
-1.549419838960292561e-01
-1.570547333601585993e-01
-1.591674777902879756e-01
-1.612802165400866461e-01
-1.633929491527370270e-01
-1.655056749422855467e-01
-1.676183947546007191e-01
-1.697311082923645964e-01
-1.718438159366748041e-01
-1.739565182778937680e-01
-1.760692161067173855e-01
-1.781819104014983890e-01
-1.802946022163405826e-01
-1.824072926009706608e-01
-1.845199829364074506e-01
-1.866326736039453094e-01
-1.887453649517084053e-01
-1.908580572964055644e-01
-1.929707509240912999e-01
-1.950834460902662604e-01
-1.971961430195197096e-01
-1.993088419048419380e-01
-2.014215463485324875e-01
-2.035342546652160467e-01
-2.056469661820599648e-01
-2.077596814808080061e-01
-2.098724011570096137e-01
-2.119851258063308597e-01
-2.140978558670162402e-01
-2.162105915938483114e-01
-2.183233330475581047e-01
-2.204360797750596068e-01
-2.225488321175404793e-01
-2.246615891730972814e-01
-2.267743502056770999e-01
-1.888218536838493889e-06
-4.423005179622073978e-03
-5.896711093263395931e-03
-7.370404887327704040e-03
-8.844088677581367700e-03
-1.031776356386189183e-02
-1.179143340390813137e-02
-1.326510012898068393e-02
-1.473876527394947164e-02
-1.621242972290664816e-02
-1.768609424823864434e-02
-1.915975952516276240e-02
-2.063342614238678971e-02
-2.210709460969435824e-02
-2.358076536154486355e-02
-2.505443876735010886e-02
-2.652811512234229396e-02
-2.800179480748626534e-02
-2.947547909350620166e-02
-3.094917352645503925e-02
-3.242287433728515550e-02
-3.389658243572475638e-02
-3.537029847801321375e-02
-3.684402284531736876e-02
-3.831775562995014955e-02
-3.979149662857470876e-02
-4.126524534181059967e-02
-4.273900065442685914e-02
-4.421276222077342999e-02
-4.568652832390665552e-02
-4.716029648169955957e-02
-4.863406673703579708e-02
-5.010783762495595733e-02
-5.158160844871549633e-02
-5.305537865181238905e-02
-5.452914771557919316e-02
-5.600291516007335768e-02
-5.747668054650919428e-02
-5.895044348071630524e-02
-6.042420361719859356e-02
-6.189796066338292685e-02
-6.337171438898524245e-02
-6.484546410262982674e-02
-6.631921125790309068e-02
-6.779295506920358927e-02
-6.926669180222240485e-02
-7.074042051910262030e-02
-7.221414055090978612e-02
-7.368785151762324848e-02
-7.516155334085894424e-02
-7.663524624966275289e-02
-7.810893037480734491e-02
-7.958260736609691632e-02
-8.105627790875157002e-02
-8.252994219117237851e-02
-8.400360366074838270e-02
-8.547726372524902527e-02
-8.695092360495404460e-02
-8.842458386513717128e-02
-8.989824502670766548e-02
-9.137190756781125855e-02
-9.284557192372998313e-02
-9.431923848571141522e-02
-9.579290759920844334e-02
-9.726657956186703091e-02
-9.874025462094579431e-02
-1.002139330518989624e-01
-1.016876158152286297e-01
-1.031613088539636708e-01
-1.046350082191042502e-01
-1.061087147770321398e-01
-1.075824292145527439e-01
-1.090561519505729021e-01
-1.105298831207609661e-01
-1.120036220614746281e-01
-1.134773694512332814e-01
-1.149511239497494480e-01
-1.164248845322218839e-01
-1.178986499028716883e-01
-1.193724175146922833e-01
-1.208461874677807524e-01
-1.223199583048878714e-01
-1.237937291758106212e-01
-1.252674995148105319e-01
-1.267412687945430882e-01
-1.282150365266675474e-01
-1.296888022641812799e-01
-1.311625656048836241e-01
-1.326363261954398576e-01
-1.341100837355289066e-01
-1.355838379851358744e-01
-1.370575883995567013e-01
-1.385313354003916697e-01
-1.400050802405852779e-01
-1.414788181787183241e-01
-1.429525482352362875e-01
-1.444262696953414193e-01
-1.458999821305330957e-01
-1.473736854126108664e-01
-1.488473793577979321e-01
-1.503210651821973443e-01
-1.517947432816264541e-01
-1.532684147325042434e-01
-1.547420805704319557e-01
-1.562157423654201016e-01
-1.576894025294658108e-01
-1.591630624201297584e-01
-1.606367226097099865e-01
-1.621103836254295938e-01
-1.635840459513552836e-01
-1.650577100286342580e-01
-1.665313762546478671e-01
-1.680050449814894375e-01
-1.694787165140451413e-01
-1.709523911078691116e-01
-1.724260689632539090e-01
-1.738997509877245606e-01
-1.753734421759391149e-01
-1.768471405129291296e-01
-1.783208459111080002e-01
-1.797945590986800846e-01
-1.812682805397936026e-01
-1.827420104177019111e-01
-1.842157481586737255e-01
-1.856894943978356916e-01
-1.871632478878561545e-01
-1.886370076475504809e-01
-1.901107724217820649e-01
-1.915845396030329550e-01
-1.930583093465419176e-01
-1.945320802094370749e-01
-1.960058511988525543e-01
-1.974796217418730571e-01
-1.989533913041403868e-01
-2.004271593902390014e-01
4.000651959730996410e-01
4.000234049235942280e-01
3.992551491311031042e-01
3.984867531949856656e-01
3.977183180309919464e-01
3.846540743142400354e-01
3.838853485557703893e-01
3.831165970920334951e-01
3.823478211248042546e-01
3.815790218217033347e-01
3.808102002513885087e-01
3.800413573434741621e-01
3.792724938764261422e-01
3.785036115778445120e-01
3.777347122830603254e-01
3.769657985168261005e-01
3.761968726980329802e-01
3.754279373484706861e-01
3.746589950841053840e-01
3.738900486000930057e-01
3.731211002930874820e-01
3.723521512526214994e-01
3.715832024259986266e-01
3.708142546360903014e-01
3.700453085945334952e-01
3.692763649112464353e-01
3.685074241010515284e-01
3.677384865843425499e-01
3.669695531886929540e-01
3.662006257770295536e-01
3.654317060387674010e-01
3.646627954445697539e-01
3.638938952098746960e-01
3.631250062664287959e-01
3.623561292412663115e-01
3.615872644426771920e-01
3.608184118527791306e-01
3.600495711263801413e-01
3.592807415958355621e-01
3.585119224083366807e-01
3.577431120309592094e-01
3.569743090588062273e-01
3.562055116900511575e-01
3.554367178999627286e-01
3.546679254770908618e-01
3.538991328884943943e-01
3.531303394516636107e-01
3.523615445514239330e-01
3.515927476354995806e-01
3.508239482127091802e-01
3.500551458529092552e-01
3.492863401880007546e-01
3.485175309228189522e-01
3.477487167353678355e-01
3.469798958689134238e-01
3.462110667456888558e-01
3.454422280114479160e-01
3.446733785711263431e-01
3.439045176162410788e-01
3.431356446445580910e-01
3.423667594725714469e-01
3.415978622413359811e-01
3.408289536872223802e-01
3.400600339551151929e-01
3.392911044889341809e-01
3.385221666699854137e-01
3.377532221511863608e-01
3.369842728303241719e-01
3.362153208190308828e-01
3.354463684060836615e-01
3.346774164240369220e-01
3.339084655364908949e-01
3.331395163446398411e-01
3.323705693893493907e-01
3.316016251509574242e-01
3.308326840475860342e-01
3.300637464304342905e-01
3.292948127948117087e-01
3.285258849077417054e-01
3.277569644570644813e-01
3.269880529285921766e-01
3.262191515658892649e-01
3.254502613386062171e-01
3.246813829186964151e-01
3.239125166640089981e-01
3.231436626088622366e-01
3.223748206742148570e-01
3.216059898079554613e-01
3.208371693286001247e-01
3.200683580092730240e-01
3.192995543413442161e-01
3.185307565587178757e-01
3.177619626665918462e-01
3.169931704739962774e-01
3.162243782285077409e-01
3.154555852364516189e-01
3.146867908726813656e-01
3.139179945756830903e-01
3.131491958453309077e-01
3.123803942424531743e-01
3.116115893895885502e-01
3.108427809786643015e-01
3.100739679239950530e-01
3.093051484465726975e-01
3.085363209381356553e-01
3.077674840070208639e-01
3.069986365149781626e-01
3.062297776057066878e-01
3.054609067257684218e-01
3.046920236384645930e-01
3.039231286592321557e-01
3.031542216636180509e-01
3.023853036839684871e-01
3.016163757628138598e-01
3.008474392398154951e-01
3.000784957303848643e-01
2.993095470994266427e-01
2.985405954308678611e-01
2.977716429945937437e-01
2.970026908758490736e-01
2.962337397505329095e-01
2.954647902308398799e-01
2.946958428678172481e-01
2.939268981515384405e-01
2.931579565097345852e-01
2.923890183049053237e-01
2.916200838965701814e-01
2.908511549545340635e-01
2.900822331939374443e-01
2.893133201354504136e-01
2.885444170635212968e-01
2.877755249932767434e-01
2.870066446454102027e-01
2.862377764285686244e-01
2.854689206258700374e-01
2.847000765903144881e-01
2.839312439860869342e-01
2.831624219347511628e-01
2.823936092534953257e-01
2.816248044740333745e-01
2.808560058665188208e-01
2.800872114678310543e-01
2.793184191133808447e-01
2.785496268148305865e-01
2.777808338684102374e-01
2.770120396397970919e-01
2.762432435587011126e-01
2.754744451162586261e-01
2.747056438643628029e-01
2.739368394162959297e-01
2.731680314515279040e-01
2.723992191316222389e-01
2.716304006551512051e-01
2.708615743832971101e-01
2.700927388871864343e-01
2.693238929860883313e-01
2.685550357773011099e-01
2.677861666583731814e-01
2.670172853422183024e-01
2.662483920302206042e-01
2.654794866986034951e-01
2.647105702475687772e-01
2.639416436731427673e-01
2.631727082711837196e-01
2.624037656167589883e-01
2.616348175385790897e-01
2.608658660891415848e-01
2.600969135112466968e-01
2.593279611378075389e-01
2.585590096555847039e-01
2.577900596867612193e-01
2.570211117920355726e-01
2.562521664711677194e-01
2.554832241618453792e-01
2.547142852375955946e-01
2.539453499954291704e-01
2.531764199419270778e-01
2.524074968179925715e-01
2.516385821773097220e-01
2.508696773431429161e-01
2.501007833739432029e-01
2.493319010370436128e-01
2.485630307899245051e-01
2.477941727686273354e-01
2.470253269429183163e-01
2.462564924685390622e-01
2.454876686990691836e-01
2.447188544989891412e-01
2.439500484442131134e-01
2.431812488449934806e-01
2.424124537734570484e-01
2.416436610951046837e-01
2.408748685828454583e-01
2.401060755228789645e-01
2.393372812715583997e-01
2.385684852496015584e-01
2.377996869392225709e-01
2.370323839922308662e-01
2.362640573761495277e-01
2.354957222207064160e-01
2.347273776555795222e-01
2.339602751119593260e-01
2.332052980488459881e-01
2.324543730946461439e-01
2.317218636708048007e-01
2.309900733507984083e-01
2.302687255189614091e-01
2.295432842906404702e-01
2.288293166320132521e-01
2.281233712624348431e-01
2.274248488229791976e-01
2.267374053266815459e-01
2.260543495338857289e-01
2.253774784178635138e-01
2.247146996814599340e-01
2.240587589815367375e-01
2.234225408623339570e-01
2.228022099606544737e-01
2.221907702028502463e-01
2.215904010235033028e-01
2.209955727759769506e-01
2.204112398633541747e-01
2.198381120557033330e-01
2.192687467743930363e-01
2.187145303649883910e-01
2.181729630996631364e-01
2.176400564182305875e-01
2.171255000563592219e-01
2.166191203107011021e-01
2.161246435986519943e-01
2.156360376910648469e-01
2.151552782505234684e-01
2.146849542162073410e-01
2.142253406583507214e-01
2.137696408934406933e-01
2.133154238726854279e-01
2.128676583719299464e-01
2.124256201773999653e-01
2.119897786679642571e-01
2.115657544346035146e-01
2.111479442667993367e-01
