-1.999967527923340038e-01
-1.999967368957996094e-01
-1.977774046185220291e-01
-1.970031156573673892e-01
-1.962022427456574791e-01
-1.953775089678022603e-01
-1.943642485965526023e-01
-1.934150984090454439e-01
-1.924353249198283711e-01
-1.915533811643647943e-01
-1.907133046639708229e-01
-1.899197496257332973e-01
-1.891100728225529048e-01
-1.882502780251837093e-01
-1.874471432164640516e-01
-1.865533440106153240e-01
-1.857224136504468659e-01
-1.849909735455259330e-01
-1.842728658628318139e-01
-1.836424099379826425e-01
-1.830842225386330735e-01
-1.824849042249263864e-01
-1.818870194851195110e-01
-1.812216831978498699e-01
-1.805430441766533445e-01
-1.799571620944430961e-01
-1.794285273183243989e-01
-1.789515656848442715e-01
-1.785575276342970530e-01
-1.782223258287006784e-01
-1.779318690466901165e-01
-1.776598369397095201e-01
-1.774420540514407008e-01
-1.772468808108599303e-01
-1.770822860369832830e-01
-1.769484784592947058e-01
-1.768555158382126569e-01
-1.767961274134141336e-01
-1.767783868648052925e-01
-1.768217386008199832e-01
-1.769324580909243938e-01
-1.771598978942772185e-01
-1.773970962113526340e-01
-1.776434233897429826e-01
-1.779534747947328910e-01
-1.782872603480251672e-01
-1.786984208242897720e-01
-1.791131570998773792e-01
-1.795758798095088427e-01
-1.800570953603899127e-01
-1.805544560764409945e-01
-1.810801376107407101e-01
-1.816279886134096466e-01
-1.821896523911690213e-01
-1.827684426222985492e-01
-1.833707420318541059e-01
-1.840399971463413109e-01
-1.846714346695636499e-01
-1.853847663262808976e-01
-1.860316683360305756e-01
-1.867466616599705309e-01
-1.874838408942102463e-01
-1.882198616548491910e-01
-1.889549090268212161e-01
-1.896891690143683862e-01
-1.904227995857613875e-01
-1.911559439436560093e-01
-1.918887244663080582e-01
-1.926212385712000041e-01
-1.933535630849222975e-01
-1.940857477459284053e-01
-1.948178237217808029e-01
-1.955498329793655954e-01
-1.962818061209131160e-01
-1.970137642898739938e-01
-1.977457211771148360e-01
-1.984776841988678819e-01
-1.992096544491243904e-01
-1.999416342060308383e-01
-2.006736240461871323e-01
-2.013821935418818598e-01
-2.021219438460288842e-01
-2.028616172805328410e-01
-2.035832796976531911e-01
-2.043286277982898358e-01
-2.049550438915131723e-01
-2.056203640381568665e-01
-2.062595040423580994e-01
-2.069576385913373950e-01
-2.078696197272091872e-01
-2.087798360008659426e-01
-2.096883875166390965e-01
-2.105954126936101234e-01
-2.115011044287810615e-01
-2.124056663250094568e-01
-2.133093029963772924e-01
-2.142122154825860658e-01
-2.151145458519960751e-01
-2.160164100274585552e-01
-2.169179309534494671e-01
-2.178192067619330319e-01
-2.187203109150620550e-01
-2.196213007977532439e-01
-2.205222197085732472e-01
-2.214136955291024500e-01
-2.222035885229938501e-01
-2.229604768437013496e-01
-2.236073104521723587e-01
-2.240755408474769672e-01
-2.244747408239392006e-01
-2.248143238228943463e-01
-2.251882701580534551e-01
-2.255057923424864941e-01
-2.257718684964612199e-01
-2.260493524613479965e-01
-2.263198415254031870e-01
-2.266613854142553452e-01
-2.269137869140982477e-01
-2.271748669910262086e-01
-2.275197897538095704e-01
-2.278993752043591559e-01
-2.282815098274239840e-01
-2.287266285196514759e-01
-2.292403976378394603e-01
-2.296400798259020104e-01
-2.300653960683599897e-01
-2.303596902496738152e-01
-2.306697757734106069e-01
-2.310574821679983182e-01
-2.313732005119409074e-01
-2.316951775695603455e-01
-2.319357766454745173e-01
-2.321811899664802947e-01
-2.323828060464345480e-01
-2.326339122050135599e-01
-2.330740028267334896e-01
-2.333287985562659539e-01
-2.336879786135769577e-01
-2.343192067847098548e-01
-2.350873432527138263e-01
-2.362844345296391535e-01
-2.376973652376069557e-01
-2.392982643214206506e-01
-2.408801979344351585e-01
-2.425006284128304601e-01
-2.441225548328882500e-01
-2.457393994478958288e-01
-2.473403073733355662e-01
-2.489681628690513515e-01
-2.506071986872089874e-01
-2.522633740469047425e-01
-2.539185214128491519e-01
-2.555514117158012022e-01
-2.571654154035468154e-01
-2.588532609278569319e-01
-2.605501546199012197e-01
-2.622660925907229768e-01
-2.639867346590947239e-01
-2.656906727435820459e-01
-2.674188533997050032e-01
-2.691432065357186598e-01
-2.708712514838910179e-01
-2.725990999244369273e-01
-2.743267951896895540e-01
-2.760543793976566462e-01
-2.777818860321785155e-01
-2.795093373509424106e-01
-2.812367481710065231e-01
-2.829641329554179463e-01
-2.846915024760701685e-01
-2.864188645154518986e-01
-2.881462244668632766e-01
-2.898735867096953744e-01
-2.916009555129119302e-01
-2.933283321206082706e-01
-2.950557168435127831e-01
-2.967831095761455651e-01
-2.985105105337805820e-01
-3.002379193257045942e-01
-3.019653351017129173e-01
-3.036927563888805470e-01
-3.054201825896962208e-01
-3.071476199678424557e-01
-3.088750602927901046e-01
-3.106025015561902913e-01
-3.123299429012979522e-01
-3.140573835797290103e-01
-3.157848229444723542e-01
-3.175122604430741236e-01
-3.192396956113004447e-01
-3.209671280675307492e-01
-3.226945575080569228e-01
-3.244219837048101795e-01
-3.261494025408629427e-01
-3.278768169049827153e-01
-3.296042274352878332e-01
-3.313316332112352658e-01
-3.330590335075078734e-01
-3.347864278158352858e-01
-3.365138158601940210e-01
-3.382411976062299486e-01
-3.399685732654427750e-01
-3.416959432944152719e-01
1.999971227996161227e-01
1.999971067902872046e-01
1.979978584154078181e-01
1.960881658260724969e-01
1.941614892405323090e-01
1.922641419660292839e-01
