-1.999994744196864072e-01
-1.999994591542062494e-01
-1.996552169607561378e-01
-1.993353393381964156e-01
-1.989711220468465547e-01
-1.985766008201744759e-01
-1.981523047642969604e-01
-1.976947378935120792e-01
-1.971807207717839738e-01
-1.966403437804236654e-01
-1.960218391545915650e-01
-1.953868231812256329e-01
-1.946925374495438454e-01
-1.939446095831913741e-01
-1.931634712134610299e-01
-1.923431463075964687e-01
-1.914940067212485830e-01
-1.906192033938623187e-01
-1.897093502439389512e-01
-1.887476538615617261e-01
-1.877498192927269383e-01
-1.867353205536495531e-01
-1.856738190312831882e-01
-1.845876801229290876e-01
-1.834934041193113652e-01
-1.823598312525727128e-01
-1.811882217670706674e-01
-1.799787036034035670e-01
-1.787103224761022180e-01
-1.773803380745402614e-01
-1.760731174887536221e-01
-1.747208415594438957e-01
-1.733443093369466392e-01
-1.719832840470384983e-01
-1.705762932024649514e-01
-1.691599734050214798e-01
-1.676847131875139341e-01
-1.661930916396150704e-01
-1.646934790946633087e-01
-1.631692045635932120e-01
-1.616073976197339446e-01
-1.600108361304788951e-01
-1.584036378268758594e-01
-1.567620781241836347e-01
-1.551210313083922487e-01
-1.534429629667102002e-01
-1.517308187550704124e-01
-1.499666668891924404e-01
-1.482546919303815991e-01
-1.466519925354963505e-01
-1.451419749393172698e-01
-1.437914189499182593e-01
-1.427582381461723615e-01
-1.421103283546318596e-01
-1.414941896761724438e-01
-1.409248664854464705e-01
-1.404070470803493176e-01
-1.399306084644439396e-01
-1.395049079967113914e-01
-1.391023736914680786e-01
-1.387381630268706978e-01
-1.383524499535976338e-01
-1.379605204093675153e-01
-1.376315849249112322e-01
-1.372527286287786585e-01
-1.368500045935802101e-01
-1.364847415608773928e-01
-1.360477672049837383e-01
-1.356204195082347796e-01
-1.352555411272840791e-01
-1.349445638099577016e-01
-1.346023433119357682e-01
-1.342417516637288699e-01
-1.338605411210478380e-01
-1.335644111978368520e-01
-1.332936159436790002e-01
-1.330467440519645106e-01
-1.327281654745911810e-01
-1.324701834239108422e-01
-1.322060676458739203e-01
-1.320002753455402633e-01
-1.317495355296214865e-01
-1.315241729950151761e-01
-1.312643786348467734e-01
-1.310024603184707648e-01
-1.307180051601954940e-01
-1.304497725717330414e-01
-1.301778627232469121e-01
-1.298901658129752168e-01
-1.296846736483361628e-01
-1.295452236086703790e-01
-1.294065476905664480e-01
-1.293028575798706448e-01
-1.291913046890998118e-01
-1.290837481637058803e-01
-1.289716125576856054e-01
-1.288910080401874936e-01
-1.288406486726632605e-01
-1.288045718626422698e-01
-1.287531182612488279e-01
-1.287108675100775146e-01
-1.286342248765643681e-01
-1.286058619884993814e-01
-1.285953065994620836e-01
-1.285761442114415898e-01
-1.285470443004871066e-01
-1.285575184597967102e-01
-1.285389450731024563e-01
-1.285492768044866896e-01
-1.285478612692998179e-01
-1.285065799124156249e-01
-1.284736140331900200e-01
-1.284309222780583570e-01
-1.283768300144208785e-01
-1.282419992332421155e-01
-1.281430815854500138e-01
-1.280528888158455891e-01
-1.279921391496189886e-01
-1.278820018868161434e-01
-1.277942113140038138e-01
-1.276995850242250707e-01
-1.275827073515949650e-01
-1.275135208174353330e-01
-1.274438346555706592e-01
-1.273561042394823761e-01
-1.273045250782058324e-01
-1.272512629871337397e-01
-1.271960057153936619e-01
-1.271506591793406249e-01
-1.270790060086700590e-01
-1.270012285375466676e-01
-1.269281461222049323e-01
-1.268411113362321874e-01
-1.267312867683690059e-01
-1.266235070116596140e-01
-1.265002270571428944e-01
-1.264217120118297510e-01
-1.262878174160851907e-01
-1.261063947313179334e-01
-1.259497229381298378e-01
-1.254506556994945399e-01
-1.251751936420474887e-01
-1.243697134667411941e-01
-1.234556211784108432e-01
-1.228595796533074463e-01
-1.218921444678559146e-01
-1.209160076711539578e-01
-1.200075728939465763e-01
-1.191091025627137173e-01
-1.182309245262187503e-01
-1.173490817595656127e-01
-1.164621921142425381e-01
-1.156136893482678230e-01
-1.147936138258292271e-01
-1.139989330717626620e-01
-1.132170379012837347e-01
-1.124552250563243261e-01
-1.117169301046611884e-01
-1.110104983372621201e-01
-1.103369453819479235e-01
-1.097607938816893003e-01
-1.092591567004876640e-01
-1.088304117363202012e-01
-1.084822608648182973e-01
-1.081997299666374451e-01
-1.079832959364502576e-01
-1.078140164932399198e-01
-1.077148108544474098e-01
-1.076702137649319935e-01
-1.076842929723021702e-01
-1.077657159314844293e-01
-1.078918945470400681e-01
-1.080799966603878948e-01
-1.083662914070730593e-01
-1.085836241635383809e-01
-1.088654566757054770e-01
-1.093366653817225698e-01
-1.095866139489178048e-01
-1.101117409254965679e-01
-1.103144248874364935e-01
-1.105102954179199570e-01
-1.106062990557847986e-01
-1.110045031577275160e-01
-1.111462979690907016e-01
-1.113548556605954559e-01
-1.116499547407304033e-01
-1.118824363296794799e-01
-1.125778256524924553e-01
-1.128415791641579069e-01
-1.131245677055604526e-01
-1.131212607694071642e-01
-1.130955762033466622e-01
-1.130086817165334434e-01
-1.129232913716597259e-01
-1.129764651314196233e-01
-1.134131429733561264e-01
-1.149476726528944753e-01
-1.153244329627624715e-01
-1.168583255718583375e-01
-1.183960714688522819e-01
-1.200046159274969076e-01
-1.219777201057985067e-01
-1.237331309495687814e-01
-1.256171880157584131e-01
-1.275962483773504519e-01
-1.296930477077933574e-01
-1.318638749690408118e-01
-1.341105451084560474e-01
-1.362273579577490401e-01
-1.384144019878264520e-01
-1.405686897788282763e-01
-1.428692071955506016e-01
-1.450841129062489243e-01
-1.474415023916082201e-01
-1.497296704298778369e-01
-1.520309676680685063e-01
-1.543274716823935522e-01
-1.565662454942317316e-01
-1.588336564665684680e-01
-1.610952471656218188e-01
-1.632430397535633293e-01
-1.655036733398997650e-01
-1.678178535804405180e-01
-1.700343571392458064e-01
-1.722454263357930393e-01
-1.743366781656863762e-01
-1.764474180976256246e-01
-1.784813452584614046e-01
-1.805839925535384083e-01
-1.826637776552316739e-01
-1.847781141395212212e-01
-1.868731034280789738e-01
-1.889885314612879119e-01
-1.910693480092310603e-01
-1.931712774064271998e-01
-1.952243543635836243e-01
-1.972697556970801624e-01
-1.993642035737808460e-01
-2.014560004051035302e-01
-2.035615213944325375e-01
-2.056832199977324249e-01
-2.077456175794924198e-01
-2.098250301613437396e-01
-2.119506789833110749e-01
-2.140196081018932994e-01
-2.161245546370600956e-01
-2.182202344231978230e-01
-2.202704464495510162e-01
-2.222638284406520948e-01
-2.242845366871080159e-01
-2.263212951304983123e-01
-2.283670967466705504e-01
-2.303888241957295635e-01
-2.323754301906032216e-01
-2.343834691682259996e-01
-2.363629918976541122e-01
-2.383405349161514253e-01
-2.402930758734550809e-01
-2.422356924651347665e-01
-2.441504651359893141e-01
-2.460327877384280715e-01
-2.479125289907740393e-01
-2.497684506031088159e-01
-2.515952966233072630e-01
-2.533969700556328863e-01
-2.551450437657524217e-01
-2.569354221927662163e-01
-2.586541397830985356e-01
-2.603974250300011839e-01
-2.621732089859854509e-01
-2.639404492815389802e-01
-2.656973701201882920e-01
-2.674691378879068271e-01
-2.692078776249062777e-01
-2.709548859962909728e-01
-2.726927853718170702e-01
-2.744715504945682283e-01
-2.762536022675444181e-01
-2.780089569108987191e-01
-2.797684080376179883e-01
-2.815177798271480403e-01
-2.832871514817668079e-01
-2.849941316874234354e-01
-2.866775068051057862e-01
-2.882969257015645104e-01
-2.899344458157075977e-01
-2.915377489879112938e-01
-2.931309822252913255e-01
-2.946952522826752352e-01
-2.962754787395960876e-01
-2.978060231607121411e-01
-2.993449916906606445e-01
-3.008646069125219813e-01
-3.023480300629241002e-01
-3.037896614342969204e-01
-3.052316232883215408e-01
-3.066567154393122774e-01
-3.080678395139791470e-01
-3.094586409045939068e-01
-3.108504536990983613e-01
-3.122224872964058928e-01
-3.135964921070359401e-01
-3.149578612644378661e-01
-3.163010364862366419e-01
-3.176520762502947903e-01
-3.189817197135605409e-01
-3.203021937300985500e-01
-3.216198016012034588e-01
-3.229321574385947691e-01
-3.242498532726711957e-01
-3.255224943460092724e-01
-3.267471111588949317e-01
-3.279666130142372960e-01
-3.291914848809640581e-01
-3.303713654153679902e-01
-3.315524434085787564e-01
-3.326836295281149214e-01
-3.338266495036708581e-01
-3.349411263267710326e-01
-3.360427921253156258e-01
-3.371352824607107834e-01
-3.382199139847213987e-01
-3.392626339728256890e-01
-3.402980831947748919e-01
-3.413211448800608228e-01
-3.423363015952414212e-01
-3.433356983460471024e-01
-3.443319407140257304e-01
-3.453224778982449950e-01
-3.462943515999779565e-01
-3.472590346268333295e-01
-3.482040623433010906e-01
-3.491389317135570325e-01
-3.500542435751192172e-01
-3.509550560529404173e-01
-3.518784311892692029e-01
-3.527830315410325768e-01
-3.536755144109268723e-01
-3.545551431490127081e-01
-3.554131185793673042e-01
-3.562431674488545918e-01
-3.570512694766050377e-01
-3.578261321055632438e-01
-3.585768486156500900e-01
-3.592893688261901697e-01
-3.599899944666450913e-01
-3.606677398357709396e-01
-3.613189263108187443e-01
-3.619507980837209371e-01
-3.625740866992639422e-01
-3.632066793779757941e-01
-3.638224926624652467e-01
-3.644421187973456155e-01
-3.650658546517744352e-01
-3.656977221616677376e-01
-3.663317572159440760e-01
-3.669671025257796870e-01
-3.676035422196733404e-01
-3.682408740696443417e-01
-3.688789171862498217e-01
-3.695175167787652093e-01
-3.701565235979195623e-01
-3.707958145746919065e-01
-3.714352995360908349e-01
-3.720749102612801451e-01
-3.727145949260081692e-01
-3.733543181985822801e-01
-3.739940565072557010e-01
-3.746337907327402794e-01
-3.752735082934979816e-01
-3.759132017755738575e-01
-3.765528675636213296e-01
-3.771925047414342869e-01
-3.778321142304666425e-01
-3.784716976295524060e-01
-3.791112560948419752e-01
-3.797507913510933530e-01
-3.803903054574520604e-01
-3.810298006545848604e-01
-3.816645652173887293e-01
-3.823022108671915165e-01
-3.829267566042519610e-01
-3.835463460811174841e-01
-3.841667104622335516e-01
-3.847859159170037846e-01
-3.853877440694449819e-01
-3.859742268696400580e-01
-3.865168757003005218e-01
-3.870607257635751419e-01
-3.875884749781961514e-01
-3.881150485776969639e-01
-3.886130752946415634e-01
-3.891127523433037805e-01
-3.896041199843658931e-01
-3.900914968556951634e-01
-3.905622169848360636e-01
-3.910384241068200484e-01
-3.915068569673194609e-01
-3.919777879421433298e-01
-3.924428882201440039e-01
-3.929131102093406103e-01
-3.933831219769308163e-01
-3.938541701753430213e-01
-3.943257299766312340e-01
-3.947976996977873299e-01
-3.952699898572900050e-01
-3.957425241112925152e-01
-3.962144410158928709e-01
-3.966868643610540479e-01
-3.971593794212551765e-01
-3.976319539189667185e-01
-3.981045633493199842e-01
-3.985771897389822072e-01
-3.990498204648590952e-01
-3.995224471859439297e-01
-3.999950649117648971e-01
-4.004676704478810079e-01
-4.009402622993652465e-01
-4.014128394233648645e-01
-4.018854016888423475e-01
-4.023579495874792245e-01
-4.028304840187562075e-01
-4.033030061353378715e-01
-4.037755172360411593e-01
-4.042480186999044545e-01
-4.047205124348117744e-01
-4.051930007108736076e-01
-4.056654857296810301e-01
-4.061379695959335678e-01
-4.066104542977332925e-01
-4.070829416923340549e-01
-4.075554334951250190e-01
-4.080279312695109240e-01
-4.085004359761343906e-01
-4.089729478584157030e-01
-4.094454669040691885e-01
-4.099179928632514791e-01
-4.103905252665013825e-01
-4.108630634428651063e-01
-4.113356065385259108e-01
-4.118081535331559184e-01
-4.122807038229089338e-01
-4.127532577184943596e-01
-4.132258156997887233e-01
-4.136983781600674925e-01
-4.141709447139686473e-01
-4.146435059770387510e-01
-4.151160599937824269e-01
-4.155886062302547312e-01
-4.160611444505947221e-01
-4.165319513740622925e-01
-4.170029339080061348e-01
-4.174776399513247527e-01
-3.587216774180927437e-01
-3.583258514934750116e-01
-3.579747202510226711e-01
-3.576432834394358551e-01
-3.573562256049164221e-01
-3.570246078910988552e-01
-3.567608127222844927e-01
-3.563551845826735121e-01
-3.558464010345596118e-01
-3.553126805444087877e-01
-3.548458865002541707e-01
-3.543545298887141315e-01
-3.539089973134162959e-01
-3.534193600638931287e-01
-3.529616367206953598e-01
-3.525169361949876956e-01
-3.519961277001867894e-01
-3.514647883782959781e-01
-3.509244217728143544e-01
-3.503581320392914478e-01
-3.497661855397453667e-01
-3.491566770329325164e-01
-3.486328799610259321e-01
-3.481178811607850698e-01
-3.476278393010054923e-01
-3.471393770576753912e-01
-3.467241297882409090e-01
-3.463214089675429319e-01
-3.459222559175147982e-01
-3.455080317837776471e-01
-3.450775040765414192e-01
-3.446336360730594128e-01
-3.441907667748340671e-01
-3.437547701709056103e-01
-3.433352700805488711e-01
-3.429479375183365764e-01
-3.425478536736778490e-01
-3.421637250109095807e-01
-3.416987743232452468e-01
-3.412202722359785612e-01
-3.407661166557290899e-01
-3.403023883212147882e-01
-3.398890717643737180e-01
-3.394812917305736200e-01
-3.391146703538027163e-01
-3.387397756346425814e-01
-3.383369651243938181e-01
-3.379297938012881253e-01
-3.374740671836732875e-01
-3.370193746255865097e-01
-3.365515603511825549e-01
-3.361534309788298258e-01
-3.357668741845353244e-01
-3.353710046041294413e-01
-3.349931375684989665e-01
-3.346235439956319335e-01
-3.342347816614055223e-01
-3.338635349303244459e-01
-3.335071667337601298e-01
-3.332023123740167070e-01
-3.329513535312613737e-01
-3.327218806227224546e-01
-3.324685545390242969e-01
-3.322518358549491069e-01
-3.320176373585302376e-01
-3.317737767089408707e-01
-3.315347740023552592e-01
-3.313010359214767497e-01
-3.311027337033454199e-01
-3.309210717293172288e-01
-3.307294819635354099e-01
-3.305718013450718584e-01
-3.304156321776287597e-01
-3.302663605817712233e-01
-3.301553296508812907e-01
-3.300872133826232013e-01
-3.300310960371228841e-01
-3.299844720337828941e-01
-3.299415335307428476e-01
-3.299003145645072466e-01
-3.298648967986324565e-01
-3.298125147837067672e-01
-3.297710680339411837e-01
-3.297253859158303380e-01
-3.296959382038623376e-01
-3.296753660590662216e-01
-3.296642865333941907e-01
-3.296463908408625021e-01
-3.296389222197096402e-01
-3.296353460828171933e-01
-3.296296675048275282e-01
-3.296258890015981713e-01
-3.295990293957478112e-01
-3.295811053055395234e-01
-3.295789636741092155e-01
-3.295532623614487733e-01
-3.295393934509041611e-01
-3.295186742213294662e-01
-3.294697202884402376e-01
-3.294212494653178669e-01
-3.293701535702294181e-01
-3.293156177852353261e-01
-3.292476250127268078e-01
-3.291567223729899849e-01
-3.290691799998772260e-01
-3.289735229460751809e-01
-3.288599697507678110e-01
-3.287664999417146960e-01
-3.286771635191387819e-01
-3.285831874761340754e-01
-3.284956467313616679e-01
-3.284247442271888695e-01
-3.283689747990349850e-01
-3.283027465670507183e-01
-3.282550974661657683e-01
-3.282076368062498140e-01
-3.281722617520483332e-01
-3.281241607754650791e-01
-3.280782296575039947e-01
-3.280341686935681622e-01
-3.279977556112363413e-01
-3.279777414945142522e-01
-3.279946911325311021e-01
-3.280118119956104139e-01
-3.280306962384927916e-01
-3.280447627592067983e-01
-3.280544935812763074e-01
-3.280681989477821081e-01
-3.280751682389708712e-01
-3.280771495813825656e-01
-3.280666249921984079e-01
-3.280518297548012940e-01
-3.280314081687219496e-01
-3.280003407430812645e-01
-3.279639979022413998e-01
-3.279093130289590929e-01
-3.278447417688345467e-01
-3.277567675241123135e-01
-3.276382752437415058e-01
-3.275018269703454665e-01
-3.273460173533746520e-01
-3.272022484318079516e-01
-3.270293258944901305e-01
-3.268337358138072579e-01
-3.266217007069728839e-01
-3.264435975338399465e-01
-3.262003571523257595e-01
-3.260446243746912276e-01
-3.257890827452462057e-01
-3.256074973414146978e-01
-3.254236731276819450e-01
-3.252591906467540150e-01
-3.250590255512445514e-01
-3.248412680127674701e-01
-3.246467487961334775e-01
-3.244662105019563425e-01
-3.243870507481546039e-01
-3.243514610588806857e-01
-3.243245373857380764e-01
-3.242913145887588167e-01
-3.242553753015602336e-01
-3.242267628149526071e-01
-3.241882482342012262e-01
-3.241548348860146533e-01
-3.241219244003609168e-01
-3.241047266940521587e-01
-3.240809292339276171e-01
-3.240642986942141590e-01
-3.240476556586755486e-01
-3.240377362100076430e-01
-3.240164950710587299e-01
-3.239898233668879746e-01
-3.239403810109919291e-01
-3.238838690414780341e-01
-3.238016615666453601e-01
-3.237540353219225953e-01
-3.237027149708779916e-01
-3.236473139286796252e-01
-3.236032100183001692e-01
-3.235222040384730935e-01
-3.234151875644418195e-01
-3.232601329908944554e-01
-3.230876223192213348e-01
-3.999971971624879941e-01
-3.999971811680945732e-01
-3.981359296380163615e-01
-3.977911767838823165e-01
-3.974607621355797371e-01
-3.971921560743099100e-01
-3.969133540306265528e-01
-3.965979329445867285e-01
-3.962784112378813228e-01
-3.959926305179556905e-01
-3.956586900618153657e-01
-3.953092776825979926e-01
-3.950007468425909551e-01
-3.946860147748289527e-01
-3.943644185092603505e-01
-3.940801668397278523e-01
-3.938151156089111371e-01
-3.935328081475719664e-01
-3.932749201869664146e-01
-3.930470971725631424e-01
-3.928249770029402232e-01
-3.926589734199567583e-01
-3.925091150107174465e-01
-3.923531403493966119e-01
-3.922332746410441828e-01
-3.921361060540248800e-01
-3.920597575373324650e-01
-3.920032003574756563e-01
-3.919664562338460168e-01
-3.919411559112775389e-01
-3.919270345313648485e-01
-3.919262866354163988e-01
-3.919330326993243907e-01
-3.919354828153159831e-01
-3.919390508960826636e-01
-3.919421555239209765e-01
-3.919505356873144719e-01
-3.919569727969325901e-01
-3.919770005026890769e-01
-3.919927635039797131e-01
-3.920176270215098846e-01
-3.920412563527992944e-01
-3.920611007245558555e-01
-3.920762376310613639e-01
-3.920882820345056308e-01
-3.920978125991924079e-01
-3.921037590008861207e-01
-3.921108844669667359e-01
-3.921151892023235219e-01
-3.921233179699027405e-01
-3.921258426616869852e-01
-3.921246512870885659e-01
-3.921197803078105282e-01
-3.921121633442126719e-01
-3.921149930239866688e-01
-3.921122148379683758e-01
-3.921070191477162847e-01
-3.921022805793041854e-01
-3.921065690686591498e-01
-3.921250831354080035e-01
-3.921580578134551409e-01
-3.921872169385153262e-01
-3.922151704835506458e-01
-3.922467227526062472e-01
-3.922748278520220011e-01
-3.922949164068434968e-01
-3.923101856728148373e-01
-3.923229024070731819e-01
-3.923328900658038521e-01
-3.923398364802275218e-01
-3.923444452088184486e-01
-3.923503070070499810e-01
-3.923509547525936281e-01
-3.923463490232782513e-01
-3.923370870593939630e-01
-3.923214236377918218e-01
-3.923040248154934795e-01
-3.922826075917245636e-01
-3.922590566771309017e-01
-3.922309033196776373e-01
-3.921983386358862678e-01
-3.921629132738754797e-01
-3.921302370487314559e-01
-3.920973400166989919e-01
-3.920617208936518217e-01
-3.920209369718963277e-01
-3.919791946231526714e-01
-3.919479035192364735e-01
-3.919199690641861356e-01
-3.918961832544397561e-01
-3.918764896239657070e-01
-3.918654434195769642e-01
-3.918523411402640710e-01
-3.918391133239874091e-01
-3.918271599350006684e-01
-3.918199779087503387e-01
-3.918125423774989624e-01
-3.918068975840757751e-01
-3.918017252506342252e-01
-3.917974503701888711e-01
-3.917943938585064512e-01
-3.917924699304831671e-01
-3.917921101480997814e-01
-3.917936961950516661e-01
-3.917964237991326537e-01
-3.918000318326270159e-01
-3.918049737993050119e-01
-3.918124259272469656e-01
-3.918218475270317525e-01
-3.918325353520204501e-01
-3.918464322084583840e-01
-3.918609243968612099e-01
-3.918781004133892742e-01
-3.918985249440176122e-01
-3.919202586381730913e-01
-3.919454163902855726e-01
-3.919749798534069019e-01
-3.920101221972753791e-01
-3.920466025913415531e-01
-3.920827644233391696e-01
-3.921201716494481793e-01
-3.921584826293759152e-01
-3.922010803724511052e-01
-3.922458208300625415e-01
-3.922898648109380271e-01
-3.923300993745151843e-01
-3.923750638559230786e-01
-3.924212499641940299e-01
-3.924703433260374741e-01
-3.925267156546756175e-01
-3.925888768556503594e-01
-3.926538860255500696e-01
-3.927159408133138463e-01
-3.927722051841139317e-01
-3.928428049453858151e-01
-3.929146987695840698e-01
-3.929888688821246978e-01
-3.930641314206663184e-01
-3.931218114382427631e-01
-3.931852617815611017e-01
-3.932386292102510450e-01
-3.932740815432156922e-01
-3.933192966714526007e-01
-3.933468702211579959e-01
-3.933807923990784716e-01
-3.934133973038336785e-01
-3.934410943619896517e-01
-3.934762739934169473e-01
-3.935155378718913632e-01
-3.935606128453277286e-01
-3.936375361231803649e-01
-3.937237694254327458e-01
-3.938101406378530234e-01
-3.938797841933859289e-01
-3.939590874379444996e-01
-3.940600433075424069e-01
-3.941773783477152127e-01
-3.942710529168847455e-01
-3.943780470175846653e-01
-3.945094823980601628e-01
-3.946129565178859711e-01
-3.947111484354656752e-01
-3.947935663758548874e-01
-3.948880442496455756e-01
-3.949971288329096053e-01
-3.951181278870182778e-01
-3.952292498010467336e-01
-3.953358097457830289e-01
-3.954428346181707021e-01
-3.955291326677592978e-01
-3.956190017122738767e-01
-3.957285773249341054e-01
-3.958319379661492943e-01
-3.959172151114290217e-01
-3.960059713070640530e-01
-3.960801903007556968e-01
-3.961804197768544200e-01
-3.962731759574945611e-01
-3.963655489112806185e-01
-3.964896333005996643e-01
-3.966359942764523527e-01
-3.967856561974971163e-01
-3.969355296526030363e-01
-3.970728098295680519e-01
-3.972061878073327446e-01
-3.973779761749830497e-01
-3.975947210563117729e-01
-3.978315912744852523e-01
-3.980719960091039789e-01
-3.983346093818698197e-01
-3.985471478461989903e-01
-3.987277383713754286e-01
-3.988866164529605851e-01
-3.990609701646554708e-01
-3.992571294873430987e-01
-3.994535380383150147e-01
-3.996673807852081373e-01
-3.998876661756438633e-01
-4.001922371371747222e-01
-4.005708876964639287e-01
-4.015368550566428829e-01
-1.999990002992850791e-01
-1.999989848772607548e-01
-1.994355177495657494e-01
-1.990252906035814562e-01
-1.986824223838268288e-01
-1.982417783317074744e-01
-1.977050862779402285e-01
-1.970260529711772568e-01
-1.962666066292204914e-01
-1.955580448323619713e-01
-1.948279251081869723e-01
-1.941466140901909054e-01
-1.935074236253125080e-01
-1.926730077903202609e-01
-1.920219924099844377e-01
-1.914027956072324732e-01
-1.906571514226652886e-01
-1.900257506057390078e-01
-1.892573817894851462e-01
-1.885459412685391023e-01
-1.878263044961653028e-01
-1.871336785049895479e-01
-1.864354252481913166e-01
-1.858006724936413778e-01
-1.851200240214252724e-01
-1.844819526301300638e-01
-1.837403009335338289e-01
-1.830475077950125540e-01
-1.823759005840028535e-01
-1.817707153631092643e-01
-1.811931371209402897e-01
-1.806465530103855965e-01
-1.801387191827102385e-01
-1.797362034696398103e-01
-1.794058681239515951e-01
-1.791430967613754921e-01
-1.789270103341662477e-01
-1.787159329505541017e-01
-1.784658876223711166e-01
-1.782141819048803644e-01
-1.779863678589695686e-01
-1.777630850385967798e-01
-1.775707904861944519e-01
-1.774372822511734171e-01
-1.773381913366178786e-01
-1.772248742758659179e-01
-1.770894331994070370e-01
-1.769749178230806685e-01
-1.768924152599519184e-01
-1.768078595329537761e-01
-1.767044832781941854e-01
-1.765738266277472601e-01
-1.764480260029752667e-01
-1.762649840767208653e-01
-1.761056804098355133e-01
-1.759490966820037861e-01
-1.757862677522559758e-01
-1.756333111664858115e-01
-1.755352471163672823e-01
-1.755123676505418173e-01
-1.755245804841812640e-01
-1.755656317563787372e-01
-1.756051589817405612e-01
-1.756554147044605274e-01
-1.757282362312552193e-01
-1.758213502609796142e-01
-1.759434750290460314e-01
-1.760458814610728895e-01
-1.761354345780255792e-01
-1.762532991739034771e-01
-1.763806169647171296e-01
-1.764847780295382418e-01
-1.765713588387711197e-01
-1.766666239801464311e-01
-1.767988944082063973e-01
-1.769019865738029884e-01
-1.770075069990615646e-01
-1.770707491441285975e-01
-1.771404833147764146e-01
-1.772078561816336495e-01
-1.772779240954697189e-01
-1.773562954360506927e-01
-1.774377506296228035e-01
-1.775251667565795610e-01
-1.776037843850376552e-01
-1.776884375259563664e-01
-1.777387632619197577e-01
-1.777816264372344135e-01
-1.778370646204881500e-01
-1.778811635888136455e-01
-1.779356516565666346e-01
-1.779880340775343572e-01
-1.780442690791517735e-01
-1.780708556849117385e-01
-1.781021973683796500e-01
-1.781356077836138974e-01
-1.781581553719773225e-01
-1.781947622209087978e-01
-1.782105015802608605e-01
-1.782273391448400968e-01
-1.782388063580979121e-01
-1.782496795090577069e-01
-1.782643654392009058e-01
-1.782700126585267664e-01
-1.782919658621349435e-01
-1.783178866922422445e-01
-1.783396664347471905e-01
-1.783391385511226002e-01
-1.783280598783507365e-01
-1.783223136595241398e-01
-1.783189024147217583e-01
-1.783180107914908441e-01
-1.783183405314956727e-01
-1.783299277438370745e-01
-1.783586159587929876e-01
-1.783729572551583653e-01
-1.783922170322961576e-01
-1.784057789402575256e-01
-1.784336374261866476e-01
-1.784664690581297675e-01
-1.784909330689338491e-01
-1.785300946149560586e-01
-1.785582014949547713e-01
-1.785682266507466753e-01
-1.785920746773668188e-01
-1.786073106065795002e-01
-1.786204108351734932e-01
-1.786308853055496026e-01
-1.786464727868014857e-01
-1.786512210343902396e-01
-1.786525687461233691e-01
-1.786710406784752792e-01
-1.786595158020011787e-01
-1.786325476795755374e-01
-1.785997008866611890e-01
-1.785660818370508607e-01
-1.785486122482807247e-01
-1.785398002131169115e-01
-1.785346509429978357e-01
-1.785254435882414337e-01
-1.784968443444156783e-01
-1.784604888497049735e-01
-1.784070391816728607e-01
-1.783699481964236555e-01
-1.783475857746464333e-01
-1.783514139830710832e-01
-1.783310992376015147e-01
-1.782838638968117229e-01
-1.782325516218712103e-01
-1.782238731786294494e-01
-1.782464724336735584e-01
-1.782823466232357768e-01
-1.783390701574746606e-01
-1.783996371703001627e-01
-1.784497363101659184e-01
-1.785117275805968018e-01
-1.785688064878816761e-01
-1.786533414416930643e-01
-1.787472678674755233e-01
-1.788579890258185923e-01
-1.789670916383398203e-01
-1.790863232323867127e-01
-1.792157944344583975e-01
-1.793441027638633667e-01
-1.794822540938234012e-01
-1.796370359057654353e-01
-1.797823859150843862e-01
-1.799280272149513804e-01
-1.800568479496465202e-01
-1.801949404348232586e-01
-1.803340840219140040e-01
-1.804672373611957426e-01
-1.805861116357173335e-01
-1.807051285916352890e-01
-1.808158796225330101e-01
-1.809110392143697954e-01
-1.810152711581307361e-01
-1.811224534344871295e-01
-1.812482463613865613e-01
-1.813662307987632949e-01
-1.814895536796199693e-01
-1.816150581148772425e-01
-1.817253607311908048e-01
-1.818329242582357175e-01
-1.819229116733306340e-01
-1.820225305867779475e-01
-1.821230930401127324e-01
-1.822438262329002245e-01
-1.823619763593732346e-01
-1.824761148360554697e-01
-1.825711245565420915e-01
-1.826706811574748124e-01
-1.827534670793933835e-01
-1.828243855062760270e-01
-1.828693593231276449e-01
-1.829519531533141952e-01
-1.830739909464792481e-01
-1.831962612180132177e-01
-1.833196510384351441e-01
-1.834417566749616535e-01
-1.835637821979564932e-01
-1.836554389658880404e-01
-1.837017350945110705e-01
-1.837580179989678486e-01
-1.838026934769288467e-01
-1.838737233910411328e-01
-1.839419977156641628e-01
-1.840296982070889487e-01
-1.841002758956630514e-01
-1.841747799535758401e-01
-1.842409346750804033e-01
-1.842954363805772988e-01
-1.843821460655899191e-01
-1.844726877252892694e-01
-1.845791486046132746e-01
-1.846820139689383244e-01
-1.847902529933588278e-01
-1.848612475588093662e-01
-1.849125550081834879e-01
-1.849519265264538137e-01
-1.850131372083592962e-01
-1.850841036651143245e-01
-1.851654945457113788e-01
-1.852216411378844463e-01
-1.852734778786913061e-01
-1.853160998765565060e-01
-1.853294538916019918e-01
-1.853580671603219654e-01
-1.853988538324839730e-01
-1.854385343374853334e-01
-1.854510284409740528e-01
-1.854781481682017397e-01
-1.855083916422103352e-01
-1.855418183092682194e-01
-1.856162172390711240e-01
-1.856803351038061600e-01
-1.857873820918190810e-01
-1.858900581448683642e-01
-1.860166256241363725e-01
-1.861456339881242816e-01
-1.862513195658120346e-01
-1.863370296849969632e-01
-1.864050227597237597e-01
-1.864273292645717006e-01
-1.864418453803086406e-01
-1.864743174154041283e-01
-1.865118729064242087e-01
-1.865252580432785467e-01
-1.864868368473014404e-01
-1.864548310031971801e-01
-1.863882970774013159e-01
-1.863118982065624929e-01
-1.862554802439286283e-01
-1.861730879807030614e-01
-1.861137557435815493e-01
-1.860445976797204248e-01
-1.860054411620542802e-01
-1.859224833090458440e-01
-1.858102903707260223e-01
-1.856789252968672477e-01
-1.855348512056028132e-01
-1.853651310421854936e-01
-1.851882817352571431e-01
-1.850221018044327093e-01
-1.848337778069237547e-01
-1.846619890672660524e-01
-1.844974699224640746e-01
-1.843105945205204266e-01
-1.841504541724277022e-01
-1.839824737396118792e-01
-1.837902221855620133e-01
-1.835888978407018979e-01
-1.834073942726389961e-01
-1.832406401437683685e-01
-1.830839673093055675e-01
-1.829785876416148149e-01
-1.829297080578135837e-01
-1.828089326844331008e-01
-1.826585368933511255e-01
-1.825035875751025993e-01
-1.823151669682613329e-01
-1.820745510451440841e-01
-1.818354825608291259e-01
-1.816049888931859924e-01
-1.813596170396006291e-01
-1.811236201765442921e-01
-1.808694690715475228e-01
-1.806635711861702964e-01
-1.804305611652863017e-01
-1.802113169786395686e-01
-1.800397589669728571e-01
-1.798167873907441372e-01
-1.796061453070915137e-01
-1.793881369636580181e-01
-1.791942595006346672e-01
-1.790086959855393123e-01
-1.788353365867442757e-01
-1.787205446259527986e-01
-1.786504406137582601e-01
-1.785151163987155620e-01
-1.783467523244077479e-01
-1.781303512924144739e-01
-1.779204929344406771e-01
-1.777441441668924649e-01
-1.775577497653196557e-01
-1.773682016175276988e-01
-1.772003619729632384e-01
-1.770254506436905184e-01
-1.768800504484186742e-01
-1.767252408813518305e-01
-1.766095487956574339e-01
-1.765000967036321200e-01
-1.763835117674638631e-01
-1.762395645701816116e-01
-1.760640825612727611e-01
-1.759100778005359689e-01
-1.757253214108681905e-01
-1.755913747026803529e-01
-1.754726677835758974e-01
-1.753709211263500545e-01
-1.752759097266984312e-01
-1.751826025632109984e-01
-1.750764345878380313e-01
-1.749418675536905943e-01
-1.747992976906439511e-01
-1.746342257260271869e-01
-1.744704046390826158e-01
-1.742414181556494190e-01
-1.740035038022046954e-01
-1.738061298130627597e-01
-1.735810694214128258e-01
-1.733361941001073936e-01
-1.730771332014428288e-01
-1.728354990611289665e-01
-1.725768930364646736e-01
-1.722761532838156806e-01
-1.719868950706425759e-01
-1.717211017618135438e-01
-1.714922815916755106e-01
-1.712601078486493400e-01
-1.710220115946550212e-01
-1.707503775179516348e-01
-1.705195547560318658e-01
-1.702811670451765125e-01
-1.700593389659411370e-01
-1.698179735434266202e-01
-1.695618264466463854e-01
-1.693471953140452957e-01
-1.691341990836068843e-01
-1.689333477111062132e-01
-1.687691956464785203e-01
-1.686075798554944050e-01
-1.684147136511604803e-01
-1.682186245108007461e-01
-1.680401586581140583e-01
-1.678641912188463259e-01
-1.676849716788562095e-01
-1.674725496102957567e-01
-1.672230061247846067e-01
-1.669854819425585779e-01
-1.667825883439973678e-01
-1.665739770705895462e-01
-1.663838950902262748e-01
-1.661945397311611339e-01
-1.659763473368596753e-01
-1.657348999359276598e-01
-1.654740411739361039e-01
-1.652125707913891239e-01
-1.649777311302970950e-01
-1.647129291582848654e-01
-1.644987711365362426e-01
-1.643129472459410878e-01
-1.641494237895265440e-01
-1.640184100389003585e-01
-1.638289623274671314e-01
-1.636225280049475317e-01
-1.634181877261713933e-01
-1.631985605290922903e-01
-1.629974467260423554e-01
-1.627617230483802135e-01
-1.625647309942508667e-01
-1.623509018307935647e-01
-1.621269463829160817e-01
-1.618617080510812434e-01
-1.615846172507208744e-01
-1.612883093252400757e-01
-1.609483359335333597e-01
-1.606061165094447019e-01
-1.603036381517568831e-01
-1.599915196085753277e-01
-1.596642933864182989e-01
-1.593913181366283238e-01
-1.591063765247040240e-01
-1.587555823142859091e-01
-1.583952731765303767e-01
-1.580358641436709621e-01
-1.576907996057220762e-01
-1.573601429366605908e-01
-1.570202847920124933e-01
-1.566630180226635527e-01
-1.562926767299059605e-01
-1.559165615936932148e-01
-1.555016823470601883e-01
-1.550912307925822742e-01
-1.546915769847436728e-01
-1.542877386134925422e-01
-1.539264244886672239e-01
-1.535206656872891706e-01
-1.531014242158402205e-01
-1.526611281822546351e-01
-1.522076562585012449e-01
-1.517647203910420795e-01
-1.513662855817743680e-01
-1.509436958785495275e-01
-1.504920928924516066e-01
-1.499775165221247930e-01
-1.494929097601680745e-01
-1.490130615895207122e-01
-1.485261203928497087e-01
-1.480467999391816003e-01
-1.475524064305287208e-01
-1.470444463070835206e-01
-1.465637792249262772e-01
-1.461035808672212499e-01
-1.456443346795498195e-01
-1.452216860549769561e-01
-1.448508756757840299e-01
-1.444917136899728227e-01
-1.441490294197954325e-01
-1.438170909945467313e-01
-1.434792866890631791e-01
-1.431759606551809005e-01
-1.428844012416533582e-01
-1.426333908774678472e-01
-1.424290767385798240e-01
-1.422494880205242285e-01
-1.420440261939127369e-01
-1.418331140035401228e-01
-1.416870728685909742e-01
-1.415695651040382030e-01
-1.414666310868511190e-01
-1.413766142907140477e-01
-1.413202138340334812e-01
-1.412537595466483720e-01
-1.411786730863237027e-01
-1.410725807309546054e-01
-1.409171018624402749e-01
-1.407501330907362513e-01
-1.405800428008810721e-01
-1.404177588876168725e-01
-1.402324571240807782e-01
-1.400119006130179089e-01
-1.398513352128044063e-01
-1.396321806276029642e-01
-1.394278921669707405e-01
-1.391904095916428052e-01
-1.389400113049763519e-01
-1.387223680997553277e-01
-1.384795717232621959e-01
-1.382906851985028773e-01
-1.380554069426666586e-01
-1.378370893034929212e-01
-1.376395082302365458e-01
-1.374582358942228466e-01
-1.372766119093634940e-01
-1.370757168384454106e-01
-1.369273599552745524e-01
-1.367377054731191144e-01
-1.365199007657933727e-01
-1.362802565192045290e-01
-1.360525284206214047e-01
-1.358022937031788946e-01
-1.354868515170659926e-01
-1.352445037395367256e-01
-1.350115370902374989e-01
-1.348082842973994111e-01
-1.345805155506097361e-01
-1.343148086875840252e-01
-1.340578182279832664e-01
-1.338656202700177766e-01
-1.337148464146807325e-01
-1.335121989326440162e-01
-1.332768173843035253e-01
-1.330754305061603582e-01
-1.328380442343269352e-01
-1.326508608106398146e-01
-1.324793845377622015e-01
-1.323351056562337702e-01
-1.321840736824026474e-01
-1.319974676873991171e-01
-1.318230506831800097e-01
-1.316681588993468821e-01
-1.314981800291582514e-01
-1.313057486168139609e-01
-1.311471384038946919e-01
-1.309388646868714923e-01
-1.307148029192366778e-01
-1.304997669092425316e-01
-1.302813427900160748e-01
-1.300993983389068798e-01
-1.299200163177714473e-01
-1.297283962929705603e-01
-1.294953324367150160e-01
-1.292073531597523750e-01
-1.289026912409347581e-01
-1.286117805428512173e-01
-1.282852948416702832e-01
-1.279747567078974302e-01
-1.276542910535049813e-01
-1.273863752015496897e-01
-1.271646552021051535e-01
-1.269715208587930133e-01
-1.267815730354013570e-01
-1.265688188525094515e-01
-1.263630901902759729e-01
-1.261766315783066916e-01
-1.259690752099496824e-01
-1.258054300331757358e-01
-1.256594935700277582e-01
-1.255120900281367080e-01
-1.253741301965952404e-01
-1.252375470677295211e-01
-1.250972415831877460e-01
-1.249587878389530615e-01
-1.248106527613268013e-01
-1.247015740390147592e-01
-1.245680008893177287e-01
-1.244329856451989735e-01
-1.242326685615626619e-01
-1.240009812673786016e-01
-1.237979487293333486e-01
-1.235884800533915973e-01
-1.233494778760425431e-01
-1.231419003524896333e-01
-1.228825021881040369e-01
-1.226236806065096052e-01
-1.223280787189567342e-01
-1.220152885181744334e-01
-1.217040069163836252e-01
-1.213868368542625337e-01
-1.210541312848994466e-01
-1.207326865192652476e-01
-1.203890332185047485e-01
-1.200700715222360743e-01
-1.197666309576950056e-01
-1.194575072763628121e-01
-1.191804493912141799e-01
-1.188541018016492645e-01
-1.185802440531449758e-01
-1.182960093700257398e-01
-1.179649617004101675e-01
-1.176133222566460856e-01
-1.172483673136999610e-01
-1.168983577124984297e-01
-1.165177651039494694e-01
-1.161628900934451175e-01
-1.158345799643718116e-01
-1.154598383188568805e-01
-1.151257913073725908e-01
-1.148622615608666658e-01
-1.146805350465531920e-01
-1.145048357013395968e-01
-1.143354382574636868e-01
-1.141813565708620914e-01
-1.140697832468504508e-01
-1.139669782547630683e-01
-1.138886630571605274e-01
-1.137908489881756524e-01
-1.137001760930103633e-01
-1.136034934068541891e-01
-1.134798143226887907e-01
-1.133600230332586639e-01
-1.132634483752309046e-01
-1.131687176815063950e-01
-1.130837671119927501e-01
-1.130256553241044820e-01
-1.129660329139318825e-01
-1.129470531888880913e-01
-1.128857160123204612e-01
-1.128598810917003231e-01
-1.128140659703258386e-01
-1.127905042366472710e-01
-1.127814813893936174e-01
-1.127985695168952363e-01
-1.127504898087243884e-01
-1.127211816221482255e-01
-1.127704095516220278e-01
-1.128753963088728468e-01
-1.129660147951482008e-01
-1.131049421087828993e-01
-1.132886064521425734e-01
-1.134259318298553587e-01
-1.136041114477328862e-01
-1.137218904267916358e-01
-1.138579983880122909e-01
-1.139667637711362369e-01
-1.140332459524131953e-01
-1.141487590138443586e-01
-1.142367990475580408e-01
-1.143275117403674546e-01
-1.144281622283688793e-01
-1.145303858110680445e-01
-1.146487561917398784e-01
-1.148212685113826625e-01
-1.149678373181903246e-01
-1.151170846113910018e-01
-1.152854019940444397e-01
-1.154685824418292261e-01
-1.156063352936547717e-01
-1.157470968167445269e-01
-1.159406872090443102e-01
-1.161346748435529014e-01
-1.162937657468008923e-01
-1.164568061681632155e-01
-1.165999045300453313e-01
-1.167021154457348331e-01
-1.168213313781731461e-01
-1.169203118298566685e-01
-1.170520976676096975e-01
-1.171710092259138913e-01
-1.173269842570130728e-01
-1.174801427740119475e-01
-1.176290410312825496e-01
-1.177897130216092048e-01
-1.179664537571414179e-01
-1.181198611995399606e-01
-1.182857122395260113e-01
-1.184240515682478539e-01
-1.185618153759229326e-01
-1.187333019123842648e-01
-1.189140735579413549e-01
-1.190927339133202173e-01
-1.193231016529159444e-01
-1.195060751387866937e-01
-1.197240187767713154e-01
-1.199285929797295203e-01
-1.200954555640368349e-01
-1.202745264001891801e-01
-1.204420667262150191e-01
-1.205772288670871467e-01
-1.207006531523252962e-01
-1.208543097796233590e-01
-1.210290175870563506e-01
-1.212185909072105855e-01
-1.214048438477102199e-01
-1.215812177032991187e-01
-1.217434885282749485e-01
-1.218674847979418496e-01
-1.220171256277595706e-01
-1.221606881883114532e-01
-1.223051828910891592e-01
-1.224699481379497024e-01
-1.226060681188846646e-01
-1.227710290321071540e-01
-1.229423182889749500e-01
-1.231292496177842644e-01
-1.232977683653873613e-01
-1.234274520442603662e-01
-1.235509573289497315e-01
-1.236991369118455031e-01
-1.238508005141517182e-01
-1.239947921824282595e-01
-1.241544702732724770e-01
-1.242872807788795164e-01
-1.243907280048086733e-01
-1.245300547208544606e-01
-1.246481057921517144e-01
-1.247848396949075567e-01
-1.249130321536864041e-01
-1.250673884747547093e-01
-1.252530725381023613e-01
-1.254380624333198968e-01
-1.255971991472421556e-01
-1.257742856646255902e-01
-1.258956126007007570e-01
-1.259932143075519761e-01
-1.261071259573964265e-01
-1.262266430595362365e-01
-1.263819144514028159e-01
-1.265506358128548614e-01
-1.266930189086501179e-01
-1.268801838967973661e-01
-1.270657512725547056e-01
-1.272440908827098816e-01
-1.274377339822494182e-01
-1.276259364972469057e-01
-1.277805626657348148e-01
-1.279207950824105267e-01
-1.281005731971396888e-01
-1.282576399942984280e-01
-1.284072209110453666e-01
-1.285899602405601028e-01
-1.287986841765890456e-01
-1.289917615275034957e-01
-1.291795881481120345e-01
-1.293449030947404488e-01
-1.295267110925847065e-01
-1.296823117386022850e-01
-1.298143851722454167e-01
-1.299347459053321052e-01
-1.300409091438116393e-01
-1.301608744097400849e-01
-1.302703516818599916e-01
-1.303504516218141895e-01
-1.304344977665027605e-01
-1.305154007451970188e-01
-1.305541937217406245e-01
-1.305988546639214321e-01
-1.306698249921475208e-01
-1.307302783247840106e-01
-1.307991139842745176e-01
-1.308920191623533513e-01
-1.309974880574097944e-01
-1.311201540246668962e-01
-1.312429942992008047e-01
-1.313240222763658871e-01
-1.314255161927528337e-01
-1.315211760119789630e-01
-1.315855747405566822e-01
-1.316525392815753037e-01
-1.317394696552078581e-01
-1.317930903239101226e-01
-1.318618372298426267e-01
-1.319312649126445636e-01
-1.319631912821531139e-01
-1.319600389159035214e-01
-1.319710115165551589e-01
-1.319812095393742557e-01
-1.320177829009259729e-01
-1.320468689078308777e-01
-1.320809490710446177e-01
-1.321045802766648292e-01
-1.321018831921731973e-01
-1.320814040383411492e-01
-1.320690109664068301e-01
-1.320660222635882397e-01
-1.320812252369013284e-01
-1.320880762230091376e-01
-1.320846359773213408e-01
-1.320859675091666241e-01
-1.321009177652238131e-01
-1.321131387099516719e-01
-1.321246734731322814e-01
-1.321263216924025985e-01
-1.321288623017994879e-01
-1.321308060046431643e-01
-1.321311758959134719e-01
-1.321310904536661668e-01
-1.321307541787090367e-01
-1.321302477260136998e-01
-1.321304247501039475e-01
-1.321294568229773037e-01
-1.321319802299364410e-01
-1.321349380426830311e-01
-1.321304533605513198e-01
-1.321243458203671672e-01
-1.321163996237309235e-01
-1.321126447254675762e-01
-1.321073582092045784e-01
-1.320981438283743703e-01
-1.320853603983363489e-01
-1.320695864111651741e-01
-1.320663167958849304e-01
-1.320497597733200357e-01
-1.320561972934862216e-01
-1.320920839864322682e-01
-1.321270149931724480e-01
-1.321821583877913209e-01
-1.321917103366552215e-01
-1.322171612884316672e-01
-1.322125054246255926e-01
-1.322142713151293336e-01
-1.322286000875494971e-01
-1.322680580266391293e-01
-1.323005236429915521e-01
-1.323654160426653570e-01
-1.323802248258135750e-01
-1.324866147060595467e-01
-1.325159943893465808e-01
-1.325469506280947396e-01
-1.325595283050438333e-01
-1.325985962370036519e-01
-1.326703505798226268e-01
-1.326984909450991956e-01
-1.327055838935723986e-01
-1.326842202405649485e-01
-1.326809184550848952e-01
-1.326859100629188826e-01
-1.326888774463280130e-01
-1.327209981112935089e-01
-1.328325861797459428e-01
-1.328958921714857855e-01
-1.329851386643487732e-01
-1.330349286690160893e-01
-1.331048488255666962e-01
-1.332260947520585159e-01
-1.333973136776782087e-01
-1.335653491797355319e-01
-1.337424478375770776e-01
-1.338827822357348818e-01
-1.340287403582305636e-01
-1.341793474721169610e-01
-1.343526779392094639e-01
-1.345717428954755490e-01
-1.348122549128742687e-01
-1.350440864057649293e-01
-1.352743979369027683e-01
-1.354530552662618070e-01
-1.356313279364679825e-01
-1.357414883540595807e-01
-1.358860605829873835e-01
-1.360677836308888389e-01
-1.362733575397188091e-01
-1.364837864323778516e-01
-1.367073645035961071e-01
-1.368619496772578437e-01
-1.369736509086622589e-01
-1.370891460151356100e-01
-1.371616235369338965e-01
-1.372286406461528108e-01
-1.373517957780892584e-01
-1.375478361229097446e-01
-1.377928945271897909e-01
-1.382477756370727173e-01
-1.387423575752681770e-01
-1.392246111987105739e-01
-1.397049609502250267e-01
-1.401842125099778957e-01
-1.406699429758714315e-01
-1.411433239041802179e-01
-1.416371882277583372e-01
-1.421675797183792334e-01
-1.427059504025907921e-01
-1.432499504428152992e-01
-1.437986315308546759e-01
-1.443461245073661137e-01
-1.448926601679267900e-01
-1.454370313610691134e-01
-1.459864554755771759e-01
-1.465088743660781234e-01
-1.470857290528156391e-01
-1.476711843430233984e-01
-1.482057056545005580e-01
-1.486833467603038694e-01
-1.491103709749415640e-01
-1.495040526620798338e-01
-1.499461093281914126e-01
-1.504919392653292221e-01
-1.510580465352332757e-01
-1.516418104289622149e-01
-1.522337987034754758e-01
-1.528686209562469811e-01
-1.535149476823326753e-01
-1.541968859545389814e-01
-1.548638992374949119e-01
-1.555599238211813062e-01
-1.562377148053541442e-01
-1.569510060153558872e-01
-1.576357971392331192e-01
-1.583462761037790767e-01
3.999979666647530685e-01
3.999979508685853058e-01
3.986762093368865778e-01
3.978394398114435959e-01
3.969324241343307191e-01
3.960020306134247048e-01
3.951862141095160430e-01
3.942433835584743806e-01
3.933283290239891761e-01
3.923073809206621410e-01
3.913382871600641910e-01
3.903346096420727274e-01
3.892185058130307462e-01
3.880871166357937052e-01
3.869212995029476243e-01
3.857352786323662852e-01
3.844437748585060599e-01
3.830514987826246776e-01
3.817070580050349604e-01
3.805079540456362541e-01
3.793448525974034147e-01
3.778725453713597804e-01
3.761310223090743587e-01
3.743605373662245439e-01
3.725968037528748500e-01
3.707581902577146704e-01
3.688506253784906708e-01
3.670116836542668404e-01
3.651839559438217475e-01
3.633119100453411909e-01
3.614241111967763098e-01
3.595474301209245493e-01
3.576965437151708449e-01
3.559021538857068401e-01
3.541196706126627514e-01
3.523365549815325459e-01
3.505674516212990421e-01
3.488019891349887214e-01
3.470606552885254215e-01
3.452959880769673751e-01
3.434932076506497789e-01
3.416815684633586758e-01
3.398657449808323294e-01
3.381249430115779719e-01
3.364018405397178335e-01
3.345413407173318254e-01
3.327492197680846364e-01
3.309484470515487442e-01
3.290039842421236815e-01
3.271034508469323199e-01
3.251956788817580435e-01
3.232861012811203416e-01
3.212734610073125774e-01
3.193364122484683709e-01
3.173326656375308752e-01
3.155743310899550291e-01
3.135832385309475501e-01
3.116030640890221082e-01
3.095891666573868939e-01
3.076696483119672476e-01
3.057702885416044292e-01
3.038528971877531015e-01
3.018233821151107277e-01
2.998313986828430311e-01
2.977682844756869840e-01
2.957042247783032707e-01
2.936393660204332789e-01
2.915738468960667462e-01
2.895077953005743554e-01
2.874413248208483318e-01
