1.999976184791770750e-01
1.999976026080840241e-01
1.985092266851539444e-01
1.984841881609822334e-01
1.984915673862723828e-01
1.985196971917715936e-01
1.985699415862310080e-01
1.986574508734432754e-01
1.987412724378935236e-01
1.988358383138404406e-01
1.989349422148646573e-01
1.990158399503269282e-01
1.990802473819757168e-01
1.991504617459008697e-01
1.992258817008996097e-01
1.992971115850724895e-01
1.993431330616633745e-01
1.993675968313034785e-01
1.993912934733293452e-01
1.994255218553833142e-01
1.994640860931188864e-01
1.994710033456139064e-01
1.994974570128999203e-01
1.995343722787625285e-01
1.995497130448459777e-01
1.995352083587309533e-01
1.995125801868201654e-01
1.994759535996162569e-01
1.994578538535141110e-01
1.994352880886214596e-01
1.994176175413109320e-01
1.994000359836612668e-01
1.993904620596077260e-01
1.990865367041157186e-01
1.987676439780398097e-01
1.984288880505677422e-01
1.980760485035869267e-01
1.977129085844482881e-01
1.973333094640847274e-01
1.969371927907652142e-01
1.965244360675936774e-01
1.960984810520148836e-01
1.956599234780169450e-01
1.952046700294627068e-01
1.947425172958763551e-01
1.942698301494231727e-01
1.937880436297312881e-01
1.933017920971437098e-01
1.928163915258550021e-01
1.923317214755878857e-01
1.918498211091269612e-01
1.913772538000479695e-01
1.908950088717638327e-01
1.904150995917391342e-01
1.899225062278436793e-01
1.894207939411387265e-01
1.889193840702976246e-01
1.884182335806402209e-01
1.879182305016766918e-01
1.874169827626920859e-01
1.869159175161538289e-01
1.864180485067545023e-01
1.859155740532219270e-01
1.854131759852746253e-01
1.849108374058616999e-01
1.844085470067636512e-01
1.839062994905683035e-01
1.834040878405713837e-01
1.829019038575576406e-01
1.823997411740785057e-01
1.819041901594900257e-01
1.814040641730515768e-01
1.808961222528984447e-01
1.803929730361062411e-01
1.803311699072558949e-01
1.802658765332121604e-01
1.802242344207290736e-01
1.799697624601257762e-01
1.797097258721548074e-01
1.794472189146619490e-01
1.791819305443929089e-01
1.789157106786397611e-01
1.786494012443773927e-01
1.783832065066046080e-01
1.781170498411523972e-01
1.778509229309155615e-01
1.775847947189243270e-01
3.999970021593083902e-01
3.999969861140761362e-01
3.979879799282530772e-01
3.963754687302080137e-01
3.947595411396665477e-01
3.931205212188726983e-01
3.914428092487631239e-01
3.897384513086670221e-01
3.880005212497298350e-01
3.863063359561270116e-01
3.845888050172905359e-01
3.829507029995478096e-01
3.812352214959882080e-01
3.795633440110821599e-01
3.779298829304008622e-01
3.762435902539086885e-01
3.745608826363657218e-01
3.728791090428357213e-01
3.712247427034391367e-01
3.696189955947001837e-01
3.679803236191874771e-01
3.663352886640725004e-01
3.646561723981587844e-01
3.629361376855601562e-01
3.612076674223278494e-01
3.595139306711573335e-01
3.578666619218962008e-01
3.562437592867139791e-01
3.546278544471607175e-01
3.529900801426202328e-01
3.513216339265137211e-01
3.495630018311673415e-01
3.479170234649818783e-01
3.463395872014881638e-01
3.446965732896033474e-01
3.431277047637706912e-01
3.415848139805577333e-01
3.400668002014886615e-01
3.385490351977062384e-01
3.371298765254383545e-01
3.357784789687711102e-01
3.345830512817696278e-01
3.335467855356819000e-01
3.324866394811014647e-01
3.316223578418269757e-01
3.310384425026893229e-01
3.308027655770139352e-01
3.303742346314347267e-01
3.301961993914346305e-01
3.299751542189940934e-01
3.297608416196922132e-01
3.295857969336765669e-01
3.294237805351934445e-01
3.292759714633121670e-01
3.291544410755085637e-01
3.290262955378088217e-01
3.289159844662845611e-01
3.288269935765665286e-01
3.287310395097832738e-01
3.286557164956506183e-01
3.285998229134923787e-01
3.285605597910404851e-01
3.285310504598797365e-01
3.285219230810814128e-01
3.285242858871993410e-01
3.285370619138501813e-01
3.285594855474366360e-01
3.288227449160253668e-01
3.290840898317984875e-01
3.293430489419797436e-01
3.295989145187540603e-01
3.298531198016775856e-01
3.301059838862999141e-01
3.303578668096206483e-01
3.306090994514838122e-01
3.308599385952574745e-01
3.311106236175119788e-01
3.313613021327082575e-01
3.316120792769679526e-01
3.318630210114177914e-01
3.321141648825277626e-01
3.323655272605291477e-01
3.326171087473879795e-01
3.328688979693929517e-01
3.331208769570035977e-01
3.333730241853126719e-01
3.336253168394422985e-01
3.338777324320691409e-01
3.341302498953193090e-01
3.343828502586561058e-01
3.346355171423177621e-01
3.348882366670714594e-01
3.351409796369211880e-01
3.353937237224523527e-01
3.356464720009457725e-01
3.358992245603337756e-01
3.361519805337807587e-01
3.364047393817615750e-01
3.366575008215342835e-01
3.369102638909798331e-01
3.371630269672959423e-01
3.374157887028680913e-01
3.376685562651507988e-01
3.379213311893112248e-01
3.381741150946357410e-01
3.384269093514455373e-01
3.386797150340053464e-01
3.389325328862544118e-01
3.391853632989942358e-01
3.394382062973340664e-01
3.396910615373043840e-01
3.399439283106441279e-01
3.401968055568612148e-01
3.404496918817249695e-01
3.407025854431862677e-01
3.409554845949379631e-01
3.412083876606409882e-01
3.414612931680519048e-01
3.417141995404015531e-01
3.419671051207276435e-01
3.422200091494973506e-01
3.424729110557787615e-01
3.427258103379088872e-01
3.429787064024782950e-01
1.999975561781298927e-01
1.999975402440432315e-01
1.983341255083279075e-01
1.978984537628042106e-01
1.974658689910051834e-01
1.969722330814031863e-01
1.965006156993081843e-01
1.960396351733092735e-01
1.955603936508843177e-01
1.950452079766668012e-01
1.944948311743962543e-01
1.939384834802270474e-01
1.933628198201181314e-01
1.928043962398607036e-01
1.922160422608568675e-01
1.916934185514304889e-01
1.911648864179906759e-01
1.906777228845802086e-01
1.901702530075567443e-01
1.896661335490878730e-01
1.891320161416905343e-01
1.886024478570178797e-01
1.881133781701569974e-01
1.875910466341831062e-01
1.861524483175364952e-01
1.847237583387054682e-01
1.834389164848961029e-01
1.823547762407554118e-01
1.813242020227897044e-01
1.803473519015991178e-01
1.790931015069884835e-01
1.783394139995542471e-01
1.776042191344306687e-01
1.769665859823249532e-01
1.762988573611967147e-01
1.757396448898941588e-01
1.751504323215844483e-01
1.745597674394252230e-01
1.739486808957122765e-01
1.734644027763386498e-01
1.730890255622065665e-01
1.726975332873097180e-01
1.723381122145327682e-01
1.720137042317621823e-01
1.717441314965684473e-01
1.714993749363207254e-01
1.712719325579668550e-01
1.710659043722020933e-01
1.708979653364791074e-01
1.707397389831463164e-01
1.706146069487197436e-01
1.705182010713777729e-01
1.704449290386458871e-01
1.703931974738059074e-01
1.703703513814800452e-01
1.703691852680088714e-01
1.703885703768121540e-01
1.704385983165936091e-01
1.705485742434773022e-01
1.707206900936713290e-01
1.709728050661967480e-01
1.713336543508260090e-01
1.717994285548223588e-01
1.723432030741669230e-01
1.729439696437968244e-01
1.735916077609579722e-01
1.742913432412683261e-01
1.750359568472285299e-01
1.758191121619023800e-01
1.766626884626318339e-01
1.775519842251580549e-01
1.784796398431531816e-01
1.794440904094308509e-01
1.804617670474484570e-01
1.815414913271509167e-01
1.826734342871444428e-01
1.838482260099637555e-01
1.850693384989644530e-01
1.863158092587064441e-01
1.876037759386142423e-01
1.889277141813063832e-01
1.902994296368937799e-01
1.916923741190288133e-01
1.931091987550627997e-01
1.945575676124559339e-01
1.960137894299780748e-01
1.974947672956922917e-01
1.989863565358685749e-01
2.004670772214684482e-01
2.019526987323297107e-01
2.034543306915979621e-01
2.049692566334954669e-01
2.064973231010335253e-01
2.080948339738787067e-01
2.097056312964329094e-01
2.112881393613095238e-01
2.129419146700062271e-01
2.147195596526277617e-01
