-1.999999589642741105e-01
-1.999999561115287094e-01
-1.999777578288461366e-01
-1.999822759329003830e-01
-2.000230782663961759e-01
-2.001040795715640641e-01
-2.002481087257952652e-01
-2.004278901446502337e-01
-2.006573010601019336e-01
-2.009067471483188538e-01
-2.011854439304729125e-01
-2.014885957413922457e-01
-2.018362692420483939e-01
-2.022451339172542384e-01
-2.026709303243855731e-01
-2.031919330545850777e-01
-2.037275474420946197e-01
-2.042507142756596894e-01
-2.048168256302934365e-01
-2.053679845130852721e-01
-2.059081305976414866e-01
-2.065415011705140358e-01
-2.072361912090300851e-01
-2.080817134690474413e-01
-2.090313614432521561e-01
-2.099431726312973312e-01
-2.108600462117838359e-01
-2.117850948441885317e-01
-2.126403370079749111e-01
-2.134567711849981175e-01
-2.142589998025672404e-01
-2.151203510363738358e-01
-2.159312840664150135e-01
-2.167948996113593652e-01
-2.176914503632220999e-01
-2.186340719741528826e-01
-2.195799388148851061e-01
-2.206380206706896052e-01
-2.219127953733791847e-01
-2.233133767546984227e-01
-2.248702206113356861e-01
-2.270704543432408296e-01
-2.291733963896578630e-01
-2.310901656442935492e-01
-2.331645444718814797e-01
-2.351818680404386408e-01
-2.373882358665075354e-01
-2.395345227666899057e-01
-2.417823827250986379e-01
-2.440239342904038100e-01
-2.462455918878195538e-01
-2.484941531064178699e-01
-2.507523069980768238e-01
-2.529893995332770928e-01
-2.552124959404034610e-01
-2.574423105938902778e-01
-2.598345206902423765e-01
-2.620743029660539958e-01
-2.645309534425260289e-01
-2.667630763244800973e-01
-2.691566100397037031e-01
-2.716070926516752637e-01
-2.740581280026052058e-01
-2.765096286332336950e-01
-2.789615281702579330e-01
-2.814137559413580347e-01
-2.838662609359853817e-01
-2.863189763071317118e-01
-2.887718507606205076e-01
-2.912248437958953606e-01
-2.936779219451821632e-01
-2.961310583415273090e-01
-2.985842321435933089e-01
-3.010374201236481473e-01
-3.034906046680234670e-01
-3.059437780984770039e-01
-3.083969353997011442e-01
-3.108500735972061779e-01
-3.133031912233292249e-01
-3.157562879562470504e-01
-3.181307360779177529e-01
-3.205814882276358246e-01
-3.230322599383417259e-01
-3.254237608084930011e-01
-3.278728144351182316e-01
-3.299348364954447499e-01
-3.320121327964398739e-01
-3.339136479422667447e-01
-3.358522379686709192e-01
-3.382451124896814210e-01
-3.406382120968842186e-01
-3.430315129560058685e-01
-3.454251121716728767e-01
-3.478190580275547505e-01
-3.502133621887094095e-01
-3.526080050266078847e-01
-3.550029668773522773e-01
-3.573982080910437231e-01
-3.597936730953514850e-01
-3.621893222167491544e-01
-3.645851185969499197e-01
-3.669810292360086157e-01
-3.693770256581975775e-01
-3.717730829075404642e-01
-3.741449303062683862e-01
-3.762404254889648580e-01
-3.782233679802077808e-01
-3.798947076668665046e-01
-3.810870279821964579e-01
-3.820889098525202532e-01
-3.829280809721046230e-01
-3.838428618458094022e-01
-3.846106633268137065e-01
-3.852466852261777763e-01
-3.859029731415741793e-01
-3.865363629705649839e-01
-3.873268026151573395e-01
-3.879000171847471479e-01
-3.884851009287923485e-01
-3.892466835518710866e-01
-3.900697348530454689e-01
-3.908827405933122390e-01
-3.918129803592115268e-01
-3.928694120582132410e-01
-3.936769848578358100e-01
-3.945234307310510613e-01
-3.950962430197028641e-01
-3.956909545344891588e-01
-3.964210156518724881e-01
-3.970018617177988318e-01
-3.975835158149101933e-01
-3.980079676482610185e-01
-3.984336060454652384e-01
-3.987746106989661921e-01
-3.991914710210289208e-01
-3.999094400135047023e-01
-4.003136873678083685e-01
-4.008762390154783639e-01
-4.018398561672612002e-01
-4.029019756411851283e-01
-4.044139443600868744e-01
-4.061225142664507959e-01
-4.080127861233479036e-01
-4.098712262279268770e-01
-4.117608582709936793e-01
-4.136450685123348459e-01
-4.155156708643006902e-01
-4.173580241598831009e-01
-4.192167824709723822e-01
-4.210778224899305866e-01
-4.229489282012711127e-01
-4.248120087061846295e-01
-4.266421174309469322e-01
-4.284377772308531895e-01
-4.302962762713228861e-01
-4.321590790157345818e-01
-4.340382921609665101e-01
-4.359222002983486055e-01
-4.377884291340258804e-01
-4.396766411359440130e-01
-4.415614012223746943e-01
-4.434499508604021756e-01
-4.453387526465887314e-01
-4.472277493311884733e-01
-4.491168927331046778e-01
-4.510061393259451878e-01
-4.528954548427976401e-01
-4.547848205634604235e-01
-4.566742185816413668e-01
-4.585636351787019116e-01
-4.604530604720138975e-01
-4.623425033389439998e-01
-4.642319828035242346e-01
-4.661214588278753679e-01
-4.680109256539989881e-01
-4.699003762057067379e-01
-4.717897931940858158e-01
-4.736791798826011091e-01
-4.755685395276540994e-01
-4.774578805808062376e-01
-4.793472110060845726e-01
-4.812365372465241542e-01
-4.831258662371232249e-01
-4.850151929438124010e-01
-4.869045183409641542e-01
-4.887938433238401270e-01
-4.906831686583270069e-01
-4.925724949924465967e-01
-4.944618228678707150e-01
-4.963511527305566329e-01
-4.982404849401051439e-01
-5.001298197778450971e-01
-5.020191529707819234e-01
-5.039084873602031056e-01
-5.057978272623492311e-01
-5.076871737641819315e-01
-5.095765277986658015e-01
-5.114658900715426393e-01
-5.133552610407293715e-01
-5.152446409021582685e-01
-5.171340295818354083e-01
-5.190234267337847651e-01
-5.209128317433443511e-01
2.000015078064060481e-01
2.000015234104116912e-01
2.010293740465747825e-01
2.020406337045606571e-01
2.030988441950264123e-01
2.041751820744800161e-01
