1.999968899567343694e-01
1.999968739467012369e-01
1.980589154375481387e-01
1.958013213039516975e-01
1.935837776952122058e-01
1.913972564432284418e-01
1.891485196751531428e-01
1.868922420198365630e-01
1.846850154302935865e-01
1.823958561250225707e-01
1.801714681131280638e-01
1.780242844254945611e-01
1.759083600820535442e-01
1.737858940143928443e-01
1.716593317811000718e-01
1.695380559567959966e-01
1.674087031331354947e-01
1.652467728910583522e-01
1.631025338309061989e-01
1.610288033492427717e-01
1.589382703641193106e-01
1.568805996434632088e-01
1.548524159351518104e-01
1.527711730588243166e-01
1.507387336488313079e-01
1.487189440275326069e-01
1.467322201287974415e-01
1.448128102262100647e-01
1.428839486195505049e-01
1.409463400032597569e-01
1.390504416348949945e-01
1.371844722383120663e-01
1.353417362422637826e-01
1.335912409795656786e-01
1.318058874318688845e-01
1.300456567122514062e-01
1.283297536790068138e-01
1.265617009449138131e-01
1.248281912410914296e-01
1.230813521925818305e-01
1.213491898091766386e-01
1.196632359832612291e-01
1.179747729031607878e-01
1.162660049844863597e-01
1.145865328855147774e-01
1.128870904766169359e-01
1.112061914658047795e-01
1.095040655383079237e-01
1.077832786359367301e-01
1.060474239143661679e-01
1.043115374257829325e-01
1.025916429366528354e-01
1.008709904698656956e-01
9.915892323267122554e-02
9.742839958545562729e-02
9.567325239746693466e-02
9.392575450857623687e-02
9.219668441953840499e-02
9.043133639901301812e-02
8.864830710302427919e-02
8.688544535619220632e-02
8.510328924200860623e-02
8.332448286190771713e-02
8.155979330112815562e-02
7.978386519759571305e-02
7.800308753425160002e-02
7.622211496451829216e-02
7.444099705581397330e-02
7.265977451382987784e-02
7.087848061584059445e-02
6.909714801342979607e-02
6.731579434669610063e-02
6.553442518143924589e-02
6.375304958558862534e-02
6.199591484442552869e-02
6.021700363928694788e-02
5.843807016899661005e-02
5.665911318926012546e-02
5.488013148840675121e-02
5.311057183582317681e-02
5.133250370861321132e-02
4.955439967820694791e-02
4.777625411233835800e-02
4.599807450345011484e-02
4.421986854389893529e-02
4.244164001410097309e-02
4.066339276374043160e-02
3.888513059422932933e-02
3.710685718330206107e-02
3.532857603963843879e-02
3.355029047790577396e-02
3.177200360692235964e-02
2.999371832561100598e-02
2.821543732301770233e-02
2.643716324665825249e-02
2.465888333725841514e-02
2.288059857039273504e-02
2.110231114886604656e-02
1.932402315925179498e-02
1.754573655763806347e-02
1.576745315467115507e-02
1.398917460014162048e-02
1.221090236748204917e-02
1.043263773859300428e-02
8.654381789446165610e-03
6.876135376900068680e-03
5.097899092905117981e-03
3.319680898186728318e-03
1.541471775947521718e-03
-2.367293842617085829e-04
-2.014923686923809562e-03
-3.793112396694374357e-03
-5.571296928785943875e-03
-7.349478833298541715e-03
-9.127659774394456318e-03
-1.090584152758879502e-02
-1.268405891179317027e-02
-1.446227508187453159e-02
-1.624048683357704609e-02
-1.801869895984766975e-02
-1.979691848075273986e-02
-2.157514339056895367e-02
-2.335337178035518102e-02
-2.513160167895706412e-02
-2.690978326047075916e-02
-2.868796814397978068e-02
-3.046615785749052716e-02
-3.224435375869942610e-02
-3.402255701970191559e-02
-3.580076861176779979e-02
-3.757898928361108615e-02
-3.935722734486242491e-02
-4.113547921145685460e-02
-4.291373986447557382e-02
-4.469200823945648077e-02
-4.647028310012268210e-02
-4.824856304681556657e-02
-5.002684653139835569e-02
-5.180513187755809296e-02
-5.358341730545778531e-02
-5.536170095964370458e-02
-5.713998093912119741e-02
-5.891825532857948577e-02
-6.069652217494179297e-02
-6.247479302508718302e-02
-6.425306872708615169e-02
-6.603134728775431062e-02
-6.780962674723947647e-02
-6.958790521404888130e-02
-7.136618089727794767e-02
-7.314445213594890360e-02
-7.492271742536202317e-02
-7.670097544040474502e-02
-7.847922505576616914e-02
-8.025746536299221967e-02
-8.203569568430263415e-02
-8.381390922258530329e-02
-8.559211205904289355e-02
-8.736564111544034561e-02
-8.911806767161398191e-02
-9.089939818613954059e-02
-9.264437727711440085e-02
-9.440577542514372311e-02
-9.616529687318764452e-02
-9.789402531388485817e-02
-9.966002553797372043e-02
-1.014214514850979437e-01
-1.031580311509101566e-01
-1.048899120964959103e-01
-1.065763706452481085e-01
-1.082905602138943407e-01
-1.100057371882992574e-01
-1.116579643894358431e-01
-1.132396334879450656e-01
-1.147513458233028194e-01
-1.162821973847057849e-01
-1.178828040307279834e-01
-1.195574699221306769e-01
-1.212088065668498887e-01
-1.228221113465526732e-01
-1.242184865949214762e-01
-1.256921143229817461e-01
-1.270318228613603606e-01
-1.283151769387594066e-01
-1.296906428772915398e-01
-1.311123092687717928e-01
-1.325317032000859763e-01
-1.339748813232231328e-01
-1.354180322967110661e-01
-1.369426317740341514e-01
-1.384281381567332991e-01
-1.398441943364573670e-01
-1.411832065431988525e-01
-1.424087093483957511e-01
-1.436814655571556909e-01
-1.449063159275764956e-01
-1.461357010334487505e-01
-1.473342682900518064e-01
-1.485196725446925325e-01
-1.498313208447068223e-01
-1.511035158524884348e-01
-1.523586088318024945e-01
-1.535540517978496999e-01
-1.547842904001729414e-01
-1.560900435988484547e-01
-1.573836500067155586e-01
-1.586888030601699695e-01
-1.600368730361815262e-01
-1.614052237306369819e-01
-1.627585150508378264e-01
-1.642119671813978832e-01
-1.656601822191121065e-01
-1.671966498596864914e-01
-1.687077337676629596e-01
-1.702117826014780122e-01
-1.717536282893351030e-01
-1.734220301405836051e-01
-1.750629037350223682e-01
-1.768006866019931622e-01
-1.784824916942940876e-01
-1.802118495237692020e-01
-1.819777954664857367e-01
-1.837384466714342413e-01
-1.855385738994863309e-01
-1.873616349790802882e-01
-1.892083894831280977e-01
-1.910862312342975766e-01
-1.929967228758681097e-01
-1.949323473822709707e-01
-1.968749654516514236e-01
-1.988270862326692034e-01
-2.008127206870634063e-01
-2.027755188680702703e-01
-2.047641843770608150e-01
-2.068190740955621332e-01
-2.088865074916642084e-01
-2.109338256427087110e-01
-2.129832957227187906e-01
-2.150711537937401718e-01
-2.171914477498923801e-01
-2.193543747049110926e-01
-2.214812560881630754e-01
-2.235930413726777422e-01
-2.256960601906815855e-01
-2.278553190756174018e-01
-2.299846187399068598e-01
-2.320868638250443705e-01
-2.342058197818374932e-01
-2.363616665158641272e-01
-2.384932723690343925e-01
-2.406317706696840530e-01
-2.427944724016382894e-01
-2.449932495405036104e-01
-2.471787403323297272e-01
-2.493512856324734406e-01
-2.515542819304498190e-01
-2.537356897757216956e-01
-2.559669480338129244e-01
-2.582353722258961537e-01
-2.604913018919615686e-01
-2.627674781601000431e-01
-2.650514166295266927e-01
-2.673296994408435046e-01
-2.696682678774132702e-01
-2.720028268535555349e-01
-2.743467431656460009e-01
-2.766525942075820921e-01
-2.789691682891806135e-01
-2.813065286563865008e-01
-2.836313677981352477e-01
-2.858968733943624274e-01
-2.881086996369969788e-01
-2.902736583510108770e-01
-2.925195350615265033e-01
-2.945736712784544631e-01
-2.968418210872955654e-01
-2.991146063880488759e-01
-3.011659877053742829e-01
-3.033106350586110556e-01
-3.056311759961729546e-01
-3.077402801367363216e-01
-3.099681422018392141e-01
-3.122241905270751738e-01
-3.143273843966171155e-01
-3.165400934960421186e-01
-3.185459789318155210e-01
-3.208101863394124953e-01
-3.230269740382076815e-01
-3.252771098996754540e-01
-3.273916064308661777e-01
-3.294843631218847269e-01
-3.315188787881646060e-01
-3.335857541306275764e-01
-3.355854784144667868e-01
-3.376242801805424687e-01
-3.396894176858690773e-01
-3.417594192011349508e-01
-3.437357379540006974e-01
-3.457035961058300688e-01
-3.476235753714928545e-01
-3.495249831718333366e-01
-3.513908496292402206e-01
-3.533065263629893704e-01
-3.551946530753400388e-01
-3.570786299837623301e-01
-3.590264055144413713e-01
-3.609248723928824565e-01
-3.628572346883824906e-01
-3.647884187407267609e-01
-3.667162808642838168e-01
-3.685782918379679196e-01
-3.704802234287785101e-01
-3.723489623814090765e-01
-3.742036403328440897e-01
-3.760563728145889240e-01
-3.779468080678182185e-01
-3.798049443769985212e-01
-3.816246238316657879e-01
-3.834557946598380895e-01
-3.852561750110449768e-01
-3.870931014561166394e-01
-3.889472029795664199e-01
-3.908465001685923479e-01
-3.927863583108160972e-01
-3.947091254921477610e-01
-3.965786262730218725e-01
-3.984047207280012048e-01
-4.001671659419834826e-01
-4.019628826467323002e-01
-4.037190459306584933e-01
-4.054933002393273367e-01
-4.072502946914891009e-01
-4.089994319356032859e-01
-4.107108528119504665e-01
-4.123970680012715162e-01
-4.141246521853997886e-01
-4.158961431762108751e-01
-4.176657022264968488e-01
-4.194307455964905729e-01
-4.211831898338535551e-01
-4.229530752330927790e-01
-4.247810176832463314e-01
-4.265688753811606171e-01
-4.283959843867981010e-01
-4.302314719049404323e-01
-4.320623516939016695e-01
-4.338600146382508016e-01
-4.356435483131861353e-01
-4.374012280984187484e-01
-4.391665981404608843e-01
-4.409212082191557025e-01
-4.427066629216611093e-01
-4.444594780472053142e-01
-4.462288918383314762e-01
-4.480054868097255172e-01
-4.497932275063057928e-01
-4.515467935297561852e-01
-4.533207826872037161e-01
-4.551151005128786786e-01
-4.568607259039424440e-01
-4.586340936242179200e-01
-4.604287856098823739e-01
-4.622503485281453939e-01
-4.641098862745807740e-01
-4.659819976484588788e-01
-4.678657143486666392e-01
-4.697439726021219175e-01
-4.716358006434592243e-01
-4.735192451598884134e-01
-4.753707759500563901e-01
-4.771826498472440670e-01
-4.790268231479836714e-01
-4.809421075728452233e-01
-4.828180874734735450e-01
-4.847619840278322711e-01
-4.866703534687398802e-01
-4.885925020168311872e-01
-4.905243970011483046e-01
-4.921374346653779597e-01
-4.934863479388969520e-01
-4.943381580679284681e-01
-4.947624313732587598e-01
-4.950618398907921658e-01
-4.952699326813653213e-01
-4.949946991133438723e-01
-4.947530478277880062e-01
-4.946237572635230340e-01
-4.952053198147114421e-01
-4.963851349767557930e-01
-4.977931366230503585e-01
-4.992754673327201576e-01
-5.007883294068750102e-01
-5.024588842675484779e-01
-5.036586234535954665e-01
-5.046465401610721324e-01
-5.056692926386985310e-01
-5.061647079109762304e-01
-5.064600626077898626e-01
-5.064832106079072416e-01
-5.068308190557122561e-01
-5.074138252520835612e-01
-5.076343391310252917e-01
-5.078799522628669738e-01
-5.080910649062178042e-01
-5.085037711169262398e-01
-5.091030437858127256e-01
-5.091347548689643121e-01
-5.089883200952484144e-01
-5.090931956809680026e-01
-5.096194641960735128e-01
-5.105692453900477767e-01
-5.110591418849205203e-01
-5.119442102146954943e-01
-5.133440424119830592e-01
-5.149363379970123278e-01
-5.166582886316757328e-01
-5.183764329730453646e-01
-5.194874848618691310e-01
-5.205233333550721708e-01
-5.215596879408713749e-01
-5.221903788265467306e-01
-5.229905137127724979e-01
-5.244846580415931658e-01
-5.253133855965229637e-01
-5.264222586090765432e-01
-5.269502688810699942e-01
-5.277910867759832980e-01
-5.291442483778874273e-01
-5.305486296514676514e-01
-5.315295459803770495e-01
-5.326257294229113093e-01
-5.332188483889275243e-01
-5.338176918417549821e-01
-5.350559955238819443e-01
-5.355751965523092295e-01
-5.366444887169572464e-01
-5.376747808036355103e-01
-5.393135628803141790e-01
-5.405565813884060100e-01
-5.414333543213257771e-01
-5.429427540802794772e-01
-5.443666691594372109e-01
-5.458172684019767518e-01
-5.471022252502705241e-01
-5.481639959270200313e-01
-5.495764231548104783e-01
-5.511260170664021851e-01
-5.525526420486474022e-01
-5.538221612510740854e-01
-5.554253007226117589e-01
-5.572381583959374884e-01
-5.587708384958385288e-01
-5.604600824461209996e-01
-5.622418107161640810e-01
-5.639981417252997176e-01
-5.657366788213460396e-01
-5.674712219648029299e-01
-5.692724468455454545e-01
-5.710718464205577494e-01
-5.729337054665476492e-01
-5.747243183443140335e-01
-5.766012889695828481e-01
3.999980057614190287e-01
3.999979900298096802e-01
3.990351777587881621e-01
3.978534109700301857e-01
3.967054157841868878e-01
3.955969737507325501e-01
3.945335945290020518e-01
3.934506855335783704e-01
3.923889034836192113e-01
3.913487194402013869e-01
3.903239089547249074e-01
3.893104951512704748e-01
3.883557680186356942e-01
3.874280767285913085e-01
3.865011333607973887e-01
3.855847589690881705e-01
3.846865832459494539e-01
3.838065859998781582e-01
3.829548004695251251e-01
3.821190273743353405e-01
3.813067769402382901e-01
3.805022345974413689e-01
3.797250427598575229e-01
3.789520010314683662e-01
3.781803310982612687e-01
3.774187727216108956e-01
3.766743140847400584e-01
3.759532293307810691e-01
3.752438896934600643e-01
3.745649221380353833e-01
3.739009589588203064e-01
3.732577324286061593e-01
3.726358042826239392e-01
3.720218706041219514e-01
3.714391529066401465e-01
3.708519533395751022e-01
3.702941263907980063e-01
3.697575976370940376e-01
3.692417014824628807e-01
3.687503511121585364e-01
3.682715422656568371e-01
3.678149037957605949e-01
3.673759664511317413e-01
3.669640628830246887e-01
3.665673777563624447e-01
3.661911407569201082e-01
3.658489336792444813e-01
3.655239652883818247e-01
3.652184202713648631e-01
3.649392537236342826e-01
3.646795986089536590e-01
3.644392957923200949e-01
3.642190975820150389e-01
3.640181565435519628e-01
3.638366754298512085e-01
3.636768469516434288e-01
3.635377875029515149e-01
3.634180118447355445e-01
3.633196822614114252e-01
3.632482184249942181e-01
3.632078208033157063e-01
3.631985830719446362e-01
3.632133159775962628e-01
3.632572333394835096e-01
3.633295392378230737e-01
3.634329850754948743e-01
3.635645115484146261e-01
3.637266980964808938e-01
3.639037824163385837e-01
3.641122498563377219e-01
3.643328959711695791e-01
3.645653607805501850e-01
3.648075441598073732e-01
3.650622916333652879e-01
3.653231877759240964e-01
3.655858234971757215e-01
3.658733435051838012e-01
3.661490288400531257e-01
3.664660740793361238e-01
3.668016084659104781e-01
3.671705405058720006e-01
3.675426639716830590e-01
3.679881005076812706e-01
3.684314578445853083e-01
3.688889615608870742e-01
3.693914621122544317e-01
3.698539804307778289e-01
3.702756193410915997e-01
3.706955067143224980e-01
3.711975368145446486e-01
3.716190561863885189e-01
3.719920839109843724e-01
3.723625903279872973e-01
3.727992920017611511e-01
3.732827216361759848e-01
3.739321713724143570e-01
3.745823873610886756e-01
3.752571575444418328e-01
3.760756909028050154e-01
3.768712192283174001e-01
3.777396473029632773e-01
3.786651650496270505e-01
3.794677130044632474e-01
3.802809511576801804e-01
3.811922325997905703e-01
3.820175654894713002e-01
3.830132912180017057e-01
3.836761757081694757e-01
3.844321877833382084e-01
3.851704929535385569e-01
3.859450212221791632e-01
3.867928485816916062e-01
3.875528703281044818e-01
3.888589656128321748e-01
3.901567685092798832e-01
3.914785074849542190e-01
3.927682206837243006e-01
3.940140268020251302e-01
3.957319405709412430e-01
3.971928488873097129e-01
3.984893614641418225e-01
3.999798876938649439e-01
4.012714897372594014e-01
4.027159706816441642e-01
4.038184248454248504e-01
4.048283983601263514e-01
4.057244981403189676e-01
4.067105855884054488e-01
4.076143226169876566e-01
4.085428937703471375e-01
4.095355918807240259e-01
4.103660838667717581e-01
4.112455297196425663e-01
4.128325849532242797e-01
4.143277970377575170e-01
4.157946286826669779e-01
4.172080576561259524e-01
4.186064920709658410e-01
4.199770482215454126e-01
4.213077458401343067e-01
4.226021796043714640e-01
4.238452972033643906e-01
4.250497414662475770e-01
4.261908122074624106e-01
4.272698131652786224e-01
4.283188691759021727e-01
4.292687879980510157e-01
4.301784593084396757e-01
4.310425706180973648e-01
4.318538939789323683e-01
4.326236864943339699e-01
4.332886216719505912e-01
4.339046932263470047e-01
4.344866314154400833e-01
4.349953528887448573e-01
4.354311711981981303e-01
4.357923163152342960e-01
4.360990656008306154e-01
4.363360720742927579e-01
4.365135182881922371e-01
4.366296322564790500e-01
4.366852159869142880e-01
4.366834494037110104e-01
4.366241189810659562e-01
4.365097820056736966e-01
4.363631111106278659e-01
4.361822452804125505e-01
4.359564048182998364e-01
4.357091444591581486e-01
4.354427962365982618e-01
4.351448104594080046e-01
4.348462126896012192e-01
4.345298781275460098e-01
4.341923460762306397e-01
4.338185454508860506e-01
4.334131844616661011e-01
4.328750611871772236e-01
4.323026138030288679e-01
4.317058804735106059e-01
4.308926642639164251e-01
4.301597006526378664e-01
4.292828777774257976e-01
4.283161969382816570e-01
4.272863153326469932e-01
4.263128050351910336e-01
4.252301837847988208e-01
4.241379558163397290e-01
4.229263748824141356e-01
4.217439374499620808e-01
4.205203306805221919e-01
4.193273229819344805e-01
4.182730391096270428e-01
4.171194652478489862e-01
4.160385220419443586e-01
4.151491719813881209e-01
4.140674209154929231e-01
4.128234810596070892e-01
4.114729218030965807e-01
4.098664665458806033e-01
4.081024863155369720e-01
4.063685142782502702e-01
4.045754978128043300e-01
4.027526472509028177e-01
4.010062129576763557e-01
3.990858940045458048e-01
3.972053248897005617e-01
3.953195288512503236e-01
3.935420272049997004e-01
3.916882109215310548e-01
3.898749836702260496e-01
3.880955805201205533e-01
3.861393368578127649e-01
3.842703500334287980e-01
3.821901489485595160e-01
3.801348816383035012e-01
3.781063886584242750e-01
3.759747213865482496e-01
3.738525514372987302e-01
3.717086576136335863e-01
3.696186816849583723e-01
3.674165327695714245e-01
3.652399542611006189e-01
3.631106270549612214e-01
3.609798807360981576e-01
3.588970006282836134e-01
3.568171107196311254e-01
3.547826405582424347e-01
3.527053799832658432e-01
3.506642202532619379e-01
3.486579400067746359e-01
3.465976564171402985e-01
3.446315714643649608e-01
3.427051837597809292e-01
3.405980403076823149e-01
3.384688211459646601e-01
3.363613734254881638e-01
3.342753929040960803e-01
3.321687019400251240e-01
3.300552659521363563e-01
3.279591187200258662e-01
3.259025145034563642e-01
3.238142754395556544e-01
3.217115570606169928e-01
3.196271722897662815e-01
3.175175944540565287e-01
3.153826371787559202e-01
3.132740048665376142e-01
3.111616151896447469e-01
3.090199764095148405e-01
3.068918657442757936e-01
3.047479370208626137e-01
3.025943728629140739e-01
3.004406867898259392e-01
2.982866674022771614e-01
2.961550254534677240e-01
2.940794676160201626e-01
2.920125293142693534e-01
2.899900682783531636e-01
2.879611679380472689e-01
2.859394885810838116e-01
2.840298362902602403e-01
2.821007558321197983e-01
2.801531752009365217e-01
2.782378823067865881e-01
2.763773833234799415e-01
2.744373867383407273e-01
2.724485300171236579e-01
2.704286396695052552e-01
2.684128315796005526e-01
2.663756571200901480e-01
2.643316960420679651e-01
2.622853964384804781e-01
2.602552312512034227e-01
2.582092427488224540e-01
2.561628935400264151e-01
