3.999994799074988450e-01
3.999994647062648512e-01
3.996789196091249385e-01
3.994457575581756292e-01
3.992629526886433688e-01
3.991275274413599861e-01
3.990419380291477802e-01
3.990060067381155928e-01
3.990187165396745228e-01
3.990780476214941808e-01
3.991827308563679066e-01
3.993308294935387082e-01
3.995215978794014466e-01
3.997531512396220177e-01
4.000297896990008262e-01
4.003526361118761590e-01
4.006897590837404377e-01
4.010241417742964609e-01
4.012248846228341770e-01
4.014286653589671516e-01
4.016275919924782167e-01
4.018053104360120309e-01
4.019826402501979201e-01
4.021401680873030737e-01
4.023201249906991350e-01
4.024861807032335537e-01
4.027022803758529279e-01
4.029200980178192504e-01
4.032003025834345888e-01
4.035344265122995933e-01
4.039153369883303757e-01
4.042947970489569331e-01
4.046584379388449837e-01
4.050065396891965874e-01
4.053604809578412738e-01
4.057355793247613973e-01
4.060267595405378516e-01
4.063034421305732891e-01
4.066577185584188681e-01
4.070147240801381683e-01
4.073453902736667298e-01
4.076273538731101653e-01
4.078881898937606332e-01
4.081765530487034277e-01
4.084692008220205950e-01
4.087887063252652053e-01
4.090765030511303024e-01
4.093251507384860211e-01
4.095838151289253326e-01
4.098740466667524229e-01
4.101944715613658476e-01
4.104562188833835168e-01
4.106889651074621117e-01
4.108852747903515290e-01
4.110115174468076393e-01
4.111182887785981843e-01
4.112730132438041641e-01
4.114162510365381720e-01
4.115654462624556698e-01
4.117513380406005452e-01
4.118968685214129954e-01
4.120731809569739279e-01
4.122730907675223322e-01
4.124851325288874659e-01
4.127361633260336338e-01
4.129940077988009661e-01
4.132381583322967122e-01
4.134916263174733819e-01
4.137476749473132931e-01
4.140350567824985784e-01
4.143536115571298528e-01
4.146674081696886116e-01
4.149776991085811773e-01
4.152280359573994328e-01
4.154708348960255426e-01
4.156679959276297631e-01
4.158281898701279844e-01
4.159976785060271465e-01
4.161439384175529277e-01
4.163526558690942014e-01
4.165168565650829158e-01
4.166797963665727078e-01
4.168164829328155907e-01
4.169886184309831711e-01
4.171884604187944823e-01
4.173993160278436920e-01
4.175581315586612829e-01
4.177783131244274251e-01
4.180555747345013340e-01
4.184034124937655585e-01
4.187025610605475401e-01
4.190174489860544749e-01
4.193029911139006805e-01
4.196992429902127730e-01
4.200794336428567699e-01
4.204927253966576628e-01
4.209469289244769374e-01
4.214225367706269099e-01
4.218680126586327184e-01
4.223529305332259787e-01
4.228073313748922923e-01
4.232604347416766832e-01
4.237386381086138964e-01
4.242244032441407908e-01
4.247884735882875296e-01
4.253962420199206562e-01
4.259841894647213856e-01
4.264957109048569950e-01
4.270238205460227254e-01
4.275493269389589734e-01
4.280426865958495974e-01
4.285644050992346576e-01
4.291321531832813507e-01
4.296881833484644253e-01
4.302785826479982867e-01
4.308823106904097200e-01
4.314336304761895446e-01
4.320270025743073172e-01
4.325885109451428900e-01
4.332164545403892619e-01
4.338432413675408772e-01
4.344646171095650766e-01
4.350692776224482361e-01
4.356861827046630831e-01
4.362632936928952931e-01
4.368411321521106228e-01
4.374270374750043322e-01
4.380114909754220243e-01
4.385028385987388977e-01
4.390173727734356102e-01
4.395081728284975786e-01
4.400032989596102673e-01
4.405038848975030841e-01
4.410320968422558607e-01
4.415306508580651990e-01
4.420445407864732057e-01
4.425201875329511925e-01
4.430159105752746740e-01
4.435829372563857009e-01
4.441459141348397810e-01
4.447492515747658581e-01
4.453053772559291690e-01
4.458587401566218578e-01
4.464489310250205900e-01
4.470777174738058690e-01
4.477174563661647788e-01
4.484109552968134071e-01
4.491063466637577051e-01
4.498052071895751181e-01
4.504968754916759410e-01
4.512236890262780742e-01
4.518856252994642997e-01
4.525248195237552284e-01
4.531928969275637042e-01
4.538194788807420332e-01
4.544376649464307860e-01
4.550424553420081564e-01
4.556065792435057826e-01
4.562137666919636181e-01
4.568002021461089468e-01
4.573768815026911239e-01
4.579836311467739285e-01
4.586174993465690353e-01
4.592385111361656502e-01
4.598458387774464473e-01
4.604045555129193668e-01
4.609142364777614187e-01
4.614041824022638849e-01
4.618538672560438263e-01
4.622496661915748706e-01
4.626178318357880292e-01
4.630286805583301857e-01
4.634466338811599750e-01
4.638958125340022498e-01
4.643853625092170256e-01
4.648917021630731838e-01
4.653410014215532131e-01
4.658079651733850191e-01
4.662869526982170720e-01
4.667247038424375272e-01
4.672002697855385800e-01
4.676192477385716639e-01
4.680850827510144030e-01
4.685852333787117185e-01
4.691261830751192186e-01
4.696857202044747992e-01
4.703061355126391119e-01
4.708729510780899630e-01
4.714480579248402359e-01
4.720208032328297443e-01
4.725328074726757310e-01
4.730420282949695521e-01
4.735720641512538021e-01
4.740738092476587395e-01
4.745325178564200330e-01
4.749884295453631888e-01
4.754420285910144761e-01
4.758695749738207081e-01
4.763029067400544325e-01
4.767092234583912291e-01
4.771803556984098305e-01
4.777003163699877764e-01
4.781999552360746697e-01
4.787164341364756326e-01
4.792008023214333057e-01
4.796684565346526763e-01
4.801700612729876694e-01
4.806599632221865148e-01
4.811800108457149339e-01
4.816962271728216782e-01
4.822471758232998451e-01
4.827954775881171945e-01
4.833514126898142416e-01
4.839144065609024548e-01
4.844984963176031667e-01
4.850610187460450140e-01
4.856815923963714310e-01
4.863139660282121968e-01
4.869072892235774552e-01
4.875378597562656791e-01
4.881531149885842136e-01
4.888202239684884542e-01
4.894701390656541751e-01
4.901668240462180304e-01
4.908830435140336679e-01
4.916548159507765359e-01
4.924116457292619375e-01
4.931831591324488118e-01
4.939468124320560705e-01
4.947133204964775377e-01
4.954876949885340109e-01
4.962349646803093650e-01
4.970039285093674764e-01
4.977293337066616696e-01
4.983799619096168643e-01
4.990062620897700030e-01
4.996251189032835938e-01
5.002273290914862613e-01
5.008518021320232938e-01
5.015419521336190734e-01
5.022187936762414484e-01
5.029198716104292810e-01
5.035986574089775791e-01
5.042349636245643252e-01
5.048239169933723680e-01
5.054034902599670032e-01
5.060046414630510192e-01
5.066494189091566014e-01
5.072919240195695734e-01
5.078804091829440814e-01
5.084643430526841756e-01
5.090539519976716720e-01
5.096773237889249408e-01
5.103340572812694598e-01
5.109934333035125453e-01
5.116549072836209522e-01
5.123334872277423013e-01
5.130927256359044675e-01
5.137831322117228927e-01
5.144869693697836643e-01
5.152055900720422521e-01
5.159224478126978042e-01
5.166553459965756989e-01
5.174218549739194595e-01
5.182052904330213261e-01
5.189429323452807719e-01
5.196994590261053704e-01
5.204793647635692633e-01
5.212598607006322382e-01
5.219800932656365466e-01
5.226551964288341789e-01
5.232379693013304855e-01
5.238545898058968309e-01
5.244859516714502901e-01
5.251001575911942165e-01
5.257107162533308786e-01
5.263280026329026917e-01
5.269428973863733434e-01
5.275483393060012016e-01
5.281319354761723206e-01
5.287048532374087895e-01
5.293055374635898813e-01
5.298823360004737415e-01
5.304862816627164968e-01
5.311412736828825532e-01
5.318094826115071783e-01
5.324616034592427605e-01
5.331116654127596721e-01
5.337376761513299428e-01
5.344209136691431272e-01
5.350931934709149962e-01
5.357286576398340161e-01
5.364266846685765699e-01
5.371070695063135947e-01
5.377670985556360916e-01
5.384459196869745279e-01
5.392219368485249298e-01
5.399770708781462814e-01
5.407562234107698984e-01
5.415153442028084463e-01
5.422785809080310493e-01
5.430175608115281882e-01
5.437589433794703941e-01
5.445364164225169334e-01
5.453247846242240682e-01
5.461030171134102496e-01
5.469378444630754732e-01
5.477550792625015541e-01
5.485448839239587260e-01
5.493366653818270162e-01
5.501410881309075629e-01
5.509445943841404514e-01
5.517235260449728784e-01
5.525652017455678910e-01
5.534134132419856744e-01
5.542196906154163161e-01
5.550452537981370726e-01
5.558440786145678603e-01
5.566450741376088862e-01
5.574403291255228821e-01
5.581967358754004183e-01
5.589481299140285353e-01
5.596501300380415378e-01
5.603140966045174753e-01
5.609675423651742099e-01
5.616481888313933357e-01
5.623033281705754893e-01
3.651312224563788906e-07
3.803491643668044673e-07
1.571381704865912603e-04
1.121336139924567767e-04
9.098387843569527046e-05
8.454463228949652645e-05
6.068972348533593892e-05
-6.195987056188841871e-06
-6.681573283003041307e-05
-1.855314279452012038e-04
-3.472317461490345768e-04
-5.189587965579072273e-04
-6.498376650222163374e-04
-8.881663874711891605e-04
-1.190355095346223684e-03
-1.493288052496702031e-03
-1.815158950498966736e-03
-2.148393165656674753e-03
-2.530015978408283253e-03
-2.912582687895228124e-03
-3.334826719047296901e-03
-3.783994152702695266e-03
-4.287465732015525305e-03
-4.842851217126260994e-03
-5.404114478923719052e-03
-6.012674083132471363e-03
-6.605916821899599466e-03
-7.197930749443732720e-03
-7.843061031945356212e-03
-8.552413494857347837e-03
-9.245832021555315527e-03
-9.937784563300383622e-03
-1.064692943141002518e-02
-1.133656415678669857e-02
-1.204693751874031694e-02
-1.273740488651713479e-02
-1.345453017972301872e-02
-1.412307563630776572e-02
-1.484249756165517513e-02
-1.555679265725159501e-02
-1.624445429690475270e-02
-1.692656859194131488e-02
-1.767219585713762642e-02
-1.845453844051356956e-02
-1.920038477453406625e-02
-2.001908552926454435e-02
-2.084940124619311455e-02
-2.166064859538829185e-02
-2.243542846319143691e-02
-2.317410646667089277e-02
-2.384565757426971092e-02
-2.452649640749638912e-02
-2.516801918248543282e-02
-2.587983191262636581e-02
-2.656788273406788040e-02
-2.729777829329619113e-02
-2.800462880130523413e-02
-2.872145580462544950e-02
-2.944245850770039336e-02
-3.017586673247605808e-02
-3.090160613634261935e-02
-3.163755247517550939e-02
-3.237796791041208655e-02
-3.308097016133291352e-02
-3.377076277611702065e-02
-3.444223864179752487e-02
-3.511539083482918822e-02
-3.576057543175823611e-02
-3.640384234373356120e-02
-3.712217257202377052e-02
-3.785067417789870353e-02
-3.855340382660132209e-02
-3.924138680850691036e-02
-3.996711220060785580e-02
-4.067417201437462798e-02
-4.137814554269132750e-02
-4.212782245390649105e-02
-4.288530882919917159e-02
-4.358704978088059206e-02
-4.425411600974053783e-02
-4.493022794178859469e-02
-4.559312795206482694e-02
-4.629663193311165520e-02
-4.695908031983444392e-02
-4.762648971177512597e-02
-4.827974176004080908e-02
-4.887162463600711049e-02
-4.938455232826369223e-02
-4.986108818312244562e-02
-5.026219115282489630e-02
-5.063887940262790793e-02
-5.096568665508263707e-02
-5.127977384871640343e-02
-5.158159968210536406e-02
-5.185542869409283384e-02
-5.209297675398946031e-02
-5.230317694654857547e-02
-5.248949295634525863e-02
-5.263658511629856762e-02
-5.273749925391488236e-02
-5.280669946665557390e-02
-5.284337621872014362e-02
-5.284727495238249889e-02
-5.281596889912785336e-02
-5.274443661680024154e-02
-5.264003569154810519e-02
-5.249637081054599891e-02
-5.230197537846614092e-02
-5.206385670410049182e-02
-5.178154110578783026e-02
-5.147561635848591638e-02
-5.111238385368011700e-02
-5.070319653251513514e-02
-5.146333431772859290e-02
-5.225912296985411182e-02
-5.308334717050150475e-02
-5.391160284302229377e-02
-5.474098849991575894e-02
-5.557531515206873968e-02
-5.642667072720879140e-02
-5.731360473202533334e-02
-5.819973828037192792e-02
-5.910870876386409289e-02
-6.003760718453325651e-02
-6.096382342597774645e-02
-6.187728050818847025e-02
-6.280813577477634135e-02
-6.378616711260443051e-02
-6.480328264923361503e-02
-6.584601884632650115e-02
-6.687779544495256467e-02
-6.793113103833504918e-02
-6.895885800257758880e-02
-6.995363708763069344e-02
-7.092983367302735376e-02
-7.186897047450535592e-02
-7.283937474149475289e-02
-7.379361833030022300e-02
-7.479425942229502022e-02
-7.579756395878523012e-02
-7.677200501790291953e-02
-7.775512197609109333e-02
-7.876299575101423922e-02
-7.978853740712746334e-02
-8.083247351015046545e-02
-8.187834908252475397e-02
-8.290452489082167364e-02
-8.394468235935642619e-02
-8.496866401167170457e-02
-8.601528620918238999e-02
-8.705038729588802926e-02
-8.809750605421005909e-02
-8.917062001513893776e-02
-9.028234555239667003e-02
-9.144946381919862033e-02
-9.263131145845598935e-02
-9.378332745322603969e-02
-9.488290135234958567e-02
-9.596969135163477271e-02
-9.709720489321070624e-02
-9.825684629451221508e-02
-9.939945975459742178e-02
-1.005826224120895396e-01
-1.017407680992413049e-01
-1.029278220059320070e-01
-1.041083821485618982e-01
-1.052479726497645152e-01
-1.063898576790941741e-01
-1.075125676591237450e-01
-1.086371892302067099e-01
-1.098151364748204961e-01
-1.110048138039415322e-01
-1.122294405811751911e-01
-1.134246918733841369e-01
-1.146390387091541785e-01
-1.158896869758874182e-01
-1.171779130386369772e-01
-1.184965811662782170e-01
-1.197974021171429732e-01
-1.211131582698831283e-01
-1.223648837885366325e-01
-1.236014937979152684e-01
-1.249156315296742203e-01
-1.262221737224860918e-01
-1.275440035112090642e-01
-1.288339538725621902e-01
-1.301840707053845969e-01
-1.315042661583155359e-01
-1.328599139428113529e-01
-1.342463450667007174e-01
-1.356109202315207707e-01
-1.369814564313594496e-01
-1.383379482354790413e-01
-1.397069962957518119e-01
-1.410777443899597083e-01
-1.425001855125080374e-01
-1.439154683883984431e-01
-1.453316147021248561e-01
-1.467638445450300810e-01
-1.481696793503134713e-01
-1.495479816313307619e-01
-1.509513801049950921e-01
-1.523036171486751578e-01
-1.537099379675229416e-01
-1.551645596424795492e-01
-1.566002361485785699e-01
-1.580480398620078830e-01
-1.595453451680026447e-01
-1.610583573463488793e-01
-1.625491547450211016e-01
-1.639188694952284087e-01
-1.653273252646353941e-01
-1.667389105863054943e-01
-1.681801261523625801e-01
-1.696356723801480393e-01
-1.711730185358750767e-01
-1.726941304529456822e-01
-1.742891504950627446e-01
-1.758042049735182855e-01
-1.773509862342159404e-01
-1.789140195701037495e-01
-1.804524861770088195e-01
-1.819611439137993059e-01
-1.834706557039514907e-01
-1.850068598629000804e-01
-1.866018922511019085e-01
-1.882653678992764479e-01
-1.898980606539064642e-01
-1.915648862231696670e-01
-1.931989035808428234e-01
-1.948460275107838091e-01
-1.964730828346589464e-01
-1.981054976954221003e-01
-1.998088897323281876e-01
-2.015418110058173062e-01
-2.033412991042411189e-01
-2.051732890759228045e-01
-2.070565754615801557e-01
-2.089227226996585862e-01
-2.108744674575475375e-01
-2.127876093039357819e-01
-2.145413882250414572e-01
-2.163501234935534534e-01
-2.181431381389665192e-01
-2.199122828912694894e-01
-2.217109476569217585e-01
-2.235257771304045571e-01
-2.253624867885194172e-01
-2.271522655567151938e-01
-2.288794772787930420e-01
-2.306231235916136046e-01
-2.323078429737910344e-01
-2.339773443719857793e-01
-2.356223644920301674e-01
-2.372419565379536022e-01
-2.388941638610813933e-01
-2.405742799351562600e-01
-2.423038900312196875e-01
-2.441061631387447806e-01
-2.459160536640441486e-01
-2.477574239359383035e-01
-2.496761783170574622e-01
-2.516146879967418037e-01
-2.535441769488256392e-01
-2.554791455419215263e-01
-2.574230183009333373e-01
-2.594055021712948772e-01
-2.614358258909819099e-01
-2.634407308268837400e-01
-2.654390638192967722e-01
-2.674788585645835326e-01
-2.694902314229251639e-01
-2.714688298867589666e-01
-2.734188634260554251e-01
-2.753460850271165494e-01
-2.772614344692202470e-01
-2.790943972884062929e-01
-2.809316487942098983e-01
-2.826971883548046183e-01
-2.844982613722437659e-01
-2.862706500270870702e-01
-2.880674292905794354e-01
-2.898886581702222465e-01
-2.917299605313904975e-01
-2.935948757618794813e-01
-2.954381781114835959e-01
-2.972398750906504739e-01
-2.990402278717009810e-01
-3.008125462946851791e-01
-3.025039824246845699e-01
-3.041775318909745174e-01
-3.058329837520552541e-01
-3.073867769723553911e-01
-3.089266340071619710e-01
-3.104398289561892677e-01
-3.119960859053300117e-01
-3.135129883523725680e-01
-3.149440339628929442e-01
-3.163220511785744815e-01
-3.176796157605906168e-01
-3.190422744050968040e-01
-3.203783682160472601e-01
-3.216832987478662753e-01
-3.229964000787638456e-01
-3.243226881533350370e-01
-3.256212674576816068e-01
-3.268748898750215015e-01
-3.281071285090442213e-01
-3.293478299773939799e-01
-3.305514481105253366e-01
-3.316797758987660716e-01
-3.328295347118236380e-01
-3.339030548469442139e-01
-3.350610956987595812e-01
-3.362040550693445318e-01
-3.373486211126706102e-01
-3.384818937892651869e-01
-3.395975695114067383e-01
-3.406341890137796757e-01
-3.416863427958978239e-01
-3.427218114714856156e-01
-3.438368372275090734e-01
-3.449342103997061759e-01
-3.460081144992900315e-01
-3.471434573207331509e-01
-3.483204952009587019e-01
-3.495049732465743686e-01
-3.506475422458086300e-01
-3.517875400949883602e-01
-3.528693009530596836e-01
-3.539994999170916756e-01
-3.551529515341029231e-01
-3.562789085339794215e-01
-3.574183851987106642e-01
-3.586190681899482091e-01
-3.598082421455133795e-01
-3.609641959676046508e-01
-3.621600112610397493e-01
-3.634056517632560102e-01
-3.646093482891906712e-01
-3.657816135710099115e-01
-3.668737821074641303e-01
-3.668658822608472092e-01
-3.664515736924628397e-01
-3.658950849126246796e-01
-3.656125090482224560e-01
-3.653489241665706100e-01
-3.652890165429823477e-01
-3.648962633848980008e-01
-3.646635279779537053e-01
-3.642234346335193607e-01
-3.637141299409524797e-01
-3.635271150169285259e-01
-3.637393234339832415e-01
-3.634622698492105952e-01
-3.636940735753987908e-01
-3.640152778057070271e-01
-3.646918641514914627e-01
-3.654256426377792133e-01
-3.656870533419113167e-01
-3.659316241214191079e-01
-3.660368434395831483e-01
-3.665576344886307680e-01
-3.667007978669034052e-01
-3.665141206466129842e-01
-3.660674868877293875e-01
-3.657887745015767078e-01
-3.654352446814774780e-01
-3.655287775272041961e-01
-3.658076099692628147e-01
-3.660502179817182733e-01
-3.663221432823201562e-01
-3.664818239370309372e-01
-3.667593237485456403e-01
-3.672912229756097324e-01
-3.677603052640759929e-01
-3.678933124640098029e-01
-3.682722824294859532e-01
-3.682062532601606542e-01
-3.681517000771384884e-01
-3.684007433027018386e-01
-3.688695850707972568e-01
-3.690899437449242648e-01
-3.690265472350218734e-01
-3.695140576968387602e-01
-3.698986514466556241e-01
-3.704797118306050741e-01
-3.724985959153509496e-01
-3.720749330047373737e-01
-3.719127585027114380e-01
-3.713706625989258714e-01
-3.711147010834399684e-01
-3.708389470436583846e-01
-3.703760000738339220e-01
-3.699256926572235260e-01
-3.695549109030510926e-01
-3.690793595806275418e-01
-3.685970792847684252e-01
-3.680741560107004262e-01
-3.675467055483425116e-01
-3.669919235053276108e-01
-3.664906172485128399e-01
-3.659833725056725884e-01
-3.654361516532568244e-01
-3.649267714849070976e-01
-3.644068168736344648e-01
-3.638803816590857609e-01
-3.633739901955913010e-01
-3.628563044125155956e-01
-3.623319703263652158e-01
-3.618250788853266675e-01
-3.613047726072741161e-01
-3.607937380139918937e-01
-3.602539657624679315e-01
-3.597207193669553216e-01
-3.592130599120760270e-01
-3.587112154261193897e-01
-3.582191346108992702e-01
-3.577410121909141427e-01
-3.572794717381103657e-01
-3.567791813994798944e-01
-3.563119404929647738e-01
-3.558454856752111262e-01
-3.553868099461339747e-01
-3.548951943165067902e-01
-3.544360110058178415e-01
-3.539737055896451379e-01
-3.535242344971840089e-01
-3.530768473360718085e-01
-3.526346701646881354e-01
-3.522144520525709588e-01
-3.517648778592442071e-01
-3.513169565962276364e-01
-3.508546868608819480e-01
-3.504024241189075961e-01
-3.499625604051362360e-01
-3.495283623839028908e-01
-3.491095507886733951e-01
-3.486932250746404005e-01
-3.482169956429391200e-01
-3.477785830912644705e-01
-3.473629675327999378e-01
-3.469446987220142220e-01
-3.465080977926230377e-01
-3.460581289148111916e-01
-3.456132062570537178e-01
-3.452109820689980846e-01
-3.448399728096244732e-01
-3.444644071919878980e-01
-3.440732518178281629e-01
-3.437069570614693648e-01
-3.433286409260413730e-01
-3.429354476546823682e-01
-3.425244290806885306e-01
-3.420989486839426386e-01
-3.416928495911495389e-01
-3.412623973804901345e-01
-3.408586963178242280e-01
-3.404593436447411192e-01
-3.400578974997744419e-01
-3.396505159899060877e-01
-3.392252206317157293e-01
-3.388024685788032508e-01
-3.383929418356195207e-01
-3.380006829455061701e-01
-3.376356289697461932e-01
-3.372818964587705470e-01
-3.369378434162014213e-01
-3.365913535423935565e-01
-3.362782400099945113e-01
-3.359446782697351197e-01
-3.356376013737851216e-01
-3.353158619663907380e-01
-3.350123736796387086e-01
-3.347045744432874947e-01
-3.344047258725474370e-01
-3.341141125581765237e-01
-3.338233811982271870e-01
-3.335552943691153516e-01
-3.332984625489546215e-01
-3.330506062800544509e-01
-3.328181005638189971e-01
-3.326101110465071176e-01
-3.324177947802917088e-01
-3.322394498218659287e-01
-3.320602626373225785e-01
-3.319097671663538973e-01
-3.317534721886045701e-01
-3.316052984499634482e-01
-3.314595487551117436e-01
-3.313162630757022775e-01
-3.311745918781343057e-01
-3.310456499455596280e-01
-3.309258161955592747e-01
-3.308068329135632202e-01
-3.306999577207663799e-01
-3.306030153120127490e-01
-3.305174653915652905e-01
-3.304398697369473892e-01
-3.303645317999384101e-01
-3.302985168381974979e-01
-3.302430305458294857e-01
-3.301944596597637949e-01
-3.301605663942619451e-01
-3.301372272444165756e-01
-3.301242775630654491e-01
-3.301220844337754978e-01
-3.301301545475772703e-01
-3.301492257387912965e-01
-3.301795616771708852e-01
-3.302254514798420582e-01
-3.302824347047219611e-01
-3.303547846970797397e-01
-3.304420680243815300e-01
-3.305453555187651826e-01
-3.306693539250653013e-01
-3.308030048611969587e-01
-3.309514830428963439e-01
-3.311080470551269750e-01
-3.312735538976723793e-01
-3.314495237090635538e-01
-3.316358331630242517e-01
-3.318437368294013257e-01
-3.320850176030248346e-01
-3.323335457044947483e-01
-3.326187485515235687e-01
-3.329041665371548220e-01
-3.332114152822241993e-01
-3.335472704632196361e-01
-3.338805750269485118e-01
-3.342450153835545001e-01
-3.346323377785209163e-01
-3.350435859894381196e-01
-3.354824047765274098e-01
-3.359425989767812482e-01
-3.364249185767720363e-01
-3.369100288340379223e-01
-3.374228573433047385e-01
-3.379429478680549548e-01
-3.385015078634511232e-01
-3.390498036803263893e-01
-3.395883672197845815e-01
3.999980738761130250e-01
3.999980581701264026e-01
3.992431823515129041e-01
3.986696290909755858e-01
3.982022736830371779e-01
3.986122453139958610e-01
3.991853045027527469e-01
3.997364310342924609e-01
4.002627834274082863e-01
4.007336770319588903e-01
4.011560535097897784e-01
4.015238651982950269e-01
4.018363771549848806e-01
4.020918209231737483e-01
4.022866148186925450e-01
4.024243424748985554e-01
4.025041834060544832e-01
4.025254862983128623e-01
4.024892410094896844e-01
4.023945315649909427e-01
4.022426927807152275e-01
4.020310570011230711e-01
4.017632948026090278e-01
4.014401020034965573e-01
4.010584211129858412e-01
4.006316545363971526e-01
4.001552801269412929e-01
3.996287108858955217e-01
3.990454874497200155e-01
3.984460192657093280e-01
3.978030162468166320e-01
3.971070113338159846e-01
3.963620343473409080e-01
3.955857708861848510e-01
3.947772099824882197e-01
3.939314316488058965e-01
3.930626376591722093e-01
3.921401008050660608e-01
3.911716123179521110e-01
3.901623723334805560e-01
3.890832942973730946e-01
3.879738109176182337e-01
3.868334265570625985e-01
3.856739504858026635e-01
3.845345999032222517e-01
3.833894311399170807e-01
3.821804956677910536e-01
3.809189045300435117e-01
3.796586272710301690e-01
3.783729827611376217e-01
3.771130892305673554e-01
3.758944028650935687e-01
3.747470218328814440e-01
3.757987004315099799e-01
3.769840940520390316e-01
3.781287285917730445e-01
3.793051655534450117e-01
3.803837498003435624e-01
3.813899918915231169e-01
3.824025448034260588e-01
3.833892450963420351e-01
3.844065645823515620e-01
3.854465056558877833e-01
3.864792805942130482e-01
3.874865332557209663e-01
3.885249997838559621e-01
3.895142097447881757e-01
3.905124892680060800e-01
3.913606117869242729e-01
3.922169881237696498e-01
3.929446977532511931e-01
3.935128492088010854e-01
3.933875821266630268e-01
3.931962652571220351e-01
3.925017117514288945e-01
3.917618828166502531e-01
3.910220150903894187e-01
3.902836281315960054e-01
3.896230663009955242e-01
3.890111004991856913e-01
3.884464004816698401e-01
3.879225700312899927e-01
3.874724688007605833e-01
3.870614496271698735e-01
3.867047978746897541e-01
3.864133725237895445e-01
3.861985871378282864e-01
3.860382123224542217e-01
3.859319856298454865e-01
3.858797758650401866e-01
3.858794285251871958e-01
3.859130207972937820e-01
3.859391942078984061e-01
3.859217904873872285e-01
3.858422921498156355e-01
3.856522947016587932e-01
3.853922389861502151e-01
3.850557595598745331e-01
3.846523643010911764e-01
3.841955808933611993e-01
3.837053583723021855e-01
3.831671255963561840e-01
3.826632382339490990e-01
3.821621810700301380e-01
3.816445425674274139e-01
3.811065163544041789e-01
3.805730794194881472e-01
3.800224854284953158e-01
3.794919614535940955e-01
3.789388714599407071e-01
3.784029100461744344e-01
3.778526755994064401e-01
3.772647788105483180e-01
3.766199509862941941e-01
3.758982522845620844e-01
3.750961478412287997e-01
3.743585247254884729e-01
3.735036552718175029e-01
3.727076998693545362e-01
3.718942426612458219e-01
3.711070229164969980e-01
3.701971027263423752e-01
3.692343122586723703e-01
3.681671034027694800e-01
3.671283524341077409e-01
3.659349316333205815e-01
3.648037892652557512e-01
3.635453887893546066e-01
3.622275303099897203e-01
3.608838226846322605e-01
3.595227165510558875e-01
3.581585255933872336e-01
3.567591428753013050e-01
3.553566775288839463e-01
3.539077890609439447e-01
3.524016570818019334e-01
3.508195078655243493e-01
3.492317687974652030e-01
3.476510046921045261e-01
3.460769488104185054e-01
3.444826519092416550e-01
3.428605465426837751e-01
3.412761340122546505e-01
3.397661869417282765e-01
3.382138897843025016e-01
3.366318066944664622e-01
3.350906752042285830e-01
3.336072429213285395e-01
3.321701899381198086e-01
3.307136167396423909e-01
3.293052760585519212e-01
3.278764914349873161e-01
