4.000030192794882811e-01
4.000030353233891556e-01
4.023028294677893912e-01
4.047103460453406742e-01
4.071178156123907432e-01
4.095252340344205377e-01
4.119326056690221227e-01
4.143399358394847520e-01
4.167472301583667882e-01
4.191544940759346360e-01
4.215617325914158831e-01
4.239689526405570619e-01
4.263761563595536153e-01
4.287833473068649037e-01
4.311905284231142277e-01
4.335977020768271850e-01
4.360048701277035588e-01
4.384120340002175542e-01
4.408191947475025851e-01
4.432263566224250995e-01
4.456335166621654409e-01
4.480406746120662587e-01
4.504478301287331843e-01
4.528549828358502949e-01
4.552621323691738997e-01
4.576692784117099566e-01
4.600764207203084100e-01
4.624835591448783201e-01
4.648906936412668389e-01
4.672978242786512970e-01
4.697049509188887528e-01
4.721120745347435754e-01
4.745191951808609421e-01
4.769263133664787824e-01
3.224664137684044799e-06
3.240635817595049704e-06
2.330342471213773300e-03
4.277014390844414982e-03
6.176345777713990182e-03
8.140796188920136969e-03
1.007835148480037100e-02
1.196625557695070279e-02
1.385815199086268441e-02
1.567303494204113842e-02
1.746775731771300910e-02
1.918469367697923922e-02
2.091824429249252923e-02
2.254774018644356559e-02
2.419404160987645783e-02
2.587268501623398928e-02
2.753756566279818088e-02
2.918699261619555826e-02
3.081941763377038512e-02
3.250458138817352571e-02
3.413020605840132865e-02
3.573331895227248312e-02
3.737729379729220341e-02
3.903055495964768279e-02
4.066880478389774123e-02
4.227896410089172774e-02
4.375925592524122082e-02
4.513372692266280628e-02
4.645707431871656107e-02
4.768971462688063184e-02
4.870791333398207662e-02
4.948917412064225002e-02
5.038961021072783236e-02
5.124915107058575919e-02
5.194477306698876140e-02
5.255849689240904565e-02
5.316105841163201035e-02
5.367771825402116448e-02
5.415214027057931034e-02
5.456617092136586966e-02
5.490577391922270983e-02
5.514848323357848109e-02
5.542793047984228422e-02
5.563074628523913961e-02
5.579327141772756626e-02
5.593730137759789917e-02
5.603028061575153485e-02
5.608051767465904724e-02
5.614673017071430267e-02
5.620163311313542548e-02
5.625597916166387435e-02
5.633411544504787760e-02
5.642154798922335845e-02
5.654554090382490211e-02
5.667978432668175498e-02
5.678901715588874355e-02
5.689178897028716181e-02
5.696119854571681657e-02
5.700323755875459641e-02
5.704099310446432425e-02
5.705787518621597415e-02
5.708209017716102396e-02
5.710551612889606943e-02
5.711778102049475808e-02
5.714171586787859108e-02
5.715511413262266277e-02
5.717563267407833882e-02
5.718237460922911963e-02
5.718847888225048887e-02
5.718954221128571408e-02
5.718211124072401091e-02
5.718461253672952466e-02
5.720453441272873446e-02
5.723252166801502672e-02
5.726195452798120422e-02
5.730166196127321754e-02
5.733753145473550333e-02
5.736113690698511902e-02
5.737044985899165256e-02
5.737398981573366835e-02
5.737183421906689312e-02
5.736158303994239732e-02
5.733526283102054200e-02
5.729253015204648775e-02
5.723367480664943996e-02
5.716149427065329858e-02
5.707878611653512818e-02
5.699780999918789559e-02
5.691324808365184201e-02
5.682789412005160440e-02
5.670129897658680862e-02
5.655216602590408537e-02
5.640448781145703666e-02
5.624138057488742293e-02
5.605381121190734783e-02
5.583607676378249396e-02
5.562107548305779414e-02
5.538911976689469413e-02
5.511730853156798088e-02
5.482765371150189609e-02
5.455566005234416954e-02
5.426452209527481835e-02
5.395726800004526508e-02
5.358233599465340308e-02
5.315205851825711286e-02
5.266176619846949652e-02
5.220002705557796885e-02
5.162851326822380515e-02
5.108009894322008276e-02
5.051542734645746158e-02
4.994966250694626853e-02
4.936410322428717162e-02
4.875384025289728612e-02
4.816279543835770560e-02
4.756054534591114963e-02
4.691121838843070879e-02
4.617041778919300787e-02
4.547654417981031316e-02
4.479601322860486678e-02
4.412717552569434681e-02
4.345190141370342679e-02
4.280347309316838433e-02
4.024147734677505084e-02
3.767688021940653054e-02
3.511655125935616434e-02
3.256081382719350908e-02
3.000536080734608410e-02
2.745041755277458431e-02
2.489557667320526149e-02
2.234055206576226679e-02
1.978518136952230402e-02
1.722933254703803638e-02
1.467298260444152742e-02
1.211636221283927603e-02
9.559238984221361812e-03
7.001664734159578074e-03
4.443698158567343549e-03
1.885399079716766233e-03
-6.731747703209923399e-04
-3.231980507889622035e-03
-5.790970939286376427e-03
-8.350105506588632182e-03
-1.090935017279079551e-02
-1.346868507439641371e-02
-1.602811083792758315e-02
-1.858760546196953564e-02
-2.114715094671912321e-02
-2.370673259801289040e-02
-2.626633840004076112e-02
-2.882595847269873307e-02
-3.138558461825158297e-02
-3.394520995520451667e-02
-3.650482863238271175e-02
-3.906443561371482354e-02
-4.162402652316513074e-02
-4.418359753906735826e-02
-4.674314532757838786e-02
-4.930266700584635953e-02
-5.186211964939667352e-02
-5.442157656967649970e-02
-5.698103747474627528e-02
-5.954049677220567272e-02
-6.209995478098114668e-02
-6.465941177002659801e-02
-6.721886796022162602e-02
-6.977832352900979751e-02
-7.233777861641846330e-02
-7.489724046498016929e-02
-7.745672502474136578e-02
-8.001623432891492860e-02
-8.257576549441444924e-02
-8.513531527938299204e-02
-8.769488013650289515e-02
-9.025445626937900201e-02
-9.281403969186527436e-02
-9.537362629005939618e-02
-9.793321188663570154e-02
-1.004927923070509793e-01
-1.030523634469538014e-01
-1.056119213398826195e-01
-1.081714622240933649e-01
-1.107309826071559700e-01
-1.132904793268335736e-01
-1.158499496067417756e-01
-1.184094042724454371e-01
-1.209688590261645824e-01
-1.235283138458990876e-01
-1.260877687057664343e-01
-1.286472235779640705e-01
-1.312066784344518844e-01
-1.337661332487106169e-01
-1.363255879974354934e-01
-1.388850574523693149e-01
-1.414445532271755013e-01
-1.440040725744745065e-01
-1.465636123843058192e-01
-1.491231692357981586e-01
-1.516827394506878590e-01
-1.542423191486314571e-01
-1.568019043039447225e-01
-1.593614908035673738e-01
-1.619210745061807066e-01
-1.644806513024616168e-01
-1.670402172453067380e-01
-1.695997684444902620e-01
-1.721593011864193945e-01
-1.747188121030325558e-01
-1.772782981714274564e-01
-1.798377598946845068e-01
-1.823972146357155100e-01
-1.849566694450471560e-01
-1.875161243013761803e-01
-1.900755791797657523e-01
-1.926350340532584915e-01
-1.951944888945564560e-01
-1.977539436779469917e-01
-2.003134030164618051e-01
-2.028728840643686526e-01
-2.054323902857093098e-01
-2.079919187486157228e-01
-2.105514661882459948e-01
-2.131110290610682412e-01
-2.156703066774493249e-01
-2.182298882012146390e-01
-2.207894734257162817e-01
-2.233479719403422825e-01
-2.259075495048862847e-01
-2.284671187072893905e-01
-2.310266757626193157e-01
-2.335862164560845722e-01
-2.361457372318358783e-01
-2.387052348475617869e-01
-2.412448187456023851e-01
-2.437794642107087573e-01
-2.463388231590091237e-01
-2.488981829439327331e-01
-2.514575431571460795e-01
-2.540169039732035894e-01
-2.565397119256488390e-01
-2.590561897953591597e-01
-2.616153710038698899e-01
-2.641745627926943008e-01
-2.667337802663487523e-01
-2.692930228664881520e-01
-2.718522899220876532e-01
-2.744115765841627641e-01
-2.769708791732135023e-01
-2.795301936736962478e-01
-2.820895158376429679e-01
-2.846488412818750646e-01
-2.872081655798094935e-01
-2.897674843478864060e-01
-2.923267933262858054e-01
-2.948860884533666682e-01
-2.974453659331507405e-01
-3.000046222952157948e-01
-3.025638544465221180e-01
-3.051230591541538861e-01
-3.076822555340848475e-01
-3.102414520186496660e-01
-3.128006485633659239e-01
-3.153598451280003601e-01
-3.179190416767081473e-01
-3.204782381782809164e-01
-3.230374346066228752e-01
-3.255966313524690237e-01
-3.281558480625467178e-01
-3.307150906578644745e-01
-3.332743563551331389e-01
-3.358336419960048502e-01
-3.383929440956748302e-01
-3.409522588970118617e-01
-3.435115824299319609e-01
-3.460709105752072245e-01
-3.486302391316903893e-01
-3.511895638857434054e-01
-3.537488806815132780e-01
-3.563081854906114398e-01
-3.588674744797343830e-01
-3.614267440748156202e-01
-3.639859910204156779e-01
-3.665452124332277406e-01
-3.691044052754133831e-01
-3.716636016140575927e-01
-3.742227980164659074e-01
-3.767819944596120796e-01
-3.793411909181840791e-01
-3.819003873660740678e-01
-3.844595837780206971e-01
-3.870187801311978926e-01
-3.895779831416681382e-01
-3.921372112797384402e-01
-3.946964641060360934e-01
-3.972557386508971944e-01
2.000018371411403373e-01
2.000018528662155792e-01
2.013646236458257466e-01
2.024881310356755615e-01
2.035761442060756710e-01
2.047362251419976853e-01
2.059605161985208210e-01
2.072018398332600431e-01
2.084161837171512877e-01
2.096143494750358494e-01
2.108242454042019154e-01
2.120539744785971126e-01
2.132343958398504047e-01
2.144323925222385019e-01
2.156025576508508457e-01
2.168003251992805525e-01
2.180234976686918624e-01
2.192638740763016014e-01
2.205276461905870955e-01
2.218387731872346891e-01
2.231509710218717302e-01
2.245199387516824685e-01
2.259035626971135913e-01
2.273695374502424371e-01
2.288505963746475524e-01
2.303669491639131484e-01
2.318888104466574895e-01
2.334144808837986806e-01
2.348913380059454714e-01
2.363520164886711850e-01
2.377728810998282205e-01
2.391630290382582291e-01
2.405424200949690117e-01
2.419390949465365925e-01
2.433414749879680705e-01
2.447262679256271556e-01
2.461276636423754272e-01
2.475950361349271156e-01
2.490266492176891888e-01
2.504955116016195915e-01
2.520355677579312892e-01
2.536097850385233277e-01
2.552159600876423018e-01
2.568349794990129609e-01
2.584844620533628401e-01
2.601083127850491450e-01
2.616968511488684812e-01
2.633274626190040268e-01
2.650091752661270506e-01
2.667096780066428585e-01
2.684451032071754617e-01
