1.665176323330675880e-06
1.680783189119149975e-06
1.296677248388607628e-03
1.855469507083055882e-03
2.751170524539712711e-03
3.209785308096477739e-03
3.605878428711081687e-03
4.094508568704515947e-03
4.482332918175790069e-03
4.930742641751780300e-03
5.203614289260262947e-03
5.917152548667208196e-03
6.175364093722352822e-03
6.566368952292173447e-03
6.757553308481042270e-03
7.085414980804928542e-03
7.299492754336642936e-03
7.479842222118050950e-03
7.602310034787546252e-03
7.691803669998652573e-03
7.781220652073262724e-03
7.914294124202633091e-03
8.039233472274705250e-03
8.085532479884692189e-03
8.149310210368685900e-03
8.177476760385457219e-03
8.180428841453025318e-03
8.169523547564963573e-03
8.141983206714113047e-03
8.102454542482599026e-03
8.048208620210994813e-03
7.888626427081288014e-03
7.788523642134367701e-03
7.698040477056312600e-03
7.568502467875576345e-03
7.441986253432647525e-03
7.277154064084298719e-03
7.111746375865557815e-03
6.645921502933359835e-03
6.392935636008062819e-03
6.099243661082423031e-03
5.599933158163151493e-03
5.130016324031282972e-03
4.825973600914502948e-03
4.573756090447074311e-03
3.610854123588250458e-03
2.661260307240095272e-03
1.725282600125488223e-03
7.922524820973287632e-04
-1.160723617519256927e-04
-1.018673775377657801e-03
-1.904913225754742857e-03
-2.771015008079973693e-03
-3.632190948443284832e-03
-4.468266766188452345e-03
-5.300316549899855914e-03
-6.120843396917372177e-03
-6.928427918256169042e-03
-7.718325475838383291e-03
-7.980183869106271394e-03
-8.259047548590647131e-03
-8.452758858842047279e-03
-9.349858869188883148e-03
-1.021380021012029300e-02
-1.107246937842400018e-02
-1.190403484793323488e-02
-1.270800586941736414e-02
-1.348613027818296693e-02
-1.424699302169438013e-02
-1.498336326377358238e-02
-1.509218022098573163e-02
-1.519875330183947590e-02
-1.527923742921214606e-02
-1.538877711471635899e-02
-1.623252515894545514e-02
-1.708027904142625161e-02
-1.791609422255059647e-02
-1.872937752985947418e-02
-1.952724233609183166e-02
-2.030268294433292681e-02
-2.106155181375022126e-02
-2.117851634919208983e-02
-2.128335902378926739e-02
-2.139949408825202182e-02
-2.224476637485069130e-02
-2.305243962078841469e-02
-2.384230877712315358e-02
-2.460491811559950559e-02
-2.533597376917545024e-02
-2.604897608812179605e-02
-2.610666744411596976e-02
-2.615350531500106740e-02
-2.620349014257091283e-02
-2.628322316727934455e-02
-2.709472425437389059e-02
-2.785969557623097642e-02
-2.862632173073650921e-02
-2.938767611718453784e-02
-3.013209697721098632e-02
-3.026915463522574304e-02
-3.040111073247075968e-02
-3.055886429997745762e-02
-3.073671908116137191e-02
-3.163177221283349633e-02
-3.250488455181430036e-02
-3.337829253405518587e-02
-3.423704434817109038e-02
-3.508287987369242134e-02
-3.592492539743435270e-02
-3.676607209790627717e-02
-3.759568981596703163e-02
-3.841183677760205001e-02
-3.922559151526866517e-02
-3.943211690351539761e-02
-3.965458454569528723e-02
-3.991166632746313142e-02
-4.086514630593038322e-02
-4.181299235967145256e-02
-4.274864292026711587e-02
-4.367444440049562948e-02
-4.459959524504288064e-02
-4.551691096577625134e-02
-4.643034096954423706e-02
-4.733636554938161489e-02
-4.822941212744583095e-02
-4.913045492113304186e-02
-5.001884220642349721e-02
-5.089880996524265289e-02
-5.177402287397317449e-02
-5.263522214549760242e-02
-5.348416821608295568e-02
-5.432584196216175970e-02
-5.515974793853493235e-02
-5.599079201825839236e-02
-5.619342171376154327e-02
-5.640956447914505928e-02
-5.662576085144577220e-02
-5.755488683868557193e-02
-5.848159977892384426e-02
-5.940419387228284415e-02
-6.032140186292925255e-02
-6.122546669294220284e-02
-6.211541107045354115e-02
-6.299135196658377234e-02
-6.385819178244206418e-02
-6.472500703636946406e-02
-6.557333253308721133e-02
-6.640554978580477663e-02
-6.722528454318164870e-02
-6.804089107518396240e-02
-6.820044179351422708e-02
-6.838532664284481533e-02
-6.857588622197678674e-02
-6.954022443608480486e-02
-7.050384656042184284e-02
-7.146591731471858833e-02
-7.242144416253247508e-02
-7.337445778516503425e-02
-7.433165861126959928e-02
-7.529781951411360086e-02
-7.626420642962665475e-02
-7.723083825740703623e-02
-7.819768334156104728e-02
-7.916471391141587099e-02
-8.013190086208756002e-02
-8.109921598673355825e-02
-8.206662988434951234e-02
-8.303412693533701594e-02
-8.400168412373769378e-02
-8.496928561165899285e-02
-3.999977631583565563e-01
-3.999977472912136789e-01
-3.982972877607319218e-01
-3.974539410793914151e-01
-3.966152580013376783e-01
-3.956676892842145854e-01
-3.946462153442696907e-01
-3.936063661750036635e-01
-3.925132272564796909e-01
-3.913046220482621074e-01
-3.902287055013105022e-01
-3.891769201038236536e-01
-3.880582766940139372e-01
-3.870483237824929867e-01
-3.859945971526650976e-01
-3.848508332061934545e-01
-3.837707653401661867e-01
-3.825935588807730658e-01
-3.813887244856724590e-01
-3.801460107668758748e-01
-3.789017100867115295e-01
-3.776208822652071806e-01
-3.763910416012452020e-01
-3.751570511981654477e-01
-3.740202862796347394e-01
-3.728753983878285716e-01
-3.717391557774837318e-01
-3.705678927783038201e-01
-3.692849796837497367e-01
-3.680319115317794987e-01
-3.667400443898491402e-01
-3.655394613089020250e-01
-3.642738683982056913e-01
-3.630189360542075971e-01
-3.618811756798480661e-01
-3.608233407937038173e-01
-3.597654757270894454e-01
-3.587015535556785650e-01
-3.576604758715004606e-01
-3.565974401956908957e-01
-3.554967919162115297e-01
-3.543570221683533528e-01
-3.531474639674975768e-01
-3.520185651428738294e-01
-3.508639639796661269e-01
-3.497470384195349724e-01
-3.486453267638343068e-01
-3.474978418136956959e-01
-3.464054263727427418e-01
-3.453762831256989019e-01
-3.443696777192001290e-01
-3.433616682848044666e-01
-3.423641559256294653e-01
-3.414538306125044498e-01
-3.406621416020481075e-01
-3.398206831286861296e-01
-3.389896089533512846e-01
-3.381782951222485623e-01
-3.373351271029607634e-01
-3.364917733224427332e-01
-3.356954870272360614e-01
-3.349054248787382559e-01
-3.340541470460368090e-01
-3.331060371873384440e-01
-3.321970280773194895e-01
-3.312318402051565580e-01
-3.302424695892500761e-01
-3.292399931488569909e-01
-3.282920726784523402e-01
-3.274149354558924530e-01
-3.265218794249214462e-01
-3.256359450013818768e-01
-3.247539924269152167e-01
-3.238712359325607859e-01
-3.229715423031564447e-01
-3.220597814020836336e-01
-3.211921185318687977e-01
-3.202994951292527648e-01
-3.193699408538170914e-01
-3.184472325356734745e-01
-3.174444936092324365e-01
-3.163602448262050060e-01
-3.152930326963660490e-01
-3.141339694747635747e-01
-3.129276609584118463e-01
-3.116849194575794790e-01
-3.105242631142692833e-01
-3.093869863813121235e-01
-3.083510801662610046e-01
-3.071940363500655358e-01
-3.061247919512000704e-01
-3.050545555361879324e-01
-3.039553319970410006e-01
-3.027313288658051715e-01
-3.014213101251797533e-01
-3.001762468722811161e-01
-2.988429956394376141e-01
-2.975564178614568123e-01
-2.962737386495068459e-01
-2.950022884366206855e-01
-2.937307281220722932e-01
-2.924352580673610369e-01
-2.911185407388080515e-01
-2.899107613745271483e-01
-2.884030760560663542e-01
-2.866679161588516211e-01
-2.852131364912562361e-01
-2.836038661845336484e-01
-2.819185038523727149e-01
-2.803862359382883196e-01
-2.786165652995640785e-01
-2.770052492076005013e-01
-2.750402083832305666e-01
-2.734242684583080840e-01
-2.713169738191520408e-01
-2.695862366552504441e-01
-2.675990710443705844e-01
-2.654922147477127847e-01
-2.636317205535912422e-01
-2.617083982316498747e-01
-2.600235233066029994e-01
-2.581815250788650484e-01
-2.561932479449266498e-01
-2.544141487858176953e-01
-2.524389878946170507e-01
-2.506042615948981811e-01
-2.485814868373611430e-01
-2.467001339080962530e-01
-2.448599886991390528e-01
-2.432728410877907088e-01
-2.414381889252727453e-01
-2.394936042639534135e-01
-2.374689701794772678e-01
-2.357759738705957342e-01
-2.338860195817751841e-01
-2.320652634932463265e-01
-2.302243097961771401e-01
-2.285884847839224354e-01
-2.267453131767677155e-01
-2.251637832897914471e-01
-2.234464489785930041e-01
-2.218776143878342655e-01
-2.204738962194688623e-01
-2.189834528842224959e-01
-2.172510060581250291e-01
-2.157113336791013081e-01
-2.138966192998805749e-01
-2.123463693234913796e-01
-2.105758372541540191e-01
-2.089115698958552980e-01
-2.068605431093361036e-01
-2.048675072316659962e-01
-2.026181810632970148e-01
-2.006458533151024293e-01
-1.987234422691552260e-01
-1.967564144654886937e-01
-1.947148520230191637e-01
-1.931156181638914449e-01
-1.914200186216169775e-01
-1.896998067772337482e-01
-1.881730504095192047e-01
-1.862812257375842107e-01
-1.844723697798577311e-01
-1.827578095864132446e-01
-1.810344149664199209e-01
-1.795480053545807642e-01
-1.781608072079378380e-01
-1.767143033210171188e-01
-1.753018933362827103e-01
-1.738193407692290304e-01
-1.722937692251330921e-01
-1.707391062471092513e-01
-1.692534883572396343e-01
-1.677502985976861427e-01
-1.662616143965852944e-01
-1.647477728464349644e-01
-1.629944195022650366e-01
-1.614793018252047019e-01
-1.599539878017421923e-01
-1.583244295493812515e-01
-1.567775352178492621e-01
-1.552386989753657132e-01
-1.538303831040986891e-01
-1.523175205451423597e-01
-1.507871833776377457e-01
-1.492825008788729868e-01
-1.476104892016548986e-01
-1.461357121306050000e-01
-1.446622204907682951e-01
-1.431977951325340281e-01
-1.418972319169715945e-01
-1.405676168575563378e-01
-1.392232117163345884e-01
-1.378659871606225107e-01
-1.364631794651664232e-01
-1.351142988661437339e-01
-1.337478038091773902e-01
-1.323578954642726790e-01
-1.308894359531958262e-01
-1.294378601972580312e-01
-1.280419043434903037e-01
-1.266936063369925591e-01
-1.253658123323576068e-01
-1.240027465873736606e-01
-1.226168106423201204e-01
-1.212541744876275002e-01
-1.199116481721829441e-01
-1.186195881656309653e-01
-1.173387693708579094e-01
-1.160357244596629950e-01
-1.147878895374674635e-01
-1.135768253119511101e-01
-1.123040290653380402e-01
-1.110476632887750226e-01
-1.098017211722134845e-01
-1.086138214685705983e-01
-1.073756427288901916e-01
-1.061358115580270656e-01
-1.048917300020855148e-01
-1.036623594480931831e-01
-1.024513648258551235e-01
-1.012550755822536896e-01
-1.001032766048558786e-01
-9.896267312141379668e-02
-9.778739472808323230e-02
-9.659269512910427513e-02
-9.543619539038011856e-02
-9.423093016688770251e-02
-9.296660356965798233e-02
-9.169146313750056732e-02
-9.037798133022073577e-02
-8.906817472344996656e-02
-8.777465233372067077e-02
-8.642273255706592328e-02
-8.507334100602653715e-02
-8.381364530273292812e-02
-8.254846748821698110e-02
-8.125913120104244491e-02
-7.998239331412190789e-02
-7.872864866294826403e-02
-7.748860590274890547e-02
-7.628005602330757695e-02
-7.506472359436046349e-02
-7.348809407217403444e-02
-7.232357750142257014e-02
-7.118210396611901469e-02
-6.970414882679086543e-02
-6.824747418042712011e-02
-6.693255566837479076e-02
-6.547115988283216947e-02
-6.403278942348829272e-02
-6.263288190507883268e-02
-6.125661241856366485e-02
-5.995226383620474303e-02
-5.868808473936836662e-02
-5.737648385533399703e-02
-5.612648301452525385e-02
-5.490827119754519703e-02
-5.373220591289099013e-02
-5.257366216205833914e-02
-5.148556410941162315e-02
-5.039103996691576826e-02
-4.927689518794398787e-02
-4.831428044665824623e-02
-4.734721092816138177e-02
-4.642620516772736489e-02
-4.557580734019282126e-02
-4.478975457597039744e-02
-4.406474828703700608e-02
-4.338472839168474454e-02
-4.278279641680975132e-02
-4.220721995438631025e-02
-4.157541992075183823e-02
-4.102480175556095371e-02
-4.053299150578237864e-02
-3.983696937144974581e-02
-3.940899523126294157e-02
-3.906824575916793829e-02
-3.875503059824523394e-02
-3.843360831677805622e-02
-3.820543677792969522e-02
-3.801012377083465982e-02
-3.786162874709834980e-02
-3.777575421217527207e-02
-3.773810485089457850e-02
-3.775014504363451151e-02
-3.781713513052276793e-02
-3.791377475332993047e-02
-3.806250448124963437e-02
-3.825595567718671763e-02
-3.851039491335592896e-02
-3.882033932525695563e-02
-3.919147441472011634e-02
-3.958770633526437210e-02
-4.006209204304506111e-02
-4.052723403512206723e-02
-4.113893441102188520e-02
-4.165163108542667414e-02
-4.229639187461609745e-02
-4.286693309453772083e-02
-4.342433467234962235e-02
-4.407046535076291488e-02
-4.472180704505686333e-02
-4.537399023998096859e-02
-4.607290024029096071e-02
-4.680438070774451537e-02
-4.755866738255033754e-02
-4.834817258394134148e-02
-4.913705787646330952e-02
-4.999021484847156194e-02
-5.090093650208697001e-02
-5.192596781484378615e-02
-5.300614080248616106e-02
-5.427272661229106537e-02
-5.561361021910807279e-02
-5.710386172988200087e-02
-5.861726865240104306e-02
-6.017275275818130542e-02
-6.193963121373223524e-02
-6.358424688744954145e-02
-6.519685362453302158e-02
-6.684876050310233075e-02
-6.849947454786883827e-02
-7.021539956480550571e-02
-7.192453545248196634e-02
-7.368221272551124523e-02
-7.538893216381681306e-02
-7.718523830605296399e-02
-7.891310044275062774e-02
-8.068415485938962295e-02
-8.252654495203386176e-02
-8.447499676327270557e-02
-8.629008702702413436e-02
-8.823165899095132547e-02
-9.009035363772850691e-02
-9.195464657900628835e-02
-9.375997578831778145e-02
-9.546651957546113676e-02
-9.739936841835829251e-02
-9.922832587548069405e-02
-1.011177705986252839e-01
-1.028594817196755440e-01
-1.047990819307033222e-01
-1.070816778178147743e-01
-1.090749747507643863e-01
-1.111808573309221587e-01
-1.130907726626875776e-01
-1.152320176122621082e-01
-1.174366011378807917e-01
-1.196795929650229379e-01
-1.219238760069837058e-01
-1.241692675272485641e-01
-1.264155864705190924e-01
-1.286626618636506347e-01
-1.309103390980909387e-01
-1.331585003257706457e-01
-1.354070350407110823e-01
-1.376558467488204762e-01
-1.399048654921232759e-01
-1.421540308558216781e-01
-1.444032949774970154e-01
-1.466526219359229055e-01
-1.489019848792961787e-01
-1.511513640437109895e-01
-1.534007460257607036e-01
-1.556501222775074078e-01
-1.578994878504660082e-01
-1.601488403735345234e-01
-1.623981792414642966e-01
-1.646475049866502061e-01
-1.668968188060901692e-01
-1.691461221106496382e-01
-1.713954165899345683e-01
-1.736447034613997076e-01
-1.758939837651476712e-01
-1.781432635699682354e-01
-1.803925521834457424e-01
-1.826418386096295698e-01
-1.848911227806543378e-01
-1.871404050481936532e-01
-1.893896856316798771e-01
-1.916389646442646366e-01
-1.938882421191474581e-01
-1.961375180346731084e-01
-1.983868022365139760e-01
-2.006360928096764806e-01
-2.028853917858563505e-01
-2.051346977431706131e-01
-2.073840027335197567e-01
-2.096333023557728215e-01
-2.118825954226971620e-01
-2.141318809118137323e-01
-2.163811579923317907e-01
-2.186304260467057670e-01
-2.208796807893294856e-01
-2.231289335497113613e-01
-2.253781843414095487e-01
-2.276274336713813851e-01
-2.298310806991791522e-01
-2.320670532420192056e-01
-2.343132624063222758e-01
-2.365551837372634192e-01
-2.388012151779385916e-01
-2.410472804645013567e-01
-2.432933771942384915e-01
-2.455395022377584724e-01
-2.477856520552356723e-01
-2.500318230533564723e-01
-2.522780213743752720e-01
-2.545242452985074233e-01
-2.567704802903406081e-01
-2.590167242417794058e-01
-2.612629754618907008e-01
-2.635092325924754397e-01
-2.657554941148887462e-01
-2.680017601882646594e-01
-2.702480295862064730e-01
-2.724943017170097792e-01
-2.747405760228679994e-01
-2.769868519440593091e-01
-2.792331288914953746e-01
-2.814794062429170074e-01
-2.837256833980860149e-01
-2.859719597594277407e-01
-2.882182460775940536e-01
-2.904645383288257388e-01
-2.927108301348654851e-01
-2.949571212094683759e-01
-2.972034112878436662e-01
-2.994497001259736613e-01
-3.016959875018443427e-01
-3.039422732177385900e-01
-3.061885571030683040e-01
-3.084348285555976732e-01
-3.106763900946770685e-01
-3.129223947320198262e-01
-3.151194974501942969e-01
-3.173230417778331591e-01
-3.195325076624418448e-01
-3.216824679538040632e-01
-3.238346133746012323e-01
-3.259011949353345372e-01
-3.280038089149662772e-01
-3.300955380523837857e-01
-3.321303037591352703e-01
-3.341552808010846976e-01
-3.361283841514814408e-01
-3.381484351415568468e-01
-3.401373466838350512e-01
-3.421398927569554438e-01
-3.441813354550601889e-01
-3.462111616840628514e-01
-3.482418451745643573e-01
-3.502086658765800609e-01
-3.521532880512865948e-01
-3.541451337405155386e-01
-3.561073237427851423e-01
-3.580525789161157491e-01
-3.599976808731308875e-01
-3.620202947591472653e-01
-3.640312198914388842e-01
-3.660555044513799094e-01
-3.680668946690784371e-01
-3.700791838475988027e-01
-3.721383286255779965e-01
-3.741980578892129539e-01
-3.762582843236557673e-01
-3.783189205714557746e-01
-3.803798882439659024e-01
-3.824411179542047678e-01
-3.845025500338579150e-01
-3.865641344491017595e-01
-3.886258301978782748e-01
-3.906876042058076703e-01
-3.927494292915210683e-01
-3.948112746582695953e-01
-3.968731314012384215e-01
-3.989349936649425055e-01
-4.009968544223234677e-01
-4.030587091126482391e-01
-4.051205550236721686e-01
-4.071823907878152071e-01
-4.092442159813378666e-01
-4.113060308133587029e-01
-4.133678447843817105e-01
-4.154296593886131483e-01
-4.174914824262369595e-01
-1.705581594277737619e-06
-1.317116163004833059e-03
-2.506872090899035094e-03
-3.729752749185104820e-03
-4.928043357744818151e-03
-6.133715322430448313e-03
-7.352964460484894167e-03
-8.605132399320435804e-03
-9.857918449732404331e-03
-1.111128730502372250e-02
-1.236518438349053575e-02
-1.361954445281293898e-02
-1.487429909383136684e-02
-1.612938141917795790e-02
-1.738472955120432331e-02
-1.864028838518127368e-02
-1.989601035406654908e-02
-2.115185549829151634e-02
-2.240779107772871911e-02
-2.366379070043844735e-02
-2.491983300863280168e-02
-2.617590370887646484e-02
-2.743199050473239115e-02
-2.097112001247659618e-01
1.999981778178796521e-01
1.999981621512663399e-01
1.986536047787974824e-01
1.972438678688576419e-01
1.958340344490450136e-01
1.944240971883423041e-01
1.930140548001308687e-01
1.916039126514284818e-01
1.901936786469226037e-01
1.887833629897963938e-01
1.873729769321206828e-01
1.859625314162112741e-01
1.845520373153872462e-01
1.831415042989884556e-01
1.817309406848248432e-01
1.803203534234401606e-01
1.789097481693271985e-01
1.774991294046884827e-01
1.760885005913523371e-01
1.746778643311869550e-01
1.732672224212798429e-01
1.718565752559596815e-01
1.704459186089954115e-01
1.690352559269918953e-01
1.676245869308100600e-01
1.662380116549993236e-01
1.650775933599255008e-01
1.639219515363251889e-01
1.627026754000093223e-01
1.616451329447812224e-01
1.606370560447701878e-01
1.596501330956155151e-01
1.586825732720510973e-01
1.577880643379162284e-01
1.568825641478169830e-01
1.559956581179408053e-01
1.551217091258540459e-01
1.542871438962894470e-01
1.535092925683866349e-01
1.527099154051212992e-01
1.519685896010251613e-01
1.512947422572407108e-01
1.506563644208469555e-01
1.500297503049192460e-01
1.494138322671171026e-01
1.488172927310890403e-01
1.482336630520038057e-01
1.476630254615901860e-01
1.471275758027377756e-01
1.466100763574240406e-01
1.460988037019385621e-01
1.456208950808831060e-01
1.451551830398809251e-01
1.447186263328707201e-01
1.443031525863759101e-01
1.439044849900376344e-01
1.435223892147539648e-01
1.431764187152609336e-01
1.428617361076945091e-01
1.425629931754441582e-01
1.422887067087692248e-01
1.420181224916825247e-01
1.417731695085399923e-01
1.415380547809130807e-01
1.413150483131388468e-01
1.410998314565930500e-01
1.409032905871993868e-01
1.407137379159107970e-01
1.405287580896961153e-01
1.403530784953798405e-01
1.401835135617105488e-01
1.400145894511901912e-01
1.398449255541085734e-01
1.396739364518041482e-01
1.395021854411362394e-01
1.393298309126017043e-01
1.391570102867505376e-01
1.389838394744978278e-01
1.388103974578606403e-01
1.386367536438118941e-01
1.384629625369137584e-01
1.382890733869939492e-01
1.381151233268774481e-01
1.379411393717091261e-01
1.377671407338224019e-01
1.375931402221317323e-01
1.374191455291862707e-01
1.372451609578624887e-01
1.370711884444158479e-01
1.368972283652300226e-01
1.367232801556853561e-01
1.365493429050647634e-01
1.363754161143702071e-01
1.362015065611031917e-01
1.360276121727566623e-01
1.358537308036574243e-01
1.356798602916236551e-01
4.000021226833572197e-01
4.016503209935290974e-01
4.030754280488843544e-01
4.043570732883466357e-01
4.056814209313773234e-01
4.069748192561207234e-01
4.082553335368389047e-01
4.094840890459079397e-01
4.106977637656157309e-01
4.118213370751063196e-01
4.129735421262182848e-01
4.140551590668120063e-01
4.150976435497137351e-01
4.161081633866132168e-01
4.170646744839219822e-01
4.179669104945494817e-01
4.188401344182259844e-01
4.196092334900410892e-01
4.203357827750863196e-01
4.210075068365783379e-01
4.216146926515641491e-01
4.221509247141751464e-01
4.226480481160202474e-01
4.231085493344625137e-01
4.235081528281250951e-01
4.238537369967085300e-01
4.241478891032691712e-01
4.243880793506258353e-01
4.245735283905233692e-01
4.247072391979632711e-01
4.247836220581979183e-01
4.248060912640792552e-01
4.247750674310204477e-01
4.246913141259957003e-01
4.245543565207267056e-01
4.243620303851670661e-01
4.241211179630833827e-01
4.238308964968128811e-01
4.234746823990188647e-01
4.230717586396419150e-01
4.226219249287619384e-01
4.221177558290239995e-01
4.215651434862894287e-01
4.209518155603868550e-01
4.203079450402619766e-01
4.196268212380346307e-01
4.188907487608855007e-01
4.181048258793619854e-01
4.172567897792737734e-01
4.163463560045117529e-01
4.154524941400202787e-01
4.145601811077657683e-01
4.136152083171193983e-01
4.126822152701046242e-01
4.117217119323447472e-01
4.107550307349854823e-01
4.097412421249269632e-01
4.086893887607864206e-01
4.075754142989091444e-01
4.063888225148496458e-01
4.051350236422964768e-01
4.039326619381869432e-01
4.026449498169211161e-01
4.012761711128485231e-01
3.999155038369067716e-01
3.985450078688275721e-01
3.971737181494751079e-01
3.955890903926211899e-01
3.938353357238487118e-01
3.920438147760523795e-01
3.900219227246089493e-01
3.878917843829873813e-01
3.858324179332934256e-01
3.837866867481666833e-01
3.816279576231681459e-01
3.795102036827546765e-01
3.773877340527355684e-01
3.754191538753980373e-01
3.734516849262560223e-01
3.713772316276014451e-01
3.694305248496437821e-01
3.675506308025484059e-01
3.655799720519721796e-01
3.636825808408035154e-01
3.619120483689317602e-01
3.602402263762841117e-01
3.584026238130376130e-01
3.566472993911336542e-01
3.550730683529669807e-01
3.534104445698699193e-01
3.517423842443750948e-01
3.500506404627929391e-01
3.482996611872813952e-01
3.465428755887308698e-01
3.447901004146045612e-01
3.430946123764948008e-01
3.414559018957848413e-01
3.398436707002782664e-01
3.382659971523030440e-01
3.367571244087461668e-01
3.353257490239017757e-01
3.339771110902978735e-01
3.327298378594630290e-01
3.315106956048726738e-01
3.302302610969399255e-01
3.289818972979286493e-01
3.275909549266188270e-01
3.262435587739393461e-01
3.248918892926307977e-01
3.235125214552299622e-01
3.220883898515329857e-01
3.206225164203854727e-01
3.191307607678749991e-01
3.176175146065745580e-01
3.160740722398810432e-01
3.144966940569879355e-01
3.129215539785697997e-01
3.113871802478538342e-01
3.098554105476909459e-01
3.082990295748765930e-01
3.067218672178547156e-01
3.051696629284402218e-01
3.036790459387652685e-01
3.021146507662252900e-01
3.005331060971098700e-01
2.989508218819598162e-01
2.973679486261316951e-01
2.957847535969306274e-01
2.942010665756552013e-01
2.926170630084946045e-01
2.910328272780117742e-01
2.894484268590861720e-01
2.878639078766158654e-01
2.862793035452684820e-01
2.846946418233123888e-01
2.831099509866211728e-01
2.815252479751179648e-01
2.799405442561266888e-01
2.783558473629875185e-01
2.767711619028548897e-01
2.751864905328850752e-01
2.736018346499691223e-01
2.720171970341058731e-01
2.704325786686506694e-01
2.688479784197814193e-01
2.672633949645952800e-01
2.656788269109925382e-01
2.640942578062471235e-01
2.625096934445010355e-01
2.609251414768929411e-01
2.593406066395148590e-01
2.577560781545069624e-01
2.561715528314255086e-01
