-1.238959589664752479e-06
-1.254465906872815791e-06
-9.455565899938575460e-04
-1.883956846929951950e-03
-2.799982735304654309e-03
-3.709350948787438519e-03
-4.624436578822699838e-03
-5.541969868598554949e-03
-6.466466633496766904e-03
-7.392788018346042531e-03
-8.319408259173700221e-03
-9.246294590424090215e-03
-1.017341113625889332e-02
-1.110072162617054339e-02
-1.202819128422894304e-02
-1.295578824694874204e-02
-1.388348433202758400e-02
-1.480151209681064041e-02
-1.571947563331178507e-02
-1.664235436840381943e-02
-1.756045006609067288e-02
-1.848251979198360651e-02
-1.940467517966446356e-02
-2.032376902657024101e-02
-2.123814368005029832e-02
-2.214618550878276818e-02
-2.306289764784696938e-02
-2.397968961344638592e-02
-2.489655559623488862e-02
-2.581348741707863853e-02
-2.672537148987004507e-02
-2.763303380032627182e-02
-2.852743384892419271e-02
-2.942629697239143929e-02
-3.031509367085206963e-02
-3.120546673415757269e-02
-3.209817699224165599e-02
-3.299569637959950258e-02
-3.389342556186304700e-02
-3.479134601890725847e-02
-3.568943425956828952e-02
-3.658658993111560398e-02
-3.747071989950993137e-02
-3.834271371460074018e-02
-3.920820865818470946e-02
-4.006095764765493089e-02
-4.090329416270886698e-02
-4.173378142692462517e-02
-4.255753291998326526e-02
-4.338011695260961947e-02
-4.419443870685151737e-02
-4.500275403018180742e-02
-4.580582757791734627e-02
-4.659134656480731079e-02
-4.737025028018215789e-02
-4.813903319369045031e-02
-4.890495034825268622e-02
-4.966393861076488780e-02
-5.041200419461187854e-02
-5.116499128170474281e-02
-5.192153003925498861e-02
-5.267114680036642793e-02
-5.342666940035425971e-02
-5.418475903396483689e-02
-5.493835949418143100e-02
-5.568171049260738775e-02
-5.643168919224014063e-02
-5.718220044343576974e-02
-5.793445882447184614e-02
-5.868309725887818629e-02
-5.943458917363544231e-02
-6.018031750006976738e-02
-6.092098151897043512e-02
-6.166313761446224478e-02
-6.240630258268893560e-02
-6.313521497850532738e-02
-6.385276373717707621e-02
-6.456205572044217134e-02
-6.526192477828922367e-02
-6.596211116920439044e-02
-6.665350950621630466e-02
-6.733224278509601646e-02
-6.800039084203306217e-02
-6.866199967456866615e-02
-6.931568740265210693e-02
-6.995189501168846968e-02
-7.057379139637562360e-02
-7.117966807214096137e-02
-7.177580161900179445e-02
-7.237029568693198467e-02
-7.296222282882412757e-02
-7.355090484629461800e-02
-7.412965191449695512e-02
-7.470027882348198589e-02
-7.526102680288426772e-02
-7.581611285532001421e-02
-7.637257070505801271e-02
-7.692013211534576289e-02
-7.745305337369526311e-02
-7.797498131405536381e-02
-7.849388138622344357e-02
-7.900623795293522378e-02
-7.952095125636812756e-02
-8.002843357416478121e-02
-8.052681870771724593e-02
-8.101686161975259204e-02
-8.150100678285999989e-02
-8.198027746524161330e-02
-8.245443335167315646e-02
-8.292580370476961005e-02
-8.338919038559122754e-02
-8.384793331986183096e-02
-8.430246322681822502e-02
-8.475038331545302339e-02
-8.518736618267998273e-02
-8.560913985617457644e-02
-8.601897734256752637e-02
-8.640714580060460115e-02
-8.678106402335623859e-02
-8.714056282664871256e-02
-8.748485254179833026e-02
-8.781351641455970025e-02
-8.812833210119040694e-02
-8.843102332659659448e-02
-8.871901386294714364e-02
-8.899279266776542741e-02
-8.925080506896068688e-02
-8.949612790383269789e-02
-8.972672706887463434e-02
-8.994135850784135133e-02
-9.013748746261354694e-02
-9.031869827630929770e-02
-9.048473436547586901e-02
-9.063726463037892478e-02
-9.077608934661725304e-02
-9.090183875187188289e-02
-9.101473798564248263e-02
-9.111495241245093357e-02
-9.120301007755604594e-02
-9.127912714829197749e-02
-9.134260595839309438e-02
-9.139222145503014816e-02
-9.142744109291725541e-02
-9.144601931288921792e-02
-9.144961035161436325e-02
-9.143727901905050748e-02
-9.141116197634999163e-02
-9.137160187793903765e-02
-9.131641464194420466e-02
-9.124502625107100418e-02
-9.115620964760920431e-02
-9.104946099090543976e-02
-9.092417282814727053e-02
-9.078597289964260297e-02
-9.063511021961022374e-02
-9.047131975614937371e-02
-9.029539812635013762e-02
-9.010647851709603640e-02
-8.990600958502886764e-02
-8.969138477858060177e-02
-8.946485549422421302e-02
-8.922307168213530759e-02
-8.896694742809227452e-02
-8.869881852747706075e-02
-8.841756171473963422e-02
-8.811820039281401118e-02
-8.780460072421372719e-02
-8.746832749580145394e-02
-8.710553837733142624e-02
-8.672493738146237752e-02
-8.633124527701387108e-02
-8.592150591948560789e-02
-8.550431476579271883e-02
-8.506496551363312841e-02
-8.460225505674326407e-02
-8.411758718659100020e-02
-8.360874692506797823e-02
-8.308336116781739333e-02
-8.254198782279317803e-02
-8.198558044382485421e-02
-8.139904545072383646e-02
-8.078960003059679207e-02
-8.016050445295677673e-02
-7.951341687375687584e-02
-7.884651543418369490e-02
-7.816455072009718952e-02
-7.746559561871833866e-02
-7.675190584530480753e-02
-7.600922716175571858e-02
-7.522588249085301881e-02
-7.441857567307418042e-02
-7.358990470701168296e-02
-7.274297401523954765e-02
-7.188798135910828835e-02
-7.102785249774698495e-02
-7.015434271093082264e-02
-6.926997503011138313e-02
-6.836138404632956245e-02
-6.743962233771044756e-02
-6.650553260886558904e-02
-6.557384378594315055e-02
-6.462395309343248184e-02
-6.365877757302026985e-02
-6.268570663587191838e-02
-6.169051771706808573e-02
-6.068992492977805242e-02
-5.966722916781464631e-02
-5.861986793361569081e-02
-5.754891695651628142e-02
-5.646102129025797750e-02
-5.536656506888078949e-02
-5.426679911788823835e-02
-5.313006532913678442e-02
-5.196845863968908158e-02
-5.076560064898266722e-02
-4.953938560012062509e-02
-4.828590848068588931e-02
-4.701922538964266318e-02
-4.573264551311950754e-02
-4.443036519136180085e-02
-4.309684566147751333e-02
-4.174979067285432971e-02
-4.039091979428959672e-02
-3.902340562263142965e-02
-3.764040369511678641e-02
-3.626147550690826671e-02
-3.488169494689858513e-02
-3.350148915944439060e-02
-3.212605513956904441e-02
-3.072759514874237943e-02
-2.930531791917893522e-02
-2.786115643177541207e-02
-2.640067621562392983e-02
-2.493079687763264524e-02
-2.343956772540025518e-02
-2.192576625137689084e-02
-2.037139043959345502e-02
-1.880013534285984722e-02
-1.724022445910293119e-02
-1.566088419212014957e-02
-1.406853610134121794e-02
-1.248707426839735547e-02
-1.088269300715812189e-02
-9.267009630067987030e-03
-7.636174092954989105e-03
-5.982225140200225430e-03
-4.320039212725195442e-03
-2.673451628786628100e-03
-1.003380217152021088e-03
6.678695647414702478e-04
2.345519913692725982e-03
4.078667450333852036e-03
5.810805936978233333e-03
7.545771955211693326e-03
9.301736845568415318e-03
1.105388551722723094e-02
1.280861486832939218e-02
1.457894354156641370e-02
1.635869858336544760e-02
1.814941405092115878e-02
1.995628515838474698e-02
2.177899011159819403e-02
2.360790183939112663e-02
2.541925082210311215e-02
2.724907474787176612e-02
2.906623128274304912e-02
3.090079818987108429e-02
3.274310218872829303e-02
3.460844512801570377e-02
3.649023607162048960e-02
3.837441233007346519e-02
4.026044171927520288e-02
4.212961961848907949e-02
4.401747891087888498e-02
4.594937235122734109e-02
4.787921599645036247e-02
4.981716759949771783e-02
5.177703274579576603e-02
5.372087911684198663e-02
5.567067089570406496e-02
5.765293065376913412e-02
5.963998635473601734e-02
6.165801848158440623e-02
6.369728067223591472e-02
6.574240054281708934e-02
6.781408997643774417e-02
6.985232904420728139e-02
7.188804219045018262e-02
7.393548900398576318e-02
7.598213176982836214e-02
7.805939259176870870e-02
8.014271954257690123e-02
8.228671618000268917e-02
8.443401830537154706e-02
8.659941705396662082e-02
8.877696539616536375e-02
9.097974307944581285e-02
9.318078351125248793e-02
9.532741685357197514e-02
9.747422260938691518e-02
9.965116725709294299e-02
1.018414693542514377e-01
1.040376177228249099e-01
1.062639902821839039e-01
1.085078641491234869e-01
1.107389712220787081e-01
1.129770690577656389e-01
1.152387976358636851e-01
1.174994426393723701e-01
1.197666637668250850e-01
1.220045880848456138e-01
1.242405814490629701e-01
1.264859158039132458e-01
1.286978508402407961e-01
1.309113340255623759e-01
1.331218884095877186e-01
1.352860104580029810e-01
1.374183837582912404e-01
1.394969960549442278e-01
1.415534067182853128e-01
1.435871255025451820e-01
1.456172168353177809e-01
1.476227659061865871e-01
1.496149980801182722e-01
1.515947590116619448e-01
1.535464479575666397e-01
1.554998291820560152e-01
1.574539367137695045e-01
1.593681511606087620e-01
1.612697813025905924e-01
1.631570918659951963e-01
1.650425809169506486e-01
1.669279038606827636e-01
1.688084855406139506e-01
1.707269252887279598e-01
1.726344266915124936e-01
1.745708418206201318e-01
1.765444490586459692e-01
1.785333047319330180e-01
1.805116504116349441e-01
1.824914206149277907e-01
1.844749516906029618e-01
1.864368175107217751e-01
1.883886450226353870e-01
1.903095835528344215e-01
1.922274005247456286e-01
1.941090054322187619e-01
1.959695162972740212e-01
1.978190106933631620e-01
1.996735247351456299e-01
2.015266051666553260e-01
2.033823869214699820e-01
2.052194814762970665e-01
2.070614285133597909e-01
