4.000026904226834934e-01
4.000027063883929701e-01
4.014764809800023815e-01
4.016656195621451375e-01
4.018063236249257986e-01
4.020872563683460243e-01
4.022745713247458110e-01
4.025250678980984986e-01
4.026445636923880467e-01
4.028153376241083161e-01
4.030808664709274458e-01
4.033867925523748621e-01
4.034662893319768129e-01
4.037180412061989188e-01
4.039516489037291991e-01
4.041998336707762207e-01
4.044198865524794573e-01
4.045486117197409914e-01
4.046646930712829437e-01
4.048050482183859766e-01
4.049367109725240388e-01
4.050563415443282356e-01
4.051419032070983084e-01
4.051790151659478978e-01
4.051592257687791632e-01
4.050780513716615294e-01
4.049336700011876289e-01
4.047127247476297596e-01
4.044312714614967663e-01
4.040875916188937378e-01
4.036692578929755859e-01
4.031857478329547440e-01
4.026552700831368403e-01
4.020962058476348910e-01
4.014702813961273931e-01
4.008000316735944035e-01
4.000963435257335332e-01
3.993619605415279494e-01
3.985624637978534279e-01
3.977041459226046682e-01
3.967965457641666749e-01
3.958506137718141860e-01
3.948553264570239807e-01
3.938354497386057362e-01
3.927692230389023265e-01
3.916547220036775134e-01
3.904817199426743324e-01
3.892887560144850934e-01
3.880658567305980688e-01
3.867590948207892398e-01
3.853383542690800301e-01
3.838579641885827010e-01
3.823226981648351064e-01
3.806125256523369416e-01
3.788329176291426736e-01
3.770417155922320962e-01
3.752103778834140480e-01
3.733582934976094059e-01
3.714613808749925861e-01
3.694843886370821062e-01
3.674760919320321229e-01
3.654327168894327404e-01
3.634683664658456270e-01
3.615036586151053610e-01
3.595017892077816413e-01
3.573801804895144207e-01
3.552274364291114761e-01
3.531056982855508286e-01
3.510322045776081978e-01
3.489054207767733895e-01
3.467773963654036118e-01
3.446821392216898317e-01
3.425195476122254168e-01
3.403617110336628615e-01
3.382451781590924411e-01
3.362583563933380648e-01
3.341187643776562521e-01
3.320587460908251409e-01
3.300129112681778887e-01
3.278805258717555904e-01
