1.999981080849292936e-01
1.999980923918715237e-01
1.990852091033590010e-01
1.993044669566887694e-01
1.995285193857763706e-01
1.997557059568667859e-01
1.990408363468323116e-01
1.982319386025620245e-01
1.975552129034170989e-01
1.968418773882458783e-01
1.961475009129358404e-01
1.954377103908864211e-01
1.947875434000237993e-01
1.941765158216247067e-01
1.935707773696247747e-01
1.930358833258179196e-01
1.925234083962446829e-01
1.920904414042723107e-01
1.916488113054382880e-01
1.912362790667673507e-01
1.908367441300033440e-01
1.905647910544237267e-01
1.903730879043055157e-01
1.902585862899019709e-01
1.901618394743572471e-01
1.901620360130437393e-01
1.901951599584433550e-01
1.902876763710607266e-01
1.903571470654211450e-01
1.904105768497627860e-01
1.904652064722726079e-01
1.905224655217492569e-01
1.905757620721041934e-01
1.906436284793698033e-01
1.907431589298790864e-01
1.909680197020088566e-01
1.911819318818806790e-01
1.914882524299925115e-01
1.917657505443369770e-01
1.920562211657983187e-01
1.923746133801239322e-01
1.926950514674507231e-01
1.930829375646449797e-01
1.934168646325383489e-01
1.937013051505244443e-01
1.939969388173175546e-01
1.941755998590292132e-01
1.942840266483983613e-01
1.943273417999873132e-01
1.943429762772241609e-01
1.943102040964983235e-01
1.942023389526930099e-01
1.940842269390515851e-01
1.938887796213086545e-01
1.937037286970015315e-01
1.935344807545422152e-01
1.934141554913536010e-01
1.932940284043611900e-01
1.931388206101964100e-01
1.929105994773678556e-01
1.926871146352227004e-01
1.924587710197225854e-01
1.921757392010417786e-01
1.918943060115136656e-01
1.917451126263860772e-01
1.915636047420402333e-01
1.914082269801875846e-01
1.914346505102819673e-01
1.915564860694235760e-01
1.918069670548173677e-01
1.923111064766100387e-01
1.928921173248333842e-01
1.937592071937814242e-01
1.948315888064256762e-01
1.959096663547275075e-01
1.970613235981197309e-01
1.982147752463520873e-01
1.992744438663342499e-01
2.003429877927653535e-01
2.014144192054285742e-01
2.024704282013445600e-01
2.035145810645066500e-01
2.045123940995456913e-01
2.054936992521933514e-01
2.064384204811935686e-01
2.073553146431930116e-01
2.082535121209489193e-01
2.091204511780839215e-01
2.099451291309823164e-01
2.107295702502949009e-01
2.114838839061762010e-01
2.121981201333778544e-01
2.128584236660311657e-01
2.134713239253672179e-01
2.140527835276929969e-01
2.146089949803160757e-01
2.151216797456677599e-01
2.155810651290675783e-01
2.159974799450350147e-01
2.163708938858169561e-01
2.166942970203231122e-01
2.169715332426631893e-01
2.172021139372384835e-01
2.173893142965322156e-01
2.175371957612456941e-01
2.176370974590950969e-01
2.176893756975488980e-01
2.176952452709357000e-01
2.176562556094018830e-01
2.175740802415792596e-01
2.174458307493746800e-01
2.172800873345159811e-01
2.170684891483928014e-01
2.168171446395008306e-01
2.165158151556911548e-01
2.161688163905968185e-01
2.157767450055313174e-01
2.153489592427795807e-01
2.148596015913667445e-01
2.143297632598427094e-01
2.137644064607104322e-01
2.131866790009117885e-01
2.125779883559774375e-01
2.119100881588678043e-01
2.112319028861388004e-01
2.105431206537186350e-01
2.105883756860006117e-01
2.111545055861615561e-01
2.117472438553955338e-01
2.124482331802848012e-01
2.132074165981889535e-01
2.140120331933461073e-01
2.148229967168075460e-01
2.156607432033609550e-01
2.164931356665545370e-01
2.173185459513675699e-01
2.181838073678329382e-01
2.190644120107219095e-01
2.199712676178010584e-01
2.208675224386394131e-01
2.218172347565462721e-01
2.227894850720757713e-01
2.237813995800616573e-01
2.247692307026405711e-01
2.257669379807942800e-01
2.268199202624242572e-01
2.278872516855187380e-01
2.289320020247700982e-01
2.299100158769184776e-01
2.308660690108075286e-01
2.318140711292339118e-01
2.327141128964155259e-01
2.336198720109662064e-01
2.344428715057798596e-01
2.352487735499527444e-01
2.359975717662780303e-01
2.367628742183126855e-01
2.374794290179960687e-01
2.382141332317443405e-01
2.389084248348069817e-01
2.396100094453611218e-01
2.402287112956452697e-01
2.408849882976020484e-01
2.415349851648845858e-01
2.421926298747386630e-01
2.428298251590731149e-01
2.434912083029045771e-01
2.441283096317237444e-01
2.447232624516063881e-01
2.452504700398638049e-01
2.457427087797969256e-01
2.462027810014506546e-01
2.466368448185206064e-01
2.470252501632583253e-01
2.473856849028082949e-01
2.468568914087454214e-01
2.463863321780673799e-01
2.459407712206987395e-01
2.455227640709759518e-01
2.451465372675737941e-01
2.448146320745658577e-01
2.445817267606229251e-01
2.443794500556294436e-01
2.442340376169506166e-01
2.441570991082923081e-01
2.441384977530333122e-01
2.441759519207286344e-01
2.442802087327931027e-01
2.444458201000961062e-01
2.446050472178666058e-01
2.447765722098212415e-01
2.449510878413110604e-01
2.451377275653430221e-01
2.453770216329383413e-01
2.457113604239751781e-01
2.459346005708517302e-01
3.999969819065250509e-01
3.985587246037764486e-01
3.991874612778173459e-01
3.998661819111175575e-01
4.005380541056369759e-01
4.011755453195375853e-01
4.018050488416865518e-01
4.023984464198960276e-01
4.029785809793778317e-01
4.035872576295450043e-01
4.042558952766885372e-01
4.049440877645258952e-01
4.056171669103709188e-01
4.062664986395836952e-01
4.068901467720906218e-01
4.074792546636933355e-01
4.080282993393524738e-01
4.085768965635476202e-01
4.090316291793316128e-01
4.094535707754396459e-01
4.098830727950177333e-01
4.102958024944107773e-01
4.107014631786544134e-01
4.110269748189413486e-01
4.113477284090087394e-01
4.116333514193755705e-01
4.118909178387633041e-01
4.120830341925695861e-01
4.123090366351679359e-01
4.125363419242111251e-01
4.127430277988893281e-01
4.129214084540265839e-01
4.130484846078922856e-01
4.131552324283052635e-01
4.132527687024620255e-01
4.133316165223840377e-01
4.134227048734757659e-01
4.135196471192856826e-01
4.136082449695983598e-01
4.137099110079237585e-01
4.138172372955637446e-01
4.139109481557711190e-01
4.139790896072108595e-01
4.140551630213685219e-01
4.141490859838904970e-01
4.142723425007758808e-01
4.143789892031812805e-01
4.144695409264936847e-01
4.145501845679101516e-01
4.146136609453871524e-01
4.146597329120209063e-01
4.146886728137588740e-01
4.146980742763488048e-01
4.147042145849918482e-01
4.146996040078889667e-01
4.146804232874240492e-01
4.146504709625314367e-01
4.146103042464713839e-01
4.145625190817659456e-01
4.145116187874918201e-01
4.144335571066953827e-01
4.150300679220608191e-01
4.156484697225132918e-01
4.162830273320932695e-01
4.168404677854746776e-01
4.176003447261325552e-01
4.185615450538712201e-01
4.194885421483304233e-01
4.204182233145203895e-01
4.212527628013991166e-01
4.223156379021971163e-01
4.235455110491893049e-01
4.248472313651868726e-01
4.256434452675848523e-01
4.265746786396255041e-01
4.274725415680105112e-01
4.283020468794233038e-01
4.293180751138018225e-01
4.304460368510742430e-01
4.314445815105079074e-01
4.324685653745005687e-01
4.339073640223369832e-01
4.347338216309892811e-01
4.357664078538252550e-01
4.365674101155532227e-01
4.375136394146288965e-01
4.382004837030575306e-01
4.386500464183827885e-01
4.389455361605059114e-01
4.390902524151847897e-01
4.393487110035406151e-01
4.395991307260940784e-01
4.397900671196299238e-01
4.400079369452619682e-01
4.402237223121768239e-01
4.404430197197624630e-01
4.411517975721255258e-01
4.416052540824665362e-01
4.421907903752679281e-01
4.428202004972854877e-01
4.434755467734927681e-01
4.442505538892292383e-01
4.450645948546191333e-01
4.458675991455472443e-01
4.466430907023040686e-01
4.474394784053947749e-01
4.482127053348277101e-01
4.487839523826783195e-01
4.492227650848509279e-01
4.496840275699744427e-01
4.501201357575775330e-01
4.505367767959109204e-01
4.508351265581488354e-01
4.511746070988690849e-01
4.516080961627537693e-01
4.520213079660991284e-01
4.524583438410798575e-01
4.529256320260348634e-01
4.534036139311037328e-01
4.538717657359550017e-01
4.543478191157619417e-01
4.548482477375195843e-01
4.553299987359187284e-01
4.557511563172715885e-01
4.561445584442753720e-01
4.564905041237384831e-01
4.567839877826281869e-01
4.570363620389551462e-01
4.572207939915869934e-01
4.573498735934916626e-01
4.574179945630089672e-01
4.574425441503934819e-01
4.574463861521352315e-01
4.574290980170141463e-01
4.573659543137690298e-01
4.572446962222680988e-01
4.570643372650955993e-01
4.568249708562065470e-01
4.565296478424299420e-01
4.561756708290630180e-01
4.557545820766693567e-01
4.552870942329919068e-01
4.547599477949677560e-01
4.541883673106792418e-01
4.535784157625034618e-01
4.529051780044361930e-01
4.521969032191256455e-01
4.514446654890101884e-01
4.506152159059265694e-01
4.497490081366969927e-01
4.488300980975468701e-01
4.478545614607483127e-01
4.468292616933353667e-01
4.457810786595375330e-01
4.446735066020745530e-01
4.435289379822592304e-01
4.423526409581706731e-01
4.411576842657138897e-01
4.399337456341576025e-01
4.386896639254292962e-01
4.373870169015894316e-01
4.360692071105198298e-01
4.347108877086205414e-01
4.333331201362322083e-01
4.319226712166442383e-01
4.304832706758781602e-01
4.290048042501814485e-01
4.275090655277483664e-01
4.259873285797236009e-01
4.244220022744040199e-01
4.228462643980979707e-01
4.212103718415645126e-01
4.195313643949360460e-01
4.178288787713662078e-01
4.161459375311808428e-01
4.144252605373618947e-01
4.127111967956669236e-01
4.109771379585754336e-01
4.092567165406024721e-01
4.075009872713920012e-01
4.057346389999719749e-01
4.039536244422343714e-01
4.021298690046561930e-01
4.003066085275473474e-01
3.985043817333274174e-01
3.966746365148763331e-01
3.948537093908864315e-01
3.929915446050384342e-01
3.911330660355989419e-01
3.892529186985175804e-01
3.873487514410098864e-01
3.854107832553691493e-01
3.834593718190598688e-01
3.815297886625653723e-01
3.795900273551088833e-01
3.776450887557694647e-01
3.756738309275409193e-01
3.737215737776531377e-01
3.718091747223072341e-01
3.698896155303492694e-01
3.679730079961437417e-01
3.660793378862583491e-01
3.641672151008552016e-01
3.622439990331566828e-01
3.603501023220037069e-01
3.584858448282884358e-01
3.566303340292787394e-01
3.547648763168468888e-01
3.533691894294937463e-01
3.515264352419856797e-01
3.497615869549486889e-01
3.479997999648847817e-01
3.465264266437508844e-01
3.449349474794681236e-01
3.441089414765806653e-01
3.435748944852606290e-01
3.432100518512058440e-01
3.429495532327087592e-01
3.425233730366307183e-01
3.423091304598504525e-01
3.421597471181122563e-01
3.419674986866017008e-01
3.417917056145149401e-01
3.415369258797168461e-01
3.412712818118673330e-01
3.409930560519982001e-01
3.406675894923798520e-01
3.403219920789239406e-01
3.400253580429585809e-01
3.397560272394418712e-01
3.394529356459410341e-01
3.391737547455385138e-01
3.388067566927787655e-01
3.384967011472766463e-01
3.381547265371377953e-01
3.378270927451659800e-01
3.375262835969879971e-01
3.372408138828490443e-01
3.369257582667529727e-01
3.366108925241686478e-01
3.362705330499347056e-01
3.359409092523906182e-01
3.356447367397321080e-01
3.353635177002077250e-01
3.350681527325019560e-01
3.348019805424483630e-01
3.345302200382780367e-01
3.342842028837308410e-01
3.341069992130833999e-01
3.339064725490808461e-01
3.337311566215768743e-01
3.335986348989368189e-01
3.334812004658982421e-01
3.333777743595622844e-01
3.333083698582985921e-01
3.332499841341756142e-01
3.331987079644496696e-01
3.331517705293903231e-01
3.331146426655401949e-01
3.330822188028270125e-01
3.330558378142065568e-01
3.330411353935593954e-01
3.330439272038775433e-01
3.330557602083520363e-01
3.330845315235180792e-01
3.333889567864998238e-01
3.337295340167618085e-01
3.340487093797288587e-01
3.344127824566240359e-01
3.347608070690659132e-01
3.351664263433178359e-01
3.355537707160560768e-01
3.360067349221225186e-01
3.364619976504008014e-01
3.369281249086560348e-01
3.373910456861553553e-01
3.378884612935458831e-01
3.384093799331949759e-01
3.389360694955276254e-01
3.394526702718395628e-01
3.399971387917162247e-01
3.404670914409662075e-01
3.409648578046053369e-01
3.415344933410082717e-01
3.421822791487090787e-01
3.427914590690407382e-01
3.433822202808227142e-01
3.440865234907730663e-01
3.446879317187581115e-01
3.451352812020764271e-01
3.458439734750196615e-01
3.464332476774753533e-01
3.472097558787763938e-01
3.479953548919187400e-01
3.488313742738387568e-01
3.493160807507738053e-01
3.498238573565639609e-01
3.507132701431138200e-01
3.514763649563447112e-01
3.520089240194657076e-01
3.525648511294671716e-01
3.532700322099251999e-01
3.538171292874565110e-01
3.542663506486578018e-01
3.547464802010865115e-01
3.552218214952090336e-01
3.556993618895148979e-01
3.561106428772940480e-01
3.565495798082443102e-01
3.570140738320000118e-01
3.574913036277529432e-01
3.580306578332187462e-01
3.585301830466533501e-01
3.590831261068974656e-01
3.597236492907123773e-01
3.603432610908378630e-01
3.610193833778921335e-01
3.617754103044162339e-01
3.625594685947164941e-01
3.634132326333531782e-01
3.641646520353320482e-01
3.649356713620391379e-01
3.657071597426943543e-01
3.664281869891672372e-01
3.671290232426548394e-01
3.677792699508121710e-01
3.683507511269216161e-01
3.688351109904575709e-01
3.692500174671453084e-01
3.695922307711644872e-01
3.699060002031934746e-01
3.702064708311936236e-01
3.704722839409785307e-01
3.707421721524671865e-01
3.709468352080751985e-01
3.711230630660005136e-01
3.712839586787030077e-01
3.714684597325615956e-01
3.716404742444385789e-01
3.717799855182577495e-01
3.719093078460190549e-01
3.720461243465135182e-01
3.721862944053681010e-01
3.723843629957236945e-01
3.726061411624370656e-01
3.727898955516990021e-01
3.730851254348639956e-01
3.734273402154625332e-01
3.738128302890997845e-01
3.742649693760206620e-01
3.747448333802139153e-01
3.752094565688379735e-01
3.756437769963317241e-01
3.760744044372384964e-01
3.764955673268331471e-01
3.768966836076040328e-01
3.772878969653897241e-01
3.776702539973953998e-01
3.780456615865526171e-01
3.784170798477969333e-01
3.787853651542986144e-01
3.791505928877583753e-01
3.795041823955182525e-01
3.798505321866733619e-01
3.801887983739497545e-01
3.805248157572408974e-01
3.808514210888401808e-01
3.811718196357734012e-01
3.814814648622510962e-01
3.817856871663218299e-01
3.820777674595440820e-01
3.823626999723447328e-01
3.826398072038612042e-01
3.829064859895186523e-01
3.831632083219341789e-01
3.834100111799652599e-01
3.836448326808533649e-01
3.838680716638654400e-01
3.840799461800268877e-01
3.842826867300568328e-01
3.844741539211317116e-01
3.846561230586686975e-01
3.848281239669492093e-01
3.849916106347605060e-01
3.851455417951853977e-01
3.852884805851116701e-01
3.854199453313077450e-01
3.855414414256666533e-01
3.856542423653734897e-01
3.857564323560480624e-01
3.858461838906925290e-01
3.859242144633007188e-01
3.859911987633860564e-01
3.860466022830812971e-01
3.860877368091210626e-01
3.861134040580262994e-01
3.861263590567612924e-01
3.861264637302636027e-01
3.861123920849856006e-01
3.860863095393833877e-01
3.860476220232839095e-01
3.859942309883666045e-01
3.859233482508395707e-01
3.858337300378701373e-01
3.857251994243982018e-01
3.855981870361700481e-01
3.854560983649437111e-01
3.852916685657213902e-01
3.851087509640940820e-01
3.849054906525029573e-01
3.846811503634872120e-01
3.844337095899008072e-01
3.841664152557481282e-01
3.838883775428207912e-01
3.835893093330538517e-01
3.832588292093892512e-01
3.828978120249399431e-01
3.825191298472366275e-01
3.821125819098768472e-01
3.816798013819681645e-01
3.812272380496047330e-01
3.807610316523082350e-01
3.802804247591297093e-01
3.797900669294013709e-01
3.792661490924929546e-01
3.787013874834985194e-01
3.781149691489702480e-01
3.774859312521410271e-01
3.768245109596269904e-01
3.761320318213181579e-01
3.754276845390540074e-01
3.747174180441776303e-01
3.739785308727319180e-01
3.732227482615287917e-01
3.724499385285800490e-01
3.716640566081782504e-01
3.708635022564362171e-01
3.700378659454214847e-01
3.691653050509556833e-01
3.682645398265008696e-01
3.673303636931001259e-01
3.663649654314997117e-01
3.653803891890140543e-01
3.643889345971003113e-01
3.633589508023753467e-01
3.623154875878468184e-01
