-1.640002556216985200e-06
-1.655599844422441316e-06
-1.122401673786474182e-03
-1.954790346032814902e-03
-2.767124145397057821e-03
-3.448698051094689285e-03
-4.094950747270313315e-03
-4.744831478283906973e-03
-5.227238734654059311e-03
-5.734448851508582891e-03
-6.183198339088231445e-03
-6.582189044653808871e-03
-6.952383677985698313e-03
-7.228084229894782102e-03
-7.472125358906250674e-03
-7.661479683159336078e-03
-7.798040213876898837e-03
-7.888680348211680321e-03
-7.923823238759286625e-03
-7.904543244310047873e-03
-7.835617067967195690e-03
-7.705612827189110316e-03
-7.519290581850403450e-03
-7.284753131863282161e-03
-7.006000758648934547e-03
-6.690621954415410313e-03
-6.304344308515967901e-03
-5.890347636523122175e-03
-5.407144868793702791e-03
-4.904931480161219340e-03
-4.355230933148449869e-03
-3.777506719859443241e-03
-3.157449284681913999e-03
-2.501988097544366810e-03
-1.821923527605960906e-03
-1.132546324133774408e-03
-4.513619147275027858e-04
2.515953124037211843e-04
9.420765421388725561e-04
1.610275519046932809e-03
2.331820806204031125e-03
3.025080987356677624e-03
3.719748845903023560e-03
4.419278966422389605e-03
5.077448003356900726e-03
5.853681918241958500e-03
6.797911189854156065e-03
7.919803746362218122e-03
9.179810879036576221e-03
1.047165715705472046e-02
1.173776805212734149e-02
1.315011173356451027e-02
1.467994889596638437e-02
1.636431895610612752e-02
1.809223356083966908e-02
1.980117277973853993e-02
2.150956441906319919e-02
2.329480470997031746e-02
2.511858249212391841e-02
2.696589226600183339e-02
2.879195048988130237e-02
3.063965278538865675e-02
3.249447318637763843e-02
3.435818072777505755e-02
3.617919525703087308e-02
3.807843233667731336e-02
3.996993500500633373e-02
4.184103380692127255e-02
4.381460532611459319e-02
4.599277581143415561e-02
4.823757990812192059e-02
5.062779157894892190e-02
5.309519910972457235e-02
5.546009214899078055e-02
5.783565287680229872e-02
6.013020594418769932e-02
6.258759206320631263e-02
6.488062369950065023e-02
6.725973337356475068e-02
6.960332627700671626e-02
7.197486833872199230e-02
7.430974465569224752e-02
7.665856598696793589e-02
7.894152042631447097e-02
8.117155822973878831e-02
8.337234382543283473e-02
8.566465556242469637e-02
8.804695341508726736e-02
9.051817679490190005e-02
9.293744967923253664e-02
9.540798957541243852e-02
9.787886137133898490e-02
1.003500239413650380e-01
1.028214286047672427e-01
1.052930409280666973e-01
1.077648223548157841e-01
1.100782904040020493e-01
1.122682676808237912e-01
1.144079409588135560e-01
1.165163799975654502e-01
1.186234338932069393e-01
1.207030673253381287e-01
1.227729127456988201e-01
1.248167538118102188e-01
1.268167252542587164e-01
1.287929621197438368e-01
1.308263940355748611e-01
1.328259444579305282e-01
1.348346348575193143e-01
1.368491476472088186e-01
1.387847803394242074e-01
1.407136445216519427e-01
1.426351880687942719e-01
1.445255569474951929e-01
1.464771895595086137e-01
1.483462712285594509e-01
1.502503285468665128e-01
1.521251104498861362e-01
1.540013190197812021e-01
