-3.999972891566232480e-01
-3.999972731500952006e-01
-3.980689367742087370e-01
-3.979542095440948835e-01
-3.978142554134855846e-01
-3.976932245646710995e-01
-3.975682161301745676e-01
-3.974693027869888873e-01
-3.973904476477530534e-01
-3.973353268135754734e-01
-3.972974524932902929e-01
-3.973029491778770628e-01
-3.972813585683474535e-01
-3.972630622301765446e-01
-3.972704548720084050e-01
-3.972379944882173941e-01
-3.972156518117785917e-01
-3.972298361732121696e-01
-3.973382736372511603e-01
-3.974005861343437029e-01
-3.974236649849786085e-01
-3.973152356136863128e-01
-3.972259765800310038e-01
-3.971271123478210541e-01
-3.969896676268363511e-01
-3.967812644228686514e-01
-3.966333406108207282e-01
-3.965110663290748461e-01
-3.964048914539887170e-01
-3.962907778024656880e-01
-3.962142603949133091e-01
-3.961501902953075693e-01
-3.960994110111697997e-01
-3.960873294784557630e-01
-3.961118843762705399e-01
-3.961517361032643736e-01
-3.961833622667771393e-01
-3.962252865163767290e-01
-3.963062497844733190e-01
-3.963742971003915150e-01
-3.964163774404933505e-01
-3.964373317811232256e-01
-3.964409291345702413e-01
-3.964244131800342963e-01
-3.963830325039396363e-01
-3.963333392902549934e-01
-3.963277987029400484e-01
-3.963282248344444647e-01
-3.963263390747636117e-01
-3.963317539774255382e-01
-3.963534850368495843e-01
-3.963707854570286404e-01
-3.964242589422666829e-01
-3.964916308395475264e-01
-3.965627501220905238e-01
-3.966359250301504380e-01
-3.967096704517665273e-01
-3.968011401310257424e-01
-3.969010760021467465e-01
-3.970299647209913352e-01
-3.971425758398049455e-01
-3.972670211628117620e-01
-3.973883824077605320e-01
-3.975286640460573562e-01
-3.976653412568716406e-01
-3.978088183094291574e-01
-3.979299948029943468e-01
-3.980453861110039293e-01
-3.981540402466048345e-01
-3.982883905251722312e-01
-3.984091568237039804e-01
-3.985308517528981520e-01
-3.986794258624472564e-01
-3.988102546513004332e-01
-3.989661866717098548e-01
-3.991303563622367601e-01
-3.992804616456689937e-01
-3.994119256568645082e-01
-3.995613617769164794e-01
-3.996951076889788124e-01
-3.997987169027957810e-01
-3.999027191812334903e-01
-4.000033358257417682e-01
-4.000891977880971506e-01
-4.001831796648352424e-01
-4.002822750502513238e-01
-4.003979171388887814e-01
-4.005376767323426401e-01
-4.006634721304025981e-01
-4.007901495357843458e-01
-4.009196398179261656e-01
-4.010722839368921488e-01
-4.012297288049700983e-01
-4.013824266518417061e-01
-4.015293073440435734e-01
-4.016582018060253501e-01
-4.017786948144825843e-01
-4.019053311221203462e-01
-4.020257712371321790e-01
-4.021093134431653615e-01
-4.021920258240518908e-01
-4.022771218506935309e-01
-4.023614232768805143e-01
-4.024538817714175543e-01
-4.025452242108303880e-01
-4.026444227965848000e-01
-4.027691590381043962e-01
-4.028716216059933242e-01
-4.029965136963967742e-01
-4.031186781474275227e-01
-4.032273357771036237e-01
-4.033202813553847244e-01
-4.034035174641854571e-01
-4.034970905902259819e-01
-4.035999282705190483e-01
-4.036856706236796599e-01
-4.037479103868449881e-01
-4.038113895842822543e-01
-4.038774244529600987e-01
-4.039163827541112917e-01
-4.039507405720893507e-01
-4.039924853049252085e-01
-4.040128555058098425e-01
-4.040129915818974626e-01
-4.040178561065534413e-01
-4.040161387028028406e-01
-4.040322772471872104e-01
-4.040372684009887472e-01
-4.040289918247397249e-01
-4.040569562735905063e-01
-4.040748978673752712e-01
-4.040741389136193185e-01
-4.040740692105231346e-01
-4.040938813618259462e-01
-4.041007532503092525e-01
-4.041039588967875185e-01
-4.041209141269709870e-01
-4.041361192052953522e-01
-4.041734139558797456e-01
-4.041941884370165994e-01
-4.042312006844325234e-01
-4.042718362983804825e-01
-4.043380335259203484e-01
-4.044118873906633049e-01
-4.044637612861211040e-01
-4.045304179747583051e-01
-4.045839688925575439e-01
-4.046385010673924087e-01
-4.047104311879315408e-01
-4.047991708968550206e-01
-4.048847186301592904e-01
-4.049843125140907274e-01
-4.050928638433851092e-01
-4.051970305945619133e-01
-4.052880574325226637e-01
-4.053579172217673388e-01
-4.054102472134891166e-01
-4.054832933930004879e-01
-4.055537829453412790e-01
-4.056202420271252662e-01
-4.056836580299478801e-01
-4.057406412390165418e-01
-4.058160717792688721e-01
-4.059199211433459076e-01
-4.059828768363531459e-01
-4.060343896950155962e-01
-4.060848896008866782e-01
-4.061357640191531337e-01
-4.061530748777527622e-01
-4.061505481339202639e-01
-4.061622259215950104e-01
-4.061923268195233305e-01
-4.062376461722583265e-01
-4.062908576926790305e-01
-4.063172295113097188e-01
-4.063162339507271903e-01
-4.063263710825067987e-01
-4.063385994312240790e-01
-4.063723586648376740e-01
-4.064377951445324322e-01
-4.065076867015332551e-01
-4.065770652905089100e-01
-4.066426783693770086e-01
-4.067092262232538391e-01
-4.068024129263539956e-01
-4.068818571903690673e-01
-4.069801326500145922e-01
-4.071023829837786545e-01
-4.071945541409066616e-01
-4.072786006078509824e-01
-4.073613516722863759e-01
-4.074174095402391949e-01
-4.074624712006617577e-01
-4.075003466380581196e-01
-4.075780537363743461e-01
-4.076296572749470992e-01
-4.077273409759936684e-01
-4.078369535822343184e-01
-4.079339345276384310e-01
-4.079703497446092175e-01
-4.080045681529575474e-01
-4.080619424438750587e-01
-4.081493332275085151e-01
-4.082566223373181313e-01
-4.083655071116126245e-01
-4.084871674852282308e-01
-4.085628163252827405e-01
-4.085989882446635635e-01
-4.086225134564610006e-01
-4.086665110083027019e-01
-4.086391994974482578e-01
-4.086237496023868432e-01
-4.086097984526795290e-01
-4.085882752655636274e-01
-4.085832173429853609e-01
-4.085896458870124648e-01
-4.085931425919511750e-01
-4.086091047642001484e-01
-4.085952133004649989e-01
-4.085589482363718994e-01
-4.085199149321520617e-01
-4.084823122180911148e-01
-4.084300727154782651e-01
-4.083631217288526405e-01
-4.082958363496341780e-01
-4.082538122341513587e-01
-4.081961945274852344e-01
-4.081730620262468689e-01
-4.081413138195599810e-01
-4.080872366769077719e-01
-4.080415257924879802e-01
-4.080010022657946100e-01
-4.079573576211564245e-01
-4.079274530021670953e-01
-4.078970066139829265e-01
-4.078950620755923961e-01
-4.078916738632579753e-01
-4.079215374414363882e-01
-4.079258378095820259e-01
-4.079066336108225221e-01
-4.078716303799915233e-01
-4.078729522518208528e-01
-4.078664026972023682e-01
-4.078685332348520043e-01
-4.078952048473235004e-01
-4.079240880124097579e-01
-4.079419243037567533e-01
-4.079632762649808564e-01
-4.079861372251386009e-01
-4.080160960067412690e-01
-4.080409803161691995e-01
-4.080534263886345103e-01
-4.080432162307355837e-01
-4.080063899143573369e-01
-4.079802678157700702e-01
-4.079373206482945768e-01
-4.078954037242069064e-01
-4.078444422686056114e-01
-4.077921914581257856e-01
-4.077409146128846973e-01
-4.076837163526811358e-01
-4.076313797221317592e-01
-4.075919402313341600e-01
-4.075417742316160830e-01
-4.075057378777365291e-01
-4.074671317212947286e-01
-4.074469375850326425e-01
-4.074404791119628499e-01
-4.074356506264498190e-01
-4.074557446202426991e-01
-4.074855688797024422e-01
-4.075243122113110239e-01
-4.075678486431293379e-01
-4.076119969888143402e-01
-4.076496227337580436e-01
-4.076902298417591219e-01
-4.077165831837263332e-01
-4.077436954569808591e-01
-4.077764450765168358e-01
-4.077843717139115753e-01
-4.077982025194246685e-01
-4.078270974264213145e-01
-4.078770680747423327e-01
-4.079227792050117429e-01
-4.079529688192760628e-01
-4.079922250215811674e-01
-4.080293427761405023e-01
-4.080699982939041681e-01
-4.081068467174582270e-01
-4.081463785521042831e-01
-4.081986309130040680e-01
-4.082275670303595061e-01
-4.082655496527052286e-01
-4.083169596605142337e-01
-4.083664048483098274e-01
-4.084206910085570463e-01
-4.084708759232184017e-01
-4.085210342210334744e-01
-4.085726111708468111e-01
-4.086153839113491615e-01
-4.086669414894500418e-01
-4.087165270777473602e-01
-4.087582935075190771e-01
-4.088013924892640594e-01
-4.088178652212220432e-01
-4.088359014482264020e-01
-4.088550111739151505e-01
-4.088701206674829614e-01
-4.088832602841649955e-01
-4.088974305682650523e-01
-4.089236865800861542e-01
-4.089545359989155138e-01
-4.090034319855762046e-01
-4.090478557531823656e-01
-4.090895134483578666e-01
-4.091258169889880336e-01
-4.091639462177529274e-01
-4.092019809706051170e-01
-4.092398435341028096e-01
-4.092731311093363855e-01
-4.093005651352665253e-01
-4.093290204377071362e-01
-4.093561692817178077e-01
-4.093905121745133324e-01
-4.094152804879215291e-01
-4.094409987060046996e-01
-4.094660810525957984e-01
-4.094867216838710688e-01
-4.095141038587624127e-01
-4.095396291555769008e-01
-4.095635986362680669e-01
-4.095841157430820112e-01
-4.096045746617978378e-01
-4.096210689511902148e-01
-4.096403725151102071e-01
-4.096564287985489661e-01
-4.096710381818601254e-01
-4.096857477702195993e-01
-4.097000087385704314e-01
-4.097121488502318276e-01
-4.097220033549176521e-01
-4.097284814902569239e-01
-4.097340719275323062e-01
-4.097379429474558021e-01
-4.097416060884973010e-01
-4.097431830872811931e-01
-4.097438909792627260e-01
-4.097435273975898462e-01
-4.097426571284381591e-01
-4.097414727705908088e-01
-4.097407249987948252e-01
-4.097407443685240347e-01
-4.097407948859407845e-01
-4.097417711895506853e-01
-4.097438660306803038e-01
-4.097445737641839947e-01
-4.097472327133319658e-01
-4.097500927565387863e-01
-4.097533520617169800e-01
-4.097557980383163545e-01
-4.097574900270824494e-01
-4.097626918267905927e-01
-4.097681052825847270e-01
-4.097706467777517125e-01
-4.097661375103900383e-01
-4.097609395198751336e-01
-4.097567170137357273e-01
-4.097510814632724374e-01
-4.097404346007285647e-01
-4.097252704958946334e-01
-4.097145831130316607e-01
-4.097145137162461759e-01
-4.097146235500250810e-01
-4.097165422062357676e-01
-4.097223841952916668e-01
-4.097221811735433095e-01
-4.097195887587674612e-01
-4.097112288594111917e-01
-4.097001900448761225e-01
-4.096827609367419964e-01
-4.096496778470856137e-01
-4.096219666957442995e-01
-4.095937942159285083e-01
-4.095707740091528715e-01
-4.095345733122028320e-01
-4.094912495548703735e-01
-4.094471887623400974e-01
-4.094101747725516494e-01
-4.093780582452951622e-01
-4.093564967606536653e-01
-4.093416694215240015e-01
-4.093219417320439479e-01
-4.093132332482307123e-01
-4.093144740578643637e-01
-4.093098626569759979e-01
-4.092930584217069345e-01
-4.092932503083123175e-01
-4.092796022103108999e-01
-4.092700414763341121e-01
-4.092715197351149414e-01
-4.092752895774141586e-01
-4.092807303207267600e-01
-4.092859016705559516e-01
-4.092750077531128738e-01
-4.092787381630781374e-01
-4.092838175198957318e-01
-4.092909002569722898e-01
-4.092887710771530019e-01
-4.092862755226373550e-01
-4.092975343426506485e-01
-4.092979986167184503e-01
-4.092939013132995130e-01
-4.092502617176394519e-01
-4.092103788100764916e-01
-4.091756712901691850e-01
-4.091238520124596545e-01
-4.090911046872753309e-01
-4.090610439661542252e-01
-4.090272425978840887e-01
-4.090109672895316240e-01
-4.090160702110857693e-01
-4.090345398593624449e-01
-4.090763801906700525e-01
-4.090820629100553885e-01
-4.091093832801483976e-01
-4.091536934291009064e-01
-4.091974159512299369e-01
-4.092533331813421049e-01
-4.093097251645497203e-01
-4.093759021983616742e-01
-4.094405816331709858e-01
-4.094997149648767487e-01
-4.095634607398971339e-01
-4.096152886937184934e-01
-4.096670975846600227e-01
-4.097175496680453000e-01
-4.097644674672066833e-01
-4.098108836043008463e-01
-4.098727990302422630e-01
-4.099178655025680351e-01
-4.099667148615411816e-01
-4.100197111097718117e-01
-4.100586302881684131e-01
-4.101403520249652934e-01
-4.102127973196833532e-01
-4.103145638488218117e-01
-4.104234517040816765e-01
-4.105418621500950827e-01
-4.106786814473346037e-01
-4.108270322181324374e-01
-4.109777724525788267e-01
-4.111146901922933528e-01
-4.112390420820700720e-01
-4.113644262055159428e-01
-4.114653488880431476e-01
-4.115197813269198535e-01
-4.115487029996361401e-01
-4.116046794252092855e-01
-4.116339299192081636e-01
-4.116513047905179246e-01
-4.116492680884509814e-01
-4.116483233478342441e-01
-4.116245379083705580e-01
-4.116031316715682009e-01
-4.115630488814925880e-01
-4.114688634120283739e-01
-4.113676086095683915e-01
-4.112466660537131280e-01
-4.111965382967190386e-01
-4.111870069185875609e-01
-4.111939883604825985e-01
-4.112176217089073549e-01
-4.112604944814227115e-01
-4.113077938242346576e-01
-4.113752774208394580e-01
-4.114316916880074171e-01
-4.114719410783929110e-01
-4.115033107642309118e-01
-4.115357634425861888e-01
-4.115768917531347770e-01
-4.116107589899979935e-01
-4.116645647881712056e-01
-4.117064959699418547e-01
-4.117440828966538180e-01
-4.118032303478017520e-01
-4.118976910374883560e-01
-4.120197255627741084e-01
-4.121025629771777332e-01
-4.121983137233592442e-01
-4.122731467382344528e-01
-4.123063707231274244e-01
-4.123037842270853015e-01
-4.122874126292975783e-01
-4.123108868334643962e-01
-4.123475495052088546e-01
-4.124466246304441808e-01
-4.125286189798247904e-01
-4.126785277516418216e-01
-4.128181673440869393e-01
-4.129604686363777533e-01
-4.131131673988837627e-01
-4.132368545821547001e-01
-4.133823987531631272e-01
-4.135473551328494590e-01
-4.136842369168830524e-01
-4.137918182624700236e-01
-4.138341703843511632e-01
-4.138720039939373652e-01
-4.139221489762345829e-01
-4.139654887907050496e-01
-4.140367490375953530e-01
-4.141587417532965332e-01
-4.142598741217023428e-01
-4.144300134705128924e-01
-4.145869784025330018e-01
-4.147826845103461113e-01
-4.149994744547694792e-01
-4.152417563444122939e-01
-4.155033763502503641e-01
-4.157469289966314041e-01
-4.159640556000781531e-01
-4.162408445749131158e-01
-4.164966237807636307e-01
-4.167719057812221406e-01
-4.170295159107094141e-01
-4.172993140896081310e-01
-4.176003771423342781e-01
-4.179113736790056599e-01
-4.182252720359191378e-01
-4.185788266486786813e-01
-4.189741455305911466e-01
-4.193897903737380251e-01
-4.198166031029068046e-01
-4.202426926370187998e-01
-4.206814903463312327e-01
-4.211436588424168348e-01
-4.215958277112795693e-01
-4.220385245730875479e-01
-4.224499848547325631e-01
-4.228281687607760575e-01
-4.231369374583945353e-01
-4.234651569959148598e-01
-4.237774960060211038e-01
-4.241051524911386150e-01
-4.243829693607245046e-01
-4.246463679052244755e-01
-4.248656700190259206e-01
-4.250728192965119168e-01
-4.252170993038689173e-01
-4.253464323112848833e-01
-4.254293601248311241e-01
-4.254908934296752210e-01
-4.255525851689415662e-01
-4.256457149875268464e-01
-4.257446429364156737e-01
-4.258631435115453057e-01
-4.260351352864904517e-01
-4.262623518742638673e-01
-4.264484303985460190e-01
-4.266536937501255178e-01
-4.268551514810527414e-01
-4.271298601489927904e-01
-4.274254196074929180e-01
-4.277353856519733877e-01
-4.280725870461297711e-01
-4.283871703497699190e-01
-4.286935316552835107e-01
-4.290427591477929958e-01
-4.294266681471821667e-01
-4.298184193058178781e-01
-4.302909632002751561e-01
-4.307891147380026320e-01
-4.311993742220466275e-01
-4.316194723664793509e-01
-4.320083423266889988e-01
-4.324431211263544683e-01
-4.328650060906081287e-01
-4.332740491961222240e-01
-4.336789166480169988e-01
-4.341074843507578551e-01
-4.345434288841739101e-01
-4.349680143968692181e-01
-4.353562241314052339e-01
-4.357404189295958075e-01
-4.360776296261432705e-01
-4.364110355877958702e-01
-4.367755679115374878e-01
-4.371390696759032690e-01
-4.374890050489293469e-01
-4.378026174508994894e-01
-4.380920282949603561e-01
-4.383706934663840205e-01
-4.386043964141198015e-01
-4.388752079874574941e-01
-4.391813115540172952e-01
-4.395621725810851532e-01
-4.399204875514531321e-01
-4.403103465740293432e-01
-4.407353430514213688e-01
-4.411400495270847433e-01
-4.416024982645422314e-01
-4.420607692423715873e-01
-4.424789130548958949e-01
-4.429338068717724175e-01
-4.433289211869748669e-01
-4.438011070751376463e-01
-4.442814050039550211e-01
-4.447789654349066368e-01
-4.453172403004647673e-01
-4.458308311494497689e-01
-4.463720001614986943e-01
-4.469379779597115188e-01
-4.475280658043500615e-01
-4.481495274906803217e-01
-4.488415789959127045e-01
-4.494640255531928696e-01
-4.500794054549893675e-01
-4.506969210690406347e-01
-4.513011224995024939e-01
-4.519843541257144715e-01
-4.526473976792014797e-01
-4.532933709751704732e-01
-4.539398059997145629e-01
-4.545974714118857785e-01
-4.552506000746157078e-01
-4.558637181817680184e-01
-4.564509718601948429e-01
-4.570526257715920582e-01
-4.576038717989202587e-01
-4.581240648508091429e-01
-4.586535761334910588e-01
-4.591693880229453795e-01
-4.597235841696520886e-01
-4.602695470402067279e-01
-4.607683795352057188e-01
-4.612894875106876569e-01
-4.618316486749720617e-01
-4.623655167235514174e-01
-4.629744573796356066e-01
-4.635669120476819671e-01
-4.641840353263317898e-01
-4.648389014138109010e-01
-4.654649818480117718e-01
-4.661481058315572468e-01
-4.668195272546624697e-01
-4.675424255137400342e-01
-4.682473012161267878e-01
-4.689679717021107419e-01
-4.697155558813017051e-01
-4.704529508765021295e-01
-4.712467418218360682e-01
-4.720376236190318986e-01
-4.728711867707725003e-01
-4.736260831068898058e-01
-4.743942613850504197e-01
-4.750978534379716733e-01
-4.758095750180239558e-01
-4.764618738220965932e-01
-4.771263127008105176e-01
-4.777887039663835655e-01
-4.784701477972633232e-01
-4.791914439650162283e-01
-4.798291245675020966e-01
-4.804757079882238102e-01
-4.810985861718674594e-01
-4.817612371307793961e-01
-4.824396521639210400e-01
-4.831480287750873348e-01
-4.838640887182630856e-01
-4.846225427206772851e-01
-4.853381854063485989e-01
-4.860201769819622597e-01
-4.866894682938930350e-01
-4.873027706482887522e-01
-4.879182470054151954e-01
-4.885216026748666063e-01
-4.890967304567959695e-01
-4.896584279334045275e-01
-4.901946471872493105e-01
-4.907455777941172048e-01
-4.913291315583802055e-01
-4.918971316103514790e-01
-4.924079268362591133e-01
-4.929251268581964496e-01
-4.934095197573213354e-01
-4.938685750981653966e-01
-4.943570435862963963e-01
-4.948088941405258123e-01
-4.952364604498842304e-01
-4.957012719689090630e-01
-4.961735072178600214e-01
-4.966730044631396113e-01
-4.971923502296763386e-01
-4.977103836494224942e-01
-4.982626738097432062e-01
-4.988141305991959373e-01
-4.993147514358969863e-01
-4.997912840103371779e-01
-5.002983011785396839e-01
-5.008092913561758008e-01
-5.013348116726060733e-01
-5.017960222126232050e-01
-5.022713668507735596e-01
-5.027048604593689074e-01
-5.031090263883840619e-01
-5.034655389477704635e-01
-5.038070686774391849e-01
-5.041938027174712733e-01
-5.045934475990844215e-01
-5.050227010164267671e-01
-5.054660429891346674e-01
-5.058794219847959628e-01
-5.062245401451250792e-01
-5.065869146457753214e-01
-5.069757501914522457e-01
-5.073855775805903301e-01
-5.078146987932059542e-01
-5.082648606548647585e-01
-5.087366661525638545e-01
-5.091999371257981410e-01
-5.096603391461551613e-01
-5.101620010381202608e-01
-5.106615763680353304e-01
-5.111966593062577946e-01
-5.117359117107652677e-01
-5.122619954492956262e-01
-5.127825436915027790e-01
-5.132651981969205135e-01
-5.137543926368899339e-01
-5.142444365373842752e-01
-5.147442687745940049e-01
-5.152325088299387623e-01
-5.157204832766254521e-01
-5.162150675008817524e-01
-5.167538995173946992e-01
-5.172789419987615656e-01
-5.177615324488213933e-01
-5.182524494553377714e-01
-5.187029001298553155e-01
-5.191643450518470537e-01
-5.196386945107434041e-01
-5.200905849649617441e-01
-5.205125541507683584e-01
-5.208948387482824627e-01
-5.212378573188467534e-01
-5.215617748873603299e-01
-5.218842618150265622e-01
-5.222049775774677549e-01
-5.225362548113772210e-01
-5.228295750732196989e-01
-5.231342583975355787e-01
-5.234204551017976881e-01
4.000009514790042742e-01
4.000009668844470290e-01
4.006808385375795756e-01
4.007845113357331734e-01
4.008631926833247094e-01
4.009295912022041164e-01
4.009983767294679202e-01
4.010552363417666522e-01
4.011078656578511703e-01
4.011670333522740495e-01
4.012456091903007782e-01
4.013172246652242925e-01
4.013837593604366871e-01
4.014596639497855501e-01
4.015241683240518000e-01
4.016098578881647230e-01
4.016966429120871762e-01
4.017605181897704880e-01
4.018166090640745702e-01
4.018727729083638178e-01
4.019351104385847084e-01
4.019847087624578430e-01
4.020458189612853284e-01
4.021014212675832478e-01
4.021608449241445560e-01
4.022043570123625678e-01
4.022435785742991543e-01
4.023022673693968931e-01
4.023507003023495954e-01
4.023891820839791134e-01
4.024347295252487244e-01
4.024812880919471092e-01
4.025393816570823069e-01
4.025986228375438847e-01
4.026374216844264553e-01
4.026753320234884859e-01
4.027135755168608777e-01
4.027506077590327638e-01
4.028056893955151430e-01
4.028475795270929360e-01
4.028947584582925900e-01
4.029446943796616831e-01
4.030076325037575402e-01
4.030679398957420778e-01
4.031263131032709612e-01
4.031816816921247604e-01
4.032409546525107524e-01
4.032953136709414577e-01
4.033448142067521114e-01
4.034003620969728310e-01
4.034536033279786382e-01
4.035015571254536582e-01
4.035516276406877489e-01
4.036050355570033887e-01
4.036531188929863845e-01
4.037110262105685354e-01
4.037794776760425530e-01
4.038445500738895855e-01
4.039115998311391675e-01
4.039770592262149629e-01
4.040453781173233838e-01
4.041102082818068264e-01
4.041730663971078719e-01
4.042399103372463776e-01
4.043036193988119309e-01
4.043635340861290728e-01
4.044232612902453616e-01
4.044821633962588647e-01
4.045460254192147498e-01
4.046046470705919051e-01
4.046653702975844258e-01
4.047153703063408603e-01
4.047563898444518915e-01
4.047910066338810675e-01
4.048263951089315915e-01
4.048589481118350375e-01
4.049077338797889003e-01
4.049702884773005995e-01
4.050346536542427378e-01
4.051056809861950936e-01
4.051901325838713208e-01
4.052656262277710142e-01
4.053513935506281030e-01
4.054240738747363348e-01
4.054956042414436523e-01
4.055733673612139656e-01
4.056559373647062872e-01
4.057264801022813505e-01
4.057866338733360223e-01
4.058478899931950434e-01
4.059024765129182755e-01
4.059525897353917778e-01
4.060049197872615534e-01
4.060407735915835814e-01
4.060707612168251712e-01
4.060985353748269855e-01
4.061259985408246509e-01
4.061480181221296393e-01
4.061622699019769023e-01
4.061664430197369779e-01
4.061606124638226789e-01
4.061491550814878004e-01
4.061605691137272212e-01
4.061751950074780626e-01
4.061821568032245033e-01
4.061922479053456936e-01
4.062106713350444598e-01
4.062272728365814434e-01
4.062679120916736775e-01
4.063167627885196365e-01
4.063446998448320135e-01
4.064131140250578644e-01
4.064810911362060630e-01
4.065486411790134036e-01
4.065812878212229364e-01
4.070468446618339953e-01
4.037702535387275860e-01
4.036379929374434572e-01
4.032911401808033092e-01
4.031263445275422019e-01
4.029847283024983740e-01
4.028150606381125653e-01
4.026282276997474319e-01
4.024818789788887075e-01
4.023644934817930952e-01
4.022356955874322737e-01
4.020834865311241901e-01
4.018948019458455923e-01
4.017168757988141548e-01
4.015305783704454234e-01
4.013709501004125713e-01
4.011805077391778496e-01
4.010018316707965047e-01
4.008083659688493894e-01
4.006302749850686462e-01
4.005022650274783214e-01
4.003526761166293912e-01
4.001836999417336949e-01
4.000443804912874324e-01
3.999084684836560766e-01
3.998002917827220282e-01
3.997021495003035829e-01
3.996330716661697369e-01
3.995845278516962362e-01
3.995302049463820282e-01
3.994803125685397194e-01
3.994029220714735429e-01
3.993199144224615083e-01
3.992376357966467282e-01
3.991299921787140326e-01
3.990038393764424596e-01
3.988977165154621307e-01
3.988117030699832588e-01
3.987099067052884416e-01
3.985881040973474065e-01
3.984919993554747464e-01
3.984256445230002219e-01
3.983955727161913596e-01
3.984068667734594338e-01
3.984395146756998241e-01
3.984708084261692207e-01
3.985127921732278256e-01
3.985466929983140782e-01
3.985987688252162209e-01
3.986592916544475229e-01
3.987109096685930720e-01
3.988155700448055563e-01
3.988908765924716882e-01
3.989272371013050100e-01
3.989679937690617795e-01
3.990150504331843040e-01
3.990642318907580144e-01
3.990941554091307353e-01
3.991202938045770310e-01
3.991415491082134781e-01
3.992057194615956650e-01
3.992943005069711226e-01
3.993330913125594517e-01
3.993238691263078510e-01
3.992896899738582195e-01
3.993237770342755177e-01
3.993366197357440806e-01
3.993267189422302077e-01
3.992910678503487354e-01
3.992786656190182581e-01
3.992667395139751774e-01
3.992417292486674651e-01
3.992096085566139707e-01
3.991765474619181076e-01
3.991175265698507779e-01
3.990219404324048535e-01
3.989191611271197258e-01
3.987736536468464710e-01
3.986210555487249008e-01
3.984505785969054137e-01
3.983037754981992862e-01
3.981100735573580574e-01
3.978890728371730634e-01
3.976389342515977421e-01
3.973980400515976785e-01
3.971834841285084017e-01
3.969521089663641256e-01
3.967138777668682836e-01
3.965051477182160444e-01
3.963330242354853317e-01
3.961859231915913493e-01
3.960602911600245024e-01
3.959520382392519022e-01
3.958701837152620584e-01
3.957986681426894915e-01
3.956911072915094141e-01
3.956535123090720862e-01
3.956554409100573322e-01
3.956640332503955082e-01
3.956542414931105700e-01
3.956433063504594672e-01
3.956479528027787573e-01
3.956639247736132292e-01
3.956567215007051885e-01
3.956334058788751329e-01
3.956000281229707372e-01
3.955659013368154064e-01
3.955381653113613782e-01
3.955615337198343240e-01
3.955266578232942143e-01
3.955216109422957094e-01
3.955086606433884655e-01
3.955060772899165467e-01
3.954559335469110537e-01
3.954062924755532560e-01
3.953845721799147950e-01
3.954178204960900334e-01
3.954384993053468023e-01
3.954145860526924738e-01
3.954007911077216386e-01
3.964659827340609732e-01
3.980921057495647730e-01
3.998158043266356043e-01
4.012306936493392207e-01
4.024574559298706999e-01
4.046304181391192634e-01
4.068260906503496921e-01
4.090204331195852472e-01
4.074416361906339490e-01
4.067742986504553349e-01
4.059422240603630105e-01
4.069442281870461753e-01
4.071617275155504090e-01
4.080697823869068319e-01
4.094943709509479834e-01
4.069692946222606689e-01
4.059034504976530844e-01
4.048638931212110159e-01
4.038215023566295026e-01
4.028690691149228176e-01
4.042232971134931963e-01
4.056398577809082751e-01
4.070371577095820426e-01
4.043995205278472227e-01
4.035031147772938365e-01
4.025504749437781027e-01
4.015505121527186971e-01
4.005442597381304592e-01
3.994881868145048753e-01
3.984350288515132732e-01
3.974106957277712127e-01
3.964099830841350536e-01
3.954026985064640898e-01
3.943751056290443202e-01
3.933556356735162240e-01
3.923921446391639423e-01
3.913909510002792080e-01
3.904196045171408058e-01
3.894385160046451855e-01
3.884656883183278953e-01
3.875048263886589628e-01
3.865218719739875741e-01
3.856179573954885975e-01
3.846794120276715301e-01
3.837535303478812887e-01
3.828455602037216243e-01
3.819673757134697811e-01
3.811176654780635831e-01
3.803101965440626731e-01
3.795721947675100294e-01
3.788446879827311875e-01
3.781328277372528746e-01
3.774365369333808062e-01
3.767172643996040127e-01
3.760607397537726326e-01
3.753767317113645419e-01
3.747222279616850837e-01
3.740872879155657804e-01
3.734371111555884748e-01
3.727906762061486967e-01
3.721380042678945621e-01
3.715068212443172757e-01
3.708773333893654045e-01
3.702560582973068448e-01
3.696345570348995579e-01
3.690486370926961412e-01
3.684843312863751996e-01
3.679274991300016118e-01
3.673738438732505607e-01
3.667947655703370224e-01
3.662221800200784472e-01
3.656848448122864137e-01
3.651316009019601183e-01
3.645679117193466046e-01
3.640203605966503275e-01
3.634815154847783059e-01
3.629623216046226619e-01
3.624514994178041905e-01
3.619706939109706978e-01
3.615222016706697850e-01
3.610755562617615211e-01
3.606419334652144482e-01
3.602022851408240856e-01
3.597900201605379600e-01
3.593643551102295719e-01
3.589554730287430884e-01
3.585803700417994899e-01
3.582137615894406268e-01
3.578692028105279199e-01
3.575385874088817806e-01
3.572289403477196257e-01
3.569446131310132775e-01
3.566621183638910564e-01
3.563971552612607563e-01
3.561469908633924097e-01
3.559035074789916875e-01
3.556749523573589089e-01
3.554510252262136905e-01
3.552446538907190754e-01
3.550484755122553793e-01
3.548637914580311525e-01
3.546906082739177402e-01
3.545420041154308533e-01
3.544170040500968510e-01
3.542949310310392064e-01
3.541819549548019808e-01
3.540796242637868629e-01
3.539927398446168216e-01
3.539180867052873491e-01
3.538562945022048489e-01
3.538085006451606729e-01
3.537742516864690323e-01
3.537533445050647929e-01
3.537451911431508944e-01
3.537515079753124625e-01
3.537708444010627118e-01
3.538019569396871344e-01
3.538435893114483810e-01
3.538958148135833981e-01
3.539563321567844589e-01
3.540307399991191595e-01
3.541176975998616694e-01
3.542232532570628312e-01
3.542686173753399892e-01
3.541556719762781746e-01
3.540334764299112869e-01
3.538921466405898220e-01
3.537403789515877195e-01
3.535788886520984109e-01
3.534029685242788266e-01
3.532160975386069990e-01
3.530126186054790560e-01
3.527876132810171539e-01
3.525516450060213192e-01
3.523036521134350618e-01
3.520461266480475193e-01
3.517789703113800015e-01
3.515042486372645936e-01
3.512135050296291694e-01
3.509080782210576843e-01
3.506098435887731735e-01
3.503062829973387915e-01
3.499897120461946676e-01
3.496868931809775094e-01
3.493698078295490173e-01
3.490472552851444643e-01
3.487202198830974265e-01
3.483837557657329942e-01
3.480374306076425839e-01
3.476962405933926581e-01
3.473422616536530061e-01
3.469812198875110720e-01
3.466297033118078130e-01
3.462746636237251097e-01
3.458998749387176552e-01
3.454965533337600037e-01
3.450723915299983013e-01
3.446353055123799747e-01
3.441855287156189713e-01
3.437140176513757139e-01
3.432348035791585317e-01
3.427559576325538981e-01
3.422687802621252051e-01
3.417771223262536240e-01
3.412625052722090269e-01
3.407167587510355755e-01
3.401703795802537567e-01
3.396058128672744258e-01
3.390413940594851905e-01
3.384700428254466820e-01
3.378983206874959233e-01
3.373338205149227220e-01
3.367603748878220671e-01
3.361874693256380331e-01
3.356113492857902836e-01
3.350120740067914493e-01
3.344533171389121318e-01
3.338378926101976396e-01
3.338793087953485506e-01
3.336760629752855145e-01
3.332792651270682915e-01
3.326444806923550268e-01
3.330549236325647255e-01
3.334193529437592396e-01
3.338831169314273040e-01
3.340900429277435246e-01
3.345793733789327318e-01
3.350925211661693881e-01
3.353630880384721458e-01
3.350740319918704690e-01
3.346501807063222977e-01
3.341463628440908828e-01
3.344946161543316254e-01
3.349309047302640452e-01
3.355426641960733147e-01
3.360300207168974707e-01
3.357234322605306409e-01
3.353459425113430314e-01
3.350710375928582230e-01
3.342354029497508483e-01
3.345925304348482676e-01
3.341996546300971538e-01
3.337113835742407941e-01
3.340284126345395843e-01
3.332600060670691255e-01
3.325807264285748355e-01
3.316589704940479111e-01
3.314276276074968330e-01
3.316084020729604398e-01
3.311692986585942355e-01
3.314249184969419448e-01
3.307263497829775467e-01
3.310461166601561533e-01
3.307026750374880697e-01
3.301165625045163199e-01
3.300791652557080180e-01
3.301452434242170830e-01
3.293174157167402805e-01
3.283379791994476271e-01
3.273807857222845730e-01
3.275687429894358349e-01
3.279898486898238374e-01
3.281707106466043578e-01
3.285436272385610090e-01
3.290372428293130147e-01
3.294748527966789298e-01
3.300126905703204550e-01
3.305301019494929493e-01
3.307621569172574660e-01
3.311504086077771136e-01
3.309793005825679701e-01
3.313983759330335621e-01
3.313488244940543392e-01
3.317906896062378097e-01
3.317255397635082703e-01
3.318426418158189617e-01
3.321507419090485302e-01
3.323499979517280933e-01
3.327321091535825892e-01
3.320960282370480909e-01
3.311526343284810214e-01
3.302772862708872048e-01
3.293303679224510172e-01
3.286636631094491667e-01
3.287781701620212660e-01
3.290163533310709321e-01
3.289896261536312538e-01
3.293390749035575160e-01
3.297256032480714305e-01
3.291973240118333255e-01
3.283116297223387381e-01
3.272635561960812178e-01
3.261703878577744686e-01
3.252714284437617787e-01
3.255726294086919714e-01
3.250375941592688611e-01
3.253382250098889039e-01
3.246505974079644807e-01
3.251263886225276289e-01
3.256105386482521236e-01
3.256858647091536163e-01
3.261029213450010178e-01
3.258558766329681111e-01
3.257695280361093682e-01
3.244286617063917300e-01
3.237279975610528604e-01
3.224486354549516154e-01
3.210634079689953513e-01
3.197412270717708282e-01
3.200095537956375025e-01
3.190401040626233420e-01
3.177468525873878846e-01
3.163626040375202564e-01
3.152461660677979283e-01
3.151130514470188992e-01
3.137361599775153609e-01
3.124327710955004389e-01
3.112288893717788940e-01
3.103367583492819270e-01
3.091596883096072168e-01
3.096343280677326670e-01
3.100570142642248839e-01
3.104048974794069715e-01
3.105258322574556140e-01
3.097160474349787695e-01
3.082802887681703741e-01
3.068544751578964336e-01
3.055083388444875814e-01
3.040409733446822194e-01
3.026225255329605401e-01
3.012015398699074975e-01
2.998062588939376383e-01
2.984216379380729145e-01
2.970160746890865844e-01
2.955972586793137458e-01
2.941882726493610933e-01
2.927621225889657786e-01
2.913589639364733697e-01
2.900451242461689061e-01
2.886923406897127231e-01
2.883258466347375371e-01
2.874411584255658902e-01
2.879326722333565569e-01
2.877274259727308214e-01
2.883161361880186568e-01
2.888728981756014669e-01
2.893312911307127644e-01
2.899337231599065090e-01
2.905450308541986937e-01
2.910729215463192521e-01
2.910198820368655737e-01
2.916046174959674997e-01
2.922143647057033333e-01
2.928241931479793614e-01
2.935178411486528138e-01
2.939180492814051915e-01
2.926673840882910715e-01
2.912590646099654790e-01
2.896521093804709235e-01
2.880464987895635653e-01
2.863594582953622458e-01
2.846783773011539176e-01
2.829928997544473024e-01
2.813227241762230602e-01
2.796659963394724224e-01
2.780110205067076179e-01
2.763833130668581495e-01
2.746931641643877153e-01
2.730141174731710030e-01
2.713009396959568664e-01
2.695646439446839349e-01
2.678364627334479109e-01
2.660858763467093824e-01
2.643295487435237123e-01
2.625339419228366888e-01
2.606693791970435270e-01
2.587881492046638643e-01
2.569606084782373179e-01
2.551230755958836527e-01
2.532268170435539867e-01
2.513217166019410809e-01
2.494331675766293110e-01
2.475848613523703445e-01
2.458051158248135692e-01
2.439956970627568944e-01
2.422152824541583815e-01
2.404635764963853894e-01
2.388100902111839063e-01
2.370832512161926697e-01
2.353464520011153693e-01
2.335860517970521910e-01
2.318117615705436452e-01
2.299810815153414956e-01
2.280993240706588876e-01
2.262421885948191491e-01
2.243632950699307183e-01
2.224854115860339654e-01
2.205831087468395624e-01
2.187137318864905700e-01
2.168641618014182371e-01
2.150420378378714026e-01
2.131479324104603723e-01
2.113099629133467772e-01
2.095587017412941788e-01
2.078317571372925998e-01
2.061082697793742702e-01
2.044071319253366881e-01
2.026598464475496963e-01
2.009002527867662369e-01
1.991465738018073084e-01
1.974161529696737694e-01
1.957657183448698879e-01
1.940568810421237356e-01
1.923332500238942866e-01
1.906019464204665170e-01
1.887764447008348501e-01
1.869560078265207759e-01
1.851410713217641613e-01
1.832885906819966271e-01
1.814405206711015850e-01
1.795730894435353941e-01
1.776858017721728300e-01
1.758879453885653366e-01
1.740921477124941219e-01
1.723290553900221900e-01
1.705833721526839875e-01
1.692158509499436247e-01
1.675027265835762058e-01
1.659051363918113697e-01
1.651699549323789040e-01
1.646512073153623412e-01
1.632522245502935343e-01
1.635102316049675264e-01
1.643626412840780981e-01
1.652387141808443205e-01
1.660834873595156413e-01
1.669528341998231247e-01
1.678047528127271093e-01
1.685999353155376856e-01
1.693990520662874422e-01
1.691227043036974409e-01
1.683489012965503073e-01
1.667185962290178569e-01
1.650641961486297993e-01
1.636452423277954260e-01
1.620604601313058446e-01
1.609584762208274566e-01
1.614954515960627668e-01
1.619359323986601651e-01
1.627874690817962544e-01
1.635643621113833379e-01
1.625047873534083975e-01
1.617267792349281752e-01
1.623410580074564069e-01
1.609951396214288066e-01
1.615365394641969377e-01
1.608422441604967501e-01
1.613696810946791960e-01
1.620690785918224019e-01
1.630027437337626395e-01
1.639348570398956317e-01
1.645487450549452946e-01
1.652792721992513980e-01
1.657168006453365594e-01
1.665615889423500973e-01
1.662028934947210601e-01
1.656169984297921061e-01
1.663452500155220282e-01
1.650019049621034850e-01
1.636172762914892553e-01
1.644375193926028988e-01
1.649190814753410117e-01
1.646449286227965048e-01
1.652495110367825371e-01
1.638855742682294725e-01
1.625459309325345825e-01
1.614756533075988598e-01
1.602458290775773397e-01
1.607124985333817091e-01
1.610452101647246448e-01
1.608923806390230304e-01
1.616180775500710431e-01
1.612562695105262678e-01
1.619519170647523987e-01
1.611319102800128078e-01
1.597015283753119297e-01
1.603029574217661457e-01
1.607538357370781879e-01
1.613104484831827112e-01
1.620313201461074937e-01
1.627716279681692968e-01
1.634608264368359876e-01
1.641965203436635268e-01
1.649489953635163431e-01
1.657390374445903702e-01
1.665510071867618569e-01
1.673198307346559777e-01
1.681498442061931664e-01
1.689563033622011601e-01
1.697490227533071938e-01
1.704978980870152649e-01
1.712316691686338321e-01
1.719662317444045629e-01
1.726625839690347497e-01
1.733873112327887211e-01
1.741297590959645925e-01
1.748553790905893746e-01
1.755572899154670408e-01
1.762164880756619534e-01
1.768849778618636903e-01
1.755483621383725767e-01
1.740902305151297569e-01
1.723450124536351213e-01
1.706130523108544128e-01
1.688694876221117636e-01
1.671087828178007828e-01
1.653798435806845268e-01
1.636256990577435733e-01
1.618718488434087166e-01
1.601329777036661905e-01
1.584304546402132141e-01
1.567479094443692544e-01
1.550097191902459481e-01
1.533135047553920993e-01
1.516090690448174960e-01
1.498730093737954128e-01
1.481412655785167010e-01
1.464209244394769904e-01
1.446744989069360665e-01
1.429022679408911145e-01
1.411685913026838046e-01
1.394721136178682930e-01
1.378111991805214542e-01
1.361206140648371365e-01
1.343938640767069481e-01
1.326706997125063348e-01
1.309310142344646821e-01
1.292101769295927460e-01
1.275098237708055804e-01
1.258004667302675683e-01
1.240794825372624755e-01
1.223834726351364643e-01
1.206924904218873440e-01
1.190039450956782846e-01
1.173311880487782205e-01
1.156714336634399598e-01
1.139846871988856730e-01
1.123376482022412082e-01
1.107157370807667351e-01
1.091290742873113617e-01
1.075594574271779152e-01
1.059820555658426283e-01
1.044450009572043120e-01
1.029344834926380348e-01
1.013839055943950018e-01
9.983616733868887205e-02
9.828608148020796798e-02
9.677543438372408768e-02
9.525231713254900257e-02
9.376095662292266431e-02
9.233591765550033803e-02
9.091446850127012091e-02
8.950972681411860365e-02
8.815343408833303807e-02
8.677414010418520174e-02
8.538599208294753162e-02
8.397223070937587242e-02
8.254515510125169653e-02
8.111243952980923266e-02
7.968462433298202641e-02
7.827380658756664944e-02
7.686321612789148716e-02
7.548611447587176559e-02
7.412137555784031884e-02
7.307705182140585010e-02
7.341065634845231336e-02
7.376302793011330072e-02
7.409794187248582020e-02
7.439704417714979034e-02
7.470682270110186318e-02
7.502141746942475597e-02
7.532108622229635730e-02
7.567157560982772091e-02
7.604251240760527553e-02
7.645388976998897246e-02
7.685050139926367929e-02
7.722522755244595749e-02
7.760743674492288913e-02
7.801055450443251937e-02
7.841902160392290322e-02
7.884408738355924706e-02
7.925422364495780803e-02
7.968272825690504713e-02
8.010347380700301445e-02
8.054261284646972718e-02
8.097309538188492140e-02
8.138227901128299024e-02
8.180441546018611676e-02
8.223960809452640630e-02
8.264771295879239088e-02
8.301894225836899122e-02
8.339276671472346802e-02
8.378556062124502268e-02
8.416814364232765022e-02
8.453639900422257880e-02
8.490903724131226848e-02
8.528069995394794989e-02
8.560392001545330531e-02
8.596267128297677140e-02
8.633143297911509417e-02
8.666365869385410370e-02
8.699848807948065699e-02
8.734441293984193666e-02
8.769225769521757363e-02
8.798565976425813673e-02
8.826966085512318039e-02
8.857101261489849775e-02
8.891037845435505182e-02
8.923017830734504552e-02
8.951150749188320488e-02
8.980108934284040945e-02
9.010651967468207013e-02
9.037691312378114128e-02
9.062102295904923832e-02
9.087434271308685030e-02
9.115705722654954268e-02
9.146548806964339973e-02
9.173058476702596054e-02
9.196562463330222592e-02
9.217947685898356114e-02
9.242885571022997626e-02
9.262694379077369977e-02
9.286365471129072457e-02
9.312385282812733756e-02
9.337261395692562915e-02
9.363386113643758224e-02
9.388710059695933030e-02
9.411086100515130004e-02
9.433327950681592855e-02
9.458541462087571849e-02
9.485825562873269334e-02
9.513487775444103012e-02
9.539780207272470502e-02
9.559917346015807393e-02
9.579453861810802162e-02
9.599073387334640384e-02
9.615002815342323095e-02
9.634260201805504298e-02
9.653792624520292354e-02
9.672874903727947393e-02
9.693153045307517646e-02
9.715728563633173331e-02
9.734691160865494020e-02
9.756189479986279722e-02
9.774602862066200659e-02
9.794824867962570458e-02
9.813911360580894472e-02
9.829538976685785190e-02
9.846277134312071688e-02
9.865613543583297285e-02
9.886090472367545234e-02
9.907800575752552519e-02
9.932675273819212280e-02
9.961998896560725347e-02
9.985640542168351674e-02
1.000618937927804653e-01
1.002581188479655661e-01
1.004308618866505826e-01
1.006160082863809674e-01
1.007980580426711958e-01
1.009696461557367531e-01
1.011520876994688317e-01
1.013206514597164848e-01
1.014968239526903571e-01
1.016780146518624917e-01
1.018575432342607584e-01
1.020365258632814492e-01
1.021981188737228069e-01
1.024066682652802901e-01
1.026107576398679194e-01
1.026482604897379913e-01
1.019834031133255020e-01
1.014606116350904447e-01
1.010801635632847528e-01
1.002662089702334308e-01
9.964135889084285713e-02
9.858469428320630612e-02
9.865767423090049393e-02
9.877894338345302727e-02
9.891909534664297676e-02
9.906573911050588210e-02
9.924164945844148045e-02
9.938910026846971280e-02
9.951203258358425063e-02
9.963837408312911648e-02
9.977043967520973777e-02
9.988599787299314026e-02
9.998034600658024795e-02
1.000712757116825474e-01
1.001340695445734619e-01
1.001625592985560809e-01
1.002027466675072948e-01
1.002129475492230942e-01
1.002342601266094924e-01
1.002478426027270803e-01
1.002959731683286393e-01
1.003345770678192445e-01
1.003903479414922084e-01
1.004741862315064738e-01
1.004417797701968873e-01
1.003806130094687388e-01
1.003810045970282561e-01
9.963430423939861891e-02
9.871232137435247134e-02
9.777236015889595455e-02
9.676281870294523024e-02
9.575877094602962269e-02
9.476801885795177460e-02
9.404002218764946630e-02
9.310741654616874752e-02
9.212318809761127492e-02
9.171698947953878245e-02
9.074229830494742743e-02
8.978240851455016047e-02
8.883419703105262244e-02
8.790822728649275164e-02
8.696376830180055362e-02
8.632339586344418836e-02
8.539934532885423701e-02
8.502050055548902863e-02
8.424904896367386986e-02
8.339359855894590279e-02
8.300985803812536978e-02
8.293964559975550155e-02
8.277608354016556536e-02
8.269119979804349929e-02
8.214709671397203705e-02
8.201703138828762840e-02
8.120574203015303028e-02
8.080310007617974577e-02
8.034321132042392122e-02
8.030484824512472419e-02
8.022290398395368061e-02
8.018058773306543929e-02
8.013734414884637891e-02
8.008781761708880231e-02
8.003706832310328312e-02
7.997109374030618445e-02
7.992322059973065718e-02
7.988016712146353560e-02
7.978046094194335414e-02
7.919152467879340962e-02
7.894338500778987078e-02
7.831564712349020629e-02
7.818006295721380283e-02
7.812706084839550480e-02
7.806774610249647695e-02
7.801564636142443998e-02
7.792443349408940956e-02
7.786206400333967048e-02
7.776452948537335153e-02
7.770034416735799310e-02
7.757819480353599084e-02
7.732714465834478190e-02
7.711109668427738872e-02
7.666694084318743940e-02
7.622204950833155745e-02
7.577676244822460772e-02
7.533114300942291008e-02
7.488518691502898950e-02
7.443894339091665369e-02
7.399245321853131774e-02
7.355363591410199464e-02
7.335212036165623950e-02
7.328362571139507287e-02
7.318858500652257459e-02
7.305859786689519741e-02
7.300284840205703563e-02
7.295674528345615084e-02
7.291027028840034452e-02
7.282650177780257417e-02
7.279698572230486331e-02
7.276309355561198788e-02
7.273402140703226493e-02
7.271259883271492808e-02
7.269219599124876474e-02
7.267784114329289835e-02
7.266761483981576397e-02
7.265495084632693501e-02
7.265210583052025828e-02
7.265099515115340523e-02
7.265334494482203476e-02
7.265812943952697223e-02
7.266502895370226256e-02
7.267376469130272520e-02
7.268784020979886240e-02
7.275483587701277177e-02
7.280889453852333604e-02
7.300128707815135842e-02
7.319950231030966648e-02
7.327736562913507445e-02
7.343459864831899941e-02
7.347600880150446934e-02
7.351873576693389312e-02
7.355911608408645386e-02
7.360854723374612996e-02
7.365830116019832230e-02
7.371276369193451028e-02
7.375855077709353447e-02
7.380457068238240048e-02
7.385068853838375191e-02
7.389305791913267085e-02
7.398089482397103567e-02
7.402001166707923574e-02
7.404887188591766090e-02
7.424050425096938299e-02
7.436702712515069758e-02
7.445017448618200528e-02
7.521692836638485535e-02
7.548543058129918160e-02
7.628482588017201915e-02
7.711498232905451833e-02
7.760092802145940327e-02
7.851117261832449290e-02
7.944414216299017228e-02
8.040069100415468684e-02
8.136087997997071275e-02
8.231745379209183533e-02
8.327338626139670075e-02
8.425490273941679820e-02
8.525738394576223844e-02
8.627366568617268749e-02
8.729254798741935273e-02
8.831958814500952271e-02
8.936314485919115425e-02
9.042312023232913776e-02
9.150088341205463160e-02
9.259659612943664520e-02
9.370744928494587067e-02
9.484041954413391373e-02
9.598105561698354327e-02
9.714806891450866733e-02
9.833106250705712925e-02
9.953162075923173424e-02
1.007545080664422055e-01
1.019855278001190468e-01
1.032283927458152312e-01
1.045105617516862012e-01
1.058038270591219743e-01
1.070942730852487423e-01
1.084222701681027551e-01
1.097639668763533277e-01
1.111142582456193240e-01
1.124823372918524050e-01
1.138661900644188513e-01
1.152506835605900670e-01
1.166503492159157301e-01
1.180587577317795955e-01
1.194730355897311580e-01
1.208903512638483391e-01
1.223397485256723510e-01
1.238094378306500709e-01
1.252987933757794548e-01
1.267929730747045514e-01
1.283162803983788625e-01
1.298581118880211271e-01
1.314047473378071040e-01
1.329687077906963333e-01
1.345320649873769647e-01
1.360949210756764727e-01
1.376181244374193313e-01
1.391334273442309255e-01
1.398964948864858115e-01
1.399686825810349811e-01
1.400133064370521485e-01
1.400132525631810343e-01
1.400061511170785089e-01
1.399596710254950027e-01
1.398943689838791915e-01
1.397855883740363458e-01
1.397000368707850826e-01
1.395785032678109605e-01
1.394225801220863314e-01
1.392521492466578525e-01
1.391061745398974869e-01
1.389880518960086853e-01
1.388760731417346128e-01
1.387503327538409936e-01
1.386029352033733009e-01
1.384436933510283518e-01
1.383373950053821688e-01
1.382621012100400670e-01
1.381952318119110124e-01
1.381217908141638140e-01
1.380325267110573961e-01
1.379239297349078019e-01
1.377794654251524864e-01
1.376031573337914982e-01
1.373961232221668216e-01
1.371335338700806761e-01
1.368636485600847885e-01
1.366432453341950293e-01
1.363722103663626561e-01
1.360526792801081131e-01
1.359853851771773148e-01
1.365516863198082964e-01
1.364072761649947896e-01
1.370059980773834507e-01
1.387225013169987031e-01
1.404022055083574416e-01
1.399472151211893778e-01
1.398726534406067590e-01
1.397257460807169449e-01
1.406482340080518201e-01
1.410419403591207099e-01
1.425809528040907215e-01
1.440699357867831487e-01
1.457772130621764750e-01
1.474376719680996206e-01
1.469347885603576320e-01
1.478401928544112176e-01
1.477489203993781752e-01
1.486257384178342744e-01
1.501642631608038070e-01
1.509160898296993125e-01
1.507041330488763098e-01
1.522184950354866784e-01
1.515673878939163555e-01
1.524556401239696435e-01
1.538694212588266330e-01
1.554906068039865197e-01
1.571852731989327734e-01
1.589589897818001196e-01
1.606464843747351379e-01
1.620303351212869780e-01
1.627435699102624533e-01
1.644936945685538110e-01
1.658699245138655354e-01
1.676946371006310943e-01
1.695073953894411789e-01
1.713005687412315903e-01
1.731381716719809227e-01
1.749755637277087827e-01
1.768603064465882058e-01
1.787254153385993416e-01
1.806076607997067762e-01
1.825166505394328065e-01
1.844064410981275381e-01
1.863050976499832645e-01
1.881175745797925569e-01
1.899817671579148159e-01
1.919249883436101034e-01
1.938619479139157276e-01
1.958246640724301268e-01
1.978210599099285427e-01
1.997540050655263466e-01
2.016870194218364498e-01
2.036481053814571396e-01
2.055708243744017172e-01
2.075064586703321279e-01
2.094266735399863133e-01
2.113031895126048221e-01
2.131594303951406810e-01
2.149905578168101739e-01
2.168498775693622205e-01
2.187633784251158675e-01
2.206264116723700430e-01
2.224646100017532990e-01
2.242787362403564355e-01
2.260656873091886621e-01
2.279011880228294373e-01
2.297851242983989239e-01
2.314946313899812202e-01
2.326375938636589258e-01
2.327479759738886600e-01
2.321832620887187559e-01
2.314982740822427443e-01
2.308216240647980866e-01
2.302101345586227421e-01
2.295926313289231580e-01
2.290092996886821386e-01
2.284740803169436341e-01
2.279568854901589114e-01
2.274510551239384282e-01
2.269772919003319178e-01
2.264775264417906442e-01
2.260144184495347375e-01
2.256466472630930531e-01
2.278455013397557571e-01
2.300370047648778171e-01
2.322479670792249873e-01
2.344633204192403675e-01
2.366940183904120421e-01
2.389343732076626148e-01
2.411798928967425204e-01
2.434296360019272132e-01
2.457207622057569207e-01
2.480434263031497388e-01
2.503384173744720442e-01
2.526268462471516485e-01
2.549249619877024253e-01
2.572070771494806563e-01
2.594997356320221105e-01
2.617903850966700752e-01
2.641356540939653330e-01
2.665338756185386404e-01
2.688563668674914253e-01
2.712493777321748900e-01
2.736096616712458407e-01
2.760107375647732342e-01
2.783747962616774929e-01
2.807999534942809960e-01
2.831608967382727160e-01
2.855091162661956838e-01
2.878414412290664082e-01
2.901146277117050420e-01
2.900168325374379852e-01
2.898038571880981462e-01
2.895547036456261880e-01
2.892440024185405356e-01
2.889185419602542382e-01
2.885904318858391604e-01
2.882686658590943307e-01
2.879616480715671556e-01
2.876113099160226283e-01
2.872199311875664463e-01
2.868562710221378431e-01
2.864805212106165677e-01
2.860894920180725998e-01
2.856529948648224848e-01
2.852059408309727262e-01
2.847850491805045126e-01
2.843878080973477607e-01
2.839986874089142077e-01
2.836853682464841597e-01
2.833726823954006990e-01
2.831381823653811858e-01
2.829120142761675782e-01
2.826836890744476860e-01
2.824816665900006241e-01
2.822740176027590531e-01
2.821125553699318500e-01
2.818881720899474308e-01
2.816654882890393674e-01
2.814026308474805171e-01
2.811228653262357047e-01
2.808425700768464872e-01
2.805261388138881595e-01
2.802134686841823985e-01
2.799509431909776302e-01
2.797188238362044999e-01
2.794535385591453980e-01
2.792109938931146007e-01
2.789277365955599164e-01
2.786065502893773083e-01
2.782752397277016843e-01
2.779423093500414943e-01
2.776203808293380981e-01
2.772621903639507779e-01
2.768858723855489590e-01
2.764868282697710011e-01
2.760599979188249620e-01
2.756403082868700838e-01
2.752198507331836130e-01
2.748396346845823346e-01
2.744728820215697751e-01
2.741390746131713296e-01
2.738612915855605512e-01
2.735871916164145379e-01
2.733684973969184862e-01
2.731156601720751143e-01
2.729220968094694388e-01
2.726696563711150101e-01
2.724081615040179760e-01
2.721324075044856405e-01
2.718622042796156602e-01
2.715795683073319866e-01
2.712656581564077962e-01
2.709940944799310580e-01
2.706527863994417915e-01
2.703560496583196637e-01
2.700577251749823326e-01
2.697615473967963085e-01
2.693921902461318685e-01
2.690612607869526940e-01
2.687239074226947522e-01
2.683039984227110208e-01
2.679874106868068151e-01
2.676550366364204847e-01
2.673360749476920151e-01
2.669869118507585681e-01
2.666294527951576510e-01
2.662306707087266355e-01
2.658365199444875926e-01
2.654687190735178226e-01
2.650454283777236575e-01
2.646482953252947135e-01
2.642563544608961257e-01
2.638753722318190609e-01
2.634584263882037702e-01
2.630774380432218118e-01
2.627570493512496053e-01
2.624212446190259951e-01
2.620881006627444054e-01
2.617779355535010954e-01
2.615027147136118058e-01
