-4.000022351527311448e-01
-4.000022510193020908e-01
-4.013978348551358044e-01
-4.014277108307496844e-01
-4.014249273141407559e-01
-4.013978100550988359e-01
-4.013412777838276657e-01
-4.012317419763736237e-01
-4.011179381897432838e-01
-4.009779864802551219e-01
-4.008179088456431116e-01
-4.006751535525429619e-01
-4.005502878762262631e-01
-4.004182547074499054e-01
-4.002755184350827999e-01
-4.001433887831160607e-01
-4.000509461665291422e-01
-3.999954406494207193e-01
-3.999447051255783370e-01
-3.998723827129400110e-01
-3.997943451437165341e-01
-3.997805867021060333e-01
-3.997221158482914816e-01
-3.996378871829317503e-01
-3.996000389997844127e-01
-3.996370451176626815e-01
-3.997036511112294077e-01
-3.998195880037329064e-01
-3.998891742734185240e-01
-3.999829994528343313e-01
-4.000686261069562044e-01
-4.001674354146182444e-01
-4.002387924092927762e-01
-4.026203954849843503e-01
-4.049664815107947291e-01
-4.073510137791978014e-01
-4.097350844052582985e-01
-4.120908099950707504e-01
-4.144459987333128925e-01
-4.168087911587037286e-01
-4.191864938535642682e-01
-4.215805857938651480e-01
-4.239854018364691002e-01
-4.264266954249746888e-01
-4.288716961783992088e-01
-4.313385099917130816e-01
-4.338338044889292200e-01
-4.363459841982544885e-01
-4.388585768377639695e-01
-4.413715315291661945e-01
-4.438741888803394708e-01
-4.463295595217462441e-01
-4.488057672464392245e-01
-4.512533222932335053e-01
-4.537333981983998621e-01
-4.562436566768593438e-01
-4.587540147994523809e-01
-4.612644431980729154e-01
-4.637701897558741404e-01
-4.662806513423853882e-01
-4.687909394048007661e-01
-4.712861141003693022e-01
-4.737963778286295446e-01
-4.763066652871111861e-01
-4.788169361162171733e-01
-4.813271523464371926e-01
-4.838373457174368064e-01
-4.863475480806595530e-01
-4.888577657410239641e-01
-4.913680056845137756e-01
-4.938454240559670416e-01
-4.963288839149835874e-01
-4.988378278887933837e-01
-5.013233352729291603e-01
-5.015672852756932754e-01
-5.018002746448545492e-01
-5.020465025370620671e-01
-5.045605988832475575e-01
-5.070876835874734700e-01
-5.096208350823798749e-01
-5.121634076133823044e-01
-5.147093551810622003e-01
-5.172547972067466082e-01
-5.197996924747174674e-01
-5.223444257142968450e-01
-5.248891234512700343e-01
-5.274338693665276967e-01
-3.999987912045380734e-01
-3.999987757687570866e-01
-3.992140865272661432e-01
-3.986140003950148225e-01
-3.980713650458331254e-01
-3.975798489948838554e-01
-3.971346713643928439e-01
-3.967381377753069205e-01
-3.963880187840527203e-01
-3.960978475744597604e-01
-3.958571170256768856e-01
-3.956771868357670807e-01
-3.955449002733990582e-01
-3.954671092605910321e-01
-3.954435090127305652e-01
-3.954737219826482408e-01
-3.955566504057378419e-01
-3.956919631986925423e-01
-3.958769717916773567e-01
-3.961088273598070142e-01
-3.964006854098249266e-01
-3.967474546536746693e-01
-3.971554843956633940e-01
-3.976263779326539849e-01
-3.981462340271087474e-01
-3.987047614682632801e-01
-3.992983278436508243e-01
-3.999356873837178195e-01
-4.006240969948160480e-01
-4.013762707670985308e-01
-4.021958024296577450e-01
-4.031116121927678098e-01
-4.040119683053894906e-01
-4.049250666304954893e-01
-4.059322080785030540e-01
-4.069429020799215646e-01
-4.079908574858823189e-01
-4.090769751878370331e-01
-4.102193723975934292e-01
-4.113413391643057637e-01
-4.124701994228385238e-01
-4.135307923540353370e-01
-4.145191599102534541e-01
-4.156046236108616454e-01
-4.165628487308961625e-01
-4.172692748564209575e-01
-4.175950711481439814e-01
-4.181958415686887198e-01
-4.184812755585600730e-01
-4.188521220726224015e-01
-4.192412365753927506e-01
-4.195893714200623625e-01
-4.199392538075395476e-01
-4.202898383024548101e-01
-4.206112082845010480e-01
-4.209859322119003378e-01
-4.213540546195058134e-01
-4.216995559416167327e-01
-4.221285121820153030e-01
-4.225416643297994490e-01
-4.229365579927596985e-01
-4.233169899393007252e-01
-4.237492244789797802e-01
-4.241035650218049069e-01
-4.244653016355920960e-01
-4.247787946223172684e-01
-4.250667954816880201e-01
-4.276184924495942674e-01
-4.301730450039620290e-01
-4.327231655487752127e-01
-4.352683100413834438e-01
-4.378128085662544300e-01
-4.403565822091695670e-01
-4.428999689988536437e-01
-4.454433092810341499e-01
-4.479868139839832675e-01
-4.505306697885656519e-01
-4.530749549417923405e-01
-4.556196954835433077e-01
-4.581648756134102940e-01
-4.607104609628376868e-01
-4.632564126214566147e-01
-4.658026909460176723e-01
-4.683492436145190729e-01
-4.708960214558180479e-01
-4.734429800998267712e-01
-4.759900807734656625e-01
-4.785372905000903621e-01
-4.810845819032778525e-01
-4.836319327674545310e-01
-4.861793279780069477e-01
-4.887267647914091961e-01
-4.912742348320704999e-01
-4.938217313270498732e-01
-4.963692473533379279e-01
-4.989167666266216550e-01
-5.014642863417040353e-01
-5.040118046516679495e-01
-5.065593269380921360e-01
-5.091068588089329161e-01
-5.116543987971884366e-01
-5.142018681112912049e-01
-5.167493348989999902e-01
-5.192968044638001102e-01
-5.218442775051728155e-01
-5.243917546456861034e-01
-5.269392364066370904e-01
-5.294867231935387331e-01
-5.320342152891612830e-01
-5.345817128521976880e-01
-5.371292159199806404e-01
-5.396767244139195618e-01
-5.422242381465391947e-01
-5.447717568292953505e-01
-5.473192798383682556e-01
-5.498667957925770233e-01
-5.524143003806052388e-01
-5.549617923179911427e-01
-5.575092705221431633e-01
-5.600567471767845529e-01
-5.626042240300468400e-01
-5.651517011207539687e-01
-5.676991806931460660e-01
-5.702466744394384390e-01
2.000021667319172303e-01
2.000021825273189668e-01
2.014734065402236374e-01
2.018457083446962008e-01
2.021839987453738219e-01
2.025380574908682008e-01
2.028454392887399371e-01
2.031185370091845299e-01
2.033760225985786763e-01
2.036264650749181893e-01
2.038673428440092861e-01
2.040835453641801911e-01
2.042813882058201469e-01
2.044479990747370413e-01
2.045984654832701810e-01
2.047081803470491290e-01
2.047973502861354933e-01
2.048582017278637868e-01
2.049007639872125475e-01
2.049216177406880390e-01
2.049222194141470943e-01
2.049047160183164185e-01
2.048638973966202814e-01
2.047966529429183780e-01
2.045694763529505300e-01
2.042830128461170791e-01
2.039683082892527477e-01
2.036483230293660573e-01
2.032922526420633536e-01
2.029036043382690391e-01
2.023453348872702451e-01
2.019604196669134433e-01
2.015437697354302282e-01
2.011424782797567867e-01
2.006832001462901249e-01
2.002566054058960987e-01
1.997644635106358424e-01
1.992212706886401230e-01
1.986041915849271755e-01
1.980595010348154550e-01
1.975883860800587144e-01
1.970511011629968723e-01
1.965044107407277474e-01
1.959605849658774268e-01
1.954580555501844452e-01
1.949507414690532514e-01
1.944183176500176580e-01
1.938705483113964401e-01
1.933524647610360969e-01
1.927834196386061516e-01
1.922370307830117142e-01
1.917059673178725665e-01
1.911673378258577638e-01
1.906035188763853527e-01
1.900876076930960168e-01
1.895193092361223963e-01
1.889989011502727911e-01
1.883711281585226938e-01
1.874946296182885552e-01
1.864889421925213508e-01
1.853240943501766602e-01
1.839478863541743892e-01
1.824199068001086943e-01
1.808301275558783228e-01
1.792363800693038967e-01
1.776634390861914214e-01
1.760987911742132872e-01
1.745577590504381882e-01
1.730530804316763038e-01
1.715444051686833005e-01
1.700569867699353310e-01
1.686028589340178852e-01
1.671846515096680752e-01
1.657791756636689262e-01
1.643744990599565470e-01
1.629825825101230141e-01
1.616142981903667952e-01
1.602655957773337081e-01
1.589587897069283662e-01
1.576777879274757210e-01
1.564278038568552853e-01
1.551979536646776459e-01
1.540110202242319093e-01
1.528651622123959053e-01
1.517545745620911546e-01
1.506969403609220992e-01
1.496808434900937235e-01
1.487158043104069571e-01
1.478156061042240899e-01
1.469714194302061683e-01
1.461772889727717128e-01
1.454346145267654822e-01
1.447434614043219825e-01
1.440793736187544749e-01
1.434644891843012970e-01
1.429140137984440118e-01
1.423950970756648338e-01
1.418917230562694587e-01
