2.000018180234948706e-01
2.000018336885279746e-01
2.012843264057712633e-01
2.013564940303335660e-01
2.014362856908917809e-01
2.014971757575203526e-01
2.015529052198312965e-01
2.015904336892541115e-01
2.016152603195628112e-01
2.016284985886425962e-01
2.016344091794838866e-01
2.016289000159577349e-01
2.016287731905342384e-01
2.016270642386883138e-01
2.016222303762078560e-01
2.016197039617832476e-01
2.016220028995686087e-01
2.016253219168272770e-01
2.016322556610108674e-01
2.016375034762131757e-01
2.016383938013446842e-01
2.016095544388327720e-01
2.015806584578922478e-01
2.015432890644348884e-01
2.014856073299495787e-01
2.013890665260595347e-01
2.013180020352825506e-01
2.012531190046391583e-01
2.011905731954424514e-01
2.011158742354984819e-01
2.010610341403903656e-01
2.010110388262401904e-01
2.009682124210665222e-01
2.009591508420935368e-01
2.009870025469401023e-01
2.010316502604944100e-01
2.010673252137041012e-01
2.011149730872659191e-01
2.012078769137642109e-01
2.012864515215803674e-01
2.013351919124373723e-01
2.013594147893962016e-01
2.013633012946529910e-01
2.013433819734769814e-01
2.012939847895452439e-01
2.012341944905580438e-01
2.012270750827140631e-01
2.012274464254235340e-01
2.012256887465711797e-01
2.012331713517728216e-01
2.012621060683976726e-01
2.012853295506134010e-01
2.013573611491357440e-01
2.014504425637830554e-01
2.015513161198977388e-01
2.016623685896295204e-01
2.017775313375698432e-01
2.019242701244207960e-01
2.020991650414700469e-01
2.023263549536257200e-01
2.025294749107086067e-01
2.027550680443418463e-01
2.029766526777710689e-01
2.032336326022866069e-01
2.034865651363818306e-01
2.037543282209150486e-01
2.039830229447560095e-01
2.042023184947622250e-01
2.044149698036603902e-01
2.046821418949059113e-01
2.049247044527896244e-01
2.051712212526840273e-01
2.054737378727842512e-01
2.057417936470814224e-01
2.060625185490249367e-01
2.064017402264394507e-01
2.067127382370090305e-01
2.069851130493065849e-01
2.072945917086445877e-01
2.075720437661544571e-01
2.077883913882717370e-01
2.080064814069156609e-01
2.082183496231117537e-01
2.084000918772437039e-01
2.086004426347469465e-01
2.088132735341271251e-01
2.090631478272119148e-01
2.093660041568838892e-01
2.096395442177259594e-01
2.099159502457371151e-01
2.102000303508799739e-01
2.105366634873143961e-01
2.108851548911950535e-01
2.112247154367925261e-01
2.115526024963072238e-01
2.118420953256373862e-01
2.121147428680660030e-01
2.124030383454353632e-01
2.126786946280830315e-01
2.128701550711678547e-01
2.130598294984534513e-01
2.132544463593432083e-01
2.134465579599316432e-01
2.136559279936292854e-01
2.138612030246385409e-01
2.140829109573277322e-01
2.143606458548197868e-01
2.145873719234914490e-01
2.148623712981777290e-01
2.151297590410953531e-01
2.153661404274748725e-01
2.155672409136743795e-01
2.157460265987892756e-01
2.159458340662551157e-01
2.161649346266114879e-01
2.163466890741527482e-01
2.164778154833115476e-01
2.166108729657943155e-01
2.167488302680352363e-01
2.168296103839928157e-01
2.169005949713775916e-01
2.169865248559839921e-01
2.170282728364053559e-01
2.170282929522836246e-01
2.170382048180653223e-01
2.170344623815111396e-01
2.170680612782107388e-01
2.170784069429467777e-01
2.170610452026764114e-01
2.171196976819770863e-01
2.171575595488675903e-01
2.171560310093904878e-01
2.171558896692268315e-01
2.171980445269394155e-01
2.172127923257779758e-01
2.172196787508068605e-01
2.172558522305475248e-01
2.172881815142460038e-01
2.173670841725628411e-01
2.174108686552551628e-01
2.174883825971569706e-01
2.175732660262232609e-01
2.177115195778814294e-01
2.178656651841919534e-01
2.179736899251984716e-01
2.181121939383920683e-01
2.182228986606292997e-01
2.183353887497650747e-01
2.184828787430163344e-01
2.186628205989984974e-01
2.188343238162885063e-01
2.190317920990302036e-01
2.192448792677359759e-01
2.194474237370935554e-01
2.196227097837761821e-01
2.197561346988572417e-01
2.198554450532041460e-01
2.199932920267742564e-01
2.201249056152911054e-01
2.202478413836479187e-01
2.203635150364637862e-01
2.204662285191327786e-01
2.206003363360516667e-01
2.207818100716784082e-01
2.208892409121091249e-01
2.209755612403564995e-01
2.210590256088429961e-01
2.211420100181232529e-01
2.211697301539661542e-01
2.211656806152036137e-01
2.211840931639641461e-01
2.212307802072621121e-01
2.212998023413702553e-01
2.213797302791641608e-01
2.214185293110073893e-01
2.214167229853401531e-01
2.214317043519534733e-01
2.214494587143925053e-01
2.214981785725198826e-01
2.215910663311627671e-01
2.216885308657655651e-01
2.217836707396367013e-01
2.218725956901153040e-01
2.219617308796872357e-01
2.220852614062764907e-01
2.221890112599474443e-01
2.223158776916788759e-01
2.224719535156342298e-01
2.225882352902991690e-01
2.226932793951918732e-01
2.227959553094203959e-01
2.228649597908700652e-01
2.229202867746685746e-01
2.229665746552441097e-01
2.230612832671986234e-01
2.231233881665880547e-01
2.232402548298565992e-01
2.233704640200025460e-01
2.234848517005072754e-01
2.235271846927602279e-01
2.235669292484668280e-01
2.236334920061103515e-01
2.237339247981017243e-01
2.238563807299909780e-01
2.239797451056645405e-01
2.241182464371170580e-01
2.242051505660960509e-01
2.242468153201497283e-01
2.242748671346931344e-01
2.243298461135849187e-01
2.242926310751491570e-01
2.242693125585431546e-01
2.242465398924118058e-01
2.242114684641926259e-01
2.242021572422898956e-01
2.242157764097725825e-01
2.242248193454176586e-01
2.242588816792451256e-01
2.242317122310505673e-01
2.241588966118651938e-01
2.240803415806072174e-01
2.240043606567944379e-01
2.238981342888473614e-01
2.237614339701262944e-01
2.236237616381109572e-01
2.235376281322852821e-01
2.234193407051911773e-01
2.233716870130063592e-01
2.233059977748709790e-01
2.231934182625993357e-01
2.230978135577391386e-01
2.230127204409454167e-01
2.229206325327476867e-01
2.228571066112345345e-01
2.227921164599666326e-01
2.227876800031031168e-01
2.227803287124199005e-01
2.228450788786139336e-01
2.228546744645473199e-01
2.228120501958927857e-01
2.227333523248080649e-01
2.227360389422979037e-01
2.227211335570230821e-01
2.227261370717101840e-01
2.227876673607943336e-01
2.228545668711472971e-01
2.228961419627384644e-01
2.229461607032526271e-01
2.229999916913989466e-01
2.230708790351873250e-01
2.231300006606324327e-01
2.231596497832690207e-01
2.231355812642004111e-01
2.230486597289506323e-01
2.229872628096331300e-01
2.228866247719785976e-01
2.227887280908646406e-01
2.226697750016139732e-01
2.225478178002674723e-01
2.224286059673887817e-01
2.222962999322650735e-01
2.221758661793875322e-01
2.220855405780625957e-01
2.219711548807382084e-01
2.218892499146493946e-01
2.218016239553860236e-01
2.217559404042123150e-01
2.217413954432388701e-01
2.217305781263323727e-01
2.217764314004264381e-01
2.218446311253028103e-01
2.219335058149698170e-01
2.220338001028140940e-01
2.221363965350393321e-01
2.222249864160508737e-01
2.223217686502639845e-01
2.223855288812247866e-01
2.224516465950931443e-01
2.225321092261059175e-01
2.225518097582998012e-01
2.225867918678552382e-01
2.226611331694910156e-01
2.227917824315770179e-01
2.229136111387301777e-01
2.229954786270049727e-01
2.231027208287837960e-01
2.232053137718087443e-01
2.233188925009321757e-01
2.234231023221313894e-01
2.235360869508438431e-01
2.236879119434849739e-01
2.237736521098923625e-01
2.238882599169313703e-01
2.240459907988453514e-01
2.242009222690640180e-01
2.243746206915675501e-01
2.245389854704201993e-01
2.247070913700951189e-01
2.248831542698123687e-01
2.250318584232507413e-01
2.252136628305946020e-01
2.253920995505161451e-01
2.255460177206579375e-01
2.257087513148263169e-01
2.257734027932778720e-01
2.258463159719949487e-01
2.259264085131005573e-01
2.259922158584129204e-01
2.260518299727443114e-01
2.261183837201551916e-01
2.262451241176998973e-01
2.264000923406906118e-01
2.266538453940893649e-01
2.268936323973989311e-01
2.271277914147458998e-01
2.273409570734638285e-01
2.275737745841122095e-01
2.278168727834523621e-01
2.280703010179039036e-01
2.283033754436448182e-01
2.285062397598269235e-01
2.287269324989912034e-01
2.289490273770871109e-01
2.292418123906578564e-01
2.294609198851854104e-01
2.296951523463434397e-01
2.299336015816721146e-01
2.301405618859545255e-01
2.304277798623552420e-01
2.307108630662074722e-01
2.309899958634013539e-01
2.312407382289429769e-01
2.315053654482035206e-01
2.317340508585170600e-01
2.320181708322286429e-01
2.322811930582544260e-01
2.325503233803563330e-01
2.328569117376904085e-01
2.331866551347157035e-01
2.335024436925833557e-01
2.337983220022907815e-01
2.340318585400851525e-01
2.342730726760970383e-01
2.344765958232266079e-01
2.347287669592197090e-01
2.349285782291449520e-01
2.351382609754653907e-01
2.352746149422998700e-01
2.354053153250048047e-01
2.355069818306306240e-01
2.355434269881969411e-01
2.355294003559506300e-01
2.355196068785745389e-01
2.354794186705320980e-01
2.354140294474776907e-01
2.353967523909966109e-01
2.353352108409221821e-01
2.352770079181300267e-01
2.352181794156053829e-01
2.351775065022704558e-01
2.351503702467985790e-01
2.350736156942234700e-01
2.350010803663146464e-01
2.349693799228295965e-01
2.350209431690534478e-01
2.350762870875206523e-01
2.351178224667541394e-01
2.351704280681820303e-01
2.352651435044233463e-01
2.353931411361431802e-01
2.354785240799873447e-01
2.354782069415686518e-01
2.354778364002690361e-01
2.354644203706831307e-01
2.354238947219714495e-01
2.354257318929457721e-01
2.354428570933005116e-01
2.354965037494767544e-01
2.355656647968822626e-01
2.356738645402783328e-01
2.358771322627160882e-01
2.360446068055667423e-01
2.362122393591009617e-01
2.363472207258449087e-01
2.365555598804511273e-01
2.367953183901576886e-01
2.370290954866945132e-01
2.372185045266933523e-01
2.373777035733404261e-01
2.374814895043357577e-01
2.375505617074469000e-01
2.376394697900963693e-01
2.376770405424212251e-01
2.376717297520993810e-01
2.376905162157639528e-01
2.377560614794479998e-01
2.377542743051140051e-01
2.378033863754787647e-01
2.378361063114636798e-01
2.378297890526247238e-01
2.378166444366397181e-01
2.377988703137704773e-01
2.377827598615819271e-01
2.378180431693673047e-01
2.378066095511669753e-01
2.377912661088252277e-01
2.377702932516513878e-01
2.377766008022756672e-01
2.377835317153421113e-01
2.377518162820868308e-01
2.377503502401094315e-01
2.377609316797574535e-01
2.378742206423963557e-01
2.379758069225055561e-01
2.380624115382854455e-01
2.381896838754379575e-01
2.382686123525269428e-01
2.383400508900759829e-01
2.384192280094829253e-01
2.384566136624622079e-01
2.384451919974062417e-01
2.384043586037676021e-01
2.383131375700492660e-01
2.383011864936656066e-01
2.382431148888682348e-01
2.381501984548282380e-01
2.380601456442898167e-01
2.379471937826924399e-01
2.378356807636707038e-01
2.377074339422755589e-01
2.375845415458180954e-01
2.374744482210587038e-01
2.373579092190923889e-01
2.372651529505823698e-01
2.371739322912401471e-01
2.370865386520732421e-01
2.370065057807168030e-01
2.369285271638099932e-01
2.368266726573215186e-01
2.367544925046414506e-01
2.366778136360065676e-01
2.365962265923042263e-01
2.365376073249197686e-01
2.364156542132339334e-01
2.363097282237337504e-01
2.361628331163574401e-01
2.360079651423307723e-01
2.358421997111381785e-01
2.356535479069493955e-01
2.354524847822103417e-01
2.352518610950143085e-01
2.350724338423255400e-01
2.349118697476460238e-01
2.347518559960504181e-01
2.346247421678798184e-01
2.345573825612201901e-01
2.345222440684706922e-01
2.344553879747872105e-01
2.344212179916213834e-01
2.344013604793003247e-01
2.344038996771500294e-01
2.344049194766401889e-01
2.344312503459024533e-01
2.344546690274282585e-01
2.344974786671484013e-01
2.345966166164467903e-01
2.347015266633182551e-01
2.348242411971375176e-01
2.348739155976891368e-01
2.348834232109893172e-01
2.348773144211070696e-01
2.348554580066176956e-01
2.348159526080648429e-01
2.347730553819196153e-01
2.347127162668682931e-01
2.346630714809485596e-01
2.346282026791587927e-01
2.346012824974241795e-01
2.345735759593746694e-01
2.345389964630142932e-01
2.345110034964527079e-01
2.344674292738131993e-01
2.344338897882632944e-01
2.344041583181234734e-01
2.343579092744424164e-01
2.342846477799798710e-01
2.341908945919220220e-01
2.341279241183366611e-01
2.340556244780908346e-01
2.339995627012556589e-01
2.339748930880718447e-01
2.339768495200157949e-01
2.339887931826767076e-01
2.339718528899686900e-01
2.339457786728504352e-01
2.338760851076057690e-01
2.338195322334295223e-01
2.337167736956268504e-01
2.336222680725445200e-01
2.335270967684797971e-01
2.334261515572062240e-01
2.333452836709153377e-01
2.332511033778776333e-01
2.331457783863474520e-01
2.330598619077242362e-01
2.329933793081965798e-01
2.329677871470879347e-01
2.329451448238935851e-01
2.329152944503920519e-01
2.328898183482480400e-01
2.328481899559874668e-01
2.327775626379414431e-01
2.327197167703516922e-01
2.326227216143290366e-01
2.325338607364292043e-01
2.324236699416910301e-01
2.323023425191502456e-01
2.321675576574413757e-01
2.320229680530109528e-01
2.318894682667463902e-01
2.317714769563821997e-01
2.316221413961692399e-01
2.314854315416412511e-01
2.313393528578656377e-01
2.312037148567689659e-01
2.310628935707433884e-01
2.309073423173525486e-01
2.307479019302531853e-01
2.305885755634060896e-01
2.304106792086929867e-01
2.302124037909452359e-01
2.300047778333091097e-01
2.297926611878025327e-01
2.295815645738538968e-01
2.293649294437003772e-01
2.291374262351050517e-01
2.289153002649019497e-01
2.286978911877222687e-01
2.284958864690351532e-01
2.283110336897734294e-01
2.281606346757712178e-01
2.280009644949053116e-01
2.278491342462999891e-01
2.276898474666481376e-01
2.275545446568487951e-01
2.274260387317844356e-01
2.273190123500122284e-01
2.272181318501105274e-01
2.271478996825508079e-01
2.270849553543483890e-01
2.270444900115150544e-01
2.270144415007755156e-01
2.269842731280557191e-01
2.269386381674255437e-01
2.268901246793026405e-01
2.268318954079698302e-01
2.267473051128685302e-01
2.266354195202887056e-01
2.265434451278108829e-01
2.264414106679899785e-01
2.263404876532268128e-01
2.262019049264036574e-01
2.260520304181901918e-01
2.258940178537414134e-01
2.257211878482200396e-01
2.255589429625850240e-01
2.254000832554351186e-01
2.252173528308459294e-01
2.250148140742130598e-01
2.248067458904146609e-01
2.245544537036561483e-01
2.242868082042173694e-01
2.240650454079169962e-01
2.238365275866949777e-01
2.236237175311355796e-01
2.233848193333046739e-01
2.231521384033489375e-01
2.229260534326863719e-01
2.227020285460051263e-01
2.224648765958271712e-01
2.222241462580974158e-01
2.219907694950234989e-01
2.217780043422609981e-01
2.215674306264494575e-01
2.213833294433943943e-01
2.212018241282162623e-01
2.210043829524115655e-01
2.208090388433602280e-01
2.206223186043760054e-01
2.204558098110140085e-01
2.203025996338750514e-01
2.201555609233311894e-01
2.200323245661642280e-01
2.198893500811491541e-01
2.197276267160711838e-01
2.195263751106907579e-01
2.193372868001088327e-01
2.191317166010911532e-01
2.189072449987648772e-01
2.186931579013114968e-01
2.184476997846803437e-01
2.182039356109162220e-01
2.179810775165860748e-01
2.177380410203044181e-01
2.175262145097318633e-01
2.172723624275788579e-01
2.170136650041868398e-01
2.167448516851983031e-01
2.164529964801374107e-01
2.161731898537084806e-01
2.158773336660425868e-01
2.155657679479238142e-01
2.152382949518279187e-01
2.148918210158776987e-01
2.145042835853871455e-01
2.141543964529829536e-01
2.138083468642952567e-01
2.134612815553837417e-01
2.131211476241459402e-01
2.127356122980907926e-01
2.123597481483207594e-01
2.119918325981380580e-01
2.116221005827735036e-01
2.112439924019139936e-01
2.108674600331149618e-01
2.105132656544364267e-01
2.101741353852901173e-01
2.098266384682388463e-01
2.095077778863859708e-01
2.092065007360185691e-01
2.088994025404292965e-01
2.086001951841754132e-01
2.082797601399548615e-01
2.079646367469712709e-01
2.076778222011519681e-01
2.073789285148091577e-01
2.070697203136932785e-01
2.067672771169860313e-01
2.064246131232509440e-01
2.060938767861096033e-01
2.057519452138570626e-01
2.053923914541237739e-01
2.050517323190609587e-01
2.046834925660941384e-01
2.043252922458673182e-01
2.039423363372349918e-01
2.035716699362554727e-01
2.031949321563494004e-01
2.028073552799614376e-01
2.024282319662521201e-01
2.020232912740725362e-01
2.016212410977665515e-01
2.011985525995055035e-01
2.008158560626714939e-01
2.004257770775205172e-01
2.000685828179581127e-01
1.997067931233641735e-01
1.993744781921714115e-01
1.990351660264663425e-01
1.986964727055292868e-01
1.983463159127739350e-01
1.979749169979393708e-01
1.976473948553952864e-01
1.973160746426485812e-01
1.969967540301976183e-01
1.966560396628174723e-01
1.963054126522151277e-01
1.959372113781424063e-01
1.955629573932599896e-01
1.951633646124428245e-01
1.947836893882004816e-01
1.944193113627867286e-01
1.940594354327632720e-01
1.937287298796680768e-01
1.933957511962335896e-01
1.930690915176776212e-01
1.927571547476227276e-01
1.924518971325692163e-01
1.921578658400783790e-01
1.918530558660703489e-01
1.915273825802484009e-01
1.912078490578683065e-01
1.909175537102881515e-01
1.906206008169219479e-01
1.903396030523604177e-01
1.900702718327717533e-01
1.897807287304210111e-01
1.895110837571964690e-01
1.892541672223779226e-01
1.889731101113923950e-01
1.886853512813711775e-01
1.883779352805062535e-01
1.880541865335548513e-01
1.877283564210077138e-01
1.873784168776136405e-01
1.870278080302290591e-01
1.867084707974041302e-01
1.864035984797899614e-01
1.860776718388281459e-01
1.857484554003089039e-01
1.854085443592486948e-01
1.851080652686040717e-01
1.847959665267509544e-01
1.845087631500866854e-01
1.842384346693305697e-01
1.839970981934351824e-01
1.837638835843304619e-01
1.834967154284512791e-01
1.832171704732075135e-01
1.829130306192417454e-01
1.825955243565166863e-01
1.822969728857084526e-01
1.820453374104457067e-01
1.817789398688925140e-01
1.814902984572578648e-01
1.811820850714011000e-01
1.808551730050311501e-01
1.805078738046838327e-01
1.801399447799662268e-01
1.797746400724952731e-01
1.794074416146076711e-01
1.790029656319341300e-01
1.785960300354162977e-01
1.781562606439664742e-01
1.777084219879030702e-01
1.772663024395690068e-01
1.768233216476307323e-01
1.764083056177345732e-01
1.759829949344550448e-01
1.755529034820067225e-01
1.751108372049948458e-01
1.746753232046082127e-01
1.742356141022591287e-01
1.737849545185706779e-01
1.732877344448233436e-01
1.727967460721972770e-01
1.723396146749091307e-01
1.718690967261649882e-01
1.714312798920352154e-01
1.709774508480136901e-01
1.705050879212266224e-01
1.700501775457858022e-01
1.696204482082348253e-01
1.692264485838217702e-01
1.688691294514960417e-01
1.685275651028277366e-01
1.681823406750299066e-01
1.678330109185026953e-01
1.674664056544678536e-01
1.671363944174207583e-01
1.667893565464257100e-01
1.664587990474554191e-01
4.000030787336368854e-01
4.000030947498000033e-01
4.023004995599355205e-01
4.026391705142758903e-01
4.029006970899224327e-01
4.031246797768570644e-01
4.033593963153927486e-01
4.035549785104057818e-01
4.037367397617241394e-01
4.039429707210158149e-01
4.042191564141729421e-01
4.044724178421411076e-01
4.047097784385862429e-01
4.049819733513019826e-01
4.052143464472062750e-01
4.055244058746544922e-01
4.058421788790613771e-01
4.060791283426232745e-01
4.062894311564090311e-01
4.065021145246906498e-01
4.067403196818810129e-01
4.069322037944189674e-01
4.071702274883176598e-01
4.073889839632034993e-01
4.076257467240377852e-01
4.078026101688805860e-01
4.079651545951922254e-01
4.082113761773085159e-01
4.084186409560338071e-01
4.085867369443769714e-01
4.087904093187014753e-01
4.090033515083456028e-01
4.092731464402968311e-01
4.095511203839426462e-01
4.097361850143420026e-01
4.099191527954892389e-01
4.101062585957857554e-01
4.102900973751053004e-01
4.105659820017588113e-01
4.107790642308451479e-01
4.110218516620575135e-01
4.112822889884293898e-01
4.116145478890376186e-01
4.119364795877683560e-01
4.122526236432083602e-01
4.125592574521524947e-01
4.128949846776900356e-01
4.132090095196411239e-01
4.135001296283273287e-01
4.138347737507999113e-01
4.141620685994293338e-01
4.144628025724374498e-01
4.147837374462398086e-01
4.151313548341717397e-01
4.154508950558560287e-01
4.158411878012397977e-01
4.163032405402470881e-01
4.167403418442515717e-01
4.171884927775095231e-01
4.176260165843700967e-01
4.180819087053684879e-01
4.185107510640815875e-01
4.189244869436111740e-01
4.193599359497790502e-01
4.197698572277663853e-01
4.201487807195516400e-01
4.205227775024051873e-01
4.208897397976244514e-01
4.212835422022843668e-01
4.216436995916666430e-01
4.220145150889432206e-01
4.223175522797604775e-01
4.225625540977316352e-01
4.227677002422650654e-01
4.229755763981676298e-01
4.231666935960177733e-01
4.234536523631055593e-01
4.238223086735934397e-01
4.242021105039572304e-01
4.246225332948990183e-01
4.251231445907449058e-01
4.255723479555801325e-01
4.260846776738833608e-01
4.265187005842873691e-01
4.269451589986437146e-01
4.274092005068605982e-01
4.279054084460628404e-01
4.283341782399637254e-01
4.286997329312410843e-01
4.290703934609766956e-01
4.293973291718756746e-01
4.296940825062975366e-01
4.300001318046456911e-01
4.302080909399104702e-01
4.303807287654405345e-01
4.305397756093969908e-01
4.306950087270109417e-01
4.308173497061812407e-01
4.308952854864575022e-01
4.309176606054673786e-01
4.308853870581686452e-01
4.308223674747634901e-01
4.308843297562485186e-01
4.309647271058226758e-01
4.310034596148846764e-01
4.310595753760639859e-01
4.311633952696800054e-01
4.312589997856583479e-01
4.315015234404286915e-01
4.317953427264646926e-01
4.319644867567765112e-01
4.323859072319367058e-01
4.328154094216615788e-01
4.332484454292235831e-01
4.334619262117768157e-01
4.368341401217494258e-01
4.286049188704729729e-01
4.284076651898228172e-01
4.278987911317862491e-01
4.276601384595294930e-01
4.274573497667876198e-01
4.272168463247685843e-01
4.269556388495203691e-01
4.267538193423332515e-01
4.265939805638202520e-01
4.264211248720338188e-01
4.262191765090589390e-01
4.259717264430932793e-01
4.257416830101709015e-01
4.255036773416003837e-01
4.253021735608087939e-01
4.250632538582727049e-01
4.248408100372447205e-01
4.246021640654330520e-01
4.243845999646687073e-01
4.242294819298931263e-01
4.240491142940058800e-01
4.238464984695445859e-01
4.236810076219444943e-01
4.235207204807686643e-01
4.233941598105137594e-01
4.232797287736811964e-01
4.231996064211330233e-01
4.231436310390299105e-01
4.230812680228603906e-01
4.230242931219042601e-01
4.229360180585631790e-01
4.228417506538242887e-01
4.227486584072744913e-01
4.226269580858157404e-01
4.224845501231282996e-01
4.223649763719176664e-01
4.222682108582387350e-01
4.221538032521966466e-01
4.220170700945426456e-01
4.219095485107164922e-01
4.218356210589684352e-01
4.218023559668144240e-01
4.218148586589115512e-01
4.218506817323823266e-01
4.218848787880063456e-01
4.219306370485830793e-01
4.219674919649681888e-01
4.220239381973661108e-01
4.220892908715822567e-01
4.221448238308652123e-01
4.222572839621697161e-01
4.223381223071299151e-01
4.223770830416322397e-01
4.224206109960919608e-01
4.224708481402411064e-01
4.225232670883711239e-01
4.225550707854490162e-01
4.225828108658501447e-01
4.226052388913949520e-01
4.226725608420437985e-01
4.227648509687453870e-01
4.228049176191630565e-01
4.227952358300689495e-01
4.227599260066062237e-01
4.227950418520450282e-01
4.228082771236599813e-01
4.227982553034262958e-01
4.227622241465794906e-01
4.227499130470790956e-01
4.227380847527005270e-01
4.227133409246024986e-01
4.226817755354318473e-01
4.226496022955527065e-01
4.225927450211583447e-01
4.225017177700171045e-01
4.224050658947605119e-01
4.222694969103175100e-01
4.221286689482625643e-01
4.219729224745625840e-01
4.218404776279795487e-01
4.216675873195681601e-01
4.214730605738856717e-01
4.212562045235216934e-01
4.210504329703875226e-01
4.208698227368156686e-01
4.206777921155242517e-01
4.204829227329366370e-01
4.203147638735470482e-01
4.201781050515726590e-01
4.200629479626896146e-01
4.199658782313503980e-01
4.198832074948945503e-01
4.198216431453053454e-01
4.197686182513722386e-01
4.196896480374739946e-01
4.196626277344415179e-01
4.196642385197469349e-01
4.196702926690863977e-01
4.196633793210704511e-01
4.196558541919601093e-01
4.196591641464018640e-01
4.196700904620860872e-01
4.196655755459561821e-01
4.196508460159059650e-01
4.196300862270536669e-01
4.196091774055663026e-01
4.195924956748593448e-01
4.196069051333790600e-01
4.195860343512147761e-01
4.195828417522769471e-01
4.195750445051606436e-01
4.195731708965019791e-01
4.195455256363904706e-01
4.195190445120814404e-01
4.195079654220391641e-01
4.195252897240910328e-01
4.195358767280439882e-01
4.195241198454794374e-01
4.195175759786404224e-01
4.200271289390845597e-01
4.207870670868335550e-01
4.215757876397533965e-01
4.222105969277261672e-01
4.227513012127541159e-01
4.236884354859745683e-01
4.246149088363240787e-01
4.255260856335740804e-01
4.269797636441860500e-01
4.268337231823186029e-01
4.266476950954450897e-01
4.268736885819337523e-01
4.269324715123296587e-01
4.271495054480574649e-01
4.274965206430760278e-01
4.267769847422857032e-01
4.264705997501037626e-01
4.261649685819708377e-01
4.258521173972817375e-01
4.255597952583846655e-01
4.259806809535402472e-01
4.264354695249656935e-01
4.268986415354195096e-01
4.253434904973218411e-01
4.248811888440692797e-01
4.243729307926401573e-01
4.238197800568547224e-01
4.232435536998193637e-01
4.226172490454512265e-01
4.219704608175417482e-01
4.213191164867852723e-01
4.206593735303848502e-01
4.199714603654004508e-01
4.192436642146701309e-01
4.184950789064018073e-01
4.177609605478186383e-01
4.169704413014148625e-01
4.161731585394153887e-01
4.153378535996091747e-01
4.144771914049865669e-01
4.135936905640966721e-01
4.126568137646615675e-01
4.117638244995680541e-01
4.108061896995763851e-01
4.098307753034577394e-01
4.088423008667636527e-01
4.078581810865231638e-01
4.068800187591745665e-01
4.059267444749066200e-01
4.050345298563800545e-01
4.041360995778905396e-01
4.032357928599499264e-01
4.023342085754622044e-01
4.013802423300140698e-01
4.004847377332438341e-01
3.995252356242724456e-01
3.985791882476338310e-01
3.976347345515875986e-01
3.966427415462066564e-01
3.956318585001106225e-01
3.945857540634596927e-01
3.935465581516685019e-01
3.924821435621998478e-01
3.914064840517086918e-01
3.903044048100500762e-01
3.892397381253215327e-01
3.881885246001293699e-01
3.871263040815683398e-01
3.860441344214994852e-01
3.848847101677685956e-01
3.837098971610173326e-01
3.825798249704615017e-01
3.813902648045793820e-01
3.801508010588894870e-01
3.789166360299722203e-01
3.776698670817076886e-01
3.764323234140167784e-01
3.751788617219404265e-01
3.739633856399879885e-01
3.727967172452832378e-01
3.716051630330944322e-01
3.704182424702769372e-01
3.691844459894906283e-01
3.679957383370950907e-01
3.667340379383913218e-01
3.654839390097596175e-01
3.642935272687011783e-01
3.630856622061827688e-01
3.619021536297486463e-01
3.607150498396761162e-01
3.595523851048392228e-01
3.584319503996566403e-01
3.572642134540722214e-01
3.561144359080545829e-01
3.549773916988105404e-01
3.538172276247723014e-01
3.526738782371620640e-01
3.514882955646395635e-01
3.503247297629527579e-01
3.491419861208416853e-01
3.479489409764199848e-01
3.467420859740493189e-01
3.456146130373773939e-01
3.445704169929096894e-01
3.434454278721075227e-01
3.422721070405744248e-01
3.410475595862901832e-01
3.398220761596665862e-01
3.385612188920950616e-01
3.372815031148938547e-01
3.360264254732382438e-01
3.347961276104934880e-01
3.335830633625320174e-01
3.323158430738859526e-01
3.310550105695008183e-01
3.298331002762819875e-01
3.286096193941078769e-01
3.273824829081842802e-01
3.261345959278853512e-01
3.249132200572324436e-01
3.236120493824565791e-01
3.223179087942428245e-01
3.209462105292469891e-01
3.204541181874812072e-01
3.216255493321152903e-01
3.228087340734272503e-01
3.240676258122040521e-01
3.253149200172815725e-01
3.265497370169110902e-01
3.278066566326375830e-01
3.290693255452229460e-01
3.303759345320157470e-01
3.317464569959784892e-01
3.331294095560358715e-01
3.345234090931995530e-01
3.359218350368295414e-01
3.373262906940551753e-01
3.387269874653769941e-01
3.401601656009884955e-01
3.416250677838229555e-01
3.430116859669614660e-01
3.443864402834282412e-01
3.457753282339344758e-01
3.470613895545778815e-01
3.483684824605625119e-01
3.496623814947277253e-01
3.509349728861709816e-01
3.522109775257326048e-01
3.534902057615930127e-01
3.547210521692081842e-01
3.559727257431136715e-01
3.572243089919077130e-01
3.584172309205402307e-01
3.596022792401648571e-01
3.608330798371969794e-01
3.621305608690256195e-01
3.634683406304418662e-01
3.648179891413119713e-01
3.661817154545968789e-01
3.675857570044984146e-01
3.689878323722770026e-01
3.703620316657703637e-01
3.717333947978224140e-01
3.730909624211134479e-01
3.744798125241096121e-01
3.759233818964189955e-01
3.773429350995972653e-01
3.787814038046157239e-01
3.801906860591663384e-01
3.815913939130916588e-01
3.829687779646799295e-01
3.843018202613120438e-01
3.856302883399062575e-01
3.869246550090828518e-01
3.881959027861716649e-01
3.894897065433930994e-01
3.906709825947639603e-01
3.919459221300352625e-01
3.918508224229216297e-01
3.922506807409543717e-01
3.930243953001328894e-01
3.942489411040377423e-01
3.934601824150039673e-01
3.927802774613893266e-01
3.919225811063267173e-01
3.915448445273765898e-01
3.906701796407892613e-01
3.897695409312500470e-01
3.893046674003564633e-01
3.897979144235604876e-01
3.905086004196333116e-01
3.913423812663285872e-01
3.907734288571398928e-01
3.900717232990135730e-01
3.890942310250208869e-01
3.883233104186906148e-01
3.888050544030905997e-01
3.893939098206580796e-01
3.898205877127757235e-01
3.911034074157036522e-01
3.905603291009600575e-01
3.911559730012005853e-01
3.918890082021845300e-01
3.914133753792431447e-01
3.925572389078975100e-01
3.935637234006609808e-01
3.949259760365236849e-01
3.952654262450642775e-01
3.950032496905460100e-01
3.956367513711503969e-01
3.952661538509736894e-01
3.962603712387066657e-01
3.958072336635863886e-01
3.962909711859843864e-01
3.971120653243080945e-01
3.971623916054924930e-01
3.970701599191915343e-01
3.982143666407282900e-01
3.995616572324249827e-01
4.008770075093912033e-01
4.006175227685086493e-01
4.000360063166941149e-01
3.997859478628235097e-01
3.992711037556641585e-01
3.985892323916096491e-01
3.979831028049818364e-01
3.972376912832057960e-01
3.965205336029828387e-01
3.961983801900856861e-01
3.956586030237722040e-01
3.958965736593486051e-01
3.953117877403573011e-01
3.953806828951735297e-01
3.947625939103907022e-01
3.948531103197504555e-01
3.946887363029051299e-01
3.942565507731117247e-01
3.939771468560278045e-01
3.934412448406392482e-01
3.943294355016521702e-01
3.956390284805739177e-01
3.968473983408364325e-01
3.981480799097031897e-01
3.990539366063785010e-01
3.988974302712045006e-01
3.985791905338793017e-01
3.986135110570863116e-01
3.981508758872691067e-01
3.976449866010320355e-01
3.983309445788507097e-01
3.994689326434909815e-01
4.008023946290329986e-01
4.021806654950712545e-01
4.033026563228404582e-01
4.029258993532096600e-01
4.035813645189301191e-01
4.032090254611722657e-01
4.040360359645262522e-01
4.034676365518397589e-01
4.029036290679137711e-01
4.028165115453403722e-01
4.023382803476034941e-01
4.026146243340959496e-01
4.027094977827962441e-01
4.041605234682323911e-01
4.048990672931288004e-01
4.062327646535405234e-01
4.076534078741925193e-01
4.089882083449310479e-01
4.087163616554197465e-01
4.096757152117884160e-01
4.109295600177802488e-01
4.122526524161381212e-01
4.133041033526157482e-01
4.134226470444592461e-01
4.146891519562919681e-01
4.158684698882205710e-01
4.169419696092590000e-01
4.177250854160796112e-01
4.187423701009862498e-01
4.183322756843699808e-01
4.179784373270142295e-01
4.176895756262141712e-01
4.175889342059556086e-01
4.182360372839916685e-01
4.193678079607531806e-01
4.204734238167567861e-01
4.215016302228513645e-01
4.226061772342359912e-01
4.236566528951360433e-01
4.246909008100776539e-01
4.256892349855643798e-01
4.266644778431142870e-01
4.276376529619136391e-01
4.286024580136781892e-01
4.295442798041907428e-01
4.304834425454635016e-01
4.313936479709626903e-01
4.322311737557188449e-01
4.330795576496909716e-01
4.333024086774482364e-01
4.338435907969633853e-01
4.335418496309681458e-01
4.336619741642813164e-01
4.333095008731570053e-01
4.329799207425889529e-01
4.327112534831065727e-01
4.323618282893468279e-01
4.320112807617431105e-01
4.317120939062272233e-01
4.317417278624174348e-01
4.314156109519763915e-01
4.310795865098898672e-01
4.307481513157844777e-01
4.303756552206794428e-01
4.301641874669163701e-01
4.308211285325869166e-01
4.315487573350006989e-01
4.323651899067251225e-01
4.331680497943123931e-01
4.339987246881468197e-01
4.348113919269497862e-01
4.356114238437259201e-01
4.363880202796717733e-01
4.371416598242954255e-01
4.378777769790033192e-01
4.385843194911159260e-01
4.393012921836508822e-01
4.399980088922374466e-01
4.406935596643253295e-01
4.413837710022215366e-01
4.420537841083034825e-01
4.427167187542274118e-01
4.433639510701865571e-01
4.440064108596769032e-01
4.446544206968007229e-01
4.452861969190096136e-01
4.458779202252906027e-01
4.464522140303573416e-01
4.470238527647765192e-01
4.475766170443467584e-01
4.481044634444846797e-01
4.486015963112116589e-01
4.490616428658938397e-01
4.495135126893536337e-01
4.499460226561958209e-01
4.503596167052520416e-01
4.507364301790915406e-01
4.511180275679370633e-01
4.514889155419720135e-01
4.518514650316478032e-01
4.522047332241532214e-01
4.525578641574313776e-01
4.529084745358316622e-01
4.532414989602505662e-01
4.535643535967268103e-01
4.538715555309928984e-01
4.541665986566923441e-01
4.544400592711897446e-01
4.546942640054028595e-01
4.549292697041920075e-01
4.551550627187754827e-01
4.553555143677122108e-01
4.555299027307365134e-01
4.556870283920765874e-01
4.558278855012004582e-01
4.559506374536390072e-01
4.560612243986369996e-01
4.561585818922315183e-01
4.562421880135601460e-01
4.563105632676641710e-01
4.563627295242726478e-01
4.564032991125063221e-01
4.564303831673904299e-01
4.564445338200550650e-01
4.564469288312517081e-01
4.564369741023259208e-01
4.564153613783323293e-01
4.563815196763594262e-01
4.563383220887115010e-01
4.562878546793460721e-01
4.562300326456104060e-01
4.561681653275886927e-01
4.560992733243563468e-01
4.560196577404700413e-01
4.559288769513194506e-01
4.558496638874546258e-01
4.557422716813380181e-01
4.556320381004543840e-01
4.555758516758117160e-01
4.555344315796224230e-01
4.554196437589502211e-01
4.554367615342225228e-01
4.555107615650074160e-01
4.555935170908634313e-01
4.556765588189157778e-01
4.557653741318533624e-01
4.558562286799140439e-01
4.559443196256598441e-01
4.560354260445675934e-01
4.560034203409323861e-01
4.559052514203392192e-01
4.556980095333718062e-01
4.554795120289610311e-01
4.552845970526930297e-01
4.550595330316015708e-01
4.548975116398175089e-01
4.549763556135137943e-01
4.550439901867058268e-01
4.551818106768637517e-01
4.553142934708432898e-01
4.551262493542218013e-01
4.549759300375670334e-01
4.550916698763284307e-01
4.548326892038127567e-01
4.549403119433856890e-01
4.547991999927769591e-01
4.549065702665790467e-01
4.550532791392921661e-01
4.552526600625640962e-01
4.554552499442088842e-01
4.555910875503372259e-01
4.557556435319246591e-01
4.558564761445039748e-01
4.560547721797594267e-01
4.559695669020076281e-01
4.558251788810374627e-01
4.560090802817401423e-01
4.556676346837471581e-01
4.553040785679628999e-01
4.555230482676521642e-01
4.556550400728445749e-01
4.555782518471296894e-01
4.557468657739061624e-01
4.553541333568522642e-01
4.549595782510710840e-01
4.546369265930111370e-01
4.542590567848803773e-01
4.544027907232833785e-01
4.545070798062399442e-01
4.544559847765424210e-01
4.546930458225081906e-01
4.545703817422357962e-01
4.548078802497200757e-01
4.545255753280507682e-01
4.540227523463852832e-01
4.542344680366289245e-01
4.543958534472657407e-01
4.545981026768455835e-01
4.548625787235392459e-01
4.551364069973490856e-01
4.553938316596564118e-01
4.556708416609430712e-01
4.559554368414422965e-01
4.562552276477445656e-01
4.565646656379523383e-01
4.568589931132908677e-01
4.571782296301579729e-01
4.574897273658021790e-01
4.577975065679993905e-01
4.580902001868709106e-01
4.583792353871523062e-01
4.586707007162455496e-01
4.589482716534916684e-01
4.592381073320664919e-01
4.595367951283005903e-01
4.598313410914580124e-01
4.601189080836879941e-01
4.603914297335471861e-01
4.606702017464856524e-01
4.601091928086852856e-01
4.594877861217136483e-01
4.587370030385126141e-01
4.579843268931818034e-01
4.572166402202867963e-01
4.564280827908152594e-01
4.556381181765532529e-01
4.548186700509109226e-01
4.539821287865766775e-01
4.531371452388907595e-01
4.522964622842334248e-01
4.514526130658827463e-01
4.505665061801553128e-01
4.496876776405967502e-01
4.487927787383196865e-01
4.478727194214228158e-01
4.469472139088324081e-01
4.460173184966609305e-01
4.450625149505725853e-01
4.440815902844170715e-01
4.431079110696162782e-01
4.421364985584966267e-01
4.411649440958812507e-01
4.401557795571036102e-01
4.391019449519070750e-01
4.380244456595889235e-01
4.369112801828188841e-01
4.357838106913218268e-01
4.346426228510580914e-01
4.334704594019861967e-01
4.322648109452659759e-01
4.310562926114113735e-01
4.298310996100843107e-01
4.285869808364548006e-01
4.273302627675985010e-01
4.260567503839995940e-01
4.247364350134926192e-01
4.234214873432822768e-01
4.221022273558724391e-01
4.207856605959556240e-01
4.194618268612575473e-01
4.181077845417411343e-01
4.167625047214597034e-01
4.154172320191518164e-01
4.140119819673270807e-01
4.125836135051975107e-01
4.111282783858759560e-01
4.096859379885469110e-01
4.082073429537561582e-01
4.067371101889461493e-01
4.053121402804037987e-01
4.038747661109762799e-01
4.024348922420466490e-01
4.010258690492182754e-01
3.995732936700640558e-01
3.980908390942222153e-01
3.965621026503045043e-01
3.950011164819093867e-01
3.934173542547349522e-01
3.918190809339678893e-01
3.902248035681921690e-01
3.886185244043808829e-01
3.870365131577205298e-01
3.854577200752759003e-01
3.842403194741093042e-01
3.846255930953852986e-01
3.850372772913661090e-01
3.854324287781626945e-01
3.857880185076899560e-01
3.861595452963432762e-01
3.865388338753941166e-01
3.869015335977200598e-01
3.873257154614012099e-01
3.877737667891572038e-01
3.882696288213811631e-01
3.887465699637430716e-01
3.891961549539876830e-01
3.896544277230655773e-01
3.901367607705795715e-01
3.906254832946058353e-01
3.911329395548855947e-01
3.916207095842361707e-01
3.921286934809717351e-01
3.926269242259500802e-01
3.931463038480940697e-01
3.936549898917310886e-01
3.941374798422518366e-01
3.946339429264750787e-01
3.951448454898982554e-01
3.956214355393835591e-01
3.960528328611546689e-01
3.964855979607857517e-01
3.969378701061471726e-01
3.973759347286363042e-01
3.977949999318538543e-01
3.982168221144908316e-01
3.986346921833143209e-01
3.989965503557617033e-01
3.993979732582217945e-01
3.998103055268759087e-01
4.001819054133019526e-01
4.005565723477776396e-01
4.009442300667180326e-01
4.013348146351692347e-01
4.016650212974171574e-01
4.019848448064011204e-01
4.023244048644807336e-01
4.027060432969820081e-01
4.030656309969524731e-01
4.033826527781342874e-01
4.037091083898938781e-01
4.040525992601493588e-01
4.043560813267847442e-01
4.046295732970083825e-01
4.049125900888081997e-01
4.052278356444737328e-01
4.055713815866898164e-01
4.058655083655408613e-01
4.061257755449829143e-01
4.063623086431475961e-01
4.066377897349837123e-01
4.068566899716333785e-01
4.071187587851966549e-01
4.074080142095146129e-01
4.076860849819967658e-01
4.079787800520494612e-01
4.082636314452459669e-01
4.085164880401498388e-01
4.087688559701155855e-01
4.090554337921397110e-01
4.093661605150646365e-01
4.096816032298767341e-01
4.099820383852888495e-01
4.102126517368046010e-01
4.104363637772792117e-01
4.106608712242184600e-01
4.108438396447718355e-01
4.110649969989916830e-01
4.112891514413926641e-01
4.115084541792161099e-01
4.117421544366498543e-01
4.120033561142511513e-01
4.122235460859833833e-01
4.124743590561869566e-01
4.126898841912652882e-01
4.129267684105195624e-01
4.131506099241168406e-01
4.133345351260627187e-01
4.135317688577552220e-01
4.137601628775925411e-01
4.140033700582460008e-01
4.142628762377837948e-01
4.145620746021296821e-01
4.149170185070537031e-01
4.152057161311044631e-01
4.154590583451841512e-01
4.157035610111853852e-01
4.159216684787415130e-01
4.161587261411736072e-01
4.163955939860954913e-01
4.166231658480332167e-01
4.168694440768800913e-01
4.171005452286425941e-01
4.173446199348706531e-01
4.175983158379571458e-01
4.178522719087436887e-01
4.181080638192222754e-01
4.183411553486127699e-01
4.186444935870805573e-01
4.189446363677278296e-01
4.190015733095811545e-01
4.180084323712884853e-01
4.172188246753198437e-01
4.166386740559129831e-01
4.153806759840178442e-01
4.144008743076058043e-01
4.127293490843539359e-01
4.128437843000805074e-01
4.130437645988598305e-01
4.132725752545575171e-01
4.135135753587565466e-01
4.138073687789457500e-01
4.140558943027504157e-01
4.142648297930557888e-01
4.144810006177570560e-01
4.147080237610178965e-01
4.149076092995062637e-01
4.150711581606670864e-01
4.152296570835488643e-01
4.153394478087444885e-01
4.153897446511282676e-01
4.154609857814240970e-01
4.154791891935378234e-01
4.155175908749235147e-01
4.155422805915972018e-01
4.156311058096708311e-01
4.157035628330426613e-01
4.158099600435770649e-01
4.159719586987115081e-01
4.159096872271291767e-01
4.157881654840087648e-01
4.157885637861427064e-01
4.142561459374273780e-01
4.123230136814527991e-01
4.103159366829432497e-01
4.081223674927356160e-01
4.059106924484747192e-01
4.036998795908602888e-01
4.020505469281342448e-01
3.999129096498204583e-01
3.976269801437227747e-01
3.966727949682966048e-01
3.943704664888798561e-01
3.920891269915813826e-01
3.898158092830696364e-01
3.875750043794082833e-01
3.852575033221708467e-01
3.836762250706596822e-01
3.813596868929097217e-01
3.804001913185937611e-01
3.784185818644800747e-01
3.761807140059668098e-01
3.751569188131231303e-01
3.749651765869730924e-01
3.745113053116161383e-01
3.742658068359779877e-01
3.727210185568408662e-01
3.723365460182482822e-01
3.699648322733477546e-01
3.687794632752191548e-01
3.673988878052066864e-01
3.672765623552664005e-01
3.670145356349859278e-01
3.668735389195537655e-01
3.667267450603827750e-01
3.665565773295726970e-01
3.663801679428996816e-01
3.661489636878514364e-01
3.659776522812471788e-01
3.658214838494249777e-01
3.654582008919977643e-01
3.632843855171822289e-01
3.623337164336339900e-01
3.599209594553881564e-01
3.593880336807032116e-01
3.591800530095181077e-01
3.589323174176282660e-01
3.587015553735356521e-01
3.583027676080912660e-01
3.580223190828533686e-01
3.575700529822155582e-01
3.572555353430169611e-01
3.566379850058456480e-01
3.553215063859407885e-01
3.541329735239201471e-01
3.516164717714745369e-01
3.490952465704708629e-01
3.465742338886992346e-01
3.440534306373003726e-01
3.415327325386404156e-01
3.390121097164210395e-01
3.364915384367911377e-01
3.340156913672548966e-01
3.328659458311176711e-01
3.324517659652113655e-01
3.318518782710416226e-01
3.309934583220693338e-01
3.305986502172038599e-01
3.302581469469668130e-01
3.298870211817254150e-01
3.291597301997564728e-01
3.288556977495218359e-01
3.284817749527628172e-01
3.281267895112549016e-01
3.278285742195831687e-01
3.275117053008471113e-01
3.272438802581306150e-01
3.269947712288468478e-01
3.265879320535171049e-01
3.263810754314495632e-01
3.261215235996097195e-01
3.258439502739490234e-01
3.256391172454231042e-01
3.254339712256403838e-01
3.252410119200636052e-01
3.249878138862863919e-01
3.239657964356293940e-01
3.233156226234289998e-01
3.211636783327258549e-01
3.192512512847694994e-01
3.185871279954314850e-01
3.173205691231504866e-01
3.170340620634486961e-01
3.167614626333599137e-01
3.165223789589265424e-01
3.162476408516059490e-01
3.159895240273724593e-01
3.157224307089060433e-01
3.155118530341821659e-01
3.153095191584286416e-01
3.151154684017559715e-01
3.149455193363772665e-01
3.146112032918387258e-01
3.144758148432865164e-01
3.143817005787330476e-01
3.137585803306346399e-01
3.133765861208765990e-01
3.131385255993773264e-01
3.109447956661227086e-01
3.101966156361684046e-01
3.080518885228318293e-01
3.059008707859647846e-01
3.046859206333116799e-01
3.024884301624942706e-01
3.002784810976645291e-01
2.980463346539398151e-01
2.958325483676263468e-01
2.936576861373582092e-01
2.915222691050760040e-01
2.893754752513057471e-01
2.872234511565048276e-01
2.850788619326195539e-01
2.829651558726654081e-01
2.808753686230395785e-01
2.787954259388042422e-01
2.767256180374281782e-01
2.746634430020437057e-01
2.726082944378808159e-01
2.705649607786259625e-01
2.685204061106491458e-01
2.664994638430149831e-01
2.644719192914888328e-01
2.624529526194012696e-01
2.604397944008912669e-01
2.584239766826302298e-01
2.564267395039738773e-01
2.544436637281429214e-01
2.524321242447091773e-01
2.504298073655371604e-01
2.484583644837713157e-01
2.464604211936661515e-01
2.444657857614775109e-01
2.424813980975775440e-01
2.404944359376922081e-01
2.385061822463266645e-01
2.365369404453067925e-01
2.345683780274739338e-01
2.326084155354665728e-01
2.306613460417294426e-01
2.287320248634702458e-01
2.267829822413197360e-01
2.248252659287170163e-01
2.228570702212850640e-01
2.208951179764050976e-01
2.189079254737911207e-01
2.169037168707338425e-01
2.148970799259941888e-01
2.128705867440940647e-01
2.108435894123576182e-01
2.088161697602141098e-01
2.068395318499610946e-01
2.048824409817841530e-01
2.039032613520234405e-01
2.038153353549822244e-01
2.037629061554049603e-01
2.037648265056944963e-01
2.037746471178599472e-01
2.038295120513153591e-01
2.039044814694765118e-01
2.040265345859754165e-01
2.041208759473648049e-01
2.042525005302261165e-01
2.044178115666928364e-01
2.045945271850840852e-01
2.047427034693661552e-01
2.048599454848639145e-01
2.049690048087720595e-01
2.050887066589566488e-01
2.052256508814765124e-01
2.053697742850560670e-01
2.054633701313580141e-01
2.055280609139008841e-01
2.055845823281048090e-01
2.056457357616945647e-01
2.057186735215234541e-01
2.058053719511480917e-01
2.059179003930093621e-01
2.060518265948166061e-01
2.062054550347106052e-01
2.063961175905369982e-01
2.065874100330065966e-01
2.067401550933112286e-01
2.069246949951716041e-01
2.071387817282541177e-01
2.071820706831165870e-01
2.068146201276109541e-01
2.069051944046163272e-01
2.065309287364461288e-01
2.054924468306500440e-01
2.045046717750351184e-01
2.047687548242073940e-01
2.048013134473491981e-01
2.048812017282325426e-01
2.043950002028541713e-01
2.041955003218383635e-01
2.034347331303670570e-01
2.027230459480842406e-01
2.019309786414174579e-01
2.011863142628592949e-01
2.014085483575183411e-01
2.010205553902310593e-01
2.010565320644720766e-01
2.007180726848243890e-01
2.001516677890600171e-01
1.998906899196938314e-01
1.999673755270575670e-01
1.994810221309992471e-01
1.997098830325109986e-01
1.994534356260903307e-01
1.990715813204063100e-01
1.986596126100560467e-01
1.982516386136265185e-01
1.978474870015320963e-01
1.974881521179513433e-01
1.972152575885821602e-01
1.970893328099791175e-01
1.967914489804510059e-01
1.965805722444551040e-01
1.963179683817901644e-01
1.960807410914099935e-01
1.958680125925181537e-01
1.956720043576764267e-01
1.954963108515625769e-01
1.953358978184427941e-01
1.951981665332723215e-01
1.950787644818679500e-01
1.949773239904815658e-01
1.948933192265580039e-01
1.948247373146169414e-01
1.947745822739946064e-01
1.947380423157388518e-01
1.947163493337534801e-01
1.947067760643030054e-01
1.947119118017190120e-01
1.947331925106357553e-01
1.947721194462635752e-01
1.948313367365084314e-01
1.949091594630887880e-01
1.950030370118644996e-01
1.951126119261847314e-01
1.952359768439376198e-01
1.953699263491772142e-01
1.955126407517822906e-01
1.956629312990628700e-01
1.958270555675778180e-01
1.960074231400431854e-01
1.961933375229596710e-01
1.963865073066595746e-01
1.965892443931141209e-01
1.967995916241483123e-01
1.970259216603489072e-01
1.972683239457188875e-01
1.974969334750634742e-01
1.976561772089486524e-01
1.976748059986136175e-01
1.975960352601826286e-01
1.974951982364836212e-01
1.973911797926883593e-01
1.972935134001753410e-01
1.971910001915012922e-01
1.970901884860756792e-01
1.969937534709492732e-01
1.968968302671038340e-01
1.967989341436715001e-01
1.967045913157378090e-01
1.966027735153132727e-01
1.965061736010702276e-01
1.964284581454097678e-01
1.968948139876437742e-01
1.973675895807602276e-01
1.978527420929368785e-01
1.983431949920353710e-01
1.988391878171009430e-01
1.993390182983500458e-01
1.998447491689183397e-01
2.003577748592688668e-01
2.008853865992354659e-01
2.014242274977007252e-01
2.019608914121027998e-01
2.025017599433551196e-01
2.030501129132516180e-01
2.035992435192286731e-01
2.041534811803742688e-01
2.047095303983944292e-01
2.052812176093957441e-01
2.058667367712928575e-01
2.064348387785537864e-01
2.070210983253238102e-01
2.076026634272966909e-01
2.081941367212056804e-01
2.087768055624815988e-01
2.093731965168961762e-01
2.099512388853037315e-01
2.105237642151918109e-01
2.110896848144351023e-01
2.116365326613253439e-01
2.116118899770225437e-01
2.115608492514858552e-01
2.115022721406643325e-01
2.114304133166835520e-01
2.113561723246064894e-01
2.112827535215183183e-01
2.112125420941517451e-01
2.111470370815909381e-01
2.110737028091804468e-01
2.109937651756659538e-01
2.109213556961717917e-01
2.108484457406526458e-01
2.107746150665303075e-01
2.106949222776971498e-01
2.106160465416931360e-01
2.105442831549839688e-01
2.104789543359324444e-01
2.104171597360397217e-01
2.103693092860761671e-01
2.103233771480419734e-01
2.102903886223984331e-01
2.102597431212562817e-01
2.102300196500993534e-01
2.102052067216140796e-01
2.101808300931219675e-01
2.101629537450738772e-01
2.101393933472900932e-01
2.101181005057996265e-01
2.100954058483035236e-01
2.100737917937759158e-01
2.100543066724708530e-01
2.100344094747718660e-01
2.100173771882278551e-01
2.100056069384479973e-01
2.099970059895116536e-01
2.099889253551729951e-01
2.099834764041930146e-01
2.099788635783787771e-01
2.099760638332507923e-01
2.099759244896853561e-01
2.099790682383853302e-01
2.099847711805573613e-01
2.099936349575987626e-01
2.100055764400075298e-01
2.100212848312774383e-01
2.100414430187363402e-01
2.100645987588137253e-01
2.100912587116672559e-01
2.101187942889169713e-01
2.101482006372536460e-01
2.101778410029742916e-01
2.102050374874679106e-01
2.102342652847419835e-01
2.102598163663406128e-01
2.102914010876584805e-01
2.103175645879839240e-01
2.103539351924060274e-01
2.103944787959035889e-01
2.104401001367644242e-01
2.104876138880711345e-01
2.105398271127160714e-01
2.106006093121745026e-01
2.106558340637035565e-01
2.107279721637452530e-01
2.107937144559808851e-01
2.108626464408026036e-01
2.109340104411484840e-01
2.110259873596617985e-01
2.111120816410973489e-01
2.112031547008794696e-01
2.113207454421243969e-01
2.114131280976568328e-01
2.115134578428891077e-01
2.116134708884923332e-01
2.117268166845795441e-01
2.118474589403488983e-01
2.119868985366039349e-01
2.121295577017551781e-01
2.122673466899035188e-01
2.124309637216992286e-01
2.125896537255245744e-01
2.127511800770172379e-01
2.129129479921691714e-01
2.130947726868289427e-01
2.132655751826049717e-01
2.134130349668645898e-01
2.135709413122659772e-01
2.137313269160932838e-01
2.138846151372884863e-01
2.140245818974634839e-01
