-2.000027989120551353e-01
-2.000028149377938158e-01
-2.022095392899049271e-01
-2.031622179991411647e-01
-2.047797785739880194e-01
-2.056668587525082581e-01
-2.064842333214361447e-01
-2.075493506954235456e-01
-2.084571853824830345e-01
-2.095720481435274507e-01
-2.103082776722451364e-01
-2.123128714718943433e-01
-2.130978463178907489e-01
-2.143569801379941464e-01
-2.150414513160625873e-01
-2.162878274059703010e-01
-2.171997991608223821e-01
-2.180562224103567981e-01
-2.187228856969982149e-01
-2.192904710849198358e-01
-2.199389639847103839e-01
-2.210458533819687488e-01
-2.223281061803351333e-01
-2.229989471973904125e-01
-2.241468615076340209e-01
-2.250326948684225614e-01
-2.255777981337436233e-01
-2.264719074964389178e-01
-2.271977577523603686e-01
-2.278570539348290513e-01
-2.285379980600848182e-01
-2.301777382049015053e-01
-2.309022780570350875e-01
-2.314786038021975911e-01
-2.322477959751850507e-01
-2.329090367010131502e-01
-2.336857319912832298e-01
-2.343864766438153446e-01
-2.362171259576370252e-01
-2.370688354635062112e-01
-2.380115089694518349e-01
-2.395439238249594815e-01
-2.408851332445698101e-01
-2.416853449217385708e-01
-2.423024832388389616e-01
-2.445872869463761035e-01
-2.468683345631206838e-01
-2.491395747850021214e-01
-2.514309305799939387e-01
-2.536866822425627443e-01
-2.559620460277726162e-01
-2.582254143998835572e-01
-2.604700962178496670e-01
-2.627409209322525974e-01
-2.649783989579078680e-01
-2.672494092853808234e-01
-2.695256241281305254e-01
-2.718024481475151966e-01
-2.740670109927240139e-01
-2.748536296014922886e-01
-2.756506818954381766e-01
-2.761584934468032659e-01
-2.783282022356675101e-01
-2.804781171270963602e-01
-2.826618478544086210e-01
-2.848234857322886615e-01
-2.869755432863309585e-01
-2.891220797558851641e-01
-2.912888800170223003e-01
-2.934516154263907550e-01
-2.938161400551399516e-01
-2.941702323400120500e-01
-2.944099305652779219e-01
-2.946899031625675458e-01
-2.967451267591521002e-01
-2.988808684922932279e-01
-3.010446293009164664e-01
-3.032050691751161375e-01
-3.053866397441886704e-01
-3.075662470179436614e-01
-3.097625578999556040e-01
-3.101423418485729777e-01
-3.104824051824802145e-01
-3.108091651342406725e-01
-3.129515935068344357e-01
-3.150750892581878904e-01
-3.172037882956266763e-01
-3.193207771285253016e-01
-3.214301005764361729e-01
-3.235648553427301066e-01
-3.237673520696583984e-01
-3.239255867529407529e-01
-3.240799024315954568e-01
-3.243027117979274121e-01
-3.263903161501550132e-01
-3.284468461714967202e-01
-3.305786986334386390e-01
-3.327573133125851790e-01
-3.349466708593988318e-01
-3.353900212593009522e-01
-3.357898650169240384e-01
-3.362344025672623360e-01
-3.367033870366624715e-01
-3.389248663833959729e-01
-3.411384925277082814e-01
-3.433891184618926284e-01
-3.456310686499343143e-01
-3.478749340060589001e-01
-3.501530939430981260e-01
-3.524645242853476357e-01
-3.547706561664470404e-01
-3.570663234516785467e-01
-3.593857680205862493e-01
-3.599984620225323284e-01
-3.606399100687177617e-01
-3.613115055494010019e-01
-3.636537327305662259e-01
-3.659897348385930393e-01
-3.683053915155534708e-01
-3.706123170789481502e-01
-3.729365545716804564e-01
-3.752557924889063368e-01
-3.775818804213377788e-01
-3.799044508415735377e-01
-3.822105790374913381e-01
-3.845595177002336662e-01
-3.868864002265368640e-01
-3.892086236314938330e-01
-3.915376588390960255e-01
-3.938475075790618951e-01
-3.961485471185158258e-01
-3.984575129818163086e-01
-4.007722105539496815e-01
-4.031052619384435931e-01
-4.036997617086117152e-01
-4.043114649776021197e-01
-4.048746383287572526e-01
-4.071390173433049320e-01
-4.094293683862916255e-01
-4.117273172639617784e-01
-4.140309348926295430e-01
-4.163227399899026571e-01
-4.186017148026208723e-01
-4.208720667454007858e-01
-4.231507681747347926e-01
-4.254607222325455518e-01
-4.277447540817326255e-01
-4.300168149763522463e-01
-4.322908064385581062e-01
-4.345906131982816278e-01
-4.350715684286354801e-01
-4.356091262882432757e-01
-4.361034505758772939e-01
-4.383895313566529284e-01
-4.406954423917979202e-01
-4.430093682880646422e-01
-4.453196235517266066e-01
-4.476385115169062567e-01
-4.499802862865313058e-01
-4.523505308488107168e-01
-4.547205676450274958e-01
-4.570904992272192824e-01
-4.594603679903400129e-01
-4.618302057194544341e-01
-4.642000342495627430e-01
-4.665698678471629224e-01
-4.689397115283363005e-01
-4.713095772259103811e-01
-4.736794632732828636e-01
-4.760493696487023141e-01
2.000023799365765742e-01
2.000023958071329711e-01
2.018134187171392313e-01
2.027054965057853431e-01
2.035288356777563978e-01
2.043944540058666992e-01
2.052622304785437501e-01
2.060831532183527159e-01
2.068845458970306195e-01
2.077080956711108428e-01
2.083833829485442490e-01
2.089948908497446523e-01
2.095972665770362009e-01
2.100954044540582211e-01
2.105725207346046401e-01
2.110464366398291380e-01
2.114515619282420211e-01
2.118507820453830459e-01
2.122149792316143091e-01
2.125470134985674997e-01
2.128376487873522849e-01
2.130950387591896700e-01
2.133003907153228906e-01
2.134662917089382161e-01
2.135807081479769165e-01
2.136594846682723092e-01
2.137015997699514280e-01
2.137090754354968314e-01
2.136824911241009539e-01
2.136185113299588212e-01
2.135157196084392639e-01
2.133867867150172626e-01
2.132162668356118174e-01
2.130093899925633583e-01
2.127870258842578799e-01
2.125471578421988805e-01
2.122743950098338050e-01
2.119651169653660738e-01
2.116275769291720288e-01
2.112467263310388588e-01
2.108144942627147578e-01
2.103281705288713443e-01
2.097702822944710332e-01
2.092072201055120151e-01
2.085880950795938604e-01
2.079460031811323217e-01
2.072693943648986070e-01
2.065164416890207799e-01
2.057511776100579559e-01
2.049843911496660731e-01
2.041873817993513085e-01
2.033386833116865300e-01
2.024468924160662264e-01
2.015827237146182171e-01
2.007970494303928377e-01
1.999802710063342537e-01
1.991928880167446736e-01
1.984461335299793072e-01
1.976934068337347639e-01
1.969606329385883148e-01
1.962817960818765139e-01
1.956292987571569553e-01
1.949269342953552919e-01
1.941609096226033782e-01
1.934273029631400076e-01
1.926688571902305525e-01
1.919013518423683395e-01
1.911133246831324128e-01
1.903432185150437383e-01
1.896136813694922763e-01
1.888791729540987285e-01
1.881639627631511713e-01
1.874705911564112093e-01
1.867948678823643238e-01
1.861263120053179843e-01
1.854683867283038468e-01
1.848607787433345084e-01
1.842522171387258323e-01
1.836355523631082454e-01
1.830413528198109041e-01
1.824154286311663598e-01
1.817514673328204378e-01
1.811017805153450344e-01
1.804131936627910715e-01
1.797048762457035265e-01
1.789725806927975893e-01
1.782746528209520342e-01
1.775789715966489268e-01
1.769267362337146876e-01
1.761990313752238579e-01
1.755036224327973515e-01
1.748246940866347021e-01
1.741395680468107166e-01
1.733905444830750875e-01
1.725746802945688219e-01
1.717756464434298525e-01
1.708958205773827843e-01
1.700493426136753528e-01
1.692258165605157461e-01
1.684378746200703159e-01
1.676759227408933517e-01
1.669232975298598209e-01
1.661847181825313602e-01
1.655236580745506336e-01
1.647265117107479804e-01
1.638279381169817361e-01
1.630654033812583281e-01
1.622452871538683783e-01
1.613759412975564744e-01
1.605935726503981975e-01
1.597120120655733944e-01
1.589069293632825730e-01
1.579449284218593652e-01
1.571516255859325972e-01
1.561437271711617891e-01
1.552958749748143685e-01
1.543382051335447092e-01
1.533079239306413544e-01
1.523789662406095924e-01
1.514301392711817351e-01
1.506162280270351150e-01
1.497597764600467063e-01
1.488615006061188295e-01
1.480738905448384379e-01
1.472206476566025601e-01
1.464389294597870927e-01
1.455953690381927568e-01
1.448184431514223103e-01
1.440771606757066670e-01
1.434511798360892376e-01
1.427486246658515034e-01
1.420187582807962146e-01
1.412631222134279885e-01
1.406316902397178048e-01
1.399475133140909988e-01
1.392987139668701579e-01
1.386603621960683375e-01
1.381068568261696605e-01
1.375027984829890748e-01
1.370001070019271072e-01
1.364725245364988293e-01
1.360071899414872498e-01
1.356050978837061438e-01
1.351924770462582248e-01
1.347303702723085528e-01
1.343334496037421888e-01
1.338818110523185001e-01
1.335061739432073513e-01
1.330921433101521778e-01
1.327092920051078373e-01
1.322478340402583608e-01
1.317861471928449546e-01
1.312626207147765678e-01
1.307907746570173280e-01
1.303337825364672409e-01
1.298745337016914969e-01
1.294009158715395402e-01
1.290318142978627847e-01
1.286490741820405515e-01
1.282681235661097263e-01
1.279387183756205970e-01
1.275408173801234057e-01
1.271654805967567525e-01
1.268181646342828317e-01
1.264745607764624080e-01
1.261805793797836917e-01
1.259110685204220814e-01
1.256359249129964384e-01
1.253716035218883362e-01
1.250970607702185933e-01
1.248202692740277564e-01
1.245435316703220191e-01
1.242840235820787120e-01
1.240282023733586259e-01
1.237804312178374389e-01
1.235350942844729433e-01
1.232596154976878522e-01
1.230304338647971174e-01
1.228093389879280628e-01
1.225811450015957538e-01
1.223706037313709583e-01
1.221675273664882128e-01
1.219891920298115939e-01
1.218050157470839667e-01
1.216254506694956355e-01
1.214526499142760674e-01
1.212632678090684035e-01
1.210970707774565447e-01
1.209320946883464670e-01
1.207691350592388912e-01
1.206250970341612994e-01
1.204798963596583339e-01
1.203380100650651985e-01
1.201985008799609927e-01
1.200559304249260439e-01
1.199220114523830705e-01
1.197916400365741374e-01
1.196631841048268613e-01
1.195313709038581945e-01
1.194055168313441495e-01
1.192872211068641136e-01
1.191744975377690280e-01
1.190652333136635599e-01
1.189541882775833476e-01
1.188425306387351083e-01
1.187333191027550722e-01
1.186264234747296809e-01
1.185242581828116343e-01
1.184234000706694684e-01
1.183196713303419634e-01
1.182199771069898653e-01
1.181216740897827744e-01
1.180170199302953971e-01
1.179121067711299958e-01
1.178060613324416611e-01
1.177047147621499007e-01
1.175997831937461019e-01
1.174953679573952775e-01
1.173908237223523915e-01
1.172867619542845852e-01
1.171839945980415187e-01
1.170825827443420231e-01
1.169853402674781440e-01
1.168891117655706247e-01
1.167892604544685520e-01
1.166860438584818027e-01
1.165850004694742453e-01
1.164774983386717838e-01
1.163623157145818876e-01
1.162437092198135985e-01
1.161179516427899988e-01
1.159874587364000398e-01
1.158542410324979177e-01
1.157110934970991684e-01
1.155640304363518556e-01
1.154223297348083987e-01
1.152760800699969695e-01
1.151220253134422333e-01
1.149635528152685993e-01
1.148012771519904551e-01
1.146340282917150261e-01
1.144644268719036129e-01
1.142896957533165586e-01
1.140562888932472457e-01
1.138382722599716873e-01
1.136209122635612329e-01
1.133364133399441531e-01
1.129974532503862789e-01
1.126355835497775126e-01
1.122004618120145264e-01
1.117128378831206553e-01
1.111764105654873408e-01
1.105858220328238689e-01
1.099637158186974467e-01
1.092957642547863206e-01
1.085332002545287694e-01
1.077406280487581136e-01
1.069008856226795340e-01
1.060208048988546953e-01
1.050826597079856789e-01
1.041302639911853567e-01
1.030954653127718890e-01
1.019636869254395839e-01
1.009124245673558018e-01
9.977019019663341259e-02
9.859612007785524546e-02
9.742269180087068103e-02
9.624258165708704515e-02
9.505208356904006062e-02
9.382497325150153389e-02
9.262300875316425985e-02
9.134233665971662475e-02
8.978440032387914604e-02
8.829354987045844039e-02
8.680763527506980826e-02
8.446865700567569857e-02
8.298101369370261549e-02
8.162785182695196651e-02
8.013456774422579587e-02
7.829638484614524774e-02
7.671622102771176455e-02
7.500612684209012615e-02
7.319410329406436655e-02
7.161128593942052423e-02
6.984271387284579635e-02
6.819599897132180844e-02
6.636277340927568269e-02
6.483667408781645936e-02
6.336253790248273787e-02
6.199409817882816504e-02
6.061446677235252795e-02
5.925351995038938974e-02
5.788724682695396695e-02
5.664095372232529763e-02
5.534639631448317471e-02
5.423446516349599011e-02
5.292506696459648580e-02
5.194841277150064052e-02
5.083162375627325869e-02
4.994862221809935610e-02
4.917637334714487080e-02
4.836368257404830007e-02
4.762428075458891019e-02
4.695494758632644261e-02
4.630356581577285691e-02
4.568575752702037918e-02
4.510976607542913075e-02
4.456563456207403989e-02
4.407786077503727390e-02
4.360369088803323079e-02
4.314829678915257233e-02
4.268947300079697915e-02
4.226262509001491030e-02
4.182330951225615712e-02
4.142114602776413718e-02
4.103696157564225983e-02
4.070700673626519855e-02
4.042489460497374065e-02
4.016355812858438817e-02
3.996685433356809980e-02
3.982584924217844741e-02
3.973547337186087575e-02
3.969745923349986966e-02
3.971150743904987290e-02
3.977266948764206222e-02
3.988441850728183941e-02
4.004142696957448816e-02
4.025912454440395971e-02
4.051536864428915280e-02
4.082911357588999562e-02
4.120516928911560628e-02
4.164941235636244327e-02
4.210154320939135664e-02
4.263330381740476627e-02
4.318080172819417639e-02
4.377398314135207136e-02
4.439106099761473689e-02
4.501949767453820167e-02
4.578641515857886923e-02
4.654825520279066986e-02
4.737963699842369369e-02
4.818348308344232167e-02
4.912988552774914114e-02
5.027887941860914589e-02
5.128040674984112729e-02
5.236709044579563460e-02
5.336837113391852683e-02
5.452823011654426427e-02
5.573418994731653420e-02
5.696199739743840196e-02
5.818823393235332542e-02
5.941322410217509536e-02
6.063725568132068144e-02
6.186057643213459245e-02
6.308339148596078805e-02
6.430587717188018804e-02
6.552816285318083245e-02
6.675034434307287878e-02
6.797249828118025194e-02
6.919467178227725612e-02
7.041689421755226164e-02
7.163914603332421915e-02
7.286139771795739628e-02
7.408366380845431143e-02
7.530595217020864818e-02
7.652826591532913003e-02
7.775060493581180399e-02
7.897296709606856091e-02
8.019534913469861248e-02
8.141774732431929229e-02
8.264015793488939388e-02
8.386257347513513538e-02
8.508499157133501967e-02
8.630741327361550475e-02
8.752983754723288323e-02
8.875226396864226153e-02
8.997469242213984586e-02
9.119712285809852825e-02
9.241955489359016118e-02
9.364198834140649574e-02
9.486442319104898546e-02
9.608685956151621910e-02
9.730929765824719579e-02
9.853173773544257608e-02
9.975418007085740113e-02
1.009766238776169806e-01
1.021990698764456279e-01
1.034215187991415069e-01
1.046439715330853004e-01
1.058664302152957648e-01
1.070888960734133338e-01
1.083113700449075539e-01
1.095338527557145336e-01
1.107563445070360170e-01
1.119788448302543177e-01
1.132013542307596932e-01
1.144238671321107653e-01
1.156463820562114858e-01
1.168441487650965782e-01
1.180652809857916374e-01
1.192933550482389998e-01
1.205190005628523214e-01
1.217473913542650582e-01
1.229757182890653666e-01
1.242039862837886199e-01
1.254322017344160212e-01
1.266603715398380292e-01
1.278885025427427269e-01
1.291166011676788961e-01
1.303446726498385944e-01
1.315727214032770265e-01
1.328007506236607016e-01
1.340287638995641961e-01
1.352567657299140469e-01
1.364847565172317145e-01
1.377127343403923010e-01
1.389406993287734815e-01
1.401686523615777169e-01
1.413965943787641732e-01
1.426245264464997553e-01
1.438524508998155760e-01
1.450803717479730859e-01
1.463082884764420610e-01
1.475362025525271958e-01
1.487641155708241680e-01
1.499920286951349491e-01
1.512199427716361122e-01
1.524478582753474587e-01
1.536757756378133999e-01
1.549036952510689236e-01
1.561316174685005997e-01
1.573595426036303035e-01
1.585874709276111905e-01
1.598154026652155446e-01
1.610407571714090047e-01
1.622691806797842418e-01
1.634708529984410241e-01
1.646822068870708033e-01
1.659018118895926319e-01
1.670923318574787098e-01
1.682950882615698029e-01
1.694596045093165471e-01
1.706641631334017972e-01
1.718766694938847761e-01
1.730704873971286584e-01
1.742789792139337324e-01
1.754765717163787597e-01
1.767284478855003504e-01
1.779795218671298140e-01
1.792605194451561412e-01
1.805849502145047414e-01
1.819142550737113950e-01
1.832573568269564301e-01
1.845703340349574284e-01
1.858878086673712571e-01
1.872591844303186925e-01
1.886243469849218646e-01
1.899950534299425786e-01
1.913843445258824882e-01
1.928473474978519009e-01
1.943077984406082204e-01
1.957851805757293284e-01
1.972580606482601528e-01
1.987381779992159203e-01
2.002587795660689118e-01
2.017786552242746001e-01
2.032979237370735048e-01
2.048166944300887915e-01
2.063350667942751016e-01
2.078531276253018090e-01
2.093709506401843778e-01
2.108885969559275708e-01
2.124061205671364250e-01
2.139235609622861245e-01
2.154409469795606769e-01
2.169583020580544974e-01
2.184756431890984840e-01
2.199929821856340395e-01
2.215103268027379391e-01
2.230276818684669426e-01
2.245450500481165346e-01
2.260624324615380376e-01
2.275798291695366182e-01
2.290972395472487266e-01
2.306146639760033590e-01
2.321321065374198078e-01
2.336495651468797063e-01
-1.999971985299155985e-01
-1.978012123447846493e-01
-1.958147691155900927e-01
-1.937287954785089361e-01
-1.916591413681872080e-01
-1.895460464432652536e-01
-1.873858221651244216e-01
-1.851529787086386714e-01
-1.829205389223044209e-01
-1.806884616177056868e-01
-1.784566874783271306e-01
-1.762251700607568305e-01
-1.739938696314424771e-01
-1.717627440252311455e-01
-1.695317561065101120e-01
-1.673008740872423961e-01
-1.650700714426427962e-01
-1.628393265654141109e-01
-1.606086202570283228e-01
-1.583779290284645647e-01
-1.561472329948581372e-01
-1.539165274900413383e-01
-1.516858104948879682e-01
-4.150643361728050262e-01
2.708273614716658666e-06
2.724279521777020641e-06
2.017535535092495041e-03
4.154504671387953749e-03
6.291385216962925089e-03
8.428171406195696796e-03
1.056486946874837275e-02
1.270148814168716930e-02
1.483803724523154871e-02
1.697452688739728432e-02
1.911096881681424373e-02
2.124737032645794901e-02
2.338373954650236827e-02
2.552008345531066660e-02
2.765640787915544380e-02
2.979271755828477586e-02
3.192901625306871632e-02
3.406530687165496007e-02
3.620159159937813564e-02
3.833787404597937404e-02
4.047415495694800525e-02
4.261043309112910737e-02
4.474670826596006956e-02
4.688298007059677613e-02
4.901924793148196291e-02
5.111898678799126072e-02
5.288230290839380371e-02
5.470630118390909513e-02
5.669719415283745734e-02
5.846046958975389257e-02
6.021484029936248483e-02
6.201287938754596746e-02
6.385586111866027592e-02
6.563561050712610201e-02
6.753389928857780888e-02
6.947490514166519693e-02
7.146524227019840358e-02
7.343843921285206355e-02
7.535501252524434701e-02
7.742323263374881193e-02
7.941229940142341404e-02
8.131118787566704587e-02
8.322786724901942712e-02
8.523619688649607118e-02
8.732655658097090989e-02
8.945297503099029768e-02
9.163249771402626198e-02
9.385335930955981953e-02
9.601837325645302956e-02
9.821617249185039811e-02
1.004918515831759035e-01
1.026999879287915501e-01
1.049642157605616688e-01
1.071830707550046058e-01
1.094167213553715462e-01
1.116865485346067860e-01
1.139813882776482823e-01
1.161717111659839319e-01
1.183336843195660903e-01
1.205948964693169950e-01
1.228420003231756319e-01
1.252639641100223022e-01
1.275461905147254049e-01
1.299377303292459929e-01
1.323341119116680786e-01
1.347784577666947259e-01
1.371105879201140743e-01
1.395802612124143194e-01
1.420838129030032870e-01
1.445175176011823936e-01
1.470175924091840780e-01
1.495716445471598766e-01
1.521257007231372471e-01
1.546797737742590662e-01
1.572338502175228414e-01
1.597879324249114885e-01
1.623420209319571261e-01
1.648961149701091422e-01
1.674502126758511678e-01
1.700042208506212515e-01
1.725582489087078286e-01
1.751123060892464944e-01
1.776663910141448033e-01
1.802205022290822301e-01
1.827746324561076996e-01
1.853287711969524854e-01
1.878829156360557195e-01
1.904370630539061193e-01
1.929912108508166080e-01
1.955453565666189497e-01
1.980994978978248833e-01
2.006536241581404201e-01
2.032076709840145157e-01
2.057617415633468949e-01
2.083158363614704967e-01
2.108699554561459522e-01
2.134240933491775849e-01
1.999974886190128698e-01
1.980388844649280666e-01
1.963452017856371634e-01
1.947797055054773241e-01
1.930927667387370150e-01
1.913906059048504915e-01
1.896490503883619394e-01
1.879248572165727882e-01
1.861622047536338476e-01
1.844752611511031870e-01
1.826711239740903825e-01
1.809191910123023606e-01
1.791602211966285552e-01
1.773809511174500586e-01
1.756215819620217944e-01
1.738793083117244620e-01
1.721007379824491812e-01
1.704459873139615445e-01
1.687677117851012487e-01
1.670961037721289955e-01
1.654558611597500284e-01
1.638641574034311044e-01
1.622203638361781886e-01
1.605167387419108027e-01
1.588501302510763324e-01
1.571891770696892399e-01
1.555205729873929410e-01
1.538602601552347127e-01
1.522065337484678760e-01
1.505377205843715371e-01
1.489452451028122903e-01
1.473245911678703612e-01
1.456797407996308913e-01
1.440696240182518795e-01
1.424729144010124238e-01
1.408684443463245062e-01
1.393057565493525385e-01
1.377787802417901886e-01
1.362070325683942817e-01
1.346712458100406684e-01
1.331699018045304772e-01
1.316791881866378466e-01
1.302157912820691710e-01
1.287404494839202440e-01
1.273306457120915169e-01
1.259710277936608447e-01
1.246268337213184002e-01
1.233074618313985682e-01
1.219932124690462083e-01
1.206843538424623163e-01
1.194912949362190308e-01
1.183919796711939559e-01
1.173192936336757003e-01
1.163445534446906349e-01
1.154243814291338599e-01
1.145774862580762332e-01
1.137670501985434401e-01
1.130006866957219830e-01
1.122617247747728225e-01
1.115450586100275171e-01
1.108556903280584344e-01
1.102576362934424570e-01
1.096826919388197569e-01
1.091351398224224278e-01
1.086506609939544704e-01
1.082270625140300396e-01
1.078617576947508566e-01
1.075026187438365283e-01
1.071620067687434480e-01
1.068627574917106193e-01
1.065746871070442497e-01
1.063070456779507816e-01
1.060765308067419532e-01
1.058809770909081710e-01
1.057103456978958078e-01
1.055705205004881103e-01
1.054613790213167895e-01
1.053899242173360201e-01
1.053590349412438787e-01
1.053686973716418535e-01
1.054098739519126193e-01
1.054917189656298243e-01
1.056251588778127914e-01
1.057935122541646539e-01
1.059932427792885379e-01
1.062281306964601574e-01
1.065433085124270901e-01
1.068903090413086954e-01
1.072491974822089300e-01
1.076865874467044099e-01
1.081790953212636713e-01
1.087320084467960912e-01
1.093569637758542434e-01
1.100326541740000719e-01
1.107545817542471556e-01
1.114998368852484351e-01
1.122697394346813676e-01
1.130798484975046453e-01
1.139261395652463038e-01
1.147899185438056996e-01
1.156666307325592141e-01
1.165531800593001266e-01
1.174365322393647187e-01
1.183692764704925987e-01
1.194225771422350868e-01
1.205181641891539812e-01
1.218137690091498360e-01
1.231275504787285868e-01
1.245076608475063212e-01
1.259765320332116023e-01
1.275484199968577315e-01
1.292128864619370154e-01
1.309438133882454558e-01
1.327298333231908267e-01
1.345755963883461526e-01
1.364790058012464447e-01
1.383869731740467734e-01
1.402625211010783968e-01
1.421468002736897551e-01
1.440748860563242362e-01
1.460402644007708362e-01
1.479819757541101233e-01
1.498553642021054344e-01
1.518419922767932362e-01
1.538545282895038280e-01
1.558666099195105126e-01
1.578783209257682008e-01
1.598897355846634893e-01
1.619009253980652208e-01
1.639119423766002004e-01
1.659228312384099790e-01
1.679336279940770726e-01
1.699443468229436816e-01
1.719550065923386994e-01
1.739656335208735194e-01
1.759762450812015211e-01
1.779868422302510744e-01
1.799974309443622134e-01
1.820080163287640940e-01
1.840186018984199534e-01
1.860291948240298254e-01
1.880397999827149724e-01
1.900504182202286396e-01
1.920610497216198587e-01
1.940716941809944585e-01
1.960823511017661114e-01
1.980930198652598451e-01
2.001036990957440476e-01
2.021143889298714913e-01
2.041250892909242387e-01
2.061357996504714352e-01
2.081465186558465741e-01
2.101572405384635744e-01
