2.000010397593222078e-01
2.000010551952331739e-01
2.006509914913708337e-01
2.014915712847314133e-01
2.023316788278317346e-01
2.031713072461406311e-01
2.040104852330353324e-01
2.048492562564848130e-01
2.056876689360370714e-01
2.065257730035251760e-01
2.073621983895419518e-01
2.081947471654969906e-01
2.090075300182157314e-01
2.098222686817712568e-01
2.106194887582360786e-01
2.114219907345144533e-01
2.122186840509666661e-01
2.130165711712385668e-01
2.137948149310201773e-01
2.145744622028964432e-01
2.153122055752221264e-01
2.160916539808857839e-01
2.169052323137649896e-01
2.177713326565000052e-01
2.186586449655338049e-01
2.195633419126455099e-01
2.205115724920505560e-01
2.215408280533089913e-01
2.225919700819843083e-01
2.236630867147045287e-01
2.247702435202778293e-01
2.259194082503738210e-01
2.270938583128947752e-01
2.283054659001826081e-01
2.295390051249304453e-01
2.308050089711617681e-01
2.320889865035911104e-01
2.333883900950469714e-01
2.346971155154539135e-01
2.360081622108899102e-01
2.373452346890408682e-01
2.386988353870308222e-01
2.400721559072659383e-01
2.414791083371979341e-01
2.429219798601401081e-01
2.443815072624452855e-01
2.459208236903406286e-01
2.474941528406735536e-01
2.491186659269249426e-01
2.507574086374216304e-01
2.524353904964566353e-01
