2.000028700681818761e-01
2.000028860762613769e-01
2.017142274449623129e-01
2.018208145233515438e-01
2.018964460576314346e-01
2.019648915269215972e-01
2.019929172166303466e-01
2.020306211130470653e-01
2.020818901431665204e-01
2.021309822941488310e-01
2.021784851240119307e-01
2.022463861269794272e-01
2.023047082071328384e-01
2.023205918316282603e-01
2.023212148180697778e-01
2.023474098509843166e-01
2.023951946639437061e-01
2.024041991596632617e-01
2.024252800168875044e-01
2.024250107170583735e-01
2.024226491011634765e-01
2.024210280328790357e-01
2.024167044338885391e-01
2.024167225925916913e-01
2.024173395568065470e-01
2.024236204902169767e-01
2.024280810403818187e-01
2.024226948060338371e-01
2.024150452266313682e-01
2.024033712549545561e-01
2.023791671681555715e-01
2.023530918915508181e-01
2.023321591103774131e-01
2.023375851764630806e-01
2.023296735859121398e-01
2.023042800542947106e-01
2.022833883336621619e-01
2.022656992799329312e-01
2.022060835588784244e-01
2.021272009368237088e-01
2.019949177787037087e-01
2.018019553072447625e-01
2.016070574443427632e-01
2.013554361426881656e-01
2.011076041021626903e-01
2.008203036354635485e-01
2.005506194169417722e-01
2.002707780274018412e-01
2.000039860503791678e-01
1.996851355012979612e-01
1.993015662615381101e-01
1.989569459948461183e-01
1.985457641375370508e-01
1.980475586719513681e-01
1.975421760909778779e-01
1.970140055985352967e-01
1.965660160652038246e-01
1.961312839838276478e-01
1.957149153332582991e-01
1.953091820720280203e-01
1.948963132749441385e-01
1.944671016970551947e-01
1.941266618089017293e-01
1.938350349152132279e-01
1.935201586206233559e-01
1.931618999722180818e-01
1.927592067226664985e-01
1.923324590331032813e-01
1.918946908532342954e-01
1.914382374178416057e-01
1.909873299552389547e-01
1.905896176676042941e-01
1.901356156799278718e-01
1.896955912151833124e-01
1.892695947002732970e-01
1.888822376496239186e-01
1.883557135410024175e-01
1.878204443639023280e-01
1.872566760653202600e-01
1.867163568796378625e-01
1.861780617094896118e-01
1.856822821028954462e-01
1.852718406725278877e-01
1.848812245434970913e-01
1.844489913064496778e-01
1.839671632941161095e-01
1.835282230134652470e-01
1.831282134195548750e-01
1.827416049803282094e-01
1.823552906626277614e-01
1.819673796652869768e-01
1.815762739620382926e-01
1.811508331110096570e-01
1.807163059060161725e-01
1.803164116887766288e-01
1.799143258132707701e-01
1.795162808625138384e-01
1.790544079474577777e-01
1.786106311488125375e-01
1.781598765242435323e-01
1.777332629180167489e-01
1.773517540643825274e-01
1.769633820849229877e-01
1.765793218481211124e-01
1.761996355722831309e-01
1.757660177472784579e-01
1.753765716529142593e-01
1.749549385813757296e-01
1.744747137200861609e-01
1.739745542691653601e-01
1.734575364964225652e-01
1.729088560626106108e-01
1.723528815991992313e-01
1.718597255339223417e-01
1.713559941222323746e-01
1.708574369085235634e-01
1.704130279372709222e-01
1.699926622592244363e-01
1.696131864569726533e-01
1.692791228826456551e-01
1.690312174984754112e-01
1.687776934820147401e-01
1.685367347522902792e-01
1.683020657439305845e-01
1.680708597236099389e-01
1.678724552766860945e-01
1.676774338352360338e-01
1.675203913563350078e-01
1.674031476461955992e-01
1.673194582947452047e-01
1.669982089168516037e-01
1.666732547082630522e-01
1.663434180774277515e-01
1.660158812753078639e-01
1.656865860728901907e-01
1.653494031134876696e-01
1.650107760307321925e-01
1.646711247749122753e-01
1.643375169788924561e-01
1.639968024195977980e-01
1.636559152228130309e-01
1.633150136117181017e-01
1.629742079167728619e-01
1.626335702733688049e-01
1.622945410997245486e-01
1.619571849853595202e-01
1.616195654767881851e-01
1.612817262820369912e-01
1.609437050250479007e-01
1.606055336630717589e-01
1.602672373642889392e-01
1.599288395817750064e-01
1.595903607479361996e-01
1.592518192615664796e-01
1.589132300182696245e-01
1.585746053658295684e-01
1.582359881807644808e-01
1.578973922036284727e-01
1.575588173383919155e-01
1.572202610416694180e-01
1.568817190297523978e-01
1.565431904170686561e-01
1.562046743060275245e-01
1.558661697315961714e-01
1.555276756144693684e-01
1.551891907247458791e-01
1.548507136567930098e-01
1.545122428614913723e-01
1.541737774886161039e-01
1.538353165832972436e-01
1.534968590764237695e-01
1.531584037837808721e-01
1.528199494124392321e-01
1.524814945730984528e-01
1.521430378010950879e-01
1.518045783319198760e-01
1.999991383823640501e-01
1.999991230694082855e-01
1.994236367165315438e-01
1.989004891243185968e-01
1.984092074936885941e-01
1.979433593812911230e-01
1.975050777426386739e-01
1.970989599387915348e-01
1.967244346990895676e-01
1.963816289217280020e-01
1.960663258389479524e-01
1.957791594964174431e-01
1.955212616362887179e-01
1.952915641611133735e-01
1.950916975543853793e-01
1.949230613287473990e-01
1.947846698923354491e-01
1.946764609746833019e-01
1.945976593164492896e-01
1.945472865628491699e-01
1.945246742558859598e-01
1.945297694898395213e-01
1.945617698185655997e-01
1.946220854357043617e-01
1.947085222435264440e-01
1.948216679391383543e-01
1.949576751289129051e-01
1.951221014804640219e-01
1.953174221691715839e-01
1.955347653697262211e-01
1.957779874101883422e-01
1.960484466082629829e-01
1.963405840336777952e-01
1.966515379441217681e-01
1.969792768604096689e-01
1.973309659354024193e-01
1.977029991387970198e-01
1.980957395724926573e-01
1.985158403407474015e-01
1.989630945098487813e-01
1.994211802995063121e-01
1.998980433904428977e-01
2.004068201731361298e-01
2.009436697397516680e-01
2.014996754209597840e-01
2.020832749140186180e-01
2.026924356405552241e-01
2.033276859324803509e-01
2.039956757074646299e-01
2.046949063229439869e-01
2.054349545168620006e-01
2.061973176019325504e-01
2.069710713056302498e-01
2.077731521974412188e-01
2.085880613428994779e-01
2.094227992776130920e-01
2.102773161280133418e-01
2.111341689189663029e-01
2.120386389630921353e-01
2.129599050637490387e-01
2.138994416995766978e-01
2.148727950677759846e-01
2.158479895947237048e-01
