3.999969477723782640e-01
3.999969317526578250e-01
3.980129935321666812e-01
3.955942564082709501e-01
3.931756164585916147e-01
3.907570180637971458e-01
3.883384078708919107e-01
3.859197291005648234e-01
3.835009538919162964e-01
3.810821122548397333e-01
3.786673552483901251e-01
3.762645785730917569e-01
3.739232787604977459e-01
3.715994566079295902e-01
3.693521100146927583e-01
3.671367095122270441e-01
3.649890842205781860e-01
3.629022734626053959e-01
3.609319889135051973e-01
3.590259147941668449e-01
3.572910220933971925e-01
3.555191979216078546e-01
3.537434761684237761e-01
3.519347778947803929e-01
3.501510109737939747e-01
3.483962849037558485e-01
3.466264272936717683e-01
3.447691015934729597e-01
3.429415071843949225e-01
3.411470071268895565e-01
3.393605335468763418e-01
3.375715995694160143e-01
3.358035525562940715e-01
3.340393374253932679e-01
3.322990534022537967e-01
3.305686622410625164e-01
3.288665678242137513e-01
3.271970328097594249e-01
3.255691666678180440e-01
3.239934679562022080e-01
3.224428364678465497e-01
3.209298859216502264e-01
3.194521069948089709e-01
3.179954843629218542e-01
3.165571990881597131e-01
3.151552711181930810e-01
3.137309775110897481e-01
3.123217897737082804e-01
3.109112904535957789e-01
3.095285159643066386e-01
3.081531733178988208e-01
