-1.168125210557133863e-06
-1.183606253281618241e-06
-7.019385748319353479e-04
-5.447822713314804527e-04
-3.957948197743936438e-04
-1.154112215024949775e-03
-1.007973902454035878e-03
-8.643427060763181130e-04
-7.268950473642694877e-04
-5.852255442327813266e-04
-4.503337989503073606e-04
-2.999871268106387443e-04
-1.495970476362122061e-04
3.362131274426204228e-06
1.510689744775264474e-04
3.033460597802070083e-04
4.540677234607336504e-04
6.157619514441341332e-04
7.777895652486002892e-04
9.420675683176723192e-04
1.092351964535698793e-03
1.236235891817833365e-03
1.370556120596683886e-03
1.492836247387383138e-03
1.604553342562211769e-03
1.702581382195990237e-03
1.787372325697481317e-03
1.864559923166975598e-03
1.929835689290914464e-03
1.987805559598068011e-03
2.043522914126994026e-03
2.090648711244529924e-03
2.128392651953991011e-03
2.161638920300000717e-03
2.185726590582773039e-03
2.207019726200874776e-03
2.221189560845784026e-03
2.230475552913535262e-03
2.235337060787796239e-03
2.236368907619818141e-03
2.233290377747922106e-03
2.226972054120380726e-03
2.215928441299877105e-03
2.199714685008910455e-03
2.179715940869503005e-03
2.159630354496487777e-03
2.136405789561513901e-03
2.109933865182162492e-03
2.081334626306257079e-03
2.053522046614515099e-03
2.019581081056458314e-03
1.986097514482676116e-03
1.948653009453600506e-03
1.905830283465431750e-03
1.859558206644403066e-03
1.819563051836963277e-03
1.776749053065097015e-03
1.729725151355012607e-03
1.683101132564519689e-03
1.641269726245344349e-03
1.589892136517120393e-03
1.544571244871605640e-03
1.489733435534514082e-03
1.446654303205217569e-03
1.394689153565200007e-03
1.333011442388182125e-03
1.267288890562082724e-03
1.184973348395572130e-03
1.099588277796601128e-03
1.003296320384739447e-03
9.066464046100574737e-04
7.976255488662753945e-04
6.988122678062006540e-04
5.963340454269509512e-04
4.798774007362818588e-04
3.523924945858349436e-04
2.112677071695076125e-04
6.544502921997297955e-05
-6.922890052556435073e-05
-1.933359205293884919e-04
-3.207761709917820330e-04
-4.476814171732405715e-04
-5.791040443776170228e-04
-7.186207984453976899e-04
-8.470360207472767394e-04
-9.714854233633873296e-04
-1.101344355178076381e-03
-1.249327184764570343e-03
-1.403823366401534770e-03
-1.550949862019281944e-03
-1.719017876497292048e-03
-1.879163774388182802e-03
-2.053605911925076265e-03
-2.240245553737067567e-03
-2.437667349521508656e-03
-2.628973766122517583e-03
-2.840621662849086154e-03
-3.083639792856095446e-03
-3.324108580754967218e-03
-3.578007336030281961e-03
-3.845342394898314860e-03
-4.106503207979243265e-03
-4.366114973891757969e-03
-4.623782815593466787e-03
-4.858026341250864903e-03
-5.092567875704464772e-03
-5.302195785552985506e-03
-5.527333791869361475e-03
-5.742548921462913881e-03
-5.949130886693461233e-03
-6.145053104176433252e-03
-6.345223599524939771e-03
-6.559062786505245532e-03
-6.756057036609532454e-03
-6.962953881084857008e-03
-7.174463369038866153e-03
-7.415139348283296579e-03
-7.649960133485515963e-03
-7.861327574171001961e-03
-8.040807412231355464e-03
-8.225120732385690983e-03
-8.389603182934459932e-03
-8.556654879663836907e-03
-8.709975009317760114e-03
-8.858382102212541964e-03
-9.043467253649944276e-03
-9.225434215117143955e-03
-9.397225150560139378e-03
-9.627255704431543840e-03
-9.832769170796371722e-03
-1.007232620332240702e-02
-1.032608049845119141e-02
-1.059495869851240224e-02
-1.086211777523904062e-02
-1.115051690436732676e-02
-1.142685934189573843e-02
-1.170401653183466423e-02
-1.197743317774405993e-02
-1.227122396840520449e-02
-1.254727077681702142e-02
-1.279146440548496744e-02
-1.303734528967573532e-02
-1.330341442920462101e-02
-1.358283193885780754e-02
-1.390351394039376562e-02
-1.421643765509405556e-02
-1.453785789391151204e-02
-1.485687441905221041e-02
-1.519193805316678553e-02
-1.553756535518180555e-02
-1.589441267672203617e-02
-1.625399477476418761e-02
-1.660234868486698892e-02
-1.695992432561246530e-02
-1.731368456581338505e-02
-1.766168092211870683e-02
-1.800372486190861612e-02
-1.832607534831138391e-02
-1.866882304607545007e-02
-1.899203772628419926e-02
-1.933561833437568919e-02
-1.964809464173236306e-02
-1.996745260701736358e-02
-2.027174493687503368e-02
-2.056119186222669579e-02
-2.087641443751061046e-02
-2.117297037487142833e-02
-2.148816795484695744e-02
-2.180266079856534728e-02
-2.210512552974398456e-02
-2.239253170029449624e-02
-2.267076697660174237e-02
-2.291521220990321711e-02
-2.318941392541192317e-02
-2.345001067356470084e-02
-2.371688795330992999e-02
-2.397186181479091932e-02
-2.426944673508830280e-02
-2.455902410892719587e-02
-2.484372255960802869e-02
-2.512240660904521347e-02
-2.539120268624271357e-02
-2.564196837222851300e-02
-2.590263031688767176e-02
-2.610567926236313438e-02
-2.627515481709704476e-02
-2.644945130102312192e-02
-2.661321649430528624e-02
-2.675006216828872824e-02
-2.687909538020656630e-02
-2.700872770990342051e-02
-2.712661462147964581e-02
-2.724886430371151885e-02
-2.736373357428292449e-02
-2.747915012070780219e-02
-2.761206212460592252e-02
-2.774646162296189045e-02
-2.788293334494975836e-02
-2.801614938019908116e-02
-2.813981793947300733e-02
-2.825036767993229989e-02
-2.834785131718473711e-02
-2.844446139764539652e-02
-2.854486874843589067e-02
-2.863561239498891089e-02
-2.872623711533117685e-02
-2.881352325665774775e-02
-2.890252509252910079e-02
-2.898444506633535492e-02
-2.906156878875798544e-02
-2.914224254695090000e-02
-2.922015577413552417e-02
-2.928980872221763343e-02
-2.934570195879354290e-02
-2.939236569330039989e-02
-2.943648088842773861e-02
-2.947383772789045550e-02
-2.950344210578626294e-02
-2.952695216664700736e-02
-2.954677823377616433e-02
-2.955734203111325814e-02
-2.956097754372020298e-02
-2.955739235731853071e-02
-2.954741800518199610e-02
-2.953139895427829911e-02
-2.950918470352545050e-02
-2.947914888451320589e-02
-2.943812065110384263e-02
-2.938733136549475169e-02
-2.933058266732859951e-02
-2.926694394579344716e-02
-2.920393712290642388e-02
-2.912912327598320139e-02
-2.904747479450437569e-02
-2.896013169105061610e-02
-2.887365717601371798e-02
-2.878155280356326645e-02
-2.869563016165771474e-02
-2.858306076590482261e-02
-2.845567202555236361e-02
-2.832410949369212894e-02
-2.817189805437117500e-02
-2.800784412785332911e-02
-2.783572806776731315e-02
-2.765851465997426484e-02
-2.747167853646319616e-02
-2.728039610679220545e-02
-2.707590063449703474e-02
-2.686822919605990831e-02
-2.666372520944865557e-02
-2.644981547824712051e-02
-2.623883183558811324e-02
-2.602825596801486285e-02
-2.581427880254955065e-02
-2.562051329297575925e-02
-2.540888285983699743e-02
-2.517805669344881994e-02
-2.490803196313012835e-02
-2.465062621814235327e-02
-2.437904545900721268e-02
-2.408655769299598501e-02
-2.381215420498761920e-02
-2.352429606930593955e-02
-2.322402015812731133e-02
-2.292901164823989493e-02
-2.263706399102347749e-02
-2.233100923755303863e-02
-2.201221255334145921e-02
-2.168483484502432140e-02
-2.137829149996673880e-02
-2.104242032034144699e-02
-2.069904114461590394e-02
-2.034290617779840188e-02
-1.999039626160093591e-02
-1.961267534039009414e-02
-1.923821424413489634e-02
-2.017756628969458524e-02
-2.114260330174136393e-02
-2.212514170772761357e-02
-2.312211800240151355e-02
-2.412282932281265349e-02
-2.515752543049637122e-02
-2.620925544245280778e-02
-2.722879887784353595e-02
-2.820086436987957398e-02
-2.923406883962246031e-02
-3.032328734752366695e-02
-3.142595931530090675e-02
-3.252713253942507432e-02
-3.366404383494997488e-02
-3.480911900623822469e-02
-3.598350528390625164e-02
-3.717136793210200352e-02
-3.837936615225071707e-02
-3.962251581718775895e-02
-4.089623674135483417e-02
-4.212350788406583890e-02
-4.332466756253035983e-02
-4.455393395385655320e-02
-4.584109906296420650e-02
-4.715250420906931528e-02
-4.849827269220491344e-02
-4.985379464636475327e-02
-5.125385228303588891e-02
-5.270572545458163116e-02
-5.413150814275013295e-02
-5.554701556319707051e-02
-5.697203914337804764e-02
-5.846016932602864785e-02
-5.989581585443495143e-02
-6.135737290456873966e-02
-6.284333580985994316e-02
-6.435929524574464378e-02
-6.590435046659974538e-02
-6.749842445131544466e-02
-6.911423481563511162e-02
-7.076205886919940957e-02
-7.241700699017468434e-02
-7.408909397890021953e-02
-7.571753314799366252e-02
-7.735150130366370835e-02
-7.897120503518174905e-02
-8.062452306492021159e-02
-8.226539321359865875e-02
-8.397922521113436456e-02
-8.569344946391964368e-02
-8.744692673226925339e-02
-8.923562911454464841e-02
-9.104239055192263341e-02
-9.287815694258594323e-02
-9.473329395514454299e-02
-9.660725884373695671e-02
-9.846382211564387588e-02
-1.003152278299853095e-01
-1.021984636573525923e-01
-1.041021813430386411e-01
-1.060209493239303719e-01
-1.079318969502277431e-01
-1.098371361259680851e-01
-1.117741667846129938e-01
-1.137367713857964646e-01
-1.156892313137823231e-01
-1.176787233450327652e-01
-1.196501016399133116e-01
-1.216116110063964056e-01
-1.235843447473744944e-01
-1.255560919070586312e-01
-1.275352388294328787e-01
-1.295365945503839378e-01
-1.315711265054992918e-01
-1.336112807834585747e-01
-1.356952792397008722e-01
-1.378051892836132386e-01
-1.399235765206551796e-01
-1.420408220177441228e-01
-1.441683737517281405e-01
-1.462960399015840462e-01
-1.484003603504009394e-01
-1.505185120710228475e-01
-1.526671137760715891e-01
-1.547992441209157244e-01
-1.569273897541756113e-01
-1.590725863227635262e-01
-1.612341260739232618e-01
-1.633925906204315714e-01
-1.655536439558193962e-01
-1.676994923357625900e-01
-1.698209967612812066e-01
-1.719676244348657124e-01
-1.741033587256576864e-01
-1.762575484767804623e-01
-1.784269513330877521e-01
-1.805778637243058982e-01
-1.827517720188880923e-01
-1.849398745571310954e-01
-1.871445079777834253e-01
-1.893365596111810933e-01
-1.915688420852713902e-01
-1.938282776688622366e-01
-1.960778128332713033e-01
-1.983363706379246694e-01
-2.005995400923672733e-01
-2.028658639685935183e-01
-2.051268130393170686e-01
-2.073869683956776622e-01
-2.096540514017516676e-01
-2.117339806320287510e-01
-2.139716668219446283e-01
-2.161173727123158472e-01
-2.179896775247646135e-01
-2.198462304930548783e-01
-2.220025727528768811e-01
-2.241207971650871211e-01
-2.259410449415258926e-01
-2.278568897182323416e-01
-2.295281612861081733e-01
-2.312052749939422225e-01
-2.328697637693722955e-01
-2.345254711901969824e-01
-2.361762878840091284e-01
-2.377015844465555361e-01
-2.394798075065666387e-01
-2.408416346824050203e-01
-2.424052092225133515e-01
-2.441428213694832594e-01
-2.459514711333891657e-01
-2.477517054175389088e-01
-2.495135179687280325e-01
-2.512153562157304343e-01
-2.528382958986146734e-01
-2.545211333114101304e-01
-2.562425652504476958e-01
-2.579429258902761202e-01
-2.596025435227418132e-01
-2.612622662138590623e-01
-2.628931516651494271e-01
-2.645193282654385025e-01
-2.660668525252106176e-01
-2.675825592856516666e-01
-2.690962790864712129e-01
-2.705499883878865752e-01
-2.719555858875232213e-01
-2.733684342856451122e-01
-2.747734952806309416e-01
-2.761652618006829596e-01
-2.775553497407481918e-01
-2.789353879983264006e-01
-2.803122772923771211e-01
-2.816636961393192973e-01
-2.830458687352636060e-01
-2.844626068441737932e-01
-2.858400265816021246e-01
-2.871932051700851196e-01
-2.885767569483673745e-01
-2.899438267312832718e-01
-2.912811885694663316e-01
-2.926445386831696416e-01
-2.939836689961498606e-01
-2.952804021271651091e-01
-2.965516084039584999e-01
-2.978346437517884748e-01
-2.991198697304432441e-01
-3.003885840726370771e-01
-3.016560646111393074e-01
-3.029413208219493003e-01
-3.042042504016931881e-01
-3.054520527904384664e-01
-3.066489160025923089e-01
-3.078316307273005759e-01
-3.090134084513469492e-01
-3.101868331832334236e-01
-3.113659781052245390e-01
-3.125209612144347338e-01
-3.136481645089951309e-01
-3.147738586876658307e-01
-3.158635476511516549e-01
-3.169602281395676457e-01
-3.180460581498509853e-01
-3.191164330579481789e-01
-3.201538971986643278e-01
-3.211656698678292399e-01
-3.221673110592093714e-01
-3.231565122042477367e-01
-3.241225981380585486e-01
-3.250593603147451383e-01
-3.259653707503176734e-01
-3.268247507753314074e-01
-3.276576671600809898e-01
-3.284808359112419418e-01
-3.292762914145058728e-01
-3.300337535299449065e-01
-3.307630121888484598e-01
-3.314727249335822634e-01
-3.321665460093846667e-01
-3.328603256101445029e-01
-3.335484657284677468e-01
-3.342240580042523113e-01
-3.348585159136525102e-01
-3.354913288638117219e-01
-3.361260803034185618e-01
-3.367348393558302067e-01
-3.373364598177925888e-01
-3.379324779816684221e-01
-3.385351035089676497e-01
-3.391397879632008783e-01
-3.397235737251718679e-01
-3.403000652289245864e-01
-3.408602291179503307e-01
-3.413961438780788171e-01
-3.419271117425164985e-01
-3.424481760722360990e-01
-3.429531135324513924e-01
-3.434479630014900531e-01
-3.439158569824158351e-01
-3.443655899442243928e-01
-3.447872340945847269e-01
-3.451883636352955920e-01
-3.455353575711171965e-01
-3.458575292784684674e-01
-3.461305988330887762e-01
-3.463274895961989119e-01
-3.464839102406800930e-01
-3.465785552807723047e-01
-3.466109086715353227e-01
-3.465826777896320876e-01
-3.464837866958112578e-01
-3.464311219856425761e-01
-3.463544406630489347e-01
-3.463708633505322432e-01
-3.464838574075099209e-01
-3.466459576111823315e-01
-3.468514499558159603e-01
-3.470511619377001922e-01
-3.472903083534848445e-01
-3.475783450207933778e-01
-3.478815187756268412e-01
-3.481818403877706691e-01
-3.485076195959682099e-01
-3.488140634731062839e-01
-3.491526885033977567e-01
-3.495280335720024056e-01
-3.499296484288741405e-01
-3.503373111820989871e-01
-3.507964654470087096e-01
-3.512552779242320566e-01
-3.517333678544185549e-01
-3.522776875735160185e-01
-3.528276581208187879e-01
-3.533885423330277442e-01
-3.539492478776730677e-01
-3.545636865713229224e-01
-3.551819137170129093e-01
-3.558738529295617514e-01
-3.565537874149695696e-01
-3.572828369153653871e-01
-3.580536069025181956e-01
-3.588314755824313362e-01
-3.595604496370412573e-01
-3.602464357189461008e-01
-3.609539636708775090e-01
-3.615858522220350979e-01
-3.622817900494312848e-01
-3.629352832351678826e-01
-3.635669736462087687e-01
-3.642084067960318916e-01
-3.647803802078359303e-01
-3.653321862091619687e-01
-3.658691535735398292e-01
-3.663180600980733836e-01
-3.667107757788249933e-01
-3.670523389256518665e-01
-3.673801307458715026e-01
-3.677318308238072819e-01
-3.680903973490278203e-01
-3.684855522899329605e-01
-3.689008865410698390e-01
-3.693547520754125735e-01
-3.698093845665380575e-01
-3.702006340795975237e-01
-3.705844558391962473e-01
-3.709112231488648770e-01
-3.712128513495835946e-01
-3.714851976983962190e-01
-3.717754857474996344e-01
-3.720452195302266785e-01
-3.723063986394068436e-01
-3.725122799358084880e-01
-3.727096516082712419e-01
-3.729693299602629408e-01
-3.732970758519197907e-01
-3.736321968723038678e-01
-3.739411526594866864e-01
-3.743259610091815293e-01
-3.747390130621569559e-01
-3.752120601455972704e-01
-3.757102140108576349e-01
-3.761641839663939502e-01
-3.766357018977394278e-01
-3.771177692351116439e-01
-3.775916477215754963e-01
-3.780955549913487812e-01
-3.785739868900614979e-01
-3.790507964233646998e-01
-3.795607210595197678e-01
-3.800825119390831563e-01
-3.805756934496508093e-01
-3.810477995953048258e-01
-3.815188726633494398e-01
-3.820958467532967195e-01
-3.827314143028678339e-01
-3.834292914780680905e-01
-3.841407953035204104e-01
-3.847875848312147795e-01
-3.854653347881529801e-01
-3.861630182965312685e-01
-3.868542070912804887e-01
-3.875184847907753305e-01
-3.882029302165088125e-01
-3.888520979362102281e-01
-3.894732663923928251e-01
-3.901157639343345029e-01
-3.907290143584417064e-01
-3.913005847703710516e-01
-3.918054919657253388e-01
-3.922450158139715870e-01
-3.926323404956982843e-01
-3.929726278282049123e-01
-3.933951102205248684e-01
-3.938050697834806768e-01
-3.942423813751482764e-01
-3.946798772998365568e-01
-3.951031505994943571e-01
-3.955249185467675233e-01
-3.959007590172931024e-01
-3.962906491798565689e-01
-3.967041726681578284e-01
-3.971307883877733258e-01
-3.975394217533424479e-01
-3.979506024620410032e-01
-3.983824325409410227e-01
-3.988304233121643949e-01
-3.992771954007064417e-01
-3.997942138822872526e-01
-4.003475748279943791e-01
-4.009093009769998939e-01
-4.014480368977487723e-01
-4.020161220455118478e-01
-4.026303864152758205e-01
-4.032507427534814393e-01
-4.038920835305148671e-01
-4.045041015183997168e-01
-4.050880870904245978e-01
-4.056814933538337442e-01
-4.062728219067381907e-01
-4.068318409780747880e-01
-4.073758270851017826e-01
-4.078892715037573669e-01
-4.084322805576864890e-01
-4.089581815413846910e-01
-4.094435826940719947e-01
-4.098664352585122961e-01
-4.102765003914543018e-01
-4.106632320935577063e-01
-4.110774278068661802e-01
-4.115188258832480073e-01
-4.119174025238214187e-01
-4.122752948248004645e-01
-4.126653534259174805e-01
-4.130151565485648546e-01
-4.134123554456320404e-01
-4.137636602943002284e-01
-4.140690775765084597e-01
-4.144676751045328622e-01
-4.148461272292630064e-01
-4.151844134667929676e-01
-4.154896874235021742e-01
-4.157686792441780410e-01
-4.159997751850554315e-01
-4.162033532132138336e-01
-4.164029315732317715e-01
-4.165733762385636085e-01
-4.167236932734813548e-01
-4.168180533461886550e-01
-4.168877530807574838e-01
-4.169857112485839123e-01
-4.170795419762828860e-01
-4.171382291479485138e-01
-4.172169315294007030e-01
-4.173231411731171403e-01
-4.174230775042343522e-01
-4.175594195781756057e-01
-4.177112886894970845e-01
-4.178996891126595115e-01
-4.181335434573889009e-01
-4.183658586339019658e-01
-4.185441853505217913e-01
-4.187314180988689905e-01
-4.189187443398385002e-01
-4.191228412947972659e-01
-4.193262260895117555e-01
-4.195074501830838298e-01
-4.196949321502707608e-01
-4.199036981853002115e-01
-4.201057030739883125e-01
-4.202749911085988388e-01
-4.204677114097473134e-01
-4.206472750443603914e-01
-4.208279968988946074e-01
-4.209879817615667097e-01
-4.211472103526773259e-01
-4.213303634494787731e-01
-4.215132348164118414e-01
-4.216691610282009561e-01
-4.217839548109805214e-01
-4.219236111722391991e-01
-4.220730507703435164e-01
-4.222301099570450744e-01
-4.223699983675289760e-01
-4.225250259244565099e-01
-4.226798194468954772e-01
-4.228567381016790638e-01
-4.230274967697398858e-01
-4.231987331302913824e-01
-4.233654634056127075e-01
-4.235037300486434453e-01
-4.236276288409662749e-01
-4.237473162444742592e-01
-4.238852150017197173e-01
-4.240350950485318182e-01
-4.241879256456268510e-01
-4.243441116441571959e-01
-4.245037338392203541e-01
-4.246618213887062288e-01
-4.248072836617806658e-01
-4.249373958228127579e-01
-4.250520447016871706e-01
-4.251568769279928106e-01
-4.252459067086593603e-01
-4.253255151192370520e-01
-4.253990291524766820e-01
-4.254670855876463986e-01
-4.255322140765199213e-01
-4.255932951077293636e-01
-4.256511957730149676e-01
-4.257043757740100465e-01
-4.257494587173278333e-01
-4.257888795759217082e-01
-4.258233540823728736e-01
-4.258495510874590884e-01
-4.258663021336516197e-01
-4.258729283090504913e-01
-4.258723886862042507e-01
-4.258633481792177267e-01
-4.258445649771840924e-01
-4.258168291917611703e-01
-4.257787931508106860e-01
-4.257347969868522930e-01
-4.256874574800181832e-01
-4.256316413256309716e-01
-4.255757644428087016e-01
-4.255150508860300884e-01
-4.254458903914489221e-01
-4.253650477981866795e-01
-4.252908249680609210e-01
-4.251999887969205583e-01
-4.251120591737217458e-01
-4.250241027904350100e-01
-4.249410284068721455e-01
-4.248550097446944784e-01
-4.247542725037564137e-01
-4.246303518558670054e-01
-4.245063255710777028e-01
-4.243704624180278939e-01
-4.242214172371878145e-01
-4.240627092990580937e-01
-4.239067352637903019e-01
-4.237478550057409699e-01
-4.235907116116410798e-01
-4.234417239444700498e-01
-4.232972586410720939e-01
-4.231599226726863172e-01
-4.230356425514135155e-01
-4.229166664617176052e-01
-4.228038678417243568e-01
-4.226808637889254427e-01
-4.225674239142160338e-01
-4.224425529924571432e-01
-4.223074115148592322e-01
-4.221950964535759465e-01
-4.220712964401638900e-01
-4.219128831094794974e-01
-4.217210604780851635e-01
-4.215054650136384473e-01
-4.213078166072285469e-01
-4.211032385037596359e-01
-4.208896451020173179e-01
-4.206666180481214434e-01
-4.204398502278909877e-01
-4.202252079612426860e-01
-4.200256688942162198e-01
-4.198090369921042009e-01
-4.195858497381229069e-01
-4.193351746804628855e-01
-4.190774622577650432e-01
-4.187941485411869613e-01
-4.184935833037826680e-01
-4.181784613308305865e-01
-4.178740561540562060e-01
-4.175916802660484817e-01
-4.173226315613586257e-01
-4.170572219318760543e-01
-4.167918210771939247e-01
-4.165274043774197521e-01
-4.162606570381472415e-01
-4.160133604572255894e-01
-4.157552175036609565e-01
-4.155155101463086087e-01
-4.152861876133424612e-01
-4.150233837691499339e-01
-4.147648183921153198e-01
-4.145285047564665759e-01
-4.142810025020970954e-01
-4.140367827587041472e-01
-4.137903574711349619e-01
-4.135504805676493700e-01
-4.133479992117958246e-01
-4.131421258168667676e-01
-4.129252189573963672e-01
-4.126854385714114337e-01
-4.124709047509778070e-01
-4.122496858061889813e-01
-4.120057872861314641e-01
-4.117769853625087295e-01
-4.115058194993337914e-01
-4.112306208790105777e-01
-4.109745672449532927e-01
-4.107393823283349565e-01
-4.105321910285320008e-01
-4.103353414842785818e-01
-4.101037986975536453e-01
-4.098394801629223760e-01
-4.095698386330728358e-01
-4.093172050284772934e-01
-4.090417246388995398e-01
-4.087489107298006297e-01
-4.084509312590389185e-01
-4.081529017310092100e-01
-4.078526557203667746e-01
-4.075625841522384496e-01
-4.072758702686059551e-01
-4.070303730311680690e-01
-4.068046251458751206e-01
-4.065808909385881798e-01
-4.063568009598843012e-01
-4.061049581883409143e-01
-4.058214561384725361e-01
-4.055129123889689713e-01
-4.051910533831452055e-01
-4.048689290199927737e-01
-4.045459593943596110e-01
-4.042108178225536919e-01
-4.038583668699948226e-01
-4.034618309977852646e-01
-4.031302273886934739e-01
-4.027802582957176747e-01
-4.024125544940930221e-01
-4.020612728152712090e-01
-4.017610302260207766e-01
-4.014587189222688646e-01
-4.011708095854440992e-01
-4.008706822920170554e-01
-4.005884397403092767e-01
-4.003015347918167377e-01
-4.000271689389713892e-01
-3.997013747434472464e-01
-3.993880067661119138e-01
-3.991166073481390852e-01
-3.988059936164821129e-01
-3.985078582664489666e-01
-3.982494223927820487e-01
-3.980208764090047424e-01
-3.977907391390132497e-01
-3.975508738667607456e-01
-3.973093466202298196e-01
-3.970972968487922472e-01
-3.968732322296873449e-01
-3.966230057814727483e-01
-3.963767543725558173e-01
-3.961383279571030758e-01
-3.958934292578666359e-01
-3.956594556062572599e-01
-3.954479236017647281e-01
-3.952136845971082058e-01
-3.949774534001038173e-01
-3.947132318177700161e-01
-3.944835509467148893e-01
-3.942689909108357815e-01
-3.940834209155304468e-01
-3.938976846306611601e-01
-3.936758139945938373e-01
-3.934315245177036902e-01
-3.932403424421213600e-01
-3.930987342590993583e-01
-3.929512288699302247e-01
-3.927427863554654452e-01
-3.925538142967680555e-01
-3.923276545319219211e-01
-3.920897147614185174e-01
-3.918696763022689322e-01
-3.915851979976455732e-01
-3.913088257555885630e-01
-3.910238951386945105e-01
-3.907373421056537510e-01
-3.904417391186280617e-01
-3.901193516640338865e-01
-3.898260829995703336e-01
-3.895113331160146575e-01
-3.892093914583799608e-01
-3.889109791237397862e-01
-3.886801057662415682e-01
-3.884370239971548511e-01
-3.881768283624051907e-01
-3.879184518866798936e-01
-3.876509535348022228e-01
-3.873657929134575739e-01
-3.870539577675037313e-01
-3.867267050391874905e-01
-3.863994104426878295e-01
-3.861259325975628931e-01
-3.858499155677065362e-01
-3.855804739712272999e-01
-3.852751278953169267e-01
-3.849574513486673233e-01
-3.846431479609100368e-01
-3.843212603317990306e-01
-3.839938986391050468e-01
-3.836901190517976179e-01
-3.833653393567469925e-01
-3.830747457449877880e-01
-3.828146116641540364e-01
-3.824761060332977358e-01
-3.821443378495992804e-01
-3.817821382007470232e-01
-3.813681647959309418e-01
-3.809428983098438470e-01
-3.804879040044856220e-01
-3.800540310784741305e-01
-3.795901159647729894e-01
-3.791446216683070913e-01
-3.810617980759916090e-01
-3.828467624601203934e-01
-3.846175424931973508e-01
-3.864631047476801973e-01
-3.884376836423779622e-01
-3.905071519633788735e-01
-3.925339455645373565e-01
-3.943049081316608029e-01
-3.963926285730520749e-01
-3.983361585953609230e-01
-4.004297719360191965e-01
-4.025871695958387342e-01
-4.046417519165242949e-01
-4.067838176684095419e-01
-4.089692337391818144e-01
-4.110952107655744259e-01
-4.133144432605723728e-01
-4.155282845843159545e-01
-4.177574332410102786e-01
-4.198932982838498029e-01
-4.219933791699632120e-01
-4.240825515237276466e-01
-4.261961715993154431e-01
-4.283045663202175168e-01
-4.304077868816780228e-01
-4.325011902555849774e-01
-4.345805711292718421e-01
-4.366894861638896952e-01
-4.387576890790936268e-01
-4.407129524969765066e-01
-4.427317877721416162e-01
-4.447985993980858033e-01
-4.466761574275877056e-01
-4.488202375155486701e-01
-4.505419441240831602e-01
-4.522064762412014161e-01
-4.541691240193530543e-01
-4.561034365889859443e-01
-4.577452680384183070e-01
-4.594201330005308614e-01
-4.611393727113873298e-01
-4.627298031783360632e-01
-4.644723769783398737e-01
-4.659685882206856533e-01
-4.672654388815095650e-01
-4.686929918730763922e-01
-4.701719869654660267e-01
-4.711889694477909840e-01
-4.719493859658689394e-01
-4.723023946120095684e-01
-4.738710965134426134e-01
-4.737775974475262331e-01
-4.738529684538461129e-01
-4.739309782339332644e-01
-4.737774918077238273e-01
-4.736692777864411896e-01
-4.749404097642424549e-01
-4.755045346068767498e-01
-4.765200069460105992e-01
-4.771989491438405895e-01
-4.783456038218082962e-01
-4.794123860385877678e-01
-4.804757100337671005e-01
-4.814957973514938927e-01
-4.824334649529317676e-01
-4.833945446468646545e-01
-4.841286300988064117e-01
-4.850096449893684936e-01
-4.858137128793305060e-01
-4.866273183418897141e-01
-4.869484435737111427e-01
-4.876956944302515695e-01
-4.884395251518250936e-01
-4.891429356601100231e-01
-4.898227153662639832e-01
-4.904711587186262878e-01
-4.911459142995124871e-01
-4.918200492166424076e-01
-4.924654675864124642e-01
-4.931035061107694184e-01
-4.935828107413712251e-01
-4.941827402111982348e-01
-4.947609044920910359e-01
-4.953225867838239038e-01
-4.958594930578527626e-01
-4.963814242641679808e-01
-4.968805920791800612e-01
-4.973529859174564693e-01
-4.977881024986018366e-01
-4.982061012860083404e-01
-4.986116416041146415e-01
-4.989978084363690947e-01
-4.993612542109446273e-01
-4.997044680514463599e-01
-5.000266364098545635e-01
-5.003297855774103686e-01
-5.006130594552782309e-01
-5.008779497821819193e-01
-5.011219778074885722e-01
-5.013459427695583503e-01
-5.015481899548318578e-01
-5.017298221193502439e-01
-5.018913629122406794e-01
-5.020321282749107272e-01
-5.021507651402821182e-01
-5.022493135892384108e-01
-5.023294414468592040e-01
-5.023896070368113476e-01
-5.024284936116124589e-01
-5.024488896639438540e-01
-5.024506899153726724e-01
-5.024356197209185471e-01
-5.024005553325743278e-01
-5.023493935938858623e-01
-5.022775604334226429e-01
-5.021937933300618662e-01
-5.020926105379054372e-01
-5.019784461413250298e-01
-5.018470681131876887e-01
-5.017033970039649349e-01
-5.015456915886916667e-01
-5.013753193054806268e-01
-5.011839457444554613e-01
-5.009730280658806212e-01
-5.007465211129186189e-01
-5.004929511745620507e-01
-5.002283207857228797e-01
-4.999530714059919889e-01
-4.996636551531057346e-01
-4.993658116231339261e-01
-4.990553804710594066e-01
-4.987345077252499648e-01
-4.984008041241496101e-01
-4.980580865799212331e-01
-4.977021732763931006e-01
-4.973331675156738574e-01
-4.969481601121550352e-01
-4.965492983876043653e-01
-4.961299403761620930e-01
-4.956893385223590798e-01
-4.952425772563169848e-01
-4.947665870894696338e-01
-4.942782074265864578e-01
-4.937695593085742463e-01
-4.932474219575293528e-01
-4.927196199481075345e-01
-4.921938506852213679e-01
-4.916630904500541854e-01
-4.911338710059702795e-01
-4.905928280939061970e-01
-4.900344622150365481e-01
-4.894749925222267040e-01
-4.889107686284162591e-01
-4.883310685661148010e-01
-4.877290492388514087e-01
-4.871118532950713953e-01
-4.864865244903875952e-01
-4.858519332208519614e-01
-4.852178344907824292e-01
-4.845721602801909000e-01
-4.839154155501378951e-01
-4.832607893651073572e-01
-4.825787889085433324e-01
-4.818882145091717417e-01
-4.811975690384109328e-01
-4.804913882408687886e-01
-4.797760626771967463e-01
-4.790634188701743956e-01
-4.783413657304752542e-01
-4.776062972889080771e-01
-4.768632260116347776e-01
-4.760963062433191673e-01
-4.753110081071904580e-01
-4.744980525818965345e-01
-4.736729315475442514e-01
-4.728334186011818874e-01
-4.719862963579218307e-01
-4.711329734812238490e-01
-4.702568432271134746e-01
-4.693674700109564668e-01
-4.684705671001244687e-01
-4.675459464212181615e-01
-4.666054869133290928e-01
-4.656564104775434698e-01
-4.647176417138499938e-01
-4.637526309977056393e-01
-4.627757311269365403e-01
-4.617996907720818833e-01
-4.608182969962901221e-01
-4.598393733046406973e-01
-4.588482899507073109e-01
-4.578611365961051671e-01
-4.568782578331954114e-01
-4.558766310631897078e-01
-4.549229583893529827e-01
-4.539411019112623014e-01
-4.529963269952992921e-01
-4.519428211002352591e-01
-4.509011315112855245e-01
-4.498452641550594877e-01
3.999995300928472219e-01
3.999995149068699685e-01
3.996794925442215263e-01
3.995966589022330595e-01
3.995402494734037746e-01
3.995115237736762692e-01
3.995081037008138547e-01
3.995272571372247006e-01
3.995686114949665302e-01
3.996395112776831016e-01
3.997406680071597940e-01
3.998698330605431894e-01
4.000155189600680394e-01
4.001763990504619839e-01
4.003656798974591369e-01
4.005658907628726895e-01
4.008054649881362952e-01
4.010881796738777760e-01
4.013796621302916923e-01
4.016989552357134174e-01
4.020374594310124339e-01
4.023928911183380919e-01
4.027339365758519363e-01
4.030855412494626644e-01
4.034760286520647221e-01
4.038576812819252848e-01
4.042186253754607161e-01
4.046570556223143544e-01
4.051452764549342000e-01
4.056514826910996296e-01
4.061325308083651442e-01
4.065768230832932373e-01
4.070095473113472528e-01
4.074723382965843022e-01
4.084018538717637536e-01
4.100298623323389013e-01
4.106266381264520038e-01
3.999997884049243946e-01
3.999997736027028905e-01
3.998736446856296367e-01
3.998503345640556650e-01
3.998521490644211251e-01
3.998822353609311486e-01
3.999444837357122307e-01
4.000443649779290012e-01
4.001727415219793471e-01
4.003291476402062177e-01
4.005039520515341622e-01
4.007129126088179172e-01
4.009574864409443107e-01
4.012523446662265014e-01
4.015982158273025404e-01
4.019612688267922840e-01
4.023441406084518612e-01
4.027716334896703776e-01
4.032179176139448762e-01
4.036719312117984515e-01
4.041497401077406848e-01
4.046431687319946846e-01
4.051582192560901352e-01
4.056677062618297969e-01
4.062349253542822947e-01
4.067864144636629264e-01
4.073759454355553866e-01
4.079629083950991886e-01
4.085360798747310618e-01
4.091033444373553540e-01
4.096729108502449868e-01
4.102639272743161536e-01
4.108031539426089118e-01
4.112866503704957766e-01
4.117362471856159667e-01
4.122278899657868534e-01
4.127529379483281247e-01
4.133012804021867215e-01
4.138484127159168802e-01
4.143806886419753588e-01
4.149583570696800394e-01
4.155493277396882790e-01
4.161082068894902952e-01
4.166827976533476474e-01
4.172838494747030391e-01
4.178718238313883782e-01
4.184352435580036000e-01
4.189641074614547378e-01
4.195003611979668534e-01
4.200632741016989691e-01
4.206134374707528045e-01
4.211450690260448715e-01
4.216862154365269566e-01
4.222537348876629903e-01
4.228510576165123158e-01
4.234631021550286922e-01
4.240727470224694429e-01
4.246891491269288443e-01
4.252894638480818057e-01
4.259645594301984528e-01
4.266343233552454817e-01
4.273487982202695545e-01
4.280390982214343776e-01
4.287096965583035990e-01
4.294600499804664961e-01
4.301956403676535645e-01
4.309548228717611784e-01
4.317850584897117705e-01
4.326674019629336287e-01
4.334823853567821850e-01
4.342740345102563126e-01
4.350183320233346196e-01
4.357734086067059365e-01
4.365674580372341795e-01
4.374064276022230913e-01
4.381935389365327338e-01
4.389889002016644781e-01
4.397640707876050992e-01
4.405300926061472833e-01
4.412986465321095397e-01
4.420704067947512361e-01
4.428676996578264635e-01
4.437059008485081946e-01
4.445414163578931266e-01
4.454369927303329924e-01
4.463074340789061067e-01
4.471818590668457660e-01
4.480700880007691400e-01
4.490097169059640847e-01
4.498772094692968793e-01
4.507479897022605431e-01
4.516354121281064282e-01
4.525344035037157653e-01
4.534052706055088366e-01
4.542403647690637092e-01
4.550921066377444091e-01
4.559452826163929440e-01
4.568589428874146319e-01
4.578023138400194592e-01
4.587453322892788288e-01
4.596757541036775585e-01
4.605815332226268488e-01
4.615145384845998344e-01
4.624412903852086476e-01
4.633017849204453809e-01
4.640978252989752528e-01
4.649150495484500878e-01
4.657604306089572210e-01
4.665916292760457496e-01
4.674042040285896205e-01
4.682137347579432562e-01
4.690248543036361628e-01
4.698433901372119914e-01
4.707120892933898126e-01
4.716202089899554917e-01
4.724378111298134786e-01
4.732683038530569597e-01
4.740988453534024094e-01
4.749203512109301251e-01
4.756973282577818263e-01
4.764829878057818546e-01
4.773060678797576561e-01
4.780984207851336487e-01
4.788737416355408061e-01
4.796738827817747519e-01
4.804389907607825028e-01
4.812014730722059541e-01
4.819355890188504743e-01
4.826697798481545676e-01
4.834608727744043599e-01
4.842676595146697682e-01
4.849729129305963005e-01
4.856475982812077929e-01
4.862728748712040194e-01
4.868612960707100479e-01
4.875391148783690398e-01
4.881986933830127495e-01
4.888264561300768030e-01
4.894494031462338635e-01
4.900567650227535821e-01
4.906086297813802566e-01
4.910782706957180777e-01
4.915639491506388348e-01
4.920716873811901704e-01
4.925736364628028885e-01
4.931020855987209295e-01
4.936150118821754917e-01
4.941388040499596346e-01
4.947216638961859370e-01
4.953089376623593942e-01
4.958999863920099949e-01
4.964258869401932395e-01
4.968679383918335746e-01
4.973033123025122904e-01
4.977869080306643879e-01
4.982095266114826004e-01
4.986302149080132917e-01
4.990845991576546847e-01
4.995660291118970142e-01
5.000253700433333615e-01
5.004937248951919493e-01
5.009826087873673339e-01
5.014732544140753090e-01
5.019883660069800468e-01
5.024907189832014121e-01
5.029968275831236957e-01
5.034613556263689560e-01
5.039416909236731357e-01
5.044600877546203677e-01
5.050242982567738625e-01
5.055345745813627500e-01
5.060451785998837382e-01
5.065236048533111601e-01
5.070096163312284299e-01
5.074851656877277239e-01
5.079877694803245358e-01
5.084675146697752446e-01
5.089743607442364093e-01
5.095580344777675963e-01
5.100982555952916497e-01
5.107043662890095037e-01
5.113828219923782781e-01
5.120702369995656644e-01
5.128035074351112721e-01
5.135402230064628482e-01
5.143131458600708195e-01
5.150876427821526882e-01
5.158584401255765783e-01
5.166264205745667581e-01
5.173195737309587150e-01
5.180023074819464224e-01
5.186444887926111580e-01
5.192934836623243067e-01
5.199060781414202026e-01
5.204629871762528337e-01
5.210556208964965963e-01
5.216348398966589306e-01
5.221831790179103372e-01
5.227803051490866881e-01
5.233648856422027373e-01
5.239816148077325320e-01
5.245996107073256365e-01
5.252062627238268666e-01
5.257993686989967941e-01
5.263946212590779883e-01
5.269486858940257701e-01
5.274266401445505403e-01
5.278994944043137183e-01
5.283862845038476141e-01
5.288650247408763772e-01
5.293417007884045900e-01
5.298101112819159075e-01
5.302894513114295716e-01
5.307601188977828510e-01
5.311707966375491807e-01
5.315646434724564662e-01
5.319550239712226292e-01
5.323871081855324761e-01
5.328589096694366090e-01
5.333000122299316192e-01
5.336721831323287812e-01
5.340177854528559420e-01
5.343942604222867709e-01
5.347595595572433025e-01
5.351310053658606680e-01
5.355177702007992702e-01
5.359466935119852060e-01
5.363935280495311098e-01
5.368511421582237153e-01
5.372704253739668534e-01
5.376946356039898900e-01
5.380924743081884065e-01
5.384870393188421200e-01
5.389126619832481646e-01
5.393104162435938820e-01
5.397028423907020978e-01
5.400864492268122596e-01
5.404556018868115208e-01
5.408479759230723216e-01
5.412878899847357594e-01
5.417202015961126715e-01
5.422619832637340931e-01
5.427549124213439935e-01
5.432620962410897869e-01
5.437960675527869769e-01
5.443061227899241850e-01
5.448328452210947637e-01
5.453612706967383428e-01
5.458377836946843864e-01
5.463195543366232698e-01
5.468262329758557527e-01
5.472818758026605224e-01
5.477424124523339044e-01
5.482346241949542787e-01
5.487642279356266251e-01
5.492280513354597105e-01
5.496858677684429706e-01
5.501597787354811642e-01
5.506780298167488485e-01
5.511233213113128082e-01
5.516260198096870626e-01
5.521719154817568143e-01
5.527538755159100425e-01
5.533807809822695045e-01
5.539850005075384054e-01
5.545475748597318288e-01
5.551454053200978178e-01
5.557355437702518053e-01
5.564220976328010382e-01
5.571267338861227714e-01
5.578373508805171133e-01
5.585822762563943389e-01
5.593598487268189867e-01
5.601083156254144102e-01
5.609051876273215553e-01
5.616682562477512963e-01
5.623898971119822843e-01
5.631520095420761152e-01
5.639186148584000025e-01
5.646698683343267522e-01
5.654470373867410693e-01
5.661584483424916270e-01
5.668102010802953394e-01
5.674766220560472085e-01
5.702577920460076832e-01
-2.413630007530986498e-06
-2.429511888076936129e-06
-1.514855652073873260e-03
-3.074769743255018929e-03
-4.545368584463227966e-03
-5.713507455146850378e-03
-6.898634566315760622e-03
-8.025813236108904694e-03
-9.273526156742628243e-03
-1.023650613408920960e-02
-1.117347617102570391e-02
-1.209317791923559399e-02
-1.299230665507786209e-02
-1.372235585835000077e-02
-1.439083995872621202e-02
-1.495585759536042711e-02
-1.549471856211073056e-02
-1.598746304507860788e-02
-1.643462433914684787e-02
-1.685760257171548676e-02
-1.721479039189918389e-02
-1.752921926684352510e-02
-1.778529734866722209e-02
-1.799256631966856049e-02
-1.814766992828112380e-02
-1.825623305206927616e-02
-1.831273119460555612e-02
-1.831836436892820760e-02
-1.827519408604722992e-02
-1.818078030504117343e-02
-1.803821964962114971e-02
-1.784175788256469122e-02
-1.759826068809193164e-02
-1.731587771708135298e-02
-1.698256153374255034e-02
-1.661001860037177383e-02
-1.619012749708410165e-02
-1.572322100273213299e-02
-1.521911390065300469e-02
-1.468052451318050712e-02
-1.408159280789560673e-02
-1.344843967373336897e-02
-1.280337912597049460e-02
-1.210351212849908667e-02
-1.137176242216237851e-02
-1.059675181663624101e-02
-9.816447731860709902e-03
-8.987311148645449679e-03
-8.125412302187476690e-03
-7.253294061107956776e-03
-6.350504040650521015e-03
-5.408553201009208382e-03
-4.451756205692831113e-03
-3.470576606790104664e-03
-2.480654289913919799e-03
-1.482196005775321705e-03
-4.475491301386124452e-04
6.249633902198938051e-04
1.696662859648557023e-03
2.789271978036008803e-03
3.923509064859098498e-03
5.086403785761452190e-03
6.222916843061088166e-03
7.429510719974821362e-03
8.593562277383129389e-03
9.764214536048436768e-03
1.094973790792191579e-02
1.221681101740790081e-02
1.347198211309696102e-02
1.475614491035214665e-02
1.604930381137221335e-02
1.739314872626637060e-02
1.879474082541536528e-02
2.017354838214456547e-02
2.156412642732753043e-02
2.297900262884933903e-02
2.442623346572347920e-02
2.583587670172152184e-02
2.727716063628151527e-02
2.872397431523092057e-02
3.012911898942425420e-02
3.156529457604982658e-02
3.301740178736110171e-02
3.450193968191186261e-02
3.602166426212596168e-02
3.753419827812232851e-02
3.909323693836030261e-02
4.068372549858651627e-02
4.229277275037674616e-02
4.394872403283367479e-02
4.560204545284355510e-02
4.725536381388697332e-02
4.890279397928839339e-02
5.055903110443063508e-02
5.220597801318051928e-02
5.388950376122846053e-02
5.555664429658822151e-02
5.721844754804166627e-02
5.889924564914940375e-02
6.056358755822324053e-02
6.226223261613419296e-02
6.397931786381466646e-02
6.572170520891287837e-02
6.746327001954877112e-02
6.919793245380853608e-02
7.094919708463688635e-02
7.271874922473023362e-02
7.447118687771947521e-02
7.619871129360010487e-02
7.800079846715386733e-02
7.985843904572742513e-02
8.171160684960823706e-02
8.361095952939091858e-02
8.554743045594484507e-02
8.751037739294920126e-02
8.951483693040451772e-02
9.154393211620112658e-02
9.358722534295339790e-02
9.559275951054745091e-02
9.762952297600997753e-02
9.965846020358828938e-02
1.017052338982826487e-01
1.037574931416865992e-01
1.058946404631304905e-01
1.080433487132209380e-01
1.102267402882916442e-01
1.123905109444033462e-01
1.145368138130605506e-01
1.167180765680836396e-01
1.189195640084621253e-01
1.211473143728774710e-01
1.233818033399298464e-01
1.256482086335678761e-01
1.278843682703022233e-01
1.300950929840222758e-01
1.323101274953797646e-01
1.345206419734136793e-01
1.367396249760854388e-01
1.389709027744492342e-01
1.411886429523827868e-01
1.434014298098345297e-01
1.456290308992634064e-01
