-2.000030113164223688e-01
-2.000030273383708590e-01
-2.018703260400893928e-01
-2.014648643259302763e-01
-2.010689080677455498e-01
-2.030739658107595935e-01
-2.026720569128607763e-01
-2.022605658960390240e-01
-2.018532388785836407e-01
-2.014200295052658296e-01
-2.009941669908534845e-01
-2.005055139193621105e-01
-1.999996937358428373e-01
-1.994630786554025259e-01
-1.989226274413304074e-01
-1.983422760778028870e-01
-1.977440465936794733e-01
-1.970727046882871925e-01
-1.963669888132797414e-01
-1.956148394147879943e-01
-1.948888957032237079e-01
-1.941534878411639853e-01
-1.934215708842947634e-01
-1.927084378156750377e-01
-1.920039556690781302e-01
-1.913318367713491841e-01
-1.906937444335104759e-01
-1.900550501447975105e-01
-1.894546727466779323e-01
-1.888663518582050227e-01
-1.882394540980544262e-01
-1.876374169528862434e-01
-1.870790981561530064e-01
-1.865167774223494834e-01
-1.860234584228376287e-01
-1.854952106159520053e-01
-1.850316008105240551e-01
-1.845858570961224632e-01
-1.841586813429768321e-01
-1.837034515036902182e-01
-1.833069125685441725e-01
-1.829307195653054052e-01
-1.824720552352731007e-01
-1.819665722973190791e-01
-1.814729436536401397e-01
-1.810560798982232822e-01
-1.806304329653535823e-01
-1.802067628584364534e-01
-1.798010555226550455e-01
-1.794512168191539636e-01
-1.790607993806392906e-01
-1.787094397536239387e-01
-1.783476949803512179e-01
-1.779684504846034410e-01
-1.775903594404373287e-01
-1.772902822330698069e-01
-1.769903928552924721e-01
-1.766809994096930347e-01
-1.763893098949244342e-01
-1.761418470483934740e-01
-1.758505974754775436e-01
-1.756068578841726568e-01
-1.753249756483281629e-01
-1.751167517187887934e-01
-1.748734251787312788e-01
-1.745955549509082272e-01
-1.743127063393613008e-01
-1.739712143678860123e-01
-1.736283436463134655e-01
-1.732492648937195012e-01
-1.728768173083432003e-01
-1.724660762717631912e-01
-1.721010668369442054e-01
-1.717306229990520350e-01
-1.713172905760438069e-01
-1.708706507731388435e-01
-1.703837293123610097e-01
-1.698901052404471479e-01
-1.694431461217109913e-01
-1.690400881259100652e-01
-1.686345568016757723e-01
-1.682404534104933458e-01
-1.678421339418937341e-01
-1.674282450798184330e-01
-1.670555408680848564e-01
-1.667012959132042338e-01
-1.663382799955223923e-01
-1.659316461595123082e-01
-1.655149921868388219e-01
-1.651261196807033149e-01
-1.646900754135836031e-01
-1.642817421131048672e-01
-1.638434880214655054e-01
-1.633824721769910060e-01
-1.629027656513666877e-01
-1.624449576854003485e-01
-1.619455551466285892e-01
-1.613801265433964793e-01
-1.608299476011339491e-01
-1.602568789920199299e-01
-1.596620073986461941e-01
-1.590879209307131670e-01
-1.585252103144830504e-01
-1.579756312807531204e-01
-1.574823882114245732e-01
-1.569933891509648349e-01
-1.565621580222602560e-01
-1.561051300556337285e-01
-1.556753029053991599e-01
-1.552687040758302939e-01
-1.548880538433026754e-01
-1.545031375887821745e-01
-1.540962485016918182e-01
-1.537258058646364389e-01
-1.533409203760755513e-01
-1.529515881975166969e-01
-1.525123838157287914e-01
-1.520886020109030456e-01
-1.517119341523506804e-01
-1.513952817996986888e-01
-1.510729957172499416e-01
-1.507882769806219714e-01
-1.505014579766644767e-01
-1.502404561806827132e-01
-1.499900244432560703e-01
-1.496801833074777321e-01
-1.493785813910710469e-01
-1.490965940598461825e-01
-1.487213620636680111e-01
-1.483891625323037200e-01
-1.480042673281604659e-01
-1.476000278481188754e-01
-1.471755794631598169e-01
-1.467572447518034617e-01
-1.463088725510579557e-01
-1.458825298238087820e-01
-1.454575542709490854e-01
-1.450404310971687427e-01
-1.445937361009572986e-01
-1.441760943487537805e-01
-1.438076107616805821e-01
-1.434381372178876457e-01
-1.430400235459167724e-01
-1.426237844714511871e-01
-1.421480713010239982e-01
-1.416858508091038138e-01
-1.412125835478360292e-01
-1.407441202888794485e-01
-1.402521363132933907e-01
-1.397441459042725320e-01
-1.392184134245577631e-01
-1.386862066370522784e-01
-1.381690211710913108e-01
-1.376354339240276337e-01
-1.371040122151732654e-01
-1.365774248220819331e-01
-1.360560428870510041e-01
-1.355590611036987525e-01
-1.350259513549783297e-01
-1.345168164977209313e-01
-1.339669102149522451e-01
-1.334585848220584958e-01
-1.329303374353815737e-01
-1.324188705345123729e-01
-1.319243132548248154e-01
-1.313778173715383635e-01
-1.308548142307698059e-01
-1.302901091362014263e-01
-1.297180481209118386e-01
-1.291596845720433817e-01
-1.286219281868335174e-01
-1.280943460436010928e-01
-1.276250234948230755e-01
-1.270925687301822649e-01
-1.265794744379573344e-01
-1.260451672133056644e-01
-1.255251936262632428e-01
-1.249084695146709251e-01
-1.242945577818711511e-01
-1.236782919793071589e-01
-1.230613044210763507e-01
-1.224528890270836917e-01
-1.218734293812325509e-01
-1.212593937769805563e-01
-1.207694756245461382e-01
-1.203517470738250106e-01
-1.199124419085008941e-01
-1.194904429256016531e-01
-1.191281293979319644e-01
-1.187771873022193114e-01
-1.184141593206266552e-01
-1.180723979578403721e-01
-1.177060458835426093e-01
-1.173473634802736781e-01
-1.169713249875245914e-01
-1.165188610289908805e-01
-1.160405234830238497e-01
-1.155330114898356769e-01
-1.150169905051553060e-01
-1.145179465085608556e-01
-1.140526755352571642e-01
-1.136244467739309927e-01
-1.131805927798949230e-01
-1.126961237789267378e-01
-1.122322426202032875e-01
-1.117410723021731583e-01
-1.112343089122155015e-01
-1.106766926536003337e-01
-1.101198875238253161e-01
-1.095490297494846332e-01
-1.089001415131518602e-01
-1.082051301616081401e-01
-1.075153764943185125e-01
-1.068924382119492283e-01
-1.063069921569655824e-01
-1.056770926975943714e-01
-1.050597916966845569e-01
-1.044626453129572918e-01
-1.038705120503804480e-01
-1.032081628303783138e-01
-1.025795916240593575e-01
-1.019413868559103792e-01
-1.013453314795295102e-01
-1.007826691300078015e-01
-1.002043562878955074e-01
-9.960814094888156833e-02
-9.897021895380879453e-02
-9.825047124465796644e-02
-9.747986563998631282e-02
-9.673504495198827213e-02
-9.599432025243008482e-02
-9.534311887180640932e-02
-9.464097427630931147e-02
-9.394281779551205691e-02
-9.326454847483510446e-02
-9.265270690879098825e-02
-9.205498369430428762e-02
-9.154419442385922090e-02
-9.092167676407122978e-02
-9.026599610527827333e-02
-8.962956830559953847e-02
-8.892866645279291771e-02
-8.821077827131182381e-02
-8.749564260079516209e-02
-8.679571894814104571e-02
-8.609518339080353411e-02
-8.541295695216395700e-02
-8.471406957329787046e-02
-8.403433056530695833e-02
-8.339048434022267031e-02
-8.274212880901267442e-02
-8.212699501830357518e-02
-8.153293087681912077e-02
-8.094931445856254348e-02
-8.044012853547395647e-02
-7.990173854863910630e-02
-7.933221366748315073e-02
-7.868560730418772131e-02
-7.808884649423605828e-02
-7.747765274055436191e-02
-7.683661066261489314e-02
-7.625121585037825112e-02
-7.565148621479629576e-02
-7.503842705456016671e-02
-7.444877718652551102e-02
-7.387738276618166511e-02
-7.329158876556150781e-02
-7.269354233068141269e-02
-7.209108792544097200e-02
-7.153593259532323168e-02
-7.093509592241474537e-02
-7.032882313359442583e-02
-6.970775401271361860e-02
-6.909996741757327976e-02
-6.845536000323858283e-02
-6.782220918473107207e-02
-6.940294360040123733e-02
-7.100163340380243049e-02
-7.261307922195914255e-02
-7.422821548356062227e-02
-7.582569892131958700e-02
-7.745594236024576362e-02
-7.908936217189437012e-02
-8.065490813250804358e-02
-8.212828854773612797e-02
-8.367416851942321987e-02
-8.528506879738451119e-02
-8.689739504518508018e-02
-8.848955629139418355e-02
-9.011250415322513696e-02
-9.172625268297712742e-02
-9.336032622053760943e-02
-9.499099241740853461e-02
-9.662853863235151830e-02
-9.829109647044212417e-02
-9.997259437298215701e-02
-1.015712204801162977e-01
-1.031099625768458622e-01
-1.046590578762574136e-01
-1.062542489987871319e-01
-1.078519391009165052e-01
-1.094627784799413889e-01
-1.110567264958464279e-01
-1.126764237399366236e-01
-1.143285600060935797e-01
-1.159257157029639218e-01
-1.174855919361583456e-01
-1.190302927972906877e-01
-1.206149931964143468e-01
-1.221169051269922062e-01
-1.236147518268427420e-01
-1.251077527493251185e-01
-1.266043359714230099e-01
-1.281044345546339391e-01
-1.296273528609123427e-01
-1.311443474985787006e-01
-1.326683679952792572e-01
-1.341787113674663134e-01
-1.356847944153489749e-01
-1.371295574267992201e-01
-1.385598392934687118e-01
-1.399588519085105121e-01
-1.413664828987132582e-01
-1.427413175144731095e-01
-1.441523494373057879e-01
-1.455344945913302213e-01
-1.469187093357094687e-01
-1.483016023002905193e-01
-1.496706313977744229e-01
-1.510316883761820828e-01
-1.523793206556721402e-01
-1.537138540230161554e-01
-1.550104561830076833e-01
-1.562748851117592430e-01
-1.575302903993758274e-01
-1.587706481793411395e-01
-1.599931760068365461e-01
-1.611837783607940888e-01
-1.623420214560804542e-01
-1.634887155819652327e-01
-1.646217639920335984e-01
-1.657219708562440719e-01
-1.668138167195916954e-01
-1.678694644828282179e-01
-1.688910826223211648e-01
-1.698879537970273412e-01
-1.708538637603138899e-01
-1.717917190782652648e-01
-1.727080812714136826e-01
-1.736085766718952483e-01
-1.744827733097303879e-01
-1.753464751163135438e-01
-1.761948930754655140e-01
-1.770213276741765540e-01
-1.778230452510006221e-01
-1.786036145769035743e-01
-1.793594423181016639e-01
-1.800816783140608834e-01
-1.807805107671494604e-01
-1.814615757630744508e-01
-1.821119363810352887e-01
-1.827337837511975316e-01
-1.833323277752394731e-01
-1.839079314309503277e-01
-1.844562192083392949e-01
-1.849780068404001665e-01
-1.854689203891267124e-01
-1.859256027404742884e-01
-1.863565546148416296e-01
-1.867557205237531104e-01
-1.871282673975210309e-01
-1.874740168684556896e-01
-1.877884892418346663e-01
-1.880762501335197512e-01
-1.883372227515975050e-01
-1.885722812534906812e-01
-1.887793363004854341e-01
-1.889621542374664565e-01
-1.891219483475451713e-01
-1.892578768892130281e-01
-1.893703360003672898e-01
-1.894595753404139105e-01
-1.895257361650405370e-01
-1.895687354006980185e-01
-1.895882341063525878e-01
-1.895840966899879076e-01
-1.895579072445470747e-01
-1.894906752222420276e-01
-1.894008658694361080e-01
-1.892943444559600785e-01
-1.891435199540979495e-01
-1.889129561165559801e-01
-1.886554150059055468e-01
-1.884051495690717559e-01
-1.880931599189795689e-01
-1.877809030063205264e-01
-1.874125447702937874e-01
-1.869927381445122272e-01
-1.865206784714690535e-01
-1.859955063668703446e-01
-1.854583464229085654e-01
-1.847686756896424476e-01
-1.841981306917644945e-01
-1.834754421201821306e-01
-1.826129616961185420e-01
-1.816681873159851912e-01
-1.806875090243950932e-01
-1.796894694617095223e-01
-1.786888099878811975e-01
-1.777036580312590652e-01
-1.766477852984524310e-01
-1.755406503320921241e-01
-1.744192689096023541e-01
-1.732901199711421036e-01
-1.721421452233840022e-01
-1.709891564015145471e-01
-1.698088407322677351e-01
-1.686538010960100809e-01
-1.674920355423185625e-01
-1.663022809070097419e-01
-1.651301136964373750e-01
-1.639704456235376862e-01
-1.627762457328853773e-01
-1.615611494452203201e-01
-1.603305631834502643e-01
-1.590752575151783976e-01
-1.578025603543705135e-01
-1.565046487899712235e-01
-1.552019362201896291e-01
-1.538382772109823937e-01
-1.524089276166579465e-01
-1.509879626306560862e-01
-1.495582552116432595e-01
-1.480625937097150568e-01
-1.465525655499568258e-01
-1.450395686241748583e-01
-1.434594916854242952e-01
-1.418673770871892448e-01
-1.402863332050226508e-01
-1.386973005990273511e-01
-1.370509541366881634e-01
-1.353548215017943146e-01
-1.336342465631171761e-01
-1.318706811327851613e-01
-1.300363284373705353e-01
-1.281900744233473999e-01
-1.263192577427271479e-01
-1.244813277917736910e-01
-1.226217526615202835e-01
-1.207208562840964006e-01
-1.187936184911195237e-01
-1.168155874565655755e-01
-1.148385799679352837e-01
-1.128664616998094755e-01
-1.108592522266483860e-01
-1.088791703748463180e-01
-1.068447532797197619e-01
-1.047975357624346127e-01
-1.027444218885187194e-01
-1.007249941188423231e-01
-9.872738671017788903e-02
-9.672047305998519862e-02
-9.470311736517421364e-02
-9.269566086118558035e-02
-9.071093374342377447e-02
-8.874976007603022077e-02
-8.685263248268632053e-02
-8.497844736643762886e-02
-8.309298161607719946e-02
-8.123975337842245792e-02
-7.944089651872479618e-02
-7.767552364492139039e-02
-7.592655926502910047e-02
-7.418757394812462713e-02
-7.241623582884089416e-02
-7.062205952181321855e-02
-6.882892963257389307e-02
-6.710490887276215899e-02
-6.534420755987514762e-02
-6.353775520279306144e-02
-6.176097412811357851e-02
-5.996629773162517191e-02
-5.813786764262928591e-02
-5.623549165395603372e-02
-5.427461624629929815e-02
-5.233533006368543128e-02
-5.036643983776720873e-02
-4.839791436077128806e-02
-4.645801467826284059e-02
-4.447296587369115040e-02
-4.245216332258310021e-02
-4.040993065645010623e-02
-3.833020236459407093e-02
-3.624853269602869993e-02
-3.416835487501941604e-02
-3.213587755339565588e-02
-3.008268703920478210e-02
-2.820313940894931745e-02
-2.618934375269354325e-02
-2.437304487232300892e-02
-2.277363173941640909e-02
-2.102965960304869000e-02
-1.940802460080102640e-02
-1.801969403383211002e-02
-1.662322679571499179e-02
-1.506917044151600757e-02
-1.464238489358531646e-02
-1.412246625201413024e-02
-1.427029229332702973e-02
-1.479958345403945864e-02
-1.539804096235971968e-02
-1.602589043194904694e-02
-1.655816165428007289e-02
-1.710364237417227179e-02
-1.768652830134661777e-02
-1.823195398882938509e-02
-1.871420016514000959e-02
-1.918642364362451933e-02
-1.958661061966680481e-02
-1.999003337752432163e-02
-2.039843953512295721e-02
-2.079707455288930251e-02
-2.116579210748447196e-02
-2.154662592012400804e-02
-2.189279373975430362e-02
-2.222140679728756493e-02
-2.256180351443292514e-02
-2.287107684709779876e-02
-2.315421816217843459e-02
-2.340629557287014773e-02
-2.365087121392870501e-02
-2.386464270064452692e-02
-2.407124816564008493e-02
-2.424056807199119479e-02
-2.438849047730122510e-02
-2.450957528791203668e-02
-2.459583569800229130e-02
-2.464224974607216040e-02
-2.465403439611586062e-02
-2.463901876405804117e-02
-2.460542794284472506e-02
-2.456815361973342313e-02
-2.452940470382916280e-02
-2.448969584047467479e-02
-2.444759855856412645e-02
-2.440703059810737929e-02
-2.436459326909776874e-02
-2.431940379317767270e-02
-2.427734633890732407e-02
-2.423697599133902911e-02
-2.419882296658855403e-02
-2.415920347802362131e-02
-2.411382648869227555e-02
-2.406469004211259088e-02
-2.400750828104050022e-02
-2.394424510389570743e-02
-2.387165414596396917e-02
-2.379555376589710669e-02
-2.372692806400669013e-02
-2.365658356139620222e-02
-2.359427836566269088e-02
-2.353474449926374473e-02
-2.347889460948972620e-02
-2.341707392608112157e-02
-2.335706589935463914e-02
-2.329681843111328435e-02
-2.324781370749034320e-02
-2.319963337493321370e-02
-2.313469520329263646e-02
-2.305052904791444687e-02
-2.296181017191362139e-02
-2.287784680975119000e-02
-2.277104668946892257e-02
-2.265353371739087240e-02
-2.251578512407302265e-02
-2.236791353262511384e-02
-2.223074846469686242e-02
-2.208613430589382795e-02
-2.193607594290970797e-02
-2.178611875450717564e-02
-2.162467226414939436e-02
-2.146918051785820167e-02
-2.131172782740350241e-02
-2.114037600538640899e-02
-2.096189613611085592e-02
-2.079008517062956238e-02
-2.062269264883557010e-02
-2.045267220570357036e-02
-2.024036825142318946e-02
-2.000200630674319260e-02
-1.973573738587746512e-02
-1.945935934154770577e-02
-1.920217156023349206e-02
-1.892681743390819266e-02
-1.863622038798164182e-02
-1.834015527155134426e-02
-1.804881374906969899e-02
-1.774081200004525710e-02
-1.744198112067393142e-02
-1.714985158629309114e-02
-1.684286957216277886e-02
-1.654509203236367854e-02
-1.626444254335193337e-02
-1.601339652247085743e-02
-1.579187385420126322e-02
-1.559451291193185950e-02
-1.541943001782416015e-02
-1.520023670953151405e-02
-1.498518862314590118e-02
-1.475330234924712887e-02
-1.451901444412409883e-02
-1.429022332964679717e-02
-1.406069046348725100e-02
-1.385447376024841193e-02
-1.363839456262767348e-02
-1.340727027676951247e-02
-1.316674162757531900e-02
-1.293389616780740020e-02
-1.269769864932989399e-02
-1.244718000907929847e-02
-1.218452328033176046e-02
-1.191915175598153194e-02
-1.160872150290771440e-02
-1.127235706018349902e-02
-1.092676826503436414e-02
-1.059068998749055149e-02
-1.023204761792263946e-02
-9.839567064568391017e-03
-9.438410123367513629e-03
-9.018560816368502431e-03
-8.613339370934412764e-03
-8.223383454391245892e-03
-7.823997331564596161e-03
-7.421884713209444748e-03
-7.038375150992312763e-03
-6.662250863023719966e-03
-6.303555818100558400e-03
-5.920303966331371716e-03
-5.543554373774029972e-03
-5.190348072406464515e-03
-4.877609611340340962e-03
-4.569582340148258502e-03
-4.275129273073293053e-03
-3.955368160739473719e-03
-3.608911730029770813e-03
-3.289271654801297681e-03
-2.995837665372759386e-03
-2.669579963849515875e-03
-2.371666255752201673e-03
-2.028899049754421310e-03
-1.720601011364773260e-03
-1.448096202484352047e-03
-1.088373385021427619e-03
-7.416716071773724614e-04
-4.272363674910698017e-04
-1.393765113821874115e-04
1.282642305820506901e-04
3.541272403337234419e-04
5.563349480573803393e-04
7.574061513500912786e-04
9.320125123051206011e-04
1.088500264903567456e-03
1.188455605117149901e-03
1.263314967041217259e-03
1.369305574642051089e-03
1.472479239579107700e-03
1.538376951105912931e-03
1.627633231422542012e-03
1.749966328524093281e-03
1.867356114917020915e-03
2.030044566076253092e-03
2.214864801451267746e-03
2.448519036588812838e-03
2.744060918010907298e-03
3.044822359447025943e-03
3.281707629576236223e-03
3.535807572373366771e-03
3.796765714373503183e-03
4.088467132828323136e-03
4.387422242376447235e-03
4.660950252536313551e-03
4.951273510471418567e-03
5.282995258860045777e-03
5.612239063611600999e-03
5.894632893728286166e-03
6.222376321689300147e-03
6.534615142486545694e-03
6.854705510273987994e-03
7.143777428498875731e-03
7.437685046244110407e-03
7.783870164450672723e-03
8.139008912124351403e-03
8.450297404802815243e-03
8.685923692416507719e-03
8.978524229839657603e-03
9.300028225581999375e-03
9.647844242887275434e-03
9.968248696116418714e-03
1.033504449437075944e-02
1.071468956447011768e-02
1.116368036041080584e-02
1.161299426801590956e-02
1.207955807027940622e-02
1.255207731645431417e-02
1.296274535806053382e-02
1.334664775695909925e-02
1.373367931734865294e-02
1.420294767897267371e-02
1.474039571153390807e-02
1.531996268835798466e-02
1.594425544800526923e-02
1.661643323340408068e-02
1.731864908092229510e-02
1.800238499830095554e-02
1.865127594066471467e-02
1.925929043136026877e-02
1.985187364321988265e-02
2.039548683890117509e-02
2.092364677081212307e-02
2.145670218744007152e-02
2.199857501799387313e-02
2.257191007725995943e-02
2.317556788915305088e-02
2.382700243663194578e-02
2.450923032636600704e-02
2.517997842524221166e-02
2.587468305178716732e-02
2.660481559082645067e-02
2.733364024508650944e-02
2.804665538902465990e-02
2.867908744234943033e-02
2.936649826377671357e-02
3.011070843585275658e-02
3.085548913237359803e-02
3.158995479891722052e-02
3.234410223335269091e-02
3.305187990765579703e-02
3.370365275690741930e-02
3.438454683984277366e-02
3.498085354805293562e-02
3.555701680422240080e-02
3.614692944812778613e-02
3.677114208735601797e-02
3.729214334776819600e-02
3.788551313087401562e-02
3.841816249441023373e-02
3.891774551752236189e-02
3.935949771771547062e-02
3.978862293300444719e-02
4.026328565975378915e-02
4.081593906388849419e-02
4.133758102991499928e-02
4.188346819519073866e-02
4.245837915224863479e-02
4.304747580907314353e-02
4.360455302130994415e-02
4.415201743062093648e-02
4.467599389828564443e-02
4.515656400612241828e-02
4.560851910937840231e-02
4.602628268505362663e-02
4.639522688151238861e-02
4.674099060318431115e-02
4.706190102552051252e-02
4.740445728865753938e-02
4.771184647004240997e-02
4.804316448328284361e-02
4.839373337577904804e-02
4.867845807535681191e-02
4.898716786012112523e-02
4.937554600029139817e-02
4.983651754242142407e-02
5.034461044619402414e-02
5.080141054635655545e-02
5.126570315478185674e-02
5.174167145485894515e-02
5.222791652110769095e-02
5.271043622803871231e-02
5.315733206119886006e-02
5.356470565368310482e-02
5.399917133257244733e-02
5.443911565524637425e-02
5.492571473820660050e-02
5.541793800375328927e-02
5.595044328456984933e-02
5.650572219508712829e-02
5.707839726677624986e-02
5.762239264000695860e-02
5.811985378888848836e-02
5.858714824149894446e-02
5.904027603268703628e-02
5.948629081017075410e-02
5.992484268954928472e-02
6.036022181431768135e-02
6.075722246307355828e-02
6.116438336869913645e-02
6.153672956946139999e-02
6.188823876420741082e-02
6.228608608509911271e-02
6.267240584931409175e-02
6.302174210740357774e-02
6.338474380783480633e-02
6.374073706352334501e-02
6.409749366304751117e-02
6.444192689632741167e-02
6.473037444658552575e-02
6.502178578506126461e-02
6.532584532055499271e-02
6.565749112815366662e-02
6.594968427927670740e-02
6.624605405126775259e-02
6.656775421789548619e-02
6.686475148397616475e-02
6.721221353937392728e-02
6.756119349334283042e-02
6.788212367009603676e-02
6.817371826271209634e-02
6.842787149350688936e-02
6.866715921927063482e-02
6.894605814445801950e-02
6.926060400163905340e-02
6.957759463521212551e-02
6.987089232273287209e-02
7.018816483275262808e-02
7.052269394829492610e-02
7.086062978656480771e-02
7.119734178374242939e-02
7.153474135076218210e-02
7.185941930381328779e-02
7.217930360214971919e-02
7.245244955788465724e-02
7.270350618237082785e-02
7.295197505996696419e-02
7.320070408313925081e-02
7.347947925841885608e-02
7.379166392085358128e-02
7.412871522444058892e-02
7.447818405165752831e-02
7.482607291215651046e-02
7.517296162913128521e-02
7.553083242750550930e-02
7.590526618997882335e-02
7.632582272325698358e-02
7.667651897098673452e-02
7.704620453234477251e-02
7.743438294566146185e-02
7.780420065133079877e-02
7.811951112629736405e-02
7.843586864919775692e-02
7.873618941924775960e-02
7.904826837944955997e-02
7.934056674779685348e-02
7.963634519096264575e-02
7.991804770951234371e-02
8.025097247497908759e-02
8.056957087241861659e-02
8.084295664125371039e-02
8.115303182157157513e-02
8.144718951971470500e-02
8.169936045418522974e-02
8.192010811308679530e-02
8.214025283562120805e-02
8.236673176467486368e-02
8.259192063873194156e-02
8.278705618807234712e-02
8.299101017947957404e-02
8.321621239098110634e-02
8.343480423337296115e-02
8.364379871584791404e-02
8.385590543741809622e-02
8.405599957822923463e-02
8.423484183291403415e-02
8.443066748665992161e-02
8.462590052876611812e-02
8.484163349335684112e-02
8.502676433731511108e-02
8.519753690916427591e-02
8.534343954598895554e-02
8.548762427582660972e-02
8.565768928142888927e-02
8.584177663396476421e-02
8.598318225289186545e-02
8.608616063525087458e-02
8.619226181241397555e-02
8.634080690241940914e-02
8.647402175460384977e-02
8.663159489214385112e-02
8.679500362207681619e-02
8.694410503259039635e-02
8.713482235492453487e-02
8.731773821277298564e-02
8.750380744235550234e-02
8.768896349148233571e-02
8.787789715716562422e-02
8.808182504740093288e-02
8.826535514607754263e-02
8.846026256391500975e-02
8.864523181524502915e-02
8.882608150480172937e-02
8.896424029985598725e-02
8.910806221698416851e-02
8.926036322523521471e-02
8.940985500764291050e-02
8.956291920548334340e-02
8.972485802959352663e-02
8.990066102314199503e-02
9.008318156136564669e-02
9.026319002410264358e-02
9.041108536939743145e-02
9.055824706367106292e-02
9.069981973613720772e-02
9.085762762100603462e-02
9.101907484525668945e-02
9.117605944533357931e-02
9.133444528050942146e-02
9.149301632626480330e-02
9.163780687583052142e-02
9.179000437254943023e-02
9.192361838739498969e-02
9.204066786404468958e-02
9.219018891201052890e-02
9.233358401627297929e-02
9.248693558343437648e-02
9.265909564529824227e-02
9.283272557646093937e-02
9.301548549584734427e-02
9.318709817600197287e-02
9.336832519997954882e-02
9.353958958047696448e-02
9.281498608814787998e-02
9.219546021425202575e-02
9.161889656506858048e-02
9.106469061977327806e-02
9.052374305631548379e-02
8.999516981214659983e-02
8.950888766812255259e-02
8.911504332493620784e-02
8.871079227772320219e-02
8.836822486208173455e-02
8.804256900186795132e-02
8.774028354705445953e-02
8.748050372618383641e-02
8.724566857836205114e-02
8.703684081409761297e-02
8.686115514189873821e-02
8.671030195927476036e-02
8.658769576834893233e-02
8.648797150628319275e-02
8.640976006373847496e-02
8.634772540360116655e-02
8.630302325099585559e-02
8.628014125240912602e-02
8.627822078415690876e-02
8.629616734169845427e-02
8.633894397713415270e-02
8.640969158769956637e-02
8.650821934603843133e-02
8.662585034222089475e-02
8.676221018281989050e-02
8.694764555210386658e-02
8.717777021406747373e-02
8.740975274186073285e-02
8.772569224349463513e-02
8.800053014724679157e-02
8.831468561608873946e-02
8.875136964220950442e-02
8.922326241136258052e-02
8.966091738706959136e-02
9.016107546877863421e-02
9.072989274298054463e-02
9.130596217735807707e-02
9.199744769176899928e-02
9.263825992844537671e-02
9.324619756469666731e-02
9.398193745734113869e-02
9.480905394662245134e-02
9.542824270547588250e-02
9.594599898154045070e-02
9.622344355326123422e-02
9.747998679656980081e-02
9.745964669749193621e-02
9.755789352948840421e-02
9.764637882520667278e-02
9.748074364348879861e-02
9.736075598620257121e-02
9.900809118498585248e-02
9.976415728095962276e-02
1.012091221406235114e-01
1.022268226197731028e-01
1.040417918099912492e-01
1.057920437387692703e-01
1.075964847932510821e-01
1.093861262841714643e-01
1.110919746194792695e-01
1.129179546250632243e-01
1.143810373338225300e-01
1.162290639621726684e-01
1.179931357969133399e-01
1.198572297919250351e-01
1.206400957564764398e-01
1.225501154046073071e-01
1.245389405614542727e-01
1.264946838830375841e-01
1.284499768514241469e-01
1.303819470905724642e-01
1.324678586762717269e-01
1.346178785058423366e-01
1.367517679483455928e-01
1.389301889915377231e-01
1.406226040994736359e-01
1.428596873349350094e-01
1.451002263694954331e-01
1.473605023799782199e-01
1.496014634857699699e-01
1.518732714334118938e-01
1.541315934108759833e-01
1.563622847207966626e-01
1.585241005356297361e-01
1.607050847560158591e-01
1.629353120943341227e-01
1.651775003129707098e-01
1.674182868227085674e-01
1.696800821714343488e-01
1.719524946909563035e-01
1.742465967579336916e-01
1.765451628446797760e-01
1.788597376172090248e-01
1.811585390678992491e-01
1.834616413104504518e-01
1.857485504307195834e-01
1.880440590775205867e-01
1.903500359408148157e-01
1.926465162646178730e-01
1.949223039820378034e-01
1.972548216194437987e-01
1.995859272099935466e-01
2.018694486751120842e-01
2.042015855412609160e-01
2.065387479283658512e-01
2.088855713454742524e-01
2.112055670764527993e-01
2.135606101069645324e-01
2.158891695526591603e-01
2.182837561096492573e-01
2.206442873143936723e-01
2.230329479158326134e-01
2.253999901193883271e-01
2.277951835468401409e-01
2.301716607270328785e-01
2.325343142082824111e-01
2.348501403686542310e-01
2.371819934760217852e-01
2.395263927226126133e-01
2.418529992624135483e-01
2.442620785613651146e-01
2.466679318511986185e-01
2.490655821150844773e-01
2.514802039195296324e-01
2.538767914110715562e-01
2.562749081266221807e-01
2.586620539319873235e-01
2.610495720982706769e-01
2.634119579010593681e-01
2.657637721649668827e-01
2.681000701506985329e-01
2.704322754562418774e-01
2.727473785312143906e-01
2.750762998401745651e-01
2.774302145305339029e-01
2.797424817964189181e-01
2.821135339449324930e-01
2.844864123614002649e-01
2.869010849487615977e-01
2.893442147998340208e-01
2.917921172465364754e-01
2.942112002447042074e-01
2.966210278784337517e-01
2.989889270507339880e-01
3.013573048398916487e-01
3.037501239383803009e-01
3.061093380260150876e-01
3.084383104703956047e-01
3.107708414003070851e-01
3.131362820928416113e-01
3.155195158046918413e-01
3.179007938753112272e-01
3.202845519837714261e-01
3.226360082837917420e-01
3.249893907997954412e-01
3.273443994589200212e-01
3.296558436070052833e-01
3.320131184803198354e-01
3.343673738146150654e-01
3.366898095683181213e-01
3.390225951214763112e-01
3.413490445409905205e-01
3.436303000944950781e-01
3.458928525511792418e-01
3.481440888001676170e-01
3.503672775004448292e-01
3.526033076137294331e-01
3.548412225969748146e-01
3.571090241246162034e-01
3.593730193955788632e-01
3.616397362795607529e-01
3.638927430243057981e-01
3.661260268695323838e-01
3.683790618217399060e-01
3.706332616443421824e-01
3.728755201329468916e-01
3.751539430175165890e-01
3.774485720293603852e-01
3.797471605465233546e-01
3.820054572605932619e-01
3.843013791887670005e-01
3.866110708292573861e-01
3.889083408465301428e-01
3.912048161918292855e-01
3.934824350486951783e-01
3.957707189325482822e-01
3.980359937778831791e-01
4.002723488625639092e-01
4.025253229572919311e-01
4.046513278340048148e-01
4.067913471370329104e-01
4.088100857030696478e-01
4.109903950477643009e-01
4.131187755826169483e-01
4.152394092116269975e-01
4.000032196588780842e-01
4.000032356371437947e-01
4.024046539570143022e-01
4.030613881148416566e-01
4.037222232104944464e-01
4.043576864204259103e-01
4.049797541409019819e-01
4.056195084261899897e-01
4.062182992798895609e-01
4.068570809638114572e-01
4.075267257889363948e-01
4.082033983867771054e-01
4.088353876640314355e-01
4.094355809591361250e-01
4.100563956631945173e-01
4.106367722915995611e-01
4.112624091459048947e-01
4.119300697467981331e-01
4.125509042589918796e-01
4.131706354319436558e-01
4.137721060381681082e-01
4.143529807573840817e-01
4.148653230750664611e-01
4.153521797009123162e-01
4.158538290740171894e-01
4.163104841758197838e-01
4.167094150268327857e-01
4.171568017554472263e-01
4.176197909134994335e-01
4.180691928722555240e-01
4.184650269429926461e-01
4.188041320787620481e-01
4.191086518235658809e-01
4.194101042775463806e-01
4.199434364419566967e-01
4.206798847653627216e-01
4.208948344868799762e-01
-1.999967567873033869e-01
-1.999967408570808292e-01
-1.975658167718769009e-01
-1.970449870990578223e-01
-1.965174664608749511e-01
-1.959091190022630158e-01
-1.952995457678363689e-01
-1.946383415564617858e-01
-1.940021050923518564e-01
-1.933815205950617233e-01
-1.928068927498932661e-01
-1.922172892756908169e-01
-1.916152532964127964e-01
-1.909721526271796477e-01
-1.902986230165173431e-01
-1.896664258430222350e-01
-1.890656716202139820e-01
-1.884561341181797134e-01
-1.878780024414705152e-01
-1.873427660044947596e-01
-1.868281269972583147e-01
-1.863426113618140145e-01
-1.858792782871241944e-01
-1.854601193142984827e-01
-1.850213678113471483e-01
-1.846132721556398293e-01
-1.841888811867779252e-01
-1.837718162201202043e-01
-1.833696567347157802e-01
-1.829763316330528522e-01
-1.825862319627563068e-01
-1.821865109400912786e-01
-1.818292919760368664e-01
-1.815133782482265534e-01
-1.812235648843257829e-01
-1.809083509164464698e-01
-1.805756801794558830e-01
-1.802337651457591172e-01
-1.798990976175948719e-01
-1.795863358815185384e-01
-1.792514837329945987e-01
-1.789149987979110901e-01
-1.786061719443205464e-01
-1.782945120906377912e-01
-1.779825136950010933e-01
-1.776947422086068706e-01
-1.774236236608864037e-01
-1.771733934456689585e-01
-1.769234546538240860e-01
-1.766656454376404617e-01
-1.764187143773288946e-01
-1.761853469040032538e-01
-1.759522748759851374e-01
-1.757123730496208680e-01
-1.754634542272303088e-01
-1.752126440033957844e-01
-1.749665066208301589e-01
-1.747211603218891685e-01
-1.744861644937769352e-01
-1.742269557482331310e-01
-1.739747705595785510e-01
-1.737119103205883863e-01
-1.734633913244621461e-01
-1.732294701454869523e-01
-1.729770037616605305e-01
-1.727345867712672955e-01
-1.725197867677591423e-01
-1.723057822705554576e-01
-1.720900117473034563e-01
-1.719020196735645545e-01
-1.717232590085088773e-01
-1.715594406522251980e-01
-1.713972568548588760e-01
-1.712309664250427077e-01
-1.710591705385245131e-01
-1.709002489053657037e-01
-1.707419618778438508e-01
-1.705900514945883906e-01
-1.704416521132216811e-01
-1.702938047470851923e-01
-1.701462378212207083e-01
-1.699945520281309075e-01
-1.698358914172496403e-01
-1.696784816138801055e-01
-1.695108224362456562e-01
-1.693493402301948503e-01
-1.691895747996293997e-01
-1.690297336321882338e-01
-1.688621180431022772e-01
-1.687093456886306908e-01
-1.685590076518738434e-01
-1.684092164368827527e-01
-1.682619894853843723e-01
-1.681239388351772335e-01
-1.679961956953802127e-01
-1.678705376426563589e-01
-1.677501739885778054e-01
-1.676273103573013845e-01
-1.675067127418025659e-01
-1.673920487353129927e-01
-1.672840408608748664e-01
-1.671834661040949854e-01
-1.670851260494459201e-01
-1.669927127929306254e-01
-1.669111345703213067e-01
-1.668395458586462432e-01
-1.667695568303269316e-01
-1.667013868568526236e-01
-1.666386160976417730e-01
-1.665812734064360812e-01
-1.665274527326761622e-01
-1.664776370672650385e-01
-1.664319480782097682e-01
-1.663883519126556076e-01
-1.663471187939966900e-01
-1.663145431251586703e-01
-1.662857793834900400e-01
-1.662603875119420815e-01
-1.662379412358221675e-01
-1.662189906409530238e-01
-1.662024400797025570e-01
-1.661890332122194225e-01
-1.661794097325386410e-01
-1.661740068755754030e-01
-1.661716432534338650e-01
-1.661722253028752316e-01
-1.661748843414023458e-01
-1.661787641985731367e-01
-1.661841947114778562e-01
-1.661911510299312056e-01
-1.661984390369644626e-01
-1.662041648489867851e-01
-1.662097293871321324e-01
-1.662153949931568231e-01
-1.662217217798124813e-01
-1.662295816962731099e-01
-1.662381025494576170e-01
-1.662469030788889524e-01
-1.662559989804499039e-01
-1.662646312849816732e-01
-1.662718715080825915e-01
-1.662777393796114056e-01
-1.662834320020136480e-01
-1.662893230873451478e-01
-1.662958130871140250e-01
-1.663029665634005172e-01
-1.663104122935774587e-01
-1.663187948721941978e-01
-1.663288354977233985e-01
-1.663398156529330429e-01
-1.663513403801527846e-01
-1.663620362815913523e-01
-1.663711013726500987e-01
-1.663799266471054361e-01
-1.663895260286978317e-01
-1.663980376165848929e-01
-1.664063099499639986e-01
-1.664143731622324263e-01
-1.664217478642651404e-01
-1.664278369712410277e-01
-1.664334910820818025e-01
-1.664387385221964555e-01
-1.664430866503626150e-01
-1.664468965557337199e-01
-1.664505622232306525e-01
-1.664540054210838782e-01
-1.664576273965924225e-01
-1.664616933285666678e-01
-1.664667331793483196e-01
-1.664734086006370295e-01
-1.664805359647806293e-01
-1.664893120318601261e-01
-1.664991644696424411e-01
-1.665109590700199760e-01
-1.665245928621082450e-01
-1.665414068028769345e-01
-1.665598357896050929e-01
-1.665815993256187511e-01
-1.666086848291967459e-01
-1.666364739951291529e-01
-1.666696199931783640e-01
-1.667085751564517382e-01
-1.667495854694414359e-01
-1.667944589307083503e-01
-1.668407285086993264e-01
-1.668909189284923378e-01
-1.669433604500593082e-01
-1.669981804789280044e-01
-1.670557920069964397e-01
-1.671101966797790828e-01
-1.671658626384327218e-01
-1.672201575648550320e-01
-1.672773733412365460e-01
-1.673326994598487161e-01
-1.673834274130931443e-01
-1.674372083745600259e-01
-1.674897318568869253e-01
-1.675400798321898532e-01
-1.675956685111564259e-01
-1.676517401600136903e-01
-1.677128272925899888e-01
-1.677759047992159747e-01
-1.678396185730326173e-01
-1.679033918056158647e-01
-1.679688467434203303e-01
-1.680314590630900828e-01
-1.680868302234756750e-01
-1.681435718156809034e-01
-1.682037650300834963e-01
-1.682647824683013160e-01
-1.683276367297100173e-01
-1.683915617655460661e-01
-1.684588124303866286e-01
-1.685267923137203638e-01
-1.685878153201247620e-01
-1.686477844345831978e-01
-1.687088429397829159e-01
-1.687779442186834178e-01
-1.688552214032992549e-01
-1.689289928642807304e-01
-1.689925797655320860e-01
-1.690524023124287956e-01
-1.691178497985714735e-01
-1.691820598574104995e-01
-1.692480480799510301e-01
-1.693176814333992308e-01
-1.693954010464188142e-01
-1.694771123154137360e-01
-1.695620548115303883e-01
-1.696412317782991230e-01
-1.697223384178775107e-01
-1.697992992337011842e-01
-1.698760146699432871e-01
-1.699595854582679477e-01
-1.700382477106949231e-01
-1.701167177862496216e-01
-1.701944146168259953e-01
-1.702703104655404476e-01
-1.703524259864001578e-01
-1.704461672502930736e-01
-1.705397564508752406e-01
-1.706579468665194721e-01
-1.707667943653420339e-01
-1.708804697854861276e-01
-1.710021155512544411e-01
-1.711198073389517960e-01
-1.712437188128726195e-01
-1.713702042808719905e-01
-1.714866103606466075e-01
-1.716070040984237211e-01
-1.717365213080476460e-01
-1.718564312480243550e-01
-1.719806548144763303e-01
-1.721171384432456097e-01
-1.722684489902940597e-01
-1.724056889770086975e-01
-1.725456301435727424e-01
-1.726951151181605193e-01
-1.728639284093096418e-01
-1.730140109881771471e-01
-1.731880342539944551e-01
-1.733815696445589194e-01
-1.735931085668066531e-01
-1.738263662694499168e-01
-1.740574411521699227e-01
-1.742778663651714799e-01
-1.745171736498464243e-01
-1.747588221445129375e-01
-1.750450516990270933e-01
-1.753457533873278851e-01
-1.756548843162389351e-01
-1.759841124304995230e-01
-1.763331664073674032e-01
-1.766748326440181482e-01
-1.770442236765261412e-01
-1.774037613969060290e-01
-1.777494726259277735e-01
-1.781214305848978496e-01
-1.785024339183644282e-01
-1.788820370437625429e-01
-1.792800140947344301e-01
-1.796495013848088129e-01
-1.799927531321368623e-01
-1.803474998215903735e-01
-1.818762802912395615e-01
2.200385985399525978e-06
2.216240710580345186e-06
1.378976253034810842e-03
2.856725644560901677e-03
4.294888284668553664e-03
5.483431693426875364e-03
6.774031443228014857e-03
8.079427054480029999e-03
9.613886661218639176e-03
1.085490477291303595e-02
1.215994173763739437e-02
1.353836930946826153e-02
1.498472606551052612e-02
1.625151908971419340e-02
1.752633134536755663e-02
1.871962619393233856e-02
1.999174741388790033e-02
2.130605014425500723e-02
2.266599288944260229e-02
2.414436641276401091e-02
2.559155579049847418e-02
2.710268148317905232e-02
2.860749511014422028e-02
3.016222941222524920e-02
3.174239444768675589e-02
3.342137686072468167e-02
3.509110932382697445e-02
3.682105648257715663e-02
3.857936820693201596e-02
4.038621417636528016e-02
4.218960578566691849e-02
4.406460486516289299e-02
4.596507074005094090e-02
4.783766000386154016e-02
4.975168135158377497e-02
5.165098742523292069e-02
5.360281463547846709e-02
5.558692553551676518e-02
5.756932537841587261e-02
5.954018508851444819e-02
6.159008278481654247e-02
6.364660097118163273e-02
6.564101996892918178e-02
6.769312513513837948e-02
6.974808164551418721e-02
7.183899867795391636e-02
7.387278987448239742e-02
7.595202450414131889e-02
7.804636907205277085e-02
8.010595441255539961e-02
8.217354529761251858e-02
8.427073712914694148e-02
8.635072328759679783e-02
8.842723237137786740e-02
9.047395748985787023e-02
9.248700652597524607e-02
9.451695910545195034e-02
9.657097712775050691e-02
9.858175544035192861e-02
1.005838111618713171e-01
1.026146320270825696e-01
1.046577644097654164e-01
1.066214982252484400e-01
1.086583844798002935e-01
1.105940128235657627e-01
1.124939893640836130e-01
1.143682760901609946e-01
1.163183345650485451e-01
1.182153763501832128e-01
1.201145171315561172e-01
1.219887819498831488e-01
1.238959268944090919e-01
1.258526717450553500e-01
1.277571900999331378e-01
1.296495009057187509e-01
1.315472107566122706e-01
1.334618205121927415e-01
1.353055530859045841e-01
1.371582450542033205e-01
1.389896429062226768e-01
1.407390029221306238e-01
1.424857512441831675e-01
1.442135846840489066e-01
1.459415248141250621e-01
1.476749055514461617e-01
1.493687347324658132e-01
1.510794085989212165e-01
1.527950519995296685e-01
1.545045030923966334e-01
1.562385907505898230e-01
1.579511933560780457e-01
1.596430156228875463e-01
1.613064255106896605e-01
1.629533991523107739e-01
1.645652866259171843e-01
1.661832169947801696e-01
1.677598270117128254e-01
1.693017108380057700e-01
1.708286943857262041e-01
1.723093043386705048e-01
1.737843725781022253e-01
1.752421882958035970e-01
1.766888273639024565e-01
1.781039584657307662e-01
1.794808229288728241e-01
1.808360764674610821e-01
1.821710723347499949e-01
1.834597744145277098e-01
1.846935686574811275e-01
1.859382923063939430e-01
1.871853483925595141e-01
1.883986651807711410e-01
1.896097797803756591e-01
1.908157503846088787e-01
1.920122037586686481e-01
1.932095457536475158e-01
1.944007060808475296e-01
1.955810573931556773e-01
1.967214096208692586e-01
1.978560623360856863e-01
1.989653834103944918e-01
2.000614128337373787e-01
2.011383357075687550e-01
2.022367193785521988e-01
2.033266125855295869e-01
2.044203139681345371e-01
2.054937259093975732e-01
2.065453977392851803e-01
2.075983567139604025e-01
2.086482890642336885e-01
2.097003792752223927e-01
2.107469874369977958e-01
2.118001979663128032e-01
2.128341779083523233e-01
2.138476252119153043e-01
2.148510246768123300e-01
2.158402586500502707e-01
2.168201515547466263e-01
2.177927260411886556e-01
2.187475869141109475e-01
2.196866773240997994e-01
2.206173736628997406e-01
