-2.000025263519218111e-01
-2.000025422701837696e-01
-2.019006164426920824e-01
-2.038318518828664272e-01
-2.057639137646137817e-01
-2.077016643301188015e-01
-2.096277595071351363e-01
-2.115641553447639989e-01
-2.134837388345663112e-01
-2.153867702914985527e-01
-2.172909224950837215e-01
-2.191656057852529316e-01
-2.210339344468935652e-01
-2.229104017832366780e-01
-2.247755129423534837e-01
-2.266621960150111970e-01
-2.285694121892117292e-01
-2.304739631006724188e-01
-2.323756539452336012e-01
-2.342739854447763448e-01
-2.361865221581572194e-01
-2.380964219993361441e-01
-2.400147788670476123e-01
-2.419204437520240669e-01
-2.438169611057943165e-01
-2.457195209622187460e-01
-2.476277627957233496e-01
-2.495406911892819879e-01
-2.514552085107666368e-01
-2.533698336521151839e-01
-2.552732168125747547e-01
-2.571870065037167863e-01
-2.590927228442229668e-01
-2.609903398975843003e-01
-2.628780933190950075e-01
-2.647690532742896230e-01
-2.666415223861800521e-01
-2.685172249834846259e-01
-2.703958415034085627e-01
-2.722785868805230880e-01
-2.741577295245207768e-01
-2.760251872533597273e-01
-2.778752561125628073e-01
-2.797360497909906485e-01
-2.815817624932176466e-01
-2.834115997220563177e-01
-2.852166467749078227e-01
-2.869994195723080677e-01
-2.887750163071538534e-01
-2.905638154742274382e-01
-2.923383190014983146e-01
-2.941012445943875786e-01
-2.958529401464093933e-01
-2.976027517564472369e-01
-2.993432247126244783e-01
-3.010847211352829511e-01
-3.028197937184170518e-01
-3.045502027108235032e-01
-3.062886562003248048e-01
-3.080343758262681919e-01
-3.097861655911576806e-01
-3.115291698215323368e-01
-3.132801112578184055e-01
-3.150374339876342855e-01
-3.167915420617995470e-01
-3.185468600934185934e-01
-3.202903653180923516e-01
-3.220043121683960896e-01
-3.237039100911451861e-01
-3.254110894466248349e-01
-3.271354442967898124e-01
-3.288859711908700412e-01
-3.306332890239052635e-01
-3.323720731610879109e-01
-3.341219324216810893e-01
-3.358720477641216062e-01
-3.376176952662702790e-01
-3.393677096429206230e-01
-3.411178727498494490e-01
-3.428681548394060807e-01
-3.446185298721539114e-01
-3.463689757150612558e-01
-3.481194738720775339e-01
-3.498575257569101482e-01
-3.515911061401871818e-01
-3.533037402373061520e-01
-3.550056790627514336e-01
-3.567190044435080698e-01
-3.584277946194403541e-01
-3.601409774283653720e-01
-3.618552738288043358e-01
-3.635646214063180115e-01
-3.652532524844997464e-01
-3.668940923635690132e-01
-3.685134779952065620e-01
-3.701080458101425608e-01
-3.717142938431281518e-01
-3.733187712387112112e-01
-3.748861080192347206e-01
-3.764566840635188427e-01
-3.780428519219970473e-01
-3.796301315412987099e-01
-3.812251426053721581e-01
-3.828131900392118814e-01
-3.843945042641138676e-01
-3.859797161274838295e-01
-3.875484643389047745e-01
-3.891114396873215919e-01
-3.906508643676388504e-01
-3.922131965540672227e-01
-3.938073124120647917e-01
-3.953940875193078242e-01
-3.969475703708723047e-01
-3.985000142993648242e-01
-4.000496785366625119e-01
-4.015970763783445197e-01
-4.031250955467028940e-01
-4.046727565847256791e-01
-4.061972778487293323e-01
-4.076985121721674044e-01
-4.091909950003794205e-01
-4.106619226897945674e-01
-4.121347606053495927e-01
-4.135924864018273306e-01
-4.150526973460696434e-01
-4.164882604898249019e-01
-4.179240188509287246e-01
-4.193599369224063067e-01
-4.000003255248253953e-01
-4.000003407314706161e-01
-4.002124678091028565e-01
-4.004352395708967172e-01
-4.006703915288840623e-01
-4.009175625183215574e-01
-4.011745736380553651e-01
-4.014495228267612181e-01
-4.017435329565293145e-01
-4.020589358475809560e-01
-4.023939542155350324e-01
-4.027423632895752448e-01
-4.031030507332936108e-01
-4.034746488294909117e-01
-4.038602181984758954e-01
-4.042596429648823153e-01
-4.046803621788120919e-01
-4.051168058064206767e-01
-4.055649522927675110e-01
-4.060272249067164441e-01
-4.065035508903496186e-01
-4.069976782774345492e-01
-4.075140591369253995e-01
-4.080410852074958794e-01
-4.085819993376453296e-01
-4.091329894442125026e-01
-4.096914616734355641e-01
-4.102620215266528647e-01
-4.108413073271471316e-01
-4.114296327108623585e-01
-4.120222518763789754e-01
-4.126233153203137660e-01
-4.132347727217600686e-01
-4.138553850706154225e-01
-4.144881994317503593e-01
-4.151324770437167522e-01
-4.157938398942334635e-01
-4.164570194816117898e-01
-4.171278670574330438e-01
-4.178144963162889747e-01
-4.185035447270939457e-01
-4.191993388665241072e-01
-4.199019141513909426e-01
-4.206193142547431374e-01
-4.213409488507832146e-01
-4.220871934451219110e-01
-4.228565810011837289e-01
-4.236386816883227491e-01
-4.244348688537235015e-01
-4.252348238031373739e-01
-4.260476861186998088e-01
-4.268685770655958334e-01
-4.277114153204641389e-01
-4.285661522748760999e-01
-4.294423478077931677e-01
-4.303313745553990488e-01
-4.312348223002110403e-01
-4.321505307058955414e-01
-4.330656932961514105e-01
-4.339937327816690837e-01
-4.349469429803938803e-01
-4.359260240926087215e-01
-4.369256385863498626e-01
-4.379516983261695362e-01
-4.390130948808329547e-01
-4.400820654084281469e-01
-4.000023167524750511e-01
-4.000023326013338876e-01
-4.015086433776758335e-01
-4.030151687720450182e-01
-4.045354499573252105e-01
-4.060323842299969344e-01
-4.074853965245786025e-01
-4.088955736995981138e-01
-4.103007643666443660e-01
-4.116961773127443824e-01
-4.130726886659522590e-01
-4.144434136919805112e-01
-4.157964908601818332e-01
-4.171444688198606698e-01
-4.184620194141541738e-01
-4.197555269130618938e-01
-4.210203672571528055e-01
-4.222840096620569250e-01
-4.235079515116248472e-01
-4.247002375296782817e-01
-4.258910459332273524e-01
-4.270657123122156285e-01
-4.282498594415318771e-01
-4.294113106584382944e-01
-4.305656633312318626e-01
-4.317206628916960831e-01
-4.328573302870378781e-01
-4.339656760139793401e-01
-4.350841706694492661e-01
-4.361948291258071486e-01
-4.372990170176163649e-01
-4.383947303430929532e-01
-4.394767239256673341e-01
-4.405394753721244561e-01
-4.415988607569599211e-01
-4.426352291760904389e-01
-4.436561058341589314e-01
-4.446646833200065263e-01
-4.456327320796171776e-01
-4.465886227150221988e-01
-4.647852867886126949e-01
-4.649363530559113555e-01
-4.650677337695463542e-01
-4.651800696276416902e-01
-4.652722945533067089e-01
-4.653433340268057217e-01
-4.653940453029682400e-01
-4.654253306491627495e-01
-4.654367608224886377e-01
-4.654279862870900897e-01
-4.653970270262439701e-01
-4.653473709610972953e-01
-4.652779223642202755e-01
-4.651896032735883812e-01
-4.650836297570372646e-01
-4.649542623887883419e-01
-4.648042648946503208e-01
-4.646270673928927786e-01
-4.644224302337600085e-01
-4.641885286887716400e-01
-4.639317103398277742e-01
-4.636427246523798784e-01
-4.633227585588312603e-01
-4.629792251847380524e-01
-4.626094348552394764e-01
-4.622176852277135595e-01
-4.618002646509984932e-01
-4.613539563255201759e-01
-4.608859449350986015e-01
-4.603894857106065053e-01
-4.598747796716290970e-01
-4.593364491123579363e-01
-4.587609371628440513e-01
-4.581557989123723473e-01
-4.575195529849925835e-01
-4.568563980735053653e-01
-4.561685494335353530e-01
-4.554560301072221318e-01
-4.547179933249946848e-01
-4.539547321887487108e-01
-4.531405648622076621e-01
-4.522907779539214190e-01
-4.514163800214773814e-01
-4.505047359818565300e-01
-4.495737136374247100e-01
-4.486151492589884326e-01
-4.476382015580210316e-01
-4.466290943632136301e-01
-4.455896932450140735e-01
-4.445224223040144529e-01
-4.434275124109099409e-01
-4.423168145679495233e-01
-4.412078377626112435e-01
-4.400672830241064148e-01
-4.388978819940335119e-01
-4.376835462845679037e-01
-4.364405188908587752e-01
-4.351810309223248519e-01
-4.339067083302758920e-01
-4.326023240668041558e-01
-4.312580348488655457e-01
-4.298810446923011508e-01
-4.285032427362571172e-01
-4.270808637632727556e-01
-4.256289923729345004e-01
-4.241601772102240875e-01
-4.226710144346578213e-01
-4.211596276318094190e-01
-4.196670848031653911e-01
-4.181661597272669506e-01
-4.166262722479061043e-01
-4.150554939794551812e-01
-4.134609510326265891e-01
-4.118283823341432059e-01
-4.101857670515244858e-01
-4.084951224333842057e-01
-4.067792360115314865e-01
-4.050419584683908614e-01
-4.032928841303788925e-01
-4.015337721238766977e-01
-3.997619707485143836e-01
-3.979748221852918988e-01
-3.961922074046387299e-01
-3.944017644524437372e-01
-3.926155112790108981e-01
-3.908065084516226806e-01
-3.890079418101854980e-01
-3.871854984986178860e-01
-3.853710166813240634e-01
-3.835734804447392676e-01
-3.817344356054860333e-01
-3.798748415008403323e-01
-3.779874283920331979e-01
-3.761001580937287092e-01
-3.742487087543522883e-01
-3.723788305777959162e-01
-3.705152365404533188e-01
-3.686586167003263470e-01
-3.668060639077444507e-01
-3.649495155697430326e-01
-3.630878653181580096e-01
-3.612045390728354510e-01
-3.593209536515885039e-01
-3.574324365817102001e-01
-3.555389331237597261e-01
-3.536623909160929169e-01
-3.517969420158273963e-01
-3.499778725048068861e-01
-3.481303450491313178e-01
-3.463483566119489043e-01
-3.446266723741988058e-01
-3.429531792741334906e-01
-3.413611313361617494e-01
-3.397062962978749101e-01
-3.380751398323612045e-01
-3.364405872265053832e-01
-3.348065521331325956e-01
-3.331859211476176363e-01
-3.315293086998641336e-01
-3.298738774801605600e-01
-3.281893907484974005e-01
-3.265450138858294049e-01
-3.249167730725692760e-01
-3.232823177901286149e-01
-3.216306986231651233e-01
-3.200088786139586028e-01
-3.183755295320180312e-01
-3.167634012407107846e-01
-3.151799194371792123e-01
-3.135689855460113140e-01
-3.120102690615879082e-01
-3.104805471279882267e-01
-3.089321271883064268e-01
-3.074354726922065018e-01
-3.059345159567346539e-01
-3.045442093801232208e-01
-3.032292893995363059e-01
-3.019168519611435952e-01
-3.006382843712482877e-01
-2.993838029108122911e-01
-2.981489660804906849e-01
-2.969347866336225494e-01
-2.957374006460380400e-01
-2.945667103195548919e-01
-2.934326481210747239e-01
-2.923426457021478519e-01
-2.912836548667791514e-01
-2.902482567487804643e-01
-2.892147899524298849e-01
-2.882560687119491427e-01
-2.873242160726786065e-01
-2.864560037898793432e-01
-2.856276908226710320e-01
-2.848336071171296835e-01
-2.840548906509659521e-01
-2.833135946984497999e-01
-2.826103215255765799e-01
-2.819722801870104267e-01
-2.813575974769328969e-01
-2.807709898934030446e-01
-2.802335252796516740e-01
-2.797376974352801526e-01
-2.792706491601377738e-01
-2.788145958703543426e-01
-2.783670749166811120e-01
-2.779599890442758792e-01
-2.775774183248656546e-01
-2.772227225541021300e-01
-2.769028575892520383e-01
-2.766035738373774922e-01
-2.763280678802108037e-01
-2.760778480243138433e-01
-2.758539648342410167e-01
-2.756428410094742820e-01
-2.754580372995705240e-01
-2.752927428240886099e-01
-2.751484629002819426e-01
-2.750284695048662020e-01
-2.749267788207698238e-01
-2.748459716762716720e-01
-2.747844920346965147e-01
-2.747433875906453715e-01
-2.747194550926400081e-01
-2.747136405219091082e-01
-2.747270681207533150e-01
-2.747596683177869203e-01
-2.748104923681893297e-01
-2.748788177603840310e-01
-2.749664947995985598e-01
-2.750730454817097437e-01
-2.751965270811189135e-01
-2.753397327913665316e-01
-2.755060170915239470e-01
-2.756976312379457172e-01
-2.759110520480746453e-01
-2.761470432880701042e-01
-2.763971847364225520e-01
-2.766736054565380187e-01
-2.769752690009605334e-01
-2.773030464030462050e-01
-2.776476865167806785e-01
-2.779938609817572126e-01
-2.783503524935007634e-01
-2.787169642817572401e-01
-2.790970127689226254e-01
-2.794957331526919941e-01
-2.799383982203303978e-01
-2.803999507855231554e-01
-2.808793420217101100e-01
-2.813855800938293572e-01
-2.819073716564464149e-01
-2.824261212261944820e-01
-2.829566389894250245e-01
-2.835043216715059655e-01
-2.840848719787762988e-01
-2.846478341322508099e-01
-2.852208636889793647e-01
-2.857919328070027132e-01
-2.863756366312242840e-01
-2.869901927539894593e-01
-2.876114898268755105e-01
-2.882553532036508104e-01
-2.889232410179431443e-01
-2.896299890781085518e-01
-2.903503891168953688e-01
-2.910905609947622708e-01
-2.918559946933982907e-01
-2.926525872774767278e-01
-2.934628637561306763e-01
-2.943038096126550096e-01
-2.951438259685656984e-01
-2.959838831751957500e-01
-2.968263529077121987e-01
-2.976889680808064709e-01
-2.985674513250534123e-01
-2.994807338501407901e-01
-3.003888644350485859e-01
-3.013056412143257923e-01
-3.023000279410542612e-01
-3.032958785227136134e-01
-3.043292112383021442e-01
-3.053666749103713940e-01
-3.064298793948566635e-01
-3.074911621875393020e-01
-3.086212758819607549e-01
-3.097619125896124981e-01
-3.109190944664004808e-01
-3.120642650185163625e-01
-3.132524423949797909e-01
-3.144255547070058943e-01
-3.155872362032070555e-01
-3.167621697905720346e-01
-3.179593433710504180e-01
-3.192012247491239907e-01
-3.204590706141802747e-01
-3.217061541556293647e-01
-3.229968618185400930e-01
-3.243015908357622656e-01
-3.255685825546910661e-01
-3.268874773474107487e-01
-3.281979411696218096e-01
-3.295353165031004172e-01
-3.308594227994295367e-01
-3.322076251992008844e-01
-3.335684946502196491e-01
-3.350056161108881381e-01
-3.364747446754113303e-01
-3.379813502496212818e-01
-3.395350339488544811e-01
-3.410855614631743138e-01
-3.426890991685005439e-01
-3.442807750466355676e-01
-3.459473631203593413e-01
-3.476211438465535153e-01
-3.494055204326521058e-01
-3.511724981366083909e-01
-3.528612555854183652e-01
-3.544916919965140911e-01
-3.561515402700348720e-01
-3.578100140655803285e-01
-3.595214862323365401e-01
-3.612759362199642332e-01
-3.630540641611977315e-01
-3.648736358558936632e-01
-3.666635862356223408e-01
-3.683912510899560733e-01
-3.701372680460350284e-01
-3.718577733089811765e-01
-3.735793235624317310e-01
-3.753429574904283417e-01
-3.771075177063553108e-01
-3.788512810711024414e-01
-3.806292428645444148e-01
-3.824157760069246126e-01
-3.841365389416653842e-01
-3.858818249905451858e-01
-3.876224755146926437e-01
-3.893821990635675800e-01
-3.911249583133293295e-01
-3.928554914370530060e-01
-3.945477261030132521e-01
-3.963138773380599500e-01
-3.980644475281694961e-01
-3.998559609963172057e-01
-4.016430933909829748e-01
-4.033594840008486448e-01
-4.050264074087158717e-01
-4.066566678012947245e-01
-4.082911299805735972e-01
-4.098568777041255995e-01
-4.114651953800591566e-01
-4.130583822822676554e-01
-4.146786203385911529e-01
-4.163334774425827556e-01
-4.180058811397145413e-01
-4.196661002996272538e-01
-4.212700766768295857e-01
-4.228591752107789259e-01
-4.244621380304341440e-01
-4.260860882653866311e-01
-4.276993584664026682e-01
-4.293112969720443983e-01
-4.309056135801579424e-01
-4.324889732378086049e-01
-4.340044973624926361e-01
-4.355033156597622468e-01
-4.369988651048203332e-01
-4.384452064100496926e-01
-4.398318534101440247e-01
-4.412280337171420319e-01
-4.425837390165429097e-01
-4.439238262095767662e-01
-4.452748061480070740e-01
-4.466093619637296341e-01
-4.479218850281981856e-01
-4.492078904984304621e-01
-4.504327995184088662e-01
-4.516466180773997530e-01
-4.528687256670295702e-01
-4.540598117292174996e-01
-4.552131100653981077e-01
-4.563742906761389384e-01
-4.575341384453777693e-01
-4.586575391734699081e-01
-4.597580144812397629e-01
-4.608506443061000657e-01
-4.619274383208903934e-01
-4.629723034948964311e-01
-4.640021220498598553e-01
-4.650066873449017479e-01
-4.659780756253090739e-01
-4.792636421037551053e-01
-4.792494178951092754e-01
-4.792001909060977227e-01
-4.791162640471407497e-01
-4.789943006757076405e-01
-4.788374330617663488e-01
-4.786477601434253604e-01
-4.784197538268145644e-01
-4.781499770898476331e-01
-4.778431630430750032e-01
-4.774979116875986418e-01
-4.771198833993179345e-01
-4.767015673384210617e-01
-4.762513898750432850e-01
-4.757510638068772058e-01
-4.752155218237250067e-01
-4.746629344721027266e-01
-4.740748179707230392e-01
-4.734744929749479248e-01
-4.728388214545253265e-01
-4.721442938412425128e-01
-4.714010536389198203e-01
-4.705909319172465466e-01
-4.697420753026808615e-01
-4.688586902870834350e-01
-4.679185786803037872e-01
-4.669332005735441493e-01
-4.658993659998982850e-01
-4.648325743592515158e-01
-4.637663466739052054e-01
-4.626693297462980969e-01
-4.615561555692366813e-01
-4.604315548084425558e-01
-4.592793887843739653e-01
-4.580940587910221073e-01
-4.568430393069872197e-01
-4.555581203306994786e-01
-4.542165357668693781e-01
-4.528777865254695612e-01
-4.514755272956860188e-01
-4.500738801961225999e-01
-4.486776756013207690e-01
-4.472829037083475567e-01
-4.458884196236860276e-01
-4.445096566042112118e-01
-4.430669009475977638e-01
-4.416258766772920841e-01
-4.402001941103843019e-01
-4.387233324598802664e-01
-4.372118253773585872e-01
-4.356865656992706670e-01
-4.341863680063479114e-01
-4.326518880749109508e-01
-4.311022716498404961e-01
-4.295590734275842593e-01
-4.279336836576474457e-01
-4.263013888716523092e-01
-4.245887407493968979e-01
-4.228344886323474605e-01
-4.210650413896149802e-01
-4.193119823838146742e-01
-4.175355815843329599e-01
-4.157181208661730465e-01
-4.138705252128125900e-01
-4.119998056700452382e-01
-4.101087253480710237e-01
-4.081735715601129133e-01
-4.062165979449991471e-01
-4.042656349448623954e-01
-4.023258453779481880e-01
-4.003516212235666005e-01
-3.983827984679347289e-01
-3.964028634000777429e-01
-3.943977545072877566e-01
-3.923580072776481908e-01
-3.903541125800097933e-01
-3.883493435257246995e-01
-3.863166697098837643e-01
-3.842838222458434538e-01
-3.822721313118994657e-01
-3.802864944741252140e-01
-3.782526227502244764e-01
-3.761998381723127283e-01
-3.741831891062896154e-01
-3.721860369153213166e-01
-3.701945340459523170e-01
-3.682042903868417705e-01
-3.662296982327292172e-01
-3.642560633715249963e-01
-3.623338666437090905e-01
-3.604431051719767520e-01
-3.585842569774340127e-01
-3.567488869342707591e-01
-3.549306345294244158e-01
-3.530509392171703453e-01
-3.511538944867506062e-01
-3.492464073308346184e-01
-3.473617207146295072e-01
-3.454819709850755483e-01
-3.436624446636386554e-01
-3.418618404554662482e-01
-3.400880860090748081e-01
-3.383062063978781731e-01
-3.365835907013197681e-01
-3.348878402000212695e-01
-3.332013440241357594e-01
-3.315515881460154302e-01
-3.299593948479220273e-01
-3.283757946424735175e-01
-3.268240268083335565e-01
-3.252918191734486264e-01
-3.237429957997569052e-01
-3.222246097898066597e-01
-3.207171101111754297e-01
-3.192258822257795225e-01
-3.177736266401356979e-01
-3.163478075702529924e-01
-3.149641133199002074e-01
-3.135978943318349366e-01
-3.122788963052481326e-01
-3.109766359791301116e-01
-3.097149689548286400e-01
-3.084740779042733361e-01
-3.072714050198201985e-01
-3.060791307566491093e-01
-3.049082431190252573e-01
-3.037721503797869982e-01
-3.026823795526105143e-01
-3.016121963202272327e-01
-3.005733394608746667e-01
-2.995791249855022098e-01
-2.986227503557874474e-01
-2.976848794108465923e-01
-2.967620424842606908e-01
-2.958807280029522313e-01
-2.950113362336820866e-01
-2.941773807535072449e-01
-2.933727703656812680e-01
-2.926052895614998373e-01
-2.918848931964875271e-01
-2.912050988938392204e-01
-2.905607070071675735e-01
-2.899636623575933547e-01
-2.894074093393785851e-01
-2.888842621928747745e-01
-2.884125328953190959e-01
-2.879847488538876954e-01
-2.876055805311291680e-01
-2.872685168218887530e-01
-2.869747635318796175e-01
-2.867226057862310995e-01
-2.865065706755087205e-01
-2.863281425638944944e-01
-2.861888042421128486e-01
-2.860879093409952056e-01
-2.860270375706202572e-01
-2.860033565039169501e-01
-2.860167222168767953e-01
-2.860674188649698912e-01
-2.861550249928748180e-01
-2.862796046131526051e-01
-2.864427475799865563e-01
-2.866403270911805357e-01
-2.868780548484120008e-01
-2.871491637856600221e-01
-2.874623458993158520e-01
-2.878091203629018491e-01
-2.881897170566914967e-01
-2.886091370059776784e-01
-2.890665846261732952e-01
-2.895565144996071205e-01
-2.900884007056863112e-01
-2.906458941471370960e-01
-2.912290288915345693e-01
-2.918472357458924415e-01
-2.924909671884985407e-01
-2.931569266858051748e-01
-2.938424849340864342e-01
-2.945597614820766319e-01
-2.953017792200313685e-01
-2.960744343515521737e-01
-2.968721107766774114e-01
-2.976929924855264975e-01
-2.985324513327061169e-01
-2.993920038629942493e-01
-3.003056511254961758e-01
-3.012687415220581810e-01
-3.022661777303283226e-01
-3.032901805923785554e-01
-3.043361350410864197e-01
-3.054002751308656505e-01
-3.065004790822151715e-01
-3.076370674599676613e-01
-3.088152968109215135e-01
-3.100130845027949111e-01
-3.112527912798067620e-01
-3.125254893635684428e-01
-3.138192820346910605e-01
-3.151397784135047120e-01
-3.165151208179554643e-01
-3.179062751086671468e-01
-3.193101573483623778e-01
-3.207317071367223882e-01
-3.221755603519058653e-01
-3.236487735279845457e-01
-3.251337859290060472e-01
-3.266374193316901042e-01
-3.281844778456758371e-01
-3.297376813055894473e-01
-3.313297389966978201e-01
-3.329454372710436982e-01
-3.345780380103241525e-01
-3.362127448266424845e-01
-3.378662966012116464e-01
-3.395619193154095217e-01
-3.413036020782516111e-01
-3.430380538620616537e-01
-3.447805923535460226e-01
-3.465614508775729519e-01
-3.483575297886925548e-01
-3.501972015105374592e-01
-3.520449399531569989e-01
-3.539184638488486190e-01
-3.558236580567298302e-01
-3.577824966191643918e-01
-3.597425291242543621e-01
-3.617084100190029461e-01
-3.636619266169586195e-01
-3.656369318178644412e-01
-3.676209267374141998e-01
-3.695995053972838673e-01
-3.715803529952395046e-01
-3.735658579041105098e-01
-3.755736596193579024e-01
-3.775812519802654865e-01
-3.796369962598362124e-01
-3.817142471204582055e-01
-3.837972731794055403e-01
-3.858925040804789264e-01
-3.880002154136599213e-01
-3.901359315564342789e-01
-3.922687564700473861e-01
-3.944084503776874584e-01
-3.965772523702685293e-01
-3.987313293406689607e-01
-4.008928826704884485e-01
-4.030732816218370873e-01
-4.052823947689764839e-01
-4.074956445295124796e-01
-4.097086593391935372e-01
-4.119214915574156977e-01
-4.141341643208092949e-01
-4.163467104113641737e-01
-4.185591569190542094e-01
-4.207715255769148288e-01
-4.229838332983372196e-01
-4.251960926942055519e-01
-4.274083129219265476e-01
-4.296205110441297381e-01
-4.318326858048560646e-01
-4.340448433180544296e-01
-2.393336229744387425e-06
-2.409254643821860675e-06
-1.879516818119083025e-03
-3.756787261231458487e-03
-5.634064182396448899e-03
-7.511346523273321717e-03
-9.388633585818449701e-03
-1.126592441107987161e-02
-1.314321780803445402e-02
-1.502051238039276565e-02
-1.689780698104321327e-02
-1.877510155572157877e-02
-2.065239564300986111e-02
-2.252968880954982905e-02
-2.440698065166320083e-02
-2.628427079788796944e-02
-2.816155891213664372e-02
-3.003884469599267179e-02
-3.191612789679007522e-02
-3.379340830504191234e-02
-3.567069063226002701e-02
-3.754796972801592581e-02
-3.942524446296104962e-02
-4.130251377261940499e-02
-4.317977678276036652e-02
-4.505703283563367023e-02
-4.693428150903245638e-02
-4.881152262896625710e-02
-5.068875627650884508e-02
-5.256598278920933398e-02
-5.444320240839833208e-02
-5.632041667361930432e-02
-5.819762627684661044e-02
-6.007483249737261694e-02
-6.195203653415333467e-02
-6.382924026712272214e-02
-6.570644416935829402e-02
-6.758364867722080338e-02
-6.946085419230278724e-02
-7.133806108181200978e-02
-7.321526967788707929e-02
-7.509248027626412580e-02
-7.696969313466384133e-02
-7.884690847117362122e-02
-8.072151534165128428e-02
-8.258376143928997104e-02
-2.000013409487604310e-01
-2.000013564918554365e-01
-2.010385479562601385e-01
-2.020757881808691592e-01
-2.031130403431295750e-01
-2.041503031922747569e-01
-2.051875756218384528e-01
-2.062234183655824171e-01
-2.072560969604846925e-01
-2.082916300197910353e-01
-2.093311012613550126e-01
-2.103705504880058197e-01
-2.114099764142790272e-01
-2.124493795439254262e-01
-2.134887612867083784e-01
-2.145281235477327908e-01
-2.155674684362115512e-01
-2.166067980686385286e-01
-2.176461144446633911e-01
-2.186854193816957503e-01
-2.197247136863150208e-01
-2.207639973795925137e-01
-2.218032703762112257e-01
-2.228335391822944545e-01
-2.238523874130312896e-01
-2.248536685924773793e-01
-2.258607910794058204e-01
-2.268833995913942803e-01
-2.279166667893786635e-01
-2.289692048173860572e-01
-2.300235644134960844e-01
-2.310715580397075253e-01
-2.321331096845196673e-01
-2.332190340771410630e-01
-2.343044828824529802e-01
-2.353881728034973864e-01
-2.364713357742651567e-01
-2.375519598940242783e-01
-2.386254239945980460e-01
-2.397215289957608242e-01
-2.408428988963391415e-01
-2.419771389991000055e-01
-2.431126314040418235e-01
-2.442587020312293744e-01
-2.454130061061552404e-01
-2.465730310332759356e-01
-2.477349728431509912e-01
-2.489025135045981885e-01
-2.500866027269343372e-01
-2.512966465208720801e-01
-2.525239193124273474e-01
-2.537500158396018834e-01
-2.549749345328086725e-01
-2.562080294220243082e-01
-2.574635546600323455e-01
-2.587388995119607737e-01
-2.600349865784959968e-01
-2.613403981645746610e-01
-2.626734251024986921e-01
-2.640207936875959005e-01
-2.653937856238645088e-01
-2.667754206121199512e-01
-2.681769333638572284e-01
-2.695736964954383308e-01
-2.710051627711700384e-01
-2.724493413393941910e-01
-2.739313865940327108e-01
-2.754158460666090158e-01
-2.769104512154702546e-01
-2.784171855983876842e-01
-2.799648545794271581e-01
-2.815315238709196755e-01
-2.831279716814403824e-01
-2.847326866445230031e-01
-2.863510884367456155e-01
-2.879865469070146955e-01
-2.896269194524167534e-01
-2.912677254652873970e-01
-2.929030075322737736e-01
-2.945449857766422874e-01
-2.962017101876158742e-01
-2.978626551232169128e-01
-2.995444713054704056e-01
-3.012432386069371915e-01
-3.029540313868577250e-01
-3.046411021984089529e-01
-3.063680854500238637e-01
-3.081050634800011623e-01
-3.098471199052263425e-01
-3.116101879080400150e-01
-3.133973514626287593e-01
-3.151975697844324742e-01
-3.169993435270814230e-01
-3.188090725045842899e-01
-3.206409151451204975e-01
-3.224625810364453171e-01
-3.243102368131589031e-01
-3.261649693797974980e-01
-3.280299871177568272e-01
-3.299203881149517237e-01
-3.318257317437620646e-01
-3.337167558900998587e-01
-3.356261811456699995e-01
-3.375433893314608302e-01
-3.394968707662869845e-01
-3.414332302445641232e-01
-3.433749379027064563e-01
-3.453456709327079044e-01
-3.473043748200889680e-01
-3.492662906723734140e-01
-3.512138317619554750e-01
-3.531793522255245454e-01
-3.551854619155415671e-01
-3.572090588857493865e-01
-3.592484372051283348e-01
-3.613186736613416272e-01
-3.634276442325821144e-01
-3.655416584373382682e-01
-3.676735504092725204e-01
-3.698262479150469795e-01
-3.720387632525791743e-01
-3.742664334368259738e-01
-3.765010595307940466e-01
-3.787686494082560529e-01
-3.810665717664825647e-01
-3.833738272230706734e-01
-3.856765544281410274e-01
-3.879501687923588849e-01
-3.901265122475935376e-01
-3.923565974059810002e-01
-3.945989039323866132e-01
-3.968699923808111096e-01
-3.991428693874144451e-01
-4.014446606758355629e-01
-4.037606844183576627e-01
-4.061050655483629535e-01
-4.084219638152862264e-01
-4.107421413789220099e-01
-4.130706417186447155e-01
-4.154199529445955497e-01
-4.177644249928288422e-01
-4.200985904420716510e-01
-4.224446252069948837e-01
-4.248157562735133119e-01
-4.272190301516279320e-01
-4.296237992528151306e-01
-4.320601043505804539e-01
-4.344438790030126785e-01
-4.368309819111986791e-01
-4.392189664109649172e-01
-4.416388450715653669e-01
-4.440573538635433359e-01
-4.464748003373654184e-01
-4.489057412602793784e-01
-4.513383096575787623e-01
-4.537773773268304889e-01
-4.562111486904358304e-01
-4.586599889852996381e-01
-4.611233252612552125e-01
-4.635605776764672448e-01
-4.659809185571148760e-01
-4.683983547721504159e-01
-4.707917717627365661e-01
4.000003077569193599e-01
4.000003228955989476e-01
4.002089066890752167e-01
4.004174929788861803e-01
4.006260595468240648e-01
4.008346079975004250e-01
4.010431404117870136e-01
4.012516590496815749e-01
4.014601663490861561e-01
4.016686649172861445e-01
4.018771575156280251e-01
4.020856470334445154e-01
4.022941356590895023e-01
4.025026243709427520e-01
4.027111140188931460e-01
4.029196053402578359e-01
4.031280989709621898e-01
4.033365954532687758e-01
4.035450952396669178e-01
4.037535987867978959e-01
4.039621081058155094e-01
4.041706252321385917e-01
4.043791519855577943e-01
4.045876899226083512e-01
4.047962402982589469e-01
4.050048040363212198e-01
4.052133817080952327e-01
4.054219735188160367e-01
4.056305793015111960e-01
4.058391985178775307e-01
4.060478302657903327e-01
4.062564732044501858e-01
4.064651259675218786e-01
4.066737865473817326e-01
4.068824527807022307e-01
4.070911222620350878e-01
4.072997923914988272e-01
4.075084620689286008e-01
4.077171305840323057e-01
4.079257973011426452e-01
4.081344616544368975e-01
4.083431231460176725e-01
4.085517813459539904e-01
4.087604358995952647e-01
4.089690857827668613e-01
4.091777288946543134e-01
4.093863633104266597e-01
4.095949873366231953e-01
4.098035995561715716e-01
4.100121988639274240e-01
4.102207844934032122e-01
4.104293560352492709e-01
4.106379134479838933e-01
4.108464570613867273e-01
4.110549875729642699e-01
4.112635058918026609e-01
4.114720137138068723e-01
4.116805125783435382e-01
4.118890044955427210e-01
4.120974917377412394e-01
4.123059768008514037e-01
4.125144618700123944e-01
4.127229477020253334e-01
4.129314349734614087e-01
4.131399242878120437e-01
4.133484161791592393e-01
4.135569111134540510e-01
4.137654094882236011e-01
4.139739116165481181e-01
4.141824192959860929e-01
4.143909345594195548e-01
4.145994592399806500e-01
4.148079949203053451e-01
4.150165428916353649e-01
4.152251041220416106e-01
4.154336792331746464e-01
4.156422684849992444e-01
4.158508717680241551e-01
4.160594883767388952e-01
4.162681180086948984e-01
4.164767591665002322e-01
4.166854103213660232e-01
4.168940696315341921e-01
4.171027349717499333e-01
4.173114039676580345e-01
4.175200740351882045e-01
4.177287437750060173e-01
4.179374124615782282e-01
4.181460794458194963e-01
4.183547441497881825e-01
4.185634060643740884e-01
4.187720647490128512e-01
4.189807198366760077e-01
4.191893706039725997e-01
4.193980149296031024e-01
4.196066508582066423e-01
4.198152766571517369e-01
4.200238908629179702e-01
4.202324923180313920e-01
4.204410801992198854e-01
4.206496540373421689e-01
4.208582137295452386e-01
4.210667593803175679e-01
4.212752919644793814e-01
4.214838122825023126e-01
4.216923216768571070e-01
4.219008218166601099e-01
4.221093146711906718e-01
4.223178024781786832e-01
4.225262877075390278e-01
4.227347728251957260e-01
4.229432586005743566e-01
4.231517457213017086e-01
4.233602348009151695e-01
4.235687263830041349e-01
4.237772209428737891e-01
4.239857188875519323e-01
4.241942205447847281e-01
4.244027274214324241e-01
4.246112415745057489e-01
4.248197648711509178e-01
4.250282989362726416e-01
4.252368451101081748e-01
4.254454044149400538e-01
4.256539775303230799e-01
4.258625647762754873e-01
4.260711659249578065e-01
4.262797809845659813e-01
4.264884089292367841e-01
4.266970486195991730e-01
4.269056985753948430e-01
4.271143569988339883e-01
4.273230218035278805e-01
4.275316906482833357e-01
4.277403609737713275e-01
-1.999969464812081932e-01
-1.999969304616217580e-01
-1.975632019183347077e-01
-1.951292344689684322e-01
-1.926952763769560484e-01
-1.902613269884440295e-01
-1.878273850995633987e-01
-1.853934495653953851e-01
-1.829595192883640697e-01
-1.805255932018812737e-01
-1.780916702586043121e-01
-1.756577485524900006e-01
-1.732238276417070455e-01
-1.707899071247127865e-01
-1.683559866653898951e-01
-1.659220659824051647e-01
-1.634881448408554705e-01
-1.610542230436370625e-01
-1.586203004351438572e-01
-1.561863722406417743e-01
-1.537524423710956434e-01
-1.513185103208185833e-01
-1.488845756475476734e-01
-1.464506379840430361e-01
-1.440166970474273667e-01
-1.415827526464703001e-01
-1.391488046867538630e-01
-1.367148531736843975e-01
-1.342808982134151286e-01
-1.318469400118578994e-01
-1.294129791913470051e-01
-1.269790154662448767e-01
-1.245450496779575006e-01
-1.221110823919156485e-01
-1.196771142459106541e-01
-1.172431455797586092e-01
-1.148091767968704990e-01
-1.123752081432293493e-01
-1.099412398471340674e-01
-1.075072721195570319e-01
-1.050733051534587514e-01
-1.026393391223541091e-01
-1.002053741783443808e-01
-9.777140582851384654e-02
-9.533743866960379953e-02
-9.290347337628482305e-02
-9.046951056778082534e-02
-8.803555079119138038e-02
-8.560159450820675753e-02
-8.316764208491060628e-02
-8.073369378424073706e-02
-7.829974976078514504e-02
-7.586581005777036368e-02
-7.343187460624386875e-02
-7.099794322652129563e-02
-6.856401597476721732e-02
-6.613009174781311894e-02
-6.369617044207145917e-02
-6.126225149130017783e-02
-5.882833425189927523e-02
-5.639441724046671822e-02
-5.396050010955791287e-02
-5.152658265449102520e-02
-4.909266469528840438e-02
-4.665874607439171595e-02
-4.422482665497943360e-02
-4.179090631953771839e-02
-3.935698496852158002e-02
-3.692305791190481079e-02
-3.448912911657803226e-02
-3.205519809901776623e-02
-2.962126443008138849e-02
-2.718732774894121879e-02
-2.475338777419886990e-02
-2.231944431223530784e-02
-1.988549726282166571e-02
-1.745154662227352618e-02
-1.501759248463221952e-02
-1.258363561187285026e-02
-1.014967507077507713e-02
-7.715711887053050902e-03
-5.281746533875252524e-03
-2.847779567141980883e-03
-4.138116165217231449e-04
2.020156624964794707e-03
4.454125312285889607e-03
6.888093911831072100e-03
9.322062190630756723e-03
1.175602993273606664e-02
1.418999693997436383e-02
1.662396303372525377e-02
1.905792805730271641e-02
2.149189497115391520e-02
2.392586225852198767e-02
2.635982778218345576e-02
2.879379091489784465e-02
3.122775109839777061e-02
3.366170785705229623e-02
3.609566080891375706e-02
3.852960967430620054e-02
4.096355428193471787e-02
4.339749457236510843e-02
4.583143011181901871e-02
4.826536208252683868e-02
5.069929021571839556e-02
5.313321488075654214e-02
5.556713654316317030e-02
5.800105575698226434e-02
6.043497315568795158e-02
6.286889011119779769e-02
6.530280715295305738e-02
6.773672448871705110e-02
7.017064230051475726e-02
7.260456074750060163e-02
7.503847996831104761e-02
7.747240008299768887e-02
7.990632119448709547e-02
8.234024795122549256e-02
8.477417636344926344e-02
8.720810692281844023e-02
8.964204006834385063e-02
9.207597617236565335e-02
9.450991552971922671e-02
9.694385834964350246e-02
9.937780475001431468e-02
1.018117547534348466e-01
1.042457077913388347e-01
1.066796647462312508e-01
1.091136247864066544e-01
1.115475875419347646e-01
1.139815525519407569e-01
1.164155192716628678e-01
1.188494870811133836e-01
1.212834552950414896e-01
1.237174239717709900e-01
1.261513925991059326e-01
1.285853609396857555e-01
1.310193287735259005e-01
1.334532958988578211e-01
1.358872621339132780e-01
1.383212273191473940e-01
1.407551922735991723e-01
1.431891597610150113e-01
1.456231255877626918e-01
1.480570891174569081e-01
1.504910497799439029e-01
1.529250070857409716e-01
1.553589606378601162e-01
1.577929101409222545e-01
1.602268554074732787e-01
1.626607958985632485e-01
1.650947326193961673e-01
1.675286652034052581e-01
1.699625939012003872e-01
1.723965190669327074e-01
1.748304411522368096e-01
1.772508569825527736e-01
1.796843336624651122e-01
1.820960663208285590e-01
1.845288449549816745e-01
1.869616360817957235e-01
1.893944396855599677e-01
1.918272554239278949e-01
1.942600824790342573e-01
1.966903966010062899e-01
1.991097034612027417e-01
2.015238578533526392e-01
2.039556196040101521e-01
2.063695757155041832e-01
2.088007951444882382e-01
2.112320386800978222e-01
2.136633047470181124e-01
2.160945909039742041e-01
2.185258966922777046e-01
2.209572190043734563e-01
2.233885555688741587e-01
2.258199041867817725e-01
2.282512627860670273e-01
2.306826294469728755e-01
2.331140024072796968e-01
2.355453800550362797e-01
2.379767609144562701e-01
2.404081436291417850e-01
2.428395266224283033e-01
2.452709100006287557e-01
2.477022932614407758e-01
2.501336760054305719e-01
2.525650579169100851e-01
2.549964387487216877e-01
2.574278183104504181e-01
2.598591964595064474e-01
2.622905787547011314e-01
2.647219591985588427e-01
2.671533371539675517e-01
2.695847120508040873e-01
2.720160833990656890e-01
2.744474507998672652e-01
2.768788139540439563e-01
2.793101726683419050e-01
2.817415268592507460e-01
2.841728765317178551e-01
2.866042218735093683e-01
2.890355631054655761e-01
2.914669005793438794e-01
2.938982347462353317e-01
2.963295661494793065e-01
2.987608954161028452e-01
3.011922244432707618e-01
3.036235537034667198e-01
3.060548832004640896e-01
3.084862131257570805e-01
3.109175436471601217e-01
3.133488749112173233e-01
3.157802070451201093e-01
3.182115401581928626e-01
3.206428778309997618e-01
3.230742170850367523e-01
3.255055584304454852e-01
3.279369023428853613e-01
3.303682492336470489e-01
3.327995994374679523e-01
3.352309532031225170e-01
3.376623106865285773e-01
3.400936719460272983e-01
3.425250369394947092e-01
3.449564051543460574e-01
3.473877771350292187e-01
3.498191521188101505e-01
3.522505296639668049e-01
3.546819092395654405e-01
3.571132902338353676e-01
3.595446719641282041e-01
3.619760532695697197e-01
3.644074346117270879e-01
3.668388157457765364e-01
3.692701964443750873e-01
3.717015764978869874e-01
3.741329557157721530e-01
3.765643339287286784e-01
3.789957109911126221e-01
3.814270924291074394e-01
3.838584723387515329e-01
3.862898500471058649e-01
3.887212249441674983e-01
3.911525964982935921e-01
3.935839642689343276e-01
3.960153279167356044e-01
3.984466872110359326e-01
4.008780420346439999e-01
4.033093919100799729e-01
4.057407379444658568e-01
4.081720798362514224e-01
4.106034179146049179e-01
4.130347526111156631e-01
4.154660844526015251e-01
4.178974140523606384e-01
4.203287421000119761e-01
4.227600713671049726e-01
4.251914008311593052e-01
4.276227306879066270e-01
4.300540611090169496e-01
4.324853922446393883e-01
4.349167242254746157e-01
4.373480571643582060e-01
4.397793926051047908e-01
4.422107315585682152e-01
4.446420725234507820e-01
4.470734159843814948e-01
4.495047623636777012e-01
4.519361120088126182e-01
4.543674651828114586e-01
4.567988220571336244e-01
4.592301827066187503e-01
4.616615466490183728e-01
4.640929147359120210e-01
4.665242862208148766e-01
4.689556607724139625e-01
4.713870379626211582e-01
4.738184172729190125e-01
4.762497981025177740e-01
4.786811797779935707e-01
4.811125610540842312e-01
4.835439424041290679e-01
4.859753235800850502e-01
4.884067043517262841e-01
4.908380845067897291e-01
4.932694638522289177e-01
4.957008422161467420e-01
4.981322194499729905e-01
5.005636010423387683e-01
5.029949812165077638e-01
5.054263592914112202e-01
5.078577346459519637e-01
5.102891067351986720e-01
5.127204751037497399e-01
5.151518393962680742e-01
5.175831993652254548e-01
5.200145548758400293e-01
5.224459055562331589e-01
5.248772522372934235e-01
5.273085947360810488e-01
5.297399333651809927e-01
5.321712685406405630e-01
3.999984766325593299e-01
3.999984610795304096e-01
3.988160195344325754e-01
3.976335312623241469e-01
3.964510602160036257e-01
-2.759171440389736733e-06
-2.175975738744789431e-03
-4.349373114469806158e-03
2.094990554002936212e-01
2.189953649786373913e-01
2.213694434472034123e-01
2.237435219376889273e-01
2.261175999042051021e-01
