2.000030277355787089e-01
2.017705922911697536e-01
2.037836800672564175e-01
2.057915429333266599e-01
2.077978748897171268e-01
2.098220069138834742e-01
2.118517069327988667e-01
2.138420412348989996e-01
2.158622132352940592e-01
2.179708147844488242e-01
2.200849032356314017e-01
2.222046609514675419e-01
2.243457052519444439e-01
2.264983327691231785e-01
2.286384600173092529e-01
2.307858132162001752e-01
2.329109732534416499e-01
2.350390274322336492e-01
2.371561316502125427e-01
2.392804604413421021e-01
2.413974293352177392e-01
2.435275490177713775e-01
2.456789837994529102e-01
2.478058003103382478e-01
2.499240267830175610e-01
2.520176163762126165e-01
2.541303422723026340e-01
2.562752528847573874e-01
2.584352501398936020e-01
2.606069456007914509e-01
2.628081951141200689e-01
2.649819482551670768e-01
2.671433375874160965e-01
2.693174975995903386e-01
2.715272443273020753e-01
2.737224064711770155e-01
2.758955584722034837e-01
2.781020248741670198e-01
2.802833180685675440e-01
2.824505279064949415e-01
2.846052203529378377e-01
2.867619873044330303e-01
2.888984602814643754e-01
2.910604753097532638e-01
2.932042804471147734e-01
2.953565159503786508e-01
2.975208047497573394e-01
2.996753474196002798e-01
3.018479093520643475e-01
3.039986861828879450e-01
3.061519941860106342e-01
3.082785180154637983e-01
3.103892990448726130e-01
3.124450969555464530e-01
3.144999422701987846e-01
3.164979722309647636e-01
3.184903571918197840e-01
3.204805668680317798e-01
3.224551274400433987e-01
3.244385673780008639e-01
3.264086528211243010e-01
3.283518827562623144e-01
3.302826860806725717e-01
3.322103462709890542e-01
3.341149709037863902e-01
3.360186716771919047e-01
3.379406349407226284e-01
3.397993471910715768e-01
3.416403324596574698e-01
3.434767234569776062e-01
3.452727069389238124e-01
3.470681703998141909e-01
3.488644706209412250e-01
3.506462912326962500e-01
3.524316069012571884e-01
3.541872844773577556e-01
3.559379804458151497e-01
3.576842078785402723e-01
3.594527209334038576e-01
3.611952454536901391e-01
3.629096540600549869e-01
3.646338629884058324e-01
3.663768214514096511e-01
3.681240167134638974e-01
3.698744784471494906e-01
3.715945350195692387e-01
3.732460873552564951e-01
3.748446730846532460e-01
3.764042783893026267e-01
3.779542055545447310e-01
3.794565894230472192e-01
3.809416552692663771e-01
3.824229886016346502e-01
3.838144205391244013e-01
3.852165776810232423e-01
3.865906172731621848e-01
3.879221951129699364e-01
3.892972365801872225e-01
3.906584153599704790e-01
3.920395867096459486e-01
3.933957504200890631e-01
3.947772404507846611e-01
3.961638935071950529e-01
3.975258157363950606e-01
3.988728253548132763e-01
4.001950217142895005e-01
4.015170899793014669e-01
4.028189063344261855e-01
4.041096603317607117e-01
4.053983315709437374e-01
4.066581827157780271e-01
4.079195553835260890e-01
4.091510248060746813e-01
4.103404673685496218e-01
4.115338075326677725e-01
4.127133585578685038e-01
4.138527152324510960e-01
4.149753502973461128e-01
4.160386656400769656e-01
4.170902795381775663e-01
4.181245110236090357e-01
4.191315204014958717e-01
4.201368132931470600e-01
4.211187833842344186e-01
4.220918127019705479e-01
4.230163548730467293e-01
4.239025302115668192e-01
4.247531782045596560e-01
4.255727913527971307e-01
4.263633348355133079e-01
4.271221962219784452e-01
4.278357674398186039e-01
4.285062554303020188e-01
4.291450182509688460e-01
4.297533907550281640e-01
4.303328612874195991e-01
4.308943881726199354e-01
4.314145230135703057e-01
4.319189682387778451e-01
4.323811414625183813e-01
4.328148319776929931e-01
4.332162681374263080e-01
4.335869409845682365e-01
4.339206611063078922e-01
4.342262931927179381e-01
4.344900159782885685e-01
4.347000476102125810e-01
4.348790670834349892e-01
4.350161918252820059e-01
4.351107641500333578e-01
4.351623036797627742e-01
4.351726023246555441e-01
4.351427413207114014e-01
4.350738000539656203e-01
4.349581750581973938e-01
4.348075190699577375e-01
4.346132627156933936e-01
4.343879306292729447e-01
4.341165395169661045e-01
4.338102643282095716e-01
4.334783731400721485e-01
4.330222633768861518e-01
4.325690199852482709e-01
4.320898704297288506e-01
4.314887540015356904e-01
4.309121661536297054e-01
4.302921033654976690e-01
4.297408794353655415e-01
4.289842772098852453e-01
4.281430404225244346e-01
4.272598308643299481e-01
4.265271960954115094e-01
4.258625577799906581e-01
4.248547085337625040e-01
4.238462111401208876e-01
4.228000046230174780e-01
4.217396073555607638e-01
4.208735814428223310e-01
4.199631385485045887e-01
4.191551172723347318e-01
4.189230537430542745e-01
4.184725553660810782e-01
4.179379637249893142e-01
4.177190917164675388e-01
4.172161802828696642e-01
4.165239316871426900e-01
4.159896251591572169e-01
4.157303100921048711e-01
4.153050804135415275e-01
4.149184283701720655e-01
4.146129587602410127e-01
4.141951916413721957e-01
4.139618389313803326e-01
4.134644257168284542e-01
4.128761310293057596e-01
4.125089880028998679e-01
4.121879973742436643e-01
4.118333764516656781e-01
4.113684118456932826e-01
4.110086366567023419e-01
4.106994436900461842e-01
4.102853020283689367e-01
4.100035820069538040e-01
4.097679227413785763e-01
4.094926551093062694e-01
4.092138792671163317e-01
4.089186604105220502e-01
4.086448064231745780e-01
4.083931327916545673e-01
4.081396872572557455e-01
4.079047514292007404e-01
4.076512915547369498e-01
4.074367147083289842e-01
4.072123989110764120e-01
4.069785776953407930e-01
4.067419850356776556e-01
4.064524322911468035e-01
4.060886157659008289e-01
4.057266787760789861e-01
4.053481224140652595e-01
4.049665881667685041e-01
4.045522186859938363e-01
4.040830644968564367e-01
4.036355690885894409e-01
4.032085468419399077e-01
4.027608363703928385e-01
4.023080607379534435e-01
4.018299713466708112e-01
4.013415751523063957e-01
4.008418829762755431e-01
4.003184268712944305e-01
3.997865445238245607e-01
3.992130714523318136e-01
3.987010496194072218e-01
3.981711626857010744e-01
3.976444411320227412e-01
3.971580860858193174e-01
3.966502199234250847e-01
3.961503772912301491e-01
3.956259966143693685e-01
3.951040868104504500e-01
3.946403862821777908e-01
3.942163023018283585e-01
3.938488457354749062e-01
3.934814164466272080e-01
3.930590579995648648e-01
3.926113790434127560e-01
3.921253788905726401e-01
3.916176808275432797e-01
3.911161465955966254e-01
3.906196165979783363e-01
3.900995371866267658e-01
3.895966382150772289e-01
3.891460086663337536e-01
3.886889332285431986e-01
3.882683900324831461e-01
3.878102978023585945e-01
3.874148683288421435e-01
3.870369339009698817e-01
3.867036034905539932e-01
3.863358629168197611e-01
3.860311445401649610e-01
3.857737119025148043e-01
3.854909691393988980e-01
3.852241783298746003e-01
3.849257953175122537e-01
3.846565691609332149e-01
3.844350178682398034e-01
3.842243367103861940e-01
3.840267470451395049e-01
3.837617470034401235e-01
3.834884378343104694e-01
3.832338720090019413e-01
3.829190848999486363e-01
3.825640931701864700e-01
3.822439085585936369e-01
3.819487626835378347e-01
3.816275368931720813e-01
3.813137142623466147e-01
3.810117938084228717e-01
3.807251030787386359e-01
3.804273275625501549e-01
3.800947370068561426e-01
3.797328896791271058e-01
3.793690736419139120e-01
3.790199593833154523e-01
3.786434675252057791e-01
3.782672786497526252e-01
3.778806712782866173e-01
3.775033172378279844e-01
3.771275559296505264e-01
3.767417836657744323e-01
3.763566031019793812e-01
3.759030401496360474e-01
3.754263951491353946e-01
3.749498667577024769e-01
3.744637298018477223e-01
3.739533574857958897e-01
3.734375860713820550e-01
3.728477566483757721e-01
3.722568178533748884e-01
3.716614996918861658e-01
3.710169500920771912e-01
3.703562380007302535e-01
3.696987205864034065e-01
3.690243634059616751e-01
3.683684142922880045e-01
3.676647898978212536e-01
3.669213696620389764e-01
3.662245401059426309e-01
3.654711476307031526e-01
3.646368561214017867e-01
3.637617610547005387e-01
3.628567644489644750e-01
3.620170240081874713e-01
3.612203639281212353e-01
3.604090192758405142e-01
3.595708049134154760e-01
3.587193203116305074e-01
3.579330844108596921e-01
3.571399235487090484e-01
3.563305713927592544e-01
3.555255034192502106e-01
3.546720464863403754e-01
3.538348433111973557e-01
3.529496301412900494e-01
3.520514987089468084e-01
3.510929117546862654e-01
3.502069307384959584e-01
3.492823091372288524e-01
3.483678281802889409e-01
3.475304752069832692e-01
3.467200425561299815e-01
3.459052543991691930e-01
3.451600442912087785e-01
3.444505543379455248e-01
3.437398480901914244e-01
3.429791532788794561e-01
3.422090953445379169e-01
3.415027981487696596e-01
3.407997399740051447e-01
3.401110250332442519e-01
3.393377213184556873e-01
3.385350595457938261e-01
3.377584401130534486e-01
3.369347850988721471e-01
3.360882350130740548e-01
3.352381635233070423e-01
3.341911956067898370e-01
3.330887645133786545e-01
3.321005228939837850e-01
3.304909305113224449e-01
3.293637454649270824e-01
3.281738635221042588e-01
3.269271275922460140e-01
3.254898005497589009e-01
3.234955176497018026e-01
3.215415397291088162e-01
3.195165946275320690e-01
3.176647519777377471e-01
3.154953069163006218e-01
3.133178040721358859e-01
3.112342830213729594e-01
3.090608053094239249e-01
3.068864850896511065e-01
3.047225459709502204e-01
3.025475768113350949e-01
3.006673491500585493e-01
2.985818166228110249e-01
2.964279381162125970e-01
2.942736376721034053e-01
2.921189607487735818e-01
2.899639646480582367e-01
2.878086884887733898e-01
2.856531894947793027e-01
2.834975126013686841e-01
2.813416975405700904e-01
2.792423058693830895e-01
2.771434580007691717e-01
2.751311251960714688e-01
2.731350610753411901e-01
2.711502108513326181e-01
2.691723086863644365e-01
2.671809445225138968e-01
2.651744135594489293e-01
2.631790831032752020e-01
2.611724061980393863e-01
2.591604656166883180e-01
2.571618772758775262e-01
2.551987441214933483e-01
2.532200231842933746e-01
2.512560126656009363e-01
2.493049610826466866e-01
2.473650537892344292e-01
2.454406331049989731e-01
2.435182438057402199e-01
2.415974664784514281e-01
2.397052087668696818e-01
2.378089802703910738e-01
2.359270903069722591e-01
2.340379971648708923e-01
2.321565531463366805e-01
2.302794656818185626e-01
2.283859831331952750e-01
2.265052327441354763e-01
2.246183457977472542e-01
2.227604934984794005e-01
2.208623562096688475e-01
2.189714147509287945e-01
2.170766432572479865e-01
2.151884049793549858e-01
2.133175683423860491e-01
2.114537347182651739e-01
2.096054318520921833e-01
2.077798974896158668e-01
2.059685874209062628e-01
2.041751792264309140e-01
2.024214493606136256e-01
2.006696418515795666e-01
1.989377415262893189e-01
1.972260739722066503e-01
1.955235425446585351e-01
1.938421491230923888e-01
1.921566137776332950e-01
1.904723332395749369e-01
1.887905240313059729e-01
1.871125099781731638e-01
1.854476250241476332e-01
1.837800880454178998e-01
1.821189223808175328e-01
1.804761036255979889e-01
1.788458025977618659e-01
1.772047338372509662e-01
1.755555052052615861e-01
1.739107972048912765e-01
1.722723806116645828e-01
1.706640425331991118e-01
1.690458214087610656e-01
1.674439853588744753e-01
1.658459622480000228e-01
1.642790855468776734e-01
1.627047161715274581e-01
1.611489798660443729e-01
1.596250680322915394e-01
1.581170271397902283e-01
1.566349503486356431e-01
1.551705388333326219e-01
1.537083634574994973e-01
1.522661834889939558e-01
1.508299564654586034e-01
1.494087788041811582e-01
1.480062859757841354e-01
1.465962884170201319e-01
1.452095383498351044e-01
1.438418847390687816e-01
1.424883990268924205e-01
1.411544488065401559e-01
1.398577358245437774e-01
1.385761650368891318e-01
1.373038431285491245e-01
1.360618894330716255e-01
1.348343492817834222e-01
1.336290938369505410e-01
1.324481330788565281e-01
1.312678025281006911e-01
1.300832203629648243e-01
1.289058597934319705e-01
1.277368690787652472e-01
1.265859660023048450e-01
1.254543529752119302e-01
1.243416829259445244e-01
1.232541952884191883e-01
1.222011822762124889e-01
1.211631472166660450e-01
1.201510912400288317e-01
1.191644031657598246e-01
1.182118946214769095e-01
1.172840352983312295e-01
1.163861273510507360e-01
1.155063536575157146e-01
1.146326776667166841e-01
1.137751487695708719e-01
1.129411173761426940e-01
1.121314915979237103e-01
1.113194935079065001e-01
1.105307939529901612e-01
1.097606615324479007e-01
1.090299572028401720e-01
1.083490374887420560e-01
1.077138299532669208e-01
1.072111086883551778e-01
1.065521215539093347e-01
1.058907377061984317e-01
1.052262205011786772e-01
1.045606980468209851e-01
1.038923656691833064e-01
1.032225388177620135e-01
1.025514953055283174e-01
1.018794865059051979e-01
1.012067327295096686e-01
1.005334211155335944e-01
9.985970615416221718e-02
9.918571802836514961e-02
9.851155582529985688e-02
9.783729392045732720e-02
9.716298650506943746e-02
9.648867148688032580e-02
9.581434582946642131e-02
9.514002333509553877e-02
9.446571640842608975e-02
9.379143648358398422e-02
9.311719149214171820e-02
9.244298223476095366e-02
9.176880733046244298e-02
9.109466029260733511e-02
9.042053558531340518e-02
8.974642911889825492e-02
8.907233802810704537e-02
-2.000018171673779710e-01
-2.000018328320858352e-01
-2.014187691374938194e-01
-2.024436338116382683e-01
-2.033466522879220362e-01
-2.042380860761096872e-01
-2.050861043302493192e-01
-2.058422783352417684e-01
-2.065409464218269098e-01
-2.072594150125515178e-01
-2.080170966131029142e-01
-2.086768032892028502e-01
-2.092323565743197389e-01
-2.097840875938332683e-01
-2.103357763574190686e-01
-2.108738967677575293e-01
-2.113968261241042368e-01
-2.118942421639827267e-01
-2.123944722571980970e-01
-2.128552546427815162e-01
-2.133132902505452122e-01
-2.137047279373627540e-01
-2.141093874328639513e-01
-2.145034576354424016e-01
-2.148772789003511596e-01
-2.152614598934391721e-01
-2.156304414692533367e-01
-2.159885434551189476e-01
-2.163555511636500450e-01
-2.167242524968596984e-01
-2.170943476995037258e-01
-2.174487647532331036e-01
-2.177821491628449124e-01
-2.181246295011940173e-01
-2.184615711700426399e-01
-2.187950792600218408e-01
-2.191307076346404314e-01
-2.194668813409204611e-01
-2.197829579303803849e-01
-2.201046730589721334e-01
-2.204125642397914975e-01
-2.207019077805607021e-01
-2.209445069512995519e-01
-2.211670678393235501e-01
-2.213488608564476434e-01
-2.215066203935211198e-01
-2.216439986110931293e-01
-2.217592124470781634e-01
-2.218469785184624954e-01
-2.219061668855559222e-01
-2.219410054853758751e-01
-2.219595439114026292e-01
-2.219572052003820906e-01
-2.219376616157988369e-01
-2.218942626743185542e-01
-2.218437417825900593e-01
-2.217577531381590972e-01
-2.216731557033793654e-01
-2.215851008228018615e-01
-2.214978000348298559e-01
-2.214119139140982573e-01
-2.213272037161813921e-01
-2.212488044402980969e-01
-2.211514687421637648e-01
-2.210566236231698567e-01
-2.209608686859483029e-01
-2.208476907960491009e-01
-2.207381445699449218e-01
-2.206251586045907542e-01
-2.204931472518279478e-01
-2.203656615167431387e-01
-2.202145258126580740e-01
-2.200697547390619013e-01
-2.199008438321892467e-01
-2.197363055460072323e-01
-2.195758654678209298e-01
-2.194121521279110976e-01
-2.192158170475771162e-01
-2.190476787755497312e-01
-2.188176560934948223e-01
-2.186505276498891537e-01
-2.184075855247819831e-01
-2.181718712793002390e-01
-2.179374482339589136e-01
-2.176789661124354514e-01
-2.174546514900952132e-01
-2.172172791752686738e-01
-2.169293012757370909e-01
-2.166118220608561629e-01
-2.162534648950947824e-01
-2.159461499166455967e-01
-2.155756185464581809e-01
-2.151884029625093786e-01
-2.147947853508669069e-01
-2.143461221033890196e-01
-2.138727824039464986e-01
-2.133373491762131091e-01
-2.128179082924747667e-01
-2.122289176938670641e-01
-2.115475899245307378e-01
-2.108688569288943160e-01
-2.102945267921682293e-01
-2.096703953896332517e-01
-2.089994021750979925e-01
-2.083383837512836900e-01
-2.077011714679845300e-01
-2.070748544045678541e-01
-2.064886073567845926e-01
-2.059369778536103979e-01
-2.053954742118034582e-01
-2.048653856939225415e-01
-2.044012477535728511e-01
-2.040046454149857802e-01
-2.036286940739745477e-01
-2.032520720843081774e-01
-2.028867075646737794e-01
-2.025606493336897795e-01
-2.022523141793984847e-01
-2.020132633059464888e-01
-2.017673628266837271e-01
-2.015334059300870062e-01
-2.013154602814368199e-01
-2.011048070412675970e-01
-2.008416059889947813e-01
-2.006490102397575637e-01
-2.004102799268126511e-01
-2.001333810581365502e-01
-1.998702132927893949e-01
-1.996160952964419477e-01
-1.993769287146322511e-01
-1.991416972999094648e-01
-1.989119338062204367e-01
-1.986817359222088075e-01
-1.984577551599635559e-01
-1.982335877081493059e-01
-1.980086911638007097e-01
-1.977831776476260128e-01
4.000032544921516831e-01
4.025557771037897581e-01
4.040279217411074653e-01
4.054923903234666782e-01
4.069398729192575948e-01
4.083427414781388154e-01
4.097716049105386005e-01
4.111878981533669264e-01
4.125851450671612630e-01
4.140211190736520774e-01
4.154580859274774607e-01
4.168810302642139143e-01
4.182741689903051729e-01
4.196380438477250729e-01
4.209949152689116958e-01
4.224010114946313843e-01
1.999975745643315372e-01
1.981077850185958833e-01
1.962178423912063763e-01
1.943279134869454750e-01
1.924379970479032365e-01
1.905480912311660058e-01
1.886581941615748936e-01
1.999978588506078070e-01
1.983346675323026664e-01
1.973963341053713572e-01
1.963561409334693975e-01
1.952292077573102025e-01
1.941420201071732410e-01
1.929918926187302319e-01
1.917255634722150048e-01
1.903817889964846133e-01
1.890038810892644694e-01
1.876081976010575414e-01
1.861949886877604932e-01
1.847728760200046394e-01
1.833608088677820547e-01
1.819307324902461886e-01
1.804955620767875746e-01
1.790583243769688637e-01
1.776347658892385994e-01
1.761041194507708130e-01
1.745608429711723864e-01
1.729410495850406959e-01
1.713162069028388024e-01
1.697067090641602716e-01
1.680822478748266735e-01
1.663966413251035392e-01
1.647120254491120928e-01
1.630074007030885841e-01
1.613113157401229458e-01
1.595202976318914612e-01
1.576856233510643135e-01
1.557707424994501100e-01
1.538934723722684972e-01
1.513387198740381023e-01
1.489968113406369699e-01
1.468533239689000791e-01
1.447189391368366440e-01
1.423038366769840135e-01
1.397794979271336224e-01
1.377435395470210655e-01
1.356077711332029367e-01
1.331861218346292730e-01
1.308846355468314682e-01
1.288269003780025679e-01
1.262768351234016262e-01
1.241396325952036639e-01
1.215923316517826397e-01
1.190448636063996535e-01
1.164972023443445331e-01
1.142278496630933088e-01
1.117263285466630202e-01
2.119163835117956751e-01
-1.999972163700051986e-01
-1.978166648867856481e-01
-1.956359154629626618e-01
-1.934551779103958757e-01
-1.912762360461067734e-01
-1.891318096386047087e-01
-1.870586219651312609e-01
-1.850141959359276334e-01
-1.829945587486347391e-01
-1.809931185385051933e-01
-1.789601091125275489e-01
-1.769425690867000300e-01
-1.748836084599529883e-01
-1.728312815924849810e-01
-1.708212856987606776e-01
-1.687851325659294188e-01
-1.668091513726715491e-01
-1.648933783540289244e-01
-1.629573148092589852e-01
-1.609693053575702582e-01
-1.589594498965035962e-01
-1.569532862064168532e-01
-1.550013791039017430e-01
-1.530363330287485835e-01
-1.510715790474535525e-01
-1.490712171705104450e-01
-1.471590020972311508e-01
-1.452438442456323586e-01
-1.433527085855892391e-01
-1.414120638359376569e-01
-1.394539099821624495e-01
-1.374874900119308074e-01
-1.355356795033439699e-01
-1.336126004613157614e-01
-1.316828157099291519e-01
-1.297556381060567254e-01
-1.278164636344405469e-01
-1.258726718488875074e-01
-1.238917804998452554e-01
-1.219104308413061916e-01
-1.199286915460140851e-01
-1.179466231068776183e-01
-1.159642882958352161e-01
-1.140062270118366444e-01
-1.120255187733500413e-01
-1.100446691254308024e-01
-1.080636714066449955e-01
-1.060825661345463494e-01
-1.041013873210169943e-01
-1.021201563132724671e-01
-1.001388978008228015e-01
-9.825084176494043586e-02
-9.635097819771031025e-02
-9.446917970203778936e-02
-9.261650832264019251e-02
-9.082917951466219775e-02
-8.901902960273981591e-02
-8.725867707469196766e-02
-8.543660314449712245e-02
-8.359912774798178292e-02
-8.180175843600587249e-02
-7.997039497019295395e-02
-7.811193589911499813e-02
-7.627060907170674087e-02
-7.437620055801294483e-02
-7.235809486012068081e-02
-7.037389717168338055e-02
-6.826326122603934565e-02
-6.611972167347565654e-02
-6.400989198845524752e-02
-6.188493705947588353e-02
-5.965752487109087648e-02
-5.743083571214545324e-02
-5.520474091898882468e-02
-5.305036448825943551e-02
-5.082112358510771505e-02
-4.870623238203630051e-02
-4.659744070182355452e-02
-4.444196494230313182e-02
-4.219590912911997532e-02
-3.995016714137746699e-02
-3.770468591879136411e-02
-3.545942796472902059e-02
-3.321435252988989145e-02
-3.109301572080194406e-02
-2.891621698374677307e-02
-2.688129340889559502e-02
-2.487519241584377344e-02
-2.273485539294229155e-02
-2.067276915075785121e-02
-1.856226563589480003e-02
-1.647337499121693388e-02
