4.000028422555162999e-01
4.000028582889314510e-01
4.022342444765023561e-01
4.044446860380992437e-01
4.066199201850996814e-01
4.087714849121770744e-01
4.109882681978049845e-01
4.132255985147842425e-01
4.154679999075792107e-01
4.177104388659241829e-01
4.199484998898934118e-01
4.221634873331810978e-01
4.243837267543872360e-01
4.265621410559078952e-01
4.287592806680285973e-01
4.309973054219565225e-01
4.332353909485464616e-01
4.354623194029394462e-01
4.377011244565753856e-01
4.399399694037305908e-01
4.421788405714490167e-01
4.444177308564822293e-01
4.466566341732443601e-01
4.488955454503657516e-01
4.511344605580039357e-01
4.533733761993863909e-01
4.556122898450586933e-01
4.578511996907853598e-01
4.600901045687342816e-01
4.623290038598222851e-01
4.645678974128155114e-01
4.668067854712500964e-01
4.690456686027090760e-01
4.712845475276576934e-01
4.735234231246889247e-01
-2.000030876864042906e-01
-2.000031037009990520e-01
-2.024646548844705463e-01
-2.049264496012699055e-01
-2.073882354623975965e-01
-2.098500130640108818e-01
-2.123117835510837104e-01
-2.147735480056539581e-01
-2.172353074569433884e-01
-2.196970628987535423e-01
-2.221588153018140832e-01
-2.246205664936747892e-01
-2.270823168939591907e-01
-2.295440668756607572e-01
-2.320058167493046775e-01
-2.344675667734104907e-01
-2.369293171627541716e-01
-2.393910680972395899e-01
-2.418528197171108673e-01
-2.443143143547969465e-01
-2.467511825394146929e-01
-2.492015331442771764e-01
-2.516486048440002565e-01
-2.541057198084030189e-01
-2.565691313527658224e-01
-2.590325278429878586e-01
-2.614959103399925322e-01
-2.639592799570571469e-01
-2.664226400157460595e-01
-2.688859916812326722e-01
-2.713493366711967614e-01
-2.738126764538494351e-01
-2.762760122081430181e-01
-2.787393448126754825e-01
-2.812026748549549815e-01
-2.836660026662510270e-01
-2.861293300104085779e-01
-2.885926562042507304e-01
-2.910559814775134369e-01
-2.935193059579944141e-01
-2.959826296950287539e-01
-2.984459526812818231e-01
-3.009092748721965416e-01
-3.033726001637501724e-01
-3.058359247302847028e-01
-3.082992479626583959e-01
-3.107625692857957644e-01
-3.132258881793352767e-01
-3.156884500697816898e-01
-3.181517416160049572e-01
-3.206150299000447013e-01
-3.230783147339085226e-01
-3.255415960406439213e-01
-3.280048735684187311e-01
-3.304681479863358917e-01
-3.329314192037072240e-01
-3.353946875159718455e-01
-3.378579533069205887e-01
-3.403212170424440575e-01
-3.427844792626965620e-01
-3.452477406564968265e-01
-3.477110021877505841e-01
-3.501742640235563364e-01
-3.526375263108039171e-01
-3.551007891783778403e-01
-3.575640527388599388e-01
-3.600273170899224717e-01
-3.624905823154357387e-01
-3.649538537020404760e-01
-3.674171265857895663e-01
-3.698804013878054242e-01
-3.723436784825197021e-01
-3.748069581853438192e-01
-3.772702407430403859e-01
-3.797335263264757788e-01
-3.821968150255247165e-01
-3.846601068457911055e-01
-3.871234012822759030e-01
-3.895866990730948443e-01
-3.920499994876177063e-01
-3.945133021883207025e-01
-3.969766067580974833e-01
-3.994399127065791921e-01
-4.019032194780411960e-01
-4.043665264605283416e-01
-4.068298345651275016e-01
-4.092931426152656149e-01
-4.117564504003340953e-01
-4.142197577252576535e-01
-4.166830644111502724e-01
-4.191463702968729610e-01
-4.216096752410933290e-01
-4.240729821102096619e-01
-4.265362890167818111e-01
-4.289995944283415130e-01
-4.314628977770578189e-01
-4.339261985557189560e-01
-4.363894963302795693e-01
-4.388527907499368830e-01
-4.413160815548685112e-01
-4.437793685816505129e-01
-4.462426517663074521e-01
-4.487059307958799481e-01
-4.511692065371045168e-01
-4.536324788328729984e-01
-4.560957480018044130e-01
-4.585590144483464581e-01
-4.610222786560885244e-01
-4.634855411798787794e-01
-4.659488026262142424e-01
-4.684120641429538878e-01
-4.708753259136205238e-01
-4.733385880978996374e-01
-4.758018508345078224e-01
-4.782651142435346836e-01
-1.999997829811128169e-01
-1.999997678044764526e-01
-1.998632649235553282e-01
-1.997267506173351914e-01
-1.995902202179232476e-01
-1.994536751177821976e-01
-1.993171166905085834e-01
-1.991805466363219534e-01
-1.990439669521155142e-01
-1.989073798987682773e-01
-1.987707879665465971e-01
-1.986341938335153823e-01
-1.984975995361120127e-01
-1.983610059146375670e-01
-1.982244137093872038e-01
-1.980878235705918200e-01
-1.979514606118689679e-01
-1.978144585458254945e-01
-1.976774644173655004e-01
-1.975404789707660702e-01
-1.974035041117407074e-01
-1.972665415353644647e-01
-1.971295925951682682e-01
-1.969926583249468066e-01
-1.968557394490175194e-01
-1.967188363847738319e-01
-1.965819492408992786e-01
-1.964450778140311993e-01
-1.963082215861368385e-01
-1.961713797243510582e-01
-1.960345510845527550e-01
-1.958977342327361260e-01
-1.957609274072304728e-01
-1.956241286164301096e-01
-1.954873356054703804e-01
-1.953505459006341927e-01
-1.952137568518541866e-01
-1.950769673097646761e-01
-1.949401765511821760e-01
-1.948036901514639263e-01
-1.946679613876734216e-01
-1.945297879994546120e-01
-1.943885353038845021e-01
-1.942422516493933771e-01
-1.940919719781052100e-01
-1.939357120866849471e-01
-1.937768821617502912e-01
-1.936125651371242984e-01
-1.934461678481591840e-01
-1.932749844334189782e-01
-1.930986971101611438e-01
-1.929136390014547509e-01
-1.927170760753137702e-01
-1.925126041843983338e-01
-1.923019329505155639e-01
-1.920819058038027438e-01
-1.918537217182744170e-01
-1.916213608432008053e-01
-1.913849597314016271e-01
-1.911476348372448675e-01
-1.909098518465923433e-01
-1.906715461665479949e-01
-1.904299806955229712e-01
-1.901869217413486579e-01
-1.899371879599519586e-01
-1.896806624117906570e-01
-1.894239366879889586e-01
-1.891655714123493537e-01
-1.889026342659536062e-01
-1.886272154701478521e-01
-1.883416167477106329e-01
-1.880502136316991590e-01
-1.877511743452975890e-01
-1.874393435061658120e-01
-1.871203508315169295e-01
-1.868004930101676009e-01
-1.864714917821909124e-01
-1.861355607222582309e-01
-1.857900144392549413e-01
-1.854422894871811667e-01
-1.851010251203039636e-01
-1.847547411246552862e-01
-1.844019148052067347e-01
-1.840468150136818914e-01
-1.836795603245521824e-01
-1.833046890997770129e-01
-1.829186766361823868e-01
-1.825199962480876792e-01
-1.821117053082930703e-01
-1.816922902405948004e-01
-1.812619723103708613e-01
-1.808239238469790677e-01
-1.803739615624505299e-01
-1.799211070549449620e-01
-1.794689239736406150e-01
-1.790174345601267258e-01
-1.785721390003240094e-01
-1.781262711953579270e-01
-1.776821660773327538e-01
-1.772309546524253598e-01
-1.767728827532212277e-01
-1.763069079156657504e-01
-1.758339412734951368e-01
-1.753515521734171356e-01
-1.748660218978352887e-01
-1.743786713168574143e-01
-1.738851153916404213e-01
-1.733859071641370153e-01
-1.728802769630962688e-01
-1.723595784746283777e-01
-1.718277163470236790e-01
-1.712747846376598826e-01
-1.707078537720306544e-01
-1.701289637602614591e-01
-1.695442805400911024e-01
-1.689414935333896917e-01
-1.683249206504879025e-01
-1.677054139588224912e-01
-1.670704298427006240e-01
-1.664310175574452155e-01
-1.657899994883562378e-01
-1.651476344280072284e-01
-1.645058288697134052e-01
-1.638676240743086043e-01
-1.632268634548828257e-01
-1.625853156661094812e-01
-1.619463492841373142e-01
-1.613026240298279235e-01
-1.606590524808873266e-01
-1.600155984705176893e-01
-1.593722319790799868e-01
-1.587289286855846637e-01
-1.580856692009041664e-01
-1.574424382837600334e-01
-1.567992240904187706e-01
-1.561605201691418088e-01
-1.555295697068358740e-01
-1.548989270483445146e-01
-1.542523564454758300e-01
-1.535983170461332203e-01
-1.529396375021830068e-01
-1.522813114348061381e-01
-1.516247285433181824e-01
-1.509710200506640954e-01
-1.503081055653982256e-01
-1.496336546776828869e-01
-1.489488552485457584e-01
-1.482693152048609186e-01
-1.475914529981163237e-01
-1.469095885067941420e-01
-1.462243114601401994e-01
-1.455251180490635676e-01
-1.448262226406847042e-01
-1.441275876312802517e-01
-1.434302348449001396e-01
-1.427316151190230198e-01
-1.420352246698821375e-01
-1.413439849319493014e-01
-1.406470600493568979e-01
-1.399437535987266279e-01
-1.392405555698935649e-01
-1.385374512151843485e-01
-1.378344258575869008e-01
-1.371314659726573792e-01
-1.364285594796330325e-01
-1.357256952909202397e-01
-1.350228640524003820e-01
-1.343200580757895057e-01
-1.336172719521677155e-01
-1.329145016868189810e-01
-1.322117443545150206e-01
-1.315089978777185808e-01
-1.308062610382545454e-01
-1.301035336433077894e-01
-1.294008157573754980e-01
-1.286981075492912019e-01
-1.279954091690555795e-01
-1.272927206521909105e-01
-1.265900418488811741e-01
-1.258873723749704965e-01
-1.251847115819017531e-01
-1.244820585428071669e-01
-1.237794120521781976e-01
-1.230767706372519893e-01
-1.223741332366407863e-01
-1.216727031912753498e-01
-1.209698152718264585e-01
-1.202666993115841104e-01
-1.195644087197033079e-01
-1.188753266928258140e-01
-1.181920189118005615e-01
-1.174939463414226282e-01
-1.167972995215329768e-01
-1.160895432802371563e-01
-1.153735923325189261e-01
-1.146531429865687984e-01
-1.139275012752029581e-01
-1.131978546912098260e-01
-1.124553631796820496e-01
-1.117057629805776608e-01
-1.109437962711621595e-01
-1.101765725666006696e-01
-1.094028198283339692e-01
-1.086302501334050624e-01
-1.078519371054985215e-01
-1.070519593609297604e-01
-1.062327306102583829e-01
-1.054015609432851913e-01
-1.045714149006039401e-01
-1.037300864913975190e-01
-1.028859230974837474e-01
-1.020442029385753291e-01
-1.011764376564458084e-01
-1.002867828550318557e-01
-9.938914833526986403e-02
-9.848438173460224987e-02
-9.758075366709181853e-02
-9.666022404284344005e-02
-9.573170369306922833e-02
-9.478394932596836964e-02
-9.381979005252609471e-02
-9.283473908031515676e-02
-9.183281255611469573e-02
-9.081311272185019212e-02
-8.977875838216733961e-02
-8.873980383128357574e-02
-8.767990642911190069e-02
-8.658879106730461850e-02
-8.548473024522415531e-02
-8.437017853745576446e-02
-8.324221743366165549e-02
-8.210309155666457859e-02
-8.093581676972515238e-02
-7.977149848174620861e-02
-7.860821692495417734e-02
-7.743388094052836013e-02
-7.624446354991994135e-02
-7.504440789416728930e-02
-7.381701988234544431e-02
-7.257463558935839387e-02
-7.133519724860711009e-02
-7.007699776813683390e-02
-6.878688889390684180e-02
-6.748861166912688281e-02
-6.616174154632629978e-02
-6.483263604908866273e-02
-6.349344961016874234e-02
-6.214358498177930540e-02
-6.079432069149296597e-02
-5.944555041136318635e-02
-5.809717712417585000e-02
-5.674911623750793221e-02
-5.540129611829664597e-02
-5.405366157947014832e-02
-5.270616363542065391e-02
-5.135875664937540608e-02
-5.001140605745992701e-02
-4.866408959779799925e-02
-4.731679079412393768e-02
-4.596949756750889904e-02
-4.462220131285933589e-02
-4.327489662538684667e-02
-4.192758051465281244e-02
-4.058025361148492882e-02
-3.923291853514628696e-02
-3.788557569831640937e-02
-3.653822575108622850e-02
-3.519086838533383443e-02
-3.384350490647600879e-02
-3.249613785313400227e-02
-3.114876959429722231e-02
-2.980140504035899696e-02
-2.845404516731258465e-02
-2.710668998467725271e-02
-2.575933915748326170e-02
-2.441199203669685430e-02
-2.306464780407108117e-02
-2.171730738026826993e-02
-2.036997225303825015e-02
-1.902263950390241723e-02
-1.767530815397623176e-02
-1.632797878078080453e-02
-1.498065249466616448e-02
-1.363333027524647398e-02
-1.228601295265544652e-02
-1.093870119201899999e-02
-9.591395481138513535e-03
-8.244096121498087001e-03
-6.896802602800090713e-03
-5.549508769111271937e-03
-4.202212960674452623e-03
-2.854914519441899279e-03
-1.507613553865263644e-03
-1.603092568380335065e-04
1.187002562914705453e-03
2.534322253882954467e-03
3.881649328560608445e-03
5.228983096395930716e-03
6.576322671399413393e-03
7.923666984097174626e-03
9.271014797491837489e-03
1.061836483486445007e-02
1.196571733911170818e-02
1.331307478618687888e-02
1.466043655082540503e-02
1.600779919715957997e-02
1.735516342614829705e-02
1.870253053978269964e-02
2.004990124452762229e-02
2.139727539180331234e-02
2.274465281621617166e-02
2.409203331036672766e-02
2.543941393495871214e-02
2.678679248494646864e-02
2.813416836275837302e-02
2.948154171482772826e-02
3.082891419539869268e-02
3.217628696895540735e-02
3.352365888767674940e-02
3.487102859469744937e-02
3.621839196269341365e-02
3.756574838326312560e-02
3.891309839116260244e-02
4.026044287940547944e-02
4.160778292241919946e-02
4.295511970335889884e-02
4.430245335020762537e-02
4.564978187337584425e-02
4.699710780403996979e-02
4.834443276720076788e-02
4.969175624903217348e-02
5.103907716380094023e-02
5.238639449406785192e-02
5.373370735483393168e-02
5.508101501521074639e-02
5.642831691584802162e-02
5.777561268216967888e-02
5.912290183797538207e-02
6.047019126174443121e-02
6.181748260848416582e-02
6.316477668940964629e-02
6.451207339207597202e-02
6.585937335022314099e-02
6.720668017010354711e-02
6.855399492084968127e-02
6.990131713620879872e-02
7.124864615072891427e-02
7.259598110627125955e-02
7.394332096257012765e-02
7.529066451159052709e-02
7.663801045431987979e-02
7.798535841294428061e-02
7.933271132355441957e-02
8.068006898086317602e-02
8.202742772176528641e-02
8.337478785452707986e-02
8.472215059107070234e-02
8.606951693662424907e-02
8.741688674561531869e-02
8.876425986238647980e-02
9.011163609405431485e-02
9.145901326144244281e-02
9.280638846540957554e-02
9.415376108584287695e-02
9.550113101542870298e-02
9.684849982244322919e-02
9.819586887128893549e-02
9.954323729365140150e-02
1.008906037145417128e-01
1.022379644356279926e-01
1.035853182220957125e-01
1.049326654941060005e-01
1.062800071134507862e-01
1.076273441236481054e-01
1.089746777298094826e-01
1.103220085118606641e-01
1.116693341741044065e-01
1.130166564653147382e-01
1.143639779401642020e-01
1.157112980166269123e-01
1.170586157122990162e-01
1.184059299949985489e-01
1.197532399584070734e-01
1.211005448443277233e-01
1.224478440610223123e-01
1.237951371976771520e-01
1.251424233956641430e-01
1.264897090732048646e-01
1.278369964322251529e-01
1.291842865390225303e-01
1.305315793019219683e-01
1.318788751986515462e-01
1.332261773232135127e-01
1.345734874203600162e-01
1.359208050491740039e-01
-2.889234391027267299e-07
-3.040568311008997061e-07
-1.938472964217723843e-04
-3.873924443971561390e-04
-5.809178705014440619e-04
-7.744251760385626598e-04
-9.679164392492386332e-04
-1.161393918682228745e-03
-1.354860051881502615e-03
-1.548317446726131573e-03
-1.741768865981575820e-03
-1.935217201111558540e-03
-2.128664645439173192e-03
-2.322112177518695364e-03
-2.515560647435141541e-03
-2.709010792715424529e-03
-2.902463249495567093e-03
-3.095918560227925269e-03
-3.289377177589446633e-03
-3.482839560432033840e-03
-3.676307724539005367e-03
-3.869783708344441599e-03
-4.063269334409757259e-03
-4.256766161725394730e-03
-4.450275447338172645e-03
-4.643798116715034535e-03
-4.837334742348613562e-03
-5.030885530178877928e-03
-5.224450313431164977e-03
-5.418028553483538595e-03
-5.611619347378652735e-03
-5.805221353681238976e-03
-5.998833202659739107e-03
-6.192452885289697652e-03
-6.386078235577547814e-03
-6.579706845033292742e-03
-6.773336110371831059e-03
-6.966964924728668608e-03
-7.160592577169748105e-03
-7.354218431559737638e-03
-7.547841921738661537e-03
-7.741462549569947879e-03
-7.935079884950967805e-03
-8.128693573117764387e-03
-8.322302586193092502e-03
-8.515904820178412521e-03
-8.709498347195409121e-03
-8.903081470952716250e-03
-9.096652771837566293e-03
-9.290211142520821141e-03
-9.483755814740988180e-03
-9.677286377831389660e-03
-9.870802789481381012e-03
-1.006430537915568163e-02
-1.025779484457072128e-02
-1.045127209658463022e-02
-1.064473883029081781e-02
-1.083819658795435667e-02
-1.103164738203659886e-02
-1.122509348767510018e-02
-1.141853740401932264e-02
-1.161198132430010972e-02
-1.180542600622818371e-02
-1.199887212714330180e-02
-1.219232029119612405e-02
-1.238577103303743591e-02
-1.257922481910493835e-02
-1.277268204733379535e-02
-1.296614303107243051e-02
-1.315960957316959432e-02
-1.335308370969951787e-02
-1.354656727674051660e-02
-1.374006185955679686e-02
-1.393356875164059039e-02
-1.412708892288785066e-02
-1.432062299630418485e-02
-1.451417123270891917e-02
-1.470773352294405326e-02
-1.490130916275727788e-02
-1.509489784573388171e-02
-1.528849807499212468e-02
-1.548210832006390383e-02
-1.567572673705783237e-02
-1.586935119816386755e-02
-1.606297932608692983e-02
-1.625660853347958915e-02
-1.645023741419621849e-02
-1.664386524207368823e-02
-1.683749136757135834e-02
-1.703111521242404308e-02
-1.722473626729173132e-02
-1.741835409144299948e-02
-1.761196831773596816e-02
-1.780557821932246196e-02
-1.799918167170136765e-02
-1.819277671643848571e-02
-1.838636161803924862e-02
-1.857993491040706158e-02
-1.877349543383968755e-02
-1.896704236324025725e-02
-1.916057522808555652e-02
-1.935409392462049752e-02
-1.954759855821000536e-02
-1.974109010124916117e-02
-1.993456935620706999e-02
-2.012803766678596465e-02
-2.032149670385877127e-02
-2.051494843896385992e-02
-2.070839511256069784e-02
-2.090183919771759768e-02
3.174379167991197925e-06
3.190375739296925877e-06
2.511118494901069895e-03
5.019297990182585920e-03
7.527469774244292984e-03
1.003563432380606517e-02
1.254379265986874277e-02
1.505194572735908155e-02
1.756009440521680287e-02
2.006823952541902933e-02
2.257638188681167918e-02
2.508452313874448211e-02
2.759266361733661577e-02
3.010080363332629308e-02
3.260894344192199340e-02
3.511708325269530251e-02
3.762522323750171899e-02
4.013336353897362790e-02
4.264150467331532385e-02
4.514965056997959775e-02
4.765779760697032991e-02
5.016594611615508847e-02
5.267409638651252002e-02
5.518224865677008595e-02
5.769040310935594912e-02
6.019855986556748445e-02
6.270671898207294537e-02
6.521488044882449431e-02
6.772304418836294637e-02
7.023121005637895931e-02
7.273937784335009205e-02
7.524754702821082053e-02
7.775571780978481062e-02
8.026388952300594903e-02
8.277206173170296999e-02
8.528023395776064552e-02
8.778840668991468033e-02
9.029657937693000291e-02
9.280475185968012353e-02
9.531292399040257324e-02
9.782109563323523882e-02
1.003292666653568116e-01
1.028374369786238252e-01
1.053456111079788537e-01
1.078537844839399656e-01
1.103619566127983370e-01
1.128701270395628953e-01
1.153782953596984573e-01
1.178864612283720553e-01
1.203946243674837852e-01
1.229027845709230460e-01
1.254109417083578426e-01
1.279190957276477303e-01
1.304272466557625798e-01
1.329353945980204232e-01
1.354435393320863046e-01
1.379516819585684395e-01
1.404598223465846896e-01
1.429679608740450358e-01
1.454760979741715754e-01
1.479842349043266059e-01
1.504923719190115472e-01
1.530005091489670677e-01
1.555086467060418365e-01
1.580167846854435287e-01
1.605249231676491306e-01
1.630330622202470769e-01
1.655412018997839130e-01
1.680493468609250973e-01
1.705574930407069423e-01
1.730656407482411563e-01
1.755737902576145204e-01
1.780819417983463548e-01
1.805900955477624248e-01
1.830982516253249759e-01
1.856064100889283641e-01
1.881145709328784499e-01
1.906227340870778886e-01
1.931308988497829893e-01
1.956390662324644925e-01
1.981472353333127157e-01
2.006554058271796115e-01
2.031635773328234473e-01
2.056717494190265505e-01
2.081799216117162232e-01
2.106880942989478589e-01
2.131962669715178615e-01
2.157044394661901954e-01
2.182126116307181729e-01
2.207207833246076500e-01
2.232289544207631815e-01
2.257371248076322501e-01
2.282452988798300830e-01
2.307534723649461439e-01
2.332616446762746654e-01
2.357698153537905184e-01
2.382779839852303960e-01
2.407861502157889189e-01
2.432943137560899249e-01
2.458024743885255659e-01
2.483106319718314803e-01
2.508187859233427797e-01
2.533269373544326797e-01
2.558350857823664670e-01
2.583432313737343278e-01
2.608513743671989626e-01
2.633595150692508713e-01
2.658676538490176156e-01
2.683757911321497103e-01
2.708839280634722790e-01
2.733920650568983368e-01
2.759002022448645564e-01
2.784083397403952498e-01
2.809164776399219465e-01
2.834153136939415729e-01
2.858752554893931319e-01
2.883282207982722500e-01
2.907582627119413843e-01
2.932012016079831862e-01
2.956389148783038490e-01
2.980614296160163934e-01
3.004795208867555023e-01
3.029013281196069607e-01
3.053103726267123452e-01
3.077221520391205667e-01
3.101388886424001901e-01
3.125865203414956439e-01
3.150471885816316098e-01
3.174962506680499286e-01
3.199557031978409460e-01
3.224186111198825699e-01
3.248826013336360008e-01
3.273617634351130845e-01
3.297996044924272341e-01
3.322539207255005289e-01
3.347175731807218724e-01
3.371580190823663670e-01
3.395966677159470981e-01
3.420499832393504858e-01
3.445282474891502855e-01
3.470165029961475023e-01
3.495146548107627149e-01
3.520364398524146732e-01
3.545559859011429005e-01
3.570926619182360207e-01
3.596172572806677348e-01
3.621363454508499391e-01
3.646768396602967366e-01
3.672154149792987154e-01
3.697272553393093908e-01
3.722481740070161527e-01
3.747800575568837611e-01
3.772972299941273477e-01
3.798078627240764060e-01
3.822883697330385355e-01
3.847303309902401214e-01
3.871535989681813561e-01
3.896165636908068830e-01
3.920697220856018128e-01
3.945574713475178408e-01
3.970294700338334870e-01
3.995112109755560859e-01
4.020009480989466533e-01
4.044607481170849894e-01
4.069199539280075606e-01
4.093406824965959978e-01
4.117638449968256675e-01
4.142004853848073598e-01
4.165984723465909201e-01
4.190030056206066056e-01
4.214039021413805708e-01
4.237711415592416153e-01
4.261357416645462637e-01
4.284893562668648515e-01
4.308525194601782737e-01
4.332278267468843147e-01
4.355827738105931268e-01
4.379335601672414979e-01
4.402674662754574308e-01
4.425731526180703979e-01
4.448959364175585907e-01
4.472522452597717524e-01
4.495931588975349280e-01
4.519777985701755041e-01
4.543871250095698477e-01
4.568420428362062746e-01
4.592850926316785487e-01
4.617280087793804166e-01
4.641872598376392545e-01
4.666691787898840094e-01
4.691280388697570691e-01
4.715965623838746512e-01
4.740295329579943262e-01
4.764818533670859835e-01
4.789440043644145328e-01
4.814372029404019315e-01
4.839167368239913891e-01
4.863897179929734804e-01
4.888653689161052140e-01
4.913272075524589555e-01
4.937442958375383162e-01
4.961653203004751655e-01
4.985814807721984376e-01
5.009458255204762844e-01
5.033256631344507070e-01
5.056847528227492727e-01
4.000027232605684602e-01
4.000027392352337730e-01
4.020606175456841180e-01
4.041278973928643103e-01
4.062302243943934354e-01
4.083194784818670042e-01
4.104290324171818161e-01
4.125460522934022989e-01
4.146625333919694567e-01
-3.999988934339200886e-01
-3.999988779746359580e-01
-3.991501039733545420e-01
-3.983024446470192492e-01
-3.974559584788423527e-01
-3.966104541641943260e-01
-3.957647374750480340e-01
-3.949175888118515720e-01
-3.940703981761267127e-01
-3.932231693576051512e-01
-3.923759074947576475e-01
-3.915286184863566166e-01
-3.906813074081291748e-01
-3.898339787267766088e-01
-3.889866365692452033e-01
-3.881392846242571748e-01
-3.872919260976470657e-01
-3.864445637130620725e-01
-3.856136617189532823e-01
-3.847870405230277013e-01
-3.839626491696544464e-01
-3.831358291461040566e-01
-3.823035292407794272e-01
-3.814710731021579981e-01
-3.806384689948870137e-01
-3.798057330500122508e-01
-3.789728831721828062e-01
-3.781399379654317716e-01
-3.773069153421458322e-01
-3.764738316358078318e-01
-3.756407010973544791e-01
-3.748075356734130725e-01
-3.739743449837001910e-01
-3.731411364323768409e-01
-3.723079154032486460e-01
-3.714746855013927873e-01
-3.706414488743326463e-01
-3.698082079391821764e-01
-3.689749643565460868e-01
-3.681417191230534902e-01
-3.673084727329624655e-01
-3.664752253166186358e-01
-3.656419767559429546e-01
-3.648087267789696386e-01
-3.639754748848806898e-01
-3.631422191331509230e-01
-3.623089576731985395e-01
-3.614756888349034969e-01
-3.606424111878477889e-01
-3.598091235849905645e-01
-3.589758251931634558e-01
-3.581425155123849069e-01
-3.573091943856653296e-01
-3.564758620006542866e-01
-3.556425189643194762e-01
-3.548091659421950816e-01
-3.539758042030097807e-01
-3.531424351990734012e-01
-3.523090606455660523e-01
-3.514756824896755338e-01
-3.506423028729666602e-01
-3.498089232953160987e-01
-3.489755444427832254e-01
-3.481421669413636288e-01
-3.473087913592247111e-01
-3.464754182065430954e-01
-3.456420479337436458e-01
-3.448086809287891352e-01
-3.439753175054965917e-01
-3.431419588174022817e-01
-3.423086065887666618e-01
-3.414752623679793153e-01
-3.406419274838505817e-01
-3.398086030108669053e-01
-3.389752897425398204e-01
-3.381419881722191323e-01
-3.373086984808926769e-01
-3.364754205315981794e-01
-3.356421540818598781e-01
-3.348088979331114712e-01
-3.339756512660979060e-01
-3.331424127361903298e-01
-3.323091807367796191e-01
-3.314759534252624262e-01
-3.306427287530830372e-01
-3.298095045008578863e-01
-3.289762798147882195e-01
-3.281430540498840309e-01
-3.273098266241790677e-01
-3.264765970158583497e-01
-3.256433647624400463e-01
-3.248101294613122692e-01
-3.239768907715105395e-01
-3.231436483697124884e-01
-3.223104005496846280e-01
-3.214771456582543596e-01
-3.206438822335884731e-01
-3.198106090452932371e-01
-3.189773251260519249e-01
-3.181440297954393204e-01
-3.173107226765115585e-01
-3.164774037057337397e-01
-3.156440733729593551e-01
-3.148107316904730224e-01
-3.139773798439572938e-01
-3.131440190039159743e-01
-3.123106506199619381e-01
-3.114772763974694714e-01
-3.106438982697253826e-01
-3.098105183656266748e-01
-3.089771384396869935e-01
-3.081437591888175342e-01
-3.073103812464014761e-01
-3.064770051858877742e-01
-3.056436315215980137e-01
-3.048102607076741966e-01
-3.039768931359095872e-01
-3.031435291269919396e-01
-3.023101695798620647e-01
-3.014768162367338356e-01
-3.006434706729200212e-01
-2.998101342516358847e-01
-2.989768080877593381e-01
-2.981434930197022215e-01
-2.973101895888305979e-01
-2.964768980260051312e-01
-2.956436184617995400e-01
-2.948103500457227577e-01
-2.939770923127821844e-01
-2.931438442473119910e-01
-2.923106045464268776e-01
-2.914773716409888027e-01
-2.906441437212325951e-01
-2.898109187664162922e-01
-2.889776945756068471e-01
-2.881444700586197061e-01
-2.873112445593686837e-01
-2.864780174859422046e-01
-2.856447883071759342e-01
-2.848115565514240943e-01
-2.839783218068214765e-01
-2.831450837224996353e-01
-2.823118420182778587e-01
-2.814785951650450868e-01
-2.806453414848141814e-01
-2.798120794834115799e-01
-2.789788078919129277e-01
-2.781455256995468694e-01
-2.773122321787724331e-01
-2.764789269031598939e-01
-2.756456099749713395e-01
-2.748122810905874180e-01
-2.739789410518068680e-01
-2.731455906863506922e-01
-2.723122311221739533e-01
-2.714788637696362583e-01
-2.706454902986296651e-01
-2.698121126113095514e-01
-2.689787328107817177e-01
-2.681453528794212615e-01
-2.673119735237312056e-01
-2.664785953858057610e-01
-2.656452190474101194e-01
-2.648118450311732763e-01
-2.639784737998432385e-01
-2.631451057543413019e-01
-2.623117412278835325e-01
-2.614783808979444513e-01
-2.606450265103597008e-01
-2.598116796705371434e-01
-2.589783417781811314e-01
-2.581450139896199758e-01
-1.999992446089644826e-01
-1.999992292693218432e-01
-1.994397110102633652e-01
-1.988780596161900116e-01
-1.983079226168496523e-01
-1.977313259062505046e-01
-1.971584247114631649e-01
-1.965828052129121872e-01
-1.960052778717520372e-01
-1.954293023681346053e-01
-1.948515851896292783e-01
-1.942657214279449873e-01
-1.936505938512843861e-01
-1.930380594099047886e-01
-1.924234338121453836e-01
-1.918038126749164185e-01
-1.911870851014461914e-01
-1.905645956128581286e-01
-1.899446452803902896e-01
-1.893130937644055822e-01
-1.886644984538535241e-01
-1.879838954049509459e-01
-1.872905986226352237e-01
-1.865948179278308916e-01
-1.858944189080193043e-01
-1.851906722658284710e-01
-1.844743847300757134e-01
-1.837350773528015069e-01
-1.829963894996326501e-01
-1.822628085111125673e-01
-1.815264552607962489e-01
-1.807947569294997281e-01
-1.800614536549134392e-01
-1.793334037884223853e-01
-1.785966777293362395e-01
-1.778550148306818346e-01
-1.771170682828745735e-01
-1.763701477739968160e-01
-1.756156843625934216e-01
-1.748560660808291811e-01
-1.740895053648773561e-01
-1.733224710632979559e-01
-1.725525828825591745e-01
-1.717811150899569983e-01
-1.710138578435200507e-01
-1.702279208150287437e-01
-1.694415251067836747e-01
-1.686621526599535736e-01
-1.678936828727294051e-01
-1.671125834498541629e-01
-1.663115078005924230e-01
-1.655019355545224446e-01
-1.646904229550253673e-01
-1.638792188660435356e-01
-1.630682766544171713e-01
-1.622575551007306438e-01
-1.614470136394076938e-01
-1.606366156959062597e-01
-1.598263295005833140e-01
-1.590166530346915352e-01
-1.582097030929090764e-01
-1.574013491708061430e-01
-1.565899290237350583e-01
-1.557794296699264169e-01
-1.549733681471512081e-01
-1.541740896838448005e-01
-1.533779592152257620e-01
-1.525908925645634850e-01
-1.518025440366466416e-01
-1.510167628046047983e-01
-1.502138814999611771e-01
-1.493911801925959792e-01
-1.485690439759106141e-01
-1.477333122406752630e-01
-1.468847813603527119e-01
-1.460320341038866820e-01
-1.451844683541100578e-01
-1.443393993630860128e-01
-1.434980562623888178e-01
-1.426458521173991356e-01
-1.418011768408285467e-01
-1.409657495225232759e-01
-1.401233891455358205e-01
-1.392770207131698301e-01
-1.384176971480287899e-01
-1.375582528799930704e-01
-1.366743066778245697e-01
-1.357905682960192928e-01
-1.349093625247761996e-01
-1.340070610555468000e-01
-1.331206366319596102e-01
-1.322188829410502198e-01
-1.313168446284637136e-01
-1.304147993414638829e-01
-1.295127359583850835e-01
-1.286106472565186065e-01
-1.277085294855063446e-01
-1.268063813710626764e-01
-1.259042029582010391e-01
-1.250019951275205266e-01
-1.240997594737865417e-01
-1.231974980126099850e-01
-1.222952129825063405e-01
-1.213929067195309852e-01
-1.204905815851813056e-01
-1.195882399316675199e-01
-1.186858840917989905e-01
-1.177835163835565940e-01
-1.168811391218495810e-01
-1.159787546320101559e-01
-1.150763652577016238e-01
-1.141739729300341732e-01
-1.132715792608277178e-01
-1.123691858277837130e-01
-1.114667937574324724e-01
-1.105644036932415392e-01
-1.096620161780330199e-01
-1.087596316678867969e-01
-1.078572505413827598e-01
-1.069548732034029809e-01
-1.060525006944330051e-01
-1.051501339446449662e-01
-1.042477740596953611e-01
-1.033454223856888482e-01
-1.024430800552001558e-01
-1.015407479557245002e-01
-1.006384267057619103e-01
-9.973611663808448768e-02
-9.883381778974771603e-02
-9.793152989843187384e-02
-9.702925240472223822e-02
-9.612698445994059815e-02
-9.522472493916758762e-02
-9.432247245904727684e-02
-9.342022539994880581e-02
-9.251798193893387423e-02
-9.161574075316371302e-02
-9.071350046669388045e-02
-8.981125964406504181e-02
-8.890901759593514142e-02
-8.800677377384329148e-02
-8.710452768860393880e-02
-8.620227890932823100e-02
-8.530002706501907395e-02
-8.439777114262475566e-02
-8.349616965198822238e-02
-8.260423439888261998e-02
-8.171318117941983594e-02
-8.081592697174265483e-02
-7.991860592938133945e-02
-7.902121705134346197e-02
-7.812376286953981452e-02
-7.722624819826297282e-02
-7.633491339086254102e-02
-7.544360702810386232e-02
-7.454879837664660225e-02
-7.365392260596781426e-02
-7.275898611477633893e-02
-7.186399667092879806e-02
-7.096896269368395405e-02
-7.007389243517121724e-02
-6.917879337945698204e-02
-6.828367246077482466e-02
-6.738853565226396447e-02
-6.649338764520880407e-02
-6.559823235865382129e-02
-6.470307299764212206e-02
-6.380791212641909183e-02
-6.291275173972310508e-02
-6.201759410305025810e-02
-6.112244109661112146e-02
-6.022729440143417823e-02
-5.933215583872352566e-02
-5.843702685857950913e-02
-5.754190854973494779e-02
-5.664680164883501012e-02
-5.575264436191159495e-02
-5.485781856255490807e-02
-5.396406736607520932e-02
-5.307022686165677183e-02
-5.217590059477520553e-02
-5.128157623786381430e-02
-5.038725247318710104e-02
-4.949292812470455771e-02
-4.859860202919212557e-02
-4.770427343851996876e-02
-4.680994175438583926e-02
-4.591560628365921881e-02
-4.502126686239408399e-02
-4.412692354190955041e-02
-4.323257634862349985e-02
-4.233822528210468006e-02
-4.144387032326409676e-02
-4.055342033236172816e-02
-3.966057882924134415e-02
-3.876737109139767601e-02
-3.787414293481214389e-02
-3.698089333801997391e-02
-3.608762213269144786e-02
-3.519432976378358835e-02
-3.430101711313156970e-02
-3.340768537559451329e-02
-3.251433628264530779e-02
-3.162097071940360438e-02
-3.072759082997435220e-02
-2.983419848191236345e-02
-2.894079566163567166e-02
-2.804738446658202114e-02
-2.715396709678339487e-02
-2.626054572407628476e-02
-2.536712195362341229e-02
-2.447369738883618112e-02
-2.358027348770637757e-02
-2.268685097369206594e-02
-2.179343047069148484e-02
-2.090001251385158187e-02
-2.000659755679112112e-02
-1.911318597178706183e-02
-1.821977864893414845e-02
-1.732637659918417894e-02
-1.643298077851121711e-02
-1.553959263255920951e-02
-1.464621340225944791e-02
-1.375284408998464838e-02
-1.285948543334783020e-02
-1.196613788618194375e-02
-1.107280160633438912e-02
-1.017947660935056113e-02
-9.286162121579982776e-03
-8.392857586137239534e-03
-7.499561979368876870e-03
-6.606274007265473466e-03
-5.712992126079342349e-03
-4.819714568479425108e-03
-3.926439764982340812e-03
-3.033166350368010546e-03
-2.139892886092300238e-03
-1.246618405343506491e-03
-3.533423340877021434e-04
5.399358399998004706e-04
1.433216569338759475e-03
2.326500243981493438e-03
3.219787577713408358e-03
4.113079673038522004e-03
5.006377519353579462e-03
5.899682058097785106e-03
6.792994656810565253e-03
7.686316468206389786e-03
8.579648398505248380e-03
9.472991083447748761e-03
1.036634487134750066e-02
1.125970959718171349e-02
1.215308551335346314e-02
1.304647178629677988e-02
1.393986757050258256e-02
1.483327173606781811e-02
1.572668288641674780e-02
1.662009938086477304e-02
1.751351936399766357e-02
1.840694153769832642e-02
1.930036453340703423e-02
2.019378691129722000e-02
2.108720804288857775e-02
2.198062736008773305e-02
2.287404435370901309e-02
2.376745857444718946e-02
2.466086963818382022e-02
2.555427677094080502e-02
2.644767892804341866e-02
2.734107519027296346e-02
2.823446410839005466e-02
2.912784438780149573e-02
3.002121496920494639e-02
3.091434562951066861e-02
3.180763335695113714e-02
3.270091051542407118e-02
3.359417707380417395e-02
3.448743372242833727e-02
3.538068092615294369e-02
3.627391959384809739e-02
3.716715090022747886e-02
3.806037627285193542e-02
3.895359737137117639e-02
3.984681578122029055e-02
4.074003279554407747e-02
4.163324979120090058e-02
4.252646782577182427e-02
4.341968744900612243e-02
4.431290915571291927e-02
4.520613338686874788e-02
4.609936052742663604e-02
4.699259115525585007e-02
-2.362545158264269146e-06
-2.378409799901700069e-06
-1.831129390143493600e-03
-3.667418834152051665e-03
-5.482213064137227317e-03
-7.257064410150551245e-03
-9.022655041434294448e-03
-1.077686562443932149e-02
-1.254223825330730811e-02
-1.427900955793767572e-02
-1.599188273586960723e-02
-1.764933290769392718e-02
-1.929221134671571872e-02
-2.093319514028533362e-02
-2.254540424078427599e-02
-2.412904835532222320e-02
-2.567713449543412851e-02
-2.717757559592319169e-02
-2.870220869487390483e-02
-3.022774453340760364e-02
-3.173292244301915283e-02
-3.326247396102386539e-02
-3.477698804668415133e-02
-3.630249081569100755e-02
-3.784697201200828282e-02
-3.940660246931939475e-02
-4.092479252244120291e-02
-4.240833943404150735e-02
-4.390709801206630486e-02
-4.544292363868580875e-02
-4.694111354670448683e-02
-4.839213376234993008e-02
-4.983658631028323877e-02
-5.125246785786490705e-02
-5.265074058940377028e-02
-5.404536619360116034e-02
-5.543006360649160164e-02
-5.681921338628393575e-02
-5.821540566339990924e-02
-5.962725602260877250e-02
-6.107197319502584432e-02
-6.250530568752915572e-02
-6.390610332586847686e-02
-6.531415004395656199e-02
-6.669298309279962644e-02
-6.808656517093231164e-02
-6.945291968252978454e-02
-7.083273436850072435e-02
-7.222486836520093656e-02
-7.361032140615940411e-02
-7.496462851722376919e-02
-7.632110623821700135e-02
-7.766711032247282376e-02
-7.901831863505751063e-02
-8.038144415570745716e-02
-8.175741702049786619e-02
-8.312722098851606234e-02
-8.452668792496312311e-02
-8.592782328018698512e-02
-8.727597353731063323e-02
-8.861834833924010779e-02
-8.989530610362929386e-02
-9.114283559664734802e-02
-9.236028434823342903e-02
-9.360930452513757660e-02
-9.484306973270760499e-02
-9.607703208263776440e-02
-9.731510541351588717e-02
-9.855625183912157528e-02
-9.979546992324954402e-02
-1.010271556391078851e-01
-1.022276771729904166e-01
-1.034049437692267648e-01
-1.045958620299347885e-01
-1.057879693937355259e-01
-1.069926019493378511e-01
-1.081725960228958200e-01
-1.093489707775256725e-01
-1.105597113708960549e-01
-1.117635829297054240e-01
-1.129608335320355095e-01
-1.141729613829860907e-01
-1.153928174885043706e-01
-1.166319986617227883e-01
-1.178560294017201304e-01
-1.190493392505380110e-01
-1.202032995483345995e-01
-1.213637877379844937e-01
-1.225095684649571831e-01
-1.236246889365490848e-01
-1.247792446259926719e-01
-1.258948869074585641e-01
-1.270525485330487037e-01
-1.281985433789421258e-01
-1.293476549434297296e-01
-1.304890462550662156e-01
-1.316333211393661273e-01
-1.327768077188954121e-01
-1.339084349216140002e-01
-1.349917001016648077e-01
-1.360777012059669888e-01
-1.371398078517654107e-01
-1.381780783929716649e-01
-1.391805422524637348e-01
-1.401620567353936420e-01
-1.411484481706862804e-01
-1.421258519864685987e-01
-1.430879717160455644e-01
-1.440150566966476031e-01
-1.449341975150112982e-01
-1.458316115275116731e-01
-1.467054923385683884e-01
-1.475564663658230635e-01
-1.483996283869979116e-01
-1.492235180996284161e-01
-1.500559880401574064e-01
-1.509161819513733793e-01
-1.517647215600178845e-01
-1.525989489027035628e-01
-1.534014387831799942e-01
-1.541693875485442289e-01
-1.549605287494033312e-01
-1.557253284333157406e-01
-1.564681585841619926e-01
-1.572094151699429676e-01
-1.579458737185882311e-01
-1.586943066548505976e-01
-1.594258828357667523e-01
-1.601425592569817036e-01
-1.608318277743603086e-01
-1.615168594086420495e-01
-1.622032082300310374e-01
-1.628747013980192393e-01
-1.635333019200092830e-01
-1.641745743435998328e-01
-1.648114683307983774e-01
-1.654568619313058209e-01
-1.660969963089250490e-01
-1.667280183395556115e-01
-1.673629602062310651e-01
-1.679872450000108597e-01
-1.686054639658615961e-01
-1.692127679678611663e-01
-1.697953067781847181e-01
-1.703638511747322670e-01
-1.709117304502677237e-01
-1.714478069082212564e-01
-1.719693981189310827e-01
-1.724645992748787826e-01
-1.729460585434115238e-01
-1.734088503060267350e-01
-1.738578022950057200e-01
-1.742983886449853137e-01
-1.747344427615193374e-01
-1.751534254992351269e-01
-1.755531036544435153e-01
-1.759475892884735937e-01
-1.763312806823311152e-01
-1.767015469728227539e-01
-1.770663444934852393e-01
-1.774118867136149358e-01
-1.777440142734788564e-01
-1.780612344271702563e-01
-1.783673823717712992e-01
-1.786628526385858062e-01
-1.789482530353538603e-01
-1.792277168121431952e-01
-1.794955196943776587e-01
-1.797543359017992060e-01
-1.800015248246832900e-01
-1.802427975663300486e-01
-1.804775061335334441e-01
-1.807059874393824594e-01
-1.809297660918187112e-01
-1.811495488793846420e-01
-1.813686086248206264e-01
-1.815850150670385577e-01
-1.817936815329282696e-01
-1.820005222451811233e-01
-1.822056149162173400e-01
-1.824060949867504777e-01
-1.825999472021390402e-01
-1.827869200099211944e-01
-1.829664520377903281e-01
-1.831405809508627192e-01
-1.833114223516384977e-01
-1.834810714021409828e-01
-1.836508977255486286e-01
-1.838211486433769526e-01
-1.839917597554774076e-01
-1.841626703181446501e-01
-1.843338241890467299e-01
-1.845051707449046063e-01
-1.846766663850425427e-01
-1.848482746165349688e-01
-1.850199741349004001e-01
-1.851917392635063775e-01
-1.853635493921882982e-01
-1.855353886929511364e-01
-1.857072455006889555e-01
-1.858791124243335258e-01
-1.860509844973407823e-01
-1.862228585906191280e-01
-1.863947329170587697e-01
-1.865666066238884646e-01
-1.867384794657931391e-01
-1.869103515451000230e-01
-1.870822225026077257e-01
-1.872540915665663885e-01
-1.874259584448877691e-01
-1.875978222675084850e-01
-1.877696822734408189e-01
-1.879415376345369704e-01
-1.881133874509951232e-01
-1.882852271580101322e-01
-1.884570586197290010e-01
-1.886288826026132626e-01
-1.888006993339517714e-01
-1.889725092005149487e-01
-1.891443127492096199e-01
-1.893161106851735942e-01
-1.894879038668704496e-01
-1.896596932979422723e-01
-1.898314801250788608e-01
-1.900032641889596585e-01
-1.901750448578912733e-01
-1.903468215686462961e-01
-1.905185938568404458e-01
-1.906903614012750436e-01
-1.908621363848870267e-01
-1.910339195574646542e-01
-1.912057113479075088e-01
-1.913775106421874150e-01
-1.915493152759657758e-01
-1.917211230919218523e-01
-1.918929319719852311e-01
-1.920647398475342216e-01
-1.922365447315159681e-01
-1.924083447267569691e-01
-1.925801366675770343e-01
-1.927519216227998045e-01
-1.929237004778990017e-01
-1.930954857482289067e-01
-1.932672779641896044e-01
-1.934390766219785396e-01
-1.936108810050789775e-01
-1.937826902078665647e-01
-1.939545031543791209e-01
-1.941263192826624961e-01
-1.942981391280021175e-01
-1.944699632439553516e-01
-1.946417920982544680e-01
-1.948136260495005878e-01
-1.949854653293658369e-01
-1.951573100297344376e-01
-1.953291600927415661e-01
-1.955010149021324251e-01
-1.956728731832869383e-01
-1.958447335693911939e-01
-1.960165946338629506e-01
-1.961884549099091324e-01
-1.963603129678541670e-01
-1.965321673651332646e-01
-1.967040167230826586e-01
-1.968758597434687729e-01
-1.970476957485674252e-01
-1.972195247057592360e-01
-1.973913468044324881e-01
-1.975631624456384017e-01
-1.977349722302997881e-01
-1.979067769456912540e-01
-1.980785775500308599e-01
-1.982503751635501799e-01
-1.984221699208563172e-01
-1.985939611982931452e-01
-1.987657484400154606e-01
-1.989375311871572072e-01
-1.991093090483781469e-01
-1.992810941154363746e-01
-1.994528871977309659e-01
-1.996246887889698007e-01
-1.997964981825822162e-01
-1.999683132238217753e-01
-2.001401317622285847e-01
-2.003119516759759300e-01
-2.004837708262106610e-01
-2.006555873819137747e-01
-2.008273993426588633e-01
-2.009992049352893051e-01
-2.011710034103774691e-01
-2.013427956486938675e-01
-2.015145908525984020e-01
-2.016863930587071696e-01
-2.018582018050234517e-01
-2.020300164109052610e-01
-2.022018360013395633e-01
-2.023736595269884364e-01
-2.025454863004375605e-01
-2.027173167157252931e-01
-2.028891513353994480e-01
-2.030609906400987208e-01
-2.032328350044153020e-01
-2.034046846783570672e-01
-2.035765397738206750e-01
-2.037484002554801887e-01
-2.039202656745108255e-01
-2.040921347721010859e-01
-2.042640061924267114e-01
-2.044358785154049840e-01
-2.046077501748733984e-01
-2.047796199619515423e-01
-2.049514863072723347e-01
-2.051233478220350070e-01
-2.052952031933771015e-01
-2.054670515740240344e-01
-2.056388928964960894e-01
-2.058101972164416704e-01
-2.059793880035883373e-01
-2.061454923424014540e-01
-2.063068177248876811e-01
-2.064614728638912711e-01
-2.066103495519467370e-01
-2.067519422506738647e-01
-2.068852611180734546e-01
-2.070116302354196303e-01
-2.071316631890520177e-01
-2.072455836444951904e-01
-2.073568121465606817e-01
-2.074595335118211981e-01
-2.075559117602598092e-01
-2.076425087570053507e-01
-2.077185635889445825e-01
-2.077867086639660910e-01
-2.078454408565659217e-01
-2.078950417933070893e-01
-2.079363965320742969e-01
-2.079716850076156753e-01
-2.080025546838693562e-01
-2.080300752661013164e-01
-2.080509399094976897e-01
-2.080666280213289421e-01
-2.080773013829852192e-01
-2.080834831598144807e-01
-2.080845295782101090e-01
-2.080846864053766676e-01
-2.080852346201134406e-01
-2.080860175427317049e-01
-2.080885022137781704e-01
-2.080897499357727831e-01
-2.080886991483212045e-01
-2.080865210434156565e-01
-2.080845372509574909e-01
-2.080820712212466950e-01
-2.080758061343944143e-01
-2.080634589979790949e-01
-2.080445509203637522e-01
-2.080210702673201406e-01
-2.079948991226482080e-01
-2.079663717526402666e-01
-2.079366568941410365e-01
-2.079066752290997522e-01
-2.078742718640274878e-01
-2.078381435718859305e-01
-2.077992694406075591e-01
-2.077561185016102707e-01
-2.077117755403715404e-01
-2.076647311648151251e-01
-2.076140584140588330e-01
-2.075598541773502614e-01
-2.075025697800127467e-01
-2.074434618933748142e-01
-2.073811456562067168e-01
-2.073155893072523293e-01
-2.072470137135331847e-01
-2.071747693030677462e-01
-2.070978999730111181e-01
-2.070173794765434450e-01
-1.999978214355730977e-01
-1.999978056358734657e-01
-1.987083014678575066e-01
-1.974077688801557096e-01
-1.960821214346014363e-01
-1.947648760527803669e-01
-1.934363279667097868e-01
-1.921136993130583281e-01
-1.907474974532509249e-01
-1.893525620149745237e-01
-1.879769885328698154e-01
-1.866217719534917496e-01
-1.852557849158504855e-01
-1.839191479824534015e-01
-1.825446910573901016e-01
-1.811800579009891776e-01
-1.798235189995112671e-01
-1.784466286400740176e-01
-1.770455312571839190e-01
-1.756718186699713635e-01
-1.742906089625394506e-01
-1.729272776892440133e-01
-1.715610500977983732e-01
-1.702047447486437493e-01
-1.688677714593966317e-01
-1.675341291789294584e-01
-1.662437700247376693e-01
-1.649867710600616266e-01
-1.637474595823929235e-01
-1.625246054083744340e-01
-1.612689549353490126e-01
-1.599815573779142519e-01
-1.587127198404843509e-01
-1.574488722747466318e-01
-1.562071696719885550e-01
-1.549523493201460378e-01
-1.537189924549468845e-01
-1.524687868204368524e-01
-1.512248886349319144e-01
-1.499856415434625556e-01
-1.487326861687594814e-01
-1.474482025720042222e-01
-1.461235449035474809e-01
-1.447880060896934440e-01
-1.434755804538596913e-01
-1.421806932649413435e-01
-1.409159450589618223e-01
-1.396296010850476832e-01
-1.383363916739967781e-01
-1.370293360794789528e-01
-1.357440926521552571e-01
-1.344689813846039750e-01
-1.332150066266961363e-01
-1.319241577836901824e-01
-1.306318263409205205e-01
-1.293788950608744936e-01
-1.281390720353836887e-01
-1.269063970697621724e-01
-1.257238165330746837e-01
-1.245047666874241343e-01
-1.233262283008183940e-01
-1.221721498927290650e-01
-1.210163213252508779e-01
-1.198159856635559878e-01
-1.186123535587279149e-01
-1.174348806512281046e-01
-1.163153044429233174e-01
-1.152201334870327359e-01
-1.141237003375937670e-01
-1.130627088029584754e-01
-1.120029577759202033e-01
-1.109122462309742457e-01
-1.098513365466258218e-01
-1.088312651229197681e-01
-1.078316257540702233e-01
-1.068035176252597890e-01
-1.057834044227552173e-01
-1.047547267604423266e-01
-1.037511713672155805e-01
-1.027591810800182470e-01
-1.017414305434886229e-01
-1.007111816321794584e-01
-9.964799410381088018e-02
-9.860444925780588454e-02
-9.757450271606671333e-02
-9.654036139947490269e-02
-9.552309675083942020e-02
-9.449118708215982487e-02
-9.346112215359586584e-02
-9.246148345950085112e-02
-9.146382912837326684e-02
-9.043961985066728548e-02
-8.945221666659275428e-02
-8.843737520176875311e-02
-8.742396119696184409e-02
-8.635156328204260379e-02
-8.526978218077989335e-02
-8.418061748340288641e-02
-8.314334600064467173e-02
-8.208807653954833250e-02
-8.104016641874955962e-02
-8.001908465154959627e-02
-7.903140204509827293e-02
-7.807607286722445528e-02
-7.715485670969793319e-02
-7.619910678845848162e-02
-7.523596150878816835e-02
-7.425958545782493370e-02
-7.327507076148348508e-02
-7.229341330000699228e-02
-7.128076330655554183e-02
-7.023682911381572136e-02
-6.919335930990583305e-02
-6.813108512422835772e-02
-6.704597530896042046e-02
-6.598130076133326694e-02
-6.491323200732489196e-02
-6.386675774223486701e-02
-6.281572898625456536e-02
-6.173098579459639079e-02
-6.066735677037506103e-02
-5.960085810119414296e-02
-5.854283799547338463e-02
-5.748911404614896747e-02
-5.645055707164395309e-02
-5.541841920408908939e-02
-5.435990457670720338e-02
-5.328507130366523514e-02
-5.219623396875289201e-02
-5.109670551610134837e-02
-4.995445562963716363e-02
-4.879039491903287840e-02
-4.765066657170054926e-02
-4.653659143449468544e-02
-4.543447800956489091e-02
-4.434091200047798192e-02
-4.327124029003689976e-02
-4.219010953273052977e-02
-4.108256515723976432e-02
-3.997660979624375471e-02
-3.887661397851215062e-02
-3.775827358122552102e-02
-3.667931959622729859e-02
-3.556208120730254552e-02
-3.439576889721279729e-02
-3.321077656823213931e-02
-3.203505381902695126e-02
-3.085661986703795365e-02
-2.968895898133138214e-02
-2.855707172477827890e-02
-2.737196256957444632e-02
-2.619094445417388672e-02
-2.501149721177658991e-02
-2.383795421612198637e-02
-2.270392967746511989e-02
-2.156945160964667679e-02
-2.042698194407630008e-02
-1.930697128374357988e-02
-1.821607757933414035e-02
-1.712719058193008098e-02
-1.609025389085455907e-02
-1.505755923009455960e-02
-1.404777739266529352e-02
-1.305507843553607716e-02
-1.205652443539375306e-02
-1.105704262943794924e-02
-1.000708257140377894e-02
-8.966891958090793605e-03
-7.935643481585279504e-03
-6.928122751188358144e-03
-5.949979485806860223e-03
-4.956213228272052414e-03
-3.966426643868834444e-03
-2.984082394763529905e-03
-2.044749045160681403e-03
-1.123460512875371683e-03
-1.923794925157897983e-04
7.264300381308156935e-04
1.654500533187007504e-03
2.555441645230809196e-03
3.440284029109907243e-03
4.299498027044452303e-03
5.231416251117322266e-03
6.152787710471423720e-03
7.067370972001206855e-03
7.975445191721745528e-03
8.913979096353009599e-03
9.896458719419262348e-03
1.086401467895746313e-02
1.184016571702637723e-02
1.283796628035510472e-02
1.385104393616637050e-02
1.487121390460833040e-02
1.586056604850468593e-02
1.685524625206634430e-02
1.786585592916118195e-02
1.888491068186897576e-02
1.988557158666381247e-02
2.093436187886347014e-02
2.199888306881210912e-02
2.307739145743874232e-02
2.420007426775903220e-02
2.530354055582137440e-02
2.641019899106062871e-02
2.748929751288610793e-02
2.856921885900103042e-02
2.965103466274939328e-02
3.071671951533549647e-02
3.178783653504468204e-02
3.286618956422723836e-02
3.396242609095044551e-02
3.506706802330972206e-02
3.617801583624927902e-02
3.728314289038346663e-02
3.837752231474505366e-02
3.948977023115869678e-02
4.059742024326547932e-02
4.170532958798849749e-02
4.278815324692943761e-02
4.393716454997682180e-02
4.507335960550914317e-02
4.622201300555116299e-02
4.736941327924346773e-02
4.851900915097941830e-02
4.964784724694419615e-02
5.080423669898406075e-02
5.194295264895100461e-02
5.306055558400693539e-02
5.417022124810886435e-02
5.529388183435568482e-02
5.640065054900676028e-02
5.751707866535579056e-02
5.860740928205521866e-02
5.966687355560892220e-02
6.071348763237234547e-02
6.176935957426411133e-02
6.279993469337387391e-02
6.384473735447805665e-02
6.484445690281354091e-02
6.584979614055559705e-02
6.684182127203645851e-02
6.783725248483621351e-02
6.882215347646693238e-02
6.981368857256936566e-02
7.079883294222408252e-02
7.178184187314690101e-02
7.276348566922534455e-02
7.373156022787480390e-02
7.467277301813694812e-02
7.562405142428413329e-02
7.656530216698273494e-02
7.750165352747162562e-02
7.843417124573655308e-02
7.935798336242778916e-02
8.028084884738709293e-02
8.120742631422088464e-02
8.213358011829380301e-02
8.306213106463274098e-02
8.398900759564852103e-02
8.491502036207168591e-02
8.584767748382479691e-02
8.678078332305534659e-02
8.771237043653777599e-02
8.864261821803109953e-02
8.955570620510225344e-02
9.047466311099766623e-02
9.139511253408731661e-02
9.231967911257997483e-02
9.324432238304762588e-02
9.415970034239656838e-02
9.507075860842925663e-02
9.597934506549835043e-02
9.687811488994083065e-02
9.778842382517682896e-02
9.868950309815430200e-02
9.958420036773740769e-02
1.004806091285925657e-01
1.013806493095662786e-01
1.022833743172438387e-01
1.031850139970554442e-01
1.040877577103850732e-01
1.049906528561029145e-01
1.058936744252293310e-01
1.067967998539521707e-01
1.077000089145321859e-01
1.086003265930558515e-01
1.095025629665131173e-01
1.104050696296680206e-01
1.113015350683774635e-01
1.121992125302425647e-01
1.130930117253400591e-01
1.139898419080777464e-01
1.148865318515499973e-01
1.157820883910067322e-01
1.166711340312009404e-01
1.175580556777693769e-01
1.184317823763762351e-01
1.192935702752315058e-01
1.201428077420354235e-01
1.209892321226142264e-01
1.218209623004759268e-01
1.226474561213691389e-01
1.234771720901299830e-01
1.242945512150283871e-01
1.251083614225903529e-01
1.259246860364690024e-01
1.267449516606633519e-01
1.275710947466671685e-01
1.283815466148302276e-01
1.291805301690128471e-01
1.299620238692919538e-01
1.307349080394153151e-01
1.315307491389687833e-01
1.323255419506509933e-01
1.331196610722744367e-01
1.339101495180291812e-01
1.346927373918832271e-01
1.354728598414375318e-01
1.362511193599320047e-01
1.370236027940236745e-01
1.377883544644079028e-01
1.385368254599307347e-01
1.392796824477115503e-01
1.400005554096435678e-01
1.407082543225593174e-01
1.414216777564003824e-01
1.421249394660379084e-01
1.428211169187067475e-01
1.434934221202054938e-01
1.441519960797069400e-01
1.448217560654547764e-01
1.454805850764707420e-01
1.461433476585726476e-01
1.468187420897749951e-01
1.475061607621442894e-01
1.481952951983621092e-01
1.488767185551126138e-01
1.495627554795813108e-01
1.502499751174322662e-01
1.509374654673700800e-01
1.516159621702129479e-01
1.522827143336643041e-01
1.529497530197566346e-01
1.536107388680288399e-01
1.542641214971305630e-01
1.549067108138223459e-01
1.555538828168267773e-01
1.561958523102481844e-01
1.568367262921824268e-01
1.574683576242481009e-01
1.580904269604151979e-01
1.587070221649891921e-01
1.593147320989556359e-01
1.599105570208808336e-01
1.604947514095177719e-01
1.610775262688375897e-01
1.616513305882673335e-01
1.622111857502638865e-01
1.627445292656184983e-01
1.632788532256894964e-01
1.638005874461830047e-01
1.643114687321232670e-01
1.648181368942553404e-01
1.653342329802842126e-01
1.658455028227597827e-01
1.663465522065787350e-01
1.668509455733554470e-01
1.673585063762340064e-01
1.678725876403959483e-01
1.683829436847463779e-01
1.688894933200991155e-01
1.693987515972569802e-01
1.699057686863293115e-01
1.704152626499687018e-01
1.709243095281079428e-01
1.714340876199944574e-01
1.719441351256988659e-01
1.724543992908586509e-01
1.729648332525506316e-01
1.734753963669824761e-01
1.739860547297321092e-01
1.744967808127506903e-01
1.750075528743245956e-01
1.755138289820065423e-01
1.760146966912455035e-01
1.764988925541284837e-01
1.769737252109132575e-01
1.774291113072563320e-01
1.778651147983935643e-01
1.782997195545383273e-01
1.787373701988289043e-01
1.791726200541469138e-01
1.795995032074199083e-01
1.800038600456091153e-01
1.804228905021989238e-01
1.808508537874550792e-01
1.812760340024623662e-01
1.816944356536802918e-01
1.821210282316529927e-01
1.825594227668172753e-01
1.830016251738578459e-01
1.834433231543175502e-01
1.838729250809908455e-01
1.843200834396540033e-01
1.847744131792352917e-01
1.852406401463100316e-01
1.857216756251704182e-01
1.862016475972355645e-01
1.866961613611338167e-01
1.871949261749252524e-01
1.877004744418230286e-01
1.882119765434611403e-01
1.887307761507218684e-01
1.892521968928913279e-01
1.897749049745814376e-01
1.902922872390258036e-01
1.907952429327386679e-01
1.913015654993586445e-01
1.918191372872633527e-01
1.923400729118213137e-01
1.928610547100876871e-01
1.933820260794828771e-01
1.939029981410030357e-01
1.944239794948084965e-01
1.949432040577500636e-01
1.954571655119511642e-01
1.959826540063027422e-01
1.965082850658341207e-01
1.970338745137872050e-01
1.975594227264389768e-01
1.980849313059260541e-01
1.986104032239973116e-01
1.991358422997799027e-01
1.996612533060451999e-01
2.001761363087721513e-01
2.006901074507275728e-01
2.012140429016357202e-01
2.017424756689494281e-01
2.022745619811098516e-01
2.028046829942012907e-01
2.033305487273245893e-01
2.038520971925036340e-01
2.043697558515625567e-01
2.048815844937592612e-01
2.053933229560105655e-01
2.059022979445517543e-01
2.064144501026360934e-01
2.069234341883912920e-01
2.074281911594572647e-01
2.079267500595473050e-01
2.084243283630279608e-01
2.089191316581079094e-01
2.094108473597785791e-01
2.099044728081931599e-01
2.103991501666358788e-01
2.108940727019202321e-01
2.113892100376985050e-01
2.118845302489360538e-01
2.123800028802187156e-01
2.128755990361863859e-01
2.133712929895753008e-01
2.138670582377585339e-01
2.143628713362761007e-01
2.148587173765646452e-01
2.153545846688466325e-01
2.158504643795698952e-01
2.163463498654531469e-01
1.999985939327765250e-01
1.999985784239273479e-01
1.989097664818375300e-01
1.978209176929604796e-01
1.967320857798587619e-01
1.956432690417513331e-01
1.945544654025102571e-01
1.934656727371904528e-01
1.923768888614738604e-01
1.912881115284463529e-01
1.901993384314251967e-01
1.891105672199368537e-01
1.880217967720899941e-01
1.869330262255767816e-01
1.858442548277523809e-01
1.847554819231770895e-01
1.836667069448099654e-01
1.825779294087736537e-01
1.814891489072062436e-01
1.804003651143373799e-01
1.793115769735092457e-01
1.782227829904695915e-01
1.771339818424318702e-01
1.760451724133229312e-01
1.749563538217069891e-01
1.738675242797557419e-01
1.727786831051482119e-01
1.716898311425555934e-01
1.706009695502615220e-01
1.695120997869013491e-01
1.684232225338531952e-01
1.673343372548874164e-01
1.662454454572289964e-01
1.651565486280782702e-01
1.640676484557834769e-01
1.629787467983556670e-01
1.618898451019721019e-01
1.608009440129035683e-01
1.597120441254600565e-01
1.586231459836347779e-01
1.575342500804963741e-01
1.564453568560467689e-01
1.553564666941153471e-01
1.542675799172064655e-01
1.531786969478713678e-01
1.520898192380860103e-01
1.510009481844490076e-01
1.499120849977629844e-01
1.488232306700433549e-01
1.477343859492502576e-01
1.466464466739033079e-01
1.455578157016443053e-01
1.444691929575727396e-01
1.433819224042840457e-01
1.422936114061634505e-01
1.412053044529917867e-01
1.401170000407392924e-01
1.390286971527296411e-01
1.379403945915139984e-01
1.368520910734852825e-01
1.357637851995169287e-01
1.346754765318859126e-01
1.335871649381698278e-01
1.324988502911943200e-01
1.314105324596459012e-01
1.303222113064742838e-01
1.292338866924088725e-01
1.281455584825278438e-01
1.270572265591830841e-01
1.259688902014392542e-01
1.248805480158272779e-01
1.237921987396540940e-01
1.227038412848775878e-01
1.216154747733614178e-01
1.205270982514484862e-01
1.194387099816957981e-01
1.183503107611284105e-01
1.172619016968335648e-01
1.161734843776246889e-01
1.150850589494258891e-01
1.139966255660765232e-01
1.129081854462723050e-01
1.118197400390649049e-01
1.107312910003304257e-01
1.096428401641308531e-01
1.085543891885051432e-01
1.074659387266591049e-01
1.063774893799242782e-01
1.052890416996829781e-01
1.042005961868429226e-01
1.031121532896446952e-01
1.020237134004489538e-01
1.009352768516125487e-01
9.984684394904477789e-02
9.875841606170637776e-02
9.766999461103448299e-02
9.658158083943278738e-02
9.549317577605237473e-02
9.440478021021589394e-02
9.331639385048509650e-02
9.222801651760900721e-02
9.113964920755411592e-02
9.005129275901081753e-02
8.896294711950603062e-02
8.787461027849641226e-02
8.678628090510609461e-02
8.569795766086606148e-02
8.460963899196813354e-02
8.352132315473799473e-02
8.243300824401487981e-02
8.134469314015579933e-02
8.025637722320060063e-02
7.916805992885539434e-02
7.807974074627499483e-02
7.699141921766215757e-02
7.590309493907353156e-02
7.481476756197662226e-02
7.372643679816293094e-02
7.263810198887127312e-02
7.154976163236693998e-02
7.046141437728178913e-02
6.937305906198736050e-02
6.828469474587177401e-02
6.719632073325010335e-02
6.610793508147433384e-02
6.501953820476356893e-02
6.393113132404672216e-02
6.284271529157763048e-02
6.175429143723058789e-02
6.066585939267742089e-02
5.957742034954228300e-02
5.848897573289583984e-02
5.740052717793511089e-02
5.631207650293786754e-02
5.522362557294820118e-02
5.413517505378374894e-02
5.304672555798413403e-02
5.195827764713893682e-02
5.086983183165415257e-02
4.978138856881552526e-02
4.869294825983564584e-02
4.760451124650547094e-02
4.651607779946368565e-02
4.542764912923668436e-02
4.433922668097729086e-02
4.325081172752875958e-02
4.216240533375429506e-02
4.107400832859323808e-02
3.998562068871983066e-02
3.889724188813058203e-02
3.780887310991079553e-02
3.672051469521739331e-02
3.563216737789202948e-02
3.454382938914737217e-02
3.345549905597972745e-02
3.236717507348586126e-02
3.127885591779920593e-02
3.019053987118234736e-02
2.910222504933533336e-02
2.801391013464497870e-02
2.692559449828803297e-02
2.583727756779400850e-02
2.474895882437092368e-02
2.366063780219416005e-02
2.257231408902939107e-02
2.148398732771649236e-02
2.039565721934739201e-02
1.930732328487378552e-02
1.821898402791714486e-02
1.713063807014289855e-02
1.604228421724134684e-02
1.495392149139459885e-02
1.386554915637541047e-02
1.277716543533610402e-02
1.168877034271585680e-02
1.060036500991965239e-02
9.511950381157402434e-03
8.423528021746123570e-03
7.335097308474220618e-03
6.246659395814483512e-03
5.158215674810657722e-03
4.069767750342777671e-03
2.981317414793390429e-03
1.892866618727677809e-03
8.044161337415647699e-04
-2.840334195526781312e-04
-1.372481471732498164e-03
-2.460927504426780633e-03
-3.549371052003991341e-03
-4.637811704378283495e-03
-5.726249110319538323e-03
-6.814682987436024297e-03
-7.903112322274391532e-03
-8.991535646971094906e-03
-1.007995165966234577e-02
-1.116835926146558626e-02
-1.225675758558243678e-02
-1.334514631722119593e-02
-1.443352639468329854e-02
-1.552189659642006642e-02
-1.661025651393033611e-02
-1.769860537951717036e-02
-1.878694447516934124e-02
-1.987527573644755352e-02
-2.096360043267409337e-02
-2.205192005551757234e-02
-2.314023629445357763e-02
-2.422855100928405017e-02
-2.531686571589761986e-02
-2.640518105178147820e-02
-2.749349759756917685e-02
-2.858181588006671742e-02
-2.967013637318981212e-02
-3.075845949748233499e-02
-3.184678561871767677e-02
-3.293511504536345696e-02
-3.402344814696380004e-02
-3.511178634596184844e-02
-3.620013104577673307e-02
-3.728848347147596665e-02
-3.837684463605924023e-02
-3.946521531421420814e-02
-4.055359708076912428e-02
-4.164199034577296954e-02
-4.273039403039371326e-02
-4.381015498119841117e-02
-4.489676225101150303e-02
-4.598339815943330161e-02
-4.707006264227561049e-02
-4.815675376336580465e-02
-4.924346841936986380e-02
-5.033020277881224830e-02
-5.141695261325052863e-02
-5.250371462333547345e-02
-5.359048596855585378e-02
-5.467726405731818812e-02
-5.576404659101105027e-02
-5.685083158098159367e-02
-5.793761734686946052e-02
-5.902440250280726469e-02
-6.011118593977844010e-02
-6.119796621139236142e-02
-6.228474135155551150e-02
-6.337150968213274560e-02
-6.445826982627074486e-02
-6.554502071650561423e-02
-6.663176159866190940e-02
-6.771849368614697717e-02
-6.880521589713432806e-02
-6.989192739431718260e-02
-7.097862767096645153e-02
-7.206531771324574398e-02
-7.315199959145994579e-02
-7.423867453880729494e-02
-7.532534403892994501e-02
-7.641200977445192222e-02
-7.749867359841261516e-02
-7.858533725571997808e-02
-7.967200140813721077e-02
-8.075866665740258354e-02
-8.184533354884890310e-02
-8.293200257276514553e-02
-8.401867416424589619e-02
-8.510367166000232242e-02
-8.618751321926880482e-02
-8.727133582030265069e-02
-8.835080740236042618e-02
-8.943497007182449332e-02
-9.051916868666692872e-02
-9.160340394733973435e-02
-9.268500862203211954e-02
-9.374791674276188036e-02
-9.480975508068956170e-02
-9.587095781133163352e-02
-9.692803168967303873e-02
-9.797557032756763762e-02
-9.902754644497456515e-02
-1.000853983994321045e-01
-1.011470839878712280e-01
-1.021941360500404489e-01
-1.032353064447571467e-01
-1.042882576112308807e-01
-1.053432583355431162e-01
-1.063984688080673868e-01
-1.074538602199229115e-01
-1.085094039530172944e-01
-1.095650725632960204e-01
-1.106208409022114147e-01
-1.116766867270209129e-01
-1.127325909441999618e-01
-1.137885370715369937e-01
-1.148445107325124365e-01
-1.159005003115081006e-01
-1.169564966637964970e-01
-1.180124928039802540e-01
-1.190684835972481564e-01
-1.201244654689010843e-01
-1.211804361411036729e-01
-1.222363944011101017e-01
-1.232923399018845539e-01
-1.243482729937251535e-01
-1.254041945839949879e-01
-1.264601060212021955e-01
-1.275160087004130749e-01
-1.285719052015275865e-01
-1.296277973322015331e-01
-1.306836873907781527e-01
-1.317395766107131161e-01
-1.327954658801817345e-01
-1.338513559918024232e-01
-1.349037786146211615e-01
-1.359496447068169467e-01
-1.369875857604000435e-01
-1.380257377845122146e-01
-1.390700941977848493e-01
-1.401168582974590404e-01
-1.411572889778953399e-01
-1.421991744217602494e-01
-1.432440298981804416e-01
-1.442889948807558609e-01
-1.453340616801886975e-01
-1.463792162564878374e-01
-1.474244453608052619e-01
-1.484697363865652986e-01
-1.495150777671102327e-01
-1.505604596282827667e-01
-1.516058747170385690e-01
-1.526513151804627377e-01
-1.536967741849329938e-01
-1.547398063848552108e-01
-1.557847446925983148e-01
-1.568296924676255699e-01
-1.578746475449677444e-01
-1.589196079250260740e-01
-1.599645717928697142e-01
-1.610095375421847219e-01
-1.620545037837237690e-01
-1.630994693432335219e-01
-1.641444332526859895e-01
-1.651893944682667204e-01
-1.662343512859590922e-01
-1.672793019532130832e-01
-1.683241527975012364e-01
-1.693690662553224147e-01
-1.704045221197006965e-01
-1.714455664404528068e-01
-1.724801081970282202e-01
-1.734907237851716633e-01
-1.745097161399907226e-01
-1.755228046372358242e-01
-1.765237231531582851e-01
-1.775065899382843593e-01
-1.784772447641564397e-01
-1.794368504933829267e-01
-1.803912456506638617e-01
-1.813238913666587182e-01
-1.822445760933901759e-01
-1.831343543813211128e-01
-1.839962258252208216e-01
-1.848497239458513075e-01
-1.856895573030663549e-01
-1.865173411935460990e-01
-2.052946319079176998e-07
-2.197001039020087919e-07
-1.137020486950755495e-04
-2.568497306660452121e-04
-4.252615961955520944e-04
-6.142959629099331575e-04
-8.240416782911202855e-04
-1.059004468836262022e-03
-1.311237807663311267e-03
-1.581608470132546363e-03
-1.873728735626665771e-03
-2.189521142335179929e-03
-2.521679994146445048e-03
-2.870113391696938864e-03
-3.242443888660415021e-03
-3.628820145443178817e-03
-4.041894433422526904e-03
-4.486105910546464397e-03
-4.936081619781901297e-03
-5.406468194901304508e-03
-5.901016793973351722e-03
-6.422422177970477444e-03
-6.973345203898147215e-03
-7.554671926042725791e-03
-8.167546894833458554e-03
-8.798536696099529611e-03
-9.450342223344131848e-03
-1.012810570267562958e-02
-1.082757001082507511e-02
-1.154895191813941346e-02
-1.230002786701164461e-02
-1.307215809599294835e-02
-1.386681934666082229e-02
-1.467796859666670867e-02
-1.553509121327240061e-02
-1.642418215455216518e-02
-1.733234343964823454e-02
-1.828860674575620571e-02
-1.928875756003494563e-02
-2.031257784506054764e-02
-2.135477582554364331e-02
-2.241660065926974477e-02
-2.349398370036468245e-02
-2.459793312463284809e-02
-2.572599015579264681e-02
-2.687856583187793122e-02
-2.806242450153013587e-02
-2.925827535277840397e-02
-3.048940882199446464e-02
-3.175875502525004473e-02
-3.305432584332131107e-02
-3.438404876809563609e-02
-3.573852070065171999e-02
-3.710615777585707376e-02
-3.847299408868081610e-02
-3.985314714897981309e-02
-4.125953492060042277e-02
-4.268152301729939702e-02
-4.411732996375018062e-02
-4.555651290417662286e-02
-4.699082054527387725e-02
-4.842964090845904013e-02
-4.990938226449968124e-02
-5.140043151953728462e-02
-5.289400636092687902e-02
-5.441266084943008341e-02
-5.596773905524854431e-02
-5.757264677218856125e-02
-5.923130734169989448e-02
-6.086968883536668373e-02
-6.245226125146987467e-02
-6.403592043472298989e-02
-6.563628061760427845e-02
-6.726073815293900915e-02
-6.892633301805024815e-02
-7.063277082639832227e-02
-7.241557419720592859e-02
-7.419675057971551746e-02
-7.602916809334302195e-02
-7.786141872954199794e-02
-7.976698275744896482e-02
-8.170341774679734659e-02
-8.362909492774318887e-02
-8.555664311018831847e-02
-8.750949850809724984e-02
-8.950493527087753642e-02
-9.151024092698546719e-02
-9.351905302097411610e-02
-9.553682091664093823e-02
-9.761372814646217255e-02
-9.970665375190623791e-02
-1.017792653186500584e-01
-1.038988143380491780e-01
-1.060100934341949297e-01
-1.081248130625258874e-01
-1.102719285672705274e-01
-1.124118996521935171e-01
-1.145649194594910020e-01
-1.167316250283618878e-01
-1.189066008007746977e-01
-1.210940280244563599e-01
-1.232420535742775325e-01
-1.254015682138105159e-01
-1.275612088076151784e-01
-1.297106909295644428e-01
-1.318644106934255822e-01
-1.340259727140983570e-01
-1.361674040932907837e-01
-1.382928933941746097e-01
-1.404004616267444661e-01
-1.425154367678286016e-01
-1.446134612603062475e-01
-1.466746818078628056e-01
-1.487357925643615908e-01
-1.507544426711396046e-01
-1.528367471234821917e-01
-1.548798420960469935e-01
-1.568800992189986199e-01
-1.588541950011458925e-01
-1.608504150612668770e-01
-1.628528305028444367e-01
-1.648306249341236762e-01
-1.667903994861192896e-01
-1.687352232148424114e-01
-1.707713155364512236e-01
-1.728320468229225249e-01
-1.748523053012750739e-01
-1.768523939788400612e-01
-1.788333537077047564e-01
-1.808443080678165116e-01
-1.828061934938599309e-01
-1.847312574391537787e-01
-1.866075968949964248e-01
-1.885217889706253813e-01
-1.904409010919328460e-01
-1.923274417176445983e-01
-1.941555083498181511e-01
-1.959914142246834412e-01
-1.977862750553980309e-01
-1.995117767675598508e-01
-2.012315755209913848e-01
-2.029666590548832861e-01
-2.047072511315893018e-01
-2.064371547289505227e-01
-2.081726466174370349e-01
-2.098507405818989535e-01
-2.115007143348406893e-01
-2.131553808222639568e-01
-2.147960295575649103e-01
-2.164674744354940228e-01
-2.181214003970472215e-01
-2.198121304931493214e-01
-2.214255493641600625e-01
-2.230897585862565424e-01
-2.247275396946513126e-01
-2.263557845557870873e-01
-2.279839834784297137e-01
-2.296024059149069096e-01
-2.312188150799658337e-01
-2.328219287139961791e-01
-2.344117977959603583e-01
-2.359872153992110255e-01
-2.375499737023373803e-01
-2.390964326431910536e-01
-2.406310235794063557e-01
-2.421078014475480933e-01
-2.435434894813049977e-01
-2.449385954598085890e-01
-2.463202960944708142e-01
-2.476858649606044072e-01
-2.490411080618182005e-01
-2.503792975816716004e-01
-2.516976240723880487e-01
-2.529885113198695468e-01
-2.542604550592423296e-01
-2.555254890237314003e-01
-2.567679034957636164e-01
-2.579983360828827510e-01
-2.591956671885958241e-01
-2.603752534829378851e-01
-2.615384907321630092e-01
-2.626873877348857578e-01
-2.638367597846805745e-01
-2.649759647605270385e-01
-2.661008848146992900e-01
-2.672039686297141281e-01
-2.682909464587084347e-01
-2.693520922073030510e-01
-2.703917604953344767e-01
-2.714066585769515649e-01
-2.724011067414460752e-01
-2.733731197714169281e-01
-2.743393653656860942e-01
-2.752749261242984358e-01
-2.762122173945036341e-01
-2.771225970596391530e-01
-2.780318157735509055e-01
-2.789123685979336131e-01
-2.797685203549837296e-01
-2.806007376493313554e-01
-2.814062481370562807e-01
-2.822105475355404791e-01
-2.829880084827985920e-01
-2.837381749455716862e-01
-2.844672585277872034e-01
-2.851713116723672004e-01
-2.858557924228706248e-01
-2.865197123611530894e-01
-2.871631571581181874e-01
-2.877879232583034352e-01
-2.883918019008239741e-01
-2.889803639255270618e-01
-2.895503700573547889e-01
-2.901032300236704442e-01
-2.906322620998779138e-01
-2.911428097852723496e-01
-2.916376452176226985e-01
-2.921157022632615563e-01
-2.925766185919270179e-01
-2.930186380005311841e-01
-2.934418232507839397e-01
-2.938426941191530917e-01
-2.942262354157721416e-01
-2.945950575188644449e-01
-2.949461527083068746e-01
-2.952810265624392083e-01
-2.955987000852915991e-01
-2.958998907855135974e-01
-2.961846443077729707e-01
-2.964589200542260827e-01
-2.967223191204096389e-01
-2.969755085237847370e-01
-2.972154619429719369e-01
-2.974449100215282304e-01
-2.976636866295352402e-01
-2.978729023732686332e-01
-2.980723469062477315e-01
-2.982606366746083926e-01
-2.984354529219707119e-01
-2.985939403772511769e-01
-2.987346033985897042e-01
-2.988579011393489027e-01
-2.989638958399158386e-01
-2.990528553661316868e-01
-2.991241092983930594e-01
-2.991782531042107007e-01
-2.992151378171601928e-01
-2.992353978080216081e-01
-2.992396498890769752e-01
-2.992275248004224730e-01
-2.992002925268728020e-01
-2.991589196119093796e-01
-2.991042748267067064e-01
-2.990360689093080060e-01
-2.989559716107839660e-01
-2.988610629433616217e-01
-2.987514444396991986e-01
-2.986286203104330794e-01
-2.984909218416620380e-01
-2.983381781577245651e-01
-2.981711086805168276e-01
-2.979872659624356879e-01
-2.977891145609898316e-01
-2.975653614020933313e-01
-2.973237618612634137e-01
-2.970638969431675380e-01
-2.967823583494227369e-01
-2.964787902147549836e-01
-2.961618952000761862e-01
-2.958256028257567061e-01
-2.954794577793461996e-01
-2.951047740950735188e-01
-2.947020972219620560e-01
-2.942645764919623042e-01
-2.937978503146571607e-01
-2.933038457597472171e-01
-2.927937629921894547e-01
-2.922719068334939108e-01
-2.917394428501561832e-01
-2.911903892408911898e-01
-2.906148821884352862e-01
-2.900173255792264926e-01
-2.894041303363522610e-01
-2.887439934581076395e-01
-2.880389322429364185e-01
-2.873174587122571677e-01
-2.865547382437004797e-01
-2.857784250006015214e-01
-2.849793175060513772e-01
-2.841587952414205698e-01
-2.833285996789652317e-01
-2.824837722447426924e-01
-2.816036621463803846e-01
-2.806987704552241225e-01
-2.797818685597813215e-01
-2.788473910727125582e-01
-2.778917686369560269e-01
-2.769041951825601533e-01
-2.759036025710270290e-01
-2.748883756396311995e-01
-2.738898593360493128e-01
-2.728744371256356382e-01
-2.718384129515330483e-01
-2.707770681701829329e-01
-2.696714061751606661e-01
-2.685848397056072034e-01
-2.675013923352131395e-01
-2.664086666399060888e-01
-2.653174013925908570e-01
-2.642404634164962074e-01
-2.631343365955281510e-01
-2.620108991720973002e-01
-2.608900380952667297e-01
-2.597726648711918274e-01
-2.586405727763879114e-01
-2.574961320205385595e-01
-2.562957866362112203e-01
-2.551009666721017477e-01
-2.539103767986323201e-01
-2.526996229422724394e-01
-2.514398371681065281e-01
-2.501434862191732611e-01
-2.488466785541052773e-01
-2.475455266670247012e-01
-2.462275343387306248e-01
-2.449292657218784253e-01
-2.436287286259924412e-01
-2.423005593172062599e-01
-2.409811037357401098e-01
-2.396224950314948809e-01
-2.382076264795401355e-01
-2.367711944765739651e-01
-2.352994932008181106e-01
-2.338126652623537249e-01
-2.322768453563270885e-01
-2.307120279824114162e-01
-2.291549901036079029e-01
-2.275705128116767284e-01
-2.259833214234331644e-01
-2.244010139196437048e-01
-2.227862711100780657e-01
-2.211423818971769428e-01
-2.195245794516444415e-01
-2.179250898084112154e-01
-2.162815549714369179e-01
-2.146288171330779371e-01
-2.129451480374022487e-01
-2.111773532656674723e-01
-2.093940540916457149e-01
-2.076138102114085948e-01
-2.057936025472221209e-01
-2.039557985568757059e-01
-2.020940746947829936e-01
-2.002612988704260411e-01
-1.984094732961314556e-01
-1.965676096987732102e-01
-1.946948991653564276e-01
-1.927470736491466441e-01
-1.907990737597674291e-01
-1.888230559448540180e-01
-1.868268472646192890e-01
-1.848361290291522241e-01
-1.828276360943244250e-01
-1.808282027479530263e-01
-1.787949924421562420e-01
-1.767496087829861506e-01
-1.746697921786456720e-01
-1.726073529479976720e-01
-1.705336073511813655e-01
-1.684401822295194251e-01
-1.663511990440338650e-01
-1.642568949599726991e-01
-1.621508202521057818e-01
-1.600387260282947754e-01
-1.579187898986764982e-01
-1.557809449640840394e-01
-1.536190174348678050e-01
-1.514831579568771402e-01
-1.493027647769838429e-01
-1.471165871170244110e-01
-1.449594902655408912e-01
-1.429007337591795546e-01
-1.408332005137121201e-01
-1.388010669207770387e-01
-1.368355996284301435e-01
-1.348940537183034305e-01
-1.328827867505933957e-01
-1.309267579913132307e-01
-1.289394934331827558e-01
-1.269420783670107133e-01
-1.248943647142701230e-01
-1.228338882295456763e-01
-1.208012503455456327e-01
-1.188148716645392455e-01
-1.168304955666395334e-01
-1.147432931511329912e-01
-1.126686201843903196e-01
-1.105449297510516654e-01
-1.084083381573350685e-01
-1.063356015707333513e-01
-1.042722468380019307e-01
-1.022028764971432135e-01
-1.001396848117642596e-01
-9.810166145938982452e-02
-9.606143088408265751e-02
-9.400435368475799913e-02
-9.192446551587572789e-02
-8.985026766366632778e-02
-8.776451877570483340e-02
-8.567483880478637959e-02
-8.359758513970866334e-02
-8.152417205743281436e-02
-7.950754137992957493e-02
-7.750173948377034328e-02
-7.548941478131669658e-02
-7.348723732840024836e-02
-7.155810723611046031e-02
-6.964974526063516524e-02
-6.775050709898040868e-02
-6.586760263487713429e-02
-6.398369563767261625e-02
-6.210941595682688277e-02
-6.024391316507241717e-02
-5.838130120229620412e-02
-5.653359240319078688e-02
-5.468176246965451154e-02
-5.285346381476119237e-02
-5.103269326141377654e-02
-4.924430803147029911e-02
-4.748066078357242314e-02
-4.573392389084034865e-02
-4.400399785861776325e-02
-4.228918051610885964e-02
-4.060559652893806770e-02
-3.894618527882839215e-02
-3.729130855015069801e-02
-3.568078349202201405e-02
-3.406697258482963703e-02
-3.248857235784172875e-02
-3.091501134784973431e-02
-2.934856838629570919e-02
-2.784154048172731571e-02
-2.636886950169920266e-02
-2.487894998914893033e-02
-2.340082172343043235e-02
-2.196472535836275705e-02
-2.053651360535579604e-02
-1.910010242707512601e-02
-1.771654295094862372e-02
-1.635436604861925658e-02
-1.502649688552315337e-02
-1.375382556212277445e-02
-1.249474355858432896e-02
-1.128016916835217556e-02
-1.004419884756065605e-02
-8.803555188780893062e-03
-7.631586906531139317e-03
-6.470661222317736216e-03
-5.291602226557140520e-03
-4.144723815572452785e-03
-3.015855506038786840e-03
-1.886987742508037819e-03
-7.877167914815483155e-04
3.073652467921541859e-04
1.381957297754393254e-03
2.435576953488133127e-03
3.468561373125292596e-03
4.500700393118712769e-03
5.504269707485610896e-03
6.487481246042560261e-03
7.466580055539105872e-03
8.429758362198072619e-03
9.373940250514550820e-03
1.030365788741383244e-02
1.122126630689117624e-02
1.214094579582438230e-02
1.305505529757216947e-02
1.398095990774098595e-02
1.489319224693322515e-02
1.580558418100018112e-02
1.670712805446013249e-02
1.760662021353866930e-02
1.850949065591514855e-02
1.941074307233480942e-02
2.029952411632290551e-02
2.117958372185755125e-02
2.205113826941545660e-02
2.290806046358191683e-02
2.375826713782193053e-02
2.459430801260747285e-02
2.541891665043932713e-02
2.622926165667066947e-02
2.701974275895147742e-02
2.779818167739714699e-02
2.856403212116898072e-02
2.932342427274942792e-02
3.007951863494352784e-02
3.083891243114655553e-02
3.159554655507081783e-02
3.235894970093714657e-02
3.312051012027798780e-02
3.387145040412038038e-02
3.461095971840365965e-02
3.533955530207763540e-02
3.607284019720848750e-02
3.681493324103025933e-02
3.755497052657097434e-02
3.829590624915857333e-02
3.903869218800855301e-02
3.977871731754185902e-02
4.051683982453541111e-02
4.124767714650829503e-02
4.196145797726386073e-02
4.267821432897470763e-02
4.339131158347542955e-02
4.410716811627512363e-02
4.482154478317167123e-02
4.553461834807898123e-02
4.623819665788130723e-02
4.694361841454442602e-02
4.764441511335269080e-02
4.834138190656510348e-02
4.903863135802501855e-02
4.973084367000591560e-02
5.042772173550252174e-02
5.111748517379707119e-02
5.179344782282367665e-02
5.246826591980405935e-02
5.314023701573886149e-02
5.379788341994460460e-02
5.444819751890748322e-02
5.510010336555323796e-02
5.575172240761825521e-02
5.640189674715074403e-02
5.705295494440308646e-02
5.770711698656352112e-02
5.835940971876616562e-02
5.900447457511993898e-02
5.963613343174793691e-02
6.026324702032660741e-02
6.087995108356110407e-02
6.148933616618288550e-02
6.208601541200583357e-02
6.267595987377902467e-02
6.325464589492484080e-02
6.383091749477862176e-02
6.439769239484934016e-02
6.495977531486345213e-02
6.551687342013762239e-02
6.606128899571112045e-02
6.660287663095100508e-02
6.712967723111984419e-02
6.765251735009766842e-02
6.816901745673885349e-02
6.867878643893325641e-02
6.917380372651772691e-02
6.966450270991897398e-02
7.014913499347540105e-02
7.062057665867424450e-02
7.107584422603163699e-02
7.152034753896807651e-02
7.195628515405987080e-02
7.238786616856104916e-02
7.281840441930592656e-02
7.324400505059994182e-02
7.366565665966111343e-02
7.407964297539701426e-02
7.449207972711978376e-02
7.490027732853120346e-02
7.530472755602093948e-02
7.570111953641384117e-02
7.609437122381991492e-02
7.648310575945531375e-02
7.686246516878277035e-02
7.723538517328178143e-02
7.759995679902649546e-02
7.795452144851346132e-02
7.829969537990609518e-02
7.863390262591261892e-02
7.895888019724564555e-02
7.927306762460262224e-02
7.957882334652144340e-02
7.987643853951352513e-02
8.016895794825518173e-02
8.045695677552974767e-02
8.073926576849281556e-02
8.101432843055009214e-02
8.128050373786560590e-02
8.153878420281698847e-02
8.178842722990568859e-02
8.202668308112810724e-02
8.225460663239705927e-02
8.247242250972593169e-02
8.268120747840544682e-02
8.288276103681754825e-02
8.307752120505251803e-02
8.326295237832130602e-02
8.343733374964930338e-02
8.360258863126590612e-02
8.375874327784996187e-02
8.390503728683587625e-02
8.403990533859720391e-02
8.416230972739653649e-02
8.427069111901908105e-02
8.436324711600333426e-02
8.444009964827278725e-02
8.450214421618110205e-02
8.454809961342216185e-02
8.457698444964452389e-02
8.458849234932462602e-02
8.458445536465451775e-02
8.456586995206359647e-02
8.453566347818260163e-02
8.449218113258175067e-02
8.443343257316651695e-02
8.436141939407955370e-02
8.427849773558256097e-02
8.418862264527682271e-02
8.409618115852252052e-02
8.399956471069798536e-02
8.389416654093749537e-02
8.377800858739110901e-02
8.365499957654072560e-02
8.352737837766521789e-02
8.339495239515810898e-02
8.325237349628882011e-02
8.310473507510018898e-02
8.295496218639927810e-02
8.279886252353887977e-02
8.263893279886694310e-02
8.247531703316179907e-02
8.230791558076895609e-02
8.213052628051688286e-02
8.194368349286888786e-02
8.175795663634730093e-02
8.157134181193692601e-02
8.138514295500741402e-02
8.119928031565248894e-02
8.101368949250520313e-02
8.082831230899450992e-02
8.064309840894094694e-02
8.045804915527597634e-02
8.027297925222270925e-02
8.008854895508575600e-02
7.990471872220451799e-02
7.971899930243196708e-02
7.953070315803632828e-02
7.933765021259953087e-02
7.914016013832593510e-02
7.894028741724266884e-02
7.873558932523969101e-02
7.852265024423658868e-02
7.830402213586100391e-02
7.808342022816434913e-02
7.786149286578242235e-02
7.763213044844594068e-02
7.740089820110974961e-02
7.716205637620582314e-02
7.691759800350476961e-02
7.666286423911332359e-02
7.640044432444839662e-02
7.612379193163198998e-02
7.583474870859553685e-02
7.553103825839502239e-02
7.521429846865326785e-02
7.487905068004643838e-02
7.452758514188080607e-02
7.415796176310979204e-02
7.377957104183638370e-02
7.338161576478498260e-02
7.296368293594253374e-02
7.253437727082366615e-02
7.208296529517645157e-02
7.161952954333153376e-02
7.113460662920642608e-02
7.063131364804135781e-02
7.011274638188332020e-02
6.957011320710074220e-02
6.900975861677696721e-02
6.843471384000773816e-02
6.785269500707739876e-02
6.726141995804246765e-02
6.665960762602364531e-02
6.604432450812075528e-02
6.540745940903151812e-02
6.475067537056182487e-02
6.408609909787026104e-02
6.340956725520373316e-02
6.272406396451112032e-02
6.202732041838029953e-02
6.131985330635810610e-02
6.058839719104377325e-02
5.984285578177195308e-02
5.908175836967442113e-02
5.830528120037871409e-02
5.752184888756809583e-02
5.674158139702307341e-02
5.595295256570535780e-02
5.514078912879938343e-02
5.433589603536098656e-02
5.349691737155874705e-02
5.262710257017847587e-02
5.174622257692125527e-02
5.085742223543329027e-02
4.995112683676269927e-02
4.905026828111814369e-02
4.813377442767076408e-02
4.719272152726385061e-02
4.625003032094737732e-02
4.528329784210394920e-02
4.433930854314597353e-02
4.340429144184149157e-02
4.242974791841514631e-02
4.145681874439050008e-02
4.049032086272299352e-02
3.950643305910565839e-02
3.852837263104474247e-02
3.756338420434507386e-02
3.658104796599400549e-02
3.560276879454468690e-02
3.462503929528565338e-02
3.360479054196210263e-02
3.257981555783519972e-02
3.154788742068247165e-02
3.053118343100118259e-02
2.948525476043493271e-02
2.843991359808291722e-02
2.739267689753185908e-02
2.632421866640631200e-02
2.527577591844212476e-02
2.420293643231225672e-02
2.311695209033548526e-02
2.200065989853982815e-02
2.088947631187750703e-02
1.974360266294069785e-02
1.857203407104981649e-02
1.739308377999557176e-02
1.620268556664474294e-02
1.497445385467486255e-02
1.377268265549193120e-02
1.254996126333013037e-02
1.133033305733282051e-02
1.006991484499444173e-02
8.797280561255820669e-03
7.501813097135810217e-03
6.178693664827148053e-03
4.862192838126216422e-03
3.545016892380589788e-03
2.234503934048599413e-03
9.291206485966085719e-04
-3.935096180806835881e-04
-1.738501924232689882e-03
-3.062709293066622884e-03
-4.394900246374593665e-03
-5.694752844398293448e-03
-7.035168070782677960e-03
-8.405856169099328035e-03
-9.775126864908053465e-03
-1.120056663127776651e-02
-1.263358680064755567e-02
-1.403994270407890252e-02
-1.547597082569848910e-02
-1.688322602841997241e-02
-1.827471124523247226e-02
-1.969847495428538736e-02
-2.112634283446345601e-02
-2.259673896041035357e-02
-2.408235591844393869e-02
-2.556609053695695077e-02
-2.704648093027898700e-02
-2.857146301543522782e-02
-3.007106474624566747e-02
-3.158303513009354246e-02
-3.313626170988220182e-02
-3.471137196494968047e-02
-3.629487532508111902e-02
-3.787606245456925230e-02
-3.949945815342372629e-02
-4.113927824079442047e-02
-4.272874222809472378e-02
-4.432711450374791917e-02
-4.593601675658195299e-02
-4.754760306929255859e-02
-4.919258881455425281e-02
-5.082377633383949878e-02
-5.242929205879030136e-02
-5.401547542402022895e-02
-5.557300957790418244e-02
-5.714431540505712781e-02
-5.868470942020113240e-02
-6.016343568285036775e-02
-6.166324272262061618e-02
-6.318048630486632067e-02
-6.472253835167521285e-02
-6.625999159337196687e-02
-6.784904079205103522e-02
-6.945158123881184364e-02
-7.107177418193638685e-02
-7.268309803322629825e-02
-7.429452175858736185e-02
-7.589781683501480025e-02
-7.747232006355979361e-02
-7.901389216999926690e-02
-8.050464507815957571e-02
-8.196951731418235243e-02
-8.344266314213286129e-02
-8.489455489245820163e-02
-8.637317589870671664e-02
-8.788937447696602845e-02
-8.938703862253244425e-02
-9.093415466246229650e-02
-9.249840868215319922e-02
-9.403283876526874474e-02
-9.556153202589701134e-02
-9.711439807977192973e-02
-9.866873554965596704e-02
-1.002188482966576560e-01
4.000031136937849952e-01
4.000031297030082755e-01
4.019819186293602797e-01
4.039734732393528982e-01
4.059806711306760407e-01
4.079533462896973717e-01
4.099134014461482955e-01
4.118632784972581229e-01
4.138395510584164660e-01
4.158081171730143577e-01
4.177283559570657001e-01
4.196186296825544781e-01
4.215022828400375454e-01
4.233668252701677237e-01
4.253039875777221424e-01
2.000030138151591974e-01
2.000030298370774062e-01
2.024019075224813280e-01
2.048010183688855901e-01
2.072001193496970373e-01
