-1.999998088764839421e-01
-1.999997955084556467e-01
-1.998939464689729051e-01
-1.998700971464338061e-01
-1.998505967967861285e-01
-1.998689943818100223e-01
-1.999314872753168160e-01
-2.000400932477321425e-01
-2.001981903747350189e-01
-2.003961697817639442e-01
-2.006311638555842436e-01
-2.009113297782888496e-01
-2.012288172324858126e-01
-2.015810047477888112e-01
-2.019861526088581882e-01
-2.024526901293398073e-01
-2.029470339585738303e-01
-2.034648200763210235e-01
-2.040067233256876444e-01
-2.046141684385204274e-01
-2.052335183534514662e-01
-2.058905232810996910e-01
-2.065865914527993952e-01
-2.072964956566088479e-01
-2.080347942198332856e-01
-2.087473789165961158e-01
-2.109224285754580652e-01
-2.130888366885594909e-01
-2.152489641743017823e-01
-2.174046548018898350e-01
-2.195574490372868837e-01
-2.217084518697456652e-01
-2.238584709939680784e-01
-2.260080789115278543e-01
-2.281576514841063275e-01
-2.303074369511733666e-01
-2.324575853804722314e-01
-2.346081727564860719e-01
-2.367592229923893010e-01
-2.389107250062191268e-01
-2.410626457143336399e-01
-2.432149499489015265e-01
-2.453675969397668688e-01
-2.475205369184377557e-01
-2.496737147517300304e-01
-2.518270763503941967e-01
-2.539805634542294244e-01
-2.561341507720698019e-01
-2.582878172159452368e-01
-2.604415461477139759e-01
-2.625953278444775885e-01
-2.647491473761236502e-01
-2.669029933198576177e-01
-2.690568571383172292e-01
-2.712107326078758707e-01
-2.733646153116159327e-01
-2.755185021215362795e-01
-2.776723911776027287e-01
-2.798262810485073193e-01
-2.819801708736381918e-01
-2.841340602576232777e-01
-2.862879453062358581e-01
-2.884418156358112828e-01
-2.905956723787684326e-01
-2.927495257457141120e-01
-2.949033763127211771e-01
-2.970572246068616806e-01
-2.992110710918412519e-01
-3.013649161622640738e-01
-3.035187601441731164e-01
-3.056725950854283225e-01
-3.078264211739224487e-01
-3.099802498366982517e-01
-3.121340945162319191e-01
-3.142879759326707712e-01
-3.164418851385275011e-01
-3.185958136501210181e-01
-3.207497464004439580e-01
-3.229036801243265198e-01
-3.250576118052294627e-01
-3.272115385377072361e-01
-3.293654575534441520e-01
-3.315193654535388279e-01
-3.336732591830116612e-01
-3.358271358613753033e-01
-3.379809993384891298e-01
-3.401348458771947247e-01
-3.422886939726130229e-01
-3.444425416587528210e-01
-3.465963889521071484e-01
-3.487502358692082249e-01
-3.509040824274430870e-01
-3.530579286462146582e-01
-3.552117745482428757e-01
-3.573656216074704295e-01
-3.595194780031915061e-01
-3.616733422453573543e-01
-3.638272246836362633e-01
-3.659811227637226883e-01
-3.681350336289687664e-01
-3.702889542409317780e-01
-3.724428814455235104e-01
-3.745968120836590809e-01
-3.767507429470266511e-01
-3.789046709458639972e-01
-3.810585931759006284e-01
-3.832125060129983884e-01
-3.853664063845627652e-01
-3.875202913582925790e-01
-1.253541840037651135e-06
-9.559828857090102265e-04
-1.631698062825060911e-03
-2.242596911639691167e-03
-2.784373673047458621e-03
-3.277648056154260688e-03
-3.711878450389320076e-03
-4.091824275435521595e-03
-4.413260495015314776e-03
-4.667949431265450665e-03
-4.860882738250777747e-03
-5.006769795635197806e-03
-5.096522127864764815e-03
-5.132718353207716203e-03
-5.115318535102542780e-03
-5.046110055024780223e-03
-4.921821110243519877e-03
-4.746967415732337818e-03
-4.518617487889699073e-03
-4.247967833172988997e-03
-3.913659951965419576e-03
-3.532134414918095683e-03
-3.105672883874276147e-03
-2.640634026580758204e-03
-2.148433609220831274e-03
-1.601498401502962198e-03
-1.039061001687835179e-03
-4.524178356350659061e-04
1.723678215415617337e-04
8.563117345816324008e-04
1.583344649010932003e-03
2.368106720526699967e-03
3.181153910000440385e-03
4.027599174575836188e-03
4.895957950159072342e-03
5.799028625257081695e-03
6.725234026158185066e-03
7.690407558074503942e-03
8.675933406459562444e-03
9.693642462876503330e-03
1.077326215491521133e-02
1.194641752614695844e-02
1.321926598315376934e-02
1.457504149977589293e-02
1.606612510145706899e-02
1.766391908561465440e-02
1.930405221420562409e-02
2.114202273365048748e-02
2.305749032914238689e-02
2.511059548090736199e-02
2.727519143315245212e-02
2.954756423501108190e-02
3.182800554477425298e-02
3.408767248496117480e-02
3.639817163472684747e-02
3.873140898201913457e-02
4.107265016585018996e-02
4.345448545858015404e-02
4.587946036792991955e-02
4.833807614530589297e-02
5.077462161667108814e-02
5.320454312052760176e-02
5.560911503728335065e-02
5.798996359972364428e-02
6.037785006150209882e-02
6.272119342394537334e-02
6.510873989977483678e-02
6.748588060400191602e-02
6.985198563278867401e-02
7.222872100412150442e-02
7.463738363926726571e-02
7.703185996415934378e-02
7.944176429828650465e-02
8.184018868711498418e-02
8.421664103534930168e-02
8.656104987034883569e-02
8.887558962965103060e-02
9.121293631054974704e-02
9.357284549888625347e-02
9.594190603724264688e-02
9.827727491937197912e-02
1.006412371339443501e-01
1.029938681352922658e-01
1.052671569647413985e-01
1.075105674567842090e-01
1.097416073985605783e-01
1.119298945697419084e-01
1.141974593070800847e-01
1.163935781804235486e-01
1.185994017887628954e-01
1.208024463589216502e-01
1.229951514429149517e-01
1.251784696783590500e-01
1.274514279808910966e-01
1.298098982459391926e-01
1.322244129643628252e-01
1.346750269913259690e-01
1.371242273073365603e-01
1.395840806645784193e-01
1.419896118058568413e-01
1.443975010082942378e-01
1.467789702538005725e-01
1.491685319701479273e-01
1.515265476602541128e-01
1.538409935963645780e-01
1.561789224843281587e-01
1.585155614803290813e-01
1.607689275516220595e-01
1.629299230935247478e-01
1.650779894065081965e-01
1.671731704725521184e-01
1.692647978541338138e-01
1.712730180539684677e-01
1.732481550899742095e-01
1.752503323492193010e-01
1.772904440616037969e-01
1.794000916583276262e-01
1.815051647112257693e-01
1.836331039954155198e-01
1.858113534118587817e-01
1.879484022278910260e-01
1.901004214861058417e-01
1.923055494958391953e-01
1.945704390479799650e-01
1.968594648515219203e-01
1.991361598139520239e-01
2.014459352345315535e-01
2.037524490559216583e-01
2.060787916422112953e-01
2.083280021136467430e-01
2.105074012088144486e-01
2.126089274771981452e-01
2.147134969396510829e-01
2.167374063528123285e-01
2.187160929442192314e-01
2.207010066147351013e-01
2.227573659948997031e-01
2.247550331430863413e-01
2.268701389678306202e-01
2.288815725676866530e-01
2.309871156830429484e-01
2.330872516836484110e-01
2.351961879041467307e-01
2.373049530928378337e-01
2.393852115115992218e-01
2.414019028581190218e-01
2.433927509465446393e-01
2.453505916199674175e-01
2.473342227152172390e-01
2.493608271774473972e-01
2.513452840820743495e-01
2.532626058712639794e-01
2.551310940059562937e-01
2.570019314912762587e-01
2.588138575000777930e-01
2.606004361593584617e-01
2.623222128750862803e-01
2.640649527708876509e-01
2.657866282000874159e-01
2.675009884040511210e-01
2.691472532200721024e-01
2.708184815451358807e-01
2.725090355108986118e-01
2.741872255414556925e-01
2.758390552822501118e-01
2.774878683516851519e-01
2.790731590832701836e-01
2.806273768827035053e-01
2.821191789666731564e-01
2.835623965735287744e-01
2.850262633726400874e-01
2.864497645717787866e-01
2.878885441864730277e-01
2.893196609710832479e-01
2.906954455834819262e-01
2.921133735550285881e-01
2.934936870556061894e-01
2.948519208590203999e-01
2.962057394573024971e-01
2.975274291073532473e-01
2.988239380188710825e-01
3.000736005830948461e-01
3.012993930395836961e-01
3.024875333738217820e-01
3.036473613714943398e-01
3.047700873114168596e-01
3.058605246267083189e-01
3.069170142653773747e-01
3.089355926594202773e-01
