1.076566756646338201e-07
1.151770196969161062e-07
6.744692788631841682e-05
1.128490244817176817e-04
1.030686322209836236e-04
4.204370763502685959e-05
-8.615872071897138476e-05
-2.730830205150776204e-04
-4.906481847835008877e-04
-7.429038579382960883e-04
-1.054832446121315792e-03
-1.402289715311430670e-03
-1.779512048413303335e-03
-2.239380685870873567e-03
-2.785521164255036226e-03
-3.391247881117540920e-03
-4.054094748316090790e-03
-4.765887344413178434e-03
-5.539129396551821169e-03
-6.355064115608843357e-03
-7.180493820373929845e-03
-7.980002890517685563e-03
-8.926736633446268748e-03
-9.846300991936804067e-03
-1.074214225233722717e-02
-1.174797829149952511e-02
-1.270183862935438113e-02
-1.364884904103858508e-02
-1.465447717785734599e-02
-1.569732296474313921e-02
-1.678664800114855818e-02
-1.788498012709348328e-02
-1.900595642784382727e-02
-2.023483406055668829e-02
-2.140565129941490036e-02
-2.264687026661052829e-02
-2.385219940629115451e-02
-2.503911896216972147e-02
-2.635351613124533102e-02
-2.795646455943336800e-02
-2.921812805966226417e-02
-3.066056900878299032e-02
-3.191795305425273316e-02
-3.333191580610237598e-02
-3.465178899375141730e-02
-3.591200323979861636e-02
-3.729159989991580326e-02
-3.881904423813199029e-02
-4.018619190504278682e-02
-4.192329285278886819e-02
-4.328982453886032200e-02
-4.495928099269818484e-02
-4.656832165220810282e-02
-4.820513972977705924e-02
-5.010122867004353914e-02
-5.217588001718863333e-02
-5.391499628862105736e-02
-5.566755407245978921e-02
-5.758494435123770461e-02
-5.915172143260984117e-02
-6.064160034467821342e-02
-6.212517398733822388e-02
-6.466715323781688229e-02
-6.712100122848908834e-02
-6.965985593110253504e-02
-7.219869991711734547e-02
-7.473791410841747196e-02
-7.726897237192660584e-02
-7.980937956491222784e-02
-8.231210363188032342e-02
-8.485352479506015622e-02
-8.739560945751946586e-02
-8.993828580384992388e-02
-9.237354716914358832e-02
-9.491604121153837670e-02
-9.745891132434134074e-02
-1.000020848060541173e-01
-1.025455024907995921e-01
-1.050891133668442473e-01
-1.076328836009096956e-01
-1.101767790564033983e-01
-1.127207720869697755e-01
-1.152648393837686080e-01
-1.178089664001210762e-01
-1.203531375218035437e-01
-1.228973287494158906e-01
-1.254415311006805422e-01
-1.278174419065612744e-01
-1.303598084257733547e-01
-1.329021689817277974e-01
-1.354445211265705440e-01
-1.379868085295239133e-01
-1.405290486736589795e-01
-1.430713125783912021e-01
-1.456136023804740776e-01
-1.481559179839488649e-01
-1.506982616901078320e-01
-1.532406314633020517e-01
-1.557830163123640199e-01
-1.583254084997600675e-01
-1.608678052009542281e-01
-1.634102036305718209e-01
-1.659526011100710963e-01
-1.684949951196944018e-01
-1.710373833382586584e-01
-1.735796783134975207e-01
-1.761219940565448838e-01
-1.786643353844190318e-01
-1.812067021619622742e-01
-1.837490909157750985e-01
-1.862914884700057339e-01
-1.888338931013366917e-01
-1.913763029971883023e-01
-1.939187162759204164e-01
-1.964611310092800878e-01
-1.990035452465389598e-01
-2.015459570400418565e-01
-2.040883600687352639e-01
-2.066307430485435637e-01
-2.091731055042068410e-01
-2.117154472744421367e-01
-2.142577685155697409e-01
-2.168000697771811647e-01
-2.193423674565512516e-01
-2.218846634881266044e-01
-2.244269598295099144e-01
-2.269092103001498772e-01
-2.294508160136962405e-01
-2.318655963193240466e-01
-2.341588781280840026e-01
-2.366961105447926705e-01
-2.392246678512641445e-01
-2.416953590055751222e-01
-2.441317213744822467e-01
-2.463869527762929112e-01
-2.488568626129707417e-01
-2.506910660785257039e-01
-2.523972702558112680e-01
-2.546238446263301425e-01
-2.567717688847545587e-01
-2.591740352181316487e-01
-2.608205681579971458e-01
-2.632903533810683760e-01
-2.657600090565542805e-01
-2.676952477202946823e-01
-2.701511949112389566e-01
-2.725684850600691989e-01
-2.746576183242796509e-01
-2.768091162059289068e-01
-2.791897916619858755e-01
-2.814728293238887846e-01
-2.836892758717874385e-01
-2.860689207321175376e-01
-2.884854483182398011e-01
-2.904834106731334353e-01
-2.924517870785308671e-01
-2.947274595635399619e-01
-2.966171635817829721e-01
-2.989736245291807482e-01
-3.013465743017722520e-01
-3.036736621754420051e-01
-3.058518514300725410e-01
-3.080989329391132237e-01
-3.102807951356439942e-01
-3.126020081917940674e-01
-3.147645520789614237e-01
-3.171097881610187574e-01
-3.193702169940993985e-01
-3.216995823381526010e-01
-3.238750790753024411e-01
-3.260605942471077046e-01
-3.283899068703524105e-01
-3.307196154110940145e-01
-3.330496872572693001e-01
-3.353800690963843478e-01
-3.375304947311521531e-01
-3.398249170391315355e-01
-3.421466978279160687e-01
-3.444379371462882866e-01
-3.467587233041031225e-01
-3.489449794864920573e-01
-3.512599715128222333e-01
-3.535751584498039168e-01
-3.558905131098461516e-01
-3.581309079520318406e-01
-3.604430377377405570e-01
-3.627553032109719355e-01
-3.650676982851909780e-01
-3.673802053257698708e-01
-3.696928066097377452e-01
-3.720054852484282470e-01
-3.743182334639322262e-01
-3.766310418396563997e-01
-3.789438965234250833e-01
-3.812567801831455161e-01
-3.835696720174449625e-01
-3.858825645547628858e-01
-3.881954538419239431e-01
-3.905083351594657581e-01
-3.928212041407683763e-01
-3.951340596028263263e-01
-3.974469172496252201e-01
-3.997597765136867154e-01
-4.020726282943375973e-01
-4.043854682245395793e-01
-4.066982954555936058e-01
-4.090111094327418262e-01
-4.113239166980335870e-01
-4.136367234114637359e-01
-4.159495300035869203e-01
-4.182623368664317720e-01
-4.205751462793991258e-01
2.000031224527200058e-01
2.000031384754510921e-01
2.023507463633653081e-01
2.048394556835930191e-01
2.073281134265017034e-01
2.098167168494558810e-01
2.123052725267590979e-01
