3.999994426597498487e-01
3.999994273845379755e-01
3.997135922849351375e-01
3.993355022980253355e-01
3.989422171636382020e-01
3.985201658161436344e-01
3.980959905178441116e-01
3.976552770767496914e-01
3.972100277909618726e-01
3.967464992693843784e-01
3.962678921215581629e-01
3.957708276915123946e-01
3.952684406735822442e-01
3.947530420613177271e-01
3.942211657602734953e-01
3.936831712900865643e-01
3.931562780421572478e-01
3.926225075174068491e-01
3.920802389888946027e-01
3.915515389404505275e-01
3.910449546150241429e-01
3.905479480114303348e-01
3.900791369508349593e-01
3.896078550347032432e-01
3.891467297672523973e-01
3.886920697473691400e-01
3.882270033995179892e-01
3.877730935833800796e-01
3.873177630573537145e-01
3.868692531672242585e-01
3.864239128395710043e-01
3.859920119909267533e-01
3.855435881202141091e-01
3.850483409362746579e-01
3.845564420139949702e-01
3.840709402010830109e-01
3.835511199851551756e-01
3.830081420062362851e-01
3.824019102064186160e-01
3.817267473036054515e-01
3.809976372981015436e-01
3.802584734413129164e-01
3.795248099638692807e-01
3.788263365693444462e-01
3.781406009908465093e-01
3.774567989131051848e-01
3.767922551612118975e-01
3.761087240396439602e-01
3.753888815857837624e-01
3.746336474979301556e-01
3.739143823143334933e-01
3.731613370575997402e-01
3.723687114612314608e-01
3.714668136314202562e-01
3.705196216175019042e-01
3.694619059193215427e-01
3.683323493515909819e-01
3.670945326042743262e-01
3.658704118065156941e-01
3.645406209655918106e-01
3.632286983491210264e-01
3.618355741696709926e-01
3.604179538482391587e-01
3.588706617945666144e-01
3.574346428700031497e-01
3.559898972136786299e-01
3.544815718510932467e-01
3.529394049190307525e-01
3.513972835587148569e-01
3.498120081819982574e-01
3.481298076580485734e-01
3.463782963296441197e-01
3.445697684696941154e-01
3.427511467689736135e-01
