2.443309232093171506e-06
2.459200928686058229e-06
1.874013525546065978e-03
3.757075477118639213e-03
5.635177287505970314e-03
7.517462840473150207e-03
9.408307187652162340e-03
1.128957555983461578e-02
1.316397222789469912e-02
1.503155143071840255e-02
1.690822984710660046e-02
1.876917981969474306e-02
2.062329867248486465e-02
2.247694467190133535e-02
2.434692629123417010e-02
2.623196402541796285e-02
2.811722751056128580e-02
3.000269177418641089e-02
3.188832976503748473e-02
3.377411422564385868e-02
3.566001980286521295e-02
3.754602334780055006e-02
3.943210498210659304e-02
4.131195204157191159e-02
4.317216000025974471e-02
4.502743543139054588e-02
4.689857896798071274e-02
4.877864657530394527e-02
5.065879972959393823e-02
5.253120895463492951e-02
5.439391899358285432e-02
5.624050379657597604e-02
5.806643820741336920e-02
5.988540484438863165e-02
6.170948053049019055e-02
6.354596749131374844e-02
6.537852989970789619e-02
6.723055545633313534e-02
6.906928517003295409e-02
7.089173146348405619e-02
7.273196328376806130e-02
7.454862840730958062e-02
7.637479313922415636e-02
7.821701781237121176e-02
8.004385777517930567e-02
8.185306391504153234e-02
8.364877035833678809e-02
8.541642441869454205e-02
8.718710111885681624e-02
8.895109330641574885e-02
9.073137399042284501e-02
9.252225152615620174e-02
9.430719874274604009e-02
9.608339712463102866e-02
9.785350486902012757e-02
9.964141906411370930e-02
1.014321777121950235e-01
4.000032382987837587e-01
4.000032542403973990e-01
4.025086166528814569e-01
4.050301646794181587e-01
4.075508560969112737e-01
4.100732477368697060e-01
4.126012537729767948e-01
4.151083343072627940e-01
4.175955148835310826e-01
4.200617528143318902e-01
4.225285100097490587e-01
4.249899370020987499e-01
4.274325160545796587e-01
4.298682727984705632e-01
4.322998645838502796e-01
4.347552336404152951e-01
4.372309262030716903e-01
4.396961235493778708e-01
4.421419917914816144e-01
4.446166358458797374e-01
4.471045242029018651e-01
4.495914865800273441e-01
4.520680797657711802e-01
4.545474475746701937e-01
4.570405480756367655e-01
4.595199881182649437e-01
4.620132229839556959e-01
4.644878102071620107e-01
4.669667453034904714e-01
4.693964743739133527e-01
4.718305670685070119e-01
4.742463062165807042e-01
4.766786140692577667e-01
4.791100460548791129e-01
4.815645055768616456e-01
4.840213871736064877e-01
4.865323826140590113e-01
4.890581605455871506e-01
4.915731992540459117e-01
4.940965613169960302e-01
4.966224112076840780e-01
4.991483351675118363e-01
5.016704260235866908e-01
5.041647789465723006e-01
5.066411245537087993e-01
5.091136586273523612e-01
5.116075213960465939e-01
5.140557211591580966e-01
5.165067852201193910e-01
5.189356268006430906e-01
5.213754182093530698e-01
5.237975950025945959e-01
5.262411366563970461e-01
5.286972522041084588e-01
5.311587668512312010e-01
5.336533255220954342e-01
5.361511312927179640e-01
5.386571138874158837e-01
5.411600592994822989e-01
5.436317057566466548e-01
3.098154428044346100e-06
3.114184031348598066e-06
2.305650599152960119e-03
4.601306168094146561e-03
6.897818394771078679e-03
9.215492587321180012e-03
1.153355518346104065e-02
1.387504183650508163e-02
1.624100604158725328e-02
1.857532234888449596e-02
2.093013914865408248e-02
2.325933783888843240e-02
2.560241386113997972e-02
2.793873364163975553e-02
3.029277579719492214e-02
3.260452005866942837e-02
3.491806468113795719e-02
3.728302708275046951e-02
3.966319437657211261e-02
4.207210683769277426e-02
4.447982319583095034e-02
4.689925072171236692e-02
4.929361444015061683e-02
5.171498287512119735e-02
5.413144472356541670e-02
5.655317411457583265e-02
5.894556882592990460e-02
6.131684363278634697e-02
6.372759620868868879e-02
6.613702033627866239e-02
6.855440914431408517e-02
7.098527637963750192e-02
7.339184981534882524e-02
7.575831994663566327e-02
7.811428898953082234e-02
8.043588715936982048e-02
8.274015810542215132e-02
8.499940054753235552e-02
8.724599984582855072e-02
8.951924608729253108e-02
9.178931090940808946e-02
9.408408921372414524e-02
9.640354853977783911e-02
9.871913425143333254e-02
1.010181822099904814e-01
1.033095980883453752e-01
1.056318626357750368e-01
1.079740771505752900e-01
1.103110489168191710e-01
1.126106561269096668e-01
1.148884995878822479e-01
1.171469382865726466e-01
1.194040519011125984e-01
1.215772665251182438e-01
1.237424288813604584e-01
1.258337044224590306e-01
1.279130817520330865e-01
1.299472239387711170e-01
1.320176991640407138e-01
1.341232336022462612e-01
1.362275181569400362e-01
1.383330914159963121e-01
1.404194789858204118e-01
1.424710728302688301e-01
1.445363335786641890e-01
1.466184473129651944e-01
1.487401609739195663e-01
1.508892553276494908e-01
1.530638015994832124e-01
1.552609255274616518e-01
1.574379281456873836e-01
1.596379673110739084e-01
1.618212727578918486e-01
1.639736733346284503e-01
1.660545448141990954e-01
1.681206507511539550e-01
1.701529690076419576e-01
1.720906058752287304e-01
1.740425428827243326e-01
1.759694228425082441e-01
1.779204914994121922e-01
1.798643712763750291e-01
1.818267038658746559e-01
1.837578368753736979e-01
1.856407867272436285e-01
1.875182892552093861e-01
1.893671683009136575e-01
1.912551542459932641e-01
1.931475031797078024e-01
1.950302485253305185e-01
1.968948200551048633e-01
1.987989792047824000e-01
2.007319789628953244e-01
2.026223869603066274e-01
2.044698542199262781e-01
2.063322816998921228e-01
2.081877924654883805e-01
2.099977253556147283e-01
2.118110280471454387e-01
2.136364687147695451e-01
2.154432448443819315e-01
2.171955941774013354e-01
2.189184245529409989e-01
2.206087460547066781e-01
2.223243838309973408e-01
2.239985930287732852e-01
2.256588012484216921e-01
2.273391499426318796e-01
2.290006578274031146e-01
2.306610862257100769e-01
2.323010522386669552e-01
2.339294625842175124e-01
2.355327797012863322e-01
2.371153934668418506e-01
2.386595939484737472e-01
2.401827228764627786e-01
2.416962733295614230e-01
2.431263224012802926e-01
2.445476468102258383e-01
2.459507381132376713e-01
2.473352020169397592e-01
2.486781778304335833e-01
2.500103346852760589e-01
2.513326400215821210e-01
2.526446444659128931e-01
2.539358771067156129e-01
2.551830522470772689e-01
2.564009532629848431e-01
2.575947594543225860e-01
2.587649264780547131e-01
2.599182455269996028e-01
2.610398162005406753e-01
2.621338288825046381e-01
2.632137998499243237e-01
2.642775678994710442e-01
2.652986942664635195e-01
2.662825532687853602e-01
2.672546803076049637e-01
2.681761135203016844e-01
2.690839947611906036e-01
2.699638703290084818e-01
2.708311892266302978e-01
2.716718359847070108e-01
2.724798400944075105e-01
2.732498657716533885e-01
2.740003167202161860e-01
2.747270273720955891e-01
2.754215479330514027e-01
2.760864778396668884e-01
2.767132352670787498e-01
2.772986774591881809e-01
2.778485510907606204e-01
2.783663031788797815e-01
2.788535192774214688e-01
2.793058282829135597e-01
2.797265022926482270e-01
2.801178907377890881e-01
2.804765454918473622e-01
2.808012783300940507e-01
2.810938578558633827e-01
2.813539276694713154e-01
2.815806673720435693e-01
2.817724977198895475e-01
2.819279674146959458e-01
2.820485649800751893e-01
2.821347703624055847e-01
2.821853564290887628e-01
2.821993364629660217e-01
2.821776833993734357e-01
2.821202669260656770e-01
2.820274171077689074e-01
2.818972691468012992e-01
2.817347139539494449e-01
2.815440885366426449e-01
2.813248638266460100e-01
2.810708664963315062e-01
2.807897264929195003e-01
2.804717434705563672e-01
2.801260378930596207e-01
2.797555356376035807e-01
2.793671724232635878e-01
2.789704807324867031e-01
2.785345536548077261e-01
2.780788941744256615e-01
2.775868812252712536e-01
2.770690418335778338e-01
2.765339347095323586e-01
2.759624805334139341e-01
2.753815983821670255e-01
2.747658014389232628e-01
2.741027817548888357e-01
2.734158928214183160e-01
2.726851929416985176e-01
2.719180627391097338e-01
2.711188487976355366e-01
2.702952191556011741e-01
2.694633030283861141e-01
2.686059660708086105e-01
2.677133640490056421e-01
2.667967237684205073e-01
2.658654209133973212e-01
2.649165821904802542e-01
2.639556671315349545e-01
2.629848708553245151e-01
2.620076330523899988e-01
2.610015874097573185e-01
2.599620489496349274e-01
2.589160972772640568e-01
2.578603340200897875e-01
2.567748153774719322e-01
2.556930116179231272e-01
2.545620724322180672e-01
2.534145202708072420e-01
2.522482171417461672e-01
2.510416770769627326e-01
2.498319538386657712e-01
2.486077722439896664e-01
2.473580106886302810e-01
2.460755885235020313e-01
2.447788739142029435e-01
2.434758823684489704e-01
2.421485977156314084e-01
2.408076250298865628e-01
2.394504185882451175e-01
2.380680005685009148e-01
2.366873520479790549e-01
2.352856533185017640e-01
2.338682742792243807e-01
2.324397720906808407e-01
2.310240304880264439e-01
2.295767891568589458e-01
2.281073563605661714e-01
2.265806347981671465e-01
2.250154142284841730e-01
2.234068588008790435e-01
2.217825159552508085e-01
2.201121224933164922e-01
2.184351002488680582e-01
2.167417372492053407e-01
2.150449312874156138e-01
2.133307964900097442e-01
2.116023766124998096e-01
2.098869887308702220e-01
2.081648565492865144e-01
2.064241525396167953e-01
2.046587380660310207e-01
2.029128372231897015e-01
2.011893433579893253e-01
1.994686603022538529e-01
1.976958667289382410e-01
1.959514081189831503e-01
1.942036330816623857e-01
1.923973278072894644e-01
1.905971642505649155e-01
1.887830855830580079e-01
1.869740650443888763e-01
1.851588872612042469e-01
1.833590914873422795e-01
1.815515757487460857e-01
1.796835016008639374e-01
1.777904957819902432e-01
1.758965335672322827e-01
1.740427519029377479e-01
1.721715222474669849e-01
1.703140640131925732e-01
1.684341147362714564e-01
1.665506781220117694e-01
1.646563425262802527e-01
1.628205159712813599e-01
1.609985159690597023e-01
1.591289112502208558e-01
1.572144448684116846e-01
1.553497847704713997e-01
1.534358939496561769e-01
1.515588367566587658e-01
1.496731058814938231e-01
1.478133184924872723e-01
1.459666662041728957e-01
1.441154453726081752e-01
1.422666796302611836e-01
1.403565916005157233e-01
1.385289647859165030e-01
1.366641714743044578e-01
1.347601194634722999e-01
1.329014844959899855e-01
1.310094442376354695e-01
1.290987183287471973e-01
1.271606929293180310e-01
1.252215278202915283e-01
1.232651636951205554e-01
1.213845705083819032e-01
1.195082564236748801e-01
1.176635007531470350e-01
1.158255550771268988e-01
1.139453351423922317e-01
1.120880205025281962e-01
1.102208440546833534e-01
1.083442482424894771e-01
1.064813329162869471e-01
1.046221216046612917e-01
1.027850683433912254e-01
1.008841249750244834e-01
9.892936214634055758e-02
9.698254673773737400e-02
9.501586195454399253e-02
9.304357210217052698e-02
9.106052731396487021e-02
8.903858924941868147e-02
8.699296685982625676e-02
8.500395343114654223e-02
8.301790045614479419e-02
8.105199080336752959e-02
7.912332650416371849e-02
7.719347862270929672e-02
7.526505133937508307e-02
7.333484197654169257e-02
7.140793750167120923e-02
6.946456909474425789e-02
6.754933238787730332e-02
6.559353701443722262e-02
6.360970770136990804e-02
6.162606012469094147e-02
5.966316106963345800e-02
5.771738712199771248e-02
5.572285100114016121e-02
5.371542739645220055e-02
5.174592295212076393e-02
4.971056123025555107e-02
4.765235481087582575e-02
4.560583438211011920e-02
4.357691962227503574e-02
4.155891132268347415e-02
3.943866397706723148e-02
3.730683329948680099e-02
3.524908579902392286e-02
3.312095152985438523e-02
3.098858868321462470e-02
2.883791583493762814e-02
2.666244521597853009e-02
2.453386231467146947e-02
2.245186515920956360e-02
2.034646056803104605e-02
1.827871479525433260e-02
1.619065011168862797e-02
1.413117462395152742e-02
1.207339193272335964e-02
9.950211175119428111e-03
7.799011410760480975e-03
5.618033984577269248e-03
3.462796310722504774e-03
1.368442779943934836e-03
-7.040108389456665484e-04
-2.731665208724930009e-03
-4.727713754716013350e-03
-6.706245136107262181e-03
-8.650814247518515826e-03
-1.054324582413557546e-02
-1.246339866234409330e-02
-1.440133302810950658e-02
-1.635072795140614377e-02
-1.829218973919108371e-02
-2.024340323384928725e-02
-2.221717099386127242e-02
-2.416910592182518538e-02
-2.613499722456417984e-02
-2.816166950039582922e-02
-3.020776099210514126e-02
-3.227915511255211728e-02
-3.437883410228604469e-02
-3.647997943855124658e-02
-3.863741709248202927e-02
-4.087456337184638966e-02
-4.313985701523882776e-02
-4.543283869758328597e-02
-4.774670093607193133e-02
-5.009211843131990832e-02
-5.246109255874029792e-02
-5.483433790599408914e-02
-5.720783031047816519e-02
-5.960392663958094528e-02
-6.200394538210555334e-02
-6.439850273996818031e-02
-6.683640416378937299e-02
-6.925848364014336456e-02
-7.167255704129224525e-02
-7.407139954109838442e-02
-7.647005571412510139e-02
-7.884152446792033753e-02
-8.117966070922183475e-02
-8.353348538343800811e-02
-8.593222049322934986e-02
-8.834128661955666095e-02
-9.077272882541358168e-02
-9.321415980691580283e-02
-9.569787222279130257e-02
-9.818995023423543467e-02
-1.006808553897266811e-01
-1.031611663961004011e-01
-1.056183258518464674e-01
-1.081211804536862664e-01
-1.106330214112832833e-01
-1.131179706287007841e-01
-1.155634939270828582e-01
-1.179906715763880259e-01
-1.203749487627805287e-01
-1.227429482895498608e-01
-1.251141362456856254e-01
-1.275247884257528497e-01
-1.299229511837272089e-01
-1.323671484304273782e-01
-1.348136627533727261e-01
-1.372739946516238208e-01
-1.397319012552213080e-01
-1.422198654805783835e-01
-1.446926166178911510e-01
-1.471627600280820125e-01
-1.496648914729833135e-01
-1.521595318005763142e-01
-1.546716039796939002e-01
-1.571867008465838711e-01
-1.597174577073910695e-01
-1.622507128135410592e-01
-1.647839215946341473e-01
-1.673171017720912757e-01
-1.698502608391099511e-01
-1.723834056284445360e-01
-1.749165416370285497e-01
-1.774496731483685141e-01
-1.799828033726708632e-01
-1.825159345926588850e-01
-1.850490683064621444e-01
-1.875822053619438656e-01
-1.901153460791085437e-01
-1.926484903589200659e-01
-1.951816377780690170e-01
-1.976824134113500664e-01
-2.001550985242524783e-01
-2.026548196522797163e-01
-2.050866032008918927e-01
-2.075600277148150485e-01
-2.100552649583363740e-01
-2.125424098343986767e-01
-2.150467374223391515e-01
-2.175633516811135149e-01
-2.200787426490271592e-01
-2.225935325807051890e-01
-2.250886849554263602e-01
-2.275990142154092899e-01
-2.300933374664872466e-01
-2.326017739728235834e-01
-2.350955418105744876e-01
-2.375209019732015814e-01
-2.399367757631686582e-01
-2.423591449977354206e-01
-2.448010773615421076e-01
-2.471960491894153178e-01
-2.495900106305252719e-01
-2.519757642934992714e-01
-2.544031980614664401e-01
-2.568148982871150676e-01
-2.592353832456794627e-01
-2.616579115176625447e-01
-2.641068728979982239e-01
-2.665616473906636807e-01
-2.690005034063579492e-01
-2.714532993043689002e-01
-2.739001794211801677e-01
-2.763744547819426689e-01
-2.788221184129567320e-01
-2.812755052394322886e-01
-2.837353855956176729e-01
-2.861648062217154731e-01
-2.886067333159345605e-01
-2.910299012382483452e-01
-2.934353814082231171e-01
-2.958740336115417979e-01
-2.982764135855163201e-01
-3.006541739606368169e-01
-3.030970542890694119e-01
-3.054822175835072984e-01
-3.078573938585134617e-01
-3.102562443406117199e-01
-3.127255054862552175e-01
-3.152043072489011388e-01
-3.176410303152814585e-01
-3.200450867606048910e-01
-3.224661464783335485e-01
-3.248667724768486420e-01
-3.273110351224846060e-01
-3.297678527774768886e-01
-3.321854931382881015e-01
-3.345782226784110858e-01
-3.369603697069812331e-01
-3.393469618991226122e-01
-3.417707970195733580e-01
-3.440930162975431306e-01
-3.464267981101076810e-01
-3.488032513205804874e-01
-3.511990054248030901e-01
-3.535967367035650066e-01
-3.560106048143008572e-01
-3.584362655937299857e-01
-3.608566839442638452e-01
-3.632720013233536882e-01
-3.656726478913077671e-01
-3.680577926021565971e-01
-3.704785916085648889e-01
-3.728970421422226345e-01
-3.753348894733545271e-01
-3.999982361386560936e-01
-3.999982204942224562e-01
-3.986423062367973613e-01
-3.972722199552768951e-01
-3.958938183410313227e-01
-3.945154775419794646e-01
-3.931371953413445031e-01
-3.917589679417993742e-01
-3.903907064031592600e-01
-3.890172889404579504e-01
-3.876366956336392833e-01
-3.862561563565568012e-01
-3.848756658099523609e-01
-3.834957660698033455e-01
-3.821220943163955996e-01
-3.807405591966582792e-01
-3.793590587578120621e-01
-3.779775884629805183e-01
-3.765961432331405567e-01
-3.752147181305454104e-01
-3.738333083252429190e-01
-3.724519087494939651e-01
-3.710705123774891145e-01
-3.696891152889493215e-01
-3.683077170470643313e-01
-3.669263150811277741e-01
-3.655513046912786113e-01
-3.641688865332147196e-01
-3.627864710096310175e-01
-3.614040590208733583e-01
-3.600252651573681573e-01
-3.586539424863570136e-01
-3.572733734924576354e-01
-3.558879559856208963e-01
-3.545025749011137539e-01
-3.531172304881728397e-01
-3.517319206139932208e-01
-3.503466418886122535e-01
-3.489613905263759808e-01
-3.475761627141261134e-01
-3.461909548489834343e-01
-3.448057636774267132e-01
-3.434205863619902432e-01
-3.420354204969315859e-01
-3.406502640890068379e-01
-3.392651160922695031e-01
-3.378799762077686064e-01
-3.364948397073063147e-01
-3.351097113510639325e-01
-3.337245915397626383e-01
-3.323394805815707564e-01
-3.309543786301563095e-01
-3.295692856364934031e-01
-3.281842013138830949e-01
-3.267991251152127519e-01
-3.254140562213505561e-01
-3.240289935395154197e-01
-3.226439375865097769e-01
-3.212588844788950571e-01
-3.198738327873431042e-01
-3.184887811157889326e-01
-3.171037289248138102e-01
-3.157186757155260315e-01
-3.143336210269501163e-01
-3.129485644358239171e-01
-3.115635055580339707e-01
-3.101784440510869101e-01
-3.087933796171145606e-01
-3.074083120064450281e-01
-3.060232408398956827e-01
-3.046381650394642815e-01
-3.032530822042777130e-01
-3.018679886236578236e-01
-3.004828876901063373e-01
-2.990977786893228574e-01
-2.977126611795682942e-01
-2.963275350087978821e-01
-2.949424003241282177e-01
-2.935572575745010737e-01
-2.921721075071306850e-01
-2.907869513229992542e-01
-2.894017900863079529e-01
-2.880166256687226589e-01
-2.866314585542696913e-01
-2.852462902789811294e-01
-2.838611219186167878e-01
-2.824759540603579699e-01
-2.810907872504006533e-01
-2.797056219939945132e-01
-2.783204587536700081e-01
-2.769352979461975339e-01
-2.755501399387231265e-01
-2.741649850445186387e-01
-2.727798335128873153e-01
-2.713946860488210544e-01
-2.700095437847008784e-01
-2.686244043397174042e-01
-2.672392707128112277e-01
-2.658541451248002674e-01
-2.644690283148476984e-01
-2.630839207315642803e-01
-2.616988225182385053e-01
-2.603137335052060908e-01
-2.589286536981616482e-01
-2.575435813166129795e-01
-2.561585158090057823e-01
-2.547734577644131804e-01
-2.533884031600985298e-01
-2.520033505266491836e-01
-2.506182982876148380e-01
-2.492332457945404811e-01
-2.478481924968132799e-01
-2.464631378891929958e-01
-2.450780815113565991e-01
-2.436930229486846955e-01
-2.423079618337818930e-01
-2.409228978483821670e-01
-2.395378307260075113e-01
-2.381527601733952892e-01
-2.367676851700476481e-01
-2.353826041378048461e-01
-2.339975116583263293e-01
-2.326124119667559165e-01
-2.312273043094082159e-01
-2.298421882008840345e-01
-2.284570634418480184e-01
-2.270719306543088623e-01
-2.256867890669057020e-01
-2.243016399974884501e-01
-2.229164844343285989e-01
-2.215313236462593816e-01
-2.201461596353263273e-01
-2.187609926907393421e-01
-2.173758243379144417e-01
-2.159906558055788850e-01
-2.146054876896308916e-01
-2.132203205444727911e-01
-2.118351548832436426e-01
-2.104499911760564224e-01
-2.090648298469067468e-01
-2.076796712698456004e-01
-2.062945157649543337e-01
-2.049093635913946110e-01
-2.035242152931397430e-01
-2.021390720221491188e-01
-2.007539323414869459e-01
-1.993687974202169033e-01
-1.979836703948028298e-01
-1.965985520511462359e-01
-1.952134428873376903e-01
-1.938283434879766731e-01
-1.924432529467302311e-01
-1.910581712529791365e-01
-1.896730976665930435e-01
-1.882880311455107092e-01
-1.869029723890809624e-01
-1.855179172992812708e-01
-1.841328644118381264e-01
-1.827478121535626443e-01
-1.813627597307609640e-01
-1.799777065855436009e-01
-1.785926522059524679e-01
-1.772075961250018927e-01
-1.758225379211091621e-01
-1.744374772194399736e-01
-1.730524136938068891e-01
-1.716673470688429848e-01
-1.702822771250830092e-01
-1.688972029101710459e-01
-1.675121233286353817e-01
-1.661270323770890345e-01
-1.647419338802803002e-01
-1.939665219765157868e-06
-1.955427666980298055e-06
-1.516978311836897440e-03
-3.032111204390370608e-03
-4.547252863510752377e-03
-6.062401980352046318e-03
-7.577557567561800898e-03
-9.092718359235696379e-03
-1.060788173251581319e-02
-1.212304782131462706e-02
-1.363821519489279675e-02
-1.515338277152034757e-02
-1.666854995362824707e-02
-1.818371618974058343e-02
-1.969888097359891177e-02
-2.121404384486102329e-02
-2.272920439091017167e-02
-2.424436224767050410e-02
-2.575951710910142842e-02
-2.727466872205239895e-02
-2.878981679300446350e-02
-3.030496213176846892e-02
-3.182010538761987500e-02
-3.333524212935527753e-02
-3.485037133184891445e-02
-3.636549222518711127e-02
-3.788060431725226440e-02
-3.939570740887175099e-02
-4.091080160202548166e-02
-4.242588730160413990e-02
-4.394096488986967697e-02
-4.545603600207373529e-02
-4.697110156075090526e-02
-4.848616217763545427e-02
-5.000122091886700926e-02
-5.151627920381720432e-02
-5.303133764565119007e-02
-5.454639677239005169e-02
-5.606145707031155029e-02
-5.757651898447462696e-02
-5.909158291785711337e-02
-6.060664922961488815e-02
-6.212171823291363915e-02
-6.363679019267819148e-02
-6.515186532126873709e-02
-6.666694420003792254e-02
-6.818203183228481457e-02
-6.969712623132900964e-02
-7.121222731923063098e-02
-7.272733587707493064e-02
-7.424245242986385329e-02
-7.575757722809443873e-02
-7.727271023674192607e-02
-7.878785113084314784e-02
-8.030299887691179361e-02
-8.181815351364214728e-02
-8.333331338247079723e-02
-8.484847690356912830e-02
-8.636364219195162562e-02
-8.787880888691780579e-02
-8.939397585524601342e-02
-9.090914252607956714e-02
-9.242430836580471654e-02
-9.393947287786083566e-02
-9.545463560447775553e-02
-9.696979612978848251e-02
-9.848495408381854888e-02
-1.000001091468710052e-01
-1.015152610542562200e-01
-1.030304095675411979e-01
-1.045455539431182773e-01
-1.060606980287245454e-01
-1.075758358363921446e-01
-1.090909662982485762e-01
-1.106060885962774354e-01
-1.121212021866426628e-01
-1.136363068165934243e-01
-1.151514020344287237e-01
-1.166664891998948628e-01
-1.181815684259116539e-01
-1.196966406539414080e-01
-1.212117071048437328e-01
-1.227267682564288365e-01
-1.242418273077267044e-01
-1.257568856697458548e-01
-1.272719441010652097e-01
-1.287870031376769087e-01
-1.303020632728967843e-01
-1.318171249581696070e-01
-1.333321886025665148e-01
-1.348472545714443360e-01
-1.363623231846159967e-01
-1.378773947142843126e-01
-1.393924693818041349e-01
-1.409075476295046370e-01
-1.424226334309841857e-01
-1.439377268804696575e-01
-1.454528268679206870e-01
-1.469679342141409217e-01
-1.484830494885464869e-01
-1.499981729894222793e-01
-1.515133047313993175e-01
-1.530284440610971963e-01
-1.545435912544688983e-01
-1.560587450151936506e-01
-1.575739042191970918e-01
-1.590890674830581775e-01
-1.606042325282600602e-01
-1.621193992032722575e-01
-1.636345662437573567e-01
-1.651497330718948442e-01
-1.666648991473498043e-01
-1.681800639668332153e-01
-1.696952270657571538e-01
-1.712103880213390050e-01
-1.727255464565831122e-01
-1.742407020445720933e-01
-1.757558545125465499e-01
-1.772710036515869614e-01
-1.787861486630545615e-01
-1.803012936620957685e-01
-1.818164325726259467e-01
-1.833315642896336251e-01
-1.848466879532265073e-01
-1.863618029744668614e-01
-1.878769090535020170e-01
-1.893920057303463411e-01
-1.909070942364742007e-01
-1.924221746787223020e-01
-1.939372479527919912e-01
-1.954523152369487538e-01
-1.969673768739881869e-01
-1.984824361992686970e-01
-1.999974946108683260e-01
-2.015125530046309732e-01
-2.030276119238062227e-01
-2.045426718683407419e-01
-2.060577332960084607e-01
-2.075727966222031262e-01
-2.090878622188422353e-01
-2.106029304126945112e-01
-2.121180014833531913e-01
-2.136330756603216363e-01
-2.151481532973628652e-01
-2.166632372705890597e-01
-2.181783297959705437e-01
-2.196934287062681790e-01
-2.212085348597000456e-01
-2.227236488675915227e-01
-2.242387710733268480e-01
-2.257539010836478177e-01
-2.272690396813121516e-01
-2.287841858099907422e-01
-2.302993386641806750e-01
-2.318144971597698445e-01
-2.333296599499320723e-01
-2.348448246874316470e-01
-2.363599912711605300e-01
-2.378751583096414268e-01
-2.393903252188860908e-01
-2.409054914527451186e-01
-2.424206565022348769e-01
-2.439358198970151825e-01
-2.454509812083224274e-01
-2.469661400527514428e-01
-2.484812960963489747e-01
-2.499964490585403210e-01
-2.515115987195998826e-01
-2.530267444099937313e-01
-2.545418898729751023e-01
-2.560570297702027820e-01
-2.575721626283348220e-01
-2.590872875467535863e-01
-2.606024038924268371e-01
-2.621175109257273261e-01
-2.636326093952821026e-01
-2.651476991318707510e-01
-2.666627806910186749e-01
-2.681778549257025634e-01
-2.696929229738213585e-01
-2.712079853415793607e-01
-2.727230448861705514e-01
-2.742381033002221913e-01
-2.757531616095194593e-01
-2.772682203637328313e-01
-2.787832800690199786e-01
-2.802983411894797161e-01
-2.818134041471128670e-01
-2.833284693207780425e-01
-2.848435370445045467e-01
-2.863586076054411289e-01
-2.878736812414163793e-01
-2.893887582358815602e-01
-2.909038403903360659e-01
-1.999967599735983648e-01
-1.999967440318762835e-01
-1.974429985909112173e-01
-1.948889922013742615e-01
-1.923349887989866114e-01
-1.897809883204761294e-01
-1.872269902066566460e-01
-1.846729940407106085e-01
-1.821189995330912137e-01
-1.795650064970432946e-01
-1.770110148281930917e-01
-1.744570236107787220e-01
-1.719030330378673588e-01
-1.693490430407342540e-01
-1.667950535763209896e-01
-1.642410646205902380e-01
-1.616870761627843822e-01
-1.591330881991150359e-01
-1.565790993533993647e-01
-1.540251077496729015e-01
-1.514711165478697941e-01
-1.489171259461975205e-01
-1.463631361289548793e-01
-1.438091472612594013e-01
-1.412551594850080527e-01
-1.387011729159541851e-01
-1.361471876416468774e-01
-1.335932037200372180e-01
-1.310392211786667316e-01
-1.284852400144646523e-01
-1.259312601942218501e-01
-1.233772818828329926e-01
-1.208233045115207210e-01
-1.182693282191933232e-01
-1.157153528697472678e-01
-1.131613783061464901e-01
-1.106074033558293312e-01
-1.080534283152075059e-01
-1.054994531557421761e-01
-1.029454778569061507e-01
-1.003915024045098914e-01
-9.783752678915201562e-02
-9.528355100467408856e-02
-9.272957041995180671e-02
-9.017558935398793662e-02
-8.762160774980876088e-02
-8.506762555845832907e-02
-8.251364274177211411e-02
-7.995965927489889769e-02
-7.740567514854924946e-02
-7.485169037071559561e-02
-7.229770496770482335e-02
-6.974371898451584006e-02
-6.718973248477599913e-02
-6.463574555051322668e-02
-6.208175866397534770e-02
-5.952777113158086442e-02
-5.697378351902388643e-02
-5.441979597989024531e-02
-5.186580868122787208e-02
-4.931182102342013263e-02
-4.675783329317624581e-02
-4.420384556109546725e-02
-4.164985789608691841e-02
-3.909587036471213334e-02
-3.654188303002624955e-02
-3.398789594992478180e-02
-3.143390917511575122e-02
-2.887991813686383372e-02
-2.632592735000202286e-02
-2.377193703827642363e-02
-2.121794740716421990e-02
-1.866395864004265909e-02
-1.610997089512385128e-02
-1.355598430291940840e-02
-1.100199896404514301e-02
-8.448014947455142337e-03
-5.894032289402420001e-03
-3.340051518592921341e-03
-7.860714955387295734e-04
1.767907247760696276e-03
4.321884793042722432e-03
6.875861247595574724e-03
9.429836742545227163e-03
1.198381143090440637e-02
1.453778638104409777e-02
1.709176141856080453e-02
1.964573657214605668e-02
2.219971186168671895e-02
2.475368730022907068e-02
2.730766289605329744e-02
2.986163865475797291e-02
3.241561916176006336e-02
3.496960013333182127e-02
3.752358162926876933e-02
4.007756370150933334e-02
4.263154639091739501e-02
4.518552972480156804e-02
4.773951371513539960e-02
5.029349835743918140e-02
5.284748363010196431e-02
5.540146949384127523e-02
5.795545545820735694e-02
6.050944236672992083e-02
6.306342963537765745e-02
6.561741714637205070e-02
6.817140476382634040e-02
7.072539233573900408e-02
7.327937969642749072e-02
7.583336734135966151e-02
7.838735506946008236e-02
8.094134280869848264e-02
8.349533048831975224e-02
8.604931803985575722e-02
8.860330539872997291e-02
9.115729250621674995e-02
9.371127931144662693e-02
9.626527033586571025e-02
9.881926114272561457e-02
1.013732515073607343e-01
1.039272412217307623e-01
1.064812300987381249e-01
1.090352179760475798e-01
1.115892047193102754e-01
1.141431902246636543e-01
1.166971744202829481e-01
1.192511568425135560e-01
1.218051383822245093e-01
1.243591185856945253e-01
1.269130975022333963e-01
1.294670752087843935e-01
1.320210518083972662e-01
1.345750274284147896e-01
1.371290022183209445e-01
1.396829771424143163e-01
1.422369521481443855e-01
1.447909272648561230e-01
1.473449025129171253e-01
1.498988779058997578e-01
1.524528534527722357e-01
1.550068291599495385e-01
1.575608080825453838e-01
1.601147889460983742e-01
1.626687703246390282e-01
1.652227522717555352e-01
1.677767348302831585e-01
1.703307180299706847e-01
1.728847018858455931e-01
1.754386863970535115e-01
1.779926715459208275e-01
1.805466569008527533e-01
1.831006432496661285e-01
1.856546300726478194e-01
1.882086172740621288e-01
1.907626047385654888e-01
1.933165923325106950e-01
1.958705799058123587e-01
1.984245672942035743e-01
2.009785543218741144e-01
2.035325420191821388e-01
2.060865297370933769e-01
2.086405174044139166e-01
2.111945049523857865e-01
2.137484923161856731e-01
2.163024794367212067e-01
2.188564662624500889e-01
2.214104572662141668e-01
2.239644480892021006e-01
2.265184385047200877e-01
2.290724283018353569e-01
2.316264172900259211e-01
2.341804053032054411e-01
2.367343922029912229e-01
2.392883778811283058e-01
2.418423622609512103e-01
2.443934527747672891e-01
2.469474540192401202e-01
2.495014538075244481e-01
2.520554520663875753e-01
2.546094488772799314e-01
2.571479474234180662e-01
2.596691532812425152e-01
2.621974308756481742e-01
2.647439768633562673e-01
2.672985053997397609e-01
2.698530270838611078e-01
2.724075423580129551e-01
2.749620521111834082e-01
2.775165572353852084e-01
2.800710585768332872e-01
2.826255581215233459e-01
2.851800596314827962e-01
2.877345596553917417e-01
2.902890587163345359e-01
2.928435572404280429e-01
2.953980552075438082e-01
2.979525536352687354e-01
3.005070522975920033e-01
3.030615513096247549e-01
3.056160507306283081e-01
3.081705505719797844e-01
3.107250508042138648e-01
3.132795513631278506e-01
3.158340521551020186e-01
3.183885530618638660e-01
3.209430539449312225e-01
3.234975546499214150e-01
3.260520550108280124e-01
3.286065569463351155e-01
3.311610589590185949e-01
3.337155609696155212e-01
3.362700629028753108e-01
3.388245646888050633e-01
3.413790662640541207e-01
3.439335675733055653e-01
3.464880720787248958e-01
3.490425765428321614e-01
3.515970807557488031e-01
3.541515845210608249e-01
3.567060876603787567e-01
3.592605900169975608e-01
3.618150914585881450e-01
3.643695918790079702e-01
3.669240911993483789e-01
3.694785893683595335e-01
3.720330863623761419e-01
3.745875821848403397e-01
3.771420768654839550e-01
3.796965704592035751e-01
3.822510630446601665e-01
3.848055547226481576e-01
3.873600456142971549e-01
3.899145354568302468e-01
3.924690253675270912e-01
3.950235153767024943e-01
3.975780055056263307e-01
4.001324957686587802e-01
4.026869861752751523e-01
4.052414767319378885e-01
4.077959674437205972e-01
4.103504639367089868e-01
4.129049608285738082e-01
4.154594581565099198e-01
4.180139559503106561e-01
4.205684542300895390e-01
4.231229530046225484e-01
4.256774522700048080e-01
4.282319520085097753e-01
4.307864521875674479e-01
4.333409527588531485e-01
4.358954536159188597e-01
4.384499547670427377e-01
4.410044560663752278e-01
4.435589573994285773e-01
4.461134586374879141e-01
4.486679596396017100e-01
4.512224602549511632e-01
4.537769623259912954e-01
4.563314644464473435e-01
4.588859665472038718e-01
4.614404685608208267e-01
4.639949704226361549e-01
4.665494720723944444e-01
4.691039734561727181e-01
4.716584779949838380e-01
4.742129825214112526e-01
-1.999975039551831202e-01
-1.999974880054356807e-01
-1.980383941911252887e-01
-1.960791255902738783e-01
-1.941198511038529362e-01
-1.921605717174516281e-01
-1.902012880471647405e-01
-1.882420009647110537e-01
-1.862827115684942414e-01
-1.843234211557200353e-01
-1.823641306585158106e-01
-1.804048402309284538e-01
-1.784455503011206090e-01
-1.764862612728110014e-01
-1.745269735233183628e-01
-1.725676874007850137e-01
-1.706084032208629031e-01
-1.686491212641468840e-01
-1.666898417687462941e-01
-1.647305649317999110e-01
-1.627712860327000244e-01
-1.608120103389332201e-01
-1.588527388097421000e-01
-1.568934724548408377e-01
-1.549342121038661257e-01
-1.529749583814503655e-01
-1.510157116891320539e-01
-1.490564721933228254e-01
-1.470972398187910535e-01
-1.451380142472964152e-01
-1.431787952746595705e-01
-1.412195813955351154e-01
-1.392603719809321905e-01
-1.373011658207433372e-01
-1.353419618149453163e-01
-1.333827580948578340e-01
-1.314235542122925149e-01
-1.294643497545130417e-01
-1.275051443422204611e-01
-1.255459376290377072e-01
-1.235867293020133512e-01
-1.216275190827440511e-01
-1.196683067287606234e-01
-1.177090920349202346e-01
-1.157498712776071220e-01
-1.137906462940157654e-01
-1.118314177483021865e-01
-1.098721847717374911e-01
-1.079129465683891786e-01
-1.059537025248208642e-01
-1.039944522310828623e-01
-1.020351954952398305e-01
-1.000759323520251792e-01
-9.811666306629479584e-02
-9.615738859077239964e-02
-9.419810863794347844e-02
-9.223882466971933258e-02
-9.027953782292934271e-02
-8.832024941862032241e-02
-8.636096062201126244e-02
-8.440167159875064384e-02
-8.244238280431154253e-02
-8.048309466705307058e-02
-7.852380758776729419e-02
-7.656452193770159342e-02
-7.460523805544092002e-02
-7.264595624303615828e-02
-7.068667676180981352e-02
-6.872739982833087069e-02
-6.676812076768531834e-02
-6.480884474056439193e-02
-6.284957264253339393e-02
-6.089030551420472614e-02
-5.893104422264017206e-02
-5.697178943369499843e-02
-5.501254159235949293e-02
-5.305330090919607722e-02
-5.109406790305998092e-02
-4.913484117626327335e-02
-4.717562080763466198e-02
-4.521640604978446887e-02
-4.325719593177930478e-02
-4.129798927431869993e-02
-3.933878508280810177e-02
-3.737958124694511913e-02
-3.542037731278831897e-02
-3.346117286249751521e-02
-3.150196751227169606e-02
-2.954276091166715620e-02
-2.758355274378452779e-02
-2.000012847552271877e-01
-2.000013002780065829e-01
-2.009936387906633426e-01
-2.019860242196658551e-01
-2.029784219224456954e-01
-2.039708306343849809e-01
-2.049632492266539319e-01
-2.059556763119638201e-01
-2.069481102694641916e-01
-2.079405492723624682e-01
-2.089329913174548803e-01
-2.099254342645475446e-01
-2.109178770582509355e-01
-2.119103189971449641e-01
-2.129027594509517451e-01
-2.138951978566139001e-01
-2.148876337165721573e-01
-2.158800665980918354e-01
-2.168724961361481740e-01
-2.178649220392977759e-01
-2.188573431204370312e-01
-2.198497578269352770e-01
-2.208421647832400359e-01
-2.218345628293520722e-01
-2.228269510509492957e-01
-2.238193288018984484e-01
-2.248116957197580368e-01
-2.258040517348079979e-01
-1.976959452381152060e-01
-1.948171268149817004e-01
-4.000021566892154601e-01
-4.016774886664279953e-01
-4.033529411568017586e-01
-4.050283788860590817e-01
-4.067038032255118063e-01
-4.083792161359087181e-01
-4.100546196345235539e-01
-4.117300158136691368e-01
-1.999995396556014660e-01
2.037772727702961972e-01
2.047212539922467489e-01
2.056652235006946050e-01
2.066091835591415404e-01
2.084970848027450085e-01
2.094410309084584476e-01
2.103849762064838036e-01
2.113289215915860608e-01
2.122728678434001315e-01
2.132168156399041892e-01
2.141607655669474919e-01
2.151047181245039908e-01
2.160486737320299611e-01
2.169926327246632924e-01
2.179365964059754301e-01
2.188805664020873065e-01
2.198245441563556613e-01
2.207685308911590816e-01
2.217125275774911863e-01
2.226565349118345694e-01
2.236005532999171541e-01
2.245445828469870841e-01
2.254886233542357510e-01
2.264326743209710002e-01
2.273767347809144690e-01
2.283208040608717682e-01
2.292648805959102143e-01
2.302089628002450816e-01
2.311530488682278783e-01
2.320971368064927987e-01
2.330412248461899705e-01
2.339853123067381913e-01
2.349293985662356254e-01
2.358734830583565367e-01
2.368175652718754465e-01
2.377616447520006504e-01
2.387057211028811021e-01
2.396497939930980758e-01
2.405938628957562941e-01
2.415379261576271197e-01
2.424819822541423309e-01
2.434260298584524640e-01
2.443700678772663670e-01
2.453140954785335281e-01
2.462581121116758642e-01
2.472021175209530852e-01
2.481461117524191851e-01
2.490900951548265796e-01
2.500340681692384548e-01
2.509780321497100397e-01
2.519219880681520807e-01
2.528659373840201896e-01
2.538098817876424662e-01
2.547538231727801139e-01
2.556977636028982537e-01
2.566417042675380733e-01
2.575856458115162173e-01
2.585295888190717872e-01
2.594735338168582817e-01
2.604174812747786505e-01
2.613614316054038156e-01
2.623053851625498090e-01
2.632493422331491639e-01
2.641933039106906800e-01
2.651372718096842718e-01
2.660812473766470121e-01
2.670252318488597898e-01
2.679692262215062071e-01
2.689132312225709365e-01
2.698572472949540280e-01
2.708012745852663716e-01
2.717453129387734090e-01
2.726893616585603919e-01
2.736334205624186833e-01
2.745774883009390877e-01
2.755215635713707534e-01
2.764656448208528405e-01
2.774097302716567737e-01
2.783538179508648347e-01
2.792979058482817356e-01
2.802419932716531115e-01
2.811860795883528441e-01
2.821301642218518868e-01
2.830742466510173250e-01
2.840183264113630424e-01
2.849624030975339006e-01
2.859064763677451326e-01
2.868505458251091600e-01
2.877946099080990749e-01
2.887386670668504740e-01
2.896827159419159692e-01
2.906267554013548526e-01
2.915707845697460554e-01
2.925148028498003594e-01
2.934588099370610270e-01
2.944028058280463434e-01
2.953467905840835850e-01
2.962907652922685542e-01
2.972347305666767081e-01
2.981786875698613781e-01
2.991226377233042744e-01
3.000665826843705308e-01
3.010105243191560365e-01
3.019544646721561976e-01
3.028984051547759515e-01
3.038423464223204973e-01
3.047862890683361026e-01
3.057302336280724453e-01
3.066741805797430498e-01
3.076181303443044079e-01
3.085620832842710937e-01
3.095060396974085304e-01
3.104500004520889811e-01
3.113939671837747114e-01
3.123379413674471916e-01
3.132819242751336275e-01
3.142259169419993059e-01
