2.000028317004175771e-01
2.000028477320914266e-01
2.022392447482009581e-01
2.044758566637074615e-01
2.067124720510653824e-01
2.089490902359813496e-01
2.111857109489308215e-01
2.134223337264010423e-01
2.156589580019548924e-01
2.178955830700755048e-01
2.201322083245222383e-01
2.223688333495128511e-01
2.246054578535531809e-01
2.268420815559679948e-01
2.290787041898402487e-01
2.313153255054348489e-01
2.335519452738698820e-01
2.357885632910505791e-01
2.380251793802627691e-01
2.402617980471570824e-01
2.424984144653624107e-01
2.447350278373845722e-01
2.469716374522865077e-01
2.492082427061945993e-01
2.514448430761477282e-01
2.536814381270844354e-01
2.559180275498493806e-01
2.581546112127151571e-01
2.603911891667294309e-01
2.626277616470645837e-01
2.648643287110317712e-01
2.671008916879094586e-01
2.693374509299570896e-01
2.715740072096904378e-01
2.738105613826198881e-01
2.760471147547993720e-01
2.782836682206430989e-01
2.805202221010493213e-01
2.827567766866801446e-01
2.849933322396956958e-01
2.872298889945051892e-01
2.894664471579149745e-01
2.917030069089740496e-01
2.939395692438969698e-01
2.961761374818147052e-01
2.984127084397088514e-01
3.006492827282918889e-01
3.028858608690286336e-01
3.051224432783070095e-01
3.073590303131724100e-01
3.095956222339035779e-01
3.118322191684473332e-01
3.140688210764725485e-01
3.163054277464662500e-01
3.185420383341501793e-01
3.207786532905899657e-01
3.230152713803421949e-01
3.252518918104047585e-01
3.274885137496552079e-01
3.297251362812093634e-01
3.319617591860219430e-01
3.341983819795093513e-01
3.364350043215691421e-01
3.386716258947924940e-01
3.409082464055623873e-01
3.431448655862649466e-01
3.453814831982824907e-01
3.476180990353838207e-01
3.498547175395902431e-01
3.520913339876445280e-01
3.543279475578423043e-01
3.565645575140533041e-01
3.588011632254868855e-01
3.610215880369941899e-01
3.632332442840116582e-01
3.654360256706964960e-01
3.676478824601762119e-01
3.698586108936373074e-01
3.720821883403230834e-01
3.742851543803849546e-01
3.764823404527988249e-01
3.786663605130400345e-01
3.808464610883861567e-01
3.830250730700155981e-01
3.851787740298727170e-01
3.873034968855130766e-01
3.894399734453340423e-01
3.915532896568731935e-01
3.936421533890781532e-01
3.957287872492499803e-01
3.978194976102105151e-01
3.998748384818536228e-01
4.019371567385292554e-01
4.039582439397864655e-01
4.059738249208507122e-01
4.079648351646363302e-01
4.099378436293426020e-01
4.118719211141333991e-01
4.138281053932877929e-01
4.157682888627925455e-01
4.177110682776331019e-01
4.196503437915785062e-01
4.215837557893271637e-01
4.235096105564328250e-01
4.254508609314310852e-01
4.273875290384567815e-01
4.293011980803266847e-01
4.312061901558865706e-01
4.330830656836263115e-01
4.349569390368686617e-01
4.368343426160989917e-01
4.387044517289314105e-01
4.405684561998096660e-01
4.423991009090620374e-01
4.442101302054312639e-01
4.460180692652337964e-01
4.477922057668387024e-01
4.495666458618142181e-01
4.513141721337678436e-01
4.530809826119484018e-01
4.548275829005024029e-01
4.565921173514624343e-01
4.583230696560587902e-01
4.600413741451760408e-01
4.617429183759889644e-01
4.634219748337898848e-01
4.651012285972198068e-01
4.667680228659968344e-01
4.684370892252331386e-01
4.700665882933963702e-01
4.716987751891035252e-01
4.733357719283250442e-01
4.749387723510364312e-01
4.765452050816589846e-01
4.781319326712110129e-01
4.797345082523729043e-01
4.813344472027422105e-01
4.829253971348223540e-01
4.845000220999258755e-01
4.860594957679804651e-01
4.876277216159852212e-01
4.891855621900672579e-01
4.907367429759861288e-01
4.923010559528655516e-01
4.938677827215103844e-01
4.954159526401858971e-01
4.969423829046809016e-01
4.984447559872415279e-01
4.999444903291060394e-01
5.014070051703352071e-01
5.028516317753153331e-01
5.042729147511164633e-01
5.056978171573047742e-01
5.071026288297462159e-01
5.084596394396977415e-01
5.097738492135851507e-01
5.110709230956304028e-01
5.123478564015196968e-01
5.136399767660438931e-01
5.149115308601028840e-01
5.162038706580248659e-01
5.174883184570487904e-01
5.187833540301715063e-01
5.200771234716959901e-01
5.213621437384853285e-01
5.226398045985271024e-01
5.239078403816586071e-01
5.251447710589273177e-01
5.263377605283776628e-01
5.275364625596549173e-01
5.287094648449003342e-01
5.298910966497356601e-01
5.310579782584832209e-01
5.322134663711035607e-01
5.333591874935168509e-01
5.344793902903777205e-01
5.355866605882556586e-01
5.366845875947121591e-01
5.377464455305176472e-01
5.387956155601336672e-01
5.398418030127857259e-01
5.408814394806361614e-01
5.419113718156487458e-01
5.429567658684015807e-01
5.440149201662095590e-01
5.450732903656061445e-01
5.461364315121571833e-01
5.471869768754082930e-01
5.482352362660229961e-01
5.492930341966602015e-01
5.503622119025040060e-01
-4.000000569820966745e-01
-4.000000609520837358e-01
-4.000355970427973418e-01
-4.000711306394887923e-01
-4.001066460396710545e-01
-4.001421445181181369e-01
-4.001776278913177221e-01
-4.002130982137478976e-01
-4.002485577657842186e-01
-4.002840090358190661e-01
-4.003194546973926626e-01
-4.003548975769764540e-01
-4.003903398292328886e-01
-4.004257823845925879e-01
-4.004612260551742575e-01
-4.004966715485308582e-01
-4.005321194770828375e-01
-4.005675703643525876e-01
-4.006030246480247192e-01
-4.006384827894651224e-01
-4.006739468234893908e-01
-4.007094187976724675e-01
-4.007449005437189182e-01
-4.007803936290336155e-01
-4.008158993177677876e-01
-4.008514185407262564e-01
-4.008869518736226656e-01
-4.009224995232348876e-01
-4.009580613210557143e-01
-4.009936367240498623e-01
-4.010292248221347111e-01
-4.010648242702132271e-01
-4.011004336724352526e-01
-4.011360510125547840e-01
-4.011716741078072967e-01
-4.012073005309618190e-01
-4.012429276579856374e-01
-4.012785543402152544e-01
-4.013141798630830426e-01
-4.013498035880185277e-01
-4.013854249473131075e-01
-4.014210434419075990e-01
-4.014566586411877913e-01
-4.014922701900879853e-01
-4.015278770396634722e-01
-4.015632286034359621e-01
-4.015965308824323010e-01
-4.016266942491435454e-01
-4.016532643255747992e-01
-4.016766940765064131e-01
-4.016987872026650530e-01
-4.017184114772196502e-01
-4.017346373559355643e-01
-4.017483611505960339e-01
-4.017590391430121421e-01
-4.017667758030349923e-01
-4.017714891182076475e-01
-4.017705372151992305e-01
-4.017632843893459982e-01
-4.017489583790004870e-01
-4.017288048810395140e-01
-4.017035918607912426e-01
-4.016740987005247288e-01
-4.016394830639374303e-01
-4.015996762539253973e-01
-4.015556961207857323e-01
-4.015064283587519434e-01
-4.014553391030791230e-01
-4.014021243343644518e-01
-4.013454200610340195e-01
-4.012861902483432219e-01
-4.012280191727071732e-01
-4.011672150990993613e-01
-4.011028450483324903e-01
-4.010387290801910587e-01
-4.009700517499303896e-01
-4.008999710501825464e-01
-4.008276600164369929e-01
-4.007550751987033477e-01
-4.006810170202511068e-01
-4.006066443946409983e-01
-4.005326785356470576e-01
-4.004587248329589122e-01
-4.003820361189429078e-01
-4.003017577439950125e-01
-4.002168013673736424e-01
-4.001292301349694269e-01
-4.000399398272050933e-01
-3.999474740852979049e-01
-3.998557027511940865e-01
-3.997636858692718564e-01
-3.996675952340357774e-01
-3.995691579252905190e-01
-3.994687491688941328e-01
-3.993647293878553328e-01
-3.992568351863605702e-01
-3.991468323577581634e-01
-3.990330567207096002e-01
-3.989135204826596004e-01
-3.987844787631871779e-01
-3.986416366959654733e-01
-3.984858944622425847e-01
-3.983148903483712533e-01
-3.981247462930587178e-01
-3.979145861667223727e-01
-3.976943017784038137e-01
-3.974571490837186527e-01
-3.972037687189455268e-01
-3.969351796350588102e-01
-3.966560891176869608e-01
-3.963644500635745693e-01
-3.960612497089877615e-01
-3.957457032581757073e-01
-3.954220743809208627e-01
-3.950855344599588648e-01
-3.947434049696696978e-01
-3.943883391336644451e-01
-3.940178051616221588e-01
-3.936410001792889357e-01
-3.932487716509820985e-01
-3.928518085945113536e-01
-3.924481633645545142e-01
-3.920387696375658426e-01
-3.916181214815986356e-01
-3.911862210056523681e-01
-3.907552311379519083e-01
-3.903161128228679333e-01
-3.898802340084591145e-01
-3.894450726260871298e-01
-3.889932603086263541e-01
-3.885286020490381631e-01
-3.880653777800277537e-01
-3.875859085309478758e-01
-3.871066501213201727e-01
-3.866133571204797281e-01
-3.860967184200022051e-01
-3.855781743926078309e-01
-3.850478470477541326e-01
-3.844921938475692746e-01
-3.839109541855203478e-01
-3.833293238085639931e-01
-3.827186120431539940e-01
-3.820763024385117612e-01
-3.814198168382456622e-01
-3.807384767061745556e-01
-3.800438568795106442e-01
-3.793300743407926889e-01
-3.785877832916013097e-01
-3.778258030477134044e-01
-3.770177208202962205e-01
-3.761931656884510145e-01
-3.753657549899315771e-01
-3.745354394058053593e-01
-3.736914964972772313e-01
-3.728186404279970612e-01
-3.719064082652554504e-01
-3.709829367978662584e-01
-3.700508276784708062e-01
-3.691027581556824422e-01
-3.681303195337801704e-01
-3.671436784165342804e-01
-3.661270913696153539e-01
-3.651376586688027670e-01
-3.641679206463326879e-01
-3.631430629763172102e-01
-3.621277873219069798e-01
-3.610897308112898108e-01
-3.600383344825241472e-01
-3.589496968253620413e-01
-3.578501286546253435e-01
-3.567582376489286111e-01
-3.556507268788840492e-01
-3.545302156393342896e-01
-3.534042282701754800e-01
-3.522912413205142035e-01
-3.511644744271143481e-01
-3.500026697900383565e-01
-3.488438143261851088e-01
-3.476652895203207749e-01
-3.464698196417160814e-01
-3.452129843868282366e-01
-3.439120202039269714e-01
-3.425681504159239221e-01
-3.411288820573579184e-01
-3.396686855707666264e-01
-3.381807423641008392e-01
-3.366645696808627797e-01
-3.351298169373950198e-01
-3.335877634570620365e-01
-3.320268251999181630e-01
-3.304799241421444433e-01
-3.288698321544488157e-01
-3.272472354152476948e-01
-3.256593282263435252e-01
-3.240528093801171572e-01
-3.224905115438490011e-01
-3.209438510935505029e-01
-3.193839933131351061e-01
-3.178265156054287943e-01
-3.162669149810214408e-01
-3.147375615993484033e-01
-3.132022072900227938e-01
-3.116009570125669592e-01
-3.099384734613057080e-01
-3.082093949591915294e-01
-2.000019379851885049e-01
-2.000019537470265063e-01
-2.014843122455754476e-01
-2.029736872070795339e-01
-2.044713424514905120e-01
-2.059584950696014272e-01
-2.074328305774799097e-01
-2.089427442136525259e-01
-2.104657683348886144e-01
-2.120017593994155958e-01
-2.135267614987437501e-01
-2.150316661958038555e-01
-2.165294276428250675e-01
-2.179876580535712316e-01
-2.194347183409626478e-01
-2.208959523304412642e-01
-2.223550303813481011e-01
-2.238431942717620804e-01
-2.253485709874849252e-01
-2.268688797639494548e-01
-2.283952604681555310e-01
-2.299401193890221462e-01
-2.314951636463045137e-01
-2.330609644061543417e-01
-2.345984006274826617e-01
-2.361122245692611199e-01
-2.376247783434683736e-01
-2.391621199945328513e-01
-2.406851683116915941e-01
-2.421649773467506039e-01
-2.436709139142197444e-01
-2.451981379190849575e-01
-2.467193006814207556e-01
-2.482554471676905461e-01
-2.498068425022336170e-01
-2.513692244816935206e-01
-2.529184573056340590e-01
-2.544967507170185494e-01
-2.560912181553931521e-01
-2.577183729524096800e-01
-2.593471653619330297e-01
-2.609551258339120050e-01
-2.626087862685219099e-01
-2.642859993323807277e-01
-2.659816132854724291e-01
-2.677158259939526608e-01
-2.694590981044034939e-01
-2.711882103728094351e-01
-2.729323459892419868e-01
-2.747090864443616498e-01
-2.764994293974795680e-01
-2.782930054051819813e-01
-2.800833541043162844e-01
-2.818892067344163088e-01
-2.837496978493323496e-01
-2.856343999354653551e-01
-2.875522565610012515e-01
-2.894621890890153870e-01
-2.913652477355001547e-01
-2.932134182309130144e-01
-2.950563200438656164e-01
-2.968566084270599092e-01
-2.986968523229610040e-01
-3.005249683122900306e-01
-3.023194572607487696e-01
-3.040902591735907268e-01
-3.058204614939206145e-01
-3.075788527409441531e-01
-3.093591038724373132e-01
-3.112081633238708012e-01
-3.130718599584495498e-01
-3.149554494067136057e-01
-3.168545302005534303e-01
-3.187033378692727958e-01
-3.205757340513278875e-01
-3.224636676464759377e-01
-3.243484250460081930e-01
-3.261930281525084463e-01
-3.280989424971531565e-01
-3.300425454713203921e-01
-3.319755382147842049e-01
-3.338942582166884998e-01
-3.357809346728543587e-01
-3.376414125965568336e-01
-3.394759032893212569e-01
-1.999979124414175413e-01
-1.999978966259849666e-01
-1.985554295953791681e-01
-1.971771253300863003e-01
-1.958173600389464253e-01
-1.944477541951021016e-01
-1.930581395973124670e-01
-1.916503862465858410e-01
-1.901851514724551273e-01
-1.886836771175443295e-01
-1.871386072811493384e-01
-1.856022934177117278e-01
-1.840310114869633806e-01
-1.824531557152941352e-01
-1.808739066614020452e-01
-1.792696081065332236e-01
-1.776765867525856579e-01
-1.761007620250673866e-01
-1.744875407587119232e-01
-1.728670943492776890e-01
-1.712603086663124219e-01
-1.696709549361496705e-01
-1.680664176719874059e-01
-1.665004354593809521e-01
-1.648999329800302227e-01
-1.632773689227378366e-01
-1.616423888574168855e-01
-1.600214976209350937e-01
-1.583811134498510353e-01
-1.567381045566590969e-01
-1.550893974045536028e-01
-1.534664614326290977e-01
-1.518369299168113029e-01
-1.501621015974878015e-01
-1.484882991731004409e-01
-1.468650085247485138e-01
-1.452309351031789708e-01
-1.436063326392330863e-01
-1.419490825302393011e-01
-1.402835219619864571e-01
-1.386073850308448541e-01
-1.369438803408698502e-01
-1.352729692995664479e-01
-1.336139309599596592e-01
-1.319736282770054558e-01
-1.303207016681872943e-01
-1.286508998341769627e-01
-1.269978127221259856e-01
-1.253306306255759228e-01
-1.236408098543179956e-01
-1.219472346101919680e-01
-1.202692129208638994e-01
-1.185488569517135216e-01
-1.167941490182883429e-01
-1.150620453922446135e-01
-1.133062504746025489e-01
-1.115491930631112849e-01
-1.097784623998314113e-01
-1.080095645615431338e-01
-1.062291553007384259e-01
-1.044038774745206649e-01
-1.025591637815350260e-01
-1.007209256691485727e-01
-9.881714999148910605e-02
-9.690935678149160959e-02
-9.500622512870011971e-02
-9.307921341069293197e-02
-9.112528247728127195e-02
-8.914833759719241468e-02
-8.717190410273809031e-02
-8.521045832664413122e-02
-8.322760265263257073e-02
-8.122867107192124903e-02
-7.923817130672995701e-02
-7.721974835225536848e-02
-7.517611900022144744e-02
-7.313226860822799602e-02
-7.106459681594461120e-02
-6.898648118124989237e-02
-6.690096182610755227e-02
-6.481730970764132405e-02
-6.273901419331960605e-02
-6.063600297602890488e-02
-5.852439455617033243e-02
-5.641470324265576014e-02
-5.433011444828226427e-02
-5.224710852554418500e-02
-5.014794650459378222e-02
-4.807233089580524588e-02
-4.597228403111537631e-02
-4.384948955041884783e-02
-4.170503547783879772e-02
-3.959741354438148925e-02
-3.748633305212240030e-02
-3.542310326990855129e-02
-3.336016063608714111e-02
-3.129395162891023680e-02
-2.915878811364045267e-02
-2.698351913737729105e-02
-2.475452902566126212e-02
-2.250584183764704760e-02
-2.026923852815485164e-02
-1.805263342308267155e-02
-1.583166272535935573e-02
-1.363158912878831806e-02
-1.142751070168645904e-02
-9.230779619783769166e-03
-7.023353319014716094e-03
-4.813826139306424251e-03
-2.600366866435104007e-03
-3.754138427176898526e-04
1.852398868944882954e-03
4.067570064910487962e-03
6.328240573750215474e-03
8.590335142098663723e-03
1.077992199097164115e-02
1.296504429323092761e-02
1.515491197110564736e-02
1.740469803037695412e-02
1.960561529159955338e-02
2.176046985898388159e-02
2.393084056525243350e-02
2.614924431871852931e-02
2.837540979853491949e-02
3.062964362166243487e-02
3.289912865153359067e-02
3.512750541623432116e-02
3.735270462294503629e-02
3.949401754709928186e-02
4.159185134945121015e-02
4.368653373434843584e-02
4.581315620178107173e-02
4.791091311625764876e-02
5.001868194928582589e-02
5.211627606568631360e-02
5.425463932729397698e-02
5.634982437892381568e-02
5.848968593159923485e-02
6.062905582958607459e-02
6.277994910789670702e-02
6.492703777658039022e-02
6.711335571381474296e-02
6.929120887908564452e-02
7.149953003866234280e-02
7.369132176171766524e-02
7.586919046513573850e-02
7.807300469844032087e-02
8.022387967844453460e-02
8.243980380303429778e-02
8.468043294775445817e-02
