-3.197671956031376027e-06
-3.213671482597961142e-06
-2.522915803899758100e-03
-3.217104487301727326e-03
-3.959520675381624118e-03
-4.734604571786626623e-03
-5.506125712536504360e-03
-6.203098106258645751e-03
-6.894060457753394683e-03
-7.599122171061645573e-03
-8.200086341132780537e-03
-8.774381707796933411e-03
-9.404957571618776865e-03
-1.000466656882160327e-02
-1.061233481065413167e-02
-1.117139311257585137e-02
-1.173420386783306617e-02
-1.224752954442578923e-02
-1.279263009844620880e-02
-1.333269900892165155e-02
-1.383282227459307727e-02
-1.436332025130423150e-02
-1.485750199023995639e-02
-1.530016217643900833e-02
-1.737009913181006629e-02
-1.943800730804737947e-02
-2.150483634518783257e-02
-2.357104726828466654e-02
-2.563715670064580648e-02
-2.770350016907791035e-02
-2.977028024340773807e-02
-3.183760125450525724e-02
-3.390549776519755781e-02
-3.597395801397749310e-02
-3.804294151936942620e-02
-4.011239194706824052e-02
-4.218224621300487726e-02
-4.425244065906993457e-02
-4.632291502601146999e-02
-4.839361475140855490e-02
-5.046450741099392512e-02
-5.253555803439626665e-02
-5.460674955670571235e-02
-5.667805391642274926e-02
-5.874944796421962406e-02
-6.082091107201092334e-02
-6.289241339443316092e-02
-6.496394267675566214e-02
-6.703548424449963516e-02
-6.910507198033544185e-02
-7.116193259259265269e-02
-7.322427248874449623e-02
-7.529786271199685743e-02
-7.737141975352372636e-02
-7.943456697294586089e-02
-8.148689990532001493e-02
-8.354738770725694819e-02
-8.562428335666795454e-02
-8.769850873978340955e-02
-8.977548510945231042e-02
-9.185241679333722153e-02
-9.389855400933573570e-02
-9.596302599310035930e-02
-9.801389604269061806e-02
-1.000748294867883498e-01
-1.021261994848636778e-01
-1.042014887826715613e-01
-1.062741356429350165e-01
-1.083461716404342245e-01
-1.103820695645910677e-01
-1.123994372806207259e-01
-1.144276202829120487e-01
-1.164451999293060619e-01
-1.184976959069477392e-01
-1.205695245853712072e-01
-1.225983541337415800e-01
-1.246368550645430007e-01
-1.266610265164005988e-01
-1.286968354577013030e-01
-1.307151204136824951e-01
-1.327497732022646926e-01
-1.347710559967976729e-01
-1.367938950713842305e-01
-1.388223057423590978e-01
-1.408548668658533565e-01
-1.429119200556862590e-01
-1.449520289637087345e-01
-1.448611789719505549e-01
-1.448038939566662908e-01
-1.447621827836247099e-01
-1.466494361463371310e-01
-1.485326287722416594e-01
-1.504384185361158921e-01
-1.523385074290950769e-01
-1.542280835708056130e-01
-1.561063158706295917e-01
-1.579664160265176198e-01
-1.598376349245873573e-01
-1.617620377448077407e-01
-1.637043808439472004e-01
-1.656681607727861494e-01
-1.676392664700748214e-01
-1.696230646117015128e-01
-1.715927649380671882e-01
-1.735775172824970403e-01
-1.755334444280913508e-01
-1.774859307731412872e-01
-1.794629250731281100e-01
-1.814666110234579854e-01
-1.834841245596103843e-01
-1.833958729432656198e-01
-1.833759992219879398e-01
-1.833295229075838639e-01
-1.852313852340210787e-01
-1.871431545965482890e-01
-1.890432597049846175e-01
-1.909559552063553600e-01
-1.928585142955558940e-01
-1.948027729138462338e-01
-1.967700150205581588e-01
-1.987386050404345572e-01
-2.007017914560092209e-01
-2.026875166899712311e-01
-2.046950656369685984e-01
-2.066882263420008747e-01
-2.086903193179525662e-01
-2.107044785163382783e-01
-2.127148649673669956e-01
-2.146994295729549862e-01
-2.166841652417968445e-01
-2.186801930479788658e-01
-2.206856907726862382e-01
-2.226890613819139941e-01
-2.246884862758989077e-01
-2.267033072279712180e-01
-2.287217565885188708e-01
-2.307110586101326632e-01
-2.327269739352081090e-01
-2.347370561729470451e-01
-2.367595548429046459e-01
-2.387756716176475391e-01
-2.408076992118691195e-01
-2.428381346064730772e-01
-2.448947554171181373e-01
-2.469705788099703925e-01
-2.470612864896505056e-01
-2.471323639785160675e-01
-2.471786207673002944e-01
-2.491316265656219608e-01
-2.510661723610660978e-01
-2.529932803986191803e-01
-2.549129363678996341e-01
-2.568220453588748176e-01
-2.587549103454337973e-01
-2.606766416237923933e-01
-2.625912269036689284e-01
-2.644638957322454353e-01
-2.663557330025289605e-01
-2.682669718396227254e-01
-2.701946969587092906e-01
-2.721429414206501529e-01
-2.740909075327284672e-01
-2.759948978893870253e-01
-2.779270637358388640e-01
-2.799014718985170513e-01
-2.818552989555946908e-01
-2.838484571040024718e-01
-2.858384416333260014e-01
-2.856406093406409497e-01
-2.855195457761645628e-01
-2.854423329104538998e-01
-2.873795630263288881e-01
-2.892560634333710690e-01
-2.911058412953531072e-01
-2.929989474314260156e-01
-2.949126134083280837e-01
-2.968348729574671330e-01
-2.987831518380434925e-01
-3.007506872618162519e-01
-3.026906146246749474e-01
-3.046572433977441929e-01
-3.066314805573873148e-01
-3.086515143480780266e-01
-3.106558167050154640e-01
-3.126096163664610073e-01
-3.145243719768442969e-01
-3.163409061591802574e-01
-3.182107970043870360e-01
-3.201187357293002189e-01
-3.220637550856720321e-01
-3.239768381754140059e-01
-3.259384407242723047e-01
-3.278633926363705431e-01
-3.296437068483012434e-01
-3.314242657142247861e-01
-3.332683327518119465e-01
-3.350448637669415364e-01
-3.367743034327217999e-01
-3.385121279459060717e-01
-3.402980250857185474e-01
-3.421071094254645728e-01
-3.438289261669630892e-01
-3.455123622200683697e-01
-3.472618603910514468e-01
-3.489408955196417472e-01
-3.505879437792318032e-01
-3.522387806222493367e-01
-3.539312009918632040e-01
-3.556698973908097861e-01
-3.574190677253408222e-01
-3.592024687928931370e-01
-3.609880783027593631e-01
-3.627361625008208579e-01
-3.644710235582422908e-01
-3.661938374146785913e-01
-3.678842854086750158e-01
-3.695841941621892945e-01
-3.711658598829072342e-01
-3.727966226539993211e-01
-3.744808177314001840e-01
-3.760910800858139891e-01
-3.776444779116185368e-01
-3.791839219218785528e-01
-3.807524414303741778e-01
-3.823019970731180717e-01
-3.838613624641524225e-01
-3.854478876529490172e-01
-3.869541856702660709e-01
-3.885341602362287761e-01
-3.899967698907172431e-01
-3.914555996406089422e-01
-3.928676132735650084e-01
-3.943766411699585750e-01
-3.957635052992465874e-01
-3.971592630265632362e-01
-3.984817728185250929e-01
-3.997276452749993769e-01
-4.008989296651357948e-01
-4.020264353091004272e-01
-4.031251461065599728e-01
-4.041934112034606397e-01
-4.052185161657728130e-01
-4.062002440188537955e-01
-4.071433585396352917e-01
-4.080453964131853239e-01
-4.089041477962204185e-01
-4.097380996097064743e-01
-4.105313446620599827e-01
-4.112809902254601080e-01
-4.119794504280924197e-01
-4.126403480652984790e-01
-4.132649417116462942e-01
-4.138494219365868587e-01
-4.143849508590039532e-01
-4.148905438704705850e-01
-4.153811584355405762e-01
-4.158549025476637739e-01
-4.163138813715038244e-01
-4.167404654285186139e-01
-4.171420843866251449e-01
-4.175261232708866177e-01
-4.179186135639255673e-01
-4.183200779425253479e-01
-4.187272901297018901e-01
-4.191338015586422161e-01
-4.195581303107966953e-01
-4.200008193392188449e-01
-4.204458067847279268e-01
-4.208749860490892392e-01
-4.212932223958482103e-01
-4.216857113922433120e-01
-1.999290532212510007e-06
-2.015024034287774702e-06
-1.506663393034166510e-03
-1.923421229252095417e-03
-2.322173590241836602e-03
-2.697322338799578063e-03
-3.054238377449721570e-03
-3.390324725539965896e-03
-3.734923149610643554e-03
-4.682726485258372449e-03
-5.630957080862169194e-03
-6.579787876073888049e-03
-7.528900886546042136e-03
-8.478581667288076149e-03
-9.429033166329828242e-03
-1.038032397121142758e-02
-1.133248414229429298e-02
-1.225275866845601698e-02
-1.316967327216800321e-02
-1.405242364541962365e-02
-1.491618024774900297e-02
-1.576744434927489225e-02
-1.661557034157780041e-02
-1.745736994230135536e-02
-1.827638160031453893e-02
-1.912493827560476575e-02
-1.992495954340545508e-02
-2.074833067663197500e-02
-2.156638650785717287e-02
-2.239932051369579805e-02
-2.323307821108131985e-02
-2.406754365808567303e-02
-2.490260387716800722e-02
-2.573819211459438955e-02
-2.657420556581532867e-02
-2.741055361226664780e-02
-2.824715875373123158e-02
-2.908395384814391540e-02
3.999984375394595726e-01
3.999984219716236633e-01
3.987847780668229425e-01
3.983340975253782945e-01
3.979284825554943450e-01
3.975624563028196112e-01
3.972195275520626345e-01
3.969137925460283767e-01
3.966562024046716983e-01
3.964418118264486091e-01
3.962666073698575819e-01
3.961512851423027448e-01
3.960883705897353391e-01
3.960647300658337033e-01
3.960864619207807857e-01
3.961563033100914399e-01
3.962653106446437645e-01
3.964131420574688036e-01
3.965979516596963017e-01
3.968217987398077740e-01
3.970833438909590618e-01
3.973780412581034427e-01
3.976879619382112097e-01
3.987213074971044935e-01
3.997462702550063640e-01
4.007649949797744693e-01
4.017791815354290752e-01
4.027900843818990606e-01
4.037987435473565645e-01
4.048059933970446500e-01
4.058124735745409217e-01
4.068186544382025871e-01
4.078248882755346472e-01
4.088314155733838162e-01
4.098383877680009668e-01
4.108458876212372490e-01
4.118539468010982696e-01
4.128625605702970769e-01
4.138717043905528747e-01
4.148813421893544628e-01
4.158914156302633836e-01
4.169018685744625419e-01
4.179126477541950657e-01
4.189237307595671811e-01
4.199350644654800679e-01
4.209466092196447740e-01
4.219583189905705134e-01
4.229700994280562454e-01
4.239819021746378813e-01
4.249937180109182311e-01
4.260055397469535432e-01
4.270173619634057838e-01
4.280291806485320705e-01
4.290409934119917001e-01
4.300527954264210528e-01
4.310645832665103150e-01
4.320763573510986721e-01
4.330881186555365914e-01
4.340998698469492600e-01
4.351116150999818077e-01
4.361233559073011135e-01
4.371350938893404092e-01
4.381468307486708902e-01
4.391585676549244477e-01
4.401703046976263023e-01
4.411820419409230309e-01
4.421937794247273734e-01
4.432055163818001686e-01
4.442172513848365867e-01
4.452289831893950778e-01
4.462407107443400189e-01
4.472524331990389568e-01
4.482641508168797584e-01
4.492758645615405610e-01
4.502875753785355872e-01
4.512992841906989794e-01
4.523109918932608497e-01
4.533226991874909628e-01
4.543344072439386983e-01
4.553461166396520765e-01
4.563578269297085543e-01
4.573695374229599375e-01
4.583812474387615743e-01
4.593929555200549353e-01
4.604046601628897228e-01
4.614163618528344113e-01
4.624280612139988755e-01
4.634397589933220152e-01
4.644514554891275293e-01
4.654631508292160769e-01
4.664748451454801548e-01
4.674865385037105803e-01
4.684982303258224401e-01
4.695099200820403440e-01
4.705216073121060716e-01
4.715332916409918917e-01
4.725449731222162164e-01
4.735566522828842939e-01
4.745683297114919319e-01
4.755800060411694008e-01
4.765916819341302069e-01
4.776033578645699773e-01
4.786150349579623708e-01
4.796267136245610518e-01
4.806383945049721440e-01
2.000032258628473558e-01
2.000032418328009376e-01
2.023832012647635015e-01
