4.000021673118189791e-01
4.000021831551521245e-01
4.016589040490681217e-01
4.033337031047673493e-01
4.050092536938570964e-01
4.066940619847610461e-01
4.083907997141484891e-01
4.100813055821556086e-01
4.117694340322628488e-01
4.134560533374996294e-01
4.151563102686924855e-01
4.168456141015755567e-01
4.185344650650944520e-01
4.202293182070818145e-01
4.219450929675796491e-01
4.236771909305777628e-01
4.254090422794010173e-01
4.271406748261613595e-01
4.288721192573893282e-01
4.306034059440457251e-01
4.323345633749259287e-01
4.340656185538625533e-01
4.357965921263385889e-01
4.375217319870303712e-01
4.392298989331964720e-01
4.409379829920977989e-01
4.426656418522415537e-01
4.444031612964380318e-01
4.461405874532775595e-01
4.478706978001945616e-01
4.495931230165201020e-01
4.513035277591296301e-01
4.530002398747741132e-01
4.546990782947156196e-01
4.564118223238560201e-01
4.581436183040110133e-01
4.598761039950866047e-01
4.616316828331328836e-01
4.633753433605034000e-01
4.651066451602763330e-01
4.668606102510355904e-01
4.685941090769063511e-01
4.703428300451461541e-01
4.721108072121786292e-01
4.738645203816165830e-01
4.756046328980353399e-01
4.773380372005820438e-01
4.790524611163380908e-01
4.807824247583155075e-01
4.825166824395978327e-01
4.842781027865638577e-01
4.860570005569641028e-01
4.878342775507654716e-01
4.896078175316113668e-01
4.913814434950947163e-01
4.931797016252952859e-01
4.949835287381074145e-01
2.904186666269106381e-07
3.056154499150625190e-07
1.919431932487225816e-04
3.893674347344068401e-04
5.897215423417371399e-04
7.932301599760799293e-04
9.999867266031995001e-04
1.207225903723890782e-03
1.416971504638197708e-03
1.630903937197122813e-03
1.852733826334281887e-03
2.081740031002084473e-03
2.316974620191330440e-03
2.561165125650370546e-03
2.815022421204061136e-03
3.081771453962752882e-03
3.358758217902654570e-03
3.640501963201760085e-03
3.926857074552557447e-03
4.225220481823279209e-03
4.530967095042502842e-03
4.841046632075025891e-03
5.154339022938117520e-03
5.473466611814922257e-03
5.799551749379179381e-03
6.127660361011670262e-03
6.462727909247240575e-03
6.799030004912682418e-03
7.141452717876283982e-03
7.482045622402538031e-03
7.832837921999114689e-03
8.189958941768217884e-03
8.560256198505849373e-03
8.939363956858877372e-03
9.331004462201022628e-03
9.729590048741699679e-03
1.014315077991073157e-02
1.055988678085903985e-02
1.097420233641557136e-02
1.139040290394615490e-02
1.180677635713725700e-02
1.222275154332502084e-02
1.263776208197417601e-02
1.304834359233745730e-02
1.345889397349387187e-02
1.387353317661151227e-02
1.429682727822435481e-02
1.471512128941137795e-02
1.514111577963437108e-02
1.556994950382421285e-02
1.600951006260120657e-02
1.645334900051544091e-02
1.691017857149611225e-02
1.737614960988135074e-02
1.784854264819180428e-02
1.833202661597441163e-02
1.881747812852731239e-02
1.930553318437919566e-02
1.979321900875722143e-02
2.027542576134519839e-02
-2.000008883451061259e-01
-2.000009036671869245e-01
-2.006308999447087016e-01
-2.012423929551333257e-01
-2.018367666913813696e-01
-2.024190933169060791e-01
-2.029858632849579902e-01
-2.035425208466804803e-01
-2.040911538352475352e-01
-2.046208760904099644e-01
-2.051405145031101884e-01
-2.056415802394564174e-01
-2.061300996748795245e-01
-2.066027973893595493e-01
-2.070637466063094956e-01
-2.075026915039813180e-01
-2.079242023112654048e-01
-2.083369194326327722e-01
-2.087385848330044757e-01
-2.091325141883388916e-01
-2.095161614859067656e-01
-2.098912560448465969e-01
-2.102530352172796158e-01
-2.106068773696297691e-01
-2.109503320626253675e-01
-2.112842362481182068e-01
-2.116042548418018698e-01
-2.119089270957133786e-01
-2.122038533786432257e-01
-2.124873170403016043e-01
-2.127601561741084557e-01
-2.130235447332936016e-01
-2.132745712056594856e-01
-2.135095313183790200e-01
-2.137279618848835216e-01
-2.139268747722825603e-01
-2.141048879391431181e-01
-2.142587837356563496e-01
-2.143874212272415536e-01
-2.144918685346637877e-01
-2.145727232695859021e-01
-2.146306070613035188e-01
-2.146672100202485500e-01
-2.146840531797849227e-01
-2.146810436529612010e-01
-2.146570974935700649e-01
-2.146111729006741353e-01
-2.145457991473083970e-01
-2.144630349195964236e-01
-2.143637567943371403e-01
-2.142445123881598634e-01
-2.141037310357261914e-01
-2.139389755073928256e-01
-2.137568744036807966e-01
-2.135477983095313004e-01
-2.133197032682688787e-01
-2.130689158951633577e-01
-2.128017949607355075e-01
-2.125076548118237096e-01
-2.121831071437388638e-01
-2.118320832030327339e-01
-2.114552650675771694e-01
-2.110559586611898963e-01
-2.106372052521751359e-01
-2.101868828366292852e-01
-2.097021158866994583e-01
-2.091770541982608811e-01
-2.086166238077777624e-01
-2.080212776944747599e-01
-2.073947179188041501e-01
-2.067515030739195681e-01
-2.060782145352605677e-01
-2.053887351200631151e-01
-2.046870550058459692e-01
-2.039879810715865827e-01
-2.032740653181380197e-01
-2.025506700348847500e-01
-2.018381907211704296e-01
-2.010981447998935467e-01
-2.003453712486671090e-01
-1.995635414813387298e-01
-1.987647232746413972e-01
-1.979368138909405883e-01
-1.970998760451897758e-01
-1.962626407745814150e-01
-1.954068360185417796e-01
-1.945407449991199411e-01
-1.936348061752360683e-01
-1.927060961599667555e-01
-1.917648893188619585e-01
-1.908162456366470638e-01
-1.898311336434094776e-01
-1.888151750431222020e-01
-1.878029566640992687e-01
-1.867941338865986844e-01
-1.857570612322364534e-01
-1.847042397760179921e-01
-1.836591589412465697e-01
-1.825904424883593169e-01
-1.814897028311599214e-01
-1.803718746010955498e-01
-1.792611177262986022e-01
-1.781408707295514537e-01
-1.770149422601391132e-01
-1.758460793595316984e-01
-1.746749947227581312e-01
-1.734787416286323047e-01
-1.722345268366175797e-01
-1.709665296334424711e-01
-1.696639606572724890e-01
-1.683417165242889479e-01
-1.669928094491673065e-01
-1.656259595207050517e-01
-1.642365166147576327e-01
-1.628374251320442445e-01
-1.614143611694489888e-01
-1.599544456608846255e-01
-1.585286526425755405e-01
-1.570697905134818273e-01
-1.555840315588664369e-01
-1.540680060200662893e-01
-1.525419066601865214e-01
-1.509782807689368789e-01
-1.493738411829439172e-01
-1.477292253050323523e-01
-1.460564175763892081e-01
-1.443846302128524162e-01
-1.426969791679064126e-01
-1.409825350263987642e-01
-1.392413006372305306e-01
-1.374637072963811879e-01
-1.356749907600753036e-01
-1.338677859773056977e-01
-1.320194472271260244e-01
-1.301363762355451925e-01
-1.282684901843914316e-01
-1.264024688781851813e-01
-1.244866783800843840e-01
-1.226034750093105696e-01
-1.206804684126349114e-01
-1.187518619591564906e-01
-1.167841253351270259e-01
-1.148061037304862197e-01
-1.128257011034222712e-01
-1.108551834136813907e-01
-1.088428861950408444e-01
-1.068042996307225073e-01
-1.047664016252447677e-01
-1.027196299594727719e-01
-1.006908924834978153e-01
-9.868555310312919493e-02
-9.667726490801299699e-02
-9.465183274644094202e-02
-9.260452939287253105e-02
-9.055760527949846539e-02
-8.849422648529142732e-02
-8.640456251915291930e-02
-8.430562883336648050e-02
-8.221083301258136355e-02
-8.010477267362513254e-02
-7.799184594185591679e-02
-7.587896305322007484e-02
-7.377929747836797780e-02
-7.169972951583988841e-02
-6.959795004206813240e-02
-6.750308117951960007e-02
-6.545643025315141250e-02
-6.341408737319248479e-02
-6.132456436023393798e-02
-5.923582802819613025e-02
-5.714711426878010120e-02
-5.500629765888321449e-02
-5.284485924694586750e-02
-5.069983020008464458e-02
-4.857262405892279200e-02
-4.641656074855779468e-02
-4.427966522040982511e-02
-4.210042685403068974e-02
-3.992076751781997723e-02
-3.775585618597866039e-02
-3.564732187051807694e-02
-3.364843325910653327e-02
-3.158874627194061674e-02
-2.956616914506927929e-02
-2.749929680625783773e-02
-2.544527331884570420e-02
-2.343161189495236371e-02
-2.138099238331506516e-02
-1.939889131876588665e-02
-1.739261962167702041e-02
-1.532658408710134770e-02
-1.327313886945703791e-02
-1.117910630055615577e-02
-9.061895994421864664e-03
-6.927160018080981072e-03
-4.790117103509351250e-03
-2.690184490147035784e-03
-5.902130556123152310e-04
1.534824830186084111e-03
3.664525214598282794e-03
5.779601285212688198e-03
7.885063151310210336e-03
9.968513197704642614e-03
1.202262456464554125e-02
1.403665843628784139e-02
1.605268548140202992e-02
1.808138728835156916e-02
2.007331639851990882e-02
2.203229154737667769e-02
2.399351381072403061e-02
2.590086497555645767e-02
2.784988833200133934e-02
2.978385115053329771e-02
3.170538618473864312e-02
3.364637172811312665e-02
3.555173465336631394e-02
3.744054966307801963e-02
3.933082037882672938e-02
4.122933799183284981e-02
4.311209871312342984e-02
4.496826762969575314e-02
4.682142104194526172e-02
4.865672064577256095e-02
5.047522613554623200e-02
5.228837363478634065e-02
5.406256843767633796e-02
5.582335426118931881e-02
5.756423045476079942e-02
5.927917354698512137e-02
6.093865031630642248e-02
6.259834790818752381e-02
6.424666196721377787e-02
6.592162877228484319e-02
6.760354374055271842e-02
6.930099111546034196e-02
7.098937701016173885e-02
7.270028066877647077e-02
7.439880483773197994e-02
7.609411140905561477e-02
7.777427236267837884e-02
7.945318504550225036e-02
8.112777109947294507e-02
8.277239228386316927e-02
8.440246216338440077e-02
8.602834968792209824e-02
8.765679337009839311e-02
8.924936530551141889e-02
9.080039733010622505e-02
9.232792605287599985e-02
9.388284237528780884e-02
9.539795117787613909e-02
9.690257169045818353e-02
9.844359967958622726e-02
9.996518082258327997e-02
1.014869020254850346e-01
1.029934392520017311e-01
1.044970977982137283e-01
1.059846954521074941e-01
1.074766385790173195e-01
1.090170675146285850e-01
1.105755934666185492e-01
1.121346878415330345e-01
1.136599031694345979e-01
1.152000810742182524e-01
1.167320726614626131e-01
1.182827699230599855e-01
1.198371126977394313e-01
1.214007970786634416e-01
1.229172176856310195e-01
1.244235240661675512e-01
1.259724699159019135e-01
1.275600867982575326e-01
1.291063556565573978e-01
1.306918855176179006e-01
1.322472168894556210e-01
1.338101828226775647e-01
1.353548220334944707e-01
1.368899078901696098e-01
1.384254970817376251e-01
1.399550371065126919e-01
1.415305902937271376e-01
1.430340024198326621e-01
1.445587364321160861e-01
1.461052414694962165e-01
1.476036328927042840e-01
1.491140969592204824e-01
1.506243431769201391e-01
1.521419521076249615e-01
1.536494604625228688e-01
1.551588078480968802e-01
1.566002375443961980e-01
1.580269244500164538e-01
1.594185873782389684e-01
1.607938043481280943e-01
1.621842067323899239e-01
1.635451344138857954e-01
1.649007281565041672e-01
1.662559381485353427e-01
1.675950573522665965e-01
1.689278618684252609e-01
1.702405608382523139e-01
1.715914037919422930e-01
1.729724807461741620e-01
1.743413658660940835e-01
1.757179243642347510e-01
1.770887418082446874e-01
1.784584188875028010e-01
1.798449119611764124e-01
1.812375340463078521e-01
1.825828387234876005e-01
1.839164666328815534e-01
1.852276081364095661e-01
1.865051674407003923e-01
1.877761812887784876e-01
1.890366510432442693e-01
1.902890389547365613e-01
1.915332556400927699e-01
1.927815546411490999e-01
1.940050691270187866e-01
1.952439582335832591e-01
1.964887951917362874e-01
1.977233248002907562e-01
1.989308756573636150e-01
2.001144379938698536e-01
2.013100470624545335e-01
2.025002741500390169e-01
2.036513192378496817e-01
2.048245636902382427e-01
2.059913596421534820e-01
2.071325585902225597e-01
2.082431746999036659e-01
2.093271174090853282e-01
2.104490129427490641e-01
2.115616169094717003e-01
2.126230154361910263e-01
2.137096483415524550e-01
2.147857329930782377e-01
2.158577210092610110e-01
2.169311162411639016e-01
2.179709245585683963e-01
2.189740780666052378e-01
2.199761130767234341e-01
2.209507312049339145e-01
2.219240078325248333e-01
2.228726771802048146e-01
2.238115083369591196e-01
2.247718296067755250e-01
2.257371194121772506e-01
2.267065343743533967e-01
2.276574296273498332e-01
2.285742387955974342e-01
2.294752866662495006e-01
2.303525657311257802e-01
2.312126148475402987e-01
2.320611391987651428e-01
2.328869219607545005e-01
2.336775029564885364e-01
2.344665586452624739e-01
2.352490423187384716e-01
2.360229328504659385e-01
2.367797851206717985e-01
2.375261161391185316e-01
2.382663479116866601e-01
2.389828427664411892e-01
2.396887239540812231e-01
2.403969923459751967e-01
2.410937505169954698e-01
2.417806741615496913e-01
2.424585792734103573e-01
2.431174632694071691e-01
2.437737960197743359e-01
2.444346941299069542e-01
2.450849991411359063e-01
2.457257670750023215e-01
2.463570674495537405e-01
2.469832563061180319e-01
2.476046535691179273e-01
2.482173913624405870e-01
2.488209465714537327e-01
2.494206833715775229e-01
2.500137562880266340e-01
2.505979840457926988e-01
2.511844196659214212e-01
2.517627819154127922e-01
2.523332384339583290e-01
2.528931695530477475e-01
2.534444733027929053e-01
2.539808661963713354e-01
2.544984102719015651e-01
2.550045029431662891e-01
2.555063562467368432e-01
2.560006206215748592e-01
2.564905941608318640e-01
2.569757704269547971e-01
2.574633737862566663e-01
2.579506287171604018e-01
2.584363983168112000e-01
2.589186014035183003e-01
2.593936419451581266e-01
2.598723646828994260e-01
2.603521476723921757e-01
2.608269388905666286e-01
2.612916105668178224e-01
2.617487276242955740e-01
2.621927932880024903e-01
2.626276614632093720e-01
2.630525656632372589e-01
2.634731186114340762e-01
2.638811112468047448e-01
2.642851415349845023e-01
2.646821338067407714e-01
2.650741631738796067e-01
2.654598441731798597e-01
2.658439575903954744e-01
2.662222517424290835e-01
2.665951361295190170e-01
2.669674964942912454e-01
2.673363726458612422e-01
2.677046732702857423e-01
2.680718708624465485e-01
2.684399879026972968e-01
2.688086253020635086e-01
2.691776136532021968e-01
2.695468857540896379e-01
2.699163794835287011e-01
2.702860413791101646e-01
2.706558263367619399e-01
2.710256972900131900e-01
2.713956245731131145e-01
2.717655851116450583e-01
2.721355615441358733e-01
2.725055413458957743e-01
2.728755160012623082e-01
2.732454802514909797e-01
2.736154314316646130e-01
2.739806207895841839e-01
2.743448266102787025e-01
2.747189518932886543e-01
2.750858997414734608e-01
2.754645609635162917e-01
2.758521017634600891e-01
2.762416096527217091e-01
2.766377326914601920e-01
2.770379165266873556e-01
2.774387790887029026e-01
2.778405473919220436e-01
2.782402554948338880e-01
2.786454257176661509e-01
2.790494767838542778e-01
2.794588924434726063e-01
2.798675054101368298e-01
2.802679030277012706e-01
2.806705342143672177e-01
2.810772897924961322e-01
2.814943117379140047e-01
2.819078100806245990e-01
2.823257368642547727e-01
2.827519053702827745e-01
2.831945514177438561e-01
2.836428273300893865e-01
2.841025763987710673e-01
2.845707321584960425e-01
2.850512265558983738e-01
2.855384874802421868e-01
2.860262501069312235e-01
2.865212578221065232e-01
2.870151007904108154e-01
2.875142982767296962e-01
2.880055688471921393e-01
2.884913785879844039e-01
2.889724444060353670e-01
2.894422714746030523e-01
2.899062306467569128e-01
2.903595924901915537e-01
2.908021101200589653e-01
2.912442483780025571e-01
2.916730704924317963e-01
2.920918386522505794e-01
2.925186853795937458e-01
2.929337966626511802e-01
2.933472948088238774e-01
2.937639517333295314e-01
2.941959028267533971e-01
2.946329144693228264e-01
2.950669343257646404e-01
2.955010761230512650e-01
2.959449250968967382e-01
2.963884797418250283e-01
2.968418457739114280e-01
2.972982051607169773e-01
2.977484351638550186e-01
2.981992751064639902e-01
2.986486966900994688e-01
2.991002660432003357e-01
2.995615323083658521e-01
3.000070207768124053e-01
3.004619003623750229e-01
3.009354297480634211e-01
3.014235481347879997e-01
3.019227824466172438e-01
3.024356667714035996e-01
3.029594797223517655e-01
3.034891613398996713e-01
3.040250622362043464e-01
3.045653455596717962e-01
3.051109802978204666e-01
3.056750650854024864e-01
3.062451230686965009e-01
3.068264378563844152e-01
2.000027434523893866e-01
2.000027594665211017e-01
2.021332813240375448e-01
2.042798649526243460e-01
2.064371192200857019e-01
2.085944060607339279e-01
2.107517245822321805e-01
2.129090725891062685e-01
2.150508925115663383e-01
2.171975143966256572e-01
2.193533405439782868e-01
2.215092000390957716e-01
2.236650895304892750e-01
2.258201473599293907e-01
2.279653584082589890e-01
2.301205766055346158e-01
2.322758169671899353e-01
2.344310762181255337e-01
2.365863511977654710e-01
2.387416438400060403e-01
2.408969465561913714e-01
2.430522557050542043e-01
2.452075683870580391e-01
2.473628820832750319e-01
2.495181946175011045e-01
2.516735042309072301e-01
2.538188254841313163e-01
2.559734821297342533e-01
2.581281399327127191e-01
2.602827989323969748e-01
2.624318217057433067e-01
2.645679426067479301e-01
2.667145250300101966e-01
2.688672485488022845e-01
2.710199945649421904e-01
2.731727647578848783e-01
2.753255570274729669e-01
2.774783692783767131e-01
2.796311991242547701e-01
2.817840441336995627e-01
2.839369019911525682e-01
2.860897705931891299e-01
2.882426480971493343e-01
2.903955329358953175e-01
2.925484274673969542e-01
2.947013276506406654e-01
2.968542332216018709e-01
2.990071440361789512e-01
3.011600601496298713e-01
3.033129817100005399e-01
3.054659088113012011e-01
3.076188414541590754e-01
3.097717795151260223e-01
3.119247227242746834e-01
3.140776706505585270e-01
3.162306226943180643e-01
3.183835780862842579e-01
3.205365358933537356e-01
3.226894951309831061e-01
3.248424536967842724e-01
3.269954123781300681e-01
3.291483708110500839e-01
3.313013286519833622e-01
3.334542855775948778e-01
3.356072412863224108e-01
3.377601955011112489e-01
3.399131479728703664e-01
3.420660984842556207e-01
3.442190502969164068e-01
3.463720022025144618e-01
3.485249510321092314e-01
3.506778960143686619e-01
3.528308364573920497e-01
3.549837716824790212e-01
3.571367011069670472e-01
3.592896243361485831e-01
3.614425411750144534e-01
3.635954516350000110e-01
3.657483559360892311e-01
3.679012545045515781e-01
3.700541477738781837e-01
3.722070369528271416e-01
3.743599228226044962e-01
3.765128063117196833e-01
3.786656899180270153e-01
3.808185735698916274e-01
3.829714576256809666e-01
3.851243424124426440e-01
3.872772282272429756e-01
3.894301153374428170e-01
3.915830039803521179e-01
3.937358943626599883e-01
3.958887866598956307e-01
3.980416846541786069e-01
4.001945854537162783e-01
4.023474897192004240e-01
4.045003980190598480e-01
4.066533108922663065e-01
4.088062288596983618e-01
4.109591522960688859e-01
4.131120813943048309e-01
4.152650161573596677e-01
4.174179563945156768e-01
4.195709011458762516e-01
4.217238510900809256e-01
4.238768048082121043e-01
4.260297613640462999e-01
4.281827197345349223e-01
4.303356787201286227e-01
4.324886370532598501e-01
4.346415953121449682e-01
4.367945531214277310e-01
4.389475101296376747e-01
4.411004660104540509e-01
4.432534204651934484e-01
4.454063732261687725e-01
4.475593240604618939e-01
4.497122743712956838e-01
4.518652266853668276e-01
4.540181760489455653e-01
4.561711216757621257e-01
4.583240628768791014e-01
4.604769989650261408e-01
4.626299293300050741e-01
4.647828535469867850e-01
4.669357713895395667e-01
4.690886822486145524e-01
4.712415875209185478e-01
4.733944869613100903e-01
4.755473811630470671e-01
4.777002709128038704e-01
4.798531571781140537e-01
4.820060409090997089e-01
4.841589244794116675e-01
4.863118080349891903e-01
4.884646919399601717e-01
4.906175765259119248e-01
4.927704620935988711e-01
4.949233489137899733e-01
4.970762372275460139e-01
4.992291272460959717e-01
5.013820191503862711e-01
5.035349166724213399e-01
5.056878168833396359e-01
5.078407204575874356e-01
5.099936279805037387e-01
5.121465399889897352e-01
5.142994570151642186e-01
5.164523794647517541e-01
5.186053075647093502e-01
5.207582408913606908e-01
5.229111802937000952e-01
5.250641248906435798e-01
5.272170741356609902e-01
5.293700272932463369e-01
5.315229834496346673e-01
5.336759415662196693e-01
5.358289006781028485e-01
5.379818589789203687e-01
5.401348172654629742e-01
5.422877751573079719e-01
5.444407322983718656e-01
5.465936883581024031e-01
5.487466430338368006e-01
5.508995960539101455e-01
5.530525471810702198e-01
5.552054962157851881e-01
5.573584489069753900e-01
5.595113987813307155e-01
5.616643450364018353e-01
5.638172869759942030e-01
5.659702239041277672e-01
2.000026269194477013e-01
2.000026428677263990e-01
2.020659862475619739e-01
2.041295093598946564e-01
2.061930197654527341e-01
2.082565185957033216e-01
2.103200075626836529e-01
2.123834883888716385e-01
2.144469628276629014e-01
2.165104325835604526e-01
2.185738993396921515e-01
2.206373646729884452e-01
2.227008292802812039e-01
2.247642937632946813e-01
2.268277586421640346e-01
2.288912243657014456e-01
2.309546913190510253e-01
2.330181598286700517e-01
2.350816301690886179e-01
2.371451047322617189e-01
2.392085842905689597e-01
2.412720669920374317e-01
2.433355534854377000e-01
2.453990445082320226e-01
2.474625407062426841e-01
2.495260425427155704e-01
2.515895502829746389e-01
2.536530639844981061e-01
2.557165834920644976e-01
2.577801084375076490e-01
2.598436378798970048e-01
2.619071718337291355e-01
2.639707089132143358e-01
2.660342479726041653e-01
2.680977878753507682e-01
2.701613279407262813e-01
2.722248679821835382e-01
2.742884075923602283e-01
2.763519463891984662e-01
2.784154840172065604e-01
2.804790201498344460e-01
2.825425544926208343e-01
2.846060867868085431e-01
2.866696168131205869e-01
2.887331492550893053e-01
2.907966789890972792e-01
2.928602052229794528e-01
2.949237271546460426e-01
2.969872439341094128e-01
2.990507548653161263e-01
3.011142594489342739e-01
3.031777573969264838e-01
3.052412486418011883e-01
3.073047333407948334e-01
3.093682114192966015e-01
3.114316844080216584e-01
3.134951526211162687e-01
3.155586170623267406e-01
3.176220789124747923e-01
3.196855393013881552e-01
3.217489995978305983e-01
3.238124602033987109e-01
3.258759214862091413e-01
3.279393837823316171e-01
3.300028473961053033e-01
3.320663125998206122e-01
3.341297796331118564e-01
3.361932487022336047e-01
3.382567207799695441e-01
3.403201992652724051e-01
3.423836809143241400e-01
3.444471663210070811e-01
3.465106561922621231e-01
3.485741511855934283e-01
3.506376517830107065e-01
3.527011582745970819e-01
3.547646707476358463e-01
3.568281885158453570e-01
3.588917124783360113e-01
3.609552414441430934e-01
3.630187746656989289e-01
3.650823111998092174e-01
3.671458499229249828e-01
3.692093896667597019e-01
3.712729296530200562e-01
3.733364696879111211e-01
3.754000093572764651e-01
3.774635482724776891e-01
3.795270860714742289e-01
3.815906224212284870e-01
3.836541570210025287e-01
3.857176896061001448e-01
3.877812199516015301e-01
3.898447526974285204e-01
3.919082828707499133e-01
3.939718096655288049e-01
3.960353322916337349e-01
3.980988498949538101e-01
4.001623617491339435e-01
4.022258673217251057e-01
4.042893662900206575e-01
4.063528585511416713e-01
4.084163438166636961e-01
4.104798232704423566e-01
4.125432970319115600e-01
4.146067658747861207e-01
4.166702307734534982e-01
4.187336928871419617e-01
4.207971532777482482e-01
4.228606135122771614e-01
4.249240739976756775e-01
4.269875351066654279e-01
4.290509971794475574e-01
4.311144605243603656e-01
4.331779254179182748e-01
4.352413921044580025e-01
4.373048607954916900e-01
4.393683316687888030e-01
4.414318096704686334e-01
4.434952907334888117e-01
4.455587754627445829e-01
4.476222645368741482e-01
4.496857586395152095e-01
4.517492582827097314e-01
4.538127637895693067e-01
4.558762752822759223e-01
4.579397921539389293e-01
4.600033152441303508e-01
4.620668434426481452e-01
4.641303760332415873e-01
4.661939121019488819e-01
4.682574505512598351e-01
4.703209901810963545e-01
4.723845301220835902e-01
4.744480701797264000e-01
4.765116099348337131e-01
4.785751489936604930e-01
4.806386869888757962e-01
4.827022235819782847e-01
4.847657584666496544e-01
4.868292913725144611e-01
4.888928220688165682e-01
4.909563540005560944e-01
4.930198846114683398e-01
4.950834119625651120e-01
4.971469352775029771e-01
4.992104537000661146e-01
5.012739664753352864e-01
5.033374730393709306e-01
5.054009730360620178e-01
5.074644658369268369e-01
5.095279525345204341e-01
5.115914329052801968e-01
5.136549074773133494e-01
5.157183769933111339e-01
5.177818423991582542e-01
5.198453048288281808e-01
5.219087652751855932e-01
5.239722255012142504e-01
5.260356859187077516e-01
5.280991469047654485e-01
5.301626088038589035e-01
5.322260719287731368e-01
5.342895365608086866e-01
5.363530029494509854e-01
5.384164713116295076e-01
5.404799418306618364e-01
5.425434194247220621e-01
5.446068999780478981e-01
5.466703841100986061e-01
5.487338724755528307e-01
5.507973657766445097e-01
5.528608645549156764e-01
5.549243691654276445e-01
5.569878793164434461e-01
5.590513959293840207e-01
5.611149182243413414e-01
5.631784457233282026e-01
5.652419777394764866e-01
5.673055133864037813e-01
5.693690515916676187e-01
5.714325911354037890e-01
5.734961310492355802e-01
5.755596711448133229e-01
5.776232109990739882e-01
5.796867502147519113e-01
5.817502884210334901e-01
5.838138252756486235e-01
5.858773604679139435e-01
5.879408937222641018e-01
5.900044248018437854e-01
5.920679555209585887e-01
5.941314865940243717e-01
5.961950145282317592e-01
-2.000002662632252848e-01
-2.000002813903141996e-01
-2.001757278092971826e-01
-2.003511754287825852e-01
-2.005266033286000338e-01
-2.007020131060370804e-01
-2.008774068360759113e-01
-2.010527867753734710e-01
-2.012281553608449569e-01
-2.014035152008388507e-01
-2.015788690595396448e-01
-2.017542198306488954e-01
-2.019295697127746203e-01
-2.021049196845980112e-01
-2.022802705963743786e-01
-2.024556231858304911e-01
-2.026309780893127965e-01
-2.028063358494692214e-01
-2.029816969191750864e-01
-2.031570617597557582e-01
-2.033324323921383847e-01
-2.035078108580775369e-01
-2.036831989831849599e-01
-2.038585983291495707e-01
-2.040340101553017316e-01
-2.042094353889200298e-01
-2.043848746037987552e-01
-2.045603280066400076e-01
-2.047357954308706429e-01
-2.049112763375009472e-01
-2.050867698226392644e-01
-2.052622745441758101e-01
-2.054377891285235902e-01
-2.056133115651538612e-01
-2.057888396851236812e-01
-2.059643710765839963e-01
-2.061399031324911701e-01
-2.063154347385511567e-01
-2.064909651831302040e-01
-2.066664938295891263e-01
-2.068420201114093693e-01
-2.070175435302031297e-01
-2.071930636556927052e-01
-2.073685801329983314e-01
-2.075440919301742015e-01
-2.077195969397081787e-01
-2.078950932303534616e-01
-2.080705791026866702e-01
-2.082460531342804066e-01
-2.084215142153815203e-01
-2.085969615757568285e-01
-2.087723948032710886e-01
-2.089478138546826680e-01
-2.091232190590921192e-01
-2.092986111144357342e-01
-2.094739909335804062e-01
-2.096493602105768128e-01
-2.098247204909500507e-01
-2.100000737897336489e-01
-2.101754223851580727e-01
-2.103507687799525405e-01
-2.105261151763025695e-01
-2.107014623329327707e-01
-2.108768109280464709e-01
-2.110521615665373885e-01
-2.112275147836993050e-01
-2.114028710465227501e-01
-2.115782307534063988e-01
-2.117535942180044650e-01
-2.119289632490166941e-01
-2.121043398860481544e-01
-2.122797259684312543e-01
-2.124551230843298166e-01
-2.126305325297176974e-01
-2.128059552764975659e-01
-2.129813919491641561e-01
-2.131568428094702539e-01
-2.133323077486130315e-01
-2.135077860638054659e-01
-2.136832774440449167e-01
-2.138587803931079334e-01
-2.140342933786634760e-01
-2.142098145544608367e-01
-2.143853417898668456e-01
-2.145608727043410713e-01
-2.147364047069215409e-01
-2.149119363839337715e-01
-2.150874670085310414e-01
-2.152629959306844865e-01
-2.154385225717868613e-01
-2.156140464222595088e-01
-2.157895670412014189e-01
-2.159650840613574208e-01
-2.161405967520649840e-01
-2.163161029852900819e-01
-2.164916007992021829e-01
-2.166670884551406551e-01
-2.168425644841557032e-01
-2.170180277240755795e-01
-2.171934773477741110e-01
-2.173689128831891304e-01
-2.175443342255528045e-01
-2.177197414812564735e-01
-2.178951356198547129e-01
-2.180705174460795259e-01
-2.182458883049843423e-01
-2.184212498693771098e-01
-2.185966041132884896e-01
-2.187719532801930267e-01
-2.189472998466459042e-01
-2.191226462966478772e-01
-2.192979934015872046e-01
-2.194733418507628098e-01
-2.196486922591537605e-01
-2.198240451715944843e-01
-2.199994010644527320e-01
-2.201747603456410685e-01
-2.203501233435144757e-01
-2.205254915750778644e-01
-2.207008671041147674e-01
-2.208762518040560396e-01
-2.210516473054449926e-01
-2.212270549533716379e-01
-2.214024757740719329e-01
-2.215779104500602281e-01
-2.217533593032556538e-01
-2.219288221095493396e-01
-2.221042988701849019e-01
-2.222797885615631075e-01
-2.224552900419371482e-01
-2.226308018276650369e-01
-2.228063221166176611e-01
-2.229818488171749491e-01
-2.231573795821016337e-01
-2.233329118453584172e-01
-2.235084439037081094e-01
-2.236839750168307384e-01
-2.238595045227892988e-01
-2.240350318320292744e-01
-2.242105564245256699e-01
-2.243860778490735508e-01
-2.245615957258138284e-01
-2.247371095272521213e-01
-2.249126171951503494e-01
-2.250881167376518333e-01
-2.252636063775368958e-01
-2.254390846003581084e-01
-2.256145501930192920e-01
-2.257900022734854184e-01
-2.259654403121753585e-01
-2.261408639991490388e-01
-2.263162738476509062e-01
-2.264916702611353971e-01
-2.266670541812742523e-01
-2.268424269017446371e-01
-2.270177900480513100e-01
-2.271931455514873133e-01
-2.273684956179433114e-01
-2.275438426921079504e-01
-2.277191894222515833e-01
-2.278945366960900831e-01
-2.280698852144955047e-01
-2.282452356030658103e-01
-2.284205884168123979e-01
-2.285959441422094340e-01
-2.287713031974491218e-01
-2.289466659253623915e-01
-2.291220335545778863e-01
-2.292974081732773728e-01
-2.294727916886879493e-01
-2.296481857728251419e-01
-2.298235918183409443e-01
-2.299990109036198216e-01
-2.301744437664917375e-01
-2.303498907860264400e-01
-2.305251501848182838e-01
-2.307003395991223671e-01
-2.308755453123393087e-01
-2.310507663891624153e-01
-2.312260012963526790e-01
-2.314001766472858213e-01
-2.315716611022160532e-01
-2.317404381981016115e-01
-2.319079170750553975e-01
-2.320752130280615000e-01
-2.322426008929078800e-01
-2.324100747759195174e-01
-2.325776258443452704e-01
-2.327452437493796877e-01
-2.329129177223894231e-01
-2.330806373216002259e-01
-2.332483928138734675e-01
-2.334161739516349421e-01
-2.335839715117302151e-01
-2.337517776147380877e-01
-2.339195855735101415e-01
-2.340873904414424722e-01
-2.342551879738491438e-01
-2.344229752035330572e-01
-2.345907501478369517e-01
-2.347585117003400945e-01
-2.349262595271802978e-01
-2.350939939700740777e-01
-2.352617159567319260e-01
-2.354294269184994681e-01
-2.355971287145393056e-01
-2.357648235616316701e-01
-2.359325139686065664e-01
-2.361002026832723089e-01
-2.362678910859103143e-01
-2.364355800217116388e-01
-2.366032702492990025e-01
-2.367709624424405024e-01
-2.369386571910648276e-01
-2.371063550018025212e-01
-2.372740562983580159e-01
-2.374417619895579645e-01
-2.376094742330623066e-01
-2.377771950081929986e-01
-2.379449260610178307e-01
-2.381126688595217589e-01
-2.382804245579275282e-01
-2.384481939695346497e-01
-2.386159775475815703e-01
-2.387837753737329649e-01
-2.389515871538578640e-01
-2.391194122207903894e-01
-2.392872495437559366e-01
-2.394550977441305406e-01
-2.396229551171602246e-01
-2.397908196592131169e-01
-2.399586891000815847e-01
-2.401265609393149481e-01
-2.402944328424719556e-01
-2.404623040410218682e-01
-2.406301738479806052e-01
-2.407980416504607868e-01
-2.409659069057541736e-01
-2.411337691398671712e-01
-2.413016279476852821e-01
-2.414694830008406456e-01
-2.416373326354509243e-01
-2.418051747972748688e-01
-2.419730076275632968e-01
-2.421408295149286571e-01
-2.423086391373327486e-01
-2.424764354949670853e-01
-2.426442179346031125e-01
-2.428119861658983580e-01
-2.429797402700799580e-01
-2.431474807014179784e-01
-2.433152082797195859e-01
-2.434829241807829892e-01
-2.436506299191817104e-01
-2.438183273239319937e-01
-2.439860185093510603e-01
-2.441537058410603589e-01
-2.443213918967237774e-01
-2.444890782284059316e-01
-2.446567655668271113e-01
-2.448244545646185155e-01
-2.449921458022918941e-01
-2.451598397911328997e-01
-2.453275369739890133e-01
-2.454952377222360815e-01
-2.456629426260800164e-01
-2.000021061806382394e-01
-2.000021219538691553e-01
-2.016497382022071072e-01
-2.032974707776971091e-01
-2.049451884700390081e-01
-2.065928926623755990e-01
-2.082405853278286034e-01
-2.098882684990290293e-01
-2.115359442863453676e-01
-2.131836144224464324e-01
-2.148312818974635052e-01
-2.164789478509517862e-01
-2.181266131170889744e-01
-2.197742784239076763e-01
-2.214219444071573728e-01
-2.230696116205575508e-01
-2.247172805431540410e-01
-2.263649515829692649e-01
-2.280126250867147708e-01
-2.296603013319595821e-01
-2.313079805351152818e-01
-2.329556683782559312e-01
-2.346033609914325857e-01
-2.362510594370594852e-01
-2.378987645671783446e-01
-2.395464769958517981e-01
-2.411941970793630707e-01
-2.428419249034579896e-01
-2.444896602771063632e-01
-2.461374027322315861e-01
-2.477851511892005809e-01
-2.494329053984410405e-01
-2.510806637140639563e-01
-2.527284239585827486e-01
-2.543761856019112200e-01
-2.560239477172862599e-01
-2.576717097552260194e-01
-2.593194711999028401e-01
-2.609672315686473176e-01
-2.626149904133761037e-01
-2.642627473233608582e-01
-2.659105019288909300e-01
-2.675582539054475184e-01
-2.692060029780123931e-01
-2.708537489269275955e-01
-2.725014932148709934e-01
-2.741492365392222408e-01
-2.757969744581800220e-01
-2.774447058599724403e-01
-2.790924298598430053e-01
-2.807401458260167515e-01
-2.823878533983349426e-01
-2.840355525000120562e-01
-2.856832433429217222e-01
-2.873309260025348477e-01
-2.889786021155573703e-01
-2.906262722735914461e-01
-2.922739377792794579e-01
-2.939215996122207519e-01
-2.955692604727068185e-01
-2.972169211975008718e-01
-2.988645823066948259e-01
-3.005122442803599969e-01
-3.021599075596292927e-01
-3.038075725463475485e-01
-3.054552396018480054e-01
-3.071029090452807586e-01
-3.087505811517761156e-01
-3.103982561505916338e-01
-3.120459342210266662e-01
-3.136936208434547568e-01
-3.153413121783397166e-01
-3.169890092389138214e-01
-3.186367128970102325e-01
-3.202844237948896389e-01
-3.219321423239047686e-01
-3.235798686103687483e-01
-3.252276019751757508e-01
-3.268753431751711402e-01
-3.285230908923759130e-01
-3.301708441668352867e-01
-3.318186017848437919e-01
-3.334663622974622377e-01
-3.351141236803585333e-01
-3.367618856299046115e-01
-3.384096475888570543e-01
-3.400574090340698907e-01
-3.417051694756678137e-01
-3.433529284583118901e-01
-3.450006855639770609e-01
-1.999970298932041701e-01
-1.999970138724407043e-01
-1.976373861917443686e-01
-1.952775317691995693e-01
-1.929176876683390829e-01
-1.905578531085667104e-01
-1.881980267612895497e-01
-1.858382073520085109e-01
-1.834783936447253461e-01
-1.811185844277109214e-01
-1.787587785027957565e-01
-1.763989738119983164e-01
-1.740391699112744661e-01
-1.716793663403061998e-01
-1.693195627096613087e-01
-1.669597586900118391e-01
-1.645999540037756392e-01
-1.622401484172858177e-01
-1.598803417417049011e-01
-1.575205291762918625e-01
-1.551607146217848232e-01
-1.528008974784375029e-01
-1.504410772224532844e-01
-1.480812534199629493e-01
-1.457214257381583555e-01
-1.433615939538478712e-01
-1.410017579594149695e-01
-1.386419177661757651e-01
4.099805954840524680e-01
4.224527068552219600e-01
-2.482361971972786375e-06
-1.937928520344632402e-03
-3.873546033250546260e-03
-5.809169606555874416e-03
-7.744798232956138541e-03
-9.680431271959352366e-03
-1.161606782585606831e-02
-1.355170676864285439e-02
4.000032209105005565e-01
-1.904787760135374652e-01
-1.880991595897356927e-01
-1.857195418483543192e-01
-1.833399231415680231e-01
-1.785806849310620503e-01
-1.762010658751042846e-01
-1.738214473437861840e-01
-1.714418295285126959e-01
-1.690622126155467420e-01
-1.666825967823276078e-01
-1.643029821937007917e-01
-1.619233689966499967e-01
-1.595437573232654782e-01
-1.571641426287664067e-01
-1.547845298306274320e-01
-1.524049196280513885e-01
-1.500253126489307087e-01
-1.476457094325528130e-01
-1.452661104160565819e-01
-1.428865159243863370e-01
-1.405069261633152822e-01
-1.381273412151733659e-01
-1.357477610370441679e-01
-1.333681854613358864e-01
-1.309886145334947516e-01
-1.286090471527715773e-01
-1.262294831691631314e-01
-1.238499219689028763e-01
-1.214703628478808195e-01
-1.190908046625450550e-01
-1.167112464366401314e-01
-1.143316879177163764e-01
-1.119521288811432119e-01
-1.095725691274375274e-01
-1.071930084805560596e-01
-1.048134467868133551e-01
-1.024338839141535618e-01
-1.000543156004318063e-01
-9.767474508586974913e-02
-9.529517226926420559e-02
-9.291559662919005036e-02
-9.053601771725396097e-02
-8.815643517172594423e-02
-8.577684872828111873e-02
-8.339725822787787124e-02
-8.101766362183290826e-02
-7.863806497429254305e-02
-7.625846246242755366e-02
-7.387885680259916044e-02
-7.149924747497862776e-02
-6.911963546166591255e-02
-6.674002136030812715e-02
-6.436040585640345757e-02
-6.198078971208450388e-02
-5.960117298151314247e-02
-5.722155626748363227e-02
-5.484193984580084530e-02
-5.246232397239340706e-02
-5.008270888309074298e-02
-4.770309479229259408e-02
-4.532348189083312828e-02
-4.294387034337492082e-02
-4.056425567455222703e-02
-3.818464271009448102e-02
-3.580503217475170669e-02
-3.342542472173301582e-02
-3.104582091588628870e-02
-2.866622122030029751e-02
-2.628662598597678035e-02
-2.390703544424655283e-02
-2.152744970182967482e-02
-1.914786873859283464e-02
-1.676829287397380366e-02
-1.438872086851966485e-02
-1.200915284747625968e-02
-9.629588316094070746e-03
-7.250026676947038048e-03
-4.870467239657144676e-03
-2.490908971129339716e-03
-1.113507003264625620e-04
2.268207829368906834e-03
4.647766845893697325e-03
7.027326551222403198e-03
9.406887123322662039e-03
1.178644871766989198e-02
1.416601146845112257e-02
1.654557750238306799e-02
1.892514776984393146e-02
2.130472024262527672e-02
2.368429545263086439e-02
2.606387386098726541e-02
2.844345584387268991e-02
3.082304168170106606e-02
3.320263155134971222e-02
3.558222552106586611e-02
3.796182354759506522e-02
4.034142498002919741e-02
4.272103061215631187e-02
4.510063950483694101e-02
4.748025117303164566e-02
4.985986503289588367e-02
5.223948041104689577e-02
5.461909655556729942e-02
5.699871331663179663e-02
5.937833010628443958e-02
6.175794664432834868e-02
6.413756267030111535e-02
6.651717794376837967e-02
6.889679224587751116e-02
7.127640538170607054e-02
7.365601718291620026e-02
7.603563207681754421e-02
7.841524538152605528e-02
8.079485636448391350e-02
8.317446436093058060e-02
8.555406879138252596e-02
8.793366917593042897e-02
