1.999982825550031540e-01
1.999982669282397707e-01
1.990044171312505272e-01
1.979748540199445239e-01
1.969264499821218317e-01
1.958639567858513342e-01
1.947963907252712457e-01
1.937310934815985597e-01
1.926575349713120777e-01
1.915651143139831813e-01
1.904483799207944417e-01
1.892985712327617809e-01
1.880924689435616859e-01
1.868812935754413929e-01
1.856786792378517792e-01
1.845067855071682306e-01
1.833134642769926603e-01
1.821119065991487207e-01
1.809114319801672366e-01
1.796995079218256519e-01
1.785032619172053081e-01
1.773037545371805301e-01
1.761195695107612147e-01
1.749403547380516954e-01
1.737232394507027544e-01
1.724658227985628733e-01
1.712183245642173168e-01
1.699536430796760866e-01
1.686819971443578592e-01
1.673765414851708100e-01
1.660710971759037924e-01
1.647422329917419548e-01
1.633920589659475509e-01
1.620547810884155060e-01
1.607273573622086671e-01
1.593822364677329462e-01
1.580318022842515380e-01
1.566538287703184706e-01
1.553021162292288482e-01
1.539243191897386731e-01
1.525305502350318976e-01
1.511349456134296609e-01
1.497308733804136593e-01
1.483590288414780856e-01
1.469888206802248409e-01
1.456132737573361258e-01
1.442540247414001164e-01
1.428631889150987488e-01
1.414173754015372320e-01
1.399597438944506222e-01
1.385059489777956121e-01
1.370250225613008355e-01
1.355706822002636369e-01
1.341171594123679034e-01
1.326598555148597314e-01
1.311864506143207154e-01
1.296947006742070474e-01
1.281650333928455454e-01
1.266842366247748208e-01
1.251694852282994597e-01
1.236451416263652514e-01
1.221418108614034104e-01
1.206478014696086148e-01
1.191236305407769175e-01
1.175567504675542330e-01
1.159902563588957325e-01
1.144081493689171336e-01
1.127956145149895673e-01
1.111879497162955449e-01
1.095357177222198719e-01
1.078873994078774767e-01
1.062099130648330586e-01
1.045735954096760345e-01
1.029316194815774188e-01
1.012965300094070126e-01
-2.000032231892920620e-01
-2.000032391630112427e-01
-2.022717422874166504e-01
-2.045602401323929898e-01
-2.068401287691543355e-01
-2.091647133272647452e-01
-2.115009137953224871e-01
-2.137993568639662556e-01
-2.160961552341183756e-01
-2.183768585187089994e-01
-2.206944539612458456e-01
-2.229143380483397940e-01
-2.252058671370018583e-01
-2.274902871658105730e-01
-2.298183208473816574e-01
-2.321083339871672924e-01
-2.343944312229896965e-01
-2.367360319357950382e-01
-2.390024779939135535e-01
-2.411504505556384403e-01
-2.433213593720795764e-01
-2.454602061938980506e-01
-2.476945781879696107e-01
-2.499530668638554609e-01
-2.522208784915005997e-01
-2.545169008174497649e-01
-2.568908354589882759e-01
-2.592255471685950274e-01
-2.615334001240760542e-01
-2.638588554163400213e-01
-2.662389799151877456e-01
-2.686156905750733404e-01
-2.709236973014597649e-01
-2.732262579556791748e-01
-2.754862620139066354e-01
-2.777298334020025239e-01
-2.799516457561088689e-01
-2.821360427394326575e-01
-2.843520506233534473e-01
-2.865648591751450147e-01
-2.888099809411171504e-01
-2.910247429849724399e-01
-2.932404949484833101e-01
-2.954821086267833685e-01
-2.976859787905096200e-01
-2.998479784363689560e-01
-3.020018815567177550e-01
-3.041193013056858185e-01
-3.062610810638433101e-01
-3.083700222944564251e-01
-3.104972352361702326e-01
-3.126565851343778291e-01
-3.147940827306257572e-01
-3.169084937149492798e-01
-3.189710088446195413e-01
-3.210026762679266676e-01
-3.229806979294403968e-01
-3.249911752094615247e-01
-3.270374623341101850e-01
-3.289900632604546016e-01
-3.309061937234740181e-01
-3.328112612583019603e-01
-3.346777298443819326e-01
-3.365184819689540641e-01
-3.383909315722037903e-01
-3.402587398666251928e-01
-3.420520417600929619e-01
3.999987165829620439e-01
3.999987011197601028e-01
3.993479440367330158e-01
3.986899401444678470e-01
3.980286363558198648e-01
3.973600373815889264e-01
3.967036096892476715e-01
3.960318413983145436e-01
3.953411882928418719e-01
3.946547645710992702e-01
3.939853663618743673e-01
3.933192501752258430e-01
3.926528196543879190e-01
3.919960822538361422e-01
3.913092128656027180e-01
3.905959889774398563e-01
3.898746342463186854e-01
3.891531931658486210e-01
3.884285525142625595e-01
3.876792378822127572e-01
3.869193489624643822e-01
3.861653942259662409e-01
3.854051717556957746e-01
3.846713746141806611e-01
3.839195868982047122e-01
3.831615803811906917e-01
3.823855755412207125e-01
3.816182862479993165e-01
3.808683540302881254e-01
3.800918420844867640e-01
3.793193524889205137e-01
3.785682925891932782e-01
3.777703310236895651e-01
3.769641904658777021e-01
3.761755542648055339e-01
3.753819744441796447e-01
3.745836533910571475e-01
3.737896083383386858e-01
3.729949163072266427e-01
3.722014691952264531e-01
3.714309327366795421e-01
3.706677185230973226e-01
3.699039000670557020e-01
3.691389936918416104e-01
3.683687913147738469e-01
3.675964913710357274e-01
3.668244900493797256e-01
3.661034038154514780e-01
3.653752947287457475e-01
3.646622631474528697e-01
3.640065953838649837e-01
3.633642518022187629e-01
3.627323905308102447e-01
3.620923424615413722e-01
3.614786695987605158e-01
3.608635372392028917e-01
3.602645866994373391e-01
3.596633771874828134e-01
3.590538680736763966e-01
3.584392182614984934e-01
3.578230573277899063e-01
3.572089191279684828e-01
3.566123976438284049e-01
3.560182349356390552e-01
3.554334307397783443e-01
3.548526629600476379e-01
3.542628741290762551e-01
3.536640391817551521e-01
3.530787249752541657e-01
3.525317445655510307e-01
3.519839870158422701e-01
3.514494898269455159e-01
3.509088014698319435e-01
3.503555986640874975e-01
3.498075464029029025e-01
3.492681239352447009e-01
3.487011889991930014e-01
3.481188057768507260e-01
3.475274167046780160e-01
3.469414484992608405e-01
3.463451453305522176e-01
3.457548177037626513e-01
3.451682921804652970e-01
3.446049935462687230e-01
3.440496806867854862e-01
3.434919409014390301e-01
3.429486231451869815e-01
3.424032218564654895e-01
3.418592452641782131e-01
3.413092943575709026e-01
3.407780656752895099e-01
3.402390103225906293e-01
3.396912742519865858e-01
3.391489348582926722e-01
3.385840755088372900e-01
3.380021794241232502e-01
3.374511087888285576e-01
3.369072035359050310e-01
3.363704056942615761e-01
3.358460033005519207e-01
3.353392882355698545e-01
3.348347787013883359e-01
3.343239754863875368e-01
3.337913072771043765e-01
3.332672185137557364e-01
3.327435869617496600e-01
3.322030069789771445e-01
3.316807057709966755e-01
3.311399871332160183e-01
3.306205732648935247e-01
3.301019898288483634e-01
3.295834978920527680e-01
3.290598647435865054e-01
3.284910428239028457e-01
2.969588355482201159e-06
2.985633949003978579e-06
1.407946500436429689e-03
2.780308142749892200e-03
4.152845564056216292e-03
5.479349088709895010e-03
6.752406055095771555e-03
8.049990457271883476e-03
9.324232860878732890e-03
1.056843167591883272e-02
1.182043131680426615e-02
1.305080005879449660e-02
1.425587824184982449e-02
1.543031923000556804e-02
1.665522857002390417e-02
1.787324757559238461e-02
1.911032577505201654e-02
2.030783950301270901e-02
2.152655203598550018e-02
2.279868745134569843e-02
2.406252380994263612e-02
2.537613127673494021e-02
2.670808743596916890e-02
2.804746731242026628e-02
2.941707589518002125e-02
3.081271973012013679e-02
3.224028945983524463e-02
3.369071444131017251e-02
3.511768700665449106e-02
3.655694624749854238e-02
3.793344167200916189e-02
3.926766608091859095e-02
4.066461132549632762e-02
4.200750244745986989e-02
4.339407430978315522e-02
4.473952651755613158e-02
4.609812870356716497e-02
4.752172825417760871e-02
4.891346538346416639e-02
5.033172969086460724e-02
5.176682762956641426e-02
5.317551171695274886e-02
5.462325426526692257e-02
5.604481125208563702e-02
5.747872621481977390e-02
5.889578408456767195e-02
6.030072573936887809e-02
6.160823727084502321e-02
6.298250629791067590e-02
6.437523436368060292e-02
6.577438255287225422e-02
6.714912359674188314e-02
6.854328701600874429e-02
6.996911721507188819e-02
7.141636299761316975e-02
7.286156996243563222e-02
7.429927164237788706e-02
7.570809974181667845e-02
7.714509633767047125e-02
7.866278148591020203e-02
8.022037305432734577e-02
8.176248601985165732e-02
8.331758862047457248e-02
8.488547115715290581e-02
8.640856992730788777e-02
8.792793019534850263e-02
8.941133336701949375e-02
9.089287464699943864e-02
9.235808725220502613e-02
9.386069380641287596e-02
9.532541273129115089e-02
9.684034499201954471e-02
9.832942584839396427e-02
9.983004795942709841e-02
1.012947860944152512e-01
1.027101380187343260e-01
1.040549611167786853e-01
1.054301225152040750e-01
1.067734849443589817e-01
1.081278246082601202e-01
1.095128699208562512e-01
1.109746353056567519e-01
1.124422454699342544e-01
1.139224958366077123e-01
1.154084229716337978e-01
1.169020049383487220e-01
1.184195539810624503e-01
1.198924908917873289e-01
1.213572759649916705e-01
1.227781768875568363e-01
1.242065756439783286e-01
1.256391565385899523e-01
1.270835755906518372e-01
1.285477257827691844e-01
1.299858234314805461e-01
1.314660246215733352e-01
1.329190108119457092e-01
1.343769272571312956e-01
1.357951836616906049e-01
1.371748858941898019e-01
1.385558356257731161e-01
1.399512385797118674e-01
1.413735812125586078e-01
1.428050118148243841e-01
1.442423326672681305e-01
1.457038639918392942e-01
1.472079422996692977e-01
1.487127533719704575e-01
1.502862254713480394e-01
1.518612397696400274e-01
1.534604693862219593e-01
1.550017944380325252e-01
1.565528432359931110e-01
1.580397833872472235e-01
1.595777763894263290e-01
1.610999107112632001e-01
1.625904840656162975e-01
1.641061865546794840e-01
1.656040559968522674e-01
1.671500364282211826e-01
1.686542434812115521e-01
1.701479158250309709e-01
1.715586769793605859e-01
1.729677360260642449e-01
1.743902016146371137e-01
1.757579160598992107e-01
1.770694465037387366e-01
1.783156143367133628e-01
1.795873322662417670e-01
1.808525453343886036e-01
1.820928040057311625e-01
1.833441312010071489e-01
1.846060365693643068e-01
1.858538509044675158e-01
1.871149020785596306e-01
1.883180418791700617e-01
1.895302496452835050e-01
1.907475265138311726e-01
1.919160346258785843e-01
1.931584870470755833e-01
1.943844757124950362e-01
1.956446090217214551e-01
1.969277004720475233e-01
1.981554398622935309e-01
1.993759569105267859e-01
2.005928724880234604e-01
2.018086239345528166e-01
2.030021811941843113e-01
2.041938564987293703e-01
2.053567972193220958e-01
2.064979324077978462e-01
2.076034282459018054e-01
2.087231129362702997e-01
2.098505661273422085e-01
2.109858809918058464e-01
2.122279721063606850e-01
2.134355123455005943e-01
2.146769592735435495e-01
2.159108915668110917e-01
2.171383754389897558e-01
2.183635032349112715e-01
2.195966395873041599e-01
2.208017749481654690e-01
2.220389086525301481e-01
2.232458826340643632e-01
2.244748655269571680e-01
2.256786892506082443e-01
2.268409638327273659e-01
2.280654080402334249e-01
2.293762199393488410e-01
2.307325792292563293e-01
2.320009644801753479e-01
2.332199225959620814e-01
2.344430383202134593e-01
2.356788084708496822e-01
2.369387018355804120e-01
2.381905883738190399e-01
2.394395978585190932e-01
2.406497267417815056e-01
2.418511772780482794e-01
2.430436514019045369e-01
2.442912610038766308e-01
2.454931243800918539e-01
2.466950907219737366e-01
2.478455695464716613e-01
2.489742615287550143e-01
2.501260163515816037e-01
2.512845411707494425e-01
2.524958316404744552e-01
2.536844411932026588e-01
2.548671902611658324e-01
2.560197457504946317e-01
2.572107369791112319e-01
2.583875345970909621e-01
2.595284855313554351e-01
2.606454064946840399e-01
2.617511423497254075e-01
2.628168729806027448e-01
2.638733847412331746e-01
2.649159786219537627e-01
2.659723126109796443e-01
2.669809763788529300e-01
2.679997982557545400e-01
2.690286648908015166e-01
2.700591100555835289e-01
2.710534507742212718e-01
2.720529604181407546e-01
2.730713358571998928e-01
2.740746759927777942e-01
2.750807372252389582e-01
2.760836293857755197e-01
2.770354904717937106e-01
2.779359936993626712e-01
2.788416226647973950e-01
2.797059958196209117e-01
2.806292912902560444e-01
2.814858518605828919e-01
2.823621002388446710e-01
2.832144360060488419e-01
2.840069445070558807e-01
2.847857702327006857e-01
2.856135629857734504e-01
2.864485719431708044e-01
2.872500368556085704e-01
2.880691360487754871e-01
2.888510264780346781e-01
2.896448985183764924e-01
2.904306023237384071e-01
2.912047223185995071e-01
2.919940076545464169e-01
2.928357555617520647e-01
2.936811709292585504e-01
2.945222630026806954e-01
2.953622650810593941e-01
2.962147665361991589e-01
2.970956634027431820e-01
2.979456608513941784e-01
2.988008362004944130e-01
2.996496490199213047e-01
3.005426844948833609e-01
3.014203309965620692e-01
3.023290984820620197e-01
3.032384846017562863e-01
3.041311537035910062e-01
3.049950332468874814e-01
3.058215153225471994e-01
3.066904873907555507e-01
3.075716251276733315e-01
3.084841822938528266e-01
3.093784381790308236e-01
3.102870847494025863e-01
3.112195596924459129e-01
3.121684036347495694e-01
3.130707711207050825e-01
3.140293510750832295e-01
3.149979021268845547e-01
3.159656645678276532e-01
3.169182612314008773e-01
3.178694142518057597e-01
3.188312449241139102e-01
3.197749774216315233e-01
3.207202812393680769e-01
3.216570050220160515e-01
3.225780098128984696e-01
3.234507797779312410e-01
3.243531577002364830e-01
3.252297389669375760e-01
3.260653638261575282e-01
3.268624108272589757e-01
3.276326110096226540e-01
3.284224860785742162e-01
3.291968178089038632e-01
3.299639526546016555e-01
3.307232120866971936e-01
3.314931565244366718e-01
3.322892466221545327e-01
3.330640727825744385e-01
3.338358021085394145e-01
3.346056142556885771e-01
3.353542277544950267e-01
3.361110062063191184e-01
3.368313842954079873e-01
3.375164691853704269e-01
3.382323410350567272e-01
3.389654869273071025e-01
3.396816884821071691e-01
3.404098767736427611e-01
3.411193986837354197e-01
3.418276535609409694e-01
3.425591369394076491e-01
3.432742281283042707e-01
3.439931279646065154e-01
3.447176075059038003e-01
3.454160831672031251e-01
3.461059582247849598e-01
3.467920161574679638e-01
3.474461855040942293e-01
3.481023509364686852e-01
3.487603496818482696e-01
3.494175303243982622e-01
3.500847237819286750e-01
3.507334567179196672e-01
3.513680157244301050e-01
3.519901398778645385e-01
3.525979244783488675e-01
3.532090175854855629e-01
3.538403852214743184e-01
3.544549011909028380e-01
3.550568505878602954e-01
3.556558387064472360e-01
3.562439941673683497e-01
3.568370657488222908e-01
3.574271169236043488e-01
3.580139183404558723e-01
3.586052700037302143e-01
3.591952132793002073e-01
3.597972344660972932e-01
3.604100521590876127e-01
3.610067706359099127e-01
3.615981654594635497e-01
3.621851283456895554e-01
3.627577905094804267e-01
3.633023311695320334e-01
3.638259573097692989e-01
3.643316394737146635e-01
3.648194639573235643e-01
3.653103566686866643e-01
3.657756104083637050e-01
3.662339446648676389e-01
3.666846206784394879e-01
3.671332301285020194e-01
3.675694013333301591e-01
3.679909673773432144e-01
3.684040580140464649e-01
3.688003737977950114e-01
3.691727701403378359e-01
3.695399334429440574e-01
3.699024148695496672e-01
3.702481303124403600e-01
3.705805941609028875e-01
3.709029133370409514e-01
3.712162633955449209e-01
3.715198774768663781e-01
3.718171561691832050e-01
3.721060176168689004e-01
3.723945765160456278e-01
3.726791460992727734e-01
3.729541878864728321e-01
3.732250056663011795e-01
3.734939830521045168e-01
3.737594378428353292e-01
3.740134586691208907e-01
3.742554966761053037e-01
3.744866533033083811e-01
3.746953130990765546e-01
3.749034035376911933e-01
3.750952184200427864e-01
3.752704280607993548e-01
3.754273771643748536e-01
3.755716900292679350e-01
3.757006480500552636e-01
3.758198737866013661e-01
3.759300410595374786e-01
3.760277582656304518e-01
3.761150747721369592e-01
3.761963590771971733e-01
3.762663966420013439e-01
3.763289480035078016e-01
3.763835280982181786e-01
3.764274991845570351e-01
3.764623832019110550e-01
3.764880617844130750e-01
3.765061326499790639e-01
3.765146216890142838e-01
3.765144059123444742e-01
3.765034394997197054e-01
3.764821688155782775e-01
3.764505138646679905e-01
3.764110267804163801e-01
3.763632133702780047e-01
3.763079802057165968e-01
3.762444367517727706e-01
3.761705479845319777e-01
3.760842827711041170e-01
3.759888470857521425e-01
3.758817406029207331e-01
3.757632633351134510e-01
3.756397124968398060e-01
3.755090451146693709e-01
3.753777264481301668e-01
3.752426234611971334e-01
3.751025050839201236e-01
3.749560831949296791e-01
3.748073335811491491e-01
3.746549640013000504e-01
3.745008462765182511e-01
3.743435722550907951e-01
3.741882461718579189e-01
3.740335717820679196e-01
3.738812209613792126e-01
3.737274764291356743e-01
3.735730822068094037e-01
3.734219709730476899e-01
3.732675809537772671e-01
3.731115166499587854e-01
3.729512428503501953e-01
3.727828749493548588e-01
3.726028686606105422e-01
3.724094725059742816e-01
3.721998514696055471e-01
3.719838313868067958e-01
3.717567869260489100e-01
3.715205126108290790e-01
3.712714114595906389e-01
3.710116129978177635e-01
3.707443271576752464e-01
3.704733872821784901e-01
3.701953685700083430e-01
3.699028556452507166e-01
3.695976045838787472e-01
3.692827761003661946e-01
3.689514246399246411e-01
3.686084347381625714e-01
3.682577257239138535e-01
3.679081425974737862e-01
3.675486916362826761e-01
3.671756013995819967e-01
3.667989320058336888e-01
3.664086226697344517e-01
3.660043790829217158e-01
3.655899823030196449e-01
3.651556752198036326e-01
3.647094178781574159e-01
3.642425230666377356e-01
3.637587719621356852e-01
3.632709305976229985e-01
3.627611777723031561e-01
3.622432652458152380e-01
3.617190690474905157e-01
3.611899172873777042e-01
3.606353059807798633e-01
3.600788999165196458e-01
3.595233179850264027e-01
3.589697207318084948e-01
3.584002165637985016e-01
3.578250691601327360e-01
3.572459176684087412e-01
3.566602892845178729e-01
3.560576572412958996e-01
3.554196308151832406e-01
3.547737624444773918e-01
3.541326507079619046e-01
3.534876582806213974e-01
3.528265519632109992e-01
3.521646192187927737e-01
3.515069049079796448e-01
3.508284842181707552e-01
3.501474515270615595e-01
3.494594073429394543e-01
3.487388788464244604e-01
4.000025377495192158e-01
4.000025536713117114e-01
4.016552221772872189e-01
4.033169052768573737e-01
4.049764056075727536e-01
4.066354919877859797e-01
4.083241533286270930e-01
4.100323448237769841e-01
4.117504349332722913e-01
4.135250465753254612e-01
4.152782531336301486e-01
4.170243642981868448e-01
4.188275929985342261e-01
4.206747017920274834e-01
4.224892987458371274e-01
4.243248066343892066e-01
4.260962284542162970e-01
4.278550132687712892e-01
4.296352183353006615e-01
4.314378932552555002e-01
4.332642561302310069e-01
4.350886567244910408e-01
4.368704445499695943e-01
4.386316301667006479e-01
4.403652942446477647e-01
4.421628668655427363e-01
4.439647216525237639e-01
4.457112674471433444e-01
4.475160030045948201e-01
4.492817571789670672e-01
4.510627878872294771e-01
4.528153078321134895e-01
4.546633905755032012e-01
4.564633450526538461e-01
4.582983853021619924e-01
4.601883446701171554e-01
4.620926445600989640e-01
4.640015568331424811e-01
4.658776655939543820e-01
4.678242172314657221e-01
4.698039912374581961e-01
4.718052692530289027e-01
4.738129743976388641e-01
4.758743978602354430e-01
4.779149146019621708e-01
4.799119487187762378e-01
4.818558393974639031e-01
4.837926499813063885e-01
4.857033605924498953e-01
4.876061781419590013e-01
4.895250571213833890e-01
4.914462976450328369e-01
4.933873798834527702e-01
4.953130453177226333e-01
4.972468960576833519e-01
4.992071867151511855e-01
5.011333341505056493e-01
5.030916508390723685e-01
5.050537131057093454e-01
5.069675141635717752e-01
5.088646047162986852e-01
5.107490735511092117e-01
5.126086593218797116e-01
5.144066061341078244e-01
5.161640721790059505e-01
5.178955590095399852e-01
5.196914505802607831e-01
5.214432687070975625e-01
5.232590422014743448e-01
5.250528405527932208e-01
5.268650474192873023e-01
5.286735993692572855e-01
5.304625250519909851e-01
5.322369053521311955e-01
5.339949113255036961e-01
5.357898560402895027e-01
5.376202193906530757e-01
5.394086340234073296e-01
5.411931841676833610e-01
5.429792085966371751e-01
5.448053474778764560e-01
5.466119464326097965e-01
5.484743866450839667e-01
5.503153218068426167e-01
5.521586192806421378e-01
5.540203296962792345e-01
-1.999969136515755974e-01
-1.999968976367357265e-01
-1.983433435394561517e-01
-1.966946986629266314e-01
-1.950313616150728124e-01
-1.933706577545193650e-01
-1.917047993094422864e-01
-1.899920912694098019e-01
-1.882652728377509910e-01
-1.865110236795316789e-01
-1.847300692259984112e-01
-1.829640635277363092e-01
-1.811771238158650099e-01
-1.794050133897094890e-01
-1.776517861217968008e-01
-1.759406917043672414e-01
-1.743024617648605001e-01
-1.726817516900689131e-01
-1.711121727869000242e-01
-1.695158247921569605e-01
-1.679409669871903266e-01
-1.663922072841209632e-01
-1.648394253079691896e-01
-1.632977980598306622e-01
-1.617525818751658351e-01
-1.602397451464540601e-01
-1.587481045295102422e-01
-1.572122984441084725e-01
-1.556805664221881103e-01
-1.541588035622949160e-01
-1.526063824167235849e-01
-1.509775820132846225e-01
-1.492561950535351289e-01
-1.475924996319212534e-01
-1.459191186548075003e-01
-1.442156057155046800e-01
-1.425343178174211245e-01
-1.407800596978386054e-01
-1.389969764276018649e-01
-1.371901539397521463e-01
-1.353426585031176632e-01
-1.334895299847162764e-01
-1.316800700423452486e-01
-1.298984823840502734e-01
-1.280966254327146892e-01
-1.263047644403054448e-01
-1.245419562674147523e-01
-1.227450010129957220e-01
-1.209108908075636202e-01
-1.190920530689825729e-01
-1.172574975012220105e-01
-1.154709517874912966e-01
-1.137415078048149703e-01
-1.120611622615673569e-01
-1.103954328984254329e-01
-1.087225394618123037e-01
-1.069391878358462028e-01
-1.052066589970014482e-01
-1.034676925081626786e-01
-1.017379007478569630e-01
-9.999983848571362965e-02
-9.825984494982165085e-02
-9.650245420695552356e-02
-9.476396007168282065e-02
-9.299293312689274615e-02
-9.124040342019167082e-02
-8.947715432574115946e-02
-8.765603774390905156e-02
-8.586171217804454414e-02
-8.400263806126045951e-02
-8.212125767330269444e-02
-8.022251769381495701e-02
-7.836421462309849095e-02
-7.648309813775006072e-02
-7.462058991944491015e-02
-7.279211222341566700e-02
-7.102076208802154955e-02
-6.926852219216886319e-02
-6.751678216797013521e-02
-6.573917175237641020e-02
-6.397949604476198260e-02
-6.224887145320670556e-02
-6.049021401643717155e-02
-5.879399462835690343e-02
-5.713363873078903393e-02
-5.550879531032835990e-02
-5.387958301708004744e-02
-5.223103701773538360e-02
-5.048885477586115972e-02
-4.871729303557311569e-02
-4.692623942798275494e-02
-4.512125453920886459e-02
-4.337422292247328920e-02
-4.168670344936146327e-02
-4.001189597956455318e-02
-3.836500525316146465e-02
-3.675109772611086234e-02
-3.516129613912322149e-02
-3.360982608418381506e-02
-3.210666661338489047e-02
-3.062389366441652799e-02
-2.914742624968962720e-02
-2.767320684732707189e-02
-2.623721760541817064e-02
-2.481126429676218034e-02
-2.344236242547338353e-02
-2.206169645537355006e-02
-2.068960240258189281e-02
-1.935218988780162616e-02
-1.804290755781026712e-02
-1.670865740948897574e-02
-1.544994304521616311e-02
-1.418032243341372373e-02
-1.295339051194405698e-02
-1.172148248129984902e-02
-1.046440722983361417e-02
-9.119639170271049561e-03
-7.760728486129668362e-03
-6.440391906182020218e-03
-5.131925623378449410e-03
-3.771145389384255361e-03
-2.428648851314078091e-03
-1.063429737828427762e-03
3.528714172057189637e-04
1.796772624827597730e-03
3.209461739987070142e-03
4.623847343610110357e-03
6.040824054301584256e-03
7.504131602811482844e-03
8.933526609705715396e-03
1.039608413035177092e-02
1.180113421335099791e-02
1.319860102377493245e-02
1.453745876906194223e-02
1.591690573488966157e-02
1.726291514833011576e-02
1.860403011548586796e-02
1.987052960250564396e-02
2.107434384244710746e-02
2.231934212926372021e-02
2.357689699855001347e-02
2.478039779796621656e-02
2.594842703966555864e-02
2.711085784507411001e-02
2.829331505300763938e-02
2.953458119816574148e-02
3.077116918181517155e-02
3.199928510282037258e-02
3.323496869497138961e-02
3.442759408656579506e-02
3.561350948731447502e-02
3.682686643957529954e-02
3.798407014456780389e-02
3.910511988560218949e-02
4.021669582425510536e-02
4.125675268550227370e-02
4.226547880653340472e-02
4.329463029485984549e-02
4.433900394951075657e-02
4.533226327909951198e-02
4.630852900256231947e-02
4.728038996822051671e-02
4.819920454819832945e-02
4.906426503865989747e-02
4.990261399276281484e-02
5.068940899698680391e-02
5.143805042970356345e-02
5.216452399952425933e-02
5.286730435240746123e-02
5.350646505560870125e-02
5.412927230387343247e-02
5.470170342445044437e-02
5.524686772148176134e-02
5.576091168490943800e-02
5.626348070998871825e-02
5.671025856689604350e-02
5.713057058052761067e-02
5.754075398412589193e-02
5.794630555259271121e-02
5.833410174235629381e-02
5.870319754928771810e-02
5.903874651281320468e-02
5.934804270625766015e-02
5.963511991822414982e-02
5.988865987655823953e-02
6.010583522052721089e-02
6.029906586227555543e-02
6.046072011454690920e-02
6.059413311755883907e-02
6.070257792281006509e-02
6.077920856285006640e-02
6.082927735215774845e-02
6.085428754338569751e-02
6.085086622339368895e-02
6.081679196793067510e-02
6.075341819569481105e-02
6.065700764893665331e-02
6.053371331411505629e-02
6.038754440726756822e-02
6.021964099315761654e-02
6.002369571374512741e-02
5.979775779834517468e-02
5.954838833531009290e-02
5.926620432099847374e-02
5.896203612019839529e-02
5.863280615717094552e-02
5.830012715008636021e-02
5.794419002416794501e-02
5.756163289097380314e-02
5.715929363926880447e-02
5.671718985373080946e-02
5.624241650375882973e-02
5.572968672213329810e-02
5.518896354574129998e-02
5.461708300454153064e-02
5.402471769497123322e-02
5.339064715442348730e-02
5.275068637436980401e-02
5.210907196814412723e-02
5.145051592082186542e-02
5.074856810968757237e-02
5.000717033729094180e-02
4.928599015502236474e-02
4.854575337966939019e-02
4.775643930063552117e-02
4.695716236364812918e-02
4.610217815986960427e-02
4.525740253982651895e-02
4.435867430026974728e-02
4.341710219636266826e-02
4.245407605893154052e-02
4.148320445498129838e-02
4.049553105968836664e-02
3.947935599305280041e-02
3.841494815326979007e-02
3.731159556106435765e-02
3.618597023831218729e-02
3.499688770810235189e-02
3.381013565183978858e-02
3.257468081502768592e-02
3.129627127500183431e-02
3.007688303269455410e-02
2.882431836553391025e-02
2.756391493271104220e-02
2.629059206143040395e-02
2.506770968736845087e-02
2.386773455634256733e-02
2.265541595718081197e-02
2.146519429899314615e-02
2.025607619509386600e-02
1.901070640616749421e-02
1.778191308385219244e-02
1.649108031689786036e-02
1.519848200356938885e-02
1.388823534979830195e-02
1.257497044718373577e-02
1.128154174923520943e-02
1.000101443156425213e-02
8.662893553269485417e-03
7.308293236768635508e-03
5.953281036082730925e-03
4.634778413155122949e-03
3.343412750792786915e-03
2.065688224258294212e-03
7.827496825224987062e-04
-4.895283380373901053e-04
-1.776337726928889707e-03
-3.041546367777518516e-03
-4.343370558253676836e-03
-5.684129006298158614e-03
-6.932969677687372996e-03
-8.204890544669012423e-03
-9.464582300560684877e-03
-1.071232418560283048e-02
-1.191442334884827356e-02
-1.309137480909041383e-02
-1.425376689816866028e-02
-1.547526883512109590e-02
-1.675114709313717948e-02
-1.804107933521560680e-02
-1.933468359331604741e-02
-2.067416277864377386e-02
-2.209293809845270379e-02
-2.354661502893418135e-02
-2.498217022118674746e-02
-2.644831262424981663e-02
-2.799536216868160621e-02
-2.955160751715995779e-02
-3.111113061823468987e-02
-3.272018242428748058e-02
-3.429650257631419036e-02
-3.586179141650078228e-02
-3.738816310009702992e-02
-3.895630441611450806e-02
-4.051188034950111566e-02
-4.212594539499681101e-02
-4.378615565414489125e-02
-4.542763231011950897e-02
-4.713721240603162277e-02
-4.884570456809755878e-02
-5.056909806759471437e-02
-5.232695215595670885e-02
-5.408998042159761377e-02
-5.581774809670565773e-02
-5.755694353725465673e-02
-5.926609487656139819e-02
-6.100350083114088051e-02
-6.271801705194166021e-02
-6.443963071846460500e-02
-6.612101476093834584e-02
-6.780758656722239708e-02
-6.956751236537969674e-02
-7.133916940168547050e-02
-7.315924813176077901e-02
-7.493413800024718852e-02
-7.671458119523545671e-02
-7.849003691428182994e-02
-8.017525885532909846e-02
-8.185735050685927217e-02
-8.360059460741905979e-02
-8.533421562350908263e-02
-8.712344320444807833e-02
-8.891017567917826325e-02
-9.069895636574831776e-02
-9.253900242202704740e-02
-9.436188029693916290e-02
-9.624000778106064913e-02
-9.812000840275617031e-02
-1.000329678448123455e-01
-1.019407143435650670e-01
-1.038690968146844945e-01
-1.057959189832089614e-01
-1.077668727476484012e-01
-1.096916948402929803e-01
-1.115958053605152211e-01
-1.134779525254107219e-01
-1.153300654541088016e-01
-1.171750642863921832e-01
-1.190459813439781189e-01
-1.209838356742123366e-01
-1.229491979028946025e-01
-1.248755230890528367e-01
-1.267452751264586119e-01
-1.286126077129394751e-01
-1.305200040492015823e-01
-1.324495163265275999e-01
-1.343936175771419106e-01
-1.363088986601370678e-01
-1.382244400860495603e-01
-1.401000867595188493e-01
-1.419416636706242185e-01
-1.438032049949444224e-01
-1.456947634581731987e-01
-1.475822935962413929e-01
-1.494120330313203626e-01
-1.512290704452208534e-01
-1.530360109888421194e-01
-1.548515464797181052e-01
-1.566421129187886008e-01
-1.583988920407856382e-01
-1.601235530753055691e-01
-1.618597308097627641e-01
-1.635923696535846183e-01
-1.653149551675445195e-01
-1.670419178212157185e-01
-1.688213947272912685e-01
-1.705814902541695766e-01
-1.724029366194308466e-01
-1.741738103523700343e-01
-1.759464556444562400e-01
-1.777036664986197112e-01
-1.794563283668110243e-01
-1.811891041185228757e-01
-1.829455354901897424e-01
-1.846667433708759076e-01
-1.864256794399090367e-01
-1.882232353370807132e-01
-1.900394479027818773e-01
-1.918066572898146360e-01
-1.935961546392923616e-01
-1.953206185217086777e-01
-1.970283723793032904e-01
-1.987233466659091008e-01
-2.003972446840772692e-01
-2.020513187624635165e-01
-2.036682547069615101e-01
-2.052568746023309687e-01
-2.068399693772359493e-01
-2.084211928731506125e-01
-2.100043147586899417e-01
-2.115915745486773858e-01
-2.131938292809423818e-01
-2.148282596521746135e-01
-2.164517401550274389e-01
-2.181046064339096369e-01
-2.197260868453284888e-01
-2.213799325290154718e-01
-2.230662202244047543e-01
-2.247619311471477921e-01
-2.264459352940645931e-01
-2.281257081205095016e-01
-2.297936804020207224e-01
-2.314180634688343674e-01
-2.330416067635859290e-01
-2.346327026868715859e-01
-2.362119754440223651e-01
-2.377673399559456224e-01
-2.392903332578965869e-01
-2.408064140479557469e-01
-2.423479996098772959e-01
-2.439215378194526107e-01
-2.455098146559689110e-01
-2.471269039958514935e-01
-2.487316324874366269e-01
-2.503301038151775071e-01
-2.519222516988096072e-01
-2.535097464882625773e-01
-2.551196710503197407e-01
-2.567306289077914694e-01
-2.583631163479443438e-01
-2.600320066319947721e-01
-2.617077685482921967e-01
-2.634062241104935809e-01
-2.651134703351916144e-01
-2.668093001792731789e-01
-2.685002222070572153e-01
-2.701811290452016401e-01
-2.718874713497609341e-01
-2.735940817030701466e-01
-2.753009207366928779e-01
-2.770079503824275924e-01
-2.787151349922615817e-01
-2.804224446863592957e-01
-2.821298580088147934e-01
-2.838373518894076741e-01
-2.855449071644520220e-01
-2.872525026050036789e-01
-2.889601231249863122e-01
-2.906677589491010738e-01
-2.923754027119298549e-01
-2.940830490201827296e-01
-2.957906940593964529e-01
-2.974983352519874336e-01
-2.992059709676230250e-01
-3.009136002123454223e-01
-3.026212154837005786e-01
-3.043288169725378856e-01
-3.060364063433218540e-01
-3.077439915029714368e-01
-3.094515722525589818e-01
-3.111591485446725813e-01
-3.128667204746817809e-01
-3.145742882773451821e-01
-3.162818523266762161e-01
-3.179894131370287202e-01
-3.196969713637815014e-01
-3.214045278024296182e-01
-3.231120755969963398e-01
-3.248196145352945652e-01
-3.265271444988499527e-01
-3.282346672896340189e-01
-3.299421901498746923e-01
-3.316497137196864342e-01
-3.333572384437618608e-01
-3.350647647198172763e-01
-3.367722929014225208e-01
-3.384798232993768141e-01
-3.401873561820129566e-01
-3.418948927693704065e-01
-3.436024402367987007e-01
-3.453099982627221842e-01
-3.470175663083597262e-01
-3.487251438001749970e-01
-3.504327226963914188e-01
-3.521403033105964808e-01
-3.538478859145668398e-01
-3.555554706179623881e-01
-3.572630573574793189e-01
-3.589706458910252307e-01
-3.606782357965512276e-01
-3.623858264752320424e-01
-3.640934187522050780e-01
-3.658010191956058699e-01
-3.675086279629488639e-01
-3.692162451743829510e-01
-3.709238653980494460e-01
-3.726314853771272029e-01
-3.743391046250783005e-01
-3.760467226896317405e-01
-3.777543391541460238e-01
-3.794619536402945581e-01
-3.811695658115172858e-01
-3.828771753767842845e-01
-3.845847820942018824e-01
-3.862923787408616971e-01
-3.879999653208265342e-01
-3.897075427271688430e-01
-1.855759897417021199e-06
-1.871439257490189599e-06
-1.449610272572347770e-03
-2.897435370305484047e-03
-4.345244764383251850e-03
-5.793039907028737535e-03
-7.240822844329642717e-03
-8.688595702623688743e-03
-1.013635959362423587e-02
-1.158411834079699394e-02
-1.303187390229297582e-02
-1.447962787441828963e-02
-1.592738114838797986e-02
-1.737513450285279107e-02
-1.882288861855548404e-02
-2.027064408906608176e-02
-2.171840142841280005e-02
-2.316616107469947686e-02
-2.461392340042037677e-02
-2.606168870319815201e-02
-2.750945739448239225e-02
-2.895723055341322544e-02
-3.040501422249380220e-02
-3.185280435252690889e-02
-3.330060186070709499e-02
-3.474840740870759059e-02
-3.619622138086080188e-02
-3.764404387022651788e-02
-3.909187467171145597e-02
-4.053971328165151267e-02
-4.198755858035314870e-02
-4.343541020836391708e-02
-4.488326643959591328e-02
-4.633112477932119916e-02
-4.777898529357255814e-02
-4.922684648962168119e-02
-5.067470762547275631e-02
-5.212256813857581855e-02
-5.357042750500729672e-02
-5.501828524024773848e-02
-5.646614090153549009e-02
-5.791399409127368642e-02
-5.936184446105430973e-02
-6.080969171588158223e-02
-6.225753562410093339e-02
-6.370537542954850252e-02
-6.515321155661232821e-02
-6.660104523648230357e-02
-6.804887175328508397e-02
-6.949669016221390883e-02
-7.094449978949665669e-02
-7.239230025255276313e-02
-7.384009147285486296e-02
-7.528787368179946926e-02
-7.673564701811673439e-02
-7.818341313240134705e-02
-7.963117272297251525e-02
-8.107892598935143025e-02
-8.252667634674745734e-02
-8.397442522869894010e-02
-8.542217391641493407e-02
-8.686992298199644469e-02
-8.831767295240204596e-02
-8.976542431116668608e-02
-9.121317749837240529e-02
-9.266093290951347983e-02
-9.410869089374439278e-02
-9.555645175185958906e-02
-9.700421573351696025e-02
-9.845198314372761994e-02
-9.989975499048278640e-02
-1.013475362181565087e-01
-1.027953249099096550e-01
-1.042431208852619695e-01
-1.056909248363639420e-01
-1.071387371853806114e-01
-1.085865580689011622e-01
-1.100343868259412022e-01
-1.114822241224316252e-01
-1.129300686159112332e-01
-1.143779192727764765e-01
-1.158257747861669157e-01
-1.172736325967188437e-01
-1.187214928308363143e-01
-1.201693540040582042e-01
-1.216172152161413694e-01
-1.230650758951594842e-01
-1.245129355084050732e-01
-1.259607935628751230e-01
-1.274086496075168828e-01
-1.288565032366309482e-01
-1.303043540938919609e-01
-1.317522018764700209e-01
-1.332000463427971682e-01
-1.346478868878572266e-01
-1.360957229268587310e-01
-1.375435576820135120e-01
-1.389913854519433112e-01
-1.404392052497492049e-01
-1.418870163553725694e-01
-1.433348183373053530e-01
-1.447826110667438104e-01
-1.462303943649937155e-01
-1.476781694458922101e-01
-1.491259367156569926e-01
-1.505736972601570967e-01
-1.520214514075949597e-01
-1.534692021579838195e-01
-1.549169512042994634e-01
-1.563646999677746618e-01
-1.578124490273681291e-01
-1.592601989162486520e-01
-1.607079501238195540e-01
-1.621557030960127932e-01
-1.999982704470135431e-01
-1.999982547614146955e-01
-1.986509149112178074e-01
-1.973034897012351241e-01
-1.959560547812945752e-01
-1.946086115449492393e-01
-1.932611610820149373e-01
-1.919137065037689605e-01
-1.905662469847289597e-01
-1.892187840193041148e-01
-1.878713192333406612e-01
-1.865238541252111915e-01
-1.851763893505865843e-01
-1.838289255099337660e-01
-1.824814631509279750e-01
-1.811340027689285204e-01
-1.797865448060567417e-01
-1.784390896510339442e-01
-1.770916376302185957e-01
-1.757441890113599636e-01
-1.743967443201694945e-01
-1.730493047554952646e-01
-1.717018698355408657e-01
-1.703544385316316245e-01
-1.690070153462297498e-01
-1.676596010854906338e-01
-1.663121962637641171e-01
-1.649648010875212067e-01
-1.636174154464799246e-01
-1.622700389115739883e-01
-1.609226710447385356e-01
-1.595753101888299219e-01
-1.582279568652291413e-01
-1.568806074125350114e-01
-1.555332603569220540e-01
-1.541859140999743416e-01
-1.528385677262667219e-01
-1.514912206661152283e-01
-1.501438723964551303e-01
-1.487965224396534114e-01
-1.474491703639742302e-01
-1.461018157851156907e-01
-1.447544583683184061e-01
-1.434070978306531130e-01
-1.420597339481263488e-01
-1.407123657204177036e-01
-1.393649920049835900e-01
-1.380176088187371197e-01
-1.366702162150802979e-01
-1.353228155322429016e-01
-1.339754062185727068e-01
-1.326279880111226050e-01
-1.312805609476868918e-01
-1.299331253716867196e-01
-1.285856823307852115e-01
-1.272382318763828624e-01
-1.258907757107485259e-01
-1.245433165357847233e-01
-1.231958539795029728e-01
-1.218483895729821354e-01
-1.205009248439552899e-01
-1.191534604045921542e-01
-1.178059968242354955e-01
-1.164585346304727598e-01
-1.151110743080134002e-01
-1.137636162960205671e-01
-1.124161609844356591e-01
-1.110687087098214260e-01
-1.097212597487172286e-01
-1.083738145300066763e-01
-1.070263742488034714e-01
-1.056789399792120582e-01
-1.043315076030330996e-01
-1.029840831480691721e-01
-1.016366674696061873e-01
-1.002892611352406843e-01
-9.894186440704076657e-02
-9.759447770220740226e-02
-9.624709969978817448e-02
-9.489973021844153034e-02
-9.355236826352673896e-02
-9.220501416980743381e-02
-9.085766418140939216e-02
-8.951413108959997700e-02
-8.818770178133093773e-02
-8.684061638514495307e-02
-8.548860008179721970e-02
-8.413663726794143316e-02
-8.279291360835157321e-02
-8.145164866467149989e-02
-8.010636569551589370e-02
-7.874987886861808950e-02
-7.740928166638155750e-02
-7.606578587573309402e-02
-7.472234614943194797e-02
-7.336193146511636731e-02
-7.199762044143548367e-02
-7.063343056262606778e-02
-6.927067185160304397e-02
-6.790647057825237309e-02
-6.654234985146806336e-02
-6.517829458245455454e-02
-6.381429098569423031e-02
-6.245379497731164825e-02
-6.108929826869153451e-02
-5.973867763093804184e-02
-5.837505343272732239e-02
-5.701384433770564225e-02
-5.566132456984326793e-02
-5.429411293142211853e-02
-5.292827064305876544e-02
-5.157094975164056017e-02
-5.020599160149467194e-02
-4.884122859181520837e-02
-4.747005281955347933e-02
-4.611121031263948344e-02
-4.473774129144547640e-02
-4.335720509346725066e-02
-4.199281893581181813e-02
-4.063372540212881884e-02
-3.926052169333026087e-02
-3.790655332967815538e-02
-3.653877059574822672e-02
-3.519016080658528278e-02
-3.383517358786667512e-02
-3.249109320194832479e-02
-3.110302454314044923e-02
-2.971181985546945611e-02
-2.833870158940159784e-02
-2.695644916695043303e-02
-2.558637251433570903e-02
-2.421500219469041940e-02
-2.283161536414626477e-02
-2.145731277303022932e-02
-2.003873911506517946e-02
-1.862137104502935292e-02
-1.720065440500405732e-02
-1.578018762004412476e-02
-1.435993539745508869e-02
-1.293986288938153532e-02
-1.151993565868238319e-02
-1.010012422232803644e-02
-8.680402249167894907e-03
-7.260747079501741683e-03
-5.841139455377274484e-03
-4.421558193164767947e-03
-3.001992829986225349e-03
-1.582436997169184463e-03
-1.628832018783085635e-04
1.256673926074057968e-03
2.676237988398790912e-03
4.095811135180517371e-03
5.515394340783181908e-03
6.934987639099338651e-03
8.354590320845116380e-03
9.774201097010964956e-03
1.119382182838621342e-02
1.261344828918162936e-02
1.403307856414687423e-02
1.545271111252239336e-02
1.687234494107671401e-02
1.829197913550096796e-02
1.971161286880811214e-02
2.113124540566603884e-02
2.255087610411645599e-02
2.397050441566391313e-02
2.539012988433471743e-02
2.680975214421942726e-02
2.822937064077838537e-02
2.964898420215671473e-02
3.106859322050420022e-02
3.248819604826410495e-02
3.390779167473776529e-02
3.531713650114227249e-02
3.673823063163891844e-02
3.815929943398889412e-02
3.958034183441300896e-02
4.100135882794192499e-02
4.241224801858670124e-02
4.383471446155776802e-02
4.525714380260923569e-02
4.667854708966048122e-02
4.809577455746449209e-02
4.950536684924955466e-02
5.092854989837741070e-02
5.235408054939705985e-02
5.376874272339689231e-02
5.518532185302853915e-02
5.661385329684609502e-02
5.804231630381410240e-02
5.947071621459419644e-02
6.089906055269716373e-02
6.232735771136613256e-02
6.374988137858643433e-02
6.516591370992946830e-02
6.657349165397628832e-02
6.798017501000769292e-02
6.937136537683090409e-02
7.077202378245069092e-02
7.218660452779668280e-02
7.359444194553482754e-02
7.501626003549924371e-02
7.644349303700170850e-02
7.789096179503274264e-02
7.934222610664153075e-02
8.079457106639044428e-02
8.223427878182694439e-02
8.367580230255569629e-02
8.511215369343849702e-02
8.654980438598261494e-02
8.799611157895939617e-02
8.942976938275751242e-02
9.084835585083214649e-02
9.225589595282278343e-02
9.369497194732562262e-02
9.516136041340041152e-02
9.662575823416598431e-02
9.809817770650804125e-02
9.953890881465385365e-02
1.010162437596089369e-01
1.024967045571057306e-01
1.039801074262109298e-01
1.054981297885139863e-01
1.069712256260811484e-01
1.084367383913765054e-01
1.099056303587579442e-01
1.113791859461772393e-01
1.128667102740883998e-01
1.143748717658951974e-01
1.158825273452016580e-01
1.173669333023533157e-01
1.188747347349520950e-01
1.203907035821714516e-01
1.219509221515186898e-01
1.235206625682500753e-01
1.251187700161607297e-01
1.267341931123630583e-01
1.283579863638698859e-01
1.299728070390265278e-01
1.315834751966510341e-01
1.331756110678358473e-01
1.347265131246560277e-01
1.363008567568456397e-01
1.378698819761502159e-01
1.394116132018030640e-01
1.409896378997494981e-01
1.425515861432606335e-01
1.440888521593338134e-01
1.456544660966159754e-01
1.472707367341460627e-01
1.488560297978689106e-01
1.504810269655859623e-01
1.520944421681882375e-01
1.536579162242659169e-01
1.551583006267752418e-01
1.566489353795763317e-01
1.581744008276258773e-01
1.596873001719670004e-01
1.612496028008261750e-01
1.628388666826018905e-01
1.644228148679893753e-01
1.660106606314585009e-01
1.675507593852114951e-01
1.691018647389373741e-01
1.706601928869877494e-01
1.721712408304233999e-01
1.736804507795264574e-01
1.751928293919879642e-01
1.767282750705345962e-01
1.782625680060990203e-01
1.798220097016560992e-01
1.814317660137049482e-01
1.830964865247846629e-01
1.847302271395240003e-01
1.864242327659012821e-01
1.881445454011573537e-01
1.898575115434394667e-01
1.916392807700240675e-01
1.934154648650870945e-01
1.951928620509373324e-01
1.970050806199713789e-01
1.987784730456885751e-01
2.005592960790718859e-01
2.023182278435105841e-01
2.040677043268530333e-01
2.058467250625587164e-01
2.076707955111876946e-01
2.094918433208540209e-01
2.112674215666919264e-01
2.131256249252725388e-01
2.150013761718228000e-01
2.169001248894646960e-01
2.188130008792334991e-01
2.207329523147003036e-01
2.226613387907591946e-01
2.245908897463459175e-01
2.265477023794238431e-01
2.285020761376225229e-01
2.304796816437827967e-01
2.324857972722212118e-01
2.344847034638227745e-01
2.364881747413892232e-01
2.385079990355546964e-01
2.405309452818367444e-01
2.425559132262811446e-01
2.445835694512267788e-01
2.466174199350286977e-01
2.486639987168222654e-01
2.507161903429244720e-01
2.527681901703802692e-01
2.548200381942051784e-01
2.568717737803744017e-01
2.589171019224218440e-01
2.609691691385166434e-01
2.630211907548574146e-01
2.650731817348155883e-01
2.671251546244326480e-01
2.691771188850881624e-01
2.712290774936456650e-01
2.732810286317227666e-01
2.753329839707053250e-01
2.773849455738109926e-01
2.794368985866522714e-01
2.814888324536188868e-01
2.835407491179924300e-01
2.855926598886667778e-01
2.876445673999822872e-01
2.896964728428906843e-01
2.917483859447889127e-01
2.938003090682189677e-01
2.958522419855423857e-01
2.979041843702130987e-01
2.999561359079229161e-01
3.020080963010604025e-01
3.040600592271308078e-01
3.061120187286329730e-01
3.081639733174869611e-01
3.102159216674240660e-01
3.122678626318695083e-01
3.143197952600683687e-01
3.163717188113442935e-01
3.184236322107896200e-01
3.204755394239455213e-01
3.225274475047900657e-01
3.245793629512052081e-01
3.266312892895016362e-01
3.286832259386363031e-01
3.307351722387210091e-01
3.327871273221371662e-01
3.348390901264343134e-01
3.368910594096513056e-01
3.389430337691428097e-01
3.409950116629290040e-01
3.430469826410423861e-01
3.450989449586840396e-01
3.471508983126784798e-01
3.492028425953280779e-01
3.512547777320161324e-01
3.533067037280563372e-01
3.553586305299235582e-01
3.574105611610089994e-01
3.594624966237374153e-01
3.615144385347256462e-01
3.635663893663448887e-01
3.656183540808070065e-01
3.676703290324064843e-01
3.697223096246315954e-01
3.717742853725521934e-01
3.738262600378191025e-01
3.758782286853709076e-01
3.779301858753137955e-01
3.799821332047489952e-01
3.820340713561614088e-01
3.840860012110153265e-01
3.861379238371265288e-01
3.881898404743841513e-01
3.902417525168913603e-01
3.922936694493820431e-01
3.943455945048675582e-01
3.963975278423969018e-01
3.984494694537494275e-01
4.005014193104697862e-01
4.025533773692599460e-01
4.046053397138552055e-01
4.066572984652776501e-01
4.087092526135249204e-01
4.107612005887890660e-01
4.128131412760158159e-01
4.148650737337865602e-01
4.169169972153703996e-01
4.189689113413585519e-01
4.210208167451867101e-01
4.230727230742316602e-01
4.251246351376688493e-01
4.271765582465101851e-01
4.292284918030048191e-01
4.312804351638284683e-01
4.333323874830879441e-01
4.353843477244304649e-01
4.374363146747545228e-01
4.394882869607665277e-01
4.415402630678390561e-01
4.435922342599831758e-01
-2.000018530911034931e-01
-2.000018687694513353e-01
-2.014474775254370686e-01
-2.028931722265330251e-01
-2.043388512157161829e-01
-2.057845159458033257e-01
-2.072301684635171615e-01
-2.086758108960448943e-01
-2.101214443560560641e-01
-2.115670726642204513e-01
-2.130126977808830258e-01
-2.144583213074164607e-01
-2.159039441356148947e-01
-2.173495670446396744e-01
-2.187951907156817921e-01
-2.202408157427067359e-01
-2.216864426400874388e-01
-2.231320718462238839e-01
-2.245777037338602400e-01
-2.260233386008128620e-01
-2.274689768610420049e-01
-2.289146195976422826e-01
-2.303602728552812673e-01
-2.318059325807406978e-01
-2.332515996918135825e-01
-2.346972748506082340e-01
-2.361429584417090444e-01
-2.375886505582330555e-01
-2.390343509949424960e-01
-2.404800592478245069e-01
-2.419257741968263709e-01
-2.433714954813664122e-01
-2.448172213746195869e-01
-2.462629493808367043e-01
-2.477086795679388775e-01
-2.491544104409268157e-01
-2.506001412540530549e-01
-2.520458714442738168e-01
-2.534916004872357354e-01
-2.549373278980475721e-01
-2.563830532336238144e-01
-2.578287760960887853e-01
-2.592744961367977052e-01
-2.607202130605584811e-01
-2.621659266356059503e-01
-2.636116361004417485e-01
-2.650573417947909571e-01
-2.665030451157422986e-01
-2.679487412666528012e-01
-2.693944293021505731e-01
-2.708401085480705017e-01
-2.722857786216233422e-01
-2.737314394442688092e-01
-2.751770912475932085e-01
-2.766227341709786569e-01
-2.780683698650698865e-01
-2.795139990292552223e-01
-2.809596218639553444e-01
-2.824052417817537464e-01
-2.838508602182957530e-01
-2.852964784598200909e-01
-2.867420970789859580e-01
-2.881877166032456028e-01
-2.896333375165727753e-01
-2.910789602594404113e-01
-2.925245852276888714e-01
-2.939702127707736201e-01
-2.954158431897452863e-01
-2.968614767344563976e-01
-2.983071137123520788e-01
-2.997527551353307285e-01
-3.011984058655611252e-01
-3.026440641534861031e-01
-3.040897297324761106e-01
-3.055354032951161924e-01
-3.069810852638362730e-01
-3.084267757752994221e-01
-3.098724741687471917e-01
-3.113181811090670603e-01
-3.127638952536329620e-01
-3.142096155681275982e-01
-3.156553407447919568e-01
-3.171010682232619504e-01
-3.185467981320846409e-01
-3.199925289845740872e-01
-3.214382598763479426e-01
-3.228839902349749935e-01
-3.243297195273099343e-01
-3.257754472599702633e-01
-3.272211729815736048e-01
-3.286668962861363785e-01
-3.301126168170896436e-01
-3.315583342714004678e-01
-3.330040484073754081e-01
-3.344497586150288471e-01
-3.358954642267598656e-01
-3.373411686268145693e-01
-3.387868660348020144e-01
-3.402325554632257276e-01
-3.416782361915998156e-01
-3.431239077881713673e-01
-3.445695701240867881e-01
-3.460152230210709057e-01
-3.474608676927633533e-01
-3.489065045462312331e-01
-3.503521346681096604e-01
-3.517977583283994902e-01
-3.532433786447399249e-01
-3.546889972509700839e-01
-3.561346155735756192e-01
-3.575802341920605310e-01
-3.590258536400788847e-01
-3.604714744074686839e-01
-3.619170969405515748e-01
-3.633627216413126138e-01
-3.648083488658745988e-01
-3.662539789225668363e-01
-3.676996120696383041e-01
-3.691452485344908219e-01
-3.705908892769763097e-01
-3.720365382235963359e-01
-3.734821955354965528e-01
-3.749278600054640198e-01
-3.763735323679117672e-01
-3.778192130909313051e-01
-3.792649023591828095e-01
-3.807105996027498884e-01
-3.821563054422035255e-01
-3.836020186291165257e-01
-3.850477381731883808e-01
-3.864934628076756029e-01
-3.879391899120150922e-01
-3.893849196723636608e-01
-3.908306506170477479e-01
-3.922763816947449911e-01
-3.937221123257326205e-01
-3.951678419697609024e-01
-3.966135701262963886e-01
-3.980592963366568759e-01
-3.995050201873672768e-01
-4.009507413141383814e-01
-4.023964594059205035e-01
-4.038421742113053048e-01
-4.052878852660326547e-01
-4.067335914904166017e-01
-4.081792970454565239e-01
-4.096249957876866854e-01
-4.110706866899778711e-01
-4.125163689879648987e-01
-4.139620422031056179e-01
-4.154077057296414188e-01
-4.168533605641582263e-01
-4.182990066851446920e-01
-4.197446448383128081e-01
-4.211902760673081891e-01
-4.226359014702568140e-01
-4.240815223201270801e-01
-4.255271412329312830e-01
-4.269727597242224948e-01
-4.284183784260102157e-01
-4.298639978785080418e-01
-4.313096185778522162e-01
-4.327552409767501107e-01
-4.342008654838901416e-01
-4.356464924625210178e-01
-4.370921222285139018e-01
-4.385377550481562858e-01
-4.399833911336121228e-01
-4.414290313291333590e-01
-4.428746786437907090e-01
-4.443203351103315324e-01
-4.457659986013272069e-01
-4.472116698921669853e-01
-4.486573494952967311e-01
-4.501030372504101762e-01
-4.515487339632872077e-01
-4.529944388105778819e-01
-4.544401511361673140e-01
-4.558858699915646073e-01
-4.573315941491331027e-01
-4.587773209254465412e-01
-4.602230505705999786e-01
-4.616687816299668845e-01
-4.631145129135496585e-01
-4.645602438357291364e-01
-4.660059738507528193e-01
-4.674517024525757236e-01
-4.688974291766362934e-01
-4.703431536029111237e-01
-4.717888753596867213e-01
-4.732345941275482026e-01
-4.746803096446531867e-01
-4.761260215354167213e-01
-4.775717287529007704e-01
-4.790174348903639689e-01
-4.804631349191779699e-01
-4.819088272449673083e-01
-4.833545110610921736e-01
-4.848001858438918399e-01
-4.862458513691471085e-01
-4.876915074543161088e-01
-4.891371550320062767e-01
-4.905827945155453174e-01
-4.920284269023710300e-01
2.000026638918253885e-01
2.062823570105501436e-01
2.083756546337695581e-01
2.104689557620012808e-01
2.125622596855466784e-01
2.146555654797639989e-01
2.167488721701522902e-01
2.188421790220447527e-01
2.209354857313877152e-01
2.230287919300667221e-01
2.251220972682567156e-01
2.272154014168615843e-01
2.293087040706237034e-01
2.314020049516329891e-01
2.334953038124060742e-01
2.355886004417043489e-01
2.376818977052644055e-01
2.397751941551013732e-01
2.418684874049110145e-01
2.439617767235112422e-01
2.460550613009538645e-01
2.481483403924108488e-01
2.502416134361427624e-01
2.523348800698937966e-01
2.544281401417940458e-01
2.565213937163112745e-01
2.586146410755688629e-01
2.607078823572507309e-01
2.628011189963581629e-01
2.648943515069391852e-01
2.669875809687922152e-01
2.690808084196328331e-01
2.711740352524618647e-01
2.732672622219503022e-01
2.753604897000690999e-01
2.774537180269688874e-01
2.795469475119667369e-01
2.816401784335410552e-01
2.837334110387279007e-01
2.858266455422483476e-01
2.879198821256014895e-01
2.900131257919443262e-01
2.921063723307307236e-01
2.941996223702816882e-01
2.962928765093134631e-01
2.983861353957149576e-01
3.004793995687989328e-01
3.025726693872953788e-01
3.046659450162312877e-01
3.067592264190842632e-01
3.088525133545998447e-01
3.109458049132762802e-01
3.130391014624808732e-01
3.151324016336481959e-01
3.172257044083438560e-01
3.193190086334934397e-01
3.214123134166025353e-01
3.235056184345733721e-01
3.255989232726509974e-01
3.276922275411729979e-01
3.297855308757305925e-01
3.318788329388201452e-01
3.339721334226169458e-01
3.360654320525090499e-01
3.381587285909809504e-01
3.402520245208558447e-01
3.423453211158642429e-01
3.444386146808464111e-01
3.465319044660217784e-01
3.486251896975032794e-01
3.507184695971897193e-01
3.528117435655688250e-01
3.549050112008338420e-01
3.569982723112095635e-01
3.590915263675130142e-01
3.611847747489989047e-01
3.632780173148069669e-01
3.653712547311828152e-01
3.674644878644525159e-01
3.695577177670222313e-01
3.716509454991549499e-01
3.737441723447134656e-01
3.758373992662044083e-01
3.779306266411537329e-01
3.800238548144211914e-01
3.821170840994037587e-01
3.842103147783829664e-01
3.863035471023489875e-01
3.883967812904898231e-01
3.904900175294473419e-01
3.925832607922017936e-01
3.946765068134205356e-01
3.967697562354809970e-01
3.988630096472947084e-01
4.009562677008542964e-01
4.030495309636836221e-01
4.051427998262688845e-01
4.072360744881344252e-01
4.093293549488358218e-01
4.114226405852621782e-01
4.135159318985113797e-01
4.156092277948251201e-01
4.177025274657090725e-01
4.197958299182747433e-01
4.218891339995490819e-01
4.239824386998474748e-01
4.260757437012449023e-01
4.281690485842954974e-01
4.302623529545970826e-01
4.323556564428127080e-01
4.344489587063536384e-01
4.365422594322615479e-01
4.386355583408135250e-01
4.407288551893475681e-01
4.428221497758185188e-01
4.449154467518622869e-01
4.470087408248674676e-01
4.491020312288734884e-01
4.511953171971357923e-01
4.532885979441436120e-01
4.553818728405241711e-01
4.574751414525263793e-01
4.595684035551595992e-01
4.616616586298331049e-01
4.637549079312860978e-01
4.658481513303860400e-01
4.679413894604495527e-01
4.700346231571901900e-01
4.721278534454861342e-01
4.742210814120672024e-01
4.763143082300961839e-01
4.784075350628396728e-01
4.805007622931691258e-01
4.825939902706620765e-01
4.846872193130815076e-01
-3.996362964230688597e-01
-3.994648801368486102e-01
-3.970237723962297127e-01
-3.945824277408830905e-01
-3.921409769773859799e-01
-3.506300414942215560e-01
-3.481881469497912773e-01
-3.457462608846768592e-01
-3.433043856345899258e-01
-3.408625239204410851e-01
-3.384206787341130784e-01
-3.359788532290727825e-01
-3.335370399730527846e-01
-3.310952329948151918e-01
-3.286534310373927514e-01
-3.262116338298066687e-01
-3.237698406915690552e-01
-3.213280508940486446e-01
-3.188862636655647176e-01
-3.164444778398983749e-01
-3.140026924091929850e-01
-3.115609070675987580e-01
-3.091191215544698001e-01
-3.066773356481433677e-01
-3.042355491609003981e-01
-3.017937619348656786e-01
-2.993519738386431484e-01
-2.969101801457070811e-01
-2.944683849827791633e-01
-2.920265878539431426e-01
-2.895847883132202094e-01
-2.871429859778834581e-01
-2.847011805393402373e-01
-2.822593717718165363e-01
-2.798175595388196490e-01
-2.773757437973978224e-01
-2.749339246003290049e-01
-2.724921020964677920e-01
-2.700502765294980900e-01
-2.676084485228936716e-01
-2.651666178856684764e-01
-2.627247854484097145e-01
-2.602829517938677339e-01
-2.578411175706630809e-01
-2.553992827079695771e-01
-2.529574478213897915e-01
-2.505156131452212498e-01
-2.480737788964946233e-01
-2.456319452751406229e-01
-2.431901124631041244e-01
-2.407482806226078076e-01
-2.383064498938207432e-01
-2.358646157794915266e-01
-2.334227830886494715e-01
-2.309809524588614105e-01
-2.285391244663617927e-01
-2.260972996116792366e-01
-2.236554783082340125e-01
-2.212136608734967813e-01
-2.187718475223296710e-01
-2.163300383624149614e-01
-2.138882333919106260e-01
-2.114464330389110303e-01
-2.090046359571061940e-01
-2.065628424233394989e-01
-2.041210520249671090e-01
-2.016792642602322216e-01
-1.992374785463849607e-01
-1.967956942290177980e-01
-1.943539096938682875e-01
-1.919121249546204000e-01
-1.894703398246235515e-01
-1.870285541404926866e-01
-1.845867677598259093e-01
-1.821449805593162719e-01
-1.797031924331622954e-01
-1.772614000499356246e-01
-1.748196049162233645e-01
-1.723778078961307747e-01
-1.699360085410973054e-01
-1.674942064616010140e-01
-1.650524013392072331e-01
-1.626105929358380719e-01
-1.601687811004764428e-01
-1.577269657736247443e-01
-1.552851469899298731e-01
-1.528433253492393618e-01
-1.504015000718806616e-01
-1.479596720075553595e-01
-1.455178415669654279e-01
-1.430760092454519405e-01
-1.406341756152129641e-01
-1.381923413159972247e-01
-1.357505063753382812e-01
-1.333086713734133733e-01
-1.308668365483208196e-01
-1.284250021211771897e-01
-1.259831682960553534e-01
-1.235413352587235170e-01
-1.210995031746141676e-01
-1.186576721864759237e-01
-1.162158378466654762e-01
-1.137740048323861997e-01
-1.113321737873312484e-01
-1.088903452974661901e-01
-1.064485198759399648e-01
-1.040066979506574785e-01
-1.015648798543973413e-01
-9.912306581742960643e-02
-9.668125596273088873e-02
-9.423945076483464245e-02
-9.179764916361521365e-02
-8.935585146792859867e-02
-8.691405737717666780e-02
-8.447226649336385396e-02
-8.203047832777712878e-02
-7.958869230910270431e-02
-7.714690779285460209e-02
-7.470512327294762112e-02
-7.226333858171606062e-02
-6.982155352902173762e-02
-6.737976794851210927e-02
-6.493798169497415340e-02
-6.249619464219657861e-02
-6.005440668130444110e-02
-5.761261663488779355e-02
-5.517082177605130144e-02
-5.272902510705707035e-02
-5.028722617116895138e-02
-4.784542456861962806e-02
-4.540361996887098961e-02
-4.296181212001937838e-02
-4.052000085579617744e-02
-3.807818610054970743e-02
-3.563636830895620944e-02
-3.319454666254845199e-02
-3.075272186423446893e-02
-2.831089422045121942e-02
-2.586906412916467266e-02
-2.342723207404671937e-02
-2.098539861689899255e-02
-1.854356438864903853e-02
-1.610172951254885965e-02
-1.365989453926759814e-02
-1.121805970978109572e-02
-8.776225247772207610e-03
-6.334391359680955139e-03
-3.892558233598359795e-03
-1.450726037442409905e-03
9.911050831730224431e-04
3.432939524536685223e-03
5.874772745285018055e-03
8.316604094255759458e-03
1.075843297521244732e-02
1.320025886264155658e-02
1.564208131474143643e-02
1.808389998368811757e-02
2.052571462324814799e-02
2.296752509373862355e-02
2.540933102650999240e-02
2.785113320708422491e-02
3.029293144602883750e-02
3.273472602829155531e-02
3.517651733714200618e-02
3.761830584766665680e-02
4.006009211884726390e-02
4.250187678433863664e-02
4.494366124237461624e-02
4.738544583933869403e-02
4.982723076955575953e-02
5.226901620312948693e-02
5.471080228865587980e-02
5.715258915538721368e-02
5.959437691492888017e-02
6.203616566246082653e-02
6.447796023650093078e-02
6.691975654718879118e-02
6.936155505869216753e-02
7.180335618044886292e-02
7.424516025439044375e-02
7.668696754506751367e-02
7.912877823222427831e-02
8.157059240548479584e-02
8.401241006081389129e-02
8.645423073825829474e-02
8.889605501223654671e-02
9.133788218452781882e-02
9.377971187134630238e-02
9.622154360225999847e-02
9.866337682746044446e-02
1.011052109266021293e-01
1.035470456860508731e-01
1.059888805811665391e-01
1.084307153688269104e-01
1.108725498230080930e-01
1.133143837345152866e-01
1.157562169120046336e-01
1.181932676471016963e-01
1.206352491031777163e-01
1.230772323306352778e-01
1.255192127390382384e-01
1.279571832500973894e-01
1.303578573221538250e-01
1.327595816549794749e-01
1.351159373272981523e-01
1.374996159282469432e-01
1.398703209625454247e-01
1.422808760012929108e-01
1.446665336656282608e-01
1.470474632299673401e-01
1.494276040817262285e-01
1.517951556027090920e-01
1.541779704533420836e-01
1.565652436221522947e-01
1.589278923251634390e-01
1.613009114458294480e-01
1.636341732054547859e-01
1.659560719412504493e-01
1.682985360940593700e-01
1.706469903291026602e-01
1.730220587457530490e-01
1.753950414525128898e-01
1.777644065612951629e-01
1.801628773030003461e-01
1.825321480325219070e-01
1.848947416542792155e-01
1.872717734036397907e-01
1.896149456306369385e-01
1.919862059066201887e-01
1.943576220423114953e-01
1.967593376080210565e-01
1.991693327295825655e-01
2.015715692605307419e-01
2.039687200432860337e-01
2.063996530604158275e-01
2.088621235010608701e-01
2.113142187561427576e-01
2.137658890624033470e-01
2.162155984351220306e-01
2.186333306348511030e-01
2.210689795564123317e-01
