1.999989683193296730e-01
1.999989528862272659e-01
1.993615613013660082e-01
1.992345122018879255e-01
1.990934360787193214e-01
1.989779343776714726e-01
1.988611601039287358e-01
1.987298775306144405e-01
1.985982098433040355e-01
1.984780037075478676e-01
1.983584860572897846e-01
1.982596305913773005e-01
1.981517390441826787e-01
1.980348462874934323e-01
1.979001703830528813e-01
1.977433436757417007e-01
1.975895582871075584e-01
1.974493583892214521e-01
1.973236402739882711e-01
1.971889733190065885e-01
1.970360846246352882e-01
1.968804600662978910e-01
1.967086757258423857e-01
1.965345567268635962e-01
1.963585979427813488e-01
1.962192264230510075e-01
1.960464094078327724e-01
1.958641523395990292e-01
1.956906386546949927e-01
1.954988988492938617e-01
1.953153932676044424e-01
1.951254324154007846e-01
1.949326621086493738e-01
1.947508735741845243e-01
1.945799087593561849e-01
1.944370170726604230e-01
1.942829235516887187e-01
1.941140009571869218e-01
1.939522056836935904e-01
1.937931783220747661e-01
1.936334789573602999e-01
1.934915521066993271e-01
1.933316725001723857e-01
1.931720471361819125e-01
1.930177872072904866e-01
1.928656546666360216e-01
1.927113314237060560e-01
1.925639072474763513e-01
1.924225643909434069e-01
1.922599500757725122e-01
1.920901209396400633e-01
1.919272562173068575e-01
1.917394326806142746e-01
1.915691435101641860e-01
1.914007339456496037e-01
1.912448312500177883e-01
1.911210305045267510e-01
1.909751433288824629e-01
1.908264746799512301e-01
1.906646281418016009e-01
1.904831059187351849e-01
1.902931078146509469e-01
1.900897049743543454e-01
1.898898431384081209e-01
1.896780117201018745e-01
1.894439734325112923e-01
1.892057927231723391e-01
1.889807098103544192e-01
1.887574436046753623e-01
1.885409465789438244e-01
1.883459476456492143e-01
1.881276143361349240e-01
1.879077057436103759e-01
1.876862456562211345e-01
1.874444342558262699e-01
1.871904010418810327e-01
1.869769817993500727e-01
1.867410314013428496e-01
1.865334550476672737e-01
1.863592065515076723e-01
1.862145497028899199e-01
1.860479414193788317e-01
1.858793034723942028e-01
1.857213627570160341e-01
1.855501318206241868e-01
1.853403466025485558e-01
1.851388709269388422e-01
1.849586272067316184e-01
1.847915816813375245e-01
1.846261847498758824e-01
1.844781679821651255e-01
1.843352336349530218e-01
1.841541052454635785e-01
1.839770690720494983e-01
1.837703112295720198e-01
1.835253276300052028e-01
1.832599732390381708e-01
1.829590543454696905e-01
1.826595974984430992e-01
1.824035474378997157e-01
1.821424856450687413e-01
1.818781804830252868e-01
1.816386257222269984e-01
1.813380811256904424e-01
1.810245961110173996e-01
1.806889388285609077e-01
1.803513581200510418e-01
1.800661000306338078e-01
1.797836607590362346e-01
1.795457597591453014e-01
1.793209896826564176e-01
1.791109775191141174e-01
1.789048914550741276e-01
1.787352448685130268e-01
1.785982295534835340e-01
1.784199162948923167e-01
1.782693358909808456e-01
1.781476888644173417e-01
1.780445162506010259e-01
1.779269294373094501e-01
1.778430145054855360e-01
1.776523222458930296e-01
1.774716150474140997e-01
1.769970740058712244e-01
1.768999615658524704e-01
1.759776701747139960e-01
1.745120565156623726e-01
1.725875721958495534e-01
1.707536839997896294e-01
1.693547530170950166e-01
1.675538459746129805e-01
1.659063661134912160e-01
1.638651977212638722e-01
1.618378397580637063e-01
1.596024736107244935e-01
1.576728467424175495e-01
1.559637104367260219e-01
1.541745659140699998e-01
1.519098130522980039e-01
1.500030839553457285e-01
1.480079855768918207e-01
1.460013984428016331e-01
1.439437674242624310e-01
1.420127242804869461e-01
1.398789630768211278e-01
1.379216253140015391e-01
1.358404238024944477e-01
1.340595941865117546e-01
1.322729665078695716e-01
1.302093342136515508e-01
1.283526076754267498e-01
1.264222474148480879e-01
1.246456796338794304e-01
1.229061286547596110e-01
1.211554680945637341e-01
1.193848965513014254e-01
1.176508339548539422e-01
1.159482641457472568e-01
1.142995047608102999e-01
1.126424693582250419e-01
1.111746824950691215e-01
1.098276018715279440e-01
1.087816257823528976e-01
1.078185563049692403e-01
1.071359301934739494e-01
1.066500399547000849e-01
1.060072810055879000e-01
1.056871352157629923e-01
1.051714091851359834e-01
1.047608256337844573e-01
1.044080311106655584e-01
1.040208155912789451e-01
1.034943959892882515e-01
1.031293500761246151e-01
1.030080207181136576e-01
1.029656025952856574e-01
1.029653955029876250e-01
1.029474327799224653e-01
1.029393879986684607e-01
1.028914934365667971e-01
1.023443156707018326e-01
1.016794286206552655e-01
1.011352154955968974e-01
1.006006850231041805e-01
1.000809189746198619e-01
9.961316328670591358e-02
9.920868873872291938e-02
9.885623374359377158e-02
9.857790130683311003e-02
9.833060164765536348e-02
9.813458888076161124e-02
9.798889805346004678e-02
9.789006673538341863e-02
9.783945228024455709e-02
9.783179402505821909e-02
9.785009962821623886e-02
9.791213785792485247e-02
9.801243186554331466e-02
9.814479136677435600e-02
9.833257661765422430e-02
9.853316501118598858e-02
9.877792890871998910e-02
9.905760381742079179e-02
9.938559845198827181e-02
9.974931314263507653e-02
1.001591429697415575e-01
1.005850946819033809e-01
1.010591101470793979e-01
1.015683929977533873e-01
1.020977978750783194e-01
1.026556754513148623e-01
1.032531670316820527e-01
1.038792637837595151e-01
1.045214006953591318e-01
1.051971017691189780e-01
1.058986293836923914e-01
1.065928987358734925e-01
1.073142206237032437e-01
1.080434679507508849e-01
1.088020550457969166e-01
1.095657370844552309e-01
1.103773372499860794e-01
1.111968880450449337e-01
1.120382257086223188e-01
1.128981184117944930e-01
1.138138215705127021e-01
1.147326491095998213e-01
1.156680096463996998e-01
1.166258169212038565e-01
1.176057199641438872e-01
1.185763923582536933e-01
1.196187395714401053e-01
1.207136406150734337e-01
1.218188286374198431e-01
1.229677047359058473e-01
1.241524727300462594e-01
1.253657343453389028e-01
1.265949684160989075e-01
1.278437448169874591e-01
1.291334613363515071e-01
1.304684672493338915e-01
1.318159575015869500e-01
1.331894966819482662e-01
1.345997066597946490e-01
1.360213399086638020e-01
1.375103118778391031e-01
1.390392905645242427e-01
1.405831572912782657e-01
1.421759296964057451e-01
1.437846335027597733e-01
1.454299738748763282e-01
1.470897291824751207e-01
1.487557316096452809e-01
1.504168417619481946e-01
1.520851458482102569e-01
1.537400622036748099e-01
1.554102143851083251e-01
1.570979054739971570e-01
1.588232402598133142e-01
1.605105040320093657e-01
1.621403637914362317e-01
1.638211958138222346e-01
1.655944124645011006e-01
1.674023199729355871e-01
1.692154765603956501e-01
1.710407959361260055e-01
1.729332761304250843e-01
1.748098255482545271e-01
1.767526892785240833e-01
1.786661004615429371e-01
1.805836501417291406e-01
1.825367801784874566e-01
1.845623408685052036e-01
1.865819347236912229e-01
1.885855590536065218e-01
1.906568282551450721e-01
1.927560960389657074e-01
1.949319604707751008e-01
1.970439766483298161e-01
1.992451593700342027e-01
2.014552545005268980e-01
2.036845736011214658e-01
2.059269879445818074e-01
2.081345242023969200e-01
2.103777357774455903e-01
2.125948588480368884e-01
2.148162776714849787e-01
2.170620930639656776e-01
2.193295555741497094e-01
2.216030096613743616e-01
2.238715729961308076e-01
2.261436422251612288e-01
2.283883863750105214e-01
2.306515315824549106e-01
2.329290794275486187e-01
2.352117459650310549e-01
2.374918030798534030e-01
2.397822741668544089e-01
2.420625409104664449e-01
2.443548421891694467e-01
2.466135626931434399e-01
2.488533724908522093e-01
2.510961253508073865e-01
2.533235269718809302e-01
2.555650078724684415e-01
2.578109648421201827e-01
2.600666517581255444e-01
2.622781252216336845e-01
2.645417789571130052e-01
2.667909636265707873e-01
2.689954451445757955e-01
2.712170852970494650e-01
2.734641616320859780e-01
2.757209349765110673e-01
2.779569734159176297e-01
2.802228479693285035e-01
2.825041134767313777e-01
2.847516455293726545e-01
2.869929046623755364e-01
2.892204148480463366e-01
2.914757827797977430e-01
2.937830757522423841e-01
2.960996097459817622e-01
2.983767855972103700e-01
3.006574795693150448e-01
3.029078354492371616e-01
3.051782360619891277e-01
3.074217396442414096e-01
3.096853454452885290e-01
3.119113500453685184e-01
3.141353952897712465e-01
3.163618229771639201e-01
3.185270323034518070e-01
3.206759542106216165e-01
3.228394866587369627e-01
3.249840894097032473e-01
3.271342015235923495e-01
3.292846707310326804e-01
3.315080608418759511e-01
3.337087696132428616e-01
3.358418436920963535e-01
3.379281297739762380e-01
3.400516589814914226e-01
3.421410460279203369e-01
3.442005726321652470e-01
3.462174351673150130e-01
3.482153926920644738e-01
3.501827256591643622e-01
3.521805627691196872e-01
3.542191358826449199e-01
3.562191587030158479e-01
3.581601147081584502e-01
3.600163971204012325e-01
3.618470993505710220e-01
3.636258929876668433e-01
3.653976812167468724e-01
3.671543861047251167e-01
3.688748509576252887e-01
3.706388797954597303e-01
3.724407242975242283e-01
3.742183236109090094e-01
3.760359147609830810e-01
3.778604250791937624e-01
3.796949920541214385e-01
3.815205586993523079e-01
3.833222790680900771e-01
3.850622662537458440e-01
3.867838957773771513e-01
3.883773547784400981e-01
3.899385291297594591e-01
3.914968746927171006e-01
3.930224355837795835e-01
3.945201698815940516e-01
3.959297456938838944e-01
3.973167377781698928e-01
3.986673311947301901e-01
3.999671632193869675e-01
4.012494534993622519e-01
4.025099651989955118e-01
4.037897852173148450e-01
4.049741048537958688e-01
4.061379811780244653e-01
4.072633641116609193e-01
4.083486416769274152e-01
4.094480477741858637e-01
4.104954824079841136e-01
4.115306905835912632e-01
4.125314266249484607e-01
4.135363257124056724e-01
4.144833193179171538e-01
4.154053458418291989e-01
4.163021719820406141e-01
4.171809550823426527e-01
4.180249451771014813e-01
4.188213094740126374e-01
4.196107028683912499e-01
4.203694210100537565e-01
4.210980183283329903e-01
4.217756291669920721e-01
4.224197917030124150e-01
4.230466081611238827e-01
4.236527979034550029e-01
4.242311618635311032e-01
4.247701293391604183e-01
4.253014274650969151e-01
4.258173640796752979e-01
4.263165224541744514e-01
4.267828848479223169e-01
4.272134010493519596e-01
4.276226110906536926e-01
4.280078549277114841e-01
4.283763734276676005e-01
4.287317350671953076e-01
4.290691380594671145e-01
4.293793956064678174e-01
4.296779053860748654e-01
4.299502248683707561e-01
4.301898499611958582e-01
4.304131885449071215e-01
4.306329469267747290e-01
4.308319482226872221e-01
4.310086862217759052e-01
4.311651854567073450e-01
4.313029912432246871e-01
4.314188404245918318e-01
4.315136159667884441e-01
4.315849285855607453e-01
4.316367421297187534e-01
4.316732336276478121e-01
4.316923799902488978e-01
4.316933282824197415e-01
4.316762130961823152e-01
4.316399213512164268e-01
4.315818763448435735e-01
4.315038599441253786e-01
4.314044959996012896e-01
4.312828631911809207e-01
4.311414964907848701e-01
4.309813114445348314e-01
4.308031137529885757e-01
4.306002447509007514e-01
4.303744925577606684e-01
4.301223420353976756e-01
4.298490369895089369e-01
4.295492281651142608e-01
4.292434402292358842e-01
4.289154547324099953e-01
4.285582054328676560e-01
4.281845095378390420e-01
4.277829581991700603e-01
4.273520261190659753e-01
4.269019714563379586e-01
4.264341821608239047e-01
4.259401805118936402e-01
4.254360398618392547e-01
4.249252681326805559e-01
4.244086872817997569e-01
4.238589868537402938e-01
4.232822427210213845e-01
4.226681651504233805e-01
4.220216162823311468e-01
4.213782324873060481e-01
4.206985361594567929e-01
4.199884430226357157e-01
4.192894978873386025e-01
4.185546445307728458e-01
4.178206815079166803e-01
4.170952856800489439e-01
4.163566839055957147e-01
4.156278588666941776e-01
4.149076564218899810e-01
4.141714830177616880e-01
4.134279947114923304e-01
4.126700367545656500e-01
4.118685917351542769e-01
4.110378004301937782e-01
4.101831659210675163e-01
4.093060599200934457e-01
4.083896188396800020e-01
4.074892230243052360e-01
4.065972914036453667e-01
4.056894689046567914e-01
4.047902012163136498e-01
4.038794211430106751e-01
4.029592036895962570e-01
4.020345190878315544e-01
4.010905960083458455e-01
4.001138332943799392e-01
3.991479588840675108e-01
3.981293093950374895e-01
3.970729482946870337e-01
3.960535674804777639e-01
3.950248982688019939e-01
3.939698300242369111e-01
3.928895316473310362e-01
3.918220320233978260e-01
3.907670189077275258e-01
3.897850603872232145e-01
3.887910943614110715e-01
3.878931504907783268e-01
3.870285565883794243e-01
3.860716976787378352e-01
3.852232582830262819e-01
3.842568420958009656e-01
3.832365742527998331e-01
3.823977839698612935e-01
3.817475277001868839e-01
3.812853139709297401e-01
3.809341442435147940e-01
3.810543669236508002e-01
3.812716769646353199e-01
3.815066991317486722e-01
3.816525194285062539e-01
3.819453508966679789e-01
3.819097687870420810e-01
3.822065700653435871e-01
3.825594094624944486e-01
3.830511087868838649e-01
3.832257509226910108e-01
3.834807855946370525e-01
3.834524826823945132e-01
3.834661191922055234e-01
3.832121174237644867e-01
3.832164563672199042e-01
3.829179996234642891e-01
3.824477568127838123e-01
3.820459582042349256e-01
3.815128223268786090e-01
3.812365677471131198e-01
3.809561293042192376e-01
3.809587523700835865e-01
3.811962216404881643e-01
3.814148863885131746e-01
3.816242234935165456e-01
3.820399738386300870e-01
3.823926671844118941e-01
3.827949722602386751e-01
3.832068372865293227e-01
3.999990524790835167e-01
3.996173277900875176e-01
3.992698153059802690e-01
3.989700541138828105e-01
3.986994362635744027e-01
3.984667543023879266e-01
3.982722558097652188e-01
3.981145551954060058e-01
3.979889968280675427e-01
3.978986049711982775e-01
3.978406696849248192e-01
3.978166021215768788e-01
3.978259210312896088e-01
3.978707689382265933e-01
3.979520952721736782e-01
3.980714745255608533e-01
3.982308283976029872e-01
3.984200149580010009e-01
3.986539892310657640e-01
3.989318406783886051e-01
3.992500329980085971e-01
3.996141538736195931e-01
4.000143507607125670e-01
4.004372887189638908e-01
4.008764799843027582e-01
4.013685915860992215e-01
4.019166125625443509e-01
4.024960062529823190e-01
4.031129139920531235e-01
4.037734038375329071e-01
4.044383408144858749e-01
4.051427130269211196e-01
4.059004822733807694e-01
4.066877298132288709e-01
4.075070684027807810e-01
4.083587381162454011e-01
4.092413287437810521e-01
4.101543985432386519e-01
4.111159655728413020e-01
4.120916743365657942e-01
4.131123824430720237e-01
4.142011170373103290e-01
4.152921016560131018e-01
4.164126972077023536e-01
4.174876472321896737e-01
4.185369547505085053e-01
4.193937146582371045e-01
4.203090437792405543e-01
4.211728380322291021e-01
4.218212454449781212e-01
4.225409563635460497e-01
4.228992738801137796e-01
4.234009994562297208e-01
4.232046591310093531e-01
4.229643716730421277e-01
4.226715233249152548e-01
4.224215040343831662e-01
4.221740861419697177e-01
4.220132121095764854e-01
4.218797485528446578e-01
4.219311419291578713e-01
4.217189965785522188e-01
4.216346448364179378e-01
4.215154717768585524e-01
4.215515832872704372e-01
4.212995456830157526e-01
4.212615099175842648e-01
4.213301532537674920e-01
4.212426463394587928e-01
4.213408075317310875e-01
4.214422281578926177e-01
4.216988015371472831e-01
4.218427999492983527e-01
4.223808703890970517e-01
4.226733878380019016e-01
4.231640328323652556e-01
4.234444258115480086e-01
4.236331620754857363e-01
4.240030983738222181e-01
4.243469766506366425e-01
4.242810771404036396e-01
4.241569390566332642e-01
4.242508502077180221e-01
4.240965778963601274e-01
4.238893098417271244e-01
4.235127759846487039e-01
4.235437874512889000e-01
4.233634469427954294e-01
4.231443663136572608e-01
4.239972415362508462e-01
4.247352865169369829e-01
4.252292663492033831e-01
4.258644071328875902e-01
4.264140597640286301e-01
4.269853883801837946e-01
4.274268265595048688e-01
4.278170233894107999e-01
4.281232605822163917e-01
4.282986601498186552e-01
4.283787930808428124e-01
4.284451789792115828e-01
4.284397006306460698e-01
4.284247065064624715e-01
4.284118544884443214e-01
4.284000916284169680e-01
4.283956901252856664e-01
4.284108935120055084e-01
4.284471743179553704e-01
4.285034771111275176e-01
4.285819909724792320e-01
4.286822217823908487e-01
4.287724478819779361e-01
4.288670410872965078e-01
4.289743346365714194e-01
4.290849257908962988e-01
4.291764219480629361e-01
4.292091338215374141e-01
4.293274666955438912e-01
4.294078714248833473e-01
4.295325686811946042e-01
4.295101138068497804e-01
4.293999107391958669e-01
4.289254151746630384e-01
4.280754865654193275e-01
4.268555098169071749e-01
4.255810158726132664e-01
4.241489577841796588e-01
4.226162469938375410e-01
4.210960587239379604e-01
4.195050407510443335e-01
4.179039521182295602e-01
4.163264633493932165e-01
4.147401433080316613e-01
4.131496119751333351e-01
4.114988588709102557e-01
4.098297733355112382e-01
4.081342883120389620e-01
4.064401122429463498e-01
4.047330726718412763e-01
4.030073740796424886e-01
4.013151961643944277e-01
3.995941076968843042e-01
3.978426228343382998e-01
3.960563541314688352e-01
3.942790248103985040e-01
3.925175542150669550e-01
3.907650840165400874e-01
3.890458354651010753e-01
3.873306495618022427e-01
3.856368895417799925e-01
3.839492066657903546e-01
3.822807116192658561e-01
3.806176074791219333e-01
3.789770641486190916e-01
3.773478337414544748e-01
3.757362922740428712e-01
3.742002451813878916e-01
3.726804622271677192e-01
3.711502120773084723e-01
3.696361109831195479e-01
3.681345034899260460e-01
3.665935759189304921e-01
3.650687622442814195e-01
3.635043650665868986e-01
3.619929566437479762e-01
3.603770167881200082e-01
3.586657059614666854e-01
3.570135833550286408e-01
3.553153170174302988e-01
3.536211946892239277e-01
3.518960302942647500e-01
3.502355078991291615e-01
3.470329790392560065e-01
