1.998966920102568934e-01
1.999045631396177414e-01
1.999607710093855295e-01
2.002193756103240463e-01
2.010316806495556774e-01
2.027416764006158001e-01
2.045758580957901251e-01
2.100686641230366525e-01
2.119840922499558467e-01
2.139970600020846547e-01
2.184298987803054426e-01
2.400104728870582349e-01
2.509435970528233195e-01
2.525022765907395383e-01
2.540759163614977889e-01
2.556353554453054122e-01
2.571377099637379149e-01
2.604913254970557257e-01
2.640262131327061335e-01
2.657396052692375665e-01
2.675101356691306775e-01
2.693055655545116278e-01
2.709524504719005855e-01
2.727519934529021861e-01
2.745627513988351809e-01
2.764295235044434973e-01
2.783234386334396127e-01
2.802215562578246333e-01
2.821106900135353368e-01
2.858772068297048552e-01
2.879417257926358276e-01
2.899140354693757748e-01
2.919497921986956568e-01
2.940807564160354826e-01
2.962649398460787675e-01
2.983738127753009506e-01
3.005198049251610048e-01
3.026768768881316629e-01
3.047830933836117029e-01
3.069066371886799427e-01
3.090592946412246134e-01
3.110424705542098600e-01
3.130143582723792783e-01
3.149490794076115208e-01
3.168559634222883892e-01
3.187381259577146131e-01
3.205252356619920362e-01
3.223511934962847714e-01
3.242049077197629026e-01
3.259353481207684644e-01
3.278136548324148691e-01
3.297761760690851029e-01
3.317967601902586106e-01
3.339172483450488227e-01
3.361309193124087935e-01
3.383303397962608150e-01
3.406124590968844235e-01
3.428437994873624328e-01
3.450868032254266193e-01
3.473232956503830016e-01
3.495747433673969673e-01
3.517886721255478188e-01
3.538486028736630984e-01
3.559289540714800637e-01
3.580095803455258241e-01
3.600320706283205996e-01
3.620042499037525729e-01
3.638842497501522111e-01
3.657801493527211290e-01
3.675710502539212277e-01
3.694151883900651523e-01
3.711911196093197751e-01
3.730551957733259649e-01
3.748930684005716829e-01
3.768195397803233981e-01
3.786676024350294489e-01
3.805747041570133327e-01
3.826071730280152794e-01
3.846688965268870719e-01
3.867599644942754100e-01
3.889008060557916924e-01
3.910161578223712575e-01
3.931206844146172275e-01
3.952954113827631955e-01
3.974507056548718942e-01
3.996005191908181819e-01
4.017822162940941633e-01
4.039289185763834111e-01
4.060824804627621853e-01
4.081710938264572763e-01
4.103165699497920427e-01
4.124469433045078182e-01
4.145509816091075272e-01
4.165928105720794750e-01
4.186159380084921167e-01
4.206546796401289812e-01
4.226918112252391890e-01
4.246089542788728521e-01
4.264477739178038074e-01
4.282424341122597622e-01
4.298904553689519292e-01
4.314645245421708797e-01
4.330831800183080338e-01
4.346163178582441722e-01
4.360290423032966989e-01
4.373498988893476103e-01
4.386539073338343031e-01
4.399281060693953638e-01
4.411826359262617236e-01
4.424229609403008689e-01
4.436553950417256309e-01
4.448468519785825914e-01
4.460519812484143309e-01
4.472449051942652409e-01
4.484159687767267921e-01
4.494824170204780311e-01
4.505996206776184954e-01
4.517302510061927956e-01
4.528427191138678642e-01
4.539095056602350242e-01
4.549554322662966444e-01
4.560099657839680187e-01
4.570138949535524908e-01
4.579537275465678237e-01
4.588861846004312905e-01
4.597392239330537200e-01
4.606058448439991349e-01
4.614304624089359819e-01
4.621459796898735317e-01
4.628258657723635650e-01
4.634728982596740265e-01
4.641044124970192253e-01
4.647122408332832744e-01
4.652976055742023553e-01
4.658609026400456488e-01
4.663695729008887070e-01
4.668776420476224431e-01
4.673323039161607073e-01
4.677655556589224162e-01
4.681901102718216134e-01
4.685717419657586813e-01
4.689213217486344343e-01
4.692451468507079504e-01
4.695326698523045739e-01
4.697881755910753854e-01
4.700156477473832473e-01
4.702102784182985440e-01
4.703726249495882028e-01
4.705017320465542663e-01
4.706021867671816850e-01
4.706746406309785247e-01
4.707245069249758052e-01
4.707504056396420999e-01
4.707498371484255539e-01
4.707254257309758660e-01
4.706844351206111443e-01
4.706252412089139692e-01
4.705423703791303813e-01
4.704401008875101486e-01
4.703137200044865684e-01
4.701743588835815557e-01
4.700180942536751338e-01
4.698590630568308946e-01
4.696866482785135299e-01
4.694918843883018611e-01
4.692947765142071459e-01
4.690868044468368692e-01
4.688595413663870226e-01
4.686015619690982459e-01
4.683326394395081471e-01
4.680278888389765024e-01
4.676860896511231824e-01
4.673076609098685830e-01
4.669100065967118907e-01
4.664527743823124739e-01
4.659642110769489087e-01
4.654328186376559540e-01
4.648845018270613694e-01
4.643118944492066746e-01
4.637171147965767903e-01
4.631175161983185351e-01
4.624811564131329211e-01
4.618260176187752863e-01
4.611173322161213339e-01
4.603767835158641963e-01
4.596749598880204846e-01
4.589478399184598878e-01
4.581707271490557676e-01
4.573471562672707380e-01
4.565079364994560907e-01
4.556226338333931869e-01
4.546906813101637690e-01
4.537266210613336570e-01
4.526564439670884288e-01
4.515561399224612416e-01
4.503673681923208161e-01
4.491443882748880623e-01
4.478668915316715848e-01
4.465271259913752289e-01
4.451116135091612858e-01
4.436158754637731794e-01
4.420916471336036047e-01
4.405553558514576640e-01
4.390136761043556546e-01
4.374523016334933012e-01
4.359413418999317225e-01
4.343840251152049636e-01
4.328858670403356035e-01
4.313272712875176884e-01
4.297624630996759176e-01
4.281985638932578886e-01
4.266810880402978623e-01
4.251061589021512543e-01
4.235399108982643712e-01
4.219771895722403965e-01
4.204075203216053880e-01
4.188340956743153431e-01
4.172451371986473090e-01
4.156165426943287944e-01
4.138507679606918122e-01
4.120996220792922937e-01
4.103960387042931424e-01
4.086121697494625726e-01
4.068238627675994645e-01
4.049495028919701811e-01
4.031448857476494507e-01
4.012801671235701750e-01
3.994624924804345834e-01
3.975995714120040825e-01
3.957475762290009191e-01
3.939125656276941667e-01
3.919996575147345896e-01
3.900157617487706174e-01
3.879823035088366123e-01
3.860242269526720782e-01
3.840541624145880628e-01
3.820416337549015773e-01
3.800522891658100200e-01
3.780437355706148805e-01
3.759965914195511072e-01
3.740666699086750979e-01
3.720962471349964495e-01
3.701644448099116191e-01
3.682005736941955099e-01
3.661710633149189986e-01
3.640790532380733802e-01
3.619640843531961028e-01
3.598766535467708416e-01
3.577941650335252910e-01
3.557728340279165957e-01
3.536954070026391284e-01
3.516549147015470833e-01
3.496385731062354174e-01
3.474971938332045429e-01
3.453972480166657144e-01
3.432323460524847047e-01
3.410207426406742237e-01
3.387588585680652020e-01
3.365070253122353083e-01
3.342389188326872485e-01
3.319360499102536610e-01
3.297039326676032278e-01
3.274748299857633826e-01
3.252291208851784132e-01
3.230028683471385942e-01
3.207202966167585489e-01
3.183975750454955400e-01
3.161996626901892316e-01
3.140363195734344193e-01
3.118495186064614288e-01
3.097573091880052587e-01
3.076864323829038850e-01
3.057071846863659292e-01
3.036419139057253136e-01
3.014721615347863426e-01
2.992701893417665238e-01
2.970581963199744324e-01
2.948175812148828290e-01
2.925525195148662716e-01
2.903469296024012158e-01
2.881236411002643383e-01
2.859697217886733589e-01
2.837823069062713754e-01
2.816664158130104401e-01
2.795736793833223377e-01
2.774742246455281780e-01
2.753782553016098644e-01
2.733964320910690637e-01
2.713274394368749287e-01
2.692273608108681771e-01
2.672140701476322100e-01
2.652157624938284997e-01
2.632250174429661693e-01
2.611910190740193149e-01
2.592470405717115511e-01
2.572434453866804249e-01
2.552242483935874828e-01
2.531454913234884030e-01
2.510322517958665234e-01
2.488806961282550578e-01
2.467806332881609110e-01
2.446867132269394673e-01
2.425901977518192809e-01
2.405253531635679343e-01
2.385309666496588932e-01
2.366170849584550429e-01
2.348032879718360832e-01
2.329646496089285146e-01
2.312015708601041497e-01
2.294690923513450775e-01
2.277484295881511411e-01
2.261075544329022302e-01
2.244397949782897528e-01
2.228060399593628782e-01
2.212029296571160764e-01
2.196025784040061546e-01
2.180479352157050632e-01
2.164904673314087258e-01
2.149434103343373370e-01
2.134237461966564109e-01
2.119726892582615985e-01
2.104796400940955881e-01
2.090152767195254946e-01
2.075789431641100469e-01
2.061653138837244437e-01
2.047163877438532287e-01
2.032890027822622514e-01
2.018381501280690771e-01
2.003910643682851322e-01
1.989412203687302982e-01
1.975128514341674968e-01
1.960632013732928614e-01
1.946509735659781581e-01
1.932189146904378929e-01
1.918133921412318865e-01
1.904293316928372948e-01
1.890768348801419863e-01
1.877652519315608226e-01
1.865071780546566083e-01
1.852817277682833885e-01
1.841539782533167247e-01
1.829949108724709395e-01
1.818219367157474786e-01
1.806811337025979736e-01
1.796019999745470108e-01
1.785466412018035243e-01
1.774885590783084055e-01
1.764788844954484626e-01
1.754621402244080086e-01
1.744593708271389987e-01
1.734932734440576829e-01
1.725153338692364813e-01
1.715727304429766897e-01
1.706456399802206148e-01
1.697415884066768021e-01
1.688422913571949735e-01
1.679510348120190899e-01
1.670757460605342970e-01
1.661968853061566165e-01
1.653413672767573561e-01
1.645088916143990498e-01
1.637035601007367502e-01
1.629083637354923619e-01
1.621220983548005423e-01
1.613781103071809664e-01
1.606369069748118938e-01
1.599166733429868981e-01
1.591891568736977236e-01
1.584800306096029732e-01
1.577717605096475295e-01
1.570506034080803304e-01
1.563503415983935607e-01
1.556533821143237795e-01
1.549744182900027190e-01
1.543043078780757249e-01
1.536551239396895807e-01
1.530122666412285504e-01
1.523969466350114377e-01
1.518102441190561647e-01
1.512615715439329656e-01
1.507288612421874563e-01
1.502327143144209787e-01
1.497820262120238277e-01
1.493776207914758458e-01
1.490140953378612798e-01
1.486920773487268588e-01
1.484075548612329154e-01
1.481665366848504972e-01
1.479627986889541225e-01
1.477988397833116807e-01
1.476758297246731633e-01
1.475871530848678059e-01
1.475363443193517810e-01
1.475230940742978392e-01
1.475476812761144507e-01
1.476049116941144101e-01
1.477024543192173855e-01
1.478261640194879767e-01
1.479673789022825092e-01
1.481182268301328431e-01
1.482768990731039571e-01
1.484365412084963920e-01
1.486024014984597963e-01
1.487727727300398317e-01
1.489400204831314301e-01
1.491162128657498864e-01
1.492856723085282389e-01
1.494606889658054161e-01
1.496431743947331527e-01
1.498439770764518619e-01
1.500710746493839620e-01
1.503107143061247486e-01
1.505649695839973712e-01
1.508648271246160188e-01
1.511862605836754303e-01
1.515415322825980904e-01
1.519424992946218078e-01
1.523647385238318108e-01
1.528038333725236786e-01
1.532807719175691419e-01
1.538229539647996136e-01
1.543771786260964840e-01
1.549768941997771432e-01
1.556084565830097299e-01
1.562621524839026277e-01
1.569645974983852610e-01
1.576832343954357729e-01
1.584176556412548453e-01
1.592331652269594056e-01
1.600628672876096281e-01
1.609372682579829905e-01
1.618257938876727364e-01
1.627769390739027822e-01
1.637443507951423793e-01
1.647851606598315921e-01
1.658622712229436413e-01
1.670213865923753649e-01
1.681538834114767178e-01
1.693055516864118148e-01
1.704946721209910920e-01
1.717004354076080430e-01
1.728963838042242851e-01
1.740910395697774782e-01
1.753473735005382783e-01
1.766458391273201811e-01
1.779875043606028440e-01
1.793261149960160838e-01
1.807177223744852734e-01
1.821200804557271402e-01
1.835364163502211376e-01
1.849469211836083371e-01
1.863013938529162472e-01
1.877179236657852135e-01
1.890806481231035174e-01
1.905238141678134711e-01
1.919750561723242155e-01
1.934643189293247800e-01
1.949700263086246721e-01
1.965007671932419986e-01
1.980485004793560433e-01
1.996206233586398371e-01
2.012215498829807436e-01
2.028440838710407201e-01
2.044536416279418289e-01
2.060593798408490163e-01
2.076325335194924293e-01
2.091965653670246617e-01
2.108132021511967547e-01
2.124144753008978814e-01
2.140616577204093318e-01
2.158266978458350804e-01
2.176283348422655695e-01
2.193669957329464626e-01
2.211608237793433185e-01
2.230847251658484853e-01
2.250918931795694578e-01
2.270983722857533860e-01
2.289736475373230773e-01
2.309517518223851706e-01
2.328989690029540094e-01
2.349824932034711711e-01
2.370850289041120662e-01
2.391935247871688763e-01
2.412224884538464731e-01
2.432235845995135148e-01
2.452469817135144448e-01
2.471968590946641842e-01
2.491540705461516569e-01
2.510019651994911394e-01
2.529197838778940444e-01
2.547574776645807337e-01
2.566044081067070382e-01
2.584724000611047789e-01
2.602342244925243686e-01
2.619873420150283794e-01
2.636767918087823959e-01
2.653755098493619791e-01
2.671944672425976552e-01
2.690342335258271711e-01
2.708946688304094130e-01
2.727942732058069031e-01
2.748011051606068511e-01
2.767879036078820798e-01
2.788604669879113374e-01
2.810416502810985095e-01
2.832542968566942876e-01
2.854410183511142951e-01
2.875595810282569609e-01
2.896775048723227997e-01
2.918156420225734848e-01
2.940807832985017356e-01
2.963239216419162325e-01
2.984759452241328992e-01
3.005952200478725911e-01
3.027680841345455343e-01
3.048623356907888549e-01
3.069171430325064454e-01
3.089747694163473835e-01
3.111171585313777799e-01
3.131855863453767985e-01
3.152523309739623802e-01
3.172980076604270949e-01
3.193877470715439371e-01
3.214152350502254007e-01
3.235131544988391616e-01
3.255502141133972405e-01
3.275145982870960037e-01
3.295025881615628038e-01
3.315294425921653243e-01
3.335886272129511831e-01
3.356713220548271370e-01
3.376949498183385856e-01
3.396795399247843350e-01
3.416669723565096684e-01
3.436492410778824724e-01
3.456160862485592733e-01
3.475188730860252484e-01
3.494398535951475093e-01
3.513298499762946281e-01
3.531736373871435797e-01
3.550296506910602945e-01
3.568503196390802046e-01
3.586304385035142261e-01
3.603914728798879863e-01
3.621133292602112808e-01
3.638558844543016146e-01
3.655810478935129226e-01
3.672935971683692347e-01
3.690131666512294073e-01
3.707036340636376548e-01
3.724868809786670565e-01
3.742846650961013655e-01
3.760590637421873939e-01
3.778997024030779084e-01
3.797438319841238696e-01
3.816141604034195556e-01
3.834832071112848073e-01
3.853492061171318039e-01
3.871648945954893617e-01
3.889663771485326049e-01
3.907331603017491495e-01
3.925060147772510000e-01
3.942243952000623608e-01
3.959565203282759960e-01
3.976804834105427955e-01
3.993396307916615151e-01
4.009621462981277640e-01
4.025837370939621129e-01
4.041259090613473770e-01
4.056466832116275567e-01
4.071095925630105472e-01
4.085816092548938405e-01
4.099788401915138714e-01
4.113967115654362794e-01
4.128114349724693044e-01
4.142011361226166644e-01
4.155568664319403971e-01
4.168940949240436122e-01
4.181916761632402113e-01
4.194604583805451870e-01
4.207433520193427645e-01
4.220268604228529230e-01
4.232929027843885805e-01
4.245298741028858958e-01
4.257406259549073591e-01
4.269460791896306229e-01
4.280958667153687558e-01
4.292350657526475266e-01
4.303584658430600896e-01
4.314166830969378696e-01
4.324581697875263253e-01
4.334312942515093359e-01
4.343974057835175984e-01
4.353310898790851979e-01
4.362161372278239857e-01
4.370593849545416631e-01
4.378436859366751088e-01
4.385788253794906666e-01
4.392414181813965590e-01
4.398395044259966746e-01
4.403842499907280605e-01
4.409001018463765686e-01
4.413700282847792256e-01
4.418226937702257606e-01
4.422542669816340033e-01
4.426670239419475683e-01
4.430651919454376975e-01
4.434545101382172394e-01
4.438387172585379070e-01
4.442076791378467004e-01
4.445717742315397625e-01
4.449272561092219025e-01
4.452680250886816293e-01
4.455928848690611233e-01
4.458933428570373003e-01
4.461640024016838013e-01
4.463989475117538519e-01
4.465941550216572797e-01
4.467507336606741375e-01
4.468672011099651398e-01
4.469410919259688142e-01
4.469716557060395279e-01
4.469583476695371815e-01
4.469030495504699441e-01
4.468107129026427371e-01
4.466873496407514632e-01
4.465292034431841417e-01
4.463377239891696546e-01
4.461192074207881997e-01
4.458797122958360615e-01
4.456121895451338744e-01
4.453086414205945642e-01
4.449726396560754194e-01
4.446226113222276899e-01
4.442232544987818055e-01
4.438045424291266472e-01
4.433494015884364425e-01
4.428234334605821720e-01
