1.811360233266252723e-06
1.827075871047693332e-06
1.090587515827039569e-03
9.015431896977814472e-04
6.513998072787034006e-04
4.189806782998285262e-04
1.588961450273598363e-04
-6.801113785159305209e-05
-2.888288351494257234e-04
-5.564442066540054455e-04
-8.519056611157790069e-04
-1.145079430985152750e-03
-1.385752240032989222e-03
-1.597207663318386556e-03
-1.819527148068561138e-03
-2.011588513312822287e-03
-2.175523725417581426e-03
-2.120112508584173425e-03
-2.160482690037248722e-03
-2.061769040654388464e-03
-1.900580815120367058e-03
-1.754565926214348955e-03
-1.518050484728071005e-03
-1.361398500982008257e-03
-1.357067986024136901e-03
-1.044505823697235896e-03
-7.990202440813222147e-04
-8.603173919957153842e-04
-8.251417100701303456e-04
-6.020154675586726753e-04
-5.663649448894646048e-04
-4.127917252733586491e-04
-2.927599248860967120e-04
3.159643105071211671e-04
8.246193352262666271e-04
1.240815793803956959e-03
1.428090283784709189e-03
1.824009941335746031e-03
1.848437622007328106e-03
2.216895099570184106e-03
2.486355247338033723e-03
2.980771717340603266e-03
3.049090384358018029e-03
3.433354325871062346e-03
3.634030970219078588e-03
3.797674343570491082e-03
4.056043940757641554e-03
4.264652584493562777e-03
4.713396517401111444e-03
4.985956085785118314e-03
5.306049286009057765e-03
5.807203646160851752e-03
6.383109327864289195e-03
6.746066657065612204e-03
7.179507962469661164e-03
7.869321869518296209e-03
8.440221340418788132e-03
8.747539003152586187e-03
9.109984533920884725e-03
9.376720302760601158e-03
9.525891552254722727e-03
9.613229562515260979e-03
1.020435078712876587e-02
1.020258588995494493e-02
1.050771367227243056e-02
1.062884959504681488e-02
1.071373626171713556e-02
1.098708619600143391e-02
1.118107713286720789e-02
1.177561672784871102e-02
1.259812435477030389e-02
1.380082295214198236e-02
1.464291032723955867e-02
1.543959020334262702e-02
1.623994680473354185e-02
1.745147530176152650e-02
1.848644822309254004e-02
1.915321215140063441e-02
1.995192320350505297e-02
2.039916033823389180e-02
2.117208676963852967e-02
2.196399276534411610e-02
2.251155376320466625e-02
2.341868900436959097e-02
2.406916609536106574e-02
2.457005172076165422e-02
2.500921013023001127e-02
2.529511342904007185e-02
2.562972416526605388e-02
2.590840654916012550e-02
2.634605273828628108e-02
2.698673690774375591e-02
2.720276159121489887e-02
2.742909156702393048e-02
2.755970758029989420e-02
2.767170366106784518e-02
2.771117473115252208e-02
2.796926601305378679e-02
2.812664045034992538e-02
2.823583976073718027e-02
2.851571066365645585e-02
2.846535749221253825e-02
2.879121162858580205e-02
2.895231601944638425e-02
2.897514709864740245e-02
2.906558165565333030e-02
2.934169316942189173e-02
2.946632739603098280e-02
2.946846370005530916e-02
2.970639231419682988e-02
3.014084246577136694e-02
3.017145068129459956e-02
3.032011554238119369e-02
3.040450422244419387e-02
3.057584776745391267e-02
3.075091643559850832e-02
3.094772878986839712e-02
3.130961860150380943e-02
3.209013151984725642e-02
3.274384114334941837e-02
3.299158879959292884e-02
3.312086482233784351e-02
3.353763038976562139e-02
3.384984766321278565e-02
3.439986725947383195e-02
3.437748866894396738e-02
3.424287634993993662e-02
3.470724705031733720e-02
3.460752841008819108e-02
3.513744948459360945e-02
3.578130629330603107e-02
3.585530867723631804e-02
3.581377941449936930e-02
3.553999094389058422e-02
3.540912318451297502e-02
3.517648059636346858e-02
3.500556551632104385e-02
3.481999498235845147e-02
3.466685614001207422e-02
3.444175657564829685e-02
3.422184637169396054e-02
3.396641445729341180e-02
3.366004971855071637e-02
3.338265233712410518e-02
3.302748390157640712e-02
3.267218823184838555e-02
3.231136014802659523e-02
3.225739618755336935e-02
3.195249679327657327e-02
3.168227557366721375e-02
3.145653450945160023e-02
3.115652320633853847e-02
3.080548950504652037e-02
3.078570509570843425e-02
3.047738803864936605e-02
3.016247312871700101e-02
2.986448424111350433e-02
2.988095620306792724e-02
2.984120783263934443e-02
2.959144420470923714e-02
2.950043417287337780e-02
2.945083886735362991e-02
2.951246072659698821e-02
2.999512333798725477e-02
2.987519261152172048e-02
2.964286901140348804e-02
2.963415463250753876e-02
2.983063566104730488e-02
3.017972851605633944e-02
3.005795161296200349e-02
3.014183488951275788e-02
3.059055805604058223e-02
3.061510730444198802e-02
3.087729545225835134e-02
3.110480215670493112e-02
3.110059350324504562e-02
3.119955394289295955e-02
3.094981764753209491e-02
3.086627916083082082e-02
3.068636976345035655e-02
3.067930489923765061e-02
3.105229439541708214e-02
3.111647080433520632e-02
3.120656828942852332e-02
3.123940667183393305e-02
3.153318974058599844e-02
3.159619448169300598e-02
3.167691221988458428e-02
3.170406776254213604e-02
3.157448957855404914e-02
3.152398048903917727e-02
3.142536320788721221e-02
3.124669615942652495e-02
3.144906416299263208e-02
3.126152417354317176e-02
3.154762261180714400e-02
3.154725629259228642e-02
3.143764886286685295e-02
3.127253066548088545e-02
3.123464929607034854e-02
3.144834268026343999e-02
3.140717704942176669e-02
3.141437936936098546e-02
3.121267856707478014e-02
3.129242195644702657e-02
3.145717239344641980e-02
3.170166849735496506e-02
3.190768337151606709e-02
3.223379816958047567e-02
3.223557751303004343e-02
3.228684309650710349e-02
3.210724349348407364e-02
3.209579697024957101e-02
3.206748237962631087e-02
3.179496350721697229e-02
3.178871935829832157e-02
3.198050869325718554e-02
3.235586941106824432e-02
3.272482250341883503e-02
3.329161144474272055e-02
3.339715872930191370e-02
3.327732746142723214e-02
3.340791595202374092e-02
3.353245632092549666e-02
3.382257353775411368e-02
3.419252612247941636e-02
3.464961803677644309e-02
3.476268627569972791e-02
3.530928192364986978e-02
3.540882126685553077e-02
3.563263431171254103e-02
3.589365887939349742e-02
3.610359683907399253e-02
3.652386790619652907e-02
3.690150812699687782e-02
3.705180990794051249e-02
3.742204815711436955e-02
3.801452762514573314e-02
3.849756308383085746e-02
3.908341994323279861e-02
3.929553538051321765e-02
4.010804413277437724e-02
4.028575535752901976e-02
4.071967163980537430e-02
4.114812578394354964e-02
4.160004028663771142e-02
4.181557225690631097e-02
4.210975074350498809e-02
4.279792509989702870e-02
4.337229557938620389e-02
4.406745742913955460e-02
4.449902262996634217e-02
4.489666404661154381e-02
4.527493503599226699e-02
4.566161073181610602e-02
4.628405059764391372e-02
4.702448653223512132e-02
4.782200325879315539e-02
4.871309274414799273e-02
4.932958388373825248e-02
4.975481010208357424e-02
5.021434580030489925e-02
5.117824695318223815e-02
5.152533150806494489e-02
5.257069454192268149e-02
5.355526944909273779e-02
5.406069641245521418e-02
5.454198283573545580e-02
5.492305531929869700e-02
5.526175173252416417e-02
5.541451719321986019e-02
5.610156231526836762e-02
5.692071801814690968e-02
5.767346043568442882e-02
5.875301177668867947e-02
5.933333758629714960e-02
5.980012730021758843e-02
6.031844181304096136e-02
6.072837804351487873e-02
6.173555807863503192e-02
6.287383932583072432e-02
6.343528162452624630e-02
6.437201536611186770e-02
6.525146273579356115e-02
6.589491525674151529e-02
6.684422598123246351e-02
6.722654116065091001e-02
6.832012660905710522e-02
6.948503818838507040e-02
7.005741693807253367e-02
7.099310949641375601e-02
7.168542698085715592e-02
7.258696837552816583e-02
7.269335728805070840e-02
7.286759560559506743e-02
7.330065041120692459e-02
7.329301234434702772e-02
7.368361123291081172e-02
7.393256754544690057e-02
7.385677557974552887e-02
7.376579114229001033e-02
7.350378997435204342e-02
7.365433397978365937e-02
7.340012706005791254e-02
7.307646267507905691e-02
7.312003682034948215e-02
7.283081924213621883e-02
7.271619083098672387e-02
7.288619052844640123e-02
7.290829874366232255e-02
7.298679743326064173e-02
7.291391189799822925e-02
7.291771637869050304e-02
7.284268244276784210e-02
7.276210132715024703e-02
7.259534251850810471e-02
7.319770278749859749e-02
7.358061099120564996e-02
7.361950923724878970e-02
7.404589797937875806e-02
7.464872021740213970e-02
7.478893048831374013e-02
7.495950667173832682e-02
7.499801403080118278e-02
7.482597411985536517e-02
7.481031371891606885e-02
7.455066202757661131e-02
7.460637978911580093e-02
7.480924973712940740e-02
7.495660307023904734e-02
7.500146139383538635e-02
7.569438409630271924e-02
7.618628394631664358e-02
7.618786275903828564e-02
7.658536815154416699e-02
7.706347902680585338e-02
7.708205098613381268e-02
7.715852962670877169e-02
7.737429100591518283e-02
7.811511452004619993e-02
7.848685162223331679e-02
7.910883424341771941e-02
7.941220646358845836e-02
7.970428572387776300e-02
8.022560245608090224e-02
8.070604984656842840e-02
8.107226603762042461e-02
8.164883871834736906e-02
8.235348688292652708e-02
8.265678977120728688e-02
8.317925319993627054e-02
8.343709715899767787e-02
8.365925066233224905e-02
8.398571098377294319e-02
8.410400704405956995e-02
8.481183145479687102e-02
8.507597346364192958e-02
8.551778274497355559e-02
8.582368720381534921e-02
8.647073544725593364e-02
8.706275183802862638e-02
8.750093822260048004e-02
8.807666476057611493e-02
8.846669375223795151e-02
8.874444649741036750e-02
8.956737801750910832e-02
8.980721123400793593e-02
8.987468734232041678e-02
8.993857531340593292e-02
9.031254723224931003e-02
9.072244501703553843e-02
9.104663408915708578e-02
9.145595328293272541e-02
9.193618583182933124e-02
9.183537138553324319e-02
9.207512584039037606e-02
9.217166068520099564e-02
9.213205103448668387e-02
9.233137335261754064e-02
9.277788493821190197e-02
9.328480886147980100e-02
9.364353912887822540e-02
9.391552676835415725e-02
9.387996410296947647e-02
9.402642804722309566e-02
9.392767928788658960e-02
9.401356447091775703e-02
9.391371520804918382e-02
9.403663526994930633e-02
9.409304964341939914e-02
9.412929111595819132e-02
9.416905969980941815e-02
9.440539227694190461e-02
9.481698029566278108e-02
9.540183462861845376e-02
9.561418391729598065e-02
9.610443854095300498e-02
9.641078935821860429e-02
9.681532838330053625e-02
9.671148951110722369e-02
9.668276437771662624e-02
9.680326415231334247e-02
9.692945798237101451e-02
9.676993890256982422e-02
9.706705885257416178e-02
9.708759142469691739e-02
9.666746851399317386e-02
9.656818319422244556e-02
9.658392648051647433e-02
9.624384000652841387e-02
9.591823489373112188e-02
9.561291370818875146e-02
9.532101133382479830e-02
9.500047166944183830e-02
9.466138691409060890e-02
9.444795376424729161e-02
9.402252101936289796e-02
9.359970962880953538e-02
9.338068433797452883e-02
9.282264060499680058e-02
9.252506924246209352e-02
9.212003219340317295e-02
9.172935581400717964e-02
9.152340529622031429e-02
9.123296090232468902e-02
9.104088389535693049e-02
9.091851047735621805e-02
9.082304117156103640e-02
9.102795082256903703e-02
9.083770027405001224e-02
9.072389763946213381e-02
9.079217556374610809e-02
9.084372929435591271e-02
9.057114451069116223e-02
9.030778384181742391e-02
9.042450927904464864e-02
9.021062121091585895e-02
8.980052590207733554e-02
8.965319449557533626e-02
8.922105887913585331e-02
8.889281020165563929e-02
8.849108573930251909e-02
8.814953053610435907e-02
8.782855906596813422e-02
8.733647579308581599e-02
8.696370615080352418e-02
8.667046679372793216e-02
8.639929786130964851e-02
8.621555826758184327e-02
8.585876937138631204e-02
8.545226913813301628e-02
8.504083171013011866e-02
8.458208240996523131e-02
8.422656038385624433e-02
8.365714498977806779e-02
8.327123759783104651e-02
8.321890415111618533e-02
8.339701653452778751e-02
8.344968971239807853e-02
8.361281152354770041e-02
8.394608477813342295e-02
8.435657666323312376e-02
8.417047510998652837e-02
8.436508229411047999e-02
8.476023350388062205e-02
8.538210487503497537e-02
8.559435070540349910e-02
8.630059887629983051e-02
8.642931723343530437e-02
8.689673044946176483e-02
8.720561972021381725e-02
8.726474950020099430e-02
8.699976800615463746e-02
8.687646526166713234e-02
8.664977775012924766e-02
8.621007755120399518e-02
8.591036573024463108e-02
8.541583498145151332e-02
8.521095286775504096e-02
8.483397332988308615e-02
8.460780724941527331e-02
8.425268929565839227e-02
8.432930382281147996e-02
8.435346789684013136e-02
8.422840262181598148e-02
8.436469125316697903e-02
8.451730640059960942e-02
8.465071795620042472e-02
8.511890570985718163e-02
8.511922560744625277e-02
8.551879576589606347e-02
8.599434253150142760e-02
8.633771151764307872e-02
8.690939145348601513e-02
8.727779423985865259e-02
8.792032558907104944e-02
8.831953705012557387e-02
8.883410319168955072e-02
8.907596168506649870e-02
8.948299384374681920e-02
8.944707213352454112e-02
8.960527983324818868e-02
8.977099207091752964e-02
8.990667974811954177e-02
9.000270055434790584e-02
9.010479418090286408e-02
9.023072397567538649e-02
9.026876666361324797e-02
8.986574382588216614e-02
9.005884928874043072e-02
8.996134601521887930e-02
8.971276050296342341e-02
8.988300549586319965e-02
8.962377880397624785e-02
8.924265151000980445e-02
8.931438252297199676e-02
8.927526502772774319e-02
8.942456317553798550e-02
8.915648255976067749e-02
8.963922207393262842e-02
8.949230227110754887e-02
8.912570889753947123e-02
8.892575194034373076e-02
8.837577891183932832e-02
8.790290721492266535e-02
8.794957727825937488e-02
8.767453920212980867e-02
8.738826995701877431e-02
8.708942513323737755e-02
8.706075204877500306e-02
8.664309477581846886e-02
8.683577779716870892e-02
8.670158492153604013e-02
8.679237601748610031e-02
8.666956574116387035e-02
8.624533549043489344e-02
8.610112724957216801e-02
8.624148928983178808e-02
8.612606013149511075e-02
8.617061492453632898e-02
8.657464892913027676e-02
8.678499214241211512e-02
8.638712997271687233e-02
8.609020169066095018e-02
8.609768588975870440e-02
8.603884659416032032e-02
8.573698961522289996e-02
8.538776058590263895e-02
8.517405480321850464e-02
8.482576216680472181e-02
8.450154343430127390e-02
8.401578572529821987e-02
8.351850691806332605e-02
8.322623059338966900e-02
8.276064687424203314e-02
8.269937861295878490e-02
8.227817295632169903e-02
8.198224879548639266e-02
8.169658205155883035e-02
8.137262731554502360e-02
8.119743321204295206e-02
8.096174449861867628e-02
8.095189001942214302e-02
8.072203719072114370e-02
8.047256136100294777e-02
8.042879909631173163e-02
7.995939516399107327e-02
7.994358078921759425e-02
7.972195443460766695e-02
7.928142244997536670e-02
7.879676230497202616e-02
7.861778052929548066e-02
7.827508405457067608e-02
7.785744053630520856e-02
7.749119833774138766e-02
7.726359842665690703e-02
7.677788541927357824e-02
7.631200810868191131e-02
7.573851583281475397e-02
7.532001749939075397e-02
7.463188967220495129e-02
7.394677748501204961e-02
7.320923886013648574e-02
7.283464433459911624e-02
7.212781869928952538e-02
7.162218675695389281e-02
7.090293559047741723e-02
7.052246058929445560e-02
6.997733307117355583e-02
7.009727318585275146e-02
7.007035889183843569e-02
7.026900743003750005e-02
7.048056025525831214e-02
7.052867778622774753e-02
7.079371757496132067e-02
7.103515662091955396e-02
7.072960688001732332e-02
7.069639050509254896e-02
7.042770117328857327e-02
7.038203000140334786e-02
7.039053868791049495e-02
7.076042921131836527e-02
7.130908936090327166e-02
7.096873860547937840e-02
7.110012947249293169e-02
7.113143658867820962e-02
7.136503019592600749e-02
7.172609320951957301e-02
7.217349291564074953e-02
7.289518992965535182e-02
7.289549704898602711e-02
7.287564643078782434e-02
7.316943157439430301e-02
7.335150054100615657e-02
7.309177409644217194e-02
7.290856520498327498e-02
7.279621076944799152e-02
7.269944235282677081e-02
7.230684815724312819e-02
7.228058789818063434e-02
7.209013701068581192e-02
7.195848232115686915e-02
7.206468852192240981e-02
7.186313307272862438e-02
7.163076212540198107e-02
7.185208884713324695e-02
7.243261876417980694e-02
7.261271422055416702e-02
7.309052055130228764e-02
7.321340141546706093e-02
7.337707635214443802e-02
7.383636943961260912e-02
7.399583804565273981e-02
7.395107665658853802e-02
7.405516510241666461e-02
7.436870962566075050e-02
7.454412078209621262e-02
7.487155323454448841e-02
7.534939452812126903e-02
7.581646994939482409e-02
7.640809574214627031e-02
7.698479397650832834e-02
7.753710053494633492e-02
7.769775011477700333e-02
7.814527023401848793e-02
7.905073522933651897e-02
7.949843234114498114e-02
7.979622552360093879e-02
8.014794352616937123e-02
8.072939517041823054e-02
8.120033763021433648e-02
8.139581519698545209e-02
8.185293879210354950e-02
8.251876952434636370e-02
8.358415639191618673e-02
8.404699477209273684e-02
8.480519843355453780e-02
8.597528658741739049e-02
8.648879527453777472e-02
8.689489051822747723e-02
8.777323501878710188e-02
8.850488244179589847e-02
8.918178449116806461e-02
9.039245638084238144e-02
9.142240103676163576e-02
9.180059802672128899e-02
9.291114494742248875e-02
9.329557030286526886e-02
9.394133022981866754e-02
9.433057403035580157e-02
9.468763700702235997e-02
9.536375902554389272e-02
9.600184059470733000e-02
9.647168830577172727e-02
9.666513505133458861e-02
9.703486494467618295e-02
9.759153351165535117e-02
9.816256704984664683e-02
9.920561059884457078e-02
1.002917770149035492e-01
1.008970841854831546e-01
1.014770073514840720e-01
1.024836096496237609e-01
1.030462246613435828e-01
1.038994728479194357e-01
1.050890995438353986e-01
1.062574713394345144e-01
1.073695133908210836e-01
1.082429291869302229e-01
1.093641653900983696e-01
1.106994093096847209e-01
1.120117273314439055e-01
1.130562296916647197e-01
1.141197505177859867e-01
1.155208343670813542e-01
1.167252065173147446e-01
1.178414620672375845e-01
1.190234485014445287e-01
1.202171960902388148e-01
1.213427734860924589e-01
1.222717725145508472e-01
1.231268537707329858e-01
1.246901488684098031e-01
1.257290439262486181e-01
1.267749177995056986e-01
1.278860983656495975e-01
1.292025968606048125e-01
1.301120217207202279e-01
1.310959693504012424e-01
1.319252045638343029e-01
1.328866201697408156e-01
1.340632991351721204e-01
1.348843130114281974e-01
1.357648674988135018e-01
1.364762861635228364e-01
1.372932910123372263e-01
1.377008553490128295e-01
1.386976948429638479e-01
1.393401548208764718e-01
1.399567809632184801e-01
1.406775686411350645e-01
1.411917316797125233e-01
1.419178076742592942e-01
1.426249910401872767e-01
1.428908838442979057e-01
1.433733575619251244e-01
1.437820602441584328e-01
1.438178930658866594e-01
1.440294260724862552e-01
1.442345476211330524e-01
1.447096907929790732e-01
1.452483378458465091e-01
1.454828769893019014e-01
1.458349044209416578e-01
1.460049502005440203e-01
1.462225993044368733e-01
1.462478593951953565e-01
1.464724810110405173e-01
1.465961962530926976e-01
1.466115163749783235e-01
1.467267508591965641e-01
1.467969094488091319e-01
1.467853065586238737e-01
1.472401278116310663e-01
1.475191681267554455e-01
1.481657132554504430e-01
1.484623668511418637e-01
1.485337260305286677e-01
1.488623439374403834e-01
1.493590294756149406e-01
1.495910603074714629e-01
1.499765803721163082e-01
1.505296088858571468e-01
1.510119382909905772e-01
1.517563399277728764e-01
1.520982863846555844e-01
1.523518316253852645e-01
1.529877675494497602e-01
1.536041289053151904e-01
1.541483523956125312e-01
1.549540751217246826e-01
1.556275984761575915e-01
1.560921523315920434e-01
1.569684613525281491e-01
1.575611652082733738e-01
1.586266627935178641e-01
1.602930297525806680e-01
1.610531682556530508e-01
1.623186023602113115e-01
1.634866343900816532e-01
1.645734920940611912e-01
1.658711682601302084e-01
1.669460532503434513e-01
1.683161247473267397e-01
1.699833155011586661e-01
1.713999117742984746e-01
1.728997719005786193e-01
1.739204541189722786e-01
1.749525145253656988e-01
1.762135783899964614e-01
1.775254714397898614e-01
1.789811118090519626e-01
1.803373700927977386e-01
1.816799026173479270e-01
1.827108271871249745e-01
1.836419302754599692e-01
1.847751901143112330e-01
1.856376462642122249e-01
1.866815871346294564e-01
1.878588912155490509e-01
1.893596725411031134e-01
1.906161659686452514e-01
1.923765046972434611e-01
1.939013372892905984e-01
1.953489717123575720e-01
1.968011570005048505e-01
1.980461939285707296e-01
1.992829786145517701e-01
2.007667384239637531e-01
2.021038248057011877e-01
2.033629793452851331e-01
2.049234803696347862e-01
2.064003938386492487e-01
2.080977739913589808e-01
2.101821101603703612e-01
2.118769966920822645e-01
2.132603137063453502e-01
2.147151734043864779e-01
2.164995714872115784e-01
2.177905292510065316e-01
2.189419913750679236e-01
2.200788782450010528e-01
2.212965302564557646e-01
2.224780724318183855e-01
2.240488514485791394e-01
2.256643145598138944e-01
2.271696992081914945e-01
2.286473194886442240e-01
2.304018074143637795e-01
2.318986418174497910e-01
2.336352570589209365e-01
2.351504578733751294e-01
2.367154663380653112e-01
2.379887229356184852e-01
2.398418003581182234e-01
2.411836257515220794e-01
2.427588716714857986e-01
2.443524698017222330e-01
2.461601769225201242e-01
2.479081645565843761e-01
2.500733965714804774e-01
2.521029611410670057e-01
2.542216930976460287e-01
2.564774695786987690e-01
2.586736595227088209e-01
2.608562667618134490e-01
2.630351222260689514e-01
2.655068400188602129e-01
2.680251952825534745e-01
2.702858526803910699e-01
2.727918537337972738e-01
2.751977807957914357e-01
2.774954929738051579e-01
2.798374580941294654e-01
2.822781019165241378e-01
2.848306304777616926e-01
2.871940680813215296e-01
2.896212149297850424e-01
2.919870359829283002e-01
2.940570382646526260e-01
2.963992188479582790e-01
2.982525694763070723e-01
2.997909311675398536e-01
3.019559309893761201e-01
3.036117892992976630e-01
3.053351983011358128e-01
3.073053123250099050e-01
3.096199035909110719e-01
3.120502505982273855e-01
3.141953397705192774e-01
3.160654135989830471e-01
3.180599490248566807e-01
3.202128432536839320e-01
3.219967829376079171e-01
3.240307940109409257e-01
3.263128081544003911e-01
3.286609004288097435e-01
3.310079703548733376e-01
3.329154943085262386e-01
3.351463699780942718e-01
3.374322380160771906e-01
3.393013593899821823e-01
3.414924048185875582e-01
3.434711688808684826e-01
3.458374803528871388e-01
3.479520657886411850e-01
3.496940247175928662e-01
3.517959020994257946e-01
3.537123575740412917e-01
3.553780739907023700e-01
3.571227242836935156e-01
3.584633547238395002e-01
3.596088673697612204e-01
3.609123518837530353e-01
3.620141851698916446e-01
3.634072321399196559e-01
3.646067707838018257e-01
3.657751480954808398e-01
3.671966825233989318e-01
3.682747588348860845e-01
3.693565858332905627e-01
3.705947191518272898e-01
3.719186008523297504e-01
3.732747462793488680e-01
3.743102990508510031e-01
3.756080185109578751e-01
3.769464852697955171e-01
3.780797647155730301e-01
3.791991157391670364e-01
3.804261478643576333e-01
3.816474077617262872e-01
3.826826766778518296e-01
3.839995501786269139e-01
3.855260662285996398e-01
3.865270881885811138e-01
3.876497707128016557e-01
3.889279789547935295e-01
3.898926063504343231e-01
3.912082128353944199e-01
3.922863829669973601e-01
3.935042693185872853e-01
3.948890452496879866e-01
3.960314985583486269e-01
3.971977156233969519e-01
3.982841744002200146e-01
3.994590938914612810e-01
4.006966945299194061e-01
4.019376125765209973e-01
4.041774908775057074e-01
2.883936736534783880e-06
2.899947204684029602e-06
2.234790722516666675e-03
3.689679667913263721e-03
5.120951930872735987e-03
6.548167870880159357e-03
7.966371409387716304e-03
9.384452860728765763e-03
1.080268137901922720e-02
1.209123959016132274e-02
1.330440178361609778e-02
1.447599868881075356e-02
1.552987941345857978e-02
1.653007409999818558e-02
1.745757559627609048e-02
1.841504611200643626e-02
1.932352447705158044e-02
2.023865566485532480e-02
2.112025686838764002e-02
2.189437026347457876e-02
2.259384462093052062e-02
2.324535738737989674e-02
2.382654222574488723e-02
2.435837056094855915e-02
2.488903058957476350e-02
2.539670150924348488e-02
2.586247984955064236e-02
2.628927074181513016e-02
2.665367854882876031e-02
2.693043401663742023e-02
2.715613203968153186e-02
2.732957652630274917e-02
2.745311457630513624e-02
2.753108497847580813e-02
2.756107424330701827e-02
2.754357075969611143e-02
2.748283025837934546e-02
2.737622915547726493e-02
2.722861719976528774e-02
2.703153409783276215e-02
2.677944836678865584e-02
2.646615946660229798e-02
2.610353768419592865e-02
2.567852063058363721e-02
2.520695200468548586e-02
2.470095381235641943e-02
2.416673038199993601e-02
2.361151822380889304e-02
2.303306713882832119e-02
2.240793043898845621e-02
2.174382093601597010e-02
2.102397350367635892e-02
2.025603506368788692e-02
1.942786627827048501e-02
1.857032136755334267e-02
1.765368967680440090e-02
1.671459465705552039e-02
1.571878577122713672e-02
1.467997156468121150e-02
1.364332906713104643e-02
1.254323192364711903e-02
1.141159247810130846e-02
1.020786537152748065e-02
8.984109158754888247e-03
7.701520124582178668e-03
6.386660625550807067e-03
5.053948499354063255e-03
3.722073963223532407e-03
2.387909329640515530e-03
9.739831551979376062e-04
-3.800201922297994175e-04
-1.799187889817792851e-03
-3.247695650015039719e-03
-4.697032386297668623e-03
-6.132208643096884008e-03
-7.547992078383772459e-03
-8.968882489003533048e-03
-1.032258161979208305e-02
-1.177316353935139830e-02
-1.323996510290284014e-02
-1.483622166096699134e-02
-1.649034602551406950e-02
-1.811880733329818138e-02
-1.983897898825070366e-02
-2.162685408825170200e-02
-2.343361842634200318e-02
-2.528597926099042381e-02
-2.716020263889187478e-02
-2.904494198211882844e-02
-3.094509953828914264e-02
-3.280076750696376414e-02
-3.470261956311548879e-02
-3.658603105995685001e-02
-3.851618420939579429e-02
-4.039031856014184407e-02
-4.228503387484082443e-02
-4.418271810416755929e-02
-4.597110308228143788e-02
-4.751712792275229746e-02
-4.919827045038117214e-02
-5.055872942308066442e-02
-5.173999728240000207e-02
-5.225100526655640509e-02
-5.262437725108620734e-02
-5.292559415066655504e-02
-5.326960886039702747e-02
-5.360390569824647483e-02
-5.392087651350600808e-02
-5.420636382251104585e-02
-5.448882404969617593e-02
-5.476009515671468458e-02
-5.507034725442493117e-02
-5.533122984116784632e-02
-5.556427492338217311e-02
-5.574938697886303030e-02
-5.588564172533972557e-02
-5.604499927738446075e-02
-5.619773148476601976e-02
-5.633719690794459362e-02
-5.644328750473505407e-02
-5.771863339562403189e-02
-5.899840263131766321e-02
-6.027718903517971516e-02
-6.155225608516703972e-02
-6.282011947667728857e-02
-6.409606075325395558e-02
-6.537504713263721234e-02
-6.665464930873436777e-02
-6.792385738668002548e-02
-6.919810635915152330e-02
-7.047302414035873375e-02
-7.174406500591139213e-02
-7.301253466849871865e-02
-7.428016546960633515e-02
-7.555330567813801912e-02
-7.682696089322474386e-02
-7.810106880409253827e-02
-7.937556626148625782e-02
-8.065039236889251506e-02
-8.192549039863834814e-02
-8.320080894246301151e-02
-8.447630247895947242e-02
-8.575193151425332394e-02
-8.702766999726056774e-02
-8.830348436198950934e-02
-8.957930060118075855e-02
-9.085510933878918061e-02
-9.213090614305161075e-02
-9.340668809872147704e-02
-9.468245331489957839e-02
-9.595821289773134866e-02
-9.723396715790516565e-02
-9.850971599583395466e-02
-9.978545963867628543e-02
-1.010611985654713968e-01
-1.023369334460114827e-01
-1.036126650910820096e-01
-1.048883950816808519e-01
-1.061641241203465647e-01
-1.074398521480568608e-01
-1.087155798795952227e-01
-1.099913045440249482e-01
-1.112670259274128742e-01
-1.125427445210016864e-01
-1.138184612649259658e-01
-1.150941772176747591e-01
-1.163698935502507775e-01
-1.176456108763309777e-01
-1.189213298006820962e-01
-1.201970496778180519e-01
-1.214727731868715382e-01
-1.227485004151849662e-01
-1.240242307332561217e-01
-1.252999634048768962e-01
-1.265756979759766199e-01
-1.278514345375196815e-01
-1.291271719445787891e-01
-1.304029090047439665e-01
-1.316786446784074249e-01
-1.329543785659668131e-01
-1.342180458674319954e-01
-1.354726940029590265e-01
-1.367431247294175478e-01
-1.380136062344642089e-01
-1.392841434227426456e-01
-1.405547360710628080e-01
-1.418253796607397699e-01
4.000029828390902487e-01
4.000029988846966478e-01
4.015419405855789048e-01
4.013296257893625429e-01
4.010574554375420653e-01
4.008246033811904696e-01
4.005780426607339351e-01
4.003378840899819990e-01
4.000821796054063184e-01
3.998264170759177616e-01
3.995530941516985401e-01
3.992991254994354700e-01
3.990265325638228666e-01
3.987277882865207235e-01
3.984224435873054415e-01
3.980882986726225203e-01
3.977303210382540644e-01
3.974015772010106584e-01
3.970772358124702306e-01
3.967388362669691526e-01
3.964339881763956353e-01
3.961717725021430270e-01
3.959397472948099073e-01
3.957068842481669679e-01
3.954360987769592883e-01
3.951214217096224446e-01
3.947753027365218381e-01
3.944546999734764303e-01
3.941353051500091076e-01
3.938494146391913753e-01
3.935633769467021259e-01
3.932767099885843831e-01
3.930247391250183409e-01
3.927727715895181215e-01
3.925219327000570857e-01
3.922823593942725284e-01
3.920827096415391844e-01
3.919095666821450497e-01
3.917467124221378771e-01
3.916403224937605732e-01
3.915479401152141548e-01
3.917637065584863021e-01
3.919772891602454901e-01
3.920702294788860898e-01
3.921429765477602025e-01
3.922006570601794806e-01
3.922225692261744334e-01
3.922228683542988148e-01
3.921934723857495309e-01
3.921495434810435832e-01
3.920865691709207179e-01
3.920042836809942144e-01
3.918833177696636749e-01
3.917163326800876533e-01
3.915738362663219174e-01
3.912566039462770373e-01
3.908865771216468166e-01
3.903062035108726402e-01
3.896653951380757985e-01
3.894890468560478491e-01
3.892586776278029737e-01
3.893843335820606488e-01
3.895243979294824022e-01
3.896983531011196655e-01
3.898937029511460595e-01
3.900821144653610073e-01
3.902963924513538907e-01
3.905027919260344316e-01
3.907002657037861315e-01
3.909715923516940972e-01
3.912816865593798377e-01
3.915639706300363398e-01
3.917989919201022575e-01
3.920742824379196412e-01
3.923824053137834889e-01
3.927027555704305506e-01
3.929874898025626506e-01
3.931948641386133203e-01
3.933610788874738473e-01
3.935591017157539229e-01
3.937909409627147195e-01
3.939329155304329699e-01
3.940892667421712625e-01
3.941985272010518071e-01
3.941001902433239890e-01
3.938083563006435917e-01
3.932865765921937928e-01
3.925371038057079986e-01
3.916949156189347137e-01
3.906773637620063466e-01
3.894398110203460273e-01
3.881582959581589831e-01
3.868437193703126997e-01
3.854189454230330658e-01
3.839729862295445662e-01
3.824467130321477226e-01
3.809271110485809575e-01
3.794102673225236977e-01
3.779692755976721275e-01
3.765779638094036708e-01
3.752000710609005307e-01
3.738226475238258795e-01
3.724607519603067018e-01
3.711256578404668049e-01
3.698038839517474030e-01
3.685316695356237737e-01
3.672985270646784151e-01
3.660821651136423327e-01
3.648820626496437902e-01
3.636804087510448480e-01
3.625374626021957702e-01
3.614297681193370249e-01
3.603598918506638604e-01
3.593163758706252597e-01
3.582907232520501917e-01
3.573038428451898452e-01
3.563538061699899617e-01
3.554412893468703039e-01
3.545697460010799329e-01
3.537397486151480641e-01
3.529484149752344369e-01
3.521983747181715585e-01
3.515082703356083860e-01
3.508671861827722949e-01
3.502612837905336174e-01
3.497063951432070605e-01
3.491997031483153324e-01
3.487246552513940667e-01
3.482844909056672655e-01
3.478973754295591747e-01
3.475493339160371509e-01
3.472539163941077978e-01
3.470025248535868467e-01
3.467991423298211195e-01
3.466422432535958276e-01
3.465288941426917790e-01
3.464576703431667126e-01
3.464276477494478979e-01
3.464378687765986564e-01
3.464867807412500000e-01
3.465684931155696979e-01
3.466828434183723551e-01
3.468123518421539764e-01
3.469462997327824594e-01
3.470895733230773827e-01
3.472432135731936542e-01
