2.000016197591314437e-01
1.999994884321866506e-01
1.999994731709674178e-01
1.996450745112405556e-01
1.994381189088299533e-01
1.991773140038204659e-01
1.989280749273392990e-01
1.985672488655859658e-01
1.981588821435748549e-01
1.976223258758587897e-01
1.970440418577927566e-01
1.963957078842617499e-01
1.957159418345934543e-01
1.949872628185945478e-01
1.942124808804368830e-01
1.934056905488542588e-01
1.925676448180596578e-01
1.917086260050594737e-01
1.908537329773289104e-01
1.899581515725872471e-01
1.890658281457492096e-01
1.881408206106801040e-01
1.871939714323095361e-01
1.862490290570108231e-01
1.853725481246626672e-01
1.844162487070589995e-01
1.835328454792306274e-01
1.826461497615471385e-01
1.817177869305327542e-01
1.808747021915361464e-01
1.796928532228675990e-01
1.784744036807347778e-01
1.769294946621390308e-01
1.752031065907455887e-01
1.732668254361850457e-01
1.713467635338377371e-01
1.693689040260863421e-01
1.673297068107972019e-01
1.652474716034725011e-01
1.631519693227765633e-01
1.610227378634238316e-01
1.588614874803951638e-01
1.567478324798044220e-01
1.545999704061013225e-01
1.524414471142306604e-01
1.502966054490849912e-01
1.481257731619482210e-01
1.459965867878314227e-01
1.438401059697333173e-01
1.416365790672133584e-01
1.394938875732057992e-01
1.373532831069430582e-01
1.352368659944478690e-01
1.331458460261819854e-01
1.310467287989731944e-01
1.289168518535810104e-01
1.268257338087443453e-01
1.247111269760871749e-01
1.226068031516558132e-01
1.205317512753196069e-01
1.184854961379756683e-01
1.164468786227402936e-01
1.143870547846948804e-01
1.123559200828544991e-01
1.102981647972990226e-01
1.082440010661930713e-01
1.062043358069300475e-01
1.042329088249843855e-01
1.022673353481222125e-01
1.002590409549283523e-01
9.829158985501700030e-02
9.629152967675289054e-02
9.445235702192403271e-02
9.253187898838211023e-02
9.071649801376811817e-02
8.861560014056989176e-02
8.671558453590515192e-02
8.491298705259175961e-02
8.318981549970567990e-02
8.124430616399604121e-02
7.943116575561115500e-02
7.753273520141834574e-02
7.559216696704304517e-02
7.362889624716534298e-02
7.177073456065134749e-02
6.971041678772317562e-02
6.783956765879349537e-02
6.564503134676763496e-02
6.355120913884844402e-02
6.142543686282923160e-02
5.928457654249823933e-02
5.717705861174352672e-02
5.488783102132885339e-02
5.265940706726968817e-02
5.040932679831421764e-02
4.838398941291610633e-02
4.626328079407496241e-02
4.405363229448845674e-02
4.203836986053934022e-02
3.989985419652616189e-02
3.781933818835687966e-02
3.539123515440565498e-02
3.293556092952600739e-02
3.047916328900445934e-02
2.802209954442019813e-02
2.556443168848411551e-02
2.310622514637869149e-02
2.065642087427145210e-02
1.819760428511953826e-02
1.584570003118560347e-02
1.351867348998170293e-02
1.106370681261532526e-02
8.710851780125407340e-03
6.257195306532937172e-03
3.803371679258401097e-03
1.518934700736219263e-03
-9.302409849618917086e-04
-3.114614843312125785e-03
-5.505447176159304276e-03
-7.947929795951972146e-03
-1.017137644488440296e-02
-1.248486926201938275e-02
-1.469512967305423856e-02
-1.685054747156992244e-02
-1.895891330668549382e-02
-2.123878090572535460e-02
-2.346044804738106615e-02
-2.582611235904228378e-02
-2.782288078735019668e-02
-3.014293433696547606e-02
-3.246661015988774185e-02
-3.484631728381069188e-02
-3.721451526032604901e-02
-3.953560977881055705e-02
-4.169486550845489387e-02
-4.380766105255507609e-02
-4.617364744669458926e-02
-4.824377914877489570e-02
-5.047284449268953088e-02
-5.265040193058560802e-02
-5.485745516382784653e-02
-5.703572478389674211e-02
-5.924391844305517546e-02
-6.132870230949376972e-02
-6.341264053499399977e-02
-6.563662698405058060e-02
-6.789425387570502402e-02
-7.015539314953840588e-02
-7.230715955874603140e-02
-7.448692546701332629e-02
-7.645274623896711197e-02
-7.862705216691864840e-02
-8.081895605407177219e-02
-8.304793240576355262e-02
-8.528135031471384409e-02
-8.743771273898931495e-02
-8.938929672132414628e-02
-9.160530825167922941e-02
-9.367404147081782873e-02
-9.585710870345826029e-02
-9.795964061566063419e-02
-1.001337988665380735e-01
-1.023424998020090043e-01
-1.044122288174793162e-01
-1.064497749588637909e-01
-1.086361326794459542e-01
-1.108472441103935668e-01
-1.130587548572413725e-01
-1.152706025286307917e-01
-1.174827323005084717e-01
-1.196950869101305881e-01
-1.219076148161502005e-01
-1.241202761084055362e-01
-1.263330370042039796e-01
-1.285458696330889772e-01
-1.307587515287938207e-01
-1.329716649560432062e-01
-1.350398283770495311e-01
-1.371162898987115797e-01
-1.391101486830556566e-01
-1.408906481137895128e-01
-1.430524523974899542e-01
-1.449107621369177257e-01
-1.468655129390829261e-01
-1.486669598587620211e-01
-1.505537315569770995e-01
-1.523527803375302192e-01
-1.542776856678284292e-01
-1.560928118348783311e-01
-1.580300893996222644e-01
-1.600368626756923374e-01
-1.620578316902053506e-01
-1.640672138428964366e-01
-1.661069788808763603e-01
-1.680133921048242440e-01
-1.698408523080573995e-01
-1.718593614769714506e-01
-1.738599460969960375e-01
-1.758387595392824077e-01
-1.778276611219438696e-01
-1.797129096916589841e-01
-1.817176477028152048e-01
-1.836396353059857045e-01
-1.856386780988935614e-01
-1.876381191787420133e-01
-1.896378966622832007e-01
-1.916379671953776231e-01
-1.935211042379622326e-01
-1.954081542551965034e-01
-1.973913814548187151e-01
-1.993748942710996674e-01
-2.013406176366630551e-01
-2.032886449324344258e-01
-2.052686140822553296e-01
-2.072488035648501481e-01
-2.092291843685666619e-01
-2.112097275097667981e-01
-2.131904072960510987e-01
-2.151712058274251049e-01
-2.171520998062061170e-01
-2.191330656688124379e-01
-2.211140807629278782e-01
-2.230951321566649326e-01
-2.249946544252802993e-01
-2.269678094322186701e-01
-2.289209173293959565e-01
-2.308315136322363903e-01
-2.326376187938171136e-01
-2.344651042943801389e-01
-2.364689164527246368e-01
-2.383284728539976083e-01
-2.402041459786651290e-01
-2.421512172171386978e-01
-2.438684867615773799e-01
-2.453705337624306759e-01
-2.470927902790154007e-01
-2.487340981874165413e-01
-2.503603818536100367e-01
-2.517964459311879954e-01
-2.531598238651872612e-01
-2.545821280418810173e-01
-2.560670949476715474e-01
-2.574352833439543797e-01
-2.590909365711417944e-01
-2.606644583559173944e-01
-2.623430987352909916e-01
-2.640236281389654049e-01
-2.657059466831329653e-01
-2.673898890360966174e-01
-2.690433094550372939e-01
-2.707229722778450309e-01
-2.724065786696370783e-01
-2.740910580960183585e-01
-2.757762538611273628e-01
-2.774620067391027622e-01
-2.791481716274280545e-01
-2.808345905733241055e-01
-2.823257651263914036e-01
-2.836990523514742457e-01
-2.853242955477001130e-01
-2.867204215719239002e-01
-2.882151926918882223e-01
-2.896489207454155945e-01
-2.908098880957550314e-01
-2.920632272942533803e-01
-2.933690655199834296e-01
-2.946663352283204196e-01
-2.960208222856122173e-01
-2.972804288058825128e-01
-2.982989596071220495e-01
-2.995229683761128636e-01
-3.005632326731619286e-01
-3.017358227862779740e-01
-3.028158655583121361e-01
-3.038940109226874742e-01
-3.049358977211056865e-01
-3.061373654762401531e-01
-3.073289730367970707e-01
-3.085730360557332186e-01
-3.098201665540284977e-01
-3.110692487050490951e-01
-3.123199916479216798e-01
-3.135311983388388013e-01
-3.147668618675392715e-01
-3.160117952908459427e-01
-3.172575163513161600e-01
-3.185038499630352127e-01
-3.197506496433438206e-01
-3.209975769336038676e-01
-3.222448389415607517e-01
-3.234923376620904567e-01
-3.247399772324573441e-01
-3.259876827405558397e-01
-3.272138172800481692e-01
-3.284576812627579834e-01
-3.297015856911629794e-01
-3.309434403109244305e-01
-3.321869814511853591e-01
-3.332480555716279547e-01
-3.343164385423815776e-01
-3.354106727433994184e-01
-3.363210845359934087e-01
-3.371580878820003013e-01
-3.381870788669634198e-01
-3.389823264064492081e-01
-3.398236205739699756e-01
-3.407072923195270109e-01
-3.415931663834299026e-01
-3.424856260002315800e-01
-3.434370453738782580e-01
-3.443619987135162486e-01
-3.454130374416058968e-01
-3.464499760347155011e-01
-3.474817694373679711e-01
-3.485295820384087251e-01
-3.495476538039886671e-01
-3.505810606872329926e-01
-3.516204989505801182e-01
-3.526613701821231794e-01
-3.536842313817108452e-01
-3.547216298428590986e-01
-3.556479588867262898e-01
-3.565974360896996820e-01
-3.575555565637169031e-01
-3.584969735250357337e-01
-3.594761592426617414e-01
-3.604099997878227879e-01
-3.613032665271856958e-01
-3.621555700907671538e-01
-3.629771803823065301e-01
-3.637980148156510496e-01
-3.646676853106469718e-01
-3.655441072421200532e-01
-3.663438463747958340e-01
-3.671333290983472830e-01
-3.679820982002958152e-01
-3.687102108961860525e-01
-3.694205173204472836e-01
-3.702383478351997659e-01
-3.710369958828373393e-01
-3.718255246647788614e-01
-3.726091663567605017e-01
-3.734058628689595483e-01
-3.741608576915406714e-01
-3.748814776719911479e-01
-3.755344553510543415e-01
-3.761965111630035108e-01
-3.768547924688567807e-01
-3.774837857874816516e-01
-3.780776256029180216e-01
-3.786988236160435672e-01
-3.792623051075805218e-01
-3.798338620855669645e-01
-3.803617330710176159e-01
-3.809171395443428088e-01
-3.814474025175621508e-01
-3.819929914962802431e-01
-3.825012511453257380e-01
-3.829678045288391619e-01
-3.834178156970768359e-01
-3.838262540992612992e-01
-3.842383708254067387e-01
-3.846156900168568593e-01
-3.849739949340307277e-01
-3.853143076396202682e-01
-3.856582759576299702e-01
-3.859718386819180336e-01
-3.862761385048770202e-01
-3.865634173611521285e-01
-3.868463282301928263e-01
-3.871325926584875954e-01
-3.874037442108195783e-01
-3.876790434265517393e-01
-3.879477430962374185e-01
-3.882070764220686421e-01
-3.884650834134690256e-01
-3.887084481508754075e-01
-3.889449840690331062e-01
-3.891808446439264935e-01
-3.894049461798761436e-01
-3.896293951876882988e-01
-3.898447395351577471e-01
-3.900387821088519558e-01
-3.902095715306568291e-01
-3.903725889124276538e-01
-3.905262390308010256e-01
-3.906762186253646685e-01
-3.908271890287534078e-01
-3.909790502835174819e-01
-3.911316877326472263e-01
-3.912849835592258074e-01
-3.914388244082463442e-01
-3.915931061240202626e-01
-3.917477363494242804e-01
-3.919026262726978405e-01
-3.920577068787537978e-01
-3.922129224829378757e-01
-3.923682287350427345e-01
-3.925235912639545299e-01
-3.926789842464256663e-01
-3.928343890069145306e-01
-3.929897927143121139e-01
-3.931451872131496161e-01
-3.933005680075126742e-01
-3.934559318167443198e-01
-3.936112769939587586e-01
-3.937666033612153282e-01
-3.939219117761222355e-01
-3.940772037983844567e-01
-3.942324813773468994e-01
-3.943877469226464427e-01
-3.945430027063315248e-01
-3.946982502404406956e-01
-3.948534902024531945e-01
-3.950087230235017621e-01
-3.951639490758462880e-01
-3.953191687031523127e-01
-3.954743822149240917e-01
-3.956296034050538757e-01
-3.957848330421563920e-01
-3.959323782857483986e-01
-3.960657068714331097e-01
-3.961856355237907690e-01
-3.962954368564192698e-01
-3.963965734453079315e-01
-3.964899534300784789e-01
-3.965795327136855675e-01
-3.966663577943492225e-01
-3.967481959843434103e-01
-3.968306546514754340e-01
-3.969136667017633679e-01
-3.969971570131981542e-01
-3.970810605959914086e-01
-3.971653037074077131e-01
-3.972498192013997342e-01
-3.973345476814013622e-01
-3.974194382209760290e-01
-3.975044493707147186e-01
-3.975895481946981613e-01
-3.976728003208767626e-01
-3.977518602624519617e-01
-3.978301101584421628e-01
-3.979076217709530128e-01
-3.979803903428280054e-01
-3.980385711563339535e-01
-3.980733100305415273e-01
-3.981020297032988875e-01
-3.981303411977515916e-01
-3.981524367511336537e-01
-3.981676140304091782e-01
-3.981658538273865067e-01
-3.981258231516323076e-01
-3.980740800535257362e-01
-3.979938825901017108e-01
-3.978674643210448059e-01
-3.977070764625418309e-01
-3.975054209409347172e-01
-3.972968585029530431e-01
-3.970292678036813627e-01
-3.967412814837038004e-01
-3.963979589675948323e-01
-3.960025733467638087e-01
-3.955741180144667912e-01
-3.951152914715109210e-01
-3.946420463367323328e-01
-3.941712898867221759e-01
-3.937026176984106396e-01
-3.932356454098025478e-01
-3.927700254424220661e-01
-3.923054553800408017e-01
-3.918416756496336251e-01
-3.913784741454017779e-01
-3.909156796771547371e-01
-3.904531580203285390e-01
-3.899908067956611712e-01
-3.895285502835414415e-01
-3.890663344888035668e-01
-3.886041371565113756e-01
-3.881419519565716958e-01
-3.876797575836844478e-01
1.999969450530062198e-01
1.999969290335727456e-01
1.976685846831301996e-01
1.966133383478663454e-01
1.955847090974645597e-01
1.945109194348935144e-01
1.934609335903148264e-01
1.924315469586800609e-01
1.914464208731928296e-01
1.903719629602699248e-01
1.891390796063542601e-01
1.875390376324281849e-01
1.860823328494711770e-01
1.845879907207728376e-01
1.830352886257053946e-01
1.816970558328896979e-01
1.799344853968382063e-01
1.781032268328124890e-01
1.762845065183542004e-01
1.745414230703641600e-01
1.727509223059339738e-01
1.709714208612383990e-01
1.691813467018883077e-01
1.674260376006889428e-01
1.657332813631309520e-01
1.640413526775049147e-01
1.623211833437337437e-01
1.605865992606264891e-01
1.588786643944328780e-01
1.571130615273367004e-01
1.553921828252941006e-01
1.535722901079062674e-01
1.518718940359577718e-01
1.502595609839030566e-01
1.485478390656756187e-01
1.468780070550509964e-01
1.452841283348057788e-01
1.436222731634240746e-01
1.420636359078472355e-01
1.405645099529552744e-01
1.391291370377833181e-01
1.377848606337011284e-01
1.365000300615221984e-01
1.351999099387574677e-01
1.339939647953245494e-01
1.327823864034659851e-01
1.315911945591552445e-01
1.304279821042826359e-01
1.293416590318112180e-01
1.283109293726203137e-01
1.272742346421380788e-01
1.263177329123263137e-01
1.253457422228384799e-01
1.244829574363522096e-01
1.236859027247035614e-01
1.229057210925881410e-01
1.221344641600200509e-01
1.214380272116485637e-01
1.207789605275875894e-01
1.201154012034966190e-01
1.194835843923447161e-01
1.188986832387001202e-01
1.183050052182005180e-01
1.177399495908582061e-01
1.172069330826359390e-01
1.166820318022331465e-01
1.161969734011953220e-01
1.157346930433100635e-01
1.152891489749870851e-01
1.148824438334019038e-01
1.145173524887051347e-01
1.141872766431167585e-01
1.138931136678022898e-01
1.136432503203390759e-01
1.134320549948417828e-01
1.132608199256594644e-01
1.131318805983669712e-01
1.130428406855775447e-01
1.129932825541800495e-01
1.129818748087957625e-01
1.130059817064915650e-01
1.130585118143492690e-01
1.131444437581176354e-01
1.132686845581120927e-01
1.134267204181832606e-01
1.136301118166206520e-01
1.138750244663607886e-01
1.141544203135388125e-01
1.144511822996386041e-01
1.147987156056372304e-01
1.151561381984953364e-01
1.155759357568364037e-01
1.160067640420222035e-01
1.164842404468632020e-01
1.169918727310106654e-01
1.175326185074553054e-01
1.181065588553505963e-01
1.187243131247656125e-01
1.193851554989280028e-01
1.201630165971088460e-01
1.209133122041190639e-01
1.217446180027147024e-01
1.225690752640105213e-01
1.234688817968968705e-01
1.243764439320179660e-01
1.253045448295339870e-01
1.262585048315179592e-01
1.272440386068739993e-01
1.282706560532169970e-01
1.293197044920106620e-01
1.303764279951548088e-01
1.314854124237027355e-01
1.325843283947356899e-01
1.337777527772356090e-01
1.350268265375539622e-01
1.362700802761141472e-01
1.376155405938463694e-01
1.389650216263697557e-01
1.403492876271797141e-01
1.417321537634166073e-01
1.431138789863224681e-01
1.444947005160363562e-01
1.458748236858763425e-01
1.472544212316233281e-01
1.486336346486978044e-01
1.500125758915978325e-01
