2.000014636562081061e-01
2.000014791866944197e-01
2.009705846513913652e-01
2.019845257468277644e-01
2.030597263077613679e-01
2.041284098091009636e-01
2.051939552376180198e-01
2.062635458058581228e-01
2.073494812774741847e-01
2.084364376223555304e-01
2.095577012492826352e-01
2.107169045048621070e-01
2.118562207533609965e-01
2.130058730732053984e-01
2.141464158627325864e-01
2.152760675205921959e-01
2.163601997315015846e-01
2.174066559109635866e-01
2.184015628922921781e-01
2.193156317929206012e-01
2.202406546898318107e-01
2.212154630299782709e-01
2.221796383659170315e-01
2.231653430128556770e-01
2.242741779730689222e-01
2.254705271931368715e-01
2.267860356980074543e-01
2.281714911113342237e-01
2.296104700052828684e-01
2.311073977809478819e-01
2.326381049878387952e-01
2.341940561075315230e-01
2.357880253384682934e-01
2.374149875284470856e-01
2.390428326392197989e-01
2.407165954315368672e-01
2.423798412617859943e-01
2.440269779366484593e-01
2.456866679229884887e-01
2.473659063557713533e-01
2.490553347295773878e-01
2.507606251693109134e-01
2.524567075468827082e-01
2.541622654860548058e-01
2.558675487801075898e-01
2.575726242839821989e-01
2.592775370165236737e-01
2.609823308515935025e-01
2.626870406558793891e-01
2.643916933906274025e-01
2.660963092824876752e-01
2.678009029752737580e-01
2.695054840928431950e-01
