-1.999969686633778776e-01
-1.999969526420454502e-01
-1.979126988652257779e-01
-1.957770252792896959e-01
-1.936484594902616596e-01
-1.915258595583956003e-01
-1.893725917707438366e-01
-1.872344238796896931e-01
-1.850751223370387388e-01
-1.829193396999304055e-01
-1.807741848507419813e-01
-1.786519933425718687e-01
-1.765491966954219061e-01
-1.744511905749489278e-01
-1.723238372167392451e-01
-1.701752907251844749e-01
-1.679668254978289865e-01
-1.657653661061088135e-01
-1.635512468584114365e-01
-1.613226267667832170e-01
-1.591090471857094513e-01
-1.568824868795684613e-01
-1.546736752750392796e-01
-1.524683510073976400e-01
-1.502726428748216159e-01
-1.481092475742467607e-01
-1.459036977489566456e-01
-1.436937193195448326e-01
-1.414885220417942402e-01
-1.392971230147334039e-01
-1.371437099906412660e-01
-1.349903370173875239e-01
-1.328428276334651381e-01
-1.306980176544077499e-01
-1.285702061812685204e-01
-1.264194965872482979e-01
-1.242957811611179186e-01
-1.221607572458238283e-01
-1.200167501945511583e-01
-1.178569659331795694e-01
-1.156615727752278722e-01
-1.134802307031589352e-01
-1.112933754482652166e-01
-1.090849807225078016e-01
-1.069005665401632360e-01
-1.047367283574717201e-01
-1.025908703986468939e-01
-1.004880460074717846e-01
-9.836280778654887813e-02
-9.623221805922732575e-02
-9.413743657349751826e-02
-9.204357300214255355e-02
-8.997745937028410468e-02
-8.790665221545569674e-02
-8.586951317684142493e-02
-8.383199518959294494e-02
-8.182731721328619090e-02
-7.984520277972045887e-02
-7.786291509419911161e-02
-7.589727491946696158e-02
-7.392959360535945879e-02
-7.196106322240884701e-02
-7.001248547703868563e-02
-6.808909952517801234e-02
-6.619973864728594115e-02
-6.432986157583289732e-02
-6.250301719060605277e-02
-6.071215811974032400e-02
-5.894047892972741759e-02
-5.719558141461302675e-02
-5.546207239536284084e-02
-5.371581200558731700e-02
-5.197664447640868574e-02
-5.025773125068980912e-02
-4.854042419203291603e-02
-4.682254369434302871e-02
-4.512150859854693191e-02
-4.344465163389902435e-02
-4.177942060207859992e-02
-4.012604634061878173e-02
-3.851922070647399721e-02
-3.693299911590449541e-02
-3.536374594190568738e-02
-3.380345075023379747e-02
-3.225497277749764941e-02
-3.074237345279675834e-02
-2.924936743179594109e-02
-2.777361368289907664e-02
-2.630080973978832226e-02
-2.484105649276924233e-02
-2.336250059834463211e-02
-2.188875246918934453e-02
-2.044763298153549208e-02
-1.902825273875270382e-02
-1.762207862364203320e-02
-1.623081995307405767e-02
-1.487104304896321068e-02
-1.351775546227428418e-02
-1.217590709813859591e-02
-1.084724295316133631e-02
-9.521800094395327027e-03
-8.219948522121139217e-03
-6.939716818195202849e-03
-5.673245022368432131e-03
-4.429629916834935260e-03
-3.183789116168267951e-03
-1.945431557157328807e-03
-7.096902853706993104e-04
5.070413293158174128e-04
1.710427444293362341e-03
2.913704757291154298e-03
4.108282730809082947e-03
5.279268286508894022e-03
6.438824998551592217e-03
7.576366503185232373e-03
8.713407478786794336e-03
9.852007522467735173e-03
1.098617617086533604e-02
1.212730383743157274e-02
1.324852188621805996e-02
1.435151324942211641e-02
1.543787810102759291e-02
1.650730154804304350e-02
1.758443351237340413e-02
1.866070541916119499e-02
1.972361284277181909e-02
2.077453103911055393e-02
2.180520364238575093e-02
2.281694317490207471e-02
2.381048695451673525e-02
2.478468969764704988e-02
2.572704817578217590e-02
2.664848527408233969e-02
2.755115821259397982e-02
2.843479332794931688e-02
2.930431250373892807e-02
3.016108544660756410e-02
3.099963124299924891e-02
3.183035183087582626e-02
3.264431707530050103e-02
3.344508377113901421e-02
3.424508327464782786e-02
3.502993733520484015e-02
3.580046627508760848e-02
3.656133867949978855e-02
3.730371546349489642e-02
3.803022029057082087e-02
3.874620449658450205e-02
3.944279253992553913e-02
4.012122162172890999e-02
4.077896029792076743e-02
4.141937413614105862e-02
4.204274690329570796e-02
4.265801496708847285e-02
4.326747793142896037e-02
4.386434006027221250e-02
4.445998445258571297e-02
4.504793160350949177e-02
4.562331533720235394e-02
4.618751719799148864e-02
4.673958331278551398e-02
4.727835369573617913e-02
4.781056309443515451e-02
4.833270923520104762e-02
4.884606895359169115e-02
4.935301435135457104e-02
4.985131721172800234e-02
5.033840122754310725e-02
5.081476078357885506e-02
5.127292014181676627e-02
5.171882783729941924e-02
5.215171850074197535e-02
5.256638639573670002e-02
5.296623303141257538e-02
5.335340608309512012e-02
5.372684083278216755e-02
5.408819625103783446e-02
5.443874973526638406e-02
5.477712643458058916e-02
5.509779602331781739e-02
5.540052441489851098e-02
5.568491749922862416e-02
5.595204859965421246e-02
5.619823736406526216e-02
5.642231938548387948e-02
5.662623207624482846e-02
5.681326378047101694e-02
5.698343494326867792e-02
5.713526423625417405e-02
5.726731252716798365e-02
5.737869024642632682e-02
5.747042032383085225e-02
5.754365836371156534e-02
5.759782316758347426e-02
5.763132011438720781e-02
5.764292505007063971e-02
5.763190352521059545e-02
5.759943772267973189e-02
5.754592083016639437e-02
5.747178063232556006e-02
5.738118389758699311e-02
5.727165070430441374e-02
5.714388426865654735e-02
5.699366679855941142e-02
5.682292737643800107e-02
5.662837398388968074e-02
5.641110471339888521e-02
5.617414672727901598e-02
5.591518427557051057e-02
5.563699241155350278e-02
5.534257017191965972e-02
5.503012248135440848e-02
5.469830926785031189e-02
5.435360540335991419e-02
5.398595960376941644e-02
5.359994304427260353e-02
5.320426959537049444e-02
5.279434253709554270e-02
5.237375608322209636e-02
5.194260586551315007e-02
5.149781366968034235e-02
5.103686346907812532e-02
5.056815662274803669e-02
5.008485865806128895e-02
4.958510812731578565e-02
4.908730820542620693e-02
4.858270877395270276e-02
4.805965681775176135e-02
4.751717164000934107e-02
4.696197882829677289e-02
-2.000025412277732506e-01
-2.000025571506372224e-01
-2.018306511367535250e-01
-2.036780939548076264e-01
-2.055380249050848818e-01
-2.073983228411645507e-01
-2.092857549993679400e-01
-2.111970158231472050e-01
-2.131461117393809723e-01
-2.151089640624829213e-01
-2.170727453884976899e-01
-2.190588644018810205e-01
-2.210041388218443870e-01
-2.229524052453102090e-01
-2.249184419520309508e-01
-2.269065640243215221e-01
-2.289108341760820731e-01
-2.309047347513671911e-01
-2.329046807126705920e-01
-2.349114860023902296e-01
-2.369329861744829402e-01
-2.389713965842958365e-01
-2.410204563515954690e-01
-2.431087644895156552e-01
-2.452200652523175151e-01
-2.473502096362884539e-01
-2.494769350802979735e-01
-2.515991686960276641e-01
-2.537053921638151022e-01
-2.557795565493931611e-01
-2.578682894110996271e-01
-2.599157766501249966e-01
-2.619465400383137466e-01
-2.639851445733566448e-01
-2.660454433824473441e-01
-2.681356256261249738e-01
-2.702198984830752049e-01
-2.723078116876160859e-01
-2.744001301112080626e-01
-2.765169177040882609e-01
-2.786640776141824927e-01
-2.808273884441748192e-01
-2.829663680789266111e-01
-2.851509918212386530e-01
-2.873269845292554803e-01
-2.895165851801357326e-01
-2.917016792622061372e-01
-2.938825549521618674e-01
-2.961148485433076072e-01
-2.983532987190978814e-01
-3.006080994025889241e-01
-3.028628152455993816e-01
-3.051072398695455212e-01
-3.073512621646155574e-01
-3.096255087858800215e-01
-3.118449737190779891e-01
-3.140907610760997892e-01
-3.163375247508631305e-01
-3.186055718859312491e-01
-3.208483301282225031e-01
-3.231258936506486990e-01
-3.253749056596157985e-01
-3.276186899114436613e-01
-3.298478117210733584e-01
-3.320613297134838438e-01
-3.342886543576857883e-01
-3.365064756220455533e-01
-3.387086236765824987e-01
-3.409146070148054153e-01
-3.431703724025333413e-01
-3.454580226155098410e-01
-3.477416217148620592e-01
-3.500253502656998639e-01
-3.523128265294555028e-01
-3.546014911601115260e-01
-3.568908600192228775e-01
-3.591824262895765840e-01
-3.614752401357190781e-01
-3.637766521856262703e-01
-3.660902915480195863e-01
-3.683751724308860775e-01
-3.707191150549540848e-01
-3.730516554134586382e-01
-3.754015426975489955e-01
-3.777960906930767915e-01
-3.801818845541381497e-01
-3.825620077063209834e-01
-3.849282148725421404e-01
-3.872973385174593441e-01
-3.897074260862228301e-01
-3.921070073008515733e-01
-3.945402233350827625e-01
-3.969516111861474128e-01
-3.993978332201503223e-01
-4.018622708045434533e-01
-4.042987758768854523e-01
-4.067247396098426782e-01
-4.091792884132121055e-01
-4.116544546622720180e-01
-4.141045851367050612e-01
-4.165431506473811218e-01
-4.189946063430732281e-01
-4.214385542557844699e-01
-4.239225438450328620e-01
-4.264292822226337099e-01
-4.289357128125245167e-01
-4.314744589661871910e-01
-4.340300623182754558e-01
-4.365856687679051662e-01
-4.391412730580438462e-01
-4.416968729857325138e-01
-4.442524707665603256e-01
-4.468080675548639635e-01
-4.493636636500322190e-01
4.000025458160716973e-01
4.000025617801502564e-01
4.019663661344231032e-01
4.039202375152466939e-01
4.058428926030051009e-01
4.077582932177454267e-01
4.096492669446289425e-01
4.115103962491159506e-01
4.133560162369269708e-01
4.151970436000970710e-01
4.170458955088006126e-01
4.188502372558656761e-01
4.206512790437201277e-01
4.224438813577123808e-01
4.242338586323955996e-01
4.260045600775831942e-01
4.277606953270004508e-01
4.295146685614986692e-01
4.312408595022213520e-01
4.329181961874878359e-01
4.345791761958604504e-01
4.362400774770546774e-01
4.379159922593410803e-01
4.395890895871630843e-01
4.412818553997774340e-01
4.429431939738934787e-01
4.446071177126287854e-01
4.462339892393289431e-01
4.478686853190858019e-01
4.494912286255848821e-01
4.511011244138434795e-01
4.526996041494917300e-01
4.542862753673864717e-01
4.558653519835903500e-01
4.574536367687141447e-01
4.590568719539088738e-01
4.606521585608561731e-01
4.622142524254782558e-01
4.637797063783528073e-01
4.653337289984632030e-01
4.668811171051771569e-01
4.684227024730800437e-01
4.699641873924446100e-01
4.714730364785201244e-01
4.729407914009656211e-01
4.744118273865302049e-01
4.758526139556108481e-01
4.772807650532762680e-01
4.786831117895352650e-01
4.800752626411531332e-01
4.814522696918852596e-01
4.828109017533261382e-01
4.841331445511573572e-01
4.854642252886819387e-01
4.867755366250485771e-01
4.880598564811054474e-01
4.893252200077679026e-01
4.905785702897606515e-01
4.918068346621665698e-01
4.930124314173424116e-01
3.999994022092326906e-01
3.999993869214799602e-01
3.995818852780943509e-01
3.991770943030208407e-01
3.987836185573858105e-01
3.984056560578415063e-01
3.980394330847670248e-01
3.976841842678018324e-01
3.973457216588197061e-01
3.970248836209498977e-01
3.967208293446301548e-01
3.964314744596811324e-01
3.961619820501803280e-01
3.959140772333659686e-01
3.956857159144236968e-01
3.954730057967346668e-01
3.952780323667557938e-01
3.951024692216864587e-01
3.949452080558141787e-01
3.948069019735909735e-01
3.946885748637574687e-01
3.945908296969766749e-01
3.945130784209489039e-01
3.944550256983499481e-01
3.944181661744000089e-01
3.944034395006600358e-01
3.944093124157363461e-01
3.944327807110222794e-01
3.944754404966220318e-01
3.945370667824609767e-01
3.946213250805155615e-01
3.947235335601512185e-01
3.948448409279901594e-01
3.949871327463359005e-01
3.951502610346238065e-01
3.953382904456930191e-01
3.955482820245854736e-01
3.957845016067060295e-01
3.960358801590730393e-01
3.963082826699695915e-01
3.966016572303875942e-01
3.969130583910059351e-01
3.972460437911061737e-01
3.975983391642828324e-01
3.979737736383299196e-01
3.983708167525446542e-01
3.987870675672489096e-01
3.992233245575046996e-01
3.996823416756662972e-01
4.001693805363304435e-01
4.006728421528630846e-01
4.012047762745551416e-01
4.017634187762197384e-01
4.023504719092692583e-01
4.029555539748343462e-01
4.035813470111004331e-01
4.042358264434423587e-01
4.049227828886605707e-01
4.056458031163613365e-01
4.063960725781883276e-01
4.071835808396020995e-01
4.080091165621057558e-01
4.088557119462264411e-01
4.097284071296808938e-01
4.106491457643452470e-01
4.116011093348086458e-01
4.125780110184847360e-01
4.135714894282883081e-01
4.145813863459808513e-01
4.156196311887073169e-01
4.166659532979388181e-01
4.177427580893031123e-01
4.188403841884612011e-01
4.199586465528310497e-01
4.211038810614053940e-01
4.222643053064582541e-01
4.234432166370145634e-01
4.246472203296770553e-01
4.258680371166974621e-01
4.271025146440119435e-01
4.283406023325816991e-01
4.296190941024492504e-01
4.309210717761705611e-01
4.322458043554777696e-01
4.335911288058856283e-01
4.349246456052630050e-01
4.362809292896190350e-01
4.376486402602224324e-01
4.390512166868425492e-01
4.404716669288060160e-01
4.419338140778047985e-01
4.434308972483306799e-01
4.449596059646392932e-01
4.465228974689875452e-01
4.480965620179833131e-01
4.496727028928745873e-01
4.512911185752023768e-01
4.529333505398559501e-01
4.545940704824875667e-01
4.562329342825642842e-01
4.579105939757275312e-01
4.596140645244094491e-01
4.613344777869307078e-01
4.630825735116582131e-01
4.648520419757996014e-01
4.666357775060808177e-01
4.684321689170879432e-01
4.702558127127324239e-01
4.720847837478717723e-01
4.739292502032984578e-01
4.757930767011644968e-01
4.776669073943482502e-01
4.795563937476120531e-01
4.814454226562068229e-01
4.833303830111754240e-01
4.852191140737128761e-01
4.871076098221140405e-01
4.889854288333717602e-01
4.908438032777009408e-01
4.926894899074700240e-01
4.945367964149700035e-01
4.963887353047107820e-01
4.982459676950903860e-01
5.000910774028107797e-01
5.019252899056578787e-01
5.037731913682524931e-01
5.056245298352268769e-01
5.074758478052630029e-01
5.093537754632954107e-01
5.112351097564906688e-01
5.131220040120437753e-01
5.150086176971880869e-01
5.169101989228332972e-01
5.187969432148801241e-01
5.206742891860456357e-01
5.225403206955495650e-01
5.244422277154722201e-01
5.263392669186726103e-01
5.282677777454284351e-01
5.302008955890863406e-01
5.321277533259808346e-01
5.340542196675484021e-01
5.359951780560249235e-01
5.379450312498618159e-01
5.399015569485722255e-01
5.418487282290320728e-01
5.437830280506331659e-01
5.457454412132959343e-01
5.476950369391607731e-01
5.496806321594805977e-01
5.516884716208333428e-01
5.536625477380108240e-01
5.556341293116223712e-01
5.576000887823557850e-01
5.595811273641122519e-01
5.615551594908647637e-01
5.635030533161488053e-01
5.655124007993059809e-01
5.675235140299749181e-01
5.695289297670966810e-01
-1.753693779084141102e-06
-1.769388253471207611e-06
-1.247858020899425329e-03
-2.479803176226246745e-03
-3.708972408726469820e-03
-4.930569540801617127e-03
-6.139506948565052330e-03
-7.342955373511785705e-03
-8.560202882500925897e-03
-9.770438805556225237e-03
-1.097575446509815866e-02
-1.218147414348091408e-02
-1.337195483497048178e-02
-1.454765614561020354e-02
-1.572078288871609289e-02
-1.688543484617845147e-02
-1.801583764601602522e-02
-1.914377914346139867e-02
-2.025665776323585035e-02
-2.134540786241494875e-02
-2.241231911345868341e-02
-2.345172287178318507e-02
-2.447482784979066600e-02
-2.547324196099777852e-02
-2.645129164937112809e-02
-2.741121502805417970e-02
-2.834738899032418838e-02
-2.925845050275337547e-02
-3.014573318544913963e-02
-3.099621534819790164e-02
-3.182120766243937832e-02
-1.664606808915647317e-06
-1.680268501171874009e-06
-1.173544574374196748e-03
-2.351661462482500763e-03
-3.511361560557254863e-03
-4.659581942033441150e-03
-5.798887656330766610e-03
-6.928693059537413719e-03
-8.044565156482304594e-03
-9.138603867264217390e-03
-1.021144894594271969e-02
-1.127819859040428765e-02
-1.234292074039807820e-02
-1.341379733507131432e-02
-1.447325974261247546e-02
-1.553111685184940631e-02
-1.657887979108080626e-02
-1.762017072395428985e-02
-1.865465496203218276e-02
-1.968222551075318391e-02
-2.069582391950850961e-02
-2.169402069490259863e-02
-2.267869724729286440e-02
-2.365526398882345990e-02
-2.461423237051384161e-02
-2.556254831337663458e-02
-2.650368822256379125e-02
-2.743920627872107817e-02
-2.837380755368658705e-02
-2.930311077946609610e-02
-3.022472933708408166e-02
-3.114072455610522247e-02
-3.205845552668135784e-02
-3.297344967137474936e-02
-3.386408938328219070e-02
-3.473642355553326760e-02
-3.560201551562756916e-02
-3.646771088693050861e-02
-3.733099283446775218e-02
-3.819223307937177209e-02
-3.904532134142284922e-02
-3.989365144418157566e-02
-4.073737588972275309e-02
-4.157149540015456224e-02
-4.239971674482261726e-02
-4.321499397374249651e-02
-4.403123635263373609e-02
-4.484373515926923931e-02
-4.564965185835447720e-02
-4.646043534744535852e-02
-4.726378058320090253e-02
-4.806392497916301548e-02
-4.885099805690240604e-02
-4.963653289163789950e-02
-5.041649590858360286e-02
-5.118013018068336833e-02
-5.192646878841021552e-02
-5.266765485792570395e-02
-5.340659977660706242e-02
-5.413531246893164839e-02
-5.486181718277410163e-02
-5.558372104739987135e-02
-5.629739960202386623e-02
-5.700844727351553343e-02
-5.771399612704465609e-02
-5.841793729006163061e-02
-5.911740804868366450e-02
-5.981242592134874969e-02
-6.050478665863300021e-02
-6.119888876622125995e-02
-6.189830217256048206e-02
-6.259820269748719856e-02
-6.329851567163882753e-02
-6.399916717819258138e-02
-6.470008969792848119e-02
-6.540122302284394340e-02
-6.610251539140830912e-02
-6.680392351929163863e-02
-6.750541216231230324e-02
-6.820695339652893541e-02
-6.890852575197591035e-02
-6.961011329731088548e-02
-7.031170474156585304e-02
-7.101329259520766657e-02
-7.171487241471700969e-02
-7.241644214739337282e-02
-7.311800080142240310e-02
-7.381954854319147663e-02
-7.452108645039919044e-02
-7.522261622308766549e-02
-7.592413995625424405e-02
-7.662565962821069054e-02
-7.732717666056600214e-02
-7.802869237966643390e-02
-7.873020692536340792e-02
-7.943172383925624358e-02
-8.013324480029136720e-02
-8.083477123140068998e-02
-8.153630428787034257e-02
-8.223784518920336517e-02
-8.293939531481810123e-02
-8.364095572278611168e-02
-8.434252713558661185e-02
-8.504410993294050924e-02
-8.574570415083719588e-02
-8.644730948618094268e-02
-8.714788124694532179e-02
-8.784913969317115212e-02
-8.855041051997873669e-02
-8.925169240082982125e-02
-8.995298391646577851e-02
-9.065428363561378600e-02
-9.135558989908451610e-02
-9.205690089520429664e-02
-9.275821471980008615e-02
-9.345952942693028231e-02
-9.415627577999893805e-02
-9.485598950980152211e-02
-9.555571839766842379e-02
-9.625546183530500621e-02
-9.695521803753025247e-02
-9.765498455130670885e-02
2.861165742873502147e-06
2.877172202767950479e-06
2.208929956465568306e-03
4.423671400836186839e-03
6.664049133827922716e-03
8.901512851090176079e-03
1.112233149917670784e-02
1.333363886172451995e-02
1.556067362400445110e-02
1.777867107398406823e-02
1.999046243827297745e-02
2.217305218474512410e-02
2.436157923590406144e-02
2.654959386778082617e-02
2.875090578298196420e-02
3.095491568410030717e-02
3.318876154001445394e-02
3.544296956945305194e-02
3.768941655133344754e-02
3.993558190057801965e-02
4.220676404285199357e-02
4.451567286470325957e-02
4.682157325289157401e-02
4.912401050731478314e-02
5.140796163382078260e-02
5.370121155808449398e-02
5.598940671870674540e-02
5.829110425867568834e-02
6.058297989137312323e-02
6.287040888402491146e-02
6.515580443516916231e-02
6.745927031040574451e-02
6.977374850693611463e-02
7.209832803536149470e-02
7.443455822927406984e-02
7.677067008399889037e-02
7.910669636204191446e-02
8.144264948098450807e-02
8.377853640597020257e-02
8.611437080751008222e-02
8.845016443105978288e-02
9.078592710109975594e-02
9.312166683343869877e-02
9.545739001205684471e-02
9.779309597676784371e-02
1.001287880115450390e-01
1.024644764497532473e-01
1.048001640731394124e-01
1.071358625509988421e-01
1.094715692122518597e-01
1.118072808838786319e-01
1.141429911353949028e-01
1.164786970249467452e-01
1.188143959633915780e-01
1.211500855303693641e-01
1.234857711893215110e-01
1.258214561798115527e-01
1.281571401719102110e-01
1.304798034062896184e-01
1.327970778705700738e-01
1.350946590365890432e-01
1.374072745485471203e-01
1.397086988582471878e-01
1.420167533812386473e-01
1.443209935193209559e-01
1.466089641085383533e-01
1.489211875128090279e-01
1.512219926416070725e-01
1.535134763469113428e-01
1.557853599488533691e-01
1.580598646256808626e-01
1.603416634466438007e-01
1.626467850152086836e-01
1.649342393056921208e-01
1.672374695949142009e-01
1.695499497363907315e-01
1.718526775998532041e-01
1.741533088425731290e-01
1.764744485787941575e-01
1.787750628287975430e-01
1.810753506890178943e-01
1.834146207524441907e-01
1.857370969845812680e-01
1.880353535734627102e-01
1.902999215559435520e-01
1.925895393410959611e-01
1.949128314048279575e-01
1.972288076669350965e-01
1.995288727033003862e-01
2.018092836232869003e-01
2.040750332234602116e-01
2.063428415701082930e-01
2.086453295680258668e-01
2.109866341865352934e-01
2.133310075580369669e-01
2.156645519792436683e-01
2.179954583986087047e-01
2.203554306489310943e-01
2.227373099510359111e-01
2.251307855562389715e-01
2.275355531079477633e-01
2.299733902992810997e-01
2.324161465020823103e-01
2.348587281580925001e-01
2.373011638942718049e-01
2.397434789611002925e-01
2.421856947515253766e-01
2.446278288549929014e-01
2.470698958596927453e-01
2.495118953767946623e-01
2.519538431246002297e-01
2.543957870061823723e-01
2.568377344836222376e-01
2.592796818328734210e-01
2.617216290746922636e-01
2.641635784146084132e-01
2.666055312149742673e-01
2.690474989852968957e-01
2.714894836191514838e-01
2.739314841372470499e-01
2.763734991721896184e-01
2.788155229677442559e-01
2.812575455843713268e-01
2.836995663458637962e-01
2.861415846380722106e-01
2.885835999221442738e-01
2.910256117411537113e-01
2.934676197217742644e-01
2.959096235725965363e-01
2.983516230487135990e-01
3.007936180690440886e-01
3.032356085317517991e-01
3.056775944274496837e-01
3.081195758028264509e-01
3.105615654871495823e-01
3.130035661118427126e-01
3.154455786196939115e-01
3.178876037369554597e-01
3.203296306004902450e-01
3.227716569262674140e-01
3.252136825302348044e-01
3.276295858770696401e-01
3.300565226337699443e-01
3.324998173854377126e-01
3.349430852704811112e-01
3.373802515683708703e-01
3.397963766623246507e-01
3.422048442582761862e-01
3.446142203785210745e-01
3.470291862856419995e-01
3.494171269712890160e-01
3.517918926032807536e-01
3.541649623751128018e-01
3.565587857853364517e-01
3.589237166833568748e-01
3.612822836705628093e-01
3.636315736385658526e-01
3.659652614851581776e-01
3.683020972993195641e-01
3.706323644407631956e-01
3.729794105720594666e-01
3.753048869256364051e-01
3.776277648852414681e-01
3.799076747761451212e-01
3.821785086053673952e-01
3.844491464807169301e-01
3.867151826459287456e-01
3.890126438785264096e-01
3.913172002947700734e-01
3.936556008355336367e-01
3.960312220732505883e-01
3.984088855675965157e-01
3.192125580639444168e-06
3.208129185256690505e-06
2.518463847169326308e-03
5.029981447077515842e-03
7.543322825864967433e-03
1.005791288828679353e-02
1.256818342437985084e-02
1.508347040514248540e-02
1.759875954916028870e-02
2.006553878888110362e-02
2.253113401295921137e-02
2.501666043364946315e-02
2.752962122744810960e-02
3.004260693543748043e-02
3.255561692321030237e-02
3.505990844668725043e-02
3.757279211352060333e-02
4.008569596192459311e-02
4.256654945929159994e-02
4.502200394607038664e-02
4.752142215713044821e-02
5.001176888406765053e-02
5.251515451835472165e-02
5.501747197207032536e-02
5.748131492558376104e-02
5.989680611771010244e-02
6.231128227370463790e-02
6.469258988696140189e-02
6.705894592077731031e-02
6.942786228055285169e-02
7.176716155888605841e-02
7.410013362229636580e-02
7.646424301892516817e-02
7.881978518338761397e-02
8.116622786975719039e-02
8.352433507103797228e-02
8.587378635109069180e-02
8.818811322517318418e-02
9.050917301640754031e-02
9.279778183865393382e-02
9.506006905523071981e-02
9.730368603425515461e-02
9.954570442665693075e-02
1.018079409092235016e-01
1.040570562539228222e-01
1.062973473233201072e-01
1.085599340371624505e-01
1.108024297977688727e-01
1.130473865820769974e-01
1.152731066759148659e-01
1.174598470660794258e-01
1.196481860220928589e-01
1.218695552901144091e-01
1.240745494565346357e-01
1.263007321031507368e-01
1.285077030628551664e-01
1.307336209616947187e-01
1.329491074824270258e-01
1.351481194317078471e-01
1.373907211076210999e-01
1.396417780210388870e-01
1.418722806156671179e-01
1.441204758122171248e-01
1.463881576818330532e-01
1.486466121169295052e-01
1.509281422188492872e-01
1.532353437987474254e-01
1.555646063403447465e-01
1.578700835384128087e-01
1.601989152703503227e-01
1.625280072995904102e-01
1.648573099758059157e-01
1.671867797256688937e-01
1.695164041302798241e-01
1.718461834343465722e-01
1.741760795148497298e-01
1.765060476022039804e-01
1.788360542864223524e-01
1.811660835776168488e-01
1.834961228636342034e-01
1.858261622836410998e-01
1.881561940949035838e-01
1.904861821695711943e-01
1.928161252243756618e-01
1.951412150708118631e-01
1.974657846986724585e-01
1.997776417676047078e-01
2.020806801237418626e-01
2.043864041058479630e-01
2.067129461082427289e-01
2.090395217087749613e-01
2.113661308608517087e-01
2.136920603936148522e-01
2.160186931409034949e-01
2.183453416253054447e-01
2.206720038141933293e-01
2.229986778573513628e-01
2.253253622206936035e-01
2.276520603650576402e-01
2.299787790785292885e-01
2.323055171306195044e-01
2.346322733118950399e-01
2.369590469104766450e-01
2.392858368592791218e-01
2.416126422077939373e-01
2.439394619637126338e-01
2.462662950390702987e-01
2.485931402073858210e-01
2.509199960837784071e-01
2.532468498312282490e-01
2.555736979415831889e-01
2.579005383801472595e-01
2.602273692472325539e-01
2.625541887961244103e-01
2.648810013239366046e-01
2.671937487536679701e-01
2.695199144913707490e-01
2.718460896189308640e-01
2.741722823795923469e-01
2.764984909281001935e-01
2.788247129599721319e-01
2.811509458921859217e-01
2.834771870034418217e-01
2.858034279130269861e-01
2.881223528096287789e-01
2.904482346801531278e-01
2.927675209481442886e-01
2.950930776790656740e-01
2.974186276975120946e-01
2.997441705772888598e-01
3.020697060806149525e-01
3.043952340820262892e-01
3.067207546644707405e-01
3.090462708326900954e-01
3.113717941757785379e-01
3.136973259978609874e-01
3.160228676114517632e-01
3.183484203121622058e-01
3.206670121704202070e-01
3.229743159588935320e-01
3.252460838652769803e-01
3.275171669516547257e-01
3.297795644960374029e-01
3.320223324810048782e-01
3.342756286893064921e-01
3.365380517908972413e-01
3.388440758897754423e-01
3.411530270314032665e-01
3.434621482196714148e-01
3.457714241961161727e-01
3.480808385765259971e-01
3.503903736660309298e-01
3.527000118381557470e-01
3.550097364166656666e-01
3.573195321936076252e-01
3.596293856685498502e-01
3.619392850729122313e-01
3.642492202948176550e-01
3.665591721456866181e-01
3.688691310772481136e-01
3.711790907626122404e-01
3.734890460782961386e-01
3.757989929234658577e-01
3.781089287239876029e-01
3.804188629437540992e-01
3.827287947511187061e-01
3.850387249720925165e-01
3.873486638491243639e-01
3.896586097873823706e-01
3.919685611599478259e-01
3.942785162985236180e-01
3.965884734957328961e-01
3.988984310170312075e-01
4.012083763009649529e-01
4.035183074861752317e-01
4.058282238746405146e-01
4.081381250218478196e-01
4.104480107653689092e-01
4.127578812164275912e-01
4.150677367644794447e-01
4.173775780793624879e-01
4.196874061043117110e-01
4.219972240637957506e-01
4.243070448199592892e-01
4.266168704045524840e-01
4.289267027746362926e-01
4.312365437861931383e-01
4.335463951681475803e-01
4.358562535706136942e-01
4.381661126747757873e-01
4.404759726959864286e-01
4.427858317440511726e-01
4.450956808526985720e-01
4.474055216684604819e-01
4.497153559471640527e-01
4.520251855227069848e-01
4.543350122758673670e-01
4.566448474158513737e-01
4.589546952231614574e-01
4.612645565694328820e-01
4.635744320661796536e-01
4.658843220505936022e-01
4.681942265766308453e-01
4.705041454232171683e-01
4.728140780978091207e-01
4.751240238134350480e-01
4.774339814981650165e-01
4.797439423156149574e-01
4.820538992577453330e-01
4.843638502668348722e-01
4.866737933628758062e-01
4.889837266744480604e-01
4.912936484689188199e-01
4.936035678159518825e-01
4.959134864186858227e-01
4.982234040374562412e-01
5.005333318337752413e-01
5.028432688780678506e-01
5.051532133518296108e-01
5.074631633494567362e-01
5.097731169132004858e-01
5.120830720675239034e-01
5.143930178533604458e-01
5.167029503342831509e-01
5.190128686374808620e-01
5.213227721564249739e-01
5.236326605834815684e-01
5.259425338995713517e-01
5.282523923768429608e-01
5.305622365781500482e-01
5.328720672912252709e-01
5.351818857290193687e-01
5.374917064609827655e-01
5.398015315934623359e-01
5.421113631117312481e-01
5.444212029143000731e-01
5.467310527822747401e-01
5.490409114743092234e-01
5.513507708003350105e-01
5.536606309858500552e-01
5.559704918290558906e-01
5.582803424489577448e-01
5.605901845018126384e-01
5.629000197578878373e-01
5.652098500667942504e-01
2.000032360068988990e-01
2.000032519587449098e-01
2.025537513135762246e-01
2.051045111699014989e-01
2.076552683344095318e-01
2.102060228455346624e-01
2.127567752333011375e-01
2.153075258815030923e-01
2.178582750429561288e-01
2.204090228642817118e-01
2.229597694066997038e-01
2.255105155402346295e-01
2.280612610380924055e-01
2.306120059540251177e-01
2.331627503179995731e-01
2.357134941426287655e-01
2.382642374287679277e-01
2.408149801717839045e-01
2.433657236655776268e-01
2.459164699295087186e-01
2.484672156962564327e-01
2.510179607345726094e-01
2.535687048306287661e-01
2.561194477940700320e-01
2.586701894626843301e-01
2.612209297058106783e-01
2.637716684267472633e-01
2.663224055643672039e-01
2.688731410940284339e-01
2.714238750277633283e-01
2.739746074136801268e-01
2.765253381060565618e-01
2.790760677022560143e-01
2.816267960930063374e-01
2.841775234498609137e-01
2.867282499692398456e-01
2.892789768663467931e-01
2.918297038615740857e-01
2.943804309951031373e-01
2.969311582978958475e-01
2.994818857934391509e-01
3.020326134993209233e-01
3.045833414287715812e-01
3.071340742186666750e-01
3.096848075663435895e-01
3.122355415630579945e-01
3.147862762891566191e-01
3.173370118103991944e-01
3.198877481746989493e-01
3.224184302122286572e-01
3.249444905938436157e-01
3.274956063084405455e-01
3.300467183761642276e-01
3.325978260562801880e-01
3.351454327879642148e-01
3.376965628134657726e-01
3.402476895688181791e-01
3.427988129413529483e-01
3.453499340811832519e-01
3.479010528759377552e-01
3.504521709437631305e-01
3.530032877762204202e-01
3.555544036148010623e-01
3.581055186474739749e-01
3.606566330142088606e-01
3.632077468139612852e-01
3.657588601122964689e-01
3.682825829842274468e-01
3.708219253175521479e-01
3.733656140321308659e-01
3.759097819798143947e-01
3.784613295494464458e-01
3.810128713326197403e-01
3.835644073942772181e-01
3.861097160447805043e-01
3.886302008776695294e-01
3.911705862436751779e-01
3.937052444121889594e-01
3.962572747490478164e-01
3.987750018942290420e-01
4.013040116882032882e-01
4.038400908814124279e-01
4.063925903298327702e-01
4.089406572943035667e-01
4.114931690948980814e-01
4.140292766011898218e-01
4.165731554304740736e-01
4.191256716692195461e-01
4.216781832371096495e-01
4.242306908895878137e-01
4.267831955147169953e-01
4.293356978718976813e-01
4.318882045080961185e-01
4.344407113732433601e-01
4.369932176737914564e-01
4.395457237559479147e-01
4.420982298815496203e-01
4.446507362391309282e-01
4.472032429542360799e-01
4.497557500986423262e-01
4.523082576984077674e-01
4.548607657407816585e-01
4.574132741800730484e-01
4.599657829426084255e-01
4.625182919309241969e-01
4.650708010273603144e-01
4.676233100972392864e-01
4.701758189918268660e-01
4.727283275512556004e-01
4.752808372730570885e-01
4.778333488027206033e-01
4.803858603675024708e-01
4.829383718830297378e-01
4.854908832701346766e-01
4.880432506563738282e-01
4.905957627326418269e-01
4.931482744816474972e-01
4.956839716002303109e-01
4.981946907022024584e-01
5.006904882908633780e-01
5.031725581435826378e-01
5.056296337743336755e-01
5.080688078249564477e-01
5.104900636615512521e-01
5.129317151622354576e-01
5.154150036658539102e-01
5.179022475681313020e-01
5.203954573425605412e-01
5.229166872314126024e-01
5.254253071926615615e-01
5.279727498523875129e-01
5.305303952157296443e-01
5.330880260536414728e-01
5.356456466360671742e-01
5.382032528874539645e-01
5.407608547037258129e-01
5.433184543117719478e-01
5.458760532896711481e-01
5.484336527080078127e-01
5.509912532477173608e-01
5.535488552974773269e-01
5.561064644616928732e-01
5.586640868553194306e-01
5.612217102639632804e-01
5.637793343194820173e-01
5.663369586486677321e-01
-3.137185251733410864e-06
-3.153189088912504314e-06
-2.496681626865551815e-03
-4.990458981251381064e-03
-7.484228212545692739e-03
-9.977989838911694928e-03
-1.247174492454876903e-02
-1.496549446296123638e-02
-1.745923938644708753e-02
-1.995298058467781868e-02
-2.244671891798366570e-02
-2.494045609973530309e-02
-2.743419250035005960e-02
-2.992792845261367518e-02
-3.242166423125952129e-02
-3.491540006308713889e-02
-3.739242926504553199e-02
-3.986387416426247221e-02
-4.233535168197849474e-02
-4.480772108795515879e-02
-4.729559761324185485e-02
-4.975969385810665585e-02
-5.223068152601949982e-02
-5.472146583944788312e-02
-5.721228273196509589e-02
-5.970312894032059337e-02
-6.219400358811476293e-02
-6.468490255659391230e-02
-6.717582248685602386e-02
-6.966676005975384889e-02
-7.215771213137754658e-02
-7.464867581165714194e-02
-7.713964849951242264e-02
-7.963062788836841599e-02
-8.212161195275465009e-02
-8.461259827184339222e-02
-8.710358606157053707e-02
-8.959457485647841224e-02
-9.208556395839780084e-02
-9.457655283426137649e-02
-9.706754108454868080e-02
-9.955852841684233179e-02
-1.020495146242778872e-01
-1.045405056217574846e-01
-1.070314952889514781e-01
-1.095224830755631013e-01
-1.120134684892573479e-01
-1.145044511025113398e-01
-1.169954305589502586e-01
-1.194864065788508178e-01
-1.219773789636786759e-01
-1.244683475994941418e-01
-1.269593124590345234e-01
-1.294502736023045997e-01
-1.319412311755900624e-01
-1.344321853026356206e-01
-1.369231365165430869e-01
-1.394140850840384915e-01
-1.419050314584646977e-01
-1.443959761561151578e-01
-1.468731823688455285e-01
-1.493609302263632643e-01
-1.518522776434413635e-01
-1.543436207308564456e-01
-1.568349595974887489e-01
-1.593262946713991657e-01
-1.618176264958360588e-01
-1.643089556605121515e-01
-1.668002861077116650e-01
-1.692916156731460453e-01
-1.717829452012723246e-01
-1.742742754390683713e-01
-1.767656070212986763e-01
-1.792569404626758733e-01
-1.817482761551297565e-01
-1.842396143687873300e-01
-1.867309552554506091e-01
-1.892222988535860184e-01
-1.917136446918381032e-01
-1.942049934598705230e-01
-1.966963444382445747e-01
-1.991876972739302920e-01
-2.016790515364221825e-01
-2.041704067278157786e-01
-2.066617622934763532e-01
-2.091531171447061077e-01
-2.116444720254756495e-01
-2.141358267451215769e-01
-2.166271811257014790e-01
-2.191185350031175372e-01
-2.216098882289618821e-01
-2.241012406727871942e-01
-2.265925961008088130e-01
-2.290839526121376812e-01
-2.315753076997705828e-01
-2.340666608322464759e-01
-2.365580115340518430e-01
-2.390493593966675767e-01
-2.415407040876169920e-01
-2.440320453576012572e-01
-2.465233830456567965e-01
-2.490147170821566669e-01
-2.515060470241535784e-01
-2.539973739604254876e-01
-2.564886975744326558e-01
-2.589800181474927743e-01
-2.614422548611849972e-01
-2.639176974229180961e-01
-2.663964456916934620e-01
-2.688891171499595001e-01
-2.713817725829039129e-01
-2.738744125602894375e-01
-2.763609389774816516e-01
-2.788227465416077133e-01
-2.812459502488920404e-01
-2.836557742173144714e-01
-2.860946181485203854e-01
-2.885196945213531206e-01
-2.909569241289881036e-01
-2.934579240143841417e-01
-2.959588251675359105e-01
-2.984596430041142057e-01
-3.009603864998548484e-01
-3.034610680818561890e-01
-3.059616993943926611e-01
-3.084622909164069227e-01
-3.109450595618571400e-01
-3.134355464061431840e-01
-3.158993790966222459e-01
-3.183594112852797808e-01
-3.208467820438896112e-01
-3.233201149370084071e-01
-3.257642549653989028e-01
-3.282233574751629579e-01
-3.306861516323371109e-01
-3.331231999238436492e-01
-3.355958584471054329e-01
-3.380805032169103552e-01
-3.405748002737410962e-01
-3.430587232130826170e-01
-3.455420922736737732e-01
-3.480458441759575194e-01
-3.505409014558060199e-01
-3.530511071511625021e-01
-3.555615861773182007e-01
-3.580720269354467078e-01
-3.605771288937580921e-01
-3.630876215532564677e-01
-3.655980930825936670e-01
-3.681085476942292378e-01
-3.706189891395967884e-01
-3.731294205354176996e-01
-3.756398444255513169e-01
-3.781502628555880041e-01
-3.806606774513978664e-01
-3.831710894955930868e-01
-3.856814999980262559e-01
-3.881919097581184031e-01
-3.907023179999542517e-01
-3.932127190009359063e-01
-3.957231207708651888e-01
-3.982335234539106095e-01
-4.007439271270228920e-01
-4.032543318218964057e-01
-4.057647375411972956e-01
-4.082751442703155265e-01
-4.107855590253646216e-01
-4.132959813643860558e-01
-4.158064043578692526e-01
-4.183168281112487619e-01
-4.208272527186709411e-01
-4.233376782561370510e-01
-4.258481047756977333e-01
-4.283585323004639456e-01
-4.308689608204852028e-01
-4.333793902895490269e-01
-4.358898206229540606e-01
-4.384002516963010354e-01
-4.409106833453381169e-01
-4.434211153668754513e-01
-4.459315475207750179e-01
-4.484419795329819824e-01
-4.509524110995445922e-01
-4.534628476845303791e-01
-4.559732886790462403e-01
-4.584837296043722255e-01
-4.609941703063330509e-01
-4.635046106424984824e-01
-4.660150504826865436e-01
-4.685254897101902571e-01
-4.710359282233349543e-01
-4.735463612197019501e-01
-4.760567942420091958e-01
-4.785672269499935405e-01
-4.810776590251024110e-01
-4.835880901804504584e-01
-4.860985201685947832e-01
-4.886089487875328041e-01
-4.911193758850726510e-01
-4.936298013617171354e-01
-4.961402251721999668e-01
-4.986506473258084937e-01
-5.011610678856277534e-01
-5.036714869668342809e-01
-5.061819047341624689e-01
-5.086923213986633829e-01
-5.112027372138687742e-01
-5.137131524714764197e-01
-5.162235584166920965e-01
-5.187339644552578788e-01
-5.212443707127087933e-01
-5.237547772962887205e-01
-5.262651842978420813e-01
-5.287755917959300334e-01
-5.312859998575036879e-01
-5.337964127302454731e-01
-5.363068357859102075e-01
-5.388172592243903880e-01
-5.413276832105884395e-01
-5.438381078905534238e-01
-5.463485333845542469e-01
-5.488589597816805332e-01
-5.513693871354596876e-01
-5.538798154604500645e-01
-5.563902447298355591e-01
-5.589006748740537045e-01
-5.614111057804764826e-01
-5.639215372941169813e-01
-5.664319692193017231e-01
-5.689424013222286192e-01
4.000029279743117505e-01
4.000029439911362283e-01
4.023247497035756237e-01
4.046467760127575586e-01
4.069687916484928669e-01
4.092907974458397380e-01
4.116127947848325364e-01
4.139347849917390798e-01
4.162567693566558424e-01
4.185787491469205590e-01
4.209007256175224532e-01
4.232227008823609693e-01
4.255285173256179720e-01
4.278415638811020605e-01
4.301431392708084944e-01
4.324476161104920391e-01
4.347337664292773574e-01
4.370154554722793794e-01
4.392777837119407058e-01
4.415250757138327597e-01
4.437835270485226968e-01
4.460781501546246530e-01
4.483917141046710464e-01
4.507028505430871190e-01
4.530403821103934914e-01
4.553829274959257933e-01
4.577159135790643263e-01
4.600440173645744535e-01
4.623872313456767746e-01
4.647303490787153546e-01
4.670733877450822802e-01
4.694163633586933004e-01
4.717592898175044791e-01
4.741021788017936167e-01
4.764450398306527834e-01
4.787878811702193649e-01
4.811307143035666312e-01
4.834735382330441755e-01
4.857767561138091605e-01
4.880898169085017280e-01
4.903934480081522107e-01
4.927101476027157534e-01
4.950014934208645245e-01
4.972789175227919078e-01
4.995618688726599643e-01
5.018476615831612975e-01
5.040842208807739810e-01
5.063300698947370559e-01
5.085935931942209276e-01
5.108531888855531999e-01
5.131165267536509367e-01
5.153884520351804666e-01
5.176525644640279644e-01
5.199388762549668197e-01
5.222593950285322473e-01
5.245896307767600186e-01
5.269312655075313323e-01
5.292601770116038828e-01
5.316139574223979203e-01
5.339771204288907835e-01
5.363521193746517701e-01
5.387225859041137044e-01
5.410882701489421187e-01
5.434618653114761111e-01
5.458446213196243013e-01
5.481975046306057919e-01
5.505666294115763026e-01
5.529059316154820714e-01
5.552565067148655942e-01
5.575803805801504698e-01
5.598726950656561785e-01
5.621396844489804367e-01
5.643993364448961492e-01
5.666904986331142702e-01
5.689771785130167681e-01
5.712674569325225660e-01
5.735622709954862897e-01
5.758533109845406228e-01
5.781743058512449629e-01
5.804920070273013044e-01
5.828351381638969819e-01
5.851739831109447065e-01
5.875537599341293937e-01
5.898925640582129981e-01
5.922106642806472809e-01
5.945210595606107429e-01
5.967972099119983609e-01
-1.999967552823517514e-01
-1.999967393646350788e-01
-1.976343508014843653e-01
-1.953305078275467954e-01
-1.930568263465541057e-01
-1.908404190047189031e-01
-1.885262156021259572e-01
-1.861783723135633506e-01
-1.838474576517498404e-01
-1.815295958341228422e-01
-1.792138286727725793e-01
-1.768972785403644110e-01
-1.745486845019972311e-01
-1.721928480333492772e-01
-1.697959008543313275e-01
-1.673919038703534090e-01
-1.649513128120584926e-01
-1.625066734920997125e-01
-1.601057265222614323e-01
-1.577266113451404328e-01
-1.553367902823750146e-01
-1.529597884547238273e-01
-1.505396223360069841e-01
-1.480924489090209295e-01
-1.456232380277009408e-01
-1.431467596713543733e-01
-1.406508350274530694e-01
-1.381544585584039142e-01
-1.356396918010949748e-01
-1.331440824070832252e-01
-1.306576390081840011e-01
-1.281647290983616294e-01
-1.256852910089396314e-01
-1.231939214705432828e-01
-1.207168006613845296e-01
-1.182467746472509740e-01
-1.157550512998292980e-01
-1.132945053263138824e-01
-1.108443236900830131e-01
-1.083701314757243017e-01
-1.058972591812515629e-01
-1.034207557203097455e-01
-1.009311877774602129e-01
-9.845917507868562346e-02
-9.598979311797976866e-02
-9.351183611004934559e-02
-9.101476026342432413e-02
-8.851554411889148155e-02
-8.602731302505584043e-02
-8.354599302943216399e-02
-8.105782523192758826e-02
-7.857358360407963593e-02
-7.605728355898824788e-02
-7.357980016292543779e-02
-7.107847252641977254e-02
-6.857367435570606296e-02
-6.605280558656351220e-02
-6.355069664413380559e-02
-6.107736514650387999e-02
-5.860979762806857452e-02
-5.612125821984179086e-02
-5.361595125809271584e-02
-5.112676935877586565e-02
-4.864056784705888398e-02
-4.615422350247028183e-02
-4.366390318642314472e-02
-4.117108454074615287e-02
-3.868781196336600059e-02
-3.618843153341149560e-02
-3.369714680947811375e-02
-3.119421990823615168e-02
-2.869892558616275041e-02
-2.618617319510576497e-02
-2.367198496106571667e-02
-2.115776990422684953e-02
-1.864353327928562967e-02
-1.612928140375584699e-02
-1.361501941734618963e-02
-1.110075172645379714e-02
-8.586481957352174940e-03
-6.072212961458076791e-03
-3.557946855441255791e-03
-1.043685083033312356e-03
1.470571511256566323e-03
3.984822603580372158e-03
6.499069541421889640e-03
9.013326621489755816e-03
1.152759508285879433e-02
1.404187612126369875e-02
1.655615955458330374e-02
1.907044272909889926e-02
2.158472573357488739e-02
2.409900867806572325e-02
2.661329036774648035e-02
2.910377627569745579e-02
3.161758370556552039e-02
3.413138920136359750e-02
3.664446683902627955e-02
3.915828022301593575e-02
4.167210570594292313e-02
4.417361002596599528e-02
4.668722516785325793e-02
4.918789448599798775e-02
5.167281745416474337e-02
5.415871294736800817e-02
5.664441467965886795e-02
5.913772868708067065e-02
6.160446463800570843e-02
6.411201143189899920e-02
6.661888559505996232e-02
6.909920808200853415e-02
7.156033014490943700e-02
7.401070919386708302e-02
7.650516209020495617e-02
7.901289782276188500e-02
8.152068063966341760e-02
8.402850482840991397e-02
8.653636908990756937e-02
8.904427979521171987e-02
9.155223044172609848e-02
9.406021426730079571e-02
9.656822230050517153e-02
9.907623794202137513e-02
1.015842567651583650e-01
1.040922750773825151e-01
1.065871432904610810e-01
1.090814409027044685e-01
1.115897132664642744e-01
1.140979742012599302e-01
1.166062226355535497e-01
1.191144585682554630e-01
1.216167750363687933e-01
1.241181176668351149e-01
1.266265776207642635e-01
1.291350266797176571e-01
1.316434797815161373e-01
1.341519391846183185e-01
1.366604070081923195e-01
1.391688791184984009e-01
1.416773488321264041e-01
1.441858167698895909e-01
1.466942834800201156e-01
1.492027494333421356e-01
1.517112021085708640e-01
1.542196429474859687e-01
1.567280737863853690e-01
1.592365073496886663e-01
1.617449478640184957e-01
1.642533961773704476e-01
1.667618529637334146e-01
1.692703187177291291e-01
1.717787937516161434e-01
1.742872781947041039e-01
1.767957719949277140e-01
1.793042749221648580e-01
1.818127865728567938e-01
1.843213059462097403e-01
1.868298333196458105e-01
1.893383672421267150e-01
1.918469009617284338e-01
1.943554246976983979e-01
1.968639367124926931e-01
1.993724354553676748e-01
2.018809325022378198e-01
2.043894292894017362e-01
2.068979256742386474e-01
2.094064215275911467e-01
2.119149262119171540e-01
2.144234429046437684e-01
2.169319699764794551e-01
2.194405056544407040e-01
2.219490370980839733e-01
2.244575610060395021e-01
2.269660765417235437e-01
2.294745830269023512e-01
2.319830799522751563e-01
2.344915669856560969e-01
2.370000439777232293e-01
2.395085109651129140e-01
2.420169675796001174e-01
2.445254153948344944e-01
2.470338543910494955e-01
2.495422853308385536e-01
2.520507091381505860e-01
2.545591394162315946e-01
2.570675800729389504e-01
2.595760327211123486e-01
2.620844948485896997e-01
2.645929572298655885e-01
2.671014199691817415e-01
2.696098831551997921e-01
2.721183468630319346e-01
2.746268004705256782e-01
2.771352427362270832e-01
2.796436752406792903e-01
2.821521081035603951e-01
2.846605479309352038e-01
2.871689954995982341e-01
2.896774514453503424e-01
2.921859162517752018e-01
2.946943902416973016e-01
2.972028735710215974e-01
2.997113657215859650e-01
3.022198676222917491e-01
3.047283783208372121e-01
3.072368972684689781e-01
3.097454237467863192e-01
3.122539568783999075e-01
3.147624919548911993e-01
3.172710172616186597e-01
3.197795310539012781e-01
3.222880317716951826e-01
3.247965288320919797e-01
3.273050256429443916e-01
3.298135220613849228e-01
3.323220179583012412e-01
3.348305205185643230e-01
3.373390352926043390e-01
3.398475606972866103e-01
3.423560950012464188e-01
3.448646274654762478e-01
3.473731525600195491e-01
3.498816694182499965e-01
3.523901773286019501e-01
3.548986757471260800e-01
3.574071643071863313e-01
3.599156428260879004e-01
3.624241109975625541e-01
3.649325696355301685e-01
3.674410187913096926e-01
3.699494590290877682e-01
3.724578910879291493e-01
3.749663158701205812e-01
3.774747446802960149e-01
3.799831836127637863e-01
3.824916343015407061e-01
3.850000963508186103e-01
3.875085586356259437e-01
3.900170212623357835e-01
3.925254843218865530e-01
3.950339478917425651e-01
3.975424033826612247e-01
4.000508473011890054e-01
4.025592811973048857e-01
4.050677130067643628e-01
4.075761516435864595e-01
4.100845979079967285e-01
4.125930524619055295e-01
4.151015158169045205e-01
4.176099883247096911e-01
4.201184701699663959e-01
4.226269609892581713e-01
4.251354614542366961e-01
4.276439707876986129e-01
4.301524884669947757e-01
4.326610137986608429e-01
4.351695459285681022e-01
4.376780822949383754e-01
4.401866091759534250e-01
4.426951248016410823e-01
4.452036275823363365e-01
4.477121246278068512e-01
4.502206214471282664e-01
4.527291178954711004e-01
4.552273596730084249e-01
4.577356498600359536e-01
4.602436705986274190e-01
4.627352401513399327e-01
4.652164313518719063e-01
4.676711649320332009e-01
4.700952440249032693e-01
4.725516087340732030e-01
4.750217913507581713e-01
4.775048560533314279e-01
4.799942974709123233e-01
4.824788905231202629e-01
4.849604344748610907e-01
4.874618532547101979e-01
4.899598007967744806e-01
2.000027052271448891e-01
2.000027212323117476e-01
2.021293269560237305e-01
2.042561317251143094e-01
2.063829410217705163e-01
2.085097540340411226e-01
2.127633892736471577e-01
