-2.000008341209716933e-01
-2.000008494867112352e-01
-2.004190709906242263e-01
-2.008148479403508990e-01
-2.011779883814825420e-01
-2.015137822426219527e-01
-2.018292737987501528e-01
-2.021245971688246656e-01
-2.023930250477586346e-01
-2.026323431735546632e-01
-2.028526160349611029e-01
-2.030447171809680040e-01
-2.032031262542822458e-01
-2.033300284770208355e-01
-2.034198050506859645e-01
-2.034725558373383092e-01
-2.034903914544714532e-01
-2.034756729868099634e-01
-2.034289011705777417e-01
-2.033504966364652888e-01
-2.032400762036762898e-01
-2.031011011314680925e-01
-2.029321688709601335e-01
-2.027389067983045856e-01
-2.025055828959014814e-01
-2.022431648850044339e-01
-2.019486340737534635e-01
-2.016292419290005300e-01
-2.012757357507057587e-01
-2.008850295433864119e-01
-2.004590585037306083e-01
-1.999937538597542086e-01
-1.994834365669802545e-01
-1.989261563158322144e-01
-1.983450066489764740e-01
-1.977188951484649404e-01
-1.970443327681346002e-01
-1.963345357696034410e-01
-1.956107811668113816e-01
-1.948683579831172741e-01
-1.940782440344993864e-01
-1.932751983762444337e-01
-1.924415985556745534e-01
-1.915719439966267201e-01
-1.906463902674182531e-01
-1.896772987164397073e-01
-1.886546943671262300e-01
-1.875699825918353825e-01
-1.864776589069737922e-01
-1.853610068896954233e-01
-1.841927241248308422e-01
-1.829873041883144924e-01
-1.817677952575328382e-01
-1.805115353023110936e-01
-1.792257411744775097e-01
-1.779099187774319246e-01
-1.765601499893116877e-01
-1.751759531219138077e-01
-1.738574972533815655e-01
-1.724834919451045390e-01
-3.999983391653276210e-01
-3.999983235050246222e-01
-3.991665091763757500e-01
-3.983844537267959840e-01
-3.976167193687902279e-01
-3.968440251577502464e-01
-3.961012616709629897e-01
-3.953666593289852371e-01
-3.946139297800758117e-01
-3.938453014792729912e-01
-3.931062425446774644e-01
-3.923954429560954638e-01
-3.917179209451973065e-01
-3.910485599801519774e-01
-3.903747083917727401e-01
-3.897216348412276821e-01
-3.890706570000040943e-01
-3.884186255517361186e-01
-3.877806184809380885e-01
-3.871592499223441841e-01
-3.865439770419993870e-01
-3.859486366091266496e-01
-3.853676422787320477e-01
-3.848159736502567707e-01
-3.842586949904259752e-01
-3.836992667747683994e-01
-3.831490662593980967e-01
-3.826241316128876635e-01
-3.821157440461541710e-01
-3.816432551432246134e-01
-3.812014954928369392e-01
-3.807797364136312201e-01
-3.803642113436661587e-01
-3.799763200546185660e-01
-3.796122909549299873e-01
-3.792688711514092259e-01
-3.789419865863827286e-01
-3.786359538877075992e-01
-3.783510846727088373e-01
-3.780762310855593222e-01
-3.778346200081236228e-01
-3.776173463941774888e-01
-3.774252757944702719e-01
-3.772511787007235551e-01
-3.771048086652244447e-01
-3.769840569140600617e-01
-3.768864544635495695e-01
-3.768124234369969461e-01
-3.767576544593779775e-01
-3.767244368078097594e-01
-3.767131101131184767e-01
-3.767225641045649498e-01
-3.767527672533514393e-01
-3.768014106571137556e-01
-3.768688893665061990e-01
-3.769537828796797330e-01
-3.770601061368251128e-01
-3.771839757275843863e-01
-3.773254983484350400e-01
-3.774846998416154786e-01
-3.776621583879483657e-01
-3.778559150413546286e-01
-3.780736376051663239e-01
-3.783100578510093515e-01
-3.785660817113913890e-01
-3.788373673916067830e-01
-3.791288389516787039e-01
-3.794437935647984039e-01
-3.797701825526194619e-01
-3.801058636790249357e-01
-3.804642963312720449e-01
-3.808577009194445973e-01
-3.812642830874879984e-01
-3.816868952486263122e-01
-3.821218508873582276e-01
-3.825763563571383252e-01
-3.830677511643253430e-01
-3.835937242529382507e-01
-3.841566298419054615e-01
-3.847386870775147405e-01
-3.853470345460217050e-01
-3.859766557669721543e-01
-3.866250526757845085e-01
-3.872921871967073271e-01
-3.879597217776899476e-01
-3.886547488690706986e-01
-3.893850752380740854e-01
-3.901451144151907302e-01
-3.909174076426764621e-01
-3.917139443945797939e-01
-3.925635853803144948e-01
-3.934191108485423083e-01
-3.942890507736506178e-01
-3.951971493284465176e-01
-3.961243981552096116e-01
-3.970900199155162347e-01
-3.980603024566436443e-01
-3.990592379478887786e-01
-4.000516817263835012e-01
-4.010875502808906590e-01
-4.021278957293760170e-01
-4.031897252056112491e-01
-4.042410669302603510e-01
-4.053360315292321436e-01
-4.064427002900444230e-01
-4.075668954881544459e-01
-4.087088367298454816e-01
-4.098455462890740475e-01
-4.110216473942113757e-01
-4.122175856329813315e-01
-4.134495457693632137e-01
-4.146444003440596382e-01
-4.158101769673314685e-01
-4.169388338127330007e-01
-4.180732630455231136e-01
-4.192132697725685087e-01
-4.203717721149083375e-01
-4.215368107663207686e-01
-4.227455010980329386e-01
-4.239334604479130242e-01
-4.251467131741847871e-01
-4.263595683917799639e-01
-4.275637408250233529e-01
-4.287768535117770230e-01
-4.299915013606503411e-01
-4.312372849940933617e-01
-4.325070976941268186e-01
-4.338263875710524631e-01
-4.351960951520612575e-01
-4.365924960047309900e-01
-4.379836186015917399e-01
-4.393745362861560810e-01
-4.407678374884499983e-01
-4.422256854358277423e-01
-4.437530389751744853e-01
-4.453131812483903662e-01
-4.469014574319981059e-01
-4.485522994358234761e-01
-4.502287647696177064e-01
-4.519354660523404177e-01
-4.537062821707317228e-01
-4.555022899706285822e-01
-4.572977549468018044e-01
-4.590603857749251393e-01
-4.608674085352544858e-01
-4.627027704814467568e-01
-4.645772693424339850e-01
-4.664550294281452070e-01
-4.683226522137359793e-01
-4.702100629439383006e-01
-4.721079728830923083e-01
-4.739637275578367781e-01
-4.757663416274056090e-01
-4.774887561263684299e-01
-4.792456600491322161e-01
-4.809833895897668299e-01
-4.827277891306028801e-01
-4.844739473365694549e-01
-4.862483726933842787e-01
-4.879952250158926530e-01
-4.897746604539270909e-01
-4.915347212758419682e-01
-4.932944090936321468e-01
-4.950545060664941488e-01
-4.968327149110199903e-01
-4.985571533200973682e-01
-5.003308633297348651e-01
-5.021164984937314113e-01
-5.039277426836995533e-01
-5.057358882369762387e-01
-5.075093408887685342e-01
-5.093005694359251656e-01
-5.110907984489482248e-01
-5.129078448573458626e-01
-5.147279194848862760e-01
-5.165488336109400613e-01
-5.184086998245764910e-01
-5.202377968908221684e-01
-5.220900697141521718e-01
-5.239673298337047536e-01
-5.258448866633855801e-01
-5.277100917792185708e-01
-5.295723144587360931e-01
-5.314295555647815528e-01
-5.333087581815741940e-01
-5.351922825038990528e-01
-5.370581296395815496e-01
-5.389273198363516704e-01
-5.408091064556475036e-01
-5.426909724429869186e-01
-5.445728398843674434e-01
-5.464489698501409087e-01
-5.482978050065201447e-01
-5.501607238979817627e-01
-5.520376965924894686e-01
-5.538911085326203576e-01
-5.557363210551020671e-01
-5.575788944935069491e-01
-5.594095873827921173e-01
-5.612007373949706723e-01
-5.629368403679030353e-01
-5.646994131682812057e-01
-5.664702970635582258e-01
-5.682456969218160348e-01
-5.700405247660826902e-01
-5.718355335325262523e-01
3.243005874819676366e-06
3.258934347330029043e-06
2.227298218261643085e-03
4.557680849027327327e-03
6.872634149961161405e-03
9.172855110466867148e-03
1.152024291600012469e-02
1.382599107517571389e-02
1.610198303276966919e-02
1.839320768487193516e-02
2.068977431338644285e-02
2.298453381759968731e-02
2.526665393038740950e-02
2.754662233602547458e-02
2.986235147452128216e-02
3.214877769748721720e-02
3.440470306342848644e-02
3.666427342437902220e-02
3.896813410991480098e-02
4.128750062479665667e-02
4.362629683275767029e-02
4.594457039018218919e-02
4.829728180294445145e-02
5.061569551394361904e-02
5.293453939872736630e-02
5.525994664761641612e-02
5.755881203019781733e-02
5.982696126363385575e-02
6.207388100213875881e-02
6.431860103653447291e-02
6.655547259149967310e-02
6.872681869992967874e-02
7.093344623476843802e-02
7.320148598177998733e-02
7.547819745683496950e-02
7.776386483734486210e-02
8.005222931328973002e-02
8.236162539606731170e-02
8.468048383019233238e-02
8.701593585338106285e-02
8.934213970272834870e-02
9.167057750080849499e-02
9.397454540756150498e-02
9.629349453410092352e-02
9.860453407781942514e-02
1.009404356017996190e-01
1.032454995590898900e-01
1.055438086990120872e-01
1.078489785351215008e-01
1.101603429778406223e-01
1.124584546609756208e-01
1.147415584499689445e-01
1.170346277498666709e-01
1.193513432943785896e-01
1.216655774681661001e-01
1.239577830019032295e-01
1.262606458816304400e-01
1.285397289541479193e-01
1.308300331424775698e-01
1.330948440792332210e-01
1.353314715899900655e-01
1.375521465092716111e-01
1.397295572369098016e-01
1.418732433836882301e-01
1.439721788486413578e-01
1.460739833154006684e-01
1.481795824985414900e-01
1.502867351831592979e-01
1.524029858289386585e-01
1.545271463054034289e-01
1.566311380221550031e-01
1.587226018169159425e-01
1.607937496492815588e-01
1.628747044282807810e-01
1.649006613325842974e-01
1.669626850554394026e-01
1.690304414369415420e-01
1.711294835105855450e-01
1.732464105612466221e-01
1.753787117420881336e-01
1.775268822668235047e-01
1.796623719923614304e-01
1.818386945534905819e-01
1.839609145965864778e-01
1.860682237202314904e-01
1.881815439121758970e-01
1.903037797114704999e-01
1.924401256022164886e-01
1.945427465345020424e-01
1.966554560100337579e-01
1.987533901908077327e-01
2.008534473524945241e-01
2.029623688612734456e-01
2.050509257488052350e-01
2.071649704618672427e-01
2.092653125539171988e-01
2.113409344504810772e-01
2.134198624944549649e-01
2.154589709529087793e-01
2.174976611681604666e-01
2.195475508337614290e-01
2.216193074467310009e-01
2.236917470772749605e-01
2.257529974996094480e-01
2.278055299756792662e-01
2.298641033869816552e-01
2.319381819586915916e-01
2.340538460819822641e-01
2.361534834845981090e-01
2.382300253880959839e-01
2.402987646440408465e-01
2.423660596966432379e-01
2.444337179113156289e-01
2.464992712182701440e-01
2.485753751995017913e-01
2.506522923431886429e-01
2.527183999401116932e-01
2.547353196395537034e-01
2.567095430239208498e-01
2.586646934958237165e-01
2.606632097010387339e-01
2.625994760781718007e-01
2.645456693552033500e-01
2.664656313989894887e-01
2.684021090874361137e-01
2.703521571338342033e-01
2.723010037183025700e-01
2.742353402728534562e-01
2.761505786457061351e-01
2.780546986647523533e-01
2.799572694305131892e-01
2.818400501304725303e-01
2.836746229103351280e-01
2.854912956327886331e-01
2.873040011257075310e-01
2.890902990486472479e-01
2.908621783028864094e-01
2.925990986448366304e-01
2.943163235769680197e-01
2.960243216900116381e-01
2.977034301474107969e-01
2.993568679299760116e-01
3.009951129591362240e-01
3.026484818666567711e-01
3.043271328212890925e-01
3.059814386813442533e-01
3.076542154517930006e-01
3.093414430552098304e-01
3.110084049693528918e-01
3.126886096372368806e-01
3.143645425885622791e-01
3.159982591743758507e-01
3.175700007189702911e-01
3.191118862740563999e-01
3.206019883247984703e-01
3.220887325184287886e-01
3.235783225257219398e-01
3.250609635983293666e-01
3.265190932362463938e-01
3.279617654811690652e-01
3.294469643974533013e-01
3.309278881532338179e-01
3.323669872478753340e-01
3.337490109712442643e-01
3.351325192375452788e-01
3.365458621012699658e-01
3.379515295620565407e-01
3.393811121643789397e-01
3.407785817304803677e-01
3.421725475029379626e-01
3.435370664047118772e-01
3.448735315496984088e-01
3.461734563778772200e-01
3.474422700301090239e-01
3.486834232706458869e-01
3.499505667530883324e-01
3.512090087701266183e-01
3.524657816145245204e-01
3.536988746119658633e-01
3.549175869318136889e-01
3.561051575951866832e-01
3.573303440840603917e-01
3.585506598771449061e-01
3.597349906271569142e-01
3.609006340043254268e-01
3.620543611386823901e-01
3.631885720649566940e-01
3.642945455523795562e-01
3.653936509196535343e-01
3.664814395584481965e-01
3.675234558321560652e-01
3.685636468211001548e-01
3.695988929991730898e-01
3.706477637477184062e-01
3.716802304225642062e-01
3.727060255336337447e-01
3.736946737497819360e-01
3.746944293483314148e-01
3.756867447127507642e-01
3.766715764092746777e-01
3.776666112314123191e-01
3.786497428318497671e-01
3.796219110255837914e-01
3.805834185054560725e-01
3.815295814088714432e-01
3.824655766896943865e-01
3.833922909300321868e-01
3.843271130366819333e-01
3.852818532143472696e-01
3.862567298943916372e-01
3.872304734192397180e-01
3.881980614450569744e-01
3.891547995550195815e-01
3.901103429760694463e-01
3.910768627641538764e-01
3.920482581423229140e-01
3.930043551305999472e-01
3.939808046842471212e-01
3.949467789544101048e-01
3.958859343561156874e-01
3.968216626562692251e-01
3.977600665307183259e-01
3.986802368944685204e-01
3.995998779695018599e-01
4.004957881608422476e-01
4.013730404218621151e-01
4.022255133389310844e-01
4.030803432129088648e-01
4.039257759634464207e-01
4.047459547889892817e-01
4.055824338257402184e-01
4.063990674300517747e-01
4.071868465509332347e-01
4.079770516590583984e-01
4.087684494909938349e-01
4.095527518119971844e-01
4.103171862838982387e-01
4.110413413717014519e-01
4.117527501116013400e-01
4.124695778601903395e-01
4.131857042320198348e-01
4.139166515546225389e-01
4.146670784704993840e-01
4.154334057631498545e-01
4.161979095797911921e-01
4.169599498493423151e-01
4.176930729492696615e-01
4.184335742259089885e-01
4.191684685548373590e-01
4.198686485295871629e-01
4.205713096801791395e-01
4.212853440985614983e-01
4.219864221876739596e-01
4.226779928240178008e-01
4.233714913617392384e-01
4.240343838907006391e-01
4.246931054965881747e-01
4.253645323387172938e-01
4.260403610430384957e-01
4.267279074667311156e-01
4.274087274784558188e-01
4.280957941408057299e-01
4.287930957833626100e-01
4.294769560202377767e-01
4.301510526936715983e-01
4.308387239374484867e-01
4.315132889386339987e-01
4.321883197380727570e-01
4.328611376224437701e-01
4.335374406474677977e-01
4.342213475660593458e-01
4.349013617961675626e-01
4.355882871585473048e-01
4.362521695301400659e-01
4.369207978015025029e-01
4.375905976016700727e-01
4.382739216999401721e-01
4.389606075401168428e-01
4.396372869272094364e-01
4.402947370712492758e-01
4.409528756046818820e-01
4.416146237895161586e-01
4.422600950143497078e-01
4.429036456303206415e-01
4.435300349568600531e-01
4.441504688027867465e-01
4.447548692846060026e-01
4.453773115575530572e-01
4.459975368805540463e-01
4.466185255857800240e-01
4.472208638413407433e-01
4.477951586046798327e-01
4.483807154021212105e-01
4.489611328800366397e-01
4.495308732015445563e-01
4.500987011946951943e-01
4.506652011020138016e-01
4.512143056307742484e-01
4.517695867660029840e-01
4.523274973563070067e-01
4.528913619289656745e-01
4.534394180261588359e-01
4.539954075320306592e-01
4.545519244944420945e-01
4.551083935664250735e-01
4.556618577479288890e-01
4.561991469173589664e-01
4.567335895904668375e-01
4.572710215119727417e-01
4.577879348005382543e-01
4.583001882289042261e-01
4.587872491970060862e-01
4.592435884063432727e-01
4.596751946184067794e-01
4.600919020604509191e-01
4.604968069528513896e-01
4.609117217513726272e-01
4.613147468736858436e-01
4.616974282156585119e-01
4.620710128993877341e-01
4.624364698326549061e-01
4.627821610375262296e-01
4.631214983487153547e-01
4.634443389980844596e-01
4.637607674057221407e-01
4.640560272452359802e-01
4.643455399395974292e-01
4.646363154113675176e-01
4.649143271913528386e-01
4.651704611915071230e-01
4.654114485560156833e-01
4.656455699052177155e-01
4.658599802677986235e-01
4.660738755533780364e-01
4.662818089954593459e-01
4.664806726934542236e-01
4.666797320034249408e-01
4.668745935035043537e-01
4.670628577950600713e-01
4.672380570825596102e-01
4.674092158529000729e-01
4.675746166083011301e-01
4.677346433056224773e-01
4.678941111056470481e-01
4.680515413437105199e-01
4.682091497173565542e-01
4.683679037936618883e-01
4.685295567317979692e-01
4.686904242932002362e-01
4.688481362743873171e-01
4.690041824419639016e-01
4.691605867007910269e-01
4.693153303701748658e-01
4.694731145835455144e-01
4.696327609470430375e-01
4.697971060678833299e-01
4.699684484809906193e-01
4.701389799475638731e-01
4.703078259107414949e-01
4.704844044622092936e-01
4.706683963803961479e-01
4.708605348414317548e-01
4.710556251840453679e-01
4.712558503099169571e-01
4.714650339439805382e-01
4.716854939621522025e-01
4.719197140666862578e-01
4.721625630003552510e-01
4.724162116680364898e-01
4.726845869446358317e-01
4.729592745400258424e-01
4.732573428990244913e-01
4.735601504131330963e-01
4.738612633711495326e-01
4.741702365930917096e-01
4.744909514988293608e-01
2.268356529471451682e-06
2.284188410796755372e-06
1.465799339534496707e-03
2.932586569730153293e-03
4.415317668691349888e-03
5.947523213606317229e-03
7.510179080474262310e-03
9.100438552133429879e-03
1.065512787334728373e-02
1.220746657266373603e-02
1.377945664087684360e-02
1.534372403533021921e-02
1.690982801827220147e-02
1.849478361097512194e-02
2.009466831347342386e-02
2.170418141859017588e-02
2.335388515080464786e-02
2.494213943440887898e-02
2.652122577516504917e-02
2.809871301740604968e-02
2.969577646054747180e-02
3.130247612520599410e-02
3.292226367686404420e-02
3.457444334795690272e-02
3.626068440761001654e-02
3.793974527563637872e-02
3.962564202934908131e-02
4.131120257779563598e-02
4.299508726602917219e-02
4.468173128552030415e-02
4.637235639372690871e-02
4.805629783190642351e-02
4.974639842451723803e-02
5.143659266424926296e-02
5.312686106850631612e-02
5.481718390256742901e-02
5.650754260874078089e-02
5.819793144915566541e-02
5.988834124074866871e-02
6.157876469884871612e-02
6.326919616648261913e-02
6.495963134974286346e-02
6.665006707223553040e-02
6.834050105593424129e-02
7.003093173167196372e-02
7.172135807964646892e-02
7.341177950106254901e-02
7.510220085832518266e-02
7.679262242127177229e-02
7.848303581423334008e-02
8.017344006761278896e-02
8.186383447568422456e-02
8.355421859981664034e-02
8.524459227262914940e-02
8.693495560131866973e-02
8.862530896895286225e-02
9.031565303276231638e-02
9.200598853303841584e-02
9.369631701978274607e-02
9.538663973212678504e-02
9.707696502519048976e-02
9.876729033120250356e-02
1.004576155189972342e-01
1.021479411125549852e-01
1.038382675898258667e-01
1.055285953859495807e-01
1.072189248945353141e-01
1.089092564676068381e-01
1.105995904147420439e-01
1.122899270018289375e-01
1.139802664497043261e-01
1.156706089308710272e-01
1.173609523990952058e-01
1.190513014147042831e-01
1.207416571363789659e-01
1.224320205105105253e-01
1.241223922407489882e-01
1.258127727657048500e-01
1.275031622441719914e-01
1.291935605470312109e-01
1.308839667339974921e-01
1.325743812660806487e-01
1.342648025380800136e-01
1.359552292920876981e-01
1.376456577759050670e-01
1.393360816825317261e-01
1.410265063637670124e-01
1.427169311025712761e-01
1.444073553826233924e-01
1.460977787206636513e-01
1.477882006673449655e-01
1.494786208097020064e-01
1.511690387747102460e-01
1.528594542334464901e-01
1.545498669053416152e-01
1.562402765643476354e-01
1.579306876591488606e-01
1.596211018712208607e-01
1.613115099981067557e-01
1.630019107897136832e-01
1.646923032554042654e-01
1.663826866660015891e-01
1.680730605749420070e-01
1.697634248321458206e-01
1.714537791087595298e-01
1.731441248247717057e-01
1.748344622228571454e-01
1.765247923473939606e-01
1.782151165180913821e-01
1.799054414401856095e-01
1.815957675020543893e-01
1.832860933130289194e-01
1.849764193906270338e-01
1.866667462128072108e-01
1.883570742192895719e-01
1.900474038115403386e-01
1.917377353518936456e-01
1.934280691621357018e-01
1.951184055217637103e-01
1.968087446660390094e-01
1.984990867828587413e-01
2.001894295941518132e-01
2.018797777187233133e-01
2.035701323508374294e-01
2.052604944787328467e-01
2.069508648531446504e-01
2.086412439637988225e-01
2.103316315048109897e-01
2.120220285523796988e-01
2.137124341310559505e-01
2.154028475799129316e-01
2.170932679510646224e-01
2.187836940230782901e-01
2.204741232305520993e-01
2.221645469813503526e-01
2.238549716476904705e-01
2.255453964520378329e-01
2.272358208722738970e-01
2.289262444196817625e-01
2.306166666396178011e-01
2.323070871138263882e-01
2.339975054637978003e-01
2.356879213546750340e-01
2.373783344992456690e-01
2.390687446628195212e-01
2.407591551536795715e-01
2.424495690250385582e-01
2.441399781859005802e-01
2.458303801847605830e-01
2.475207739907047955e-01
2.492111588307409920e-01
2.509015342121481140e-01
2.525918999373916174e-01
2.542822558214065665e-01
2.559726028547406051e-01
2.576629414383106997e-01
2.593532725727862864e-01
2.610435975367385586e-01
2.627339216314663606e-01
2.644242477637391842e-01
2.661145735078361274e-01
2.678048994397939087e-01
2.694952260438684966e-01
2.711855537659506044e-01
2.728758830137610336e-01
2.745662141560603065e-01
2.762565475212602761e-01
2.779468833956877938e-01
2.796372220216572502e-01
2.813275635947605768e-01
2.830179060694398285e-01
2.847082532157521606e-01
2.863986067006470404e-01
2.880889675467191990e-01
2.897793365430642032e-01
2.914697142205282532e-01
2.931601008342752945e-01
2.948504958933736431e-01
2.965409001001607092e-01
2.982313122967257257e-01
2.999217315804852957e-01
3.016121567728806685e-01
3.033025864370691993e-01
3.049930110287377705e-01
3.066834355342004104e-01
3.083738602622536074e-01
3.100642846855951040e-01
3.117547083101550598e-01
3.134451306755332567e-01
3.151355513571770239e-01
3.168259699697187348e-01
3.185163861709388589e-01
3.202067996658507498e-01
3.218972102111787859e-01
3.235876199722231283e-01
3.252780333526147372e-01
3.269684434226633463e-01
3.286588465133231662e-01
3.303492415569752594e-01
3.320396277394804807e-01
3.337300045237428514e-01
3.354203712482650701e-01
3.371107288108822209e-01
3.388010771260892562e-01
3.404914168574714184e-01
3.421817489636818088e-01
3.438720746840270848e-01
3.455623979503432142e-01
3.472527241159871214e-01
3.489430497554441013e-01
3.506333755033719801e-01
3.523237018501712003e-01
3.540140292476345318e-01
3.557043581094567197e-01
3.573946888106310227e-01
3.590850216861306010e-01
3.607753570291598599e-01
3.624656950891774754e-01
3.641560360696028953e-01
3.658463790346823674e-01
3.675319976187989557e-01
3.692210331595134898e-01
3.709107794524646451e-01
3.725658393287177850e-01
3.742263501208369370e-01
3.759011179374993072e-01
3.775833520605181848e-01
3.792656861724594819e-01
3.809481155995974033e-01
3.826306320628966584e-01
3.843132243159878558e-01
3.859958827034628004e-01
3.876785878759881343e-01
3.893613328793268380e-01
3.910441109741634724e-01
3.927269143206168489e-01
3.944097362234002535e-01
3.960925710948313694e-01
3.977754143718547075e-01
3.994582624078992783e-01
4.011411123546244628e-01
4.028239620438968105e-01
4.045068098654908684e-01
4.061896556294242733e-01
4.078725047158788253e-01
4.095553519079102589e-01
4.112381912053899580e-01
4.129210214355380493e-01
4.145773617270664402e-01
4.162191408593143294e-01
4.178451393273603931e-01
4.194362186845485563e-01
4.210295697055736475e-01
4.226125458501513443e-01
4.241932513996438114e-01
4.257141615350607533e-01
4.272532125686867022e-01
4.287979751688464902e-01
4.303403300289467825e-01
4.318928315628534631e-01
4.334485429363752473e-01
4.349916493639178761e-01
4.365269423031856721e-01
4.380417397442296079e-01
4.395285486117305185e-01
4.410219131581863961e-01
4.425361222499967218e-01
4.440296265874597026e-01
4.454924185915145607e-01
4.469620196553206748e-01
4.484482812583919231e-01
4.499221094897968287e-01
4.513974183386827987e-01
4.528648727617149983e-01
4.543400611671506995e-01
4.557907551621172004e-01
4.572360959457850704e-01
4.586801530105532043e-01
4.601093644275646155e-01
4.615364986578697759e-01
-4.000030866690761355e-01
-4.000031027016592855e-01
-4.023963431727809459e-01
-4.047994680100731602e-01
-4.072379622206465655e-01
-4.096697852904943593e-01
-4.120917821250795754e-01
-4.145461877175447563e-01
-4.170117504243385786e-01
-4.194790093544572551e-01
-4.219462074349006886e-01
-4.244133569189433297e-01
-4.268644818701137211e-01
-4.000003608079431561e-01
-4.000003759617514199e-01
-4.002513258511499195e-01
-4.005022798912029058e-01
-4.007532142182917978e-01
-4.010041304461904321e-01
-4.012550306627972185e-01
-4.015059171315914499e-01
-4.017567922906783440e-01
-4.020076587446761440e-01
-4.022569257818083832e-01
-4.025048235580381828e-01
-4.027527129579706044e-01
-4.030006350355796463e-01
-2.953258541714728960e-06
-2.969278019449030466e-06
-2.347448513227079567e-03
-4.692152024722775691e-03
-7.036845064537405707e-03
-9.381528435752281569e-03
-1.172620348836537173e-02
-1.407087151854910338e-02
-1.641553378505009042e-02
-1.875632238424006226e-02
-2.110080144386950254e-02
-2.344528096637528425e-02
-2.578976139820500849e-02
-2.813424323068535599e-02
-3.047872677561670393e-02
-3.282321221893925306e-02
-3.516491467387154041e-02
-3.750292554866438421e-02
-3.984639099334150170e-02
-4.215735521233011929e-02
-4.446555661888490496e-02
-4.675997553474591645e-02
-4.904425754266220072e-02
-5.132410654358400548e-02
-5.359509068717137337e-02
-5.588008647492001546e-02
-5.814566797352006128e-02
-6.042583631624501989e-02
-6.270914597701178483e-02
-6.499947644404635572e-02
-6.726260849699094990e-02
-6.954067622854605280e-02
-7.178677601781946471e-02
-7.403850744153911423e-02
-7.628897191459786675e-02
-7.851623806276679385e-02
-8.076248487340986770e-02
-8.299467444816292783e-02
-8.518883644135162581e-02
-8.740070832091252628e-02
-8.960979660797313562e-02
-9.181310379554284695e-02
-9.403467241264183707e-02
-9.627600881443962311e-02
-9.850215889916703882e-02
-1.007416014581872660e-01
-1.029753840074073140e-01
-1.051910563795460524e-01
-1.073773805291292766e-01
-1.095796807912430143e-01
-1.117853908631732118e-01
-1.140008272201232936e-01
-1.162016537902521712e-01
-1.183981123192431456e-01
-1.205746577099875289e-01
-1.227625635856770120e-01
-1.249375554229577995e-01
-1.271051905307599705e-01
-1.292610793572148697e-01
-1.314368895661010561e-01
-1.336123599026324271e-01
-1.357699861119341100e-01
-1.379178455899965905e-01
-1.400588361583189889e-01
-1.422306327755626654e-01
-1.444089564570595063e-01
-1.465680015479672860e-01
-1.487199740179667440e-01
-1.508636916073552714e-01
-1.529610631456335690e-01
-1.550263543648437992e-01
-1.571243376738800657e-01
-1.592134905782618404e-01
-1.612846503099119588e-01
-1.633597963911343764e-01
-1.654639295946412902e-01
-1.675717779674101571e-01
-1.697088105272360203e-01
-1.718691956061867698e-01
-1.740300148255570223e-01
-1.761611300464324958e-01
-3.999993045713342577e-01
-3.999992892515107368e-01
-3.995033280046651480e-01
-3.989921191650839249e-01
-3.984803250485114412e-01
-3.979530111159765293e-01
-3.974321259744322821e-01
-3.968904612969673118e-01
-3.963571271450121447e-01
-3.957997372277685666e-01
-3.952289156473026144e-01
-3.946259344209478992e-01
-3.940043603078029477e-01
-3.933593605031951990e-01
-3.927046107226319083e-01
-3.920339542257516574e-01
2.000008433334733160e-01
2.000008586402235722e-01
2.006052669719777803e-01
2.011973739901164182e-01
2.017773306774099940e-01
2.023433042717977803e-01
2.028927229775431273e-01
2.034221808753421123e-01
2.039569264626358291e-01
2.044887818659728573e-01
2.050160729191191911e-01
2.055360904366810570e-01
2.060490356953829372e-01
2.065596512595141432e-01
2.070602225312620226e-01
2.075519688465743973e-01
2.080407470974089956e-01
2.085242176209209930e-01
2.089974845426728900e-01
2.094689032423759645e-01
2.099384126056345889e-01
2.104123941746909865e-01
2.108823404044729566e-01
2.113522480563830297e-01
2.118239522646602480e-01
2.122960818337651379e-01
2.127661013474012319e-01
2.132375515110807862e-01
2.137092360221472809e-01
2.141811114900382118e-01
2.146531369222140218e-01
2.151252753670016837e-01
2.155974964307699193e-01
2.160697755389560659e-01
2.165414431399758088e-01
2.170066587313932982e-01
2.174662291626746347e-01
2.179271267507657817e-01
2.183876370500703601e-01
2.188471061110441596e-01
2.193058140317567517e-01
2.197615141470941336e-01
2.202144921041153669e-01
2.206620677107211381e-01
2.211086058364260809e-01
2.215573437627690323e-01
2.220015436025535305e-01
2.224408701106961039e-01
2.228797671988869689e-01
2.233182574847143720e-01
2.237577169792577259e-01
2.241873753909745803e-01
2.246110599643087180e-01
2.250418063660085122e-01
2.254753531292288671e-01
2.259032581557570696e-01
2.263301025038766123e-01
2.267558083196935248e-01
2.271809535254993573e-01
2.276015944062954044e-01
2.280224545809608205e-01
2.284392569027484943e-01
2.288528214415905537e-01
2.292662705736318307e-01
2.296818867924731167e-01
2.300978733659592435e-01
2.305140204397222725e-01
2.309303049458602541e-01
2.313467043610880070e-01
2.317631980378817569e-01
2.321797682571451749e-01
2.325964002672092912e-01
2.330130820877672759e-01
2.334298039815284886e-01
2.338465581881521982e-01
2.342633386180460187e-01
2.346801405378513006e-01
2.350969602693056548e-01
2.355137949152764365e-01
2.359306421207917059e-01
-2.000013584006146150e-01
-2.000013738916464612e-01
-2.010521365519394588e-01
-2.021029345607789629e-01
-2.031455903898485016e-01
-2.041903921215632856e-01
-2.052282730630330954e-01
-2.062692626337623569e-01
-2.073112026706036837e-01
-2.083534332909506848e-01
-2.093972316231305364e-01
-2.104410960081060655e-01
-2.114850216237646185e-01
-2.125290018407756387e-01
-2.135730294261218021e-01
-2.146170971819545970e-01
-2.156611983555886403e-01
-2.167053268770091357e-01
-2.177494774704345493e-01
-2.187936456808907970e-01
-2.198325046711357145e-01
-2.208778952214014435e-01
-2.219150753387679753e-01
-2.229592850315426367e-01
-2.240030380791183384e-01
-2.250477698057126164e-01
-2.260974109451771852e-01
-2.271470077400250254e-01
-2.281962963732434846e-01
-2.292458739352235542e-01
-2.302954191011399587e-01
-2.313449370091598678e-01
-2.323944324272266826e-01
-2.334439094631682865e-01
-2.344933714193205010e-01
-2.355428206329042151e-01
-2.365922593052126877e-01
-2.376416896372260945e-01
-2.386911134152227554e-01
-2.397405319513314093e-01
-2.407899461602651114e-01
-2.418393566366013325e-01
-2.428887637280932321e-01
-2.439381676028521961e-01
-2.449875681914280845e-01
-2.460369642152461234e-01
-2.470863543008406937e-01
-2.481357371925767830e-01
-2.491851118117905384e-01
-2.502344773019603008e-01
-2.512838330614600157e-01
-2.523331797175296098e-01
-2.533734062175674318e-01
-2.544156121596968245e-01
-2.554429217446455569e-01
-2.564470352502548067e-01
-2.574434197791100609e-01
-2.584274370512043006e-01
-2.594164577079902667e-01
-2.603992241067936142e-01
-2.613887944596166579e-01
-2.623714452907354167e-01
-2.633473091008795008e-01
-2.643152498430337283e-01
-2.652987079236369117e-01
-2.662762911418693479e-01
-2.672456697623571409e-01
-2.682271127923893106e-01
-2.692004403909294408e-01
-2.701711131222034878e-01
-2.711361303806945067e-01
-2.720925468367346167e-01
-2.730510527530429776e-01
-2.740130775131058294e-01
-2.749679719928544985e-01
-2.759076981429336994e-01
-2.768431266877455776e-01
-2.777831367715242195e-01
-2.787320361217013320e-01
-2.796778080846922809e-01
-2.806268425220162510e-01
-2.815697272569409604e-01
-2.825179884031462918e-01
-2.834664661362559790e-01
-2.844151234642741666e-01
-2.853639258368733667e-01
-2.863128427370283946e-01
-2.872618479448769691e-01
-2.882109192223454852e-01
-2.891589827286957237e-01
-2.901078619539638748e-01
-2.910567646607496450e-01
-2.920056820437159639e-01
-2.929546071502172611e-01
-2.939035340946760666e-01
-2.948524578576831590e-01
-2.958013745762022584e-01
-2.967502814249474707e-01
-2.976991764469861801e-01
-2.986480584116164017e-01
-2.995969266974833900e-01
-3.005457811977906846e-01
-3.014946219521408843e-01
-3.024434502688269077e-01
-3.033922668479273055e-01
-3.043410730071528514e-01
-3.052898703157914118e-01
-3.062386605623866331e-01
-3.071874457239132106e-01
-3.081362279355771006e-01
-3.090850091373851249e-01
-3.100337905578013920e-01
-3.109825729199501287e-01
-3.119313568618981014e-01
-3.128801429434950876e-01
-3.138289316509956794e-01
-3.147777233999927149e-01
-3.157265185363847260e-01
-3.166753174188631226e-01
-3.176241213812546760e-01
-3.185729319854262998e-01
-3.195217506126999396e-01
-3.204705784260754586e-01
-3.214194163404221483e-01
-3.223682649999463079e-01
-3.233171247623592426e-01
-3.242659954618680729e-01
-3.252148773910216173e-01
-3.261637697179664563e-01
-3.271126716158611614e-01
-3.280615819760486218e-01
-3.290104994255960147e-01
-3.299594223495559975e-01
-3.309083489173376136e-01
-3.318572771127540344e-01
-3.328062053883487081e-01
-3.337551330125674842e-01
-3.347040593691234522e-01
-3.356529838982212910e-01
-3.366019060962490150e-01
-3.375508255171623673e-01
-3.384997417748689119e-01
-3.394486545520071785e-01
-3.403975628741069404e-01
-3.413464654001017173e-01
-3.422953606404761651e-01
-3.432442473048520903e-01
-3.441931243370799920e-01
-3.451419909423898980e-01
-3.460908466072151746e-01
-3.470396911121412242e-01
-3.479885243697516950e-01
-3.489373471097999557e-01
-3.498861598165158293e-01
-3.508349634512397119e-01
-3.517837592471417807e-01
-3.527325486892587403e-01
-3.536813334901372508e-01
-3.546301155617080925e-01
-3.555788967482053087e-01
-3.565276782457735272e-01
-3.574764606917353871e-01
-3.584252446630967204e-01
-3.593740306793255512e-01
-3.603228192030787924e-01
-3.612716106395800764e-01
-3.622204053351563702e-01
-3.631692035689606524e-01
-3.641180065735702409e-01
-3.650668159398730017e-01
-3.660156330864737240e-01
-3.669644592196584232e-01
-3.679132953016944763e-01
-3.688621420267183537e-01
-3.698109998035983836e-01
-3.707598687452270947e-01
-3.717087484729136859e-01
-3.726576389459801963e-01
-3.736065391350837928e-01
-3.745554479777761236e-01
-3.755043641437811885e-01
-3.764532860564538397e-01
-3.774022119185808655e-01
-3.783511397423461320e-01
-3.793000678885639076e-01
-3.802489954896827729e-01
-3.811979219193700197e-01
-3.821468466081081594e-01
-3.830957690425520479e-01
-3.840446887667448017e-01
-3.849936053844508765e-01
-3.859425185676984560e-01
-3.868914274577162637e-01
-3.878403308001823757e-01
-3.887892270791481475e-01
-3.897381149715624660e-01
-3.906869933835963593e-01
-3.916358614789401393e-01
-3.925847186997346583e-01
-3.935335647805784931e-01
-3.944823995347780388e-01
-3.954312237537025987e-01
-3.963800378156881465e-01
-3.973288426386137329e-01
-3.982776394149896149e-01
-3.992264295926908901e-01
-4.001752148512117135e-01
-4.011239970740910765e-01
-4.020727781929624434e-01
-4.030215595220732472e-01
-4.039703417076778713e-01
-4.049191253352114606e-01
-4.058679109324259682e-01
-4.068166989703583258e-01
-4.077654898628667035e-01
-4.087142839652527226e-01
-4.096630815673260040e-01
-4.106118836829095731e-01
-4.115606919249609752e-01
-4.125095077412870292e-01
-4.134583323731499949e-01
-4.144071668223444083e-01
-4.153560118259418954e-01
-4.163048678380777412e-01
-4.172537350182207727e-01
-4.182026130354532523e-01
-4.191515018931724068e-01
-4.201004006080740205e-01
-4.210493081604857468e-01
-4.219982232599224226e-01
-4.229471443658572860e-01
-4.238960697129127708e-01
-4.248449973401696167e-01
-4.257939255221524499e-01
-4.267428532625397453e-01
-4.276917799254003061e-01
-4.286407049321190876e-01
-4.295896277603688529e-01
-4.305385479450706820e-01
-4.314874650805648471e-01
-4.324363788278453580e-01
-4.333852884444299725e-01
-4.343341927631766408e-01
-4.352830902419571601e-01
-4.362319795251304866e-01
-4.371808594811922299e-01
-4.381297292322777204e-01
-4.390785881762134246e-01
-4.400274360015736796e-01
-4.409762724763079955e-01
-4.419250983426437629e-01
-4.428739139350006959e-01
-4.438227201275363187e-01
-4.447715180716839689e-01
-4.457203091775724380e-01
-4.466690950908974167e-01
-4.476178776658573666e-01
-4.485666589196980469e-01
-4.495154402832304830e-01
-4.504642224112516691e-01
-4.514130058973195858e-01
-4.523617912772312510e-01
-4.533105790302195404e-01
-4.542593695786322772e-01
4.000011100443578438e-01
4.000011254443410214e-01
4.008536363018576631e-01
4.017061747369551905e-01
4.025586950186067492e-01
4.034111988472652288e-01
4.042636883351345412e-01
4.051161656885732265e-01
4.059686332136075437e-01
4.068210933156327647e-01
4.076735484923617037e-01
4.085260013143631186e-01
4.093784533041318618e-01
4.102309053744743195e-01
4.110833583200031449e-01
4.119358128311879641e-01
4.127882695042939254e-01
4.136407288482127909e-01
4.144931912887801495e-01
4.153456571662175745e-01
4.161981279282079838e-01
4.170506052769712979e-01
4.179030907256144900e-01
4.187555855582011377e-01
4.196080907979016228e-01
4.204606071826939018e-01
4.213131351481951836e-01
4.221656748172546436e-01
4.230182259959264779e-01
4.238707881754318896e-01
4.247233603791073508e-01
4.255759418762118940e-01
4.264285310689826525e-01
4.272811263145370742e-01
4.281337257395556595e-01
4.289863272726605059e-01
4.298389289462872798e-01
4.306915300597335405e-01
4.315441299750828463e-01
4.323967281131824714e-01
4.332493239524857209e-01
4.341019170298733298e-01
4.349545069427793731e-01
4.358070933548898185e-01
4.366596756669991475e-01
4.375122521230651040e-01
4.383648211245512183e-01
4.392173812772658947e-01
4.400699314288729624e-01
4.409224706979961161e-01
4.417749984956138576e-01
4.426275145393249733e-01
4.434800188609505645e-01
4.443325118078434999e-01
4.451849940382300308e-01
4.460374663465737077e-01
4.468899303117980226e-01
4.477423872526302140e-01
-2.000023230599072832e-01
-2.000023389109570615e-01
-2.018230773649719034e-01
-2.036439583765339845e-01
-2.054648253100044841e-01
-2.072856794643500311e-01
-2.091065227250404335e-01
-2.109273570178653578e-01
-2.127481843287561403e-01
-2.145690062557730482e-01
-2.163898258096372262e-01
-2.182106438902677581e-01
-2.200314612786671287e-01
-2.218522786546481274e-01
-2.236730966103186724e-01
-2.254939156601596106e-01
-2.273147362483506073e-01
-2.291355587527661997e-01
-2.309563834936821658e-01
-2.327772107278902880e-01
-2.345980448311807409e-01
-2.364188828867931358e-01
-2.382397252717262659e-01
-2.400605729587416415e-01
-2.418814267272818008e-01
-2.437022871384063316e-01
-2.455231545166553786e-01
-2.473440289383679880e-01
-2.491649102259919646e-01
-2.509857979478639090e-01
-2.528066910710065063e-01
-2.546275894489743452e-01
-2.564484915257287945e-01
-2.582693959410543583e-01
-2.600903008799790861e-01
-2.619112062567993671e-01
-2.637321115671197314e-01
-2.655530163363732932e-01
-2.673739201196356219e-01
-2.691948225031705610e-01
-1.999984874141046143e-01
-1.999984718083448465e-01
-1.988242873982248859e-01
-1.976500429573240791e-01
-1.964757883905574321e-01
-1.953015259916275614e-01
-1.941272550655727125e-01
-1.929529767828541686e-01
-1.917786926199101516e-01
-1.906044042370426961e-01
-1.894301134511170437e-01
-1.882558221974331147e-01
-1.870815312020848997e-01
-1.859072411139865988e-01
-1.847329525209897294e-01
-1.835586659518058106e-01
-1.823843818761981816e-01
-1.812101007051523383e-01
-1.800358227845224590e-01
-1.788615483942078699e-01
-1.776872783971334691e-01
-1.765130141720595847e-01
-1.753387569352568287e-01
-1.741645077058263380e-01
-1.729902646899919016e-01
-1.718160289855439338e-01
-1.706418033882554364e-01
-1.694675881076631030e-01
-1.682933830239019268e-01
-1.671191876853047320e-01
-1.659450020366717571e-01
-1.647708256785135050e-01
-1.635966553557370029e-01
-1.624224896284811870e-01
-1.612483268752345766e-01
-1.600741653217820082e-01
-1.589000037102314411e-01
-1.577258414284253285e-01
-1.565516779167180628e-01
-1.553775126657800654e-01
-1.542033452163959484e-01
-1.530291751605810380e-01
-1.518550021434620922e-01
-1.506808258660564115e-01
-1.495066459856794205e-01
-1.483324611858072850e-01
-1.471582701511303937e-01
-1.459840717388512232e-01
-1.448098650104862606e-01
-1.436356463232352221e-01
-1.424614163591844118e-01
-1.412871768226623137e-01
-1.401129277580083210e-01
-1.389386695276868255e-01
-1.377644031867316099e-01
-1.365901309389667972e-01
-1.354158521816148930e-01
-1.342415678690153380e-01
-1.330672795151642551e-01
-1.318929888120367322e-01
-1.307186975969481801e-01
-1.295444066418569851e-01
-1.283701165531772603e-01
-1.271958278897018790e-01
-1.260215411624823201e-01
-1.248472568329113547e-01
-1.236729753096090650e-01
-1.224986969446823920e-01
-1.213244220245903865e-01
-1.201501512751836503e-01
-1.189758860964394704e-01
-1.178016277327000871e-01
-1.166273772368881662e-01
-1.154531341183449716e-01
-1.142788976090385045e-01
-1.131046704364810501e-01
-1.119304535453479466e-01
-1.107562468732158634e-01
-1.095820504334075185e-01
-1.084078631167862267e-01
-1.072336856905857505e-01
-1.060595145356604957e-01
-1.048853482430255890e-01
-1.037111852165190362e-01
-1.025370236990554434e-01
-1.013628622245263955e-01
-1.001887001708563069e-01
-9.901453696958797956e-02
-9.784037210345090940e-02
-9.666620510584580939e-02
-9.549203556156050932e-02
-9.431786310825507336e-02
-9.314368743838100095e-02
-9.196950830875767757e-02
-9.079532449308466702e-02
-8.962113465336267459e-02
-8.844693761814882704e-02
-8.727273241534118375e-02
-8.609851575841492854e-02
-8.492428747315385051e-02
-8.375004964350268866e-02
-8.257580274932992126e-02
-8.140154600058113754e-02
-8.022728060813140438e-02
-7.905300904268972029e-02
-7.787873136391289253e-02
-7.670444790414590597e-02
-7.553016015116946480e-02
-7.435586977488876925e-02
-7.318157859932120091e-02
-7.200728758412446029e-02
-7.083299734530459912e-02
-6.965870845043525827e-02
-6.848442141881083689e-02
-6.731013671973247459e-02
-6.613585476961214571e-02
-6.496157592850383689e-02
-6.378730049390585188e-02
-6.261302899683045264e-02
-6.143876285790127179e-02
-6.026450334909973922e-02
-5.909025155654106659e-02
-5.791600755585917665e-02
-5.674176989869916116e-02
-5.556754113391558503e-02
-5.439332263580613780e-02
-5.321911470556646429e-02
-5.204491637825488931e-02
-5.087072739037741542e-02
-4.969654891790301066e-02
-4.852237691764550720e-02
-4.734821001014008490e-02
-4.617404662501978230e-02
-4.499988502639953175e-02
-4.382572356732650914e-02
-4.265156161810846475e-02
-4.147739860321678074e-02
-4.030323399841335974e-02
-3.912906732991566772e-02
-3.795489817492747608e-02
-3.678072616306078679e-02
-3.560655097828358678e-02
-3.443237236573294668e-02
-3.325818928565889981e-02
-3.208400037793905646e-02
-3.090980444278531789e-02
-2.973560047474109805e-02
-2.856138557132682776e-02
-2.738715875504022998e-02
-2.621292231009530668e-02
-2.503901799277719054e-02
-2.386614642507453241e-02
-2.269513732053380500e-02
-2.153679293954145757e-02
-2.037385555584294780e-02
-1.921255865249772710e-02
-1.805079438481630577e-02
-1.689372298237166656e-02
-1.573250434188376568e-02
-1.456305028695953872e-02
-1.338878670420262131e-02
-1.221021732889090820e-02
-1.102878970767840090e-02
-9.833538030674712077e-03
-8.651223518075712091e-03
-7.453874811178366755e-03
-6.248733288191957516e-03
-5.054075617957166228e-03
-3.869313240886518290e-03
-2.667039527168945170e-03
-1.450627542852711473e-03
-2.236983380559610035e-04
1.019812667453894386e-03
2.279194162060955379e-03
3.543357017756018461e-03
4.824680831722180305e-03
6.098871135360154142e-03
7.374757011050656064e-03
8.681580134739913177e-03
9.993836992197378810e-03
1.131252146295195875e-02
1.265393321533636074e-02
1.400024430547155280e-02
1.534399303528033269e-02
1.670641741676568565e-02
1.810195956601919759e-02
1.950117554731524774e-02
2.089692467417724603e-02
2.230201393925587000e-02
2.372682498934645251e-02
2.516371649060266530e-02
2.660688644552775678e-02
2.804021102622357778e-02
2.946522991412100362e-02
3.089456117246386704e-02
3.234687035780777625e-02
3.378780295205429524e-02
3.522420325628618926e-02
3.665033175905201002e-02
3.806187971931275504e-02
3.947853089215204447e-02
4.089091040823258222e-02
4.229709904646935387e-02
4.370797867322120250e-02
4.513233645154803020e-02
4.656422453614392915e-02
4.801236373478907915e-02
4.947717726193582438e-02
5.094636786313296722e-02
5.242197612114506133e-02
5.389854448298740663e-02
5.539224317422283828e-02
5.691174216787447254e-02
5.842858545390733349e-02
5.994674859401009220e-02
6.146428520625964870e-02
6.300027779818606621e-02
6.454389646468450259e-02
6.610578140548180326e-02
6.769166164790935136e-02
6.926621540117730569e-02
7.083092551442203566e-02
7.241046696489394918e-02
7.400849371915403652e-02
7.560825161866191468e-02
7.722209263035249849e-02
7.884829187300615438e-02
8.047924429265994328e-02
8.211214559503526855e-02
8.378107600455331205e-02
8.544955792315232779e-02
8.713850334923825547e-02
8.884588248156115309e-02
