2.000024806993612736e-01
2.000024966445692609e-01
2.015104212382319571e-01
2.016777255272315106e-01
2.018807968894552329e-01
2.021096380739847431e-01
2.023621501097759290e-01
2.025818747503605466e-01
2.028414111449150237e-01
2.031055371278442934e-01
2.033954989133611169e-01
2.037193204697595461e-01
2.040742230229781184e-01
2.044773142186794845e-01
2.048539125489733936e-01
2.052564106429769497e-01
2.056678071267134533e-01
2.060197693978309541e-01
2.064028769978232536e-01
2.067459935197545617e-01
2.071265344384178031e-01
2.075216283806512740e-01
2.079395066497013722e-01
2.083657561534043579e-01
2.087628502204008918e-01
2.091746556959767911e-01
2.095728843537564279e-01
2.099991918787313672e-01
2.104229942651273666e-01
2.108344583357895652e-01
2.112436341034841791e-01
2.116237197144352211e-01
2.119607055015036434e-01
2.123457104907946480e-01
2.127092804042930441e-01
2.130742371793832302e-01
2.135231213655565397e-01
2.139533798660552266e-01
2.143392887318868734e-01
2.147136600364028813e-01
2.150457046429308516e-01
2.153854479851809722e-01
2.157003464519727520e-01
2.160050002548868642e-01
2.162954551372177625e-01
2.166013689582418633e-01
2.168856158048726723e-01
2.171829453777500418e-01
2.174470249058198246e-01
2.176847096387764802e-01
2.178831406822891448e-01
2.180508460750717470e-01
2.182382395869610636e-01
2.183984634532595004e-01
2.185707016028084482e-01
2.187251290989546404e-01
2.188842786905007554e-01
2.190043935098840988e-01
2.191111397759571977e-01
2.192132412217575876e-01
2.193340315137690399e-01
2.194131316557928757e-01
2.194685416745907613e-01
2.195628490078138095e-01
2.195968970809039078e-01
2.196437951023341717e-01
2.196203901990577967e-01
2.195832809332852464e-01
2.195404435980302660e-01
2.195409881859568813e-01
2.195669541284575033e-01
2.196226028811371633e-01
2.196713094603666983e-01
2.197213941738655751e-01
2.198189935824986230e-01
2.199104633091738814e-01
2.200112919615216933e-01
2.200661301309189966e-01
2.201247755568410680e-01
2.202093991177354049e-01
2.202755567420499050e-01
2.203938322206933087e-01
2.204611656590583502e-01
2.205445378795383715e-01
2.206231077060636370e-01
2.206925890472670182e-01
2.207549480805991726e-01
2.208458159307315205e-01
2.209112796291878011e-01
2.209877703708422736e-01
2.210990443777830217e-01
2.211976264028298889e-01
2.212458230329509279e-01
2.213276652042103498e-01
2.214667546060906655e-01
2.215566460393931791e-01
2.216690743262185737e-01
2.217918441481748770e-01
2.219101690558354378e-01
2.220891437460775775e-01
2.223272621633755330e-01
2.225429953864759003e-01
2.226935532157182374e-01
2.228804174238848412e-01
2.231084260665948116e-01
2.233742788695618209e-01
2.236079243991620780e-01
2.238418594424262664e-01
2.241293346029443745e-01
2.243376978666381805e-01
2.245124094436995454e-01
2.247147793820697681e-01
2.250784939463466028e-01
2.253762768476110789e-01
2.255944289833489991e-01
2.258606874727259184e-01
2.259745089566523035e-01
2.261530448346343591e-01
2.262408095726709811e-01
2.263452018183410852e-01
2.263680924026674479e-01
2.263815757876181667e-01
2.263683220251707096e-01
2.263438090904526523e-01
2.263214376792596072e-01
2.262878155711961214e-01
2.261948258375941212e-01
2.260586987340049703e-01
2.258592151192041764e-01
2.256880881294089924e-01
2.255572680975623800e-01
2.253989255209452591e-01
2.252269226810370839e-01
2.250553128959483784e-01
2.248383790374497981e-01
2.246102299628841559e-01
2.243555670163501492e-01
2.241285004631868583e-01
2.239154076209244060e-01
2.236903609460081099e-01
2.234707844360308004e-01
2.232383565711048568e-01
2.230766952026471406e-01
2.229344024463852103e-01
2.227347005708759653e-01
2.225631677637866512e-01
2.223732378099516349e-01
2.221837553191220171e-01
2.219894304245363659e-01
2.217887109685343361e-01
2.216098645587580851e-01
2.214506886446960532e-01
2.212644084275841583e-01
2.210847738983613142e-01
2.209331537364627729e-01
2.207510452270304846e-01
2.205869857357757313e-01
2.204720142668734340e-01
2.203354751087065189e-01
2.201545504686967802e-01
2.200069634132507390e-01
2.198887370139284425e-01
2.197847603792597859e-01
2.197071444058399936e-01
2.196711825491155512e-01
2.196287374959792482e-01
2.195797918412484007e-01
2.195483690447198599e-01
2.195000026169422191e-01
2.194255564641517109e-01
2.193801675831484332e-01
2.193695155781788531e-01
2.193625238943319733e-01
2.193467292465185459e-01
2.193304220553304873e-01
2.193348393976573829e-01
2.193880790451048501e-01
2.194325972706593908e-01
2.194445375526820896e-01
2.194681493079339851e-01
2.194773473184900292e-01
2.194180774630447028e-01
2.193490059021807048e-01
2.192939067258014574e-01
2.192148449656032561e-01
2.191168722088800425e-01
2.190302838871623636e-01
2.189340836225004971e-01
2.188046723594729570e-01
2.186701388892412778e-01
2.185838337117311514e-01
2.184357314271637429e-01
2.182736685022678147e-01
2.181404779298019292e-01
2.179631200124538259e-01
2.177605257058617128e-01
2.175722506835164327e-01
2.173041016323440655e-01
2.169939057465737065e-01
2.166985520675162036e-01
2.163657258445344511e-01
2.159877119138056412e-01
2.155980854625389187e-01
2.152129560769112659e-01
2.148448385689111506e-01
2.144980025737599771e-01
2.142054319289299624e-01
2.139158262578220171e-01
2.135862480857423917e-01
2.131975079696357134e-01
2.127722708993801393e-01
2.123574237616611959e-01
2.119138220098478465e-01
2.114972987570489515e-01
2.111111702076398644e-01
2.107128889282916251e-01
2.103367396411726931e-01
2.099328788689256708e-01
2.095300929199891693e-01
2.091880462953776831e-01
2.088171561388318387e-01
2.085307147880819667e-01
2.081875800573068924e-01
2.077502692914638127e-01
2.072940174652624645e-01
2.068884416630486500e-01
2.065330852836320397e-01
2.061247663265514674e-01
2.057415072657251265e-01
2.053563007534176810e-01
2.049934155837914718e-01
2.046790181131983577e-01
2.043735965096298846e-01
2.040778615646938465e-01
2.037560357605416594e-01
2.035088538566101057e-01
2.034039954168797293e-01
2.031956815649380577e-01
2.031274148829106674e-01
2.029488058301012476e-01
2.027251622046706558e-01
2.024665061263402899e-01
2.021938497958609415e-01
2.020771071873846692e-01
2.020351009246309781e-01
2.021634028044163589e-01
2.022680685913902376e-01
2.024484028943012992e-01
2.026457377753358158e-01
2.028869225242012908e-01
2.031328645648969866e-01
2.033875970597767424e-01
2.037748891530285211e-01
2.042317430791377175e-01
2.044933432212658331e-01
2.048874058423319489e-01
2.053201872579925313e-01
2.061106604327348490e-01
2.063951411220456278e-01
2.066957446204249205e-01
2.073460125926053776e-01
2.077704562667775368e-01
2.082705952518499881e-01
2.086777103795729726e-01
2.092679899085741202e-01
2.097196535478542956e-01
2.100066440202359996e-01
2.102716850353547051e-01
2.108745688291202847e-01
2.117153653461423257e-01
2.123347174066236853e-01
2.127262774653550237e-01
2.129017501702409332e-01
2.133620274839167774e-01
2.135170896423049802e-01
2.138858721186883416e-01
2.140812537997389686e-01
2.143626276916488771e-01
2.143978585563341976e-01
2.145522258743281230e-01
2.147334996086708303e-01
2.148926634982843975e-01
2.149448671490169771e-01
2.149748114540820099e-01
2.151050492635006306e-01
2.151904974289166605e-01
2.152128710381342180e-01
2.152558496838186120e-01
2.152240375430111430e-01
2.152039319014525387e-01
2.152449406758884798e-01
2.152795995193556855e-01
2.152730875244491249e-01
2.152893257749131373e-01
2.152937127808673134e-01
2.152997928941394468e-01
2.152870483528185330e-01
2.152358629045784955e-01
2.152548101937573066e-01
2.152964440331766871e-01
2.153387381171893988e-01
2.153785628977387956e-01
2.154327921762242970e-01
2.154850889421874027e-01
2.155009005558045920e-01
2.155209530329174616e-01
2.155233269179712419e-01
2.151281441167761377e-01
2.143511686462645227e-01
2.133757446301189076e-01
2.123363449624565968e-01
2.112358982978826405e-01
2.100889780853186228e-01
2.089108072954827255e-01
2.076865333290120186e-01
2.064472912734094667e-01
2.051240634722138190e-01
2.037811013331030374e-01
2.023996242632109810e-01
2.009731220145773434e-01
1.995158792145978188e-01
1.980735146403936053e-01
1.965232333595745839e-01
1.949591970192271206e-01
1.934007266044752149e-01
1.918363326633937271e-01
1.902668861724997884e-01
1.886263567741677527e-01
1.869701313798120823e-01
1.852588831230611022e-01
1.835673298966422895e-01
1.818704547307120611e-01
1.801396930701411048e-01
1.784019074536753180e-01
1.766516503773258029e-01
1.748786765316925063e-01
1.731268982835045267e-01
1.713300601496270115e-01
1.695373419160266792e-01
1.676675345040413989e-01
1.658375822042959524e-01
1.640100540939040397e-01
1.621785664941795269e-01
1.603214690307115664e-01
1.584132927572463601e-01
1.565537401378711002e-01
1.546863927113659165e-01
1.528047880309331974e-01
1.509210817824161444e-01
1.490377372135476830e-01
1.471944957040807467e-01
1.453576528298289594e-01
1.434917441266418958e-01
1.416162461097308922e-01
1.397095622144420568e-01
1.378594694914714591e-01
1.359987337781927985e-01
1.341523005429539062e-01
1.323089762295267813e-01
1.304886731436963876e-01
1.286749011394487385e-01
1.268545180055941635e-01
1.251033859848145469e-01
1.233720681261148144e-01
1.216751886421886253e-01
1.200373819200546838e-01
1.183998490076255267e-01
1.167274437994915287e-01
1.151134380638566407e-01
1.135390204300905648e-01
1.119551099736969396e-01
1.104032420402424192e-01
1.088906089719407916e-01
1.073826718692412335e-01
1.059353618283822435e-01
1.044768888818769642e-01
1.030075617536926336e-01
1.015328039574436431e-01
1.000694542293217720e-01
9.862096913582435453e-02
9.719577955865610353e-02
9.578930012999514743e-02
9.441983222652698682e-02
9.308650007113690450e-02
9.179403520018185325e-02
9.054285826771926726e-02
8.931552074275805886e-02
8.810104541492871921e-02
8.691205540288107767e-02
8.576173994337377149e-02
8.464058309887056986e-02
8.359753662095162352e-02
8.260270571985865729e-02
8.164230171530782731e-02
8.071513853438738728e-02
7.990274833628703555e-02
7.913044945212023562e-02
7.841045827576056948e-02
7.775651184522017201e-02
7.714865608927583274e-02
7.660131252774063371e-02
7.612760679830757327e-02
7.571941146998129035e-02
7.537758344034034552e-02
7.507494949266875495e-02
7.483715043018762669e-02
7.465629142543402097e-02
7.453130758786472021e-02
7.446519691440861566e-02
7.445714987421025999e-02
7.450621863370543441e-02
7.460902833297476666e-02
7.476485186271997208e-02
7.496449765304964707e-02
7.523711541692162941e-02
7.556693544209322488e-02
7.594711602329320965e-02
7.638116661162351606e-02
7.685173306071603483e-02
7.738853243311089036e-02
7.796265553378435575e-02
7.855308489049446508e-02
7.919930113536871596e-02
7.993528082354338371e-02
8.076185946570321739e-02
8.161057057644706403e-02
8.248310348823228999e-02
8.337361387160949211e-02
8.383072666801597017e-02
8.419815673277988854e-02
8.442525695628429194e-02
8.451831837888015841e-02
8.466624518429609336e-02
8.482123080449770203e-02
8.501579806881313928e-02
8.527809339862499338e-02
8.544776122429104115e-02
8.567988045022810473e-02
8.592976967594706528e-02
8.625061094850616783e-02
8.652847873147022362e-02
8.679270991391280221e-02
8.704620750717369237e-02
8.731240452432205423e-02
8.744663001055749674e-02
8.762014770104828432e-02
8.773460731372488552e-02
8.789812876897261373e-02
8.805698159192158758e-02
8.823416297079238191e-02
8.840075223241597446e-02
8.851849162041762475e-02
8.866760841824072870e-02
8.884933741743897273e-02
8.900034188234431931e-02
8.916275597250475360e-02
8.933988488084765311e-02
8.946229343928681355e-02
8.957163296473216740e-02
8.967112022574956487e-02
8.977140772618451281e-02
8.980648533853335946e-02
8.983445759078539927e-02
8.986423802165854902e-02
8.987373087420469364e-02
8.982494887731412581e-02
8.971906298877177499e-02
8.959748813786329313e-02
8.946953477603480920e-02
8.933254553703386114e-02
8.921885942509105716e-02
8.908089506873501096e-02
8.892878245360232026e-02
8.879565004787090543e-02
8.863602318198927910e-02
8.850889764409136662e-02
8.842010679760949066e-02
8.833364687605427257e-02
8.825699726196262196e-02
8.821967724824258950e-02
8.817390380229987723e-02
8.811864541799967199e-02
8.802464175082848341e-02
8.802593240937928165e-02
8.811171224220545883e-02
8.813783325465192331e-02
8.810493167391388047e-02
8.806257887694196596e-02
8.799856629755192783e-02
8.811515532156234676e-02
8.812693226629508825e-02
8.811652257373533970e-02
8.844697841633146485e-02
8.897001541384486067e-02
8.962699390989366244e-02
9.021537553737520032e-02
9.105356043315460113e-02
9.174514898117909489e-02
9.249329916699394749e-02
9.359262574659714395e-02
9.500959433774709695e-02
9.661937550358100368e-02
9.828900742019514025e-02
9.978643379361017141e-02
1.009988782176255984e-01
1.019177864417418339e-01
1.034742550595820071e-01
1.048566245746042763e-01
1.059386132221294408e-01
1.071634785741151646e-01
1.085534407723195705e-01
1.095101359986249967e-01
1.106110471625541547e-01
1.116856612918205038e-01
1.129972887040391477e-01
1.144329824028035431e-01
1.158709646364531332e-01
1.175271775555305903e-01
1.188059915232268504e-01
1.202234370334272356e-01
1.217296890267365594e-01
1.232267924136603854e-01
1.250055890647503165e-01
1.267993583503793931e-01
1.284272596100665964e-01
1.301905960455124744e-01
1.319819363121838007e-01
1.336629752305618923e-01
1.354111622747340427e-01
1.373869270904199413e-01
1.393732714953908047e-01
1.413526660348057573e-01
1.431040951740145117e-01
1.449647397516591885e-01
1.466836393924837723e-01
1.483387296692878221e-01
1.500744923545193621e-01
1.516802841612089892e-01
1.533011835930474520e-01
1.549625448533535343e-01
1.563305687845013281e-01
1.578179756745801132e-01
1.593043124301283808e-01
1.605799521260793117e-01
1.617524810974029781e-01
1.628904616437075459e-01
1.639203001753369027e-01
1.650766340720184189e-01
1.659418370901902529e-01
1.666695932883235365e-01
1.672697772059725529e-01
1.677464602794705162e-01
1.681954879600135178e-01
1.685185477972901691e-01
1.689354319422393391e-01
1.689757364657349659e-01
1.690966913399178373e-01
1.691274548834578173e-01
1.691935667126448772e-01
1.692759728668973840e-01
1.693006306946201744e-01
1.692960118130298064e-01
1.693156524595668400e-01
1.693251128135732919e-01
1.693162325531815393e-01
1.693026972790977747e-01
1.692881123874264426e-01
1.692648715410898785e-01
1.692975255367903664e-01
1.693459162318903533e-01
1.694060491197213747e-01
1.694613048617617246e-01
1.695181778147130669e-01
1.695713530523823287e-01
1.695823366209861238e-01
1.695294417988847113e-01
1.688563026878895923e-01
1.681444246797888786e-01
1.670664182341939641e-01
1.659624365544344060e-01
1.647918609686744584e-01
1.635863806565050760e-01
1.622899926643323332e-01
1.609245495314203245e-01
1.595142054239636342e-01
1.580412203031884288e-01
1.565381538045823862e-01
1.549333193646834639e-01
1.533283043846380977e-01
1.517574274035088655e-01
1.501179001502178645e-01
1.484723406105847854e-01
1.467866439325801742e-01
1.450494225228281253e-01
1.432734770929177670e-01
1.414799218068135134e-01
1.396515966276991039e-01
1.378032084877809371e-01
1.359179597840258769e-01
1.341222373734388684e-01
1.322925182116941600e-01
1.304854411066335429e-01
1.286862211218867125e-01
1.268739099947143456e-01
1.251294084476125557e-01
1.233127761678650819e-01
1.215322574433693459e-01
1.197189552624384062e-01
1.179209751206076739e-01
1.160974002364257435e-01
1.142529011550726115e-01
1.124447332798415577e-01
1.105814885843104806e-01
1.086465022514701145e-01
1.067134196955801945e-01
1.047279646461850983e-01
1.027434959943746284e-01
1.008008178151397066e-01
9.880832728777094731e-02
9.681365917485014461e-02
9.479945132582250078e-02
9.283588784596150112e-02
9.092233009036836122e-02
8.900093762268723729e-02
8.712115210610760219e-02
8.523399872921877396e-02
8.335078657481483078e-02
8.144547719058448099e-02
7.957954859014809701e-02
7.771665811228280207e-02
7.584640192221084321e-02
7.395209657717059792e-02
7.206250880595034547e-02
7.016143653882120357e-02
6.825656064695004299e-02
6.633392416091479782e-02
6.443045582338097210e-02
6.248224107709605263e-02
6.053403137419965940e-02
5.857572322918689484e-02
5.665510108595519373e-02
5.474041855284809965e-02
5.289031214447052764e-02
5.104698169884543113e-02
4.924485227617736438e-02
4.746723910954381287e-02
4.572801318570545587e-02
4.398256830004101253e-02
4.225253630682561379e-02
4.053671936765090161e-02
3.880832153449424726e-02
3.713644990781357624e-02
3.547612213586908564e-02
3.384880026525389357e-02
3.224853667888657321e-02
3.065659752822187320e-02
2.908745221652269883e-02
2.754059652877024339e-02
2.600956474508345911e-02
2.450053877340456834e-02
2.301356042225863666e-02
2.156025582583896011e-02
2.013048420391877133e-02
1.874394563961988627e-02
1.738427499482544242e-02
1.603331386226936744e-02
1.470987618130671810e-02
1.337004832063626476e-02
1.206697505521694795e-02
1.078024195828343988e-02
9.491377899754764244e-03
8.180235156996479295e-03
6.877457362951939351e-03
5.604979015340813206e-03
4.353105760291619934e-03
3.108430395730493213e-03
1.864402092835685349e-03
6.236692137916522230e-04
-6.048537646268344276e-04
-1.810199333064395257e-03
-2.995373074958548008e-03
-4.169272774431071263e-03
-5.310472695240748761e-03
-6.411595545077373830e-03
-7.494526965321417038e-03
-8.531395003910412569e-03
-9.548665228607554345e-03
-1.055786133302511615e-02
-1.153916160204830968e-02
-1.250078064855757523e-02
-1.344560748883419019e-02
-1.437419324188188470e-02
-1.527601094082771914e-02
-1.616079391827615966e-02
-1.703593888702458967e-02
-1.789082097153258527e-02
-1.872423660159711761e-02
-1.954681489916819392e-02
-2.035436845876601591e-02
-2.112898951556588592e-02
-2.188124262820637794e-02
-2.258791396253751957e-02
-2.327356831786907970e-02
-2.392194173899362536e-02
-2.454582112614108955e-02
-2.513603866031861173e-02
-2.570778172267236886e-02
-2.624227635052110708e-02
-2.673176113855604830e-02
-2.721005332095148554e-02
-2.765750089244311399e-02
-2.806638882567744422e-02
-2.844139878489472528e-02
-2.878457792636372747e-02
-2.909560227204668545e-02
-2.938031562426722185e-02
-2.963506014216310200e-02
-2.986220849601576438e-02
-3.006055981761376894e-02
-3.022672657297503090e-02
-3.036443665939692407e-02
-3.047520188582881692e-02
-3.055798074440390852e-02
-3.061358983628370903e-02
-3.064547681595550591e-02
-3.065735493925280178e-02
-3.064942424214326180e-02
-3.062359151495294696e-02
-3.057939869112627496e-02
-3.052589178145244386e-02
-3.046748563637411561e-02
-3.039586865904124469e-02
-3.032592322245981908e-02
-3.025617677116742080e-02
-3.018775037737995645e-02
-3.012039221452310345e-02
-3.005387924584530801e-02
-2.998801958919076679e-02
-2.992265228597765225e-02
-2.985764546871752523e-02
-2.979289357539567987e-02
-2.972831408918226795e-02
-2.966384414407553100e-02
-2.959941761877128708e-02
-2.953499742570063480e-02
-2.947056437442772264e-02
-2.940610683281950563e-02
-2.934161882927892664e-02
-2.927709743968049533e-02
-2.921254251076033787e-02
-2.914795577388925446e-02
-2.908335392294671834e-02
-2.901874061102528365e-02
-2.895411930620585966e-02
-2.888949306162235525e-02
-2.882486412537571541e-02
-2.876023216089337170e-02
-2.869559650087317310e-02
-2.863095617911695992e-02
-2.856630998309011779e-02
-2.850165653004802999e-02
-2.843699600763292465e-02
-2.837232933838794435e-02
-2.830767094389112851e-02
-2.824302127287870584e-02
-2.817838040137509922e-02
-2.811374807870232681e-02
-2.804912376773487787e-02
-2.798450667646512624e-02
-2.791989663277674033e-02
-2.785529338994570392e-02
-2.779069648272551596e-02
-2.772610589528229016e-02
-2.766152179698464289e-02
-2.759694423274810030e-02
-2.753237311028073481e-02
-2.746780819177945671e-02
-2.740324908974953177e-02
-2.733869526620527970e-02
-2.727414594338503293e-02
-2.720959938087693167e-02
-2.714505375704539744e-02
-2.708050720936427957e-02
-2.701595787226071868e-02
-2.695140391270755068e-02
-2.688684357036781256e-02
-2.682227595176057619e-02
-2.675770057871362101e-02
-2.669311720240910915e-02
-2.662852580129410410e-02
-2.656392657699263235e-02
-2.649931994792036408e-02
-2.643470654038668904e-02
-2.637008718162481627e-02
-2.630546196190063427e-02
-2.624083114885198895e-02
-2.617619512863576109e-02
-2.611351366379632485e-02
-2.604150705438984179e-02
-2.597467898552189777e-02
-2.589329193621674879e-02
-2.579369769609021409e-02
-2.567924803094910266e-02
-2.554208072617434461e-02
-2.537032212869434061e-02
-2.514951424768476634e-02
-2.494286675614059909e-02
-2.466544445826104187e-02
-2.436868101229050856e-02
-2.401094705150625189e-02
-2.364313047970404216e-02
-2.317581536148770327e-02
-2.277862050783959966e-02
-2.225558925182920950e-02
-2.170899177459910054e-02
-2.116001222778678831e-02
-2.050073024253759590e-02
-1.983290393024127879e-02
-1.910861949326903009e-02
-1.834556625379853492e-02
-1.751392403802375444e-02
-1.665706862946604583e-02
-1.574090310669850820e-02
-1.476360912755930906e-02
-1.374344763321354648e-02
-1.269048781849428133e-02
-1.153269102441067256e-02
-1.032598859043408479e-02
-9.133698384204800777e-03
-7.831318734247949206e-03
-6.523219257856590486e-03
-5.096340426482234495e-03
-3.649254814396678780e-03
-2.130105494542928069e-03
-5.784372109488654769e-04
9.718283932238126624e-04
2.521055740531265993e-03
4.069522908348637523e-03
5.617444538833052045e-03
7.164991935366107380e-03
8.712297864967747524e-03
1.025946194765941198e-02
1.180655616276680454e-02
1.335363009007647928e-02
1.490071568943992890e-02
1.644783151575874083e-02
1.799498596006108078e-02
1.951269043815866480e-02
2.100024943186123635e-02
2.254137802105238286e-02
2.399810629132105577e-02
2.531817241466176316e-02
2.666493837141583820e-02
2.806405729893180975e-02
2.953242509822884276e-02
3.098392353860125736e-02
3.245848697952664896e-02
3.400380231695741134e-02
3.558037980838078818e-02
3.717912298909972768e-02
3.875357604350564839e-02
4.035348075851714206e-02
4.198188877616899906e-02
4.357189787589285657e-02
4.519445508015566826e-02
4.686009383475250173e-02
4.854102643194218442e-02
5.030615738136524906e-02
5.208068854004044290e-02
5.379082411074208314e-02
5.550940936146700477e-02
5.727590808524034294e-02
5.909389489290511888e-02
6.087598449780377147e-02
6.277485753110430278e-02
6.459086820525894446e-02
6.643357936801974617e-02
6.821007257565252224e-02
7.004997895436398947e-02
7.187064975837177683e-02
7.370032514325319806e-02
7.554222668393133222e-02
7.737415258056923317e-02
7.926415708008253957e-02
8.110480664711729182e-02
8.299968987875666615e-02
8.491100469324472377e-02
8.679186869031080276e-02
8.871053473455201011e-02
9.077818978613781675e-02
9.301712375498080720e-02
