2.704949567636967561e-06
2.720954666940062107e-06
1.450272487268198943e-03
2.636603732764190855e-03
3.814504691896308721e-03
4.989895124182389466e-03
6.068171518803238025e-03
7.219490599305724253e-03
8.279021492505707347e-03
9.310407094905003705e-03
1.035359961339477400e-02
1.132732978160050016e-02
1.223330972319218272e-02
1.315843591002260199e-02
1.412257176724901475e-02
1.509598335681021711e-02
1.608064218928246039e-02
1.704316343112657200e-02
1.806505315516086785e-02
1.900513434078559757e-02
1.997219506944828554e-02
2.100829208697677780e-02
2.199863638653194037e-02
2.297908917316351593e-02
2.401313711222597541e-02
2.500494642150222560e-02
2.600304398575660134e-02
2.700909408612309909e-02
2.811355025932609983e-02
2.923555390695078970e-02
3.038053933465422948e-02
3.153427759781241707e-02
3.270404511837821104e-02
3.389620361883000088e-02
3.508879617009454110e-02
3.626478647460684018e-02
3.746956455210745385e-02
3.865863761747780070e-02
3.977118660501562791e-02
4.090148419725073842e-02
4.206185229544364551e-02
4.329130325357036235e-02
4.457274073694546257e-02
4.599386501147177675e-02
4.747196083367156288e-02
4.902798751957618967e-02
5.055131030969887973e-02
5.205416804129676250e-02
5.351829051844143176e-02
5.496001414289464204e-02
5.636957957128264224e-02
5.781826701977269695e-02
5.925411353309435053e-02
6.075597222858736962e-02
6.228495206448009941e-02
6.381084535752415410e-02
6.534134319866682916e-02
6.685029374131143398e-02
6.840287811233575210e-02
7.000874121821148988e-02
7.161204862098309587e-02
7.321451933419817482e-02
7.479754586830567042e-02
7.637958374714826082e-02
7.798851438492847288e-02
7.960885093085383335e-02
8.124943277520306484e-02
8.281758803026220694e-02
8.439707984276643982e-02
8.605852470928376796e-02
8.778985518918559772e-02
8.953382918209093488e-02
9.126454433880075434e-02
9.302061894138545506e-02
9.479695211246214059e-02
9.655160887990407725e-02
9.828711305504161944e-02
1.000946993635184051e-01
