1.999967538565707026e-01
1.999967379526142730e-01
1.981054326711048086e-01
1.972603679611782401e-01
1.964611680203494914e-01
1.956949594430623107e-01
1.950519900521557326e-01
1.944231276572255807e-01
1.940085105697775258e-01
1.936081977323548531e-01
1.933114700005167108e-01
1.930990578727262708e-01
1.929994813836789780e-01
1.929532570443581174e-01
1.929116384035947651e-01
1.929272259098001874e-01
1.929335764771414052e-01
1.929608902461915076e-01
1.930154955609172662e-01
1.930715456136648800e-01
1.931249606916422279e-01
1.932013136633872474e-01
1.933001695023219280e-01
1.933969266755548866e-01
1.934982747446505336e-01
1.935323822312272901e-01
1.935841421245797500e-01
1.935534771668507292e-01
1.934375790749464641e-01
1.932600929966616643e-01
1.930050655342154531e-01
1.927353800532389805e-01
1.924578290764733801e-01
1.922265332762701784e-01
1.920441141364904458e-01
1.919193217123108253e-01
1.918511338940509237e-01
1.918394640331757550e-01
1.918837376046100551e-01
1.919831382644327789e-01
1.921376336532971962e-01
1.923463531132883209e-01
1.926152071669857135e-01
1.929373113853231347e-01
1.933218948064574227e-01
1.937772668184267744e-01
1.942894494879032485e-01
1.948364012313116567e-01
1.954236518034431491e-01
1.960571883850728558e-01
1.967401966720176421e-01
1.974763535778311374e-01
1.982365319651039348e-01
1.990198445246705306e-01
1.998107339881269040e-01
2.005964971028154631e-01
2.013947987562903774e-01
2.022200145433479535e-01
2.030496534864388025e-01
2.039185526996692976e-01
2.048258151004377359e-01
2.057715320769746004e-01
2.067354041151829858e-01
2.077087273015443547e-01
2.086972427770233118e-01
2.097108186010842035e-01
2.107967022988788686e-01
2.119696749184218354e-01
2.132108614167150529e-01
2.144791860594610633e-01
2.158166371903247616e-01
2.172017126943355803e-01
2.185913406503667000e-01
2.199835056951426893e-01
2.214255188168741673e-01
2.229404765417488943e-01
2.244202927532225056e-01
2.259109786123046637e-01
2.274716234790741531e-01
2.290535605095734561e-01
2.306451987794999048e-01
2.322122842132098020e-01
2.339152209696088169e-01
2.356842648378015548e-01
2.375530761879255104e-01
2.393681054328931079e-01
2.412081665131432517e-01
2.430971053933099757e-01
2.450447804224021586e-01
2.471026826486664718e-01
2.491542564775125757e-01
2.511999137022600248e-01
2.532451666488468311e-01
2.552533970804002350e-01
2.572587496968750109e-01
2.591850268731300533e-01
2.609799382486793773e-01
2.626615679140092419e-01
2.638512543599679794e-01
2.645141559078168503e-01
2.643442388395119136e-01
2.637175757191705938e-01
2.630316692500482834e-01
2.623365233629083582e-01
2.616685812375184050e-01
2.610059066052540788e-01
2.603259035072779670e-01
2.596284924616329981e-01
2.589713315316152786e-01
2.582849277388404308e-01
2.576529485867806724e-01
2.570716784952855050e-01
2.564693520213248146e-01
2.558837533515124218e-01
2.553422755147492507e-01
2.548309484627581112e-01
2.543320077573512639e-01
2.538313471326117399e-01
2.533672845502432658e-01
2.529518310510945889e-01
2.525588262777822002e-01
2.521732117088195668e-01
2.518506139591975002e-01
2.515463796304615030e-01
2.512822380372324860e-01
2.510741902991213137e-01
2.508959239140465813e-01
2.507382696446742165e-01
2.506135279416314976e-01
2.505272209275063999e-01
2.504683021067357074e-01
2.504440280902182070e-01
2.504550382742378734e-01
2.505000407200566048e-01
2.505756337563767588e-01
2.506865265627534756e-01
2.508287248341030118e-01
2.509973231510688740e-01
2.511984672575227062e-01
2.514117102502915757e-01
2.516521377930320824e-01
2.518843519960829447e-01
2.521314034222231770e-01
2.524141183121785259e-01
2.527311230838203970e-01
2.530465263849260293e-01
2.533466933488097150e-01
2.536698433171435396e-01
2.523296535263758189e-01
2.509659106661814021e-01
2.495608963539832081e-01
2.481928981151203528e-01
2.468030380969297166e-01
2.454225054300823161e-01
2.439686486683961542e-01
2.424969271206978694e-01
2.410750324115312759e-01
2.396111963325966709e-01
2.381462449174721607e-01
2.366538129655231804e-01
2.351288175360351507e-01
2.335926527988662071e-01
2.321097321207333253e-01
2.305711907257171345e-01
2.290097141475195830e-01
2.274727687594912118e-01
2.259190901982574828e-01
2.244604609619872959e-01
2.228659162228464052e-01
2.215618749620740235e-01
2.201313261139451194e-01
2.187963256134120016e-01
2.173090984638149648e-01
2.160080063821358809e-01
2.146441802663278386e-01
2.136584910783242974e-01
2.123277057034894111e-01
2.111049646776273492e-01
2.100355228048977063e-01
2.094125073479465582e-01
2.089306684294867933e-01
2.084000044791854689e-01
2.081075503259019188e-01
2.078144755871950411e-01
2.076661791024763115e-01
2.075300840126364510e-01
2.072533714284052753e-01
2.070052107371129213e-01
2.069255732693687233e-01
2.070159897442281349e-01
2.070987462592264738e-01
2.071994575388181603e-01
2.074153429571217733e-01
2.078206687793699714e-01
2.082924543812300355e-01
2.087869473233704420e-01
2.092834875460858890e-01
2.097977721222859526e-01
2.102754180873779577e-01
2.107818928014776605e-01
2.113095221346613373e-01
2.118064584248030846e-01
2.122091219489460889e-01
2.124735972634302639e-01
2.126117643739616481e-01
2.125270683342079803e-01
2.123101455851754971e-01
2.119377129302692231e-01
2.115504734356115357e-01
2.111617530978227575e-01
2.108076548993221833e-01
2.104936539249321614e-01
2.102375347053659360e-01
2.100434971761952208e-01
2.099070466479586172e-01
2.098300566893503971e-01
2.098138245152756098e-01
2.098483836279463055e-01
2.099354536731863896e-01
2.100700464957056812e-01
2.102418868043061662e-01
2.104562982860693487e-01
2.106997569059219644e-01
2.109745213592552071e-01
2.112953525100728924e-01
2.116552241464245421e-01
2.120747998321229899e-01
2.125495825075613965e-01
2.131028345040146821e-01
2.136792915975488094e-01
2.142502249677420145e-01
2.148878498502571899e-01
2.155815310437654564e-01
2.162913283658869923e-01
2.170694736754912868e-01
2.178411660475310374e-01
2.185920131267694022e-01
2.193967334440021233e-01
2.202292138463955717e-01
2.211173900979585272e-01
2.220782122670230951e-01
2.231102549611280184e-01
2.242230588060800389e-01
2.254042055860472904e-01
2.267218936481059655e-01
2.281080234503710114e-01
2.295646665980092260e-01
2.310498691309159358e-01
2.325869744268722061e-01
2.341396299677417914e-01
2.357404909263461912e-01
2.374192460886387357e-01
2.391376160183158739e-01
2.408643153944502735e-01
2.426392702735508944e-01
2.444299167497691883e-01
