-2.000016777322240757e-01
-2.000016933987498191e-01
-2.010909265802480195e-01
-2.014498253265885885e-01
-2.018117263371831949e-01
-2.022896224993747383e-01
-2.027301273028359885e-01
-2.032306763177544884e-01
-2.038139324784793982e-01
-2.044044277982390023e-01
-2.050294248992367840e-01
-2.056453243218932525e-01
-2.062208911092177077e-01
-2.067596616507430818e-01
-2.073477764969786363e-01
-2.080720148676756254e-01
-2.088262851662941455e-01
-2.094966305205541168e-01
-2.101508688108710832e-01
-2.107636465398080305e-01
-2.114993869875960442e-01
-2.122682826506257781e-01
-2.131770140788421808e-01
-2.143189311920375151e-01
-2.152283036243446412e-01
-2.160573216111862649e-01
-2.167767425646064117e-01
-2.177754569370333459e-01
-2.187309787181122844e-01
-2.198177653283256427e-01
-2.210647701343621541e-01
-2.222069830064483664e-01
-2.235271772613206809e-01
-2.245441849406790424e-01
-2.252335439275615081e-01
-2.259934800127803567e-01
-2.263544460220714150e-01
-2.266973306810753097e-01
-2.269568159977964628e-01
-2.272045737543281485e-01
-2.274103287528469464e-01
-2.276330073946091215e-01
-2.278947118352871448e-01
-2.282923612656390655e-01
-2.287627742642036055e-01
-2.297476504569795075e-01
-2.310225545967023453e-01
-2.324125562440308712e-01
-2.339065000801643923e-01
-2.353747292192836238e-01
-2.368391609447847157e-01
-2.383075024936395225e-01
-2.397664695896085663e-01
-2.412383489435438455e-01
-2.427017528525563239e-01
-2.441685028032722082e-01
-2.456174823821570541e-01
-2.470763307329809921e-01
-2.485278182679525882e-01
-2.499876598527196458e-01
-2.514186228192837325e-01
-2.528802894463792472e-01
-2.543099922344961294e-01
-2.557324223914011485e-01
-2.571468985067864588e-01
-2.585321165519151032e-01
-2.599187062934161796e-01
-2.612860303386966287e-01
-2.626875341750686266e-01
-2.640905677961842279e-01
-2.654835171696103280e-01
-2.668858633392064417e-01
-2.683003461689331681e-01
-2.696882658741886485e-01
-2.711212153168175432e-01
-2.725467563969573015e-01
-2.739596818751107721e-01
-2.753788852333835524e-01
-2.767909658483231339e-01
-2.781919508069995994e-01
-2.795835602373626938e-01
-2.809649786394896598e-01
-2.823591523586984620e-01
-2.837464792222370025e-01
-2.851723509871174622e-01
-2.866090050724473537e-01
-2.880422085473715588e-01
-2.894841488979545407e-01
-2.909306002297167848e-01
-2.924037114881051780e-01
-2.939007610205561782e-01
-2.954164669142915201e-01
-2.969403611797966080e-01
-2.984355905486782423e-01
-2.999432226303176408e-01
-3.015042380703060743e-01
-3.030361165547232893e-01
-3.045680416005216995e-01
-3.060813011739799139e-01
-3.076575069480826374e-01
-3.092121206933660660e-01
-3.108009481894942194e-01
-3.122831334232491485e-01
-3.138883153046659324e-01
-3.154766613939177788e-01
-3.169302780169626077e-01
-3.184609286938839823e-01
-3.199916827094480554e-01
-3.213191077363939940e-01
-3.227725300667203534e-01
-3.240727464237488920e-01
-3.252246166674173100e-01
-3.265571945611713267e-01
-3.279685308024564705e-01
-3.291307621911939152e-01
-3.307499199532946133e-01
-3.324245649157545057e-01
-3.339778731378354459e-01
-3.356583804750974953e-01
-3.373681470791400905e-01
-3.391110356174958373e-01
-3.407999871375717582e-01
-3.425541367018813954e-01
-3.443077777276583040e-01
-3.460609893837118811e-01
-3.478138457971610142e-01
-3.495664145081720520e-01
-3.513187569321062909e-01
-3.530437229972621660e-01
-3.547562648579863365e-01
-3.564981178326946387e-01
-3.581298012927494057e-01
-3.598443848164434855e-01
-3.615439794263280993e-01
-3.632300538264635614e-01
-3.649566046435318567e-01
-3.666979123085686298e-01
-3.684734103430814534e-01
-3.702532026971281365e-01
-3.720126116056254872e-01
-3.737701716812972808e-01
-3.755064061734740832e-01
-3.772710234650067385e-01
-3.789217641064948627e-01
-3.806934924518775021e-01
-3.824834835473020500e-01
-3.842536764578179387e-01
-3.860338874509966489e-01
-3.878327228178743424e-01
-3.896773660170281262e-01
-3.914964755939870922e-01
-3.933304870592361224e-01
-3.951616479055981568e-01
-3.969852983906283495e-01
-3.988279697060088669e-01
-4.006474119843735360e-01
-4.024693455549924193e-01
-4.042850212553520950e-01
-4.061502025170388719e-01
-4.080105679847962352e-01
-4.098231604513319914e-01
-4.117334099911956757e-01
-4.136582946664341121e-01
-4.155941150245047733e-01
-4.175288072491480373e-01
-4.194644941604424582e-01
-4.213540958835834682e-01
-4.233068907196028685e-01
-4.252750932917029880e-01
-4.272624376591022122e-01
-4.292602210834518539e-01
-4.312363838126625493e-01
-4.332352232392889246e-01
-4.352338233048537175e-01
-4.372255079262208355e-01
-4.392243053654100171e-01
-4.412229770222527714e-01
-4.432215529956737843e-01
-4.452200583613938334e-01
-4.472185140170993334e-01
-4.492169361930222204e-01
-4.512153366238761953e-01
-4.532137235920678520e-01
-4.552121026316897634e-01
-4.572104723478574440e-01
-4.592088298637918009e-01
-4.612071768729469889e-01
-4.632055144137365854e-01
-4.652038522697769518e-01
-4.672021946794759906e-01
-4.692005427703226372e-01
-4.711988974280308939e-01
-4.731972593627061241e-01
-4.751956291506615471e-01
-4.771940072571840274e-01
-4.791923975748073050e-01
-4.811908028240113877e-01
-4.831892164779585941e-01
-4.851876370915355619e-01
-4.871860644172466559e-01
-4.891844986839856690e-01
-4.911829287001365785e-01
-4.931813353518399445e-01
-4.951797125983920522e-01
-4.971780840875075214e-01
-4.991764511139119009e-01
-5.011748151248216487e-01
-5.031731776904809772e-01
-5.051715404738013060e-01
-5.071699140803191952e-01
-5.091683006817500079e-01
-5.111667003323681069e-01
-5.131651067539094724e-01
-5.151635141665248385e-01
-5.171619210230917751e-01
-5.191603258356752848e-01
-5.211587272024351680e-01
-5.231571238320327222e-01
-5.251555145656476853e-01
-5.271538983836199233e-01
-5.291522745340844214e-01
-5.311506358899037439e-01
-5.331489895181027450e-01
-5.351473577404782800e-01
-1.999976043925766611e-01
-1.999975885167304124e-01
-1.983280235128266344e-01
-1.978517217024599040e-01
-1.973855386347345142e-01
-1.968851521747378985e-01
-1.964364381120949354e-01
-1.960059388838138184e-01
-1.955942311975205350e-01
-1.952238209942872282e-01
-1.949028741750884475e-01
-1.946086322499363530e-01
-1.942900095108580638e-01
-1.940128942920841260e-01
-1.937673183270851585e-01
-1.935670188398513070e-01
-1.934093260119001678e-01
-1.932732353736429654e-01
-1.931666145989215100e-01
-1.930805918969349111e-01
-1.930076793093039589e-01
-1.929597444520001481e-01
-1.929299932594249201e-01
-1.929098456041991594e-01
-1.929082785102795849e-01
-1.929218991927613980e-01
-1.929519820613845027e-01
-1.930010655680967913e-01
-1.930665270795242638e-01
-1.931485184025170665e-01
-1.932426621671363143e-01
-1.933686972464975506e-01
-1.934898213838837089e-01
-1.936359067380378773e-01
-1.937991736161240874e-01
-1.939661706265614072e-01
-1.941554775004366573e-01
-1.943512210468162638e-01
-1.945404609962801401e-01
-1.947167070842046044e-01
-1.948955347906378699e-01
-1.950614901360929743e-01
-1.952270871489878157e-01
-1.953601263730563864e-01
-1.954842001838302257e-01
-1.955956957236910376e-01
-1.957081802181989960e-01
-1.958566762621343493e-01
-1.960109707235293819e-01
-1.961589149335371540e-01
-1.963157101221168765e-01
-1.964731893698032361e-01
-1.965693464964949622e-01
-1.966532719504448246e-01
-1.967347073443133088e-01
-1.969103513233272096e-01
-1.970752223188975694e-01
-1.972935958429938574e-01
-1.976067204369135188e-01
-1.979681910277305557e-01
-1.983069972999616237e-01
-1.986837224012917569e-01
-1.991206369942628007e-01
-1.995927556513130974e-01
-2.001228017317591146e-01
-2.006155102477698571e-01
-2.011187562436460852e-01
-2.016828463916310876e-01
-2.022948394321676668e-01
-2.029672453512359753e-01
-2.038107972387639133e-01
-2.047186720346786948e-01
-2.057559430957710267e-01
-2.067080589376796840e-01
-2.077038347080895353e-01
-2.087167737024574754e-01
-2.094262168682798630e-01
-2.103542872086399673e-01
-2.114583136852802026e-01
-2.126236917729992237e-01
-2.136204370866426894e-01
-2.144078085313399495e-01
-2.151300228984828200e-01
-2.158462310851708144e-01
-2.166161897580911599e-01
-2.175114176171010216e-01
-2.184677544414460326e-01
-2.193912402887993884e-01
-2.203188291319559677e-01
-2.212571667062934733e-01
-2.218598911156201003e-01
-2.224051508237797070e-01
-2.229541226147454258e-01
-2.238386845901254307e-01
-2.247794552481838515e-01
-2.251492757797502742e-01
-2.255036106121834916e-01
-2.258454748861177530e-01
-2.262078141566129796e-01
-2.265887540411691270e-01
-2.269899358535837630e-01
-2.274543719396855679e-01
-2.279806370388038628e-01
-2.293057224251012771e-01
-2.307556231619235787e-01
-2.322073909296307748e-01
-2.336606712346767367e-01
-2.351118310525252553e-01
-2.365640069167280479e-01
-2.380172528705675472e-01
-2.394715685177132847e-01
-2.409269086759659451e-01
-2.423831981013067627e-01
-2.438403434877289833e-01
-2.452982428179752983e-01
-2.467567923586861389e-01
-2.482158916557391237e-01
-2.496754467307799596e-01
-2.511353723627630097e-01
-2.525880293362885443e-01
-2.540176942519044578e-01
-2.554550568631770435e-01
-2.568372832443968634e-01
-2.582754063339536277e-01
-2.596864875539062756e-01
-2.609063445547490367e-01
-2.620023673450061485e-01
-2.630747929282736819e-01
-2.639223861309237251e-01
-2.649180582310610710e-01
-2.660717799048464283e-01
-2.669880042822905808e-01
-2.681567990356569786e-01
-2.691721222650231837e-01
-2.699182176720995030e-01
-2.709549426213341827e-01
-2.715299954225435797e-01
-2.729344639301170550e-01
-2.735818048126267277e-01
-2.747427878587364036e-01
-2.756960263100305397e-01
-2.770829224919191258e-01
-2.778206615828346382e-01
-2.789849129330604915e-01
-2.798167243525904735e-01
-2.805575873711907975e-01
-2.813604286035743529e-01
-2.820776597252320217e-01
-2.827523128842638900e-01
-2.834867786166292980e-01
-2.846160617034642071e-01
-2.854390657326715264e-01
-2.868258894545933635e-01
-2.877716479008166073e-01
-2.892588481779959086e-01
-2.904887154757416767e-01
-2.915231734377101702e-01
-2.928379075027690570e-01
-2.941610265027483351e-01
-2.950981247877789149e-01
-2.964065268971294853e-01
-2.976981657684854010e-01
-2.990035043633141876e-01
-3.005676899531883883e-01
-3.021935252112741277e-01
-3.038293211404377026e-01
-3.053938407839361657e-01
-3.063409618386218058e-01
-3.071547223327383280e-01
-3.081752623164963900e-01
-3.090905058506515646e-01
-3.104098745348444210e-01
-3.116237748343424485e-01
-3.126188251199629731e-01
-3.132525075954256666e-01
-3.135312545878706225e-01
-3.143905909684299171e-01
-3.148444726926598047e-01
-3.156740712530076154e-01
-3.172982860517036818e-01
-3.189191786916582005e-01
-3.205762484932009881e-01
-3.222808454291529179e-01
-3.239659966910445332e-01
-3.256721778232404829e-01
-3.273781275292187987e-01
-3.290838817880312739e-01
-3.307894752800334959e-01
-3.324949393850278878e-01
-3.342003016469036747e-01
-3.359055856261516371e-01
-3.376108109748758856e-01
-3.393159968448268837e-01
-3.410211621072290478e-01
-3.427263159136739179e-01
-3.444227556953620151e-01
-3.461288582211194398e-01
-3.478338427779523179e-01
-3.495264257015943676e-01
-3.512229576806138454e-01
-3.528938128402411278e-01
-3.545798295904483144e-01
-3.562659443546459803e-01
-3.579564002494984853e-01
-3.596352073985504272e-01
-3.613060467607541182e-01
-3.630009168798743469e-01
-3.647133105811017351e-01
-3.664476372894025502e-01
-3.681725068178934301e-01
-3.698932297878501085e-01
-3.716351658096515020e-01
-3.733768523940620976e-01
-3.751183197429375227e-01
-3.768595990857894207e-01
-3.786007185934628927e-01
-3.803417039727041704e-01
-3.820728566116647351e-01
-3.838068669834507896e-01
-3.855480797588267672e-01
-2.000004154202274509e-01
-2.000004306527686515e-01
-2.002543889801895738e-01
-2.003296864739967931e-01
-2.004312645838551565e-01
-2.005582698367453232e-01
-2.007186766766987651e-01
-2.008876844181341215e-01
-2.010778718389006625e-01
-2.012858060474215227e-01
-2.015136329015299599e-01
-2.017769040820178439e-01
-2.020672251980600298e-01
-2.023639170696017453e-01
-2.026580112224622976e-01
-2.028978428575211046e-01
-2.031395318054326771e-01
-2.034278894841895224e-01
-2.037545054885389062e-01
-2.041497661473040404e-01
-2.045354698966075635e-01
-2.049504619642554815e-01
-2.054279571502218016e-01
-2.058792861858703971e-01
-2.063444678282899125e-01
-2.068201476879567569e-01
-2.072979723989496481e-01
-2.078525390698184871e-01
-2.084509191823557817e-01
-2.090445259725819127e-01
-2.096233005465180654e-01
-2.102282375381174517e-01
-2.107927248302032541e-01
-2.113953512447576955e-01
-2.120328152097982199e-01
-2.127272549600879581e-01
-2.134431455366313235e-01
-2.142166768604113203e-01
-2.149042909238230159e-01
-2.154897832245637190e-01
-2.160612712513102496e-01
-2.166017576973572334e-01
-2.171921790498175520e-01
-2.178826920424759006e-01
-2.185421609321932523e-01
-2.194567881951710320e-01
-2.201386473517454034e-01
-2.207623158659285934e-01
-2.213632741013391025e-01
-2.220174607166706116e-01
-2.225396710693194890e-01
-2.231274235052168320e-01
-2.237014044219369502e-01
-2.242975830853400909e-01
-2.249044883131489092e-01
-2.253928224972931993e-01
-2.258520313085533582e-01
-2.266164921834121493e-01
-2.270672685268063651e-01
-2.276658179123316750e-01
-2.281625355552560352e-01
-2.286288608771652464e-01
-2.291900583406759895e-01
-2.296428416139758011e-01
-2.301015572121194452e-01
-2.305797931780050880e-01
-2.309938001978248112e-01
-2.314142132289400133e-01
-2.318520118410362374e-01
-2.322707914984384336e-01
-2.326605308002094863e-01
-2.330293370473407455e-01
-2.333805484231541716e-01
-2.337748176246953469e-01
-2.342019632510894400e-01
-2.347737762360359581e-01
-2.355749392602285164e-01
-2.368861315926516498e-01
-2.381820157271041516e-01
-2.395640372370756999e-01
-2.408900810123862646e-01
-2.419345907829335562e-01
-2.430882960532864401e-01
-2.440751751803868497e-01
-2.447384445809090425e-01
-2.454849373190100548e-01
-2.460370229885788240e-01
-2.467877632433405355e-01
-2.474897741636054860e-01
-2.488828108357725444e-01
-2.501666080593183961e-01
-2.515318755238681869e-01
-2.529828324409651441e-01
-2.542242552546240542e-01
-2.557223288102042358e-01
-2.572004318735135464e-01
-2.586435946796359908e-01
-2.601536552339490660e-01
-2.617849079699763326e-01
-2.630644979400854622e-01
-2.643745443388309524e-01
-2.655004874700795936e-01
-2.664147430052536958e-01
-2.672924978628946069e-01
-2.680314056843700610e-01
-2.689829111612561108e-01
-2.696693937212159553e-01
-2.705320432383134799e-01
-2.718817081501052058e-01
-2.734069375951878600e-01
-2.749618872583188822e-01
-2.765171849540684623e-01
-2.780728735037257815e-01
-2.796209845135200212e-01
-2.811784645242131897e-01
-2.827362750338420772e-01
-2.842943732482479668e-01
-2.858527173266516841e-01
-2.874112643455372096e-01
-2.889699755431698880e-01
-2.905288165982918280e-01
-2.920877580393562711e-01
-2.936467752302697742e-01
-2.952058480812009278e-01
-2.967649605949314595e-01
-2.983240909121794848e-01
-2.998832268753069408e-01
-3.014423612050713408e-01
-3.030014980071463193e-01
-3.045606336669359204e-01
-3.061197655428277709e-01
-3.076788920198723076e-01
-3.092380118711486325e-01
-3.107971231035690507e-01
-3.123562229421623648e-01
-3.139153122039836097e-01
-3.154743922568756798e-01
-3.170334720348069735e-01
-3.185925579529211293e-01
-3.201516407087858784e-01
-3.217107179076491574e-01
-3.232697690418377956e-01
-3.248288062961191547e-01
-3.263878305883037845e-01
-3.279468427865719349e-01
-3.295058458727398998e-01
-3.310648466442472904e-01
-3.326238474988456595e-01
-3.341828506127062504e-01
-3.357418529860029532e-01
-3.373008545692369187e-01
-3.388598566127357103e-01
-3.404188595850649035e-01
-3.419778639422351718e-01
-3.435368700954392063e-01
-3.450958784119241285e-01
-3.466548892144796223e-01
-3.482139027797959696e-01
-3.497729194122903285e-01
-3.513319371910131883e-01
-3.528909537944187047e-01
-3.544499706845794518e-01
-3.560089952616007358e-01
-3.575680305827171335e-01
-3.591270774466984173e-01
-3.606861363287108824e-01
-3.622452073646947324e-01
-3.638042903436582431e-01
-3.653633847074047591e-01
-3.669224895570388223e-01
-3.684816017458801829e-01
-3.700407144449580632e-01
-3.715998253644205995e-01
-3.731589328829387209e-01
-3.747180386686524423e-01
-3.762771447978425221e-01
-3.778362504192805393e-01
-3.793953550314580481e-01
-3.999989522325320124e-01
-3.999989368548012569e-01
-3.993036571970164927e-01
-3.989785612597819831e-01
-3.986997546774288526e-01
-3.984451182653440116e-01
-3.982680913259351585e-01
-3.981541903820074446e-01
-3.980943815499783378e-01
-3.980788713867550177e-01
-3.981055926794022648e-01
-3.981727073969326125e-01
-3.982855195035135409e-01
-3.984438370598628043e-01
-3.986554702139192830e-01
-3.989039318053555494e-01
-3.991819235992005166e-01
-3.994835649658326493e-01
-3.998108420834031174e-01
-4.001673623828774229e-01
-4.005210261883889178e-01
-4.008820166402349838e-01
-4.012790946306392104e-01
-4.016751335033243997e-01
-4.020818291430130476e-01
-4.024916503548492952e-01
-4.029236522408974341e-01
-4.033676788832737392e-01
-4.038377541421230288e-01
-4.043221920303968209e-01
-4.048143971993694024e-01
-4.053002855572592766e-01
-4.057418870076356376e-01
-4.062056930641091967e-01
-4.066580007829765919e-01
-4.071067689461739803e-01
-4.075550256548620687e-01
-4.079770751167413056e-01
-4.084461701560585523e-01
-4.089029344309682568e-01
-4.093586771043328243e-01
-4.097851444750042482e-01
-4.102159938311826237e-01
-4.106561756139701092e-01
-4.110711133417189744e-01
-4.114999159282360375e-01
-4.118986735894889506e-01
-4.122962521148837434e-01
-4.126537237667704527e-01
-4.130260754568835790e-01
-4.134115778204261460e-01
-4.137945763704560798e-01
-4.141705823992004043e-01
-4.145963857617429582e-01
-4.149979305174011368e-01
-4.153911995496999410e-01
-4.157905367910556538e-01
-4.161977131712822353e-01
-4.166213842750935425e-01
-4.170195056671442413e-01
-4.174358756068438092e-01
-4.178816101898096824e-01
-4.183012599179894431e-01
-4.186643853258274484e-01
-4.189877253438316629e-01
-4.192878111584822931e-01
-4.196279063731380710e-01
-4.200523489336493443e-01
-4.204747477569074632e-01
-4.208944690389370691e-01
-4.213562312601213389e-01
-4.219009229814473239e-01
-4.223994626448005496e-01
-4.228414289903787426e-01
-4.232222892650186474e-01
-4.235964728711719141e-01
-4.239804758553280539e-01
-4.244270498712632844e-01
-4.250437274864761750e-01
-4.256526633554025274e-01
-4.262536177297419626e-01
-4.268486184096386138e-01
-4.275181354712888626e-01
-4.282271105419791501e-01
-4.289595175944165284e-01
-4.298381845542783575e-01
-4.306346392252036748e-01
-4.313470710639633610e-01
-4.320253658287891430e-01
-4.327090368612793170e-01
-4.333379011721515406e-01
-4.338593487838645624e-01
-4.344542532204541674e-01
-4.349509537772650036e-01
-4.353986674134884827e-01
-4.358769963867389352e-01
-4.363968505522106689e-01
-4.368497020913609807e-01
-4.372725160591648952e-01
-4.377144325297375738e-01
-4.381306280331439540e-01
-4.385730048513193924e-01
-4.389458795121093937e-01
-4.393441660541074212e-01
-4.398197463762688608e-01
-4.401835662521315085e-01
-4.405896385075003807e-01
-4.411104344279259681e-01
-4.415966016993978505e-01
-4.420526114548848917e-01
-4.425344581623592566e-01
-4.428967746368986380e-01
-4.432227992994373089e-01
-4.435178067128139334e-01
-4.437696476092928277e-01
-4.440731546481088143e-01
-4.444297500919859312e-01
-4.447213481578211058e-01
-4.449861787007456382e-01
-4.451789452167608796e-01
-4.453931652859785539e-01
-4.456325903609653083e-01
-4.458712640837124708e-01
-4.461648494834229428e-01
-4.463819933493087810e-01
-4.466820692216559308e-01
-4.470335578953667510e-01
-4.473168182700917872e-01
-4.475717899381715936e-01
-4.478229511702270793e-01
-4.480857343131747217e-01
-4.483449566157407529e-01
-4.486631084543576398e-01
-4.488704350341743976e-01
-4.491468625573686868e-01
-4.493394892353342329e-01
-4.497116426485823215e-01
-4.498881647497910974e-01
-4.502835881238634319e-01
-4.505757142932937387e-01
-4.508013530508877542e-01
-4.509469399787314758e-01
-4.510961353190867662e-01
-4.512772404862168685e-01
-4.514611527074969821e-01
-4.517320356292090500e-01
-4.519681522848451594e-01
-4.520692049754960751e-01
-4.522086838874564418e-01
-4.522291624785426678e-01
-4.522228785919246707e-01
-4.521930919236835100e-01
-4.521697386128061824e-01
-4.521935929417353339e-01
-4.522630589458891404e-01
-4.524021140248297157e-01
-4.525024471428888972e-01
-4.525645382037302156e-01
-4.525043715209384199e-01
-4.523351510267807907e-01
-4.521984365581593335e-01
-4.519969732160594167e-01
-4.518760405340641051e-01
-4.517340989245381411e-01
-4.517552990211557429e-01
-4.516429558737106165e-01
-4.514013518857734053e-01
-4.510966462779498753e-01
-4.506553849326874750e-01
-4.503191279271994141e-01
-4.501070393613609277e-01
-4.498872076904681938e-01
-4.499492880256454330e-01
-4.500334689891952178e-01
-4.499452641171226563e-01
-4.502223117576171774e-01
-4.502904220737146135e-01
-4.503429511594750356e-01
-4.504637437903450392e-01
-4.504954678497172793e-01
-4.505316034547224291e-01
-4.505280289067317145e-01
-4.507540687243958288e-01
-4.508915876758868846e-01
-4.510409363829737117e-01
-4.512758765455387455e-01
-4.513624087999757450e-01
-4.513893873253910227e-01
-4.512995753426368717e-01
-4.512380987217236572e-01
-4.511081604863266814e-01
-4.510383335793330395e-01
-4.511272239178271692e-01
-4.511452745606792103e-01
-4.512124177822621762e-01
-4.512019368614729187e-01
-4.512404379087691653e-01
-4.514129290342085987e-01
-4.515337288989302866e-01
-4.518215053214861276e-01
-4.520810050475663755e-01
-4.522133206527457761e-01
-4.525745355522576840e-01
-4.528701538659547499e-01
-4.533808330072671144e-01
-4.537455236128140612e-01
-4.541470568439903710e-01
-4.543959546714920195e-01
-4.548222224956177673e-01
-4.550813129663385248e-01
-4.556935356704330808e-01
-4.560468877602495974e-01
-4.561487163848998994e-01
-4.562334554944376674e-01
-4.563854561891375061e-01
-4.564885344914426102e-01
-4.568516169914704772e-01
-4.571617397325375975e-01
-4.574378751874202953e-01
-4.577036210982237674e-01
-4.578496576398661255e-01
-4.578589358023192335e-01
-4.579843820894655138e-01
-4.580763554989845110e-01
-4.581457476139131901e-01
-4.585821164490447299e-01
-4.590003659415771153e-01
-4.593965436316087003e-01
-4.598309416278267836e-01
-4.603256450607410843e-01
-4.608768223143470122e-01
-4.614918348675323134e-01
-4.620643259978190476e-01
-4.629390252778045611e-01
-4.638422356033007898e-01
-4.647864071226536220e-01
-4.656201554020308331e-01
-4.662732220781348191e-01
-4.667745757021211084e-01
-4.672892528843545779e-01
-4.677939183150965907e-01
-4.683241745901091102e-01
-4.690644344911941155e-01
-4.694541436312701932e-01
-4.698898728074158426e-01
-4.702766753425920987e-01
-4.706737673660089660e-01
-4.711927724550170615e-01
-4.717392375105625146e-01
-4.727250880126665500e-01
-4.739271656831705037e-01
-4.749894448856632478e-01
-4.759958644687943274e-01
-4.766608680830539679e-01
-4.774322837088576521e-01
-4.782602071525352549e-01
-4.792871208644758352e-01
-4.804988336004124005e-01
-4.815590280556312219e-01
-4.827683866858921702e-01
-4.836289768845972170e-01
-4.843454826802018331e-01
-4.851467538598362439e-01
-4.858788692614680049e-01
1.999999017729250927e-01
1.999998949132328341e-01
1.999588210268237742e-01
1.999732903181916654e-01
2.000498090945791452e-01
2.001847560983134600e-01
2.003936846905110536e-01
2.006351975151793587e-01
2.009540629105927290e-01
2.013755161185470377e-01
2.018578340868122378e-01
2.023891168451085465e-01
2.029951085856693260e-01
2.036064781309027960e-01
2.042626818236419617e-01
2.049503897831900512e-01
2.056649567236776277e-01
2.064057804624264136e-01
2.071839881791394389e-01
2.080008283101873745e-01
2.088319926403141846e-01
2.096729653266055093e-01
2.105383590590763077e-01
2.114226855416405371e-01
2.123349270590720594e-01
2.132621543731720581e-01
2.141883664081437322e-01
2.151246233601638580e-01
2.160798016168619662e-01
2.170418356098479384e-01
2.180422084504825830e-01
2.190334852588886883e-01
2.200755898289280810e-01
2.211110643484533733e-01
2.221605234988987265e-01
2.232195610390471929e-01
2.243343998932112171e-01
2.254128443651556846e-01
2.265147152919925744e-01
2.276816095518546801e-01
2.288795171772788628e-01
2.301111477780810044e-01
2.313702397482673423e-01
2.326464729707322932e-01
2.339260306289444036e-01
2.352128255767802767e-01
2.365679400279131483e-01
2.379064632710111149e-01
2.392782972509346906e-01
2.406007987275333715e-01
2.419627745328395974e-01
2.433539700098594771e-01
2.447412187580113030e-01
2.461416865226002948e-01
2.475579311336851274e-01
2.489922050880375437e-01
2.504357950330202698e-01
2.518679039813935816e-01
2.532487994809811682e-01
2.546656058757236774e-01
2.561224229877284153e-01
2.575349141988241275e-01
2.589970655531180221e-01
2.604434592383265690e-01
2.619134689745389877e-01
2.634531885699485931e-01
2.650241569901471972e-01
2.666215207340805748e-01
2.682175374346738028e-01
2.698538370649433693e-01
2.715260630291395083e-01
2.731847482606059585e-01
2.748973643548189849e-01
2.766846786813305092e-01
2.784390076710760442e-01
2.802302603102012624e-01
2.820643581614286632e-01
2.838822665643843113e-01
2.857266910401908278e-01
2.876286715525596116e-01
2.895687710935396231e-01
2.915046177376237613e-01
2.934571788126603131e-01
2.954328559589985415e-01
2.974436023144521601e-01
2.994001901866527038e-01
3.013627116761944946e-01
3.033507448631050374e-01
3.053201812122621761e-01
3.073009067265182748e-01
3.092811670156581094e-01
3.112341263940553437e-01
3.131858681748866391e-01
3.151544692820164584e-01
3.171211281998607689e-01
3.190648158142138646e-01
3.210221118151169173e-01
3.229737629134539212e-01
3.249810633598225751e-01
3.269953092179095355e-01
3.290527613475429658e-01
3.311668946157270699e-01
3.332627383456984727e-01
3.353805497753643006e-01
3.375073171153123996e-01
3.396715403507648556e-01
3.418768590065233148e-01
3.440295981823442983e-01
3.462105033422142597e-01
3.484372275388133988e-01
3.506510810797823785e-01
3.528995141240909295e-01
3.551769321549307357e-01
3.574873648656460845e-01
3.597847658727691966e-01
3.620979150238911037e-01
3.643739175469816183e-01
3.666630948204041007e-01
3.689727845728113520e-01
3.712111970916214809e-01
3.734224011823807921e-01
3.756427721097174710e-01
3.778563898719607406e-01
3.800424855038887495e-01
3.822649550666606943e-01
3.844898627571466387e-01
3.867153390744036967e-01
3.889476179820006707e-01
3.911604529880576275e-01
3.933391353704848159e-01
3.955454868833047644e-01
3.977871417023590705e-01
4.000061526666632283e-01
4.022300816064311446e-01
4.044656046361775337e-01
4.067023441173773790e-01
4.089589692259847920e-01
4.112361066805425014e-01
4.135245122462145040e-01
4.158284289433142322e-01
4.181205279602986380e-01
4.204267584168964178e-01
4.227506633488543608e-01
4.250585249110254149e-01
4.273721926969853424e-01
4.296991088666814451e-01
4.320362029282444061e-01
4.343551577777904349e-01
-3.997737924282494526e-01
-3.975616859498034006e-01
-4.000010050085979207e-01
-4.000010203712091039e-01
-4.005835537122554024e-01
-4.010426883152425903e-01
-4.016045074927031000e-01
-4.017642912345519290e-01
-4.019799840907619104e-01
-4.021771630512550044e-01
-4.025573963463375260e-01
-4.027725090970126209e-01
-4.029459327213506525e-01
-4.030391616390671672e-01
-4.032900034234337405e-01
-4.035834673798122108e-01
-4.038031143283314361e-01
-4.039212385508549330e-01
-4.043322293741672402e-01
-4.047384055361467614e-01
-4.049903095029487865e-01
-4.052092069764517968e-01
-4.055947686339642089e-01
-4.058099204128390314e-01
-4.062485358252310719e-01
-4.068108135383324275e-01
-4.072721579852895402e-01
-4.077419525082743301e-01
-4.082994611756082248e-01
-4.086285073393796652e-01
-4.090793775124926257e-01
-4.095637269108357570e-01
-4.100996707931350294e-01
-4.105432003973352173e-01
-4.109964277823182632e-01
-4.115216864709209110e-01
-4.118778411494877223e-01
-4.123400266083938059e-01
-4.128575888717053166e-01
-4.133594329614782015e-01
-4.137204066581439132e-01
-4.141631194083284506e-01
-4.146436836616778643e-01
-4.149888164909872335e-01
-4.154481343014910788e-01
-4.159455096083777281e-01
-4.163945753861405530e-01
-4.168970678273786756e-01
-4.173788738170026158e-01
-4.177519555562143050e-01
-4.182459069156126419e-01
-4.187368666408185502e-01
-4.192285467204353577e-01
-4.197209646268845740e-01
-4.201902193090016890e-01
-4.206744239233674021e-01
-4.211541311707843738e-01
-4.216282743928353449e-01
-4.221030640408687806e-01
-4.225402453530189839e-01
-4.230105874794357068e-01
-4.234811837299746196e-01
-4.239492887157725876e-01
-4.244188489178297718e-01
-4.248885899589340820e-01
-4.253584823862945341e-01
-4.258284976632031316e-01
-4.262986095647203211e-01
-4.267687949478540244e-01
-4.272390336418551704e-01
-4.277093103670001062e-01
-4.281796116378996375e-01
-4.286499276168798112e-01
-4.291202511717437384e-01
-4.295905775067758170e-01
-4.300609037940480994e-01
-4.305312288236433638e-01
-4.310015517976055754e-01
-4.314718728069859011e-01
-4.319421923247695472e-01
-4.324125105729260121e-01
-4.328828280255522243e-01
-4.333531453032719027e-01
-4.338234630906560585e-01
4.000009103240621533e-01
4.000009256536933289e-01
4.005861916905950615e-01
4.007921240944631869e-01
4.009693099192736532e-01
4.011135880140053178e-01
4.012193240128176797e-01
4.012892304928630804e-01
4.013215258269920982e-01
4.013174100147196555e-01
4.012834373308542535e-01
4.012173657922352144e-01
4.011203540515688171e-01
4.009832640365680878e-01
4.008388356327914903e-01
4.006713106490977783e-01
4.004870272346397475e-01
4.002796249348289370e-01
4.000406340877751266e-01
3.997771352744912687e-01
3.994543110702300504e-01
3.990685496583411540e-01
3.986522485269907157e-01
3.982109849914348687e-01
3.977704574071037058e-01
3.973134084374085329e-01
3.968384095184520066e-01
3.963139633711255660e-01
3.957658915159349977e-01
3.951964689117301033e-01
3.945719795035462774e-01
3.939202882176377485e-01
3.933018022008737957e-01
3.926967223182698530e-01
3.921787305889432029e-01
3.916016497802386476e-01
3.910241527901542891e-01
3.902656444901393962e-01
3.894506776999977493e-01
3.885455486445926754e-01
3.876219109374613447e-01
3.867549125188515236e-01
3.858847943984044515e-01
3.850325346485496403e-01
3.841298947900429472e-01
3.831626074978730090e-01
3.822118115070183841e-01
3.811393960810563475e-01
3.800884265859205136e-01
3.790470831838431698e-01
3.779902159234480585e-01
3.769908359073979587e-01
3.760608027541891274e-01
3.751973162914566950e-01
3.743603185378530096e-01
3.735950882112684668e-01
3.727881402502771224e-01
3.719887746907138970e-01
3.712002750196812251e-01
3.704672207372098347e-01
3.697300102557670720e-01
3.690010942579741715e-01
3.683070715043045840e-01
3.675637138877865251e-01
3.668624191100218757e-01
3.662040971345394968e-01
3.654675608536975262e-01
3.647229622021067597e-01
3.639913831538302280e-01
3.632779197574593777e-01
3.626153614728964136e-01
3.620113649585726678e-01
3.614072608982833446e-01
3.608519126256444776e-01
3.602604091366681249e-01
3.596465418233557032e-01
3.590987970240129279e-01
3.585147656405563987e-01
3.579624109734435566e-01
3.574623649185706409e-01
3.570259319446357216e-01
3.566394170538130237e-01
3.563226542526523599e-01
3.560454387115657426e-01
3.558288276249742532e-01
3.556807979932154473e-01
3.555869772965977171e-01
3.555426342078910618e-01
3.555533008938985273e-01
3.556072347413802293e-01
3.556922293638468680e-01
3.557834278839664410e-01
3.558847645954076322e-01
3.560147694808122876e-01
3.561147533121915010e-01
3.562488140794819458e-01
3.564184631106199208e-01
3.566388877927891832e-01
3.569361777477488284e-01
3.572939274576035218e-01
3.579579814620735267e-01
3.587521905064107175e-01
3.595423346500146167e-01
3.603291518864320531e-01
3.611133225277086134e-01
3.618992892961436225e-01
3.626847778918671494e-01
3.634689235382225214e-01
3.642520067274312434e-01
3.650342629190155286e-01
3.658158861206991519e-01
3.665970290000807319e-01
3.673242528929727690e-01
3.680930824103295640e-01
3.688945572391360006e-01
3.696959807170686618e-01
3.704983108251755919e-01
3.710977450736765437e-01
3.719155500067412579e-01
3.726466689914052499e-01
3.735510102300901303e-01
3.744542088708610605e-01
3.753563381412492461e-01
3.762574952217228041e-01
3.771578043204627528e-01
3.780573888867875265e-01
3.789563705044116659e-01
3.798415513452198522e-01
3.807131806822328657e-01
3.815371704555783339e-01
3.824671898545455861e-01
3.833966825490350283e-01
3.843257074327853240e-01
3.852294419283213145e-01
3.861513379376858568e-01
3.870730035554800219e-01
3.878928303920588516e-01
3.887019201889215791e-01
3.893668205728285647e-01
3.902890570678997362e-01
3.912296532969287699e-01
3.921700805762931563e-01
3.929686663071152442e-01
3.939206141780731141e-01
3.948723239354255954e-01
-3.999999652692041163e-01
-3.999999628135451624e-01
-3.999779579568965571e-01
-3.999599804015137594e-01
-3.999592607183391491e-01
-3.999583974983574319e-01
-3.999637101125189664e-01
-3.999697860420628470e-01
-4.000013119551558693e-01
-4.000421433364587109e-01
-4.000977498253027176e-01
-4.001684467090755315e-01
-4.002561046615181195e-01
-4.003677082812236998e-01
-4.004828954067608526e-01
-4.006020478739281687e-01
-4.007039029090707083e-01
-4.008297811325253757e-01
-4.009834982974215256e-01
-4.010980810563029575e-01
-4.012309229303115954e-01
-4.013808911020759762e-01
-4.014937562296032603e-01
-4.016182927543582859e-01
-4.018490474854619632e-01
-4.020788731055426335e-01
-4.022159756119233487e-01
-4.024000454801163751e-01
-4.026488530201408067e-01
-4.029192235604869277e-01
-4.031772427974910089e-01
-4.034567049085261425e-01
-4.037263731233790010e-01
-4.040015310828718453e-01
-4.042357727291398528e-01
-4.045453943597570601e-01
-4.048041240575601107e-01
-4.051127529229575086e-01
-4.054452162192332954e-01
-4.057208281114330073e-01
-4.060662668093356076e-01
-4.064110542871205434e-01
-4.067552538287312891e-01
-4.070974856326121105e-01
-4.074338076546801801e-01
-4.077835960358766609e-01
-4.081330289468595440e-01
-4.084821619618265731e-01
-4.088310507175001440e-01
-4.091797416319473135e-01
-4.095282757512515026e-01
-4.098766874503594893e-01
-4.102250051026652966e-01
-4.105732516269768317e-01
-4.109214451707595694e-01
-4.112695998434332534e-01
-4.116177264400838198e-01
-4.119658331167120879e-01
-4.123139259939307966e-01
-4.126620096777097735e-01
-4.130100876941137922e-01
-4.133581628407189679e-01
-4.137062374616564120e-01
-4.140543135372483641e-01
-4.144023921592241977e-01
-4.147504743354474277e-01
-4.150985610677357940e-01
-4.154466524327594112e-01
-4.157947483693442692e-01
-4.161428488093964484e-01
-4.164909536987967953e-01
-4.168390634650078752e-01
-3.999995177387843937e-01
-3.996829252475395666e-01
-3.995522780460598611e-01
-3.994709370870211385e-01
-3.994361783076434413e-01
-3.994456506623858538e-01
-3.995004102844333937e-01
-3.996115588524273288e-01
-3.997715618799466131e-01
1.999987616847988259e-01
1.990558639832411547e-01
1.982808750666619768e-01
1.974426745097237479e-01
1.965895997581608989e-01
1.956897935346740836e-01
1.948273134507115534e-01
1.939511079895270274e-01
1.931015392705658362e-01
1.922940538848119663e-01
1.914535587926007587e-01
1.905863522024683065e-01
1.896474017142974755e-01
1.886916224641052853e-01
1.877503842816745649e-01
1.867615268161699205e-01
1.857743283321182381e-01
1.848284363859513668e-01
1.838667882924289176e-01
1.828284783006625669e-01
1.817103261040457773e-01
1.803341909306608037e-01
1.791954699303330290e-01
1.780183963990854268e-01
1.765900110372621845e-01
1.752134551743846358e-01
1.736413854033607707e-01
1.721808134691739656e-01
1.705200082227365521e-01
1.689480269138056434e-01
1.675521885583485526e-01
1.661231351858543925e-01
1.647532383937395373e-01
1.633295118887374553e-01
1.618833034762992007e-01
1.604309077594231747e-01
1.583431810780935589e-01
1.562587876644259133e-01
1.539280035025709925e-01
1.519281183032174520e-01
1.498680353510347674e-01
1.475739185986177648e-01
1.451732851709010841e-01
1.427947528523168530e-01
1.404626232770146976e-01
1.383981522593671076e-01
1.364699349038527854e-01
1.340541519812413485e-01
1.317801252576959736e-01
1.296012748811212478e-01
1.275830012134245295e-01
1.253702190644220560e-01
1.229728539381586966e-01
1.207378400050636430e-01
1.185230587493669857e-01
1.162331547703510798e-01
1.140220109887007255e-01
1.117990031258121603e-01
1.095901971435099681e-01
1.074668799430265054e-01
1.055094363078181025e-01
1.034620576975241735e-01
1.012802566929328074e-01
9.926308004997065615e-02
9.718917919599781574e-02
9.502135047495084696e-02
9.321746629919537563e-02
9.133088324681931658e-02
8.947356143880857982e-02
8.769796822317396656e-02
8.590222060077494504e-02
8.417047630377365308e-02
8.267724016074851079e-02
8.109218182242962369e-02
7.969509586181905414e-02
7.828562927325843912e-02
7.693497105135188585e-02
7.572827429123715759e-02
7.444629347489074844e-02
7.334291275414267508e-02
7.219396457989395166e-02
7.106460873822262325e-02
7.001628309486523927e-02
6.898411188109250525e-02
6.803083085180132439e-02
6.709025868704816820e-02
6.626515839987021095e-02
6.547725550833097263e-02
6.474609681760279400e-02
6.408911789351527666e-02
6.350621494405227219e-02
6.293784017233471084e-02
6.242873111246575318e-02
6.197015881822501987e-02
6.156220778054730114e-02
6.119254558953345774e-02
6.090037983515062675e-02
6.066251841579767268e-02
6.047127882822937034e-02
6.032915855830332796e-02
6.023492067052928223e-02
6.018626286096599720e-02
6.018457341732621341e-02
6.022811451814660128e-02
6.031639746869640883e-02
6.045075910500909838e-02
6.063074829124662224e-02
6.085995212217128192e-02
6.113685321590828919e-02
6.144896189327295200e-02
6.181085473987840695e-02
6.219258585264881428e-02
6.261017968897200636e-02
6.309259434173913883e-02
6.358352602741121351e-02
6.413098947050881182e-02
6.470569961262989667e-02
6.529581735090292383e-02
6.589471153352009780e-02
6.649335121865625198e-02
6.713069049715511549e-02
6.781810597727522261e-02
6.848843918387681473e-02
6.922252774072991388e-02
7.002652036025557025e-02
7.082949973426959367e-02
7.163997394320266443e-02
7.254903570280986369e-02
7.343993474474837246e-02
7.446345879144869451e-02
7.554633220423434548e-02
7.676150266421771784e-02
7.788538528437123631e-02
7.925750881021531580e-02
8.091240571865583597e-02
8.261955092529520150e-02
8.446122818491993978e-02
8.631117277155789247e-02
8.822003471200649816e-02
9.011818513072966663e-02
9.200569193287708170e-02
9.391214121993024522e-02
9.588514202286137211e-02
9.791650263318117664e-02
9.998829381762197599e-02
1.020682918374963971e-01
1.041393030575145512e-01
1.062488882565043730e-01
1.083694023423479591e-01
1.105057649589447494e-01
1.126787971979875680e-01
1.148877683801440702e-01
1.172365965491490997e-01
1.196592922925306529e-01
1.222080606288327431e-01
1.247568961649075520e-01
1.273058361697831098e-01
1.298538938557848299e-01
1.323288561846355516e-01
1.347803367363064608e-01
1.371511744121282073e-01
1.395762964702788045e-01
1.419502386747642508e-01
1.444248393772180616e-01
1.469423952861547145e-01
1.492319888915118464e-01
1.515754076893489621e-01
1.538497890204234830e-01
1.562832942537555336e-01
1.586570719786291328e-01
1.610615898811499358e-01
1.635814767738286435e-01
1.660867476154346822e-01
1.686022589824351381e-01
1.710596954244368861e-01
1.734783003780366595e-01
1.758326552680738453e-01
1.781429015599498011e-01
1.805690130478548316e-01
1.829472629180272925e-01
1.853025888956598977e-01
1.876616441906528709e-01
1.898958805938519567e-01
1.922973517023876810e-01
1.946428115435095973e-01
1.969683837750014765e-01
1.992680498378598675e-01
2.016472890169368481e-01
2.040793125808021691e-01
2.065559200410120033e-01
2.090418045597904617e-01
2.115231245898125945e-01
2.139645853990230495e-01
2.163817963829639257e-01
2.187872331141029747e-01
2.211877627916324640e-01
