2.791846599488511694e-06
2.807838469749546370e-06
1.838881390769164315e-03
2.417141062036741016e-03
2.940301269775168983e-03
3.567086159858560111e-03
4.087383839503161420e-03
4.625968038235617197e-03
5.198777632592978780e-03
5.725552334537734392e-03
6.233354019740768893e-03
6.687070620540458248e-03
7.069866163214555757e-03
7.393588979722105076e-03
7.714831610385691762e-03
8.075025832655085070e-03
8.409282880443231037e-03
8.673414896977607591e-03
8.897280572376124394e-03
9.075787346267070663e-03
9.257531695761550203e-03
9.411359835230934112e-03
9.552898022942936385e-03
9.680813337870845803e-03
9.736833766396672113e-03
9.748903047564851099e-03
9.724918714138837406e-03
9.653521786653723041e-03
9.540520778891321482e-03
9.360763868925753642e-03
9.098152085541799314e-03
8.800152859050698953e-03
8.394991232962341343e-03
8.029823528888731590e-03
7.739948758060148475e-03
7.384176449503099780e-03
7.183887663624887593e-03
6.975138770458781494e-03
6.798340483133796797e-03
6.614624071653330342e-03
6.446560207075147444e-03
6.251093347277091733e-03
6.004199699684018184e-03
5.603037912149569366e-03
5.087047474130065861e-03
3.929017356625109578e-03
2.317927062100891278e-03
4.995328346191976613e-04
-1.487532824120118028e-03
-3.445194884599538532e-03
-5.408884563003066130e-03
-7.390391849677841601e-03
-9.368309925523470374e-03
-1.138001675620005024e-02
-1.338607237081688821e-02
-1.540747986119164227e-02
-1.740866996696048899e-02
-1.943807581421724134e-02
-2.146380084649986489e-02
-2.351303230916548803e-02
-2.552618772123528210e-02
-2.759929719651346008e-02
-2.962796810350775897e-02
-3.165852415108207085e-02
-3.369045530584607179e-02
-3.569590700696680802e-02
-3.772292298756499407e-02
-3.973816437050522316e-02
-4.182417553230211027e-02
-4.391952166942640623e-02
-4.600516842914374738e-02
-4.809682379292699178e-02
-5.019945849482616157e-02
-5.226622884068466562e-02
-5.438679280303557878e-02
-5.649600308384721686e-02
-5.858372143490890582e-02
-6.067372906701555546e-02
-6.274740957771886285e-02
-6.479619769496304527e-02
-6.681838607964427079e-02
-6.880876704060806537e-02
-7.079552198591257395e-02
-7.275186078865396311e-02
-7.473722585322130352e-02
-7.671998004667569815e-02
-7.868134917567964903e-02
-8.063526314456766209e-02
-8.257603105060511151e-02
-8.453217684339181526e-02
-8.650415242686743111e-02
-8.848907286379260884e-02
-9.047637314108017415e-02
-9.241906949541696392e-02
-9.436260583245818789e-02
-9.636051166201553553e-02
-9.831869015172878257e-02
-1.002667952576602878e-01
-1.021800003196371154e-01
-1.041549110131452516e-01
-1.060987300137805067e-01
-1.080754030152973055e-01
-1.099168163150995164e-01
-1.118901003805964078e-01
-1.138412541164827013e-01
-1.156215724162375919e-01
-1.174766761270966825e-01
-1.193100142392307661e-01
-1.208809997791450153e-01
-1.225854399100306941e-01
-1.240922273192730241e-01
-1.254115302632208828e-01
-1.269213941000137680e-01
-1.285049775785842285e-01
-1.297945775779030808e-01
-1.315792660469154440e-01
-1.334106181219876508e-01
-1.350993626701106620e-01
-1.369127585421935911e-01
-1.387469773960460506e-01
-1.406108388988926150e-01
-1.424167030713861248e-01
-1.442810554312656535e-01
-1.461459123739687338e-01
-1.480111958594302612e-01
-1.498768369981246240e-01
-1.517427707709245732e-01
-1.536089391329907294e-01
-1.554465423725847617e-01
-1.572655708548920950e-01
-1.591070994478998024e-01
-1.608291785876133362e-01
-1.626132148886511863e-01
-1.643704419042273102e-01
-1.660987925577249447e-01
-1.678495003187341628e-01
-1.696021883439047251e-01
-1.713779777741759602e-01
-1.731523341162347907e-01
-1.749009194965030212e-01
-1.766380174875476494e-01
-1.783433623791527978e-01
-1.800609043602371673e-01
-1.816563523084314957e-01
-1.833476627045466933e-01
-1.850428576080389853e-01
-1.867081525969325473e-01
-1.883674690652292760e-01
-1.900291715032234596e-01
-1.917199511543141999e-01
-1.933811096712775290e-01
-1.950446418065180376e-01
-1.966960075515171713e-01
-1.983297976264352669e-01
-1.999675869909894599e-01
-2.015740354890690200e-01
-2.031673398778515993e-01
-2.047391477561928130e-01
-2.063351732223570323e-01
-2.079151928626283008e-01
-2.094414037713088483e-01
-2.110275955990945085e-01
-2.126176602492017287e-01
-2.142101909017006811e-01
-2.157963946680642453e-01
-2.173773458381055568e-01
-2.189143418297305466e-01
-2.204884079057272128e-01
-2.220694313817997978e-01
-2.236624768527137874e-01
-2.252630679109271783e-01
-2.268470844593788172e-01
-2.284464074940709688e-01
-2.300460650078599567e-01
-2.316406928033790669e-01
-2.332401618923591047e-01
-2.348398069836573343e-01
-2.364395868977233750e-01
-2.380394683712994397e-01
-2.396394392124864825e-01
-2.412394713035355964e-01
-2.428395344960945501e-01
-2.444396121551786483e-01
-2.460396932687443083e-01
-2.476397700784048195e-01
-2.492398371937091517e-01
-2.508398918062519356e-01
-2.524399324643962217e-01
-2.540399595099346319e-01
-2.556399738917126130e-01
-2.572399770929379437e-01
-2.588399709970083395e-01
-2.604399577521596676e-01
-2.620399396681501458e-01
-2.636399191375515261e-01
-2.652398984875766752e-01
-2.668398810313178937e-01
-2.684398644424940139e-01
-2.700398482061244221e-01
-2.716398340377200737e-01
-2.732398256258963820e-01
-2.748398203131864337e-01
-2.764398043702744889e-01
-2.780397747006661535e-01
-2.796397483947947737e-01
-2.812397269872736194e-01
-2.828397118165286717e-01
-2.844397040094601703e-01
-2.860397044681491918e-01
-2.876397136040810265e-01
-2.892397382398668726e-01
-2.908397741790191837e-01
-2.924398186499855834e-01
-2.940398705525064105e-01
-2.956399286913609648e-01
-2.972399917204304187e-01
-2.988400581536116429e-01
-3.004401263800068334e-01
-3.020401946829621709e-01
-3.036402612456429728e-01
-3.052403242960874952e-01
-3.068403815408179969e-01
-3.084404365186953489e-01
-3.100404898401350473e-01
-1.999977799729575068e-01
-1.999977641115231186e-01
-1.984524465784246183e-01
-1.979991852681446118e-01
-1.975191982913462874e-01
-1.969622742825090367e-01
-1.964213829656083488e-01
-1.958604095739640005e-01
-1.952780861722977768e-01
-1.947068821290975360e-01
-1.941657062771904863e-01
-1.936235390366341513e-01
-1.929843999768522944e-01
-1.923687997678121819e-01
-1.917628006795082385e-01
-1.912066238551069497e-01
-1.907071699004307397e-01
-1.902111811403555675e-01
-1.897516387821744088e-01
-1.893025938270592456e-01
-1.888304888381577562e-01
-1.884092748774616466e-01
-1.880115128978221140e-01
-1.875288237066100316e-01
-1.870380528682595855e-01
-1.865337716371162913e-01
-1.860676549184033524e-01
-1.856072968091987130e-01
-1.851430214522123696e-01
-1.846697534163185550e-01
-1.842269306153898889e-01
-1.837351489408371175e-01
-1.833194872623177263e-01
-1.828720926033103600e-01
-1.824264936952637028e-01
-1.820164341623099202e-01
-1.815923029037720404e-01
-1.811906155458508361e-01
-1.808330546473079781e-01
-1.805246424670187422e-01
-1.802336738409217876e-01
-1.799825541031247478e-01
-1.797470927932641738e-01
-1.795700439301562701e-01
-1.794146752058352334e-01
-1.792831228408625910e-01
-1.791575681464357694e-01
-1.790002430818935508e-01
-1.788466395500260264e-01
-1.787089408589823958e-01
-1.785718039612701757e-01
-1.784426740554099777e-01
-1.783697241623172780e-01
-1.783086198863600702e-01
-1.782518138574676336e-01
-1.781392782606744662e-01
-1.780434984554131461e-01
-1.779304549881961517e-01
-1.777759288506632063e-01
-1.776125218126176353e-01
-1.774735622179086925e-01
-1.773333435959340287e-01
-1.771875096638236280e-01
-1.770487331660055563e-01
-1.769164539252644497e-01
-1.768089469207571596e-01
-1.767160095260930097e-01
-1.766299598851860386e-01
-1.765606603814585951e-01
-1.765087505089275310e-01
-1.764720766329095358e-01
-1.764640481037382247e-01
-1.764871767545395376e-01
-1.765404215076246952e-01
-1.766294374423381386e-01
-1.767549109991422840e-01
-1.768668360179762589e-01
-1.770394922126518333e-01
-1.772684080696775577e-01
-1.775205918913596026e-01
-1.777708435973749668e-01
-1.779856636062306929e-01
-1.782074422796125768e-01
-1.784511159844635875e-01
-1.787399502918033123e-01
-1.791093234584023308e-01
-1.795383663099937577e-01
-1.799892780783326485e-01
-1.804794649819680408e-01
-1.810140790608923966e-01
-1.813893700028709755e-01
-1.817566170734851994e-01
-1.821520682301843164e-01
-1.828246498936098308e-01
-1.835784006314949701e-01
-1.838943185662068047e-01
-1.842112941943792881e-01
-1.845447161279483717e-01
-1.849272821896116581e-01
-1.853533702418856954e-01
-1.858319851146921775e-01
-1.864225443599940302e-01
-1.871387792556598872e-01
-1.890358278100907619e-01
-1.911479682995316787e-01
-1.932562570560713844e-01
-1.953617026099325749e-01
-1.974651570264343570e-01
-1.995673019645019808e-01
-2.016686054111769266e-01
-2.037694156728258044e-01
-2.058699850425496081e-01
-2.079704901795453587e-01
-2.100710493072104335e-01
-2.121717364529934757e-01
-2.142725930221676400e-01
-2.163736370619200600e-01
-2.184748704298075939e-01
-2.205762843517486416e-01
-2.226658595901892801e-01
-2.247190176107171922e-01
-2.267736774612729989e-01
-2.287415528554314903e-01
-2.307650614711912462e-01
-2.327374919334054271e-01
-2.344243174460867996e-01
-2.359094143810494260e-01
-2.373377528069697262e-01
-2.384534735979513265e-01
-2.397616086214401920e-01
-2.412813014344108720e-01
-2.424755909283078104e-01
-2.440138275666344780e-01
-2.453339512147146018e-01
-2.463092064781617074e-01
-2.476970229443254123e-01
-2.484665883272688669e-01
-2.503814765943319087e-01
-2.512602693876819226e-01
-2.528385068332116292e-01
-2.541091068354667803e-01
-2.559225268255657104e-01
-2.568609127287939109e-01
-2.583277689728234461e-01
-2.593563299847518322e-01
-2.602650744017132589e-01
-2.612495654759701136e-01
-2.621289451505202650e-01
-2.629642422533677304e-01
-2.639077035125871329e-01
-2.653820681471490972e-01
-2.664479955148275625e-01
-2.682459383175149203e-01
-2.694562837914480924e-01
-2.713547930866823665e-01
-2.729052782805412858e-01
-2.741978035522080748e-01
-2.758355802595601203e-01
-2.774588641425453917e-01
-2.785916046778564303e-01
-2.801588384702500822e-01
-2.816807885422616953e-01
-2.832018335675504650e-01
-2.849897039202511362e-01
-2.868240260375119477e-01
-2.886556954567013333e-01
-2.903947258262072340e-01
-2.914276795880129112e-01
-2.923161840746006934e-01
-2.934278518969355432e-01
-2.944173468228745150e-01
-2.958414060122895317e-01
-2.971407280382811766e-01
-2.981986118328827651e-01
-2.988785287331650053e-01
-2.991776008878753168e-01
-3.001492721267264296e-01
-3.006642123046540660e-01
-3.016181581957608215e-01
-3.034749359313301809e-01
-3.053146289759963716e-01
-3.071800895155332167e-01
-3.090900399765075801e-01
-3.109784953895812776e-01
-3.128868062573486597e-01
-3.147952869021458655e-01
-3.167039359697054191e-01
-3.186127405232671017e-01
-3.205216834314393304e-01
-3.224307457704388424e-01
-3.243399084888992645e-01
-3.262491534199408738e-01
-3.281584641001300540e-01
-3.300678174381909691e-01
-3.319771982647103381e-01
-3.338769079701354170e-01
-3.357854754377715412e-01
-3.376928208797848607e-01
-3.395860689050274051e-01
-3.414807269633856057e-01
-3.433443181501024677e-01
-3.452165884774997529e-01
-3.470832491415908883e-01
-3.489484579429273925e-01
-3.507949526352943104e-01
-3.526238402370387992e-01
-3.544675214045170941e-01
-3.563226987030022053e-01
-3.581970497168985301e-01
-3.600607590022136817e-01
-3.619175065480595976e-01
-3.637935304127062341e-01
-3.656697774749141927e-01
-3.675462147788944312e-01
-3.694228091144127757e-01
-3.712995382693047297e-01
-3.731763808887387790e-01
-3.750427824747658567e-01
-3.769103023134873220e-01
-3.787840024387346127e-01
-1.999967735986353246e-01
-1.999967576367413513e-01
-1.978087054891784768e-01
-1.972468703958021596e-01
-1.966573480878140157e-01
-1.960572640973981817e-01
-1.954193440681017691e-01
-1.948432818718888460e-01
-1.942765868387086592e-01
-1.937251132004356446e-01
-1.931813904485963906e-01
-1.926101839232430002e-01
-1.920359314681335527e-01
-1.914986390191101562e-01
-1.910089377343030526e-01
-1.906442129127936813e-01
-1.903034480723843624e-01
-1.899234845976988939e-01
-1.895230371002593062e-01
-1.890713429186396954e-01
-1.886629076532571891e-01
-1.882538025652201463e-01
-1.878151181853049689e-01
-1.874318488301519869e-01
-1.870643784496828499e-01
-1.867148906328206237e-01
-1.863896316005712317e-01
-1.860396213374787555e-01
-1.856923294459114637e-01
-1.853733198936871052e-01
-1.850886351173152422e-01
-1.848167666047730029e-01
-1.845888133777388862e-01
-1.843696778297614913e-01
-1.841626892548044181e-01
-1.839638815721261478e-01
-1.837861236316624680e-01
-1.836209072293872313e-01
-1.834993781043882943e-01
-1.834169307455854048e-01
-1.833568199612786442e-01
-1.833195601038783151e-01
-1.832982307618689355e-01
-1.832960668600845111e-01
-1.833189708017486652e-01
-1.833765176967175337e-01
-1.834434803682167825e-01
-1.835234848247375705e-01
-1.836207586925161228e-01
-1.837492934282893287e-01
-1.838697792817469701e-01
-1.840241833913237590e-01
-1.841945729992335579e-01
-1.843911490145082321e-01
-1.846116869261848759e-01
-1.848071540003246027e-01
-1.850064165893626489e-01
-1.853606014493991705e-01
-1.855930246203835177e-01
-1.859182959755857345e-01
-1.862083399099188630e-01
-1.864975989681580126e-01
-1.868656363336156923e-01
-1.871856951384808232e-01
-1.875316931399286235e-01
-1.879162534483012070e-01
-1.882723991149764520e-01
-1.886571977183126858e-01
-1.890828659712601445e-01
-1.895165162799354042e-01
-1.899465116011327948e-01
-1.903791712450057239e-01
-1.908164740494243949e-01
-1.913363701479642853e-01
-1.919341329134330310e-01
-1.927619850074776819e-01
-1.939119209842305180e-01
-1.957448500955976389e-01
-1.975079044871236034e-01
-1.993326064353986848e-01
-2.010453469278990213e-01
-2.023510028683457584e-01
-2.037702470104428287e-01
-2.049646187766420713e-01
-2.057653678799241104e-01
-2.066906903003046247e-01
-2.073932282423663065e-01
-2.083894565331221582e-01
-2.093396276355332930e-01
-2.112438860556111186e-01
-2.129695062802060279e-01
-2.147468748603812427e-01
-2.165890034493093697e-01
-2.181384342638300611e-01
-2.199568993559067043e-01
-2.217228716836642521e-01
-2.234140615597698665e-01
-2.251412102625070244e-01
-2.269727135042463040e-01
-2.283967427629844671e-01
-2.298399057264693401e-01
-2.310662075820040517e-01
-2.320674146571104768e-01
-2.330521346896073376e-01
-2.339106218777616819e-01
-2.350593450836290232e-01
-2.359213659181504386e-01
-2.370293873851040123e-01
-2.388055208679952246e-01
-2.408082673981470079e-01
-2.428418100839425109e-01
-2.448747691967215201e-01
-2.469072481091358351e-01
-2.489293171139766725e-01
-2.509603261862160539e-01
-2.529911110929623508e-01
-2.550217304669039620e-01
-2.570522328196293005e-01
-2.590826549301282200e-01
-2.611130250793856633e-01
-2.631433643422059210e-01
-2.651736879568989402e-01
-2.672040065362715211e-01
-2.692343271108745273e-01
-2.712646578418919652e-01
-2.732950107407268181e-01
-2.753253874933569434e-01
-2.773557884127673678e-01
-2.793862025496501866e-01
-2.814166290710224949e-01
-2.834470666428031693e-01
-2.854775205658570125e-01
-2.875079929392811984e-01
-2.895384819323361114e-01
-2.915689855161898714e-01
-2.935995007029064130e-01
-2.956300174355519506e-01
-2.976605349442268955e-01
-2.996910529645227528e-01
-3.017215714914636693e-01
-3.037520900289653603e-01
-3.057826081508120408e-01
-3.078131261060432222e-01
-3.098436436176248421e-01
-3.118741603172980881e-01
-3.139046757499700524e-01
-3.159351894132256811e-01
-3.179657032394311300e-01
-3.199962261043760026e-01
-3.220267583022904945e-01
-3.240572999004398547e-01
-3.260878447901207622e-01
-3.281183889584596836e-01
-3.301489320505875957e-01
-3.321794737390610930e-01
-3.342100137261781456e-01
-3.362405517470788419e-01
-3.382710859369091883e-01
-3.403016084690332343e-01
-3.423321199765865797e-01
-3.443626216846301658e-01
-3.463931241919339099e-01
-3.484236271501278126e-01
-3.504541301473912407e-01
-3.524846328223883440e-01
-3.545151349262531948e-01
-3.565456363339300494e-01
-3.585761370512426383e-01
-3.606066372181783164e-01
-3.626371371087348527e-01
-3.646676371272290496e-01
-3.666981377553580890e-01
-3.687286294391246555e-01
-3.707591116346208859e-01
-3.727895837378522037e-01
-3.748200485584946007e-01
-3.768505138401498367e-01
-3.788809799454409544e-01
-1.999969497695500420e-01
-1.999969337294454919e-01
-1.978917724357243113e-01
-1.968560604543139192e-01
-1.957864628110409511e-01
-1.945743142465030939e-01
-1.934566116568928740e-01
-1.924080653330482449e-01
-1.914146795270688928e-01
-1.903724457696942540e-01
-1.894329252848417633e-01
-1.885334895972503033e-01
-1.876326181057611509e-01
-1.867084877990629610e-01
-1.857336936321500043e-01
-1.847998218862409725e-01
-1.839207714661331428e-01
-1.831004967528728211e-01
-1.823213515977523402e-01
-1.815682074263194612e-01
-1.808993178482315167e-01
-1.802565942933188614e-01
-1.795653417518474071e-01
-1.789354045063975551e-01
-1.782948039333081547e-01
-1.776971050173793698e-01
-1.770814816262694658e-01
-1.764536584027575350e-01
-1.757966633117727107e-01
-1.751291176032107322e-01
-1.744576200024836876e-01
-1.738085899580674720e-01
-1.732242423170598511e-01
-1.726361015774513230e-01
-1.720773239221309592e-01
-1.715295686744534587e-01
-1.709925463094620623e-01
-1.704913962839402497e-01
-1.699361142159211135e-01
-1.693988459741442576e-01
-1.688646397686212608e-01
-1.683744116510092759e-01
-1.678791011306627612e-01
-1.673732848732350509e-01
-1.668970656859107282e-01
-1.664047998277969342e-01
-1.659475555105945077e-01
-1.654915773251749711e-01
-1.650806536104345301e-01
-1.646513959714613895e-01
-1.642053683071886261e-01
-1.637601809781237816e-01
-1.633201395413022561e-01
-1.628194690896140051e-01
-1.623448998954454825e-01
-1.618789418777202560e-01
-1.614041474987567837e-01
-1.609178931678738045e-01
-1.604107117969217622e-01
-1.599337918113298007e-01
-1.594354177180536403e-01
-1.589006483905411049e-01
-1.583962015608909868e-01
-1.579597619680787601e-01
-1.575709388901451458e-01
-1.572101523382667121e-01
-1.568020599863659548e-01
-1.562946112957832312e-01
-1.557922675541364710e-01
-1.552957736849225889e-01
-1.547531154992996261e-01
-1.541192610584519451e-01
-1.535458383491708767e-01
-1.530441123288766303e-01
-1.526184069538966959e-01
-1.522057896808817479e-01
-1.517879631075500502e-01
-1.513079312352459127e-01
-1.506548286472471909e-01
-1.500201793377296533e-01
-1.494026599603007766e-01
-1.488007811253806711e-01
-1.481333778446116689e-01
-1.474377570901224954e-01
-1.467300801314823100e-01
-1.458911624880836755e-01
-1.451385466221063181e-01
-1.444720413770219369e-01
-1.438421463409589041e-01
-1.432108964813066099e-01
-1.426330519119776430e-01
-1.421561243952801090e-01
-1.416145818308873483e-01
-1.411660352139909591e-01
-1.407652752661758544e-01
-1.403398302680479715e-01
-1.398801069338485581e-01
-1.394824208268165555e-01
-1.391135050278531071e-01
-1.387304540560422295e-01
-1.383723720238938526e-01
-1.379947646323791410e-01
-1.376785373523509437e-01
-1.373425771753676861e-01
-1.369449963904940948e-01
-1.366444223857648799e-01
-1.363119593612392155e-01
-1.358890279559593350e-01
-1.354986886716402217e-01
-1.351366166605084962e-01
-1.347582869414110096e-01
-1.344774763707149712e-01
-1.342274895715588334e-01
-1.340038249525555003e-01
-1.338150890435153006e-01
-1.335893545126830284e-01
-1.333267262041602230e-01
-1.331148959564301959e-01
-1.329249179626985078e-01
-1.327884824441153133e-01
-1.326387273176881654e-01
-1.324737472090945778e-01
-1.323121887112194695e-01
-1.321170138945036432e-01
-1.319761835029105712e-01
-1.317848081527176196e-01
-1.315652875478681982e-01
-1.313924566668636384e-01
-1.312397297893229675e-01
-1.310921747823367012e-01
-1.309408217362629245e-01
-1.307935461835916247e-01
-1.306151723853870572e-01
-1.305015281006759453e-01
-1.303518153505200672e-01
-1.302495993120781348e-01
-1.300539825426674789e-01
-1.299633842443969067e-01
-1.297615454179578409e-01
-1.296154265101297498e-01
-1.295044957493274584e-01
-1.294341144737597982e-01
-1.293624641510671691e-01
-1.292768075339622846e-01
-1.291914121927579540e-01
-1.290678510556211023e-01
-1.289629276553446169e-01
-1.289196097978027589e-01
-1.288601450934542259e-01
-1.288518031529957142e-01
-1.288546258081619267e-01
-1.288668378919280155e-01
-1.288762085765044474e-01
-1.288670056966854660e-01
-1.288408929502470324e-01
-1.287897458938213058e-01
-1.287538171224670569e-01
-1.287320893104222097e-01
-1.287529429640122125e-01
-1.288098969534507421e-01
-1.288546984426534037e-01
-1.289193983192173931e-01
-1.289569580159848072e-01
-1.290000750587080858e-01
-1.289937888302616076e-01
-1.290257751852234847e-01
-1.290920279019520667e-01
-1.291734177812935425e-01
-1.292896176894893778e-01
-1.293764595800246664e-01
-1.294303579014421668e-01
-1.294855562085559242e-01
-1.294699169343886402e-01
-1.294492548208993898e-01
-1.294701512223127848e-01
-1.294045367208830621e-01
-1.293888471501909720e-01
-1.293769053552679960e-01
-1.293498025446701560e-01
-1.293427587185406735e-01
-1.293348010807814086e-01
-1.293355999091300168e-01
-1.292867861774757987e-01
-1.292571811983308228e-01
-1.292250037355388570e-01
-1.291742964707259245e-01
-1.291555755002995187e-01
-1.291497671876799536e-01
-1.291695413751456634e-01
-1.291831661674229803e-01
-1.292119890745955790e-01
-1.292276440625317879e-01
-1.292076788777217211e-01
-1.292034566534666917e-01
-1.291881021103559457e-01
-1.291904485478160003e-01
-1.291815978562734502e-01
-1.291418994891612160e-01
-1.291140869790962931e-01
-1.290478429071938160e-01
-1.289879247709836141e-01
-1.289572360529857298e-01
-1.288733344828767446e-01
-1.288042055210593395e-01
-1.286831589206463011e-01
-1.285945307384295799e-01
-1.284948299249405734e-01
-1.284313675336779259e-01
-1.283208732650377992e-01
-1.282518511955650364e-01
-1.280855944816468583e-01
-1.279871184006680096e-01
-1.279578982508003671e-01
-1.279335948289922198e-01
-1.278893434394187956e-01
-1.278586242937666539e-01
-1.277498921091156647e-01
-1.276552322233659720e-01
-1.275698589123149262e-01
-1.274865868071651809e-01
-1.274400728171297958e-01
-1.274370025584411481e-01
-1.273956178205170597e-01
-1.273643739142077402e-01
-1.273399988367423796e-01
-1.271871879123752935e-01
-1.270373543902176550e-01
-1.268923633704441556e-01
-1.267302142613970506e-01
-1.265423103579174646e-01
-1.263302952464029072e-01
-1.260906468787036661e-01
-1.258648233805041705e-01
-1.255164453214689668e-01
-1.251520107167957141e-01
-1.247658354789262236e-01
-1.244202519135729768e-01
-1.241464542131904408e-01
-1.239338889617482703e-01
-1.237112771227607544e-01
-1.234953712265317582e-01
-1.232792291044060157e-01
-1.230098874627364586e-01
-1.228755756699831253e-01
-1.227400457295372282e-01
-1.226237151137108405e-01
-1.225132592505189383e-01
-1.223681658420524010e-01
-1.222211755778757347e-01
-1.219567889819292011e-01
-1.216311226890348651e-01
-1.213403130810205843e-01
-1.210662146795360994e-01
-1.208932043249074939e-01
-1.206933489642622731e-01
-1.204763237156228767e-01
-1.202194869113231285e-01
-1.199194897292384238e-01
-1.196550508057599438e-01
-1.193741718330938173e-01
-1.191687756367489776e-01
-1.190209617283953386e-01
-1.188884535108664375e-01
-1.187776283673392108e-01
-2.000032464696900325e-01
-2.000032623726579750e-01
-2.017150843687565143e-01
-2.032508596131183953e-01
-2.048346995916638935e-01
-2.064010578494523129e-01
-2.081003814839285648e-01
-2.096456855209737902e-01
-2.112971186267427470e-01
-2.131762110487184225e-01
-2.151266190118644450e-01
-2.171144558472043185e-01
-2.192422165058500461e-01
-2.212982943463097651e-01
-2.233999030279050779e-01
-2.255148761501561960e-01
-2.276326378038452947e-01
-2.297527401446579631e-01
-2.318951437634191037e-01
-2.340809914511522982e-01
-2.362564854604837783e-01
-2.384084266870405422e-01
-2.405694310157387439e-01
-2.427288544715773266e-01
-2.449089736596648803e-01
-2.470846949058261854e-01
-2.492189262159771879e-01
-2.513293678826126198e-01
-2.534323716611944222e-01
-2.555018735152982390e-01
-2.575996166208655014e-01
-2.596344130719816512e-01
-2.617176509530174666e-01
-2.637461809488111930e-01
-2.657522065646500398e-01
-2.677258094714465297e-01
-2.697480001819700379e-01
-2.716636459044680096e-01
-2.735625527610856533e-01
-2.755152520806002925e-01
-2.774745571460191518e-01
-2.794481258361253273e-01
-2.814304751479032030e-01
-2.834083690816237566e-01
-2.853611688519524514e-01
-2.872922412014197180e-01
-2.892903260421497702e-01
-2.912434274127631562e-01
-2.932172563233311768e-01
-2.950984656542911533e-01
-2.969984828615793160e-01
-2.989074155883492678e-01
-3.007832340784518665e-01
-3.026453284585690628e-01
-3.044967000154979453e-01
-3.063403962657424429e-01
-3.081659366089757324e-01
-3.099464127223771071e-01
-3.116285219672630946e-01
-3.133059679593186986e-01
-3.149852642702708483e-01
-3.165733668764188491e-01
-3.181665986602280061e-01
-3.196976317916186972e-01
-3.212034440812970848e-01
-3.227302703756683155e-01
-3.242451357621750074e-01
-3.257448583847109003e-01
-3.272048745773930567e-01
-3.286609209912546570e-01
-3.301110920867705301e-01
-3.315132895997893736e-01
-3.329230550926598475e-01
-3.343593941366986289e-01
-3.357407098612376628e-01
-3.371185141761682824e-01
-3.384993948683335252e-01
-3.398423702369223753e-01
-3.411756671630990501e-01
-3.425243709729799968e-01
-3.438758500729870438e-01
-3.452053937223511504e-01
-3.465256899625151488e-01
-3.478417201167043893e-01
-3.491628684462513843e-01
-3.504339502668389894e-01
-3.516868916984450810e-01
-3.529343747719616564e-01
-3.541487512026924023e-01
-3.553470553458544234e-01
-3.565215905029789356e-01
-3.576551133529647930e-01
-3.587601017215221177e-01
-3.598451223303285040e-01
-3.609004452653049588e-01
-3.619137625778731104e-01
-3.629015362335201722e-01
-3.638542007137529621e-01
-3.647997855735784500e-01
-3.657187619288252978e-01
-3.666273175759975356e-01
-3.675339389152205150e-01
-3.684096673236170183e-01
-3.692696768289089326e-01
-3.701097520953890441e-01
-3.709408734830195731e-01
-3.717665964853863469e-01
-3.725551935411600679e-01
-3.733309278958602540e-01
-3.741014372060581517e-01
-3.748498789196130776e-01
-3.755904525148690554e-01
-3.763237349266126963e-01
-3.770531070480448999e-01
-3.777666679224347401e-01
-3.784717180369734368e-01
-3.791533472377413005e-01
-3.798227960318674157e-01
-3.804827562207298564e-01
-3.811089055384679902e-01
-3.817072592334029291e-01
-3.822847838652557173e-01
-3.828378006361648489e-01
-3.833605348833847293e-01
-3.838657709904839677e-01
-3.843479786489417682e-01
-3.848067001393053466e-01
-3.852429953682185992e-01
-3.856521117422576084e-01
-3.860300349030704181e-01
-3.863848335337685680e-01
-3.867190652649213356e-01
-3.870264203367814737e-01
-3.873088966018463086e-01
-3.875674027923342035e-01
-3.878013532302932997e-01
-3.880125116810255181e-01
-3.882020196347107377e-01
-3.883703426805812375e-01
-3.885184707639879886e-01
-3.886458472119342367e-01
-3.887529124397681168e-01
-3.888406499916719494e-01
-3.889090618122712506e-01
-3.889574869192157225e-01
-3.889863293370474651e-01
-3.889963804583019269e-01
-3.889883228444611651e-01
3.999731046561173509e-01
3.988191099259917882e-01
-2.000030632190568924e-01
-2.000030792568539273e-01
-2.018536421569735728e-01
-2.034469683226139969e-01
-2.054371389886767707e-01
-2.060248767326917363e-01
-2.068232197802172267e-01
-2.075643887197079207e-01
-2.090040735251328663e-01
-2.098326478318935373e-01
-2.105055605524887852e-01
-2.108721163098078999e-01
-2.118462060349149689e-01
-2.129914028858013175e-01
-2.138561656992761795e-01
-2.143271626570219524e-01
-2.159728947239052677e-01
-2.176183920966839325e-01
-2.186530214751442047e-01
-2.195639383588394999e-01
-2.211803966377183794e-01
-2.220979204379399385e-01
-2.239907728909737439e-01
-2.264496958533709914e-01
-2.284802498225740053e-01
-2.305605281146857755e-01
-2.330590110475421473e-01
-2.345372405417422423e-01
-2.365740891729413986e-01
-2.387890250790969393e-01
-2.412711824194001264e-01
-2.433333308751672863e-01
-2.454619438542177401e-01
-2.479674199396056100e-01
-2.496675607000363173e-01
-2.518934623015757213e-01
-2.544005452549246149e-01
-2.568306513540099534e-01
-2.585886301064053705e-01
-2.607443751561652201e-01
-2.630824579180643386e-01
-2.647634361446388196e-01
-2.670063541077012381e-01
-2.694644406223550281e-01
-2.717023449161308779e-01
-2.742125504850566053e-01
-2.766182915667001474e-01
-2.784929619310191895e-01
-2.810048505236902860e-01
-2.835008331152786831e-01
-2.860072667470909269e-01
-2.885194543200559347e-01
-2.909119715663237571e-01
-2.934257726677743094e-01
-2.959152943324979135e-01
-2.983880203508113560e-01
-3.008848238601604663e-01
-3.031921882387774714e-01
-3.057086260345692752e-01
-3.082250312668540215e-01
-3.107267857059353711e-01
-3.132433704588336587e-01
-3.157599168294720759e-01
-3.182764302666235001e-01
-3.207929163459444233e-01
-3.233093800433683440e-01
-3.258258256709383738e-01
-3.283422560630747666e-01
-3.308586759092747021e-01
-3.333750867561682818e-01
-3.358914905390083527e-01
-3.384078887670651792e-01
-3.409242825978796576e-01
-3.434406729055251573e-01
-3.459570747127074797e-01
-3.484734899864848079e-01
-3.509899152691570157e-01
-3.535063410416749985e-01
-3.560227671883018363e-01
-3.585391935554927967e-01
-3.610556199718802373e-01
-3.635720454614278507e-01
-3.999969084760130467e-01
-3.999968924446603569e-01
-3.979159898101037873e-01
-3.971293678832613083e-01
-3.963063505760502370e-01
-3.954493766882251626e-01
-3.945858322627296966e-01
-3.937042246175215254e-01
-3.928320901343077542e-01
-3.920461946240346718e-01
-3.912802174921067855e-01
-3.905681141294891079e-01
-3.898522100291232917e-01
-3.890774470516046857e-01
-3.884332575075475358e-01
-3.878053485571723580e-01
-3.872123390310147628e-01
-3.866270789930710272e-01
-3.860300226566434345e-01
-3.854443420998210912e-01
-3.847982323988860531e-01
-3.840997817512473711e-01
-3.834166657279131640e-01
-3.827563916272527789e-01
-3.821530748318882065e-01
-3.815767484656968356e-01
-3.810238422292031024e-01
-3.804590910927977965e-01
-3.799145597236063820e-01
-3.793918547103951600e-01
-3.788618702505988645e-01
-3.783513461017544710e-01
-3.779068243850768893e-01
-3.775040412102039222e-01
-3.771880034028257112e-01
-3.768629663707413480e-01
-3.765663479849933326e-01
-3.762114397621934003e-01
-3.758654375906747003e-01
-3.755225174173257852e-01
-3.752134165673985389e-01
-3.749602260361271644e-01
-3.747419114293606413e-01
-3.745623087043670751e-01
-3.744073712092668149e-01
-3.742776194775311871e-01
-3.741874732306916251e-01
-3.741251612796850923e-01
-3.741044937191801978e-01
-3.741234709510861123e-01
-3.741837246998329092e-01
-3.742812062236303139e-01
-3.744118388147978926e-01
-3.745700572450766375e-01
-3.747585179092355334e-01
-3.749639704235910864e-01
-3.752129116340292558e-01
-3.754934414587065561e-01
-3.758055191218266367e-01
-3.761311543311117722e-01
-3.764940959881515892e-01
-3.768914226404612156e-01
-3.773093520925743793e-01
-3.777987232821531371e-01
-3.783055250785651857e-01
-3.788256319458864763e-01
-3.794555632272825774e-01
-3.801463693036861713e-01
-3.808830381980589652e-01
-3.816628624199238096e-01
-3.824559565186818610e-01
-3.832496931727231715e-01
-3.841164776157774963e-01
-3.849910531831589600e-01
-3.860083119758845327e-01
-3.871676989322839213e-01
-3.883160545372995043e-01
-3.896719443184996634e-01
-3.911009765249567893e-01
-3.925494619322007495e-01
-3.939822799701519496e-01
-3.954446851880540903e-01
-3.968561799226451026e-01
-3.983448915204023111e-01
-3.998286138760177022e-01
-4.012144032738239607e-01
-4.025889094930192313e-01
-4.040368868404770608e-01
-4.054456927464101246e-01
-4.069483543768178113e-01
-4.083038625212842554e-01
-4.097744176033019103e-01
-4.111385065009433570e-01
-4.128644886172949668e-01
-4.138415085184844466e-01
-4.147960244798308271e-01
-4.157322768242660560e-01
-4.167310042940027270e-01
-4.178750483293210971e-01
-4.190916096840965333e-01
-4.211943210209452837e-01
-4.236262408191576179e-01
-4.260575204737466759e-01
-4.284888125782136403e-01
-4.309205248776369346e-01
-4.333528860222761181e-01
-4.357860045538146099e-01
-4.382199094031760667e-01
-4.406545734615502363e-01
-4.430899350926642000e-01
-4.455259109284629426e-01
-4.479623880773378475e-01
-4.502412783434725507e-01
-4.525977493260627815e-01
-4.550278726406866148e-01
-4.574582438692424424e-01
-4.598888465224423294e-01
-4.617076221501163480e-01
-4.640106834104723577e-01
-4.660399098490343173e-01
-4.684353294178576488e-01
-4.708308796203738433e-01
-4.732265963355121730e-01
-4.756225171195568313e-01
-4.780186705852372264e-01
-4.804150629294408614e-01
-4.828116851716572344e-01
-4.851720239941856860e-01
-4.874870213519378881e-01
-4.896550839295348845e-01
-4.920401299584915011e-01
-4.944253570432155520e-01
-4.968107589921465506e-01
-4.991317742289859694e-01
-5.015199522174254021e-01
-5.039082142513690021e-01
-5.060331694211277487e-01
-5.081108821474661363e-01
-5.098055227013118529e-01
-5.121241073251621145e-01
-5.145049593304263924e-01
-5.168859031630164136e-01
-5.189092285588821074e-01
-5.212856083689056952e-01
-5.236620543234767888e-01
-2.000032472518079862e-01
-2.000032631473946387e-01
-2.025629322793062737e-01
-2.046602056410239123e-01
-2.072203534846375761e-01
-2.097145206118076755e-01
-2.122550789889985634e-01
-2.143863792969122328e-01
-2.168331449985452797e-01
-2.192235029469581653e-01
-2.216043738975951027e-01
-2.239658677666499231e-01
-2.263230460561982682e-01
-2.288359766999449318e-01
-2.313576864449630177e-01
-2.339147149858295804e-01
-2.361108972825571584e-01
-2.384574515961385699e-01
-2.410127014638224763e-01
-2.429170061060258179e-01
-2.449168857954361900e-01
-2.469674500024676977e-01
-2.483731490746830528e-01
-2.498406044878997700e-01
-2.523899885474197857e-01
-2.549395006256688356e-01
-2.564696021364255007e-01
-2.584102023874448872e-01
-2.608469589596503213e-01
-2.633925095724933829e-01
-2.658317405691485447e-01
-2.683764065327366444e-01
-2.708406732195713373e-01
-2.732861165669794867e-01
-2.752965317314911564e-01
-2.778376209784104156e-01
-2.799561144247175171e-01
-2.823841643733082107e-01
-2.849223982664527144e-01
-2.870271190028609865e-01
-2.895636331793309814e-01
-2.921002438990941141e-01
-2.946369244946541732e-01
-2.971628643469668152e-01
-2.996406259586286147e-01
-3.021765524515731549e-01
-3.047125244732500904e-01
-3.072485293283952479e-01
-3.097845668459474067e-01
-3.123206372387121177e-01
-3.148567413641855661e-01
-3.173928742250986534e-01
-3.199290314494854792e-01
-3.224652092955078708e-01
-3.250014046086578401e-01
-3.275376147517854442e-01
-3.300738375227196264e-01
-3.326100710697460494e-01
-3.351463138115939322e-01
-3.376825643658357690e-01
-3.402188214876668559e-01
-3.427550840197727267e-01
-3.452913489872090347e-01
-3.478276029521484847e-01
-3.503638442759010596e-01
-3.529000715593084148e-01
-3.554362967916869787e-01
-3.579725213531056993e-01
-3.605087452173825757e-01
-3.630449683683138473e-01
-3.655811971279152583e-01
-3.681174385150840500e-01
2.000032360102804996e-01
2.023951973241154279e-01
2.034356515484933847e-01
2.044469439832313218e-01
2.054507806476548459e-01
2.063470817584935613e-01
2.073183442414073818e-01
2.083738487259305938e-01
2.094223903231589301e-01
2.000030085677592662e-01
2.023828206691528353e-01
2.043385903991733477e-01
2.063499041052278826e-01
2.083153874565557284e-01
2.103023480841250681e-01
2.121355852306981427e-01
2.139048221300256236e-01
2.155304112270610972e-01
2.169766892488153298e-01
2.183663726274719663e-01
2.196972069183464049e-01
2.210289756898350666e-01
2.222904857823451152e-01
2.234430465325045190e-01
2.245628341668293171e-01
2.255962434611845369e-01
2.265058925714245885e-01
2.273504227743496364e-01
2.281831254585141855e-01
2.290038903490220490e-01
2.299366718547050936e-01
2.306503763466070112e-01
2.313199800752016311e-01
2.320610284069578866e-01
2.327165480181806467e-01
2.334008998874529395e-01
2.339840693979493014e-01
2.345857359222556227e-01
2.351052985971577858e-01
2.355148397123198178e-01
2.358747173692873622e-01
2.361627728323187347e-01
2.364023995115670518e-01
2.365839660159347324e-01
2.367093421041304713e-01
2.368243671340373446e-01
2.369013240125543152e-01
2.369533190992472449e-01
2.369825685082476985e-01
2.369739516656788891e-01
2.369279491134645144e-01
2.368610301093448389e-01
2.367849763183459411e-01
2.366986371070230188e-01
2.366084777411871232e-01
2.364921542937540033e-01
2.362918197635998085e-01
2.360938191975933131e-01
2.358837581804369143e-01
2.356613572261386513e-01
2.353750495497928252e-01
2.350372639187169044e-01
2.347094376687466621e-01
2.343636328026180160e-01
2.339776091299183014e-01
2.335859777977645213e-01
2.331668749386996975e-01
2.327265004488191513e-01
2.322791665135008621e-01
2.318380514284037741e-01
2.313330005204565221e-01
2.307573440058005576e-01
2.302018968879243344e-01
2.295940552068565232e-01
2.289252533710450233e-01
2.283477709454577176e-01
2.276946148192973973e-01
2.270085809591272652e-01
2.263096531185554705e-01
2.255532761766760041e-01
2.247778856407022241e-01
2.240640815618152315e-01
2.232420777724768435e-01
2.224643905924805209e-01
2.216160935818156652e-01
2.207412321856651316e-01
2.198974895380735040e-01
2.189258173587550760e-01
2.180243683417347755e-01
2.170089488755237717e-01
2.159357881626269293e-01
2.148648219612700749e-01
2.137291033911963567e-01
2.125990912078810358e-01
2.113953287312679841e-01
2.102523367042135050e-01
2.090624435759910194e-01
2.078553840709987943e-01
2.066620349099855258e-01
2.054855945199761946e-01
2.042041804639219138e-01
2.029156940340396120e-01
2.015984202802564573e-01
2.002516413311010712e-01
1.988305150369556462e-01
1.974772118604131155e-01
1.961040222496085728e-01
1.946570995421601780e-01
1.931415672952687679e-01
1.915228139426791709e-01
1.897186833471272982e-01
1.879125325696021642e-01
1.861147017032236117e-01
1.843045753510124674e-01
1.824717099762840355e-01
1.806432335658310073e-01
1.787884620092083376e-01
1.769150484907902887e-01
1.750988719509305735e-01
1.732678471520969210e-01
1.715627194515699505e-01
1.699238442276447547e-01
1.682462275297639809e-01
1.667256931688754773e-01
1.652046138489793314e-01
1.637607370354326741e-01
1.624246194868058379e-01
1.612058991262049767e-01
1.601148974846690054e-01
1.590743959807608410e-01
1.580643950212985149e-01
1.571786017363130949e-01
1.563009336431778196e-01
1.554294693493758484e-01
1.546422383248392540e-01
1.539235731518792949e-01
1.531944996359296263e-01
1.525481511146703772e-01
1.518797572036192645e-01
1.512426162108363725e-01
1.505978060515789363e-01
1.500511341459802583e-01
1.494257239023981665e-01
1.487151328080419110e-01
1.480247918455756262e-01
1.473298245413477980e-01
1.466732410101027617e-01
1.460381144544175835e-01
1.454455020257450215e-01
1.448966388776685155e-01
1.443843927234719493e-01
1.438964973822966509e-01
1.434328422669836622e-01
1.429952907256898109e-01
1.425889341145206712e-01
1.422170930263012556e-01
1.418725205740638262e-01
1.415580204896501049e-01
1.412726455643069923e-01
1.410132547037267203e-01
1.407781812662009802e-01
1.405551100981929924e-01
1.403403082493106802e-01
1.401233044318525023e-01
1.399038165997595895e-01
1.396822323442927782e-01
1.394590069747220773e-01
1.392423797712849798e-01
1.390355485903773392e-01
1.388452607044300402e-01
1.386681585996061561e-01
1.385070130033063951e-01
1.383562935544547512e-01
1.382107786835192476e-01
1.380807853523467188e-01
1.379704618977004582e-01
1.378813693393974860e-01
1.378115070669586606e-01
1.377540845909082379e-01
1.377116736026987864e-01
1.376804198586666361e-01
1.376518580743238962e-01
1.376271345876516894e-01
1.376061150689128765e-01
1.375938411922665028e-01
1.375936022860697328e-01
1.376107571340480229e-01
1.376511399677353975e-01
1.377020231272275130e-01
1.377679878382306045e-01
1.378513539633613449e-01
1.379465960538015512e-01
1.380766899081309618e-01
1.382165253920493164e-01
1.383726157539596213e-01
1.385459363958460866e-01
1.387468601351534714e-01
1.389667876133965085e-01
1.392002563430056739e-01
1.394399008286613117e-01
1.396836407193741136e-01
1.399285400504547694e-01
1.401797168331302412e-01
1.404406180040994878e-01
1.407131258717874422e-01
