-3.973092507287172559e-01
-3.963012968618749854e-01
-3.952816253417739678e-01
-3.942528271718497845e-01
-3.932062056981959208e-01
-3.921725677891481077e-01
-3.911454439001975092e-01
-3.900288861372328553e-01
-3.888011559933989836e-01
-3.874973720366067798e-01
-3.861672197936673601e-01
-3.848381893970985734e-01
-3.835518325384805749e-01
-3.823504471269452143e-01
-3.810594352696083376e-01
-3.796618388941235822e-01
-3.782923732763477931e-01
-3.769585564760799534e-01
-3.756330237300397057e-01
-3.743260975194749873e-01
-3.730290291952262915e-01
-3.717075127433717707e-01
-3.703139840642219460e-01
-3.689067581188933964e-01
-3.673508291609515752e-01
-3.658750570701490012e-01
-3.643821550586638369e-01
-3.629114929852448324e-01
-3.614748039713691075e-01
-3.599957306830804948e-01
-3.584929599085733831e-01
-3.569528583067520522e-01
-3.554036875728910361e-01
-3.538469721692156233e-01
-3.523222878338010955e-01
-3.508309558658668781e-01
-3.493929893121868746e-01
-3.480502183925147652e-01
-3.467691610485235665e-01
-3.454973919996888188e-01
-3.441880935318498702e-01
-3.428758664300944892e-01
-3.415197648887091098e-01
-3.402067425315490334e-01
-3.389092761909711649e-01
-3.376386859729530454e-01
-3.364154863027259412e-01
-3.352377591140398017e-01
-3.340470052057964434e-01
-3.329067186316015947e-01
-3.317881808048760428e-01
-3.306693060079718971e-01
-3.295758462006293521e-01
-3.285105611092424271e-01
-3.274708489586041771e-01
-3.264611760998948342e-01
-3.254757601642749298e-01
-3.245349289195135767e-01
-3.236344459234620219e-01
-3.227794194288047813e-01
-3.219605565626486032e-01
-3.211751225123962716e-01
-3.204137863801247987e-01
-3.197043789003503611e-01
-3.190370419015713943e-01
-3.184177032324231882e-01
-3.178243479295269069e-01
-3.172812508448104585e-01
-3.167303299877004541e-01
-3.161658076919744986e-01
-3.156253212580690803e-01
-3.150312455694627145e-01
-3.144851124779955431e-01
-3.139494101535587611e-01
-3.133814542645820822e-01
-3.128815842223321986e-01
-3.124066751233633421e-01
-3.119748338924105968e-01
-3.115946572878806053e-01
-3.112651627915038466e-01
-3.109901920881151804e-01
-3.107665148517121390e-01
-3.105884741125050641e-01
-3.104603857665280686e-01
-3.103790973610362491e-01
-3.103451634320293917e-01
-3.103587692245115548e-01
-3.104228272930362187e-01
-3.105367032338184896e-01
-3.107026451097196218e-01
-3.109148991956520169e-01
-3.111766715263183936e-01
-3.114883049045753527e-01
-3.118480064260715778e-01
-3.122547482022569598e-01
-3.127015272919461131e-01
-3.131996423512133365e-01
-3.137454200126377768e-01
-3.143134583875892840e-01
-3.149436637425113150e-01
-3.156054315599050586e-01
-3.163288672306323601e-01
-3.171111581631382292e-01
-3.179640341176364626e-01
-3.188380256590785944e-01
-3.197491809277063224e-01
-3.207132968886599600e-01
-3.216771550525459045e-01
-3.226576889031750328e-01
-3.236210503130719229e-01
-3.245272991631568682e-01
-3.254353393499506142e-01
-3.263663004000552093e-01
-3.272744855290692922e-01
-3.282118700421823854e-01
-3.291302769867378020e-01
-3.300749913685113723e-01
-3.310774807391816399e-01
-3.320848371474543481e-01
-3.330573251298563076e-01
-3.339809977065844038e-01
-3.349751751464760674e-01
-3.359574699337323223e-01
-3.369946894858261710e-01
-3.380702802373238280e-01
-3.391410639340531885e-01
-3.402881684347474067e-01
-3.414079302746494959e-01
-3.424755484306761244e-01
-3.436001637392392394e-01
-3.446416642215927584e-01
-3.456818510225916352e-01
-3.467304088533760265e-01
-3.477414888032517859e-01
-3.487771126446371772e-01
-3.498201157142333817e-01
-3.508768384055075962e-01
-3.534299750076012048e-01
-3.559837875746558189e-01
-3.585349781985451290e-01
-3.610838661923551074e-01
-3.636324936755415127e-01
-3.661809647680973612e-01
-3.687295405315993979e-01
-3.712783978785824668e-01
