9.300494551545554831e-07
9.453858974374466347e-07
4.267984367539688086e-04
2.627091541147520150e-04
1.109893567477093399e-04
-1.934821042891878492e-05
-1.145237393805087782e-04
-1.850641858418904085e-04
-2.229679856115202637e-04
-2.277853279162907348e-04
-2.000229172244021470e-04
-1.457293123289668481e-04
-5.651234935690897229e-05
5.807183274854500727e-05
1.969636094198670326e-04
3.598402278704373059e-04
5.425545243674638344e-04
7.704982530519458202e-04
1.038695669770728098e-03
1.332260999670767864e-03
1.655687273717569748e-03
2.022572739817227704e-03
2.444541496019147359e-03
2.884171184247724326e-03
3.366192708491777021e-03
3.873481035223869627e-03
4.423739238821331951e-03
4.970243820612610906e-03
5.562852777201185428e-03
6.166224751745047819e-03
6.793857354365486108e-03
7.460537290661113825e-03
8.165848942445309150e-03
8.882087557197139438e-03
9.719242102911999567e-03
1.056086651068007497e-02
1.141598078336221109e-02
1.230894581102989944e-02
1.323649536996799464e-02
1.413209658585948270e-02
1.510664547424656057e-02
1.606459746057399204e-02
1.709814984390242709e-02
1.813291762786399877e-02
1.923063816234676926e-02
2.038057446433891653e-02
2.150540378411002623e-02
2.259539173043660990e-02
2.367364587542899329e-02
2.476044261557619822e-02
2.579811015721947265e-02
2.593697606399922306e-02
2.596055481999326800e-02
2.621098095956122392e-02
2.694352155277023389e-02
2.761994892988580558e-02
2.821673476414093482e-02
2.889498939455739310e-02
2.959530181199426790e-02
3.021459443429686670e-02
3.072970932517099518e-02
3.119174126286147070e-02
3.145827294905675225e-02
3.178960650082496286e-02
3.215818082934432387e-02
3.244938882319203799e-02
3.292545820098735643e-02
3.342353426896977481e-02
3.406241297375718624e-02
3.468707438987225777e-02
3.523012235824869720e-02
3.576466245044675196e-02
3.625298719983264389e-02
3.672132322430100848e-02
3.714048550853634584e-02
3.752687742606582860e-02
3.787823873003754588e-02
3.818912470037707368e-02
3.844289155319917384e-02
3.865593242263545837e-02
3.882790146279260779e-02
3.895217837296294922e-02
3.903859477737291889e-02
3.908290941281197806e-02
3.908662517531737851e-02
3.904820575177083558e-02
3.897093790142128200e-02
3.885457861861192630e-02
3.869943256954905264e-02
3.851318513016693118e-02
3.829512375172296895e-02
3.803764904861094837e-02
3.773869078014319145e-02
3.740282754237058555e-02
3.702577220282571996e-02
3.659817273258302028e-02
3.613473332714651348e-02
3.566752564629631361e-02
3.515535484917227393e-02
3.458921599864714369e-02
3.397640316424724999e-02
3.332127949598683719e-02
3.267914805648559906e-02
3.201108434370435185e-02
3.132787976253498252e-02
3.065546675335951987e-02
3.000713523816771547e-02
2.957921160562707041e-02
2.905120891461649216e-02
2.871888395815517386e-02
2.866025948235168680e-02
2.857347872198213665e-02
2.861512217436640998e-02
2.873906825643599006e-02
2.875931749395754453e-02
2.894397929424288168e-02
2.908532854435816675e-02
2.930953833247731261e-02
2.943386533350019277e-02
2.955236325844413925e-02
2.972636141136658985e-02
3.003846518343212396e-02
3.035576289079383594e-02
3.065655568733424013e-02
3.098552182931342894e-02
3.128847251534475071e-02
3.181409564619876174e-02
3.229630565217697646e-02
3.267970400628105593e-02
3.310680474987187649e-02
3.378754092037179746e-02
3.439430269111443117e-02
3.508688131508559682e-02
3.589598725473597263e-02
3.670341067539548141e-02
3.753327891742336275e-02
3.828172031290678207e-02
3.916851799046094929e-02
4.003631198480191167e-02
4.083113609196920013e-02
4.172606318641390588e-02
4.246581362229063378e-02
4.336472396936030815e-02
4.433803250408013819e-02
4.530057011983602833e-02
4.625036875995020003e-02
4.726633256804225330e-02
4.817384518217739803e-02
4.914857269768711096e-02
5.004491531765115769e-02
5.096610066801238875e-02
5.186279963530302656e-02
5.261811186745095348e-02
5.336983171576491908e-02
5.413116480367190925e-02
5.496441526991007603e-02
5.588100985146790545e-02
5.701467097361667680e-02
5.814403518134279858e-02
5.943111847450670976e-02
6.073624240829720439e-02
6.221086752692808058e-02
6.365778302710646541e-02
6.519889655735777723e-02
6.682596971682207287e-02
6.844551899547135498e-02
7.004164156313247291e-02
7.163170238473869078e-02
7.321934576213247337e-02
7.483449421589327688e-02
7.650555546988339894e-02
7.817392258403770000e-02
7.985788298316695566e-02
8.152547259626820308e-02
8.323613812459763894e-02
8.498973166619248898e-02
8.677534450530471899e-02
8.856343508028047262e-02
9.040496634561746847e-02
9.230736562328764605e-02
9.421959691925912983e-02
9.607611774629105927e-02
9.788909884884958168e-02
9.967916760035214208e-02
1.015181553649875529e-01
1.033684608231829755e-01
1.051956568703727446e-01
1.071180924033002385e-01
1.091265588882102955e-01
1.111539396032999588e-01
1.131581341441199318e-01
1.151469196487471536e-01
1.171307161329262353e-01
1.191609143419875699e-01
1.211825219013720201e-01
1.232129808211077787e-01
1.251704290711392609e-01
1.271684751436318039e-01
1.291993114870926829e-01
1.311667874744776308e-01
1.332066742185717967e-01
1.352181837705308809e-01
1.372574621768265501e-01
1.392866020548179373e-01
1.413380921910940835e-01
1.433612610962794465e-01
1.453837670253698977e-01
1.473905379074522126e-01
1.494322645633421875e-01
1.514017223597577122e-01
1.533904322399322062e-01
1.553062088199858026e-01
1.572255564831740171e-01
1.591560604895822795e-01
1.610605667973110944e-01
1.630227652642038394e-01
1.648985459635711748e-01
1.667324391963876662e-01
1.685062750383695962e-01
1.702712389458784503e-01
1.720626780846836734e-01
1.738694038319728852e-01
1.756722226621270089e-01
1.774087571739767222e-01
1.791740761531503134e-01
1.809584664843217616e-01
1.827517009019841987e-01
1.845793272741917679e-01
1.864986233731821541e-01
1.883929768361339019e-01
1.903213680851640610e-01
1.922429602798186865e-01
1.941566524535354998e-01
1.960754456794051026e-01
1.980103546711775020e-01
1.999057760349882695e-01
2.017447323561448180e-01
2.035522800033190138e-01
2.053257649604027513e-01
