2.000028838439841528e-01
2.000028998833389415e-01
2.014593771464897320e-01
2.021922193606955909e-01
2.029428657210453346e-01
2.037957070198804232e-01
2.048578405552746451e-01
2.056124304086654475e-01
2.066605670358875602e-01
2.076140525551475602e-01
2.086628410972084791e-01
2.097206096278015908e-01
2.106136338052365387e-01
2.116895420228526448e-01
2.129918924091683541e-01
2.142808463600082425e-01
2.156345238603217807e-01
2.170149616923915670e-01
2.183822462956507282e-01
2.198286960186793815e-01
2.212820924569724457e-01
2.227301470545948459e-01
2.241223976614983016e-01
2.255080954244876867e-01
2.268880345443650137e-01
2.282859621905377889e-01
2.296632130450028952e-01
2.312326470630972075e-01
2.328687785867112614e-01
2.345874640016901713e-01
2.363782404725257302e-01
2.381845876070087797e-01
2.399717449670980551e-01
2.417053642774349143e-01
2.434024134522035088e-01
2.451001713350824673e-01
2.467542337309921452e-01
2.484220381942235378e-01
2.501161115394669454e-01
2.518599384653094075e-01
2.536053560872098545e-01
2.553234517309091456e-01
2.570173217190935278e-01
2.587022512761730786e-01
2.604125944501548551e-01
2.621306574325996674e-01
2.638984883882162236e-01
2.656298550454880281e-01
2.673730194817662276e-01
2.691246986621584902e-01
2.708638264520681349e-01
2.725616566819903386e-01
2.742463150016622997e-01
2.759443646390947191e-01
2.776182231812648338e-01
2.792733019317775178e-01
2.809357477757665200e-01
2.826142214492769478e-01
2.842528292164503978e-01
2.858724785144888259e-01
2.874766607563752907e-01
2.890921591215017683e-01
2.907009099375539307e-01
2.923169088920331005e-01
2.939119842312120645e-01
2.954932068218393826e-01
2.970292076931154712e-01
2.985284189405772448e-01
3.000015881345183821e-01
3.014590641245917246e-01
3.028866951311836031e-01
3.042633476066692322e-01
3.056685234226580450e-01
3.070380279879948437e-01
3.084058716325235872e-01
3.097792428589508651e-01
3.111699923738536211e-01
3.125491546759916472e-01
3.139534147369631989e-01
3.153803968874360764e-01
