-1.999991520269161216e-01
-1.999991366565397888e-01
-1.994954905014024171e-01
-1.988571815387515096e-01
-1.982107589847905693e-01
-1.975510367179393045e-01
-1.968475337055388408e-01
-1.961233809631461600e-01
-1.953982194006236572e-01
-1.946247946351738478e-01
-1.938608552435161503e-01
-1.931054837080695696e-01
-1.923365766636881691e-01
-1.915384052611272814e-01
-1.907130981303226669e-01
-1.898654229589849529e-01
-1.889902611116086872e-01
-1.880787773293814968e-01
-1.871560093835883953e-01
-1.862440913483446314e-01
-1.852985908312317909e-01
-1.843445623940946076e-01
-1.833785147685472461e-01
-1.823587316991735763e-01
-1.813413729205510805e-01
-1.803045984948359048e-01
-1.792589098181552876e-01
-1.782208746011997302e-01
-1.771436640728970835e-01
-1.760294574753414609e-01
-1.749097122682734262e-01
-1.737752730894663589e-01
-1.726209564278151365e-01
-1.714907727829901585e-01
-1.702949145732195746e-01
-1.690779164843737026e-01
-1.678529393172820128e-01
-1.665471570239442645e-01
-1.652317662405150267e-01
-1.638699968280485364e-01
-1.624861383346425103e-01
-1.611059049804134391e-01
-1.596861542263559031e-01
-1.582134894642162060e-01
-1.567349779174343760e-01
-1.552050105908411581e-01
-1.536627508458512925e-01
-1.520709561920389752e-01
-1.504368780830584451e-01
-1.487682531351073867e-01
-1.470832093855721223e-01
-1.453983974417486502e-01
-1.436957967294107408e-01
-1.419859593136833242e-01
-1.402414278166798367e-01
-1.384603384834663387e-01
-1.366807885777980291e-01
-1.349127209986701048e-01
-1.330972263413698620e-01
-1.312606928525772432e-01
-1.294465379004996197e-01
-1.276089941028373531e-01
-1.257755060877558673e-01
-1.239569385963627951e-01
-1.221234570465110220e-01
-1.202843842159353055e-01
-1.184454750481980095e-01
-1.166066883849307123e-01
-1.147679899390419006e-01
-1.129293475501929600e-01
-1.110907348867996719e-01
-1.092521381015472415e-01
-1.074135557203090702e-01
-1.055749802729544912e-01
-1.037614366641498725e-01
-1.019204763932446134e-01
-1.000795533596954695e-01
-9.823867357201468420e-02
-9.639783243002542079e-02
-9.456677650383032985e-02
-9.272504608980414176e-02
-9.088333847070906302e-02
-8.904164148311626004e-02
-8.719995875315318667e-02
-8.535829100598620045e-02
-8.351663697586485247e-02
-8.167499552478731106e-02
-7.983336570073311378e-02
-7.799174675341179197e-02
-7.615013812049861719e-02
-7.430853939482126580e-02
-7.246695028076197143e-02
-7.062537054624325183e-02
-6.878379997507985677e-02
-6.694223588958671256e-02
-6.510066428905668390e-02
-6.325908429196243354e-02
-6.141749614941690444e-02
-5.957590038395892823e-02
-5.773429776372409478e-02
-5.589268927668030601e-02
-5.405107610480162222e-02
-5.220945959799654784e-02
-5.036784124759603742e-02
-4.852622265923658973e-02
-4.668460552502374378e-02
-4.484299277726067068e-02
-4.300139373704431334e-02
-4.115980057580750223e-02
-3.931820976881490737e-02
-3.747661987717208765e-02
-3.563502949113456914e-02
-3.379343726231504724e-02
-3.195184193353405033e-02
-3.011024236614621638e-02
-2.826863714205071765e-02
-2.642698937339739776e-02
-2.458534730042970240e-02
-2.274371481936831793e-02
-2.090208572549502250e-02
-1.906044982318909689e-02
-1.721880783909496629e-02
-1.537716076091128967e-02
-1.353551164045350974e-02
-1.169391253957502604e-02
-9.852318766950708337e-03
-8.010729138901401952e-03
-6.169142323095137305e-03
-4.327556859017007464e-03
-2.485971181553343120e-03
-6.443833420504620647e-04
1.197217471012251106e-03
3.038828168183736831e-03
4.880441756026865363e-03
6.722056717387535352e-03
8.563671554501632241e-03
1.040528482133377605e-02
1.224689515407535040e-02
1.408850129958454968e-02
1.593010214148057532e-02
1.777169672346894796e-02
1.961328426941747957e-02
2.145486419971340611e-02
2.329643803350144038e-02
2.513801625602987352e-02
2.697960326783063398e-02
2.882119862590558357e-02
3.066280168757257521e-02
3.250441161862314271e-02
3.434602740463643666e-02
3.618764786522894739e-02
3.802927167096201849e-02
3.987089736267324103e-02
4.171252337300595386e-02
4.355414804988920474e-02
4.539576968168294174e-02
4.723737812432434596e-02
4.907897927351669715e-02
5.091573804322462038e-02
5.272967640513428339e-02
5.456823096714173704e-02
5.636933132345209319e-02
5.818531253890629751e-02
5.999518694257535700e-02
6.177862407555281821e-02
6.358984482824901752e-02
6.539230610692818579e-02
6.716459191178529575e-02
6.892163053821918905e-02
7.062182608124700778e-02
7.233425648533282903e-02
7.403020713382993390e-02
7.565402686452660230e-02
7.718851432288513503e-02
7.864099901349849708e-02
8.010464602605062157e-02
8.163129954105409480e-02
8.324036218206141979e-02
8.482559778914609827e-02
8.638787407743089841e-02
8.774525701858823523e-02
8.920514735016740748e-02
9.055201779457117128e-02
9.186260178914847085e-02
9.331140958396283436e-02
9.483655119916283016e-02
9.637129810771641325e-02
9.793513112983720514e-02
9.949400870135501063e-02
1.011364727523435814e-01
1.027123146427198624e-01
1.042054669117178090e-01
1.056166219628446729e-01
1.068968250532132125e-01
1.082323891003357241e-01
1.094991153845624454e-01
1.107593751602954923e-01
1.119902765152077928e-01
1.131916176217204889e-01
1.145000131043634461e-01
1.157507702225255702e-01
1.169664454504924511e-01
1.181158643959877574e-01
1.192961393178153667e-01
1.205382632339171423e-01
1.217419730734394384e-01
1.229412547076924045e-01
1.241574618415622888e-01
1.253747704527974904e-01
1.265744081079812067e-01
1.278505614348549591e-01
1.291054818233291490e-01
1.304162102829163894e-01
1.316794524815267931e-01
1.329210530902015797e-01
1.341850495258369302e-01
1.355610699077402781e-01
1.368890716556398768e-01
1.382847746539989930e-01
1.396056673146828242e-01
1.409437461823980497e-01
1.422837618760254830e-01
1.435951721571746831e-01
1.449110013893039617e-01
1.462294259213621217e-01
1.475375097221822696e-01
1.488377199010555985e-01
1.501329601074796460e-01
1.514203059164497822e-01
1.526892748096518870e-01
1.539412023554675713e-01
1.551912600249849283e-01
1.564065835080573619e-01
1.576139118535142825e-01
1.588388712712136552e-01
1.600554208382413413e-01
1.612449722090381898e-01
1.624175813889347786e-01
1.635931871715719521e-01
1.647715336394149632e-01
1.659610386787221115e-01
1.671225554888876308e-01
1.682631037520685158e-01
1.693838152990387314e-01
1.705171814829110899e-01
1.716233498596579643e-01
1.727002130017928627e-01
1.737667243914410575e-01
1.748338008899160134e-01
1.758743673752548031e-01
1.769006237164454376e-01
1.779208052629213388e-01
1.789417992087384002e-01
1.799440753720959185e-01
1.809260176061031899e-01
1.819052513549125616e-01
1.828612195172370780e-01
1.838223101345975719e-01
1.847873189189359888e-01
1.857385443998659236e-01
1.866881341410369100e-01
1.876325505728588527e-01
1.885667001288764411e-01
1.895165523513563099e-01
1.904620529089857961e-01
1.914079623391381768e-01
1.923365227144274159e-01
1.932624906854650826e-01
1.941906750416087790e-01
1.951098173927185986e-01
1.960091463166115655e-01
1.968950156519553296e-01
1.977797865205720151e-01
1.987131710714664656e-01
1.995789115110084277e-01
2.005680846352825841e-01
2.015676432673512708e-01
2.024774635391173860e-01
2.034582855046973837e-01
2.045392822073806016e-01
2.055209867968636472e-01
2.065806147024257522e-01
2.076622987833689482e-01
2.086752796269557009e-01
2.097635265670435289e-01
2.107584369579914574e-01
2.119142566992893439e-01
2.130465622036543660e-01
2.142021095002572262e-01
2.152901522816959012e-01
2.163839589110509998e-01
2.174655896706073066e-01
2.185898546018180677e-01
2.196941385498991373e-01
2.208471347861852563e-01
2.220366653074877794e-01
2.232463251016823524e-01
2.244164774937056905e-01
2.256064594429582348e-01
2.267918748865694889e-01
2.279949650871481159e-01
2.292051267422455796e-01
2.304809438155819568e-01
2.317639028532180456e-01
2.330710968894903479e-01
2.344491007944404515e-01
2.358090935082001460e-01
2.372157651491020869e-01
2.386384139174462515e-01
2.400747240813058403e-01
2.414770452050905847e-01
2.429187603418982155e-01
2.443402682692896177e-01
2.457569688628218341e-01
2.471697149417628747e-01
2.486040499878792720e-01
2.500079567451903850e-01
2.513804441916763777e-01
2.527630265078748550e-01
2.541134008701990687e-01
2.554915815738844631e-01
2.568837337318887748e-01
2.583212061315748875e-01
2.597999641416473549e-01
2.612797591888672000e-01
2.627335664723378095e-01
2.641650272276474531e-01
2.655683507757252149e-01
2.670227436376534924e-01
2.684709006431807432e-01
2.699513754197626070e-01
2.714370156571119241e-01
2.729324814081572348e-01
2.744131428579296150e-01
2.758984339393126817e-01
2.774313557243770489e-01
2.790141557153077989e-01
2.805986593740029122e-01
2.821801325846743924e-01
2.837476434844145579e-01
2.853209256642163516e-01
2.869488048722934059e-01
2.885372599270368821e-01
2.901602411963408734e-01
2.917786617670286020e-01
2.933978037058525001e-01
2.949737123561422814e-01
2.965178461998614345e-01
2.980171336637916779e-01
2.995069868405799696e-01
3.009766956743583632e-01
3.024633088286433069e-01
3.039113175219920748e-01
3.053541998137683788e-01
3.067869783042383447e-01
3.082080638267720163e-01
3.095728851813296933e-01
3.109184712071981216e-01
3.122450949874733817e-01
3.135033645726653662e-01
3.147417040645535402e-01
3.159566282841386742e-01
3.171524050303001219e-01
3.183369986713561195e-01
3.194963797773751057e-01
3.206300703430919330e-01
3.217279405004798698e-01
3.227995796319411137e-01
3.238327033037396996e-01
3.248129029259739231e-01
3.257356225412837425e-01
3.266428353112367788e-01
3.275507143737385607e-01
3.284056301099522734e-01
3.292568232799870098e-01
3.300570147423936285e-01
3.308269706672429256e-01
3.315647413223390405e-01
3.321510672896643701e-01
3.326169844018800892e-01
3.328944101385528653e-01
3.330214264542298297e-01
3.331070981367715844e-01
3.331641818160374080e-01
3.330702937267281394e-01
3.329818443565437103e-01
3.329289976657786587e-01
3.331586964841921072e-01
3.336316102094828984e-01
3.341833610049217973e-01
3.347505910881606872e-01
3.353124843215106177e-01
3.359136929295278851e-01
3.363316107541421407e-01
3.366679945086250014e-01
3.370135369816843474e-01
3.371765925950763743e-01
3.372728961543111081e-01
3.372773506428066170e-01
3.374078525824607544e-01
3.376279116221379550e-01
3.377094169351596564e-01
3.377993569411542052e-01
3.378764708268960359e-01
3.380268434121819765e-01
3.382437087141114684e-01
3.382541162107573496e-01
3.382002230067859827e-01
3.382375420538971111e-01
3.384280261019674829e-01
3.387695413946733569e-01
3.389432745154850046e-01
3.392558678403454486e-01
3.397451463338175826e-01
3.402959759718739430e-01
3.408855206304267083e-01
3.414670483130361478e-01
3.418387762495713189e-01
3.421890045193983765e-01
3.425467987106537993e-01
3.427736665329098042e-01
3.430711232851185732e-01
3.436473656050767489e-01
3.439713562063633767e-01
3.444170617994641859e-01
3.446333942935761452e-01
3.449835743922454734e-01
3.455626584629345466e-01
3.461660004673836055e-01
3.465870460082918214e-01
3.470612789909154894e-01
3.473195022985693381e-01
3.475847700709612242e-01
3.481400332738517900e-01
3.483750705467384412e-01
3.488617899546024304e-01
3.493327282857813798e-01
3.500844552569383206e-01
3.506555069541937297e-01
3.510591099303126406e-01
3.517554763742576363e-01
3.524126380349110188e-01
3.530824515806523234e-01
3.536765001145271148e-01
3.541656700933755175e-01
3.548148823379728145e-01
3.555235398978500716e-01
3.561748264016020293e-01
3.567539159622019063e-01
3.574882082798077065e-01
3.583163751617770010e-01
3.590151710089286574e-01
3.597853263188431350e-01
3.605951535062495439e-01
3.613904672313677513e-01
3.621751334529790256e-01
3.629541958326782392e-01
3.637614484948033522e-01
3.645672469117898773e-01
3.653990119854705343e-01
3.661997620729263714e-01
3.670396191412643727e-01
2.585972009316762684e-06
2.601947172482692353e-06
1.257641287885262601e-03
2.922735036618996120e-03
4.596931795797917428e-03
6.264973079662424296e-03
7.915723226950981822e-03
9.649199309243584530e-03
1.140395323415962538e-02
1.318204527324739334e-02
1.499389935107909091e-02
1.684835759125597951e-02
1.865844896431490332e-02
2.047492114607378857e-02
2.235167147315882119e-02
2.427762228117114757e-02
2.623639838667579660e-02
2.823069729969912914e-02
3.023367604461970476e-02
3.227516405987373993e-02
3.433192066977371060e-02
3.644410089358732230e-02
3.855045969453502197e-02
4.071825952028310103e-02
4.294425767505600372e-02
4.519090118574012327e-02
4.743375984574331461e-02
4.965623945356248403e-02
5.190187476091006474e-02
5.410618976278388365e-02
5.633248084122131211e-02
5.855727237286768860e-02
6.078058527677779321e-02
6.305351291341752817e-02
6.527524035763601629e-02
6.760239520371709443e-02
6.986672838105470462e-02
7.212310744955485742e-02
7.437818553715633274e-02
7.661593914721699650e-02
7.889802159860935526e-02
8.116508870406208276e-02
8.344700512957761718e-02
8.568956672490850301e-02
8.797621772702693410e-02
9.025929114300269840e-02
9.245685327496697137e-02
9.472226390374773042e-02
9.700982287493156719e-02
9.925488033559658196e-02
1.015376536155469245e-01
1.038382284876613604e-01
1.061380836429595409e-01
1.084480833633926500e-01
1.107589897221287756e-01
1.130419144297162282e-01
1.153417829956814994e-01
1.176689103268619141e-01
1.199379767370970656e-01
1.221090646626815657e-01
1.242578398759932590e-01
1.265216842684423471e-01
1.287058833065764241e-01
1.308971670408167753e-01
1.330742059188773085e-01
1.352893108271248090e-01
1.375275374715983767e-01
1.398551820116218647e-01
1.421427022910053684e-01
1.445430440946758321e-01
1.469501871517984448e-01
1.493666690371456274e-01
1.517785396263479081e-01
1.542088652487501876e-01
1.566120533519415048e-01
1.589289568036445499e-01
1.612956976744044923e-01
1.634547341853777869e-01
1.656858650508313269e-01
1.678697751749944900e-01
1.700827037314731893e-01
1.721668614718475654e-01
1.744530430926954645e-01
1.766331360243511284e-01
1.787527636564292532e-01
1.809332530381719262e-01
1.828369881107915762e-01
1.844148737973179131e-01
1.857897193218993603e-01
1.872129400732261972e-01
1.882710478709006263e-01
1.890941904482762170e-01
1.898175945386153252e-01
1.905771236219834519e-01
1.913338990777818105e-01
1.922594635321007717e-01
1.930931429422023948e-01
1.938834404283792667e-01
1.947674417332612429e-01
1.955509959656319130e-01
1.963361743242362789e-01
1.970997667654319219e-01
1.976971761067904954e-01
1.982436388850131181e-01
1.987954463819340545e-01
1.992383934977359494e-01
1.997222494789066827e-01
1.999999755911369137e-01
2.002825680056365687e-01
2.005218139966438162e-01
2.007367587669835751e-01
2.009338304792392949e-01
2.010732217512741782e-01
2.012653360780274625e-01
2.013964840360193687e-01
2.014698891380106716e-01
2.014834745887612577e-01
2.014389919441999799e-01
2.013079461505342116e-01
2.011512598779608141e-01
2.009594335473303683e-01
2.006748953379827449e-01
2.003760949349428222e-01
1.999782553215296022e-01
1.996243137578841698e-01
1.992479404608094584e-01
1.988656259442904695e-01
1.983957739105703388e-01
1.979129796953964515e-01
1.973637022990726575e-01
1.967149783520220352e-01
1.961078716862170446e-01
1.953986730361649271e-01
1.940090517248161117e-01
1.926687501794550061e-01
1.913044855981731185e-01
1.899394806564854432e-01
1.885338242898509931e-01
1.871011771907585552e-01
1.856538617983910511e-01
1.841866369480957555e-01
1.827160984360932383e-01
1.812251483936498930e-01
1.797444902645903841e-01
1.782703114361083863e-01
1.767558264417697644e-01
1.753044144812822558e-01
1.738205502526326551e-01
1.723133387802099348e-01
1.707959578074134954e-01
1.692465252411035626e-01
1.677976933729966591e-01
1.663229532133603805e-01
1.647852672331095447e-01
1.632924397270516803e-01
1.618457749114926014e-01
1.604555855500991168e-01
1.590449858540644579e-01
1.576894745275216336e-01
1.563400356130268676e-01
1.550178488246901354e-01
1.537300768467984857e-01
1.524012170849227965e-01
1.510917590251990017e-01
1.498272613655564911e-01
1.487799835059964715e-01
1.478128255808268399e-01
1.468409522130268152e-01
1.459630280525459622e-01
1.451598503399268436e-01
1.443783376419874864e-01
1.436933966224341053e-01
1.430480704392026736e-01
1.424303301183685033e-01
1.418115077499024212e-01
1.412027849791183398e-01
1.404607264732210259e-01
1.397426300188900905e-01
1.390605946653780955e-01
1.382044074491017294e-01
1.375070551098662996e-01
1.367414265021661413e-01
1.359709953192817511e-01
1.352266446289701329e-01
1.345923006491507312e-01
1.339573116803442210e-01
1.333836696849796388e-01
1.328153350504008012e-01
1.323232354745192962e-01
1.318768603947687301e-01
1.315028383456696426e-01
1.312197976881771533e-01
1.309547421510128262e-01
1.307584873436004880e-01
1.306361579895453651e-01
1.305124250378860151e-01
1.304200040017457207e-01
1.303641679059643343e-01
1.303475149627009999e-01
1.303842611312690525e-01
1.304708177766041588e-01
1.306117307496276470e-01
1.308035291926315513e-01
1.310329734967984605e-01
1.313379332111619946e-01
1.316779479152683507e-01
1.320627090159303407e-01
1.324673490101168638e-01
1.329331084870845059e-01
1.334329717485299160e-01
1.339697741271735076e-01
1.346105870410346517e-01
1.352594908456103417e-01
1.360266004507899862e-01
1.368110900982400790e-01
1.376135696200014857e-01
1.384875992729749650e-01
1.393782863323425047e-01
1.403047111433542160e-01
1.412259379933828718e-01
1.422205804559717179e-01
1.432150106560246550e-01
1.442016306773839240e-01
1.452074981834038658e-01
1.462083937883448537e-01
1.472300512948903073e-01
1.482509744237588689e-01
1.493196710703816321e-01
1.503902614100845192e-01
1.514645771012282094e-01
1.525921997343213932e-01
1.536867631924395128e-01
1.547733163028737757e-01
1.559802865856309284e-01
1.572123591933524966e-01
1.584408764269133463e-01
1.596681064914587111e-01
1.609209211176787779e-01
1.621880892944526920e-01
1.634539409271024701e-01
1.647066797689925033e-01
1.659941652066802276e-01
1.673013013653075753e-01
1.686053154531718112e-01
1.699352904634126582e-01
1.712876522170738436e-01
1.726261015577706115e-01
1.739731016753300052e-01
1.753441820814352070e-01
1.767078181682088245e-01
1.780846822869691370e-01
1.794686209574776481e-01
1.808520899738816079e-01
1.822353585494010664e-01
1.836038856745155490e-01
1.849392441336170645e-01
1.862791301453654014e-01
1.876005488701569801e-01
1.889420369717541015e-01
1.902927000492606324e-01
1.915817086390303736e-01
1.929107713497059673e-01
1.942759062650055435e-01
1.956375517277555709e-01
1.969819100523038935e-01
1.984122956241491653e-01
1.998947384532700211e-01
2.014080760936955705e-01
2.029210489273875762e-01
2.044532237378659523e-01
2.059901786075904462e-01
2.075279699889976404e-01
2.090528275980941819e-01
2.105911215105090717e-01
2.121289937856439545e-01
