-1.999967873911303040e-01
-1.999967714049269429e-01
-1.978508673902877879e-01
-1.961043236430197179e-01
-1.943204775694742648e-01
-1.924689641223390202e-01
-1.906262819528712071e-01
-1.888019919751028064e-01
-1.869209052403917881e-01
-1.850384283276203246e-01
-1.831749529667588139e-01
-1.813595683204012321e-01
-1.796049139993252941e-01
-1.779301077497255912e-01
-1.763085720547021285e-01
-1.747330052096602027e-01
-1.733451123491367152e-01
-1.721932271995000319e-01
-1.716365316022806509e-01
-1.711470222277592379e-01
-1.707254768613709894e-01
-1.703877898916630329e-01
-1.700828310476511507e-01
-1.698389371081142907e-01
-1.695875252303553349e-01
-1.693709330420720971e-01
-1.691153924345278059e-01
-1.688733491907600248e-01
-1.685927005020733116e-01
-1.682849182116180342e-01
-1.679635641543531788e-01
-1.676659218166557108e-01
-1.674069596592532017e-01
-1.671824114973335940e-01
-1.669758630623899287e-01
-1.667841042754891479e-01
-1.666487746591845120e-01
-1.665410630375054879e-01
-1.664180596814284208e-01
-1.663125602743843467e-01
-1.662259035136008922e-01
-1.661540693935000534e-01
-1.660883398580198234e-01
-1.660155750283758280e-01
-1.659422785818479851e-01
-1.658628168499269862e-01
-1.657923360917710198e-01
-1.657323229213329141e-01
-1.656705354474390657e-01
-1.656021664154780637e-01
-1.655280557034431166e-01
-1.654692721843077363e-01
-1.654185020188418398e-01
-1.653769319945289917e-01
-1.653510018243391777e-01
-1.653295913174345211e-01
-1.652988133139065841e-01
-1.652710366811752374e-01
-1.652427088064582494e-01
-1.652083620467711678e-01
-1.651825623989335023e-01
-1.651521166089148229e-01
-1.651186704981893461e-01
-1.650844002683851675e-01
-1.650451688285978769e-01
-1.650061336015024860e-01
-1.649704544037692011e-01
-1.649348723257303695e-01
-1.649001141565830109e-01
-1.648624583148443346e-01
-1.648221448224679586e-01
-1.647840554081762554e-01
-1.647476706312957229e-01
-1.647194668471579915e-01
-1.646931023266130778e-01
-1.646727014559046520e-01
-1.646568697508721535e-01
-1.646406846661357393e-01
-1.646274606053880485e-01
-1.646097550088326811e-01
-1.645970221375523401e-01
-1.645851564199898032e-01
-1.645756424489871472e-01
-1.645638310561873818e-01
-1.645505098354494711e-01
-1.645369088621017051e-01
-1.645269932570514460e-01
-1.645133921486459649e-01
-1.644965556680430818e-01
-1.644757677218897096e-01
-1.644580538421439309e-01
-1.644391752508999605e-01
-1.644217936295354066e-01
-1.643968486402350160e-01
-1.643715131525042561e-01
-1.643428483574204957e-01
-1.643107997507362306e-01
-1.642765171843597605e-01
-1.642440068519185892e-01
-1.642078275463461634e-01
-1.641732490495161068e-01
-1.641382802192119239e-01
-1.641007659286635723e-01
-1.640623000832092671e-01
-1.640166131771500779e-01
-1.639664630791578259e-01
-1.639174396125952782e-01
-1.638745034190144112e-01
-1.638294687853646403e-01
-1.637837422555391553e-01
-1.637400781784667247e-01
-1.636935002384438120e-01
-1.636419992206660790e-01
-1.635906366123073830e-01
-1.635352515380892602e-01
-1.634776369029692367e-01
-1.634239917638312112e-01
-1.633655118490978664e-01
-1.633097313381193239e-01
-1.632454997121825513e-01
-1.631801136869396318e-01
-1.631143893241290277e-01
-1.630495192648309111e-01
-1.629813867998482213e-01
-1.629164128478808315e-01
-1.628505412018436682e-01
-1.627820354636121958e-01
-1.627125509932605130e-01
-1.626535429798698640e-01
-1.625912379999237822e-01
-1.625314109937772422e-01
-1.624699228121190830e-01
-1.624067691061927277e-01
-1.623386197484436577e-01
-1.622732666851375571e-01
-1.622054337387758005e-01
-1.621420026291099936e-01
-1.620756408685285199e-01
-1.619994132874275905e-01
-1.619234900412927225e-01
-1.618419018810437204e-01
-1.617660748782628888e-01
-1.616908714675801828e-01
-1.616106875376754348e-01
-1.615259436574059682e-01
-1.614399237496391970e-01
-1.613465771566690021e-01
-1.612534614040717074e-01
-1.611602837472549399e-01
-1.610679128743163491e-01
-1.609704010183974077e-01
-1.608805873844335599e-01
-1.607929499806780294e-01
-1.607008945805402100e-01
-1.606143426037306421e-01
-1.605294332760854592e-01
-1.604477940220467302e-01
-1.603733018067167448e-01
-1.602939568263729020e-01
-1.602181169395472948e-01
-1.601440267558728869e-01
-1.600657066460285383e-01
-1.599837381560214045e-01
-1.599032207705268216e-01
-1.598240654168733010e-01
-1.597507414103390422e-01
-1.596832430519846135e-01
-1.596177082692672167e-01
-1.595570148706816072e-01
-1.595032288716922708e-01
-1.594530171772635674e-01
-1.593969008619419980e-01
-1.593401976383002627e-01
-1.592793557452979181e-01
-1.592135289734192272e-01
-1.591456605003953861e-01
-1.590857232893415352e-01
-1.590239154773956110e-01
-1.589600856040941923e-01
-1.589010319347137767e-01
-1.588361297726264276e-01
-1.587785643225347598e-01
-1.587136069166975583e-01
-1.586427372613273823e-01
-1.585646877994042192e-01
-1.584828773462265417e-01
-1.583905059988673925e-01
-1.583043758364721387e-01
-1.582154765006559272e-01
-1.581255733939920527e-01
-1.580440294433710646e-01
-1.579616957836974533e-01
-1.578751582217572946e-01
-1.577924901533712398e-01
-1.577155978712672102e-01
-1.576379196552264161e-01
-1.575596460166264479e-01
-1.574848843017808420e-01
-1.574086830504704271e-01
-1.573364557525976926e-01
-1.572521448406990208e-01
-1.571590797890410618e-01
-1.570702890626206050e-01
-1.569790728069282715e-01
-1.568938911097821631e-01
-1.568120699654075301e-01
-1.567243438276205714e-01
-1.566390666458355452e-01
-1.565485796021975351e-01
-1.564590435063048790e-01
-1.563637530918106922e-01
-1.562694374796779473e-01
-1.561746274571291226e-01
-1.560792885529768692e-01
-1.559815287850460919e-01
-1.558886733610003739e-01
-1.557873950821451192e-01
-1.556850391944232248e-01
-1.555900139922458403e-01
-1.554908138846320953e-01
-1.553949401539485020e-01
-1.552918222241054802e-01
-1.551920789036170534e-01
-1.550857067605855011e-01
-1.549765080058265743e-01
-1.548589261196978983e-01
-1.547449861236948887e-01
-1.546295157535438614e-01
-1.545157172553912051e-01
-1.544021004587562140e-01
-1.542876798337332600e-01
-1.541777403426737580e-01
-1.540654120971566565e-01
-1.539605193207973510e-01
-1.538677109525532494e-01
-1.537793171496207867e-01
-1.536930482350655769e-01
-1.536102031762549558e-01
-1.535249698061725843e-01
-1.534313749840529317e-01
-1.533400577919721008e-01
-1.532465127470977184e-01
-1.531573625717321807e-01
-1.530750390649942005e-01
-1.530001897753521800e-01
-1.529284865282511119e-01
-1.528568146669770367e-01
-1.527822227537110888e-01
-1.527107087599872126e-01
-1.526482957584360811e-01
-1.525892648213620639e-01
-1.525325720988157385e-01
-1.524762152361818501e-01
-1.524203159350370484e-01
-1.523679367062031609e-01
-1.523191062269715346e-01
-1.522728548128833015e-01
-1.522251792759592159e-01
-1.521865234427802471e-01
-1.521519112910504901e-01
-1.521212597039860170e-01
-1.520959843349184992e-01
-1.520754292400277041e-01
-1.520604598787045070e-01
-1.520513137522443159e-01
-1.520486296706203277e-01
-1.520523493637006285e-01
-1.520623178544782406e-01
-1.520779275336557601e-01
-1.520985418268313849e-01
-1.521230480904970928e-01
-1.521488223196024447e-01
-1.521816756935198689e-01
-1.522209098111237946e-01
-1.522641763675705306e-01
-1.523121602155536880e-01
-1.523654312999771776e-01
-1.524234780422299151e-01
-1.524852158868534868e-01
-1.525488596690165455e-01
-1.526150663795607654e-01
-1.526884031595030222e-01
-1.527629484502893986e-01
-1.528451931944948550e-01
-1.529390185480282160e-01
-1.530404645324018875e-01
-1.531448707999962799e-01
-1.532538504697949777e-01
-1.533634644635261668e-01
-1.534880755994232626e-01
-1.536151458326930064e-01
-1.537394188142799378e-01
-1.538798130787807361e-01
-1.540211953595712890e-01
-1.541621928996453061e-01
-1.543117502606057012e-01
-1.544879071196043896e-01
-1.546651264675964754e-01
-1.548537114582645702e-01
-1.550435646814678770e-01
-1.552408406147816056e-01
-1.554391874225343473e-01
-1.556449869475270420e-01
-1.558679327723337393e-01
-1.561001299028871581e-01
-1.563358022124146096e-01
-1.565958133661180252e-01
-1.568579101013141408e-01
-1.571177543616867622e-01
-1.573829211777350023e-01
-1.576581169447441033e-01
-1.579399003627135756e-01
-1.582195854895640519e-01
-1.585295183053896384e-01
-1.588503849736462303e-01
-1.591639785056871148e-01
-1.594928553125329607e-01
-1.598184444318505315e-01
-1.601529701098420300e-01
-1.604919608578242174e-01
-1.608208478020685672e-01
-1.611538024346388653e-01
-1.614725570301480118e-01
-1.617803557937702585e-01
-1.620885719201398956e-01
-1.624148612051250773e-01
-1.627350181539328755e-01
-3.999967682171789995e-01
-3.999967522631363015e-01
-3.984322022957314524e-01
-3.987187876781557172e-01
-3.988823745959482192e-01
-3.989391842957057954e-01
-3.990788961721276618e-01
-3.994084018325516627e-01
-3.996763936748604640e-01
-4.001426847170567180e-01
-4.007174355846832015e-01
-4.012607619301468143e-01
-4.016321632741097214e-01
-4.022654931788013921e-01
-4.029687032728990204e-01
-4.035885634421891299e-01
-4.041755538951683491e-01
-4.047209375271966780e-01
-4.052864683479063812e-01
-4.057994692155446059e-01
-4.063154828707974953e-01
-4.068159615680868035e-01
-4.073289435245002199e-01
-4.078380917691714069e-01
-4.083066149582310067e-01
-4.087704565331663487e-01
-4.091802038567364797e-01
-4.095565349586062220e-01
-4.099278257664698555e-01
-4.102954013947726630e-01
-4.106149619276238116e-01
-4.108963802585619551e-01
-4.111483122494691278e-01
-4.113582811673122119e-01
-4.115404448002060733e-01
-4.116842994564080538e-01
-4.118009047074956408e-01
-4.118780566275082600e-01
-4.119255291381385131e-01
-4.119437248639949978e-01
-4.119303706471883486e-01
-4.118865988079953300e-01
-4.118337881616941365e-01
-4.117714110028777852e-01
-4.117041199575445787e-01
-4.116225446566338930e-01
-4.115307780864079223e-01
-4.114331357805598444e-01
-4.113322235635768487e-01
-4.112293507112982915e-01
-4.111293372454134509e-01
-4.110221959629168365e-01
-4.109144136744124487e-01
-4.107890201818120701e-01
-4.106607486856720945e-01
-4.105174302311505041e-01
-4.103710688674973572e-01
-4.102153669587760842e-01
-4.100516827016240096e-01
-4.098785898010984807e-01
-4.097010321281838174e-01
-4.095142946724817379e-01
-4.093190281012765164e-01
-4.091258818302972999e-01
-4.089282648465909498e-01
-4.087281819216907475e-01
-4.085200221859174863e-01
-4.083128525763167205e-01
-4.080997325107114659e-01
-4.078547257591855768e-01
-4.075995289449754200e-01
-4.073471039364897628e-01
-4.070942926981970245e-01
-4.068229403857910875e-01
-4.065517042418196336e-01
-4.062719158941040520e-01
-4.059684678565140259e-01
-4.056184364191792735e-01
-4.052551317890666360e-01
-4.048690063439012166e-01
-4.044355170506774844e-01
-4.039661771003836277e-01
-4.034189183339016993e-01
-4.028513249794492546e-01
-4.022246668571812234e-01
-4.015523636524193085e-01
-4.008843447395662452e-01
-4.002487579662706851e-01
-3.995998423680454659e-01
-3.989958409207378653e-01
-3.983699074575802745e-01
-3.977657500946377711e-01
-3.971195927523816227e-01
-3.964229087505792837e-01
-3.957043463233060887e-01
-3.949847003291930836e-01
-3.942377634436350919e-01
-3.934425752350185213e-01
-3.926547934731349221e-01
-3.919277944146944970e-01
-3.911897124014594440e-01
-3.904410152181923555e-01
-3.896545125659335862e-01
-3.888875693264913225e-01
-3.880366049926166072e-01
-3.872396168127947291e-01
-3.864478789031961514e-01
-3.855915520162679355e-01
-3.847261151895797759e-01
-3.838560068481070564e-01
-3.830442299686596663e-01
-3.821952587387818512e-01
-3.813465631999138905e-01
-3.828584716607867366e-01
-3.844015700169761129e-01
-3.859714955144521453e-01
-3.875197954037352122e-01
-3.890440653469307564e-01
-3.905503433447938266e-01
-3.920591416526387762e-01
-3.936004747675553306e-01
-3.951093674045420556e-01
-3.966232852426833100e-01
-3.981365915068366124e-01
-3.996136636293119437e-01
-4.010415368246621481e-01
-4.024675727279469206e-01
-4.039358628958369390e-01
-4.054333529643886491e-01
-4.069425631861225967e-01
-4.084045094584489166e-01
-4.098677014627090665e-01
-4.112642332679266044e-01
-4.125889561147588203e-01
-4.138632575552746440e-01
-4.150644286316135800e-01
-4.162816453338490374e-01
-4.174533840108287097e-01
-4.186565913440623565e-01
-4.198377102657716020e-01
-4.209615043214077201e-01
-4.220696564099011283e-01
-4.231796784780679221e-01
-4.242813195315751629e-01
-4.253752441807692741e-01
-4.264447855688184852e-01
-4.274660764001544933e-01
-4.284756584990460082e-01
-4.294445759711323363e-01
-4.304104452121014224e-01
-4.313415445431578732e-01
-4.322608945394654789e-01
-4.331799547027155861e-01
-4.341083052810897902e-01
-4.350595246915932579e-01
-4.359989930982153261e-01
-4.368909082575626046e-01
-4.377196182703225191e-01
-4.385167296936062220e-01
-4.393215546827368145e-01
-4.401269917464626924e-01
-4.408986445971036505e-01
-4.416754425934145134e-01
-4.424117575205258612e-01
-4.431431193698692206e-01
-4.438482120636093597e-01
-4.445099204267073945e-01
-4.451559169746343025e-01
-4.457740060404224436e-01
-4.463766260048543932e-01
-4.469909083458209476e-01
-4.475930566427406831e-01
-4.481947198268049770e-01
-4.487635292404432152e-01
-4.493240849171715734e-01
-4.498832145614620193e-01
-4.504398766565275158e-01
-4.509882308538412099e-01
-4.515099933347001548e-01
-4.520194243746321061e-01
-4.524870108560631321e-01
-4.529318375738483060e-01
-4.533854435162906760e-01
-4.538177885497243769e-01
-4.542370947690696492e-01
-4.546273335307825514e-01
-4.550170464522641511e-01
-4.553805479963327629e-01
-4.557373172427263142e-01
-4.560860835882745157e-01
-4.564135780945545173e-01
-4.567265230372832274e-01
-4.570210158804604017e-01
-4.573012298024909938e-01
-4.575653990986910391e-01
-4.578234381031380806e-01
-4.580653103107102941e-01
-4.582948842952517809e-01
-4.585148575903349455e-01
-4.587201579127577200e-01
-4.589115996704241085e-01
-4.590966996184054905e-01
-4.592661054565762013e-01
-4.594343011809137178e-01
-4.596015257112069374e-01
-4.597589998976584491e-01
-4.599097937951641679e-01
-4.600577073880123824e-01
-4.601997406803804980e-01
-4.603314317315629900e-01
-4.604451708655326048e-01
-4.605545037679537046e-01
-4.606570873397985988e-01
-4.607552317766681615e-01
-4.608446504798333621e-01
-4.609312075818722820e-01
-4.610108015834349371e-01
-4.610905424471795633e-01
-4.611629636885246075e-01
-4.612311247072909404e-01
-4.612970950702303674e-01
-4.613608460019741342e-01
-4.614208436296106663e-01
-4.614789413201211277e-01
-4.615361981630626276e-01
-4.615925880548624183e-01
-4.616476730570570064e-01
-4.616975652033580291e-01
-4.617429594781499169e-01
-4.617807909621901574e-01
-4.618097880922141796e-01
-4.618279962412759621e-01
-4.618361198006929458e-01
-4.618352653247047024e-01
-4.618264309452084215e-01
-4.618086295060552238e-01
-4.617821968334887006e-01
-4.617476570723909601e-01
-4.617045508898833805e-01
-4.616512178957887236e-01
-4.615919757988946048e-01
-4.615333526884394244e-01
-4.614681168012006451e-01
-4.613992176523323274e-01
-4.613271549525594928e-01
-4.612500699969211970e-01
-4.611694134664359179e-01
-4.610839914937648332e-01
-4.609969599210003155e-01
-4.609088129335925377e-01
-4.608147091368585135e-01
-4.607177962732341148e-01
-4.606152087914938686e-01
-4.605080504785447615e-01
-4.603953772975678538e-01
-4.602718287135800779e-01
-4.601367885198586749e-01
-4.599859088894363013e-01
-4.598139063966449891e-01
-4.596274655674574827e-01
-4.594233344458812929e-01
-4.591972805095089760e-01
-4.589549567296449806e-01
-4.587009861191062021e-01
-4.584342112820583015e-01
-4.581540512174170909e-01
-4.578566454908652439e-01
-4.575388992205582372e-01
-4.572138118788773298e-01
-4.568788519315777341e-01
-4.565258547541377054e-01
-4.561656383561283334e-01
-4.557989921226991981e-01
-4.554271648835900299e-01
-4.550481918958173000e-01
-4.546620360229327584e-01
-4.542840235889520351e-01
-4.538968036816504736e-01
-4.535150117875251241e-01
-4.531158296701256472e-01
-4.527141934598729045e-01
-4.522990945638642457e-01
-4.518722240544116864e-01
-4.514336560940436782e-01
-4.509826324626636795e-01
-4.505285273062254459e-01
-4.500758912523319943e-01
-4.496163810268661853e-01
-4.491555362467548607e-01
-4.487053995493183733e-01
-4.482500164839066104e-01
-4.477881484661541123e-01
-4.473411504888360479e-01
-4.468838821042376841e-01
-4.464195147337520209e-01
-4.459258615411653137e-01
-4.454273691546618563e-01
-4.449406722943495263e-01
-4.444571056738831905e-01
-4.439671297448924969e-01
-4.434618966835750520e-01
-4.429526300421572360e-01
-4.424398084182387114e-01
-4.419086642008038246e-01
-4.413577718470229616e-01
-4.408025013228807909e-01
-4.402526554262298775e-01
-4.396997328988134224e-01
-4.391313270972205252e-01
-4.385686142302669399e-01
-4.380306993275954741e-01
-4.374710871192482031e-01
-4.369372822877609641e-01
-4.363510980257764293e-01
-4.357601244781343919e-01
-4.351552203318684864e-01
-4.345426432921117854e-01
-4.339253059762686604e-01
-4.333395740932126650e-01
-4.327352302546143004e-01
-4.321294952159953073e-01
-4.314638751791420868e-01
-4.307947315404873079e-01
-4.301275099293591087e-01
-4.294103481965229618e-01
-4.286537437561419028e-01
-4.278778222485518645e-01
-4.271157244198107716e-01
-4.263409772971795686e-01
-4.255934009858657885e-01
-4.247994840237852565e-01
-4.239744985785062759e-01
-4.231564409966497298e-01
-4.223164075191011002e-01
-4.214195290754653711e-01
-4.205179461268356844e-01
-4.196291793050891394e-01
-4.186997563921041055e-01
-4.177215224589774789e-01
-4.167671347755534939e-01
-4.158300752312110715e-01
-4.149505182659077862e-01
-4.161173891415969606e-01
-4.165304949805791468e-01
-4.170856778613084015e-01
-4.173680693573302847e-01
-4.176314438773292559e-01
-4.176915306676557416e-01
-4.180839001290956869e-01
-4.183167383646435034e-01
-4.187571337637203683e-01
-4.192677304318939147e-01
-4.194554580404026289e-01
-4.192426002610284974e-01
-4.195209657515548418e-01
-4.192882476337257414e-01
-4.189656718909727795e-01
-4.182862571782290373e-01
-4.175505608530537538e-01
-4.172894107841658151e-01
-4.170455382347454387e-01
-4.169408434468915847e-01
-4.164219371150656990e-01
-4.162793458397483493e-01
-4.164663688314843570e-01
-4.169131078875573659e-01
-4.171934238850663057e-01
-4.175502618007205236e-01
-4.174557518105551090e-01
-4.171721571714384624e-01
-4.169238699342993071e-01
-4.166442092318222712e-01
-4.164788550930936806e-01
-4.161900409950834434e-01
-4.156317837273037497e-01
-4.151359192355610350e-01
-4.149934204872502974e-01
-4.145873359479450015e-01
-4.146592656563400370e-01
-4.147170947936784646e-01
-4.144333948538856394e-01
-4.138929473138917570e-01
-4.136348522947426165e-01
-4.137094214483957311e-01
-4.131226834724642250e-01
-4.126529213279656605e-01
-4.119368654281824194e-01
-4.094059959161748252e-01
-4.099856503656775786e-01
-4.102093532310800983e-01
-4.109603857814263517e-01
-4.113158548676393300e-01
-4.116993941444439531e-01
-4.123430956642543666e-01
-4.129683907039056745e-01
-4.134818671337103790e-01
-4.141399073756438787e-01
-4.148072012849616796e-01
-4.155317763855337909e-01
-4.162635726259582558e-01
-4.170351982471037222e-01
-4.177355173827949630e-01
-4.184469676677591288e-01
-4.192169002018030222e-01
-4.199346015933462795e-01
-4.206671409446122722e-01
-4.214105017705827017e-01
-4.221283278146961138e-01
-4.228641147481080886e-01
-4.236125092100023748e-01
-4.243368283772001037e-01
-4.250825125045049058e-01
-4.258176953811507737e-01
-4.265971252844266703e-01
-4.273700232314772141e-01
-4.281095038794401897e-01
-4.288423809029222045e-01
-4.295626765728329244e-01
-4.302629574381278688e-01
-4.309395636302870702e-01
-4.316719852703629345e-01
-4.323557637905374174e-01
-4.330373641033691268e-01
-4.337066178012960460e-01
-4.344223992242894905e-01
-4.350923040458911650e-01
-4.357685890532519979e-01
-4.364272466955345098e-01
-4.370844382384949101e-01
-4.377347715559213870e-01
-4.383527185828096084e-01
-4.390144627792634813e-01
-4.396741032266737736e-01
-4.403567259581327442e-01
-4.410264037612899313e-01
-4.416787038194744941e-01
-4.423239037668225682e-01
-4.429481271750062010e-01
-4.435724158417361784e-01
-4.442919552833258234e-01
-4.449621768615652506e-01
-4.456035916424602172e-01
-4.462561887142881822e-01
-4.469463415579156274e-01
-4.476655511707849922e-01
-4.483847522517595552e-01
-4.490426937787183048e-01
-4.496559007762132021e-01
-4.502826836626747653e-01
-4.509430696760737822e-01
-4.515685601967570073e-01
-4.522227573487982988e-01
-4.529127320728758566e-01
-4.536474328504425113e-01
-4.544218574394681687e-01
-4.551747007072309281e-01
-4.559874641242053217e-01
-4.567663291442479734e-01
-4.575540188042436229e-01
-4.583634021971103034e-01
-4.592038937905217888e-01
-4.601010934139337372e-01
-4.610124579084331486e-01
-4.619158526166700640e-01
-4.628018839220963687e-01
-4.636465501874862949e-01
-4.644840335298739964e-01
-4.653147505582166943e-01
-4.661693083545231930e-01
-4.669582307954246447e-01
-4.678171759825104359e-01
-4.686276303545001132e-01
-4.695001318012257951e-01
-4.703487476375378673e-01
-4.712349886990907510e-01
-4.721263487256359692e-01
-4.730210360307449680e-01
-4.739473107050666267e-01
-4.748320112400987725e-01
-4.757108663370210877e-01
-4.765899465638452903e-01
-4.774447657518273158e-01
-4.782370135528119515e-01
-4.789961112883953098e-01
-4.797219600456577027e-01
-4.804762916538287132e-01
-4.811377506129349002e-01
-4.818533230263383205e-01
-4.825647008284088546e-01
-4.833009934316094269e-01
-4.840691540956319483e-01
-4.848705582686002602e-01
-4.856520508282289872e-01
-4.864310316396055489e-01
-4.872599741294296738e-01
-4.880648096115199897e-01
-4.888595396519330172e-01
-4.896281526882181323e-01
-4.903910982489957382e-01
-4.912013265249287608e-01
-4.920041905576744701e-01
-4.927896285342381888e-01
-4.936184604873129489e-01
-4.943690911627669493e-01
-4.951168236568959102e-01
-4.958668862759427753e-01
-4.966104180622016306e-01
-4.973770634443403504e-01
-4.981453452817768968e-01
-4.989099131040565793e-01
-4.997452519534462123e-01
-5.005424758306998845e-01
-5.013704707300304930e-01
-5.022123686753525718e-01
-5.030816864309981540e-01
-5.040142863675836082e-01
-5.049229696484561769e-01
-5.058523638624817798e-01
-5.067601913583665851e-01
-5.076527177172607264e-01
-5.085410353524436600e-01
-5.094186331742582841e-01
-5.103366791757687482e-01
-5.113371807433990668e-01
-5.123021770066273906e-01
-5.133463736634163999e-01
-5.143332315463138293e-01
-5.153432578096449612e-01
-5.163962997701517788e-01
-5.173937075939771812e-01
-5.184412995500261578e-01
-5.195106737734694891e-01
-5.205999549401926219e-01
-5.217150842936983945e-01
-5.228401485151170647e-01
-5.239812703857701370e-01
-5.250908556734105170e-01
-5.262271045079441878e-01
-5.273440878106551155e-01
-5.285136020945437885e-01
-5.296319987844307908e-01
-5.307021071335692453e-01
4.000026368005101807e-01
4.000026527890110928e-01
4.010427242748879628e-01
4.019238856336205812e-01
4.026965141507801715e-01
4.019994002207423756e-01
4.008997982150952488e-01
3.996992279960253636e-01
3.983914478450645835e-01
3.970543043186463561e-01
3.956675172198290680e-01
3.942521798027011082e-01
3.928124146019408292e-01
3.913585930291111348e-01
3.899168277393240123e-01
3.884626276450378057e-01
3.870089840228645994e-01
3.855869383460793776e-01
3.841968496517574327e-01
3.827936505858465788e-01
3.813959325561163127e-01
3.799843738761190526e-01
3.785841053696015202e-01
3.771980873278497071e-01
3.758129049920939102e-01
3.744745311781816355e-01
3.731670331590287160e-01
3.718879395671398358e-01
3.706220411660621772e-01
3.694491285132466274e-01
3.683174154063044714e-01
3.672098832878075703e-01
3.661332427069692308e-01
3.651121367180846788e-01
3.641435139944857458e-01
3.632203283889428036e-01
3.623568557463608397e-01
3.615219870737139685e-01
3.607237684126218813e-01
3.599669722560324692e-01
3.592310325179610686e-01
3.585440359390487663e-01
3.579056301310694632e-01
3.573222495870481130e-01
3.567470233333409069e-01
3.562263456996868638e-01
3.557643499675460785e-01
3.553783824886434517e-01
3.550463210010220139e-01
3.547615973987507387e-01
3.545356605413244044e-01
3.543705526258404404e-01
3.542656673823574298e-01
3.543672418081278419e-01
3.544345371898581787e-01
3.544604355443821686e-01
3.544423421061965729e-01
3.543863400669192698e-01
3.542903506346540832e-01
3.541473384636044108e-01
3.539576568050326610e-01
3.537107415491198004e-01
3.534046561353075266e-01
3.530457693319009049e-01
3.526414607647468946e-01
3.521698728820220614e-01
3.516649639641237779e-01
3.510987750132606999e-01
3.505611862387488231e-01
3.499596553408563238e-01
3.493890619321033397e-01
3.488911702696914641e-01
3.489753996270539282e-01
3.491448515058998558e-01
3.498903950453731704e-01
3.507738283254833722e-01
3.517479215855431884e-01
3.528251129526798202e-01
3.538956287115565535e-01
3.549996534193448072e-01
3.561405506050223657e-01
3.573480129238297276e-01
3.585212255655582103e-01
3.597577718684157877e-01
3.610192661207355380e-01
3.622628973635701466e-01
3.634204811146897196e-01
3.645727770086770181e-01
3.657083028351039711e-01
3.667981975664225680e-01
3.677999879488005885e-01
3.683628184253129323e-01
3.684695187834425290e-01
3.681800207983075834e-01
3.675985410776690943e-01
3.666466615223551995e-01
3.656043895225096763e-01
3.644926507727957454e-01
3.633613669911214261e-01
3.622521714995493580e-01
3.612056903406697383e-01
3.601828795148050433e-01
3.593297666012767455e-01
3.585663659787405866e-01
3.578598445525175697e-01
3.571908140472099813e-01
3.565862723045132854e-01
3.560128859998580864e-01
3.555016037365482107e-01
3.549988897535090726e-01
3.545342748326358873e-01
3.540774274875734817e-01
3.536075092532900421e-01
3.531102060373666474e-01
3.525732723886286779e-01
3.519976294799714300e-01
3.514883673285351118e-01
3.509158543282631659e-01
3.504066321764976455e-01
3.499065932777480348e-01
3.494430581804024993e-01
3.489274785953583313e-01
3.484062224105672345e-01
3.478531810319844264e-01
3.473398375219153289e-01
3.467740149518506176e-01
3.462625336975223567e-01
3.457198092430142644e-01
3.451795349269489721e-01
3.446595239151012402e-01
3.441630571681756345e-01
3.436957151325297777e-01
3.432450737751999159e-01
3.428217605197796947e-01
3.424132358794680364e-01
3.420174563618478825e-01
3.416300184878701129e-01
3.412695872729302748e-01
3.409359568287529951e-01
3.406285320730220167e-01
3.403412620051689541e-01
3.400724153935347216e-01
3.398328231363377805e-01
3.396283415869028044e-01
3.394407908960961895e-01
3.392736698247261207e-01
3.391345921217051029e-01
3.390224896469588578e-01
3.389356587511626606e-01
3.388677780972114140e-01
3.388226401299204715e-01
3.387968839673390353e-01
