3.999967575453975965e-01
3.999967416115172703e-01
3.985816850625333863e-01
3.971279837654242972e-01
3.957185890506192405e-01
3.943493484633205926e-01
3.929586399868247870e-01
3.915778088658518064e-01
3.902408751281167265e-01
3.889378114732187641e-01
3.876351938427070043e-01
3.863853446306704797e-01
3.850670167577041614e-01
3.836982459907256615e-01
3.823033594248022027e-01
3.808912372364468002e-01
3.795121520428791917e-01
3.781121815364420491e-01
3.767282595397845046e-01
3.753371650172625529e-01
3.739021081213107500e-01
3.724954786047319222e-01
3.711345431490973845e-01
3.698094376317397347e-01
3.684674784007914705e-01
3.671368664855521047e-01
3.658713770205672677e-01
3.646689868556933778e-01
3.635136685478624896e-01
3.623437999374232166e-01
3.611703018785610286e-01
3.599775132085089591e-01
3.587214703501196977e-01
3.574783491883474218e-01
3.562422293266270246e-01
3.549693757863077170e-01
3.537263804452691063e-01
3.525041791650326828e-01
3.512775936239911356e-01
3.501124001830341892e-01
3.489607720744863362e-01
3.477610061246500517e-01
3.465749377615981452e-01
3.453703718405511935e-01
3.441592701222274120e-01
3.429567053499515406e-01
3.417543087527132317e-01
3.405567364312210854e-01
3.393951672083541649e-01
3.382797126476731475e-01
3.371759871335305858e-01
3.360494006764592201e-01
3.349810954858308265e-01
3.339401708731427609e-01
3.328689635140409941e-01
3.317874402080461249e-01
3.307278404494393143e-01
3.296939264815627602e-01
3.286768492301318512e-01
