2.208764369841045013e-06
2.224574982445097961e-06
1.290437496969823331e-03
2.929409363390737212e-03
4.584856511579780275e-03
6.248106695564698519e-03
7.908276882963886575e-03
9.588129299315907919e-03
1.128911024787863579e-02
1.299016859059009925e-02
1.469128774760764845e-02
1.639169774467304219e-02
1.809288928374826882e-02
1.979411654009687396e-02
2.144991865212109855e-02
2.309003742713073778e-02
2.471778181554078885e-02
2.628289323777424635e-02
2.784996675344377642e-02
2.934803805342470900e-02
3.078972889230283810e-02
3.220712972042179961e-02
3.353946768483215962e-02
3.500954943559137639e-02
3.635961223488099608e-02
3.780749843570693769e-02
3.919784879154176310e-02
4.064482559475288137e-02
4.211633713278219865e-02
4.367306020777490805e-02
4.522999799868818172e-02
4.667186504852537804e-02
4.818603360218484677e-02
4.967094249956586355e-02
5.113125241245570357e-02
5.260021591810371683e-02
5.400516272612895102e-02
5.540485859401352714e-02
5.686906350086491646e-02
5.830844147376708364e-02
5.976203631075072131e-02
6.115387534358206201e-02
6.249959728801302711e-02
6.390920409243477929e-02
6.534404399401842756e-02
6.683464884541333306e-02
6.839506637230231834e-02
6.995146070097578439e-02
7.149985563808258782e-02
7.307328030512173778e-02
7.462803166394509080e-02
7.617062730870402532e-02
7.776381887840673468e-02
7.935771862132619259e-02
8.100804488168215911e-02
8.261800983792372266e-02
