4.000031126154753869e-01
4.000031286410487552e-01
4.018932022529897452e-01
4.015665707195292811e-01
4.013016591718196469e-01
4.009125866354880108e-01
4.004867878790810409e-01
4.001247503238301584e-01
3.997652113823855213e-01
3.994211773374809482e-01
3.990864621548191882e-01
3.988106855763620673e-01
3.984482570998693074e-01
3.981211936988126032e-01
3.978845998847576615e-01
3.975523652878141800e-01
3.974228385268434582e-01
3.971334016408221146e-01
3.970284435623098740e-01
3.972029440903336317e-01
3.973550020190328436e-01
3.975159034809830350e-01
3.979974090429132527e-01
3.985399172144826196e-01
3.994091551143242325e-01
4.003108231571088083e-01
4.011804479927229550e-01
4.024350736918250182e-01
4.036259593656884581e-01
4.048236487809752648e-01
4.060514278864311710e-01
4.072166188806022880e-01
4.083442936553945968e-01
4.096202294750722062e-01
4.109305916798181024e-01
4.122230464413420559e-01
4.134546151799576852e-01
4.146476743813907739e-01
4.158333783313728493e-01
4.169857724427399326e-01
4.182206006451804070e-01
4.194629264525140955e-01
4.206443584795562796e-01
4.218282983986600398e-01
4.229578438425365405e-01
4.240767511361726028e-01
4.251194183512645441e-01
4.261698905102890844e-01
4.271629334020899393e-01
4.281255029751840357e-01
4.290444753631488806e-01
4.298965058167149023e-01
4.308507461590447285e-01
4.317401136054100363e-01
4.326031827858347056e-01
4.334958096916948223e-01
4.344170414615853848e-01
4.352784828607388357e-01
4.361546122759689115e-01
4.369660682305406829e-01
4.377612923460424410e-01
4.385439629524276461e-01
4.394123957967663863e-01
4.402259616351906768e-01
4.410147965766083589e-01
4.418862682986101076e-01
4.427272555387838371e-01
4.435231993761848401e-01
4.443270638382502691e-01
4.451495526789209789e-01
4.459234757247056979e-01
4.466302629027601445e-01
4.473311609529093680e-01
4.479548272660373032e-01
4.485040246619502180e-01
4.489879713719765464e-01
4.494091331728261585e-01
4.497916573937493778e-01
4.501497481706508430e-01
4.504839850734961293e-01
4.507955531714067932e-01
4.510803138663520562e-01
4.513706472135678438e-01
4.516723553006131153e-01
4.519742354398283979e-01
4.522509070602940273e-01
4.525039291827605559e-01
4.527414063110210551e-01
4.529466674992844721e-01
4.531373220007399172e-01
4.533031629113714045e-01
4.534373694989912162e-01
4.535505516970181339e-01
4.536371598877517175e-01
4.536969512780164582e-01
4.537295958112272376e-01
4.537324080540144911e-01
4.537064235303928661e-01
4.536536240951475896e-01
4.535732598367781532e-01
4.534734061574783870e-01
4.533463545161898756e-01
4.532002794512522414e-01
4.530333875323027115e-01
4.528335375059827639e-01
4.525881135260600430e-01
4.523008091801570818e-01
4.519401097430157388e-01
4.515317633022751798e-01
4.510937845619651942e-01
4.506052328410998231e-01
4.500983395968732315e-01
4.495506673884281379e-01
4.489570945294049098e-01
4.483638593197754596e-01
4.477477658809939087e-01
4.471385384096746574e-01
4.465292135855581379e-01
4.459014006982750522e-01
4.452734363735870171e-01
4.446602698330913150e-01
4.440028987410012951e-01
4.433200246652319598e-01
4.426192299941669184e-01
4.419180839762306690e-01
4.411991366774135614e-01
4.404853641385145235e-01
4.397111756486142831e-01
4.388670720149904225e-01
4.379691139438680603e-01
4.369897887526396629e-01
4.359791137927651605e-01
4.349876584040310301e-01
4.339711795234475478e-01
4.329144026877921880e-01
4.318602490716303977e-01
4.307580463737449294e-01
4.296276866479882273e-01
4.284464183017636651e-01
4.271758726087744873e-01
4.259033675149586085e-01
4.232165363009308678e-01
