2.018945428668624253e-01
2.019606457210253447e-01
2.020139129447556803e-01
2.020435026637950604e-01
2.020621001571591691e-01
2.020600212234633652e-01
2.020488543199078779e-01
2.020185598014085093e-01
2.019708207741534589e-01
2.017528220178270437e-01
2.014720802131004795e-01
2.011654261607674077e-01
2.007651093559546518e-01
2.003044861711913427e-01
1.997821492275053956e-01
1.992289299831519200e-01
1.986337124100557017e-01
1.982750368857131018e-01
1.978793778590426655e-01
1.974209211072610326e-01
1.967494302597269096e-01
1.961985755305842571e-01
1.957034548024054466e-01
1.948561988695297065e-01
1.943055398759430397e-01
1.937126364120368149e-01
1.931646617514923281e-01
1.924971127005745963e-01
1.918901619302814943e-01
1.912058735569761303e-01
1.906588978701947990e-01
1.901292051132439098e-01
1.896267939873191588e-01
1.891821927795386549e-01
1.887627650925946254e-01
1.883178232416913012e-01
1.878688039711301216e-01
1.873498080988326431e-01
1.867621748335519527e-01
1.861482123843830327e-01
1.853850237531101675e-01
1.844027928447476983e-01
1.833878468229883096e-01
1.820578252052283130e-01
1.806850990739446161e-01
1.792620424525168676e-01
1.777330194745812275e-01
1.762313761642654575e-01
1.747365673321188140e-01
1.732608522846446897e-01
1.717679697200070466e-01
1.703086071128290246e-01
1.688243754951090636e-01
1.673793896245383273e-01
1.658618290840493392e-01
1.643341305820366915e-01
1.627982140173779846e-01
1.612473407024214156e-01
1.597254832399910840e-01
1.582084001147409935e-01
1.567261867570683420e-01
1.552765326667272239e-01
1.538185036351626955e-01
1.524179596675116211e-01
1.510272082954824402e-01
1.496631026751543692e-01
1.483247520896646132e-01
1.469967873868255337e-01
1.457253184762062337e-01
1.445095042305052091e-01
1.433402909190583663e-01
1.422058163930334518e-01
1.410877751635481459e-01
1.400229026313686842e-01
1.389677966033802670e-01
1.379384954196925250e-01
1.369375869391083467e-01
1.359801634836932949e-01
1.350644305823769931e-01
1.342008092964407651e-01
1.333782966684843585e-01
1.326000686660224748e-01
1.318700816788180297e-01
1.311790140514383363e-01
1.305358232029389109e-01
1.299471624751981913e-01
