1.999970340521442791e-01
1.983145078126442029e-01
1.977405979315121631e-01
1.973248097257405409e-01
1.961578466202930637e-01
1.954347501297922229e-01
1.948841580414457653e-01
1.930202737074402652e-01
1.916282453113412054e-01
1.847953682444635204e-01
1.790999631155684724e-01
1.563926359981098191e-01
1.490240605467164081e-01
1.428552343458183160e-01
1.421185161877982495e-01
1.402596318730186531e-01
1.364786218799833029e-01
1.346448062041274985e-01
1.336807162099817592e-01
1.313761664821607167e-01
1.300189137872509171e-01
1.290241700356541676e-01
1.275915808748650515e-01
1.260610240713221086e-01
1.248572997540341456e-01
1.233484314010276917e-01
1.218865838705216337e-01
1.201458315155778112e-01
1.184936926317614048e-01
1.168550604090457107e-01
1.152608320326132391e-01
1.137030159952078373e-01
1.121206608096812912e-01
1.109133852228908618e-01
1.093829681361491862e-01
1.079544841313118675e-01
1.063874076184919970e-01
1.051446668562017045e-01
1.037619664602671549e-01
1.023941188739142805e-01
1.010539956819686697e-01
9.977041702701552883e-02
9.838389619064204228e-02
9.699982962746418746e-02
9.567546109772460949e-02
9.432518750906422611e-02
9.294121515835562786e-02
9.161416162186197809e-02
9.046482229979448120e-02
8.925874188396705489e-02
8.811815503179962206e-02
8.699222417481007608e-02
8.577168580433411349e-02
8.459041247200006775e-02
8.343413480655241521e-02
8.218670559947528764e-02
8.077743866066455780e-02
7.940735317918350133e-02
7.796842514071641861e-02
7.660985201220830987e-02
7.519119938435497863e-02
7.372359837413963723e-02
7.224968856769510561e-02
7.082690394069056372e-02
6.940611731937554318e-02
6.799838639335679946e-02
6.656926821792322202e-02
6.509221763822030382e-02
6.377501376427531510e-02
6.243163335317673118e-02
6.092350637233627519e-02
5.945293048210806286e-02
5.791391862502905108e-02
5.624408857934275890e-02
5.477945184137893164e-02
5.317282090619377538e-02
5.170190106721662959e-02
5.017693340035202926e-02
4.869218692529300035e-02
4.712177247039462530e-02
4.548672677301150019e-02
4.394514661980566256e-02
4.216040584439589151e-02
4.057852379461050762e-02
3.868094733949752756e-02
3.671496122078159868e-02
3.499028705252604093e-02
3.293239619366598175e-02
3.110960995855494710e-02
2.916169579914456439e-02
2.751912484409407486e-02
2.580189305316230378e-02
2.396112286736061872e-02
2.202023591394041899e-02
1.999517124699824386e-02
1.804403490504312077e-02
1.589877012512667248e-02
1.393082829498328186e-02
1.175756670462543840e-02
9.560643804343240196e-03
7.424892934734746847e-03
5.251588363743227988e-03
3.090005592922363820e-03
9.511220561598501995e-04
-1.176440087970295279e-03
-3.216365961547481070e-03
-5.314892134224095260e-03
-7.425632230055548982e-03
-9.548563306337210302e-03
-1.159340744797127121e-02
-1.366153327199281717e-02
-1.570972387251079461e-02
-1.772931385965218973e-02
-1.986014498123737579e-02
-2.184792066262750479e-02
-2.382841748415496716e-02
-2.582615772536272017e-02
-2.785457867624254250e-02
-2.988365633968468119e-02
-3.191731115034818905e-02
-3.393030387252814195e-02
-3.599480853017948678e-02
-3.800266742655743213e-02
-4.004970072563189543e-02
-4.198694731388274981e-02
-4.393428619949001079e-02
-4.595545958094892497e-02
-4.788904604081187233e-02
-4.985788841490189360e-02
-5.172480329127658594e-02
-5.377751297829586746e-02
-5.576450451040482204e-02
-5.766012188738100369e-02
-5.967499262207667104e-02
-6.143405301688580067e-02
-6.325979095497367977e-02
-6.521857067568097299e-02
-6.716903743063243337e-02
-6.902451034394352369e-02
-7.099642493062775783e-02
-7.295317735485432054e-02
-7.494392696284786493e-02
-7.681981184951865160e-02
-7.876705665533959011e-02
-8.074756827725636243e-02
-8.272860653686656129e-02
-8.471008791200837496e-02
-8.669193585662315904e-02
-8.867408603878673690e-02
-9.065647477573694768e-02
-9.263904826543110926e-02
-9.462176114024685447e-02
-9.660457608335087931e-02
-9.858746348708909146e-02
-1.005601579466559869e-01
-1.025175586605320543e-01
-1.044976906283538731e-01
-1.064592299398500475e-01
-1.083210527656155997e-01
-1.102903613632257168e-01
-1.122597505952200037e-01
-1.142293463956629701e-01
-1.160911354568342074e-01
-1.180563418597465469e-01
-1.200217005905938189e-01
-1.219871687039617431e-01
-1.239527292646756262e-01
-1.259096079063693474e-01
-1.278746226469285041e-01
-1.298397215413046035e-01
-1.318048882581863979e-01
-1.337701098878512629e-01
-1.357353749246265895e-01
-1.377006731201866896e-01
-1.396659967789719570e-01
-1.416313386841085153e-01
-1.435966933519542132e-01
-1.455620564985839194e-01
-1.475274248648615616e-01
-1.494928055622992691e-01
-1.514582054932510635e-01
-1.534236208557677450e-01
-1.553890480680929498e-01
-1.573544836706812777e-01
-1.593199242945475547e-01
-1.612853666473018643e-01
-1.632508075131449687e-01
-1.652162437634624448e-01
-1.671816723751836653e-01
-1.691470904546779064e-01
-1.711124952655011799e-01
-1.730778842588833466e-01
-1.750432531372321798e-01
-1.770086151489787818e-01
-1.789739770382945128e-01
-1.809393387736626391e-01
-1.829047006276054710e-01
-1.848700625083922466e-01
-1.868354244294101740e-01
-1.888007863920634355e-01
-1.907661483895460031e-01
-1.927315104101151588e-01
-1.946968724396902217e-01
-1.966622349410578618e-01
-1.986276142084755780e-01
-2.005930101343348093e-01
-2.025584200856688499e-01
-2.045238411773817044e-01
-2.064892703630711590e-01
-2.084547044877495536e-01
-2.104201403387933322e-01
-2.123855746945214895e-01
-2.143510043703466261e-01
-2.163164262627373102e-01
-2.182818373913301413e-01
-2.202472349394603846e-01
-2.222126162650800707e-01
-2.241779798130096590e-01
-2.261433418832062281e-01
-2.281087039733935562e-01
-2.300740660749641953e-01
-2.320394281755165655e-01
-2.340047902602185315e-01
-2.359701523130692535e-01
-2.379355143180191812e-01
-2.399008762599727229e-01
-2.418662381257921379e-01
-2.438315999053960459e-01
-2.457969680480027730e-01
-2.477623541418947917e-01
-2.497277557604060394e-01
-2.516931702021072415e-01
-2.536585945325259828e-01
-2.556240256831853186e-01
-2.575894604974049429e-01
-2.595548957750865582e-01
-2.615203283165958292e-01
-2.634857549658878306e-01
-2.654511727126816489e-01
-2.674165789699730622e-01
-2.693819704131140136e-01
-2.713473444606112617e-01
-2.733127063496633702e-01
-2.752780683685006058e-01
-2.772434305061644566e-01
-2.792087927465268238e-01
-2.811741550695887604e-01
-2.831395174524468650e-01
-2.851048798703980092e-01
-2.870702422982273072e-01
-2.890356047116866001e-01
-2.910009670890568723e-01
-2.929663294125919859e-01
-2.949317058011294845e-01
-2.968970990488330464e-01
-2.988625066286058063e-01
-3.008279257532702755e-01
-3.027933534692319184e-01
-3.047587867003251350e-01
-3.067242222915326222e-01
-3.086896570525152761e-01
-3.106550878975681274e-01
-3.126205120330111664e-01
-3.145859258676180215e-01
-3.165513264732252585e-01
-3.185167111283647157e-01
-3.204820774136733497e-01
-3.224474395095590085e-01
-3.244128016282896709e-01
-3.263781637615292275e-01
-3.283369431948682249e-01
-3.302484266016801340e-01
-3.320709302596492885e-01
-3.339054239221705966e-01
-3.357608727244058566e-01
-3.376725814366497436e-01
-3.395319095330588399e-01
-3.413331910247304757e-01
-3.432208737263234277e-01
-3.450782506164736807e-01
-3.469096244044603261e-01
-3.487784564836491352e-01
-3.506917934534347081e-01
-3.526583451885516585e-01
-3.546258381494800660e-01
-3.566620808464459058e-01
-3.586730907347678854e-01
-3.606859023249382457e-01
-3.627213097342497639e-01
-3.648291937834620691e-01
-3.669100481950184900e-01
-3.690296601006615163e-01
-3.710678519971140066e-01
-3.731010191674798415e-01
-3.750371898172621399e-01
-3.769713075908355804e-01
-3.789583455036129589e-01
-3.808091846853044471e-01
-3.827593488407798339e-01
-3.847053299615219024e-01
-3.866799723995765214e-01
-3.886886629920990877e-01
-3.906243991107857805e-01
-3.925745286512030696e-01
-3.946057116980251078e-01
-3.965577160213795138e-01
-3.984747626336525017e-01
-4.006177873415039392e-01
-4.028568970182287989e-01
-4.051528491689241895e-01
-4.074922029961183245e-01
-4.097722539458945046e-01
-4.120439107620862407e-01
-4.144174854934465357e-01
-4.167713161777551467e-01
-4.191335665235297880e-01
-4.215073906399562920e-01
-4.238809740120752512e-01
-4.262543745868698220e-01
-4.286276528156234278e-01
-4.310008499242533597e-01
-4.333739979060809988e-01
-4.357471226547853238e-01
-4.381202426756533042e-01
-4.404933698874909931e-01
-4.428665117807403240e-01
-4.452396732148082847e-01
-4.476128563302315677e-01
-4.499860614503649048e-01
-4.523592875606367580e-01
-4.547325327153258767e-01
-4.571057943556173231e-01
-4.594790661065632498e-01
-4.618523376329312646e-01
-4.642256068829008209e-01
-2.000032215515083756e-01
-2.000032375193387113e-01
-2.024421119162586880e-01
-2.049799162039400158e-01
-2.075177210858177024e-01
-2.100555257706051837e-01
-2.125933334726427260e-01
-2.151311460145834686e-01
-2.176689642349722009e-01
-2.202067883241006774e-01
-2.227446180773354489e-01
-2.252824555230934223e-01
-2.278202982846681546e-01
-2.303581455475376683e-01
-2.328959965351342920e-01
-2.354338505444278917e-01
-2.379717069639149807e-01
-2.405095652804319084e-01
-2.430474250721522955e-01
-2.455852895478165820e-01
-2.481231554795342575e-01
-2.506610228480732894e-01
-2.531988916674949297e-01
-2.557367619682970883e-01
-2.582746337826237193e-01
-2.608125071316799715e-01
-2.633503820155144726e-01
-2.658882584051894815e-01
-2.684261362371972437e-01
-2.709640154098528764e-01
-2.735018957813376561e-01
-2.760397769385463107e-01
-2.785776591501581412e-01
-2.811155418962720809e-01
-2.836534248800371416e-01
-2.861913077744062117e-01
-2.887291901149292017e-01
-2.912670724402375289e-01
-2.938049546429426506e-01
4.000023749234645210e-01
4.018520880679361529e-01
4.028085543454426598e-01
4.037534271652239437e-01
4.047338681517026471e-01
4.056977814155907636e-01
4.066946671248291012e-01
4.077107830212924888e-01
4.087448737036585844e-01
4.098345110111333844e-01
4.109508520052387315e-01
4.120896169898777828e-01
1.999978494931194395e-01
1.983271925440323602e-01
1.966564028027348032e-01
1.949856052269866025e-01
1.933148010304980569e-01
1.916439910889926879e-01
1.899731765500460856e-01
1.883023588049020092e-01
1.866315399173985312e-01
1.849607202108005943e-01
1.832899004050009550e-01
1.816190810410991119e-01
1.799482626221479975e-01
1.782774456128060903e-01
1.766066304377235663e-01
1.749358174790454912e-01
1.732650070749358895e-01
1.715941995103658357e-01
1.699233950219906919e-01
1.682525937858536658e-01
1.665817913724677579e-01
1.649109938202799053e-01
1.632402023096630739e-01
1.615694178092313971e-01
1.598986410469133146e-01
1.582278724887172250e-01
1.565571123246123908e-01
1.548863604609079792e-01
1.532156165186824015e-01
1.515451382276202796e-01
1.499103896302659000e-01
1.482447195437930632e-01
1.466660813535870245e-01
1.451563927742089144e-01
1.436558781932550655e-01
1.421085845965851246e-01
1.406312546302392330e-01
1.391046242873053840e-01
1.376580495092098178e-01
1.361701972934415972e-01
1.347494785477071633e-01
1.333025164800576423e-01
1.318120240651902975e-01
1.303011731625040859e-01
1.288394598983790551e-01
1.272628419720825688e-01
1.256102128575796728e-01
1.239247817681704417e-01
1.222876318761319386e-01
1.205031532298472957e-01
1.186958983758924085e-01
1.168124185289100281e-01
1.148236888158024327e-01
1.130043618958761487e-01
1.110897470662830927e-01
1.096040170804566671e-01
1.080008749687599995e-01
1.062400799027427428e-01
1.043982763569310246e-01
1.024831624601644509e-01
1.009947541009696553e-01
9.953026030623912668e-02
9.799030881985044961e-02
9.650937480336968521e-02
9.501456671137925580e-02
9.356125348335586622e-02
9.213968558265364650e-02
9.066742173138757355e-02
8.918159656398295942e-02
8.770003848922347522e-02
8.618810838354841464e-02
8.465975924201721292e-02
8.315682767987503388e-02
8.165655031688985599e-02
8.017086313820726007e-02
7.867959191858663048e-02
7.719252971700553412e-02
7.571558286474970589e-02
7.425834758126118040e-02
7.282413351715134875e-02
7.139783217074781307e-02
7.004756499516262558e-02
6.870108322770854259e-02
6.741152833442957959e-02
6.616130461202253399e-02
6.493974400405690128e-02
6.376638296642229975e-02
6.264809673400680012e-02
6.159093938458450740e-02
6.056474428959628120e-02
5.958162927155007810e-02
5.865084762131694829e-02
5.777835941086784804e-02
5.696892244262373450e-02
5.621671712301602036e-02
5.548511242012005296e-02
5.480114391863653150e-02
5.419128838714798446e-02
5.361033011461652231e-02
5.301123038934654752e-02
5.245037720516006197e-02
5.187888655808568783e-02
5.135860311373800779e-02
5.086397534786979424e-02
5.039617410383078616e-02
4.995657865385953744e-02
4.954835327951204182e-02
4.918846432980666233e-02
4.885083388221750367e-02
4.855575519559655884e-02
4.828756304309513026e-02
4.806100402101726871e-02
4.785843565209961514e-02
4.767578283929252425e-02
4.752720544011643233e-02
4.740801771677615600e-02
4.731296252575707684e-02
4.724705427617395537e-02
4.720948172148389105e-02
4.719957094435604100e-02
4.721523678155119252e-02
4.726167737686024634e-02
4.733871880868287946e-02
4.744142006001787065e-02
4.756246546604185610e-02
4.771173441426784095e-02
4.789107588095457835e-02
4.809485681537224028e-02
4.833284004954425950e-02
4.860330067646025098e-02
4.889714607455096507e-02
4.922377156944007792e-02
4.957876039546086494e-02
4.996586002190507581e-02
5.039256965372865271e-02
5.085351616720176077e-02
5.132517610622747140e-02
5.183368466507750488e-02
5.236733062869148442e-02
5.293693251824482110e-02
5.353231371984284309e-02
5.416049123915921831e-02
5.479215008534168291e-02
5.546771905023042265e-02
5.612402293600775305e-02
5.679741009238766652e-02
5.746678963884543218e-02
5.815647124732761103e-02
5.880065123390724319e-02
5.947630390810128981e-02
6.013516987688855703e-02
6.081154914430027258e-02
6.148015022686064562e-02
6.215352818454146500e-02
6.284889050581835002e-02
6.357764751119331093e-02
6.432491974726355088e-02
6.510725755614452104e-02
6.587662363444569957e-02
6.669248349739889670e-02
6.756116796156169668e-02
6.848052195567728984e-02
6.940642158778181914e-02
7.040478199371967560e-02
7.140140040659356813e-02
7.243841742718222509e-02
7.346013410991673875e-02
7.452138337062821916e-02
7.557225935794409377e-02
7.664562737029387285e-02
7.773455849262317363e-02
7.884723857308886807e-02
7.997304321114917514e-02
8.110438761208142722e-02
8.225137565312354293e-02
8.342226857248649652e-02
8.464008958485956524e-02
8.586642017164775043e-02
8.713771929969706120e-02
8.846363255771470813e-02
