-1.999978896314272281e-01
-1.999978738079579432e-01
-1.985784377090016595e-01
-1.972321459839741498e-01
-1.958386131786769291e-01
-1.943839416872607528e-01
-1.928695565887161845e-01
-1.913959474920993442e-01
-1.899373325992640971e-01
-1.884708445375350150e-01
-1.869799783078055222e-01
-1.855504832624938205e-01
-1.840598968855168549e-01
-1.825498979092140261e-01
-1.809949166910170271e-01
-1.794013127362222570e-01
-1.777701188633374896e-01
-1.760994253281193134e-01
-1.744027758108581960e-01
-1.726371925146412689e-01
-1.708659024581971886e-01
-1.691060326266182745e-01
-1.673552430217736253e-01
-1.656001935038685646e-01
-1.638321411202533495e-01
-1.620443910371757446e-01
-1.602567432868084174e-01
-1.585098540330285855e-01
-1.568427143112879063e-01
-1.551376506835725477e-01
-1.534492981311018356e-01
-1.517548450312199704e-01
-1.501067037309262997e-01
-1.485070792876980461e-01
-1.468958252960524125e-01
-1.452388156526939755e-01
-1.436055530298988026e-01
-1.419845431066347197e-01
-1.403124755158547121e-01
-1.386166584857068396e-01
-1.369284276136603362e-01
-1.352305037643694585e-01
-1.335239555917169529e-01
-1.317969591602138890e-01
-1.300331272315704834e-01
-1.282857761918542172e-01
-1.265867862899027751e-01
-1.248365132492276763e-01
-1.230888044773223167e-01
-1.213859567447756610e-01
-1.195919523745063162e-01
-1.177971257216612194e-01
-1.159622568906054224e-01
-1.140986199664796863e-01
-1.122342997124327751e-01
-1.103595869853235822e-01
-1.084830139905855334e-01
-1.066554668957602064e-01
-1.048753116880051656e-01
-1.031057496874389912e-01
-1.014386293793122923e-01
-9.980593484118140124e-02
-9.821036081865550105e-02
-9.682587692180533168e-02
-9.627940465434564610e-02
-9.590916035132468487e-02
-9.552726667324902554e-02
-9.513851263991120188e-02
-9.480427335243978015e-02
-9.448495561068315229e-02
-9.415961402046604811e-02
-9.383473061175717778e-02
-9.351142800028673652e-02
-9.321785260366864667e-02
-9.291415799842134282e-02
-9.260582749667539693e-02
-9.231995311876585453e-02
-9.206343599835710434e-02
-9.179643642820893568e-02
-9.154552971768725733e-02
-9.125333263622337210e-02
-9.093138574375207728e-02
-9.063172697630048069e-02
-9.032953781013819405e-02
-9.005976105957502753e-02
-8.979230300215594596e-02
-8.955062831574286952e-02
-8.934765490107340891e-02
-8.915625763120725578e-02
-8.896397534495179005e-02
-8.876501784389327632e-02
-8.854781849927639836e-02
-8.834116520104477732e-02
-8.817633848095908500e-02
-8.799834443942690376e-02
-8.777771497161662717e-02
-8.757501636045471327e-02
-8.738420399068509703e-02
-8.720177958113578542e-02
-8.698478970215399453e-02
-8.678778854259718012e-02
-8.659650469633735359e-02
-8.639907286393957997e-02
-8.622793126063037217e-02
-8.604896236303870294e-02
-8.586396371653541582e-02
-8.568549579429292351e-02
-8.552310292807840941e-02
-8.537832712867761409e-02
-8.523747444444226828e-02
-8.509505748968460015e-02
-8.496875110403212528e-02
-8.485064711599538123e-02
-8.473676323076806405e-02
-8.461447430035387574e-02
-8.449245217038692246e-02
-8.436506686891759310e-02
-8.424776730513673650e-02
-8.414323165775583480e-02
-8.405683919265927173e-02
-8.397227265503540150e-02
-8.390130807347020991e-02
-8.384378701789944877e-02
-8.378200409384221892e-02
-8.372384276178028439e-02
-8.366578109183842038e-02
-8.361616479741498797e-02
-8.356621124192230299e-02
-8.352091787153724523e-02
-8.348066266270402769e-02
-8.344455510006285048e-02
-8.341334517944774818e-02
-8.338640850687320527e-02
-8.336132137492888172e-02
-8.334577079909211150e-02
-8.333366392272986700e-02
-8.332012744575392760e-02
-8.330742531804546935e-02
-8.329850819484564683e-02
-8.329153617833805201e-02
-8.328507549128158494e-02
-8.328123502265757927e-02
-8.327901244284460769e-02
-8.327799410057207252e-02
-8.327946231549425427e-02
-8.328302788131684842e-02
-8.328879452032636466e-02
-8.329647419433849898e-02
-8.330439284789446786e-02
-8.331322866858205389e-02
-8.332339930849132215e-02
-8.333722842953598942e-02
-8.335298978686871141e-02
-8.336997898826724318e-02
-8.338855281027791888e-02
-8.340759774971957807e-02
-8.342930750072391488e-02
-8.345627531382079911e-02
-8.349030497436281395e-02
-8.352749001789043504e-02
-8.356291999495524259e-02
-8.360223987957840497e-02
-8.363910552886268113e-02
-8.367559591425426102e-02
-8.371487242299474607e-02
-8.375299988343752611e-02
-8.379044625941836633e-02
-8.382258069644897558e-02
-8.385660192202848418e-02
-8.388656321617986300e-02
-8.391707417480066822e-02
-8.394901951851634070e-02
-8.397266678573298004e-02
-8.399320979553995259e-02
-8.401013829313033754e-02
-8.402805728353024417e-02
-8.404555166378369080e-02
-8.406296785899748658e-02
-8.408375748979735054e-02
-8.410208638199415110e-02
-8.411801149433011104e-02
-8.413200397385063589e-02
-8.414777018170391254e-02
-8.416367496734410147e-02
-8.418376945738711981e-02
-8.419610361707606516e-02
-8.421404164689243188e-02
-8.423632395870167544e-02
-8.425856573604560695e-02
-8.427976176603395320e-02
-8.429555225743189106e-02
-8.431633724775003391e-02
-8.433504286267114181e-02
-8.435380522426282057e-02
-8.436841057796237719e-02
-8.438798815050523039e-02
-8.441213550102374952e-02
-8.443460757320717103e-02
-8.445818373786319333e-02
-8.448260534542804956e-02
-8.450242554938962314e-02
-8.452551845757329263e-02
-8.455568421219017416e-02
-8.458632867207191430e-02
-8.461815246017126424e-02
-8.465012091160430130e-02
-8.468036917896661075e-02
-8.471358306376247649e-02
-8.474674806537811633e-02
-8.477971452786348117e-02
-8.481185846944783169e-02
-8.484469927649208876e-02
-8.488127066227690865e-02
-8.492103503537885845e-02
-8.496141746175329967e-02
-8.500896813330140189e-02
-8.505511516030418717e-02
-8.510361439582248000e-02
-8.515323064734782454e-02
-8.520266040253333950e-02
-8.524936899939787593e-02
-8.529728925360119396e-02
-8.534193365490509720e-02
-8.539072170903329317e-02
-8.544308343514121773e-02
-8.549417248294048643e-02
-8.554411544999558636e-02
-8.559647257684331600e-02
-8.565585832367440811e-02
-8.571796503235229459e-02
-8.577941921534776304e-02
-8.584293822239358329e-02
-8.590713477461422998e-02
-8.597069160148597400e-02
-8.603968102138404017e-02
-8.610818512160850480e-02
-8.618539583230355738e-02
-8.626196796601241779e-02
-8.634613870548273062e-02
-8.643341429025246103e-02
-8.652814997735083780e-02
-8.662537413178209023e-02
-8.672783940518050128e-02
-8.682893291737965591e-02
-8.693266446353568877e-02
-8.703278403117457873e-02
-8.712767863835377269e-02
-8.723254109310291105e-02
-8.733110768086249642e-02
-8.742481306340342539e-02
-8.752261262657794194e-02
-8.760710463733616116e-02
-8.770405362351563205e-02
-8.781126338713977908e-02
-8.793295074763476937e-02
-8.805698548675618131e-02
-8.816515099412826351e-02
-8.829086270412046800e-02
-8.841807476228255580e-02
-8.855253506508287131e-02
-8.869022036219749439e-02
-8.884054488162120011e-02
-8.899602857247189414e-02
-8.914834900195471590e-02
-8.928441609454278172e-02
-8.942648023815441549e-02
-8.956931922627421605e-02
-8.971934488392935281e-02
-8.986646096991428301e-02
-9.001840762661295070e-02
-9.016128508376590467e-02
-9.030431410945341519e-02
-9.046721031586137107e-02
-9.064588598591709345e-02
-9.083456680617953138e-02
-9.101169311820975216e-02
-9.120248101474348612e-02
-9.138246293475156545e-02
-9.156407156833168415e-02
-9.174329186716652373e-02
-9.192495267202362152e-02
-9.208583238334495935e-02
-9.225128258478687560e-02
-9.242508480828404149e-02
-9.259061831743438387e-02
-9.277759417121918262e-02
-9.297608523589104279e-02
-9.318240747957919068e-02
-9.337177599591411914e-02
-9.355016898479444343e-02
-9.370679548073913845e-02
-9.386860180915769514e-02
-9.402755767664634778e-02
-9.416671543931454114e-02
-9.430062384489888705e-02
-9.442804462931218834e-02
-9.454345835055250058e-02
-9.467398844121432955e-02
-9.480373688358779971e-02
-9.494052590808668701e-02
-9.510055639040339293e-02
-9.525503370814612791e-02
-9.541812229598764517e-02
-9.558366055114896065e-02
-9.574282411399118176e-02
-9.591459317704756349e-02
-9.607509216308721123e-02
-9.624741659457888843e-02
-9.642327824833020478e-02
-9.656896681455409692e-02
-9.669084047217514633e-02
-9.682254039513916999e-02
-9.697598710172961045e-02
-9.712158889989902510e-02
-9.726154190075071704e-02
-9.741016822187907598e-02
-9.755551648601692993e-02
-9.768851145136168979e-02
-9.781450741937069981e-02
-9.795741266522456359e-02
-9.811381058354431972e-02
-9.828278755484166906e-02
-9.843064141631455155e-02
-9.856217188127802675e-02
-9.868291485688800158e-02
-9.879061116663881426e-02
-9.888325601592601322e-02
-9.898930840804026632e-02
-9.907615187953175417e-02
-9.917451075437953845e-02
-9.929018999922259447e-02
-9.943251104599226675e-02
-9.956621949222597967e-02
-9.970490299838456749e-02
-9.985629850800492591e-02
-1.000287574589149991e-01
-1.001989829849539854e-01
-1.003664044236003416e-01
-1.005374302526547414e-01
-1.007157797962210805e-01
-1.009054890817709244e-01
-1.011046048082774179e-01
-1.013016150245035635e-01
-1.014927958498939298e-01
-1.017128872321798327e-01
-1.019204089813892655e-01
-1.021211076336568102e-01
-1.023356539335544130e-01
-1.025607082771849560e-01
-1.027543667107399666e-01
-1.029876617801326194e-01
-1.032245392839021975e-01
-1.034867876803503284e-01
-1.037520678480407937e-01
-1.040173337836415995e-01
-1.042920739981466199e-01
-1.045532603267927962e-01
-1.048264524113330792e-01
-1.050943167137769335e-01
-1.053944855712519169e-01
-1.057023527246522127e-01
-1.060063525472691032e-01
-1.063535790498834482e-01
-1.067024504595061180e-01
-1.070442864371149577e-01
-1.073902232560277892e-01
-1.077281281188647716e-01
-1.080599161218755433e-01
-1.083638345323036795e-01
-1.086555336856041692e-01
-1.089335356897906393e-01
-1.091891514048796835e-01
-1.094356748261543499e-01
-1.096850732578844162e-01
-1.099545942261675735e-01
-1.102703795885295046e-01
-1.105762345058362711e-01
-1.109172389697705569e-01
-1.112767103323721446e-01
-1.116717559392786524e-01
-1.120421552501208451e-01
-1.124137486306765188e-01
-1.127783347055955759e-01
-1.131574829947919331e-01
-1.135358642716963740e-01
-1.139230541137887243e-01
-1.143193403486738174e-01
-1.147085990233060182e-01
-1.151018867455902289e-01
-1.154979990309363963e-01
-1.159021412924812339e-01
-1.163090647699363822e-01
-1.166644027509692594e-01
-1.170091942570001819e-01
-1.173487609665506970e-01
-1.176986163567203814e-01
-1.180406938987802329e-01
-1.183669401258557463e-01
-1.186797354224199547e-01
-1.189923417098916608e-01
-1.192781571701681947e-01
-1.195592185924988088e-01
-1.197987520718782062e-01
-1.200179010988577238e-01
-1.202607612778370944e-01
-1.205195920966639217e-01
-1.208021178556378528e-01
-1.211367278404533454e-01
-1.214930767372694176e-01
-1.218425444018441939e-01
-1.221815370851767196e-01
-1.225268919384904093e-01
-1.228736470449945800e-01
-1.232163576498701008e-01
-1.235660963736692208e-01
-1.238981319747132631e-01
-1.242540015982496471e-01
-1.246131748012449664e-01
-1.249724684865129859e-01
-1.253369703015737857e-01
-1.256782606892391518e-01
-1.259999342692498803e-01
-1.263103634104852935e-01
-1.266173997320072242e-01
-1.269049434840328894e-01
-1.271847973815591892e-01
-1.274646705846945172e-01
-1.277271950923144217e-01
-1.279927279255399786e-01
-1.282330165504182162e-01
-1.284600932177965282e-01
-1.286920184728855276e-01
-1.289087561320109154e-01
-1.290990816789427398e-01
-1.292975705576206169e-01
-1.295062343745496669e-01
-1.297073413399807695e-01
-1.298862147496350206e-01
-1.300425823932755132e-01
-1.302134626275021634e-01
-1.303841975837841671e-01
-1.305692881257780047e-01
-1.307673194668279304e-01
-1.309594818750390577e-01
-1.311397103242163964e-01
-1.313437376800407341e-01
-1.315418613807404491e-01
-1.317323695394105043e-01
-1.319055587597211809e-01
-1.320812792025611027e-01
-1.322574106131944871e-01
-1.324229592895450613e-01
-1.325908068715130061e-01
-1.327657619456222848e-01
-1.329562758697716007e-01
-1.331600305433651987e-01
-1.333836336600106309e-01
-1.336116636819013048e-01
-1.338399545499200094e-01
-1.340723837904712890e-01
-1.342921277911915401e-01
-1.345012850065301357e-01
-1.346924051308809600e-01
-1.348995386263958096e-01
-1.351094282623943321e-01
-1.352924394144510156e-01
-1.354791271878587056e-01
-1.356510916562252700e-01
-1.358132065395985522e-01
-1.359830299202120230e-01
-1.361524505271808072e-01
-1.363154247720145817e-01
-1.364562521755075808e-01
-1.365871631401875952e-01
-1.367077434578349848e-01
-1.368356535336142654e-01
-1.369473647862166910e-01
-1.370597324596762034e-01
-1.371838556606511661e-01
-1.372923415452574902e-01
-1.373761025014119397e-01
-1.374341189118608864e-01
-1.374702539319495875e-01
-1.374944398738520146e-01
-1.375106428051695584e-01
-1.375560206399739915e-01
-1.391110909723473898e-01
-1.406865169373073821e-01
-1.422578501438857834e-01
-1.438288090151482734e-01
-1.453964458903606594e-01
-1.469601655585162370e-01
-1.485162425124636476e-01
-1.500763946385973435e-01
-1.516460866058476908e-01
-1.532043145407170626e-01
-1.547787492249979302e-01
-1.563456206777350532e-01
-1.579248284778697609e-01
-1.595108103403631294e-01
-1.610968317715336662e-01
-1.626829035281326108e-01
-1.642690285290240304e-01
-1.658551905677223270e-01
-1.674413669586603814e-01
-1.690275572002966076e-01
-1.706137604287254195e-01
-1.721999754803222871e-01
-1.737861939840661674e-01
-1.753724061101477882e-01
-1.769586106594587815e-01
-1.785448072513031170e-01
-1.801310015475903747e-01
-1.817171933540320805e-01
-1.833033826095001873e-01
-1.848895693917341210e-01
-1.864757539439604872e-01
-1.880619368771557498e-01
-1.896481234884360156e-01
-1.912343141623331633e-01
-1.928205085377921457e-01
-1.944067063102383475e-01
-1.959929072209408429e-01
-1.975791097830809639e-01
-1.991653160540134970e-01
-2.007515268514136753e-01
-2.023377415941752244e-01
-2.039239539950275792e-01
-2.055101635144517547e-01
-2.070963696967287604e-01
-2.086825720009210239e-01
-2.102687696965091502e-01
-2.118549683333600109e-01
-2.134411682188965820e-01
-2.150273692159822836e-01
-2.166135712270403635e-01
-2.181997741475278085e-01
-2.197859778660577190e-01
-2.213721822650603910e-01
-2.229583872133245326e-01
-2.245445930243064325e-01
-2.261308041740311692e-01
-2.277170182100813345e-01
-2.293032324190398819e-01
-2.308894443794840545e-01
-2.324756571905912395e-01
-2.340618719287294869e-01
-2.356480871910640595e-01
-2.372343015513855013e-01
-2.388205137167219438e-01
-2.404067219002252731e-01
-2.419929309072326729e-01
-2.435791407129960784e-01
-2.451653479470264352e-01
-2.467515408883040051e-01
-2.483377360890149932e-01
-2.499239292517642652e-01
-2.515101207512088211e-01
-2.530963109912945930e-01
-2.546825000636170899e-01
-2.562686880653053945e-01
-2.578548750998028716e-01
-2.594410612773589420e-01
-2.610272467181460887e-01
-2.626134323055307473e-01
-2.641996223043285297e-01
-2.657858152292445486e-01
-2.673720095920629203e-01
-2.689582037480229282e-01
-2.705443980059951681e-01
-2.721305965617835665e-01
-2.737167976384421442e-01
-2.753029994366326672e-01
-2.768892001863469954e-01
-2.784753983231209595e-01
-2.800615917825250434e-01
-2.816477863022626149e-01
-2.832339814139149814e-01
-2.848201759619266027e-01
-2.864063685656499936e-01
-2.879925586302508611e-01
-2.895787505333294320e-01
-2.911649438346466945e-01
-2.927511382548680374e-01
-2.943373336960565245e-01
-2.959235300552839898e-01
-2.975097272236855717e-01
-2.990959250864203556e-01
-3.006821235249632074e-01
-3.022683230366949303e-01
-3.038545287942360229e-01
-3.054407376975983301e-01
-3.070269470982439630e-01
-3.086131543959221846e-01
-3.101993609893320403e-01
-3.117855697037964502e-01
-3.133717791535921005e-01
-3.149579879210127054e-01
-3.165441947975818349e-01
-3.181303979205417076e-01
-3.197166005409282086e-01
-3.213028041837169835e-01
-3.228890063152924372e-01
-3.244751930574997778e-01
-3.260613822402901318e-01
-3.276475701152897213e-01
-3.292337562692737585e-01
-3.308199411445578164e-01
-3.324061248368665455e-01
-3.339923074423739591e-01
-3.355784890635606366e-01
-3.371646698097056638e-01
-3.387508497994057843e-01
-3.403370291394935965e-01
-3.419232131111190065e-01
-3.435094002292407578e-01
-3.450955890272002224e-01
-3.466817778080443779e-01
-3.482679656859142270e-01
-3.498541581334855821e-01
-3.514403533781599309e-01
-3.530265496220820753e-01
-3.546127450938814651e-01
-3.561989382196161791e-01
-3.577851269338486184e-01
-3.593713156688863597e-01
-3.609575051635923182e-01
2.654916332266432667e-06
2.670872459443147163e-06
1.859579115881306380e-03
2.474327151514063572e-03
3.082174340054319363e-03
3.713716131021079989e-03
4.322717521617459521e-03
4.861974224559870508e-03
5.373562384526398700e-03
5.858197783799805325e-03
6.362352154946189497e-03
6.844105763247052866e-03
7.279656834944239416e-03
7.751386903651529339e-03
8.201311923982729929e-03
8.615876047205272420e-03
9.030379411422531297e-03
9.446179136334127008e-03
9.883227436519332471e-03
1.036101673930363634e-02
1.085783820922166243e-02
1.134595512487007046e-02
1.180918711502111119e-02
1.231360353337095093e-02
1.282967632532068525e-02
1.334893468929124367e-02
1.390440607904865934e-02
1.447466746783864465e-02
1.503397228249182295e-02
1.555444291658880651e-02
1.605121149017431706e-02
1.656714881229513769e-02
1.712123694807283353e-02
1.767314756376109006e-02
1.823036280489988281e-02
1.878143629381278865e-02
1.937809373208087410e-02
1.995051079760289808e-02
2.047679183949600509e-02
2.098343070572329661e-02
2.151670704850489751e-02
2.208681202284654491e-02
2.261990698045803286e-02
2.313370504855535512e-02
2.364346380411200960e-02
2.417610551136654962e-02
2.469512148889154921e-02
2.522675326748348781e-02
2.578528799972018906e-02
2.633775344632375420e-02
2.691533003641405700e-02
2.748560696315614088e-02
2.804252199021453271e-02
2.857821910768984855e-02
2.908901077688534967e-02
2.952275213919727456e-02
2.996760146891958021e-02
3.041591034367760113e-02
3.090204618190062896e-02
3.138586287211088399e-02
3.185415783084823843e-02
3.233860095326540618e-02
3.284901618455236122e-02
3.335812650171825905e-02
3.385401591385526349e-02
3.432031916222617191e-02
3.480571748043113922e-02
3.531153131416360502e-02
3.582559569678299416e-02
3.629634716715383902e-02
3.674518905995041718e-02
3.719048481288012020e-02
3.768673046024901413e-02
3.817574898900685104e-02
3.866725853982190542e-02
3.918415994086209969e-02
3.968483690041568757e-02
4.014753812133568106e-02
4.056682020767601177e-02
4.098004095826975751e-02
4.136033596482684149e-02
4.174015808240092579e-02
4.212005649901832266e-02
4.247513013908951751e-02
4.285210576506757324e-02
4.323153562507943415e-02
4.364934447591267003e-02
4.405708320791452970e-02
4.445588396386465635e-02
4.485678654025142265e-02
4.524040947388996425e-02
4.568416639625650505e-02
4.613156790884676006e-02
4.658335483101320312e-02
4.705746872490702837e-02
4.752889309305597526e-02
4.802472837386173588e-02
4.846429695633661799e-02
4.886154601607307912e-02
4.925823546298506439e-02
4.966817103844196196e-02
5.007020828561954684e-02
5.046971119530552913e-02
5.085415545677839794e-02
5.126684939958482679e-02
5.164935521733213242e-02
5.204623366578350202e-02
5.239226740426527335e-02
5.274221789218709600e-02
5.304242928438845234e-02
5.330089023553513661e-02
5.351862251246708446e-02
5.370721223580184056e-02
5.389893240648690326e-02
5.408335795113931171e-02
5.429233963629100101e-02
5.446174381832593475e-02
5.464073923509180086e-02
5.479508162115790532e-02
5.498351742727839581e-02
5.516192970051263939e-02
5.528414938162590220e-02
5.538330987275188327e-02
5.546995217572366077e-02
5.556055628085054127e-02
5.565412890428610149e-02
5.570259455241207552e-02
5.575310934792120088e-02
5.581964548503932921e-02
5.589678796523423615e-02
5.596737286047219484e-02
5.603472055924176021e-02
5.609724169966494312e-02
5.617809703939134064e-02
5.626443240080573893e-02
5.636486771652755162e-02
5.643597748550722992e-02
5.647705489112622712e-02
5.651921677012843731e-02
5.655788949804523014e-02
5.661612150968314133e-02
5.668553632121781094e-02
5.675192017735827127e-02
5.681135155029119754e-02
5.685487119265777989e-02
5.689750143364782908e-02
5.694320307233115969e-02
5.698027157413641103e-02
5.701219843268402754e-02
5.705320934441025088e-02
5.710241875313767923e-02
5.714161654265676599e-02
5.715876018958090249e-02
5.717084978020254421e-02
5.716499309495412517e-02
5.717085417300240419e-02
5.717929032026694558e-02
5.719625724502602065e-02
5.721631794272264565e-02
5.721660869747850070e-02
5.721297011675736260e-02
5.721152119907092770e-02
5.721033369233863991e-02
5.722386615078938615e-02
5.724002425701919111e-02
5.725625284845361346e-02
5.727005037307026508e-02
5.728840027949078095e-02
5.731033002707742324e-02
5.733096650972056840e-02
5.734709285556778557e-02
5.736788918147036481e-02
5.738090431643733114e-02
5.738758923368110498e-02
5.738975724105432885e-02
5.739376989816778740e-02
5.739517241226364808e-02
5.739574311346948982e-02
5.739488860947093707e-02
5.739384025526006461e-02
5.739039899472353490e-02
5.738596443060533375e-02
5.737991510788459371e-02
5.737737440598764116e-02
5.737822089666293895e-02
5.738364539089475108e-02
5.739325445062599951e-02
5.740026501323344105e-02
5.740996247130306790e-02
5.741414799739785746e-02
5.741044646279439001e-02
5.740630332470633701e-02
5.739667205391426469e-02
5.739340636959271158e-02
5.739314011403817695e-02
5.741217159233735073e-02
5.744309533106511240e-02
5.746918523237559001e-02
5.750244624884869732e-02
5.752331772728815767e-02
5.754250927410543143e-02
5.756283291083131443e-02
5.759854791983988476e-02
5.764228894427110561e-02
5.769587890733857832e-02
5.772688358520480095e-02
5.740693170523223504e-02
5.711995261226868875e-02
5.683025470660665185e-02
5.655464492053081244e-02
5.626239457125686849e-02
5.601476082920547189e-02
5.578140581068075088e-02
5.557067514010496923e-02
5.531076636837847782e-02
5.507031071191689775e-02
5.480452176838999240e-02
5.451241498256037543e-02
5.412316608306336208e-02
5.368606487127164373e-02
5.320990856677113023e-02
5.269997072989313081e-02
5.222450898122200230e-02
5.191859696297558557e-02
5.147035589722023102e-02
5.106309440465194721e-02
5.072447969838282666e-02
5.046972378640351975e-02
5.019634225922840753e-02
4.991094658660211181e-02
4.976619211839407309e-02
4.964097996881145641e-02
4.950345528456377014e-02
4.940644833478273490e-02
4.928318381202147214e-02
4.915955263661037078e-02
4.893400017106143418e-02
4.875213598464320230e-02
4.857189147508592098e-02
4.833869578725785709e-02
4.814959235190739706e-02
4.796542293744043145e-02
4.780297085616160707e-02
4.763593678264001208e-02
4.742776468672914303e-02
4.718074360536437389e-02
4.698425769611740827e-02
4.679971734795222021e-02
4.657090616080303280e-02
4.633595573127196471e-02
4.609795579329679233e-02
4.583224218083411378e-02
4.545515611241206927e-02
4.512272085375385738e-02
4.449906241918760719e-02
4.350923460526499864e-02
4.249019088264602284e-02
4.144045856448613785e-02
4.036608799328760683e-02
3.927665811050987110e-02
3.820850729414115160e-02
3.713526633806103067e-02
3.605592514734125981e-02
3.499693344503575915e-02
3.394708173742065627e-02
3.288831063272541072e-02
3.185874283366570831e-02
3.081426682525007996e-02
2.978943669714635006e-02
2.877924613371505430e-02
2.777725561592312223e-02
2.677310216614326235e-02
2.577183883095281527e-02
2.481607881034601087e-02
2.388758094703064341e-02
2.292876590334107581e-02
2.197962613257228512e-02
2.102813337233665550e-02
2.008454238601617078e-02
1.914757211787163765e-02
1.820889600657254331e-02
1.725476909947625329e-02
1.635207950429976367e-02
1.543071225740735332e-02
1.457476735930100104e-02
1.373066453626776463e-02
1.290024873916844998e-02
1.211607580298301907e-02
1.134350216872077703e-02
1.065533778542452487e-02
9.985298928063292973e-03
9.412071413502982875e-03
8.762470072581568861e-03
8.116102883579430147e-03
7.498566484946164734e-03
6.902155577928804735e-03
6.316156580932910138e-03
5.753688144995064424e-03
5.214989301185123452e-03
4.687494756686672037e-03
4.170785942677624966e-03
3.674271545960791554e-03
3.212778353577416812e-03
2.770719808894729456e-03
2.340143533574357698e-03
1.955023577202165581e-03
1.584344260801683101e-03
1.241589183722847890e-03
9.176819440143692231e-04
6.232702906454475836e-04
3.425196928092949099e-04
8.467417998366441579e-05
-1.463745252457346606e-04
-3.565935476487802668e-04
-5.467380595252965391e-04
-7.174756179992337890e-04
-8.689644780078730401e-04
-1.000258498624068647e-03
-1.112237699512154876e-03
-1.201611645267759146e-03
-1.265698094495594722e-03
-1.299706200621255584e-03
-1.315122552830668996e-03
-1.309250198713900019e-03
-1.279549051905154054e-03
-1.233894761595808473e-03
-1.169832230973746412e-03
-1.088745151460912509e-03
-9.935264065376570551e-04
-8.791475621971160540e-04
-7.467358107426513977e-04
-5.997899417818744775e-04
-4.336931539611651835e-04
-2.479888927776528968e-04
-4.979809963502929187e-05
1.725698804709839573e-04
4.166203852197392240e-04
6.761687484148283696e-04
9.447609136281654189e-04
1.210912468654154516e-03
1.501893838751643248e-03
1.811307092644479392e-03
2.139756107550925233e-03
2.494201325122992041e-03
2.880399167611763078e-03
3.292654720776731162e-03
3.723368481532895926e-03
4.171602590259015225e-03
4.635038989255766025e-03
5.122208416117652111e-03
5.608152947303894978e-03
6.116581808221339955e-03
6.659326949103154709e-03
7.227554726734890765e-03
7.825319046835541373e-03
8.450712451343255285e-03
9.093035557014978593e-03
9.757707147680741780e-03
1.042441961647821470e-02
1.112620935353477065e-02
1.185975493856681988e-02
1.259957007806282274e-02
1.338885421969168883e-02
1.419693084688571257e-02
1.500638939100685729e-02
1.585362316442422495e-02
1.666971971833815930e-02
1.752982538531232259e-02
1.840965904706801451e-02
1.931707120041316339e-02
2.025949601815282136e-02
2.120796008814685926e-02
2.224129462846710648e-02
2.325002997317085138e-02
2.429330076715891656e-02
2.538216184527839620e-02
2.652497607889315115e-02
2.766428262191516357e-02
2.882701047749426301e-02
3.003155784070905832e-02
3.127614917169574404e-02
3.241116960221634286e-02
3.358589411751292109e-02
3.472190154867162148e-02
3.587159621042777108e-02
3.709838949344618220e-02
3.827788121390359594e-02
3.944881001159103451e-02
4.063770972227229161e-02
4.184738423446243000e-02
4.311930004463888910e-02
4.445498461879666963e-02
4.581613977531019677e-02
4.724845482742724700e-02
4.869886880832489939e-02
5.020619730514526424e-02
5.172338875378036660e-02
5.324895691920449037e-02
5.477530631425021196e-02
5.638012154402409493e-02
5.797039587158390322e-02
5.968005036504639427e-02
6.143898634358352373e-02
6.330144600432349722e-02
6.526328122189667402e-02
6.723701976224960575e-02
6.924022883774505477e-02
7.126028335929159019e-02
7.331554498877243531e-02
7.539504472844674177e-02
7.747898882433768009e-02
7.957813558221865646e-02
8.170508848566525317e-02
8.385128496195452807e-02
8.601431698297024031e-02
8.818609125479028032e-02
9.036371394337165686e-02
9.255865257141270008e-02
9.478738824564363064e-02
9.701579795030294828e-02
9.924394290268406804e-02
