4.000028122752019022e-01
4.000028283034511856e-01
4.019529792686422076e-01
4.034442272857875489e-01
4.050182963564855632e-01
4.064460966688490662e-01
4.079389245203131620e-01
4.095923942148484986e-01
4.109453767936507851e-01
4.125635861322053399e-01
4.141718955597655794e-01
4.157976864676258821e-01
4.175389115929705186e-01
4.190557696554163547e-01
4.207303234832080463e-01
4.223874388690646575e-01
4.240495545172998648e-01
4.258205263161085052e-01
4.274125285288252751e-01
4.290986791746339013e-01
4.306985148911439132e-01
4.324053920905179260e-01
4.341669492300473943e-01
4.359202755040007538e-01
4.376384114159604932e-01
4.392775111308956371e-01
4.409988467517607091e-01
4.426252829038316294e-01
4.443070800997587777e-01
4.458806291728344973e-01
4.474293392684941528e-01
4.489101768076437793e-01
4.503501112448830557e-01
4.517343272262946408e-01
4.530422175052454814e-01
4.542481103898550754e-01
4.553275003130375920e-01
4.563337458791785761e-01
4.572243692911768242e-01
4.579996701020016547e-01
4.587591341960860492e-01
4.594173920207713646e-01
4.600140941256771754e-01
4.605572817863007318e-01
4.610163488786662711e-01
4.615079097844974054e-01
4.620479037718180360e-01
4.626232995897246458e-01
4.632009349808570708e-01
4.637293805172906236e-01
4.642214966293091161e-01
4.647209201632168107e-01
4.651956754135500582e-01
4.656277362523734697e-01
4.660132071910474960e-01
4.663455503438543870e-01
4.666277416206480178e-01
4.668711592569318447e-01
4.670718106922830959e-01
4.672286826951584926e-01
4.673388056818090774e-01
4.674035823241963206e-01
4.674229344916178142e-01
4.673969774925975651e-01
4.673298550360032166e-01
4.672088668824989077e-01
4.670444615149426104e-01
4.668381844617130461e-01
4.665742930140924227e-01
4.662474338776038119e-01
4.658842514221142039e-01
4.654731192623222102e-01
4.650417620511150818e-01
4.646236383232745792e-01
4.641921054389481216e-01
4.637637988227643060e-01
4.632888067561555800e-01
4.628405187409093680e-01
4.623567064921852432e-01
4.618697524430959156e-01
4.613629770797247343e-01
4.608529876522513558e-01
4.603253889810007271e-01
4.597998411550308084e-01
4.592682723789693888e-01
4.587219907902791438e-01
4.581269860423882734e-01
4.574914396185969512e-01
4.568243057828119680e-01
4.561727679765783527e-01
4.555031358358156424e-01
4.548345543525333934e-01
4.541669511049535868e-01
4.535001668108191719e-01
4.528340195370478272e-01
4.521683750414385861e-01
4.515462778840758085e-01
4.509431785634748779e-01
4.503284424837798450e-01
4.496935448527604740e-01
4.490278860288433038e-01
4.483407573049905670e-01
4.476252065422458015e-01
4.468873163366449131e-01
4.461329958470192092e-01
4.453526282081822218e-01
4.445126891514500356e-01
4.436560940055305768e-01
4.427629789728512177e-01
4.418365965686572028e-01
4.409178622317280749e-01
4.399675235102857851e-01
4.389859523333328184e-01
4.379860551791768253e-01
4.369167434215254775e-01
4.358624033225872441e-01
4.347516213241801597e-01
4.336264579823918552e-01
4.324669878364732489e-01
