-1.999978445103693103e-01
-1.999978287190622428e-01
-1.989016860843763890e-01
-1.991095705378238823e-01
-1.992946189237277954e-01
-1.994871810602705520e-01
-1.996474308689908661e-01
-1.997956543632050108e-01
-1.999404445948419484e-01
-2.000675597425842778e-01
-2.001739694672804715e-01
-2.002666038159600925e-01
-2.003520622902004167e-01
-2.003992343553221145e-01
-2.004439080730655576e-01
-2.004892077025687558e-01
-2.005243098145765013e-01
-2.005404852118376213e-01
-2.005381048812406586e-01
-2.005258436892930207e-01
-2.004998411619530463e-01
-2.004545735881608781e-01
-2.003931658546646011e-01
-2.003187735415218329e-01
-2.002383678326368488e-01
-2.001272386641042567e-01
-1.999926122005496465e-01
-1.998484474492982499e-01
-1.996685442149273015e-01
-1.994700263017457342e-01
-1.992541821631197974e-01
-1.990027510700207725e-01
-2.001867332441935043e-01
-2.014237547088002511e-01
-2.027218243076233661e-01
-2.040294684914082946e-01
-2.053498080270358961e-01
-2.067400873746822743e-01
-2.081187332922978250e-01
-2.095618338157876070e-01
-2.109932102724703107e-01
-2.124366491046868755e-01
-2.138292119786506518e-01
-2.152482602560000513e-01
-2.167025044904021536e-01
-2.182012672449139823e-01
-2.197076986004827259e-01
-2.212091978740801379e-01
-2.227318355266433569e-01
-2.242461029644233217e-01
-2.257567019777117212e-01
-2.273029542130978464e-01
-2.288535227653312187e-01
-2.304298207380151842e-01
-2.320505848735552878e-01
-2.336588959581628877e-01
-2.352759769042192528e-01
-2.369175064927243612e-01
-2.385587834563963061e-01
-2.402185174654358768e-01
-2.418271747221827916e-01
-2.434537037376620083e-01
-2.451270940211247862e-01
-2.468467212077588568e-01
-2.485421537638278500e-01
-2.502869163035307820e-01
-2.520389879409046241e-01
-2.537719982468045199e-01
-2.555212207696039850e-01
-2.572613996232765432e-01
-2.590412921708966087e-01
-2.607862731718024740e-01
-2.625597496041070511e-01
-2.643295595620604455e-01
-2.660868328665070282e-01
-2.678809163327363629e-01
-2.696799243027440118e-01
-2.714668777991339765e-01
-2.732512457814134099e-01
-2.750256490584140900e-01
-2.768229262831408688e-01
-2.786561079100880467e-01
-2.804819244757280616e-01
-2.823638941409539194e-01
-2.842406582417379424e-01
-2.861172520995147184e-01
-2.879589300998051105e-01
-2.897541018485130793e-01
-2.915116706188971007e-01
-2.932931048239686422e-01
-2.950866235423706407e-01
-2.968441174621759271e-01
-2.985502513067376240e-01
-3.002327260705399126e-01
-3.018866925353924646e-01
-3.035482932527810429e-01
-3.052147683040652981e-01
-3.068567873084847020e-01
-3.085300296773021422e-01
-3.102186314651119159e-01
-3.118560631363287428e-01
-3.135106069535371076e-01
-3.151514056908619743e-01
-3.167856598137703816e-01
-3.184272024212242980e-01
-3.200950612704769882e-01
-3.217703922690416940e-01
-3.234908656477407107e-01
-3.252216266168499459e-01
-3.269517919917602211e-01
-3.278888117954790182e-01
-3.296144596715973596e-01
-3.313552525480197852e-01
-3.312786817636765857e-01
-3.329740929912068936e-01
-3.347328028577236658e-01
-3.365261270233087521e-01
-3.383785851368746322e-01
-3.401316539438016817e-01
-3.418763012240861876e-01
-3.436274933316165736e-01
-3.453726104630883698e-01
-3.471200332968464863e-01
-3.431059320047303296e-01
-3.425126928504342305e-01
-3.419391192999667872e-01
-3.414475937840656949e-01
-3.409490150041132872e-01
-3.405909402900964000e-01
-3.402227217478486221e-01
-3.418317446021060246e-01
-3.437823576116567081e-01
-4.000026631801488763e-01
-4.000026791385445368e-01
-4.014939245304641191e-01
-4.016744031977473872e-01
-4.016931426838339925e-01
-4.017278770612992544e-01
-4.016956089550455800e-01
-4.017650445970540884e-01
-4.017664312611839428e-01
-4.018069856050035527e-01
-4.018426859646730409e-01
-4.018977843422307794e-01
-4.019249064448495168e-01
-4.020743183546380828e-01
-4.024088755253861227e-01
-4.027997198908795373e-01
-4.031888174727417118e-01
-4.036185469513520196e-01
-4.040133207101757051e-01
-4.043547306298408972e-01
-4.046700500524529898e-01
-4.048946855375471499e-01
-4.051081521074859637e-01
-4.052754537993352724e-01
-4.053890026458870088e-01
-4.054361964092904058e-01
-4.054720181354408703e-01
-4.054802936645975353e-01
-4.054695791225836343e-01
-4.054412090687946613e-01
-4.053783028819206713e-01
-4.053240339700114325e-01
-4.052642583367918050e-01
-4.051590733583274040e-01
-4.050213817775916159e-01
-4.047998207357241807e-01
-4.046113009128762816e-01
-4.044603589069628580e-01
-4.042871032707138768e-01
-4.039503149018098815e-01
-4.036291204343657180e-01
-4.031892198225213719e-01
-4.027710203926598842e-01
-4.025358530383540967e-01
-4.022242162618753225e-01
-4.019277986687385673e-01
-4.017558799871819297e-01
-4.014878727173773476e-01
-4.013256700649643904e-01
-4.008232350236447528e-01
-4.007333962743250821e-01
-4.001815199096329101e-01
-3.998169124742352865e-01
-3.995804737506120086e-01
-3.989794786697301032e-01
-3.987095703846388894e-01
-3.982099075800662469e-01
-3.978246074612088456e-01
-3.974231183314180238e-01
-3.972449095375533146e-01
-3.971364955956648846e-01
-3.970288156817734504e-01
-3.972167164440956744e-01
-3.974224781016301722e-01
-3.976251160676275709e-01
-3.976414425593589042e-01
-3.977813889018001481e-01
-3.980954165339702366e-01
-3.983105630126724805e-01
-3.985324631098551285e-01
-3.988146495485104248e-01
-3.989487606188208413e-01
-3.991722912720359617e-01
-3.992767804826331535e-01
-3.994473137673411056e-01
-3.997487060716711782e-01
-4.000528854383383903e-01
-4.004339270348371560e-01
-4.009462539097832234e-01
-4.014703063902297364e-01
-4.019645534102401219e-01
-4.024579447372645946e-01
-4.029765711094130398e-01
-4.035442175244358665e-01
-4.040939637510032600e-01
-4.047105147834262895e-01
-4.053255223274507824e-01
-4.059466172003571849e-01
-4.066326531934445487e-01
-4.073282152346104912e-01
-4.080287807736934225e-01
-4.087172698864657283e-01
-4.093789041910055881e-01
-4.100115597000661971e-01
-4.105967288967076190e-01
-4.111498968774865981e-01
-4.116456787597520539e-01
-4.121471907452636807e-01
-4.126239636537167854e-01
-4.130512640672028835e-01
-4.134252222390963349e-01
-4.137691062863879110e-01
-4.140761205281520696e-01
-4.143415472103638697e-01
-4.145675664768938562e-01
-4.147549122604551886e-01
-4.148938593561207755e-01
-4.149937306233009160e-01
-4.150453784982193750e-01
-4.150602793824176850e-01
-4.150806462876934222e-01
-4.151065154750557262e-01
-4.151378217116795666e-01
-4.151738366340518294e-01
-4.152140496612136134e-01
-4.152581877884661266e-01
-4.153001277726534046e-01
-4.153447569735373435e-01
-4.153896004730976421e-01
-4.154322160042802081e-01
-4.154790928272785733e-01
-4.155271420470362242e-01
-4.155808118531158502e-01
-4.156389811894526942e-01
-4.157001246313935527e-01
-4.157672601344389873e-01
-4.158381166568400067e-01
-4.159154102492857441e-01
-4.159929690646141376e-01
-4.160776289747858958e-01
-4.161593765596341421e-01
-4.161880803647343696e-01
-4.161569641791865171e-01
-4.160747982642278298e-01
-4.159995403397491742e-01
-4.159313237071294300e-01
-4.158668929522775226e-01
-4.158098049755328263e-01
-4.157553821109911674e-01
-4.157064431045588981e-01
-4.156626206792274347e-01
-4.156252948907301903e-01
-4.155943302480620272e-01
-4.155659311965914648e-01
-4.155416692722642136e-01
-4.155204817525400829e-01
-4.155038721622585918e-01
-4.154918389840713822e-01
-4.154836862561770983e-01
-4.154795994760580591e-01
-4.154800384419829462e-01
-4.154860460731596983e-01
-4.154964836946246631e-01
-4.155118516559737629e-01
-4.155314108869544443e-01
-4.155565378160607226e-01
-4.155843215083575570e-01
-4.156159051432730123e-01
-4.156520023234693273e-01
-4.156888493892762493e-01
-4.157309271384392324e-01
-4.157764332420081921e-01
-4.158222344253913461e-01
-4.158742432304164960e-01
-4.159284473167573215e-01
-4.159838856699590859e-01
-4.160446593992833675e-01
-4.161122872279210405e-01
-4.161842294002064957e-01
-4.162585648078255263e-01
-4.163382370491096607e-01
-4.164184119920743554e-01
-4.164932377671791697e-01
-4.165779501238914273e-01
-4.166545315880133549e-01
-4.166942656410821955e-01
-4.166973174986107198e-01
-4.166785645895894619e-01
-4.166696324934925366e-01
-4.166700226549916453e-01
-4.166801536507717119e-01
-4.166988539386264900e-01
-4.167286034984590826e-01
-4.167680641832567923e-01
-4.168166118329129088e-01
-4.168742718003423664e-01
-4.169202811371072182e-01
-4.169355825259589698e-01
-4.169230035005108137e-01
-4.168830648294820085e-01
-4.168142506173603823e-01
-4.167181148790919387e-01
-4.166202812683290624e-01
-4.165260036195963522e-01
-4.164463278836165738e-01
-4.163756056315134901e-01
-4.163154548486059370e-01
-4.162681421843786311e-01
-4.162298422732074177e-01
-4.161996387925139818e-01
-4.161789945347773023e-01
-4.161690039796822616e-01
-4.161672349329464948e-01
-4.161724906881647534e-01
-4.161849133029501546e-01
-4.162001502769411276e-01
-4.161932009937621135e-01
-4.161935939646321247e-01
-4.161929156831574161e-01
-4.161990059307718592e-01
-4.162099496657145070e-01
-4.162236187520248487e-01
-4.162400035178119295e-01
-4.162592011218126942e-01
-4.162818668715210224e-01
-4.162837255548013093e-01
-4.162740466302712328e-01
-4.162469678245788729e-01
-4.162252662397447067e-01
-4.162087733719690430e-01
-4.161955768413768686e-01
-4.161880735974708978e-01
-4.161856759892359481e-01
-4.161806100739832703e-01
-4.161718636225467671e-01
-4.161494254122465319e-01
-4.161080566273413495e-01
-4.160713820421184095e-01
-4.160384906887131806e-01
-4.160114920918739356e-01
-4.159910429735310666e-01
-4.159589069235100078e-01
-4.159213209147525347e-01
-4.158704587423012744e-01
-4.158100236732851229e-01
-4.157303830178450399e-01
-4.156543765070133678e-01
-4.155914203829107478e-01
-4.155345793320676107e-01
-4.154802729307423559e-01
-4.154436714871676539e-01
-4.154103225318517278e-01
-4.153863338345307188e-01
-4.153606658635741744e-01
-4.153390570796533510e-01
-4.153229443421266320e-01
-4.153091031391575871e-01
-4.152956184834848963e-01
-4.152874405636637900e-01
-4.152807095126772596e-01
-4.152755340794462846e-01
-4.152700433175415262e-01
-4.152661344763662887e-01
-4.152650386195645416e-01
-4.152636528261681170e-01
-4.152555775681072703e-01
-4.152420055815435607e-01
-4.152209023379815900e-01
-4.151973047325316357e-01
-4.151686439305813936e-01
-4.151464316919494801e-01
-4.151109545459086836e-01
-4.150766734911471301e-01
-4.150500589096205450e-01
-4.150270203869845798e-01
-4.149878813286942969e-01
-4.149424587978593482e-01
-4.149007439825442289e-01
-4.148700108198624115e-01
-4.148426179175839223e-01
-4.148171257835172598e-01
-4.147926614669329992e-01
-4.147679873393526062e-01
-4.147464290973901235e-01
-4.147285458103201483e-01
-4.147171445173260529e-01
-4.147078788411561190e-01
-4.147021451809155268e-01
-4.146982387341541787e-01
-4.146966495022231247e-01
-4.146928848461014505e-01
-4.146857208505417836e-01
-4.146807679609102459e-01
-4.146768569346892530e-01
-4.146723246888470715e-01
-4.146633867813402374e-01
-4.146540929760114125e-01
-4.146443951160610486e-01
-4.146382691544141519e-01
-4.146358377429172903e-01
-4.146350156189365088e-01
-4.146274613110532137e-01
-4.146155530689489832e-01
-4.146047730811266430e-01
-4.145896113560600948e-01
-4.145690321744123219e-01
-4.145437317913884812e-01
-4.145245155415209215e-01
-4.145057826043043181e-01
-4.144918991070740688e-01
-4.144806298560863578e-01
-4.144649634116458481e-01
-4.144447542173202992e-01
-4.144243095158499646e-01
-4.144138512319883727e-01
-4.144144772138586563e-01
-4.144105044557322981e-01
-4.144024611164782712e-01
-4.144039546585332467e-01
-4.144035170985153615e-01
-4.144033525209537827e-01
-4.144088431951187812e-01
-4.144136511208856843e-01
-4.144262764897364559e-01
-4.144319481158347251e-01
-4.144469841531750465e-01
-4.144583772009174383e-01
-4.144679993818797259e-01
-4.144760116887813428e-01
-4.144802521718169430e-01
-4.144821061544401997e-01
-4.144825245602468677e-01
-4.144811560682371554e-01
-4.144790870117439074e-01
-4.144759650463788470e-01
-4.144717681655947228e-01
-4.144632801708685865e-01
-4.144526609811434170e-01
-4.144425175787432858e-01
-4.144356121624366840e-01
-4.144307201332992907e-01
-4.144237044200339004e-01
-4.144206538871568202e-01
-4.144178955924700536e-01
-4.144103574920965927e-01
-4.143995699463463578e-01
-4.143843994558975008e-01
-4.143690594866396570e-01
-4.143459676431051619e-01
-4.143256664580346471e-01
-4.142953517644538119e-01
-4.142547222690050601e-01
-4.142089235906955547e-01
-4.141594656869794777e-01
-4.141226007114145458e-01
-4.140888438999361654e-01
-4.140563285742842048e-01
-4.140330582029557172e-01
-4.140126134774875788e-01
-4.139839656232083276e-01
-4.139405498167450514e-01
-4.138880095893157640e-01
-4.138487396630134429e-01
-4.138116464613937895e-01
-4.137784965527480097e-01
-4.137514094059805414e-01
-4.137289870456080099e-01
-4.137136017069960592e-01
-4.137043573626627002e-01
-4.137017271177627076e-01
-4.137050096689828815e-01
-4.137139665477045369e-01
-4.137243461741359485e-01
-4.137415984210957021e-01
-4.137450746217232744e-01
-4.137264496741085429e-01
-4.136857054332789274e-01
-4.136252866029584974e-01
-4.135514858915826930e-01
-4.134876505810981540e-01
-4.134355631828491862e-01
-4.133918193454705348e-01
-4.133636991173493813e-01
-4.133422560856122030e-01
-4.133082950776358899e-01
-4.132587086252674791e-01
-4.131909504439742475e-01
-4.131000459099539168e-01
-4.129919506087721404e-01
-4.128953000546997099e-01
-4.127918581527741937e-01
-4.126997971474640758e-01
-4.125936857665590263e-01
-4.124975011255422319e-01
-4.124095066597994186e-01
-4.123276282049817554e-01
-4.122589753421794234e-01
-4.121883525206533339e-01
-4.121261222887803721e-01
-4.120770134950271779e-01
-4.120334097188732558e-01
-4.120031256911986794e-01
-4.119751723849933156e-01
-4.119385954379182202e-01
-4.118829242715625338e-01
-4.118173925948461211e-01
-4.117433824407568665e-01
-4.116617837320131201e-01
-4.115900232125505043e-01
-4.115251157823072159e-01
-4.114671954841941925e-01
-4.114084385950492195e-01
-4.113579856663915901e-01
-4.113104964564830435e-01
-4.112460396897003045e-01
-4.111672151525497254e-01
-4.110673455332979342e-01
-4.109514086743893957e-01
-4.108342191804968957e-01
-4.107021042303943825e-01
-4.105976226688896613e-01
-4.105169182524067151e-01
-4.104502835616168910e-01
-4.103922297617521031e-01
-4.103314821055283335e-01
-4.102731110531934733e-01
-4.102181998918409400e-01
-4.101655788177688278e-01
-4.100997750887334092e-01
-4.100121880794168061e-01
-4.099217760048390891e-01
-4.098441399708531718e-01
-4.097670551249677495e-01
-4.096981590292282926e-01
-4.096211564812709538e-01
-4.095683886213660196e-01
-4.095197656434986788e-01
-4.094686968808333161e-01
-4.094038547307388143e-01
-4.093442905581127778e-01
-4.092949514458262827e-01
-4.092511013805634756e-01
-4.092075237214177208e-01
-4.091654874343838011e-01
-4.091213039548102226e-01
-4.090862631428859864e-01
-4.090655278454146115e-01
-4.090430763455966123e-01
-4.090233834304193850e-01
-4.090083844109971278e-01
-4.089895572718768024e-01
-4.089779623476022530e-01
-4.089808877677121313e-01
-4.089801016416294566e-01
-4.089751130654967759e-01
-4.089658071246395910e-01
-4.089572574459972021e-01
-4.089579919327193114e-01
-4.089573676055891505e-01
-4.089525169096543955e-01
-4.089477762077482481e-01
-4.089421533575465784e-01
-4.089402068673926305e-01
-4.089492165850564520e-01
-4.089557639530876365e-01
-4.089685481694410596e-01
-4.089782192083799006e-01
-4.089762850330258548e-01
-4.089709711177643148e-01
-4.089783149073996649e-01
-4.089716878272451894e-01
-4.089684344104574931e-01
-4.089726174933049352e-01
-4.089930635090693323e-01
-4.090204687876509149e-01
-4.090686894661871298e-01
-4.091061743401634976e-01
-4.091587513526147024e-01
-4.092342416265354332e-01
-4.093030377524140007e-01
-4.093612448170166895e-01
-4.094334493047346313e-01
-4.094978299282698853e-01
-4.095630003814643150e-01
-4.096203518336950511e-01
-4.096654362274618766e-01
-4.097103142755225691e-01
-4.097457625660722580e-01
-4.097892369729345119e-01
-4.098343215558220010e-01
-4.098717931400022163e-01
-4.099047103958913807e-01
-4.099326824419990412e-01
-4.099524576847591306e-01
-4.099771971039277152e-01
-4.099959947933167204e-01
-4.100126320448088668e-01
-4.100273435044722858e-01
-4.100412027716826557e-01
-4.100439122691878491e-01
-4.100362761107319010e-01
-4.100227757020803998e-01
-4.100123600121464706e-01
-4.100114200003475151e-01
-4.100201871168359657e-01
-4.100272685614376744e-01
-4.100300479793980712e-01
-4.100372554237248224e-01
-4.100481407914259302e-01
-4.100674919503592419e-01
-4.100943991398614541e-01
-4.101242095158215695e-01
-4.101657303394247722e-01
-4.102018843884986388e-01
-4.102479797274416473e-01
-4.102927950186819328e-01
-4.103352533568939142e-01
-4.103868290288997245e-01
-4.104282815374499238e-01
-4.104837594529050504e-01
-4.105327794898112614e-01
-4.105771511070029356e-01
-4.106219046259076411e-01
-4.106695854705500470e-01
-4.107151409076842397e-01
-4.107682682628461812e-01
-4.108175201498318052e-01
-4.108668294807030219e-01
-4.109131368223362113e-01
-4.109588005553392875e-01
-4.110049819958701556e-01
-4.110471036018752966e-01
-4.110889530679817661e-01
-4.111251086330729998e-01
-4.111782476660842400e-01
-4.112380597670119431e-01
-4.112851565024085998e-01
-4.113302175141249628e-01
-4.113733315156375969e-01
-4.114063107872912850e-01
-4.114320237873134167e-01
-4.114483211891777348e-01
-4.114531153107194861e-01
-4.114642170551882083e-01
-4.114780144041333410e-01
-4.114862742755908132e-01
-4.114920452159696596e-01
-4.114933055386759686e-01
-4.114977296393209083e-01
-4.114979920348618148e-01
-4.115057378042229486e-01
-4.115112464992246588e-01
-4.115143808314322693e-01
-4.115188091666615033e-01
-4.115197793843844987e-01
-4.115212491136592265e-01
-4.115178181613707298e-01
-4.115148917141979168e-01
-4.115256583569228410e-01
-4.115401267436513133e-01
-4.115417366044738512e-01
-4.115491052004663919e-01
-4.115586667906733775e-01
-4.115500227067474537e-01
-4.115447703181361883e-01
-4.115430620793628647e-01
-4.115387183528266268e-01
-4.115466252025657412e-01
-4.115574444989113512e-01
-4.115779058866184115e-01
-4.116105688432120657e-01
-4.116436310579343894e-01
-4.116810683580701680e-01
-4.117153307704542464e-01
-4.117507417168581596e-01
-4.117918535174142081e-01
-4.118334485153233304e-01
-4.118711894757413061e-01
-4.118964578714962022e-01
-4.119165955717188909e-01
-4.119363356737194559e-01
-4.119591147620004223e-01
-4.119788862984921640e-01
-4.119947700055321405e-01
-4.120073395091343182e-01
-4.120171408819106595e-01
-4.120237516713186610e-01
-4.120299493036991834e-01
-4.120411224122566551e-01
-4.120594662027218802e-01
-4.120844320174624209e-01
-4.121049405176798186e-01
-4.121315453785679428e-01
-4.121553244558093243e-01
-4.121839911428544223e-01
-4.122202944890369092e-01
-4.122570898424496866e-01
-4.123015293032871176e-01
-4.123588957238032426e-01
-4.124173328571911212e-01
-4.124783954064960567e-01
-4.125323530723961629e-01
-4.125969553843648607e-01
-4.126518537804810260e-01
-4.127240142699886705e-01
-4.127863930325689212e-01
-4.128451887407702525e-01
-4.129024191384584319e-01
-4.129460081453667497e-01
-4.129897923853281250e-01
-4.130223018430743132e-01
-4.130482287101519545e-01
-4.130677776021835501e-01
-4.130991482401885073e-01
-4.131347292052556242e-01
-4.131850902639154222e-01
-4.132444248569970835e-01
-4.133054404133733595e-01
-4.133783537276727871e-01
-4.134454990629950477e-01
-4.135013168766775160e-01
-4.135619624312893428e-01
-4.136142314045604396e-01
-4.136496347470030588e-01
-4.136797831933074487e-01
-4.137119922875886480e-01
-4.137420185748795776e-01
-4.137816234709837948e-01
-4.138366469819051430e-01
-4.138951521198322991e-01
-4.139559569670099859e-01
-4.140127452957083065e-01
-4.140638015381281622e-01
-4.141094834380230627e-01
-4.141432663222814337e-01
-4.141681468999219851e-01
-4.141911544412038571e-01
-4.142297374982698566e-01
-4.142852943282555600e-01
-4.143594263260057531e-01
-4.144450599343634245e-01
-4.145242802752308608e-01
-4.145863276313251911e-01
-4.146421876865896139e-01
-4.146954286430781234e-01
-4.147412430272648387e-01
-4.147891498359844720e-01
-4.148312095153844914e-01
-4.148658204020308493e-01
-4.148949245938897135e-01
-4.149180765884453170e-01
-4.149378275921445369e-01
-4.149677777685277791e-01
-4.150096256851200094e-01
-4.150458018796309712e-01
-4.150902952279043601e-01
-4.151241722534551593e-01
-4.151514621917145043e-01
-4.151765849319291601e-01
-4.151947859107345540e-01
-4.152109706404396583e-01
-4.152258698220773758e-01
-4.152427591723747424e-01
-4.152586018834071857e-01
-4.152779943215232916e-01
-4.152953791787825644e-01
-4.153197875401226646e-01
-4.153456713503012043e-01
-4.153863263010316720e-01
-4.154246547078740415e-01
-4.154586813585212091e-01
-4.154929803279709399e-01
-4.155203651078570593e-01
-4.155541448052685882e-01
-4.155835048334503012e-01
-4.156228824660163079e-01
-4.156588865955591072e-01
-4.157126801544721029e-01
-4.157653290023822779e-01
-4.158101179212783660e-01
-4.158433460549449956e-01
-4.158696657163344357e-01
-4.158956698349269843e-01
-4.159214342071894666e-01
-4.159450799679052513e-01
-4.159637992912511573e-01
-4.159801400966491869e-01
-4.159901190354413636e-01
-4.159953940232947733e-01
-4.159994346926779163e-01
-4.160008244923310561e-01
-4.160000153421242741e-01
-4.159974433096375601e-01
-4.159913638539937120e-01
-4.159900948002025478e-01
-4.159931636659386922e-01
-4.159943165154432188e-01
-4.159960680484996454e-01
-4.159979199164903774e-01
-4.159978036187317318e-01
-4.159979852421673563e-01
-4.160019003293498052e-01
-4.160127174897313984e-01
-4.160327534272081906e-01
-4.160537843112034340e-01
-4.160665959725102780e-01
-4.160719079199772796e-01
-4.160819944303111861e-01
-4.160940663386508698e-01
-4.160995465694791173e-01
-4.161032968870618243e-01
-4.161126841453928749e-01
-4.161176724105402069e-01
-4.161179877656179249e-01
-4.161173727287014179e-01
-4.161168351527219644e-01
-4.161168385308772755e-01
-4.161169694600034830e-01
-4.161174951376019893e-01
-4.161185027735290753e-01
-4.161185969302811372e-01
-4.161195073953853352e-01
-4.161205730991218710e-01
-4.161207171455577614e-01
-4.161211043976786872e-01
-4.161229572280311095e-01
-4.161257026685045712e-01
-4.161245797050517892e-01
-4.161213470291755256e-01
-4.161198508548737407e-01
-4.161202161706938352e-01
-4.161168546457304496e-01
-4.161099852090299200e-01
-4.160957191706760039e-01
-4.160826390892657933e-01
-4.160673569950588679e-01
-4.160496775379115553e-01
-4.160324088748298399e-01
-4.160135034655661479e-01
-4.159949119504159909e-01
-4.159790154696503817e-01
-4.159688399336670117e-01
-4.159648201173429261e-01
-4.159639297098514654e-01
-4.159634692097440856e-01
-4.159580930893024830e-01
-4.159484037941711954e-01
-4.159402923634310523e-01
-4.159306633405040476e-01
-4.159169703370864668e-01
-4.159086223069865529e-01
-4.159008483810242573e-01
-4.158972164280172468e-01
-4.158932937024340526e-01
-4.158906954009462531e-01
-4.158916668513686909e-01
-4.158923271026263024e-01
-4.158930848249848267e-01
-4.158937037297789074e-01
-4.158943800205080477e-01
-4.158958735109152816e-01
-4.158971063425153658e-01
-4.158962537954868921e-01
-4.158932558578957162e-01
-4.158893036120564490e-01
-4.158838260242021523e-01
-4.158745678422492431e-01
-4.158606706296721911e-01
-4.158532851688385712e-01
-4.158447818354185088e-01
-4.158378148046769640e-01
-4.158230403717473878e-01
-4.158168379672285142e-01
-4.158102324304098762e-01
-4.158038371257865573e-01
-4.158029448174657694e-01
-4.158039441695593474e-01
-4.158018199479229238e-01
-4.157888651812010616e-01
-4.157764251263489919e-01
-4.157611326152186315e-01
-4.157449023688905010e-01
-4.157266542562365053e-01
-4.157085790500095190e-01
-4.156854386500865584e-01
-4.156610402430354623e-01
-4.156392116906425516e-01
-4.156196757403063935e-01
-4.156028361044329933e-01
-4.155898296876293085e-01
-4.155760400270427368e-01
-4.155625237148841689e-01
-4.155466418799069750e-01
-4.155283576567824211e-01
-4.155124363130110465e-01
-4.155005395611512387e-01
-4.154882384446631494e-01
-4.154759461809894860e-01
-4.154616378119529996e-01
-4.154518101782504469e-01
-4.154395250372403536e-01
-4.154252471689995896e-01
-4.154091384348637117e-01
-4.153968330876282034e-01
-4.153785967241463983e-01
-4.153620512694526923e-01
-4.153441792859799975e-01
-4.153333121996312660e-01
-4.153242122393672742e-01
-4.153165780107478389e-01
-4.153067190184664415e-01
-4.152958841822923519e-01
-4.152881806125554021e-01
-4.152855165251661540e-01
-4.152817421263075848e-01
-4.152791369455167136e-01
-4.152767514250800818e-01
-4.152782281541404497e-01
-4.152794270149585687e-01
-4.152776370714257870e-01
-4.152679830350950452e-01
-4.152653117564231722e-01
-4.152577175243375995e-01
-4.152466042335324903e-01
-4.152360879570717311e-01
-4.152215073894966468e-01
-4.151996597673255907e-01
-4.151830360338996107e-01
-4.151702934185060312e-01
-4.151556762833676917e-01
-4.151427448809702492e-01
-4.151313620165036911e-01
-4.151107980302338185e-01
-4.150804802945592398e-01
-4.150477942278940624e-01
-4.150130400958586541e-01
-4.149816022782976677e-01
-4.149433858195508140e-01
-4.149065742538401991e-01
-4.148595917697149860e-01
-4.148192279586943587e-01
-4.147796148272531180e-01
-4.147448481496561201e-01
-4.147125078741257798e-01
-4.146787278683318201e-01
-4.146481496525175059e-01
-4.146224305632755791e-01
-4.146013870154783287e-01
-4.145843471866568208e-01
-4.145672669489797180e-01
-4.145546576746449441e-01
-4.145425432790239006e-01
-4.145302127618801791e-01
-4.145193362264973924e-01
-4.145064923597279738e-01
-4.144958928565958267e-01
-4.144816426148393851e-01
-4.144637109589949797e-01
-4.145928782967407966e-01
-4.147128673139582333e-01
-4.146607723896536535e-01
-4.146096952911084155e-01
-4.145638520603854849e-01
-4.145250020336671004e-01
-4.144796830085548112e-01
-4.144429918710473837e-01
-4.144130128298048610e-01
-4.143813736906048484e-01
-4.143494381253141068e-01
-4.143254047742545576e-01
-4.143096145312729073e-01
-4.143097991544551495e-01
-4.143048462050646918e-01
-4.143111879016446730e-01
-4.143160340356282223e-01
-4.143291414643060500e-01
-4.143423577491643917e-01
-4.143451402739935507e-01
-4.143471743842116473e-01
-4.143265239018181778e-01
-4.142972793806014575e-01
-4.142742199112050550e-01
-4.142544125971344138e-01
-4.142225466557292179e-01
-4.141962018644591570e-01
-4.141614221203659962e-01
-4.141337742127944033e-01
-4.141125122714588991e-01
-4.140830613800490778e-01
-4.140539674291864314e-01
-4.140272550173516586e-01
-4.140215102243932077e-01
-4.140138539782692861e-01
-4.140197605155425120e-01
-4.140194418605920856e-01
-4.140147558174710474e-01
-4.140032113517617685e-01
-4.139792643918107640e-01
-4.139496617870677686e-01
-4.139255754424006617e-01
-4.139067890514549486e-01
-4.138832264535988181e-01
-4.138631580846052205e-01
-4.138482430818991031e-01
-4.138296798525494813e-01
-4.138194267186309783e-01
-4.138170826869630448e-01
-4.138190213526284911e-01
-4.138200682883038661e-01
-4.138349280714215817e-01
-4.138436628503293635e-01
-4.138547655734545749e-01
-4.138734201106886723e-01
-4.138919368118826325e-01
-4.139308082385119159e-01
-4.139734242956075727e-01
-4.140090588862007093e-01
-4.140476803933167971e-01
-4.140836946061306478e-01
-4.141205238186931870e-01
-4.141558625997385223e-01
-4.141982119852623545e-01
-4.142534964224084404e-01
-4.143104626631506360e-01
-4.143652452899863614e-01
-4.144114303202617866e-01
-4.144490378593280178e-01
-4.144822104850318101e-01
-4.145055314181401163e-01
-4.145298629427321413e-01
-4.145671393905894786e-01
-4.146072112368979212e-01
-4.146357581517675639e-01
-4.146620172214322553e-01
-4.146684131297143638e-01
-4.146742558716688953e-01
-4.146945845802353370e-01
-4.147073640483542878e-01
-4.147124740228933515e-01
-4.147310695671656000e-01
-4.147589493344847611e-01
-4.147958251033750376e-01
-4.148209209404037923e-01
-4.148300504742470363e-01
-4.148332664020073501e-01
-4.148391426227387435e-01
-4.148623008657984501e-01
-4.148741110555886347e-01
-4.148921559927929992e-01
-4.149063462109896516e-01
-4.149084001749986927e-01
-4.148987585752280105e-01
-4.148901934506507572e-01
-4.148786115520879947e-01
-4.148754690265105682e-01
-4.148860952587900552e-01
-4.149057177037535626e-01
-4.149237051461898695e-01
-4.149182901298985038e-01
-4.149149278288205012e-01
-4.149048512790889931e-01
-4.148914132550695633e-01
-4.148782846418344605e-01
-4.148744526330279125e-01
-4.148821694938329419e-01
-4.148790576607961356e-01
-4.148680652044300921e-01
-4.148559148292138010e-01
-4.148374093691001296e-01
-4.148052997870951830e-01
-4.147696561145059468e-01
-4.147406390734761916e-01
-4.147273446346865233e-01
-4.147205530628120251e-01
-4.147054960833397863e-01
-4.146959934988538876e-01
-4.146838016482433664e-01
-4.146637099750801192e-01
-4.146447650268903495e-01
-4.146322937287026389e-01
-4.146156807659692189e-01
-4.146048091431923655e-01
-4.145921087751467948e-01
-4.145634713425678797e-01
-4.145397371807934550e-01
-4.145126452391258987e-01
-4.144713102912667702e-01
-4.144267518654933813e-01
-4.143848610327943716e-01
-4.143416353909077920e-01
-4.143045447505406820e-01
-4.142672169946240990e-01
-4.142447156541919084e-01
-4.142278313365644893e-01
-4.142057690102060041e-01
-4.141862460394333256e-01
-4.141622158332599613e-01
-4.141387746893827604e-01
-4.141158718855735277e-01
-4.140998646709878606e-01
-4.140836781731616068e-01
-4.140978185623637731e-01
-4.140681876574822118e-01
-4.141673953651559548e-01
-4.141372866588527435e-01
-4.141127208730328024e-01
-4.140976117784433419e-01
-4.140889638524463678e-01
-4.140734919255562585e-01
-4.140652973681543947e-01
-4.140655135409077037e-01
-4.140519719489142991e-01
-4.140395018770157698e-01
-4.140200720258643274e-01
-4.139875173169862421e-01
-4.139549785186739661e-01
-4.139074937339896065e-01
-4.138618591579226735e-01
-4.138276289351932591e-01
-4.137925089817145463e-01
-4.137615437913176875e-01
-4.137478617271136416e-01
-4.137739003040107888e-01
-4.137552872552855421e-01
-4.137334719046548703e-01
-4.136924125495124449e-01
-4.136445316889961754e-01
-4.136037982011786518e-01
-4.135699431873532950e-01
-4.135359680054728759e-01
-4.135041812757940805e-01
-4.134737214099035718e-01
-4.134368015105164273e-01
-4.133930757118939869e-01
-4.133547112691649539e-01
-4.133221020329724271e-01
-4.132915814000402976e-01
-4.132696467055295142e-01
-4.132508296745426857e-01
-4.132355104903739362e-01
-4.132231003785312717e-01
-4.132074346848883528e-01
-4.132080843551739213e-01
-4.133074007873583922e-01
-4.132840828928005528e-01
-4.132578075500706882e-01
-4.132362970841650940e-01
-4.132163658699856135e-01
-4.131913591897605764e-01
-4.131632617932596840e-01
-4.131423627624541406e-01
-4.131331470407594297e-01
-4.131151978467944019e-01
-4.130946398435036970e-01
-4.130842418568709817e-01
-4.130755958127876881e-01
-4.130690601497454262e-01
-4.130715189792385500e-01
-4.130740742374968688e-01
-4.130801370870529343e-01
-4.131026401688661642e-01
-4.131122629681394653e-01
-4.131174116049424749e-01
-4.131246395382873748e-01
-4.131314471948708267e-01
-4.131473169572855708e-01
-4.131536341775340904e-01
-4.131595786682351057e-01
-4.131665931127972979e-01
-4.132344631352494746e-01
-4.132783845768800424e-01
-4.135347935365685790e-01
-4.135596268582221180e-01
-4.135752561991666298e-01
-4.135959363545160250e-01
-4.136062667992620456e-01
-4.136177125807780075e-01
-4.136441889225893620e-01
-4.136550176622624253e-01
-4.136707908473740702e-01
-4.136845327818428064e-01
-4.136961153690754678e-01
-4.137087013569539784e-01
-4.137198786441029785e-01
-4.137301917093899606e-01
-4.137507452888071757e-01
-4.137451492214790916e-01
-4.137435967377404711e-01
-4.137368906812180502e-01
-4.137410001964073603e-01
-4.137610197342247997e-01
-4.139454021976472498e-01
-4.142290118593843218e-01
-4.142339502081581193e-01
-4.142360325099612162e-01
-4.142238545667410454e-01
-4.142084521711625889e-01
-4.141886463857279432e-01
-4.141613343235700517e-01
-4.141276690816663164e-01
-4.140927261278193883e-01
-4.140600847543690066e-01
-4.140278492385029430e-01
-4.140039960665434782e-01
-4.139814629387213452e-01
-4.139637919694935664e-01
-4.139449477763231799e-01
-4.139268464316208096e-01
-4.139116463571532178e-01
-4.138952777974522212e-01
-4.138837191264357895e-01
-4.138741677599045987e-01
-4.138654418173799976e-01
-4.138572220834589865e-01
-4.138496551751263963e-01
-4.138437782978957591e-01
-4.138385162407980378e-01
-4.138380620763154050e-01
-4.138275881349702257e-01
-4.138309013547173398e-01
-4.138196439726327669e-01
-4.138002673591321123e-01
-4.137555857304286433e-01
-4.137089574498289957e-01
-4.136770662124291120e-01
-4.136441368206542624e-01
-4.136189059738152873e-01
-4.135914554951390376e-01
-4.135623510384492385e-01
-4.135416410579343949e-01
-4.135182895849629503e-01
-4.134866389579069379e-01
-4.134553487324361676e-01
-4.134252166263243100e-01
-4.134038680422318923e-01
-4.133808351275523041e-01
-4.133662317854742141e-01
-4.133504604152526962e-01
-4.133307111311664839e-01
-4.133163025113252287e-01
-4.132997099963566789e-01
-4.132810247502317069e-01
-4.132578809071174031e-01
-4.132365198688908170e-01
-4.132172921586528269e-01
-4.131997041450968244e-01
-4.131831963266626717e-01
-4.131638192555053268e-01
-4.131461107684419876e-01
-4.131322726160047143e-01
-4.131223283816304326e-01
-4.131107345506864204e-01
-4.130956274363944414e-01
-4.130797601890366932e-01
-4.130620682851471881e-01
-4.130443948919365615e-01
-4.130326009873004356e-01
-4.130210910298948157e-01
-4.129940078339584542e-01
-4.129741063932352851e-01
-4.129491582159742213e-01
-4.129226041418140869e-01
-4.128925761742038292e-01
-4.128645228646553034e-01
-4.128347967087170334e-01
-4.128051754720487021e-01
-4.127743044816274964e-01
-4.127442642845988718e-01
-4.127120900207518206e-01
-4.126766309658954079e-01
-4.126489464783719141e-01
-4.126209117879570676e-01
-4.125966496639650871e-01
-4.125668132164280744e-01
-4.125361034155877182e-01
-4.124987370983120294e-01
-4.124570786418848001e-01
-4.124072650176981991e-01
-4.123584921066366094e-01
-4.123173305155595769e-01
-4.122744771167104472e-01
-4.122380054398243621e-01
-4.122025950221380741e-01
-4.121812737784220082e-01
-4.121598287924925219e-01
-4.121469957628836611e-01
-4.121390450655990079e-01
-4.121206303537782167e-01
-4.121025886484974143e-01
-4.120595660297710072e-01
-4.120396214349397734e-01
-4.120202823123069180e-01
-4.120119367474127103e-01
-4.120040394017761565e-01
-4.120005964286547750e-01
-4.119955611565088160e-01
-4.119772987650299201e-01
-4.119411051653996125e-01
-4.119003776558695096e-01
-4.118636078648513776e-01
-4.118165875659551278e-01
-4.117706242485954515e-01
-4.117161235547928677e-01
-4.116738216184646082e-01
-4.116212095424977013e-01
-4.115657384628150783e-01
-4.115021091833978018e-01
-4.114378888781101140e-01
-4.113835181595076884e-01
-4.113284231677813430e-01
-4.112688791602396310e-01
-4.112118236838191998e-01
-4.111530566748914373e-01
-4.110919266992769106e-01
-4.110360112290669665e-01
-4.109822859175008558e-01
-4.109247832335340411e-01
-4.108747791614618672e-01
-4.108290841244494618e-01
-4.107911728718520727e-01
-4.107527514107284783e-01
-4.107161623707746290e-01
-4.106854376211965807e-01
-4.106584851454223029e-01
-4.106324327295913235e-01
-4.105998885493179484e-01
-4.105644756236877524e-01
-4.105331883548966609e-01
-4.104990287105033664e-01
-4.104639234374414247e-01
-4.104246349869486443e-01
-4.104226117125137629e-01
-4.104687652977859202e-01
-4.105556343121752882e-01
-4.105161478386392671e-01
-4.104622206904122161e-01
-4.104055729629060290e-01
-4.103474255493108624e-01
-4.102914952533583959e-01
-4.102311462057473546e-01
-4.101725547304839736e-01
-4.101041440430466811e-01
-4.100357894924308577e-01
-4.099636605530299072e-01
-4.098891285141285645e-01
-4.098164015923693726e-01
-4.097477539175918837e-01
-4.096789723186976540e-01
-4.096174962337016945e-01
-4.095572742248136389e-01
-4.095015013546522975e-01
-4.094478597224132654e-01
-4.094041078354888064e-01
-4.093641165994300057e-01
-4.093249984356893689e-01
-4.094468428765465906e-01
-4.096761653031087413e-01
-4.099450852081171215e-01
-4.098926613272991237e-01
-4.097475616019142231e-01
-4.095731458909617206e-01
-4.094066668989413960e-01
-4.092284141843165468e-01
-4.090598865002234574e-01
-4.088820809920156729e-01
-4.087030877762919956e-01
-4.085323324048665272e-01
-4.083705370125354506e-01
-4.082169812547497556e-01
-4.080840562893260914e-01
-4.079337220674627007e-01
-4.077867738390735797e-01
-4.076565748257049981e-01
-4.075348929622079064e-01
-4.074063330124311766e-01
-4.040915423482227542e-01
-4.041153383838536617e-01
-4.041488723999759336e-01
-4.041717773638770494e-01
-4.041961729361020494e-01
-4.042337245140381063e-01
-4.042721477043406120e-01
-4.042996709511357256e-01
-4.043103708887110792e-01
-4.043099465736404441e-01
-4.043169133258777692e-01
-4.043319557020560451e-01
-4.043484903607288405e-01
-4.043655021335452182e-01
-4.043810568665156535e-01
-4.043999114822931507e-01
-4.044709391466360104e-01
-4.046661268649893173e-01
-4.048257404631994127e-01
-4.048569914981969275e-01
-4.048874866248578508e-01
-4.049113645479239798e-01
-4.049427839664283546e-01
-4.049886580363131761e-01
-4.050350393996172693e-01
-4.050806540734538386e-01
-4.051216023957546764e-01
-4.051608257484249909e-01
-4.051921918296969571e-01
-4.052136295300846625e-01
-4.052445863800242520e-01
-4.052716559782439942e-01
-4.052983475736484653e-01
-4.053127494849489421e-01
-4.053275457132325399e-01
-4.053405014407907569e-01
-4.053603163546950494e-01
-4.053764104412709290e-01
-4.053916630966737378e-01
-4.054089488575666755e-01
-4.054390459998705731e-01
-4.054655553699651471e-01
-4.055006725945773938e-01
-4.055331537583560242e-01
-4.055661602144742250e-01
-4.056328207543903885e-01
-4.059660786155271928e-01
-4.061008581922936900e-01
-4.061610094080684852e-01
-4.062089550690889395e-01
-4.062543887443393342e-01
-4.063024361766223724e-01
-4.063472355399118108e-01
-4.063966284646682858e-01
-4.064417745989717390e-01
-4.064855051363056027e-01
-4.065365879463476162e-01
-4.065679440885712759e-01
-4.066207174450033324e-01
-4.066708056172584351e-01
-4.067348438867546823e-01
-4.067843344567713126e-01
-4.068307396725396874e-01
-4.068658630734880988e-01
-4.068982213250228464e-01
-4.069182061615683743e-01
-4.069238227394800789e-01
-4.069272574756013228e-01
-4.069189911515642133e-01
-4.069032334760938618e-01
-4.068930530852086780e-01
-4.068776674007587579e-01
-4.068498302095100438e-01
-4.068153961717995704e-01
-4.067894689940845243e-01
-4.067678822107888004e-01
-4.067554395234733722e-01
-4.067441051843724842e-01
-4.067225668028570107e-01
-4.067105543006919177e-01
-4.067193948790999714e-01
-4.067332845512574013e-01
-4.067648281732393900e-01
-4.068022477348441912e-01
-4.068310810155201240e-01
-4.068626706674317584e-01
-4.068865322325019851e-01
-4.069065833246207631e-01
-4.069137108277401382e-01
-4.069151872618785304e-01
-4.069216868161830147e-01
-4.069367316876593699e-01
-4.069547178599819404e-01
-4.069591063051102298e-01
-4.069619880624967823e-01
-4.069511903044544243e-01
-4.069425910910184352e-01
-4.069401796531442739e-01
-4.069322392498233576e-01
-4.069303932429623738e-01
-4.069222080368383176e-01
-4.069163486738871516e-01
-4.069120278857070172e-01
-4.069087517961572087e-01
-4.069134038012450216e-01
-4.069145530993984461e-01
-4.069087820789004106e-01
-4.069052947304304668e-01
-4.069010481767023624e-01
-4.068809084846984336e-01
-4.068604408518453619e-01
-4.068413934382261177e-01
-4.068186607765563179e-01
-4.067893593029829336e-01
-4.067571465900057803e-01
-4.067191581336385142e-01
-4.066685653379078502e-01
-4.066161697579112611e-01
-4.065700996829211267e-01
-4.065256862796879367e-01
-4.064772449520840936e-01
-4.064315135138407142e-01
-4.063965379215154217e-01
-4.063545203579729259e-01
-4.063069799039243923e-01
-4.062638633285710621e-01
-4.062164180190327989e-01
-4.061693296000097875e-01
-4.061074862331925939e-01
-4.060513341484912608e-01
-4.059970986402852144e-01
-4.059498720540168915e-01
-4.058894021289693455e-01
-4.058280004610694269e-01
-4.057508680493340791e-01
-4.056709648754820985e-01
-4.055942376947450634e-01
-4.055172871243491461e-01
-4.054210223833491500e-01
-4.053279047655506395e-01
-4.052249357415992903e-01
-4.050952545906404412e-01
-4.049672677099097617e-01
-4.048406199308891562e-01
-4.047100060482577422e-01
-4.045807116809040371e-01
-4.044576541364652833e-01
2.000032061756334967e-01
2.000032221579043090e-01
2.021386970445545606e-01
2.026330149406059822e-01
2.031094934378040728e-01
2.035804797254252285e-01
2.041083245609890684e-01
2.046227715713021256e-01
2.050863324573738156e-01
2.055597212022795828e-01
2.060396435494230294e-01
2.064632862075829745e-01
2.069591221775080592e-01
2.074564626723022776e-01
2.079139011701927608e-01
2.084301147347190353e-01
2.089528821484036569e-01
2.094019613214284925e-01
2.098354883358820311e-01
2.102761001102711191e-01
2.107118305208473263e-01
2.111180691441546520e-01
2.115488401858956480e-01
2.119932413159370810e-01
2.124572693854725469e-01
2.129535664532012373e-01
2.134207947821938067e-01
2.138693647208815551e-01
2.143411576892319537e-01
2.148394057640032329e-01
2.153752675750119638e-01
2.158889432562621502e-01
2.163861055293447300e-01
2.169047184574739162e-01
2.174272462269069006e-01
2.179320370634412751e-01
2.184177611097907756e-01
2.189247764890662751e-01
2.194715129869149739e-01
2.200326147110932273e-01
2.205842865829119037e-01
2.212045930283338679e-01
2.218075405477102358e-01
2.224604884091206103e-01
2.231587078628078646e-01
2.238383926060994733e-01
2.244979589444154322e-01
2.251221874767457276e-01
2.257656907614068731e-01
2.264179941021473019e-01
2.270787236240294493e-01
2.277075670176901268e-01
2.283507839011357787e-01
2.289915701704767492e-01
2.295838337630562442e-01
2.301626377602749574e-01
2.307762392009279351e-01
2.314180394561334009e-01
2.320368726008316673e-01
2.327318405810408775e-01
2.334835917557748219e-01
2.342349543095874898e-01
2.349951755364982908e-01
2.357049230332164957e-01
2.364145795400559580e-01
2.370879466495010579e-01
2.377641260310842386e-01
2.384230355764089260e-01
2.391284679428710425e-01
2.398033254249196389e-01
2.404489364733669865e-01
2.411016443234020312e-01
2.418089695873969214e-01
2.425230407619217154e-01
2.432044550176766518e-01
2.439120766573711352e-01
2.446272416307709308e-01
2.453474426692101584e-01
2.460384297664904574e-01
2.467377336937496002e-01
2.474828495413145257e-01
2.481986820944272754e-01
2.489113136479108590e-01
2.495904232894010366e-01
2.502313214133590757e-01
2.508678887175136429e-01
2.514826831661602924e-01
2.520775476349070843e-01
2.526683225095876506e-01
2.532139464254102856e-01
2.537687398519318238e-01
2.542130457662720722e-01
2.546734666453346341e-01
2.551281366163274389e-01
2.556000742154108107e-01
2.560232670503476138e-01
2.564559544039080041e-01
2.569001369470199636e-01
2.572996325688108321e-01
2.577383836640584902e-01
2.581549883387930788e-01
2.585630299680288791e-01
2.589716631268966229e-01
2.593686313426560863e-01
2.597830399734047946e-01
2.602004130757131217e-01
2.606267246054257969e-01
2.610350983920667334e-01
2.614605324426780286e-01
2.618637407438215714e-01
2.622700055437416911e-01
2.626550817904245161e-01
2.630501074075042856e-01
2.634660321964923391e-01
2.638484184491031170e-01
2.642309255321596551e-01
2.646328987843559744e-01
2.650648544547524188e-01
2.654906860237212229e-01
2.659332162764339036e-01
2.664002469209863500e-01
2.668525061719397296e-01
2.672865827261216021e-01
2.676692535839491072e-01
2.680640959276994750e-01
2.684874990380308746e-01
2.689958019805675504e-01
2.695010007942664765e-01
2.700149902543064750e-01
2.705154376264660709e-01
2.710140552137705883e-01
2.714892228803718055e-01
2.719729051882653903e-01
2.724929634998754513e-01
2.730034464522522186e-01
2.734979781024722834e-01
2.739648323034254429e-01
2.744122023828112211e-01
2.748813968147019726e-01
2.753429539658232561e-01
2.757969930783941703e-01
2.761789647646751833e-01
2.765393151540730399e-01
2.769108114002645782e-01
2.772711216345020713e-01
2.776403809771212927e-01
2.780182687998608571e-01
2.784099312565450068e-01
2.787672022777704650e-01
2.791816190250991925e-01
2.796296417322859940e-01
2.800720136118486914e-01
2.805242970221365484e-01
2.810081312484807858e-01
2.815065806786792302e-01
2.820700861344907495e-01
2.825984083484128773e-01
2.831323165102373474e-01
2.836364432300658156e-01
2.841689131332528206e-01
2.846971931599338590e-01
2.852462003230461507e-01
2.858331280964918064e-01
2.864290616260609101e-01
2.870523485016304166e-01
2.876916464764705528e-01
2.883367086705551086e-01
2.889728480932273746e-01
2.895875254339685956e-01
2.902306475977708411e-01
2.908767394928220007e-01
2.915334275513081774e-01
2.921650839159879998e-01
2.928108785965861105e-01
2.935053608034091099e-01
2.942060243283484144e-01
2.949013642115854705e-01
2.955394505260672267e-01
2.961268714955053172e-01
2.967236147054648221e-01
2.973675349859734030e-01
2.980239349591705111e-01
2.986360356717544517e-01
2.992304228630885410e-01
2.998297620394159146e-01
3.003881591171963517e-01
3.009133951691447262e-01
3.014245639116614472e-01
3.019607054339863428e-01
3.024439687110952457e-01
3.029110085556491194e-01
3.033714912162730482e-01
3.038936410378712538e-01
3.043901793666215494e-01
3.048719978325363233e-01
3.053090018018878027e-01
3.057382293572640242e-01
3.061732262782301262e-01
3.066196044045633728e-01
3.070838374794961911e-01
3.075328507592664518e-01
3.079646174413894766e-01
3.083853475397933530e-01
3.087688172177024404e-01
3.091634822261097870e-01
3.095244814498320229e-01
3.098880602412805163e-01
3.102243724710431749e-01
3.105725451795968151e-01
3.108702715785239823e-01
3.111343602149503895e-01
3.113670311656366319e-01
3.115570679409430666e-01
3.117303484095577670e-01
3.118693392414630394e-01
3.119801958047951906e-01
3.120460060275926373e-01
3.121351933438959447e-01
3.122276014927147791e-01
3.123256211432750562e-01
3.124224367098004107e-01
3.125213628721018044e-01
3.126221174171056050e-01
3.127244317406185359e-01
3.128280972976272278e-01
3.129329388799110268e-01
3.130387240695518547e-01
3.131452831233854650e-01
3.132524826745496371e-01
3.133602085842638885e-01
3.134683643020969579e-01
3.135768708597420074e-01
3.136856571381485548e-01
3.137946648085953028e-01
3.139038467816753220e-01
3.140131664649948307e-01
3.141225962706459818e-01
3.142321106353384574e-01
3.143416887786091851e-01
3.144513144906417867e-01
3.145611670837387686e-01
3.146709323110187251e-01
3.147806289492483534e-01
3.148902975248143443e-01
3.149999492833517323e-01
3.151095908950334312e-01
3.152192262730300620e-01
3.153288587901089124e-01
3.154384913038282279e-01
2.000007450799778375e-01
2.000007603539268597e-01
2.004910854488985150e-01
2.005943292034464975e-01
2.006860378129040057e-01
2.007502372375090105e-01
2.007823422682551706e-01
2.007965735306719290e-01
2.007925459247637268e-01
2.007700082859170676e-01
2.007242629227956321e-01
2.006633800687932512e-01
2.002762509114248135e-01
1.998907908411809986e-01
1.994961281772936745e-01
1.990789987783369575e-01
1.986555072236713126e-01
1.982060512968903121e-01
1.977559473889920483e-01
1.972900526760802686e-01
1.968077492512817772e-01
1.963290913881760857e-01
1.958318379175967849e-01
1.953103214657472553e-01
1.947642144716127122e-01
1.942220941509746057e-01
1.936686739721215911e-01
1.931195236040234575e-01
1.925508782299712174e-01
1.919898193967187194e-01
1.914055963026941032e-01
1.908257163354013797e-01
1.902199109328248650e-01
1.895854710210290450e-01
1.889741079407800672e-01
1.883624139311680101e-01
1.876696450551511852e-01
1.870021790619619817e-01
1.863281466909334216e-01
1.856305602117516718e-01
1.848864483627125910e-01
1.841385787529913609e-01
1.834307241000935340e-01
1.826582470121961566e-01
1.819048358496508921e-01
1.811873425720235131e-01
1.804119394094050866e-01
1.796060915986501805e-01
1.787987982597974979e-01
1.779856862269430795e-01
1.771045930291168802e-01
1.761703687014126996e-01
1.752272694667914854e-01
1.742993520768028326e-01
1.733736285918212328e-01
1.721171061635754784e-01
1.711118137369879999e-01
1.698687713718337600e-01
1.686906767188493805e-01
1.677129401904724482e-01
1.664800309408521195e-01
1.653150038130075106e-01
1.639772273667340907e-01
1.624497521635956399e-01
1.614805854375942207e-01
1.603958152447398644e-01
1.595632277646776565e-01
1.588176804660749453e-01
1.582404805433919315e-01
1.580531547732762776e-01
1.578433098667140488e-01
1.576710144198993080e-01
1.575693151766905387e-01
1.574613766003200299e-01
1.573925585101781932e-01
1.573226992252327594e-01
1.572543156621496740e-01
1.572560437496562658e-01
1.572403852060924312e-01
1.572290707605319415e-01
1.571411304830055422e-01
1.570856179128847785e-01
1.570744849702754020e-01
1.569871196334162722e-01
1.568859271499551677e-01
1.567486887869127821e-01
1.566802863987030447e-01
1.565918872198535094e-01
1.565176396658380098e-01
1.564332262458099643e-01
1.563354052811317396e-01
1.562155394882935588e-01
1.560879573986818092e-01
1.560016171538588514e-01
1.558650838393625115e-01
1.556687722420765918e-01
1.553739421769708140e-01
1.549698173725209127e-01
1.544881252588770904e-01
1.537798802921781782e-01
1.529842214526260236e-01
1.520138279044709606e-01
1.509841430128415207e-01
1.499810295324133791e-01
1.490064581512829667e-01
1.480527560454777680e-01
1.471654975851893199e-01
1.463245297687342794e-01
1.455614349149278453e-01
1.448422453327518344e-01
1.441537930566225978e-01
1.435081560623085728e-01
1.429222755578463955e-01
1.423775307849062532e-01
1.418833771116498332e-01
1.414471586434744299e-01
1.410906390581871117e-01
1.407804162832457795e-01
1.405258642130116087e-01
1.403246117849351604e-01
1.401813890091795078e-01
1.401088440627825116e-01
1.400873943660206900e-01
1.401059290216954412e-01
1.401605824798695943e-01
1.402507202203102654e-01
1.403724981143703310e-01
1.405284005350227183e-01
1.406973252993850565e-01
1.408929125366456536e-01
1.411057840576700750e-01
1.413540608292224166e-01
1.416187460624377670e-01
1.418925777813626055e-01
1.421949801743131458e-01
1.425212394973904562e-01
1.428704570763256188e-01
1.432162605790058829e-01
1.435914094453853707e-01
1.439601398056598591e-01
1.443323428040216017e-01
1.447199299909351922e-01
1.451413778662429543e-01
1.456340827244664016e-01
1.461657761194421756e-01
1.467599378642089614e-01
1.474930704280178195e-01
1.482801680489025109e-01
1.491021810555678839e-01
1.499104478818450437e-01
1.507598064267985094e-01
1.515808067850306085e-01
1.524579156714053751e-01
1.533098100915087358e-01
1.541560167442543872e-01
1.549675902128874461e-01
1.558230374669401785e-01
1.566995923622662990e-01
1.576239112203342008e-01
1.585614742374589492e-01
1.596288299622876383e-01
1.607319903692230045e-01
1.619300758637178816e-01
1.631685711169149622e-01
1.643925150658760437e-01
1.656564387822836992e-01
1.670622742100018321e-01
1.684655405857000132e-01
1.699191574648861169e-01
1.713640040887914884e-01
1.728173730258109331e-01
1.742701625987593539e-01
1.757224629419366080e-01
1.771743607617871918e-01
1.786259350813263203e-01
1.800772571709082503e-01
1.815283869902353242e-01
1.829793752488266256e-01
1.844302671805125859e-01
1.858810997148207522e-01
1.873318987995167828e-01
1.887826817290015891e-01
