-1.999971506249661468e-01
-1.999971346207486955e-01
-1.986338751834445526e-01
-1.990921289728315169e-01
-1.996300949338995490e-01
-2.001697498817859577e-01
-2.006656430307195427e-01
-2.011093060795528797e-01
-2.014986569023383967e-01
-2.018357668454932308e-01
-2.021618585236797938e-01
-2.024893518355634914e-01
-2.027631897250215254e-01
-2.030192010479291986e-01
-2.032346487275022706e-01
-2.034287854408695639e-01
-2.036486375113869540e-01
-2.038375353296985881e-01
-2.040059315390844452e-01
-2.041628015690999942e-01
-2.042866303926212657e-01
-2.043926176888134494e-01
-2.045159913456220946e-01
-2.046163821028729457e-01
-2.047006629972629721e-01
-2.047735379230026243e-01
-2.048493505194131370e-01
-2.049419672797248015e-01
-2.050197045162693577e-01
-2.051065752029696820e-01
-2.051857134064117572e-01
-2.052625104033336256e-01
-2.053234724709050996e-01
-2.053596812943722094e-01
-2.053994579346038740e-01
-2.054294535592256499e-01
-2.054625305220127152e-01
-2.054955904301382363e-01
-2.055257150552502465e-01
-2.055491435539358314e-01
-2.055798258256495703e-01
-2.056121893480072071e-01
-2.056418839118763497e-01
-2.056707711100996538e-01
-2.056998058041898392e-01
-2.057237323287447739e-01
-2.057471035012323202e-01
-2.057633872864260416e-01
-2.057760613489119927e-01
-2.057817922012098732e-01
-2.057675700388334472e-01
-2.057411298531863220e-01
-2.057071328259797716e-01
-2.056714436379960265e-01
-2.056139411381106563e-01
-2.055364617405201488e-01
-2.054326735981832353e-01
-2.053020110660176700e-01
-2.051743003614355243e-01
-2.050238504766245529e-01
-2.048432034654142087e-01
-2.046636533065677721e-01
-2.044895928420249476e-01
-2.042986583600152894e-01
-2.040981087602825872e-01
-2.039030098604677488e-01
-2.037045699847638280e-01
-2.034756101744391310e-01
-2.032746530120883299e-01
-2.030566844075293864e-01
-2.028277349435962107e-01
-2.025596241444995171e-01
-2.023111280797926237e-01
-2.021061093844355172e-01
-2.018582978716775000e-01
-2.037987302143217938e-01
-2.057632583824795802e-01
-2.076760701919365404e-01
-2.095635748825894484e-01
-2.115051857736524321e-01
-2.134793170357390524e-01
-2.154390124930510575e-01
-2.174290710652240499e-01
-2.194454078537707575e-01
-2.214699668000312538e-01
-2.235041892054467905e-01
-2.254886144806768911e-01
-2.274798638545671159e-01
-2.294714615796483448e-01
-2.314401578570557116e-01
-2.334430710284547683e-01
-2.354369613522887816e-01
-2.374116715457286753e-01
-2.393332570082908894e-01
-2.412151159885342344e-01
-2.431150558053309652e-01
-2.449801026710397012e-01
-2.468804063439724861e-01
-2.487719073367724576e-01
-2.507546027294980107e-01
-2.527297345124986383e-01
-2.547632001835725135e-01
-2.568095955470493519e-01
-2.588967832272423553e-01
-2.609967210923505032e-01
-2.630552484477863828e-01
-2.650947895018165301e-01
-2.671284627211314988e-01
-2.691467238246388338e-01
-2.711661492307349541e-01
-2.732221473215982188e-01
-2.752981636033869361e-01
-2.772917958599388499e-01
-2.792493771492576271e-01
-2.811787914451208126e-01
-2.830686403692325714e-01
-2.849663298739241180e-01
-2.868188731445244777e-01
-2.886785757274462072e-01
-2.905434569053921279e-01
-2.923959801211862830e-01
-2.942503691847641045e-01
-2.960980373739714455e-01
-2.979643663201020365e-01
-2.998476222622563081e-01
-3.017524699047349768e-01
-3.036107980424838093e-01
-3.054494600471006627e-01
-3.072876945191390652e-01
-3.091726492229912582e-01
-3.110293113357964212e-01
-3.129127991988806534e-01
-3.148301708313756553e-01
-3.167826944339273698e-01
-3.187375470412584511e-01
-3.206207953810141786e-01
-3.225381227678050799e-01
-3.243955875953908885e-01
-3.262849220110365933e-01
-3.281668859213500711e-01
-3.300695152398989696e-01
-3.319933267281728329e-01
-3.338619811637657531e-01
-3.357213375727562399e-01
-3.375450326947470048e-01
-3.393533025013138471e-01
-3.411918437799667525e-01
-3.430706756474333208e-01
-3.449702137963812087e-01
-3.468313489095082858e-01
-3.486411163782151545e-01
-3.504512761397692300e-01
-3.522331865455251010e-01
-3.539947069650191125e-01
-3.557532836265987486e-01
-3.574979126751307024e-01
-3.593255997686188863e-01
-3.611190151584527941e-01
-3.628767074527464165e-01
-3.646779494259791421e-01
-3.664676197801412516e-01
-3.682959673090229202e-01
-3.701202663075929267e-01
-3.719243034458096786e-01
-3.736947653933438418e-01
-3.754639476774195295e-01
-3.772453491018117888e-01
-3.790374453269207411e-01
-3.808543796968730244e-01
-3.826520508846829038e-01
-3.844036389556937938e-01
-3.861234092166371812e-01
-3.878938980667781533e-01
-3.896569148702504481e-01
-3.914116618857046981e-01
-3.931321047667221680e-01
-3.948363030426908504e-01
-3.965190118186803780e-01
-3.981214320494289582e-01
-3.997118812427210566e-01
-4.012619376490069167e-01
-4.027726159800768535e-01
-4.042594609106271442e-01
-4.057201803310863664e-01
-4.071889106399925184e-01
-4.086178434458658804e-01
-4.101045100265936494e-01
-4.116145963384296724e-01
-4.131318953985212983e-01
-4.146318680677305024e-01
-4.161004839487802975e-01
-4.175581738421372258e-01
-4.189833745464723314e-01
-4.203635938576310016e-01
-4.217245393118269070e-01
-4.230689835092025786e-01
-4.243985255305909865e-01
-4.257079120110571768e-01
-4.269707358381354401e-01
-4.281796634034820692e-01
-4.293480517171117117e-01
-4.304942427848931774e-01
-4.316142416373448532e-01
-4.327051575756218904e-01
-4.337487583785809009e-01
-4.347635126062594502e-01
-4.357491092069123440e-01
-4.367142068538769628e-01
-4.376393564979232376e-01
-4.385185555357170584e-01
-4.393959586632174008e-01
-4.401708156577616715e-01
-4.409732057655465498e-01
-4.416432843841111566e-01
-4.422237916499846544e-01
-4.425462491942055432e-01
-4.425191713967827067e-01
-4.424836122831241614e-01
-1.983536165406072638e-01
-1.985807113346976793e-01
-1.988837365176312488e-01
-1.991447362001505794e-01
-1.994861036843288138e-01
-1.997673159041815638e-01
-2.000392888075985254e-01
-2.003181663647207733e-01
-2.006222991531406430e-01
-2.008916911183957210e-01
-2.011964418034825064e-01
-2.014573532866384964e-01
-2.016876467261677630e-01
-2.019289101602861347e-01
-2.022093895709382305e-01
-2.024990506460683237e-01
-2.027855861806141524e-01
-2.029893322620666407e-01
-2.031564420237071955e-01
-2.033056030516205148e-01
-2.034405682924583236e-01
-2.035924525357606374e-01
-2.037505021213937006e-01
-2.039187273430705938e-01
-2.040706667692370746e-01
-2.042545169963560225e-01
-2.044283704016743586e-01
-2.046336115289298374e-01
-2.048115638915728176e-01
-2.049858378889293786e-01
-2.051583163926658793e-01
-2.053210197033605855e-01
-2.054661872461937266e-01
-2.056247932625169528e-01
-2.057625705063007848e-01
-2.058842054905200558e-01
-2.059944828050803978e-01
-2.060736713927471542e-01
-2.061531960286110132e-01
-2.017255700724086553e-01
3.999970595909607685e-01
3.982911714008049442e-01
3.964844339677239815e-01
3.946763933651842304e-01
3.928280281884280467e-01
3.909640072384641396e-01
3.890422940091650683e-01
3.870874989246089748e-01
3.851089157070292091e-01
3.831408157615850407e-01
3.811509640513693342e-01
3.791122220924226238e-01
3.770834699008372981e-01
3.750483643938998246e-01
3.730327559438320062e-01
3.710368623972681301e-01
3.689988385820802130e-01
3.669641610302418200e-01
3.649004867901801119e-01
3.628382875697825916e-01
3.607744944643213603e-01
3.586627635811610593e-01
3.565890944623111292e-01
3.545048006884491398e-01
3.523973113860426887e-01
3.502647984848670237e-01
3.481179960991627742e-01
3.459282101802874099e-01
3.437030132637063362e-01
3.414333317097315024e-01
3.391399066178497623e-01
3.368240776311335338e-01
3.344711525942166697e-01
3.321421139290956503e-01
3.298103479865583387e-01
3.274992947381058506e-01
3.251852704434565200e-01
3.228885707188242082e-01
3.205663802840859611e-01
3.182130541011108926e-01
3.158705987953129291e-01
3.135089628827514296e-01
3.111394787727333466e-01
