-2.300195628999893846e-06
-2.316038712061745491e-06
-1.305599501971857913e-03
-1.954391080275974437e-03
-2.490415112353268779e-03
-3.117483907187308233e-03
-3.724473279958076966e-03
-4.448667351593018487e-03
-5.033855641867599276e-03
-5.480174495960147066e-03
-5.879354179407250171e-03
-6.193187964477379209e-03
-6.465230022935648801e-03
-6.456922454750151953e-03
-6.468713693576812369e-03
-6.448797070669386178e-03
-6.408860738577393419e-03
-6.336906686193677189e-03
-6.278415313932589857e-03
-6.242671782072572485e-03
-6.221371946814067966e-03
-6.219581665162554444e-03
-6.226954730676184310e-03
-6.244413737392061348e-03
-6.271833154296975466e-03
-6.322187559511586313e-03
-6.378495807476187128e-03
-6.434044619372477659e-03
-6.503150507123411049e-03
-6.572633285204768257e-03
-6.636085322294305727e-03
-6.722315253213194744e-03
-6.802619275660845913e-03
-6.877705170971857782e-03
-6.985280836148323284e-03
-7.062208047364013259e-03
-7.143599138773719555e-03
-7.237740655621183530e-03
-7.226329356583387903e-03
-7.157693967726237380e-03
-7.158491540514413075e-03
-6.981295595128013919e-03
-6.792185597952095887e-03
-6.514790015253671927e-03
-6.151927786396896997e-03
-5.777162502113676774e-03
-5.533272540577576296e-03
-5.068489200197071401e-03
-4.609604364149462973e-03
-4.282372882657523895e-03
-3.935118858541270664e-03
-3.630064465906217806e-03
-3.496292880793003006e-03
-3.402691468677710579e-03
-3.299448509632646812e-03
-3.314530646800868934e-03
-3.373127981082522583e-03
-3.565725834444887811e-03
-3.698708117066700721e-03
-3.898546391263515206e-03
-4.104807192362036269e-03
-4.292013434018330728e-03
-4.499446634807318518e-03
-4.649253721264375375e-03
-4.788711133334986464e-03
-4.942350842304885430e-03
-5.072624496219076649e-03
-5.182800876952868389e-03
-5.272787621907261066e-03
-5.346505736309351692e-03
-5.379067437717187546e-03
-5.439457502193444788e-03
-5.500607659153192337e-03
-5.557574836400299735e-03
-5.613056612229844027e-03
-5.696617991775549013e-03
-5.766498078905109986e-03
-5.871952647499174664e-03
-5.969092456284340667e-03
-6.018841379274770913e-03
-5.984088713984039680e-03
-5.858930975021066530e-03
-5.804385284421793856e-03
-5.691528055705909889e-03
-5.445886736513366397e-03
-5.177507865903992201e-03
-4.670237806905378278e-03
-4.444553275350125905e-03
-4.146874028266426572e-03
-3.981379957333538999e-03
-3.714827060605625092e-03
-3.603244205938680843e-03
-3.243507231291013759e-03
-2.990969656919475420e-03
-2.791109157033541070e-03
-2.506825928884898105e-03
-2.092493115045580224e-03
-1.714397331310234772e-03
-1.326869527398378710e-03
-1.058023622602309284e-03
-7.568321045616257766e-04
-3.901077422436776505e-04
-2.526874470937177626e-04
-7.063142362323079535e-05
6.877491681676130590e-05
1.846511726144740970e-04
4.444181439518877629e-04
9.859443083273661257e-04
1.197909249146738003e-03
1.624480082213220150e-03
1.786503218913440159e-03
2.176393619382372639e-03
2.419848402577271917e-03
2.663304495006684099e-03
3.026777080554638073e-03
3.386572728372388898e-03
3.735390350812447992e-03
3.971448433767057681e-03
4.140065273811491774e-03
4.292511636544178201e-03
4.544043234811270468e-03
4.762027267599625024e-03
5.157468398462782856e-03
5.509447930844342360e-03
5.775250194552242373e-03
6.366546768724272443e-03
6.892853228394657354e-03
7.447746198790180377e-03
8.070535926171669081e-03
8.670443583530293430e-03
8.962710121885156950e-03
9.290216242629883645e-03
9.608412432456050339e-03
1.007163481830879170e-02
1.047233005615701672e-02
1.071407376862299268e-02
1.097612226925025712e-02
1.143215092115554103e-02
1.177286138640266412e-02
1.233099171448860665e-02
1.253558485159161212e-02
1.303505796969769287e-02
1.336614504418300910e-02
1.393024544811245075e-02
1.455517491107995685e-02
1.522445549643529523e-02
1.596826369196242476e-02
1.654421797616527010e-02
1.698469769028544685e-02
1.773961648414347503e-02
1.881193720725728158e-02
1.984605639372970937e-02
2.072089667368565841e-02
2.169652070121152326e-02
2.288858388207243300e-02
2.374691347093886920e-02
2.470057529722552089e-02
2.581100848769006875e-02
2.688782860056145377e-02
2.753392720083062267e-02
2.827963690590383494e-02
2.915600037747560769e-02
2.999486576822051054e-02
3.087945009806305346e-02
3.180041881407039139e-02
3.253561151195948770e-02
3.328655862636081819e-02
3.407079702689579798e-02
3.505349575549530222e-02
3.551683042074513241e-02
3.594710870594260144e-02
3.638622645160893149e-02
3.673695939042641995e-02
3.721722237267837546e-02
3.765111041501029154e-02
3.819430963904030252e-02
3.886446128870420236e-02
3.944774230902751283e-02
4.001461382209665213e-02
4.078807165111603128e-02
4.186637545399628235e-02
4.273158914467319741e-02
4.373157220936459144e-02
4.457983849555190170e-02
4.570776231245036320e-02
4.663512851421033195e-02
4.771432619192592789e-02
4.863749879523215219e-02
4.952790848092005621e-02
5.051967534498812140e-02
5.155142010443895806e-02
5.260050983246414985e-02
5.371578100232141800e-02
5.452268755679880174e-02
5.557128672935644081e-02
5.647109759581701166e-02
5.753864438347397470e-02
5.864010146550691777e-02
5.978709096572763781e-02
6.096561351263378448e-02
6.214968266004404496e-02
6.333836716806849620e-02
6.455632548243928071e-02
6.578774327461864302e-02
6.699117724382594452e-02
6.818191520631172731e-02
6.935640257394873331e-02
7.053086408884716441e-02
7.171668457854349366e-02
7.290860751366652626e-02
7.407281390981970692e-02
7.522897929500005354e-02
7.640251243283038840e-02
7.761326923497902097e-02
7.883311997242831159e-02
8.004754897138288694e-02
8.125456071389892954e-02
8.243104113105344244e-02
8.359967703350383583e-02
8.476604912817489734e-02
8.591523618452873157e-02
8.705391888036072279e-02
8.817773832577419091e-02
8.928354945459872349e-02
9.035514261282166781e-02
9.139605657829316665e-02
9.238298221426634316e-02
9.329961669028782878e-02
9.408507982275766957e-02
9.467906186230702625e-02
9.502871226440363916e-02
9.517675432984903927e-02
9.523056153277663360e-02
9.522659809944643283e-02
9.522908445339627048e-02
9.521023717003733455e-02
9.522780218612976466e-02
9.523315470635715374e-02
9.522893383501764009e-02
9.522732454388792289e-02
9.523822303908503761e-02
9.526203134961601371e-02
9.529850938141687378e-02
9.534039714923021880e-02
9.537363539088151987e-02
9.538593073846818315e-02
9.536770005332598221e-02
9.534910949673834624e-02
9.534381874741047758e-02
9.535566128365319249e-02
9.541637838717850761e-02
9.545748688936253612e-02
9.545225304526865073e-02
9.531575523423303775e-02
9.537674393652445515e-02
9.546998662220203269e-02
9.569361307130472283e-02
9.594917629193021325e-02
9.611022446401382147e-02
9.641431275525857991e-02
9.673801225695201345e-02
9.683577620787245377e-02
9.640750527409033821e-02
9.602818435254298346e-02
9.590036811248452142e-02
9.569565352160079585e-02
9.559803101315686447e-02
9.563728125552505011e-02
9.572261932870260170e-02
9.589398000898885499e-02
9.608626651432354560e-02
9.630253500349610085e-02
9.659846025020694948e-02
9.694455043601978017e-02
9.715365851253077167e-02
9.742726704624274370e-02
9.768678420280929586e-02
9.806667972877207429e-02
9.853680024121957981e-02
9.900465699950623810e-02
9.937603002167363919e-02
9.963839281920758295e-02
9.982227666898874086e-02
1.000574686592926588e-01
1.003125167067323575e-01
1.005414359499947896e-01
1.007159775291157772e-01
1.007130685032521789e-01
1.007287231073505929e-01
1.005999982093079836e-01
1.003170723512523121e-01
9.991471401417842402e-02
9.948887712150879248e-02
9.892936362763959934e-02
9.849034429458190798e-02
9.798280241539097934e-02
9.749972745687243703e-02
9.706536820188978176e-02
9.667345230167648240e-02
9.631962622694972831e-02
9.595054702910511824e-02
9.562918843217249609e-02
9.532784276373824917e-02
9.503553479800296022e-02
9.477545359975875217e-02
9.456929777639816459e-02
9.442352312037086137e-02
9.433459672358043835e-02
9.430527851475820067e-02
9.431700348691034186e-02
9.434276024394551430e-02
9.438053090578736593e-02
9.445644127821302416e-02
9.459003996584097740e-02
9.477816701563519797e-02
9.502450615275616352e-02
9.532754857201093668e-02
