3.999981500665424350e-01
3.999981343367886022e-01
3.989917419749503535e-01
3.988484076984196713e-01
3.987293257111362288e-01
3.984766308932514156e-01
3.982876852307248861e-01
3.980147241220325371e-01
3.978645732095514309e-01
3.976365570963640295e-01
3.972553177651831913e-01
3.967724927076779484e-01
3.966287772626437835e-01
3.961372092465290096e-01
3.956232017444863414e-01
3.950076378857145243e-01
3.943788006382559774e-01
3.939537610352144004e-01
3.934765450558738720e-01
3.927920037809715104e-01
3.920077141954294020e-01
3.910331347937763269e-01
3.899196296133259909e-01
3.887122721863942032e-01
3.874147317563846338e-01
3.860901994147440397e-01
3.847283894133271542e-01
3.832397024332436231e-01
3.817360312845443082e-01
3.802093322650697549e-01
3.786106764566715688e-01
3.769745340145964629e-01
3.753481739061494959e-01
3.737936623546050940e-01
3.722096366182174321e-01
3.706509689734110435e-01
3.691424468156617733e-01
3.676901068663080419e-01
3.662286015971479847e-01
3.647693711466841182e-01
3.633281752853731450e-01
3.619219184269532597e-01
3.605348908639290917e-01
3.592005873591582188e-01
3.578916168556485200e-01
3.566057430184572108e-01
3.553315155763890343e-01
3.541094499115587935e-01
3.529298517728100548e-01
3.517423205180821300e-01
3.505195238649582712e-01
3.493046686159113068e-01
3.481003478956638530e-01
3.468128650819766734e-01
3.455104930188416801e-01
3.442308665465561024e-01
3.429493720148546476e-01
3.416773619170131449e-01
3.404031394532618937e-01
3.391004958693209503e-01
3.377945187324614684e-01
3.364804859327044650e-01
3.352336402237446888e-01
3.340087555110918260e-01
3.327843889498563468e-01
3.315044033416941205e-01
3.302158576855681593e-01
3.289497381261406450e-01
3.277203834323056952e-01
3.264743423946616097e-01
3.252366778906831679e-01
3.240274217221504882e-01
3.227937678482707962e-01
3.215695179894851874e-01
3.203763226635389927e-01
3.192684874910999837e-01
3.181045182450957243e-01
3.169955303653592682e-01
3.159153735555705889e-01
3.148140050470085161e-01
