-2.000024559123451950e-01
-2.000024718081621633e-01
-2.013230708101172717e-01
-2.012510608773827869e-01
-2.011912327713603899e-01
-2.011018309908461921e-01
-2.010288222214137999e-01
-2.009390256122194629e-01
-2.008398455945540895e-01
-2.008564654266913885e-01
-2.008790181566497968e-01
-2.008121811035160909e-01
-2.007314002318275337e-01
-2.008969104359966118e-01
-2.009389753136397727e-01
-2.009916793491283438e-01
-2.009875043650139748e-01
-2.012168874564442267e-01
-2.012252171002086032e-01
-2.011429142715170926e-01
-2.011904056751817604e-01
-2.011959221643839224e-01
-2.013471197792483236e-01
-2.014023926435168921e-01
-2.013652535349420292e-01
-2.013311047418197830e-01
-2.013858365942071127e-01
-2.016328809561625524e-01
-2.017707398604950686e-01
-2.018771900675326580e-01
-2.019790382441851995e-01
-2.020088151105629559e-01
-2.022073865885133104e-01
-2.024751348221306424e-01
-2.027493990038755356e-01
-2.030941029439947143e-01
-2.033891684049969895e-01
-2.037774290967771518e-01
-2.040941265525062775e-01
-2.043965454435477391e-01
-2.047939730998368235e-01
-2.051758671289697078e-01
-2.056134910845544561e-01
-2.060144783428998205e-01
-2.063944880888843592e-01
-2.067609134755777345e-01
-2.070464294062545896e-01
-2.073215873485117489e-01
-2.075801182917035859e-01
-2.078370100029026390e-01
-2.080210943518833455e-01
-2.082682002315408287e-01
-2.083666955859138914e-01
-2.084833572841107707e-01
-2.085858911763387169e-01
-2.086609760456795970e-01
-2.087787212093948908e-01
-2.088253181034604444e-01
-2.088988063349337676e-01
-2.089429737600700665e-01
-2.089620812711552589e-01
-2.089554874227049219e-01
-2.089388136835438059e-01
-2.088859234262385456e-01
-2.087987260716390181e-01
-2.086403049170162949e-01
-2.084392757574228539e-01
-2.081585449922794262e-01
-2.078062573582458994e-01
-2.073839276318872604e-01
-2.069527042074680023e-01
-2.064659304218558755e-01
-2.059059598824817539e-01
-2.053963754886402315e-01
-2.048730679744807937e-01
-2.043136711640058389e-01
-2.037200125704483056e-01
-2.029744852373750186e-01
-2.021576154986115259e-01
-2.013042413125879226e-01
-2.004419095271713080e-01
-1.996285773047088985e-01
-1.987958058911510340e-01
-1.979854248294009300e-01
-1.970749110122438086e-01
-1.962622850360642157e-01
-1.956414794769348320e-01
-1.950884594856366339e-01
-1.947218867412721377e-01
-1.943876963637041766e-01
-1.942155314238873109e-01
-1.938053389980324837e-01
-1.934723907716571212e-01
-1.931943465158424689e-01
-1.929046996309112805e-01
-1.926513840251004583e-01
-1.923211584509389727e-01
-1.920079132069801298e-01
-1.917787232099145422e-01
-1.915225855879876538e-01
-1.910900951822692151e-01
-1.907478836068917660e-01
-1.899375345733567977e-01
-1.895421759136290685e-01
-1.889413683387203557e-01
-1.882523306905390381e-01
-1.875999232188366450e-01
-1.868576895485102030e-01
-1.864785769249140135e-01
-1.861962482697152033e-01
-1.862180676989855233e-01
-1.862979212062380041e-01
-1.864503969496974778e-01
-1.866233107385817103e-01
-1.867837717613264614e-01
-1.869229180744176044e-01
-1.870732548157019448e-01
-1.872263239113902689e-01
-1.873513538376669618e-01
-1.874577907816721845e-01
-1.875505197307072713e-01
-1.876690052402139319e-01
-1.877457654486052452e-01
-1.878068656930970970e-01
-1.878607650334758739e-01
-1.879009327870246326e-01
-1.879245906055127535e-01
-1.879341766218513010e-01
-1.879461828221265507e-01
-1.879488106836218475e-01
-1.879470350763071396e-01
-1.879459132015461331e-01
-1.879388169075035531e-01
-1.879267791252243192e-01
-1.879078625458639185e-01
-1.878790512490874920e-01
-1.878488431369876865e-01
-1.878263776298435273e-01
-1.878180015291800731e-01
-1.878280494244571053e-01
-1.878327463524646079e-01
-1.878359239238553691e-01
-1.878430224952937766e-01
-1.878273817940765422e-01
-1.878525987056938462e-01
-1.892745411028305125e-01
-1.907089445005180628e-01
-1.921436214218204264e-01
-1.935948561061156814e-01
-1.950721156395120448e-01
-1.965791147972944519e-01
-1.980810732972540511e-01
-1.996054923394113001e-01
-2.011467815147461868e-01
-2.027067808915531122e-01
-2.042704244679217629e-01
-2.058308547541588263e-01
-2.074163040147483927e-01
-2.090078118500507398e-01
-2.106139038284988441e-01
-2.122226505167272015e-01
-2.138402898886896664e-01
-2.154442439386190511e-01
-2.170601489002685625e-01
-2.186873558285768737e-01
-2.203418241364020203e-01
-2.220207530010589736e-01
-2.237099808594272821e-01
-2.254081695370334648e-01
-2.271232795830538942e-01
-2.288317909520379834e-01
-2.305405535708385523e-01
-2.322518813464165555e-01
-2.339793107294224628e-01
-2.357083803289918567e-01
-2.374500500796694058e-01
-2.391855201221225746e-01
-2.409300815146339647e-01
-2.426628924127067488e-01
-2.444185107076800589e-01
-2.462004111632109804e-01
-2.479854365391711002e-01
-2.497758204219724110e-01
-2.515994790376472334e-01
-2.534418955479501023e-01
-2.552838700920623261e-01
-2.571241770540987348e-01
-2.589610029073195485e-01
-2.607988572953138795e-01
-2.626246220143058641e-01
-2.644310134419249891e-01
-2.662640357187207596e-01
-2.680672551162322503e-01
-2.698542519975115628e-01
-2.716613987631231741e-01
-2.734942353326637599e-01
-2.753362467950739023e-01
-2.771833759150615917e-01
-2.790343071354061122e-01
-2.808798279334586701e-01
-2.827196148035215906e-01
-2.845933827846884867e-01
-2.864581333726554102e-01
-2.883022141724374543e-01
-2.901505309069501992e-01
-2.919818345046514274e-01
-2.938337965925482131e-01
-2.956731615740530450e-01
-2.975244418902119881e-01
-2.993859565760544350e-01
-3.012527347699908709e-01
-3.031162624768970471e-01
-3.049955239558378439e-01
-3.068982303211445495e-01
-3.088006980208202190e-01
-3.107029561986143218e-01
-3.126050373880889799e-01
-3.145069728355139316e-01
-3.164087910935770021e-01
-3.183105172455500953e-01
-3.202121725888464332e-01
-3.221137686635753283e-01
-3.240153171901022366e-01
-3.259168303919192100e-01
-3.278183178797818842e-01
-3.297197869194827824e-01
-3.316212428215365438e-01
-3.335226921048844995e-01
-3.354241458921441987e-01
-3.373256069667915913e-01
-3.392270772479114016e-01
-3.411285579707885596e-01
-3.430249032538639775e-01
2.000022969792356331e-01
2.000023128665043837e-01
2.013580299379683081e-01
2.024649123987363464e-01
2.035822831947972644e-01
2.047887072079971060e-01
2.060212526487510964e-01
2.072760999122966741e-01
2.085548542757365842e-01
2.097951041383756543e-01
2.110058079984763191e-01
2.122157898116947827e-01
2.134341948819223345e-01
2.147326815613488371e-01
2.160726733579493020e-01
2.174409740857126405e-01
2.188208159810759723e-01
2.201769738413879851e-01
2.215504718594313582e-01
2.228660914805430937e-01
2.241649006200961691e-01
2.252875667132097359e-01
2.263171535957854974e-01
2.273452654224697722e-01
2.284198682451751283e-01
2.294683089294266010e-01
2.306398510528001877e-01
2.317538081387076343e-01
2.329653558939322744e-01
2.340691938044787979e-01
2.351550098295587532e-01
2.363895221230016275e-01
2.375437126697521883e-01
2.387954401648461067e-01
2.399210110343425184e-01
2.411362031315631427e-01
2.424221812950048960e-01
2.437089641178002142e-01
2.449710089718838690e-01
2.462039978313294852e-01
2.475081212279205134e-01
2.487855779658018907e-01
2.501713929942858128e-01
2.515667601342302939e-01
2.529893189501805084e-01
2.544206309850419734e-01
2.557904813199078364e-01
2.570985597246978616e-01
2.584508505762768138e-01
2.597315965974426044e-01
2.608423811808288084e-01
2.619501752528621830e-01
2.630251229429317328e-01
2.637635507307337090e-01
2.642186058234030632e-01
2.643531336028914214e-01
2.640790044470295306e-01
2.637378190223133023e-01
2.633437525649068855e-01
2.629497103687596371e-01
2.625967766932007508e-01
2.622908671270422487e-01
2.620365026838464839e-01
2.618189617722577744e-01
2.616109115669443819e-01
2.614388842426231818e-01
2.612926866080362842e-01
2.611567784856803076e-01
2.610229366355080738e-01
2.608970149540801309e-01
2.607889375643326901e-01
2.606974878864052880e-01
2.606202880187396542e-01
2.605558506895636062e-01
2.604903599904058176e-01
2.604378345170029196e-01
2.603859235679528150e-01
2.603301803723423458e-01
2.602709431438289256e-01
2.602167163441626019e-01
2.601652984213128073e-01
2.601183351818251444e-01
2.600819212875984388e-01
2.600470294971271579e-01
2.600193259081267083e-01
2.600127206584215145e-01
2.600195457869059479e-01
2.600396900333979966e-01
2.600738010621019836e-01
2.601242657265022684e-01
2.600974677622632236e-01
2.601257190250095275e-01
2.601209749872775423e-01
2.600932867841023732e-01
2.600748350157623401e-01
2.599425873365350803e-01
2.598244266046719209e-01
2.595420960961327128e-01
2.594473183725861110e-01
2.592282020492673866e-01
2.590966071777396906e-01
2.589091424175911094e-01
2.583929212450175039e-01
2.581072575557925020e-01
2.582936497849542268e-01
2.580168010467878137e-01
2.573932195831861169e-01
2.576249588379656563e-01
2.575683738292450786e-01
2.569346452111039847e-01
2.560705146460125481e-01
2.548734406672710784e-01
2.538041275341331171e-01
2.522837512651644465e-01
2.507994975278059480e-01
2.493624090064374410e-01
2.478617164936889050e-01
2.462353088014492541e-01
2.446327103203271014e-01
2.430278494682669155e-01
2.415303804564964685e-01
2.400017354090504818e-01
2.383918696182645847e-01
2.367879292851791107e-01
2.352675428590809970e-01
2.337441003446332211e-01
2.323570466322762984e-01
2.309249530642628612e-01
2.295155759849447363e-01
2.281117751205326283e-01
2.267811711702688859e-01
2.253444272819301042e-01
2.240352947028465269e-01
2.227387257202231019e-01
2.214846416823823272e-01
2.202096949198287246e-01
2.189841635442157652e-01
2.178551463194290105e-01
2.167633404251866625e-01
2.157415025468865655e-01
2.147771138631767995e-01
2.139098697598259269e-01
2.131138357558026164e-01
2.123902915593436358e-01
2.116702505905381504e-01
2.109738757250332886e-01
2.103828187387006554e-01
2.098730430977916450e-01
2.093673111354012462e-01
2.088411717635322851e-01
2.083422468345405842e-01
2.079360344303863850e-01
2.075989342944072613e-01
2.072856215473829200e-01
2.070053674812852573e-01
2.067572675497982293e-01
2.065653236494499334e-01
2.064179374398526501e-01
2.063127578269183526e-01
2.062638980047744319e-01
2.062596665081169456e-01
2.062910147935291261e-01
2.063513460264503052e-01
2.064415582194666088e-01
-4.000010880538196756e-01
-4.004598014847209897e-01
-4.007756157090459070e-01
-4.010753988199699527e-01
-4.013375691644424093e-01
-4.015620423284861351e-01
-4.016932306040364997e-01
-4.017736175897264062e-01
-4.018642649099191111e-01
-4.018883567791083355e-01
-4.019118318025682868e-01
-4.019033839118148488e-01
-4.018728254254604337e-01
-4.018173777534140290e-01
-4.017147751194199423e-01
-4.016605786817936674e-01
-4.015828638000543682e-01
-4.015475147910586573e-01
-4.015245961079079717e-01
-4.014834675187554658e-01
-4.015386096737352806e-01
-4.015168263251738812e-01
-4.015757549340496224e-01
-4.015393517364739262e-01
2.000010663760238283e-01
2.004636370712284399e-01
2.010354189476189490e-01
2.016441060210415470e-01
2.022999380393351587e-01
2.029924679963690248e-01
2.037376466164555755e-01
2.044904646028065931e-01
2.052567318131885699e-01
2.060273890612781544e-01
2.067266245012145121e-01
2.073572310131601981e-01
2.077205279731808574e-01
2.080224355242563383e-01
2.080481053513912604e-01
2.080275761632998099e-01
2.077266625179751414e-01
2.074995205970697199e-01
2.073017630765245367e-01
-1.999979812928223966e-01
-1.990965700438617203e-01
-1.981528866661309285e-01
-1.971164383255505637e-01
-1.959830433880483946e-01
-1.947888173338867268e-01
-1.935132054297516169e-01
-1.921852400938480754e-01
-1.908020969482669416e-01
-1.893490686033652559e-01
-1.878692241522308126e-01
-1.863865695946709533e-01
-1.848491487395104160e-01
-1.832972186511258039e-01
-1.817066964798948747e-01
-1.801008749567714340e-01
-1.784998206142279498e-01
-1.768779526923224543e-01
-1.753354457997880755e-01
-1.738794900389140641e-01
-1.724298220004150117e-01
-1.710571485907748102e-01
-1.698089362980687023e-01
-1.688312325597877694e-01
-1.679115968763534306e-01
-1.669130443099828554e-01
-1.659539242198457276e-01
-1.650415200078984290e-01
1.999999748383628484e-01
1.999917783089979750e-01
2.000192296357835298e-01
2.003345970656697228e-01
2.004528349954304289e-01
-3.999975154481003603e-01
-3.989381341442294615e-01
-3.988619084719571273e-01
-3.990631367354025016e-01
-3.993804054425215133e-01
-3.996147488438536732e-01
-4.000511385542078191e-01
-4.005373785063796044e-01
-4.010607800152886648e-01
-4.015305470550116218e-01
-4.019607330992395200e-01
-4.023843169568878664e-01
-4.027750271838372864e-01
-4.031197270636039387e-01
-4.034367924280244933e-01
-4.036908995496574781e-01
-4.038929979679559690e-01
-4.040363407631716863e-01
-4.041260130737433509e-01
-4.041638373085121305e-01
-4.041472977118323318e-01
-4.040767730246905276e-01
-4.039514310076386394e-01
-4.037766991946071249e-01
-4.035466122710865133e-01
-4.032597650244900134e-01
-4.029204872036801777e-01
-4.025271766756325365e-01
-4.021007182950112613e-01
-4.016143070160953510e-01
-4.010955932212061370e-01
-4.005263192891203583e-01
-3.999667276944464667e-01
-3.993681643975713347e-01
-3.987175631220723493e-01
-3.980125760029328830e-01
-3.972658801380560822e-01
-3.964796513902610342e-01
-3.956530590348750764e-01
-3.947996953639300588e-01
-3.939524426128902523e-01
-3.930746968091938243e-01
-3.942369334392590852e-01
-3.954498591077915681e-01
-3.966894954948143592e-01
-3.979656088891702082e-01
-3.992281728294784227e-01
-4.005321762245712680e-01
-4.018985722386136938e-01
-4.032101637378191494e-01
-4.045249735435895722e-01
-4.058382728176976872e-01
-4.071912217488392050e-01
-4.085703720449579412e-01
-4.100028859173666662e-01
-4.114338170828358288e-01
-4.128371887699754939e-01
-4.142206395641557792e-01
-4.156560395843654221e-01
-4.171547326140700451e-01
-4.187012922165125883e-01
-4.202468343851560872e-01
-4.218363187017120097e-01
-4.233440933688404906e-01
-4.248658845724860300e-01
-4.263655692411091325e-01
-4.278570818109237450e-01
-4.293439830652949762e-01
-4.307917324357113387e-01
-4.322279911012424924e-01
-4.307252351377048316e-01
-4.298078272555562740e-01
-4.289076810396639239e-01
-4.284754666248635213e-01
-4.277038172021853102e-01
-4.285018433219595635e-01
-4.300231880871769330e-01
-4.314846982396811637e-01
-4.339637882098584254e-01
-4.314721995398172472e-01
-4.304179874866440048e-01
-4.293167625942079235e-01
-4.282036886425442668e-01
-4.271665054979960630e-01
-4.260931398260545677e-01
-4.258717213530950896e-01
-4.258221559384083865e-01
-4.259098708246802367e-01
-4.262398453138684373e-01
-4.274118118512509334e-01
-4.278859369962847992e-01
-4.288008054707816985e-01
-4.287245411358610037e-01
-4.279553835928404659e-01
-4.272129224919784529e-01
-4.264099618055691154e-01
-4.261032936646402813e-01
-4.257084074015511921e-01
-4.253210744294639301e-01
-4.256454807804357365e-01
-4.263227080235292843e-01
-4.268612732945119004e-01
-4.268298552425190961e-01
-4.275409819792804211e-01
-4.273493738293317468e-01
-4.275140032371825272e-01
-4.267541014641492714e-01
-4.259218326833210666e-01
-4.252170071915411520e-01
-4.252528893455866932e-01
-4.242947047135756655e-01
-4.236090782790992715e-01
-4.232381911873948632e-01
-4.226258123230715591e-01
-4.219109018128524569e-01
-4.212879193853086846e-01
-4.206426441935827154e-01
-4.199281196241513303e-01
-4.194978578318552254e-01
-4.187133779100143394e-01
-4.179534399145300450e-01
-4.177406707401367103e-01
-4.176849598347123216e-01
-4.174688548187420190e-01
-4.173151210128180910e-01
-4.166702655943491096e-01
-4.166725009816104608e-01
-4.162928355590360674e-01
-4.163235540870282581e-01
-4.163939587181113566e-01
-4.159002266876948295e-01
-4.153982361860064088e-01
-4.148520862532283915e-01
-4.144005100557012211e-01
-4.144940364760463791e-01
-4.141153903756404353e-01
-4.137093390358530520e-01
-4.132144067558009004e-01
-4.128066701360093016e-01
-4.123203562516888354e-01
-4.119113249956041778e-01
-4.114052033312607937e-01
-4.109689332761903846e-01
-4.106103011188450003e-01
-4.102580130095228594e-01
-4.098568408544615571e-01
-4.093494817614944936e-01
-4.088716198347614461e-01
-4.084259779619097697e-01
-4.079752248178276086e-01
-4.076552412722992402e-01
-4.073531893060124420e-01
-4.070795806655519988e-01
-4.067314223855618693e-01
-4.064729204658971140e-01
-4.061305097998683111e-01
-4.057758765939428192e-01
-4.055143551089475662e-01
-4.052553358677326023e-01
-4.049933429433497101e-01
-4.048215505785009993e-01
-4.047160322474703809e-01
-4.046580009007623158e-01
-4.046180467519832069e-01
-4.045307532977287512e-01
-4.044834048683793037e-01
-4.044388784992293817e-01
-4.044751038415065336e-01
-4.044798757653643162e-01
-4.045712875849739598e-01
-4.046165900122535852e-01
-4.046646623440420809e-01
-4.046666129216856533e-01
-4.046301031900658707e-01
-4.045571052795630118e-01
-4.044450309766643437e-01
-4.043112832721850736e-01
-4.041343324698554174e-01
-4.039394254448475663e-01
-4.036625305518132811e-01
-4.033763622792629899e-01
-4.031675668827576775e-01
-4.028900193981960198e-01
-4.026734449985637232e-01
-4.024386269205309508e-01
-4.022137289377699099e-01
-4.021902269049226764e-01
-4.019269330759033809e-01
-4.016681221747014918e-01
-4.012375367118343750e-01
-4.009265833607457141e-01
-4.005167331795587149e-01
-4.000253365214953005e-01
-3.995306889414381724e-01
-3.989938488966217611e-01
-3.985443724677076305e-01
-3.980824530255506200e-01
-3.977235494802713323e-01
-3.975079745541517107e-01
-3.972822134532619232e-01
-3.970692828870536206e-01
-3.967580267174639630e-01
-3.963346882271398530e-01
-3.959899260976705859e-01
-3.956327099554003968e-01
-3.953025936413058772e-01
-3.950975849736984569e-01
-3.947709388455082902e-01
-3.946048621544168689e-01
-3.944474698313505945e-01
-3.942614343840900037e-01
-3.940023058005449608e-01
-3.935790285931364263e-01
-3.932558228169464876e-01
-3.932121708397208759e-01
-3.934187962700754770e-01
-3.937067637326186476e-01
-3.941006651005594663e-01
-3.943752466456990069e-01
-3.945746019870290389e-01
-3.943266161128567981e-01
-3.940894795568742892e-01
-3.939615045550834416e-01
-3.939553673049607241e-01
-3.942290784531832237e-01
-3.944476716142775730e-01
-3.948105690906120180e-01
-3.953404872461471764e-01
-3.960009748294870957e-01
-3.966793075291626391e-01
-3.973614807174076780e-01
-3.980291210489980136e-01
-3.986640173787255326e-01
-3.992445672325054540e-01
-3.997763213353637823e-01
-4.002487352431867706e-01
-4.006698227068654639e-01
-4.010293395382741877e-01
-4.013328309184338027e-01
-4.015802678210234067e-01
-4.017735283325732931e-01
-4.019088485509509923e-01
-4.019869304143666722e-01
-4.020087170580627367e-01
-4.019753226190528328e-01
-4.018849461673678070e-01
-4.017378424670479120e-01
-4.015347226229133426e-01
-4.012717508001121813e-01
-4.009480699395742698e-01
-4.005748372913539024e-01
-4.001497766963331704e-01
-3.996733475518380319e-01
-3.991370679137338229e-01
-3.985478933796794410e-01
-3.979493503857142178e-01
-3.973117628451905969e-01
-3.966357355375971228e-01
-3.959406968573953578e-01
-3.952030032363946233e-01
-3.944337494537533684e-01
-3.936233742151336035e-01
-3.927863681540293972e-01
-3.919097811381169194e-01
-3.909774296009310146e-01
-3.900301528781116023e-01
-3.899919940121681639e-01
-3.910071604956782410e-01
-3.920741254244010654e-01
-3.931011452304992160e-01
-3.941515961521414591e-01
-3.951899547939274893e-01
-3.962400868096073725e-01
-3.973147389141151176e-01
-3.983843445912901848e-01
-3.994674586228675883e-01
-4.005788764422355541e-01
-4.017219909699497049e-01
-4.028793945644583707e-01
-4.040577094325873975e-01
-4.052675920128369635e-01
-4.065149958195736213e-01
-4.077499383708404479e-01
-4.090255036583785864e-01
-4.103050909253133094e-01
-4.116024181076671784e-01
-4.129239410398211629e-01
-4.142384357223909963e-01
-4.155956574599662945e-01
-4.169356359522689015e-01
-4.182944855116451643e-01
-4.196640248305678056e-01
-4.210836873381734735e-01
-4.224689745798037577e-01
-4.238470971826998057e-01
-4.251994983976671305e-01
-4.266049458041075160e-01
-4.279707826119176217e-01
-4.293998836698508792e-01
-4.308471968454025691e-01
-4.322486667451664322e-01
-4.336318071890973291e-01
-4.350586060455687853e-01
-4.365280077238662959e-01
-4.381059703413037187e-01
-4.315030233433357898e-01
-4.312028521402292980e-01
-4.307643418132329760e-01
-4.302970937564615239e-01
-4.298510878614865693e-01
-4.294607542036087411e-01
-4.291234962679957299e-01
-4.287860348453130244e-01
-4.283819445223076006e-01
-4.279641695299066795e-01
-4.276358107634321004e-01
-4.273821867179178335e-01
-4.274502909468175793e-01
-4.270657237254425476e-01
-4.269933247699391754e-01
-4.267766217298038511e-01
-4.264978829689780038e-01
-4.267532726162936441e-01
-4.264101948483944859e-01
-4.262232852769906044e-01
-4.266131123538028369e-01
-4.263939972427615022e-01
-4.262667493077918479e-01
-4.261665297407627451e-01
-4.258300743169608493e-01
-4.254823794368041701e-01
-4.251110145329383694e-01
-4.247290768076010248e-01
-4.243748178686964634e-01
-4.240709218609696740e-01
-4.237600889303886897e-01
-4.234523918126951725e-01
-4.232779043835016575e-01
-4.230564232671416569e-01
-4.229319010306760718e-01
-4.227435255439349615e-01
-4.224349454346716937e-01
-4.222349713939788640e-01
-4.220805062633197768e-01
-4.219327857284785321e-01
-4.217796596970563860e-01
-4.217154419186402436e-01
-4.215070527019719182e-01
-4.213484060095131767e-01
-4.211605287091771399e-01
-4.211990881902402117e-01
-4.210812109826461147e-01
-4.211280326256305884e-01
-4.210900222831120976e-01
-4.211222731186629598e-01
-4.210778601705704727e-01
-4.210505888061067958e-01
-4.210213471247323258e-01
-4.210628361656727492e-01
-4.211240010737838380e-01
-4.211714044821016634e-01
-4.211777344068346474e-01
-4.212921074918864472e-01
-4.213642126928152654e-01
-4.215105111208202193e-01
-4.217055703520431464e-01
-4.219208355115793840e-01
-4.221818873969571118e-01
-4.224051391388520815e-01
-4.226203855708637325e-01
-4.228281083885646607e-01
-4.230119552239107739e-01
-4.231673531643566633e-01
-4.233309835384310715e-01
-4.234717317922503943e-01
-4.236040047739960124e-01
-4.237190199049713502e-01
-4.238223272487471882e-01
-4.239043251511248056e-01
-4.239653154407035385e-01
-4.240057148127416298e-01
-4.240313250219335250e-01
-4.240425810196514211e-01
-4.240401360473586845e-01
-4.240186085711739050e-01
-4.239711663677970255e-01
-4.238867939142493824e-01
-4.237468856530453021e-01
-4.235180440415624026e-01
-4.232213274812700043e-01
-4.228803249443120471e-01
-4.224806656372729341e-01
-4.220748832107757420e-01
-4.216216889651574484e-01
-4.211905389671286026e-01
-4.206739714249274620e-01
-4.200822058246567736e-01
-4.194273976080317157e-01
-4.187325184793479482e-01
-4.180403627371198638e-01
-4.174527757838510378e-01
-4.169005695417483670e-01
-4.164583702925345188e-01
-4.160062140510868423e-01
-4.155609541608121238e-01
-4.150718147026158378e-01
-4.145870905730307254e-01
-4.140147071343349694e-01
-4.134823293513393283e-01
-4.128574220100400538e-01
-4.122331014791469905e-01
-4.115312096918419260e-01
-4.109016011629553211e-01
-4.102912737702784085e-01
-4.097812849895187681e-01
-4.094158548261973563e-01
-4.090080916183792548e-01
-4.086864722896699775e-01
-4.082772878104282688e-01
-4.080619861778333468e-01
-4.077465626853371550e-01
-4.073318981091488267e-01
-4.068426482927308130e-01
-4.061187474413850973e-01
-4.055319113939475084e-01
-4.048993903876220712e-01
-4.043421695678137695e-01
-4.038397898289107224e-01
-4.031681912703059534e-01
-4.022352857311392027e-01
-4.014741407093758152e-01
-4.006098644087715543e-01
-3.997072053211653264e-01
-3.987693337804990024e-01
-3.978956137436197027e-01
-3.970253439430976306e-01
-3.961543849433930564e-01
-3.953289875419032651e-01
-3.944982651884604286e-01
-3.937494321529664276e-01
-3.930494311170158461e-01
-3.925339357744581092e-01
-3.920991103201171279e-01
-3.920059945996965944e-01
-3.920992974916835960e-01
-3.922989997596096345e-01
-3.925377537342751300e-01
-3.927521313657749147e-01
-3.929538461277508610e-01
-3.931303561564795102e-01
-3.932686220666674615e-01
-3.933720724859623430e-01
-3.934316495087950560e-01
-3.934511155241319225e-01
-3.934299068852367687e-01
-3.933583247578897879e-01
-3.932373451954720989e-01
-3.930747134214086502e-01
-3.928720735527383989e-01
-3.926217873346315446e-01
-3.923150251473381256e-01
-3.919583861237656564e-01
-3.915600225862607697e-01
-3.910957900274470989e-01
-3.905560592195271297e-01
-3.900014930147247538e-01
-3.894287753752486703e-01
-3.888174194241119652e-01
-3.881920232781342905e-01
-3.875460383873309267e-01
-3.868971956435272586e-01
-3.861989430514348731e-01
-3.854878028452854988e-01
-3.847253205860721170e-01
-3.839657843476108057e-01
-3.831739517459393785e-01
-3.845151577881147364e-01
-3.858414128937218690e-01
-3.871889187774868457e-01
-3.885747249964675021e-01
-3.899767863923078726e-01
-3.913632026578491852e-01
-3.927652304078776968e-01
-3.942107967649112754e-01
-3.956276501421035485e-01
-3.970340463737639936e-01
-3.984499834999752355e-01
-3.998473974190027702e-01
-4.012500533547569415e-01
-4.026321148037176334e-01
-4.040066310313392139e-01
-4.053915166071656584e-01
-4.066967509354929011e-01
-4.080149027319215915e-01
-4.092922942107043438e-01
-4.106209979300479151e-01
-4.119876681839192978e-01
-4.133941878794883396e-01
-4.147965257118361171e-01
-4.161694804945984538e-01
-4.175325063689417360e-01
-4.189017394565309194e-01
-4.202738330270530676e-01
-4.216265452253453172e-01
-4.230028521191845359e-01
-4.244447736748677147e-01
-4.259243551144455409e-01
-4.274035836120874676e-01
-4.288135122655545306e-01
-4.302272726360475974e-01
-4.316897353594647546e-01
-4.331509068898465875e-01
-4.346812796483733310e-01
-4.362139731230045836e-01
-4.377600584400584416e-01
-4.393087531753414043e-01
-4.408466417476298305e-01
-4.404013559350106743e-01
-4.393877703613243146e-01
-4.384250963849313232e-01
-4.375363878204890922e-01
-4.368558408861978326e-01
-4.379563975474232151e-01
-4.384228316051257401e-01
-4.405712231796730105e-01
-4.399163741048062737e-01
-4.395120290995514489e-01
-4.391834454561187040e-01
-4.390534223719499973e-01
-4.388794724765895938e-01
-4.386103665976734400e-01
-4.383779966053530930e-01
-4.382368412884254938e-01
-4.381301614549686918e-01
-4.379594888012853793e-01
-4.379083843359169448e-01
-4.378584588155073898e-01
-4.378605004413618773e-01
-4.377483073310831641e-01
-4.376248840575126531e-01
-4.375322612883903450e-01
-4.374475250865519915e-01
-4.373139097022782917e-01
-4.372101495995419640e-01
-4.371324739883439836e-01
-4.371036087411196980e-01
-4.370083305451508138e-01
-4.369698260115832955e-01
-4.369348316077423244e-01
-4.368782065668972425e-01
-4.368669416360042579e-01
-4.368353643546327159e-01
-4.368146137878915480e-01
-4.368100675471783823e-01
-4.368116310025898508e-01
-4.368153590967927546e-01
-4.368202105198784047e-01
-4.368010925800367983e-01
-4.368052531568020203e-01
-4.367731114579824214e-01
-4.367817070911413913e-01
-4.368022686445448555e-01
-4.367417944506962746e-01
-4.366240914550112429e-01
-4.365431170510885583e-01
-4.363933053026916586e-01
-4.361889985828328320e-01
-4.359729847986716922e-01
-4.357047032382720952e-01
-4.354936206702443857e-01
-4.354009678789728111e-01
-4.354423257662743407e-01
-4.355487812305694484e-01
-4.354714404666005234e-01
-4.351690466114979117e-01
-4.348624140080186717e-01
-4.345224866771760230e-01
-4.343108622119242757e-01
-1.976316014175697744e-01
-1.969727598307106919e-01
-1.964852810760400748e-01
-1.960348443168945520e-01
-1.957270376758495911e-01
-1.953610491643725244e-01
-1.950265021801921017e-01
-1.946830084027295626e-01
-1.940533205565062314e-01
-1.934284082006328398e-01
-1.925840376873561022e-01
-1.918066653790337639e-01
-1.910687156436986500e-01
-1.903511955084970508e-01
-1.896566403714789462e-01
-1.889686702255381767e-01
-1.883311821870832237e-01
-1.877785280730184803e-01
-1.873293110696186425e-01
-1.869156911664743570e-01
-1.866310305728756946e-01
-1.866485529278445188e-01
-1.867217521491946752e-01
-3.218833357435686623e-07
-3.370260099653001568e-07
-1.291045794141370065e-04
-1.845143705662954654e-04
-1.824596254885325734e-04
-1.257128976714643885e-04
-1.847237698546722189e-05
1.274092397051661567e-04
3.300689298551178017e-04
5.253937273419734093e-04
7.510953295667953129e-04
1.026647287773662645e-03
1.301468705985063664e-03
1.599378167740571257e-03
2.021366408464476787e-03
2.422307611344060724e-03
2.885989763976260555e-03
-3.999967495474913703e-01
-3.984072404309416671e-01
-2.000323671858738883e-01
3.999971358082811679e-01
3.983642003317102165e-01
3.969270808556037422e-01
3.955293509199188096e-01
3.941725086037332626e-01
3.928437557686972337e-01
3.915451685630031431e-01
3.902474180090510503e-01
3.889644701172474406e-01
3.877093312821596749e-01
3.864834749732226071e-01
3.853165184532652554e-01
3.842261961810695126e-01
3.832277926186478112e-01
3.822835098445144242e-01
3.813566514863920842e-01
3.805086563044016157e-01
3.797352885565807301e-01
3.790142572927761022e-01
-3.074497156356893324e-06
-1.701046715047575516e-03
-3.003971949332780601e-03
-4.521998842651519038e-03
-5.988383034151977154e-03
-7.428523978515248240e-03
-8.709914683102585806e-03
-9.863330651907920021e-03
-1.095694236041804860e-02
-1.215429974098478430e-02
-1.321203907982814243e-02
-1.427585581272749343e-02
-1.544586208239196595e-02
-1.662483073864426050e-02
-1.778944991068976203e-02
-1.901672239154677049e-02
-2.012669510913503435e-02
-2.117720877952958269e-02
-2.223494130492913515e-02
-2.313606320434636460e-02
-2.401933447152816009e-02
-2.482452098061203524e-02
-2.552361725190173750e-02
-2.616738512268247316e-02
-2.679478267954001416e-02
-2.737409833414618590e-02
-2.791288260763304802e-02
-2.837534204832656629e-02
-2.875302303304716478e-02
-2.906902055187133432e-02
-2.932911882599732734e-02
-2.953130743529083779e-02
-2.965978403039913266e-02
-4.000023268656769937e-01
-4.014117232091388154e-01
-4.018201957512641531e-01
-4.021946087172876272e-01
-4.025186733737390887e-01
-4.027969454935400595e-01
-4.031388443900723595e-01
-4.034841955312401529e-01
-4.038244840286117632e-01
-4.041148771970174969e-01
-4.045502958534090698e-01
-4.050714166718638598e-01
-4.055587605789254813e-01
-4.058920328366496522e-01
-4.062197086051078654e-01
-4.065778441805956711e-01
-4.068845455626318164e-01
-4.071937228369522654e-01
-4.074442998825182904e-01
-4.077586978762610115e-01
-4.080374138278629048e-01
-4.082599690947928961e-01
-4.084482611546721431e-01
-4.085839038167735082e-01
-4.086670357902031370e-01
-4.086942987842777653e-01
-4.086662298005250826e-01
-4.085912038120519396e-01
-4.084630281293701315e-01
-4.082808601485654609e-01
-4.080511617421100357e-01
-4.077429566369473735e-01
-4.073851162027020689e-01
-4.069791763213303493e-01
-4.065107375536675116e-01
-4.059807483843944631e-01
-4.054060862984080194e-01
-4.048098801020623139e-01
-4.042119032991153826e-01
-4.035689980743375482e-01
-4.029216079927460115e-01
-4.022497440795044232e-01
4.000029300802196430e-01
4.016932251749388283e-01
4.023612840998692097e-01
4.025868129540426943e-01
4.035018595417015352e-01
4.040961908922542367e-01
4.053594023926549439e-01
4.066604486096336291e-01
4.080888051004379347e-01
1.825659552913544482e-06
9.780532470619880507e-04
2.062879819960364465e-03
3.225384818076919118e-03
4.444889624609436700e-03
5.709857259655747030e-03
7.006847378566953902e-03
8.350717666089309266e-03
9.732907782818295273e-03
1.113357568300127332e-02
1.258838232016688471e-02
1.404620061726812377e-02
1.553089275948343201e-02
1.707916734523207830e-02
1.868216838005027150e-02
2.032715370233394506e-02
2.196167738064169414e-02
2.363750867855099469e-02
2.536503637649203252e-02
2.710599732995489647e-02
2.888834219451817328e-02
3.067847467950632345e-02
3.249908552489157165e-02
3.431394944479297660e-02
3.614657875559654926e-02
3.798349559537531062e-02
3.984134078165511156e-02
4.171421568204414232e-02
4.359367213755364900e-02
4.545358979567410557e-02
4.734291584252284246e-02
4.923363680851548796e-02
5.112989285708550991e-02
5.306637584108751804e-02
5.498980177824121934e-02
5.690669478848622842e-02
5.889929981759706168e-02
6.092032640783119624e-02
6.296763284802517346e-02
6.504819944039791357e-02
6.715696753325690882e-02
6.926102599058663045e-02
7.136638134913431131e-02
7.345265501326161961e-02
7.552957263462488358e-02
7.763935963166784804e-02
7.977046278808323787e-02
8.192690912469596798e-02
8.404940181638395624e-02
8.617708255006910345e-02
8.829421276578704181e-02
9.043250053183016224e-02
9.257791172255666612e-02
9.474312570002800526e-02
9.694340704991594171e-02
9.912308846720702116e-02
1.013323321510488373e-01
1.035243833576219435e-01
