-3.787938393308067364e-01
-3.784284449469156320e-01
-3.780743843832136686e-01
-3.777234846957067127e-01
-3.773956500839312223e-01
-3.770704785104290191e-01
-3.767272066257141283e-01
-3.763720193062862762e-01
-3.760428878207665582e-01
-3.756755799789181505e-01
-3.753196081339444934e-01
-3.749872898468162852e-01
-3.746225796847661993e-01
-3.742096838251787738e-01
-3.737907698048247296e-01
-3.734021443048249345e-01
-3.730485561637318925e-01
-3.726904580449531545e-01
-3.723283757027235352e-01
-3.719855792337330991e-01
-3.716408421362397685e-01
-3.713283097063412863e-01
-3.710071817904370683e-01
-3.706684211233207127e-01
-3.703148672033627631e-01
-3.699594379344112727e-01
-3.696495000697758160e-01
-3.693220453109414270e-01
-3.689970140899367923e-01
-3.686462812302787606e-01
-3.682903048118704170e-01
-3.679334946860049471e-01
-3.675695525421524001e-01
-3.672199797625793627e-01
-3.668474538186588529e-01
-3.664597039149246060e-01
-3.660888567096259316e-01
-3.657198407812974339e-01
-3.654005672891406653e-01
-3.651103341127215351e-01
-3.647829968978023585e-01
-3.644557813230518417e-01
-3.640859988343353448e-01
-3.637098108988306988e-01
-3.633323095169884720e-01
-3.628999827722848015e-01
-3.624713232188990220e-01
-3.620442813612411714e-01
-3.615497616094647260e-01
-3.610685657734531429e-01
-3.605963744338559485e-01
-3.600965386209197261e-01
-3.596021721346212008e-01
-3.590774767647000321e-01
-3.585651174936826946e-01
-3.580353495165636835e-01
-3.574461900077071652e-01
-3.568675655128722424e-01
-3.562896449989418901e-01
-3.556631710759886045e-01
-3.550181415833099652e-01
-3.543737982178631341e-01
-3.536779992265499661e-01
-3.529938742982265953e-01
-3.523430139900688429e-01
-3.517073516281130074e-01
-3.510102255674404370e-01
-3.503190774369210336e-01
-3.496587561671960498e-01
-3.490224694069858913e-01
-3.483910833810578422e-01
-3.477224391778728774e-01
-3.470185034333457819e-01
-3.463018617998559479e-01
-3.456080948949254994e-01
-3.449335186839652123e-01
-3.442330104294269444e-01
-3.434923121475976782e-01
-3.427384519181219669e-01
-3.420132101817024983e-01
-3.413337001825189621e-01
-3.406619749551590415e-01
-3.399758047940769634e-01
-3.392810601581151553e-01
-3.385531854277560870e-01
-3.377903067490303224e-01
-3.370123209928541641e-01
-3.362242237886973184e-01
-3.354474332021122884e-01
-3.346822082903030404e-01
-3.339010797398075936e-01
-3.331407577474952419e-01
-3.323816144994959920e-01
-3.316163210767139047e-01
-3.308599881952099531e-01
-3.301342729609899052e-01
-3.293833559700351521e-01
-3.286696020252303230e-01
-3.279576232858026907e-01
-3.272381213866208949e-01
-3.265161140372072612e-01
-3.258218857119335454e-01
-3.251324972834001570e-01
-3.244808805808930274e-01
-3.238188833087115581e-01
-3.231116833520951692e-01
-3.223936629752360283e-01
-3.216898939541129043e-01
-3.210018248143383657e-01
-3.203202400264740790e-01
-3.196489743334366418e-01
-3.189747854328929266e-01
-3.182975238818040453e-01
-3.176145167192808150e-01
-3.169400626377781305e-01
-3.162459178607935351e-01
-3.155488960434941204e-01
-3.148204733508712105e-01
-3.140826040488945980e-01
-3.132822956085253296e-01
-3.125646923492742535e-01
-3.117136795583092534e-01
-3.107459525593333494e-01
-3.097514662684571207e-01
-3.086403014996680905e-01
-3.075955289420668759e-01
-3.062949062457370197e-01
-3.049139684614531887e-01
-3.035849904200493277e-01
-3.022139546612514494e-01
-3.009929616327704505e-01
-2.996277473158600602e-01
-2.983083813547132146e-01
-2.971024836739574182e-01
-2.957481250472142054e-01
-2.946278548583901036e-01
-2.935956447507068745e-01
-2.925784828000104199e-01
-2.913347478273433100e-01
-2.904345189375538427e-01
-2.893631864608007254e-01
-2.886089435849165108e-01
-2.878189114953243477e-01
-2.869038931365053280e-01
-2.857994785348939581e-01
-2.849495997933798042e-01
-2.840062629219260448e-01
-2.830132988163001073e-01
-2.820925568774734771e-01
-2.809249501699214169e-01
-2.797840176395033351e-01
-2.788230189245594626e-01
-2.777278442278161563e-01
-2.767881835497799092e-01
-2.758168850672556571e-01
-2.747256819156051466e-01
-2.733883086856068734e-01
-2.719365712521624734e-01
-2.708219298463497293e-01
-2.697945677094693018e-01
-2.687123712810174925e-01
-2.674578844791655752e-01
-2.662343457497047261e-01
-2.651012981091983578e-01
-2.641279781459601739e-01
-2.631054452951029909e-01
-2.620375976590935130e-01
-2.609356080571876291e-01
-2.597890266605460408e-01
-2.586466382637732098e-01
-2.575474090827886697e-01
-2.564176883323762701e-01
-2.552824477435854389e-01
-2.540893171464597144e-01
-2.528574520777650547e-01
-2.516333529883313935e-01
-2.504608920389707061e-01
-2.492800153000989394e-01
-2.480943680072932589e-01
-2.469077478773147871e-01
-2.457607916455541719e-01
-2.446062532953814372e-01
-2.434903884989905176e-01
-2.423502625110343922e-01
-2.412478106219831664e-01
-2.401900091051414332e-01
-2.391514475398316408e-01
-2.380975764061008526e-01
-2.370552020944428628e-01
-2.360482007048752273e-01
-2.350653869497585646e-01
-2.341094412018168425e-01
-2.331155220718702792e-01
-2.321506070354122653e-01
-2.311944799330984679e-01
-2.302885580813816280e-01
-2.294595178500649924e-01
-2.286462104115522531e-01
-2.278917370413372778e-01
-2.271952626662432084e-01
-2.265579896769989998e-01
-2.259456195137127810e-01
-2.253494711467315392e-01
-2.248081985511831138e-01
-2.242807703643590056e-01
-2.237301844043681487e-01
-2.232111678479915540e-01
-2.226898713252868367e-01
-2.221460913370824908e-01
-2.216295146486068346e-01
-2.210892235533943040e-01
-2.204904622235577816e-01
-2.198690489016971450e-01
-2.192220052159550292e-01
-2.186032816297030501e-01
-2.180020059674993294e-01
-2.173708027559017320e-01
-2.167740882779001232e-01
-2.161534287434875301e-01
-2.154857877289790558e-01
-2.148206941769859324e-01
-2.142288836937266128e-01
-2.135926097790114275e-01
-2.129702202865002836e-01
-2.123649496471983478e-01
-2.117800399973498726e-01
-2.112076097583594492e-01
-2.106533211471063316e-01
-2.101513419984405440e-01
-2.096566430306888995e-01
-2.092286719622738489e-01
-2.088151170412974600e-01
-2.083827638475341248e-01
-2.079728904894705133e-01
-2.075720633187840003e-01
-2.072167702628368857e-01
-2.068859346310192582e-01
-2.065454726151587928e-01
-2.061836970099157063e-01
-2.058090895451077373e-01
-2.054587359005081437e-01
-2.050939479566259993e-01
-2.047569917043859378e-01
-2.043857391512752253e-01
-2.040365581424019303e-01
-2.036831773148382319e-01
-2.033197826860201063e-01
-2.029668549137977340e-01
-2.026186818923461919e-01
-2.022068022180135982e-01
-2.017615708111878958e-01
-2.013320559059136594e-01
-2.009095487766016375e-01
-2.005341266779738507e-01
-2.001735430011579442e-01
-1.998004060049513864e-01
-1.994382386971728927e-01
-1.990684902393462519e-01
-1.987465709623558452e-01
-1.984050667081355968e-01
-1.981040573666531801e-01
-1.977869555323222839e-01
-1.974932787448563098e-01
-1.971790700082922121e-01
-1.968811038696775262e-01
-1.966188950775293043e-01
-1.963505079226495198e-01
-1.961065448089183705e-01
-1.958810527759541065e-01
-1.956769704738015037e-01
-1.954890213419816503e-01
-1.952670558776540277e-01
-1.950217092807068342e-01
-1.947850507138657039e-01
-1.945159550169200391e-01
-1.942608828687732714e-01
-1.940572417149463713e-01
-1.938720021410630656e-01
-1.936676146012361877e-01
-1.935187365104694968e-01
-1.933715839568029282e-01
-1.932210813079923706e-01
-1.930842062786826963e-01
-1.929668310673917642e-01
-1.928079120361386456e-01
-1.925787885572471936e-01
-1.922552624356411721e-01
-1.919090645850168031e-01
-1.915723798970620784e-01
-1.911734481752184744e-01
-1.907473390184707962e-01
-1.903274986108018096e-01
-1.898933722953556891e-01
-1.894258458602727513e-01
-1.889777494672990887e-01
-1.885532531801935308e-01
-1.880652244383587135e-01
-1.875528536758415687e-01
-1.870502991042651830e-01
-1.865785805758793658e-01
-1.861172928124061599e-01
-1.856286571874250779e-01
-1.851548137377076741e-01
-1.846996708178784974e-01
-1.842112437334418873e-01
-1.837771255692584038e-01
-1.833646067555851633e-01
-1.830044757399734989e-01
-1.826074812364253397e-01
-1.822018467574954281e-01
-1.817572174468441715e-01
-1.812897379821758470e-01
-1.807772998890819771e-01
-1.802464779473906542e-01
-1.797049271071427257e-01
-1.791526908219675251e-01
-1.785980364000238074e-01
-1.780684677299831098e-01
-1.775141808110213826e-01
-1.769745762789770582e-01
-1.764345441164365258e-01
-1.759001766371073583e-01
-1.754128194984306555e-01
-1.749272754894661830e-01
-1.744893175597313495e-01
-1.740608261761681930e-01
-1.736274263672643869e-01
-1.731266086480446054e-01
-1.725783088342418559e-01
-1.720136740045091206e-01
-1.714178555373924995e-01
-1.708209875882739648e-01
-1.701713527531578951e-01
-1.695150359506349402e-01
-1.688981256135470566e-01
-1.682440720275269197e-01
-1.675688898116133863e-01
-1.668919444552175446e-01
-1.662516469269259001e-01
-1.656123936118238105e-01
-1.649362783142150068e-01
-1.643176284559094147e-01
-1.636841859643757835e-01
-1.630629688860394666e-01
-1.624367878922859942e-01
-1.618097055573009257e-01
-1.611537644282511617e-01
-1.605048539133283880e-01
-1.598639444537038046e-01
-1.591864096797459549e-01
-1.584774427180058731e-01
-1.578260196141946237e-01
-1.571006657841343690e-01
-1.563064098562692017e-01
-1.554569121001209142e-01
-1.546142119790962777e-01
-1.537789811403666718e-01
-1.529193782809094571e-01
-1.520582244479674883e-01
-1.512372079283153259e-01
-1.504570104345174242e-01
-1.496847516896690211e-01
-1.489137960389696203e-01
-1.481981787950027163e-01
-1.475196315806139580e-01
-1.468016965627862436e-01
-1.460708753761889855e-01
-1.453402622929442500e-01
-1.446049421308150673e-01
-1.438712214900397801e-01
-1.431721089309240802e-01
-1.425172616265376890e-01
-1.418936857183820677e-01
-1.412451271343271864e-01
-1.406091644595886814e-01
-1.400000323328020047e-01
-1.393939796036247625e-01
-1.387703165950265882e-01
-1.381523393119789278e-01
-1.375620673386354631e-01
-1.370558240657508697e-01
-1.365713868409305920e-01
-1.361156981194234228e-01
-1.356139426223174071e-01
-1.351038886719228560e-01
-1.345535047474474832e-01
-1.340178317094864457e-01
-1.334428401660846530e-01
-1.328923566397482992e-01
-1.324333869239252559e-01
-1.320321083195890588e-01
-1.316276399998069224e-01
-1.312043035203076802e-01
-1.308254438178617363e-01
-1.304374295012746543e-01
-1.300486713821131235e-01
-1.296705362979659049e-01
-1.293163707255480244e-01
-1.289583519127834588e-01
-1.286038072658163001e-01
-1.282106818113421809e-01
-1.278319900053845048e-01
-1.274662840105131589e-01
-1.270082659026832705e-01
-1.265709229822661597e-01
-1.261326338979635031e-01
-1.256870466530355668e-01
-1.252525681956591919e-01
-1.248174099187085023e-01
-1.244073988275325032e-01
-1.240218545503707498e-01
-1.236363674902814236e-01
-1.232104967233605824e-01
-1.227509348628259139e-01
-1.222709195345656474e-01
-1.217796457607486366e-01
-1.212760663877639894e-01
-1.207833698913902132e-01
-1.202729093788463266e-01
-1.197728524659931598e-01
-1.192980615562089092e-01
-1.188582548908534431e-01
-1.184020993822799545e-01
-1.179914040151657934e-01
-1.175655736739836393e-01
-1.171178470152234030e-01
-1.166539159924479402e-01
-1.161674470650470720e-01
-1.156525836809347285e-01
-1.150823691350205819e-01
-1.145058139174154055e-01
-1.139800316858126106e-01
-1.134881477950283740e-01
-1.129682185069629946e-01
-1.124764327545857978e-01
-1.119408171795627099e-01
-1.113788838603799042e-01
-1.108571487812807926e-01
-1.103397866337241379e-01
-1.098599574778923726e-01
-1.093797529604219887e-01
-1.089424141512226746e-01
-1.085092302236133066e-01
-1.080775707247260964e-01
-1.076435985073432577e-01
-1.072506410098886809e-01
-1.068890682375527174e-01
-1.064954765659512775e-01
-1.060645151986457646e-01
-1.056051997781302237e-01
-1.051450772188362859e-01
-1.046775364465581948e-01
-1.042164281599962106e-01
-1.038088780699367580e-01
-1.034040096944823239e-01
-1.030013058307777951e-01
-1.026058521387015476e-01
-1.022603398817862053e-01
-1.019310576737402080e-01
-1.016119816639116102e-01
-1.012151196588662455e-01
-1.008431361314954811e-01
-1.004734468464341529e-01
-1.000891966312753983e-01
-9.974341358993102369e-02
-9.933777484972954042e-02
-9.894942744366935772e-02
-9.857111500527851455e-02
-9.824737548246803565e-02
-9.791782352647515619e-02
-9.762815746109269888e-02
-9.734746888031327317e-02
-9.709357145744175466e-02
-9.683785506380468422e-02
-9.654943429956266976e-02
-9.628693853292429050e-02
-9.603919720794733272e-02
-9.578081474463362444e-02
-9.556137992225562094e-02
-9.529088820853352793e-02
-9.493358060172980839e-02
-9.453996953491249078e-02
-9.416612174959025638e-02
-9.379649841624787543e-02
-9.348045076980318613e-02
-9.317020818356731848e-02
-9.285190161031707523e-02
-9.257219664116796143e-02
-9.225836104542982363e-02
-9.196450430289061784e-02
-9.168451595949886346e-02
-9.140673937840494701e-02
-9.114140812067410280e-02
-9.088632902300858296e-02
-9.060973029278135416e-02
-9.031751793075007417e-02
-9.002473313385747633e-02
-8.968892751332173396e-02
-8.936539704237692061e-02
-8.910315871163411450e-02
-8.892259337418483012e-02
-8.874118448971944628e-02
-8.854266688650029582e-02
-8.834541000116120923e-02
-8.812106750929507570e-02
-8.794187101723553723e-02
-8.779413977513962630e-02
-8.764852551865659480e-02
-8.742094791006535526e-02
-8.718912378818668985e-02
-8.698836448906124841e-02
-8.671972766868253635e-02
-8.646499084426428894e-02
-8.614147738091017248e-02
-8.582433487385111859e-02
-8.554545958036437192e-02
-8.525102083918241480e-02
-8.492686329492203645e-02
-8.463660291265859281e-02
-8.437237784346630909e-02
-8.416471301527438109e-02
-8.396607477188840207e-02
-8.384278009473586368e-02
-8.368669370521251982e-02
-8.347003749052737953e-02
-8.321453892455327184e-02
-8.297657144647989369e-02
-8.268565638759527159e-02
-8.241993809564188145e-02
-8.218094393798049124e-02
-8.196339571386528078e-02
-8.177332504206923092e-02
-8.159867724980689185e-02
-8.139532517673943313e-02
-8.118016360257417074e-02
-8.095344710055231430e-02
-8.069514750271936099e-02
-8.050264861852232667e-02
-8.033526388121726980e-02
-8.018250838069390651e-02
-7.999276492886467360e-02
-7.978212944628727821e-02
-7.948479967716265415e-02
-7.915051359618484328e-02
-7.882436890650970640e-02
-7.856291969025420985e-02
-7.828953821036027660e-02
-7.798422759924764081e-02
-7.770383731191095322e-02
-7.744025573507958005e-02
-7.717956680072043940e-02
-7.688707534219484108e-02
-7.660917097497485506e-02
-7.631707218406491577e-02
-7.600545971386016286e-02
-7.565243629705253881e-02
-7.537347768382690605e-02
-7.512935088710252785e-02
-7.490569212470163385e-02
-7.473411123452286531e-02
-7.457722409733559543e-02
-7.448553988678838222e-02
-7.435215633515657174e-02
-7.417751273483032259e-02
-7.402586639547319158e-02
-7.388223488079803669e-02
-7.369770750938701986e-02
-7.356374799802485598e-02
-7.349139384150010779e-02
-7.340665721431348378e-02
-7.338596441663208791e-02
-7.334268778274155576e-02
-7.330065018842421565e-02
-7.335332996750722201e-02
-7.336972088477113074e-02
-7.341502850279313375e-02
-7.346084218023554713e-02
-7.358465553105954238e-02
-7.374820201567404421e-02
-7.390766832777830031e-02
-7.408438115251533840e-02
-7.423114954048865011e-02
-7.439621228800913366e-02
-7.455856060898946591e-02
-7.471048031767911490e-02
-7.479081560837783083e-02
-7.486822787346712749e-02
-7.498342301267157950e-02
-7.515456707666316738e-02
-7.534083643171203548e-02
-7.544208824420589599e-02
-7.556602356518181407e-02
-7.572912410341457734e-02
-7.584779352265563768e-02
-7.598603720876959122e-02
-7.615205857637875886e-02
-7.638294352483906979e-02
-7.663677279637093331e-02
-7.689579088553247233e-02
-7.708673252854229829e-02
-7.729374806684508048e-02
-7.749793573415320047e-02
-7.772820672570181222e-02
-7.800636075670427938e-02
-7.827406185251305215e-02
-7.857624901913615179e-02
-7.891255189474739862e-02
-7.924423612200964806e-02
-7.947976766452419239e-02
-7.968216538034968155e-02
-7.990476269671588361e-02
-8.015598061705787869e-02
-8.041855302942250983e-02
-8.063731977687463304e-02
-8.092183069391199746e-02
-8.126359127345787747e-02
-8.158267639895039336e-02
-8.189967068125481031e-02
-8.216789079540563756e-02
-8.241998644252022943e-02
-8.264377630536146047e-02
-8.282577793713778724e-02
-8.300979999430171952e-02
-8.319968454561660343e-02
-8.339859439421791476e-02
-8.359580608087033293e-02
-8.378972160181168138e-02
-8.397375004063195592e-02
-8.416949275996504776e-02
-8.440080438616988368e-02
-8.464566623348998564e-02
-8.489614190132760418e-02
-8.513605200424870234e-02
-8.534331160319244547e-02
-8.551630320952066655e-02
-8.572311636589582950e-02
-8.588301940762471665e-02
-8.601507340561569126e-02
-8.618103353183348414e-02
-8.637157318900794134e-02
-8.655853644767952382e-02
-8.666687958977664641e-02
-8.676912762900020060e-02
-8.690401017954278717e-02
-8.708695665654957174e-02
-8.729925108909628029e-02
-8.747053377345878622e-02
-8.762305015522194040e-02
-8.774777228476625390e-02
-8.789466820453747942e-02
-8.812980591955775489e-02
-8.833269539479995935e-02
-8.853686956945341913e-02
-8.868116277506701839e-02
-8.881925528108865209e-02
-8.892116642289586703e-02
-8.902556005544856599e-02
-8.914677016847200042e-02
-8.922810222209727471e-02
-8.933386353779401712e-02
-8.944871065921244924e-02
-8.960124442943263878e-02
-8.974450596488479925e-02
-8.990972874211144994e-02
-9.007643254477407102e-02
-9.028948963929885052e-02
-9.048185387121755741e-02
-9.072053384424984268e-02
-9.096833177823257510e-02
-9.118891001458025170e-02
-9.139501682376553748e-02
-9.160790826065882964e-02
-9.188410592528201137e-02
-9.220311768422208287e-02
-9.251626680967933725e-02
-9.284377802500368149e-02
-9.319308444371900146e-02
-9.353246338504320190e-02
-9.382588725953103226e-02
-9.414142826402921438e-02
-9.450279025669151844e-02
-9.480236265421623787e-02
-9.510141294158575009e-02
-9.534909665584168081e-02
-9.557607349230472227e-02
-9.586898421809751658e-02
-9.615580900267632625e-02
-9.646020273729638550e-02
-9.682599900188791631e-02
-9.716934929410311894e-02
-9.750899745559984955e-02
-9.780968620433239114e-02
-9.810114567685852827e-02
-9.834123725352325596e-02
-9.859373705942565957e-02
-9.881979936048845836e-02
-9.903967420205227190e-02
-9.922686962965511503e-02
-9.938428344196865993e-02
-9.954707196538936653e-02
-9.973267057495634191e-02
-9.993630899611917473e-02
-1.001507843642177459e-01
-1.003355135852839058e-01
-1.005117348906955088e-01
-1.006667369568892967e-01
-1.007624005031542008e-01
-1.008126478034188644e-01
-1.008406833720423001e-01
-1.008318532200062623e-01
-1.008175011602138044e-01
-1.008170885080702933e-01
-1.008372049862012038e-01
-1.007886727573698432e-01
-1.006580959761149141e-01
-1.005310643488031425e-01
-1.003988331321037375e-01
-1.002647838072247000e-01
-1.001151365083928768e-01
-9.992504424400459884e-02
-9.973540135818152741e-02
-9.955130732627588686e-02
-9.937701076490809693e-02
-9.915630991547721984e-02
-9.894433462585650041e-02
-9.873912814167937202e-02
-9.849624515510702061e-02
-9.823447588174762102e-02
-9.794939997396472087e-02
-9.765610201185782879e-02
-9.738387661815095520e-02
-9.712506411821050789e-02
-9.686648292482619160e-02
-9.663710281621896991e-02
-9.637950679517570673e-02
-9.612315964972108218e-02
-9.590648273056436024e-02
-9.570617009497374428e-02
-9.551016402661835492e-02
-9.527911824622853354e-02
-9.503733855907500749e-02
-9.483298818306308553e-02
-9.462283423609654798e-02
-9.442337535564664097e-02
-9.415758549405989219e-02
-9.382481483120300170e-02
-9.348807673778210259e-02
-9.307867924136239979e-02
-9.269609773334885894e-02
-9.231736892564851304e-02
-9.194847483320835180e-02
-9.156969159232422606e-02
-9.119050134807832331e-02
-9.083393871695105704e-02
-9.050164608258606802e-02
-9.015645765306830317e-02
-8.983254102928668605e-02
-8.947593610702830880e-02
-8.906080650834014012e-02
-8.865294810606126619e-02
-8.825689377388278023e-02
-8.786003536465365749e-02
-8.744317399347119324e-02
-8.699880392466902146e-02
-8.646407753262214113e-02
-8.594405734292828725e-02
-8.539187502842629507e-02
-8.479860386530868599e-02
-8.418639685181662780e-02
-8.357684787712710284e-02
-8.298298023328555539e-02
-8.232464540498891925e-02
-8.161468897002392697e-02
-8.094614135198105465e-02
-8.029089065852200446e-02
-7.955844681911490579e-02
-7.883652954134720559e-02
-7.810913243535937134e-02
-7.739487390485171037e-02
-7.664830205102868277e-02
-7.590579983801130914e-02
-7.520104207985107980e-02
-7.453889990252553222e-02
-7.389641667816757020e-02
-7.325410781048145858e-02
-7.261435125408310931e-02
-7.196902857374344598e-02
-7.132887177923576127e-02
-7.067049713081030582e-02
-7.002223715575048302e-02
-6.938753097258038016e-02
-6.875992079930702550e-02
-6.816264752380477021e-02
-6.760426000502094135e-02
-6.698617670432900628e-02
-6.641403157378383826e-02
-6.583314992808128596e-02
-6.523782555714034703e-02
-6.463249152609684689e-02
-6.401757576808700390e-02
-6.334531570237547649e-02
-6.275525663999502457e-02
-6.219233453925680777e-02
-6.163135802297128180e-02
-6.099504443686394606e-02
-6.030784036391889646e-02
-5.957891012414676807e-02
-5.876787985478221926e-02
-5.794037438849924948e-02
-5.718644034727072417e-02
-5.642710310603320928e-02
-5.569812756547335569e-02
-5.498073916961570412e-02
-5.427309882864533169e-02
-5.355648008024182366e-02
-5.287147412622384551e-02
-5.212490452351027648e-02
-5.143512392336355848e-02
-5.071346448369776910e-02
-5.003415022765803077e-02
-4.939051237882064599e-02
-4.872538937628213135e-02
-4.809595035204024954e-02
-4.750671651907870802e-02
-4.690053173623389554e-02
-4.625954027804742713e-02
-4.567605916236737451e-02
-4.513414288346311726e-02
-4.461479206219766402e-02
-4.405634937631761061e-02
-4.355642990840147277e-02
-4.303692361317947024e-02
-4.246451099022133940e-02
-4.191865895028913658e-02
-4.136288716846306390e-02
-4.076560927884320673e-02
-4.019018199002465791e-02
-3.962569035081721369e-02
-3.908491008040090170e-02
-3.854300787099917969e-02
-3.801025292804576655e-02
-3.748692292143766119e-02
-3.692745139372834856e-02
-3.640540537712063512e-02
-3.595874459137018975e-02
-3.551871529400948968e-02
-3.505745466574375357e-02
-3.466684974563179200e-02
-3.425260980214275136e-02
-3.383844027307917474e-02
-3.342611320153138221e-02
-3.296120575735662916e-02
-3.252582086908164388e-02
-3.205765180141046528e-02
-3.160958348292524506e-02
-3.124998635969632177e-02
-3.083297484456172521e-02
-3.041814840153643507e-02
-3.011416929320356525e-02
-2.984324992331048240e-02
-2.959066065822581540e-02
-2.939032807776561715e-02
-2.915422063960928720e-02
-2.884396999083969210e-02
-2.861282055840413605e-02
-2.837569122295065943e-02
-2.813967155004992379e-02
-2.788146124809276830e-02
-2.764652258194467971e-02
-2.740039107175000835e-02
-2.714112881481895584e-02
-2.689257492006694866e-02
-2.663932949363271782e-02
-2.643493106524245906e-02
-2.620166250475817332e-02
-2.601004178212435250e-02
-2.587299364348592118e-02
-2.570245098442788811e-02
-2.561192438223175438e-02
-2.552793109951531636e-02
-2.546585238301903031e-02
-2.541286568094592788e-02
-2.533451947616132197e-02
-2.533024828599133443e-02
-2.525657321546902548e-02
-2.516761112418257687e-02
-2.511657486073771636e-02
-2.500226034530286454e-02
-2.489647802913838928e-02
-2.479968673303107121e-02
-2.466783118042808684e-02
-2.454967469701494279e-02
-2.439129057743685478e-02
-2.424747338433447946e-02
-2.406879898622632866e-02
-2.381573555294173167e-02
-2.361146807904894798e-02
-2.341562757682987342e-02
-2.325553691437273057e-02
-2.314534932679321311e-02
-2.306199514017889113e-02
-2.302079796511578846e-02
-2.302078941195940046e-02
-2.302402777773079195e-02
-2.302155301804520438e-02
-2.294825231500873322e-02
-2.287975675586863961e-02
-2.284446243169222304e-02
-2.275558075251786494e-02
-2.274574009765118962e-02
-2.266358689062618684e-02
-2.258287065940952840e-02
-2.251014159726691041e-02
-2.253996355880974467e-02
-2.257835311752170657e-02
-2.271527036692676249e-02
-2.286274327141486762e-02
-2.302072111089951273e-02
-2.321026930651885062e-02
-2.336849019301152214e-02
-2.347263866624876849e-02
-2.353192273236124482e-02
-2.355773736597667825e-02
-2.357095913131185619e-02
-2.365553782482116701e-02
-2.377254705266226148e-02
-2.382451445668381379e-02
-2.394923645090048930e-02
-2.409931876165441814e-02
-2.425153839785629956e-02
-2.439804579579562746e-02
-2.451532940811393738e-02
-2.463321011520348824e-02
-2.477453231028351258e-02
-2.491498862888345475e-02
-2.505716885807690586e-02
-2.521413512754957370e-02
-2.538575164476533641e-02
-2.554746689437110280e-02
-2.569148622029180165e-02
-2.584326404517955922e-02
-2.597489239002638561e-02
-2.616405953929435216e-02
-2.630956182349122527e-02
-2.641735391961737983e-02
-2.657801039576125277e-02
-2.668869668220207048e-02
-2.679360973817002112e-02
-2.683161464285369405e-02
-2.685697673714125544e-02
-2.692186275217956296e-02
-2.696073010861469582e-02
-2.697400656732898069e-02
-2.700854305627981358e-02
-2.708795743525747174e-02
-2.721457442462356033e-02
-2.733357277265311899e-02
-2.742200187841493247e-02
-2.751566538039619189e-02
-2.766876710468905293e-02
-2.784722159423930893e-02
-2.798802184370124263e-02
-2.807403716451950179e-02
-2.813960502573507536e-02
-2.821264777322599754e-02
-2.827277333697977152e-02
-2.836859170010020900e-02
-2.845991500544641645e-02
-2.854586941192928384e-02
-2.861864097550579494e-02
-2.869772020009585256e-02
-2.872605470238246209e-02
-2.879529869168325623e-02
-2.885758193001652927e-02
-2.887068445086335769e-02
-2.886108605629546936e-02
-2.879237778671735540e-02
-2.875331929422364138e-02
-2.866225287018023607e-02
-2.858717484703469577e-02
-2.850741297818197226e-02
-2.847030988270095667e-02
-2.845036497932893968e-02
-2.847230260354793874e-02
-2.846729019610817063e-02
-2.842109909309619917e-02
-2.841415512095105123e-02
-2.841400806407666166e-02
-2.839872338389814663e-02
-2.833065888663100287e-02
-2.826399533495910568e-02
-2.824523768017031880e-02
-2.820480953134145430e-02
-2.818152375023446829e-02
-2.817765818778886211e-02
-2.815665035143569139e-02
-2.816319586883499898e-02
-2.818895540903720506e-02
-2.824941781226296758e-02
-2.828239891386300289e-02
-2.836337369609080727e-02
-2.845966631954647066e-02
-2.855286571417694347e-02
-2.855483562448665052e-02
-2.852656049036140715e-02
-2.849544492809659782e-02
-2.850970206964347289e-02
-2.852535715139644865e-02
-2.854311376963660982e-02
-2.855875480107171113e-02
-2.852252610804322311e-02
-2.844814874936650931e-02
-2.831163144480405500e-02
-2.817831621764657624e-02
-2.801599360184654428e-02
-2.784745059887758570e-02
-2.769944578543715244e-02
-2.759479787722965427e-02
-2.749458017159814999e-02
-2.733129514454389966e-02
-2.713807268230867056e-02
-2.694566847701024281e-02
-2.678069321566985822e-02
-2.664923623193930780e-02
-2.648039720260225369e-02
-2.632142509560004423e-02
-2.616313602940903427e-02
-2.598422026585846950e-02
-2.580296746377569797e-02
-2.561602943658606441e-02
-2.542530309903327443e-02
-2.527994342176292236e-02
-2.515147083752259857e-02
-2.505232441045218694e-02
-2.490264516784689713e-02
-2.478437458796281523e-02
-2.467146107467198604e-02
-2.455431482786655725e-02
-2.443041480749105418e-02
-2.431244007597990406e-02
-2.419419835687391593e-02
-2.408013483178011310e-02
-2.393142258649118281e-02
-2.377839191538659580e-02
-2.369106695250188660e-02
-2.357057475171427802e-02
-2.348016839836144717e-02
-2.344379879503334999e-02
-2.340577606120939833e-02
-2.340998997932037390e-02
-2.338434947814700335e-02
-2.337088286389260236e-02
-2.336766970386917538e-02
-2.338966329662404281e-02
-2.342720608136493118e-02
-2.344192128523690105e-02
-2.339520840792798373e-02
-2.335372434307163986e-02
-2.337173361215962031e-02
-2.341331638693415138e-02
-2.344992738914077057e-02
-2.342995530286279618e-02
-2.334953554993788108e-02
-2.326593908625012447e-02
-2.320036424616354898e-02
-2.311183064987728727e-02
-2.292975278057943211e-02
-2.272452197479325406e-02
-2.255571582273971018e-02
-2.241625658764476170e-02
-2.231951887463226938e-02
-2.224214481697907309e-02
-2.220595129763587236e-02
-2.218919830366049631e-02
-2.216706680118807685e-02
-2.216954163184802970e-02
-2.218298458239376797e-02
-2.217535263063751330e-02
-2.220964781281953640e-02
-2.220927584137636149e-02
-2.215960275926076584e-02
-2.211488382662393434e-02
-2.205909447951739238e-02
-2.199986809651824013e-02
-2.193337304809634195e-02
-2.189864852494597877e-02
-2.181204870669453330e-02
-2.175161860761483032e-02
-2.178556640613116616e-02
-2.183187265993986187e-02
-2.183158809672155684e-02
-2.173669523078712584e-02
-2.170474797534222011e-02
-2.165102744406926030e-02
-2.165166122187594036e-02
-2.170339942269306627e-02
-2.170182724492294296e-02
-2.176173505711139974e-02
-2.186007512656013355e-02
-2.189393642939795395e-02
-2.192185760814273701e-02
-2.196613176200316528e-02
-2.205766987183659100e-02
-2.216172024115842590e-02
-2.234019837737124051e-02
-2.246250249526518528e-02
-2.259328107423269616e-02
-2.272145004722057188e-02
-2.288144710678818167e-02
-2.297227964204234113e-02
-2.306782621805400849e-02
-2.318117712552431736e-02
-2.326541369024268460e-02
-2.334191509622825234e-02
-2.343385264250697972e-02
-2.357032394461496677e-02
-2.363292024184691226e-02
-2.372417288642273553e-02
-2.381123279376349405e-02
-2.390254250613527837e-02
-2.403451168443460420e-02
-2.416249101742053151e-02
-2.431187587754598742e-02
-2.446979087073018755e-02
-2.466242446749838946e-02
-2.482707128240970937e-02
-2.496379102235862790e-02
-2.507623183171107245e-02
-2.520635074081991125e-02
-2.537166316676780706e-02
-2.556259298961986379e-02
-2.573167252012719536e-02
-2.587121118244451595e-02
-2.600664973619051107e-02
-2.615624897089051035e-02
-2.630992468286219577e-02
-2.641990707912850178e-02
-2.647234545531322938e-02
-2.655109914203413954e-02
-2.663623925186192273e-02
-2.671123313809734348e-02
-2.682080830906507368e-02
-2.689817398344951024e-02
-2.696698514836735547e-02
-2.701915443856605509e-02
-2.707396982889704803e-02
-2.712906653375611946e-02
-2.719339258033283760e-02
-2.733454485690182262e-02
-2.743803936871888616e-02
-2.753980871957690743e-02
-2.773254434056307907e-02
-2.797241739718412182e-02
-2.816242496267953518e-02
-2.838433767149263834e-02
-2.865111041686169840e-02
-2.892513764487244718e-02
-2.921861236243002841e-02
-2.950300602508162603e-02
-2.978804711264415594e-02
-3.009293852352417850e-02
-3.035133192259369811e-02
-3.058465185815934309e-02
-3.080494381884587782e-02
-3.107413057954149654e-02
-3.134237896192339223e-02
-3.164795589598552727e-02
-3.190408456249795022e-02
-3.216720435994484956e-02
-3.248985677386217324e-02
-3.277216881532023923e-02
-3.301531814831521611e-02
-3.325314658181207500e-02
-3.344131246274776453e-02
-3.355164543113447334e-02
-3.363606705962633725e-02
-3.377277671743269399e-02
-3.394119022621660403e-02
-3.416492086504337167e-02
-3.436017353809293212e-02
-3.456358636589747929e-02
-3.475767201863039918e-02
-3.498083607685823632e-02
-3.519460990564973052e-02
-3.537226222138960957e-02
-3.556084241142625640e-02
-3.575288390513366166e-02
-3.595947182393378905e-02
-3.612486781721357954e-02
-3.628471879618722779e-02
-3.645373053208545572e-02
-3.662334806576423435e-02
-3.679707184322004998e-02
-3.695308918787436336e-02
-3.709725419256811041e-02
-3.725165616519246492e-02
-3.739428292153455791e-02
-3.749828157661166256e-02
-3.751556646825240926e-02
-3.755223227834682959e-02
-3.753027079453658682e-02
-3.748910451401795546e-02
-3.740208541008371856e-02
-3.729800611698057961e-02
-3.720055052865445938e-02
-3.715310538915490152e-02
-3.716367589761128409e-02
-3.714812507778162548e-02
-3.709961529448417561e-02
-3.702836357878381418e-02
-3.695489267670361982e-02
-3.693139645035073415e-02
-3.689897521249033835e-02
-3.683508948130823080e-02
-3.683336022339813581e-02
-3.685147113775615740e-02
-3.692285364634780020e-02
-3.696007165928267418e-02
-3.698552736326775336e-02
-3.704248127447798411e-02
-3.705636509176235549e-02
-3.705679950315928645e-02
-3.703251629607143963e-02
-3.697381934855323987e-02
-3.690171181335585165e-02
-3.686893909817726134e-02
-3.684757197086502983e-02
-3.686719605370245706e-02
-3.687203241013117805e-02
-3.685834849255664736e-02
-3.683957672948402068e-02
-3.682053762959131005e-02
-3.687990466236464732e-02
-3.686646281650737128e-02
-3.686880710703847874e-02
-3.688928878949918749e-02
-3.690879660339176777e-02
-3.686083583321931451e-02
-3.679295653961198870e-02
-3.674060357954054418e-02
-3.674103895132328768e-02
-3.672153152693220096e-02
-3.672073718393301794e-02
-3.667069610623779202e-02
-3.658607360761204075e-02
-3.659721901782986980e-02
-3.664522550008053603e-02
-3.675529073807540931e-02
-3.682635831854431940e-02
-3.689385416154569025e-02
-3.697885022102068153e-02
-3.709419782091416540e-02
-3.728926751589364819e-02
-3.752380049955317265e-02
-3.772023756069280837e-02
-3.791604567143509741e-02
-3.813930729792900515e-02
-3.834584176587599313e-02
-3.850722441241354044e-02
-3.866266636599891005e-02
-3.884712311362364945e-02
-3.907670878428435440e-02
-3.929458846044300846e-02
-3.947692408180369233e-02
-3.962336943835405301e-02
-3.970015748155068108e-02
-3.976625638454433370e-02
-3.989306224123709277e-02
-4.001930368971252927e-02
-4.016511848554468744e-02
-4.038392621598541760e-02
-4.060605450810476913e-02
-4.084754095203482066e-02
-4.111094441297064028e-02
-4.137724773592135752e-02
-4.156261828129396985e-02
-4.173466117853501245e-02
-4.186487362534466877e-02
-4.197850180393693231e-02
-4.202762095348422378e-02
-4.208349235252697301e-02
-4.214267729379381211e-02
-4.217774822717710453e-02
-4.217678662953297519e-02
-4.216116622079948278e-02
-4.215180911937258662e-02
-4.215447780344180884e-02
-4.218064420802410119e-02
-4.218625532777051101e-02
-4.214337199127571321e-02
-4.210987525496035638e-02
-4.209150235795806883e-02
-4.204638282402479305e-02
-4.204309834582586197e-02
-4.199243756309986586e-02
-4.193765090283980979e-02
-4.181674316451083895e-02
-4.166087687346681917e-02
-4.148191067522861986e-02
-4.136886380053629575e-02
-4.123654412369830852e-02
-4.114744850391528069e-02
-4.099709481600617711e-02
-4.082133656906561381e-02
-4.066415134803940540e-02
-4.052723721828504350e-02
-4.038285934216245127e-02
-4.020273653541845543e-02
-3.999383911174576867e-02
-3.980769344981015950e-02
-3.957346184363447900e-02
-3.938114671093133345e-02
-3.921631434220748669e-02
-3.907950689322493149e-02
-3.896414415933439207e-02
-3.879969207435179229e-02
-3.871726007999232166e-02
-3.859464675859090171e-02
-3.849838539925570791e-02
-3.839040488641086435e-02
-3.822993027316348713e-02
-3.802248075030880553e-02
-3.777177533089225159e-02
-3.756240914641976320e-02
-3.736325671267017728e-02
-3.711176242019054161e-02
-3.685153713482784699e-02
-3.653933684080142019e-02
-3.615244624659397221e-02
-3.575563000856376433e-02
-3.539104457850883456e-02
-3.497610587965789553e-02
-3.453978878506368255e-02
-3.414346122255745158e-02
-3.369948990816437617e-02
-3.326824308171385386e-02
-3.283823674940413578e-02
-3.243264407739900046e-02
-3.196668731283185128e-02
-3.152089445005334944e-02
-3.102659779730606443e-02
-3.050744297851993789e-02
-3.001234115565065697e-02
-2.954744555970601622e-02
-2.905242821875440515e-02
-2.856501778664016430e-02
-2.806682580522852979e-02
-2.759630839961062926e-02
-2.714313395104234194e-02
-2.670661976861890899e-02
-2.628690519011267143e-02
-2.582163511617070056e-02
-2.530332094019556444e-02
-2.478695989598941538e-02
-2.432224066747901148e-02
-2.383528098347669280e-02
-2.333439029400443190e-02
-2.280149753620000844e-02
-2.227551052472449486e-02
-2.178263803443146462e-02
-2.128411366491845744e-02
-2.075072646945724450e-02
-2.022673071195018116e-02
-1.970012195520724069e-02
-1.924033787480615085e-02
-1.882165388973550124e-02
-1.839562036070063744e-02
-1.796546145763782548e-02
-1.756838332434920019e-02
-1.719335717714132183e-02
-1.681915379890309981e-02
-1.646393097156629778e-02
-1.609676747752861875e-02
-1.579568404447112551e-02
-1.546209081803082662e-02
-1.508447516702051718e-02
-1.472149462804499091e-02
-1.439178888738787930e-02
-1.409889981545017074e-02
-1.382826085095753034e-02
-1.349968103648795797e-02
-1.308307241365741155e-02
-1.266732555780536104e-02
-1.230238786077389457e-02
-1.195438767156543902e-02
-1.160807973090941664e-02
-1.122344757303866611e-02
-1.086171163845054723e-02
-1.048929452017914425e-02
-1.012209906953259221e-02
-9.771944996941013539e-03
-9.487972350734168170e-03
-9.209472992487331700e-03
-8.925104366160421104e-03
-8.639447272248855156e-03
-8.328665414019666494e-03
-8.041295417424624767e-03
-7.750761589538905649e-03
-7.446840659310662199e-03
-7.157701497478024741e-03
-6.827108396647874403e-03
-6.474221250125715768e-03
-6.159905723867202532e-03
-5.796359772192161836e-03
-5.436451243191147038e-03
-5.068380843968889500e-03
-4.697868770807942657e-03
-4.359014062758510659e-03
-3.997190094992964307e-03
-3.643745018433719712e-03
-3.273136518860327807e-03
-2.888013092689668913e-03
-2.493456426222017980e-03
-2.096803458090699436e-03
-1.654725963828845630e-03
-1.223314677185410480e-03
-7.712358833920512392e-04
-3.177504315945794099e-04
7.582697544747182155e-05
5.328424127011811232e-04
9.298600836273321823e-04
1.291824307550163298e-03
1.643242628117882846e-03
2.011416302660599953e-03
2.319520425447270991e-03
2.610271698175777987e-03
2.897208369330176760e-03
3.202781004771214704e-03
3.547347950887056768e-03
3.957978448212749918e-03
4.324746729212363208e-03
4.709648398192795883e-03
5.120623862551875773e-03
5.541835716429888668e-03
5.969191447652497096e-03
6.409297548001038208e-03
6.888082562452829335e-03
7.406605987448000236e-03
7.900335302221344821e-03
8.366818037887861076e-03
8.866677245428227980e-03
9.372291378645798351e-03
9.878360016551434794e-03
1.039719561289418649e-02
1.087091643092297395e-02
1.134305376064274201e-02
1.183315209038958427e-02
1.233457692389653380e-02
1.284428760761149695e-02
1.331089707594106802e-02
1.378614935833618292e-02
1.423717926119678380e-02
1.472209070804377309e-02
1.521455551329860267e-02
1.568026548311835661e-02
1.616399787913913935e-02
1.656604923320876069e-02
1.697995452935232435e-02
1.740203292447238884e-02
1.784128870797841923e-02
1.827774176103113060e-02
1.875448705690100498e-02
1.932796277995907364e-02
1.994006988473183417e-02
2.051403150513409282e-02
2.108586453220961249e-02
2.171460752624158885e-02
2.233999793417306215e-02
2.296379765216930574e-02
2.359057066839471972e-02
2.422511998250669388e-02
2.490843636169099914e-02
2.557800840463138325e-02
2.617341059766439479e-02
2.684960051166129444e-02
2.753216062935345820e-02
2.820119992728140068e-02
2.885733479937837784e-02
2.950300405198518286e-02
3.018585102695853228e-02
3.087410759767945934e-02
3.160677352282142971e-02
3.232965982401190402e-02
3.302583926115435636e-02
3.371350666963895265e-02
3.439213213658093293e-02
3.505989426135963649e-02
3.568471575406877844e-02
3.628998354202432608e-02
3.694627585443456541e-02
3.759968566311699956e-02
3.825210256865146929e-02
3.889969091439727383e-02
3.955311437485260068e-02
4.022047998023257215e-02
4.091850426188535506e-02
4.166395441816880818e-02
4.241527721725846245e-02
4.324013192858040810e-02
4.401450436615843981e-02
4.481505445610162175e-02
4.559194157965371780e-02
4.635008257942191401e-02
4.712286594300591630e-02
4.794371665993649168e-02
4.874371036190081052e-02
4.948845492658685008e-02
5.028815124647556534e-02
5.106966645779028452e-02
5.183723004331732692e-02
5.262212737808169560e-02
5.336264088676064693e-02
5.411948959553448957e-02
5.491877486444900897e-02
5.576055901243315988e-02
5.671298273668171769e-02
5.768387117832621258e-02
5.869994622871339135e-02
5.971172719848162613e-02
6.076330626150824171e-02
6.178542789107110272e-02
6.283170397521319062e-02
6.386030037318940478e-02
6.491627289118327704e-02
6.598323534599870310e-02
6.714870250934860951e-02
6.832447905385018172e-02
6.950301053233869097e-02
7.067035182687167461e-02
7.183649920206972017e-02
7.299111076960616840e-02
7.418208901342111805e-02
7.545248668619045085e-02
7.671545848331842721e-02
7.802416782211897550e-02
7.939605171485568380e-02
8.080977817553089415e-02
8.225554685352080841e-02
8.367507093037476751e-02
8.508314412811712746e-02
8.647833652378450475e-02
8.788969931910371736e-02
8.930899006208378732e-02
9.072713406340240927e-02
9.217942972611166408e-02
9.362718315572844674e-02
9.509405100239753938e-02
9.661144280384946492e-02
9.817263503615764053e-02
9.976475699575731992e-02
1.013552355674464944e-01
1.029505114545400807e-01
1.045135138438039041e-01
1.061162977732832829e-01
1.077477549390780803e-01
1.093667065579649600e-01
1.110474792043410625e-01
1.127171185241626766e-01
1.143247217904482943e-01
1.159304188598792862e-01
1.175632580502444791e-01
1.192392961980100752e-01
1.209200041552633414e-01
1.226100105407294388e-01
1.242682189380316105e-01
1.259457907119307107e-01
1.276183176107322237e-01
1.292682166983670222e-01
1.309154663951316855e-01
1.324959009931430953e-01
1.341304481929713743e-01
1.358238020696186932e-01
1.374776232896247341e-01
1.391071888610151963e-01
1.407297392731138852e-01
1.423484845844174007e-01
1.439945433571175049e-01
1.456925856546223141e-01
1.473878565211687863e-01
1.490250369790226959e-01
1.506683206314203272e-01
1.523396108348343270e-01
1.539300827079441158e-01
1.555225975240747960e-01
1.571333872504470375e-01
1.587188758369897923e-01
1.604278456171602807e-01
1.620897646945408110e-01
1.636873311959285426e-01
1.652932823307873278e-01
1.668717754041908474e-01
1.684671892766875512e-01
1.700362583744685352e-01
1.715726586518939445e-01
1.730425430609462412e-01
1.744443737491074287e-01
1.758921120555942408e-01
1.772967953667197727e-01
1.786910112185832733e-01
1.800806096804161427e-01
1.815118322953748198e-01
1.828922160371761751e-01
1.841898886582502559e-01
1.854136063023586467e-01
1.865865489537402444e-01
1.877656285573722494e-01
1.889861970422890003e-01
1.902687773888075695e-01
1.916222368916668806e-01
1.930529829913330830e-01
1.944650402805482847e-01
1.958546877979503442e-01
1.972229823368862600e-01
1.986158009262271595e-01
1.999683338496285046e-01
2.012820250592770865e-01
2.026496938972700002e-01
2.039726903523396140e-01
2.052513781716436558e-01
2.064732630717543982e-01
2.076832600953848751e-01
2.089030453872244009e-01
2.101297388161139923e-01
2.113052300468244993e-01
2.124878673723654132e-01
2.136682942508963956e-01
2.148769147373195132e-01
2.161033109520294482e-01
2.173520746679706295e-01
2.185669373158811712e-01
2.197852193783222940e-01
2.209778950963796340e-01
2.221345956097728336e-01
2.233121796558649175e-01
2.245189645620330188e-01
2.257098698993866559e-01
2.268737086042947326e-01
2.280589625724254443e-01
2.292351263665343697e-01
2.303693531237504533e-01
2.315218179635203932e-01
2.326354658779990203e-01
2.337498654087997729e-01
2.348134600158354457e-01
2.358801316836541262e-01
2.368580730214620289e-01
2.377728093301723911e-01
2.386570141385140342e-01
2.395340519764266041e-01
2.404400031378501057e-01
2.413531594074775355e-01
2.422882354534876548e-01
2.432372167466050616e-01
2.441816094689209793e-01
2.451653591184502212e-01
2.461459849385558563e-01
2.470714474059996224e-01
2.479785519833896112e-01
2.489065091336772062e-01
2.498043059894846374e-01
2.506453925562676099e-01
2.515466520640103343e-01
2.523951681963176874e-01
2.532308109649470951e-01
2.539914336779329762e-01
2.547879982494873352e-01
2.556315260082108742e-01
2.565166761688612018e-01
2.573811829808493878e-01
2.582679549738895464e-01
2.590654565822880229e-01
2.599202554065608850e-01
2.607931690539347369e-01
2.616775637282670597e-01
2.625859592546159194e-01
2.634414992269614175e-01
2.642751576886926967e-01
2.651055385650527563e-01
2.659366733373005887e-01
2.667438536748308886e-01
2.675578457277869582e-01
2.684384569969809342e-01
2.692840579171887905e-01
2.701147661052072380e-01
2.709341758438619241e-01
2.717990465963824320e-01
2.727158451226345814e-01
2.735625743136453902e-01
2.743364945083893169e-01
2.751071195657305291e-01
2.758924891135199342e-01
2.766694834393109148e-01
2.774139896142153172e-01
2.781376353094099918e-01
2.788873917583743478e-01
2.796244990404690434e-01
2.804403722109056196e-01
2.812616840699793674e-01
2.819951424064201517e-01
2.826434560886920688e-01
2.832596778458734144e-01
2.838429868982871307e-01
2.844835374596333954e-01
2.851556157457016960e-01
2.858290212585837820e-01
2.864873227955528345e-01
2.871215584187258307e-01
2.877540580334531639e-01
2.884487120446019848e-01
2.891735463164996078e-01
2.898306884312045195e-01
2.905336826280093820e-01
2.911570744126705801e-01
2.917329538572341896e-01
2.923092610937893521e-01
2.928159291285662991e-01
2.932396066733784501e-01
2.935968093231807741e-01
2.943936515931656617e-01
2.947910389627800276e-01
2.951410295184401789e-01
2.954759327115220047e-01
2.957940182596215939e-01
2.960880115184318928e-01
2.962927453823998580e-01
2.964764263880045880e-01
2.966852529739137934e-01
2.968809286360625244e-01
2.990058571351929539e-01
2.990940275520826974e-01
2.991780023697164226e-01
2.992375641045416090e-01
2.992203472640008743e-01
2.992410756379724757e-01
2.992379373234977935e-01
2.992241605255652748e-01
2.992309968925660479e-01
2.992433112901111136e-01
2.991827306715956203e-01
2.991015620642362149e-01
2.990124253158854550e-01
2.989374522383496102e-01
2.989004934853472517e-01
2.989839701427761121e-01
2.990425288116620450e-01
2.991544035835261850e-01
2.992527983666681823e-01
2.993811676613617467e-01
2.995476416120432805e-01
2.995729226059441475e-01
2.996022636232724690e-01
2.995840007666997207e-01
2.996288162219451490e-01
2.996284045949720309e-01
2.996812618029665032e-01
2.997136148020877466e-01
2.998392258329327098e-01
2.999378614521645003e-01
3.000698362893420845e-01
2.999759348697776939e-01
2.996988893797159492e-01
2.995827543208298138e-01
2.990082234489873647e-01
2.977734614579568007e-01
2.974812904550880877e-01
2.972221675694216581e-01
2.969496171056207889e-01
2.947015130297856444e-01
2.943442742491407249e-01
2.939504256404528726e-01
2.935677166270361793e-01
2.927498344456488377e-01
2.922793300661463700e-01
2.917858953807214162e-01
2.912803666766634603e-01
2.907855274041165061e-01
2.902877838542732847e-01
2.897812457913895301e-01
2.892566894720973170e-01
2.887212716157119274e-01
2.881852757063887993e-01
2.876693640065339785e-01
2.871803255775847163e-01
2.866459518702148546e-01
2.860521899440479077e-01
2.855222124794135063e-01
2.850074734443624469e-01
2.844907608308863689e-01
2.839384113347905303e-01
2.833822994370695514e-01
2.828076411497074671e-01
2.822193528251779604e-01
2.816012785319545464e-01
2.809866764753954915e-01
2.803831654934019757e-01
2.798417009572826131e-01
2.793280789682076048e-01
2.787672560228921514e-01
2.781422468630667666e-01
2.774741744413469213e-01
2.767552465171146392e-01
2.760474474133275402e-01
2.753226019439596328e-01
2.745976895295031417e-01
2.739103638906413840e-01
2.731414729496683957e-01
2.724026208890724665e-01
2.716331731262575100e-01
2.708906151567190834e-01
2.701418125325579234e-01
2.694199218470385016e-01
2.687367148883703094e-01
2.680826981568167344e-01
2.673903232448536782e-01
2.666539103525393251e-01
2.659902768325594913e-01
2.653540198573304254e-01
2.646974328428263745e-01
2.641453789911308858e-01
2.636225048408011307e-01
2.630689290397875135e-01
2.624433275166941915e-01
2.617641346628571397e-01
2.611034082107551169e-01
2.604103735326410152e-01
2.597302763246456259e-01
2.590926774669006782e-01
2.584146108892126370e-01
2.577432777101419381e-01
2.570810054030265857e-01
2.564268932990628191e-01
2.557281324321156180e-01
2.550318113052154612e-01
2.543660999250226262e-01
2.536590001771283909e-01
2.529362190365847529e-01
2.521541093615609630e-01
2.513552125005196758e-01
2.505392616452820076e-01
2.497362166625174129e-01
2.488969661098513197e-01
2.480461407047187261e-01
2.472179849538725382e-01
2.464502597909051795e-01
2.457122907623517094e-01
2.449689788396386125e-01
2.441353370776020992e-01
2.433427660155521866e-01
2.425228065112703668e-01
2.417568677286066336e-01
2.410302684578808086e-01
2.402367219437706314e-01
2.394179275006319274e-01
2.386758104033606664e-01
2.379310150206109808e-01
2.372095489709676319e-01
2.364742268085958110e-01
2.357112905898024469e-01
2.349413487977321524e-01
2.342293418403807170e-01
2.335529626646868084e-01
2.329269047630565248e-01
2.322616042241546497e-01
2.315902802401546001e-01
2.309219650053657702e-01
2.302818955037110316e-01
2.296328176456763626e-01
2.289424686185380364e-01
2.281838277364811873e-01
2.274448565096557628e-01
2.267309202192015205e-01
2.261044311961279418e-01
2.255013621039298755e-01
2.249012061552670694e-01
2.242864153593885357e-01
2.236305660994044875e-01
2.229820941829508962e-01
2.222539056262018697e-01
2.215030848379873352e-01
2.207792392726418973e-01
2.200676847276077652e-01
2.193486021758512539e-01
2.186304979592830489e-01
2.179149011900149979e-01
2.171863230318794302e-01
2.164403203728707537e-01
2.156736888487844062e-01
2.148774910061333199e-01
2.140801874070980826e-01
2.132493838558878474e-01
2.124833507669157961e-01
2.116737127641179772e-01
2.109372238094072149e-01
2.101079322574538055e-01
2.093046464928488837e-01
2.084600427528051081e-01
2.075963294176170482e-01
2.067723270249051948e-01
2.059688236418609486e-01
2.051350607156174899e-01
2.041672631409527650e-01
2.031818830830647016e-01
2.021989625184076600e-01
2.012646788008024823e-01
2.003414683324741541e-01
1.993833437099852834e-01
1.983594688213304591e-01
1.973196885590894623e-01
1.962910087507782342e-01
1.952617206157626906e-01
1.941985776852236112e-01
1.930657826555499668e-01
1.919421642672037298e-01
1.907553136936382121e-01
1.895738651449201395e-01
1.883596203556783533e-01
1.871800902683925794e-01
1.859694782490139142e-01
1.847435278441457163e-01
1.835236824621139240e-01
1.823402701958337369e-01
1.810862704776717014e-01
1.798987939157458416e-01
1.786748440236642366e-01
1.774475522399033001e-01
1.762734639422436633e-01
1.751846705375642022e-01
1.740667103657258796e-01
1.730217599450035726e-01
1.719835663049879559e-01
1.709958203965508683e-01
1.699522405967969219e-01
1.689103892471200685e-01
1.678700303856531240e-01
1.668223282846697242e-01
1.657828506986819828e-01
1.647364177064190860e-01
1.636335877422176177e-01
1.625003054874024355e-01
1.613147720051590628e-01
1.601284360042180555e-01
1.588723139146876184e-01
1.576806523807027238e-01
1.564674374904988507e-01
1.552788637217743517e-01
1.540535461794541316e-01
1.528088501479173134e-01
1.515517566873726407e-01
1.503410622023895471e-01
1.491655533089898955e-01
1.479473524649450034e-01
1.466974950241967668e-01
1.453949886112209378e-01
1.441242344212320392e-01
1.428441433340854327e-01
1.416561215574374255e-01
1.404317164715802313e-01
1.392185650039021449e-01
1.380383340526061819e-01
1.368318813108384824e-01
1.356344557171014209e-01
1.344759554702541771e-01
1.332385085899602251e-01
1.319758121981278454e-01
1.307981393145097870e-01
1.296319710295837369e-01
1.284253462594500961e-01
1.271876201441457244e-01
1.259015856961618884e-01
1.246237427480781507e-01
1.233863493428146996e-01
1.221273448268948153e-01
1.208958728018203893e-01
1.196382725644216105e-01
1.183758918466000370e-01
1.171319845947239174e-01
1.158708910314353024e-01
1.144792202932891495e-01
1.130744108016790983e-01
1.116864939350440400e-01
1.102415961994718113e-01
1.087840426229140095e-01
1.072874551727444475e-01
1.057843805160628980e-01
1.043137373309672850e-01
1.028607749636526320e-01
1.013830330716814498e-01
9.993488961761395895e-02
9.849841695766371752e-02
9.705455191315319474e-02
9.564026931941985166e-02
9.419846886862384694e-02
9.274690873800711666e-02
9.128792630228108052e-02
8.984182698856700566e-02
8.840710916530739039e-02
8.701587982088256068e-02
8.566829684993548799e-02
8.426024929126565977e-02
8.289202626501568361e-02
8.148522818372613830e-02
8.013318637938801614e-02
7.879211573342126407e-02
7.735323823274384281e-02
7.595079125863177238e-02
7.454634095995400778e-02
7.310191090247540602e-02
7.163341374647670678e-02
7.020168596728391941e-02
6.883105121440234730e-02
6.751441344439057524e-02
6.622378442802111242e-02
6.492293820999850418e-02
6.360579664025667324e-02
6.231897643858550634e-02
6.097344165731646143e-02
5.958503047013842535e-02
5.815996436347516813e-02
5.668485894151101268e-02
5.523167892902047099e-02
5.381883708088251034e-02
5.241770650366026074e-02
5.105076148853972262e-02
4.972157777169773640e-02
4.835039128584214113e-02
4.701593102264008811e-02
4.571712377384087173e-02
4.445836390749866029e-02
4.322003321929969444e-02
4.200162291721688812e-02
4.080826095845180995e-02
3.964969535327181327e-02
3.849646436435447128e-02
3.739189712116671588e-02
3.627362979916124580e-02
3.519183852994272471e-02
3.402664177530475426e-02
3.283959176815250819e-02
3.165580053995706994e-02
3.042787815481176952e-02
2.919628474293213538e-02
2.795168963063024425e-02
2.672486419319901330e-02
2.552815371976533895e-02
2.433886793821201169e-02
2.311492070615859748e-02
2.185552277262592033e-02
2.060435833098705691e-02
1.932310840744155475e-02
1.799742747036177370e-02
1.665206549129332955e-02
1.529895812121355968e-02
1.395655858609815871e-02
1.263054754560783213e-02
1.119412921821483220e-02
9.757589909269040809e-03
8.299100736516495588e-03
6.824851896901852101e-03
5.351245764390160677e-03
3.881875574062286331e-03
2.330832829500504872e-03
7.911892164186994526e-04
-7.305000503950878719e-04
-2.243227498855780017e-03
-3.765452571815791193e-03
-5.290419135235560795e-03
-6.815591259318630989e-03
-8.398345979518107018e-03
-9.976700046703030136e-03
-1.154483836830088976e-02
-1.306608331850498371e-02
-1.453671662610800559e-02
-1.601707338955107515e-02
-1.747643994790567742e-02
-1.894601730595766448e-02
-2.042438276127901339e-02
-2.187957400584608983e-02
-2.329033793082352713e-02
-2.472201421102239102e-02
-2.617958888804948481e-02
-2.761369540049049554e-02
-2.906376885370888508e-02
-3.052371157670612581e-02
-3.197598470641773577e-02
-3.348534490635483168e-02
-3.500375458828373226e-02
-3.653364192171147662e-02
-3.815057038952854307e-02
-3.972390720637132555e-02
-4.130971705703643387e-02
-4.287363990697744265e-02
-4.444034711258955384e-02
-4.600460777482321545e-02
-4.761975558990738655e-02
-4.922610106708962679e-02
-5.083142728122814341e-02
-5.239504408045948108e-02
-5.396771278887027568e-02
-5.552298204256614356e-02
-5.702911908467423602e-02
-5.848870386523712106e-02
-5.995990328177652068e-02
-6.140680459082978326e-02
-6.289689964555993107e-02
-6.439440617141428680e-02
-6.590271815945217271e-02
-6.746752281235253446e-02
-6.905056698255547520e-02
-7.067404324625532752e-02
-7.228364297794671878e-02
-7.391926026705687713e-02
-7.543980589975526896e-02
-7.692322760302792994e-02
-7.840869533102731714e-02
-7.992306444234431595e-02
-8.145401743851765630e-02
-8.292318019324337874e-02
-8.433292092809652196e-02
-8.571754084364444082e-02
-8.710674743034953205e-02
-8.848556727248298170e-02
-8.986643977019323493e-02
-9.125455266044060765e-02
-9.262749159526259546e-02
-9.399224724569471556e-02
-9.529664370918894400e-02
-9.668625171490705106e-02
-9.801358480646683857e-02
-9.935064949236223353e-02
-1.007685878671906038e-01
-1.021923402364989797e-01
-1.035211644474039738e-01
-1.048255397081613721e-01
-1.060784062994366839e-01
-1.072928900227709259e-01
-1.084714962068992067e-01
-1.096398937649841615e-01
-1.107468076797726853e-01
-1.117228605048797702e-01
-1.126328639414026778e-01
-1.134915486885250957e-01
-1.143561415708520407e-01
-1.152183674135305869e-01
-1.160344964652796906e-01
-1.168096831859916779e-01
-1.175525676301500538e-01
-1.182517813122158923e-01
-1.188891833496800304e-01
-1.194843273334112721e-01
-1.200590961777994459e-01
-1.205904163782112182e-01
-1.210883883653864207e-01
-1.215318820552528517e-01
-1.219232132329602369e-01
-1.222659249961177558e-01
-1.225536602062814867e-01
-1.227831120110160212e-01
-1.229604335283187161e-01
-1.230853409863843367e-01
-1.231572472299218152e-01
-1.231748775334625678e-01
-1.231393612587233649e-01
-1.230535845753902013e-01
-1.229132455136729835e-01
-1.227174026532786566e-01
-1.224698350914123351e-01
-1.221686571607877303e-01
-1.218115301860619171e-01
-1.214001154731481763e-01
-1.209310730122527960e-01
-1.204150235543151592e-01
-1.198513459178920382e-01
-1.192711480562071019e-01
-1.186432244066452230e-01
-1.179500671709634435e-01
-1.172013957171644805e-01
-1.164017141944467953e-01
-1.167062966596012913e-01
-1.170390372036104326e-01
-1.173562411866358596e-01
-1.176460694341074920e-01
-1.179319644351049107e-01
-1.181994039986285078e-01
-1.184826469299763152e-01
-1.187879398749186188e-01
-1.191201823343766009e-01
-1.194245987699225353e-01
-1.197284385158848968e-01
-1.200490776021487377e-01
-1.203816515975548174e-01
-1.207150662613937914e-01
-1.210591054017790130e-01
-1.214024378358605355e-01
-1.217352889409741706e-01
-1.221062516418934402e-01
-1.224969435613184748e-01
-1.229120445221730390e-01
-1.233727895401750957e-01
-1.238487570696591156e-01
-1.242820766963851770e-01
-1.247411591326775815e-01
-1.251949255992844956e-01
-1.256580593448177741e-01
-1.261300981038703251e-01
-1.266286057606931525e-01
-1.271479542041123179e-01
-1.276651167153385891e-01
-1.281545575150954408e-01
-1.286327573736358587e-01
-1.291046162796384011e-01
-1.295683389290844534e-01
-1.300069226214342621e-01
-1.303983979646773927e-01
-1.307604577297661885e-01
-1.311556173585591845e-01
-1.314948268592682767e-01
-1.318661861214608655e-01
-1.322925058271612053e-01
-1.327013107378120782e-01
-1.331127800896631519e-01
-1.335605057073849244e-01
-1.340254822590714878e-01
-1.344901226757001800e-01
-1.349729926117041456e-01
-1.354864940386545646e-01
-1.359991314374636440e-01
-1.364742848886629778e-01
-1.369720935803336592e-01
-1.375237913125027800e-01
-1.380806031934323774e-01
-1.386592453902081579e-01
-1.392791640265639286e-01
-1.398806898062431858e-01
-1.404790141162851613e-01
-1.410841545809096986e-01
-1.417147836138386574e-01
-1.423700150855144453e-01
-1.430233777211633306e-01
-1.436289780861698673e-01
-1.442012373894997757e-01
-1.447842573716848491e-01
-1.453339136411061217e-01
-1.459202339425812178e-01
-1.465037422647015308e-01
-1.471084750957349363e-01
-1.477610684361900795e-01
-1.484537746296981375e-01
-1.491120537268104951e-01
-1.497519753650230212e-01
-1.504301057618552817e-01
-1.511046727482428798e-01
-1.518138798434038594e-01
-1.525085695900076643e-01
-1.531127086344528376e-01
-1.537563889332143607e-01
-1.544083454699742841e-01
-1.551041621756427402e-01
-1.557564430074841189e-01
-1.564404773797578307e-01
-1.571035036147027941e-01
-1.577911946641652463e-01
-1.584863317299053387e-01
-1.591926480470120531e-01
-1.598906491118828876e-01
-1.605863752119838783e-01
-1.612519759055770496e-01
-1.618983385586297286e-01
-1.624822183706490508e-01
-1.630705657964896804e-01
-1.637023645272712713e-01
-1.643076759290981459e-01
-1.648571947302647778e-01
-1.654693762051475947e-01
-1.661105835143328047e-01
-1.668162915769577093e-01
-1.675309096225451044e-01
-1.682980885015732675e-01
-1.690798324555913279e-01
-1.698733013228972411e-01
-1.706605546233825599e-01
-1.715398993547951612e-01
-1.724368942227018919e-01
-1.733211038438529084e-01
-1.742424195140465093e-01
-1.752072591473905760e-01
-1.761664438532487831e-01
-1.771079632980969154e-01
-1.780973158866779316e-01
-1.790293413859069538e-01
-1.799864366517605618e-01
-1.809034038359109142e-01
-1.818880772476731411e-01
-1.828550334097942542e-01
-1.838335925478118416e-01
-1.848486027424808553e-01
-1.859250580527913588e-01
-1.870142731721656515e-01
-1.881858927199691334e-01
-1.893715188237204416e-01
-1.906044041438583747e-01
-1.918212127144080792e-01
-1.931136495909201167e-01
-1.944752364005661316e-01
-1.959091053262106419e-01
-1.973675116569774679e-01
-1.988602412006338638e-01
-2.004048233571480431e-01
-2.018938046299355860e-01
-2.033946560884307697e-01
-2.049140894264519230e-01
-2.064335153307351178e-01
-2.079748226960266289e-01
-2.094095349420552754e-01
-2.108209055186136549e-01
-2.121622229321755426e-01
-2.134590920601952546e-01
-2.147993542324638794e-01
-2.161924618735231174e-01
-2.175541182972152432e-01
-2.189586694068534900e-01
-2.204033790863856035e-01
-2.218918434378763516e-01
-2.234797587807838548e-01
-2.250554808528948125e-01
-2.266938323763715568e-01
-2.283315787746373893e-01
-2.299089704346517771e-01
-2.315341380170279906e-01
-2.331160183076264603e-01
-2.347135636400411174e-01
-2.363189029214915193e-01
-2.379039015544171520e-01
-2.395289281836614215e-01
-2.411305621298875379e-01
-2.427362929910866218e-01
-2.443487606892575381e-01
-2.459183748492702049e-01
-2.475021607690958136e-01
-2.490855735560441875e-01
-2.506694347093297304e-01
-2.522673499462412261e-01
-2.538643970184054632e-01
-2.554343263874565007e-01
-2.569890220041767259e-01
-2.585235824243166669e-01
-2.600526250620825430e-01
-2.616552450587439904e-01
-2.633285100993947858e-01
-2.650361955589263241e-01
-2.667502255076692474e-01
-2.685245594231429611e-01
-2.702562734880509798e-01
-2.719839413437780684e-01
-2.736704768521380782e-01
-2.753769133914181766e-01
-2.770992712994717611e-01
-2.788131285951382377e-01
-2.804995079563953886e-01
-2.821547995814829290e-01
-2.837938858149957611e-01
-2.853887850264821835e-01
-2.869635192947910807e-01
-2.885489480968558840e-01
-2.901460467401477672e-01
-2.918133066477827109e-01
-2.935083910549322050e-01
-2.951966848067657523e-01
-2.968168359108556142e-01
-2.984083647577036591e-01
-3.000124391254464506e-01
-3.016361189181690494e-01
-3.032069848873840678e-01
-3.047589404383559408e-01
-3.062986713272373152e-01
-3.078515356139101544e-01
-3.094045301459567021e-01
-3.109733775128171174e-01
-3.125545980905490850e-01
-3.140926967225979305e-01
-3.155997661238290619e-01
-3.171271334862349467e-01
-3.186679129286254519e-01
-3.202372586655964359e-01
-3.217277335846731590e-01
-3.232378877779372162e-01
-3.247823313001377277e-01
-3.263109743560410614e-01
-3.278210029547891091e-01
-3.293842088135695012e-01
-3.310130982661778631e-01
-3.326812635322144995e-01
-3.344009577233542641e-01
-3.361195299089830280e-01
-3.378494383179029281e-01
-3.395493813226307944e-01
-3.412742096474288833e-01
-3.430496013637671093e-01
-3.448126171921168659e-01
-3.465036170659638315e-01
-3.481729190025237286e-01
-3.498103352442271663e-01
-3.514004025778073026e-01
-3.529277467409374647e-01
-3.545377992966196601e-01
-3.561466046621232784e-01
-3.577641366532511857e-01
-3.593788457448074958e-01
-3.610388598012960748e-01
-3.626128578073657960e-01
-3.642409431875983095e-01
-3.658667778862773057e-01
-3.672624667399002063e-01
-3.688370417203394314e-01
-3.703915732993015020e-01
-3.719676744944772073e-01
-3.735478918921335545e-01
-3.751853292679711571e-01
-3.767941442763961257e-01
-3.784000119822390484e-01
-3.800043752029056976e-01
-3.816380951150441514e-01
-3.832267495011202896e-01
-3.848296502513883222e-01
-3.864746115563844620e-01
-3.881396795200368621e-01
-3.897408303525067841e-01
-3.913676075945234367e-01
-3.929857573749060973e-01
-3.946101788529751686e-01
-4.384845992669848536e-01
-4.386547881210570710e-01
-4.388089048227404310e-01
-4.389701692922200471e-01
-4.389919063366138907e-01
-4.390135432976640106e-01
-4.390309728692319280e-01
-4.390469000215039275e-01
-4.390777989977677764e-01
-4.390906929039895545e-01
-4.391030302697623289e-01
-4.391150000231832107e-01
-4.391257786731314061e-01
-4.391351154252410294e-01
-4.391391878196115872e-01
-4.391395947975891834e-01
-4.391364342285507538e-01
-4.391282402785998129e-01
-4.391179913893005216e-01
-4.391001939129509646e-01
-4.390762081728057931e-01
-4.390415088577253599e-01
-4.390073561594826090e-01
-4.389636033534206616e-01
-4.389175379773904706e-01
-4.388615897063389837e-01
-4.387848320919066625e-01
-4.387114456597288603e-01
-4.386287909802103480e-01
-4.385219247282240995e-01
-4.383844804076599266e-01
-4.382465389418290225e-01
-4.380896852550324461e-01
-4.378811206057688366e-01
-4.376669137269723620e-01
-4.373986838572525571e-01
-4.371394635439257992e-01
-4.368478403492777051e-01
-4.365425497947754141e-01
-4.362892534547564427e-01
-4.360711249946270796e-01
-4.358217827360339469e-01
-4.355425625830375291e-01
-4.352878999115986081e-01
-4.349910076088253641e-01
-4.347390366812157736e-01
-4.344784773354012364e-01
-4.341966971517368101e-01
-4.339239719940827800e-01
-4.336166483083244705e-01
-4.333116963359275875e-01
-4.329877773628463267e-01
-4.326485790882492188e-01
-4.322344323647531739e-01
-4.317107565190583252e-01
-4.312057647882078792e-01
-4.304517988068446432e-01
-4.297416395897700192e-01
-4.289675109177216172e-01
-4.281108786517551223e-01
-4.273965772239738947e-01
-4.265611707660024177e-01
-4.256575282281470640e-01
-4.248386057610089583e-01
-4.240890165976680670e-01
-4.231084049599803110e-01
-4.224103232344075809e-01
-4.216511230257670162e-01
-4.209129977524135313e-01
-4.202003159304827373e-01
-4.192392602743666430e-01
-4.184919488538356713e-01
-4.177285093044310615e-01
-4.171139726457943064e-01
-4.165139742927851385e-01
-4.156380741071787344e-01
-4.145056294090428417e-01
-4.138000882036700356e-01
-4.130638952184641499e-01
-4.120997115295256252e-01
-4.113070375197787620e-01
-4.104349529426904453e-01
-4.094638344315894019e-01
-4.088843700508038026e-01
-4.082546327531978436e-01
-4.074290198038135191e-01
-4.065974134476899593e-01
-4.058504792376242398e-01
-4.053427765172135655e-01
-4.048931349353194209e-01
-4.044598237030169741e-01
-4.039629711672744761e-01
-4.035653714150406746e-01
-4.032355745343935149e-01
-4.029244885905731710e-01
-4.025465294266903360e-01
-4.021960488143879187e-01
-4.018243390168181328e-01
-4.014196905260195014e-01
-4.009845645370991307e-01
-4.005868318810387740e-01
-4.002104536113305633e-01
-3.998758363215691447e-01
-3.995284897614544972e-01
-3.991407172436193251e-01
-3.986784887960997947e-01
-3.981800008259593904e-01
-3.976818439093183777e-01
-3.971770572097126362e-01
-3.966778153969021115e-01
-3.961665581592084817e-01
-3.956593783550915733e-01
-3.951957909848496375e-01
-3.947930458595193537e-01
-3.943930987616414696e-01
-3.939870852013842573e-01
-3.935937928929486573e-01
-3.932258512373187354e-01
-3.928434674556377515e-01
-3.925161538532567218e-01
-3.921871858792715382e-01
-3.918655033520647146e-01
-3.915877207126422510e-01
-3.912898090306085597e-01
-3.909937528784996341e-01
-3.906768383368489639e-01
-3.903335607083651682e-01
-3.900066791799742250e-01
-3.897107813286268541e-01
-3.894455563351201244e-01
-3.891784628206007568e-01
-3.889268464343442755e-01
-3.886872046607231512e-01
-3.884495653953494720e-01
-3.882052405576698617e-01
-3.879846515515124605e-01
-3.877758029015399566e-01
-3.875622169270407924e-01
-3.873840874978995430e-01
-3.872190721668608004e-01
-3.870288409779327754e-01
-3.868472798060347828e-01
-3.866608396005487003e-01
-3.864956429859772169e-01
-3.863511583206616362e-01
-3.862120821814214455e-01
-3.860979129206191796e-01
-3.860207791911453579e-01
-3.859737578825094828e-01
-3.859581129041655401e-01
-3.859734993527808578e-01
-3.860193415634934899e-01
-3.861003503529456538e-01
-3.862167415289288197e-01
-3.863669266781076805e-01
-3.865610454308079369e-01
-3.867862226664379177e-01
-3.870529462429039835e-01
-3.873596001442998205e-01
-3.876821726127563927e-01
-3.880487939043181234e-01
-3.884654740514524307e-01
-3.889120044478560079e-01
-3.893987001237501633e-01
-3.899631038995041710e-01
-3.905770162084545860e-01
-3.912046846111708609e-01
-3.918914710363812781e-01
-3.926700678203891570e-01
-3.935183305123347575e-01
-3.944180336035226220e-01
-3.953810228291173012e-01
-3.963733197392220742e-01
-3.986063718964019120e-01
-4.008314767271353718e-01
3.999993966621157027e-01
3.999993813726304137e-01
3.995547636850949047e-01
3.991526451950591081e-01
3.987325318858099266e-01
3.982928899759672348e-01
3.978284040159904555e-01
3.973446268136286430e-01
3.968318791197533169e-01
3.962925453037505208e-01
3.957305039695854232e-01
3.951495083295881172e-01
3.945444474933246792e-01
3.939302376785646098e-01
3.933006081449982871e-01
3.926465157895369651e-01
3.919723265550546509e-01
3.912674698595560163e-01
3.905386160179580846e-01
3.897748320208352379e-01
3.889796803564024574e-01
3.881637324750202289e-01
3.873044714351118745e-01
3.864149511952573168e-01
3.855003045986667987e-01
3.845717629531026915e-01
3.836294275631697559e-01
3.826587681871156943e-01
3.816737703783468216e-01
3.806733180802817085e-01
3.796844419038003515e-01
3.786667430188080941e-01
3.776268262166326273e-01
3.765473693187063597e-01
3.754305726288076350e-01
3.742793721471762702e-01
3.730844489578402645e-01
3.718543829348436303e-01
3.706097417063621280e-01
3.693315868178673744e-01
3.680233107727995945e-01
3.666805124951192929e-01
3.653292198607605568e-01
3.639557070232108948e-01
3.625560472866233841e-01
3.611285203202899696e-01
3.597228369552384342e-01
3.582769892340908480e-01
3.568035348370243165e-01
3.553428664355620659e-01
3.538548503597762074e-01
3.524569052391765545e-01
3.510383763444299143e-01
3.495923446550955327e-01
3.481534081603437913e-01
3.467015350625078374e-01
3.452099105767877929e-01
3.435838363941976503e-01
3.418398919436244077e-01
3.399814299960072783e-01
3.381117578376208188e-01
3.361892449776166525e-01
3.342295366216407881e-01
3.322250854299603762e-01
3.302713178735641741e-01
