-3.691800847114449780e-01
-3.686767623056362853e-01
-3.681900063524465305e-01
-3.677086375608085711e-01
-3.672590884422744506e-01
-3.668140563574979751e-01
-3.663450331814722127e-01
-3.658621641917076395e-01
-3.654180141239390944e-01
-3.649252845606985041e-01
-3.644505512280277748e-01
-3.640094059902146961e-01
-3.635275927671022256e-01
-3.629843926940143350e-01
-3.624362903119692780e-01
-3.619294886162317537e-01
-3.614690325275602967e-01
-3.610030611653957666e-01
-3.605318553878180676e-01
-3.600868434404960738e-01
-3.596406875272731840e-01
-3.592382799439010066e-01
-3.588279232817191966e-01
-3.583981431117426175e-01
-3.579547044436106051e-01
-3.575139912857148161e-01
-3.571348896447689159e-01
-3.567386294574236838e-01
-3.563493247084931204e-01
-3.559322830786513236e-01
-3.555127951333131864e-01
-3.550957531671953826e-01
-3.546739594122391703e-01
-3.542722111409072339e-01
-3.538474734025077728e-01
-3.534099148980756611e-01
-3.529959240749773741e-01
-3.525878904625993626e-01
-3.522378809894275986e-01
-3.519224673086630006e-01
-3.515690355902132413e-01
-3.512189218517184353e-01
-3.508265156028582132e-01
-3.504300606711361343e-01
-3.500348319062098756e-01
-3.495856705950748933e-01
-3.491433121489450064e-01
-3.487047392520830069e-01
-3.481986270013109341e-01
-3.477082104658434925e-01
-3.472287136057793933e-01
-3.467230141446892011e-01
-3.462248898797619101e-01
-3.456989417233343187e-01
-3.451878577200915843e-01
-3.446622801458807950e-01
-3.440804462611795067e-01
-3.435120237208639238e-01
-3.429467119831590138e-01
-3.423374275369176489e-01
-3.417137988323771802e-01
-3.410932614103980298e-01
-3.404249043766852112e-01
-3.397689871810766205e-01
-3.391447579765071718e-01
-3.385346460843401406e-01
-3.378638941495533121e-01
-3.371949917180238621e-01
-3.365527905486863647e-01
-3.359305558848454942e-01
-3.353087840937312158e-01
-3.346464755463569585e-01
-3.339461384186258597e-01
-3.332281818551757757e-01
-3.325283015972689271e-01
-3.318440598800636576e-01
-3.311293903462002586e-01
-3.303692897357030089e-01
-3.295889563698888303e-01
-3.288312909380675109e-01
-3.281150701801422431e-01
-3.274005033808894960e-01
-3.266644695939195375e-01
-3.259128096541827890e-01
-3.251181386132817042e-01
-3.242771834005471754e-01
-3.234108721644640139e-01
-3.225256204282822003e-01
-3.216466861176389136e-01
-3.207728905310316958e-01
-3.198733503086418350e-01
-3.189885209139026734e-01
-3.180932428748725616e-01
-3.171793334332569381e-01
-3.162659006428473751e-01
-3.153787809929086139e-01
-3.144522517104854642e-01
-3.135635314568605558e-01
-3.126703633972555130e-01
-3.117610765053957511e-01
-3.108403770408943445e-01
-3.099484630069043734e-01
-3.090583565551488499e-01
-3.082122066470642796e-01
-3.073468418595187157e-01
-3.064157754704523451e-01
-3.054637442417775239e-01
-3.045241334386024623e-01
-3.035996627518713353e-01
-3.026783233782136540e-01
-3.017624218928872115e-01
-3.008329705001314136e-01
-2.998893134751485223e-01
-2.989270997855954515e-01
-2.979687044798470796e-01
-2.969756307094618686e-01
-2.959737537118796169e-01
-2.949221285027907591e-01
-2.938509694486174384e-01
-2.926809654366494540e-01
-2.916223624453829766e-01
-2.903561823527508468e-01
-2.889009296437624608e-01
-2.873910990971654811e-01
-2.856919462796372322e-01
-2.840822541014751401e-01
-2.820647500394740659e-01
-2.799092363247764337e-01
-2.778357419889582181e-01
-2.756852084895364818e-01
-2.737694656467182241e-01
-2.716039585266979417e-01
-2.695126914359657899e-01
-2.675886976188900368e-01
-2.654490053545926487e-01
-2.636756149408182592e-01
-2.620575740778889884e-01
-2.604583225889936515e-01
-2.585097975253347058e-01
-2.570898388389888378e-01
-2.554016718835425692e-01
-2.542042952786187082e-01
-2.529568301309252920e-01
-2.515262679381615185e-01
-2.498028451599566269e-01
-2.484694607190512383e-01
-2.469901687116897171e-01
-2.454236184448815583e-01
-2.439567448268333827e-01
-2.420866704738680597e-01
-2.402873698270504288e-01
-2.388084605244046310e-01
-2.372173409769580688e-01
-2.358985417588114475e-01
-2.346145991547953780e-01
-2.332654495095310698e-01
-2.317106026584590805e-01
-2.300843527601743599e-01
-2.288736818376948534e-01
-2.278170816118176845e-01
-2.267631716809782871e-01
-2.256032878577271250e-01
-2.245310182742042138e-01
-2.235918467309923885e-01
-2.228300768272573895e-01
-2.220750237513038627e-01
-2.213335542033926795e-01
-2.206179127942820561e-01
-2.199225363599962291e-01
-2.192801295968735686e-01
-2.187100023046176511e-01
-2.181702389849016488e-01
-2.176737433411538858e-01
-2.171964693561081738e-01
-2.167492397955799455e-01
-2.163499767044183841e-01
-2.160097352684028083e-01
-2.157078817299766249e-01
-2.154454277554811725e-01
-2.152237376556419002e-01
-2.150488330226879019e-01
-2.149119992524238243e-01
-2.148177205014761837e-01
-2.147589985508657762e-01
-2.147391770240495434e-01
-2.147562352342306802e-01
-2.148084077275562165e-01
-2.148967198684957058e-01
-2.150201331592160592e-01
-2.151751064110361822e-01
-2.153616183389147343e-01
-2.155782266417277659e-01
-2.158389359696265275e-01
-2.161289765914535255e-01
-2.164530899553727683e-01
-2.167973741726567372e-01
-2.171481696497641056e-01
-2.175271570112573549e-01
-2.179141048766896349e-01
-2.183038041526970952e-01
-2.186913437340817223e-01
-2.190943343642059171e-01
-2.195169848934957757e-01
-2.199305655522021674e-01
-2.203559625555044366e-01
-2.207887833921250154e-01
-2.212200562413081106e-01
-2.216416893532313637e-01
-2.220707397348436474e-01
-2.224685961481626950e-01
-2.228738013810557805e-01
-2.233133422187837114e-01
-2.237594581531303917e-01
-2.242147885407995700e-01
-2.246416490551251532e-01
-2.250493910759069349e-01
-2.254703998713577795e-01
-2.258618705759760092e-01
-2.262691496288878334e-01
-2.267316769791530573e-01
-2.272355119068613094e-01
-2.277232435844543379e-01
-2.282542403579223556e-01
-2.288140732048724868e-01
-2.293946551151494762e-01
-2.300028342446673313e-01
-2.306213802020192216e-01
-2.312112794231910295e-01
-2.317377065132096292e-01
-2.322460348996413793e-01
-2.327136198387623756e-01
-2.331580035354352820e-01
-2.336157190946724638e-01
-2.340507639051473965e-01
-2.344705554112906931e-01
-2.348577425239404826e-01
-2.352152534445665077e-01
-2.355789176766132365e-01
-2.359605657446199600e-01
-2.363504134907838672e-01
-2.367089584742841646e-01
-2.370774894183092230e-01
-2.374142716468742309e-01
-2.377817092064448412e-01
-2.381242504206913801e-01
-2.384683687459963064e-01
-2.388198361223698718e-01
-2.391598057506378328e-01
-2.394935416087365376e-01
-2.398848615168266418e-01
-2.403029653804965304e-01
-2.407018241337122999e-01
-2.410888972672241837e-01
-2.414276922218800692e-01
-2.417478161473852472e-01
-2.420742958933110589e-01
-2.423867768606159379e-01
-2.427018179806112730e-01
-2.429717714598760570e-01
-2.432542550213964982e-01
-2.435000270596666683e-01
-2.437560267519202351e-01
-2.439897669530444180e-01
-2.442365451264715270e-01
-2.444672926523535905e-01
-2.446674243923331327e-01
-2.448697335657238905e-01
-2.450512391348818042e-01
-2.452168598482462880e-01
-2.453646384690905957e-01
-2.454986650142189919e-01
-2.456548733473328805e-01
-2.458245376527909143e-01
-2.459851333826275910e-01
-2.461647075497694903e-01
-2.463319557417714134e-01
-2.464631583414497451e-01
-2.465834466477903331e-01
-2.467140159744881656e-01
-2.468061444095219492e-01
-2.469020351981876527e-01
-2.469980799149334993e-01
-2.470834194536412898e-01
-2.471546824340471737e-01
-2.472487526540255998e-01
-2.473808442660108686e-01
-2.475625501212386781e-01
-2.477518706774733681e-01
-2.479307983761002698e-01
-2.481366878044344026e-01
-2.483499763220858858e-01
-2.485534838462580276e-01
-2.487569994598587964e-01
-2.489699239550878795e-01
-2.491824022845854913e-01
-2.493781308357438664e-01
-2.495964138845276348e-01
-2.498312882441015292e-01
-2.500622803467713040e-01
-2.503004600740653118e-01
-2.505545818981017581e-01
-2.508467170139646041e-01
-2.511538684937158483e-01
-2.514730557035886882e-01
-2.518424067581584436e-01
-2.521973486703500411e-01
-2.525605668172114515e-01
-2.529023337733838361e-01
-2.532683299073170691e-01
-2.536331377129893427e-01
-2.540233811903361838e-01
-2.544256724675874048e-01
-2.548572734770370163e-01
-2.552945126954396793e-01
-2.557305424445189823e-01
-2.561652717078715669e-01
-2.565914390143648194e-01
-2.569893074006481259e-01
-2.573978133860291284e-01
-2.577901933679139224e-01
-2.581748906165308721e-01
-2.585474897279061990e-01
-2.588801165440240970e-01
-2.592045370032045604e-01
-2.594943724550234365e-01
-2.597719195864978681e-01
-2.600462301252102204e-01
-2.603561628296470754e-01
-2.606864011988482832e-01
-2.610163393675312138e-01
-2.613548801562865509e-01
-2.616842756071529608e-01
-2.620328683193541286e-01
-2.623748495333100283e-01
-2.626870768592010075e-01
-2.630089134788003991e-01
-2.633312436832061509e-01
-2.636446920400242755e-01
-2.639325664910022184e-01
-2.642103489900836100e-01
-2.644940445544931573e-01
-2.647432544763996254e-01
-2.649879705624844650e-01
-2.652235258435157172e-01
-2.654849332943062246e-01
-2.657708874461857107e-01
-2.660967824398352555e-01
-2.664444791400105150e-01
-2.668127721954103859e-01
-2.672263112116217143e-01
-2.676853952568752359e-01
-2.681069339935491236e-01
-2.685566117422161780e-01
-2.690295824876134945e-01
-2.695135352537262885e-01
-2.699740566622811921e-01
-2.704133641919895248e-01
-2.708630880882788028e-01
-2.713216221152412455e-01
-2.717858564698043544e-01
-2.722267300109615928e-01
-2.726566964584767327e-01
-2.730680122836285917e-01
-2.734340575419019204e-01
-2.737669044685224207e-01
-2.741061396266961658e-01
-2.744387186744078333e-01
-2.747942313293727512e-01
-2.751602353018951508e-01
-2.755330639211178712e-01
-2.758917589091280376e-01
-2.762164021901281075e-01
-2.765151865743255000e-01
-2.768147832956614485e-01
-2.770981352776809015e-01
-2.773959928418856524e-01
-2.776862994291850462e-01
-2.779784993348714539e-01
-2.782943856774220404e-01
-2.785863773161883494e-01
-2.788612220595009794e-01
-2.791172652954973521e-01
-2.793496513944943582e-01
-2.795969504102364667e-01
-2.798407068521450713e-01
-2.801203944781489596e-01
-2.803942260686879684e-01
-2.807099965758438898e-01
-2.810071300111041670e-01
-2.812765553493211668e-01
-2.815066614440798753e-01
-2.817339383838239897e-01
-2.819666489254764041e-01
-2.821694205184137050e-01
-2.823720786802451643e-01
-2.825704521265645086e-01
-2.827574113347796625e-01
-2.829494824176491119e-01
-2.831409550252524387e-01
-2.833332931860512161e-01
-2.835593466193786494e-01
-2.837936755200763383e-01
-2.840167548039764234e-01
-2.842895656801053272e-01
-2.845443563809949561e-01
-2.847939692663709055e-01
-2.850424525301195611e-01
-2.852793155280032855e-01
-2.855107787964450416e-01
-2.857223485517705330e-01
-2.859152091492005443e-01
-2.861021274464006225e-01
-2.863027768980773713e-01
-2.865131744165518302e-01
-2.867257994739313420e-01
-2.869361494931048640e-01
-2.871452509273647036e-01
-2.873431662437910816e-01
-2.875416458500781869e-01
-2.877291881957176889e-01
-2.879022472272237398e-01
-2.880800313245691635e-01
-2.882644661461498115e-01
-2.884213007328939593e-01
-2.886001961062229504e-01
-2.888063875107059753e-01
-2.890397607191341200e-01
-2.893049400227511447e-01
-2.895854914889567366e-01
-2.899198420267240506e-01
-2.902825157298635217e-01
-2.906361028326280294e-01
-2.909699991837178534e-01
-2.913472351781064007e-01
-2.916903566173022488e-01
-2.920524947646322977e-01
-2.924202389699697147e-01
-2.927824411819772155e-01
-2.931618948669328928e-01
-2.935396562668298737e-01
-2.939350922061594873e-01
-2.942991870226214224e-01
-2.946496253325577852e-01
-2.950126327440015239e-01
-2.953658117337185085e-01
-2.956757977673634685e-01
-2.959518351207036102e-01
-2.962430314971163381e-01
-2.965517543149414070e-01
-2.968706983976518998e-01
-2.971799737841636091e-01
-2.974855095363913016e-01
-2.977775649358363474e-01
-2.980275361479689522e-01
-2.982691354345919921e-01
-2.985024770049655163e-01
-2.987242955709630277e-01
-2.989118918724213980e-01
-2.990852541314417690e-01
-2.992480473627039950e-01
-2.994450708726657528e-01
-2.996234363875979190e-01
-2.997949328173480921e-01
-2.999680056509449466e-01
-3.001189476342781548e-01
-3.002921820227972272e-01
-3.004751351587965913e-01
-3.006625707320845220e-01
-3.008186988055730482e-01
-3.009732228658194009e-01
-3.011053609940551601e-01
-3.012299487821953892e-01
-3.013397797249227628e-01
-3.014475410598833616e-01
-3.015660140097946584e-01
-3.016705212949822856e-01
-3.017665768341982191e-01
-3.018639820105508687e-01
-3.019442561921474866e-01
-3.020406648204839728e-01
-3.021646453003710153e-01
-3.022969718078600265e-01
-3.024189854297179014e-01
-3.025389495598559964e-01
-3.026386427987255989e-01
-3.027335535720455106e-01
-3.028277048852527353e-01
-3.029227000185992225e-01
-3.030413920075673562e-01
-3.031640106657134681e-01
-3.032786083082865125e-01
-3.033893665298442732e-01
-3.034922405987326988e-01
-3.035882155134182470e-01
-3.036900360939346344e-01
-3.037963457484448293e-01
-3.039016233723272897e-01
-3.040212674082682920e-01
-3.041349772070336965e-01
-3.042329301521917717e-01
-3.043022801487881290e-01
-3.043797957649121422e-01
-3.044644177080041425e-01
-3.045543317733876432e-01
-3.046536573086358057e-01
-3.047308713366496669e-01
-3.047932747176135826e-01
-3.048554727863774794e-01
-3.049498953913337695e-01
-3.050431540217852788e-01
-3.051215844304209779e-01
-3.052238532504060187e-01
-3.053177996769216862e-01
-3.054337042700969729e-01
-3.055439432191607851e-01
-3.056376950118678826e-01
-3.057337353125448853e-01
-3.058365506412952239e-01
-3.059256786206409062e-01
-3.060042945207606668e-01
-3.060638581934239655e-01
-3.061188510312167765e-01
-3.061514040610752163e-01
-3.061912334452464579e-01
-3.062443080817894847e-01
-3.063037556298723874e-01
-3.063569800404224441e-01
-3.064221298257018833e-01
-3.064808697224373213e-01
-3.065414176822812142e-01
-3.066032596553208145e-01
-3.066593591738150937e-01
-3.067091490242256357e-01
-3.067675370052982409e-01
-3.068260583113497919e-01
-3.068844584484290428e-01
-3.069474801938447683e-01
-3.069921794884578059e-01
-3.070290172059802480e-01
-3.070612354947582223e-01
-3.071009214417999567e-01
-3.071423210089458400e-01
-3.072116068909267472e-01
-3.072908159999078737e-01
-3.073817264459415832e-01
-3.074614806221619423e-01
-3.075508703694664336e-01
-3.076525654931559495e-01
-3.077414781134068522e-01
-3.078206907523585723e-01
-3.078947320675001764e-01
-3.079729242728315719e-01
-3.080420775755643992e-01
-3.081194919730630422e-01
-3.081974773007218893e-01
-3.082841981492485117e-01
-3.083501045498899806e-01
-3.084174347044881248e-01
-3.084758156334549972e-01
-3.085207636848202317e-01
-3.085596459652235057e-01
-3.085812297222734202e-01
-3.086094741301227962e-01
-3.086488508798528319e-01
-3.086850454071878858e-01
-3.087223161375246550e-01
-3.087763166435313900e-01
-3.088204775420133052e-01
-3.088472128871223576e-01
-3.088752816806679680e-01
-3.088846165421272882e-01
-3.089002505167333656e-01
-3.089166039415625065e-01
-3.088969135873687044e-01
-3.088904905411887225e-01
-3.088729369319049289e-01
-3.088558502044855270e-01
-3.088090026779024000e-01
-3.087486404319796929e-01
-3.086879420609459634e-01
-3.086186558393276824e-01
-3.085637072921674773e-01
-3.085041043606334688e-01
-3.084474789296192676e-01
-3.083964599300386134e-01
-3.083697575154448756e-01
-3.083459758022260022e-01
-3.083081271350175401e-01
-3.082431373947408515e-01
-3.081721357175006837e-01
-3.081299910512199092e-01
-3.080786577553679684e-01
-3.080129034886043282e-01
-3.079667968648761578e-01
-3.079144689038683103e-01
-3.078534363440836863e-01
-3.077708786245273442e-01
-3.076827862484164400e-01
-3.075958213180884360e-01
-3.075341466502896637e-01
-3.074691911503091846e-01
-3.074067347270776906e-01
-3.073357965260576363e-01
-3.072387476959912989e-01
-3.071334641202373983e-01
-3.070049267645800772e-01
-3.068488858431463462e-01
-3.066983630142617323e-01
-3.065881791341296125e-01
-3.064958919179702757e-01
-3.063967741664693212e-01
-3.062904719778823948e-01
-3.061820868544343766e-01
-3.060956472575965259e-01
-3.059876831907150652e-01
-3.058635458607293911e-01
-3.057518999443590291e-01
-3.056420731042376882e-01
-3.055455579790765097e-01
-3.054585818335489034e-01
-3.053860891700809210e-01
-3.053224779677924383e-01
-3.052535776336163242e-01
-3.051854513917103273e-01
-3.051175348768420115e-01
-3.050536475328046726e-01
-3.049941567279282895e-01
-3.049404256531163537e-01
-3.048812172728254666e-01
-3.048031773460477822e-01
-3.047107611803604454e-01
-3.046074831286706974e-01
-3.045027443976082160e-01
-3.044051539939470197e-01
-3.043259738929481317e-01
-3.042350566334197648e-01
-3.041680571761105067e-01
-3.041119463512241827e-01
-3.040386842038308446e-01
-3.039575786665335011e-01
-3.038817171217187418e-01
-3.038384297524117650e-01
-3.037946034290205932e-01
-3.037336430752423655e-01
-3.036527156455244847e-01
-3.035512638455979961e-01
-3.034718900259268937e-01
-3.034008400497762437e-01
-3.033431917263211264e-01
-3.032775820976469361e-01
-3.031717715935568491e-01
-3.030841733751869493e-01
-3.029895844248726711e-01
-3.029171196600798366e-01
-3.028431830457546936e-01
-3.027835917072724259e-01
-3.027251279402528583e-01
-3.026602193432191279e-01
-3.026184885434831662e-01
-3.025662747063782576e-01
-3.025120238358136593e-01
-3.024430885526644963e-01
-3.023813977555228072e-01
-3.023132677770178911e-01
-3.022474476450591752e-01
-3.021648380610036932e-01
-3.020854465368419395e-01
-3.019902744510105652e-01
-3.018937374892146086e-01
-3.018023549720618703e-01
-3.017191538092627301e-01
-3.016373108083350019e-01
-3.015364182634304169e-01
-3.014262477669608642e-01
-3.013218855734883239e-01
-3.012084785329087744e-01
-3.010749277627056686e-01
-3.009335726996263949e-01
-3.008046395622304692e-01
-3.006712312690504874e-01
-3.005223870926683194e-01
-3.004055698953735365e-01
-3.002772611655018520e-01
-3.001653600507159791e-01
-3.000513608289490097e-01
-2.999111219511111925e-01
-2.997607608331891438e-01
-2.996055787895623435e-01
-2.994253436069975183e-01
-2.992608835441554205e-01
-2.991029035925075186e-01
-2.989642545202624291e-01
-2.988325987787198712e-01
-2.987288948607015882e-01
-2.986078370622436418e-01
-2.985025321709901536e-01
-2.984038593666368255e-01
-2.983232078880071469e-01
-2.982580912770722015e-01
-2.981933373593116943e-01
-2.981225449137724359e-01
-2.980466773528334667e-01
-2.979699065097599076e-01
-2.978984478817793824e-01
-2.978318823617336908e-01
-2.977681442933012845e-01
-2.977260256837839791e-01
-2.977031438918956718e-01
-2.976893319882718547e-01
-2.976934308898628312e-01
-2.976999970463854450e-01
-2.976996603942149155e-01
-2.976901299159942504e-01
-2.977116405017342649e-01
-2.977675576738720853e-01
-2.978223798779471854e-01
-2.978795739864520953e-01
-2.979393584720723132e-01
-2.980039977489045144e-01
-2.980882174624364112e-01
-2.981694427258007596e-01
-2.982531298883456250e-01
-2.983294767339764175e-01
-2.984220903294763083e-01
-2.985069059919034928e-01
-2.985905909721549567e-01
-2.986855180284721523e-01
-2.987982679441312239e-01
-2.989320485673964689e-01
-2.990804381044651072e-01
-2.992277484738635196e-01
-2.993703594484237174e-01
-2.995091536915679975e-01
-2.996287093919050015e-01
-2.997580844622719787e-01
-2.998811764295289395e-01
-2.999874287641836612e-01
-3.000898748417049622e-01
-3.001918017750896950e-01
-3.003185643774952118e-01
-3.004630421781209759e-01
-3.005875905784336499e-01
-3.007113606550783080e-01
-3.008247172427453986e-01
-3.009703011213516466e-01
-3.011459051553652122e-01
-3.013168055940408929e-01
-3.015173233402317909e-01
-3.016970398610387960e-01
-3.018683975726063062e-01
-3.020289532309891056e-01
-3.021875025929900982e-01
-3.023403257022420632e-01
-3.024784254975868003e-01
-3.026020684894394353e-01
-3.027252583577040301e-01
-3.028357278582201051e-01
-3.029521847457246064e-01
-3.030811085652373449e-01
-3.032199281987879025e-01
-3.033494570547085045e-01
-3.034840105189583470e-01
-3.036192986827154772e-01
-3.037774292674649268e-01
-3.039846851746410561e-01
-3.042053497013278429e-01
-3.044578479904284651e-01
-3.047192881579737223e-01
-3.049762251403545510e-01
-3.052172964404121780e-01
-3.054381833829369897e-01
-3.056677412469379074e-01
-3.058994496036960831e-01
-3.061312846580900859e-01
-3.063784866130043194e-01
-3.066755884784085895e-01
-3.069909866355821637e-01
-3.073273326081415457e-01
-3.076402164658848526e-01
-3.079487175477556016e-01
-3.082555326406458684e-01
-3.085616857705495431e-01
-3.088328359840835091e-01
-3.091177538575701211e-01
-3.094268334766687167e-01
-3.097600135352371886e-01
-3.101178943310307634e-01
-3.105011314684116286e-01
-3.108909966270904657e-01
-3.112808263123310049e-01
-3.116504488081303093e-01
-3.120081924720728428e-01
-3.123390698936502896e-01
-3.126398206606657570e-01
-3.129625365005858084e-01
-3.132525367750656486e-01
-3.135395263024011725e-01
-3.138271259951938563e-01
-3.141130614167075286e-01
-3.143958217604383432e-01
-3.146964506911878456e-01
-3.149522956828089693e-01
-3.151904232006043638e-01
-3.154226039561907058e-01
-3.156808194865009520e-01
-3.159532451420797305e-01
-3.162345930500818358e-01
-3.165395657503485283e-01
-3.168410301321777367e-01
-3.171075152302061384e-01
-3.173681045609545448e-01
-3.176101110698097973e-01
-3.178403277203322719e-01
-3.180602979798198837e-01
-3.182750991676659424e-01
-3.184947957675496322e-01
-3.187387898835142286e-01
-3.189945406636940373e-01
-3.192526151820219149e-01
-3.194906098931337146e-01
-3.197384012924617824e-01
-3.199882476565346079e-01
-3.202285722286941638e-01
-3.204443815261684980e-01
-3.206886323231022407e-01
-3.209752217870289193e-01
-3.212645644726819238e-01
-3.215518598785346849e-01
-3.218463974237335545e-01
-3.221531928381947685e-01
-3.224199393804780822e-01
-3.226887701231961891e-01
-3.229754962988125033e-01
-3.232402298455048228e-01
-3.235013428859054296e-01
-3.237735146702885869e-01
-3.240284563367736292e-01
-3.242736122070752347e-01
-3.245021619608516872e-01
-3.247248963061519222e-01
-3.249374998935642966e-01
-3.251616020668075535e-01
-3.253922883645183339e-01
-3.256154089656690398e-01
-3.258008555119821237e-01
-3.259786431807096263e-01
-3.261587528128409019e-01
-3.263054357881700063e-01
-3.264551889506424609e-01
-3.265992236230147450e-01
-3.267365136941737802e-01
-3.269101232297937920e-01
-3.270891545717531379e-01
-3.272746274473942174e-01
-3.274453251310340818e-01
-3.275771360686558498e-01
-3.277247354864735729e-01
-3.278660235880825335e-01
-3.279655535077533046e-01
-3.280510264192837422e-01
-3.281279682612225357e-01
-3.281866696768339087e-01
-3.282530931660483375e-01
-3.283468021175569573e-01
-3.284134730485549492e-01
-3.284792544004305759e-01
-3.285419374248141899e-01
-3.286078557564436342e-01
-3.286659152619059721e-01
-3.287313094750247688e-01
-3.288059185500039616e-01
-3.288869728699936323e-01
-3.289765162171717772e-01
-3.290543271091906363e-01
-3.291392570550580876e-01
-3.292060650015411483e-01
-3.292507235599816395e-01
-3.293134700726081943e-01
-3.293453426136239148e-01
-3.293738343811995484e-01
-3.293940228248232183e-01
-3.294104812801824100e-01
-3.294335544097952706e-01
-3.294346479043821496e-01
-3.294545307139929990e-01
-3.294769880200102419e-01
-3.294889679377190350e-01
-3.295197912492295877e-01
-3.295499219254182655e-01
-3.295788348177343674e-01
-3.296166491592452674e-01
-3.296487060303819328e-01
-3.296901632556576978e-01
-3.297269052243831378e-01
-3.297707544173351102e-01
-3.298322414872458253e-01
-3.298816405065096991e-01
-3.299312326259529193e-01
-3.299713298174971610e-01
-3.300020517851841584e-01
-3.300247598471144350e-01
-3.300357254717509181e-01
-3.300358996167359060e-01
-3.300354240527509364e-01
-3.300362615543108169e-01
-3.300512200442475841e-01
-3.300642745764377772e-01
-3.300698009268068223e-01
-3.300856981735951767e-01
-3.300873123858349412e-01
-3.301030377681913319e-01
-3.301206619919511698e-01
-3.301385921576228677e-01
-3.301299693413257685e-01
-3.301186323094029151e-01
-3.300796114108776047e-01
-3.300385445753952762e-01
-3.299937531675710134e-01
-3.299424262700035304e-01
-3.299020493503052043e-01
-3.298768606837690909e-01
-3.298644987511489823e-01
-3.298563755483940318e-01
-3.298520763884942308e-01
-3.298308742504246771e-01
-3.298039826580372869e-01
-3.297937351265816663e-01
-3.297690946674131096e-01
-3.297395192284531262e-01
-3.297034118647835244e-01
-3.296626276669224476e-01
-3.296257550056155838e-01
-3.295843400021486458e-01
-3.295297302270370765e-01
-3.294695927348226805e-01
-3.294039429724655021e-01
-3.293241785768062369e-01
-3.292403302299870549e-01
-3.291641401180557813e-01
-3.290984989287310536e-01
-3.290317308147787112e-01
-3.289757498741728847e-01
-3.288982055654897096e-01
-3.288408426211577584e-01
-3.287997322460928240e-01
-3.287401050654604751e-01
-3.287004744176313942e-01
-3.286640195526596142e-01
-3.286511778778628545e-01
-3.286428324973252879e-01
-3.286226183997203454e-01
-3.286112282604414792e-01
-3.286076742971800746e-01
-3.285985473153210656e-01
-3.285785326210045043e-01
-3.285479445224970263e-01
-3.285184761002679643e-01
-3.284940296293951123e-01
-3.284689117474202669e-01
-3.284303932104684076e-01
-3.283780269523690620e-01
-3.283325705555108498e-01
-3.283034777440768104e-01
-3.282801682196131998e-01
-3.282569499532183022e-01
-3.282346152369806647e-01
-3.282017544642459872e-01
-3.281720938963996193e-01
-3.281458006933994920e-01
-3.281247764873324035e-01
-3.281031758519797337e-01
-3.280960838893767773e-01
-3.280789424108875862e-01
-3.280643798353262697e-01
-3.280616620722371368e-01
-3.280638460059133177e-01
-3.280791583966257141e-01
-3.280877213514359902e-01
-3.281069337134360220e-01
-3.281217430243588695e-01
-3.281365564104225530e-01
-3.281431405047062211e-01
-3.281464088469878138e-01
-3.281412761607397921e-01
-3.281414257645122734e-01
-3.281524686147553882e-01
-3.281546697712022231e-01
-3.281538801331068123e-01
-3.281578776259934105e-01
-3.281775915936390731e-01
-3.281962487191685263e-01
-3.282010061273561430e-01
-3.282117786056227282e-01
-3.282177043399150951e-01
-3.282191736040668828e-01
-3.282239057237117397e-01
-3.282214912294422748e-01
-3.282131400933577248e-01
-3.281929980873222186e-01
-3.281803357876603155e-01
-3.281505632307123999e-01
-3.281166602615336880e-01
-3.280849815696336158e-01
-3.280843651809138284e-01
-3.280926213072880571e-01
-3.281006701806759573e-01
-3.280966385773028682e-01
-3.280922803557244638e-01
-3.280868722674818438e-01
-3.280830734439370566e-01
-3.280929714762540472e-01
-3.281115871160420472e-01
-3.281437098779395045e-01
-3.281729237975843927e-01
-3.282061165834035954e-01
-3.282379214598309947e-01
-3.282641667199028279e-01
-3.282812095553730991e-01
-3.282964915191086686e-01
-3.283200703350245830e-01
-3.283447301861204815e-01
-3.283702490242356720e-01
-3.283928683773664758e-01
-3.284124101033981669e-01
-3.284430526052045662e-01
-3.284774837295552086e-01
-3.285172650646623893e-01
-3.285685812384288584e-01
-3.286274087209116734e-01
-3.286950368030574499e-01
-3.287707090950084954e-01
-3.288333396690671928e-01
-3.288922847972441388e-01
-3.289361049428068395e-01
-3.289985911438682575e-01
-3.290456400864497088e-01
-3.290880941937371906e-01
-3.291297004161043982e-01
-3.291708935813505432e-01
-3.292073204441629541e-01
-3.292413726570160293e-01
-3.292719792576211946e-01
-3.293093885502148543e-01
-3.293470137753117255e-01
-3.293705068858100438e-01
-3.294057463871069569e-01
-3.294344479646536539e-01
-3.294465668213077403e-01
-3.294616135353714004e-01
-3.294603712296914066e-01
-3.294695467875360384e-01
-3.294739469404143195e-01
-3.294747665108549994e-01
-3.294676889031921685e-01
-3.294561713811912651e-01
-3.294509248669481027e-01
-3.294656282271271053e-01
-3.294791737098743400e-01
-3.294727463270546441e-01
-3.294588583945493032e-01
-3.294473229689519611e-01
-3.294530496250163143e-01
-3.294753773152842569e-01
-3.294972477294090818e-01
-3.295134401045022310e-01
-3.295345383650449267e-01
-3.295762129386708983e-01
-3.296204716437702298e-01
-3.296547923691181547e-01
-3.296817172107216476e-01
-3.296993407228089867e-01
-3.297117352906749344e-01
-3.297176013667919015e-01
-3.297218529494935768e-01
-3.297256935238937481e-01
-3.297231259450273400e-01
-3.297166676443681332e-01
-3.297188377336808807e-01
-3.297063782921724751e-01
-3.297061814177980055e-01
-3.297219279326022989e-01
-3.297351784235590944e-01
-3.297511080577193443e-01
-3.297695718416239208e-01
-3.297921216738740613e-01
-3.298052150419627515e-01
-3.298390720206308968e-01
-3.298617653304834474e-01
-3.298487560551517928e-01
-3.298321773532325585e-01
-3.298324158444349563e-01
-3.298641146201128915e-01
-3.298735548133945872e-01
-3.298894128301019246e-01
-3.298884804957465944e-01
-3.298734678163857126e-01
-3.298745359572010649e-01
-3.298593580154760563e-01
-3.298357219584823197e-01
-3.298275255257485106e-01
-3.298203540123263444e-01
-3.298076129684727187e-01
-3.297775104012206637e-01
-3.297403074986030580e-01
-3.296769643016573825e-01
-3.296327503834830530e-01
-3.295809114445842902e-01
-3.295256450822173777e-01
-3.294536944785056432e-01
-3.294084484657937573e-01
-3.293593469130029483e-01
-3.293033218904506954e-01
-3.292629313179789019e-01
-3.292274944536775494e-01
-3.291867822278455868e-01
-3.291288992355701493e-01
-3.291033243738875624e-01
-3.290670819804040748e-01
-3.290336625004062210e-01
-3.289996146201318861e-01
-3.289518165010337225e-01
-3.289071691093974348e-01
-3.288566719853244780e-01
-3.288050981335484124e-01
-3.287442120558461967e-01
-3.286941331379839015e-01
-3.286540927723816674e-01
-3.286221197131234950e-01
-3.285869920878432549e-01
-3.285425612882427737e-01
-3.284826298648064746e-01
-3.284215475582704102e-01
-3.283641732586791151e-01
-3.283029522202721151e-01
-3.282315201167973484e-01
-3.281598564030629439e-01
-3.281099609748840962e-01
-3.280862348709087106e-01
-3.280520222025968824e-01
-3.280164400861576013e-01
-3.279867279965090754e-01
-3.279426576764755685e-01
-3.279117579157516116e-01
-3.278807753248189072e-01
-3.278545850230394909e-01
-3.278249948584546769e-01
-3.277956067436597065e-01
-3.277627492165577361e-01
-3.276919586468626244e-01
-3.276340673649882351e-01
-3.275740276569700793e-01
-3.274649299625428944e-01
-3.273311367484060819e-01
-3.272181580064376094e-01
-3.270878840633292817e-01
-3.269311317141301299e-01
-3.267755237268529234e-01
-3.266095905587870774e-01
-3.264533706787424716e-01
-3.262853074031623613e-01
-3.261115147492466004e-01
-3.259692219405571634e-01
-3.258448687482273787e-01
-3.257313142307772247e-01
-3.255970293070277743e-01
-3.254681753934015043e-01
-3.253272130174365562e-01
-3.252145225587031452e-01
-3.251038331068058507e-01
-3.249742775074961343e-01
-3.248667622491678841e-01
-3.247783274706338430e-01
-3.246951303930962762e-01
-3.246321803923287730e-01
-3.245969649221996933e-01
-3.245712101075385325e-01
-3.245318282986473513e-01
-3.244747596329755623e-01
-3.243871327643913505e-01
-3.243005397142532109e-01
-3.242064186407542792e-01
-3.241194815393144690e-01
-3.240226764600939724e-01
-3.239327751766900576e-01
-3.238591277145305147e-01
-3.237738754030600186e-01
-3.236798261730518544e-01
-3.235676398526718955e-01
-3.234736834093602242e-01
-3.233841756411531265e-01
-3.232928872129759990e-01
-3.232035076262701478e-01
-3.231058417780687808e-01
-3.230098803366251992e-01
-3.229205789588533992e-01
-3.228277041509369227e-01
-3.227441941512561585e-01
-3.226847445407281523e-01
-3.226745825661178069e-01
-3.226542621169997682e-01
-3.226654649312361012e-01
-3.226861871694368111e-01
-3.227295166685035244e-01
-3.227802559841773111e-01
-3.228265458996631421e-01
-3.228490843472388017e-01
-3.228435472202457746e-01
-3.228488838801802929e-01
-3.228751139809988846e-01
-3.229122171858189172e-01
-3.229510948087037647e-01
-3.229626540341325458e-01
-3.229786659123756731e-01
-3.230102468902683044e-01
-3.230105092512626230e-01
-3.230016579742540639e-01
-3.229686989106785311e-01
-3.229520301223564038e-01
-3.229408382509530995e-01
-3.229162253043311170e-01
-3.229101615229177380e-01
-3.229095796066115409e-01
-3.229187855943571606e-01
-3.229409346619604992e-01
-3.229673900029034206e-01
-3.229787989684200777e-01
-3.229860612356998950e-01
-3.229796083980356891e-01
-3.229786740860272065e-01
-3.229833976947035223e-01
-3.229891141188462322e-01
-3.229946211187854077e-01
-3.229780127330614259e-01
-3.229816555670290135e-01
-3.229812549952514322e-01
-3.229747132090659001e-01
-3.229675603163502107e-01
-3.229872898377059709e-01
-3.230183412384196040e-01
-3.230429801736635076e-01
-3.230421431655505771e-01
-3.230512279772621564e-01
-3.230518728542381979e-01
-3.230722777967021120e-01
-3.231114672675683419e-01
-3.231053634369291383e-01
-3.230816465155272321e-01
-3.230278958216125651e-01
-3.229934389942517581e-01
-3.229603424001706302e-01
-3.229184123608025425e-01
-3.228589931529676771e-01
-3.227620760255385801e-01
-3.226498851312407656e-01
-3.225595137230051201e-01
-3.224722522301176064e-01
-3.223761174530094253e-01
-3.222901710012084364e-01
-3.222256349681056342e-01
-3.221659095365284609e-01
-3.220980523009361884e-01
-3.220175109289046822e-01
-3.219450928554307700e-01
-3.218867472420813280e-01
-3.218420788880307359e-01
-3.218198638896551667e-01
-3.218011822572643399e-01
-3.217677718198965753e-01
-3.217304184100971409e-01
-3.216824404932003834e-01
-3.216151085183323044e-01
-3.215496848639184391e-01
-3.214825034643568613e-01
-3.214134770622128490e-01
-3.213477743347915028e-01
-3.213048218811645484e-01
-3.212644586339623021e-01
-3.212309311871118789e-01
-3.211987072494802420e-01
-3.211829963812162236e-01
-3.211663946482812837e-01
-3.211493049523758136e-01
-3.211396586805995157e-01
-3.211395496033550012e-01
-3.211427736028795721e-01
-3.211450514167364934e-01
-3.211448409073452415e-01
-3.211386541501367042e-01
-3.211370278845385173e-01
-3.211487221119299074e-01
-3.211572600103689834e-01
-3.211614173469249378e-01
-3.211721273127366993e-01
-3.211727826848581047e-01
-3.211857265801211225e-01
-3.212019596459673720e-01
-3.212427218870499979e-01
-3.212988647326160963e-01
-3.213623839208908373e-01
-3.214052132224726188e-01
-3.214584963604998347e-01
-3.214931987763497978e-01
-3.215469158039625519e-01
-3.216183407350383661e-01
-3.216777941772653304e-01
-3.217354922506224790e-01
-3.217933775198414947e-01
-3.218618708973966513e-01
-3.219368733095316903e-01
-3.219996934686228385e-01
-3.220751548326836189e-01
-3.221335477350335541e-01
-3.221808030541672974e-01
-3.222179871418128783e-01
-3.222456627535744689e-01
-3.222913465144368605e-01
-3.223110090143804785e-01
-3.223450643437853480e-01
-3.223696698853090736e-01
-3.223950719282344668e-01
-3.224298394867624040e-01
-3.224708406552555529e-01
-3.225183793249262743e-01
-3.225643721750168225e-01
-3.226137863070643319e-01
-3.226831500916176321e-01
-3.227628969927049396e-01
-3.228690473217668555e-01
-3.230004668342011387e-01
-3.231464204789708528e-01
-3.232730823371818274e-01
-3.234099263676450398e-01
-3.235525483639534738e-01
-3.236776583509332617e-01
-3.238105194656303309e-01
-3.239332092105958738e-01
-3.240713005673027114e-01
-3.241938305374582052e-01
-3.243256531989167635e-01
-3.244498533911875926e-01
-3.245783500617019368e-01
-3.247109707242949450e-01
-3.248307415060450731e-01
-3.249599048948947355e-01
-3.251075049266181627e-01
-3.252715140068994093e-01
-3.254568601582771836e-01
-3.256464265870858132e-01
-3.258444013615464097e-01
-3.260274652425339537e-01
-3.261960136185285131e-01
-3.263738978405368307e-01
-3.265620387615497111e-01
-3.267392791650307604e-01
-3.268899317650943992e-01
-3.270394014711117681e-01
-3.271842660276694792e-01
-3.273297316753551733e-01
-3.274651906030430215e-01
-3.275847996810705154e-01
-3.276990585326998162e-01
-3.278151234669045566e-01
-3.279223281001473755e-01
-3.280406405787565927e-01
-3.281605570000271643e-01
-3.282849549230963948e-01
-3.284272133453116638e-01
-3.285876857350322755e-01
-3.287492819758080498e-01
-3.289111665560908726e-01
-3.290886505508807680e-01
-3.292499203011290398e-01
-3.294084959828900705e-01
-3.295327162857402126e-01
-3.296646148409089760e-01
-3.298071207186270004e-01
-3.299379537960767106e-01
-3.300511317611670714e-01
-3.301469415625613024e-01
-3.302314167445754012e-01
-3.303297553905905071e-01
-3.304486910976588976e-01
-3.305603272998641762e-01
-3.306516584735833542e-01
-3.307334419149568494e-01
-3.308100572157855468e-01
-3.308902010216206446e-01
-3.309606490432129844e-01
-3.310328565009529878e-01
-3.311087112079257877e-01
-3.311934277215934919e-01
-3.312719399084952387e-01
-3.313588151166423912e-01
-3.314581832414505991e-01
-3.315662877079448290e-01
-3.316869074466071710e-01
-3.317923465083580381e-01
-3.318932467787060747e-01
-3.319930233586334545e-01
-3.320837937458690492e-01
-3.321959519346764922e-01
-3.323186597644522400e-01
-3.324377904887964030e-01
-3.325745864113856531e-01
-3.327025724507141069e-01
-3.328267137699176814e-01
-3.329460742486323732e-01
-3.330660929360919620e-01
-3.332063756111432462e-01
-3.333534081763191437e-01
-3.334997892507123307e-01
-3.336445365742807256e-01
-3.337841120408163165e-01
-3.339192060025184539e-01
-3.340602009861857180e-01
-3.341890117127261361e-01
-3.343155865749483646e-01
-3.344340001002412133e-01
-3.345296476496904536e-01
-3.346327840527197894e-01
-3.347152138273989941e-01
-3.347841084548606183e-01
-3.348443957209755739e-01
-3.349031297262282103e-01
-3.349461295801866578e-01
-3.349810050323643873e-01
-3.350099089074841108e-01
-3.350416774311116841e-01
-3.350712654615843888e-01
-3.351080832462645098e-01
-3.351465628491936410e-01
-3.351981346675599327e-01
-3.352628247249219706e-01
-3.353330550652847686e-01
-3.354164684450380296e-01
-3.355151393094130130e-01
-3.356367813399281919e-01
-3.357827712167163470e-01
-3.359341831748764440e-01
-3.360900191427410033e-01
-3.362717485745740365e-01
-3.364686501143368536e-01
-3.366782404997278322e-01
-3.368933251446556976e-01
-3.371018192653084111e-01
-3.372974179261368777e-01
-3.374883144296349502e-01
-3.376723224086294883e-01
-3.378477045371847121e-01
-3.379984616950895693e-01
-3.381427772814597499e-01
-3.382717980344330799e-01
-3.384026525244516748e-01
-3.385272395908724419e-01
-3.386374405008326649e-01
-3.387457466002800066e-01
-3.388302502719700571e-01
-3.389124943576967142e-01
-3.389916559511081950e-01
-3.390690713919294330e-01
-3.391409453553415054e-01
-3.392144392691409660e-01
-3.392968461712416728e-01
-3.393782822484563422e-01
-3.394484984141308281e-01
-3.395128981986427763e-01
-3.395792389956849289e-01
-3.396492925220209735e-01
-3.397439058433099346e-01
-3.398642893930207132e-01
-3.400117958190839174e-01
-3.401986031692436074e-01
-3.404097959751005154e-01
-3.406218424647985410e-01
-3.408858270407139623e-01
-3.411771881382674176e-01
-3.414522157248008338e-01
-3.417122303242314252e-01
-3.419587248199159046e-01
-3.422096123815412949e-01
-3.424532650412230317e-01
-3.427033715622816445e-01
-3.429408972404368594e-01
-3.431607207409619331e-01
-3.433704910123892562e-01
-3.435707566605983310e-01
-3.437616764364752608e-01
-3.439340488731743029e-01
-3.440952153270780411e-01
-3.442643470913163140e-01
-3.444273727310168121e-01
-3.445861191597094364e-01
-3.447403794632328267e-01
-3.448922462072505635e-01
-3.450425636338774749e-01
-3.451940669134522244e-01
-3.453490819493341690e-01
-3.454991005218213118e-01
-3.456583472770828891e-01
-3.458261111266179855e-01
-3.459971506612436465e-01
-3.461983077038024437e-01
-3.464251185402192901e-01
-3.466910456935770046e-01
-3.469688228967681143e-01
-3.472323588970507302e-01
-3.474718084039430388e-01
-3.477229320914690947e-01
-3.479629462453032174e-01
-3.481935731108810050e-01
-3.484250853755194721e-01
-3.486383611751973088e-01
-3.488518102784551878e-01
-3.490733374463981242e-01
-3.493036767088072425e-01
-3.495621390552474117e-01
-3.498234090941673702e-01
-3.500946487006886265e-01
-3.503641006372736899e-01
-3.506424100351723805e-01
-3.509112272791523046e-01
-3.511851414810066019e-01
-3.514519470630573794e-01
-3.517222451467542643e-01
-3.519916356864465357e-01
-3.522824607784302842e-01
-3.525714756469436328e-01
-3.528560658444749865e-01
-3.531331925262368721e-01
-3.534060654625605924e-01
-3.536735800528954532e-01
-3.539464927078824208e-01
-3.542339419822260749e-01
-3.545157930132267210e-01
-3.548041482731368879e-01
-3.551040071460985770e-01
-3.554101893937780532e-01
-3.557209927525584181e-01
-3.560863931756845235e-01
-3.565118750564352790e-01
-3.569962052413713782e-01
-3.574715127048055940e-01
-3.579355197000402278e-01
-3.583851281408624301e-01
-3.588318810608214782e-01
-3.592602920552325219e-01
-3.596791763616815629e-01
-3.600950775535278203e-01
-3.605050406133017971e-01
-3.609055437569199110e-01
-3.612887297011755927e-01
-3.616550589074560840e-01
-3.619972967907539307e-01
-3.623328180899892947e-01
-3.626587672730803846e-01
-3.629662440999179562e-01
-3.632708175149158558e-01
-3.635588408201085309e-01
-3.638243630314087484e-01
-3.640813554155373222e-01
-3.643317835192516618e-01
-3.645768483408138860e-01
-3.648086093980246192e-01
-3.650294472329629336e-01
-3.652336375440019545e-01
-3.654293354300351404e-01
-3.656109274396299735e-01
-3.657771818460336388e-01
-3.659326606527711911e-01
-3.660701133260885198e-01
-3.662011252815392526e-01
-3.663223631452965923e-01
-3.664269750860862374e-01
-3.665171410946646002e-01
-3.665943542645449527e-01
-3.666590183593123609e-01
-3.667107482830123111e-01
-3.667556930053635922e-01
-3.667922748946053080e-01
-3.668205698525968672e-01
-3.668459086599793473e-01
-3.668625081343966920e-01
-3.668968973194094985e-01
-3.669920376055045841e-01
-3.671487563790252207e-01
-3.673616888750266263e-01
-3.676538268106960827e-01
-3.679730739819168650e-01
-3.682699739568628394e-01
-3.685607030876076329e-01
-3.688360902269425257e-01
-3.691081620403600660e-01
-3.693679874522474704e-01
-3.696173811664720255e-01
-3.698502154286047450e-01
-3.700670520178153677e-01
-3.702868542125958840e-01
-3.704956441404284595e-01
-3.706998398704845488e-01
-3.709001257520341821e-01
-3.711029402422721390e-01
-3.712952369322599089e-01
-3.714739981767320454e-01
-3.716402502736629865e-01
-3.717965375248297732e-01
-3.719505789853422839e-01
-3.721071200072318397e-01
-3.722694280756035923e-01
-3.724401997224294214e-01
-3.726202218969844049e-01
-3.727964082972111126e-01
-3.729672408439185793e-01
-3.731347726708997281e-01
-3.733060932383482911e-01
-3.734721772380743543e-01
-3.736333078986919798e-01
-3.737989037664249392e-01
-3.739567745453907244e-01
-3.741069228387924328e-01
-3.742478512407066971e-01
-3.743853759175662099e-01
-3.745224011178290291e-01
-3.746595818403546940e-01
-3.747902475892388452e-01
-3.749203831987421021e-01
-3.750494414488881323e-01
-3.751798387172459726e-01
-3.753085068205760377e-01
-3.754338904708349745e-01
-3.755504961593265634e-01
-3.756626524641558107e-01
-3.757680693415207940e-01
-3.758658654689676637e-01
-3.759609484028522686e-01
-3.760544243295541600e-01
-3.761432584903940946e-01
-3.762261577869578932e-01
-3.763058326639590057e-01
-3.763803171434400574e-01
-3.764461954638946839e-01
-3.765079384849984723e-01
-3.765605097982925864e-01
-3.766055349478535375e-01
-3.766402316461587851e-01
-3.766650944246745514e-01
-3.766797012792553745e-01
-3.766859950478265162e-01
-3.766853438563145251e-01
-3.766778131720224798e-01
-3.766633516415670013e-01
-3.766419956269050351e-01
-3.766124738551752116e-01
-3.765742819856116586e-01
-3.765286112561173626e-01
-3.764936757596768491e-01
-3.764507485845455248e-01
-3.764107683770562818e-01
-3.763641556558430801e-01
-3.763535907237111622e-01
-3.763734395586402215e-01
-3.763840182302740089e-01
-3.763868209820294686e-01
-3.763822473616474373e-01
-3.763706486008329688e-01
-3.763539162887167833e-01
-3.763300609517103990e-01
-3.762975421305488899e-01
-3.762556000168462700e-01
-3.762064556807938609e-01
-3.761481977156752032e-01
-3.760881635261313916e-01
-3.760160080384659653e-01
-3.759337843137361967e-01
-3.758428747427391969e-01
-3.757411197431195782e-01
-3.756364749938692627e-01
-3.755280459647433733e-01
-3.754126213156354086e-01
-3.753001958030611207e-01
-3.752226073278429053e-01
-3.751764203043654322e-01
-3.751594053225337233e-01
-3.751758947398486921e-01
-3.752206400626970084e-01
-3.752560601873491386e-01
-3.752837751431493118e-01
-3.753032695114953410e-01
-3.753120024187961978e-01
-3.753121976913625368e-01
-3.753060556502168521e-01
-3.752932861586663060e-01
-3.752736137813929007e-01
-3.752489354454120463e-01
-3.752180115857063347e-01
-3.752172046124214733e-01
-3.752405657911769832e-01
-3.752962278930798701e-01
-3.753436672330000001e-01
-3.753790078579721246e-01
-3.754046318446984665e-01
-3.754233359100806466e-01
-3.754360090773232739e-01
-3.754441460140078846e-01
-3.754461302349980101e-01
-3.754414705663083884e-01
-3.754300280386485555e-01
-3.754128783000837966e-01
-3.753902436614872107e-01
-3.753590476564922507e-01
-3.753200644382341800e-01
-3.752786952394117637e-01
-3.752286931604857378e-01
-3.751795404471876538e-01
-3.751302945046204873e-01
-3.750768682752671501e-01
-3.750260971598675663e-01
-3.749804602467661785e-01
-3.749391433173551724e-01
-3.748393455149448550e-01
-3.747861693937282190e-01
-3.747373884981057279e-01
-3.746888858478484297e-01
-3.746408332569866051e-01
-3.745947028458926908e-01
-3.745610174906125467e-01
-3.745291909464419366e-01
-3.744914701747477093e-01
-3.744543971368597401e-01
-3.739801975608064710e-01
-3.739661391038673344e-01
-3.739589405858508853e-01
-3.739531477803613724e-01
-3.739557565076270240e-01
-3.739533539303173670e-01
-3.739539901084246720e-01
-3.739561968026541838e-01
-3.739550065691097935e-01
-3.739525657315230234e-01
-3.739637339748264622e-01
-3.739801934910884085e-01
-3.739998514732928436e-01
-3.740176822586981364e-01
-3.740258448825957149e-01
-3.740014176085403319e-01
-3.739834539278721337e-01
-3.739483332749761746e-01
-3.739159962304294815e-01
-3.738722717191891864e-01
-3.738135929824642489e-01
-3.738037766111725890e-01
-3.737929885700249644e-01
-3.738004764709546568e-01
-3.737832318406213994e-01
-3.737832725854603466e-01
-3.737605806558421118e-01
-3.737480575756398915e-01
-3.737075960339150127e-01
-3.736815129426025450e-01
-3.736528224260532438e-01
-3.736762509892005424e-01
-3.737536918026430621e-01
-3.737894934977391559e-01
-3.739582537242474025e-01
-3.743934152215502298e-01
-3.745157492106039321e-01
-3.746233431393932722e-01
-3.747417810814199224e-01
-3.753926225857986965e-01
-3.754480285042315346e-01
-3.754976882059161136e-01
-3.755351346668127088e-01
-3.755851315554087355e-01
-3.756133433175372072e-01
-3.756303941779600142e-01
-3.756384745647488033e-01
-3.756559287796366053e-01
-3.756796369528768720e-01
-3.757139424365735780e-01
-3.757592154064477996e-01
-3.758159502656842621e-01
-3.758811692539487659e-01
-3.759451471588854954e-01
-3.760157130935814496e-01
-3.760956957870345008e-01
-3.761675351726039840e-01
-3.762431799415090761e-01
-3.763283435737466154e-01
-3.764208365618581520e-01
-3.765174440039574799e-01
-3.766027287028509973e-01
-3.766780857523228110e-01
-3.767695187005292712e-01
-3.768825481182151438e-01
-3.770111870617532390e-01
-3.771531263604160356e-01
-3.772948538385349493e-01
-3.774414665199809504e-01
-3.775990652672511216e-01
-3.777832998915411356e-01
-3.779594764012101371e-01
-3.781275981481293513e-01
-3.782743171817465888e-01
-3.784171018722038982e-01
-3.785752689165808316e-01
-3.787277846438180662e-01
-3.789021307784986026e-01
-3.790686238955644494e-01
-3.792513120286343797e-01
-3.794376884689882323e-01
-3.796290561390512353e-01
-3.798297398394058777e-01
-3.800044843044825815e-01
-3.801552127982902318e-01
-3.803244745921920411e-01
-3.805220160524678819e-01
-3.807180343725553029e-01
-3.809216841929484176e-01
-3.811209440104443846e-01
-3.812764094538294013e-01
-3.814249413383609122e-01
-3.815685517155490980e-01
-3.817158892405641546e-01
-3.818760212522642750e-01
-3.820321739803219097e-01
-3.822027170162258791e-01
-3.823841678550117251e-01
-3.825506630276354625e-01
-3.827111354235160912e-01
-3.828539993547561138e-01
-3.829796313372250682e-01
-3.830872641525570610e-01
-3.832197481094373193e-01
-3.833596934734845862e-01
-3.834811027610942613e-01
-3.836012469593091390e-01
-3.837173444969734781e-01
-3.838624962578526811e-01
-3.840258108564625905e-01
-3.841755074522489877e-01
-3.843414293481967059e-01
-3.845043482795290068e-01
-3.846644626042234338e-01
-3.848169630368545313e-01
-3.849460710547334963e-01
-3.850550741856581527e-01
-3.851494843364896004e-01
-3.852356388025431899e-01
-3.853273662699004953e-01
-3.854469663581724381e-01
-3.855783640220303288e-01
-3.857228641142499970e-01
-3.859000682178510555e-01
-3.861028744994950967e-01
-3.863047757026790707e-01
-3.865226541258964810e-01
-3.867137796047445120e-01
-3.868936837078931767e-01
-3.870580270718541605e-01
-3.872432214498353620e-01
-3.874317788499183624e-01
-3.876279852946826199e-01
-3.878093724140901366e-01
-3.879843183863143641e-01
-3.881428116523244487e-01
-3.882827241946308350e-01
-3.883995735365199931e-01
-3.885013771877687261e-01
-3.885930625000041938e-01
-3.886761611282887885e-01
-3.887391199550586096e-01
-3.887836731156318337e-01
-3.888234903195479375e-01
-3.888738963516360503e-01
-3.889105103437850430e-01
-3.889632395656357211e-01
-3.890035573708673367e-01
-3.890525486641737141e-01
-3.890925157733192696e-01
-3.891174521091222971e-01
-3.891355384695180941e-01
-3.891532226856080912e-01
-3.891546069998469415e-01
-3.891716627537027962e-01
-3.892039635949273713e-01
-3.892518048744881831e-01
-3.893153203037568177e-01
-3.893955410576839804e-01
-3.894948472080591584e-01
-3.896108564180577605e-01
-3.897471336597100322e-01
-3.898882323996577526e-01
-3.900529171529715788e-01
-3.902185639764585434e-01
-3.904214300692338546e-01
-3.906301687389688859e-01
-3.908543910070900740e-01
-3.910569455264383265e-01
-3.912256073742214069e-01
-3.913679414240804344e-01
-3.914931550319922793e-01
-3.916532565303202928e-01
-3.917902921904060642e-01
-3.919015468555308579e-01
-3.919835593574306221e-01
-3.920578275526401812e-01
-3.921443476227921554e-01
-3.922468570025983703e-01
-3.923738158008805432e-01
-3.925117677215964052e-01
-3.926453887269936160e-01
-3.927725567876075297e-01
-3.928762151773080857e-01
-3.929478512397616696e-01
-3.929962478051653996e-01
-3.930656021081747054e-01
-3.931241025589304328e-01
-3.932051533642962893e-01
-3.932956378117499763e-01
-3.933512727980749690e-01
-3.934208176082628072e-01
-3.935116127534346586e-01
-3.936328065743914806e-01
-3.937724574025374680e-01
-3.939393451957359238e-01
-3.941290318090112099e-01
-3.943334497085745349e-01
-3.945419723996853589e-01
-3.947754695530084623e-01
-3.949588298915986950e-01
-3.951076752888605936e-01
-3.952306468013273566e-01
-3.953346365102342608e-01
-3.954116200996827257e-01
-3.954944093310408526e-01
-3.955723614642395192e-01
-3.956664741601995106e-01
-3.957751954958196317e-01
-3.958761456583605454e-01
-3.959457925744982454e-01
-3.960127941919439065e-01
-3.960458467608942157e-01
-3.961025249611297427e-01
-3.961762434619253703e-01
-3.962693407942136647e-01
-3.963320010461822140e-01
-3.964134369246806733e-01
-3.965118904234378738e-01
-3.966286133551989446e-01
-3.967494700022181631e-01
-3.968420394743692459e-01
-3.969072885086849523e-01
-3.969407599712753698e-01
-3.969601253931169804e-01
-3.969964482239040082e-01
-3.970518322136787903e-01
-3.971196817374265109e-01
-3.972061109466112905e-01
-3.973039047253175138e-01
-3.974143689664040857e-01
-3.975338787680004482e-01
-3.976443870233545841e-01
-3.977591909014324689e-01
-3.978740663318196535e-01
-3.980054233842236222e-01
-3.981337251774709762e-01
-3.982249913144173536e-01
-3.983093579611833301e-01
-3.983506045510308291e-01
-3.984046713528902606e-01
-3.984124692772907372e-01
-3.984163296041308699e-01
-3.983770132123192198e-01
-3.983562674615925281e-01
-3.983537259455054991e-01
-3.983667828531775035e-01
-3.983978917016346433e-01
-3.983936775933281660e-01
-3.983437222785658482e-01
-3.983136267097698302e-01
-3.983001524839616114e-01
-3.982975799913844872e-01
-3.982929166334105431e-01
-3.983080698320775048e-01
-3.983397188474087081e-01
-3.983891341988555768e-01
-3.983884128235931077e-01
-3.983892106839441727e-01
-3.984079393548657366e-01
-3.984467279133818152e-01
-3.985071901001494554e-01
-3.985867839948166735e-01
-3.986885315312364564e-01
-3.988110817655699525e-01
-3.989538192631269520e-01
-3.991142451178948947e-01
-3.992900653503437813e-01
-3.994785504063157466e-01
-3.996755864037433992e-01
-3.999009730829993781e-01
-4.001398884306921477e-01
-4.003618762179225743e-01
-4.005447038048165487e-01
-4.007348721756725518e-01
-4.009211089183406518e-01
-4.010836592569294035e-01
-4.011992890278497925e-01
-4.012713613505359822e-01
-4.013273788994343727e-01
-4.013517135851359940e-01
-4.013692855472069665e-01
-4.013416580140026224e-01
-4.012727720561751754e-01
-4.012062196601990927e-01
-4.011617896110004633e-01
-4.011361634551089406e-01
-4.011332104444610969e-01
-4.011129841192232481e-01
-4.010577114082540251e-01
-4.010166138163988037e-01
-4.009447578225808217e-01
-4.008749794496712093e-01
-4.008232412774243025e-01
-4.007215224817370358e-01
-4.006312208770325123e-01
-4.005551945902926514e-01
-4.004987254055926149e-01
-4.004264089750864120e-01
-4.003694011532166752e-01
-4.002672330938433221e-01
-4.001258903473813300e-01
-3.999437273166784323e-01
-3.997267091423643004e-01
-3.994764212575290241e-01
-3.992539818615317704e-01
-3.990416036502700825e-01
-3.988439572138036682e-01
-3.986032092692707862e-01
-3.983664438852365652e-01
-3.981426444297164746e-01
-3.979241467952040479e-01
-3.977167902947480460e-01
-3.975187598538556522e-01
-3.973346541068377147e-01
-3.971655074696595622e-01
-3.970070842433642833e-01
-3.968542233702216926e-01
-3.967086383202138022e-01
-3.965753127525353250e-01
-3.964487232360443536e-01
-3.963272394439501523e-01
-3.962127680340835068e-01
-3.961045001894450968e-01
-3.960036164877181464e-01
-3.959069059761700649e-01
-3.958108496368686335e-01
-3.957248983790641050e-01
-3.956490309869108990e-01
-3.955792867014116809e-01
-3.954668470206395003e-01
-3.953667547076710198e-01
-3.952735289142684239e-01
-3.951959128813026800e-01
-3.951345978280062510e-01
-3.950878212260779399e-01
-3.950524097656532563e-01
-3.950272864027716269e-01
-3.950082613780785401e-01
-3.950009190951576654e-01
-3.950039827290683925e-01
-3.949564605026730235e-01
-3.949159063396114888e-01
-3.948865367293333817e-01
-3.948670628740026389e-01
-3.948569916033425886e-01
-3.948572996443880379e-01
-3.948691634352332613e-01
-3.948932565014247054e-01
-3.949203088475025658e-01
-3.949599727774151803e-01
-3.950115217150976799e-01
-3.950738439043208761e-01
-3.951437030647053650e-01
-3.952262323563139335e-01
-3.953161701450755849e-01
-3.953591021550263429e-01
-3.954127147711863355e-01
-3.954777752557537274e-01
-3.955393121927293087e-01
-3.956138349710027202e-01
-3.956869236105539089e-01
-3.957020211881424610e-01
-3.956579026370881103e-01
-3.955537764704463166e-01
-3.954355929632006883e-01
-3.952748582984386139e-01
-3.950580579756095556e-01
-3.948101565095826215e-01
-3.945792473120764421e-01
-3.943551659936571085e-01
-3.940981335010034226e-01
-3.938691728279749005e-01
-3.936517531254769553e-01
-3.934560022574934424e-01
-3.932681177883557422e-01
-3.930910219283674234e-01
-3.929268937613453194e-01
-3.927694679263653565e-01
-3.926237800038250847e-01
-3.924852362175694220e-01
-3.923599082553432260e-01
-3.922450655060043534e-01
-3.921512884745821936e-01
-3.920714645880789551e-01
-3.920019144415144985e-01
-3.919417604899317897e-01
-3.918795702783376411e-01
-3.918336777624608636e-01
-3.918024551315824611e-01
-3.917714457912636616e-01
-3.916972005850384297e-01
-3.915679451487023566e-01
-3.913838793178227027e-01
-3.911435869657308162e-01
-3.908869149616484573e-01
-3.906306258926430242e-01
-3.903309687818341533e-01
-3.899573937236211485e-01
-3.895382011812189016e-01
-3.891059764710623758e-01
-3.886622019597562039e-01
-3.881649767211770574e-01
-3.876516189485346708e-01
-3.870883042583908584e-01
-3.864867759404306269e-01
-3.858414755882267899e-01
-3.851495781639885374e-01
-3.843961940504478370e-01
-3.836133377359787211e-01
-3.828522091979045250e-01
-3.820694919847174575e-01
-3.812555994191052511e-01
-3.803583813468525143e-01
-3.793781895186659758e-01
-3.783628502212784683e-01
-3.773060555650205594e-01
-3.761951016239702961e-01
-3.750383452762176550e-01
-3.738734784236696918e-01
-3.726648826358560651e-01
-3.714867708155952242e-01
-3.703243699134793898e-01
-3.690827160499111081e-01
-3.678284425198146135e-01
-3.664520271639518656e-01
-3.649820153806743739e-01
-3.634786185941399350e-01
-3.619902125738752030e-01
-3.604734650906838977e-01
-3.589260654474624723e-01
-3.573494802031925710e-01
-3.557754641079601821e-01
-3.541894225479738645e-01
-3.526093907135774974e-01
-3.510285675281016315e-01
-3.494390470111535252e-01
-3.478692459614324828e-01
-3.463080247363846120e-01
-3.447445199068300825e-01
-3.431861588622650006e-01
-3.416213819122107531e-01
-3.400854118155626771e-01
-3.385862777443562344e-01
-3.371821353466192828e-01
-3.358085796184306915e-01
-3.344287405905709831e-01
-3.330623154013779286e-01
-3.317175692723204339e-01
-3.322444523161267593e-01
-3.328148342271842197e-01
-3.333367642923776297e-01
-3.338067128515855853e-01
-3.342617924011441755e-01
-3.346805897793684870e-01
-3.351146038759287848e-01
-3.355705415366153077e-01
-3.360554526697513422e-01
-3.364910368490717785e-01
-3.369148809887833051e-01
-3.373526157570280737e-01
-3.377970529719168669e-01
-3.382325095563119000e-01
-3.386730443407680036e-01
-3.391041896768368091e-01
-3.395144068910708191e-01
-3.399632247294120946e-01
-3.404279475165690183e-01
-3.409133804664625789e-01
-3.414437256472477866e-01
-3.419827173298576883e-01
-3.424656552160930678e-01
-3.429704258970066033e-01
-3.434621876710401422e-01
-3.439555097514784276e-01
-3.444493941189610275e-01
-3.449624328816530139e-01
-3.454880611764299392e-01
-3.460026562534579964e-01
-3.464817811396269098e-01
-3.469433789679098878e-01
-3.473908761128903788e-01
-3.478223158123495695e-01
-3.482236690416214975e-01
-3.485753394228051638e-01
-3.488947775411351260e-01
-3.492389946125686873e-01
-3.495291402536752079e-01
-3.498420912111553926e-01
-3.501950469127705357e-01
-3.505273305862756095e-01
-3.508557002646285894e-01
-3.512060884861769039e-01
-3.515623491880580098e-01
-3.519098236563958371e-01
-3.522626287103626797e-01
-3.526287877604789012e-01
-3.529859125854352131e-01
-3.533091018279337359e-01
-3.536406093684317797e-01
-3.540013233043411423e-01
-3.543583190222301949e-01
-3.547231375628340233e-01
-3.551071676128998433e-01
-3.554727609481604378e-01
-3.558293897318058896e-01
-3.561836721383073723e-01
-3.565454279544748029e-01
-3.569135728282382680e-01
-3.572725030928320389e-01
-3.575971951160036855e-01
-3.578969468521519537e-01
-3.581958444508780981e-01
-3.584713867063425985e-01
-3.587594227053342300e-01
-3.590402910282795568e-01
-3.593259149905178029e-01
-3.596278485868906749e-01
-3.599414846276187685e-01
-3.602343088889446432e-01
-3.605145488672139020e-01
-3.608069600866827265e-01
-3.610928585350567377e-01
-3.613881400985552439e-01
-3.616714091205421311e-01
-3.619125625028998261e-01
-3.621646468319848489e-01
-3.624147730213125862e-01
-3.626758456874142333e-01
-3.629154896423544274e-01
-3.631627177041580889e-01
-3.633972947123139119e-01
-3.636356892836278831e-01
-3.638715025727889407e-01
-3.641056226545875685e-01
-3.643313464154503967e-01
-3.645507821715324726e-01
-3.647566763851867178e-01
-3.649524991993725043e-01
-3.651256905737810254e-01
-3.652968955955034347e-01
-3.654766279210606150e-01
-3.656443193139187753e-01
-3.657925648700444121e-01
-3.659539117602514380e-01
-3.661186319219040808e-01
-3.662956205180094016e-01
-3.664702671770988518e-01
-3.666537756936980585e-01
-3.668369781371640936e-01
-3.670195536187212393e-01
-3.671969956137262625e-01
-3.673913260107616319e-01
-3.675845492715960061e-01
-3.677694759670691038e-01
-3.679560290449649940e-01
-3.681457636040119663e-01
-3.683307706975478824e-01
-3.685081749808595819e-01
-3.686906252951555607e-01
-3.688583759447868760e-01
-3.690268998284992885e-01
-3.691852956100166727e-01
-3.693519214324787470e-01
-3.695116566752445486e-01
-3.696697305939990463e-01
-3.698292784557900004e-01
-3.699931809309395803e-01
-3.701541960968862122e-01
-3.703224563642063538e-01
-3.704863205684445493e-01
-3.706519317151652504e-01
-3.708082555225723498e-01
-3.709678159076087445e-01
-3.711289206451645617e-01
-3.712908394426441827e-01
-3.714472093315202561e-01
-3.716000593490105808e-01
-3.717521503898673640e-01
-3.718931993050689777e-01
-3.720281619069803480e-01
-3.721553726940047824e-01
-3.722735960981847225e-01
-3.723854291318947629e-01
-3.724824153100378954e-01
-3.725707353635663854e-01
-3.726483289363559104e-01
-3.727173889561926634e-01
-3.727818373779325234e-01
-3.728399144993581604e-01
-3.728879226431556226e-01
-3.729292623468747903e-01
-3.729633691943524121e-01
-3.729894379064574994e-01
-3.730062301738243935e-01
-3.730106942650163182e-01
-3.730037388616614380e-01
-3.729853947545798132e-01
-3.729565218176467689e-01
-3.729161145486100670e-01
-3.728657371345073801e-01
-3.728049121231847285e-01
-3.727336443516814923e-01
-3.726523630580651503e-01
-3.725558512974824210e-01
-3.724490610019914882e-01
-3.723301766434185534e-01
-3.721980591073327793e-01
-3.720564523009000646e-01
-3.719033199356059360e-01
-3.717377086383478746e-01
-3.715593902717633235e-01
-3.713665379940475075e-01
-3.711605555111310850e-01
-3.709456260409469963e-01
-3.707198096303978563e-01
-3.704850481579102794e-01
-3.702386134332820711e-01
-3.699661308225541401e-01
-3.696663607064601398e-01
-3.693453733641198777e-01
-3.690094289238966541e-01
-3.686465738046029728e-01
-3.682783787910146600e-01
-3.678982862961658884e-01
-3.675151472164966404e-01
-3.671143899037096481e-01
-3.666971661833410834e-01
-3.662685974481429407e-01
-3.658359654647020953e-01
-3.654017379987129499e-01
-3.649621280981325544e-01
-3.645256918298557802e-01
-3.640858507511588460e-01
-3.636313684936506307e-01
-3.631604505387828197e-01
-3.626550021392391243e-01
-3.621291295049593462e-01
-3.615938229104864177e-01
-3.610684932749198550e-01
-3.605416331903513183e-01
-3.599982021836536372e-01
-3.594353977048849180e-01
-3.588812824271671587e-01
-3.583256507550381942e-01
-3.577633533358550166e-01
-3.571858728419173845e-01
-3.566003665925909782e-01
-3.559998092650497048e-01
-3.553848835709560450e-01
-3.547775151629782298e-01
-3.541749736246874725e-01
-3.535566661800643717e-01
-3.529259638440891411e-01
-3.522779094525097521e-01
-3.516582219592030989e-01
-3.510267068946577584e-01
-3.503779360345652960e-01
-3.497346847958234806e-01
-3.490976167141918163e-01
-3.484385002865267311e-01
-3.477509620379658495e-01
-3.470474717628417305e-01
-3.463221986793218465e-01
-3.455966422939721894e-01
-3.448653439392147524e-01
-3.441453006916279644e-01
-3.434153992023200042e-01
-3.426632260461492940e-01
-3.419109359054086639e-01
-3.411843383082166503e-01
-3.404608017107280116e-01
-3.397441595683204918e-01
-3.390413775950173458e-01
-3.383562324593405446e-01
-3.376232789501935616e-01
-3.368810587362931486e-01
-3.361229568818652758e-01
-3.353536758769820603e-01
-3.345503334779952320e-01
-3.337759172810069175e-01
-3.329630014173680097e-01
-3.321391010204166050e-01
-3.314205901551932620e-01
-3.305981500611731572e-01
-3.297724072497181802e-01
-3.289221939525879823e-01
-3.280543185703035380e-01
-3.271381856524887000e-01
-3.262228461070840746e-01
-3.252929537974875163e-01
-3.243493144928099037e-01
-3.233721195969733175e-01
-3.224076876558047422e-01
-3.214222095732106044e-01
-3.203988211472490466e-01
-3.193503661511821190e-01
-3.183274812611310289e-01
-3.172762761137949972e-01
-3.162180087553280172e-01
-3.151443182848629454e-01
-1.609587542240115687e-01
-1.593160443722245190e-01
-1.575692771203001108e-01
-1.551313896120793678e-01
-1.547420080235258621e-01
-1.543275280495315094e-01
-1.539645657014086233e-01
-1.536032254717396295e-01
-1.527881106803677114e-01
-1.523692169548105935e-01
-1.519158146593900249e-01
-1.514066003555256945e-01
-1.508420118007983701e-01
-1.501761916650341533e-01
-1.496093743278846255e-01
-1.490454342316742398e-01
-1.484931931607071931e-01
-1.479046498808581911e-01
-1.474593121232167792e-01
-1.468794621074652196e-01
-1.462637973323809848e-01
-1.455531721543535384e-01
-1.449818014245114195e-01
-1.443470437740224654e-01
-1.437563818185114972e-01
-1.431112917439224530e-01
-1.423018823634126795e-01
-1.416105612476080688e-01
-1.409076389259284467e-01
-1.400719311230923525e-01
-1.390808362765336981e-01
-1.381680045845078697e-01
-1.372064031214098589e-01
-1.360149290411559464e-01
-1.348744700263558582e-01
-1.335283292521371734e-01
-1.323024424029017043e-01
-1.309939253991893315e-01
-1.296964906027274766e-01
-1.286779468021136963e-01
-1.278386482780929090e-01
-1.269136728273705106e-01
-1.259163258411034325e-01
-1.250413362858460720e-01
-1.240489448952599577e-01
-1.232354155736907902e-01
-1.224195231400990597e-01
-1.215629931724822171e-01
-1.207582213039395946e-01
-1.198719205106823227e-01
-1.190148815614564537e-01
-1.181274141628431140e-01
-1.172239385230780528e-01
-1.161505649036414234e-01
-1.148328654048474673e-01
-1.136013955534574960e-01
-1.118175577865059417e-01
-1.102020083610130569e-01
-1.084942442291507991e-01
-1.066585306548101519e-01
-1.051756220970592598e-01
-1.034909535210663534e-01
-1.017264518079883384e-01
-1.001828979117437290e-01
-9.881665425896679622e-02
-9.708944546384687402e-02
-9.591364185769125916e-02
-9.467873014536998255e-02
-9.351629204488751124e-02
-9.242598107516970807e-02
-9.099832202381488711e-02
-8.993020939177907846e-02
-8.887032145635251346e-02
-8.804479435410589305e-02
-8.726331446282957482e-02
-8.616163107500253437e-02
-8.478552014421235350e-02
-8.396475733168182187e-02
-8.313645549538635493e-02
-8.211034008855391808e-02
-8.130371770996595859e-02
-8.044886884086648038e-02
-7.955096542585947395e-02
-7.905155325723367543e-02
-7.854903747976742234e-02
-7.793028146109773346e-02
-7.735835570301365094e-02
-7.689591123624352209e-02
-7.661096868871708487e-02
-7.637916669369580747e-02
-7.618493143248471211e-02
-7.598855396400804041e-02
-7.585577773022900150e-02
-7.576403357147561135e-02
-7.569272836025613127e-02
-7.562136641356548283e-02
-7.557295041856093576e-02
-7.553789528144586041e-02
-7.551728822126983764e-02
-7.551412297179825595e-02
-7.552446592600670083e-02
-7.555055475293419309e-02
-7.559469145032021720e-02
-7.565631742903544676e-02
-7.574230907877649299e-02
-7.586530485431638993e-02
-7.602182467570149649e-02
-7.620367301726860276e-02
-7.640780083861205274e-02
-7.663656681948721738e-02
-7.689954184718372776e-02
-7.719054401166410007e-02
-7.748608289691361062e-02
-7.777031407260832918e-02
-7.808002176921755022e-02
-7.842903884486750188e-02
-7.879412877128871839e-02
-7.916824212320508480e-02
-7.959271847598618776e-02
-7.999325220824182736e-02
-8.040515556478269876e-02
-8.081859406614338992e-02
-8.118601971607081191e-02
-8.158974137952197669e-02
-8.200411464773203762e-02
-8.246230771005191862e-02
-8.297608486799780414e-02
-8.348348403127958672e-02
-8.395951019471667442e-02
-8.440126926662490370e-02
-8.486143018460740040e-02
-8.531123003449536668e-02
-8.575577597422663623e-02
-8.621164564274873265e-02
-8.669789594533219845e-02
-8.715399752972827208e-02
-8.760089468115563049e-02
-8.807312507965081583e-02
-8.848304738225541699e-02
-8.887898497458809888e-02
-8.935567822855389197e-02
-8.983519088724870039e-02
-9.035527523349851098e-02
-9.089409792497725460e-02
-9.145703870638076383e-02
-9.211991458160244395e-02
-9.282366297005686939e-02
-9.349656503391777507e-02
-9.416993456445464650e-02
-9.481178275341016481e-02
-9.546132548814555141e-02
-9.614945811706415713e-02
-9.685658159878902940e-02
-9.757283081884300657e-02
-9.828626392557748837e-02
-9.903992960826554781e-02
-9.977381202332546994e-02
-1.005223873047630112e-01
-1.012728509646220881e-01
-1.019560686808230476e-01
-1.026511922120996734e-01
-1.033631568731709915e-01
-1.040522703695536400e-01
-1.047344077354766811e-01
-1.054570025870394390e-01
-1.061740862503615240e-01
-1.068422896162197905e-01
-1.075113711592847604e-01
-1.082062461339365761e-01
-1.088977658438484292e-01
-1.095659425883227650e-01
-1.102162142316073373e-01
-1.108221578102280558e-01
-1.120789214834666953e-01
-1.133371926357221032e-01
3.999968008786679574e-01
3.999967848912567292e-01
3.974780002397749201e-01
3.952016353532541437e-01
3.929495695877657235e-01
3.907202592087497539e-01
3.884931536296731824e-01
3.862916151555776945e-01
3.840784143853647747e-01
3.818574862931580216e-01
3.796396589652293874e-01
3.774378169328525545e-01
3.752354979771237997e-01
3.730835610027019023e-01
3.709707557799684641e-01
3.688742078435978122e-01
3.668087462735652449e-01
3.647468238507768912e-01
3.627060399587295758e-01
3.606585654644046124e-01
3.586106814157682954e-01
3.565868579925479120e-01
3.545347450601703532e-01
3.524783358822847767e-01
3.504267683228934893e-01
3.484038636858345916e-01
3.464128232963932241e-01
3.444268653115624690e-01
3.424729881187129621e-01
3.405518597509709089e-01
3.387167294341165147e-01
3.369029998685005856e-01
3.351224371932485790e-01
3.333476712462453140e-01
3.315809310270068089e-01
3.298256010024113172e-01
3.280668432523468070e-01
3.263144701867456421e-01
3.245957819531991029e-01
3.228843614365610182e-01
3.211855386296226800e-01
3.194932302482723085e-01
3.178384669823442477e-01
3.162066468181933265e-01
3.145934985814414220e-01
3.129968876942982314e-01
3.114711698302914944e-01
3.099550175074286540e-01
3.084600636152193820e-01
3.070260816395504744e-01
3.056173910903686730e-01
3.043431330582850869e-01
3.031117039623668075e-01
3.019175703671160838e-01
3.007884364949648393e-01
2.997099787435077989e-01
2.986630973980475279e-01
2.975831928415094696e-01
2.964768279040062016e-01
2.953398812008209973e-01
2.942283924597005607e-01
2.931181048487191410e-01
2.920152725926861148e-01
2.909138854188885737e-01
2.898634618536010676e-01
