-1.999997926028851958e-01
-1.999997780947620762e-01
-1.999112266888094791e-01
-1.999241413590046035e-01
-1.999213560494178255e-01
-1.999042489014023760e-01
-1.998685717052565425e-01
-1.998235507500586705e-01
-1.997756490158127951e-01
-1.997156680674349316e-01
-1.996353778890731789e-01
-1.995747995831186061e-01
-1.994907671126148196e-01
-1.994044441262318446e-01
-1.993175701525126409e-01
-1.992221971468947639e-01
-1.991173528774903834e-01
-2.004910723596882161e-01
-2.018901869975778807e-01
-2.032874073260127756e-01
-2.046940426698536375e-01
-2.061100231218938039e-01
-2.074962750071660811e-01
-2.089023696500033611e-01
-2.103238022149879483e-01
-2.117244234874943454e-01
-2.131625153836640696e-01
-2.146253947809784735e-01
-2.160886220740458052e-01
-2.175366895085824870e-01
-2.189999355967821582e-01
-2.205137056462265488e-01
-2.220599859667434228e-01
-2.236054216875008327e-01
-2.251690258490414431e-01
-2.267388838314741695e-01
-2.283279535456998188e-01
-2.299057464474533741e-01
-2.314342982422272210e-01
-2.329833409292793589e-01
-2.345218918877454151e-01
-2.360708777586500162e-01
-2.376382489777542073e-01
-2.392110348898917327e-01
-2.408021947354608283e-01
-2.423850337567194368e-01
-2.439726849825374910e-01
-2.455861577666702267e-01
-2.472097663736883000e-01
-2.488447296511273610e-01
-2.504921610385992814e-01
-2.521399029627539035e-01
-2.537990584846076536e-01
-2.554558482501040340e-01
-2.571081291732333907e-01
-2.587783655147488093e-01
-2.604859596814332878e-01
-2.621914319014630457e-01
-2.638964265753853677e-01
-2.656026758518451047e-01
-2.673112901684931986e-01
-2.690197172615160226e-01
-2.707279970192570384e-01
-2.724361633902457891e-01
-2.741442443952327723e-01
-2.758522625305325215e-01
-2.775602350032272958e-01
-2.792681753456680016e-01
-2.809761010451936603e-01
-2.826840198949127081e-01
-2.843919373325458078e-01
-2.860998553261268618e-01
-2.878077719562578962e-01
-2.895156886965091214e-01
-2.912236292707720553e-01
-2.929315860985886588e-01
-2.946395481719051301e-01
-2.963475121849555305e-01
-2.980554756926320770e-01
-2.997634383599035446e-01
-3.014714036848524792e-01
-3.031793702241917243e-01
-3.048873368897701552e-01
-3.065953030652195932e-01
-3.083032745453854750e-01
-3.100112490901266726e-01
-3.117192239789128294e-01
-3.134053992487221829e-01
-3.150740857119668226e-01
-3.167365344703746977e-01
-3.200741204149125663e-01
2.000005362741020254e-01
2.000005514803153694e-01
2.003162005041721205e-01
2.003753374511176577e-01
2.004085568909005632e-01
2.004221173739874906e-01
2.004167981757314643e-01
2.003941627675677184e-01
2.003498549615517765e-01
2.002818796484739927e-01
1.999997220313544377e-01
1.996439818404825151e-01
1.992265875741782988e-01
1.987640309954766260e-01
1.982646901885539159e-01
1.976916802979699350e-01
1.970980252635690100e-01
1.964087817969310812e-01
1.957499616280740928e-01
1.949618067325969428e-01
1.942018976880315884e-01
1.933624118266282499e-01
1.924313652005537334e-01
1.915320872531727225e-01
1.905523478909733615e-01
1.895180089313633354e-01
1.882950516897079762e-01
1.870194359920184790e-01
1.856083855653990478e-01
1.841572573867517326e-01
1.826425334067498796e-01
1.810720612076752445e-01
1.794688790785796961e-01
1.778658042848410004e-01
1.762122283325580352e-01
1.745654162816720756e-01
1.729480163355618660e-01
1.713454059148860065e-01
1.697110581233697568e-01
1.682644074367100617e-01
1.668147434030120557e-01
1.653540627025676946e-01
1.640736660190725282e-01
1.629167801652975089e-01
1.620719215321859419e-01
1.614545685422155707e-01
1.608768470435092135e-01
1.603092873990045741e-01
1.598316888157323701e-01
1.593390090976607165e-01
1.588342494324268550e-01
1.582440695720124801e-01
1.577474309596069713e-01
1.572731023312881060e-01
1.567510376255743521e-01
1.562359423286241999e-01
1.555579334602390784e-01
1.549151289354250283e-01
1.541441628540553554e-01
1.532778610873434533e-01
1.523895793839780133e-01
1.512462591136524148e-01
1.501639641768361400e-01
1.490337809385416101e-01
1.477535687431674738e-01
1.465406312056934945e-01
1.452488634414093871e-01
1.439382600037971971e-01
1.425988302063275204e-01
1.413300847622571410e-01
1.400734194221728568e-01
1.388538560214099271e-01
1.376814392146205324e-01
1.365384166033370150e-01
1.354513879385265962e-01
1.344306850678903265e-01
1.334350396367479652e-01
1.324596353733273613e-01
1.315373878285726883e-01
1.306048822421801703e-01
1.297041721127247249e-01
1.288274847915541754e-01
1.279691141311022906e-01
1.271271427556254219e-01
1.263334183305344638e-01
1.255565115347073435e-01
1.248036607229461303e-01
1.240870691029564848e-01
1.234083898616887415e-01
1.227632698402372907e-01
1.221502772785494628e-01
1.215607811947489181e-01
1.210155635931909890e-01
1.205053036462054444e-01
1.200276619914009690e-01
1.195875643389215787e-01
1.191807034093510520e-01
1.188092804490783194e-01
1.184694210822867938e-01
1.181593797260102469e-01
1.178848355903633627e-01
1.176410827812335025e-01
1.174329618308260631e-01
1.172560110194926924e-01
1.171105582660445371e-01
1.169969964467891116e-01
1.169164957545692218e-01
1.168697941468335860e-01
1.168573951580206410e-01
1.169379462717446694e-01
