4.000032073936380939e-01
4.000032233849486474e-01
4.025307228226043255e-01
4.050584794775430320e-01
4.075862347411979281e-01
4.101139885380546413e-01
4.126417412657727435e-01
4.151694931602895600e-01
4.176972443113965983e-01
4.202249946887372523e-01
4.227527441641644734e-01
4.252804934075721799e-01
4.278082420537032138e-01
4.303359900900634583e-01
4.328637374886431521e-01
4.353914842114268158e-01
4.379192302153617766e-01
4.404469754586171071e-01
4.429747207112536556e-01
4.455024689499800794e-01
4.480302162800153809e-01
4.505579623278325174e-01
4.530857067526599113e-01
4.556134492559014704e-01
4.581411895885109664e-01
4.606689275564726516e-01
4.631966630246906469e-01
4.657243959195278560e-01
4.682521262301205245e-01
4.707798540084764949e-01
4.733075793683186316e-01
4.758353022439568702e-01
4.783630233656514519e-01
4.808907427488329223e-01
4.834184607191135408e-01
-4.237738553131303876e-01
-4.252728039730415688e-01
-4.267716709541717890e-01
-4.282704703930718670e-01
-4.297692153488776312e-01
-4.312679184375874941e-01
-4.327554116315528998e-01
-4.342381080236334401e-01
-4.357278243600231638e-01
-4.372208232536096140e-01
-4.386928536059632733e-01
-4.401653430070762707e-01
-4.416311016891121821e-01
-4.430999738561312573e-01
-4.445571153307960044e-01
-4.460119328539404182e-01
-4.474616626811343534e-01
-4.489153059657153833e-01
-4.503796276825864919e-01
-4.518313777760770700e-01
-4.532870505890431723e-01
-4.547657989842662229e-01
-4.562723686836154258e-01
-4.577729506580268670e-01
-4.592652019498564830e-01
-4.607663156204910848e-01
-4.622605684866170073e-01
-4.637500515386652755e-01
-4.652135697131867254e-01
-4.666811997527802736e-01
-4.681844200709549542e-01
-4.696854936961984972e-01
-4.712240178888710829e-01
-4.727583529670751350e-01
-4.743232359665077169e-01
-4.759037751485366008e-01
-4.775007108176800852e-01
-4.791040624012793958e-01
-4.807437828377999489e-01
-4.823874587558275584e-01
-4.840502658637885203e-01
-4.857106177107936018e-01
-4.873898237269217448e-01
-4.890332387102993561e-01
-4.906638715744875423e-01
-4.922876637027763236e-01
-4.938708235434665084e-01
-4.954178157072903765e-01
-4.969401110442161484e-01
-4.984803127017721769e-01
-4.999657641603724723e-01
-5.014613324163674779e-01
-5.029593812489410176e-01
-5.044927522358197969e-01
-5.060614584873719402e-01
-5.076211985482557143e-01
-5.092006728785647418e-01
-5.108163694571524749e-01
-5.124538557255361448e-01
-5.141308579852001959e-01
-5.157873631956669813e-01
-5.173894222519768160e-01
-5.189942910645330976e-01
-5.206319552422915553e-01
-5.222903934129522474e-01
-5.239586091669760082e-01
-5.256221815637645012e-01
3.999970497506559197e-01
3.999970337314502355e-01
3.983400381046106054e-01
3.966374694187229100e-01
3.949211370862450998e-01
3.932241452080862953e-01
3.915567155211595596e-01
3.899511739992376769e-01
3.883944328206600516e-01
3.868444143490689102e-01
3.852797727757162338e-01
3.837138419585073290e-01
3.821643392206200973e-01
3.806431120648292032e-01
3.791284589279519390e-01
3.776362398756525351e-01
3.761746029002880354e-01
3.747603761716457593e-01
3.733943627416213551e-01
3.720701838597404998e-01
3.707878873120361574e-01
3.695249109708622637e-01
3.682926228476381403e-01
3.671030019223128216e-01
3.659715167772342737e-01
3.648201354375045780e-01
3.636417206628361765e-01
3.624828270327273838e-01
3.613335263232455019e-01
3.602002777892565066e-01
3.590668707328323883e-01
3.579501494163292996e-01
3.568586969889803173e-01
3.557227978868319762e-01
3.545878637144921908e-01
3.534682215342712652e-01
3.523349892838903985e-01
3.511955679564682242e-01
3.500505077707469770e-01
3.489119964736219770e-01
3.478212497291000571e-01
3.467390397281714387e-01
3.456601363017060002e-01
3.445671214310466191e-01
3.435111775264867995e-01
3.425058436206056545e-01
3.415311976679563100e-01
3.405533300383019601e-01
3.395672628547538596e-01
3.386166799812922457e-01
3.377068402088296839e-01
3.367918546001335001e-01
3.358914884228841324e-01
3.349967374673126219e-01
3.341094262609332621e-01
3.332387093222604624e-01
3.324042956236757940e-01
3.315647886273767608e-01
3.307544555223534410e-01
3.299165658949531066e-01
3.290888157671947312e-01
3.282836962582119100e-01
3.275172295445976101e-01
