8.799702816670626107e-07
8.953514199361036425e-07
5.582920358482429402e-04
9.735394680330225394e-04
1.430351432544434576e-03
1.955451363680182734e-03
2.539526427275002555e-03
3.179429731930160687e-03
3.848867965379185619e-03
4.564821450022471701e-03
5.309280373175332204e-03
6.016572537792462885e-03
6.768420356337473236e-03
7.551359312126123234e-03
8.376545191955830569e-03
9.243564697118053508e-03
1.016063310913952605e-02
1.112942511804805232e-02
1.215801095036664857e-02
1.326002931700667048e-02
1.442838078885636498e-02
1.559408413574157708e-02
1.677932160974720394e-02
1.808383584997361529e-02
1.932253838765587289e-02
2.056838120494615396e-02
2.200645709299634684e-02
2.361933004877628597e-02
2.528656784599456891e-02
2.697345191958339453e-02
2.876974334940907499e-02
3.060155286977626204e-02
3.246957366491528413e-02
3.440434433413917803e-02
3.636439112895790970e-02
3.835885871706849748e-02
4.037965809891384816e-02
4.239964830850789096e-02
4.441568763875521075e-02
4.643105281134769780e-02
4.838714129648773177e-02
5.035522376789112325e-02
5.233687161260965059e-02
5.430603104412524279e-02
5.624894226212560910e-02
5.812644817168979849e-02
6.001466062046346972e-02
6.195609037544732439e-02
6.381183126898490321e-02
6.571165674031276271e-02
6.753879487290477546e-02
6.940288197165377093e-02
7.126003787671025824e-02
7.320421341189657649e-02
7.512194485896742102e-02
7.704088988235997804e-02
7.895188320471521748e-02
8.084967523272783285e-02
8.269977729455776916e-02
8.454510793033546967e-02
8.643663322421243911e-02
8.828906265976756151e-02
9.012523492072216369e-02
9.196446145024435304e-02
9.377555582660100642e-02
9.555363007912678897e-02
9.733573166427141043e-02
9.909984335061086669e-02
1.008424161899418997e-01
1.025604471058552403e-01
1.042407327043982090e-01
1.058868241493272216e-01
1.075173621019499398e-01
1.090999930370151610e-01
1.106336858786717003e-01
1.121245100990946875e-01
1.135820040405085829e-01
