-8.415405671710192300e-07
-8.568467104868963788e-07
-4.873919786924490734e-04
-4.061023950588259126e-04
-3.472993974523101279e-04
-2.714906406676299952e-04
-1.990991782482077511e-04
-1.458992897197319090e-04
-1.012525896649037909e-04
-6.583573077337380268e-05
-3.880218829151529258e-05
-2.242403498206765845e-05
-7.403328701983144100e-06
-7.463655298107383927e-07
-1.454901582433740009e-06
-8.077175236552123914e-06
-1.486176143026709131e-05
-3.202328212409029249e-05
-4.140375728526904885e-05
-2.762611192012780765e-05
-1.231916232964587170e-05
7.191398886983766792e-06
7.525462326109741710e-05
1.627136633893856189e-04
3.198707493710812861e-04
5.015038450987637951e-04
6.950210408525482175e-04
9.980863393240881672e-04
1.312634260623623183e-03
1.652940993139374870e-03
2.027130134605378744e-03
2.406476409936592759e-03
2.796923236642193892e-03
3.263425973452733705e-03
3.769441303991388596e-03
4.297397178113678863e-03
4.828029600350509931e-03
5.368128063570593023e-03
5.929505729238730878e-03
6.501373240081424754e-03
7.142290551978324950e-03
7.818557705038744685e-03
8.492761323068115376e-03
9.196403933550676563e-03
9.895453516141130071e-03
1.061436412014471302e-02
1.131204703047172626e-02
1.204160289516082241e-02
1.275853402181462148e-02
1.348076646559289923e-02
1.419944341668819866e-02
1.489591042955246483e-02
1.570681519029251336e-02
1.649641795751388001e-02
1.729527293400125176e-02
1.815466491172196273e-02
1.907957703609782299e-02
1.998177079911186635e-02
2.093425634310770722e-02
2.185367267189136653e-02
2.278961024001164778e-02
2.374565742971128032e-02
2.484358776556402221e-02
2.591226541008409198e-02
2.698746837577015514e-02
2.821759704572958036e-02
2.945308393317073309e-02
3.067289763371788824e-02
3.195885993002720721e-02
3.333653531895087313e-02
3.469802269728712585e-02
3.600403312701976749e-02
3.736526480000576522e-02
3.864030365302059677e-02
3.982646124778679853e-02
4.093749666437103418e-02
4.196591273170177661e-02
4.296162704532813931e-02
4.395539812278881353e-02
4.494837150456829772e-02
4.594437634968231293e-02
4.692296405445273155e-02
4.799604836450929723e-02
4.921108228039849236e-02
5.054519481015664478e-02
5.189891029739876482e-02
5.327595782062491403e-02
5.472918755166480964e-02
5.616599347529690339e-02
5.769379346945004844e-02
5.924984981579171223e-02
6.075138844254309584e-02
6.229992204202538381e-02
6.385553796386853054e-02
6.542179694080188512e-02
6.697749334120266240e-02
6.846577867405115314e-02
6.996230889352039739e-02
7.136126634974392091e-02
7.276016236475592314e-02
7.402549680916022112e-02
7.531565304564499796e-02
7.654176206754556566e-02
7.774118931282611444e-02
7.900515637265533020e-02
8.038936950911020063e-02
8.184242938127339606e-02
8.351091065452553863e-02
8.524853153560736641e-02
8.697331893683843407e-02
8.877542359337919908e-02
9.054112323754445746e-02
9.234763323224394471e-02
9.420863448419487807e-02
9.597880422849672244e-02
9.772255571125590401e-02
9.936559166044578451e-02
1.009359897665207673e-01
1.024870266559420873e-01
1.039821013050853810e-01
1.053841963737503495e-01
1.068333984052414198e-01
1.082931988077588115e-01
1.097620358790414169e-01
1.111842810385062080e-01
1.125975528921180913e-01
1.139560387782874162e-01
1.153761679343088681e-01
1.168681717740273629e-01
1.183987516416630942e-01
1.200135094027262594e-01
1.216284570594231979e-01
1.231686468668791584e-01
1.246923376553124990e-01
1.262292969732599357e-01
1.277199732236751761e-01
1.292355749947841914e-01
1.307461765518822261e-01
1.322762383855512203e-01
1.338935059536186800e-01
1.354798829693882600e-01
1.387074893513037255e-01
