-1.494058946300655365e-06
-1.509600897989059928e-06
-7.410215203516029711e-04
-1.077108626796772269e-03
-1.378071275320658876e-03
-1.674292661828331039e-03
-1.989877665731037710e-03
-2.169679401477544664e-03
-2.375848299156423007e-03
-2.515172136649461258e-03
-2.621294342644299360e-03
-2.679331574768596506e-03
-2.683851368690683137e-03
-2.650375229530367322e-03
-2.554058538503126748e-03
-2.399153822155976334e-03
-2.174582589834349322e-03
-1.882737825903526554e-03
-1.534991810582982770e-03
-1.106312532811464357e-03
-6.166829335571310296e-04
-6.988236553151195251e-05
5.118534956597579682e-04
1.151192290336658462e-03
1.848877120381561996e-03
2.617833643280738972e-03
3.436698820191138280e-03
4.436660150580803291e-03
5.532705055971395662e-03
6.731953765372724122e-03
8.020713794572149891e-03
9.350978718805892653e-03
1.069472591948794279e-02
1.202670196242790202e-02
1.335410579254439969e-02
1.470196330852643028e-02
1.603239697589533413e-02
1.739229265824381379e-02
1.878608026991934396e-02
2.023502320094195880e-02
2.170266752503596450e-02
2.316250582256632398e-02
2.461478525477267879e-02
2.606843270838747964e-02
2.755520938169085318e-02
2.905918416148766531e-02
3.062049349272950166e-02
3.216203269060650960e-02
3.372884105082310513e-02
3.531892212016617127e-02
3.691471556753318783e-02
3.848863522133950943e-02
4.006643412947144545e-02
4.167418402715043768e-02
4.327877999962899402e-02
4.488470266535680986e-02
4.652083651183020613e-02
4.819788206397399716e-02
4.985753108847541110e-02
5.152477566937045672e-02
5.320436486189556585e-02
5.492478377009307744e-02
5.666251156907589626e-02
5.843179709086249868e-02
6.019819952485687409e-02
6.197148330549857170e-02
6.371660387478228493e-02
6.544184565297424261e-02
6.716220611488520065e-02
6.889102420464178478e-02
7.060815592412339470e-02
7.228428259029623382e-02
7.401245979699495880e-02
7.571294577268745940e-02
7.742914142683657297e-02
7.916713468210079263e-02
8.093983852872592422e-02
8.271279555248718662e-02
8.453444415940407353e-02
8.640334393224158305e-02
