-3.951610718160665225e-01
-3.935241247976165591e-01
-3.918618922750557454e-01
-3.901610900148999583e-01
-3.884641046746759585e-01
-3.867708028263721065e-01
-3.850575907041580703e-01
-3.833529451202705163e-01
-3.816681087639271497e-01
-3.799582689319181972e-01
-3.782300022499211489e-01
-3.764893954480882377e-01
-3.747327545344077970e-01
-3.729844013855307394e-01
-3.712499315542467371e-01
-3.694872656172354941e-01
-3.677314742812257120e-01
-3.659730105671075151e-01
-3.641887414000993251e-01
-3.624159706522785962e-01
-3.606431533731447869e-01
-3.588631957858897659e-01
-3.570697480902281229e-01
-3.552675997724200063e-01
-3.534631238417982324e-01
-3.516261744528722533e-01
-3.497849796650080445e-01
-3.479190033467133292e-01
-3.460515606583503545e-01
-3.441589590496516582e-01
-3.422474959369083414e-01
-3.402936146446461363e-01
-3.383184083064256220e-01
-3.363438944611510939e-01
-3.343589436836309492e-01
-3.323811527456260184e-01
-3.304016664694711669e-01
-3.284168434669613723e-01
-3.264355695862681817e-01
-3.244573235812941991e-01
-3.224722176485081970e-01
-3.204872023457097097e-01
-3.185022502471712702e-01
-3.165173436491598435e-01
-3.145324702381165349e-01
-3.125476159473211113e-01
-3.105627710054452151e-01
-3.085779288084015137e-01
-3.065930848271621323e-01
-3.046082358617663299e-01
-3.026233805089044715e-01
-3.006385184081734607e-01
-2.986536499537958966e-01
-2.966687760678276553e-01
-2.946838980224679161e-01
-2.926990126089502597e-01
-2.907141137967112487e-01
-2.887292022560135063e-01
-2.867442785708010367e-01
-2.847593533479300665e-01
-2.827744275245062111e-01
-2.807895019049517771e-01
-2.788045771768487002e-01
-2.768196539174903603e-01
-2.748347326013565461e-01
-2.728498153332210574e-01
-2.708649095418816377e-01
-2.688800147485104208e-01
-2.668951285930122319e-01
-2.649102422346374941e-01
-2.629253560686933833e-01
-2.609404705660942625e-01
-2.589555860795971776e-01
-2.569707028309962116e-01
-2.549858209022924926e-01
-2.530009402306134803e-01
-2.510160606068262412e-01
-2.490311821263559988e-01
-2.470463033119899288e-01
-2.450614259074439805e-01
-2.430765578858888609e-01
-2.410916997546678764e-01
-2.391068516422825974e-01
-2.371220073875159873e-01
-2.351371625881054361e-01
-2.331523168711210348e-01
-2.311674698995325183e-01
-2.291826213716582072e-01
-2.271977710213797241e-01
-2.252129170352825671e-01
-2.232280513048710280e-01
-2.212431743238242321e-01
-2.192582867104018729e-01
-2.172733906550804728e-01
-2.152884947957717510e-01
-2.133035989488430983e-01
-2.113187028844065174e-01
-2.093338064303422730e-01
-2.073489095349602129e-01
-2.053640122745864494e-01
-2.033791153817410269e-01
-2.013942181012149113e-01
-1.994093214680776049e-01
-1.974244260620689750e-01
-1.954395269980582217e-01
-1.934546188452689885e-01
-1.914697012133954879e-01
-1.894847744959120561e-01
-1.874998480053519656e-01
-1.855149221595619735e-01
-1.835299973475996438e-01
-1.815450739282811754e-01
-1.795601522273063411e-01
-1.775752325337116022e-01
-1.755903163298033198e-01
-1.736054114807099313e-01
-1.716205174285831969e-01
-1.696356327840707889e-01
-1.676507476895720272e-01
-1.656658625252738770e-01
-1.636809777650473641e-01
-1.616960937954535216e-01
-1.597112108757367532e-01
-1.577263291266630119e-01
-1.557414489315384898e-01
-1.537565692521663530e-01
-1.517716902377392318e-01
-1.497868114466898437e-01
-1.478019323410918462e-01
-1.458170625346374427e-01
-1.438322025745522870e-01
-1.418473526610788960e-01
-1.398625083441812078e-01
-1.378776635325957012e-01
-1.358928178518772345e-01
-1.339079709630386916e-01
-1.319231225617358561e-01
-1.299382723782815385e-01
-1.279534201780760938e-01
-1.259685562898190392e-01
-1.239836810796810102e-01
-1.219987951264615428e-01
-1.200138992077673522e-01
-1.180290032622065000e-01
-1.160441073504349246e-01
-1.140592112556410437e-01
-1.120743147892277608e-01
-1.100894178808103502e-01
-1.081045205864345493e-01
-1.061196234874324518e-01
-1.041347260788774431e-01
-1.021498292363179489e-01
-1.001649335212416170e-01
-9.818003573960111530e-02
-9.619512893890737326e-02
-9.421021265517388887e-02
-9.222528690960783704e-02
-9.024036025543447082e-02
-8.825543418291131870e-02
-8.627050908656493100e-02
-8.428558533093981342e-02
-8.230066324772374042e-02
-8.031574313212266891e-02
-7.833082523904558170e-02
-7.634591855691842677e-02
-7.436102273970364440e-02
-7.237613718221673487e-02
-7.039125201060708603e-02
-6.840636672017738618e-02
-6.642148176793123693e-02
-6.443659755777604581e-02
-6.245171436778620272e-02
-6.046683233846650296e-02
-5.848195191936220866e-02
-5.649707199613467068e-02
-5.451219279128741851e-02
-5.252731388517896394e-02
-5.054243472816618427e-02
-4.855756333295766641e-02
-4.657270173289290716e-02
-4.458785020745030525e-02
-4.260300585227567993e-02
-4.061816106274381694e-02
-3.863331545912659926e-02
-3.664846869758005277e-02
-3.466362046898267130e-02
-3.267877049870104855e-02
-3.069391854687063617e-02
-2.870905638205015209e-02
-2.672418283652420318e-02
-2.473929845590289514e-02
-2.275440398095884137e-02
-2.076950791335368737e-02
-1.878461190114268445e-02
-1.679971574252136363e-02
-1.481481923241143202e-02
-1.282992228206097235e-02
-1.084502539893406406e-02
-8.860127752164735637e-03
-6.875230171027866752e-03
-4.890333075380003634e-03
-2.905437007665358229e-03
-9.205404238600735237e-04
1.064365106185476703e-03
3.049280075349204439e-03
5.034204532716542342e-03
7.019131403374911232e-03
9.004057754448780565e-03
1.098898318621716920e-02
1.297390732913955395e-02
1.495882984653510057e-02
1.694375043800790126e-02
1.892866884302937813e-02
2.091357742897165251e-02
2.289847507096067977e-02
2.488336233914336185e-02
2.686824757179056763e-02
2.885313297499969565e-02
3.083801811034733720e-02
3.282290255819989705e-02
3.480778602232474650e-02
3.679266793205195757e-02
3.877754913022105759e-02
4.076242929401469040e-02
4.274730868309113696e-02
4.473218769572425563e-02
4.671706686227768135e-02
4.870193974643897972e-02
5.068680291094090906e-02
5.267165600473282944e-02
5.465650042593075963e-02
5.664134522036744224e-02
5.862619077297456099e-02
6.061103743281935630e-02
6.259588551440972704e-02
6.458073529791058531e-02
6.656558702880283063e-02
6.855044748955964329e-02
7.053531941164102592e-02
7.252020228084594955e-02
7.450509538837152279e-02
7.648999162424090226e-02
7.847488777915263836e-02
8.045978404036403797e-02
8.244468062960223775e-02
8.442957765424016769e-02
8.641447476724709031e-02
8.839937252115397104e-02
9.038427026594417213e-02
9.236916760060362441e-02
9.435406399969961666e-02
9.633895938661100888e-02
9.832386361191425284e-02
1.003087771997537014e-01
1.022937002765629821e-01
1.042786272867580466e-01
1.062635538424183818e-01
1.082484795398505478e-01
1.102334040051961145e-01
1.122183268967795605e-01
1.142032479083838065e-01
1.161881667728413281e-01
1.181730771765055060e-01
1.201579765569744940e-01
1.221428654578886608e-01
1.241277507209962577e-01
1.261126362158467296e-01
1.280975215205401585e-01
1.300824061971202206e-01
1.320672899281160884e-01
1.340521725296868194e-01
1.360370536315361756e-01
1.380219340337146272e-01
1.400068136136445596e-01
1.419916927493683756e-01
1.439765719519601750e-01
1.459614463891939495e-01
1.479463111977901424e-01
1.499311659487675419e-01
1.519160107269357796e-01
1.539008555695651481e-01
1.558857011146925486e-01
1.578705477167387516e-01
1.598553956954459621e-01
1.618402453361520721e-01
1.638250968895282322e-01
1.658099557059412588e-01
1.677948260467713726e-01
1.697797074228640790e-01
1.717645991536315975e-01
1.737494955536947050e-01
1.757343918418650397e-01
1.777192881906236588e-01
1.797041848387753160e-01
1.816890819124307999e-01
1.836739794147131677e-01
1.856588768431012559e-01
1.876437747293855096e-01
1.896286722714860262e-01
1.916135689628406247e-01
1.935984641811431817e-01
1.955833671031566856e-01
1.975682793220392974e-01
1.995532010449498905e-01
2.015381282265254204e-01
2.035230550200372024e-01
2.055079810170309107e-01
2.074929058384909486e-01
2.094778291370285872e-01
2.114627506001706680e-01
2.134476699540519551e-01
2.154325822431387982e-01
2.174174834215110985e-01
2.194023740316023707e-01
2.213872593619551910e-01
2.233721449821534921e-01
2.253570304882551445e-01
2.273419154245081009e-01
2.293267994535093668e-01
2.313116823703465497e-01
2.332965636848596536e-01
2.352814443817633494e-01
2.372663242100175873e-01
2.392512035262224501e-01
2.412360828210649011e-01
2.432209588380503107e-01
2.452058253053720493e-01
2.471906817601656203e-01
2.491755282060214016e-01
2.511603730680264102e-01
2.531452185727580129e-01
2.551300650804724790e-01
2.571149129164505553e-01
2.590997623715085574e-01
2.610846137018562607e-01
2.630694707652424524e-01
2.650543394149961207e-01
2.670392191834757289e-01
2.690241094234411268e-01
2.710090059254884332e-01
2.729939022858955955e-01
2.749787986699354092e-01
2.769636953236960242e-01
2.789485923914159504e-01
2.809334898956863946e-01
2.829183873553419715e-01
2.849032853215948680e-01
2.868881830113613751e-01
2.888730799372324909e-01
2.908579754945083140e-01
2.928428771191253777e-01
2.948277879742947083e-01
2.968127083414203171e-01
2.987976356364384078e-01
3.007825626085623427e-01
3.027674888446912904e-01
3.047524139610031657e-01
3.067373376049551958e-01
3.087222594584943525e-01
3.107071792417108735e-01
3.126920933986319096e-01
3.146769963492310751e-01
3.166618886398290811e-01
3.186467739769366925e-01
3.206316596632161064e-01
3.226165453146617179e-01
3.246014304590624233e-01
3.265863147400883126e-01
3.285711979321876974e-01
3.305560795187171830e-01
3.325409604708592370e-01
3.345258405119984624e-01
3.365107199771100177e-01
3.384955993363621407e-01
3.404804768845307028e-01
3.424653449704120889e-01
3.444502030975297724e-01
3.464350511887401285e-01
3.484198960700631287e-01
3.504047415344642702e-01
3.523895879478594617e-01
3.543744356409531115e-01
3.563592849099518345e-01
3.583441360165176004e-01
3.603289913053712157e-01
3.623138582707924327e-01
3.642987364375843695e-01
3.662836251890772554e-01
3.682685218027673124e-01
3.702534182433873666e-01
3.722383146876818705e-01
3.742232113699252571e-01
3.999976884558730239e-01
3.981985466166139132e-01
3.963992532423407655e-01
3.945999528580291238e-01
3.928006465850381601e-01
3.910013351929603198e-01
3.892020197167715412e-01
3.874027014281908876e-01
3.856033822627550345e-01
3.838040625539109740e-01
3.820047428258273037e-01
3.802054235707203467e-01
3.784061052490792498e-01
3.766067882884775453e-01
3.748074730813398814e-01
3.730081599819957128e-01
3.712088493046729609e-01
3.694095413149139917e-01
3.676102362330732065e-01
3.658109307288140988e-01
3.640116271856611019e-01
3.622123281897289271e-01
3.604130348527253558e-01
3.586137480873217154e-01
3.568144685798358973e-01
3.550151967703076838e-01
3.532159328392593944e-01
3.514166767005487135e-01
3.496174279999027523e-01
3.478181864626972986e-01
3.460189505219765649e-01
3.442197194300805063e-01
3.424204918478894188e-01
3.406212665062579581e-01
3.388220414873577835e-01
3.370228162956964146e-01
3.352235904738034011e-01
3.334243636002812150e-01
3.316251352894975524e-01
3.298259051923973506e-01
3.280266729979990914e-01
3.262274384351890322e-01
3.244282012745257626e-01
3.226289613298995995e-01
3.208297134460160183e-01
3.190304617514702068e-01
3.172312051861051474e-01
3.154319428614914544e-01
3.136326740920279965e-01
3.118333984180710616e-01
3.100341156219358352e-01
3.082348257374302181e-01
3.064355290536308618e-01
3.046362265612350684e-01
3.028369180649624903e-01
3.010376051138839437e-01
2.992382889626766795e-01
2.974389715779721111e-01
2.956396534660751252e-01
2.938403351310592826e-01
2.920410170702843478e-01
2.902416997514984387e-01
2.884423836122308460e-01
2.866430690575868523e-01
2.848437564568687685e-01
2.830444461394419076e-01
2.812451383902950242e-01
2.794458334457897153e-01
2.776465294590199639e-01
2.758472258027690471e-01
2.740479264412239435e-01
2.722486325200656476e-01
2.704493449917916847e-01
2.686500645869979720e-01
2.668507917927774864e-01
2.650515268378424993e-01
2.632522702210500221e-01
2.614530205453554634e-01
2.596537778177569478e-01
2.578545412099807477e-01
2.560553096468753398e-01
2.542560818231795472e-01
2.524568565951060828e-01
2.506576317688766209e-01
2.488584068423116691e-01
2.470591813520159052e-01
2.452599548713310096e-01
2.434607270098329557e-01
2.416614974138178717e-01
2.398622657674026049e-01
2.380630317939830543e-01
2.362637952578841294e-01
2.344645559661075740e-01
2.326653087792810992e-01
2.308660579689610914e-01
2.290668024510814360e-01
2.272675413071824357e-01
2.254682738164689448e-01
2.236689994798343739e-01
2.218697180369437194e-01
2.200704299200749725e-01
2.182711343993654629e-01
2.164718324905512414e-01
2.146725249456412077e-01
2.128732127601783153e-01
2.110738971585263135e-01
2.092745795747128490e-01
2.074752616270449379e-01
2.056759433738040155e-01
2.038766253190788247e-01
2.020773079368118064e-01
2.002779916704044150e-01
1.984786769306357557e-01
1.966793640924023590e-01
1.948800534907659254e-01
1.930807454167771386e-01
1.912814401135130571e-01
1.894821371490025275e-01
1.876828330087907393e-01
1.858835329672985370e-01
1.840842381989588883e-01
1.822849496901258470e-01
1.804856682088920306e-01
1.786863942823124773e-01
1.768871281806449758e-01
1.750878702776006712e-01
1.732886195587484413e-01
1.714893758916266886e-01
1.696901384877160246e-01
1.678909063092195730e-01
1.660916780852157160e-01
1.642924528017029873e-01
1.624932279984393213e-01
1.606940031675787028e-01
1.588947778404396216e-01
1.570955515851922557e-01
1.552963240061719929e-01
1.534970947442338141e-01
1.516978634777762236e-01
1.498986299241610032e-01
1.480993938413595057e-01
1.463001550297166886e-01
1.445009090237784899e-01
1.427016588965872579e-01
1.409024042198765980e-01
1.391031440471207081e-01
1.373038776249790316e-01
1.355046044184984866e-01
1.337053241292477379e-01
1.319060371436291956e-01
1.301067427064605264e-01
1.283074417864860373e-01
1.265081350973440433e-01
1.247088235981029802e-01
1.229095084792306836e-01
1.211101911440512907e-01
1.193108732856070359e-01
1.175115550386070795e-01
1.157122369126272338e-01
1.139129193867678969e-01
1.121136029096124198e-01
1.103142878974025382e-01
1.085149747309580859e-01
1.067156637518313494e-01
1.049163552581676845e-01
1.031170495007093929e-01
1.013177466793209330e-01
9.951844198796186425e-02
9.771914119873587046e-02
9.591984551221563460e-02
9.412055594620893917e-02
9.232127330436351587e-02
9.052199815227852941e-02
8.872273080071167717e-02
8.692347165691038935e-02
8.512421976388601097e-02
8.332497502119436128e-02
8.152573667968772420e-02
7.972650373883496955e-02
7.792727496226242723e-02
7.612804946625272018e-02
7.432882452899287895e-02
7.252959963725412462e-02
7.073037431726833524e-02
6.893114813214724912e-02
6.713192068102145915e-02
6.533269159929701309e-02
6.353346055963478289e-02
6.173422727336253663e-02
5.993499149212794946e-02
5.813575300966592613e-02
5.633650866890543146e-02
5.453725902022992650e-02
5.273800498115011059e-02
5.093874557831653410e-02
4.913948002690424893e-02
4.734020775709305018e-02
4.554092843328141210e-02
4.374164196691909118e-02
4.194234891538447391e-02
4.014304883738893659e-02
3.834374286449965252e-02
3.654443191735620017e-02
3.474511715039305115e-02
3.294579993419654435e-02
3.114648203315983910e-02
2.934716365975518354e-02
2.754784532864034546e-02
2.574852752391726049e-02
2.394921069944937198e-02
2.214989527725853835e-02
2.035058164452777096e-02
1.855127014972656266e-02
1.675532766915820843e-02
1.496710938701902201e-02
1.318073394155716040e-02
1.138401520611249593e-02
9.587271907862139272e-03
7.790505469138037098e-03
5.993718255535289419e-03
4.196913487565305002e-03
2.400094709656428425e-03
6.032662079119998797e-04
-1.193570521142151702e-03
-2.990411837908990567e-03
-4.787255615448108952e-03
-6.584100331540309811e-03
-8.380945067314796854e-03
-1.017778947837989778e-02
-1.197463373984672397e-02
-1.377147876964411773e-02
-1.556832483048327387e-02
-1.736517185471850300e-02
-1.916201989426367241e-02
-2.095886908958239855e-02
-2.275571964160838165e-02
-2.455257178707840118e-02
-2.634942577739518219e-02
-2.814628186091355094e-02
-2.994314026845640991e-02
-3.174000244709861834e-02
-3.353687102955492383e-02
-3.533374361491396082e-02
-3.713062125357208948e-02
-3.892750481031784920e-02
-4.072439493501325836e-02
-4.252129161122544798e-02
-4.431819594689030001e-02
-4.611510734109918602e-02
-4.791202543251140561e-02
-4.970894959758851567e-02
-5.150587895900977237e-02
-5.330281239909773899e-02
-5.509974857754169897e-02
-5.689668537894700118e-02
-5.869362274875194324e-02
-6.049056016555558885e-02
-6.228749713860062126e-02
-6.408443320747506111e-02
-6.588136794370311189e-02
-6.767830095363107368e-02
-6.947523188207853362e-02
-7.127216041628646470e-02
-7.306908628976475917e-02
-7.486600928573521052e-02
-7.666293436965064545e-02
-7.845985594656712525e-02
-8.025677275497482277e-02
-8.205368370864851713e-02
-8.385058792701229058e-02
-8.564748476160588542e-02
-8.744437381511979690e-02
-8.924125470351122746e-02
-9.103812807067550306e-02
-9.283499404968097168e-02
-9.463185330788098648e-02
-9.642870676953120557e-02
-9.822555560160084465e-02
-1.000224011952334929e-01
-1.018192452807766823e-01
-1.036072399636468883e-01
-1.054011875779866381e-01
-1.071903898348892520e-01
-1.089854758355995323e-01
-1.107805819230515687e-01
-1.125706994757735141e-01
-1.143503185890411139e-01
-1.161300019627027058e-01
-1.179047448157904965e-01
-1.196538099122876064e-01
-1.213916308892228901e-01
-1.231111561770599772e-01
-1.248275278895442375e-01
-1.265288772216792978e-01
-1.282388788497300924e-01
-1.299187057014589419e-01
-1.316150491346946005e-01
-1.332939673934476210e-01
-1.349815635019994686e-01
-1.366618930204627214e-01
-1.383646159613256543e-01
-1.400568465878656577e-01
-1.417741236084679446e-01
-1.434966770897010691e-01
-1.452114026115746692e-01
-1.469150612456917859e-01
-1.486317949587953602e-01
-1.503523809595795069e-01
-1.520731967554308228e-01
-1.537646350117566341e-01
-1.554534298590548591e-01
-1.571479068737489382e-01
-1.588441487438728150e-01
-1.605222632193583077e-01
-1.622036158624829139e-01
-1.639022796400718962e-01
-1.656011607773404115e-01
-1.672951238368473592e-01
-1.689944223331592554e-01
-1.706970844779407692e-01
-1.723930796557419931e-01
-1.740783970072348752e-01
-1.757620822087190837e-01
-1.774452118590993388e-01
-1.791152579323178340e-01
-1.807964541550309556e-01
-1.824634810169962207e-01
-1.841258355443774197e-01
-1.857787931506881818e-01
-1.874401312039260525e-01
-1.890894095994062052e-01
-1.907041197536049615e-01
-1.923134872570499698e-01
-1.939298395920942830e-01
-1.955522988841219278e-01
-1.971741152306099032e-01
-1.987605315635784520e-01
-2.003431874856860528e-01
-2.019308036131931827e-01
-2.034978011026419564e-01
-2.050580722875134099e-01
-2.066155143277849382e-01
-2.081743279342835873e-01
-2.097462249798304756e-01
-2.113245019276467629e-01
-2.129020930116907184e-01
-2.144590138904885479e-01
-2.160034972401854991e-01
-2.175494540395790932e-01
-2.190942492811765729e-01
-2.206190781527305467e-01
-2.221571954526028181e-01
-2.236874801026234594e-01
-2.252114243557409023e-01
-2.267233999234915531e-01
-2.282475235954579129e-01
-2.297547390948323498e-01
-2.312584297335893713e-01
-2.327868893443787168e-01
-2.343259462923273084e-01
-2.358654188522144590e-01
-2.374052495266401053e-01
-2.389453807771524385e-01
-2.404857576547842213e-01
-2.420263301017005764e-01
-2.435670560712371591e-01
-2.451079018786007646e-01
-2.466488345779995761e-01
-2.481898266111423890e-01
-2.497308511131826614e-01
-2.512718920410287327e-01
-2.528129374819542696e-01
-2.543539789933003670e-01
-2.558950109916369731e-01
-2.574356685099185582e-01
-2.589724501720492289e-01
-2.605061967191742434e-01
-2.620318689695158576e-01
-2.635432510248755245e-01
-2.650465888468372389e-01
-2.665103104597643102e-01
-2.679607490452163843e-01
-2.693993467856454771e-01
-2.708246197107541664e-01
-2.722285855304746316e-01
-2.736069228117780083e-01
-2.749921676442334539e-01
-2.763646990010519278e-01
-2.777156682416185296e-01
-2.790473120922341566e-01
-2.804030452239872906e-01
-2.817482060361796714e-01
-2.830865601111405283e-01
-2.844112019468698627e-01
-2.857089676843795889e-01
-2.869868366194947007e-01
-2.882697495482209327e-01
-2.895726988652363998e-01
-2.908592556558841080e-01
-2.921528914557610102e-01
-2.934394308584609701e-01
-2.947313485792447674e-01
-2.960003168575517374e-01
-2.972726266067297063e-01
-2.985460861938699639e-01
-2.998062333563795701e-01
-3.010667272343161560e-01
-3.023142951769535736e-01
-3.035694366761912399e-01
2.000013765122650167e-01
2.000013920682759960e-01
2.009508369835621144e-01
2.018752144270698767e-01
2.027935895748361472e-01
2.037002414041897413e-01
2.045913375391850419e-01
2.054595959307234099e-01
2.063173542059265064e-01
2.071596990715285636e-01
2.079951934323941987e-01
2.087999678926027169e-01
2.095821858437202367e-01
2.103548822130156815e-01
2.111046873824367065e-01
2.118272227677284458e-01
2.125372552418547667e-01
2.132292369254738529e-01
2.139079340540133434e-01
2.145792488686702748e-01
2.152374703156648972e-01
2.158795661301060875e-01
2.165117838224067115e-01
2.171323920949581321e-01
2.177305335962583521e-01
2.183177745558609328e-01
2.188940333341552191e-01
2.194577695701794839e-01
2.200087344860985061e-01
2.205456255347941208e-01
2.210664397757798882e-01
2.215733010104626588e-01
2.220649208999248836e-01
2.225472504285233855e-01
2.230182392833519600e-01
2.234754854458728679e-01
2.239109507302878554e-01
2.243298057417036084e-01
2.247306530010079462e-01
2.251173889369979531e-01
2.254787706042691575e-01
2.258250228386830261e-01
2.261558606303453178e-01
2.264742268600746788e-01
2.267776735385651776e-01
2.270603677777592033e-01
2.273249970285342314e-01
2.275732983333134951e-01
2.278042083168601295e-01
2.280131178268769432e-01
2.282089744264102493e-01
2.283913961464258402e-01
2.285585772133759408e-01
2.287093625621194615e-01
2.288407459283048617e-01
2.289561524553547500e-01
2.290513109016354409e-01
2.291283005295228492e-01
2.291861427507953797e-01
2.292274477004089817e-01
2.292565003209436625e-01
2.292717858915283846e-01
2.292714656422121244e-01
2.292542532432635949e-01
2.292208713892930905e-01
3.999986923519295301e-01
3.999986768208881882e-01
3.991947842220596177e-01
3.983948581530315503e-01
3.976260424308396546e-01
3.968745095074599494e-01
3.961258276118284627e-01
3.954053602502300424e-01
3.947145056251104567e-01
3.940447646455307318e-01
3.933939041022901373e-01
3.927544699025788955e-01
3.921341457345202675e-01
3.915334120612197211e-01
3.909440783215366033e-01
3.903714229025955218e-01
3.898133794865564772e-01
3.892810059845134285e-01
3.887726790611856775e-01
3.882929842557669708e-01
3.878228364141869666e-01
3.873759510603056455e-01
3.869484837363847407e-01
3.865430620785037519e-01
3.861482750725004354e-01
3.857632949506252795e-01
3.853922660325861393e-01
3.850376184540054147e-01
3.846957744219825504e-01
3.843659726542950628e-01
3.840468221682450389e-01
3.837417361348745004e-01
3.834534324426472907e-01
3.831857590964304894e-01
3.829210377965189260e-01
3.826673710361505054e-01
3.824236974478193440e-01
3.821999057268501976e-01
3.819879407040193686e-01
3.817812151245057462e-01
3.815819113258586137e-01
3.813903670182750560e-01
3.812075058366857783e-01
3.810348997978570962e-01
3.808736082965210601e-01
3.807229604960695735e-01
3.805862147355923986e-01
3.804591977980397721e-01
3.803537123363738837e-01
3.802652452322413668e-01
3.801887764280321158e-01
3.801250910972205910e-01
3.800726827568929322e-01
3.800317921676099608e-01
3.800026165738075723e-01
3.799866315099541536e-01
3.799848846723068996e-01
3.799996160376100107e-01
3.800327609987782518e-01
3.800851358462862262e-01
3.801546084413086057e-01
3.802383174451615666e-01
3.803370876230776076e-01
3.804523265009852606e-01
3.805808749984198047e-01
3.807187641987513360e-01
3.808741556861645616e-01
3.810485696374959486e-01
3.812355459252253498e-01
3.814358008703962466e-01
3.816488714172792673e-01
3.818716689322161351e-01
3.821073780740670278e-01
3.823512848525806862e-01
3.825985364262271538e-01
3.828535561073392324e-01
3.831100616348619980e-01
3.833828379904975492e-01
3.836745768813063506e-01
3.839769577699031489e-01
3.842856628796952889e-01
3.846000586549754297e-01
3.849234642035605503e-01
3.852564936861680445e-01
3.855971836900972116e-01
3.859444901916850301e-01
3.862934311143806365e-01
3.866508751218518114e-01
3.870142540408350595e-01
3.873877787393511518e-01
3.877683839088121864e-01
3.881465511318208383e-01
3.885263906788123389e-01
3.889046571433164567e-01
3.892965988206914529e-01
3.896778852534395488e-01
3.900637875340778882e-01
3.904591480977836482e-01
3.908613016356942693e-01
3.912817418578948825e-01
3.917004839911204517e-01
3.921178608955142031e-01
3.925410187474225876e-01
3.929616935483939977e-01
3.933803286014680434e-01
3.938004725884121648e-01
3.942130218099967887e-01
3.946274613555832977e-01
3.950325721485651864e-01
3.954314683111708195e-01
3.958137717614760298e-01
3.962026034309178990e-01
3.965900541804153745e-01
3.969651750911938892e-01
3.973421497041895178e-01
3.976983219474227726e-01
3.980410110446225280e-01
3.983821761192807842e-01
3.987193758507457386e-01
3.990398456317193476e-01
3.993412274061736156e-01
3.996318278015474346e-01
3.999180824478402729e-01
4.001934230340203347e-01
4.004734159282323791e-01
4.007492022956272715e-01
4.010226073959653470e-01
4.012915556254335048e-01
4.015602338743973765e-01
4.018216252262227783e-01
4.020936176060371237e-01
4.023585165860529833e-01
4.026345325531333619e-01
4.028899816341400264e-01
4.031367789963208326e-01
4.033907105718124164e-01
4.036364722390393123e-01
4.038700022574078230e-01
4.040882743511444719e-01
4.043061208517456095e-01
4.045206821952813669e-01
4.047413321874238634e-01
4.049571258664416140e-01
4.051707891038056619e-01
4.053775941078949230e-01
4.055698618992039650e-01
4.057645224114770355e-01
4.059538538900858140e-01
4.061442049031869228e-01
4.063428257565062096e-01
4.065434467225680915e-01
4.067479857772525187e-01
4.069583288189411729e-01
4.071799557791368485e-01
4.074030013006806894e-01
4.076298076731474374e-01
4.078618195440028016e-01
4.081037164031163789e-01
4.083507470891249436e-01
4.086028096838654200e-01
4.088652507542644421e-01
4.091315217517240699e-01
4.093982279200635843e-01
4.096606245028445725e-01
4.099354619202337235e-01
