-2.000003231745713372e-01
-2.000003383176124361e-01
-2.001722092992433422e-01
-2.003381458537053517e-01
-2.005045426423539001e-01
-2.006714321487717279e-01
-2.008388068055629028e-01
-2.010066345808303179e-01
-2.011748693629568929e-01
-2.013434585868350279e-01
-2.015123485903866363e-01
-2.016814881806645587e-01
-1.622577536044108315e-01
-1.613393200920504866e-01
-1.603399257764601127e-01
-1.592898075219557341e-01
-1.583121121871575721e-01
-1.573295772361403277e-01
-1.563123828090776102e-01
-1.553930196361748006e-01
-1.544745332558138395e-01
-1.534808772888808515e-01
-1.525428921114716507e-01
-1.516614659323168857e-01
-1.507636591871664711e-01
-1.498613467623533813e-01
-1.489157587164127439e-01
-1.479837719902416249e-01
-1.470678063614783704e-01
-1.461567673456178329e-01
-1.453034007214704104e-01
-1.444594065934483584e-01
-1.436197062659021195e-01
-1.427660721722192327e-01
-1.419024744378998837e-01
-1.410025344840585004e-01
-1.400240316341309077e-01
-1.391243826142012086e-01
-1.381774918070515223e-01
-1.372576792763021414e-01
-1.362766366188248035e-01
-1.352599055084962865e-01
-1.342357635652273729e-01
-1.331587377501617653e-01
-1.320490228751751705e-01
-1.309273085292173844e-01
-1.298209413129369216e-01
-1.286595816967663342e-01
-1.275058111186429255e-01
-1.262873788973079558e-01
-1.250430125754939947e-01
-1.238413728631889421e-01
-1.224595853323892786e-01
-1.211174084577059523e-01
-1.197867921332647217e-01
-1.184705881984675774e-01
-1.170477051949743164e-01
-1.155019635494493047e-01
-1.140628075769204580e-01
-1.125285969484017129e-01
-1.109933076204557972e-01
-1.095532128354065882e-01
-1.080285080966980199e-01
-1.065214949460986660e-01
-1.049623445643828173e-01
-1.034771282257780090e-01
-1.019905937315007116e-01
-1.006080326488591331e-01
-9.909909092561700050e-02
-9.763012056864961430e-02
-9.620356045785004306e-02
-9.472391963363377410e-02
-9.320662122770514979e-02
-9.165311719584294525e-02
-9.001546013142519564e-02
-8.846929247227791615e-02
-8.686216429550872031e-02
-8.523505729978718415e-02
-8.319742890236381250e-02
-8.141763166958480846e-02
-7.974122198951164031e-02
-7.815147298658611796e-02
-7.671053900333010822e-02
-7.536876250010392242e-02
-7.383925823420751933e-02
-7.255564785306252429e-02
-7.113792947262469191e-02
-6.959501932798098367e-02
-6.781260632546098899e-02
-6.600946521949714596e-02
-6.449162664240833120e-02
-6.269268146829638788e-02
-6.119504849666693169e-02
-5.983926802777222997e-02
-5.819229878069828027e-02
-5.659168579443015629e-02
-5.510317188512546538e-02
-5.359039091333406279e-02
-5.224173542869795656e-02
-5.088067658675263921e-02
-4.942072950801621595e-02
-4.770700676296892734e-02
-4.594914139320620261e-02
-4.408976713366598993e-02
-4.243154597760780827e-02
-4.049423429742431135e-02
-3.872231980206818774e-02
-3.680514271005788651e-02
-3.505995091495067717e-02
-3.293313119881016715e-02
-3.079065113438906112e-02
-2.880834231705363402e-02
-2.642483474037079019e-02
-2.441160283745395093e-02
-2.223065583894701797e-02
-2.003631364821401029e-02
-1.789696487119728230e-02
-1.583748065953364051e-02
-1.399526091700854097e-02
-1.216319539732357152e-02
-1.036271148617478113e-02
-8.733663836917050435e-03
-7.204646517063892884e-03
-5.750809633036859866e-03
-4.359020228514750434e-03
-3.056207909342696649e-03
-1.806642786717753022e-03
-6.100584969489382912e-04
5.368582335970149702e-04
1.618918363486540786e-03
2.631452914544430040e-03
3.612198891314609417e-03
4.565739324255677078e-03
5.486802821887194412e-03
6.326475583357836670e-03
7.085948307489573633e-03
7.783004387202866609e-03
8.387086497441758118e-03
8.960649327674954229e-03
9.513900221587653222e-03
1.001022080567960833e-02
1.046547220852027046e-02
1.086738590139977971e-02
1.119415502800713905e-02
1.143478950072336804e-02
1.159964574401703592e-02
1.174397995227609640e-02
1.191250781089683332e-02
1.206367349933243176e-02
1.216232131894293307e-02
1.220240595838303910e-02
1.218455329570979767e-02
1.211081831318763791e-02
1.197323279896334372e-02
1.177696340450507320e-02
1.152387227041297944e-02
1.121321643282360662e-02
1.083768230584582215e-02
1.040350854968893034e-02
9.910537137545390521e-03
9.397529274648763753e-03
8.864479377824682760e-03
8.295392640047053942e-03
7.682675218054922130e-03
7.056815523013255237e-03
6.398324216771746759e-03
5.697487860644582722e-03
4.959020611587586745e-03
4.180476763405805395e-03
3.307199832567930212e-03
2.467973140010303740e-03
1.615622903598103828e-03
7.002142129791101522e-04
-2.598396859549705496e-04
-1.176486679415767594e-03
-2.075622014186602471e-03
-2.954467348393651285e-03
-3.885091097865515843e-03
-4.831242849156651593e-03
-5.765634862075329041e-03
-6.728159707340870821e-03
-7.673014659077291577e-03
-8.648076123713360069e-03
-9.609522907380053588e-03
-1.057704787236007395e-02
-1.153064041551269021e-02
-1.244292257902019500e-02
-1.336921143452334329e-02
-1.427674173542913851e-02
-1.523684000727598513e-02
-1.621234238352860582e-02
-1.719534419604750244e-02
-1.824492732400873757e-02
-1.929995699721141419e-02
-2.035456310455300774e-02
-2.138513609058616954e-02
-2.245937374094207628e-02
-2.352345107826509657e-02
-2.461301387077214145e-02
-2.568006244148952205e-02
-2.668376216959751634e-02
-2.769364524565967947e-02
-2.876795528368582266e-02
-2.984374162150394555e-02
-3.084249920260256211e-02
-3.179729202924413273e-02
-3.272897220653066264e-02
-3.363461168262182888e-02
-3.451886219791911597e-02
-3.541539446997979401e-02
-3.624901145761438154e-02
-3.712637589180291242e-02
-3.806099826147613802e-02
-3.898428600680148293e-02
-3.984675050024704540e-02
-4.066805396083353341e-02
-4.151370962815023602e-02
-4.239496124750549710e-02
-4.326242183055559881e-02
-4.407624843250279589e-02
-4.490317843625647731e-02
-4.575150859754847921e-02
-4.663534552071783162e-02
-4.751950679455187176e-02
-4.840058983732190706e-02
-4.925789364077470117e-02
-5.013878701485818823e-02
-5.102354990080144176e-02
-5.193298075512070566e-02
-5.287651828230686968e-02
-5.374756428167547923e-02
-5.465558798036317806e-02
-5.548466250239293684e-02
-5.627353009997011768e-02
-5.697509099122100018e-02
-5.772347014665683146e-02
-5.845222737321181805e-02
-5.921977746650693153e-02
-5.996083212863750206e-02
-6.073762529392207066e-02
-6.149386857492759179e-02
-6.226997180354487682e-02
-6.302840543223188485e-02
-6.378358500926743779e-02
-6.454774482748688869e-02
-6.528962235418694915e-02
-6.602389732414411239e-02
-6.673944038526083422e-02
-6.744784809176572471e-02
-6.818493397613469009e-02
-6.893224987395246695e-02
-6.966269198239438687e-02
-7.034730206126618701e-02
-7.108684482635160840e-02
-7.183628379283792109e-02
-7.264633695150808645e-02
-7.340986668204939336e-02
-7.429076741066220624e-02
-7.517680353995145892e-02
-7.616891425008887051e-02
-7.721545586861751354e-02
-7.813516847746704297e-02
-7.906247877037182736e-02
-8.007949286195648053e-02
-8.093757067148144024e-02
-8.187358918664067176e-02
-8.275954224925244351e-02
-8.359898795739367783e-02
-8.444886567713337511e-02
-8.523926176235811780e-02
-8.610606372578043233e-02
-8.694642045777169204e-02
-8.779517347237211777e-02
-8.868629093208693637e-02
-8.962201925592483409e-02
-9.057863766468825240e-02
-9.157446006423372586e-02
-9.258340758207415921e-02
-9.361997687670386981e-02
-9.473699790022191425e-02
-9.574626179515741131e-02
-9.668259748921372021e-02
-9.762892811728282605e-02
-9.858914209623124980e-02
-9.947998925109195756e-02
-1.004684804941952808e-01
-1.015131171925109238e-01
-1.025179150764995162e-01
-1.035247245961787854e-01
-1.047108655555638451e-01
-1.058771077543529809e-01
-1.069997291186112753e-01
-1.082458931200205449e-01
-1.097023095060132847e-01
-1.112830246169633219e-01
-1.134069145956374675e-01
-1.150431081227015900e-01
-1.167288175076983958e-01
-1.190373418571518821e-01
-1.211334528922214243e-01
-1.232623269113994474e-01
-1.254783670807017582e-01
-1.277649380413318492e-01
-1.300441550628251286e-01
-1.322520842660339924e-01
-1.345860131387232594e-01
-1.366468157525737581e-01
-1.386061720785949636e-01
-1.407755316577769533e-01
-1.428399806103617942e-01
-1.450989725993216406e-01
-1.469921070490192161e-01
-1.489847702101785021e-01
-1.511369424124507643e-01
-1.531623142042076446e-01
-1.551787952869636278e-01
-1.574202158949576658e-01
-1.596987511646834057e-01
-1.619349988165728893e-01
-1.642895756324973811e-01
-1.665553922160764588e-01
-1.689192927423487089e-01
-1.712415664846880514e-01
-1.733620679366378869e-01
-1.755079796042964824e-01
-1.772367946769986824e-01
-1.787693655072087051e-01
-1.802349270877479925e-01
-1.816465639418624323e-01
-1.830023433465118032e-01
-1.843909741220260967e-01
-1.857051202750608365e-01
-1.870617842464605829e-01
-1.885786465861291894e-01
-1.900281885734622367e-01
-1.913570966559524356e-01
-1.925762693712474161e-01
-1.938115262801158312e-01
-1.948853758961997806e-01
-1.959978492549389884e-01
-1.970695160412603009e-01
-1.981753511067673723e-01
-1.991946347709445952e-01
-2.001756429705703610e-01
-2.011296455152512819e-01
-2.020363721019129977e-01
-2.028751225084224619e-01
-2.036964304191606068e-01
-4.000017465919792348e-01
-4.013501661393051867e-01
-4.020465578924692918e-01
-4.028005242504924532e-01
-4.035971152687067853e-01
-4.044051488227298763e-01
-4.052808873367737541e-01
-4.062087486688359395e-01
-4.071344499884053114e-01
-4.080486201491214659e-01
-4.089960956359842137e-01
-4.099741490793259446e-01
-4.109963423378622527e-01
-4.120892896569902097e-01
-4.133090925128715676e-01
-4.144485421721107454e-01
-4.155013547549584740e-01
-4.164194586426044897e-01
-4.170663221261141640e-01
-4.175202678925982180e-01
-4.181670425624000043e-01
-4.193998439584745719e-01
-4.206911009476008156e-01
-4.219941184773526865e-01
-4.233226485070006317e-01
-4.246185325160868329e-01
-4.259102489553879267e-01
-4.271983082001271081e-01
-4.284944032861664476e-01
-4.297847100462804382e-01
-4.310375048797339126e-01
-4.322562668151018195e-01
-4.334377933704539054e-01
-4.345741197424477509e-01
-4.356802134728074427e-01
-4.367005403276765230e-01
-4.376655123818285476e-01
-4.385673833665127974e-01
-4.394347319769687510e-01
-4.401836777018807711e-01
-4.422810971986465556e-01
-4.443770698177277878e-01
-4.464729536880837624e-01
-4.485698205089596602e-01
-4.506754579466575872e-01
-4.527824058279291686e-01
-4.548907177811525870e-01
-4.570003389238478375e-01
-4.591111494547859273e-01
-4.612230107095969256e-01
-4.633357708429672872e-01
-4.654492784687350171e-01
-4.675633914028045623e-01
-4.696779778755716950e-01
-4.717929415037585561e-01
-4.739081997845703831e-01
-4.760236794122534310e-01
-4.781393254257327308e-01
-4.802550947009832649e-01
-4.823709540674142593e-01
-4.844868784904858283e-01
-4.866028494067502486e-01
-4.887188528079700056e-01
-4.908348681360231724e-01
-4.929508852935043373e-01
-4.950668975591521748e-01
-4.971829004752617021e-01
-4.992988831744705203e-01
-5.014148422660451576e-01
-5.035307774344427445e-01
-5.056466890936048841e-01
-5.077625781660721760e-01
-5.098784458142636700e-01
-5.119943054033758711e-01
-5.141101619730890082e-01
-5.162260175848862875e-01
-4.000022570159296187e-01
-4.000022728898764979e-01
-4.017213469595344311e-01
-4.022496611057311267e-01
-4.028188258011369816e-01
-4.034278881024134789e-01
-4.040699103556851801e-01
-4.047653032200027590e-01
-4.054879226889498978e-01
-4.062392121716763560e-01
-4.069944744638481215e-01
-4.078002245643216894e-01
-4.085959371082448222e-01
-4.094050223304323555e-01
-4.102686574844492950e-01
-4.111990357905351279e-01
-4.121085464558875699e-01
-4.130231186171895996e-01
-4.139267337304790018e-01
-4.148428022817397531e-01
-4.157498996585712869e-01
-4.166405504345021549e-01
-4.175939342702083557e-01
-4.185240808913842647e-01
-4.194042098286514531e-01
-4.202617135887792843e-01
-4.210689622623967066e-01
-4.219149219703454134e-01
-4.227410588795983415e-01
-4.235499827177165444e-01
-4.243628475750430007e-01
-4.251638857587087816e-01
-4.259415007587589730e-01
-4.265700059981492598e-01
-4.272041731199387460e-01
-4.277988244386030092e-01
-4.284353698710052782e-01
-4.290408425260892611e-01
-4.296182092164593791e-01
-4.301927817481105976e-01
-4.307984958418646926e-01
-4.313646387001432991e-01
-4.318614745881588779e-01
-4.340151552306331650e-01
-4.361719052589022039e-01
-4.383272154644484719e-01
-4.404806658804396036e-01
-4.426346193488381875e-01
-4.447888910829863041e-01
-4.469436011458685076e-01
-4.490988204882388479e-01
-4.512545600610308738e-01
-4.534108219561276965e-01
-4.555675554413380346e-01
-4.577247014776366085e-01
-4.598821974406703816e-01
-4.620399587085714521e-01
-4.641979363534228797e-01
-4.663560812863980498e-01
-4.685143555029142592e-01
-4.706727383529605846e-01
-4.728312126537586035e-01
-4.749897593421111841e-01
-4.771483637259400501e-01
-4.793070185307715669e-01
-4.814657121716935384e-01
-4.836244356348379791e-01
-4.857831822120429743e-01
-4.879419469527276343e-01
-4.901007262026128575e-01
-4.922595172259251473e-01
-4.944183179289463603e-01
-4.965771262254695673e-01
-4.987359267205382363e-01
-5.008947184134211472e-01
-5.030535004885929862e-01
-5.052122719809134521e-01
-5.073710319365785093e-01
-5.095297835870186143e-01
-5.116885347077048118e-01
-5.138472800113709216e-01
-5.160060160900030723e-01
-5.181647444834055483e-01
-2.000029791239090748e-01
-2.000029951451834376e-01
-2.019132283135662009e-01
-2.030091587657721353e-01
-2.041777868662030537e-01
-2.053389476854912687e-01
-2.066453698249039739e-01
-2.080678272191074374e-01
-2.096736492629849569e-01
-2.113555553599532622e-01
-2.130956963017598682e-01
-2.148042092832711247e-01
-2.163276273683377438e-01
-2.180959068665070111e-01
-2.198849307437701350e-01
-2.216005445780098448e-01
-2.233338365925632285e-01
-2.250315202380198387e-01
-2.267387976755433632e-01
-2.284568520731243835e-01
-2.302175053249909953e-01
-2.319460760527881638e-01
-2.337342111309975712e-01
-2.355110837562372494e-01
-2.372505455639020433e-01
-2.390268004199023466e-01
-2.406517228627858551e-01
-2.423377280403070100e-01
-2.438933130535713700e-01
-2.454421354576878933e-01
-2.470068148054245794e-01
-2.486056662525451544e-01
-2.501984151519611732e-01
-2.517292387149580035e-01
-2.532541353897621583e-01
-2.548298392221998721e-01
-2.563957430100274881e-01
-2.580187740835278021e-01
-2.596170583830915146e-01
-2.612459718385888863e-01
-2.629856146317159915e-01
-2.646698200490807951e-01
-2.663572353544041427e-01
-2.679668219214002556e-01
-2.695736888057668201e-01
-2.711414053236383404e-01
-2.726392815842028639e-01
-2.741532396538108873e-01
-2.756572772990936171e-01
-2.770809386224510340e-01
-2.784540494945112465e-01
-2.798342988986173840e-01
-2.812587855526732517e-01
-2.826419571761164540e-01
-2.840126502338884973e-01
-2.854171943982545256e-01
-2.867916135407270750e-01
-2.881541215180026816e-01
-2.894751198744531795e-01
-2.907492069408349478e-01
-2.919681092218344709e-01
-2.931795288513610043e-01
-2.942118427121502289e-01
-2.954132969454577595e-01
-2.965654895235328437e-01
-2.977977907208529396e-01
-2.990613917231925711e-01
-3.002040484189309466e-01
-3.012172499255660885e-01
-3.021607415255592177e-01
-3.031237783456613433e-01
-3.039860004391065074e-01
-3.050342525814835892e-01
-3.058750057957213553e-01
-3.068330290368001534e-01
-3.079228825773390743e-01
-3.090831565902545930e-01
-3.100837478486017651e-01
-3.112597911214446955e-01
-3.124362580819944335e-01
-3.136297480111043812e-01
-3.147406775980844951e-01
-3.158165403022549222e-01
-3.168553357919039470e-01
-3.180167080394995516e-01
-3.190355215750652618e-01
-3.201151099926805021e-01
-3.212885277663249939e-01
-3.223237716573279510e-01
-3.233859495936333150e-01
-3.240893315715966949e-01
-3.251814642201761307e-01
-3.263557438754100537e-01
-3.274881534284921347e-01
-3.285527391287711985e-01
-3.294978091889486649e-01
-3.301599017564799676e-01
-3.310763946045395256e-01
-3.318906245463218441e-01
-3.329872685142590272e-01
-3.340169778702751224e-01
-3.350553182742792568e-01
-3.361681356496216688e-01
-3.372167942358047510e-01
-3.377919397199217189e-01
-3.389272486527751815e-01
-3.398664289853290943e-01
-3.408699477756556018e-01
-3.418399270934405210e-01
-3.425588497688117351e-01
-3.436891806020467288e-01
-3.446954593555714985e-01
-3.457264842231126400e-01
-3.465903308282761164e-01
-3.475202727621647947e-01
-3.485231677790114890e-01
-3.494722130655896764e-01
-3.502256814280732544e-01
-3.510424681713121831e-01
-3.516658703547986264e-01
-3.522959743342106154e-01
-3.529873283362751080e-01
-3.533611711390942656e-01
-3.538429486100116428e-01
-3.543064340477037333e-01
-3.549683963709367451e-01
-3.553538369332503999e-01
-3.559744281715055414e-01
-3.564747700258129037e-01
-3.571144189164400795e-01
-3.577971665123154676e-01
-3.584983585421126495e-01
-3.592880248039155289e-01
-3.599973054288592711e-01
-3.606572333067160074e-01
-3.614039253227845361e-01
-3.620356078428415558e-01
-3.627757558754049483e-01
-3.635705180926031010e-01
-3.643258773434225883e-01
-3.652211553847923287e-01
-3.661119918349556857e-01
-3.670122399391977930e-01
-3.678724926492857317e-01
-3.688217498756590218e-01
-3.697257157871329247e-01
-3.705574167126295393e-01
-3.714176854156844287e-01
-3.722853503826275001e-01
-3.730422628144392516e-01
-3.736669801494867937e-01
-3.740884961241028872e-01
-3.744988856071770345e-01
-3.750059908211053061e-01
-3.754880997324329117e-01
-3.759742226254233488e-01
-3.764068092151718337e-01
-3.770184767381325464e-01
-3.773680174621667494e-01
-3.776320919290503952e-01
-3.779984925917705407e-01
-3.787272439018831149e-01
-3.792025240986950929e-01
-3.798680593568780628e-01
-3.808322123012581883e-01
-3.817412769265791095e-01
-3.826707844994029495e-01
-3.833882019428868082e-01
-3.845070117847226854e-01
-3.857797339875380094e-01
-3.869499043476464228e-01
-3.883569408145113866e-01
-3.897789082404533034e-01
-3.911818952718640330e-01
-3.926512930630134957e-01
-3.941095601045412899e-01
-3.955907792201354134e-01
-3.969983436953453682e-01
-3.984744140193649531e-01
-3.999640897715230348e-01
-4.014549308469838595e-01
-4.029572657944857639e-01
-4.044646125021096328e-01
-4.059827762763000281e-01
-4.072178497726336999e-01
-4.087153861040355163e-01
-4.102400174885588169e-01
-4.117876442985222707e-01
-4.132749459591185115e-01
-4.148311732219370218e-01
-4.161690712943509896e-01
-4.175300517846040615e-01
-4.180116450310402132e-01
-4.190738555547518507e-01
-4.194549664379979559e-01
-4.195461558088515730e-01
-4.196186851080196401e-01
-4.216603128660855182e-01
-4.819044371793736217e-07
-4.970940361864139943e-07
-2.336244873913660204e-04
-1.549089995196255287e-04
-1.019800035705873981e-04
-6.995285897088995115e-05
-5.579880767965805539e-05
-6.032272339033179685e-05
-8.324468545839550657e-05
-1.228998973287856206e-04
-1.807313193082349921e-04
-2.648739448003149116e-04
-3.759429042367004765e-04
-4.959962968768076011e-04
-6.382685405487925710e-04
-8.125052285368004196e-04
-9.962413582170423238e-04
-1.215927485578403118e-03
-1.436623814247163337e-03
-1.664534910545873358e-03
-1.931759926853191542e-03
-2.186518877242756009e-03
-2.474261693424748779e-03
-2.783578863333582235e-03
-3.085182247177839076e-03
-3.399134272954470928e-03
-3.733987705205771192e-03
-4.084279303510467314e-03
-4.434421375450253375e-03
-4.814342738502263783e-03
-5.216488230068731455e-03
-5.587802109462132287e-03
-5.924388661071434622e-03
-6.268012858934696695e-03
-6.630112803744051854e-03
-6.924198642100825099e-03
-7.253143911449325826e-03
-7.539640513405995899e-03
-7.873378900425260715e-03
-8.243043263337322679e-03
-8.682246660361370855e-03
-9.139128646836081060e-03
-9.595418490715325668e-03
-1.001795672715956841e-02
-1.046485898053704615e-02
-1.056876436881450630e-02
-1.071350948987965720e-02
-1.103808208795050393e-02
-1.146199312097175710e-02
-1.194665437982351565e-02
-1.245126713485550374e-02
-1.284475127843430660e-02
-1.331233584199319545e-02
-1.371064520645271130e-02
-1.406481102050787489e-02
-1.417047794870529565e-02
-1.445949915932228519e-02
-1.474207017253167072e-02
-1.506869072247098672e-02
-1.548602558331761692e-02
-1.585004505623562737e-02
-1.611040571348814829e-02
-1.642738548341788826e-02
-1.687366776374562768e-02
-1.724965083321821149e-02
-1.766969819400059788e-02
-1.803182846328650266e-02
-1.851134704661730468e-02
-1.896609932641777144e-02
-1.943686620363858919e-02
-1.981786946511248509e-02
-2.004650988417959467e-02
-2.047659583172255215e-02
-2.085874384534619833e-02
-2.129955450230854030e-02
-2.167392755726332138e-02
-2.204121640524471862e-02
-2.242094102360980140e-02
-2.280950046535134765e-02
-2.315914732022189212e-02
-2.354283444750838311e-02
-2.387557788054267549e-02
-2.421883610342716667e-02
-2.441235919102363941e-02
-2.451679812873939698e-02
-2.455747486114041520e-02
-2.470818957742983157e-02
-2.462365846149080009e-02
-2.472794024224305928e-02
-2.502223248061992422e-02
-2.528141535719931679e-02
-2.563659542915227782e-02
-2.585707895646163768e-02
-2.619234733119383401e-02
-2.650621689164558287e-02
-2.670707192716094761e-02
-2.698363307076181300e-02
-2.722980601129289246e-02
-2.748373718722416092e-02
-2.776120083324940327e-02
-2.801593369320499669e-02
-2.821044789750352250e-02
-2.844336242139216056e-02
-2.868269681130642540e-02
-2.894081368196357515e-02
-2.920031054591189570e-02
-2.939722647603115399e-02
-2.964060565404830205e-02
-2.987977204046377358e-02
-3.014608947235414282e-02
-3.040067909625355363e-02
-3.065512614079567155e-02
-3.089060187561697840e-02
-3.111059638913933958e-02
-3.133480717486229750e-02
-3.157697798535603201e-02
-3.181505114307239812e-02
-3.205301555498667188e-02
-3.227171221716277488e-02
-3.250650789596734591e-02
-3.276405859766769874e-02
-3.298932877686475140e-02
-3.322248130266499538e-02
-3.341289362728023377e-02
-3.360255401615872689e-02
-3.380418210918761240e-02
-3.400068703128799469e-02
-3.420388746966598198e-02
-3.439399834049602922e-02
-3.460095069382893018e-02
-3.482286016048453947e-02
-3.493404209830414803e-02
-3.506768309640553166e-02
-3.506107891638735041e-02
-3.516944059012856033e-02
-3.526585599747138894e-02
-3.531390342844062391e-02
-3.531670506932541725e-02
-3.527287618787883910e-02
-3.540854549955192027e-02
-3.555200097188392777e-02
-3.572880294991413741e-02
-3.586926620139196248e-02
-3.601396097264672469e-02
-3.613884520729364336e-02
-3.626041042644513601e-02
-3.632194349345482104e-02
-3.640127817805165200e-02
-3.648301796628621724e-02
-3.644376543681372010e-02
-3.637686380744079018e-02
-3.635250013162504013e-02
-3.632496780927831070e-02
-3.627559199596687434e-02
-3.637703576672014771e-02
-3.640103365801120039e-02
-3.626278102875890585e-02
-3.604332943423132346e-02
-3.579286869291440493e-02
-3.562644731144505583e-02
-3.544378099232863011e-02
-3.538967677895088482e-02
-3.538262461834092848e-02
-3.542329713760526688e-02
-3.542380950889680719e-02
-3.546861343878957018e-02
-3.544984230019135318e-02
-3.547520690343945737e-02
-3.531588546076477875e-02
-3.519928604819241164e-02
-3.507652751549118764e-02
-3.488630247438795351e-02
-3.458175032666309379e-02
-3.424329734905645628e-02
-3.383534316168676503e-02
-3.359647737189561806e-02
-3.335850137241450769e-02
-3.318794777705069005e-02
-3.307111175360110539e-02
-3.291069060981339361e-02
-3.288981220185953347e-02
-3.265625351830151596e-02
-3.249070551808024010e-02
-3.237881381447817175e-02
-3.213270381866981107e-02
-3.191421542892129010e-02
-3.191792157928406704e-02
-3.191044708928523349e-02
-3.191861029056658472e-02
-3.183068724457153997e-02
-3.177000679101055214e-02
-3.156837443307425328e-02
-3.147987917257880075e-02
-3.146840617661007811e-02
-3.135456657319055096e-02
-3.114345810273142640e-02
-3.096576461335965799e-02
-3.083132331881752175e-02
-3.081239104322130648e-02
-3.084021327704572490e-02
-3.073593793491114293e-02
-3.079196595994823302e-02
-3.089939419044125321e-02
-3.088621713357354859e-02
-3.084039714569440649e-02
-3.024909211612668986e-02
-2.945365156024271416e-02
-2.896817858347472754e-02
-2.827575638715932455e-02
-2.753322864736542502e-02
-2.681803312197187511e-02
-2.618572748911327658e-02
-2.571637292822823856e-02
-2.544656533481774729e-02
-2.494706409253087329e-02
-2.445278408671672232e-02
-2.395002011472759096e-02
-2.345344323116890783e-02
-2.267120594663757024e-02
-2.204481599245523143e-02
-2.130016211560455466e-02
-2.071350799604003770e-02
-2.007651739169196911e-02
-1.980699464095601534e-02
-1.947903119219093759e-02
-1.888442732199143922e-02
-1.822941351759469961e-02
-1.741142119728289472e-02
-1.669253080081365900e-02
-1.617089574728215046e-02
-1.571175873864648700e-02
-1.500963216765086386e-02
-1.454791909501220414e-02
-1.410370041920451338e-02
-1.391619922866027363e-02
-1.367659311771804616e-02
-1.314076402861951050e-02
-1.243279442541577601e-02
-1.198845403589548879e-02
-1.189861059807903118e-02
-1.117557582472718421e-02
-1.096402027573032713e-02
-9.963070149414684704e-03
-9.549499031367881738e-03
-9.355883910738846052e-03
-9.026671143754329621e-03
-8.504075031723531616e-03
-7.592705448285735730e-03
-6.450005556132026689e-03
-5.301133789976765834e-03
-4.392348580654435036e-03
-3.308179281383711971e-03
-2.432595599090314319e-03
-1.356708371229778994e-03
-1.343502649180366309e-04
9.922756003934772671e-04
2.164827401298670753e-03
3.323521391455902269e-03
4.281876625536715740e-03
5.186847719601045056e-03
6.045682544755163861e-03
6.610755431215710118e-03
7.416717760791762676e-03
8.149551436273506574e-03
8.889928639867938215e-03
9.293719853591994595e-03
9.819761577089351767e-03
9.971589258735948785e-03
1.069103334755259864e-02
1.131197822227071256e-02
1.200698868779651735e-02
1.295987080632812760e-02
1.420501676075429376e-02
1.515576535407832208e-02
1.637981420009032574e-02
1.747338514212656499e-02
1.829912668455993888e-02
1.928803073510252861e-02
2.047579276569691173e-02
2.196297422736596602e-02
2.290512929765812014e-02
2.433213378374200070e-02
2.563574207169074665e-02
2.673744828414921851e-02
2.766986636404615910e-02
2.866476759030581883e-02
2.950687252328554680e-02
3.030199716887562941e-02
3.113084871431872486e-02
3.234977787244974756e-02
3.346961709413017599e-02
3.417599931616915193e-02
3.522942771351932068e-02
3.594612034108200099e-02
3.734494436394789063e-02
3.864297603269072762e-02
3.958751610120442993e-02
4.068873928202727808e-02
4.199144778838483083e-02
4.295939271282565863e-02
4.394075620274007221e-02
4.455177746713238213e-02
4.529212035324961527e-02
4.624176074585237967e-02
4.695418009311121132e-02
4.760326261199054193e-02
4.852594479688541323e-02
4.945546516420046973e-02
5.062529167123440421e-02
5.238308277351755998e-02
5.373146974399224673e-02
5.546179058398920808e-02
5.646028332613600709e-02
5.801810032129649242e-02
5.886457535416590031e-02
5.972933169108930046e-02
6.088488957318576728e-02
6.220823324563769241e-02
6.317668119053640452e-02
6.473372718402208015e-02
6.597446988023390746e-02
6.696274430366409847e-02
6.768276784432349091e-02
6.831429640192795971e-02
6.976482444601767030e-02
7.059176109838090352e-02
7.172986076502033126e-02
7.233248364449099133e-02
7.310155608167095975e-02
7.412691727362255567e-02
7.488803751334854875e-02
7.572417143444981624e-02
7.632598482473303136e-02
7.705354097943045710e-02
7.763454435498629014e-02
7.886934335508608007e-02
7.938580425830478460e-02
8.003992215693402079e-02
8.064088914965794608e-02
8.152124423515165474e-02
8.235298826908930836e-02
8.291869875333483797e-02
8.365401308067889341e-02
8.410695246116978163e-02
8.442330535906907019e-02
8.481014437756725921e-02
8.516088113395610393e-02
8.557404060199295948e-02
8.615989337572241280e-02
8.663939242750286207e-02
8.701338398760237458e-02
8.755519049344041849e-02
8.813529808504981522e-02
8.854909510502592673e-02
8.899548719928807028e-02
8.946908870198545805e-02
8.997894817275378654e-02
9.054665047401876110e-02
9.116601098160097283e-02
9.153457755679698937e-02
9.199960375342017271e-02
9.218947781338955594e-02
9.278039203241568444e-02
9.320478152076433487e-02
9.343776185422435210e-02
9.369250017268260233e-02
9.395290971030371974e-02
9.445934270409096778e-02
9.497311294184822283e-02
9.513272168167263843e-02
9.538356717670547213e-02
9.563583231264333184e-02
9.582624866273906084e-02
9.604713334123290980e-02
9.626833140006595124e-02
9.655598020669245440e-02
9.696844540007412694e-02
9.721177190769955678e-02
9.748063805422252370e-02
9.782653057139858999e-02
9.810926159345105535e-02
9.834896010563257129e-02
9.865906042012131949e-02
9.914259893746558971e-02
9.983494737272773090e-02
1.002224183920255723e-01
1.009360880327330595e-01
1.014783694923213353e-01
1.019448727351976863e-01
1.025037759016153849e-01
1.029966363592831335e-01
1.036784187980128724e-01
1.041429035541978493e-01
1.044831246007464215e-01
1.053214209241653959e-01
1.057126484165828162e-01
1.063545505685394577e-01
1.069289440428528998e-01
1.073250309509048150e-01
1.077418068559962139e-01
1.081935887258849704e-01
1.085875347168978877e-01
1.089907891526354644e-01
1.094047456017072512e-01
1.097510685155178578e-01
1.105252731849638292e-01
1.113996722891744534e-01
1.119817598898347061e-01
1.126844038344330667e-01
1.133302450700167108e-01
1.141129339729955589e-01
1.147411211022123234e-01
1.154931615166657211e-01
1.160785433070494338e-01
1.166967421134602195e-01
1.173053599788668466e-01
1.178402901524393809e-01
1.182999162560498807e-01
1.188547571641119793e-01
1.194289623102120501e-01
1.200627248225715760e-01
1.207403128386910635e-01
1.214511901289836576e-01
1.221394823667110163e-01
1.227235330607239633e-01
1.234395125577985863e-01
1.240590936045033593e-01
1.245230922304010057e-01
1.255096704381163664e-01
1.261052623243549831e-01
1.268248371333828006e-01
1.275533818569142552e-01
1.282870874342560974e-01
1.292628410242502301e-01
1.300735874002323100e-01
1.308987012853093379e-01
1.319099700541878917e-01
1.328315385426283857e-01
1.337689395405076975e-01
1.349563066398576094e-01
1.359303196390422852e-01
1.367910665815713633e-01
1.377327841020186960e-01
1.386745598025916903e-01
1.397097987173830103e-01
1.406551554733641851e-01
1.415967887460810870e-01
1.424540639401779829e-01
1.432411452833450838e-01
1.440077129375585130e-01
1.446895534687860085e-01
1.453962463215242584e-01
1.460177535020608652e-01
1.466472668965227988e-01
1.472462271576639170e-01
1.479545894696759623e-01
1.486401182108131047e-01
1.492708680358859341e-01
1.498549347227607909e-01
1.506202148051681011e-01
1.512557150754555435e-01
1.519249631376515253e-01
1.526952467924866663e-01
1.535307918449228815e-01
1.544630463616983584e-01
1.554280398479452874e-01
1.566663040088995540e-01
1.578068367046829568e-01
1.590452517754321893e-01
1.604476587514899744e-01
1.621243689425636292e-01
1.636812854895443037e-01
1.656705259187838952e-01
1.676945063683694948e-01
1.695919869729693719e-01
1.717419466143514928e-01
1.738914859177672911e-01
1.760406438729472389e-01
1.781894732116743041e-01
1.803380222390792709e-01
1.824863375914960173e-01
1.846344621328846747e-01
1.867824337190578665e-01
1.889302846809895464e-01
1.910780418026744587e-01
1.932257266299102494e-01
1.953733557840460489e-01
1.975209362003778890e-01
1.996684752961739029e-01
2.018159826718409211e-01
2.039634610297374750e-01
2.061109291930251775e-01
2.082584073629479282e-01
2.104058895382330263e-01
2.125533769993706024e-01
2.147008703786386363e-01
2.168483696008529915e-01
2.189958751232900791e-01
2.211433863421239654e-01
2.232909028736545787e-01
2.254384242953728079e-01
2.275859404168409650e-01
2.297334614920554241e-01
2.318809891087368347e-01
2.340285236481207953e-01
2.361760654293488804e-01
2.383236148653092856e-01
2.404711722446559730e-01
2.426187376861250744e-01
2.447663111206768716e-01
2.469138922792519786e-01
2.490614806860698138e-01
2.512090756573930328e-01
2.533566763056538385e-01
2.555042815739375084e-01
2.576518903055230458e-01
2.597994943994754169e-01
2.619470901158763021e-01
2.640946855844869545e-01
2.662422807264783753e-01
2.683898750546242495e-01
2.705374682527895702e-01
2.725910534736610824e-01
2.745440778675567461e-01
2.763388299863996922e-01
2.777143912327450503e-01
2.790508496190512999e-01
2.801238055661636195e-01
2.809821940565090381e-01
2.819251688393114019e-01
2.828638815765887604e-01
2.834788098986784077e-01
2.842322521686731496e-01
2.848561705412923639e-01
2.853165677970970759e-01
2.859067429208619893e-01
2.863816879114100544e-01
2.869471352233466388e-01
2.873913410782625300e-01
2.877727777252048202e-01
2.880779121149583677e-01
2.883098233077124872e-01
2.885843709977980454e-01
2.887199609695194624e-01
2.888432531866815256e-01
2.889218314420358702e-01
2.889768167018265110e-01
2.890172825497066555e-01
2.890530985258987773e-01
2.890718900825615667e-01
2.890777686329317753e-01
2.890690401702650791e-01
2.890333883501572387e-01
2.889744788565899447e-01
2.888866240661515095e-01
2.886559592474128855e-01
2.884477886614134068e-01
2.882491520583833622e-01
2.880060026764448833e-01
2.877004843011571333e-01
2.871250047358244739e-01
2.865065399842036675e-01
2.858787499253819808e-01
2.851719857358399612e-01
2.844469033853549988e-01
2.837886218268145244e-01
2.830356661555616937e-01
2.822292777314898693e-01
2.813987911434756017e-01
2.804694527867328535e-01
2.795587581387767306e-01
2.785377631625908790e-01
2.774954467942071235e-01
2.763712984120316185e-01
2.752771427928440429e-01
2.740155680735562593e-01
2.726844444978255289e-01
2.712565171927515117e-01
2.699077813947634019e-01
2.686645137167156805e-01
2.674151197678684144e-01
2.659403945312145412e-01
2.644207263556306864e-01
2.629705642088833173e-01
2.616278252594602116e-01
2.603377968663818653e-01
2.590547684460043909e-01
2.578497525560312642e-01
2.568391908208967345e-01
2.560374891253857643e-01
2.551599436512114183e-01
2.541589853828155610e-01
2.535159541804787864e-01
2.529215050701038581e-01
2.524429009401765178e-01
2.520056140558227242e-01
2.515536126812103479e-01
2.511617535229255793e-01
2.507180755237367609e-01
2.502289957879262894e-01
2.497966684804580895e-01
2.494048247252974304e-01
2.489891411029835078e-01
2.484566923157653651e-01
2.479258112909463740e-01
2.474646088572018121e-01
2.470438908198276662e-01
2.465622013452837546e-01
2.460860690365737347e-01
2.455810868124796986e-01
2.449927549876839417e-01
2.444280469632248987e-01
2.436778970019018442e-01
2.429334136007641476e-01
2.421599995193384203e-01
2.414292684972808301e-01
2.407397236893761838e-01
2.400537854688911399e-01
2.392930558880895231e-01
2.384664641317733313e-01
2.376569600387847259e-01
2.367321749331307013e-01
2.358476439613221565e-01
2.350368426827610102e-01
2.342047939941296897e-01
2.334828584959549591e-01
2.328739731477223740e-01
2.322980618677086828e-01
2.317508837834174051e-01
2.313749765949745518e-01
2.310216273264125708e-01
2.307497981723146130e-01
2.305266285453184683e-01
2.303422706369238904e-01
2.302075021305856062e-01
2.301060782039373309e-01
2.300055878545241572e-01
2.299494476826643707e-01
2.299177368310910963e-01
2.299089076126820674e-01
2.299162309246468028e-01
2.299366065228837797e-01
2.299720109270294299e-01
2.300216966391258333e-01
2.300803201659879504e-01
2.301553749955302930e-01
2.302514335772077037e-01
2.303606783528606705e-01
2.304912757306954163e-01
2.306340161668572752e-01
2.307845489525617300e-01
2.309454947641280953e-01
2.311037709157529596e-01
2.312679689995055243e-01
2.314537235875046006e-01
2.316483860658190286e-01
2.318464111546117146e-01
2.320759494302110926e-01
2.323544860558274527e-01
2.326565116420179768e-01
2.329908488043012649e-01
2.333303833784913239e-01
2.336918831130483654e-01
2.341175778716789724e-01
2.346074198390868670e-01
2.350868258686021062e-01
2.355853837045965571e-01
2.361782276023428884e-01
2.366842629889970850e-01
2.371880259094373555e-01
2.376281959910110930e-01
2.382592014986423257e-01
2.388870253754374062e-01
2.397878195692156045e-01
2.403952526266198708e-01
2.410762590649717096e-01
2.417738556831287577e-01
2.429160423095898524e-01
2.442439932012121229e-01
2.455834285440026965e-01
2.471855956084202388e-01
2.486328208552516517e-01
2.508028026432240210e-01
2.530034638114695422e-01
2.552839811825796112e-01
2.576124173346240886e-01
2.599405406929473084e-01
2.622420807299505330e-01
2.645410513196679858e-01
2.668444043740338945e-01
2.691261888613992181e-01
2.714154283305721393e-01
2.737039815912012952e-01
2.759765895282894621e-01
2.782729360769722882e-01
2.805619946508898233e-01
2.828725061146340480e-01
2.851899089078169247e-01
2.875009477232618460e-01
2.898197416855414765e-01
2.921269067748648030e-01
2.944614068312469968e-01
2.967824836859574433e-01
2.991138898630626430e-01
3.014480344232363662e-01
3.037822631746941449e-01
3.061076733136900985e-01
3.084416311592145798e-01
3.107756403720750016e-01
3.130893887554844768e-01
3.154202345256668649e-01
3.177510688441031461e-01
3.200604549130942611e-01
3.223462967989427774e-01
3.246114245057036274e-01
3.268902036532262412e-01
3.291568710767923123e-01
