-2.000011453720360322e-01
-2.000011607847568817e-01
-2.008438749194569328e-01
-2.017143651093946388e-01
-2.025849449680194592e-01
-2.034556215866742124e-01
-2.043263948370605820e-01
-2.051972592423987052e-01
-2.060682062895219935e-01
-2.069392261179116010e-01
-2.078103086999023297e-01
-2.086814446141321833e-01
-2.095526245735396809e-01
-2.104238398301311597e-01
-2.112950828952410154e-01
-2.121663475423422873e-01
-2.130376287327868656e-01
-2.139089224963510449e-01
-2.147802257837715667e-01
-2.156515363169298205e-01
-2.165228534610462718e-01
-2.173941775635207796e-01
-2.182655092328497637e-01
-2.191368491937191187e-01
-2.200081981672213083e-01
-2.208795567747056099e-01
-2.217509254633268645e-01
-2.226223044511017879e-01
-2.234936936891800119e-01
-2.243650928390693577e-01
-2.252365011007108064e-01
-2.261079179203869804e-01
-2.269793418613267055e-01
-2.278507714269692730e-01
1.999995697972194175e-01
1.999995546231101429e-01
1.997189656062254015e-01
1.995012575686311851e-01
1.993332445323693358e-01
1.992085030089352227e-01
1.991291140720973518e-01
1.990959231335485968e-01
1.991091870189573843e-01
1.991669672039518835e-01
1.992700690570044231e-01
1.994120668520634465e-01
1.995985506380762997e-01
1.998144261849696124e-01
2.000742680797251982e-01
2.003829387114488825e-01
2.007350212981061921e-01
2.011302033495112884e-01
2.015685682176116822e-01
2.020693100609213255e-01
2.026004033277495897e-01
2.031723399264522556e-01
2.038083281490956356e-01
2.044961735152479310e-01
2.052228944930523657e-01
2.059798111998283054e-01
2.067165065462073237e-01
2.074405793172894585e-01
2.081694706084830648e-01
2.088785645486090081e-01
2.094900456649122500e-01
2.099818170010128437e-01
2.105699391856634128e-01
2.111571495367560447e-01
2.116548270852662839e-01
2.121107050425583007e-01
2.125754072904644243e-01
2.129910320852984873e-01
2.133864835221398470e-01
2.137439827642072521e-01
2.140478376631621549e-01
2.142733847920536561e-01
2.145390239819672251e-01
2.147393904914711160e-01
2.149048711173500437e-01
2.150560167542649725e-01
2.151579715885297839e-01
2.152162213412565084e-01
2.152940781640262646e-01
2.153611353007256479e-01
2.154296909675690319e-01
2.155320422589443730e-01
2.156519845245999101e-01
2.158283833685929742e-01
2.160271206378050202e-01
2.161963305722900131e-01
2.163615751882438931e-01
2.164780101893372111e-01
2.165500772728886358e-01
2.166194215188560757e-01
2.166527992034326111e-01
2.167027402511775558e-01
2.167538676741334880e-01
2.167835805269932303e-01
2.168422129818315114e-01
2.168787302926510341e-01
2.169360760512405450e-01
2.169598178469041294e-01
2.169831329032383682e-01
2.169912736670459863e-01
2.169682317706376207e-01
2.169788822123641658e-01
2.170664022116509939e-01
2.172088920086027442e-01
2.173856935190525974e-01
2.176598011653873843e-01
2.179746815384111525e-01
2.182741301761949582e-01
2.184971681779169506e-01
2.187302717747713898e-01
2.190117992161357829e-01
2.192518942583593922e-01
2.195363749386948504e-01
2.198561302683993413e-01
2.201851822040603035e-01
2.205059559675811021e-01
2.208159128104597857e-01
2.210762049506743709e-01
2.213191105362490585e-01
2.215394585298402219e-01
2.218374956670638443e-01
2.221532942262211818e-01
2.224349932054887902e-01
2.227221930259270510e-01
2.230287842288707079e-01
2.233595000607123127e-01
2.236610354517655219e-01
2.239636844942396732e-01
2.242947655591501777e-01
2.246221339125356042e-01
2.249058057907841468e-01
2.251870740031419738e-01
2.254613193426877327e-01
2.257718114126865960e-01
2.260992889466941769e-01
2.264425063996606535e-01
2.267387176777765911e-01
2.270786438159197174e-01
2.273753677684403063e-01
2.276538494106193911e-01
2.279060215495673503e-01
2.281402493074920212e-01
2.283570253297750596e-01
2.285418730355787409e-01
2.287068034848150910e-01
2.288631450377772991e-01
2.290118310453842787e-01
2.291210285796274337e-01
2.292013950010286516e-01
2.292543578435675966e-01
2.292825209070142867e-01
2.292834269647620882e-01
2.292143050853968078e-01
2.291490180389954279e-01
2.290873317629764372e-01
2.290289432475075548e-01
2.289728404738907708e-01
2.289185736095133428e-01
2.288656798085822452e-01
2.288137467903045286e-01
2.287624485163305132e-01
2.287114899478170926e-01
2.286606785573735978e-01
2.286098646264050627e-01
2.285589795208640418e-01
2.285079520572372569e-01
2.284567390149672972e-01
2.284053183585122437e-01
2.283536825458609143e-01
2.283018360609582464e-01
2.282497961367385975e-01
2.281975835249657469e-01
2.281452203622755248e-01
2.280927285800265492e-01
2.280401294907813681e-01
2.279874422248419352e-01
2.279346663053061495e-01
2.278818555443422322e-01
2.278290370032411694e-01
2.277762096935308789e-01
2.277233762390221961e-01
2.276705387150567417e-01
2.276176987051961309e-01
2.275648573683931586e-01
2.275120155090014085e-01
2.274591736445956414e-01
2.274063320684525658e-01
2.273534909049223784e-01
2.273006501467177698e-01
2.272478137432172862e-01
2.271949790072891051e-01
2.271421450228825467e-01
2.270893116968905612e-01
2.270364789286282992e-01
2.269836466190933155e-01
2.269308146771551460e-01
2.268779830232972583e-01
2.268251515907020732e-01
2.267723212974234459e-01
2.267194926939889166e-01
2.266666655324690305e-01
2.266138395699845987e-01
2.265610145691466237e-01
2.265081902983824280e-01
2.264553665323614517e-01
2.264025430526029337e-01
2.263497196482961715e-01
2.262968961173479066e-01
2.262440722676239135e-01
2.261912479183608438e-01
2.261384229016909775e-01
2.260855970642304813e-01
2.260327702686683593e-01
2.259799423953001429e-01
2.259271133443883361e-01
2.258742846710359853e-01
2.258214563459307045e-01
2.257686283375793523e-01
2.257158006130960404e-01
2.256629731386969040e-01
2.256101458800845450e-01
2.255573188027548137e-01
2.255044918683116739e-01
2.254516657721245543e-01
2.253988404473416529e-01
2.253460158056413976e-01
2.252931917413008023e-01
2.252403681348254527e-01
2.251875448562872251e-01
2.251347217684347701e-01
2.250818987296226426e-01
2.250290755965881351e-01
2.249762522270952747e-01
2.249234284887954849e-01
2.248706042346541034e-01
2.248177793486562936e-01
2.247649537160942013e-01
2.247121272344103360e-01
2.246592998158552790e-01
2.246064715873420659e-01
2.245536430749499601e-01
2.245008143075453155e-01
2.244479853113492684e-01
2.243951561112490500e-01
2.243423267317209979e-01
2.242894971974525031e-01
2.242366675280587085e-01
2.241838383763082310e-01
2.241310106477728825e-01
2.240781841595311519e-01
2.240253587212441555e-01
2.239725341372726386e-01
2.239197163339425867e-01
2.238668573167589548e-01
2.238139989497809901e-01
2.237611624104863528e-01
2.237081747605337012e-01
2.236551887864914878e-01
2.236022039656538618e-01
2.235492202702567544e-01
2.234962373906917155e-01
2.234432549954075142e-01
2.233906740753693332e-01
2.233362723967562968e-01
2.232789226077439015e-01
2.232216228557135362e-01
2.231643739397738413e-01
2.231071734185230138e-01
2.230508697569067167e-01
2.229911903960983266e-01
2.229262918412806271e-01
2.228615088256386267e-01
2.227968383992436630e-01
2.227322723355255885e-01
2.226677972476184542e-01
2.226034012429454201e-01
2.225390715447228829e-01
2.224747960696004667e-01
2.224105638572118071e-01
2.223463652895821263e-01
2.222821921601646211e-01
2.222180376406021896e-01
2.221538961824377212e-01
2.220897633817747741e-01
2.220256358273084152e-01
2.219615109460226499e-01
2.218973868560445983e-01
2.218332622327934822e-01
2.217691361209899459e-01
2.217050087400636582e-01
2.216408798562302662e-01
2.215767494025516204e-01
2.215126174256798197e-01
2.214484840446644398e-01
2.213843494200074813e-01
2.213202137313691753e-01
2.212560772235071527e-01
2.211919413636672105e-01
2.211278061293724118e-01
2.210636714743705045e-01
2.209995373293054954e-01
2.209354036036787206e-01
2.208712701887676766e-01
2.208071369611288859e-01
2.207430037864028249e-01
2.206788705232146652e-01
2.206147370270230001e-01
2.205506031538084777e-01
2.204864687635305631e-01
2.204223337233019997e-01
2.203581979102447186e-01
2.202940612140087961e-01
2.202299235362583374e-01
2.201657864709028745e-01
2.201016497459041266e-01
2.200375133278933970e-01
2.199733771833462803e-01
2.199092412789011020e-01
2.198451055815749955e-01
2.197809700588994331e-01
2.197168346787312099e-01
2.196526999150214821e-01
2.195885658439991894e-01
2.195244323937191877e-01
3.999973013077819384e-01
3.999972853398121031e-01
3.979805605054033135e-01
3.963356548226065756e-01
3.947727408849722175e-01
3.931356352583720848e-01
3.914290717346968762e-01
3.897172101037386649e-01
3.880589593093901613e-01
3.864382659432208378e-01
3.848151963324557001e-01
3.831771722632215105e-01
3.816188140429725983e-01
3.800513810809977300e-01
3.785330898340886763e-01
3.769921662935932227e-01
3.754339424724388308e-01
3.738685322083404872e-01
3.722895018675190237e-01
3.706648920642399703e-01
3.690560174344044153e-01
3.673925457191044019e-01
3.657232274914531400e-01
3.639655936394021740e-01
3.621990713784606353e-01
3.603962714931390754e-01
3.585881530278689500e-01
3.567788717583639801e-01
3.550308885575413353e-01
3.533077045999140631e-01
3.516369124468877727e-01
3.500121068933559343e-01
3.484119552338607595e-01
3.468021927506099722e-01
3.451942757706962239e-01
3.436140671561693782e-01
3.420243255051199083e-01
3.403716153908943332e-01
3.387701677167809233e-01
3.371422409866011161e-01
3.354527030288971257e-01
3.337456597319812257e-01
3.320214418868691619e-01
3.302945466938725372e-01
3.285427925985958120e-01
3.268269155096042433e-01
3.251544604475394284e-01
3.234444330582016969e-01
3.216929019009371338e-01
3.199356605826741973e-01
3.181570562216300413e-01
