-3.243977525493408428e-06
-3.259901404334189145e-06
-2.263023250081847449e-03
-3.020992289522273031e-03
-3.784353472922353037e-03
-4.602049274020917485e-03
-5.466573778035083153e-03
-6.356947172220527714e-03
-7.280789135018906830e-03
-8.174533516885200760e-03
-9.038150264284481455e-03
-9.907206575254949577e-03
-1.075496380213530022e-02
-1.157768498741094769e-02
-1.241848386809108959e-02
-1.328619231685699772e-02
-1.411207388509726733e-02
-1.489252881034637717e-02
-1.562632257708396893e-02
-1.637098144164077923e-02
-1.705637132740332393e-02
-1.771533073335608208e-02
-1.834823781792436700e-02
-1.893186635879829868e-02
-1.948034096156302936e-02
-1.995547250484975069e-02
-2.130838624765109962e-02
-2.266310698175538416e-02
-2.402011631622501253e-02
-2.537968580002024008e-02
-2.674201818427310653e-02
-2.810710863119598654e-02
-2.947484619107030787e-02
-3.084504750803231110e-02
-3.221741524363620074e-02
-3.359170093959058107e-02
-3.496767221042584167e-02
-3.634509985296786871e-02
-3.772376638951188688e-02
-3.910373478580892598e-02
-4.048638893045786863e-02
-4.187150170500703039e-02
-4.325653345089697233e-02
-4.464141769719189717e-02
-4.602613075819837057e-02
-4.741066607682641043e-02
-4.879501326547657641e-02
-5.017918323294275756e-02
-5.156319036484172807e-02
-5.294706179912476302e-02
-5.433090843415323834e-02
-5.571472944275104866e-02
-5.709852546069536100e-02
-5.848229802597982446e-02
-5.986604917893129096e-02
-6.124978119122446302e-02
-6.263349634331476234e-02
-6.401719702189714867e-02
-6.540088535644776602e-02
-6.678456388338989413e-02
-6.816824200225229946e-02
-6.955192043082929210e-02
-7.093559691397599565e-02
-7.231927241580929366e-02
-7.370294774362023960e-02
-7.508662309233352095e-02
-7.647029857007486831e-02
-7.785397422541170953e-02
-7.923765006922278697e-02
-8.062132609172741049e-02
-8.200500227824633614e-02
-8.338867817695373719e-02
-8.477235331106693084e-02
-8.615602838072715375e-02
-8.753970548958749098e-02
-8.892338501598803790e-02
-9.030706582484687717e-02
-9.169074522760994883e-02
-9.307442843623055240e-02
-9.445811247139257461e-02
-9.584179296654746216e-02
-9.722546908141053990e-02
-9.860914303462733899e-02
-9.999281350780464539e-02
-1.013764827998924478e-01
-1.027601507601939995e-01
-1.041438180317294238e-01
-1.055274861578944928e-01
-1.069111550711332320e-01
-1.082948247027489680e-01
-1.096784949782189378e-01
-1.110621658185043381e-01
-1.124458371415076180e-01
-1.138295088636486069e-01
-1.152131809008516555e-01
-1.165968532447431844e-01
-1.179805263322971504e-01
-1.193642005672514994e-01
-1.207478786467739151e-01
-1.221315602846665266e-01
-1.235152444843518882e-01
-1.248989337697619939e-01
-1.262826256266284808e-01
-1.276663174905415532e-01
-1.290500067913290805e-01
-1.304336913245606744e-01
-1.318173715577548311e-01
-1.332010479446780471e-01
-1.345847211543690081e-01
4.000030035621442992e-01
4.023780943522680675e-01
4.040597355617527864e-01
4.057170413521213326e-01
4.073382732998235278e-01
4.089901615690038628e-01
4.106321647572341305e-01
4.122817458594555950e-01
4.139163778382337067e-01
4.154870678921924743e-01
4.170223822066871366e-01
4.186382172670085056e-01
4.202387707715420362e-01
4.218858787014212464e-01
4.235589183881226516e-01
4.251986400755539131e-01
4.268615672094503433e-01
4.284993575667144783e-01
4.301364408284264473e-01
4.317021800327849879e-01
4.333097333327635137e-01
4.348851681130046498e-01
4.364202998997413485e-01
4.378946076245752161e-01
4.392822148313886288e-01
4.406702031550526200e-01
4.419664614833463956e-01
4.431909583253173524e-01
4.443713230784805401e-01
4.455495251458549411e-01
4.466965988107275409e-01
4.478338502432741564e-01
4.489156949061350876e-01
4.499504068478239471e-01
4.509267460413403095e-01
4.518616151495541966e-01
4.527449724470102299e-01
4.535928414604464276e-01
4.543882401301151952e-01
4.551414905236807473e-01
4.558724360884919835e-01
4.565974775304189603e-01
4.573146482014529002e-01
4.580122477794669744e-01
4.587149121524650708e-01
4.594087063833758311e-01
4.600670108144044312e-01
4.607503924707845311e-01
4.614200714173479212e-01
4.620991645237932377e-01
4.627857941799819463e-01
4.634829874842241737e-01
4.641705297227421978e-01
4.648411751793454783e-01
4.655097716677382147e-01
4.661669578608435560e-01
4.668139783542559207e-01
4.674618889000030642e-01
4.681150988837481375e-01
4.687753994789439216e-01
4.694283388560871462e-01
4.700760893884675662e-01
4.707119942965205528e-01
4.713346695841180711e-01
4.719496487533986206e-01
4.725443193223278771e-01
4.731365923179977062e-01
4.737168869883263134e-01
4.742839852642100062e-01
4.748418946121424900e-01
4.753963791934581185e-01
4.759396891481354475e-01
4.764770693214513964e-01
4.770038330271577642e-01
4.775165559529289117e-01
4.780110992960913130e-01
4.784850572448616224e-01
4.789460822050963240e-01
4.793958374172826997e-01
4.798334636852416013e-01
4.802517783201455948e-01
4.806589817229755535e-01
4.810504206990845466e-01
4.814140356297092471e-01
4.817515169162428501e-01
4.820628949512238970e-01
4.823432600486094457e-01
4.826042402503196715e-01
4.828343731894371715e-01
4.830372024708421974e-01
4.832122322555324478e-01
4.833587900450838082e-01
4.834763980538226980e-01
4.835689225781635292e-01
4.836417217937425406e-01
4.836996789561953669e-01
4.837482459539187984e-01
4.837888422589302628e-01
4.838213524471386973e-01
4.838456470262855191e-01
4.838574693334817267e-01
4.838566962036453534e-01
4.838408511244283727e-01
4.838109251080330853e-01
4.837649498666617975e-01
4.836980339371748094e-01
4.836119582013355678e-01
4.835109870680452393e-01
4.833902109538298353e-01
4.832387640951792962e-01
4.830594743801926438e-01
4.828451533681519248e-01
4.826051196302663659e-01
4.823295201540331867e-01
4.820080231990267472e-01
4.816400167052138914e-01
4.812217428441603606e-01
4.807728448355026996e-01
4.802874190831857293e-01
4.797607050175328736e-01
4.792191663391915379e-01
4.786458333780689856e-01
4.780313579224133580e-01
4.773780864960874837e-01
4.767016871601248429e-01
4.760153179295374959e-01
4.753041740897466783e-01
4.745826456154768613e-01
4.738432490563437294e-01
4.731190688032855807e-01
4.724010534192550348e-01
4.716864599797647717e-01
4.709416812339674019e-01
4.701981419969420983e-01
4.694381828395427503e-01
4.686389873071328815e-01
4.677746562939095742e-01
4.669066423174775271e-01
4.659543142595947707e-01
4.650282547753839535e-01
4.640286312515417011e-01
4.630115448185819771e-01
4.619701970818384518e-01
4.609104758154835557e-01
4.598472967609467110e-01
4.587967621441455535e-01
4.577340486132903674e-01
4.566614899073648259e-01
4.555444480390472006e-01
4.543763460685116828e-01
4.532118108621868702e-01
4.520628326702686994e-01
4.509137535997319590e-01
4.497294826436621373e-01
4.485504927239375994e-01
4.473509917604426844e-01
4.461575103611005733e-01
4.449057616590607611e-01
4.436296454856949456e-01
4.423189754943178675e-01
4.410224321673054670e-01
4.396616895063019115e-01
4.382449663240658433e-01
4.368014311595986854e-01
4.353452306857932275e-01
4.338547751906569605e-01
4.323873850196675028e-01
4.309077259158479722e-01
4.294448080295253933e-01
4.279808680899794271e-01
4.264415004075447491e-01
4.248969432566291338e-01
4.232842781998728543e-01
4.216344578584396152e-01
4.200054957802243916e-01
4.182752314416708916e-01
4.165517104877493049e-01
4.148124871138055836e-01
4.130343080704989567e-01
4.112568841542925679e-01
4.094687178393011662e-01
4.076995131057727373e-01
4.059115944109354390e-01
4.041256459003068624e-01
4.023250738112980063e-01
4.005235466025612867e-01
3.987113256903976333e-01
3.968905366635609999e-01
3.932045260502166628e-01
