4.000027479031046385e-01
4.000027638842198474e-01
4.013901626176565873e-01
4.010810358442147283e-01
4.007313400907298595e-01
4.003673959664756365e-01
4.000009875669800485e-01
3.996469696440957398e-01
3.992746379785703237e-01
3.989441183003087366e-01
3.986124413037672176e-01
3.982872270389237190e-01
3.979753685153046838e-01
3.977218629716313680e-01
3.974832220795855853e-01
3.972743512546928479e-01
3.970888456953337031e-01
3.969548286411995197e-01
3.968314405177342241e-01
3.973560869108467841e-01
3.978718575237132349e-01
3.983704546654229794e-01
3.988517805419314333e-01
3.993130258891762208e-01
3.997651664063277543e-01
4.002052534272582118e-01
4.006245239184281215e-01
4.010354556881597365e-01
4.014399102045372314e-01
4.018416948815480838e-01
-2.000013946556721545e-01
-2.000014101602476668e-01
-2.007711620959989340e-01
-2.015937569173602839e-01
-2.024575147462008562e-01
-2.033431932160173206e-01
-2.042246283176598065e-01
-2.051145397621711164e-01
-2.060340391400703186e-01
-2.070114907834151308e-01
-2.080016891769728427e-01
-2.089849779264668916e-01
-2.099562452669519741e-01
-2.108561066148488261e-01
-2.171634350124682089e-01
-2.173820854852580586e-01
-2.173957927738938145e-01
-2.168346530841287201e-01
-2.224844643594652283e-01
-2.229326217515028574e-01
-2.234218650634799130e-01
-2.239250134162068251e-01
-2.244519602068569819e-01
-2.249978138192324784e-01
-2.255486146634868849e-01
-2.261507850335601477e-01
-2.267903660350936157e-01
-2.275092498283352860e-01
-2.282150272365744414e-01
-2.287265882735746159e-01
-2.293460688243081358e-01
-2.300259887459659147e-01
-2.306639475664860051e-01
-2.313622222544056972e-01
-2.320993753442053276e-01
-2.328593358622497445e-01
-2.336086505479592623e-01
-2.344138216521784723e-01
-2.352778571557251341e-01
-2.361847228839709378e-01
-2.370395892258851667e-01
-2.378956147585027658e-01
-2.388448979727921251e-01
-2.397951497102729090e-01
-2.407208265463332275e-01
-2.416344552124981004e-01
-2.425313276839465571e-01
-2.434878259898691777e-01
-2.444303435921164336e-01
-2.453260577698762046e-01
-2.462107681587460684e-01
-2.471032818967856814e-01
-2.479562473192361005e-01
-2.487819490151981505e-01
-2.495257907961859478e-01
-2.503038999583075963e-01
-2.511691594301455610e-01
-2.519703416804030538e-01
-2.527845824056923485e-01
-2.535843411368252642e-01
-2.544053129050598550e-01
-2.552200684928380148e-01
-2.560474352472326687e-01
-2.568684852799277274e-01
-2.576725635321349683e-01
-2.584823188845383202e-01
-2.593036537421125609e-01
-2.600996614215619895e-01
-2.609037143296910055e-01
-2.617408025133062810e-01
-2.625657876136436308e-01
-2.633674040295072571e-01
-2.641805230732384713e-01
-2.650206938555486613e-01
-2.658289542850552634e-01
-2.666354554289190881e-01
-2.674370033677179181e-01
-2.682280722257872618e-01
-2.689822901262221566e-01
-2.697215553617647865e-01
-2.704808705782176248e-01
-2.712622920049585495e-01
-2.720228028449202529e-01
-2.727787626897532069e-01
-2.735542978858147012e-01
-2.743122714285776143e-01
-2.750355003610633897e-01
-2.756866295170665171e-01
-2.763389423238403753e-01
-2.769987335734487854e-01
-2.776687429426315523e-01
-2.782994630692262050e-01
-2.789194117835736009e-01
-2.795552676223521660e-01
-2.802039710284618956e-01
-2.808564424176605012e-01
-2.815488598195423631e-01
-2.823110754307504577e-01
-2.831086423825414089e-01
-2.839014274076891442e-01
-2.846770721041298469e-01
-2.854530781496618097e-01
-2.862022714859681627e-01
-2.869327129115382680e-01
-2.876043800243032744e-01
-2.881923148671387547e-01
-2.887515531821894244e-01
-2.893223523945198661e-01
-2.899379395476307519e-01
-2.905271258150399771e-01
-2.910915959307739942e-01
-2.916423190477936411e-01
-2.922093774178344816e-01
-2.928323271458517785e-01
-2.934243637965620599e-01
-2.939760071811061692e-01
-2.945477014098471513e-01
-2.951316198765585042e-01
-2.957112764329882237e-01
-2.962553426259912359e-01
-2.966992994604429890e-01
-2.971581117521446824e-01
-2.976657425922362710e-01
-2.981799573230139444e-01
-2.986920263692820487e-01
-2.992299716767062301e-01
-2.998169459673780124e-01
-3.003863754690131449e-01
-3.009733293085590788e-01
-3.015858725236588711e-01
-3.022265006524714193e-01
-3.028508260797064811e-01
-3.034552570002941319e-01
-3.040301870060249101e-01
-3.046070348905774994e-01
-3.051613767987464976e-01
-3.057278448177058738e-01
-3.062782260685188440e-01
-3.068590607803518555e-01
-3.074760938846328173e-01
-3.080893235448193823e-01
-1.999969937410769893e-01
-1.999969776962504109e-01
-1.985717651727064159e-01
-1.992775234279769991e-01
-2.000380156275828880e-01
-2.007912641477801741e-01
-2.015843808102489032e-01
-2.024369889874781669e-01
-2.033122900327059279e-01
-2.041947013065373295e-01
-2.050949363639691381e-01
-2.059926918493907577e-01
-2.069089533610146969e-01
-2.077724982165545520e-01
-2.086508770162516235e-01
-2.095398513660014783e-01
-2.104144687016578363e-01
-2.113560735577007521e-01
-2.122470437113217478e-01
-2.130966527524092435e-01
-2.139668842410402394e-01
-2.148304982690844855e-01
-2.157036885652654223e-01
-2.165339171173534527e-01
-2.173374004724413777e-01
-2.181774918958191423e-01
-2.190339672024054218e-01
-2.199451367358082332e-01
-2.208536518835943485e-01
-2.217516050120022786e-01
-2.227287726735948103e-01
-2.236250539586777664e-01
-2.245577462913762035e-01
-2.254961144895259451e-01
-2.263790349785935740e-01
-2.273132928930078622e-01
-2.282406427590331632e-01
-2.291888022241986844e-01
-2.301876996344358606e-01
-2.311445565777304478e-01
-2.321234318024521515e-01
-2.331378377819206815e-01
-2.340917977347749257e-01
-2.350565851021770292e-01
-2.360966710166634841e-01
-2.371705053404097596e-01
-2.381886823968605016e-01
-2.392346916071608764e-01
-2.402487543246221158e-01
-2.412753274278964521e-01
-2.423269576403389025e-01
-2.433724417717701705e-01
-2.443662973717447562e-01
-2.453662314042100168e-01
-2.464404157235151327e-01
-2.474831199261060821e-01
-2.484876706166465887e-01
-2.494050927580701849e-01
-2.502870593367059748e-01
-2.511700673420808605e-01
-2.520072517938096168e-01
-2.528299941566281572e-01
-2.536421142983992238e-01
-2.544694598109366601e-01
-2.552998099816360389e-01
-2.561196225405035776e-01
-2.569462221786376066e-01
-2.577414933186070733e-01
-2.584557232423640993e-01
-2.591719705035964716e-01
-2.598389037198868268e-01
-2.605415404563385384e-01
-2.611849956588650490e-01
-2.618430346044401391e-01
-2.624914522368771430e-01
-2.631184017533322317e-01
-2.636827011121308795e-01
-2.642375278590750609e-01
-2.647367665728368458e-01
-2.652623509423235881e-01
-2.657679456480102065e-01
-2.662787268778212257e-01
-2.667553200351860943e-01
-2.671981572162015484e-01
-2.676056005026130058e-01
-2.680052414390391435e-01
-2.684974337635536168e-01
-2.689863025665000795e-01
-2.695209566228215503e-01
-2.700527619493475195e-01
-2.706156194386320490e-01
-2.711245313799933720e-01
-2.716270418296315992e-01
-2.721432764928671255e-01
-2.727126282629526166e-01
-2.733216030657665274e-01
-2.739519506632047130e-01
-2.745855900196477739e-01
-2.752298646109054281e-01
-2.758603245158618433e-01
-2.765839622563077138e-01
-2.773319109413754369e-01
-2.781081674035016382e-01
-2.788595054942887841e-01
-2.796639526309099844e-01
-2.805400688760624206e-01
-2.814062524828763734e-01
-2.822754300969733676e-01
-2.831261622398285605e-01
-2.839901451292357049e-01
-2.848774145188244789e-01
-2.857042709803574998e-01
-2.864983367467303643e-01
-2.873258922543588945e-01
-2.881312641180789336e-01
-2.888895012796527939e-01
-2.896708225851301610e-01
-2.911343311010375356e-01
-2.918802716559690258e-01
2.000031894057115178e-01
2.000032053991532555e-01
2.014841534231778530e-01
2.020954563143276261e-01
2.027185035427053750e-01
2.034299350976799536e-01
2.043253606984599124e-01
2.053262390235758850e-01
2.063206686488507635e-01
2.073613281946419529e-01
2.083673015218868718e-01
2.094189361798631244e-01
2.104799815294433885e-01
2.115521135744212744e-01
2.126547385780346022e-01
2.137865742268632296e-01
2.149364515237031092e-01
2.161093397593465970e-01
2.172898197571660472e-01
2.184437478975209956e-01
2.196079279328946032e-01
2.207767218759917605e-01
2.219287226235078514e-01
2.231098719274473285e-01
2.243179923198072578e-01
2.255118160859425347e-01
2.266809063397738633e-01
2.278479037772613847e-01
2.289717981552557013e-01
2.301246095362804167e-01
2.312590591516507921e-01
2.323700673431958186e-01
2.334659681685117838e-01
2.345585512129380601e-01
2.356811511261936443e-01
2.368738025381415813e-01
2.380347821281292298e-01
2.392730240720691570e-01
2.404824115018696085e-01
2.416719922421557143e-01
2.428417102750242973e-01
2.440290476261713914e-01
2.451777230820214315e-01
2.463338220447368332e-01
2.474675851513290226e-01
2.485582244684923503e-01
2.496385432296909235e-01
2.507313498201441115e-01
2.518233929846854235e-01
2.529224010249943033e-01
2.539998081341365843e-01
2.551150691772792745e-01
2.561735551787925336e-01
2.572317702334525058e-01
2.582960527172090681e-01
2.593674039905882744e-01
2.604372699074811170e-01
2.615196493568494041e-01
2.625871041715988619e-01
2.637178425992429687e-01
2.648190787353443820e-01
2.658674056060480462e-01
2.669294519071165328e-01
2.680045359598531851e-01
2.690691052448413445e-01
2.701288215556402750e-01
2.711839628051232465e-01
2.721892331755321193e-01
2.731959217330181544e-01
2.741457055325758341e-01
2.750529723493642664e-01
2.759202991824032392e-01
2.767271828749272022e-01
2.775085502465020615e-01
2.782930447137317853e-01
2.790349821559551802e-01
2.797293238590244369e-01
2.804262100216632358e-01
2.810971877152311227e-01
2.817397310317956149e-01
2.823662970668826544e-01
