1.956452346920375396e-01
1.952747648804511182e-01
1.948774028349148368e-01
1.945250245273632550e-01
1.941055004586122457e-01
1.937541322025340129e-01
1.934403467814033162e-01
1.931380788194092812e-01
1.928068484925410941e-01
1.914919353896291643e-01
1.901796506488701577e-01
1.890179677009911074e-01
1.877388645546847756e-01
1.864680192412264126e-01
1.852015390771483416e-01
1.840105626288299767e-01
1.828668033006047855e-01
1.822703875048458100e-01
1.816693088132388945e-01
1.810311627323041572e-01
1.801714629923724942e-01
1.795427260106054190e-01
1.790349996100199237e-01
1.782270762230567795e-01
1.777632607771265916e-01
1.773071282201846011e-01
1.769283310467243131e-01
1.765047716712981607e-01
1.761587668463562573e-01
1.758048372411024629e-01
1.755556328848836001e-01
1.753418369534865684e-01
1.751645715844354634e-01
1.750304127553886924e-01
1.749237165122086435e-01
1.748298223638520554e-01
1.747551153769793253e-01
1.746941575300595961e-01
1.746502487298691453e-01
1.746318584290688924e-01
1.746379495931343062e-01
1.746864889891891481e-01
1.747838677603751334e-01
1.749738511612213276e-01
1.752319505196903160e-01
1.755611069509544209e-01
1.759766031880299342e-01
1.764412608857615639e-01
1.769616288682242800e-01
1.775328321530753872e-01
1.781696116090566995e-01
1.788497183931616330e-01
1.796014252302354508e-01
1.803913114545178664e-01
1.812827508876397042e-01
1.822373470487126945e-01
1.832533490459766212e-01
1.843346150299587927e-01
1.854486418515687574e-01
1.866139312745382639e-01
1.878061972669344826e-01
1.890279341184060713e-01
1.903148657435630720e-01
1.916059475984800420e-01
1.929478751178629325e-01
1.943230708821924724e-01
1.957323996643271780e-01
1.971922067201910822e-01
1.986494432006033761e-01
2.001070465684136879e-01
2.015777210858006874e-01
2.030775609517865843e-01
2.046313232267615301e-01
2.061852181101493930e-01
2.078055327959570098e-01
2.094645317022968689e-01
2.111568165482222703e-01
2.128554371796283484e-01
2.145647582905640394e-01
2.162655908855938280e-01
2.179822441422459012e-01
2.197081864965598763e-01
2.214350147737416397e-01
2.231866750082838191e-01
2.249391086963745956e-01
2.266745188097797070e-01
