2.000018275386000466e-01
2.000018432072483698e-01
2.009719642971399822e-01
2.017191262737975666e-01
2.025029028778239926e-01
2.033284829525215109e-01
2.041262941522447305e-01
2.050207537314979456e-01
2.058865978519059392e-01
2.067695471213501224e-01
2.077022151409411432e-01
2.086120756112761210e-01
2.094943882801893198e-01
2.104283721065922097e-01
2.114371044519126608e-01
2.124917492564782351e-01
2.135854140975730620e-01
2.146685942094969102e-01
2.158181188443765997e-01
2.168602814449373528e-01
2.179123083806704941e-01
2.190243305570037380e-01
2.200653874045929159e-01
2.210738790155213629e-01
2.221142503724348738e-01
2.230885327716366218e-01
2.240500629854659254e-01
2.250007784222792240e-01
2.260119793200247862e-01
2.270152366620896978e-01
2.280249408644293430e-01
2.290185816344195158e-01
2.300122055928084663e-01
2.309975280784479501e-01
2.319614946787274812e-01
2.328871710495241110e-01
2.338058458381081506e-01
2.346745738280888172e-01
2.354597931255262011e-01
2.362428543672913384e-01
2.370200675615893871e-01
2.378233207557072237e-01
2.386356905808693918e-01
2.395274846671645586e-01
2.404615931993463462e-01
2.414569889437017391e-01
2.424477307566464679e-01
2.434123210926206482e-01
2.443333177514085131e-01
2.452207961400636183e-01
2.460647774907966656e-01
2.469012732822380429e-01
2.477027882851306206e-01
2.485202449399816493e-01
2.493210812350441230e-01
2.501147556273577988e-01
2.508856677869494289e-01
2.516209600855469630e-01
2.523622689177846823e-01
2.531153391070093406e-01
2.538687726054996152e-01
2.546302857173319278e-01
2.553997392077004824e-01
2.561553500361778979e-01
2.569168143561749162e-01
2.576896611172000973e-01
2.584851484052808068e-01
2.592484592532044441e-01
2.600215614872660175e-01
2.608386836780781648e-01
2.616983732534250429e-01
2.625792586376062832e-01
2.634655236983652893e-01
2.643873747031076360e-01
2.653434623301166306e-01
2.663214232443033569e-01
2.672990582225274192e-01
2.683261308927264444e-01
