2.000021764942570002e-01
2.000021922932056495e-01
2.013206219768822747e-01
2.019368588606319792e-01
2.025619464629404842e-01
2.032797807886095875e-01
2.037511157324857769e-01
2.040627783542371676e-01
2.043638454368280344e-01
2.046182815044876868e-01
2.048543728291879196e-01
2.052860755168093854e-01
2.054271338172108663e-01
2.055442909437303622e-01
2.055973383272897137e-01
2.056234052997019945e-01
2.056441488085690439e-01
2.056500688255617493e-01
2.056464702998363758e-01
2.056379018972661066e-01
2.056197637668294997e-01
2.054554237430475105e-01
2.052851873264713023e-01
2.049288259488678265e-01
2.045623121339895656e-01
2.041809164303934332e-01
2.037684616328171716e-01
2.034031551663582071e-01
2.028935415840864287e-01
2.023779315274350787e-01
2.018629103775140821e-01
2.012703417183549504e-01
2.006971832836248193e-01
2.000665197976163046e-01
1.994053054768586131e-01
1.987015803548828341e-01
1.979539560351533112e-01
1.971697009261727529e-01
1.963455941970010943e-01
1.954785295271799783e-01
1.945982631123968631e-01
1.936815565259434047e-01
1.927299374413551092e-01
1.917538019083063761e-01
1.907495342607306299e-01
1.897215450195758046e-01
1.886647188872269953e-01
1.875749123737395774e-01
1.864797594580483164e-01
1.853842663254668677e-01
1.842501484608156104e-01
1.831094875264789035e-01
1.819800285890990355e-01
1.808718095589412767e-01
1.797491808105140809e-01
1.785960781397117336e-01
1.774473360197962868e-01
1.762746885661505281e-01
1.751033520780102826e-01
1.739266739456098998e-01
1.727102283129231530e-01
1.714564795140195164e-01
1.701788197446585105e-01
1.687964345423603740e-01
1.674051295197246658e-01
1.659375103444680755e-01
1.644713207320430137e-01
1.629362439648015803e-01
1.613972062759050641e-01
1.597855007718909648e-01
1.582294915065678709e-01
1.566370005516208308e-01
1.549816458963661769e-01
1.533143242750059088e-01
1.516834993199363546e-01
1.500290297810906170e-01
1.483693782983953047e-01
1.467151178275361845e-01
1.450883994269226152e-01
1.433301276712891092e-01
1.415719263125787275e-01
1.398240154228083953e-01
1.380427241718108766e-01
1.362434849865670761e-01
1.344711701410540305e-01
1.326749832245520400e-01
1.309424129132384373e-01
1.291302320815078397e-01
1.273103095426745546e-01
1.254892680946420869e-01
1.236371055139608433e-01
1.217713527499128395e-01
1.199423005868322928e-01
1.180844672238541837e-01
1.162693560483821636e-01
1.144324935320269881e-01
1.125640923432276452e-01
1.106841866691112564e-01
1.088189909628633906e-01
1.069538468741354498e-01
1.050924685670606845e-01
1.032404611214596257e-01
1.014147138568538137e-01
9.961448476703378685e-02
9.781555189301761877e-02
9.603767426218977332e-02
9.425391602805299751e-02
9.247470807646461510e-02
9.075717786546022570e-02
8.907902467353003007e-02
8.736956097948275768e-02
8.576864712631873666e-02
8.414788371655436416e-02
8.245806275480066505e-02
8.103578258820050284e-02
7.942174500081727873e-02
7.782850655275815044e-02
7.613593945295828169e-02
7.455105410025666957e-02
7.300667596707907658e-02
7.141418913858897655e-02
6.973205038716263904e-02
6.808901638142698942e-02
6.654494624048983009e-02
6.497798194068758748e-02
6.414692598152128833e-02
6.253532166578458507e-02
6.108354817250932073e-02
5.943209019003505705e-02
5.792309266490718034e-02
5.623240854087365598e-02
5.452031937250097215e-02
5.285647187088512305e-02
5.152899072671052877e-02
5.104740677199004484e-02
5.059308672633763826e-02
4.920644044595810090e-02
4.875851319141277090e-02
4.814583243521547429e-02
4.746292501496208321e-02
4.611222752397740182e-02
4.536827097940913933e-02
4.473892821035847789e-02
4.321328301196634969e-02
4.223207601983428039e-02
4.114849852429971339e-02
4.050277141600568814e-02
3.943809510179247663e-02
3.856268371502646897e-02
3.687579505953381132e-02
3.634245159931539376e-02
3.577219360501209672e-02
3.524101702673494707e-02
3.478647298638604113e-02
3.383978873575135132e-02
3.357181649424898634e-02
3.324522286267080073e-02
3.271766616757922769e-02
3.233340959754962135e-02
3.189422862735494246e-02
3.123384809896628811e-02
3.082823871140421765e-02
3.038282533707950539e-02
2.992232396167690198e-02
2.933628327747590456e-02
2.902747018533590947e-02
2.871712049389781377e-02
2.788796606857159993e-02
2.648712481891505113e-02
2.592112468518533233e-02
2.541570617550753530e-02
2.484762310251083239e-02
2.434683735765449941e-02
2.403594897197723276e-02
2.331471404220257157e-02
2.278690042590014384e-02
2.240171551713458428e-02
2.190393282722345042e-02
2.123211548493619816e-02
2.058746325368918800e-02
2.014892706171329817e-02
1.959325742180935762e-02
1.911978661677629296e-02
1.867462219173875865e-02
1.823823769301334899e-02
1.775598803395477682e-02
1.704126906322670637e-02
1.640803463661292746e-02
1.580287954090987823e-02
1.530012082284256530e-02
1.466297569073543063e-02
1.408469608376475800e-02
1.333605967138560416e-02
1.261380566051404327e-02
1.155640673928921836e-02
1.090717546392764616e-02
1.021787866184751224e-02
9.464783313782022117e-03
8.929938028734096811e-03
8.174721686251870678e-03
7.378369055905931867e-03
6.777112524231862847e-03
6.252071146373109484e-03
5.631961528652578743e-03
4.689794700483926673e-03
3.994961950086562373e-03
3.071396235455446048e-03
2.643400246670334075e-03
1.901069909086167478e-03
1.214617911510521876e-03
7.187285521534220178e-04
8.713115669020124953e-05
-4.719475060856196053e-04
-9.441904011575558749e-04
-1.694744084945946959e-03
-2.665109077147945725e-03
-3.187286399018661540e-03
-4.097879491076544464e-03
-4.764296815062438878e-03
-5.732007746020888195e-03
-6.652317146128704228e-03
-7.529759371102523295e-03
-8.934117627784624732e-03
-1.039225050552940177e-02
-1.129163162745016116e-02
-1.199522611549695868e-02
-1.276448089335856413e-02
-1.378912820893836086e-02
-1.521608227518553638e-02
-1.690512676815767237e-02
-1.818938310477252740e-02
-1.931081574407470663e-02
-2.083903075799062310e-02
-2.238732405756299962e-02
-2.418938950713957897e-02
-2.624982434683453825e-02
-2.752129611514958496e-02
-2.937147114303864659e-02
-3.113073678038041220e-02
-3.263068181241388782e-02
-3.476102069627013541e-02
-3.636396576153773375e-02
-3.844648365624794145e-02
-3.987988981744454431e-02
-4.112522333699648175e-02
-4.298346895062788581e-02
-4.470865116655483446e-02
-4.656677089161611466e-02
-4.809599689172894960e-02
-4.956455989271286999e-02
-5.110858340448345277e-02
-5.276235634109469053e-02
-5.441311549500119776e-02
-5.588199980588628990e-02
-5.738811973385182785e-02
-5.881426547890489243e-02
-6.019024632939740799e-02
-6.152259442115286941e-02
-6.279348482100693962e-02
-6.401853105922440668e-02
-6.511614105719605583e-02
-6.614109819412605784e-02
-6.711164147193895979e-02
-6.802414704094301989e-02
-6.885120122523108455e-02
-6.958095984740664264e-02
-7.011417040788153754e-02
-7.057256097481560964e-02
-7.093725247722404426e-02
-7.126217629835890355e-02
-7.156856403594409610e-02
-7.183929093294617874e-02
-7.217633132253480077e-02
-7.241837713420680445e-02
-7.265973317516941088e-02
-7.291563039366678878e-02
-7.318106258092524352e-02
-7.340075817085493781e-02
-7.359238585234544050e-02
-7.371756141244449612e-02
-7.377956449978667619e-02
-7.378365620435996253e-02
-7.373870304002978771e-02
-7.365422880605226874e-02
-7.354488391632148236e-02
-7.339202971515705609e-02
-7.319926324069360446e-02
-7.298596060519116357e-02
-7.266728062408514544e-02
-7.238423869313434511e-02
-7.200147762306792487e-02
-7.156582050242071835e-02
-7.106789641603665497e-02
-7.048235953661685649e-02
-6.997138135465387487e-02
-6.953845082344878303e-02
-6.909894053635763644e-02
-6.870968365713590875e-02
-6.837438879151484794e-02
-6.802234561635941978e-02
-6.764204739764419216e-02
-6.720808619046389487e-02
-6.661826963418410186e-02
-6.602859393540293220e-02
-6.533580244784320534e-02
-6.443090099689480210e-02
-6.353714467756611806e-02
-6.278089273222779709e-02
-6.224907785380097425e-02
-6.171941099476521697e-02
-6.128240837102309074e-02
-6.097694013041957822e-02
-6.063099724644755578e-02
-6.024846235942697692e-02
-5.982914641871795586e-02
-5.930816559271605282e-02
-5.868902356417660116e-02
-5.808885245967995714e-02
-5.753509393176690911e-02
-5.706759839598837813e-02
-5.675035006497792384e-02
-5.650390424961345553e-02
-5.629817972238606444e-02
-5.609210696455423084e-02
-5.598595758932937982e-02
-5.586859092898740359e-02
-5.577282196546413939e-02
-5.571237665878246703e-02
-5.565145729462857294e-02
-5.546673975500823056e-02
-5.513934023365097553e-02
-5.470017139672590789e-02
-5.418686321532667494e-02
-5.364608824852479946e-02
-5.306228953033018808e-02
-5.266539184761843267e-02
-5.232612236022875229e-02
-5.198480272702512422e-02
-5.163930369916305829e-02
-5.129535301491645188e-02
-5.093661249346212450e-02
-5.051841937543275624e-02
-5.009961959429518052e-02
-4.962509298504427790e-02
-4.907558480264454653e-02
-4.849632660655484734e-02
-4.796400586612881156e-02
-4.757774236072117441e-02
-4.727783611438714229e-02
-4.703318176002856121e-02
-4.682725802097362222e-02
-4.660075530807195748e-02
-4.638378838351431277e-02
-4.616310008143823668e-02
-4.580259789849362023e-02
-4.533667652841848889e-02
-4.477267996179155884e-02
-4.420458211151619132e-02
-4.379062931520547736e-02
-4.329339162518679174e-02
-4.282252092473159966e-02
-4.249492125761190203e-02
-4.220544614084265067e-02
-4.180491192585454596e-02
-4.144524524431188184e-02
-4.111891810510569928e-02
-4.080150681241322824e-02
-4.051756935754706468e-02
-4.018963873935270381e-02
-3.980943644676096516e-02
-3.943575993885933134e-02
-3.902140628653122389e-02
-3.874313139111384974e-02
-3.845292827186912177e-02
-3.823899128899736766e-02
-3.797441810778107857e-02
-3.777503039164858273e-02
-3.760779473747397766e-02
-3.744695198680179915e-02
-3.715593272793146079e-02
-3.689600321375136049e-02
-3.663388235516074759e-02
-3.635858962853957821e-02
-3.611949480527163608e-02
-3.588244785867572562e-02
-3.558171875315056104e-02
-3.537407271487603977e-02
-3.518266236240998740e-02
-3.487134597002201214e-02
-3.453912437034180327e-02
-3.417050593498237310e-02
-3.380614387700919127e-02
-3.344048030812447198e-02
-3.310550781294056832e-02
-3.278563552486896127e-02
-3.238029931731860322e-02
-3.205089592506499968e-02
-3.175357734211065736e-02
-3.158138679009622751e-02
-3.143850373535176518e-02
-3.130839716421627422e-02
-3.120901961816608880e-02
-3.100560958552187052e-02
-3.071473759907589196e-02
-3.043773399498465870e-02
-3.006310183939994718e-02
-2.988383573709161439e-02
-2.972528481051534346e-02
-2.960198480815182456e-02
-2.954117988500848391e-02
-2.944587049453232380e-02
-2.931552987272309507e-02
-2.919965650964675974e-02
-2.897211082202056504e-02
-2.868152908220993058e-02
-2.832452821269021426e-02
-2.801023075979648322e-02
-2.778910696989609838e-02
-2.760229822863284610e-02
-2.754106626702170976e-02
-2.748998865272772249e-02
-2.743452171177639815e-02
-2.735306801590307174e-02
-2.723931130376796433e-02
-2.708525145413180277e-02
-2.693489437960043531e-02
-2.685487276243899921e-02
-2.680715583518307812e-02
-2.676073635808812884e-02
-2.672863647411235707e-02
-2.666507197864789389e-02
-2.658322570889441044e-02
-2.652565096280003198e-02
-2.646363187657146954e-02
-2.634276750954935367e-02
-2.622353970884587146e-02
-2.609472014301744691e-02
-2.595994953991063656e-02
-2.586581206681986406e-02
-2.578828462086383763e-02
-2.573861157844185843e-02
-2.571819244080069886e-02
-2.568974294755021689e-02
-2.565901084844026889e-02
-2.560207186277961913e-02
-2.549283923855152206e-02
-2.535733223687252486e-02
-2.524619459988595646e-02
-2.516759805448013851e-02
-2.511109753970929004e-02
-2.506052926761632993e-02
-2.501397416920592490e-02
-2.498229033451041664e-02
-2.493274053322996203e-02
-2.487290999147659387e-02
-2.480969070261248091e-02
-2.474969810350373042e-02
-3.141990752028264710e-06
-3.157993485853387878e-06
-2.158776883952248475e-03
-4.299821543307816817e-03
-6.501174421102971258e-03
-8.646507777150008733e-03
-1.081067556261446072e-02
-1.282139680516347288e-02
-1.491206753215114540e-02
-1.697978796885715042e-02
-1.917264351119963781e-02
-2.127853541258836398e-02
-2.347260900646030296e-02
-2.557010265871315080e-02
-2.760374382470312526e-02
-2.958211181966487538e-02
-3.160455741735632151e-02
-3.342186238205256676e-02
-3.538745816158040541e-02
-3.732128661367273281e-02
-3.913824942788926564e-02
-4.080732287049367718e-02
-4.242188905054770226e-02
-4.409992481003630754e-02
-4.571528152796151129e-02
-4.724849724946790508e-02
-4.870526838769579508e-02
-5.012240714961947730e-02
-5.140040509796740820e-02
-5.263936246171981720e-02
-5.375414761714144424e-02
-5.476316721103738350e-02
-5.574555620201170070e-02
-5.668537712221990293e-02
-5.759031492760757764e-02
-5.847153513940177294e-02
-5.931470569778887758e-02
-6.010922854739085552e-02
-6.083715780066865225e-02
-6.148978843792302779e-02
-6.208952233802409598e-02
-6.266140780300126500e-02
-6.320680085873134346e-02
-6.369186330498963211e-02
-6.414436972033539519e-02
-6.454012454909015262e-02
-6.487829269658047793e-02
-6.516977353838078468e-02
-6.539715038383524248e-02
-6.556510894328229644e-02
-6.567696597085054266e-02
-6.573143860356546464e-02
-6.572929286824399919e-02
-6.567069761382847426e-02
-6.555516390110624481e-02
-6.537905268579549678e-02
-6.514915151328710963e-02
-6.486953909094173021e-02
-6.453679133965983805e-02
-6.414949170676907675e-02
-6.371734915454110859e-02
-6.324147858499153119e-02
-6.270713199902724910e-02
-6.213077389329522277e-02
-6.153111411062452130e-02
-6.091281645313641885e-02
-6.025077605850353429e-02
-5.952234986351272877e-02
-5.875643359680048083e-02
-5.792396343920261370e-02
-5.706800702411914117e-02
-5.619940678304063963e-02
-5.528967209326579590e-02
-5.433770463408954532e-02
-5.331926300792150936e-02
-5.226131071494605207e-02
-5.123976889291204095e-02
-5.022906657171043870e-02
-4.931513652170908812e-02
-4.859003651820892333e-02
-4.792527696716147173e-02
-4.706408960250888646e-02
-4.588946336236331136e-02
-4.467152282811645558e-02
-4.345614782846972390e-02
-4.221843838823393508e-02
-4.094209633118704034e-02
-3.961848914859064652e-02
-3.837885567863849601e-02
-3.735101348409428090e-02
-3.661694401434352486e-02
-3.572930863304895482e-02
-3.460533709957519521e-02
-3.355717871712892569e-02
-3.254360835589234502e-02
-3.160709116467344537e-02
-3.061073649707457892e-02
-2.974991655905446716e-02
-2.887143469215057087e-02
-2.801332658234202341e-02
-2.714185846796252771e-02
-2.632050695899165044e-02
-2.561247763811602685e-02
-2.493006203207490112e-02
-2.431227997621539585e-02
-2.371601729633817865e-02
-2.310158606843515719e-02
-2.240695545248084716e-02
-2.187028434388688450e-02
-2.134335900650496942e-02
-2.093980592528636026e-02
-2.053527581919126904e-02
-2.015784672263763386e-02
-1.981819833788854915e-02
-1.947844253379196408e-02
-1.911446221886887314e-02
-1.875930964460282083e-02
-1.831600459081147991e-02
-1.794928177424547772e-02
-1.754332311725181198e-02
-1.708602516603068347e-02
-1.677448381122500012e-02
-1.651707423753512663e-02
-1.624618495233581469e-02
-1.603048735547165163e-02
-1.585139237316009198e-02
-1.571367961917097961e-02
-1.557847367267951692e-02
-1.550698266371879942e-02
-1.545435023241225475e-02
-1.543217710242088779e-02
-1.542558085469493238e-02
-1.543966863611368964e-02
-1.547135358745662694e-02
-1.551423605872105302e-02
-1.558016501105501279e-02
-1.565163913666834175e-02
-1.574079324959585385e-02
-1.587423933547871605e-02
-1.606543826199218275e-02
-1.632731270492493100e-02
-1.723613827546797983e-02
-1.814022178837948820e-02
-1.904004289617814913e-02
-1.993693216221854511e-02
-2.083176516380498555e-02
-2.172519449947595688e-02
-2.261774876035313811e-02
-2.350984109407704484e-02
-2.440178254275432099e-02
-2.529380423513909182e-02
-2.618605885203999922e-02
-2.707863748649280700e-02
-2.797362472274213252e-02
-2.886980979447205040e-02
-2.976596667416062797e-02
-3.066209800146398740e-02
-3.155820695400067544e-02
-3.245429232596795666e-02
-3.335034882734750489e-02
-3.424637579629079276e-02
-3.514237348885994316e-02
-3.603834276295977274e-02
-3.693426691012594715e-02
-3.783014646761857780e-02
-3.872603878423205859e-02
-3.962193694155970863e-02
-4.051783454289126923e-02
-4.141372652448295499e-02
-4.230960920696562322e-02
-4.320548008467749862e-02
-4.410133775950111218e-02
-4.499718827743735827e-02
-4.589303302080584984e-02
-4.678887350916189486e-02
-4.768470955390505944e-02
-4.858054004894317435e-02
-4.947636358103107285e-02
-5.037218032554939551e-02
-5.126799068499857115e-02
-5.216379526155620616e-02
-5.305959483378139968e-02
-5.395539033897391035e-02
-5.485118229089624292e-02
-5.574697107280762037e-02
-5.664275560249482089e-02
-5.753853492768604139e-02
-5.843430824718032213e-02
-5.933007492753348405e-02
-6.022583451556920431e-02
-6.112158674689154719e-02
-6.201733155034235695e-02
-6.263178221205009666e-02
-6.353137108283089807e-02
-6.443095292555856002e-02
-6.533049621033394649e-02
-8.377267749979944167e-02
-8.406418038226375067e-02
-8.472875392054630972e-02
-8.476795498933137329e-02
-8.494193707051975184e-02
-8.562494388953914570e-02
-8.612913228398920429e-02
-8.652372155236821849e-02
-8.681014850258637894e-02
-9.487600755707070732e-02
-9.510905275076954324e-02
-9.519392443043782348e-02
-9.534415915075132586e-02
-9.544263281936221643e-02
-9.556700745636917405e-02
-9.573176186068815818e-02
-9.584264754076031456e-02
-9.595767125064363912e-02
-9.604428418342393636e-02
-9.607904026029581712e-02
-9.610209649521378461e-02
-9.612455373271754089e-02
-9.612415961055389979e-02
-9.611346092810553465e-02
-9.607591767219775258e-02
-9.600993280591270385e-02
-9.591236780617651281e-02
-9.575751574663728116e-02
-9.560096161274309057e-02
-9.535844651324626442e-02
-9.499111554623140830e-02
-9.464424401991464175e-02
-9.419835724756196738e-02
-9.366735983369700591e-02
-9.303871037729713467e-02
-9.236188672456975557e-02
-9.168392411428374911e-02
-9.102778775493526597e-02
-9.036685805926900072e-02
-8.964888700431519752e-02
-8.880800988031775645e-02
-8.788293607163900900e-02
-8.691454664594557011e-02
-8.589112438347122624e-02
-8.482932325836838039e-02
-8.379424120163538048e-02
-8.287155805043482093e-02
-8.210043796053782816e-02
-8.146047611638075614e-02
-8.086245830428749615e-02
-7.992933837743887437e-02
-7.871757462170521358e-02
-7.743902483222751820e-02
-7.612055257059312241e-02
-7.476788717621267455e-02
-7.337537086134598985e-02
-7.191395450242461795e-02
-7.059988702184252785e-02
-6.943938964928296487e-02
-6.850045413772870573e-02
-6.795727792014703839e-02
-6.767554395708900994e-02
-6.741883455548046411e-02
-6.743003123492224971e-02
-6.750968913691979267e-02
-6.773583555891038444e-02
-6.790561343272451256e-02
-6.785587870443181291e-02
-6.801450078336911120e-02
-6.821370642478065405e-02
-6.848444525752644951e-02
-6.882783434789307986e-02
-6.920416835629167318e-02
-6.944789435742781958e-02
-6.971346925332723432e-02
-6.998058335526391449e-02
-7.035533813533674519e-02
-7.063582512122884571e-02
-7.102739098532800943e-02
-7.141035211372472047e-02
-7.162795396292155614e-02
-7.194466128347848377e-02
-7.228537978447140133e-02
-7.266455062472915172e-02
-7.303126015050855069e-02
-7.345226759222434065e-02
-7.383806864576390738e-02
-7.418736587048911646e-02
-7.451551385035078134e-02
-7.477633530706348508e-02
-7.492097829217315985e-02
-7.514698610361082720e-02
-7.539373781933553231e-02
-7.568251044408083605e-02
-7.594993533606368696e-02
-7.624481048520331816e-02
-7.655771677967372624e-02
-7.684223331574779881e-02
-7.709316222053716472e-02
-7.731155596269048691e-02
-7.746020827738107906e-02
-7.740600330510039040e-02
-7.750543961510716895e-02
-7.756272560982609143e-02
-7.762506233254190535e-02
-7.762274530776229475e-02
-7.756507402333119583e-02
-7.763385167481265392e-02
-7.757305123783860001e-02
-7.755833056538632975e-02
-7.740642978072063973e-02
-7.700365436896947080e-02
-7.657243781850665842e-02
-7.635317380710382462e-02
-7.606059438740732370e-02
-7.592610601831090156e-02
-7.585632488441575172e-02
-7.569612539477119095e-02
-7.580678003730614845e-02
-7.575024397822603672e-02
-7.574237901511890469e-02
-7.588892375507234889e-02
-7.603856358466443144e-02
-7.629123930945688747e-02
-7.668755857282991140e-02
-7.703328600529819881e-02
-7.744181716423760575e-02
-7.789165726013480562e-02
-7.835086188748405234e-02
-7.880577206087036046e-02
-7.925187031987988850e-02
-7.969745203237009468e-02
-7.997917994839905120e-02
-8.025087237075274882e-02
-8.060569407638780437e-02
-8.090914395683790339e-02
-8.128047705224647479e-02
-8.173490022630720830e-02
-8.219374782579334793e-02
-8.261836594770842479e-02
-8.305595842289312247e-02
-8.333891348150708478e-02
-8.364632584707749896e-02
-8.392554705818923433e-02
-8.407378095500846193e-02
-8.429725925666799180e-02
-8.463196767336933490e-02
-8.498634748329492172e-02
-8.542675551161418857e-02
-8.590992728307365878e-02
-8.635315116767545984e-02
-8.682834850421106143e-02
-8.723842485864549690e-02
-8.766935765379745005e-02
-8.814161998888420113e-02
-8.864148131882075565e-02
-8.904819437741209875e-02
-8.955680006020740047e-02
-9.004088350304678690e-02
-9.050509923100860665e-02
-9.098038421473186865e-02
-9.139194167495445775e-02
-9.173192712489929013e-02
-9.207230471560789997e-02
-9.244336876155474780e-02
-9.273329107882974376e-02
-9.309528942445337296e-02
-9.345955662907430572e-02
-9.383340103372164731e-02
-9.420767213322331357e-02
-9.460588264582923956e-02
-9.497890028278731245e-02
-9.534263298302814160e-02
-9.571940179434579310e-02
-9.610598293033262296e-02
-9.651948416553081389e-02
-9.694608912343212481e-02
-9.737600381407027217e-02
-9.777795252079751753e-02
-9.819669199709635254e-02
-9.860394559250391933e-02
-9.901522150178646009e-02
-9.945054602429380386e-02
-9.977077851529465857e-02
-1.001252872891359030e-01
-1.004312285818050321e-01
-1.007173467043035592e-01
-1.010010608797242276e-01
-1.012990443875612517e-01
-1.015604959821797965e-01
-1.018253964614789786e-01
-1.020436990388629284e-01
-1.022457107847365293e-01
-1.023477493771091928e-01
-1.024245961579385161e-01
-1.025915916411375001e-01
-1.027396631828411955e-01
-1.028721729185295974e-01
-1.030809692156818003e-01
-1.031546945723951780e-01
-1.032613683467405452e-01
-1.033005845121194588e-01
-1.033620378422919622e-01
-1.033376366174619948e-01
-1.034452940059340936e-01
-1.034805415135014589e-01
-1.036466327219707634e-01
-1.037998016315059696e-01
-1.039339900610614931e-01
-1.039264982923328168e-01
-1.039551419094826845e-01
-1.038764846417014748e-01
-1.038848112924875694e-01
-1.038375385590320915e-01
-1.039172900742230815e-01
-1.040309031521610694e-01
-1.041835057617027660e-01
-1.043344227401187818e-01
-1.044829009351895821e-01
-1.046320676273518463e-01
-1.047768534538701946e-01
-1.048940492648002126e-01
-1.050152396616052808e-01
-1.051747155627510422e-01
-1.053533277943484586e-01
-1.054627709615285347e-01
-1.056252857372276810e-01
-1.057269690409732704e-01
-1.057790159167937422e-01
-1.058172865083575748e-01
-1.058444025631133378e-01
-1.059020043696555363e-01
-1.059271782804146189e-01
-1.059488449571345525e-01
-1.059866772113988304e-01
-1.060262206711090893e-01
-1.060571118340479790e-01
-1.060359963612382828e-01
-1.060382758593661628e-01
-1.060256680224019726e-01
-1.060242902137409488e-01
-1.060163393797480952e-01
-1.060249064083209070e-01
-1.060203325478829145e-01
-1.059995125309647623e-01
-1.059692777251888124e-01
-1.058733511002797195e-01
-1.056931177346957657e-01
-1.054482203416547137e-01
-1.051939676918156735e-01
-1.049693085573963347e-01
-1.047960116955955340e-01
-1.046632845505593712e-01
-1.045306287979531346e-01
-1.043911308614828837e-01
-1.042394158778009172e-01
-1.040229169051640340e-01
-1.038001101471749815e-01
-1.036418093729322976e-01
-1.035290368619945500e-01
-1.034591466524611009e-01
-1.033978862438550694e-01
-1.033121124056935319e-01
-1.032096754599315658e-01
-1.031378715622270487e-01
-1.030626617648752047e-01
-1.029507619288647507e-01
-1.028601702396464146e-01
-1.027392788508271204e-01
-1.025888886442732906e-01
-1.023396024996439391e-01
-1.020535084278112181e-01
-1.017878465349849187e-01
-1.014812218194384164e-01
-1.012421981789686787e-01
-1.010237557638625910e-01
-1.008476307264362104e-01
-1.005682878995715901e-01
-1.003312186453734073e-01
-1.001375437614345776e-01
-9.999971744655107575e-02
-9.985007955528700518e-02
-9.963001093702349154e-02
-9.929172048454730504e-02
-9.886671997754797880e-02
-9.865002040346422529e-02
-9.851891986796923462e-02
-9.838646687494742582e-02
-9.828484779068683008e-02
-9.822827699310825167e-02
-9.816928930175469747e-02
-9.808536974559475818e-02
-9.797007229625376290e-02
-9.767671385605973533e-02
-9.737247665489537352e-02
-9.704989060348848118e-02
-9.665361603541593183e-02
-9.632876635249200403e-02
-9.605471970426454620e-02
-9.585207016535166047e-02
-9.569243757788707672e-02
-9.549889076428388912e-02
-9.528006802264313291e-02
-9.493353687900402127e-02
-9.454051594042997553e-02
-9.409816065058480838e-02
-9.377143105345930874e-02
-9.355774765254855352e-02
-9.350827663109198551e-02
-9.349138216265255596e-02
-9.343623782007659528e-02
-9.342664442363304844e-02
-9.336972586129321794e-02
-9.328863346313420735e-02
-9.311590559122837063e-02
-9.301516390194884687e-02
-9.288702548545212101e-02
-9.277168542489076797e-02
-9.262420801568616024e-02
-9.251264737782236014e-02
-9.237251578698545129e-02
-9.222579144920101113e-02
-9.209945341449356226e-02
-9.191339016774975612e-02
-9.160857978734973650e-02
-9.118592418518171872e-02
-9.071444722393859350e-02
-9.006850860723750185e-02
-8.943149709138445425e-02
-8.878596795540681652e-02
-8.810649432153369598e-02
-8.740060130321937459e-02
-8.673150981418525918e-02
-8.602189870504411973e-02
-8.533010280791385183e-02
-8.463224562023380360e-02
-8.396638628821259664e-02
-8.330641159250605499e-02
-8.262525240057370934e-02
-8.192599610441284042e-02
-8.133207136057130082e-02
-8.078973495244477776e-02
-8.025232453511636777e-02
-7.976844077571315639e-02
-7.940689380100035555e-02
-7.909271347718420386e-02
-7.874314223208421504e-02
-7.829187135902214434e-02
-7.778054463542845298e-02
-1.999970597300415875e-01
-1.999970436854872080e-01
-1.984029243262279418e-01
-1.969891389272523663e-01
-1.954583473203067023e-01
-1.938777017473446440e-01
-1.923749513140562140e-01
-1.909368371096722972e-01
-1.893983479935945902e-01
-1.879253270506865137e-01
-1.865535078992809070e-01
-1.852287290188651403e-01
-1.837954576649602767e-01
-1.823917710971210693e-01
-1.810004586785538827e-01
-1.796311228187038589e-01
-1.782838916916321403e-01
-1.769479602641973737e-01
-1.756314921295559217e-01
-1.743165033936827923e-01
-1.730167656373519935e-01
-1.716940207728757384e-01
-1.706078936208340890e-01
-1.694132217462515633e-01
-1.693750194882918669e-01
-1.695162848828492275e-01
-1.697300204574933302e-01
-1.699403744554628115e-01
-1.702111142106151609e-01
-1.704795067371693562e-01
-1.706962121054544923e-01
-1.709535241084846335e-01
-1.711847177154015576e-01
-1.714420788953990027e-01
-1.716951368858858906e-01
-1.719513394440593812e-01
-1.721853040844122940e-01
-1.723805957870627181e-01
-1.725822370042628118e-01
-1.728331454777940479e-01
-1.730861523940061819e-01
-1.733373727036539025e-01
-1.735544993477987352e-01
-1.737284424872743427e-01
-1.738728644552908209e-01
-1.740446348415488065e-01
-1.741742890808896660e-01
-1.742843794010873471e-01
-1.744046793107747462e-01
-1.745491424004148306e-01
-1.746089236581489512e-01
-1.747469611375920828e-01
-1.749134921862539049e-01
-1.750468770874907543e-01
-1.751908409581996728e-01
-1.753411119434628573e-01
-1.754693305930222769e-01
-1.756255874686917517e-01
-1.757819923366826798e-01
-1.759456003217337861e-01
-1.760734663003553913e-01
-1.761502720889435991e-01
-1.762399958914473430e-01
-1.762929268629324919e-01
-1.763398848301292454e-01
-1.763931950176764185e-01
-1.764476380120902355e-01
-1.765065578646881628e-01
-1.765514890395517011e-01
-1.765358555238858151e-01
-1.765572501080414081e-01
-1.766321558796007385e-01
-1.767202752472863680e-01
-1.767704649191698119e-01
-1.767653055551818564e-01
-1.767384131973471773e-01
-1.766586546241151190e-01
-1.765811089523574573e-01
-1.764773450500582708e-01
-1.763615271527801676e-01
-1.762184079418548932e-01
-1.761269584497661134e-01
-1.760253126436843174e-01
-1.759315244553685542e-01
-1.758399120298483609e-01
-1.757979355535912724e-01
-1.757785598863304544e-01
-1.757574367790683267e-01
-1.757369228922290860e-01
-1.756950618277980380e-01
-1.756726005452741990e-01
-1.755986568143882709e-01
-1.755631937490156613e-01
-1.755232914089640828e-01
-1.755028214671431885e-01
-1.754525381314702703e-01
-1.753704110162368490e-01
-1.753315469195595444e-01
-1.752515778060984297e-01
-1.752098376571413485e-01
-1.750843338479410038e-01
-1.749815377791842375e-01
-1.748882339848813472e-01
-1.748493085778315415e-01
-1.747835486434189400e-01
-1.747069377932061185e-01
-1.745911689375053422e-01
-1.745169434665409525e-01
-1.744060086057218906e-01
-1.742933613751654620e-01
-1.741495499801938296e-01
-1.740469378046539950e-01
-1.739374309388980466e-01
-1.737955334369379323e-01
-1.736315648631702180e-01
-1.734573747803467292e-01
-1.733059396718318879e-01
-1.731783482368461913e-01
-1.730778432676912393e-01
-1.730074575574940265e-01
-1.729450440097097530e-01
-1.728668673617629326e-01
-1.727994917415142107e-01
-1.727551616717715732e-01
-1.727060512407904147e-01
-1.726728214815935747e-01
-1.726510666907945801e-01
-1.726430448916115579e-01
-1.726214974626818777e-01
-1.726183901297999312e-01
-1.726352030612106347e-01
-1.726046005343355449e-01
-1.725654387065291562e-01
-1.725090877371671383e-01
-1.724533317387408615e-01
-1.724052755656584890e-01
-1.723421921049275440e-01
-1.722915721666063160e-01
-1.722047145815447378e-01
-1.721158954837453958e-01
-1.720075901227587911e-01
-1.719341163947763762e-01
-1.718692147366735479e-01
-1.718113694727154972e-01
-1.717551910518059499e-01
-1.717131172097328684e-01
-1.716894409071400285e-01
-1.716706692220508756e-01
-1.716440904121543376e-01
-1.716513717433999497e-01
-1.716402825844251245e-01
-1.716447820545956016e-01
-1.716240072043465625e-01
-1.716043968150143262e-01
-1.715733817400792172e-01
-1.715534450262737320e-01
-1.715476599770815180e-01
-1.715303148917251552e-01
-1.715197904855809141e-01
-1.715024213590421454e-01
-1.714657723960794911e-01
-1.714214266037796530e-01
-1.713710754124040947e-01
-1.712841648694616858e-01
-1.711677940358398153e-01
-1.711106730017417088e-01
-1.710399010547211107e-01
-1.709639319048280037e-01
-1.708795222452215989e-01
-1.707650951976722731e-01
-1.706639804047977438e-01
-1.705686800091121835e-01
-1.704698232453599194e-01
-1.703804509646992538e-01
-1.702758301339159785e-01
-1.701331627596619489e-01
-1.700001946206930736e-01
-1.698536918687336417e-01
-1.697267632412653715e-01
-1.696033928929524259e-01
-1.694996285870179198e-01
-1.693619224371567256e-01
-1.692411876210593302e-01
-1.691393560157742060e-01
-1.690545738991130476e-01
-1.688899989485793396e-01
-1.688038412143738065e-01
-1.686430852707858363e-01
-1.685170694980623052e-01
-1.683957553681656172e-01
-1.682905758874524982e-01
-1.682055359849205511e-01
-1.681077633262572923e-01
-1.679984390802483629e-01
-1.678875720202592237e-01
-1.677678075937343860e-01
-1.676318194670419759e-01
-1.675135307470123902e-01
-1.673976061469738541e-01
-1.672861349062499114e-01
-1.671738684897479676e-01
-1.670596466077813314e-01
-1.669372914876096625e-01
-1.668157999887954213e-01
-1.667063685822052499e-01
-1.666114129784012909e-01
-1.665222573557955110e-01
-1.664223011101318428e-01
-1.663231949715788527e-01
-1.662064203593483502e-01
-1.661014098075270784e-01
-1.659805605216603530e-01
-1.658746819502404379e-01
-1.657908783648893158e-01
-1.657085053733457769e-01
-1.656446216526946402e-01
-1.655818647529931908e-01
-1.655207776912305528e-01
-1.654298156829141775e-01
-1.653330134504779891e-01
-1.652282244154859581e-01
-1.651093006886789616e-01
-1.649698436844888871e-01
-1.648211078594929435e-01
-1.646671048520822744e-01
-1.645200751619047275e-01
-1.643826852046162412e-01
-1.642299940674727121e-01
-1.641109589120485768e-01
-1.640218153697798886e-01
-1.639504329038115327e-01
-1.638663331825485625e-01
-1.637875881787076715e-01
-1.637131356412328542e-01
-1.636350581135969651e-01
-1.635504677417413399e-01
-1.634590366631656355e-01
-1.633486597092161097e-01
-1.632245464358615672e-01
-1.630765951793986257e-01
-1.629276593956439922e-01
-1.627895377649559994e-01
-1.626732647496018647e-01
-1.625569527763947031e-01
-1.624090236316704794e-01
-1.622721178766802774e-01
-1.621311854267760144e-01
-1.620149083657902445e-01
-1.619180892784033432e-01
-1.618211665661825616e-01
-1.617235673545031893e-01
-1.616163723018799181e-01
-1.614919517526267057e-01
-1.613713905808142335e-01
-1.612558511338926526e-01
-1.611493568158640366e-01
-1.610174224152937927e-01
-1.608920588016385378e-01
-1.607599282337399405e-01
-1.606359855347804233e-01
-1.605256104131915773e-01
-1.604030386828160237e-01
-1.602882510275482897e-01
-1.601587919612054711e-01
-1.600348517895988087e-01
-1.598993018298763835e-01
-1.597710878638211041e-01
-1.596564868379751478e-01
-1.595430650673922146e-01
-1.594111231187515243e-01
-1.592798318898506482e-01
-1.591149366496876771e-01
-1.589599414892822193e-01
-1.588090219983660234e-01
-1.586536549583187350e-01
-1.585049562271100831e-01
-1.583452081036536285e-01
-1.581951007678054910e-01
-1.580448985504485648e-01
-1.578812425507425954e-01
-1.577013314491456097e-01
-1.574892148166798234e-01
-1.572740499145982851e-01
-1.570645159096544785e-01
-1.568764572064032803e-01
-1.566825241593140794e-01
-1.564738846371631353e-01
-1.562702600430382616e-01
-1.560786355475907439e-01
-1.558781974561102290e-01
-1.556536549030091976e-01
-1.554324328899882035e-01
-1.551994654643399363e-01
-1.549869188480162141e-01
-1.547741148677831136e-01
-1.545815074312598125e-01
-1.544297690407422929e-01
-1.542912863258148470e-01
-1.541494302828519958e-01
-1.540259095830521785e-01
-1.538899834850048498e-01
-1.537772352269090592e-01
-1.536628412073333394e-01
-1.535523955782860384e-01
-1.534069211501089269e-01
-1.532732349789943382e-01
-1.531091783786409921e-01
-1.529504006372885416e-01
-1.527800923837430991e-01
-1.526366964449800689e-01
-1.524814866031811988e-01
-1.523098993472766505e-01
-1.520972010899449556e-01
-1.518931382430697974e-01
-1.516698678911797549e-01
-1.514041510104239263e-01
-1.511375684538676656e-01
-1.508484326727433655e-01
-1.505480694480777759e-01
-1.502370574595604802e-01
-1.499340575123997432e-01
-1.496586566705038479e-01
-1.494184698968922254e-01
-1.492035271072139901e-01
-1.490161267248863441e-01
-1.487984653008570524e-01
-1.486015970873061087e-01
-1.483843656082765305e-01
-1.481373121184706709e-01
-1.478979378510510700e-01
-1.476227199222878150e-01
-1.472912523828042164e-01
-1.469677980442121723e-01
-1.466050213894028176e-01
-1.462214359524414975e-01
-1.458210895997340273e-01
-1.454220360997436623e-01
-1.450370372725582890e-01
-1.446462933533176065e-01
-1.442716359586915520e-01
-1.438849896874311030e-01
-1.435105384596607192e-01
-1.431888148004988037e-01
-1.429051996469867525e-01
-1.426026337917833120e-01
-1.422937953869818362e-01
-1.420139439876361154e-01
-1.417263033416328033e-01
-1.414629712174696463e-01
-1.412513304403116288e-01
-1.410394833629651790e-01
-1.408800972787770667e-01
-1.407498420154929819e-01
-1.406431692233127972e-01
-1.405751438638577766e-01
-1.405064232246478750e-01
-1.404021774081732343e-01
-1.402958126374043435e-01
-1.401728989696170713e-01
-1.400733437615821753e-01
-1.398836439909104667e-01
-1.397270711701814605e-01
-1.396013532489718545e-01
-1.394826969939726713e-01
-1.393686423915170003e-01
-1.392167866850052838e-01
-1.391052246382719904e-01
-1.389870230990198352e-01
-1.388288638439056089e-01
-1.386549993828767591e-01
-1.384325899561961448e-01
-1.382011640967954202e-01
-1.379346303099103777e-01
-1.376142624504030354e-01
-1.373187809878988475e-01
-1.370167642404437058e-01
-1.366777663917586871e-01
-1.363666698256087995e-01
-1.361071663729500614e-01
-1.358182404197641469e-01
-1.355647214961568647e-01
-1.353056655592358437e-01
-1.350661809056703244e-01
-1.348239963393683405e-01
-1.346278809840247559e-01
-1.343610090732172135e-01
-1.341631875501057003e-01
-1.339672493883172499e-01
-1.336626010078462157e-01
-1.334884961966317785e-01
-1.331193225149070181e-01
-1.326811785775655894e-01
-1.320525619563547859e-01
-1.316607672234737514e-01
-1.313702458993122879e-01
-1.310592734620061317e-01
-1.307509171181876484e-01
-1.303028946918960151e-01
-1.299103644324044737e-01
-1.293937086734889552e-01
-1.291283442766510414e-01
-1.289178518908612181e-01
-1.288833153898969464e-01
-1.287572031677583495e-01
-1.287611170548587647e-01
-1.285645444096452372e-01
-1.283182896176750520e-01
-1.281652146856991081e-01
-1.280513368246054828e-01
-1.277157086376440875e-01
-1.276293894583481192e-01
-1.272100018160071122e-01
-1.268493249166457171e-01
-1.262044359291781548e-01
-1.260897402015915825e-01
-1.259547149999110938e-01
-1.258601587265480992e-01
-1.256771242092968588e-01
-1.255907977908885809e-01
-1.253930022033152014e-01
-1.253874059231979421e-01
-1.252766120570636410e-01
-1.253343570067429191e-01
-1.254098782822009317e-01
-1.254458485560735193e-01
-1.254725394311344278e-01
-1.255488562883079473e-01
-1.255779731581527503e-01
-1.255666505906232466e-01
-1.255580821259529856e-01
-1.254968834595649729e-01
-1.255461572731709219e-01
-1.255943366781762660e-01
-1.257087859120480378e-01
-1.258199158383868366e-01
-1.259502032980587272e-01
-1.260380840251370815e-01
-1.261023417918190059e-01
-1.261409325093386935e-01
-1.261761205552650866e-01
-1.261804363570266097e-01
-1.261587745345539302e-01
-1.261198235367620712e-01
-1.260224893675620517e-01
-1.259259496770426812e-01
-1.258209809839940518e-01
-1.256855112332142255e-01
-1.255067737903378111e-01
-1.252641469104971150e-01
-1.250321505392966992e-01
-1.248052244858814386e-01
-1.245343780588880622e-01
-1.243061763963860811e-01
-1.240687509420344559e-01
-1.238203497337320297e-01
-1.235418430027032666e-01
-1.232596386183094361e-01
-1.228643450367141177e-01
-1.225257354715609537e-01
-1.222018065305092438e-01
-1.217600904035129189e-01
-1.212412018060928381e-01
-1.207458593669999136e-01
-1.202844424944833207e-01
-1.197912325531908379e-01
-1.193933604266678716e-01
-1.190297720810474247e-01
-1.186575698986309102e-01
-1.182443210350161422e-01
-1.178454260438698553e-01
-1.173878297419539418e-01
-1.169566012568923480e-01
-1.165352252478793621e-01
-1.160766624332865982e-01
-1.156081455063393826e-01
-1.151507522507167203e-01
-1.146650164326183247e-01
-1.140952820381083005e-01
-1.135436333186972679e-01
-1.129717550421562300e-01
-1.124515912993576394e-01
-1.120051345404245030e-01
-1.115054878940718169e-01
-1.110050326263877091e-01
-1.104970418400152143e-01
-1.098771926088853712e-01
-1.093741128020552789e-01
-1.088590126227875765e-01
-1.083922443488056359e-01
-1.078743417550986489e-01
-1.074276043991689022e-01
-1.068585006763783790e-01
-1.063304781070587846e-01
-1.056495361232386299e-01
-1.048437569577591322e-01
-1.039387060825151948e-01
-1.031063749209989583e-01
-1.021043087754028855e-01
-1.014406320796273075e-01
-1.005703112818808476e-01
-9.987135322679918659e-02
-9.894745544166778928e-02
-9.834195894386993375e-02
-9.778332631523413421e-02
-9.718166879120876400e-02
-9.648061906106261687e-02
-9.593479442777115562e-02
-9.537997262462326320e-02
-9.485792366243944729e-02
-9.431798931033917588e-02
-9.379930544633968692e-02
-9.325560721514369877e-02
-9.272179906605203248e-02
-9.213722994743352157e-02
-9.155307564326771452e-02
-9.095458309753595705e-02
-9.035782611684473054e-02
-8.979043883743147159e-02
-8.922152209728886896e-02
-8.867915792490023430e-02
-8.812603623325397650e-02
-8.758184300849508608e-02
-8.704969543821364231e-02
-8.652959400654186561e-02
-8.606003042041175666e-02
-8.559700698464869917e-02
-8.512183994761061967e-02
-8.464274733416048135e-02
-8.411398607164570496e-02
-8.361293371826000742e-02
-8.310402557330504036e-02
-8.260216245010201797e-02
-8.211344959697756962e-02
-8.169673760271362051e-02
-8.126869920305210271e-02
-8.076811511749178163e-02
-8.034330863538008405e-02
-7.994714462370183794e-02
-7.952125839336725288e-02
-7.911948065982793432e-02
-7.869092519493331439e-02
-7.830012862716539956e-02
-7.788357303801532461e-02
-7.749903061021723438e-02
-7.705109950432806332e-02
-7.638440705064648839e-02
-7.590374532998964141e-02
-7.540150235649471788e-02
-7.495926009702767734e-02
-7.450500048784730600e-02
-7.402581720081782835e-02
-7.351311873972632416e-02
-7.297988370338170938e-02
-7.243740067396312043e-02
-7.186113388474972552e-02
-7.132864260006413493e-02
-7.083389996946772016e-02
-7.029485943515803581e-02
-6.973422658695525855e-02
-6.919757741385416938e-02
-6.864132174790553431e-02
-6.807459512001702573e-02
-6.752356398711537033e-02
-6.695572236131235033e-02
-6.644385593151290459e-02
-6.594083389262984929e-02
-6.542001646270344251e-02
-6.493229549406633050e-02
-6.444624992127133412e-02
-6.394252834128637264e-02
-6.339978795043392512e-02
-6.286637166007900956e-02
-6.233683747561915428e-02
-6.177475429192961359e-02
-6.122685933623162741e-02
-6.069220947043563880e-02
-6.011026953656609106e-02
-5.951460536787355621e-02
-5.888421379910666054e-02
-5.821421662709692912e-02
-5.753924711390685093e-02
-5.682158262343402211e-02
-5.610436716913929506e-02
-5.543122567618488650e-02
-5.469889544816374655e-02
-5.398563015651933195e-02
-5.325415297488509531e-02
-5.258024779137818877e-02
-5.189329431579318974e-02
-5.125836210546111382e-02
-5.060995292089065511e-02
-4.999039864938608496e-02
-4.940421989206631587e-02
-4.881762767203150916e-02
-4.825388509839791812e-02
-4.770392009388532001e-02
-4.715141088996955415e-02
-4.664087404988462304e-02
-4.608929527061438047e-02
-4.546627744978007368e-02
-4.493337410541382165e-02
-4.441173033089162309e-02
-4.385903025747443784e-02
-4.320535471880132539e-02
-4.260936615815696243e-02
-4.201512323882558575e-02
-4.141850991872418619e-02
-4.091461709522778434e-02
-4.025461693547081193e-02
-3.969148584834047977e-02
-3.909511891340907569e-02
-3.844126053629965539e-02
-3.772277300445830289e-02
-3.702340038828498547e-02
-3.632345368421817378e-02
-3.562939404555657413e-02
-3.504417384932383139e-02
-3.446861128604995772e-02
-3.394520265142243753e-02
-3.348000102884877982e-02
-3.304038653191041647e-02
-3.264127040365549792e-02
-3.227097044535296583e-02
-3.194823675508574184e-02
-3.168386174372508218e-02
-3.148210390717024604e-02
-3.134531372571637553e-02
-3.126602066747370678e-02
-3.124482025923026179e-02
-3.128017024567909116e-02
-3.137221797119489619e-02
-3.149058602848604782e-02
-3.164402068459646472e-02
-3.184143082867844921e-02
-3.206618929677856888e-02
-3.234675305193655120e-02
-3.260282472403046305e-02
-3.292007718892757395e-02
-3.327906068598601719e-02
-3.372590758368312902e-02
-3.405165653434052975e-02
-3.441471507317164086e-02
-3.474857761822087304e-02
-3.509699455151488873e-02
-3.565389618483728179e-02
-3.647602404036030116e-02
-3.679764212847731059e-02
-3.719678275881085905e-02
-3.787448826264881024e-02
-3.973050080872683743e-02
-4.160034466055154839e-02
-4.346047246181906909e-02
-4.531738899270377346e-02
-4.713783506698118048e-02
-4.896903760477566703e-02
-5.082328429449445295e-02
-5.267240937452427607e-02
-5.452919745469007179e-02
-5.641829946714706917e-02
-5.827910845347126362e-02
-6.014157683012329170e-02
-6.205309046606799495e-02
-6.393224064641368776e-02
-6.585348667311310966e-02
-6.777466914413099452e-02
-6.969579882759426026e-02
-7.161689241805514750e-02
-7.341978916879565720e-02
-7.525914854536253085e-02
-7.717693446033445370e-02
-7.905211965998135137e-02
-8.094642397676471424e-02
-8.279384449559169801e-02
-8.468075296483613956e-02
-8.654144469911374815e-02
-8.839002476341464853e-02
-9.026455537873045998e-02
-9.225402373309216086e-02
-9.409568968598290561e-02
-9.609578262914665603e-02
-9.808931334954971992e-02
-1.000887940571978524e-01
-1.019400706132648493e-01
-1.039503421206837835e-01
-1.059154721289439216e-01
-1.079283829112514803e-01
-1.099409268353946367e-01
-1.118302106175673993e-01
-1.138126419841819503e-01
-1.158221901817390875e-01
-1.178231169463705985e-01
-1.198191452301220622e-01
-1.215834318932425689e-01
-1.233601891953927943e-01
-1.251746180242982454e-01
-1.265451669933814749e-01
-1.285623072392914623e-01
-1.305211451515786991e-01
-1.325070269619658958e-01
-1.345172208942987113e-01
-1.364751440793647574e-01
-1.385048349976666093e-01
-1.405898849839447295e-01
-1.426477702216678023e-01
-1.447655819088024542e-01
-1.468857571900075154e-01
-1.489690490099829234e-01
-1.510950341569367861e-01
-1.531982638189764989e-01
-1.553796914840472054e-01
-1.574945366573646532e-01
-1.596671769195320834e-01
-1.618522510278880000e-01
-1.639672796196209592e-01
-1.661560352473282764e-01
-1.682503981477630473e-01
-1.701530772651980439e-01
-1.722670417998898307e-01
-1.744539232572987209e-01
-1.766028129098388411e-01
-1.787173391836097969e-01
-1.808820958884123087e-01
-1.829998564192452937e-01
-1.851062044730910072e-01
-1.872097197439103466e-01
-1.892965362179749034e-01
-1.913479275794341405e-01
-1.934360311581639624e-01
-1.955570317325646956e-01
-1.976292310977593447e-01
-1.998056263841208324e-01
-2.019471889396437514e-01
-2.042517037569936411e-01
-2.064090838739058020e-01
-2.085447248404469489e-01
-2.106796579229457678e-01
-2.129074672438434068e-01
-2.150338833896315860e-01
-2.171567979936304127e-01
-2.195037996238375921e-01
-2.216884415439934752e-01
-2.239466903155572508e-01
-2.262203425428003789e-01
-2.285678011802989018e-01
-2.309199608195550701e-01
-2.332792738596137783e-01
-2.356382776811647428e-01
-2.379970326101421840e-01
-2.403555864664517483e-01
-2.427139772864660983e-01
-2.450722520698611906e-01
-2.474304493140995487e-01
-2.497885951851740172e-01
-2.521467103005436972e-01
-2.545048103452786648e-01
-2.568629069658839859e-01
-2.592210085434788480e-01
-2.615791207805226448e-01
-2.639372472946257542e-01
-2.662953900979669886e-01
-2.686535498409095557e-01
-2.710117262307543129e-01
-2.733699178252088080e-01
-2.757281242373677554e-01
-2.780863375096949697e-01
-2.804445469062126772e-01
-2.828027501732806592e-01
-2.851609452284697421e-01
-2.875191405531816735e-01
-2.898773378152773583e-01
-2.922355364929161148e-01
-2.945937361545959421e-01
-2.969519356388446996e-01
-2.993101246550147199e-01
-3.016683056765553927e-01
-3.040265163962554973e-01
-3.063847534874617473e-01
-3.087430138190752071e-01
-3.111012932225510341e-01
-3.134595839671613926e-01
-3.158178816849159243e-01
-3.181761830279881687e-01
-3.205344845932380227e-01
-3.228927829679019146e-01
-3.252510747755936737e-01
-3.276093568159962888e-01
-3.299676261866309468e-01
-3.323258794105522496e-01
-3.346841157828643887e-01
-3.370423175839527552e-01
-3.394005023091780648e-01
-3.417586964174102460e-01
-3.441168951740468662e-01
-3.464750934280794725e-01
-3.488332912163247812e-01
-3.511914885738126602e-01
-3.535496855352144308e-01
-3.559078895493046901e-01
-3.582661037171621099e-01
-3.606243264792126646e-01
-3.629825582515148197e-01
-3.653408085484580181e-01
-3.676990745418615147e-01
-3.700573531835236185e-01
-3.724156412500538305e-01
-3.747739353879404045e-01
-3.771322321590759863e-01
-3.794905280866341379e-01
-3.818488198335592276e-01
-3.842071042623800281e-01
-3.865653775233684475e-01
-3.889236364212823593e-01
-3.912818779836734207e-01
-3.936401051886613822e-01
-3.959983247734762957e-01
-3.983565352417070549e-01
-4.007147352066143253e-01
-4.030729350403651767e-01
-4.054311353141664132e-01
-4.077893359664053752e-01
-4.101475369344854127e-01
-4.125057381555719549e-01
-4.148639491619433572e-01
-4.172221719977380339e-01
-4.195804045120855585e-01
-4.219386491142883555e-01
-4.242969104889434684e-01
-4.266551858351633753e-01
-4.290134721274495577e-01
-4.313717661626241817e-01
-2.000031694695009465e-01
-2.000031854668305464e-01
-2.024739859399419251e-01
-2.049800536617580604e-01
-2.074861219927263689e-01
-2.099921903989853678e-01
-2.124982600411143563e-01
-2.150043315339494332e-01
-2.175104051373270286e-01
-2.200164809118219100e-01
-2.225225588304107494e-01
-2.250286401744949760e-01
-2.275347240941633931e-01
-2.300408102077603212e-01
-2.325468981697217385e-01
-2.350529876827830156e-01
-2.375590785020577633e-01
-2.400651704361515260e-01
-2.425712633324064449e-01
-2.450773613617912294e-01
-2.475834607571279766e-01
-2.000005051733312056e-01
-2.003546068166583705e-01
-2.007087166282330304e-01
-2.010628068032841720e-01
-2.014168789768658319e-01
-2.017709352515613952e-01
-2.021249778955842846e-01
-2.024790093425462845e-01
-2.028330321844424300e-01
-2.031870491577271731e-01
-2.035410631184199071e-01
-2.038950761802620637e-01
-2.042490893167738242e-01
-2.046031033733873850e-01
-2.049571190833353873e-01
-2.053111370788442691e-01
-2.056651578990311702e-01
-2.060191819934730773e-01
-2.063732097903659135e-01
-2.067272432396033421e-01
-2.070812843356449884e-01
-2.074353348605471326e-01
-2.077893963373138586e-01
-2.081434699923953302e-01
-2.084975567267564611e-01
-2.088516570950375018e-01
-2.092057712923947044e-01
-2.095598991486161411e-01
-2.099140401291309521e-01
-2.102681933425159522e-01
-2.106223574576625568e-01
-2.109765311501856366e-01
-2.113307124329564524e-01
-2.116848991784925360e-01
3.999995733741085191e-01
3.999995582010594797e-01
3.996960483323798718e-01
3.994425695469685511e-01
3.992187245009789498e-01
3.990300692842450592e-01
3.988766697837485276e-01
3.987578255931215065e-01
3.986720941813759467e-01
3.986200443560635742e-01
3.986027508573252720e-01
3.986194982824246558e-01
3.986718963880489519e-01
3.987541813044860883e-01
3.988687964020078969e-01
3.990214246991030667e-01
3.992079668089770772e-01
3.994253579339368532e-01
3.996717038223229768e-01
3.999517296786853082e-01
4.002673826764200915e-01
4.006084197409084391e-01
4.009802828029689348e-01
4.013867031436355592e-01
4.018282304371704194e-01
4.022999791311583362e-01
4.028051369142943705e-01
4.033458962190742403e-01
4.039139954443789482e-01
4.045086489575810962e-01
4.051359702824027242e-01
4.057768024716791877e-01
4.064368676253565238e-01
4.071216847767564206e-01
4.078483695371940554e-01
4.086187056367312498e-01
4.094358113833234114e-01
4.103009184951451060e-01
4.112102165260405062e-01
4.121439983678347740e-01
4.131038340548460752e-01
4.141014503049126327e-01
4.151171884908489429e-01
4.161448501308611103e-01
4.172423096111944618e-01
4.183761556590782638e-01
4.194933272790427048e-01
4.206900588521674256e-01
4.218991778492131584e-01
4.231682232373027430e-01
4.245041440199048832e-01
4.258393906928359951e-01
4.270716736823896298e-01
4.281195235776932839e-01
4.292936155888040228e-01
4.303292394146955302e-01
4.311288429741521044e-01
4.319959451271281892e-01
4.325491393594002032e-01
4.331406229177139910e-01
4.338201251103951384e-01
4.344672770501948333e-01
4.350644963664380138e-01
4.356813062595518149e-01
4.361644518362360889e-01
4.367426689265679896e-01
4.372882879524123134e-01
4.378771925479135185e-01
4.384008588792261407e-01
4.389223648977979564e-01
4.394305753541462578e-01
4.399989394352110672e-01
4.405819876571419602e-01
4.410996659198737069e-01
4.416534664751673445e-01
4.421767456333137725e-01
4.426824856592792012e-01
4.432684828423271717e-01
4.437742582851846862e-01
4.442733692104608445e-01
4.448516100606338952e-01
4.454704894803258042e-01
4.460798833465166036e-01
4.466987690091422936e-01
4.473210730249343459e-01
4.478766371501294863e-01
4.485007901973769862e-01
4.490536602005423816e-01
4.497030719914866248e-01
4.503864356986957418e-01
4.510670027963231132e-01
4.517344769883991362e-01
4.523297819925617413e-01
4.528492319319006310e-01
4.533930658488192211e-01
4.539162957694247713e-01
4.545142833333780663e-01
4.549160453409162308e-01
4.552905102438761231e-01
4.556948660628660219e-01
4.560812485546584250e-01
4.564361379071674718e-01
4.567813396374418300e-01
4.571242656406135363e-01
4.574501718094375891e-01
4.577409470138953385e-01
4.580362560922844883e-01
4.583099065237181691e-01
4.585671790280897442e-01
4.588425677463305319e-01
4.590953673093992604e-01
4.593265925796398141e-01
4.595257273800011921e-01
4.597175970442052839e-01
4.598964646417495472e-01
4.600730042952627108e-01
4.602328866107976424e-01
4.603804712697143198e-01
4.605258546532070008e-01
4.606622967120684309e-01
4.607909140992702546e-01
4.609075902866897056e-01
4.610219206104974599e-01
4.611325653917038858e-01
4.612366473520412846e-01
4.613388471549583203e-01
4.614449648019863237e-01
4.615440257184990069e-01
4.616482226079007267e-01
4.617520495584487850e-01
4.618641946700784984e-01
4.619725219718237574e-01
4.620702264096137046e-01
4.621710252453523071e-01
4.622806225911644251e-01
4.624228602669375743e-01
4.626166091447144191e-01
4.628375115722925259e-01
4.630486896025072796e-01
4.632509069712055227e-01
4.634379158736370297e-01
4.636139713235864490e-01
4.637801895764754323e-01
4.639318673855053476e-01
4.640677672532106390e-01
4.641896542945417314e-01
4.642977198950208884e-01
4.643856548335350554e-01
4.644605395049183350e-01
4.645222020517970063e-01
4.645656298347896618e-01
4.645909953943527237e-01
4.645995901780181070e-01
4.646148943559216815e-01
4.646392519589727654e-01
4.646494481810116706e-01
4.646471028279212101e-01
4.647028416910691240e-01
4.648174897472008849e-01
4.649712269787964480e-01
4.651753319259844810e-01
4.654425042450819339e-01
4.657514439292432251e-01
4.660978892198692214e-01
4.664838186741936399e-01
4.669041982661261692e-01
4.673453128258541200e-01
4.678299771888188019e-01
4.683662208607761168e-01
4.689674284053997333e-01
4.695957344629952956e-01
4.702059319457909670e-01
4.707993496062891636e-01
4.713738207233446054e-01
4.719210185580900441e-01
4.724433222170202895e-01
4.729545903301101140e-01
4.734753271569753785e-01
4.739946191299592160e-01
4.745084477462306327e-01
4.749933016168832456e-01
4.754610099029786818e-01
4.759303485814148638e-01
4.763838475237728853e-01
4.768199395935361906e-01
4.772578493627270269e-01
4.777166023587132160e-01
4.781728943565738410e-01
4.786217765388847134e-01
4.790516743881311212e-01
4.794676252373648584e-01
4.798743859144422030e-01
4.802723146762890027e-01
4.806785565599368537e-01
4.811106110279447790e-01
4.815853932390311565e-01
4.820490197030528057e-01
4.825121218937663548e-01
4.829648681515735786e-01
4.833853661188499684e-01
1.645073047905374765e-06
1.268779702533715491e-03
2.448521084849562650e-03
3.513205553325607269e-03
4.607285948156776209e-03
5.572781949223466064e-03
6.608059190478527377e-03
7.660400667414650824e-03
8.676279787040793931e-03
9.730659707406172712e-03
1.078496806439620433e-02
1.175488605055412077e-02
1.276644705830964031e-02
1.369780679278773811e-02
1.461503318730238490e-02
1.550905152143431352e-02
1.635457977633729409e-02
1.723401337439444889e-02
1.814957325784430711e-02
1.918147869530928765e-02
2.000032467014354609e-01
2.025495017271194687e-01
2.050960166587354194e-01
2.076425292133818046e-01
2.101890394026508790e-01
2.127355477251612892e-01
2.152820545293143983e-01
2.178285600286779256e-01
2.203750643270835641e-01
2.229215674398180858e-01
2.254680701882673111e-01
2.280145723104431144e-01
2.305610738441180307e-01
2.331075748052841845e-01
2.354588741775791583e-01
2.379842089176272546e-01
2.405306545160319776e-01
2.430771003099819194e-01
2.456235500922848702e-01
-3.999968906772705113e-01
-3.975311146999985223e-01
-3.952709300813889159e-01
-3.930186180177951405e-01
-3.907730745964008157e-01
-3.885133449958446117e-01
-3.863200719965039220e-01
-3.841083616457080518e-01
-3.819080861533263871e-01
-3.796549700651363768e-01
-3.774345394582193647e-01
-3.752653053021784424e-01
-3.731084145435907828e-01
-3.709865705337335728e-01
-3.688734748788828899e-01
-3.667635188666450996e-01
-3.646815440883886539e-01
-3.626317816624067270e-01
-3.606464872597218707e-01
-3.586705286908600798e-01
-3.567100020534879623e-01
-3.547248225188421311e-01
-3.527062409196172754e-01
-3.506463559952119335e-01
-3.485607038281114400e-01
-3.464377231870615637e-01
-3.443089036122107816e-01
-3.421507523099062698e-01
-3.399747743851695425e-01
-3.378066705663957947e-01
-3.356640037777864904e-01
-3.335031992221467179e-01
-3.313396397626934831e-01
-3.291898768625960425e-01
-3.270749586766065198e-01
-3.249979373843827624e-01
-3.229560830692944640e-01
-3.209612134293049479e-01
-3.190012541865793194e-01
-3.170488883136240998e-01
-3.151507697770850602e-01
-3.131781558917323127e-01
-3.112215335783634074e-01
-3.092735621839520777e-01
-3.073253752949106632e-01
-3.053123994372424210e-01
-3.033156343688677703e-01
-3.013424614536824864e-01
-2.993572582587747388e-01
-2.973901361126362608e-01
-2.954407741381805952e-01
-2.935673842526549948e-01
-2.917021392107271294e-01
-2.898769852428349503e-01
-2.880561040029446240e-01
-2.862131960476164139e-01
-2.843588837281732506e-01
-2.824765477218892928e-01
-2.805778320633848244e-01
-2.786798734651132481e-01
-2.767827617813316543e-01
-2.748981457173569343e-01
-2.730442734392301007e-01
-2.712178570697464375e-01
-2.694181288730320700e-01
-2.676157301001201305e-01
-2.658054156305147409e-01
-2.640028790427186300e-01
-2.622398823389651690e-01
-2.605354076429429733e-01
-2.588125442263703446e-01
-2.570865239384472756e-01
-2.554043239463772985e-01
-2.537473736095138266e-01
-2.521240966012608387e-01
-2.505294720105797901e-01
-2.489273267765150510e-01
-2.472440959227083235e-01
-2.455247300673874256e-01
-2.437699592253127490e-01
-2.420374190871016906e-01
-2.403801512257523476e-01
-2.386348221240041367e-01
-2.369120685500973877e-01
-2.352164597617139585e-01
-2.343230284312484146e-01
-2.332013009120200431e-01
-2.322480050773730320e-01
-2.313424084306508199e-01
-2.305401398379062772e-01
-2.297538282698620427e-01
-2.289677407330508729e-01
-2.282050635385782233e-01
-2.274251361631065838e-01
-2.266475776299486378e-01
-2.258779298512425260e-01
-2.251650682130514891e-01
-2.244435746255798447e-01
-2.237408644516883927e-01
-2.230465079916386095e-01
-2.223416033978544148e-01
-2.216525949477346769e-01
-2.209473528826118027e-01
-2.202657679426825443e-01
-2.196037444633157087e-01
-2.189660525029277771e-01
-2.183459810521781175e-01
-2.177480999177184573e-01
-2.171014016455283246e-01
-2.165302425502718120e-01
-2.159821301897646428e-01
-2.154360048057005761e-01
-2.149291635187592087e-01
-2.144505766439026850e-01
-2.139818343196182304e-01
-2.135189550553772408e-01
-2.130768644632267672e-01
-2.126585086898464538e-01
-2.122174485988026771e-01
-2.117657320887437467e-01
-2.113159684463049859e-01
-2.108454557416670760e-01
-2.103947199043141869e-01
-2.099443904540431449e-01
-2.094801579852673123e-01
-2.089814652401645600e-01
-2.084899086854117012e-01
-2.079954107025422383e-01
-2.074623133559230226e-01
-2.069418101933140908e-01
-2.064161150671653677e-01
-2.059294600273443021e-01
-2.054447934681284949e-01
-2.049479967510802747e-01
-2.044561101021829252e-01
-2.039506988050014680e-01
-2.034590654254974929e-01
-2.029630555997731234e-01
-2.024784185425936855e-01
-2.019963910808410534e-01
-2.015170127678138634e-01
-2.010156209115510073e-01
-2.005981542407932472e-01
-2.001681518997726617e-01
-1.997452154767123123e-01
-1.993301907757381586e-01
-1.989004830821350100e-01
-1.984555253932160646e-01
-1.980411393810031784e-01
-1.976223016831058221e-01
-1.972173925630547053e-01
-1.968454260252001375e-01
-1.964790174484952190e-01
-1.961146280694590627e-01
-1.957694881134263987e-01
-1.954455195067144324e-01
-1.951214600015157841e-01
-1.947939331039388045e-01
-1.944714702120935446e-01
-1.941649858659950656e-01
-1.938632865640286806e-01
-1.935651636440386125e-01
-1.932578617453561132e-01
-1.929552877518047049e-01
-1.926639140696885799e-01
-1.923803772553109859e-01
-1.921032501485699373e-01
-1.918456704374867094e-01
-1.915985944033049559e-01
-1.913435686097505473e-01
-1.910883544802040868e-01
-1.908334503893353018e-01
-1.905957290845214924e-01
-1.903518036721470186e-01
-1.901086370592107722e-01
-1.898718488991278930e-01
-1.896237856212758532e-01
-1.893841420284342048e-01
-1.890766942040421617e-01
-1.887662005877368820e-01
-1.885226049241339186e-01
-1.882415161518511681e-01
-1.879771973621282843e-01
-1.877181074867622090e-01
-1.875118386142286542e-01
-1.873059059890816169e-01
-1.871346980352925626e-01
-1.869667014501240343e-01
-1.868555045426499306e-01
-1.867592075100318605e-01
-1.866712518074366556e-01
-1.866097856035510427e-01
-1.865658973870022719e-01
-1.865503628522835744e-01
-1.865528115219349803e-01
-1.865764082095971998e-01
-1.866213192494561024e-01
-1.866749282898685358e-01
-1.867394700110053263e-01
-1.868133954368555727e-01
-1.868857964216725787e-01
-1.869567768639084082e-01
-1.870248163783136408e-01
-1.871015765790866869e-01
-1.871774442069675803e-01
-1.872513562763626627e-01
-1.873279603396889592e-01
-1.874224606483941569e-01
-1.875138767230114245e-01
-1.876193415476758442e-01
-1.877400891454614196e-01
-1.878830375547272946e-01
-1.880436154834798368e-01
-1.882386269170517878e-01
-1.884541913360218979e-01
-1.887078155595045548e-01
-1.890145964166718429e-01
-1.893198303041242758e-01
-1.896755816648219295e-01
-1.900274849414868017e-01
-1.904207553341719372e-01
-1.908447161563145422e-01
-1.913159110759203030e-01
-1.918201365683008530e-01
-1.923636259496103729e-01
-1.929238225817377916e-01
-1.935114385124657721e-01
-1.941280769316602872e-01
-1.947388045568768100e-01
-1.954120871042297758e-01
-1.960883933835868287e-01
-1.967508200714011557e-01
-1.974777384283074311e-01
-1.981848000416601141e-01
-1.988947693323653010e-01
-1.999343131509908611e-01
-2.010654230336926529e-01
-2.018234710880675020e-01
-2.025687271536865952e-01
-2.034339703273334299e-01
-2.043974740184925643e-01
-2.053827472258071829e-01
-2.063083009133481194e-01
-2.072012777976404152e-01
-2.095240998340725247e-01
-2.118916633332449118e-01
-2.142186945444728430e-01
-2.165794713849417685e-01
-2.189381773373443030e-01
-2.212957739228765264e-01
-2.236430666306686854e-01
-2.259784441452804271e-01
-2.283375622711232289e-01
-2.306781929475712478e-01
-2.329988488451318063e-01
-2.352634375782237386e-01
-2.375224998400964349e-01
-2.397577567809722199e-01
-2.419790159167343468e-01
-2.442427434403381115e-01
-2.465201828102458748e-01
-2.488067701000457044e-01
-2.511180722501364926e-01
-2.533972575897071589e-01
-2.557497295023232753e-01
-2.580338720592947332e-01
-2.603761744874703576e-01
-2.626681660758529713e-01
-2.650236705965134942e-01
-2.673696309997066201e-01
-2.697486777292815718e-01
-2.721725155945314278e-01
-2.745688907299059789e-01
-2.769787150737557657e-01
-2.793250501651613482e-01
-2.816862415246126905e-01
-2.840221246487979467e-01
-2.864530621152543421e-01
-2.888513146955536959e-01
-2.912593826072908398e-01
-2.936376760704216826e-01
-2.960281358199935431e-01
-2.984683438561474000e-01
-3.009084349742764952e-01
-3.033484237739624834e-01
-3.057883346665766222e-01
-3.082281715691651547e-01
-3.106679620236827422e-01
-3.131077187089313929e-01
-3.155474520358759749e-01
-3.179871702344957418e-01
-3.204268795290422522e-01
-3.228665843644220046e-01
-3.253062876559506544e-01
-3.277459802837439651e-01
-3.301856619583062313e-01
-3.326253339181114987e-01
-3.350649969470571587e-01
-3.375046515141563730e-01
-3.399442978868602583e-01
-3.423839362206634318e-01
-3.448235666284195644e-01
-3.472631892328024161e-01
-3.497028053085060040e-01
-3.521424286431199535e-01
-3.545820605077456555e-01
-3.570217014823829360e-01
-3.594613536604454596e-01
-3.619010175002935203e-01
-3.643406937185565964e-01
-3.667803783651562566e-01
-3.692200626196804891e-01
-3.716597555285751642e-01
-3.740994188928344899e-01
-3.765390703754989965e-01
-3.789787110871213893e-01
-3.814183423384561733e-01
-3.838579656155813313e-01
-3.862975857831652537e-01
-3.887372144671598084e-01
-3.911768520312427500e-01
-3.936164987264860748e-01
-3.960561546935195132e-01
-3.984958199648713228e-01
-4.009354944679369703e-01
1.999967530557247020e-01
1.999967371568482366e-01
1.974541869781805403e-01
1.949680879198421590e-01
1.927082615627720152e-01
1.904215628372164515e-01
1.881901947971495737e-01
1.860204809663832393e-01
1.838424053791940238e-01
1.816756730691134469e-01
1.795026148321313131e-01
1.772591082198916868e-01
1.751184968818467469e-01
1.727098290541546899e-01
1.703582157196072144e-01
1.682387737574498054e-01
1.659429580594725395e-01
1.636434286840370567e-01
1.613068685145775394e-01
1.588530769601272652e-01
1.564538355289419869e-01
1.540199638892463807e-01
1.518032324035802905e-01
1.495530900765656146e-01
1.473617906938588795e-01
1.451373914579675017e-01
1.430903146232911927e-01
1.409404744946350374e-01
1.386902595116696335e-01
1.368128210311436721e-01
1.350115293512160197e-01
1.332004283849616555e-01
1.316056567376085729e-01
1.299757159055777433e-01
1.282028070992242696e-01
1.266088733210725681e-01
1.250265374857270351e-01
1.235009051864969509e-01
1.218926342766819826e-01
1.203360182859259525e-01
1.187612961791511129e-01
1.171883398275478522e-01
1.156507090132231907e-01
1.141129374848825484e-01
1.126263957731073601e-01
1.112026826229838006e-01
1.098457636900927042e-01
1.084964862570667044e-01
1.072074355724511874e-01
1.059505992165752780e-01
1.047630958998427703e-01
1.035964884678805126e-01
1.024698079261474742e-01
1.014073531319583943e-01
1.003497389866670475e-01
9.930693693251839427e-02
9.831955637005723725e-02
9.737153367449882801e-02
9.646832710980221548e-02
9.560451606604539188e-02
9.474117992680750056e-02
9.391353086360891556e-02
9.308619197307538284e-02
9.227872211856145979e-02
9.149455630454424171e-02
9.075534926641933009e-02
9.010345579555055495e-02
8.950312950276780033e-02
8.895585668072407415e-02
8.844186332753334323e-02
8.794511991809199347e-02
8.747565720842109815e-02
8.704449150229509602e-02
8.665254458701918128e-02
8.631186332990205268e-02
8.600877370035739378e-02
8.573892591270819430e-02
8.549261435902835715e-02
8.526243712270842323e-02
8.505965817041358235e-02
8.488390239703938467e-02
8.473531775227767515e-02
8.461642601921548490e-02
8.452875374428044097e-02
8.447267858241606919e-02
8.444529236734711619e-02
8.443990727250029471e-02
8.444505920279263278e-02
8.446120939916136605e-02
8.449274961977676357e-02
8.453701746505404291e-02
8.460698921646762904e-02
8.469541766583575659e-02
8.480328640129894402e-02
8.492502608616708804e-02
8.505461585936299751e-02
8.521038707591511996e-02
8.538139645115797038e-02
8.556088600143951783e-02
8.576542117459361181e-02
8.597649951967455129e-02
8.621453238811939424e-02
8.648650925309568638e-02
8.678637922552007167e-02
8.710491991175356441e-02
8.743885367432324696e-02
8.778950213257427637e-02
8.816973493473063972e-02
8.857111866846832660e-02
8.901075169113832619e-02
8.947302471431843596e-02
8.996505794244089027e-02
9.048918971037174519e-02
9.101587917346752599e-02
9.157593503449006078e-02
9.216221141756045232e-02
9.277067175056968873e-02
9.340492316409941542e-02
9.404932763175534449e-02
9.471319264396349524e-02
9.539305540415699003e-02
9.609069343281402553e-02
9.681085026024906226e-02
9.756032877836884332e-02
9.834215434080678664e-02
9.913816405426975620e-02
9.995084746361004857e-02
1.007869326019905920e-01
1.016485020518204802e-01
1.025561531977992324e-01
1.034946900723914265e-01
1.044523006649723251e-01
1.054230455946588707e-01
1.064224558476727367e-01
1.074396292304669182e-01
1.084930640635226456e-01
1.095799820198602170e-01
1.106967547695284770e-01
1.118424864496012777e-01
1.130014013629312974e-01
1.141596558365710473e-01
1.153386891120008056e-01
1.165556990815256461e-01
1.178025058407662501e-01
1.190936854826366159e-01
1.203987097819548824e-01
1.217192150612948637e-01
1.230616060530740491e-01
1.244022299884283422e-01
1.257658006134260986e-01
1.271483964924615406e-01
1.285377180465649138e-01
1.299380857121187893e-01
1.313589674455948597e-01
1.328135568029513713e-01
1.343069902334199095e-01
1.359315101285726857e-01
1.374096870086868039e-01
1.389227649403425580e-01
1.404511866550486321e-01
1.419535332853509302e-01
1.434923819466140671e-01
1.450515964516353173e-01
1.466321005253841681e-01
1.482631029930221167e-01
1.499229485674749007e-01
1.516245468752185910e-01
1.533840842838103957e-01
1.551386605507576455e-01
1.569017972419564366e-01
1.586128961625929978e-01
1.603656812507485430e-01
1.622493435278094809e-01
1.642388477185618145e-01
1.662930303849675107e-01
1.683626446455638859e-01
1.704219165351646970e-01
1.723688438172081283e-01
1.742536531816777923e-01
1.761635987343725673e-01
1.777620106068004135e-01
1.797338772255559769e-01
1.816683108452364914e-01
1.834625527717511362e-01
1.853157836984475060e-01
1.869674589821715138e-01
1.884026383028458151e-01
1.900591637540554324e-01
1.918835024046302018e-01
1.936597413710837434e-01
1.950001444120475491e-01
1.965144791152115267e-01
1.976890853878567056e-01
1.989328801941240010e-01
2.002616559072004920e-01
2.015614251061720597e-01
2.028736008362231336e-01
2.045772620456928204e-01
2.062339459500610594e-01
2.080457044211794226e-01
2.100898745209669738e-01
2.120866135557271659e-01
2.141147178293985043e-01
2.161983047407921854e-01
2.180245863728025590e-01
2.202550846743750457e-01
2.224139576865072077e-01
2.245559767724089051e-01
2.265041382994644470e-01
2.285970227026629109e-01
2.305101751515774844e-01
2.326633235108266085e-01
2.348540077350243782e-01
2.369477074579328379e-01
2.392143128468208757e-01
2.414766625538242728e-01
2.440172651039410334e-01
2.462886498047439643e-01
2.484307353037718546e-01
2.508002668595344375e-01
2.531169375326887128e-01
2.555048341408814316e-01
2.579721525689891992e-01
2.603911291300572417e-01
2.627460014861410786e-01
2.651644902128681425e-01
2.674614868299767800e-01
2.697605488548330266e-01
2.722297127587949284e-01
2.746181469257644725e-01
2.771296195007865726e-01
2.796143209359748250e-01
2.819776930210118326e-01
2.842452884196798313e-01
2.867156335137005518e-01
2.892193154154303891e-01
2.917231854640988109e-01
2.941937245861972472e-01
2.966971834928017193e-01
2.992007789964746256e-01
3.017044900532233620e-01
3.042082970188177415e-01
3.067121816533338596e-01
3.092161198590354654e-01
3.117200921672283465e-01
3.141714786108257274e-01
3.166744086931650437e-01
3.191108765773063571e-01
3.215636663085243430e-01
3.240642211894974589e-01
3.265648419433605509e-01
3.290120652892328801e-01
3.315116672109816309e-01
3.340113046278815334e-01
3.365109576025499538e-01
3.390106169977659678e-01
3.415102740379532542e-01
3.439464719615034638e-01
3.463925557967789115e-01
3.487394409861686029e-01
3.510808521136776772e-01
3.535713068126035141e-01
3.558032914321831441e-01
3.582878975508546060e-01
3.603365620844074524e-01
3.623844356403468359e-01
3.642421045464781515e-01
3.663652447556211555e-01
3.683524457786322981e-01
3.706751499361846669e-01
3.723910426848758282e-01
3.740495382462356577e-01
3.755718995602650434e-01
3.770397035877267045e-01
3.783346591804676029e-01
3.795920780219163571e-01
3.808092991790628656e-01
3.819399806027891087e-01
3.831362037905508555e-01
3.840758715608252882e-01
3.850227298360649475e-01
3.859418167645196074e-01
3.868885779258102176e-01
3.876540575627643870e-01
3.883964256444767948e-01
3.890623863179014097e-01
3.896285369652544572e-01
3.901490571643355110e-01
3.906684022080056384e-01
3.911266983659235086e-01
3.916245564612111929e-01
3.920156308067017648e-01
3.923483800149420997e-01
3.926618321253766419e-01
3.932040765634247093e-01
3.937427661344590768e-01
3.942701412688807694e-01
3.947894711051886385e-01
3.952983754108906900e-01
3.957988926622639791e-01
3.962895166676826952e-01
3.967720486155979498e-01
3.972459159030220510e-01
3.977108502073734564e-01
3.981679235738754263e-01
3.986248019967162382e-01
3.990813559222028961e-01
3.995376192865528475e-01
3.999860251574322567e-01
4.004302031220508540e-01
4.008581281188010048e-01
4.012831756085373236e-01
4.017141574310129637e-01
4.021443825569425701e-01
4.025763188896395173e-01
4.030086161386776666e-01
4.034412003599435748e-01
4.038740090076871070e-01
4.043069873847933149e-01
4.047400877216473236e-01
4.051732914325661961e-01
4.056065891425568171e-01
4.060399477578521821e-01
4.064733415352729806e-01
4.069067586074737175e-01
4.073401859494500954e-01
4.077736173937116515e-01
2.688257930755948339e-06
2.102269813365796516e-03
3.749453292452981350e-03
5.520508275346046670e-03
7.442067152085119798e-03
9.445141532347038626e-03
1.116484707681229989e-02
1.272900279447460384e-02
1.443232438168831969e-02
1.627908018598930862e-02
1.783209471522250247e-02
1.925244569333300210e-02
2.065224314492129440e-02
2.213561233548553067e-02
2.367050416797521553e-02
2.530757484153344644e-02
2.682306411725137590e-02
2.833929053020451186e-02
2.977488762409961562e-02
3.151347447669015922e-02
3.329166872911117070e-02
3.490027595098131596e-02
3.645426839362531785e-02
3.819269617916748460e-02
3.958516942484890944e-02
4.097631545576450179e-02
4.227529918987074642e-02
4.374409811515885677e-02
4.522639710946951136e-02
4.666609431017236520e-02
4.806150331005181603e-02
4.946926002631859415e-02
5.086675688370527471e-02
5.220829433226930466e-02
2.000006233446670056e-01
2.000006386404775682e-01
2.004617636396962832e-01
