-4.000019036131396977e-01
-4.000019193106224558e-01
-4.011666619067675299e-01
-4.025926056273506082e-01
-4.040371455089651898e-01
-4.054824502190186863e-01
-4.069280237837598069e-01
-4.083738817641898722e-01
-4.098171256412756480e-01
-4.112380609029473444e-01
-4.126662645190556367e-01
-4.141080485216545592e-01
-4.155383964875260516e-01
-4.169894085685492136e-01
-4.184338278919363940e-01
-4.198570965193994531e-01
-4.212942957227632790e-01
-4.227398227520655638e-01
-4.241942076875558354e-01
-4.256501722010350153e-01
-4.271093357150501091e-01
-4.285679367496479375e-01
-4.300332114606619793e-01
-4.315086038018406400e-01
-4.329810880324312383e-01
-4.344773412786819833e-01
-4.359603617237010620e-01
-4.374440151396236653e-01
-4.389039432907425597e-01
-4.403821495833800670e-01
-4.418824494821902427e-01
-4.433909468722593838e-01
-4.448992150688366176e-01
-4.464072824396884687e-01
-4.479151838734738988e-01
-4.494229457580291576e-01
-4.509305946508773144e-01
-4.524381543706749720e-01
-4.539456452779371820e-01
-4.554530843126882167e-01
-4.569604852151338825e-01
-4.584678588538124711e-01
-4.599752136057375096e-01
-4.614677380770367265e-01
-4.629770797485709410e-01
-4.644847989583337222e-01
-4.659939487031707350e-01
-4.674900506383206644e-01
-4.689777111054551639e-01
-4.704921605008227092e-01
-4.720065295563214969e-01
-4.735208187075079511e-01
-4.750350315966016534e-01
-4.765491786288516551e-01
-4.780632664867912052e-01
-4.795773038525720788e-01
-4.810912993005169724e-01
-4.826052609942841909e-01
-4.841191933530635816e-01
-4.856331066324067747e-01
-4.871470066000510024e-01
-4.886608975447677694e-01
-4.901747828241295180e-01
-4.916886651176692880e-01
-4.932025465255903685e-01
-4.947164286624669560e-01
-4.962303127423804416e-01
-4.977441996536451918e-01
-4.992580900225002671e-01
-5.007719842650858455e-01
-5.022858829714774709e-01
-5.037997911314793242e-01
-5.053137083153611542e-01
-3.723916600740233007e-01
-3.718881565195568117e-01
-3.714056915554890814e-01
-3.708300446340771495e-01
-3.701448803394858933e-01
-3.694008637998050237e-01
-3.685410598922973513e-01
-3.677275503246691946e-01
-3.669912188660442998e-01
-3.664307341360142911e-01
-3.659204509109105219e-01
-3.654170374196537008e-01
-3.648122730962400917e-01
-3.642617138437280189e-01
-3.637140109965050772e-01
-3.631852353116031829e-01
-3.626960441750906039e-01
-3.622756598313592868e-01
-3.619317779907409993e-01
-3.615997004248146518e-01
-3.613109554235838239e-01
-3.610378567776794112e-01
-3.607993765621818616e-01
-3.606035507121745920e-01
-3.604319446013092842e-01
-3.602966615339954770e-01
-3.601920604841098994e-01
-3.601224580667867770e-01
-3.600898377652249627e-01
-3.600990028193321590e-01
-3.601381337238397373e-01
-3.602071827078472954e-01
-3.603034226944598073e-01
-3.604207324739425733e-01
-3.605580054558355507e-01
-3.607256418332089876e-01
-3.609323969311401537e-01
-3.611952883898464362e-01
-3.614917792404117591e-01
-3.617978083721580806e-01
-3.621116001183751765e-01
-3.624248906119365010e-01
-3.627456435910869081e-01
-3.630742434205325164e-01
-3.634540152287775716e-01
-3.638857730117708855e-01
-3.643212635686881029e-01
-3.647751798410976964e-01
-3.652826320454714559e-01
-3.657871076016274703e-01
-3.663181150381904505e-01
-3.668605395507084643e-01
-3.674576587661185778e-01
-3.680749393735280317e-01
-3.687252033542071650e-01
-3.693653039108216185e-01
-3.699772074500269903e-01
-3.706601793179170601e-01
-3.713985322193709138e-01
-3.720748462882609853e-01
-3.728892832817752856e-01
-3.738007274334784191e-01
-3.742397922090094919e-01
-3.749509505848773183e-01
-3.755618078753985567e-01
-3.764637290018632010e-01
-3.770736995658454105e-01
-3.774686420135514031e-01
-3.779797679473864691e-01
-3.784063534116877126e-01
-3.788923394478830864e-01
-3.793424884861680280e-01
-3.797693541372468840e-01
-3.802071092227916616e-01
-3.806424942271465772e-01
-3.810419465087066526e-01
-3.814841952224749533e-01
-3.819485036645239306e-01
-3.824268937939794832e-01
-3.828743302817769201e-01
-3.833686548639311242e-01
-3.838883396257706804e-01
-3.843722201299047403e-01
-3.848744631186289955e-01
-3.854249031122091718e-01
-3.860114111526398162e-01
-3.866076618997432712e-01
-3.872003139856168286e-01
-3.877831631815069624e-01
-3.883450243370533128e-01
-3.889214607843383131e-01
-3.894958767175898950e-01
-3.900241373184844540e-01
-3.905459554567387026e-01
-3.911144488322292334e-01
-3.917094610430572610e-01
-3.923278255484856647e-01
-3.929744237500873427e-01
-3.936118474676834067e-01
-3.942425312138461702e-01
-3.948409643584867013e-01
-3.954877656490689564e-01
-3.960789287907069411e-01
-3.966780437788169356e-01
-3.972139130933290962e-01
-3.977206529189313833e-01
-3.982276381647564811e-01
-3.987321071185577215e-01
-3.992387691551713691e-01
-3.997501102609408719e-01
-4.001957068439334630e-01
-4.006330282072306237e-01
-4.010663777433124411e-01
-4.015550564688424862e-01
-4.020185959519848584e-01
-4.024544105475523215e-01
-4.029107021480606288e-01
-4.033804921879302063e-01
-4.038418723821372014e-01
-4.043556411019625374e-01
-4.049257205573806306e-01
-4.055449649922223121e-01
-4.061630812569836935e-01
-4.082316968539262403e-01
-4.102986436813395033e-01
-4.123648483164031320e-01
-4.144307690166786351e-01
-4.164966440451780549e-01
-4.185627791470442616e-01
-4.206293176040668547e-01
-4.226963265902113909e-01
-4.247638206095247781e-01
-4.268317799022477432e-01
-4.289001641728080738e-01
-4.309689225350756270e-01
-4.330380004675347116e-01
-4.351073445031178877e-01
-4.371769153730368784e-01
-4.392466798471695855e-01
-4.413166132274859987e-01
-4.433866868995505750e-01
-4.454568735541346580e-01
-4.475271509894255262e-01
-4.495975014402029402e-01
-4.516679104079498464e-01
-4.537383646069425569e-01
-4.558088536792583301e-01
-4.578793695766410488e-01
-4.599498975241963494e-01
-4.620204248342557607e-01
-4.640909477914197945e-01
-4.661614635701942233e-01
-4.682319700078712565e-01
-4.703024654360996593e-01
-4.723729468533682807e-01
-4.744434046871141009e-01
-4.765138399156269577e-01
-4.785842655911116128e-01
-4.806546847645620235e-01
-4.827250989040191009e-01
-4.847955095038387618e-01
-4.868659449405794426e-01
-4.889364026803703633e-01
-4.910068750111258318e-01
-4.930773467659075870e-01
-4.951478110794220178e-01
-4.972182739582309274e-01
-4.992887367102075702e-01
-5.013591900270091273e-01
-5.034296141388058254e-01
-5.055000175946799956e-01
-5.075704188163019381e-01
-5.096408196212661723e-01
-5.117112218025463566e-01
-5.137816271256340217e-01
-5.158520373172240658e-01
-5.179224539709867958e-01
-5.199928788338311625e-01
-5.220633072102108807e-01
-5.241337285140580393e-01
-5.262041458735406962e-01
-5.282745644505133509e-01
-5.303449735919896213e-01
-5.324153794186247124e-01
-5.344857681764677571e-01
3.245641162318266195e-06
3.261551144511344526e-06
2.561602684958050845e-03
4.587509216202279201e-03
6.751933119468041256e-03
8.642189646107715714e-03
1.072968752052660610e-02
1.273498081928891440e-02
1.512929959064601877e-02
1.767859117900606736e-02
1.987264517961383203e-02
2.233403136108291082e-02
2.481656352268123492e-02
2.728734895861285870e-02
2.982276330481304499e-02
3.213325964120097855e-02
3.453264578333320456e-02
3.690444731257496586e-02
3.922438852300502710e-02
4.174861981110665476e-02
4.429072605299189114e-02
4.680327705431466812e-02
4.916545350615291604e-02
5.119570128643280427e-02
5.351740673751897298e-02
5.572299909310734350e-02
5.795359654264560512e-02
6.006016117070685223e-02
6.228032297590727767e-02
6.441849480962970331e-02
6.671305648110641140e-02
6.897782179628854371e-02
7.116480927476737106e-02
7.321612385886257235e-02
7.547288737621112020e-02
7.752615575066310050e-02
7.963068447198334843e-02
8.182538623185683924e-02
8.403444458411150897e-02
8.615458150292253092e-02
8.833540162305429655e-02
9.061347921917928261e-02
9.286666060710647985e-02
9.498565010766632510e-02
9.728388419492400851e-02
9.960869525664220459e-02
1.018512614574213354e-01
1.041331386283717714e-01
1.062634498448867121e-01
1.085210418108954328e-01
1.107305554138810627e-01
1.129918147237547604e-01
1.152371197739682634e-01
1.174269686368966809e-01
1.196934609540670769e-01
1.219235274202301322e-01
1.241763047889879318e-01
1.264957293286838591e-01
1.288382470320838802e-01
1.311165054708884614e-01
1.334516563941360034e-01
1.357227485654925736e-01
1.380606578022166575e-01
1.403879466640541862e-01
1.426768413172501693e-01
1.448933201262730674e-01
1.470899514047036283e-01
1.492500553696458343e-01
1.514283110251239406e-01
1.536104507812478537e-01
1.558234958140235216e-01
1.580824917717461864e-01
1.603331879443117003e-01
1.624785774029791074e-01
1.645577903639317274e-01
1.666375346192177087e-01
1.687691831613823690e-01
1.709484320256788037e-01
1.731324103678790194e-01
1.753297508355220191e-01
1.775374122225363560e-01
1.797586534415563098e-01
1.819297860790684007e-01
1.840822733945383372e-01
1.862272316498025659e-01
1.883728491483742662e-01
1.905205001736395842e-01
1.927295013361688125e-01
1.949578878323776354e-01
1.971866573881431439e-01
1.994157538769700533e-01
2.016451242568825242e-01
2.038747151146748093e-01
2.061044705213865846e-01
2.083343512949900056e-01
2.105643241072139016e-01
2.127943690277092625e-01
2.150244693598846457e-01
2.172546221067018501e-01
2.194848338921706887e-01
2.217150861816941376e-01
2.239453641002847328e-01
2.261756430640227133e-01
2.284059140841228353e-01
2.306361733922477897e-01
2.328664200830299347e-01
2.350966623946570411e-01
2.373268830425175890e-01
2.395570695683713891e-01
2.417872545625451008e-01
2.440174396749454910e-01
2.462476266052588403e-01
2.484778170391448437e-01
2.507080125278937088e-01
2.529382147309333084e-01
2.551684228372932961e-01
2.573986358531995533e-01
2.596288476744451068e-01
2.618590615280357303e-01
2.640892767224865545e-01
2.663194897938900851e-01
2.685496850113779366e-01
2.707798627860174001e-01
2.730100252070403744e-01
2.752401742985974842e-01
2.774703167397289394e-01
2.797004631344420233e-01
2.819306151714953135e-01
2.841607743400026420e-01
2.863909419785842791e-01
2.886211304307197412e-01
2.908513412023649436e-01
2.930815741294365284e-01
2.953118234422879018e-01
2.975420805570792027e-01
2.997723438813736374e-01
3.020026116919101167e-01
3.042328821525432381e-01
3.064631533365800298e-01
3.086934232529384703e-01
3.109236828429027266e-01
3.131539177452383194e-01
3.153841424715492781e-01
3.176143785127569785e-01
3.198446235853406039e-01
3.220748790316038113e-01
3.243051391449650600e-01
3.265354019722397361e-01
3.287656655718194654e-01
3.309959279292501444e-01
3.332261871023529665e-01
3.354564412560960829e-01
3.376866886947860191e-01
3.399169278908724112e-01
3.421471576070539977e-01
3.443773657002455746e-01
3.466075511378268192e-01
3.488377141631339162e-01
3.510678660919198113e-01
3.532980111340266460e-01
3.555281669967071956e-01
3.577583335828954936e-01
3.599885110138760225e-01
3.622186995681429544e-01
3.644488973450264457e-01
3.666791030091130499e-01
3.689093155113016831e-01
3.711395334059049422e-01
3.733697533769010923e-01
3.755999718470255377e-01
3.778301809825301283e-01
3.800603708449330487e-01
3.822905437647538540e-01
3.845207019706885498e-01
3.867508476331067979e-01
3.889527559467829687e-01
3.911485666097489489e-01
3.933683277488392860e-01
3.955584193981412922e-01
3.977670267022128114e-01
3.999144053567876833e-01
4.020870862360113041e-01
4.042410278788144962e-01
4.063636691699007986e-01
4.084699908794268142e-01
4.105334163138402714e-01
4.125913907265812419e-01
4.146287866140678235e-01
4.165919056010375932e-01
4.184553399049902311e-01
4.202491421914607561e-01
4.222123829621192148e-01
4.240908148741181494e-01
4.258906044932130319e-01
4.278067307462384838e-01
4.296401383285528008e-01
4.311130389601799395e-01
4.329597081571767148e-01
4.346704393547817791e-01
4.365219044177098828e-01
4.383841306153123951e-01
4.401834704775245410e-01
4.420146062895670136e-01
4.437419199360381761e-01
4.455148310183772442e-01
4.472466180342761777e-01
4.489134703202377619e-01
4.505303581583026129e-01
4.522023630469027000e-01
4.537725695762581668e-01
4.553247197528574319e-01
4.569516805737686149e-01
4.584229438841577187e-01
4.600314416341038659e-01
4.614503849950050696e-01
4.629826831937350340e-01
4.645813097579301609e-01
4.660533475751337251e-01
4.675096084983419442e-01
4.689015008537543716e-01
4.703301855874710280e-01
4.717823020812521029e-01
4.731967188418271242e-01
4.745535657569197596e-01
4.759007014433306315e-01
4.770094087446433706e-01
4.781208330492219827e-01
4.790514436233057061e-01
4.800052057001820138e-01
4.810397361105797631e-01
4.821078721728599970e-01
4.832735198182499525e-01
4.843164922077223267e-01
4.854611222842408758e-01
4.865112213556350707e-01
4.876261828739317794e-01
4.885646464926560739e-01
4.896045610039397866e-01
4.906802895633055606e-01
4.918002838653642295e-01
4.926374389536180565e-01
4.935136733510224194e-01
4.944126968235458275e-01
4.953781633903209802e-01
4.963642772259280189e-01
4.974695554584565582e-01
4.985112474510706715e-01
4.995897664075018008e-01
5.004603623518948385e-01
5.014745793786921091e-01
5.022973111925851386e-01
5.030719493472656234e-01
5.039955979944317210e-01
5.047372400748129095e-01
5.055557484929010803e-01
5.058921855646240084e-01
5.064111639754768079e-01
5.068311384536281494e-01
5.071626400270449198e-01
5.075293636618866122e-01
5.079307246353852445e-01
5.081961926771872973e-01
5.085656931513080625e-01
5.088920735642052939e-01
5.092935813193449901e-01
5.095597818730018824e-01
5.097147697432991009e-01
5.099210719333010511e-01
5.103773575828757236e-01
5.106423422797329303e-01
5.108060057004168986e-01
5.109776589068515396e-01
5.110303205483246458e-01
5.109679962890160132e-01
5.109445405934111006e-01
5.111637937263106002e-01
5.113774244062523344e-01
5.113737773438272738e-01
5.114370216091876920e-01
5.115401048144293528e-01
5.119676757341021789e-01
5.122859613082719754e-01
5.127318679068229024e-01
5.131604917506020769e-01
5.136751257451384056e-01
5.138462034392667910e-01
5.113958747766270685e-01
5.106026045278910797e-01
5.106595380373095683e-01
5.106187624099668421e-01
5.104449121416783086e-01
5.099967192299400542e-01
5.098827192843866651e-01
5.096097889387479762e-01
5.092795360670084870e-01
5.090525664339845546e-01
5.087892280178163418e-01
5.086905767887354157e-01
5.085977819632896413e-01
5.084896165471836094e-01
5.083929060200358396e-01
5.083315180567749003e-01
5.083945999223044021e-01
5.082141884736429693e-01
5.080612126433688980e-01
5.080027000331822640e-01
5.080856921048964026e-01
5.080025828183810654e-01
5.078525522488397392e-01
5.077190438744034751e-01
5.077334462083376021e-01
5.076278085261852757e-01
5.075380850989772430e-01
5.076449038882635545e-01
5.075226190740586008e-01
5.075622959728712802e-01
5.075196688443837090e-01
5.077546114745054018e-01
5.080169796380528124e-01
5.082546521964009800e-01
5.084490743784375599e-01
5.086445014242809703e-01
5.088292413750279408e-01
5.086395341797524949e-01
5.086945613997267968e-01
5.084631817642016882e-01
5.084916588468855192e-01
5.083428838444887798e-01
5.084167010316099633e-01
5.084525347816529761e-01
5.087129348587177136e-01
5.087990700984307280e-01
5.089580340011553572e-01
5.087447336823219812e-01
5.085480637408001936e-01
5.085105344439531105e-01
5.085328703293389152e-01
5.083758388040384713e-01
5.083766984815600853e-01
5.081816456046990282e-01
5.079141496346003537e-01
5.078158055417175687e-01
5.076443382616230293e-01
5.075949013322459402e-01
5.076454533520665668e-01
5.077633064244109207e-01
5.079669216000177734e-01
5.082027558831201386e-01
5.082694278389661147e-01
5.082984526211978826e-01
5.083506014534875384e-01
5.084418761834307299e-01
5.084848121963756462e-01
5.084630180933299437e-01
5.083056161135633966e-01
5.083312749780177775e-01
5.084142704699893267e-01
5.083603949379321696e-01
5.084797325526739797e-01
5.087202368229973848e-01
5.088441508806664793e-01
5.087301710368784535e-01
5.087882321563041987e-01
5.087397460717060227e-01
5.086683924054992145e-01
5.087129505298764176e-01
5.086612639185202900e-01
5.085863093412161806e-01
5.084967941397009472e-01
5.085911455305958118e-01
5.084378341176382099e-01
5.084555987036037950e-01
5.084360631476062542e-01
5.083133095860369322e-01
5.082298146709041120e-01
5.081216412709407271e-01
5.080840229123579910e-01
5.081238089440124339e-01
5.082093156913105592e-01
5.082943427161215055e-01
5.085410558689773541e-01
5.088394924397828811e-01
5.093284779286032515e-01
5.095005886830776820e-01
5.096170438564076033e-01
5.096940368526180487e-01
5.097275736685618064e-01
5.097180151577836993e-01
5.097166133719508441e-01
5.098996572560183793e-01
5.099191300170889951e-01
5.100255621289688790e-01
5.101506803730010420e-01
5.102211421781229772e-01
5.105525672297768214e-01
5.106500293755182884e-01
5.107413267710867455e-01
5.107714489683834458e-01
5.110320278573815544e-01
5.109318430665908961e-01
5.109318490888391517e-01
5.109546106839911728e-01
5.109037646434025914e-01
5.109934666345197218e-01
5.111632647807321517e-01
5.114122109610950151e-01
4.000029328017278840e-01
4.000029488191206850e-01
4.018275600946488169e-01
4.032007192341705015e-01
4.045710753462945508e-01
4.060165116500213389e-01
4.073667310491278504e-01
4.086896876937350931e-01
4.099592022232098620e-01
4.111753640739185256e-01
4.123582939345194487e-01
4.134763083359361824e-01
4.144980599561877144e-01
4.154375852123452506e-01
4.163519893994525045e-01
4.172352825236482765e-01
4.180984732525377945e-01
4.189283155352174215e-01
4.197202078160662819e-01
4.204646366249802369e-01
4.211767655040383751e-01
4.218285884933128949e-01
4.224254189991832886e-01
4.229840674517593713e-01
4.235231882648380353e-01
4.240309759050091554e-01
4.245012099746809375e-01
4.249250434019408162e-01
4.253064979510693955e-01
4.256468418638478246e-01
4.259397922680272508e-01
4.261787098260672035e-01
4.263728435412653117e-01
4.265215994504896746e-01
4.266278347271298954e-01
4.266930438755213717e-01
4.267166824177058837e-01
4.266975882696181221e-01
4.266401591877362343e-01
4.265504209288286663e-01
4.264192186990834466e-01
4.262597097591033779e-01
4.260742719428612935e-01
4.258527265843408127e-01
4.255875277658736078e-01
4.252844641049144947e-01
4.249129454043453769e-01
4.244899823347008661e-01
4.240209424021741946e-01
4.235687779878037351e-01
4.230720409772692481e-01
4.225628622340610319e-01
4.220070213036154483e-01
4.214159824320478642e-01
4.208047083112138043e-01
4.201936442061195431e-01
4.195723385909432279e-01
4.189484721943997347e-01
4.182785054543500247e-01
4.175663641207175147e-01
4.168493482401851580e-01
4.161505035943128261e-01
4.153999076370489263e-01
4.145880141586987255e-01
4.137726509828842381e-01
4.129220675488912140e-01
4.120693047819137811e-01
4.111604795688103553e-01
4.102229428297753944e-01
4.092270426733471966e-01
4.081392362894903370e-01
