-3.999978470163320643e-01
-3.999978311779687212e-01
-3.988426161309542861e-01
-3.989022479983537206e-01
-3.989524388797590082e-01
-3.990317849886347856e-01
-3.990970986158078326e-01
-3.991794679860013462e-01
-3.992719208262340280e-01
-3.992543596661055627e-01
-3.992311913253369648e-01
-3.992952968664433278e-01
-3.993737871248828064e-01
-3.992094641596906635e-01
-3.991668080871517699e-01
-3.991128615223881182e-01
-3.991166456007075314e-01
-3.988799438598666924e-01
-3.988706639478352134e-01
-3.989571788433147193e-01
-3.989061866336254258e-01
-3.988999711697566730e-01
-3.987339253659625271e-01
-3.986709449685251760e-01
-3.987119039125727182e-01
-3.987509969025221368e-01
-3.986876722379908977e-01
-3.983974584162864319e-01
-3.982322233238980713e-01
-3.981022400112643744e-01
-3.979754671756258744e-01
-3.979377404882779024e-01
-3.976840728321546226e-01
-3.973362585609380715e-01
-3.969704610484955376e-01
-3.965027026150605427e-01
-3.960916495642128887e-01
-3.955343025930355694e-01
-3.950672454252237009e-01
-3.946061199135529329e-01
-3.939733483251598445e-01
-3.933330996262278667e-01
-3.925492007207423417e-01
-3.917771415566755899e-01
-3.909901192950749338e-01
-3.901721605081526767e-01
-3.894866284553782365e-01
-3.887854865936083426e-01
-3.880738684480360412e-01
-3.873071670451974646e-01
-3.866720121949339672e-01
-3.857443444865923943e-01
-3.852975930592143494e-01
-3.847327587404931193e-01
-3.841770817674209360e-01
-3.836945897815612905e-01
-3.828363253099835717e-01
-3.823199187875637173e-01
-3.813616137324466471e-01
-3.804151315777728470e-01
-3.794922453763897030e-01
-3.790089200840123240e-01
-3.783126342699084654e-01
-3.774393894171004238e-01
-3.766060874380078305e-01
-3.755595202684574585e-01
-3.745335315700816237e-01
-3.733912150184330314e-01
-3.721961926178211089e-01
-3.709653576864637148e-01
-3.698660208724291465e-01
-3.687800539497472219e-01
-3.676691319811816738e-01
-3.667680298120841731e-01
-3.659407320515223883e-01
-3.651413016297886949e-01
-3.643760803452062436e-01
-3.634998242716188654e-01
-3.626300151781257086e-01
-3.618061388521855992e-01
-3.610526957967641892e-01
-3.604130999431008342e-01
-3.598219548852759631e-01
-3.593058822230051907e-01
-3.587831461995651394e-01
-3.583689903903491403e-01
-3.580920873026551821e-01
-3.578755627447326448e-01
-3.577561945430672297e-01
-3.576633302647507229e-01
-3.576298374467981045e-01
-3.575472549980845960e-01
-3.574974824305101051e-01
-3.574698587499598457e-01
-3.574530037554088380e-01
-3.574504328535591524e-01
-3.574556931539387139e-01
-3.574738539466004172e-01
-3.575028419869172858e-01
-3.575459472053796883e-01
-3.576328939803612439e-01
-3.577198676060764360e-01
-3.579541503538687941e-01
-3.581002475636407834e-01
-3.583426688297998708e-01
-3.586550080400096041e-01
-3.589878438206606237e-01
-3.594064351038861460e-01
-3.596433573309777421e-01
-3.598399649415587320e-01
-3.598274539439140773e-01
-3.597649468661603955e-01
-3.596304129406911465e-01
-3.594610319922459385e-01
-3.592866707928848991e-01
-3.591191814152936423e-01
-3.589210710857625997e-01
-3.586986616020004237e-01
-3.584956861890963298e-01
-3.583035739959754551e-01
-3.581168677546803236e-01
-3.578525428981247924e-01
-3.576496009996598668e-01
-3.574612920545858219e-01
-3.572684217502175574e-01
-3.570935132220605657e-01
-3.569559638121301282e-01
-3.568635222475305402e-01
-3.567217705966628238e-01
-3.566099124484092830e-01
-3.564865067082134131e-01
-3.563296903346352407e-01
-3.562374871816759714e-01
-3.561736817416072398e-01
-3.560748876856262291e-01
-3.559499452814709475e-01
-3.558464721551964915e-01
-3.557868763471104812e-01
-3.557760779757337954e-01
-3.558137776156025112e-01
-3.558340683298644169e-01
-3.558493208812761877e-01
-3.558705143994394526e-01
-3.558532542808737209e-01
-3.558991298533564773e-01
-3.578048966510611328e-01
-3.596956943105623639e-01
-3.615662982129647651e-01
-3.634325792029092783e-01
-3.653050040963531919e-01
-3.671884372680362940e-01
-3.690458275760942208e-01
-3.709084879677295166e-01
-3.727717507202413239e-01
-3.746389225195712047e-01
-3.764940216086956060e-01
-3.783280407535791756e-01
-3.801773122290227902e-01
-3.820176562298793210e-01
-3.838583982750771728e-01
-3.856871008368948917e-01
-3.875098121527470463e-01
-3.893013564929932446e-01
-3.910862154607306351e-01
-3.928640436553131887e-01
-3.946524050277933071e-01
-3.964514655455517733e-01
-3.982491899786525513e-01
-4.000448971115320718e-01
-4.018475468328947531e-01
-4.036345566762322146e-01
-4.054110164509249215e-01
-4.071783551685528857e-01
-4.089498860179437423e-01
-4.107125807841054965e-01
-4.124768972632091857e-01
-4.142251008002591495e-01
-4.159705114322143071e-01
-4.176928885870503372e-01
-4.194233411567170333e-01
-4.211679625667016924e-01
-4.229077462973916957e-01
-4.246447249874618635e-01
-4.264060919864582355e-01
-4.281833571298489516e-01
-4.299610933065370899e-01
-4.317379019018663389e-01
-4.335117146290918821e-01
-4.352861635181645150e-01
-4.370486545278253754e-01
-4.387898374827410852e-01
-4.405500430831096326e-01
-4.422795125837087893e-01
-4.439856381008245312e-01
-4.456994529503031655e-01
-4.474287256189883322e-01
-4.491617365023032882e-01
-4.508959214032673968e-01
-4.526306652276435027e-01
-4.543577223242820096e-01
-4.560755734591135924e-01
-4.578198970699511872e-01
-4.595562738571432049e-01
-4.612721797403722679e-01
-4.629869498100216418e-01
-4.646812302131992922e-01
-4.663863996987522853e-01
-4.680748225090213266e-01
-4.697662768663999899e-01
-4.714606201739365843e-01
-4.731545683084381060e-01
-4.748408778226448357e-01
-4.765357524358997399e-01
-4.782484126243147782e-01
-4.799613540039346371e-01
-4.816745465181380692e-01
-4.833879519965505467e-01
-4.851015330784360646e-01
-4.868152549600331391e-01
-4.885290864108337017e-01
-4.902430002553515576e-01
-4.919569736538799143e-01
-4.936709840069052335e-01
-4.953850118676710879e-01
-4.970990458901831111e-01
-4.988130777706831220e-01
-5.005271022836581540e-01
-5.022411246013086528e-01
-5.039551432435257494e-01
-5.056691578617024119e-01
-5.073831690316110699e-01
-5.090971780100892463e-01
-5.108065370036217745e-01
-1.999976780087171779e-01
-1.999976621580382696e-01
-1.986272504101968261e-01
-1.975633896062638784e-01
-1.965715309944894851e-01
-1.955847967443560265e-01
-1.946526994639595776e-01
-1.937767730059988258e-01
-1.929549814855918144e-01
-1.922248824664852529e-01
-1.915787283464517599e-01
-1.909990842118772236e-01
-1.904768946355681614e-01
-1.899862418264051667e-01
-1.895428963127744892e-01
-1.891514861163355321e-01
-1.888166005441717366e-01
-1.885457105874149830e-01
-1.883302715156236484e-01
-1.881805415218831545e-01
-1.880902018913486740e-01
-1.880655233270399074e-01
-1.880904263780340535e-01
-1.881606023173416353e-01
-1.882805844535314632e-01
-1.884298732542003807e-01
-1.886279472014112946e-01
-1.888385637977900433e-01
-1.890829518428275569e-01
-1.893254435999739971e-01
-1.895797390639743785e-01
-1.898888795926306494e-01
-1.901992816404295128e-01
-1.905583496591527204e-01
-1.909045224845685451e-01
-1.913020511293541670e-01
-1.917468077672092319e-01
-1.922158284523210747e-01
-1.926992055572641915e-01
-1.931932965568739502e-01
-1.937390782911941889e-01
-1.942991539252698630e-01
-1.949323026468234299e-01
-1.955973384749395416e-01
-1.963034648175380203e-01
-1.970457305450369068e-01
-1.977843713341008169e-01
-1.985211039654135590e-01
-1.993228477524156828e-01
-2.001406410857697882e-01
-2.009145292851585718e-01
-2.017622957542170581e-01
-2.026614242479053973e-01
-2.033369527014494693e-01
-2.037997811089280187e-01
-2.039616862434914801e-01
-2.036617457697859068e-01
-2.032452172477721974e-01
-2.027065781292146929e-01
-2.021060075307725690e-01
-2.015053913742288483e-01
-2.009227965850189368e-01
-2.003787798385237851e-01
-1.998539579258048482e-01
-1.993456876165988767e-01
-1.988591280945264106e-01
-1.983899003669297167e-01
-1.978589812699666217e-01
-1.973254559330776259e-01
-1.967782859640534732e-01
-1.962515001065358311e-01
-1.957890556348026445e-01
-1.953848813367490278e-01
-1.950337825856408025e-01
-1.946633993029848742e-01
-1.943499771059974401e-01
-1.940239225093640107e-01
-1.936515713765120383e-01
-1.932280652899054096e-01
-1.928062777063467292e-01
-1.923707177201846863e-01
-1.919322022141662365e-01
-1.915485077579612838e-01
-1.911328878814891608e-01
-1.907570371020929634e-01
-1.905174206715380403e-01
-1.902398552117207375e-01
-1.899806414800537802e-01
-1.896809607557921051e-01
-1.893740934770654916e-01
-1.895216478504637425e-01
-1.894121689684448440e-01
-1.894147408111485076e-01
-1.894825111542235152e-01
-1.895173269280781836e-01
-1.898013662645136324e-01
-1.900234529726329002e-01
-1.905098868026665060e-01
-1.906540150321292260e-01
-1.909561773284570996e-01
-1.911273896910416215e-01
-1.913426528821811079e-01
-1.918938586482661912e-01
-1.921550688485693104e-01
-1.919775508925406493e-01
-1.922142826670325544e-01
-1.926729671745149586e-01
-1.924934902437654971e-01
-1.925129071591382135e-01
-1.928592911892233475e-01
-1.932924828643970416e-01
-1.938343317908184926e-01
-1.942816378930487531e-01
-1.948545941830303330e-01
-1.953720816840329721e-01
-1.958318202175984568e-01
-1.962656144883537512e-01
-1.966905769363834766e-01
-1.970628673679008236e-01
-1.973906558431919867e-01
-1.976527902565007599e-01
-1.978715312638935631e-01
-1.980512903352170118e-01
-1.981757427118953363e-01
-1.982405487535907618e-01
-1.982512749387575490e-01
-1.982085326987953200e-01
-1.981050298292466316e-01
-1.979458246964420354e-01
-1.977291252111786357e-01
-1.974669687265457052e-01
-1.971225980031977854e-01
-1.967522579625173296e-01
-1.963258219742751720e-01
-1.958531371743046923e-01
-1.953099239165082823e-01
-1.947259532721306863e-01
-1.941260358216181925e-01
-1.934805846338300828e-01
-1.928103590506380360e-01
-1.921094456976166764e-01
-1.914103824453400327e-01
-1.907002519303659105e-01
-1.899866440169106219e-01
-1.892054150638009247e-01
-1.883721259857196462e-01
-1.875859006905962190e-01
-1.868311403635352641e-01
-1.860011998731734562e-01
-1.850422919091677665e-01
-1.840291847050344043e-01
-1.830958547599245700e-01
-1.822121663815311210e-01
-1.812706270467683567e-01
-1.802857997677476121e-01
-1.792417335488520891e-01
-1.782294754311118945e-01
-1.772037161335830446e-01
-1.761398798227142293e-01
-1.751878397315033697e-01
-1.743207063859177897e-01
-1.736099758185916941e-01
-1.729238573240848009e-01
-1.722368574220953241e-01
3.058572566287045955e-06
1.355025894577358524e-03
2.445521603178138059e-03
3.614996821580008547e-03
4.785238144171369105e-03
5.960150593715338174e-03
6.818719012454699593e-03
7.515479869824546848e-03
8.529881976603323826e-03
9.076045415176493478e-03
1.004750461016709791e-02
1.083527827242763975e-02
1.156834682418471545e-02
1.231820118624075283e-02
1.332125189791320483e-02
1.366509528769651802e-02
1.408050852977434965e-02
1.421457919761132636e-02
1.427059281537010511e-02
1.438931740131869745e-02
1.420152964240794895e-02
1.424349952008419073e-02
1.410131503833663043e-02
1.416472194014997861e-02
3.064825831019528841e-06
1.397387115524055534e-03
2.905177632353617059e-03
4.382380950829001427e-03
5.851790898989761916e-03
7.288132236922433178e-03
8.731394953048234042e-03
1.009532839962416946e-02
1.139781275776729184e-02
1.263045497549687701e-02
1.368538477840297932e-02
1.457587948506316143e-02
1.504223337053869729e-02
1.539476980125588194e-02
1.540409676386172641e-02
1.536398365514408428e-02
1.506506658275003595e-02
1.485661426559480892e-02
1.469208966625679992e-02
2.000025952226612558e-01
2.011685156472571567e-01
2.022876351384839400e-01
2.034359957734467039e-01
2.046091229664445676e-01
2.057703858101323224e-01
2.069390611684115699e-01
2.080857953033486418e-01
2.092137331397978806e-01
2.103335330960189042e-01
2.114142113803788303e-01
2.124388996068612701e-01
2.134422807445897075e-01
2.143995028194554120e-01
2.153248928100559567e-01
2.162056227185122081e-01
2.170308204404197416e-01
2.178127770406440844e-01
2.185051947666267480e-01
2.191049910901054498e-01
2.196475741493684464e-01
2.201056109447783460e-01
2.204644705758243284e-01
2.206927838003257814e-01
2.208634679281043234e-01
2.210054294151380383e-01
2.210974685854436017e-01
2.211432174428526742e-01
-1.999967367921109129e-01
-1.985455859297140802e-01
-1.979100877448342621e-01
-1.959964748382567179e-01
-1.956000933737920000e-01
-2.000021541567937600e-01
-2.009176713646927404e-01
-2.009967449210160462e-01
-2.007989030834330113e-01
-2.004484149666310167e-01
-2.001624256132064350e-01
-1.995730704113209963e-01
-1.988446859874848094e-01
-1.979731409998417846e-01
-1.970975956262574491e-01
-1.961957805657945086e-01
-1.951914638325926155e-01
-1.941300169486001037e-01
-1.930397207972448792e-01
-1.918521729294999090e-01
-1.906837581357449518e-01
-1.894946116986410689e-01
-1.883269183528725743e-01
-1.871584561083145526e-01
-1.859627123826499973e-01
-1.847410474846594430e-01
-1.835518339469154048e-01
-1.823521927742047799e-01
-1.811944773930415642e-01
-1.800258580607521086e-01
-1.788490698536426837e-01
-1.776875001182837421e-01
-1.765358798999493994e-01
-1.754529236612723808e-01
-1.743619373975639764e-01
-1.733277839941356202e-01
-1.723088949217252974e-01
-1.714105746531088270e-01
-1.705479195582495500e-01
-1.697018266628216032e-01
-1.688723572064031730e-01
-1.680769679460595023e-01
-1.673182210280841076e-01
-1.665956109547304664e-01
-1.659211126609563269e-01
-1.653180186613643909e-01
-1.647557859806753067e-01
-1.654899379615072386e-01
-1.662125869302116254e-01
-1.669125587625605867e-01
-1.675954051416583268e-01
-1.682339235393112975e-01
-1.688583445203773736e-01
-1.694788621600513689e-01
-1.700408411992528901e-01
-1.705730594036563019e-01
-1.710741004507501939e-01
-1.715604864969421661e-01
-1.720259748729257021e-01
-1.724778716761445896e-01
-1.729012704703357106e-01
-1.732895214341933776e-01
-1.736466248321038297e-01
-1.739937157257339939e-01
-1.743317451171307042e-01
-1.746561584542703771e-01
-1.749544529365849310e-01
-1.752389461095474610e-01
-1.754872456053740148e-01
-1.757163347162831735e-01
-1.759199197273979554e-01
-1.761001937445370591e-01
-1.762610193539392300e-01
-1.763996175413823086e-01
-1.765196911292912785e-01
-1.767558489765406748e-01
-1.768174187360132543e-01
-1.769038617252704226e-01
-1.769555082988272243e-01
-1.770503669744230846e-01
-1.769358936842664876e-01
-1.767075638994625164e-01
-1.764687013836253315e-01
-1.760184896403618748e-01
-1.765638837460083155e-01
-1.768554697799047948e-01
-1.772183354446015546e-01
-1.776463975505331305e-01
-1.781029168558873887e-01
-1.785937379448518103e-01
-1.787087735145315159e-01
-1.787405047900504917e-01
-1.787055687902999179e-01
-1.785484441463850713e-01
-1.779566738655337932e-01
-1.777141370852340085e-01
-1.772329433446835079e-01
-1.772859310565209900e-01
-1.777278577851951202e-01
-1.781634182542757572e-01
-1.786437164599468386e-01
-1.788320064831780132e-01
-1.790774200031154673e-01
-1.793237509214896663e-01
-1.791155558514918589e-01
-1.786715004633523673e-01
-1.783116573841515284e-01
-1.783343570748429363e-01
-1.778437955435592244e-01
-1.779800697720767266e-01
-1.778617149152124099e-01
-1.784172359369209648e-01
-1.790394781426237203e-01
-1.795747821236525210e-01
-1.795478533454876457e-01
-1.802918906116562914e-01
-1.808394101617903926e-01
-1.811436187660341590e-01
-1.816546010267832689e-01
-1.822648016510886870e-01
-1.828086379112180970e-01
-1.833828576212810368e-01
-1.840306014188327066e-01
-1.844298466351929622e-01
-1.851673333440125857e-01
-1.858969049100396842e-01
-1.861084972783736691e-01
-1.861664546021830069e-01
-1.863876597277817071e-01
-1.865498667819312784e-01
-1.872211157724819053e-01
-1.872215383436404423e-01
-1.876274688872391627e-01
-1.875957809199562121e-01
-1.875194052414980994e-01
-1.880746726382789002e-01
-1.886510153586120897e-01
-1.892866205018090553e-01
-1.898200490062455781e-01
-1.897113612381458592e-01
-1.901722619118491053e-01
-1.906773673346673081e-01
-1.913018245482664415e-01
-1.918242482498478119e-01
-1.924548623541288694e-01
-1.929926397007349914e-01
-1.936698664735801434e-01
-1.942664452971576416e-01
-1.947666060619495931e-01
-1.952674061223321489e-01
-1.958467741219785119e-01
-1.965929376954133612e-01
-1.973152015127447589e-01
-1.980067610611246365e-01
-1.987255320372463274e-01
-1.992555648947720026e-01
-1.997796422398666338e-01
-2.002745154110734394e-01
-2.009292433823080537e-01
-2.014392589417589585e-01
-2.021392015393155828e-01
-2.028984440355647567e-01
-2.034886247040620100e-01
-2.041039021878810755e-01
-2.047624829999669938e-01
-2.052267714191348125e-01
-2.055273508321334153e-01
-2.057077388959393793e-01
-2.058438954111030395e-01
-2.061527192071006542e-01
-2.063484955899920759e-01
-2.065588656468728412e-01
-2.064042065226610601e-01
-2.063650829234818795e-01
-2.057151434024025727e-01
-2.052332147521466754e-01
-2.043686941185619554e-01
-2.035710128720842338e-01
-2.027190139151295034e-01
-2.019082197957143832e-01
-2.010866749612514326e-01
-2.003654245675401679e-01
-1.996292885029275210e-01
-1.989417661469451981e-01
-1.981213460888757161e-01
-1.973784324341588126e-01
-1.969136819466572041e-01
-1.963682790535563327e-01
-1.959853104022679926e-01
-1.956152319400228379e-01
-1.952949901284795065e-01
-1.952759751136528832e-01
-1.949631837654872690e-01
-1.946894532860103111e-01
-1.942568697965473545e-01
-1.939684488848351651e-01
-1.936209104776267509e-01
-1.932401130081723983e-01
-1.928935906563727931e-01
-1.925520403536609693e-01
-1.922959903739328291e-01
-1.920517236123788773e-01
-1.918841624161246873e-01
-1.917976206248205862e-01
-1.917230161349704198e-01
-1.916619434274350608e-01
-1.915848382730648281e-01
-1.914974422300968204e-01
-1.914381491150721204e-01
-1.913916829283023313e-01
-1.913641775225246866e-01
-1.913576125910402270e-01
-1.913611900150984646e-01
-1.913782793217911893e-01
-1.914001534048989095e-01
-1.914254406942607623e-01
-1.914727318159481495e-01
-1.915787539456983990e-01
-1.916748897178996158e-01
-1.916933691414417773e-01
-1.916145938261641091e-01
-1.914881358388222654e-01
-1.912927310964208649e-01
-1.911378237831153348e-01
-1.910199974598318362e-01
-1.911853942230841430e-01
-1.913533884955177511e-01
-1.914514226622795745e-01
-1.914509763374384888e-01
-1.911819312709277241e-01
-1.909438476689079012e-01
-1.905152050040857525e-01
-1.898290067568433326e-01
-1.888908434447762463e-01
-1.878253842026262610e-01
-1.866492799256903035e-01
-1.853716807352594753e-01
-1.840254375762004346e-01
-1.826587569591812399e-01
-1.812588160416871985e-01
-1.798538564554709729e-01
-1.784208233735627702e-01
-1.769977761345169764e-01
-1.755647904959500294e-01
-1.741219523977229899e-01
-1.726568028182429160e-01
-1.712012403687772355e-01
-1.697512910643273754e-01
-1.682849489220403227e-01
-1.668446060533810560e-01
-1.654310797958427337e-01
-1.640239537249832125e-01
-1.626288808504365024e-01
-1.612225849532485933e-01
-1.598042386207777221e-01
-1.584210699906911934e-01
-1.570632923217370469e-01
-1.557315347035460595e-01
-1.544031455833271560e-01
-1.530958069573258584e-01
-1.518958668520592747e-01
-1.507457859782031229e-01
-1.496447283973981746e-01
-1.486212806855346513e-01
-1.476378750607835189e-01
-1.467081334607000243e-01
-1.458192706878504996e-01
-1.449862694245055705e-01
-1.441951553262548202e-01
-1.434375524364894794e-01
-1.427412894656376607e-01
-1.427502061968628222e-01
-1.434892134516201623e-01
-1.442290004038182250e-01
-1.449233222197460480e-01
-1.456152915159839023e-01
-1.462799997169367539e-01
-1.469330809507054525e-01
-1.475831807559714881e-01
-1.482135239844634689e-01
-1.488377879618111299e-01
-1.494636260229940949e-01
-1.500908027836188041e-01
-1.507100267772951696e-01
-1.513245552988276010e-01
-1.519409536871250133e-01
-1.525621309438289219e-01
-1.531626017124108341e-01
-1.537684764387991232e-01
-1.543609615542372304e-01
-1.549476114331609644e-01
-1.555308074070215485e-01
-1.560941195255615144e-01
-1.566607474321312365e-01
-1.572048864673442070e-01
-1.577409359045084947e-01
-1.582661448335508647e-01
-1.587930323291117940e-01
-1.592885022768559811e-01
-1.597631815860262872e-01
-1.602106138774437027e-01
-1.606575281118277909e-01
-1.610758584981528130e-01
-1.614980682926011324e-01
-1.619101961735200657e-01
-1.622950201956559757e-01
-1.626609257188445234e-01
-1.630226574869819978e-01
-1.633811008977359980e-01
-1.637500383565215767e-01
-1.695107380219495197e-01
-1.697410836944568957e-01
-1.700825736423791923e-01
-1.704542089536154603e-01
-1.708171387049496615e-01
-1.711413975475854221e-01
-1.714276754831417504e-01
-1.717205302960959357e-01
-1.720785700384949157e-01
-1.724568498716401166e-01
-1.727609204954954902e-01
-1.730008333769200990e-01
-1.729380622793839917e-01
-1.733110166965468601e-01
-1.733828286734933888e-01
-1.736022854985192765e-01
-1.738916747025740506e-01
-1.736272641746857692e-01
-1.739948453155157337e-01
-1.742009764758519208e-01
-1.737736278562419523e-01
-1.740170883597879636e-01
-1.741628351000674702e-01
-1.742810510083856179e-01
-1.746791455122103098e-01
-1.750977743787441587e-01
-1.755529456743734895e-01
-1.760297719735756106e-01
-1.764809364514986212e-01
-1.768745764986378866e-01
-1.772835626914064378e-01
-1.776961512978508795e-01
-1.779350919296572020e-01
-1.782422152340855936e-01
-1.784188441469052588e-01
-1.786882944677532226e-01
-1.791378933895307335e-01
-1.794389520632581059e-01
-1.796780456509588786e-01
-1.799119077630147445e-01
-1.801595979490794586e-01
-1.802668204559203791e-01
-1.806223701857331554e-01
-1.809019971548119776e-01
-1.812392387609123579e-01
-1.811723456779538166e-01
-1.813912399647147622e-01
-1.813027822695363611e-01
-1.813771992162976632e-01
-1.813152404107682414e-01
-1.814072941107571779e-01
-1.814659426243472040e-01
-1.815299005600279070e-01
-1.814389800098820393e-01
-1.812985347453951734e-01
-1.811856653973236697e-01
-1.811694315183300652e-01
-1.808800720652504745e-01
-1.806883013302375274e-01
-1.802819530465907261e-01
-1.797119349359077023e-01
-1.790441317587940784e-01
-1.781648994126497632e-01
-1.773503192678206331e-01
-1.764858214224903354e-01
-1.755440619420760573e-01
-1.746219969635067482e-01
-1.737531345927770809e-01
-1.727523156588463005e-01
-1.717655176226943747e-01
-1.707091883748944883e-01
-1.696681215206534143e-01
-1.685728490064242191e-01
-1.675260707476254052e-01
-1.665640366575150966e-01
-1.657418465465767821e-01
-1.649604589990815440e-01
-1.641934273883828566e-01
-1.635285763363687195e-01
-1.627832207861182878e-01
-1.619468487400807510e-01
-1.609782780463492047e-01
-1.598765645138407743e-01
-1.585383763552982161e-01
-1.571575078464513275e-01
-1.558484833415770265e-01
-1.545488244424810531e-01
-1.534146140268800584e-01
-1.523128712934013473e-01
-1.513957930877771474e-01
-1.504116128773880789e-01
-1.493978964543163368e-01
-1.483890856797381863e-01
-1.474184718097289182e-01
-1.465458135244787907e-01
-1.458826653235923421e-01
-1.453147945772427230e-01
-1.449046286797441851e-01
-1.445192177561952229e-01
-1.441721251260407732e-01
-1.438217873758454168e-01
-1.435037347216756298e-01
-1.431601941709863546e-01
-1.428732657745092616e-01
-1.425690530415010260e-01
-1.422992910331779548e-01
-1.420312628144493605e-01
-1.418244381352402328e-01
-1.416542139322534977e-01
-1.415381691285046706e-01
-1.414747332393792578e-01
-1.414201518844891425e-01
-1.413928850158172323e-01
-1.413732230607686602e-01
-1.413755911646468744e-01
-1.413889511043664449e-01
-1.414275331251444723e-01
-1.414945123539360083e-01
-1.416229543216854514e-01
-1.417531845465179741e-01
-1.419291134046352099e-01
-1.421138491191876740e-01
-1.423075032592255040e-01
-1.425963858423268671e-01
-1.430430927099194394e-01
-1.434556751507934103e-01
-1.439736467939362607e-01
-1.445713900143923980e-01
-1.452557182513018741e-01
-1.459649325635717643e-01
-1.467460410179853847e-01
-1.476084286365386689e-01
-1.485080809171415717e-01
-1.495022206634119000e-01
-1.504871720598854878e-01
-1.515064598308235866e-01
-1.523456377733463929e-01
-1.531392618898690106e-01
-1.533658075726223868e-01
-1.532145730312257093e-01
-1.527711997259516841e-01
-1.521417299990638350e-01
-1.514739113923898872e-01
-1.507165526837463687e-01
-1.498939447687550330e-01
-1.490536173319072510e-01
-1.481644605767971079e-01
-1.472965565372807428e-01
-1.464377447236717145e-01
-1.454705349955502658e-01
-1.444185006136162741e-01
-1.433937919903946201e-01
-1.424116909244419471e-01
-1.414599447400146093e-01
-1.405196885304988708e-01
-1.395438595618354038e-01
-1.385659048970285245e-01
-1.376108607989097177e-01
-1.366229747252139248e-01
-1.355948662112117786e-01
-1.346485861788155047e-01
-1.337699356214361313e-01
-1.329267813984341684e-01
-1.321499801684437314e-01
-1.314248120777672946e-01
-1.307662865158794319e-01
-1.301227662588866352e-01
-1.295298324359312192e-01
-1.289539920048137223e-01
-1.284379600014456113e-01
-1.279541483689907722e-01
-1.287573054857516219e-01
-1.295149844046224463e-01
-1.302532506757669295e-01
-1.309813777735505669e-01
-1.316875320826028373e-01
-1.323576599643066787e-01
-1.330082978376020686e-01
-1.336515614038086552e-01
-1.342528353106759165e-01
-1.348219351921916831e-01
-1.353674152792484209e-01
-1.358791944647427530e-01
-1.363681027431787318e-01
-1.368251004189952325e-01
-1.372535330692336575e-01
-1.376595184549099238e-01
-1.380191516858390866e-01
-1.383608195209844183e-01
-1.386730097617775992e-01
-1.389794247009288608e-01
-1.392746184604591875e-01
-1.395599016640860779e-01
-1.398238304211108785e-01
-1.400632956916026128e-01
-1.402818128066729286e-01
-1.404806417123765361e-01
-1.406598208645193915e-01
-1.408160441791816153e-01
-1.409550030860403924e-01
-1.410799633079548310e-01
-1.411861487981184160e-01
-1.412704935523144967e-01
-1.413300538850817967e-01
-1.413686663111180242e-01
-1.413861919964602420e-01
-1.413803932766811156e-01
-1.413492625768865696e-01
-1.412924647596572048e-01
-1.412094707114472936e-01
-1.410992268477959666e-01
-1.409633304336577464e-01
-1.413834012792283823e-01
-1.417268850409771075e-01
-1.421049500013711053e-01
-1.425022169404523142e-01
-1.428465974862874743e-01
-1.422581505487028886e-01
-1.420019561361807736e-01
-1.406709685166038781e-01
-1.412982513263564832e-01
-1.417223405936547387e-01
-1.420905260731730180e-01
-1.422452417054761720e-01
-1.424593950070519310e-01
-1.428139962890095094e-01
-1.431434830261231195e-01
-1.433606270603400568e-01
-1.435352803054226467e-01
-1.438249306130368887e-01
-1.439214058318162570e-01
-1.440177797313050012e-01
-1.440161029950038085e-01
-1.442593328340578962e-01
-1.445545094577297962e-01
-1.447917062331902371e-01
-1.450238586558949272e-01
-1.454138737477659316e-01
-1.457467853825691051e-01
-1.460216903674568523e-01
-1.461375350344450430e-01
-1.465524261716029397e-01
-1.467705070145969293e-01
-1.469904324491022596e-01
-1.473874032427938130e-01
-1.475025195783123966e-01
-1.478364946096087373e-01
-1.481581272405069483e-01
-1.483155772470420575e-01
-1.483099251708581978e-01
-1.483497435727745561e-01
-1.483747639587737754e-01
-1.482082327337542749e-01
-1.482349903042180506e-01
-1.480900391099241042e-01
-1.481171558307182445e-01
-1.481717040470896529e-01
-1.480031734836741719e-01
-1.477219744123182410e-01
-1.475415244534030723e-01
-1.472410500054492921e-01
-1.468772771016033929e-01
-1.465341863128374056e-01
-1.461484727425981511e-01
-1.458737093661814366e-01
-1.457643830341687208e-01
-1.458115664918105125e-01
-1.459182630759856825e-01
-1.458466884120988849e-01
-1.456048091303282499e-01
-1.453734585402667867e-01
-1.451401182766808295e-01
-1.450087102795497573e-01
-2.017299989233023172e-01
-2.023263611051805411e-01
-2.028169560235444369e-01
-2.033154596088879995e-01
-2.036944743662012225e-01
-2.041610454317866752e-01
-2.046113217993453248e-01
-2.050942598313483523e-01
-2.060100815323640810e-01
-2.069713812133593400e-01
-2.083381673132872480e-01
-2.096748683254916756e-01
-2.110244729372958428e-01
-2.124226099335715656e-01
-2.138629436692237318e-01
-2.153815182723395893e-01
-2.168852019966178712e-01
-2.182973642338424114e-01
-2.195887981300302660e-01
-2.209641277679228188e-01
-2.220886549766361018e-01
-2.221137649166993189e-01
-2.217893641338278543e-01
-1.999967642328324968e-01
-1.999967482804575758e-01
-1.985026497674231283e-01
-1.972385050443183907e-01
-1.959556568941589472e-01
-1.946821617270115268e-01
-1.935502469765801592e-01
-1.925507839090573603e-01
-1.915018651350758605e-01
-1.907189305605370977e-01
-1.899628764291006744e-01
-1.891663250876541580e-01
-1.884815493334477399e-01
-1.878260226691925439e-01
-1.869831756211350338e-01
-1.862714085489090843e-01
-1.855252326466117485e-01
-1.999996484810003250e-01
-1.998553775220761608e-01
4.014866596601137649e-01
-1.999984157149417296e-01
-1.991140231215020873e-01
-1.982835698916488032e-01
-1.974099402527576541e-01
-1.964947185755426817e-01
-1.955295285590008536e-01
-1.945166269396726433e-01
-1.934328825538945695e-01
-1.922910539890671788e-01
-1.911038775925333333e-01
-1.898734156436125697e-01
-1.886307165345582626e-01
-1.873952875998854128e-01
-1.861852585424791651e-01
-1.849544691135011631e-01
-1.836538861679978540e-01
-1.823719130111292885e-01
-1.811034617394731983e-01
-1.798124728658787863e-01
-3.999989653934238332e-01
-3.994552972439938676e-01
-3.989930887034041640e-01
-3.983923231681480437e-01
-3.977506106850451917e-01
-3.970594603317388338e-01
-3.963860317990437476e-01
-3.957264753790971645e-01
-3.950493465380722213e-01
-3.942528671373571880e-01
-3.934918951551579225e-01
-3.926715861549982534e-01
-3.917081262974294043e-01
-3.906645719881055578e-01
-3.895587860732143137e-01
-3.883152938331799198e-01
-3.871217568587075886e-01
-3.859142841034027271e-01
-3.846141780207922301e-01
-3.834283337499636013e-01
-3.821712383232550581e-01
-3.809303297928588461e-01
-3.797526169702736265e-01
-3.785550799170794845e-01
-3.772623498730147129e-01
-3.759375531442282203e-01
-3.745622863446891326e-01
-3.732304830404394314e-01
-3.719739226397607013e-01
-3.707230671419930457e-01
-3.694565947589635302e-01
-3.681762111389063619e-01
-3.670130274495204681e-01
-1.999976760893179550e-01
-1.985898078003307254e-01
-1.981590650279859978e-01
-1.977377388859931640e-01
-1.973474661205380232e-01
-1.969889921800457022e-01
-1.965218260550934404e-01
-1.960178118613428444e-01
-1.954863797729546049e-01
-1.949994405960861488e-01
-1.942267560506955593e-01
-1.932349187616047570e-01
-1.922301548662609938e-01
-1.914701933819075441e-01
-1.906478506144108909e-01
-1.896538498913146742e-01
-1.886895792347570433e-01
-1.875933136468035667e-01
-1.865712844473733090e-01
-1.851178521166676472e-01
-1.835914159155932479e-01
-1.820525341257026863e-01
-1.803213461248496241e-01
-1.786031517437964011e-01
-1.768998144016745155e-01
-1.753201156016401530e-01
-1.736156166267125711e-01
-1.720718536376247276e-01
-1.705672034417430594e-01
-1.690876556386075313e-01
-1.676746189365839190e-01
-1.661538046150357328e-01
-1.646650085866518953e-01
-1.632125573740519919e-01
-1.617472706495525492e-01
-1.602735709433078803e-01
-1.588293530024871836e-01
-1.574761364047594370e-01
-1.562533753447308271e-01
-1.550696231043246498e-01
-1.539949737800569707e-01
-1.529904781272513337e-01
1.441348843734185617e-06
8.098829114163634373e-04
1.104544359025734111e-03
1.192240505290539021e-03
1.540575668132548393e-03
1.742316007125817778e-03
2.142105000617608879e-03
2.486760694094776198e-03
2.796865719458676170e-03
2.000027315186795607e-01
2.014794721439698844e-01
2.030163398755966409e-01
2.045757741124617501e-01
2.061348230226111578e-01
2.076818554629822344e-01
2.092027245086764409e-01
2.107152121855411786e-01
2.122117309507044192e-01
2.136723625878181321e-01
2.151332427279277204e-01
2.165462521896137082e-01
2.179325118482896007e-01
2.193258740901871118e-01
2.207215514205512208e-01
2.221113216470330110e-01
2.234505965627665847e-01
2.247806087474829295e-01
2.261110763414793667e-01
2.274157526270287055e-01
2.287147843540686676e-01
2.299861079849206402e-01
2.312447550880954161e-01
2.324672594526589475e-01
2.336673347112903365e-01
2.348364112716799235e-01
2.359839240229436308e-01
2.371066695979872907e-01
2.381996518802885765e-01
2.392473763317170821e-01
2.402743188690719678e-01
2.412665505457907700e-01
2.422253849345260834e-01
2.431672261054703965e-01
2.440684342737082513e-01
2.449305864391947141e-01
2.457883389058175272e-01
2.466253950455922772e-01
2.474419163127073995e-01
2.482435031444329698e-01
2.490287027217783777e-01
2.497867469040734034e-01
2.505188621262177118e-01
2.512174808188482045e-01
2.518837554128669498e-01
2.525296595658162446e-01
2.531531701664142542e-01
2.537563504112778645e-01
2.543242906498267009e-01
2.548646558194925249e-01
2.553732572046098492e-01
2.558564121308656847e-01
2.563118963229338299e-01
2.567423998086914017e-01
2.571516834155602171e-01
2.575315525983872811e-01
2.578890653491846541e-01
2.582184582807758311e-01
