3.999999357602044281e-01
3.999999312817266728e-01
3.999643694388761994e-01
3.999610840400451561e-01
4.000124242525150975e-01
4.000932759885514889e-01
4.002191800257662857e-01
4.003662873743321637e-01
4.005316146809903000e-01
4.006874552267676304e-01
4.008149395154511074e-01
4.010007816277515458e-01
4.012179291373039192e-01
4.015153728191019344e-01
4.019743882370463428e-01
4.023039493048511384e-01
4.027276864525313749e-01
4.032627219123503526e-01
4.039261094599246871e-01
4.045815064998112276e-01
4.052962052560447614e-01
4.062292099796477873e-01
4.071587123522237839e-01
4.083956195452758675e-01
4.095576818188670365e-01
4.108562343464015609e-01
4.126976520709300655e-01
4.143098667852961325e-01
4.160586919355855895e-01
4.174215988701370228e-01
4.188203555601029415e-01
4.206115482927125226e-01
4.225356186231494227e-01
4.241952861177279432e-01
4.261197138918594862e-01
4.278108023452749653e-01
4.299089420171983145e-01
4.316955531353250386e-01
4.335845420100996050e-01
4.357152130882643859e-01
4.378446626639820871e-01
4.394909930487522209e-01
4.413056722238924423e-01
4.431928876916930160e-01
4.451639611725732859e-01
4.469432509966596023e-01
4.488160419269949242e-01
4.506662927023298848e-01
4.529353608860450797e-01
4.552030349006564447e-01
4.573902267441629643e-01
4.596599551605838885e-01
4.619288495987010079e-01
4.638996502775164510e-01
4.658471957370267647e-01
4.680122782335924825e-01
4.700397170965228688e-01
-2.000005256617592431e-01
-2.000005409272640478e-01
-2.003514776197194425e-01
-2.004827974502060295e-01
-2.006159951801287367e-01
-2.007455413003996769e-01
-2.008735628729029221e-01
-2.010053634662205824e-01
-2.011436365112685976e-01
-2.012826307680749272e-01
-2.014155226946246213e-01
-2.015520470639827477e-01
-2.017009903962476702e-01
-2.018507323773763851e-01
-2.020073708108291177e-01
-2.021695332572309156e-01
-2.023359250945741816e-01
-2.025125857973551213e-01
-2.026876226774285972e-01
-2.028604693619401045e-01
-2.030323960164190367e-01
-2.031902378539650333e-01
-2.033425864038761743e-01
-2.034956926787296616e-01
-2.036413102497741101e-01
-2.037804440730854316e-01
-2.039216645397838590e-01
-2.040544808111814656e-01
-2.041855133151381230e-01
-2.043132779364651153e-01
-2.044346939671495555e-01
-2.045582717540727624e-01
-2.046693935185794622e-01
-2.047819145067618085e-01
-2.048873022102783159e-01
-2.049901766907236966e-01
-2.050851354035759799e-01
-2.051856370452280476e-01
-2.052842953258280090e-01
-2.053824115889734403e-01
-2.054753606402986155e-01
-2.055627295518907272e-01
-2.056479916752536052e-01
-2.057289894927149532e-01
-2.058100989380738655e-01
-2.058925833531300709e-01
-2.059710342373668179e-01
-2.060454955509886665e-01
-2.061208965945139360e-01
-2.061951756236022892e-01
-2.062677432342423789e-01
-2.063389166580522904e-01
-2.064145452101552869e-01
-2.064831891259190921e-01
-2.065483943102912889e-01
-2.066091578124631400e-01
-2.066676829814944882e-01
-2.067273364268067126e-01
-2.067830343986387098e-01
-2.068338989402074279e-01
-2.068832577248148619e-01
-2.069340197918996815e-01
-2.069824956692065121e-01
-2.070311869905691604e-01
-2.070773081655388481e-01
-2.071226607582795365e-01
-2.071653357312696619e-01
-2.072046760274540156e-01
-2.072373120211833120e-01
-2.072709247214207517e-01
-2.073049124270107957e-01
-2.073358207783262408e-01
-2.073666518371362621e-01
-2.073934191833324558e-01
-2.074174703772039552e-01
-2.074412373819946309e-01
-2.074622444885607930e-01
-2.074813130496674096e-01
-2.075031271228626739e-01
-2.075263914900854489e-01
-2.075507065215009272e-01
-2.075747482339370675e-01
-2.075998853136057920e-01
-2.076276483263966854e-01
-2.076574604385632572e-01
-2.076852417396126416e-01
-2.077115055491544904e-01
-2.077367083058357378e-01
-2.077613082807617528e-01
-2.077856960104889072e-01
-2.078084957438757208e-01
-2.078305558783483942e-01
-2.078519397031761140e-01
-2.078727043911442751e-01
-2.078930154045680323e-01
-2.079124672921635886e-01
-2.079307364341833053e-01
-2.079497859751425481e-01
-2.079692746693165284e-01
-2.079897139050547461e-01
-2.080108787258425906e-01
-2.080347682797061282e-01
-2.080620626699956344e-01
-2.080920576868326710e-01
-2.081252086602000395e-01
-2.081642815682872572e-01
-2.082058501937218420e-01
-2.082499971331741584e-01
-2.082956008620026889e-01
-2.083426716625743080e-01
-2.083900262692852945e-01
-2.084398202046722215e-01
-2.084873454188333752e-01
-2.085346808592074552e-01
-2.085838341510701244e-01
-2.086309581708127026e-01
-2.086806491518230222e-01
-2.087272273428552316e-01
-2.087732933751078324e-01
-2.088183333207438430e-01
-2.088656225446771653e-01
-2.089154126614219953e-01
-2.089717653835682643e-01
-2.090289316017545918e-01
-2.090912157964562035e-01
-2.091511086181610801e-01
-2.092129884651187655e-01
-2.092759308307019228e-01
-2.093376531881312452e-01
-2.094004541636275141e-01
-2.094666658830970363e-01
-2.095338584589203634e-01
-2.095979649692681634e-01
-2.096612273853522002e-01
-2.097259826593340371e-01
-2.097872162844693911e-01
-2.098490152514707052e-01
-2.099154961000301300e-01
-2.099806759198477313e-01
-2.100449792253394066e-01
-2.101100119382451059e-01
-2.101718338975551437e-01
-2.102288224007575201e-01
-2.102803979842078064e-01
-2.103300320457659467e-01
-2.103785352889603888e-01
-2.104266654611721965e-01
-2.104673742582100771e-01
-2.105066124231265712e-01
-2.105417228209967018e-01
-2.105760458778175581e-01
-2.106115528378205981e-01
-2.106449930780917579e-01
-2.106782662474860623e-01
-2.107106098943953565e-01
-2.107397225430763799e-01
-2.107648316806857436e-01
-2.107860604647157909e-01
-2.108018161942368518e-01
-2.108139247888612122e-01
-2.108227640835201311e-01
-2.108290749819259624e-01
-2.108311631565321642e-01
-2.108297753324037127e-01
-2.108253299917202950e-01
-2.108183354247291086e-01
-2.108101945520885201e-01
-2.107994045123582627e-01
-2.107862578263728082e-01
-2.107724409930083753e-01
-2.107577185813988285e-01
-2.107428866280930402e-01
-2.107266934492093013e-01
-2.107092780175106039e-01
-2.106921513074008490e-01
-2.106763443431833027e-01
-2.106628459573551271e-01
-2.106491396160390939e-01
-2.106355891133126768e-01
-2.106202098493281383e-01
-2.106050677913861857e-01
-2.105877038145207991e-01
-2.105692604441631310e-01
-2.105452583711401315e-01
-2.105186432956931142e-01
-2.104886877454042737e-01
-2.104540442640062958e-01
-2.104170797407044768e-01
-2.103765330597855143e-01
-2.103346024945385861e-01
-2.102874211403606142e-01
-2.102342933603080222e-01
-2.101789271461336761e-01
-2.101163959092324784e-01
-2.100508453121927022e-01
-2.099832556305780973e-01
-2.099082661569536823e-01
-2.098328742698290506e-01
-2.097546489592758412e-01
-2.096733501024388713e-01
-2.095861306414665837e-01
-2.094945115823078352e-01
-2.094080769030608191e-01
-2.093159041195094827e-01
-2.092223837716445101e-01
-2.091307358383297510e-01
-2.090232600225900572e-01
-2.089099981903411452e-01
-2.087923110418649086e-01
-2.086755313620543284e-01
-2.085515927401318803e-01
-2.084310130386372861e-01
-2.083040269344626771e-01
-2.081680906897455663e-01
-2.080310050582014070e-01
-2.078942623563787007e-01
-2.077536338304384333e-01
-2.076091456176375749e-01
-2.074690907004578255e-01
-2.073208489730833382e-01
-2.071560795847601222e-01
-2.070080293353211143e-01
-2.068647001692602017e-01
-2.067293512730313254e-01
-2.065857153412499758e-01
-2.064300592250129518e-01
-2.062499148317005482e-01
-2.060645658996647089e-01
-2.058823186316914022e-01
-2.056955954868760206e-01
-2.054930087658329019e-01
-2.053081215034933960e-01
-2.051324289472677975e-01
-2.049456292211924713e-01
-2.047553531084840839e-01
-2.045756720733143408e-01
-2.044029908269023588e-01
-2.042218590817026225e-01
-2.040289430739131438e-01
-2.038484783082866736e-01
-2.036676811349763805e-01
-2.034876951743246620e-01
-2.032933353306537461e-01
-2.030822754924774265e-01
-2.028833681669905409e-01
-2.026635230208439775e-01
-2.024418059095914324e-01
-2.022414106489701380e-01
-2.020477708856617816e-01
-2.018339368623866259e-01
-2.016300426632005593e-01
-2.014172056304420200e-01
-2.012160874177003900e-01
-2.010186388584845329e-01
-2.008045045018183872e-01
-2.005870184916527799e-01
-2.003808133486340015e-01
-2.001722788675701081e-01
-1.999794826479923404e-01
-1.998271253319704455e-01
-1.996450151294011377e-01
-1.994477582957119577e-01
-1.992426784067324042e-01
-1.990393069190008468e-01
-1.988438857625839939e-01
-1.986598183002430407e-01
-1.984406624533162911e-01
-1.982022551526830267e-01
-1.979287728825549209e-01
-1.976649617372671919e-01
-1.973988770703750950e-01
-1.971277998153379563e-01
-1.968896902892762757e-01
-1.966188534061780457e-01
-1.963774856143933323e-01
-1.961304891004088946e-01
-1.958592468460429170e-01
-1.955984513204379327e-01
-1.953551062134775140e-01
-1.951105653267454776e-01
-1.948678245038305001e-01
-1.946215396338766002e-01
-1.943875867019736192e-01
-1.941514276779628401e-01
-1.939179273523516378e-01
-1.937263975765330659e-01
-1.935200788807766026e-01
-1.932775260918197235e-01
-1.930496782756463969e-01
-1.927892222597453464e-01
-1.925442144148228618e-01
-1.923065545969185330e-01
-1.921220597016944920e-01
-1.919250571445337838e-01
-1.916918268033639683e-01
-1.914523351358489445e-01
-1.911854214494796422e-01
-1.908841439826612640e-01
-1.905824086214995272e-01
-1.902860868238036574e-01
-1.900314719482796844e-01
-1.897429247457936285e-01
-1.894467147497298498e-01
-1.891520918046241118e-01
-1.888716700054267617e-01
-1.885676391742936719e-01
-1.882343791679962353e-01
-1.878944386118204524e-01
-1.875681195744789698e-01
-1.872259609999625540e-01
-1.868521367996695826e-01
-1.864819983209994869e-01
-1.861186391093267445e-01
-1.857246830822384120e-01
-1.853146523519804412e-01
-1.848645420683914520e-01
-1.844819012543350012e-01
-1.840548465861930605e-01
-1.836199083816179300e-01
-1.832108271459297333e-01
-1.827752122719911443e-01
-1.823300259835740345e-01
-1.819409801515262937e-01
-1.813861128726018679e-01
-1.807946022811240949e-01
-1.801182162841236389e-01
-1.795011652724562978e-01
-1.787075776600393073e-01
-1.779514725605425285e-01
-1.771004892513912687e-01
-1.762856607080164062e-01
-1.752175156966435665e-01
-1.744576020748216383e-01
-1.735034294331118387e-01
-1.727897765073748149e-01
-1.719616890334854098e-01
-1.710983390577519303e-01
-1.702693144973035921e-01
-1.693243414844292916e-01
-1.685082153010830086e-01
-1.675707009405187908e-01
-1.668785392594017980e-01
-1.661967910594704667e-01
-1.655423690334108799e-01
-1.648748871166319241e-01
-1.643817436004308408e-01
-1.639852420115090470e-01
-1.635531026599855164e-01
-1.631986920537734087e-01
-1.627842277248023328e-01
-1.622848740881050744e-01
-1.616656664989997716e-01
-1.612259847699308857e-01
-1.606809243964932021e-01
-1.602583731835863501e-01
-1.598838768367405738e-01
-1.595613408611791795e-01
-1.589388969728936785e-01
-1.582846132417945473e-01
-1.576124239566964180e-01
-1.569584650083855615e-01
-1.563108404141639318e-01
-1.556148864403951448e-01
-1.545938214946125377e-01
-1.537475429214880951e-01
-1.528335526636804276e-01
-1.520201009885797927e-01
-1.514186568297009594e-01
-1.504195941533982561e-01
-1.495451731018693220e-01
-1.488288669633092698e-01
-1.479213940124325388e-01
-1.469004520155367810e-01
-1.459078597640797170e-01
-1.450776234355709293e-01
-1.444920070200107209e-01
-1.436502913621367228e-01
-1.430501525923467410e-01
-1.422523451441473075e-01
-1.418095371397858351e-01
-1.413086171611306896e-01
-1.407690947262867642e-01
-1.402141666254280439e-01
-1.398392556764168626e-01
-1.394239892110945012e-01
-1.389765002321773080e-01
-1.384614389018892500e-01
-1.378569718964317015e-01
-1.372634068149187481e-01
-1.366547746452675127e-01
-1.360930100029660861e-01
-1.355537459240906129e-01
-1.350450700781161972e-01
-1.344791200605998938e-01
-1.339322200829914933e-01
-1.332021454223711043e-01
-1.323909141851324633e-01
-1.315890947742392181e-01
-1.306848432871699772e-01
-1.297794842836998419e-01
-1.288474573419268188e-01
-1.280132849513064275e-01
-1.271486958886745289e-01
-1.263050047300885159e-01
-1.254481192686079383e-01
-1.245858459941474455e-01
-1.237179091840581308e-01
-1.227780113198043699e-01
-1.217592527685802950e-01
-1.207836976149516822e-01
-1.196569032978729713e-01
-1.183437610466001044e-01
-1.173446400195945205e-01
-1.163727064417737905e-01
-1.152501457295770082e-01
-1.142160284160734091e-01
-1.134073179022786759e-01
-1.127476174814932286e-01
-1.120923602703164240e-01
-1.114109771338314264e-01
-1.105843654037372836e-01
-1.096879235122545232e-01
-1.087129917534988832e-01
-1.078432943762044627e-01
-1.070254830956574310e-01
-1.063124682702949880e-01
-1.054836359341802393e-01
-1.048325841955199678e-01
-1.040930769944922729e-01
-1.034094925508520085e-01
-1.025624810240683971e-01
-1.018297631842988576e-01
-1.009712997507244830e-01
-1.003108475428175217e-01
-9.909998540423582691e-02
-9.805471858711317656e-02
-9.694573940928072342e-02
-9.596384445474527569e-02
-9.521549406772181201e-02
-9.467644647960186954e-02
-9.408210425990075343e-02
-9.332883783632589525e-02
-9.259279670566150644e-02
-9.170091430380912512e-02
-9.136950598121822142e-02
-9.105058466988849575e-02
-9.060291223316251086e-02
-9.010457581458637677e-02
-8.965856761852704360e-02
-8.923472396425120856e-02
-8.876109650816683960e-02
-8.840868119984086893e-02
-8.814041166291530782e-02
-8.764772147173843786e-02
-8.690347227595460189e-02
-8.622925162638282737e-02
-8.545257315592037772e-02
-8.484574751067025522e-02
-8.399657144834561662e-02
-8.323214571064298239e-02
-8.262629227831322365e-02
-8.222979660051370210e-02
-8.170494982452457255e-02
-8.143833515992165983e-02
-8.125844926080859343e-02
-8.083884877478642039e-02
-8.016225287868630756e-02
-7.923417971306694063e-02
-7.861049587727504673e-02
-7.766805030776714747e-02
-7.702626850101261524e-02
-7.586982475286685457e-02
-7.489246695933599041e-02
-7.393005372584469936e-02
-7.325586331343554580e-02
-7.262734266005103911e-02
-7.239301847029931680e-02
-7.212284277713508496e-02
-7.191139639884200352e-02
-7.166196913051171846e-02
-7.132760095006114576e-02
-7.105569065314615296e-02
-7.082466844469167966e-02
-7.061279109379033081e-02
-7.037362970604120471e-02
-7.017200829107593518e-02
-6.997658789339852858e-02
-6.979164425204216482e-02
-6.957866829708503342e-02
-6.938249080806609126e-02
-6.923672328658526942e-02
-6.905299162652349387e-02
-6.884541665572639635e-02
-6.857957998211533512e-02
-6.828697437661902792e-02
-6.796151864117912222e-02
-6.764745567887794908e-02
-6.736358904325978614e-02
-6.711361263423540335e-02
-6.691187476262189238e-02
-6.664273433246836742e-02
-6.637900617321751406e-02
-6.607146618053175158e-02
-6.577917167015036315e-02
-6.543726348100820100e-02
-6.512396017141890148e-02
-6.484417583165122401e-02
-6.452913825557840544e-02
-6.417368239702492261e-02
-6.374857468312203346e-02
-6.332750234143519341e-02
-6.290885688989801550e-02
-6.250879855287766462e-02
-6.212640810458772145e-02
-6.177726065364783081e-02
-6.145634430690177091e-02
-6.117421069803628125e-02
-6.080537483735010129e-02
-6.040463356797678290e-02
-5.994371100743407788e-02
-5.947956052682858846e-02
-5.904648694254328173e-02
-5.860083670141329193e-02
-5.813634443097807220e-02
-5.771625160306662061e-02
-5.730859146560175754e-02
-5.691490498771525214e-02
-5.652067321010727924e-02
-5.613867251139913195e-02
-5.572029189095907553e-02
-5.536313436963984091e-02
-5.493216976973021998e-02
-5.446447882645493593e-02
-5.396368053220110261e-02
-5.344805728695892905e-02
-5.295787100650971996e-02
-5.250395535456903878e-02
-5.206243792567742668e-02
-5.162614903644670988e-02
-5.114572196372896284e-02
-5.063164654424088390e-02
-5.012305272078277502e-02
-4.956299655403634957e-02
-4.900440788006437537e-02
-4.841919615591541715e-02
-4.781024102922556973e-02
-4.721300977036239216e-02
-4.664861105712701794e-02
-4.604397166153688381e-02
-4.544593045589193081e-02
-4.489817976287517609e-02
-4.431224096454003392e-02
-4.373733235964668425e-02
-4.318079371822393375e-02
-4.265298795096936907e-02
-4.212108406990603543e-02
-4.154389372141979037e-02
-4.100184087806506977e-02
-4.050539829882279091e-02
-3.996597354964250004e-02
-3.946655333368143115e-02
-3.899923197453295659e-02
-3.855279771378825049e-02
-3.812821765173637911e-02
-3.766858435192935867e-02
-3.730815640898824115e-02
-3.695357809051232761e-02
-3.659561627993185989e-02
-3.631741507191994789e-02
-3.605062497624596934e-02
-3.575636277329385243e-02
-3.545711903290925393e-02
-3.517376705408252480e-02
-3.490838167283979998e-02
-3.463929242906318984e-02
-3.438991263436621398e-02
-3.414859210485252095e-02
-3.388258612955880739e-02
-3.366444510496185288e-02
-3.345556651942899890e-02
-3.313612268388220483e-02
-3.279524181227255752e-02
-3.236768521614315219e-02
-3.206956930129787470e-02
-3.144888783071886351e-02
-3.113239209414185929e-02
-3.086241642412274749e-02
-3.052588883734638769e-02
-3.023230489685913361e-02
-2.987671962976582232e-02
-2.958421302182018611e-02
-2.923342430250287782e-02
-2.897694533938710570e-02
-2.878022922641079728e-02
-2.858224285048613714e-02
-2.836778169882681749e-02
-2.819112226893882162e-02
-2.794010131030365621e-02
-2.775041562439758969e-02
-2.751848445236787163e-02
-2.730105928509748286e-02
-2.713401490540141153e-02
-2.700191282622502881e-02
-2.688299773173026194e-02
-2.675251436991558929e-02
-2.665849888407227641e-02
-2.648568793200883897e-02
-2.627587188402676077e-02
-2.603527818073015157e-02
-2.579274208570511706e-02
-2.548220748998380331e-02
-2.519295615901996979e-02
-2.486324350270364275e-02
-2.455046161336707153e-02
-2.424488099234252056e-02
-2.399934787081203780e-02
-2.373259353215468812e-02
-2.346134462300951753e-02
-2.316663872468309113e-02
-2.290107392539113620e-02
-2.260700630631780686e-02
-2.225999537028463052e-02
-2.194792068767678975e-02
-2.168738116766261853e-02
-2.142835691753564725e-02
-2.115193819895210686e-02
-2.087963291856316517e-02
-2.051155980510093249e-02
-2.018085402100374889e-02
-1.986404439961369367e-02
-1.961861196308431476e-02
-1.942577310205138852e-02
-1.924534664617941898e-02
-1.903150800347871985e-02
-1.881638761972727683e-02
-1.861892149259239057e-02
-1.840943548724676554e-02
-1.815391303722602850e-02
-1.794297652289456382e-02
-1.770425688608725373e-02
-1.748982798507342507e-02
-1.729899963013301067e-02
-1.707747933272510052e-02
-1.683824977968279360e-02
-1.662154894533816527e-02
-1.644251887743265403e-02
-1.625029386252470343e-02
-1.606888853117574914e-02
-1.589685759633159556e-02
-1.571020484561247432e-02
-1.549741893310486833e-02
-1.527919294462794578e-02
-1.504318577307086138e-02
-1.486599217499433127e-02
-1.470638190975805636e-02
-1.459786540443354895e-02
-1.442869180752852712e-02
-1.425510891130218893e-02
-1.404558677249991526e-02
-1.383485960971359528e-02
-1.361868325948344463e-02
-1.325536918251989278e-02
-1.304747253490799383e-02
-1.281792748378765556e-02
-1.253730638303540874e-02
-1.230940756473774059e-02
-1.198332410783502396e-02
-1.176956007042671663e-02
-1.164353762073689312e-02
-1.079116875839677622e-02
-1.008492061449894200e-02
-9.680211222004960619e-03
-8.302145796387888285e-03
-7.854735526415048547e-03
-5.652731721703463733e-03
-5.178296717603182373e-03
-3.802997694726190005e-03
-3.327396004306178504e-03
-2.656284524706134954e-03
-2.331960287262995184e-03
-2.197752031386376436e-03
-1.932036046683239562e-03
-1.675623953423119317e-03
-1.250869477196199378e-03
-5.811336798964346784e-05
1.404071471056016901e-03
2.473577570224619934e-03
2.978977319705610784e-03
3.425605981301253333e-03
5.480095001820236601e-03
6.029298482609580546e-03
7.476358089264114118e-03
8.002691853970575822e-03
9.923258077587945522e-03
1.131497994525506624e-02
1.369657919514853661e-02
1.590400005927701532e-02
1.827935897777629298e-02
2.065494222889476331e-02
2.302356317516907752e-02
2.539935860296423445e-02
2.777539899704530371e-02
3.015164803838959323e-02
3.252807348383435215e-02
3.490464686429263497e-02
3.728133817959557866e-02
3.965818377639426101e-02
4.203513046040709827e-02
4.441215061134337616e-02
4.678921657443907423e-02
4.916630590523744793e-02
5.154340494436836229e-02
5.392050240067240707e-02
5.629758654850827715e-02
5.867464850034180557e-02
6.104631595612270561e-02
6.340857876205265031e-02
6.578480178779408383e-02
6.816103092361053273e-02
7.053726625002045003e-02
7.291350780933865405e-02
7.528975537425508513e-02
7.766600855714587970e-02
8.002727278197398209e-02
8.234484585796986167e-02
8.462414772385176698e-02
8.683903134736326024e-02
8.905776263186594710e-02
9.102612073606099197e-02
9.280568471635101957e-02
9.416942972750397267e-02
9.525403760000852871e-02
9.609850760393687241e-02
9.687135533563936973e-02
9.776656710580654275e-02
9.859702250909617438e-02
9.936761757078174662e-02
9.997543894193826330e-02
1.010099313724265591e-01
1.017004705399799092e-01
1.024567613343072975e-01
1.030941900639831821e-01
1.037523081582303608e-01
1.042114586612352539e-01
1.048142869133342203e-01
1.052862568941329430e-01
1.057076360961819728e-01
1.061228377934221173e-01
1.065204739501018211e-01
1.069601630229142231e-01
1.073175684027754401e-01
1.077529743292719444e-01
1.081373522467470177e-01
1.086425066283351337e-01
1.090233960709380279e-01
1.093792760494926575e-01
1.099109740850824773e-01
1.102686382396680098e-01
1.108143183728895892e-01
1.112374042310397826e-01
1.117403910687088109e-01
1.121292084721548926e-01
1.125197964833489078e-01
1.128599834001746266e-01
1.131996397271639448e-01
1.135518434547902050e-01
1.139369950573569240e-01
1.142431730231909803e-01
1.145276978838312559e-01
1.149207921339636534e-01
1.151615910592511949e-01
1.153473725672333333e-01
1.155626717947794702e-01
1.157921878061537319e-01
1.159314369567107511e-01
1.160295961624005917e-01
1.162092786391658167e-01
1.163139886045150978e-01
1.165502086693909339e-01
1.167631742116224114e-01
1.170609687405981536e-01
1.174148336765000883e-01
1.178617969914725477e-01
1.181692929004146131e-01
1.184679861891217295e-01
1.187979324146808957e-01
1.190753461285443127e-01
1.194106607565125211e-01
1.197524521201353553e-01
1.201197879773053950e-01
1.204515897245160422e-01
1.206750614721091436e-01
1.209516981153083148e-01
1.213738244368184893e-01
1.217962203414685307e-01
1.221464100743843290e-01
1.225153038533582373e-01
1.227926561019964113e-01
1.230522198139605422e-01
1.231688674142806111e-01
1.233436279913473765e-01
1.235247467542987254e-01
1.238297163114096267e-01
1.241051525066444033e-01
1.243120173519566274e-01
1.245106699302419850e-01
1.246681126109762533e-01
1.247326304690851845e-01
1.247567612202411941e-01
1.247730379424079467e-01
1.249051547806205587e-01
1.250855022563729102e-01
1.252414983921731340e-01
1.253972861637649427e-01
1.255435513794231905e-01
1.257312948705487654e-01
1.258305230897618088e-01
1.259747579558527786e-01
1.260899115134210824e-01
1.261069331120951709e-01
1.263593244675026150e-01
1.266118753587653634e-01
1.269086924807825423e-01
1.273539359754156386e-01
1.276073748651451456e-01
1.278408594855907909e-01
1.279976392440542732e-01
1.283062348738476521e-01
1.283891863136454037e-01
1.285108608122178253e-01
1.285747505816709768e-01
1.286677763260431762e-01
1.286118897227547242e-01
1.285492580417800790e-01
1.284834951850495621e-01
1.284905283945626253e-01
1.283028004476729766e-01
1.282387909582830832e-01
1.281257678451512838e-01
1.279104780780239980e-01
1.277768622202861970e-01
1.274550781291913237e-01
1.271244342733242605e-01
1.268467505714066523e-01
1.267559511723859167e-01
1.265741976411828007e-01
1.263624418638800984e-01
1.262586202300382265e-01
1.260181818660289499e-01
1.259017121059839706e-01
1.257748996307363198e-01
1.256404046448841294e-01
1.254331256685775886e-01
1.252067218276790017e-01
1.249244840563121101e-01
1.245925651136748635e-01
1.243868398534915820e-01
1.241244982465059404e-01
1.238612120530424854e-01
1.235346768275076001e-01
1.232264259690027952e-01
1.230486539269360635e-01
1.226580341940170793e-01
1.224735648161516810e-01
1.223470227357340567e-01
1.223408079499377771e-01
1.222922881445931004e-01
1.224419456130443895e-01
1.225527280505056271e-01
1.227204377334373542e-01
1.229917054279830863e-01
1.235581585216998513e-01
1.239395103421606498e-01
1.244938537729226302e-01
1.251688621480055441e-01
1.262679283119416684e-01
1.269970270874735685e-01
1.272470672022301130e-01
1.275760993242660846e-01
1.277707847649221795e-01
1.278364971513997750e-01
1.279092078387965570e-01
1.288442892028605902e-01
1.290694677785863553e-01
1.291907145757883180e-01
1.294492413628282879e-01
1.297884122220228365e-01
1.305216599832870750e-01
1.308170235572716222e-01
1.315453389748047208e-01
1.322798855447638589e-01
1.327886515127431055e-01
1.336237274873523229e-01
1.347820151829903501e-01
1.358255085657018579e-01
1.369896622979455969e-01
1.382118125360353444e-01
1.392020130110682430e-01
1.401860630167962585e-01
1.410807088838816892e-01
1.415580610539833029e-01
1.419756255968288028e-01
1.422806916952391865e-01
1.425712839364889073e-01
1.426784041978181594e-01
1.427568178722121994e-01
1.432556357165477579e-01
1.439666622555435815e-01
1.450984363601259264e-01
1.458876048967467365e-01
1.469580937954662880e-01
1.479810006973246717e-01
1.488990321601167677e-01
1.499083883622207569e-01
1.506444831781222071e-01
1.510975150025984648e-01
1.515986151043492713e-01
1.517642240676796705e-01
1.517743696789700114e-01
1.517248850002846927e-01
1.515752621610974848e-01
1.515574304098916969e-01
1.516208167451029154e-01
1.517033819336663647e-01
1.521628433275933612e-01
1.523893913267755917e-01
1.530626375828190167e-01
1.536856856873026200e-01
1.547435804349898136e-01
1.559304617540607785e-01
1.567463854737298212e-01
1.577575062602515621e-01
1.581357785902370860e-01
1.589921341439450853e-01
1.602044545765689554e-01
1.614832738174553639e-01
1.628601007032987047e-01
1.641131631917871203e-01
1.656732559713183228e-01
1.671823790600722448e-01
1.686976617322480110e-01
1.701861656299890058e-01
1.716497681600425151e-01
1.731623063462774115e-01
1.745372491298340933e-01
1.759532245218728141e-01
1.774270668589763011e-01
1.788834427840464425e-01
1.803357200529094040e-01
1.817847622889069703e-01
1.832280820894458540e-01
1.845128063585896039e-01
1.858526386321587842e-01
1.871036659170658700e-01
1.879687089734879135e-01
1.889220998937033436e-01
1.897321783766219572e-01
1.904110945544671696e-01
1.910253958937964680e-01
1.911513140986653148e-01
1.915880703586744505e-01
1.916623960512031932e-01
1.917365366091393075e-01
1.919279962629483471e-01
1.920558666773611867e-01
1.923621277075330815e-01
1.924549905081451850e-01
1.924987647073508612e-01
1.924376744048763022e-01
1.924112733759574811e-01
1.923955050795966570e-01
1.923449766410396944e-01
1.922843279805327710e-01
1.922284944476114477e-01
1.922064850991218321e-01
1.922093549853208794e-01
1.922093021161994653e-01
1.922169681132384622e-01
1.922217019305706154e-01
1.922167716120454506e-01
1.922148257475095878e-01
1.922167104345390287e-01
1.922408031414499230e-01
1.922633071820117057e-01
1.922721655707360922e-01
1.923688441395305926e-01
1.924528111524770879e-01
1.925398627597789680e-01
1.926458014034346522e-01
1.927750657934073908e-01
1.928321686130490820e-01
1.928201372864012109e-01
1.927810074086114267e-01
1.926951751100580701e-01
1.926605477061923144e-01
1.927085723754028423e-01
1.927466682095213546e-01
1.929467692692988234e-01
1.931670849137850643e-01
1.933626475124896327e-01
1.936212028055548373e-01
1.935636815755260864e-01
1.933708541748425380e-01
1.932562362519146815e-01
1.931262290473371723e-01
1.931837874554421797e-01
1.931448680183172339e-01
1.931677021419244689e-01
1.932652222614455462e-01
1.934173849884512908e-01
1.934786625817194461e-01
1.935761763793772128e-01
1.936738975881784619e-01
1.937863803697911502e-01
1.938154512817507058e-01
1.937738781638894403e-01
1.937170826984482008e-01
1.933930087329641667e-01
1.929646218511699984e-01
1.927342789184322835e-01
1.920881254203530009e-01
1.914818933318682692e-01
1.907744170738551737e-01
1.900797578244420027e-01
1.893372223521068987e-01
1.886197707914779309e-01
1.877499502242652996e-01
1.870735379571404344e-01
1.864860942972498548e-01
1.857872310422086781e-01
1.853018274837769097e-01
1.849138389220355561e-01
1.845910860379675056e-01
1.842455201734626569e-01
1.838474794619604502e-01
1.834366227703753960e-01
1.830265798368023722e-01
1.825216029562278519e-01
1.820840782109419131e-01
1.816732170298002436e-01
1.812283433711657510e-01
1.807906564244288194e-01
1.802893801360447301e-01
1.797712155505394871e-01
1.793416651715046828e-01
1.789427084554097158e-01
1.785849350633573751e-01
1.782538579780659771e-01
1.779809227184133702e-01
1.777580881764468101e-01
1.775952417168752129e-01
1.774820630064352089e-01
1.774275363753539947e-01
1.774314188748871146e-01
1.774907182193987132e-01
1.776030390419166549e-01
1.777611809812900956e-01
1.779616628824485791e-01
1.782309759329467891e-01
1.785612225570024081e-01
1.789478268752088264e-01
1.794128322143991594e-01
1.799837857393536411e-01
1.806234327353684332e-01
1.813281246765230392e-01
1.821408137940510319e-01
1.830034937828299568e-01
1.839160669563998929e-01
1.849216652541590400e-01
1.860045784366427257e-01
1.872006921755965114e-01
1.884619389704023373e-01
1.897772350743850422e-01
1.911062702930613755e-01
1.924394709920024538e-01
1.937613122009933242e-01
1.951028097534218408e-01
1.964390746687370015e-01
1.977549920929228822e-01
1.990592521884513855e-01
2.003428791940005116e-01
2.015930090618140436e-01
2.028424518505737018e-01
2.040547150767307027e-01
2.052732138622221092e-01
