-2.000014160452029954e-01
-2.000014315577925139e-01
-2.007557411448708251e-01
-2.015809005749548966e-01
-2.024031190649414058e-01
-2.032244191360364771e-01
-2.040763121128186253e-01
-2.049440662321579398e-01
-2.058196188003948990e-01
-2.066979353312461132e-01
-2.075593991730417531e-01
-2.084080594595795755e-01
-2.092348701634165475e-01
-2.100358217407184425e-01
-2.108235635457998969e-01
-3.997754651532955950e-01
-3.975862431249508333e-01
-4.006240024806255740e-01
-3.988463290102127190e-01
-3.985689661115582316e-01
-3.983300821710684669e-01
-3.980973603809063177e-01
-3.978595762852061846e-01
-3.976363178664340525e-01
-3.974010405662516399e-01
-3.972080525005134422e-01
-3.969628860692011041e-01
-3.968097032571302751e-01
-3.966034272363944679e-01
-3.963811286968881853e-01
-3.961429454402531913e-01
-3.959772141320070937e-01
-3.958132912636953549e-01
-3.955947678408013868e-01
-3.953545954630237058e-01
-3.977177246441621072e-01
-4.000037303889865115e-01
-4.022709252326893137e-01
2.000027729011420730e-01
2.000027888885008154e-01
2.014419469301382271e-01
2.012352298261517736e-01
2.010308931657241172e-01
2.008726276415473966e-01
2.007492289869414470e-01
2.006494725617430919e-01
2.005184950484965312e-01
2.003734126085541523e-01
2.002452148196522397e-01
2.001168642822033217e-01
2.000080559068704023e-01
1.999210164998099226e-01
1.998624066775800678e-01
1.998414903649197161e-01
1.998163428082948556e-01
1.998134781794529413e-01
1.998062302142691316e-01
1.998112345055732542e-01
1.998163542398818660e-01
1.998191474936848178e-01
1.998258695641265403e-01
1.998360073692173611e-01
1.998413936137680702e-01
1.998391875372060589e-01
1.998372457666330315e-01
1.998299205934701561e-01
1.998223998131956336e-01
1.998182502135055771e-01
1.998283225707021271e-01
1.998281144011605781e-01
1.998440114316863969e-01
1.998635624176857140e-01
1.998681950803127549e-01
1.998741862268671732e-01
1.999005530140814113e-01
1.998942584880809281e-01
1.998917403624730360e-01
1.999115891054195071e-01
1.985191165356016696e-01
1.970899277896641655e-01
1.955957469821854033e-01
1.941522064620034294e-01
1.926426283971919284e-01
1.911064295794848433e-01
1.894973301694134749e-01
1.879309876857603034e-01
1.863208661891571638e-01
1.846709282043705602e-01
1.831441482159283096e-01
1.816941518380201515e-01
1.801906885675899905e-01
1.786791822715907696e-01
1.772429959018141377e-01
1.760119743764211875e-01
1.745870551904032675e-01
1.731815806999188467e-01
1.718971114385270393e-01
1.705339394434758071e-01
1.694451724163440476e-01
1.688039685907742060e-01
1.681975551445410721e-01
1.671697135758998531e-01
1.662935764972519603e-01
1.654831234592282763e-01
1.646673003208787012e-01
1.634751553180448791e-01
1.621749209713663487e-01
1.609027294294735622e-01
1.595834758152678279e-01
1.581915187385904698e-01
1.568387940940228209e-01
1.554754670945826256e-01
1.541780469319783964e-01
1.529829033653670178e-01
1.518339421079115958e-01
1.508982611090554093e-01
1.502212576883847905e-01
1.497732621802151942e-01
1.493797108186044331e-01
1.490937710551965001e-01
1.488929825594902390e-01
1.487567885054743022e-01
1.486528619474011825e-01
1.485700059921682692e-01
1.486021293713766511e-01
1.486205983315313783e-01
1.486516248180672350e-01
1.486874135433588762e-01
1.487095578478639935e-01
1.486967058394111085e-01
1.486870249712562153e-01
1.486871525414257544e-01
1.486757352350559502e-01
1.487152601999175150e-01
1.487344871140630909e-01
1.487486708130563162e-01
1.487726651392624888e-01
1.487965445260918673e-01
1.487996032566618609e-01
1.488179729636799342e-01
1.488146451765110789e-01
1.487831300904121634e-01
1.487425180002347469e-01
1.486841782946499158e-01
1.486407708178721920e-01
1.486131649432257673e-01
1.486259856344746833e-01
1.486975181304441840e-01
1.488452592357859816e-01
1.490586627218211946e-01
1.493464430766672235e-01
1.497085348480647338e-01
1.501204924361431714e-01
1.505797343489382878e-01
1.510719044026386515e-01
1.516161299060902190e-01
1.521835911636990613e-01
1.527924385474557223e-01
1.534051113502633013e-01
1.540465982801030309e-01
1.546928328669447683e-01
1.553668689906080591e-01
1.560669720951677608e-01
1.568033370238515189e-01
1.575743182589088576e-01
1.583703217400339591e-01
1.592033248040537752e-01
1.600612902300068974e-01
1.609598724812842385e-01
1.618470912140170526e-01
1.627509816812141574e-01
1.636848130336000517e-01
1.646705906781098516e-01
1.656777410055624566e-01
1.667114724817713445e-01
1.677510725678725556e-01
1.687884085480827745e-01
1.698144000032772161e-01
1.708830942015901466e-01
1.719726795880292813e-01
1.730955887914819302e-01
1.742176285829640514e-01
1.753618279191654084e-01
1.765036496407738076e-01
1.776681811056134430e-01
1.788475514442763037e-01
1.800414196090098229e-01
1.812622156221715686e-01
1.824934136156088627e-01
1.837377034040466872e-01
1.850033761605517635e-01
1.862847131043345872e-01
1.875739463956689335e-01
1.888939978596502201e-01
1.902114586805574437e-01
1.915372116226860266e-01
1.928721432339439434e-01
1.942549046753014041e-01
1.956235860599925824e-01
1.970072167630540494e-01
1.983954475170081333e-01
1.998056880566125570e-01
2.012285142706998764e-01
2.026650147732639573e-01
2.041150722438304643e-01
2.055603636331762019e-01
2.070233101107880613e-01
2.085035849384263007e-01
2.099704583841147665e-01
2.114387948336111100e-01
2.129326093592876779e-01
2.144399916044498755e-01
2.159669257495402395e-01
2.175077789362085401e-01
2.190473494850825043e-01
2.206213127643941729e-01
2.221893669889992429e-01
2.237418859061286180e-01
2.253177488688650476e-01
2.268957504469175934e-01
