-4.000030396454091752e-01
-4.000030556662240167e-01
-1.999967529964053192e-01
-1.999967370990186066e-01
-1.976826564777356410e-01
-1.972555814559747434e-01
-1.968618021468532819e-01
-1.964520848228135386e-01
-1.960259119184538379e-01
-1.956170993912816902e-01
-1.952398146156913428e-01
-1.948551899395580267e-01
-1.944508455920262724e-01
-1.940234481544181877e-01
-1.936090935057247497e-01
-1.931519225059149802e-01
-1.926260912604156883e-01
-1.921718341692382481e-01
-1.917531893887472749e-01
-1.912798726406936822e-01
-1.908900381406201108e-01
-1.904612235858111902e-01
-1.900524886959318316e-01
-1.896608503753617614e-01
-1.892706769849316073e-01
-1.889190793166857785e-01
-1.885748421741632874e-01
-1.882330014284686326e-01
-1.879399102848333392e-01
-1.876724700644327448e-01
-1.874309806153050817e-01
-1.872216939701199789e-01
-1.870450486461042172e-01
-1.869112800537190699e-01
-1.867986438706520091e-01
-1.866962911635985933e-01
-1.866210953770121861e-01
-1.865699324598849573e-01
-1.865448173313374869e-01
-1.865487295724905792e-01
-1.865752072711251985e-01
-1.866265649988926856e-01
-1.867007922767694728e-01
-1.867900000842534491e-01
-1.868982965293538023e-01
-1.870184520709857190e-01
-1.871512359003580372e-01
-1.872981965388745007e-01
-1.874774183608280687e-01
-1.876705099427961876e-01
-1.878670838477767835e-01
-1.880722123558935532e-01
-1.883001804747123087e-01
-1.885332872707101148e-01
-1.887696180809701751e-01
-1.889920222377914905e-01
-1.892020219992596730e-01
-1.894192737996936993e-01
-1.896592859367633443e-01
-1.899526420713295582e-01
-1.902576768753834746e-01
-1.905354636799403700e-01
-1.907984111054529530e-01
-1.910549105936951431e-01
-1.913257998293375894e-01
-1.916243181165310228e-01
-1.919062723070992793e-01
-1.921887337075530722e-01
-1.925012915307707240e-01
-1.927880589149073842e-01
-1.930682875226223116e-01
-1.933591815018605442e-01
-1.936061476462932474e-01
-1.938626030214564144e-01
-1.941019259820976062e-01
-1.943452123377838736e-01
-1.946059585906485812e-01
-1.948954298764410675e-01
-1.952342440893321263e-01
-1.955552003221512347e-01
-1.959008876704281532e-01
-1.962682801215112072e-01
-1.965903479403143250e-01
-1.969098775473084317e-01
-1.971804895167061922e-01
-1.974476205302899412e-01
-1.977101476754345721e-01
-1.979446417943007130e-01
-1.981472018527344059e-01
-1.983604267379361630e-01
-1.985760854890189220e-01
-1.987705867514128755e-01
-1.990384834949755211e-01
-1.993197954294408936e-01
-1.995970645483400308e-01
-1.998964791891948978e-01
-2.001893001936662364e-01
-2.004433104445817460e-01
-2.006670877075266979e-01
-2.008895948244519281e-01
-2.010850700046290240e-01
-2.012225711226068858e-01
-2.033736817769658256e-01
-2.055013019107210237e-01
-2.076318751106022431e-01
-2.097519170015849088e-01
-2.118755121182045731e-01
-2.140072391917794692e-01
-2.161165285230368105e-01
-2.182113304437508783e-01
-2.202921474153621550e-01
-2.223400999904057151e-01
-2.243564132092031871e-01
-2.263804857101930357e-01
-2.284108920402630749e-01
-2.304406792012363980e-01
-2.324611125137156509e-01
-2.344892623974185464e-01
-2.365242568944784518e-01
-2.385704366021524081e-01
-2.406173728350376462e-01
-2.426474893437954583e-01
-2.446765690918639991e-01
-2.466717819832816294e-01
-2.486486177706309642e-01
-2.506181575665922256e-01
-2.525531739395537878e-01
-2.545121068213738180e-01
-2.564917269145098877e-01
-2.584688279078120599e-01
-2.604291012270764649e-01
-2.624060584877783153e-01
-2.643953963225564308e-01
-2.663913191358195931e-01
-2.683688231669960622e-01
-2.703443294863221991e-01
-2.723169883790729218e-01
-2.742872820930226663e-01
-2.762416696795980675e-01
-2.782013127945380804e-01
-2.801698735210451652e-01
-2.821680539812442268e-01
-2.841635893447073680e-01
-2.861779778592674628e-01
-2.881842143576555659e-01
-2.901791829799567068e-01
-2.921807070688948738e-01
-2.941873454736627647e-01
-2.961573828955601506e-01
-2.981406736371968735e-01
-3.000619926091782075e-01
-3.019469307713040229e-01
-3.038166322373320738e-01
-3.056916269777319450e-01
-3.075549868177507862e-01
-3.094318321049486231e-01
-3.112745505328935458e-01
-3.131053247236538217e-01
-3.149311326331177829e-01
-3.167425989619280235e-01
-3.185526323404765936e-01
-3.203270437818657168e-01
-3.220684420011801219e-01
-3.237975644120572594e-01
-3.254833404081711179e-01
-3.271641085705750407e-01
-3.288253495423943407e-01
-3.304555220981743591e-01
-3.320807299780076938e-01
-3.336876975623250807e-01
-3.352447271918076455e-01
-3.367877761475560616e-01
-3.382967357418603660e-01
-3.397879825682643129e-01
-3.412496030329774666e-01
-3.426819020307541597e-01
-3.440906860000690903e-01
-3.454614715957484705e-01
-3.468195638365606515e-01
-3.481480165957780426e-01
-3.494503706692386746e-01
-3.507323607619439176e-01
-3.520093160340450056e-01
-3.532755029857661544e-01
-3.545274902757342139e-01
-3.557644733719698693e-01
-3.569926527242400227e-01
-3.582062571644426541e-01
-3.594033851984270167e-01
-3.605703175989039555e-01
-3.617239327352161915e-01
-3.628436846184163733e-01
-3.639368230491693557e-01
-3.650115397733889044e-01
-3.660663862621170717e-01
-3.671107748532349557e-01
-3.681424626819873591e-01
-3.691493577209966070e-01
-3.701373709470776041e-01
-3.711175576001425336e-01
-3.720870877731652371e-01
-3.730239899971480866e-01
-3.739449379245257110e-01
-3.748251012825916106e-01
-3.756729462497700456e-01
-3.764988142395969684e-01
-3.773039783763117438e-01
-3.780881137941672909e-01
-3.788567086750952440e-01
-3.796064507501843988e-01
-3.803427965127905153e-01
-3.810579155465418921e-01
-3.817485166410636288e-01
-3.824200809168954440e-01
-3.830760634678493370e-01
-3.837123632666293305e-01
-3.843379573376208835e-01
-3.849481812849106510e-01
-3.855377008764210855e-01
-3.861113914869155894e-01
-3.866678156227011387e-01
-3.872088523409933369e-01
-3.877361688439909804e-01
-3.882449284063538841e-01
-3.887329377483306203e-01
-3.892005500541226848e-01
-3.896504601703189574e-01
-3.900860983011645300e-01
-3.905089233362852852e-01
-3.909193622956155800e-01
-3.913139818478401089e-01
-3.916968725225606907e-01
-3.920709941266048992e-01
-3.924284123767194932e-01
-3.927706707683322196e-01
-3.930963475058505407e-01
-3.934048928615241913e-01
-3.936928131501395978e-01
-3.939641314693895224e-01
-3.942196213213185474e-01
-3.944553944176943383e-01
-3.946719610795544342e-01
-3.948696095519170224e-01
-3.950496932618807744e-01
-3.952098383018053385e-01
-3.953493461403349007e-01
-3.954686367226756261e-01
-3.955660507281921201e-01
-3.956419592051937939e-01
-3.956972902301864048e-01
-3.957319205131004658e-01
-3.957430261854693043e-01
-3.957334257147822054e-01
-3.957037065268748099e-01
-3.956554633869578952e-01
-3.955888199897027446e-01
-3.955073776192318258e-01
-3.954063998444178329e-01
-3.952851199441555496e-01
-3.951433217655317964e-01
-3.949750916952115554e-01
-3.947869040149351583e-01
-3.945715882335720237e-01
-3.943313202882163804e-01
-3.940629097762630151e-01
-3.937662612926524086e-01
-3.934424824887499117e-01
-3.930961217609316716e-01
-3.927194387950881382e-01
-3.923110941666348994e-01
-3.918793881697124060e-01
-3.914204645017055340e-01
-3.909412310308248983e-01
-3.904359112493345219e-01
-3.899063673128816965e-01
-3.893525677166681520e-01
-3.887784134892923182e-01
-3.881821882981411620e-01
-3.875587876650716246e-01
-3.869030340310534721e-01
-3.862219266710486543e-01
-3.855018379931003381e-01
-3.847514256201747807e-01
-3.839777483635464228e-01
-3.831965068179856160e-01
-3.824072007542851370e-01
-3.816035825342449228e-01
-3.807793447972405154e-01
-3.799337363300780424e-01
-3.790440455985437662e-01
-3.781298634830978500e-01
-3.771970774912988267e-01
-3.762381384468895806e-01
-3.752549746708011558e-01
-3.742497154559842887e-01
-3.732123789237053457e-01
-3.721562852424964984e-01
-3.710802700187011971e-01
-3.700012991139630114e-01
-3.688972327521979344e-01
-3.677690319120741069e-01
-3.666255617648336296e-01
-3.654500516983021918e-01
-3.642567788744593416e-01
-3.630257038437119665e-01
-3.617568062577212196e-01
-3.604876045690175723e-01
-3.591743491474045369e-01
-3.578439339636843575e-01
-3.564983441709019263e-01
-3.551451434423825715e-01
-3.537722406814493570e-01
-3.523788275598095932e-01
-3.509643725823238247e-01
-3.495360562485904099e-01
-3.480869454059092316e-01
-3.466145998785414850e-01
-3.451376320411412846e-01
-3.436338799247999343e-01
-3.421033993962019903e-01
-3.405528761448025632e-01
-3.389973186852061060e-01
-3.374629965597737424e-01
-3.359212737207608601e-01
-3.343765419301327202e-01
-3.328303931656595993e-01
-3.312816231477077600e-01
-3.297009597497073674e-01
-3.215144131619253609e-01
-3.212956908438667769e-01
-3.210434935550376401e-01
-3.207319552327663192e-01
-3.204138525344514266e-01
-3.199861496607866451e-01
-3.195099359298010366e-01
-3.189599445793237509e-01
-3.184357033768859813e-01
-3.178990629704958604e-01
-3.172910561150388831e-01
-3.166565634897723913e-01
-3.160088399244554425e-01
-3.154420491402685767e-01
-3.148338879877236041e-01
-3.142070430550050197e-01
-3.135806320231848132e-01
-3.129408122155242777e-01
-3.122827235005982138e-01
-3.116021590496769189e-01
-3.109195271776674097e-01
-3.102849938144077169e-01
-3.096186772799405795e-01
-3.089639582035977328e-01
-3.082911745086679978e-01
-3.076702442487747602e-01
-3.070003980608717598e-01
-3.063230229121208792e-01
-3.056463385071469530e-01
-3.050382329573785856e-01
-3.043927725492336922e-01
-3.037351083354679626e-01
-3.030725785606597777e-01
-3.024373237007119686e-01
-3.017602834946033763e-01
-3.011363914479952553e-01
-3.004860870117479488e-01
-2.998736703296387973e-01
-2.992887059340354483e-01
-2.987145875417599461e-01
-2.981713663774037681e-01
-2.975958755410096357e-01
-2.969987184149760484e-01
-2.963893786400976227e-01
-2.958068951486694242e-01
-2.952288336010097103e-01
-2.946372019965514122e-01
-2.940731115351262748e-01
-2.935187680529183218e-01
-2.929935183528019627e-01
-2.924833947050307636e-01
-2.919724125706128492e-01
-2.914890222478034865e-01
-2.910014529447046971e-01
-2.905403805406266415e-01
-2.900753623510379797e-01
-2.895888626377008945e-01
-2.891144090101314679e-01
-2.886342478175645820e-01
-2.881658546527421927e-01
-2.877289791266658958e-01
-2.873264693023633298e-01
-2.869663451370821350e-01
-2.866422489825092845e-01
-2.863049550714228952e-01
-2.859324708467291254e-01
-2.855193391498205835e-01
-2.850680436933893391e-01
-2.846055030037761280e-01
-2.841500341410266861e-01
-2.837042930445236588e-01
-2.832468028803519777e-01
-2.827794695883751319e-01
-2.823276906859922275e-01
-2.818985172991302912e-01
-2.814793227858058966e-01
-2.810316411253350188e-01
-2.805818798720242091e-01
-2.801239485026126852e-01
-2.797276375029590922e-01
-2.793447335833609269e-01
-2.790238763413102063e-01
-2.787026306314808743e-01
-2.783708692452959155e-01
-2.780527368272903699e-01
-2.777199918288488778e-01
-2.773877221083920208e-01
-2.770230256629504506e-01
-2.766723097959462030e-01
-2.763249155611826047e-01
-2.760120635755094476e-01
-2.756857694092805233e-01
-2.753819081616944442e-01
-2.750713789289158662e-01
-2.747690976918233385e-01
-2.744949508921107340e-01
-2.742121382953588427e-01
-2.739292486705136587e-01
-2.736752872257298685e-01
-2.734639263105050344e-01
-2.732264059266126255e-01
-2.729845914245907501e-01
-2.727777704396867064e-01
-2.725964516905143853e-01
-2.724169633108932675e-01
-2.722431198861198220e-01
-2.720658763306255667e-01
-2.718928318176991876e-01
-2.717027031619621003e-01
-2.715199411717013067e-01
-2.713491467348844721e-01
-2.712084070364895738e-01
-2.710602314798591372e-01
-2.709021638113801589e-01
-2.707519035363440407e-01
-2.706057769056120499e-01
-2.704737376376832869e-01
-2.703258543775289291e-01
-2.702001434599990426e-01
-2.700739937087348608e-01
-2.699298198576339791e-01
-2.697967829769127301e-01
-2.696798674233575888e-01
-2.695671036770972417e-01
-2.694448633079074007e-01
-2.693181632175281615e-01
-2.692081677276856877e-01
-2.691298052049109768e-01
-2.690618089719932216e-01
-2.689936248132394070e-01
-2.689351896728566782e-01
-2.688739319899589031e-01
-2.688245075717011212e-01
-2.687752630470936488e-01
-2.687122886891964435e-01
-2.686527280948414753e-01
-2.685893205774635417e-01
-2.685309355044439017e-01
-2.684678895064355753e-01
-2.684009889700588181e-01
-2.683198407486727111e-01
-2.682514742783638773e-01
-2.681835655399785745e-01
-2.681174107878906976e-01
-2.680634186524335494e-01
-2.680060786197987488e-01
-2.679444280434095105e-01
-2.678899819222755885e-01
-2.678478929790487073e-01
-2.678015885655529171e-01
-2.677554953588134889e-01
-2.677154240813156560e-01
-2.676760927822501857e-01
-2.676385151008298102e-01
-2.676108726868872689e-01
-2.675888846997735437e-01
-2.675677645512147818e-01
-2.675499163794975432e-01
-2.675335666302990911e-01
-2.675205296127223242e-01
-2.675082295371695174e-01
-2.674957405422545009e-01
-2.674771247160370180e-01
-2.674622761749626543e-01
-2.674470138550212317e-01
-2.674312691911087669e-01
-2.674137009046179680e-01
-2.673974613924827159e-01
-2.673849811791280118e-01
-2.673750225436834493e-01
-2.673690111544752002e-01
-2.673631337254949170e-01
-2.673591708495999808e-01
-2.673539685716371794e-01
-2.673487372781337967e-01
-2.673456459159563314e-01
-2.673420844716565825e-01
-2.673391059024065597e-01
-2.673369555441820200e-01
-2.673351470780033767e-01
-2.673340689643061152e-01
-2.673342862266240849e-01
-2.673358693505510364e-01
-2.673386132221215461e-01
-2.673421724587708992e-01
-2.673460062667926129e-01
-2.673507294692417102e-01
-2.673556918807695748e-01
-2.673601871555833509e-01
-2.673661574994526946e-01
-2.673735531930643838e-01
-2.673815224743923968e-01
-2.673918538530943856e-01
-2.674069119715882792e-01
-2.674251177225573373e-01
-2.674485715395009677e-01
-2.674674070764256895e-01
-2.674868420369501121e-01
-2.675079677517160914e-01
-2.675337723343361174e-01
-2.675606932524224879e-01
-2.675978447272904792e-01
-2.676262861907235391e-01
-2.676566988444286088e-01
-2.676801373988885180e-01
-2.677125995185023477e-01
-2.677523617137253509e-01
-2.677833140713072879e-01
-2.678191642561811303e-01
-2.678567389474936777e-01
-2.678927992973570427e-01
-2.679326756594139214e-01
-2.679742974402601341e-01
-2.680180255811009937e-01
-2.680646430394057478e-01
-2.681119256119779970e-01
-2.681572098968453277e-01
-2.682037426737281516e-01
-2.682612339410505586e-01
-2.683138888671141031e-01
-2.683651937526244091e-01
-2.684077679949796735e-01
-2.684459999684804532e-01
-2.684996126896369018e-01
-2.685607622558757734e-01
-2.686351962700387896e-01
-2.687027580267647431e-01
-2.687657454767052312e-01
-2.688344848932265330e-01
-2.689115767080209607e-01
-2.689858170374583857e-01
-2.690578835629021115e-01
-2.691210348416732678e-01
-2.691805153812452112e-01
-2.692341572175679376e-01
-2.692903683967486916e-01
-2.693446632863533141e-01
-2.693907423713778337e-01
-2.694474895705424311e-01
-2.695183977434976175e-01
-2.695932833799650763e-01
-2.696949457008319118e-01
-2.697989458594901024e-01
-2.698926831461205267e-01
-2.699819393259554889e-01
-2.700968673182797541e-01
-2.702011344031371998e-01
-2.702924006729895967e-01
-2.703614623615492873e-01
-2.704217205922813672e-01
-2.704937546571941631e-01
-2.705766039759441299e-01
-2.706654680274968583e-01
-2.707418795792906896e-01
-2.708294858280325124e-01
-2.709129420637944041e-01
-2.710161695766889478e-01
-2.711279286751321904e-01
-2.712522879194184666e-01
-2.713610553563295946e-01
-2.715136686662246168e-01
-2.716602986931580532e-01
-2.718237130109690813e-01
-2.719641720803016582e-01
-2.721104313158850263e-01
-2.722528236783227640e-01
-2.723904983231087429e-01
-2.725528480975175083e-01
-2.726945773105681758e-01
-2.728715289399433752e-01
-2.730400333216533304e-01
-2.732028183484184747e-01
-2.733643752333114740e-01
-2.735182596839957903e-01
-2.736747429750618910e-01
-2.738262530086071900e-01
-2.739744225932803645e-01
-2.741256026274239699e-01
-2.742782560432426298e-01
-2.744193233166876134e-01
-2.745574999589068255e-01
-2.746889115088895772e-01
-2.748281304252801482e-01
-2.749598776076745965e-01
-2.750901991040710648e-01
-2.752158580943694366e-01
-2.753526483600308161e-01
-2.754919671993507069e-01
-2.756455776380798417e-01
-2.757874860182525922e-01
-2.759235037193868978e-01
-2.760579501025293148e-01
-2.761872530482882282e-01
-2.763065654953603123e-01
-2.764184828119100601e-01
-2.765191816311499129e-01
-2.766241636499234269e-01
-2.767241409473643055e-01
-2.768144647652196477e-01
-2.769055068281504051e-01
-2.769816901248917662e-01
-2.770525668277474263e-01
-2.771084443908869988e-01
-2.771618792613277926e-01
-2.772142611509819110e-01
-2.772577084948116277e-01
-2.773007906950291090e-01
-2.773443605443907667e-01
-2.773842956364984680e-01
-2.774216525416581258e-01
-2.774554705418003642e-01
-2.774891505373085487e-01
-2.775198465551481086e-01
-2.775463943621561680e-01
-2.775676073308580016e-01
-2.775856111317893116e-01
-2.775962614482110902e-01
-2.776045808512048740e-01
-2.776104600589515692e-01
-2.776130415559889264e-01
-2.776131155770402703e-01
-2.776106033577719900e-01
-2.776060102412608033e-01
-2.775990673602504732e-01
-2.775906974269625183e-01
-2.775811987953228366e-01
-2.775664993286436344e-01
-2.775503360156941768e-01
-2.775272018568509247e-01
-2.774982010379169473e-01
-2.774657405917572150e-01
-2.774287897652040757e-01
-2.773893371245525485e-01
-2.773511072623001117e-01
-2.773061507282790772e-01
-2.772471207612425825e-01
-2.771766760158290710e-01
-2.770987241928453693e-01
-2.770226332970838756e-01
-2.769352747370922296e-01
-2.768415205216045449e-01
-2.767344562576757871e-01
-2.766228530304247757e-01
-2.765025673309349230e-01
-2.763865295487898388e-01
-2.762718092416714954e-01
-2.761525937179533097e-01
-2.760449845391965140e-01
-2.759424029716610605e-01
-2.758352427545935348e-01
-2.757295494062221297e-01
-2.756187566108892484e-01
-2.755132618603012284e-01
-2.754095598068152517e-01
-2.753213513460849859e-01
-2.752237014742627275e-01
-2.751199021108820530e-01
-2.750141936216429772e-01
-2.749114885967609001e-01
-2.748137473917039442e-01
-2.747223696428743311e-01
-2.746216905986613166e-01
-2.745538367161167170e-01
-2.744828198879464276e-01
-2.744248070514608284e-01
-2.743779486710566373e-01
-2.743509197174054393e-01
-2.743227411599182264e-01
-2.742971132755041563e-01
-2.742516356468768235e-01
-2.742016571201910669e-01
-2.741479672171764359e-01
-2.741087131200042881e-01
-2.740941361804691279e-01
-2.740678762782284839e-01
-2.740282218304224693e-01
-2.739904739279898638e-01
-2.739581242487380552e-01
-2.739449075221118690e-01
-2.739435513016241219e-01
-2.739370591688737866e-01
-2.739573217219149481e-01
-2.739685599946758976e-01
-2.739748052165273395e-01
-2.739756370573067090e-01
-2.739592031064417288e-01
-2.739372724346826882e-01
-2.739269341460894847e-01
-2.739131920177871882e-01
-2.739062929175387073e-01
-2.739271025648070679e-01
-2.739456835840534676e-01
-2.739695351110417176e-01
-2.739984522655076193e-01
-2.740550841007660110e-01
-2.741286520344708988e-01
-2.742154272367637313e-01
-2.743318995060353704e-01
-2.744558995415132818e-01
-2.745898724585160156e-01
-2.747304702666573117e-01
-2.748833848663059243e-01
-2.750349962842538187e-01
-2.751995285051243023e-01
-2.753955671963805862e-01
-2.755850907534887484e-01
-2.757835806162624581e-01
-2.760102208565551329e-01
-2.762527716198400207e-01
-2.764792072735883233e-01
-2.767232846024636483e-01
-2.769660875151455093e-01
-2.772274080126838069e-01
-2.775167707990101040e-01
-2.778185040151708862e-01
-2.781340023670808015e-01
-2.784537902049329383e-01
-2.787689577775653849e-01
-2.790887539915894999e-01
-2.794329664002167535e-01
-2.798034151804639214e-01
-2.801841698208685782e-01
-2.806136220024232908e-01
-2.810606495750471168e-01
-2.815318055948473619e-01
-2.820236976412296426e-01
-2.825193708384230451e-01
-2.830078536494441410e-01
-2.835002041249654603e-01
-2.839583390489490711e-01
-2.844334691746925325e-01
-2.849225152618665158e-01
-2.853969788748721426e-01
-2.858937416324678904e-01
-2.863464762952387388e-01
-2.868032392864333646e-01
-2.872599986496741087e-01
-2.877184940333940566e-01
-2.881753249011093088e-01
-2.886620830234232771e-01
-2.891445106460808767e-01
-2.896700940032169158e-01
-2.902226119715601294e-01
-2.907634327816752684e-01
-2.913570010173463509e-01
-2.919845097418302671e-01
-2.926380584387829331e-01
-2.933126745325728701e-01
-2.939669888503922968e-01
-2.946561745001861077e-01
-2.953433258739751044e-01
-2.960201013904639744e-01
-2.967185393920464542e-01
-2.974130729632788461e-01
-2.980614424274479757e-01
-2.987056448548400245e-01
-2.993508078195002975e-01
-2.999659363404286738e-01
-3.005831506784447105e-01
-3.012155790188932314e-01
-3.018489876798091665e-01
-3.024939919843127045e-01
-3.031154771062800624e-01
-3.037286483460864273e-01
-3.043222506736757427e-01
-3.049001119309376895e-01
-3.054661108114894996e-01
-3.060670888318814953e-01
-3.066354632119651646e-01
-3.071917701841809789e-01
-3.077000616265742616e-01
-3.082036972502854022e-01
-3.087621758006624528e-01
-3.093131136068176246e-01
-3.098512558187241916e-01
-3.103873326405106603e-01
-3.109548912866733628e-01
-3.115255152364311275e-01
-3.121129685448839064e-01
-3.127384589371950963e-01
-3.133579409623944434e-01
-3.139923341594075823e-01
-3.146548827239445956e-01
-3.153036469292048172e-01
-3.159839551221473308e-01
-3.167026886945774611e-01
-3.173837801589644569e-01
-3.180935043982808796e-01
-3.188028965906228307e-01
-3.194818477974851190e-01
-3.201226800422464769e-01
-3.207536651035149955e-01
-3.213470723571537069e-01
-3.219437584464731050e-01
-3.225273364543740362e-01
-3.231396820007921278e-01
-3.237289762674502858e-01
-3.242855008686458818e-01
-3.248468136052207189e-01
-3.254099405510593734e-01
-3.259779608710115517e-01
-3.265608553040522666e-01
-3.271188831824254906e-01
-3.276258695339027138e-01
-3.280980404110588888e-01
-3.286429317754427926e-01
-3.291954707843738892e-01
-3.297638855063380059e-01
-3.302709508692717733e-01
-3.307960397273094766e-01
-3.313114488124512813e-01
-3.318239980888642582e-01
-3.323276564669595534e-01
-3.328589712760626207e-01
-3.333930039254239253e-01
-3.338887669241993317e-01
-3.343796675551695130e-01
-3.348383872982578224e-01
-3.352848745697180055e-01
-3.357444854091947706e-01
-3.361576431429301182e-01
-3.365584585608176194e-01
-3.369289964996020625e-01
-3.372911843576760216e-01
-3.376658418542385909e-01
-3.380347878115536053e-01
-3.383849190529815143e-01
-3.388068352902388614e-01
-3.392300226663610974e-01
-3.396149684374094035e-01
-3.399850312250565221e-01
-3.403841310561704914e-01
-3.407410574048086449e-01
-3.410824892063154534e-01
-3.413588133088553134e-01
-3.416571020330628761e-01
-3.419749967540514635e-01
-3.422982676302930849e-01
-3.426510903917963646e-01
-3.430293573344831981e-01
-3.434029656872530367e-01
-3.437582192289302396e-01
-3.441153384509873514e-01
-3.444511605749533967e-01
-3.447646174025958965e-01
-3.450540798576176016e-01
-3.453532567260831354e-01
-3.456624764438597786e-01
-3.459745948196376597e-01
-3.463130068423035390e-01
-3.466359160955445606e-01
-3.469406347333913732e-01
-3.472512883530465277e-01
-3.476188052980139220e-01
-3.480009307906738458e-01
-3.483440202407881991e-01
-3.487264623806021757e-01
-3.491185104846582510e-01
-3.495277936645324046e-01
-3.499857869661889276e-01
-3.504037110801133670e-01
-3.508581532487967114e-01
-3.513208942610114849e-01
-3.517562698101009411e-01
-3.522060844394744317e-01
-3.526352241336583315e-01
-3.530577744856574496e-01
-3.534310344224071976e-01
-3.538633891431287593e-01
-3.542872476065880849e-01
-3.546808601857610044e-01
-3.551442853796655252e-01
-3.556228499697322021e-01
-3.560950012383685137e-01
-3.565695362265230983e-01
-3.570045377298144418e-01
-3.574355105515323316e-01
-3.578551596575486604e-01
-3.583067191746560076e-01
-3.587465338220280908e-01
-3.591875309659986470e-01
-3.596798177392119822e-01
-3.601996943665767281e-01
-3.607002006778741721e-01
-3.611112582645044089e-01
-3.614814307576287300e-01
-3.618439777938984303e-01
-3.622344335832194950e-01
-3.625698193829112181e-01
-3.629360342807270712e-01
-3.633435314244584102e-01
-3.637370928989269725e-01
-3.640163306540722399e-01
-3.642671624561542032e-01
-3.645111840349438692e-01
-3.647929123421662090e-01
-3.650980360078110998e-01
-3.654388318008857106e-01
-3.658232205087150746e-01
-3.662235953021124590e-01
-3.666463968023990772e-01
-3.670719798085784191e-01
-3.674656722132216835e-01
-3.678763866013764483e-01
-3.682814318472508175e-01
-3.686578995181707397e-01
-3.690673706082617245e-01
-3.695019039165948760e-01
-3.699717495419627689e-01
-3.703772492917760117e-01
-3.707575466837972900e-01
-3.710864736410134368e-01
-3.713970613564676060e-01
-3.716758546229243509e-01
-3.719115810804696221e-01
-3.721920461992671014e-01
-3.725177989897214825e-01
-3.728137534631368322e-01
-3.730061059577481353e-01
-3.731767730709506514e-01
-3.733661898257943923e-01
-3.735893744187906429e-01
-3.738370531821947895e-01
-3.740770770589959549e-01
-3.743096467759972623e-01
-3.745358953642354272e-01
-3.747452298886412847e-01
-3.749451678351764516e-01
-3.751388654652479393e-01
-3.753278752217198977e-01
-3.755229053086809876e-01
-3.756693002328724829e-01
-3.758140897465981900e-01
-3.759130350040656987e-01
-3.759904455244471588e-01
-3.760682734276908357e-01
-3.761169912643246849e-01
-3.762222315775891612e-01
-3.763129128840962956e-01
-3.764354886149278712e-01
-3.765580251897994168e-01
-3.767625170092420706e-01
-3.769596540972404153e-01
-3.771561913443801650e-01
-3.773589140997504754e-01
-3.775572308129845900e-01
-3.777903288107389845e-01
-3.779946282209296071e-01
-3.782207228726556791e-01
-3.784702270369326715e-01
-3.787377900286280630e-01
-3.790452670886795272e-01
-3.794268140171248582e-01
-3.797881435556306196e-01
-3.801259298253723551e-01
-3.803990226977209677e-01
-3.806517493777378247e-01
-3.809564624993488913e-01
-3.812559556143485517e-01
-3.815837036371769742e-01
-3.819132400312747477e-01
-3.822008733258029922e-01
-3.824626036492221881e-01
-3.827685950102675538e-01
-3.830218919773427100e-01
-3.832328627287396317e-01
-3.834487546609594566e-01
-3.836290332970500039e-01
-3.838040995445080594e-01
-3.839637516657916638e-01
-3.840862737736555066e-01
-3.842043099418223084e-01
-3.843593226821063746e-01
-3.846098815520505032e-01
-3.848524810702401711e-01
-3.850518255564338022e-01
-3.852730675317962983e-01
-3.855048918042164874e-01
-3.858004080868102648e-01
-3.860634842999101091e-01
-3.863634198821921384e-01
-3.867345139630919415e-01
-3.871401456897521909e-01
-3.874969219102825657e-01
-3.879192045288036850e-01
-3.883252321941871310e-01
-3.887577224418171107e-01
-3.891571216267458166e-01
-3.895036997170039927e-01
-3.898636950476146446e-01
-3.902483719479400426e-01
-3.907467332267861582e-01
-3.911974708503369591e-01
-3.915882969932433788e-01
-3.919371288762305006e-01
-3.923094996864600614e-01
-3.926883777236630513e-01
-3.930468736986042488e-01
-3.933793130130306959e-01
-3.936962355552425796e-01
-3.941059127463669154e-01
-3.944228460483739651e-01
-3.947263671980523192e-01
-3.950207039469261217e-01
-3.953255031516807461e-01
-3.956351568227233217e-01
-3.959145157224124301e-01
-3.962349580490572287e-01
-3.966358567880585717e-01
-3.970904155691876158e-01
-3.976028560287328539e-01
-3.980861254526247284e-01
-3.985587303411816107e-01
-3.990755896913074086e-01
-3.996722793683736286e-01
-4.002889415281111196e-01
-4.008874290778740024e-01
-4.014961798107591351e-01
-4.020651040340751936e-01
-4.025804774886890258e-01
-4.030143573625642461e-01
-4.035087289015543699e-01
-4.040163133097346981e-01
-4.044074160289538034e-01
-4.047505753720190835e-01
-4.050994121952504745e-01
-4.054901420812682122e-01
-4.058942746126139589e-01
-4.062733582599724058e-01
-4.067144197266219785e-01
-4.071499742337014727e-01
-4.075645751073039280e-01
-4.080033439238845427e-01
-4.084446578208018042e-01
-4.088880324412018097e-01
-4.094029244073567053e-01
-4.098543650036695629e-01
-4.103758487157205814e-01
-4.108564774603786773e-01
-4.113747134514066373e-01
-4.118134948969991993e-01
-4.122318429833936038e-01
-4.126416893271883657e-01
-4.130216343167816828e-01
-4.134189181557115234e-01
-4.137325928594632884e-01
-4.140997439707685412e-01
-4.144323869893167256e-01
-4.147824142688686377e-01
-4.151257844156830967e-01
-4.154705171388285989e-01
-4.157517237184444325e-01
-4.160478975219819575e-01
-4.162738796178340195e-01
-4.165341884898515756e-01
-4.167227138303565837e-01
-4.168500344779454414e-01
-4.168650674027764014e-01
-4.168381038941337824e-01
-4.168102750792490041e-01
-4.168044020012868778e-01
-4.168157017097608996e-01
-4.168718894356785443e-01
-4.169623537609255526e-01
-4.171170590075468088e-01
-4.172220140460654036e-01
-4.173545427060582069e-01
-4.175071653309706532e-01
-4.175968739579957179e-01
-4.176806468495489200e-01
-4.177319440396460304e-01
-4.178066752943696560e-01
-4.178845727102911689e-01
-4.179521752751828578e-01
-4.180505806311501926e-01
-4.181378067061438109e-01
-4.182241318540661501e-01
-4.183380014372575784e-01
-4.183985821487918311e-01
-4.185258237236965662e-01
-4.185943042817639737e-01
-4.186729027266762326e-01
-4.187035507768087084e-01
-4.187021301288426089e-01
-4.186339377047252341e-01
-4.185560269353384433e-01
-4.184977705751161681e-01
-4.184515693737765329e-01
-4.184020018463886492e-01
-4.183344746757881039e-01
-4.182416075633731967e-01
-4.182054380391216908e-01
-4.181640814240419335e-01
-4.180607999903631633e-01
-4.178907918692478241e-01
-4.177578381851050904e-01
-4.176461596261581422e-01
-4.175779240826696381e-01
-4.175725744584853349e-01
-4.175744540716614939e-01
-4.175691685436546119e-01
-4.174847228368169239e-01
-4.174021120010703578e-01
-4.173017749379061558e-01
-4.172103505038041726e-01
-4.170849426953076033e-01
-4.170265448016551857e-01
-4.170017391136898732e-01
-4.170325937840689834e-01
-4.170870806335845171e-01
-4.171056840600478877e-01
-4.171144172823163521e-01
-4.171323317056520041e-01
-4.171838335666896436e-01
-4.172503980458802109e-01
-4.173095842532520416e-01
-4.173200380952095667e-01
-4.172884748363808738e-01
-4.172338673248003338e-01
-4.171331482826708403e-01
-4.170114547450455844e-01
-4.168469868851267246e-01
-4.166841573013105315e-01
-4.165233705880902471e-01
-4.163950688697059532e-01
-4.162211485897692187e-01
-4.160529156883359114e-01
-4.158552488219411369e-01
-4.156662195184264719e-01
-4.154462250056322747e-01
-4.152444139914559518e-01
-4.150474678836026388e-01
-4.148729100957076477e-01
-4.146980843998379629e-01
-4.145129737355405242e-01
-4.143327439308662763e-01
-4.141418150300069101e-01
-4.139598187093506687e-01
-4.137594869487180027e-01
-4.135512683993747274e-01
-4.133432859357682454e-01
-4.131502906439405987e-01
-4.129574878760586265e-01
-4.127718152769302429e-01
-4.125889455634074166e-01
-4.123959181517489192e-01
-4.122038836581413679e-01
-4.120029994028712728e-01
-4.118097561630571501e-01
-4.116200785866239165e-01
-4.114365947586690053e-01
-4.112689855971995989e-01
-4.111109292311392882e-01
-4.109455225141846468e-01
-4.107868580970237549e-01
-4.106413236109024978e-01
-4.105178625763205580e-01
-4.103946041395765132e-01
-4.103003621515580179e-01
-4.102182018680683995e-01
-4.101302107135976760e-01
-4.100399880626073301e-01
-4.099601942006265709e-01
-4.098918558515484145e-01
-4.098367801531836441e-01
-4.097934586606400975e-01
-4.097578488421927956e-01
-4.097353349740482376e-01
-4.097235152057999708e-01
-4.097203946627599458e-01
-4.097265106898977383e-01
-4.097418252666132910e-01
-4.097643351531420897e-01
-4.097926664643359307e-01
-4.098285676869601324e-01
-4.098760814025114163e-01
-4.099269826421335638e-01
-4.099847172570108556e-01
-4.100504157945585870e-01
-4.101141901734832174e-01
-4.101819583345711617e-01
-4.102455172433577268e-01
-4.103124809998640599e-01
-4.103831252063417923e-01
-4.104434155889550295e-01
-4.104950879134752761e-01
-4.105702557702839983e-01
-4.106495313153059046e-01
-4.107316529385105497e-01
-4.108343632509820487e-01
-4.109092238539339137e-01
-4.109659404140701966e-01
-4.110189478723847434e-01
-4.110794980354945394e-01
-4.111537566677009314e-01
-4.112158524823117944e-01
-4.112533029907605164e-01
-4.112793563313489331e-01
-4.112986594332666002e-01
-4.113120104958371548e-01
-4.113407993361240522e-01
-4.113314848113630018e-01
-4.113254838661142831e-01
-4.112983229282471953e-01
-4.112804323862203626e-01
-4.113043370828928236e-01
-4.113447214675824415e-01
-4.114088955954746107e-01
-4.115139980172396461e-01
-4.116641259929472718e-01
-4.117935015096055862e-01
-4.119481946349571877e-01
-4.120633401213575353e-01
-4.122271551931153688e-01
-4.123567743274392794e-01
-4.124349737955367856e-01
-4.124702613758867153e-01
-4.124765946025542029e-01
-4.124595684874047263e-01
-4.124168542814168892e-01
-4.124144422262887577e-01
-4.124570624081962400e-01
-4.125249133711566540e-01
-4.126596262454949038e-01
-4.127188034968397035e-01
-4.127447411828162327e-01
-4.127820121486026061e-01
-4.127747130345852389e-01
-4.128522839973813863e-01
-4.129206468228204807e-01
-4.129837888385971545e-01
-4.130127107096201455e-01
-4.129767832777996306e-01
-4.129340309914293905e-01
-4.128817392597309288e-01
-4.128140045284976467e-01
-4.127464166391229816e-01
-4.126550619375046747e-01
-4.126233906254672679e-01
-4.126249746307573685e-01
-4.125892545285126389e-01
-4.125590230100292244e-01
-4.125038022862701492e-01
-4.124560217953565089e-01
-4.138459508909615447e-01
-4.152187090582290518e-01
-4.166262056163726468e-01
-4.179874475539011591e-01
-4.193085216736751608e-01
-4.205822324078714036e-01
-4.218124392820436497e-01
-4.230205125862736559e-01
-4.241730102248154610e-01
-4.252716554612980815e-01
-4.263373917543266112e-01
-4.273576906578143153e-01
-4.283644763205891604e-01
-4.293336862116257091e-01
-4.302632623763425479e-01
-4.311889216208275033e-01
-4.320624259884616736e-01
-4.329151194126882873e-01
-4.337794626024210620e-01
-4.346719509776050261e-01
-4.355083673210702333e-01
-4.363613048971772823e-01
-4.372019550987317760e-01
-4.380360839471138523e-01
-4.388555602551810209e-01
-4.396763375945986763e-01
-4.404782613543218317e-01
-4.412849601583085923e-01
1.999981160785511136e-01
1.999981003885189512e-01
1.987960827481567994e-01
1.980540238937696651e-01
1.974010715175799624e-01
1.967862809200985885e-01
1.962164729471386482e-01
1.956620354742763246e-01
1.951584949742551922e-01
1.947011262607879212e-01
1.942735421478033464e-01
1.939016236636999513e-01
1.935568642263078842e-01
1.932648518540114602e-01
1.930222707786197756e-01
1.928173832859255699e-01
1.926637832583348031e-01
1.925561335975690680e-01
1.924935450612549337e-01
1.924764180697333960e-01
1.925048303516004311e-01
1.925767162381641362e-01
1.926936845710352231e-01
1.928578525833371249e-01
1.930622484168119379e-01
1.933129922777625798e-01
1.936092244858757250e-01
1.939377311690697325e-01
1.943076204196995671e-01
1.947146839476899260e-01
1.951568430158374945e-01
1.956210087314755042e-01
1.961284698023205986e-01
1.966730707312257243e-01
1.972525118304603864e-01
1.978685792204768201e-01
1.985168818794862677e-01
1.991897267484410150e-01
1.999002288809324512e-01
2.006538737748269907e-01
2.014370639336523494e-01
2.022680400745596740e-01
2.031305015759477250e-01
2.040082382831554797e-01
2.049312444438294023e-01
2.058852768648707365e-01
2.068619589372738543e-01
2.078621264206387820e-01
2.089067492404604598e-01
2.100142655501453237e-01
2.111647552396606342e-01
2.123466925519401916e-01
2.135444154517883442e-01
2.147758440332585561e-01
2.160102885356104951e-01
2.172685030012049545e-01
2.185727300247301830e-01
2.199357423144405743e-01
2.213296863862342090e-01
2.227567428819761663e-01
2.242199995440596061e-01
2.256892599141813172e-01
2.271780003680818616e-01
2.286863019924012808e-01
2.302272385200825056e-01
2.317846868220049816e-01
