3.999975940214463010e-01
3.999975780990622232e-01
3.985917647517725482e-01
3.967120526640309786e-01
3.948241353999573100e-01
3.929354457885862462e-01
3.910573259189935591e-01
3.891636046189817510e-01
3.872505806467468337e-01
3.853377158961737159e-01
3.834249540261274736e-01
3.815130885377812087e-01
3.796003881163896865e-01
3.776876909941855320e-01
3.758258578524981131e-01
3.739856093375085178e-01
3.721603999850183198e-01
3.704049804168220716e-01
3.686489047857399171e-01
3.669708696991805796e-01
3.653539728880963455e-01
3.637617122403706271e-01
3.622626833030438420e-01
3.606046708091595332e-01
3.590750364126167882e-01
3.574286691748236877e-01
3.558428394904604719e-01
3.541911336546756384e-01
3.525123075024161889e-01
3.507395697293382852e-01
3.489697429661989259e-01
3.473356321269852054e-01
3.456250923119142393e-01
3.439567492584633679e-01
3.423260807892073432e-01
3.406951085163034687e-01
3.391389201757498695e-01
3.375964592977094281e-01
3.359895878468034391e-01
3.344205332559832544e-01
3.328469640578309852e-01
3.313480152523317068e-01
3.299072383952408316e-01
3.284040888332807051e-01
3.268793783231596084e-01
3.252972775985544795e-01
3.236436773059711003e-01
3.219972933422194372e-01
3.203593871975339846e-01
3.186942990629572647e-01
3.170501077706515125e-01
3.154188023454621570e-01
3.137348590541692017e-01
3.120534369412045761e-01
3.103190214451680973e-01
3.086326193776239846e-01
