1.999992466811978120e-01
1.999992314045352937e-01
1.997049563564570196e-01
1.996655872715112634e-01
1.995981425619987037e-01
1.995871180177175019e-01
1.995837673813950219e-01
1.995888926173589872e-01
1.996360806165643487e-01
1.997000992862878743e-01
1.997988518523887980e-01
1.997617011675492105e-01
1.996804374827473583e-01
1.995821585337463899e-01
1.993402916654194168e-01
1.990290802359475086e-01
1.985731410913168515e-01
1.980767452771752535e-01
1.975047486386815043e-01
1.969092872354973600e-01
1.962919454654702689e-01
1.956042524584470921e-01
1.949139724888710734e-01
1.941693204631552427e-01
1.934103791481222578e-01
1.926622426027425339e-01
1.919410112399103641e-01
1.912201417889219657e-01
1.905114336912560602e-01
1.897100511891487151e-01
1.888979211855245088e-01
1.881238053501172458e-01
1.873783101014505070e-01
1.866081125948201302e-01
1.858477502317367469e-01
1.851906415472002465e-01
1.845678417031287877e-01
1.839478692851785890e-01
1.833654391316782151e-01
1.828718567781429660e-01
1.825278938768217507e-01
1.824216680016959857e-01
1.825453193701054577e-01
1.829105987408877476e-01
1.835061472366252000e-01
1.841959871861749420e-01
1.849395859470363279e-01
1.856164557216103406e-01
1.864695059640940622e-01
1.873433027715458998e-01
1.881933033004110079e-01
1.892434321658265639e-01
1.903189657804300050e-01
1.915252446167704792e-01
1.928110675026431520e-01
1.941384488598515146e-01
1.954930876675156082e-01
1.968704691600346168e-01
1.982314374506899679e-01
1.995954739173471104e-01
2.009724990329461725e-01
2.023656358288609125e-01
2.037520875139813559e-01
2.052061909697572573e-01
2.066548149727004680e-01
2.080928829106176992e-01
2.094226948529581134e-01
2.107481991553134815e-01
2.119569454348622650e-01
2.129747564774903956e-01
2.139129011531923918e-01
2.147425495713148336e-01
2.154664985301129043e-01
2.160673848477270842e-01
2.166131918043944504e-01
2.170878388842926721e-01
2.175836112374232578e-01
2.181187860028866998e-01
2.187303588026077716e-01
2.193361658609928877e-01
2.199484110411657756e-01
2.205921972321574220e-01
2.212333364410180303e-01
2.219090375656548597e-01
2.225132854967013241e-01
2.231351454240102783e-01
2.236970295189390223e-01
2.242606629302132670e-01
2.248884934102633459e-01
2.255007265492291746e-01
2.261414862014046179e-01
2.268199932870494095e-01
2.274047121833432938e-01
2.279552467293550766e-01
2.284774826346072929e-01
2.289578467630647152e-01
2.294480877927969342e-01
2.298866539135314135e-01
2.301983034296188058e-01
2.304470772914869459e-01
2.305754653918253849e-01
2.308051109122227218e-01
2.309913758775934134e-01
2.312169146581424806e-01
2.314941284440732161e-01
2.318404357326030452e-01
2.322361528952695819e-01
2.327191837681052700e-01
2.332670464590166914e-01
2.338983531012238937e-01
2.345315878514669106e-01
2.352207531605430280e-01
2.359030396623681969e-01
2.365136184644036355e-01
2.371289429963040762e-01
2.376685462308164576e-01
2.381939872063320585e-01
2.386472648196174273e-01
2.390147649818971654e-01
2.393396604561748298e-01
2.396290457458291334e-01
2.398919699510564107e-01
2.401300561711453008e-01
2.403064933565335348e-01
2.403911790087926437e-01
2.405155384120544193e-01
2.406710633758640250e-01
2.409603939799287997e-01
2.413027962265401061e-01
2.417314673394786451e-01
2.422111766161745838e-01
2.427070531087999194e-01
2.432089981326155392e-01
2.437207479322438808e-01
2.442346987129293268e-01
2.447366293814733640e-01
2.451890303169848850e-01
2.456282678168075218e-01
2.459885441343928059e-01
2.463882805261949638e-01
2.467897983582287846e-01
2.472404165985920277e-01
2.475955510034271445e-01
2.480636211260157376e-01
2.485408845122265564e-01
2.489852195064950480e-01
2.494484324731227609e-01
2.499208873034364786e-01
2.504028118458357377e-01
2.508541548197931736e-01
2.512687785208514990e-01
2.516928387428516434e-01
2.521206009317505381e-01
2.525518794942000489e-01
2.529763108304833308e-01
2.534012720371726091e-01
2.538035890019235685e-01
2.542048616035569863e-01
2.546022632175757860e-01
2.549950997013670229e-01
2.553877152530958372e-01
2.557976706088563867e-01
2.562040251512454625e-01
2.566052570052659298e-01
