-1.999971011502007234e-01
-1.999970851091077140e-01
-1.980168544490597538e-01
-1.960069522106089868e-01
-1.939852017317538480e-01
-1.919418081452778091e-01
-1.898238823632246719e-01
-1.877512651190073323e-01
-1.856614741405560320e-01
-1.835920857748675195e-01
-1.814726655372411734e-01
-1.793381948397651804e-01
-1.771747853360828573e-01
-1.750109542049602118e-01
-1.728361115829943617e-01
-1.706808796762602498e-01
-1.685130140266837273e-01
-1.663480531606702228e-01
-1.641210647229596198e-01
-1.619321886565674995e-01
-1.597256219306931180e-01
-1.575183935580863337e-01
-1.552923732163465353e-01
-1.530647082013134597e-01
-1.508491753524008050e-01
-1.485946995033613216e-01
-1.463274809539333032e-01
-1.440224594109497935e-01
-1.417204965763970703e-01
-1.394157787265013493e-01
-1.371237750831288682e-01
-1.347830701782291307e-01
-1.323725194037825015e-01
-1.299844036439070649e-01
-1.276008305644578122e-01
-1.251819352511482908e-01
-1.227554560156004920e-01
-1.203224057027857952e-01
-1.178472922425610470e-01
-1.153692647433711554e-01
-1.129104541199685841e-01
-1.104715332506048947e-01
-1.080081131760886742e-01
-1.055488150806396380e-01
-1.031098782247624329e-01
-1.006694349660277737e-01
-9.822504468259395105e-02
-9.578204960973706050e-02
-9.332013801136217201e-02
-9.084845112076558871e-02
-8.836600942504106715e-02
-8.590072828088059220e-02
-8.346865247501193685e-02
-8.103131280750018595e-02
-7.863351153502794177e-02
-7.621362528243945389e-02
-7.382528829529484693e-02
-7.151049991712703224e-02
-6.916688646636248716e-02
-6.679316290505285525e-02
-6.441008177305981852e-02
-6.204265236877169742e-02
-5.970287867073823668e-02
-5.732788108379235914e-02
-5.501728917483841852e-02
-5.274253673792882874e-02
-5.050273690306052166e-02
-4.824140473146434210e-02
-4.595390936394262715e-02
-4.359420704622130743e-02
-4.120843538293885583e-02
-3.888877381521859550e-02
-3.648627293918992737e-02
-3.406789005302971601e-02
-3.162677177861203393e-02
-2.920368521477121129e-02
-2.680677827638468930e-02
-2.441535592679957081e-02
-2.202569855347887712e-02
-1.964715857434573207e-02
-1.725507125584671564e-02
-1.483993627138388560e-02
-1.243447912949340387e-02
-1.000017408658281093e-02
-7.575506193761558961e-03
-5.165775493729554690e-03
-2.756980475017892663e-03
-3.512834460108676471e-04
2.050723379906005915e-03
4.414423119786611838e-03
6.696445874985117001e-03
9.030914657552985281e-03
1.135984195820995656e-02
1.367645734749337386e-02
1.599304537065606574e-02
1.831895785567720994e-02
2.067431223271524662e-02
2.297667476589033628e-02
2.526427077081615583e-02
2.750287523154568842e-02
2.974132599728119761e-02
3.201587128330188325e-02
3.429231846109968840e-02
3.656310499830373734e-02
3.878149974823114771e-02
4.097108891895007848e-02
4.315181076777622332e-02
4.529766862013562267e-02
4.738285309912371873e-02
4.949387212175592604e-02
5.164817362210532420e-02
5.374196002610388129e-02
5.581091416329782978e-02
5.783621526541799646e-02
5.982197828075667967e-02
6.182415748743852468e-02
6.384582494609492009e-02
6.586291332535423870e-02
6.784240893275161888e-02
6.976162157245879847e-02
7.168894496866522192e-02
7.358475023433208584e-02
7.547795824779984786e-02
7.739538862149439313e-02
7.932385449834158941e-02
8.127071964610003973e-02
8.320167367011531423e-02
8.518613725597466713e-02
8.712063629838251444e-02
8.904423241263487165e-02
9.098418553075832138e-02
9.297506258197960061e-02
9.499083285996297310e-02
9.693684649346143156e-02
9.884460865622526904e-02
