3.999969021739261388e-01
3.999968861613005799e-01
3.981955510045828706e-01
3.958863834699959949e-01
3.935199469997533450e-01
3.911474447731075887e-01
3.887523924563470179e-01
3.863222786656247409e-01
3.838781241530464516e-01
3.814338186848847956e-01
3.789893588336938346e-01
3.765447569671181993e-01
3.741000261348156886e-01
3.716551753326600149e-01
3.692102144663830798e-01
3.667651606636347927e-01
3.643200302473336705e-01
3.618748381350860299e-01
3.594296032422787390e-01
3.569843360711870695e-01
3.545390376945084521e-01
3.520937153535126374e-01
3.496483747476383797e-01
3.472030202586917080e-01
3.447576551798205435e-01
3.423122819339118883e-01
3.398669022720977040e-01
3.374215174473795820e-01
3.349761283615424468e-01
3.325307356857181151e-01
3.300853402043260054e-01
3.276399418563673005e-01
3.251945413918260197e-01
3.227491393149185539e-01
3.203037361848064535e-01
3.178583326269072140e-01
3.154129385661399443e-01
3.129675450963467220e-01
3.105221523115122562e-01
3.080767603082007478e-01
3.056313691853728143e-01
3.031859790422592460e-01
3.007405899748099576e-01
2.982951993526652967e-01
2.958497991245909176e-01
2.934044012274769631e-01
2.909590063971458918e-01
2.885136152961192968e-01
2.861123757604250306e-01
2.836863655717855037e-01
2.816691850014095277e-01
2.800423456507204478e-01
2.776154625994774472e-01
2.772117377523331538e-01
2.768997439253839676e-01
2.766098669682284239e-01
2.763383389270511747e-01
2.760355142232261971e-01
2.756974290003357253e-01
2.753539128730701502e-01
2.750414218568769109e-01
2.746970858227694157e-01
2.744025957262867799e-01
2.741314354200748427e-01
2.738256997748474975e-01
2.735210212470599589e-01
2.732266447089167216e-01
2.729488414430534249e-01
2.726702226372082483e-01
2.724141050760056082e-01
2.721524971020699568e-01
2.719252313108804220e-01
2.717411365600856943e-01
2.715347051913858389e-01
2.713528358113715400e-01
2.712051053621654106e-01
2.710716993846613576e-01
2.709342413817941719e-01
2.708167910246159771e-01
2.707272632000274348e-01
2.706658128361038029e-01
2.706167148142022971e-01
2.705665857193063628e-01
2.705091863472843250e-01
2.704559773229998632e-01
2.703957436053135432e-01
2.703430417263743002e-01
2.703072986647847009e-01
2.702816499612961665e-01
2.702632154389483232e-01
2.702531267100953816e-01
2.702507669859294803e-01
2.702629443261946318e-01
2.702817915502314094e-01
2.703096300644748928e-01
2.703496701721631035e-01
2.703994163600699774e-01
2.704579442938723766e-01
2.705069014192861832e-01
2.705592387909145913e-01
2.706331078067607532e-01
2.706937861432346937e-01
2.707494164038989348e-01
2.708100418803767173e-01
2.708768346164285301e-01
2.709756585633547044e-01
2.723340147826330826e-01
2.736930303196628556e-01
2.750477504825566410e-01
2.763183165563728449e-01
2.776790271600333426e-01
2.790402990069644207e-01
2.804008090419179977e-01
2.817223486426068124e-01
2.830845590062671113e-01
2.843940046048994974e-01
2.856936038951902734e-01
2.870749157098221871e-01
2.883865829825096871e-01
2.897700960468965747e-01
2.910868956453451784e-01
2.923644329412125598e-01
2.936574583475869415e-01
2.949936935205992317e-01
2.963332759667204885e-01
2.975439163227003858e-01
2.987755963781026369e-01
3.001199126978846832e-01
3.014564214373728901e-01
3.028897052294657333e-01
3.042155296787664720e-01
3.056166524574246979e-01
3.070837926667175921e-01
3.084679415078999676e-01
3.098460335690312872e-01
3.112387952527878587e-01
3.125861895698182069e-01
3.140056317185552781e-01
3.150570857576969197e-01
3.164335666959959270e-01
3.177120818292517579e-01
3.189525431615428674e-01
3.203822514013392464e-01
3.216166209597754455e-01
3.230526887617648502e-01
3.241417371172744533e-01
3.255997754499633801e-01
3.267695340234056944e-01
3.277464182491471867e-01
3.285235692197210899e-01
3.292225358608505958e-01
3.301292936771583753e-01
3.306643111533139612e-01
3.309913353792754975e-01
3.312801454822761893e-01
3.317892356067945747e-01
3.319946056439546656e-01
3.322936801734605039e-01
3.326446363298973252e-01
3.329434438410142638e-01
3.332452946253081083e-01
3.336136792465104195e-01
3.339518588298719948e-01
3.342591501859325520e-01
3.344639096147847823e-01
3.345874689158795379e-01
3.346581065774522634e-01
3.346697017207858060e-01
3.345870642313683585e-01
3.344407457760139590e-01
3.342571246395120710e-01
3.340309740461544497e-01
3.337670791691811911e-01
3.334881201851473409e-01
3.331874163219918361e-01
3.328940336245217457e-01
3.325765994947880166e-01
3.322350339922901519e-01
3.319215203377510193e-01
3.316467669424844056e-01
3.313875606274097052e-01
3.311807991224053893e-01
3.310084001170892631e-01
3.308905818440605606e-01
3.308034708020858861e-01
3.308066308291620072e-01
3.308981733912655931e-01
3.310187365456206399e-01
3.311780093076862608e-01
3.314574879803969809e-01
3.317392376626481232e-01
3.320147981027880557e-01
3.322495545157345687e-01
3.324356121250732210e-01
3.325690192303825676e-01
3.326479915935812715e-01
3.326736347119855775e-01
3.326462131471105699e-01
3.325660778785918814e-01
3.324317263272159040e-01
3.322447323906583261e-01
3.320199620662157014e-01
3.317669518505936277e-01
3.314818178787779512e-01
3.311713871843282031e-01
3.308435259978560472e-01
3.305143449992618554e-01
3.301756962290584574e-01
3.298462578873886386e-01
3.294957230686630933e-01
3.291542687379901966e-01
3.287971705815085355e-01
3.284130939805899874e-01
3.279985009191611067e-01
3.275668123602025750e-01
3.271176950333126165e-01
3.266737644509935534e-01
3.261971062368527186e-01
3.257184231981408162e-01
3.252271645723174842e-01
3.247382448480610750e-01
3.242530358270673263e-01
3.237605306550916939e-01
3.232386820594946308e-01
3.226977110981366637e-01
3.221361797583578990e-01
3.216090261088256907e-01
3.210760563536718126e-01
3.205263848622310618e-01
3.199709181443724515e-01
3.194231664422071404e-01
3.188558206937079920e-01
3.183100605587294019e-01
3.177654463789918449e-01
3.172213198936720824e-01
3.166203575875736753e-01
3.160223182245728291e-01
3.153818383526014180e-01
3.147071180414944269e-01
3.140036222304723457e-01
3.133416399544485254e-01
3.127084207894234025e-01
3.119934709599372358e-01
3.112901942227606633e-01
3.105433562801094283e-01
3.097936293788730588e-01
3.090203725525701439e-01
3.082967306663795259e-01
3.075436049644508230e-01
3.068044638692962733e-01
3.061452309439625652e-01
3.056322979947449503e-01
3.052001396419809498e-01
3.047913245566228335e-01
3.043973381570063697e-01
3.040534152690652081e-01
3.036887216201438755e-01
3.033312412551068538e-01
3.028631056741416527e-01
3.023000428435321241e-01
3.016513361546547811e-01
3.009725486792743099e-01
3.001951361891989079e-01
2.993754938227472517e-01
2.985669268074209737e-01
2.977295171807046725e-01
2.967949969196241877e-01
2.956918293551468180e-01
2.944807303920873309e-01
2.932727019691569459e-01
2.920312999919280061e-01
2.907253722841311450e-01
2.893717026228467271e-01
2.881284486001391421e-01
2.868157617717301822e-01
2.854909687466367640e-01
2.840880161697131312e-01
2.826770714463461842e-01
2.812867095468569723e-01
2.799479207215948562e-01
2.786634752445188434e-01
2.774166296986484426e-01
2.760767415590827945e-01
2.748129432484217038e-01
2.734106164751607393e-01
2.721576632673517460e-01
2.708954091281061127e-01
2.701897262319945536e-01
2.697405266110848854e-01
2.691579495904477537e-01
2.684556248380425836e-01
2.685738122895671154e-01
2.692800948495068236e-01
2.695889871359261059e-01
2.704795229506868348e-01
2.713189366911379352e-01
2.721451193725480389e-01
2.728948144433209211e-01
2.736260715683976885e-01
2.743656729582342191e-01
2.751261523783239404e-01
2.758181107413493760e-01
2.764680744963595727e-01
2.770489898989911270e-01
2.776107953756378199e-01
2.781493464366955326e-01
2.787412495899982412e-01
2.793453708231704580e-01
2.799376638549520568e-01
2.804903354882546940e-01
2.810158773666830978e-01
2.815024987707883675e-01
2.819561966351930016e-01
2.823618269277564652e-01
2.827177218868971997e-01
2.830322859782654077e-01
2.833643502825254346e-01
2.836568676218348406e-01
2.839120826264920350e-01
2.841535461452936451e-01
2.843402477405855833e-01
2.844848645076569760e-01
2.846027711027803164e-01
2.847049099246660164e-01
2.847829603808982868e-01
2.848310444841416489e-01
2.848527023200553288e-01
2.848436552452481285e-01
2.848057771105561575e-01
2.847342079711268070e-01
2.846344114825070104e-01
2.845210251196467754e-01
2.843804757554105334e-01
2.842040539411225253e-01
2.839903481995003087e-01
2.837522247744780346e-01
2.834967084504200208e-01
2.832273913955892786e-01
2.829512674659145910e-01
2.826901456272817859e-01
2.824165496390950159e-01
2.821343883571681976e-01
2.818734891551810118e-01
2.832973538037734662e-01
2.847497858681339866e-01
2.861996585148173233e-01
2.876264905486792811e-01
2.890493596726175785e-01
2.904713262813534702e-01
2.919175712704863423e-01
2.933473970864809988e-01
2.949220619116975639e-01
2.965215583557896939e-01
2.980740257224814838e-01
2.996528823612018000e-01
3.011428731886677812e-01
3.025606979511248906e-01
3.041641676852214760e-01
3.056529124492141647e-01
3.071076360035858710e-01
3.086241978154410925e-01
3.099428000003615624e-01
3.112508449264060340e-01
3.126691963305689437e-01
3.140768229839191461e-01
3.153555375853450693e-01
3.166386051989567574e-01
3.179080574568560746e-01
3.191842087833669517e-01
3.203042046569086754e-01
3.214310954065229264e-01
3.227397207587966999e-01
3.241516859395035532e-01
3.252450838028515534e-01
3.262089079181201834e-01
3.270809264411468353e-01
3.278057556207248924e-01
3.286895448238552619e-01
3.293385557807986808e-01
3.297784905800088540e-01
3.300784952509916992e-01
3.303739783305383870e-01
3.306582585205848912e-01
3.308124092966800434e-01
3.309788196955095185e-01
3.310527456676555791e-01
3.311132340684483921e-01
3.311154393268470608e-01
3.310604507947121355e-01
3.309757992618301836e-01
3.308678086614845748e-01
3.307725844144079885e-01
3.306598603035201811e-01
3.305912164144598209e-01
3.305947096170953614e-01
3.306509422614964389e-01
3.307847097654954549e-01
3.310139986182557559e-01
3.313754945347945347e-01
3.317181572100036946e-01
3.320862213234463955e-01
3.324379412538582823e-01
3.327515995163308760e-01
3.330129915393539863e-01
3.332241600968043893e-01
3.333808763742600045e-01
3.334848767185489837e-01
3.335334223134601150e-01
3.335275872438466238e-01
3.334678972512313266e-01
3.333533950593876027e-01
3.331830693803763954e-01
3.329631631813489423e-01
3.326907869527014339e-01
3.323696256960869122e-01
3.319924672653020714e-01
3.315669620081143631e-01
3.310966091688063995e-01
3.305941451451176460e-01
3.300482026106997813e-01
3.294620927632682106e-01
3.288260259123586549e-01
3.281266551604163362e-01
3.273933485858244175e-01
3.266264902477503118e-01
3.258277625354465967e-01
3.249941433548136915e-01
3.241352570741535266e-01
3.232490424655473649e-01
3.223395276340561555e-01
3.214005097119715382e-01
3.204093467413222651e-01
3.193859899965393323e-01
3.183039350311725468e-01
3.171414479948547749e-01
3.159304034697259511e-01
3.146634605659446304e-01
3.133224585255720007e-01
3.119165601581284086e-01
3.104816247368630266e-01
3.089893408591269375e-01
3.074357692743715509e-01
3.058587768993945022e-01
