-3.241253368158299054e-06
-3.257191354585113525e-06
-2.124015962256962844e-03
-4.681839769945535419e-03
-7.239436531325962529e-03
-9.796845977627272745e-03
-1.235411976850780275e-02
-1.491129849908143234e-02
-1.746841338373137514e-02
-2.002548790470404239e-02
-2.258253929147993611e-02
-2.513958827677372290e-02
-2.769664158875732515e-02
-3.025369785049562832e-02
-3.281076019536121463e-02
-3.536783026800745938e-02
-3.792490866755887646e-02
-4.048199527029754802e-02
-4.303908952253569786e-02
-4.559618852423630991e-02
-4.815329458757581366e-02
-5.071040655309885792e-02
-5.326752331244775929e-02
-5.582464385125956302e-02
-5.838176727203570060e-02
-6.093889280297429267e-02
-6.349601979732431845e-02
-6.605314772665905887e-02
-6.861027617050369232e-02
-7.116740453018868817e-02
-7.372453314508090050e-02
-7.628166153610063671e-02
-7.883878958605829157e-02
-8.139591722486880232e-02
-8.395304442089387975e-02
-8.651017117377514387e-02
-8.906729367066251735e-02
-9.162441615807558060e-02
-9.418153864906921025e-02
-9.673866115482912531e-02
-9.929578368453974291e-02
-1.018529062456572376e-01
-1.044100288446161984e-01
-1.069671590559802959e-01
-1.095242906757204482e-01
-1.120814222347136929e-01
-1.146385536918465980e-01
-1.171956850068767708e-01
-1.197528161395946256e-01
-1.223099470491550156e-01
-1.248670776936424420e-01
-1.274242080298893520e-01
-1.299813380134514362e-01
-1.325384675985735450e-01
-1.350955967380146894e-01
-1.376527251528727458e-01
-1.402098532761195948e-01
-1.427669807991474582e-01
-1.453241076663364106e-01
-1.478812338216548006e-01
-1.504383632217980160e-01
-1.529954939010170212e-01
-1.555526246079765307e-01
-1.581097552877458456e-01
-1.606668858861104443e-01
-1.632240163507377995e-01
-1.657811466328157624e-01
-1.683382766890333393e-01
-1.708954067892010098e-01
-1.734525371664570326e-01
-1.760096677006978416e-01
-1.785667982775241691e-01
-1.811239287906459550e-01
-1.836810591436595363e-01
-1.862381892515672377e-01
-1.887953190422129446e-01
-1.913524484575451767e-01
-1.939095774544222772e-01
-1.964667054930198664e-01
-1.990238336487145654e-01
-2.015809613414244750e-01
-2.041380885766733433e-01
-2.066952153699957162e-01
-2.092523417466152780e-01
-2.118094677411988813e-01
-2.143665895503313601e-01
-2.169237114365736019e-01
-2.194808334146518547e-01
-2.220379554917441822e-01
-2.245950776694466411e-01
-2.271521999457614960e-01
-2.297093223171445264e-01
-2.322664499787804038e-01
-2.348235814610796501e-01
-2.373807129225075363e-01
-2.399378443150975426e-01
-2.424949755926675554e-01
-2.450521067097904404e-01
-2.476092376212415402e-01
-2.501663682817961143e-01
-2.527234986462211785e-01
-2.552806286692049786e-01
-2.578377578874785914e-01
-2.603948871369220486e-01
-2.629520159014895886e-01
-2.655091441288928156e-01
-2.680662717649632820e-01
-2.706233987543061881e-01
-2.731805250411424857e-01
-2.757376524027806974e-01
-2.782947830869674788e-01
-2.808519138049839214e-01
-2.834090445006403614e-01
-2.859661751184411349e-01
-2.885233056050561240e-01
-2.910804359112137973e-01
-2.936375659936673044e-01
-2.961946960244409843e-01
-2.987518263477395575e-01
-3.013089568440430188e-01
-3.038660873985152833e-01
-3.064232179037722492e-01
-3.089803482622276443e-01
-3.115374783881117993e-01
-3.140946082090710911e-01
-3.166517376671532102e-01
-3.192088663219008748e-01
-3.217659949887007320e-01
-3.243231232035624356e-01
-3.268802509587178662e-01
-3.294373782571463072e-01
-3.319945051121131474e-01
-3.345516315467896296e-01
-3.371087575938627734e-01
-3.396658793881966454e-01
-3.422230012563531876e-01
-3.447801232136769589e-01
-3.473372452678333278e-01
-3.498943674209069044e-01
-3.524514896714484036e-01
-3.550074474830195448e-01
-3.575645784132756022e-01
-3.601217156689989762e-01
-3.626788528557284841e-01
-3.652359899240561480e-01
-3.677691896956561401e-01
-3.702720116819094853e-01
-3.728065946848750367e-01
-3.753272071220328243e-01
-3.778591991882009338e-01
-3.803851417905028676e-01
-3.829400912174627525e-01
-3.854932226999518430e-01
-3.880511906996067517e-01
-3.905780679621986828e-01
-3.931320196836922687e-01
-3.956901036973922148e-01
-3.982481812800631737e-01
-4.008062534066219040e-01
-4.033643300847171709e-01
-4.059224041133508432e-01
-4.084804761335668610e-01
-4.110385466592104686e-01
-4.135966160912883383e-01
-4.161546847340024113e-01
-4.187127528110394237e-01
-4.212708177639164497e-01
1.202597289655233660e-07
1.286630572052883481e-07
5.729026103950501627e-05
5.371197034305321712e-05
4.426653673914585823e-05
3.187941870895822949e-05
2.143296141276189239e-05
8.479395357270425081e-06
-1.340235575106219074e-05
-4.911643736580917341e-05
-9.268330765483644162e-05
-1.485167084659200297e-04
-2.212378362751490067e-04
-3.070399236079475545e-04
-4.048889365911676895e-04
-5.119712952029651081e-04
-6.228945064693495624e-04
-7.673695781946351328e-04
-9.208306661497011334e-04
-1.110444387478481520e-03
-1.297521621787053967e-03
-1.500438724927308709e-03
-1.697274916194946000e-03
-1.909056705321766391e-03
-2.152710257764547941e-03
-2.433810255938528844e-03
-2.698073066692528721e-03
-2.955230051164443438e-03
-3.216161420104437282e-03
-5.353768283997214703e-03
-7.256405420433411670e-03
-8.699726804566878038e-03
-1.047174998562584898e-02
-1.173326725230172847e-02
-1.324654288877899141e-02
-1.495180343787896014e-02
-1.670399204384912656e-02
-1.837777792188688072e-02
-2.018501432199759291e-02
-2.160121079053850882e-02
-2.258700620825439612e-02
-2.377975879700572337e-02
-2.503921020270421030e-02
-2.578611751362328355e-02
-2.634024394505804847e-02
-2.697780296811447265e-02
-2.739556453811415118e-02
-2.785844300909446833e-02
-2.832210639345124001e-02
-2.929726461031612397e-02
-2.983637778824473410e-02
-3.043271260337268927e-02
-3.106224587835703516e-02
-3.170073806876549938e-02
-3.224921207862898459e-02
-3.288155153573682488e-02
-3.343850604685805888e-02
-3.393307885388525263e-02
-3.449264390171882799e-02
-3.495466835153751561e-02
-3.537332630034682041e-02
-3.569291502059281779e-02
-3.601770684072966300e-02
-3.623576954005673645e-02
-3.640258847578453638e-02
-3.651364544092210868e-02
-3.655002330651206666e-02
-3.657204611782144399e-02
-3.659411357941338289e-02
-3.662681248703739817e-02
-3.663987438900042498e-02
-3.665500711448699267e-02
-3.667032828266528904e-02
-3.668061855284166645e-02
-3.667329979626923059e-02
-3.666879060400066170e-02
-3.666355615014785241e-02
-3.666231669572481144e-02
-3.666138622322705903e-02
-3.665956848481185387e-02
-3.665125119273455329e-02
-3.662381548035290035e-02
-3.656371675428967544e-02
-3.641725440206233788e-02
-3.617616640197447025e-02
-3.583698394466102582e-02
-3.535149157291115479e-02
-3.476098092360492553e-02
-3.406041979430846772e-02
-3.329367268080750397e-02
-3.244562471875266779e-02
-3.152304445659036974e-02
-3.056388102796802828e-02
-2.953486759213442767e-02
-2.847109484662100135e-02
-2.740085045538348529e-02
-2.628033944486749332e-02
-2.513907004607546930e-02
-2.397386327130401548e-02
-2.278286911862074937e-02
-2.155469675930501289e-02
-2.028451348555009373e-02
-1.898149271652880762e-02
-1.763990401354570067e-02
-1.628960931037195040e-02
-1.492580532032626063e-02
-1.354877759817492248e-02
-1.214639260064821411e-02
-1.068293645514222304e-02
-9.186276780854801122e-03
-7.688697636941640469e-03
-6.195592596427953666e-03
-4.680651714048448056e-03
-3.147059083704264668e-03
-1.565273066879594799e-03
2.524976637598110022e-05
1.622719049295991665e-03
3.255760963326182183e-03
4.876427965910206004e-03
6.515886180459820078e-03
8.183378058324903767e-03
9.884700503209128616e-03
1.163247213677829489e-02
1.341640863956981844e-02
1.518953466581299261e-02
1.694761061437631208e-02
1.867008936747701145e-02
2.038471772309062915e-02
2.212541372673835008e-02
2.385698894140365206e-02
2.555235307967160946e-02
2.719972756560993035e-02
2.884033418232833171e-02
3.050065990197008137e-02
3.217470430296774653e-02
3.386097023186058347e-02
3.559331038501147015e-02
3.734074273775953023e-02
3.909363846265276332e-02
4.086809039289804324e-02
4.266582136394995312e-02
4.449915249325099575e-02
4.637329432403574508e-02
4.823276726410671844e-02
5.010318987101234495e-02
5.199767793643366581e-02
5.392074742731414738e-02
5.587739483628642589e-02
5.786864414145809904e-02
5.980959388450850928e-02
6.175376351361954591e-02
6.375480643403845515e-02
6.577838149654044453e-02
6.777860380514037775e-02
6.979237321802909955e-02
7.183555795164699165e-02
7.390254435215015683e-02
7.598388393145140418e-02
7.809452354633732163e-02
8.023777318914993018e-02
8.237472205308725426e-02
8.454802233604219452e-02
8.669989456047062781e-02
