-7.277648693923668173e-07
-7.430331390164346180e-07
-5.480773193647165342e-04
-1.095427283109699692e-03
-1.642757967338202493e-03
-2.190071041384846103e-03
-2.732420230762515594e-03
-3.274388750091854986e-03
-3.817567891326668298e-03
-4.357361065638451839e-03
-4.903513929726207449e-03
-5.459702593638015786e-03
-6.026793627669502218e-03
-6.597415944129431456e-03
-7.170153007521617300e-03
-7.744501317302225282e-03
-8.329602227472509765e-03
-8.931089888653900161e-03
-9.531784654490345343e-03
-1.014667168372911446e-02
-1.076026901236489149e-02
-1.136815461905545284e-02
-1.198340828760289384e-02
-1.260538171429648364e-02
-1.323085445721109213e-02
-1.385976803852635025e-02
-1.450663409089055812e-02
-1.516510153888316580e-02
-1.582805327223189493e-02
-1.648634920283932256e-02
-1.715172064542747760e-02
-1.781003085960281701e-02
-1.848231723925217521e-02
-1.916637868970249431e-02
1.999995944957819183e-01
1.999995792661419525e-01
1.997265153037282859e-01
1.994612956233022261e-01
1.992075830377803558e-01
1.989650029827464695e-01
1.987334123732158453e-01
1.985130886386267113e-01
1.983033033941819789e-01
1.981022406301592709e-01
1.979131452664630586e-01
1.977325264459149357e-01
1.975596058814106382e-01
1.973968952376945751e-01
1.972464399821119707e-01
1.971088863955618442e-01
1.969843660127399421e-01
1.968723226935429615e-01
1.967732054546180998e-01
1.966871239282026174e-01
1.966141794277891097e-01
1.965567966517193788e-01
1.965152491424587977e-01
1.964886380273255240e-01
1.964786752670973358e-01
1.964829264936213682e-01
1.965023854132306735e-01
1.965376970318081784e-01
1.965895318590248908e-01
1.966555208137594213e-01
1.967367867173701879e-01
-3.039873076986720602e-06
-3.055893875319210458e-06
-2.083635641645520918e-03
-4.203010583144942136e-03
-6.297423651092516617e-03
-8.392903804252418304e-03
-1.050272212396280783e-02
-1.263506703838446904e-02
-1.481685616234104143e-02
-1.696613077044510295e-02
-1.914494732535154675e-02
-2.133205832518262832e-02
-2.350928539827364105e-02
-2.568953979721467357e-02
-2.789278743222584761e-02
-3.009328805927946257e-02
-3.227100110163342445e-02
-3.445247645213708743e-02
-3.665343957075152537e-02
-3.885449529153491011e-02
-4.103719215496173800e-02
-4.323072522310410920e-02
-4.542354658438330084e-02
-4.754625713727560904e-02
-4.966425388461517126e-02
-5.179960141217251901e-02
-5.387756129761499257e-02
-5.590148904535727215e-02
-5.790110844442057647e-02
-5.988259175955197577e-02
-6.185976830392663633e-02
-6.383376948826814667e-02
-6.581701458257049886e-02
-6.783171615165245472e-02
-6.987851681263687609e-02
-7.190547126947348378e-02
-7.390054767690268367e-02
-7.584277112889352412e-02
-7.774321456281171883e-02
-7.960047622458023275e-02
-8.149252478621439588e-02
-8.337933971712582770e-02
-8.519743774435799277e-02
-8.702403205791002516e-02
-8.885469708802969102e-02
-9.069326817078604552e-02
-9.251324663664836634e-02
-9.434270214024324808e-02
-9.620795459063034849e-02
-9.806434614212362899e-02
-9.991495812623268913e-02
-1.017407900707769791e-01
-1.035170930699494535e-01
-1.052885593792830254e-01
-1.070086447240796573e-01
-1.087212678169273000e-01
-1.104591755733937558e-01
-1.121581613591039195e-01
-1.138222315731643730e-01
-1.154343189473532455e-01
-1.170654339026206275e-01
-1.187141803197079987e-01
-1.202963612174375863e-01
-1.218898134919986082e-01
-1.235054860407805571e-01
-1.251543994350018674e-01
-1.268014859676763473e-01
-1.284150394928505190e-01
-1.299870275525002172e-01
-1.315714089556574429e-01
-1.331938117480467587e-01
-1.347845165813238710e-01
-1.363927219050263262e-01
-1.380570631336917875e-01
-1.397933926254596726e-01
-1.415032705106090416e-01
-1.432337291997959894e-01
-1.449842571369691357e-01
-1.467517813977598784e-01
-1.485437025199271011e-01
-1.503657401525032578e-01
-1.521858977192900031e-01
-1.540272337179495743e-01
-1.558998163842304774e-01
-1.577595998617968009e-01
-1.596134693661431792e-01
-1.614982846601618338e-01
-1.633979645385177648e-01
-1.652875187289434278e-01
-1.671545293263123344e-01
-1.690437056362261714e-01
-1.709501407512392379e-01
-1.729236715668786839e-01
-1.749273713951723375e-01
-1.769369017319926962e-01
-1.789717282140888543e-01
-1.810357402525843429e-01
-1.831461004562092432e-01
-1.853017507630370098e-01
-1.874817130934836595e-01
-1.896961200232739064e-01
-1.919106973686898476e-01
-1.941556581670741688e-01
-1.964296590331493786e-01
-1.987381130445299016e-01
-2.010054889119620714e-01
-2.032735397004434563e-01
-2.054875692716073288e-01
-2.077100809951703819e-01
-2.099112918484583312e-01
-2.120632021133661282e-01
-2.142480708524036603e-01
-2.163846566790428860e-01
-2.184672337160451228e-01
-2.205797142169603209e-01
-2.227103682988218203e-01
-2.248391964683907618e-01
-2.269705676398975080e-01
-2.291959834620998782e-01
-2.314003172318062906e-01
-2.335689283786893944e-01
-2.357837789421539376e-01
-2.379827638941170720e-01
-2.402624991384562370e-01
-2.425654128662958764e-01
-2.448822968426504765e-01
-2.472242380821494390e-01
-2.495890056901175491e-01
-2.519377106892397022e-01
-2.542972206248765854e-01
-2.566730173088672129e-01
-2.590621408786181745e-01
-2.614621229077425668e-01
-2.638674879469102286e-01
-2.662687723225412584e-01
-2.686412305611904916e-01
-2.710209696522049572e-01
-2.734000833122000040e-01
-2.757630057080225905e-01
-2.781170403698488558e-01
-2.804341686177913018e-01
-2.827202039559280067e-01
-2.850095830223410842e-01
-2.873470297010888852e-01
-2.897352918017335188e-01
-2.920859133312985745e-01
-2.943749629353951680e-01
-2.966095378585273390e-01
-2.987974740608470570e-01
-3.009389599046976005e-01
-3.030595906862965649e-01
-3.051544637692751305e-01
-3.072570052987295131e-01
-3.093171218663431921e-01
-3.113930021109568291e-01
-3.135431726457324486e-01
-3.156527515861738964e-01
-3.177518232023278655e-01
-3.198374783062354343e-01
-3.219144491543455278e-01
-3.239920222253607207e-01
-3.261058979360928478e-01
-3.282017836556004320e-01
-3.302595042212967957e-01
-3.323069054310923143e-01
-3.343287885479028776e-01
-3.363112412757971459e-01
-3.382484639052307784e-01
-3.401876070173023292e-01
-3.421588370543016122e-01
-3.440347793966017642e-01
-3.459529297763009881e-01
-3.478995212821099359e-01
-3.498590952737924975e-01
-3.517825527760448101e-01
-3.536670207334691174e-01
-3.555968033670538486e-01
-3.575332446171495815e-01
-3.594933801244226679e-01
-3.614353871760402348e-01
-3.633448749638897857e-01
-3.652630508282290189e-01
-3.671566007822318345e-01
-3.690626540408966094e-01
-3.709644862348387973e-01
-3.728245943752679370e-01
-3.746827860375781527e-01
-3.765591357260028582e-01
-3.785055647078813812e-01
-3.804219100251933772e-01
-3.823463641102822219e-01
-3.842339457877647635e-01
-3.861720218999033505e-01
-3.880879289520056119e-01
-3.899893052954431227e-01
-3.919511536562869103e-01
-3.939778991591876278e-01
-3.959571840572713719e-01
-3.978890805030843580e-01
-3.997943020158409300e-01
-4.016589089908351173e-01
-4.035665526277464332e-01
-4.054890736256511197e-01
-4.074386632105713169e-01
-4.093738652281906365e-01
-4.112904265249582858e-01
-4.132332124133408779e-01
-4.151381293133437622e-01
-4.170498592176440922e-01
-4.189732404109983155e-01
-4.208919126862607496e-01
-4.227987480586343216e-01
-4.247268655128200732e-01
-4.266753393820186258e-01
-4.285700958604243271e-01
-4.304239878230490812e-01
-4.322921038775198732e-01
-4.341301651338775325e-01
-4.378053942746376048e-01
-2.000024584358149615e-01
-2.000024743324534393e-01
-2.013872378021851761e-01
-2.028407815969493766e-01
-2.043060345377129550e-01
-2.057639980998341722e-01
-2.072705698309975086e-01
-2.087975355605458383e-01
-2.103539062734015030e-01
-2.119476196065280815e-01
-2.135129751414884536e-01
-2.151265520333214831e-01
-2.167824779439216365e-01
-2.184793511652126097e-01
-2.201927912848243296e-01
-2.218870993166132399e-01
-2.235522518893286459e-01
-2.252298625654560738e-01
-2.268753481707452280e-01
-2.285228410976175017e-01
-2.301910593111829995e-01
-2.318958664965642125e-01
-2.336386655257570999e-01
-2.353770073070667324e-01
-2.371347912199552321e-01
-2.388658358605932619e-01
-2.406320904421960782e-01
-2.424209037762985741e-01
-2.442742026358606655e-01
-2.460737476562347148e-01
-2.478186102228494558e-01
-2.495440187428768219e-01
-2.512925330604321994e-01
-2.530981219778675184e-01
-2.548943033950782922e-01
-2.566238343872556116e-01
-2.583015370823708023e-01
-2.599225071056974756e-01
-2.615543304566353422e-01
-2.631439274167549081e-01
-2.647088124930917497e-01
-2.662848760796060477e-01
-2.679266421809621268e-01
-2.695539046127670701e-01
-2.711943147966255907e-01
-2.728470328009283685e-01
-2.745202251172821906e-01
-2.761275297262001938e-01
-2.777523787014579693e-01
-2.794157858591103660e-01
-2.811205420587678527e-01
-2.827765918627297426e-01
-2.844195382141240791e-01
-2.860541475213928542e-01
-2.877696868763959248e-01
-2.895316172645485686e-01
-2.912540724981944606e-01
-2.929765249219415946e-01
-2.946927141890746671e-01
-2.964157861045406683e-01
-2.981952157775319967e-01
-2.999830131722533433e-01
-3.018211309703292544e-01
-3.036581565504098412e-01
-3.055458358733139090e-01
-3.074743944783104310e-01
-3.093634998011491333e-01
-3.112713213701416293e-01
-3.131721067732000652e-01
-3.150340195157060874e-01
-3.168790692613614457e-01
-3.187420429657683574e-01
-3.206322278041906504e-01
-3.225118037645878788e-01
-3.244279734568874529e-01
-3.263319062869627363e-01
-3.282479100085901602e-01
-3.301805880227193790e-01
-3.321635468921332324e-01
-3.341270293973824246e-01
-3.360742151740922501e-01
-3.380678216555740301e-01
-3.400677695389976996e-01
-3.421317866520153239e-01
-3.441788671139234812e-01
-3.462693398760073871e-01
-3.483750258623548035e-01
-3.504056603465823816e-01
-3.523864931233770537e-01
-3.543845399999994705e-01
-3.564127832377706473e-01
-3.584522294363792771e-01
-3.604670865139960045e-01
-3.624588756094323516e-01
-3.644693665858663723e-01
-3.664522478135666117e-01
1.999967892849574824e-01
1.999967732968336576e-01
1.979518905355628078e-01
1.958838693486895655e-01
1.937912061203445890e-01
1.917572549811232541e-01
1.896950101640731134e-01
1.876543799140556190e-01
1.856193993714004009e-01
1.835774300521250679e-01
1.815147261472333517e-01
1.795259494683500712e-01
1.776141938517634411e-01
1.757680098471338104e-01
1.739287213724037828e-01
1.720790329313655331e-01
1.702554342456873704e-01
1.684532551485061203e-01
1.666263076151987543e-01
1.648099938871743220e-01
1.629647321316300690e-01
1.611316695183664938e-01
1.592964039490746275e-01
1.574712096977713416e-01
1.556689606169600060e-01
1.539691011503469265e-01
1.523026676302209059e-01
1.506703369651125335e-01
1.490230363207919184e-01
1.473530423041924942e-01
1.456600254203254674e-01
1.439876718590492322e-01
1.423434858226894639e-01
1.406952827782564919e-01
1.391020849187508956e-01
1.375066239193892259e-01
1.359113784340846842e-01
1.343205950440275187e-01
1.327557740830697386e-01
1.312106415231078793e-01
1.296454218703786410e-01
1.280447094970339483e-01
1.264402176907523934e-01
1.248271831712521596e-01
1.232214546924001730e-01
1.216689477581928414e-01
1.200851243136297208e-01
1.185070203692478730e-01
1.169546552159845682e-01
1.153701314013948626e-01
1.137778871803486191e-01
1.121843205617363143e-01
1.106516674222250141e-01
1.091664798261567926e-01
1.076797632970607210e-01
1.062127750401266474e-01
1.047571420217640326e-01
1.033197519181391771e-01
1.018394133669510287e-01
1.003469316797364341e-01
9.891776855380279843e-02
9.751479995937774314e-02
9.612978090890228478e-02
9.474853204587367628e-02
9.338651938578408640e-02
9.201423126432459187e-02
9.067346672168562216e-02
8.930038455664794650e-02
8.793017872155876880e-02
8.660587719141081553e-02
8.525102069319288878e-02
8.391794027548955814e-02
8.256132193726058166e-02
8.121177556618450200e-02
7.986789990394475847e-02
7.854163881261293223e-02
7.722927985778779703e-02
7.590795341201959923e-02
7.461387878750937175e-02
7.337888775115943008e-02
7.214634566756167322e-02
7.091838035722122791e-02
6.973112707286925616e-02
6.851874904940456756e-02
6.732163965961972252e-02
6.616212660583477290e-02
6.499478484937935840e-02
6.382246034875800611e-02
6.268462564320569086e-02
6.150887536925173787e-02
6.040120378924407341e-02
5.932636342411433394e-02
5.828292690816935795e-02
5.722650648468498996e-02
5.621566756939558318e-02
5.522979401563479079e-02
5.426982422360204089e-02
5.329763340200879829e-02
5.236287604316071376e-02
5.145510096541817957e-02
5.056244204882304888e-02
4.960734036517891465e-02
4.868196450749991827e-02
4.777934475770034134e-02
4.688882162748566479e-02
4.601942604824435512e-02
4.514901808376051845e-02
4.426038200978429232e-02
4.336503200187607349e-02
4.246425438808362068e-02
4.158990712249276828e-02
4.073166835648314721e-02
3.987987676642785334e-02
3.906326218867295363e-02
3.826313989022489537e-02
3.749980087080546226e-02
3.676038038735805064e-02
3.604717514844079512e-02
3.536183852768506192e-02
3.470525541125160651e-02
3.406382348692166967e-02
3.345260688516929481e-02
3.284658421181431420e-02
3.224559045624740550e-02
3.164125321903684535e-02
3.105749575032869594e-02
3.050434195118549574e-02
2.998734764922056373e-02
2.948722826337233857e-02
2.901425993571179335e-02
2.858025869789266107e-02
2.815974276420556491e-02
2.776131516915417152e-02
2.738806421649480141e-02
2.702479964506056265e-02
2.668969232826031920e-02
2.637240202179513132e-02
2.607376536345306847e-02
2.579256380645741573e-02
2.552420968917474761e-02
2.526537266479586194e-02
2.503365985414493511e-02
2.481846677438814125e-02
2.461711711915635578e-02
2.443573354514610649e-02
2.427226766133087216e-02
2.412996544426833714e-02
2.399974211852520106e-02
2.388243319378163809e-02
2.378247439667264401e-02
2.370021113973234256e-02
2.363552751291365592e-02
2.358972708690674006e-02
2.355985313698547717e-02
2.354405952336325117e-02
2.354353333279513710e-02
2.355905437690537438e-02
2.359054638348313457e-02
2.363652600174681942e-02
2.369919752182257297e-02
2.377752849324951678e-02
2.387304548278881486e-02
2.398873607481228493e-02
2.412845121376031021e-02
2.428606630706237404e-02
2.446513582194575695e-02
2.467039183182230186e-02
2.490761240770230506e-02
2.517465526649887569e-02
2.546741170725287662e-02
2.578541318808231717e-02
2.613169163044890692e-02
2.650716116733957753e-02
2.692332722864312911e-02
2.737588753160608013e-02
2.785748110967495306e-02
2.837374269993291065e-02
2.891201534095140177e-02
2.947508200405458967e-02
3.004108424025588031e-02
3.064019450832786151e-02
3.127151988558963397e-02
3.194222936456728862e-02
3.263025265464201963e-02
3.337009520176372618e-02
3.415399222602676088e-02
3.498591280276348858e-02
3.582817395053954773e-02
3.670429516001005865e-02
3.762610520945305209e-02
3.857758267434062416e-02
3.953537539453119004e-02
4.054280725790490592e-02
4.157337514899045461e-02
4.264763580934830683e-02
4.374753269323472527e-02
4.488953009929690097e-02
4.604733483486067591e-02
4.722930520570620821e-02
4.844257672685989280e-02
4.969011407355031912e-02
5.095576970822132679e-02
5.225835601308506662e-02
5.358096429757652074e-02
5.493984401101938836e-02
5.630893553234512378e-02
5.769813311971871278e-02
5.913071742108903794e-02
6.059593884257324231e-02
6.206911361691464651e-02
6.357850940052153788e-02
6.511616283743786038e-02
6.667854887666471719e-02
6.824939374255310776e-02
6.982699654892945973e-02
7.144196098408915618e-02
7.305498903758038398e-02
7.469506803039399623e-02
7.635575753021181522e-02
7.803299085347906172e-02
7.974562364716351881e-02
8.147293556603575626e-02
8.322624627575453404e-02
8.497708023337487149e-02
8.675159449297921432e-02
8.854723477065716553e-02
9.035162529147643118e-02
9.220550319840420395e-02
9.407383504867966595e-02
9.593095967687548242e-02
9.779786597850299856e-02
9.967908789827123472e-02
1.015633503152605921e-01
1.034660683219326832e-01
1.053679002908072398e-01
1.073116226654998451e-01
1.092721400615563471e-01
1.112889888522625714e-01
1.132916520327328924e-01
1.153183623956831327e-01
1.173337802776942412e-01
1.193714130923243244e-01
1.214260423445990278e-01
1.234516929529303197e-01
1.255097353145467332e-01
1.275668509181494270e-01
1.296344125329292329e-01
1.317164830225804606e-01
1.338238574985638474e-01
1.359315811077742853e-01
1.380388046066576835e-01
1.401603511722293305e-01
1.422641804571764534e-01
1.443547146894108846e-01
1.464546975868233902e-01
1.485769605240901126e-01
1.507205155738764457e-01
1.528664762646519959e-01
1.550244052640449011e-01
1.571806951838411459e-01
1.593199495940729737e-01
1.614363607486570817e-01
1.635636441673794794e-01
1.656927531421961697e-01
1.678375953781220120e-01
1.699756285913576470e-01
1.721374122774602389e-01
1.742782660967648889e-01
1.763907990729409181e-01
1.785000727512518204e-01
1.806009309038983657e-01
1.827110543751473970e-01
1.847893316624947546e-01
1.868619930981886834e-01
1.889317228641325119e-01
1.910017957453500059e-01
1.930528592208975436e-01
1.950607209925829533e-01
1.970407009162704615e-01
1.989945033871665381e-01
2.009339059947772010e-01
2.028746895996924038e-01
2.048013668828788936e-01
2.067707488290371209e-01
2.087047124587241564e-01
2.106268601475547730e-01
2.125297687275278513e-01
2.144328247595824743e-01
2.163234866314869276e-01
2.181958767362538743e-01
2.200685253522918494e-01
2.219177262275770224e-01
2.237696132788788983e-01
2.256054634061109010e-01
2.273989549093224927e-01
2.291581948174201411e-01
2.309185768385652593e-01
2.326874010256697323e-01
2.344080212161291643e-01
2.361094636372477185e-01
2.377715775089224437e-01
2.394327893006945873e-01
2.410545070482922048e-01
2.426515620607559987e-01
2.442322767748584811e-01
2.457966374918083285e-01
2.473386884395905039e-01
2.488579973118558442e-01
2.503538135326499603e-01
2.518425270656544090e-01
2.533168662508322178e-01
2.547684514120664989e-01
2.561919782662447909e-01
2.575708068088997660e-01
2.589347833351003381e-01
2.602922898421785036e-01
2.616325953752778877e-01
2.629215266058865241e-01
2.642093869205783263e-01
2.654840439417606168e-01
2.667399813088717764e-01
2.679762995715898599e-01
2.692107324144080160e-01
2.704389533996316985e-01
2.716492678222182100e-01
2.728553320261644100e-01
2.740612599537596283e-01
2.752694383997403849e-01
2.764584428130861249e-01
2.776192973652998330e-01
2.787770315671089238e-01
2.799174907241213650e-01
2.810455137822115979e-01
2.821529173894509746e-01
2.832563607883305523e-01
2.843639954437782724e-01
2.854566807529366201e-01
2.865283419081542937e-01
2.875804126674648686e-01
2.886065115777057266e-01
2.896144171879700413e-01
2.906104638941506280e-01
2.915871163410849176e-01
2.925475158938732889e-01
2.935045161755488463e-01
2.944622884344509361e-01
2.954291790191549971e-01
2.963806570356189440e-01
2.973165956306479396e-01
2.982433225568729140e-01
2.991761492110792675e-01
3.000882606318795442e-01
3.009821374767957525e-01
3.018610497557362438e-01
3.027238584137426636e-01
3.035705117708965561e-01
3.044126820983154569e-01
3.052430981832705559e-01
3.060675375318750446e-01
3.068996951357196856e-01
3.077388528439332083e-01
3.085773327271775224e-01
3.094149625008102422e-01
3.102520839060669555e-01
3.110742805106592179e-01
3.118858991318586571e-01
3.126909343427985988e-01
3.134848739692733255e-01
3.142766824490302868e-01
3.150526216567117177e-01
3.158254248132041364e-01
3.165865476198669315e-01
3.173405337004159832e-01
3.180937993712181222e-01
3.188311587673696712e-01
3.195557079702613379e-01
3.202673319398291474e-01
3.209583120697659386e-01
3.216491160900956658e-01
3.223366002424147281e-01
3.230207632370547532e-01
3.237008855235911087e-01
3.243729326993351481e-01
3.250353659699142805e-01
3.256875332591233629e-01
3.263259214603001501e-01
3.269509454495787004e-01
3.275597911295696774e-01
3.281435992835465276e-01
3.287089022277070449e-01
3.292596386186245061e-01
3.297946534888515635e-01
3.303102874663823574e-01
3.308108013520001944e-01
3.312998215361619425e-01
3.317765847615939401e-01
3.322400206356219687e-01
3.326923976399487892e-01
3.331289527812523188e-01
3.335602029262150769e-01
3.339812407631860824e-01
3.343925804856130446e-01
3.347924536028196729e-01
3.351811352613520145e-01
3.355621466862910851e-01
3.359309943248245944e-01
3.362847971413223114e-01
3.366217340015300041e-01
3.369435600944228337e-01
3.372493530210659562e-01
3.375353999596117371e-01
3.378001614297137523e-01
3.380398988306521080e-01
3.382560473770461762e-01
3.384472728281033294e-01
3.386163352442083108e-01
3.387630184093503027e-01
3.388869999896014229e-01
3.389880556456718597e-01
3.390654873739674113e-01
3.391191279493783739e-01
3.391499720442117116e-01
3.391589261399913791e-01
3.391453513707115563e-01
3.391104389312716294e-01
3.390537791616643482e-01
3.389773714403303551e-01
3.388811017948554771e-01
3.387635766618076194e-01
3.386290434878911904e-01
3.384777387999908238e-01
3.383068925927771864e-01
3.381163255492543596e-01
3.379085056227460471e-01
3.376804265722421761e-01
3.374293980075658284e-01
3.371592744345856540e-01
3.368740717971325793e-01
3.365721381681657243e-01
3.362543202333891923e-01
3.359102733291589593e-01
3.355417428841268590e-01
3.351473656654933575e-01
3.347334544864660755e-01
3.342934726024881509e-01
3.338236049919172665e-01
3.333236850182526023e-01
3.327994024915646443e-01
3.322610410850617702e-01
3.317042849847547936e-01
3.311241667183322801e-01
3.305052198498524829e-01
3.298539750372218027e-01
3.291864423448753740e-01
3.284941720982002544e-01
3.277759779371253179e-01
3.270276976672406022e-01
3.262493685218923467e-01
3.254399594960014630e-01
3.245972795733316207e-01
3.237235071285073928e-01
3.228190003927106644e-01
3.219014741549266478e-01
3.209700124666675647e-01
3.200014569100045336e-01
3.190107497819256732e-01
3.180129653280961977e-01
3.169802749290266952e-01
3.159366771734788415e-01
3.148705556756947188e-01
3.137640377625228738e-01
3.126164131966710502e-01
3.114469690052894535e-01
3.102585755986948524e-01
3.090366872477667837e-01
3.077950282402532323e-01
3.065188210649115730e-01
3.052229054964128996e-01
3.039068755446945325e-01
3.025729895816352544e-01
3.012273190508285570e-01
2.998480359305373821e-01
2.984805720661843909e-01
2.970872513183318575e-01
2.956696118397675876e-01
2.942158099569708307e-01
2.927308533373787491e-01
2.912037796895506903e-01
2.897100979325578085e-01
2.881816387195305085e-01
2.866157939230698504e-01
2.850561420857959938e-01
2.834973143722560596e-01
2.819544696353726287e-01
2.804076153032957763e-01
2.788638902197707603e-01
2.773066222901819922e-01
2.757195148166434184e-01
2.741486166046501194e-01
2.725656253461926082e-01
2.709406680699176784e-01
2.693304599750445671e-01
2.677373205240591858e-01
2.660844290216217156e-01
2.644077942292903938e-01
2.627150691904788227e-01
2.609763744222397541e-01
2.591878419658961152e-01
2.573166475993344804e-01
2.554287487214174091e-01
2.535011209072211003e-01
2.515625182650891856e-01
2.495918295415339438e-01
2.476148706100217145e-01
2.456799409046801497e-01
2.437094765182593048e-01
2.417371936701830093e-01
2.397616833407363590e-01
2.377823199874711801e-01
2.358293712002707820e-01
2.338480225437836735e-01
4.000016468349040788e-01
4.000016624347910166e-01
4.009814169965528752e-01
4.019607378071764492e-01
4.029460389004326237e-01
4.039268157762554434e-01
4.049322520611773890e-01
4.059706148363232403e-01
4.070542543839789085e-01
4.081442922406511853e-01
4.092448813266882923e-01
4.103570228772000505e-01
4.114388398366162214e-01
4.125137593396567826e-01
4.135647766995605434e-01
4.146311743858968057e-01
4.157153486119832264e-01
4.168054285551707205e-01
4.179088608728857568e-01
4.190605809988168784e-01
4.202385666702950218e-01
4.214289543687122497e-01
4.226245100739647875e-01
4.238604760325023757e-01
4.250469461322279874e-01
4.263189608405650310e-01
4.275650557233892091e-01
4.288479427425554436e-01
4.300877431088749314e-01
4.313545308158712177e-01
4.326598223702630142e-01
4.339462093839087098e-01
4.352291104528636101e-01
4.365053107971037516e-01
4.377822626130415395e-01
4.390848436554037892e-01
4.403781450667033637e-01
4.416914096766223485e-01
4.429966274110822000e-01
4.443119495260824392e-01
4.456601465141183382e-01
4.470115569440989978e-01
4.483167015672180900e-01
4.496315442443813426e-01
4.509454131927196907e-01
4.522933496517513863e-01
4.536589753629590160e-01
4.550571755785020045e-01
4.564439754554460160e-01
4.578523623328139558e-01
4.592812641530006346e-01
4.607152959876823495e-01
4.621975067931675119e-01
4.637069026418502160e-01
4.652045739971065741e-01
4.666728612006003085e-01
4.681432048696549941e-01
4.696045089093229818e-01
4.710530938198252415e-01
4.724936611103903172e-01
4.739376291719287204e-01
4.754420934927970355e-01
4.769320856742896297e-01
4.784663346371917370e-01
4.800873128828825886e-01
4.816835861919455120e-01
4.832878266925361710e-01
4.848688347488827599e-01
4.864873965984822246e-01
4.881057000830246739e-01
4.897261193775525601e-01
4.913351478859448451e-01
4.929104859137528605e-01
4.945057683608207189e-01
4.961031748609230907e-01
4.976854961711891789e-01
4.992216656342055026e-01
5.008265835968712665e-01
5.024684169922125632e-01
5.041459979868895269e-01
5.058317466604838053e-01
5.075365241112739234e-01
5.092688933854618849e-01
5.109826920624639390e-01
5.127625699779175816e-01
5.145321135755528408e-01
5.163077870810429681e-01
2.000009022718995111e-01
2.000009175987597920e-01
2.006306740528883692e-01
2.012579737690146364e-01
2.018787061703793129e-01
2.025090464844461757e-01
2.031307331383059300e-01
2.037408898487448883e-01
2.043410840727936939e-01
2.049253052184697721e-01
2.055054604733848045e-01
2.060707298054419712e-01
2.066009523198246434e-01
2.071244146066500702e-01
2.076398493026698211e-01
2.081499670666974444e-01
2.086491380620057734e-01
2.091547485333991874e-01
2.096367513157078033e-01
2.101132904666061507e-01
2.105817465011983192e-01
2.110528528107467605e-01
2.115165756366306216e-01
2.119622123394718505e-01
2.123955020420591477e-01
2.128141695860906180e-01
2.132426018372282073e-01
2.136522546001532463e-01
2.140581835298423774e-01
2.144620733389681899e-01
2.148639522365952959e-01
2.152630453629218454e-01
2.156489691752866422e-01
2.160263493158915138e-01
2.163928576117996327e-01
2.167580996883992084e-01
2.171185104093318885e-01
2.174662713321539320e-01
2.178114773422179240e-01
2.181565285723899295e-01
2.184941582374201330e-01
2.188255620484151620e-01
2.191505584131956119e-01
2.194654058993712464e-01
2.197649988871175908e-01
2.200640196226610890e-01
2.203607901663283963e-01
2.206463948348251491e-01
2.209235299498527871e-01
2.212006459122930202e-01
2.214750281776569629e-01
2.217378444006072313e-01
2.219932013839892582e-01
2.222407832023073349e-01
2.224876553832739190e-01
2.227296431878147964e-01
2.229707765653395901e-01
2.232101763280088524e-01
2.234413895292653440e-01
2.236674212483709956e-01
2.238889869402668764e-01
2.241096108068337533e-01
2.243267310905158740e-01
2.245385160207912789e-01
2.247491841507064936e-01
2.249548531957983044e-01
2.251478764724968717e-01
2.253392503731504737e-01
2.255266652156537877e-01
2.257068953416540014e-01
2.258837480643436091e-01
2.260536900281622519e-01
2.262186267352815638e-01
2.263844357474700808e-01
2.265473840894625945e-01
2.267142387240446977e-01
2.268759510612402830e-01
2.270362665818327630e-01
2.271906392896767546e-01
2.273424029825282522e-01
2.274870419031309599e-01
2.276237585850038048e-01
2.277528894158581119e-01
2.278730187837639531e-01
2.279837766233185348e-01
2.280872957049523420e-01
2.281841937458925218e-01
2.282723980273510533e-01
2.283547378882638257e-01
2.284313906837363295e-01
2.285026315593061963e-01
2.285693704836264939e-01
2.286276565976836372e-01
2.286792715657750275e-01
2.287219579622744303e-01
2.287596793647228288e-01
2.287924102646726188e-01
2.288219530487691222e-01
2.288458417057547822e-01
2.288647673398962468e-01
2.288773256486507091e-01
2.288824804479183406e-01
2.288815627315846923e-01
2.288733723975132084e-01
2.288570012591447378e-01
2.288320843070190402e-01
2.288001362797741078e-01
2.287618919734536460e-01
2.287179894911203493e-01
2.286703988601813675e-01
2.286184146386250060e-01
2.285611828604676710e-01
2.285004463546715381e-01
2.284331213934923110e-01
2.283603035499933986e-01
2.282829864815460463e-01
2.282032854732498617e-01
2.281220331374958221e-01
2.280398241450332653e-01
2.279570844693501186e-01
2.278728997602552653e-01
2.277827834304980148e-01
2.276923321504777387e-01
2.276011226616952154e-01
2.275127648334330788e-01
2.274241345443749895e-01
2.273353337408508812e-01
2.272478920972148819e-01
2.271629491637312814e-01
2.270816921107325359e-01
2.270022412033679549e-01
2.269203143833310732e-01
2.268355779490363877e-01
2.267491573042414166e-01
2.266588123316541359e-01
2.265621392261965017e-01
2.264596878376793909e-01
2.263519088455485662e-01
2.262433027010146702e-01
2.261308084276143493e-01
2.260117951711345941e-01
2.258871640293067529e-01
2.257550823876883495e-01
2.256174842632475974e-01
2.254719961770581260e-01
2.253238523304345320e-01
2.251710551829770590e-01
2.250129285477149854e-01
2.248538895351840372e-01
2.246894468998676953e-01
2.245280822921466857e-01
2.243641224156028569e-01
2.242002255669305610e-01
2.240288159811133495e-01
2.238547930337735359e-01
2.236762534604238295e-01
2.234981334041152568e-01
2.233189501817859635e-01
2.231400836427516743e-01
2.229593182727102607e-01
2.227849118277082097e-01
2.226023640305682116e-01
2.224163290048332686e-01
2.222287838516922021e-01
2.220366036397631027e-01
2.218453003770024523e-01
