-3.999998553652489020e-01
-3.999998452095427925e-01
-3.999292522977051512e-01
-3.999092807388113235e-01
-3.998801197802590024e-01
-3.998274174844100304e-01
-3.997680510365720363e-01
-3.996969308083414552e-01
-3.995905359668762147e-01
-3.994863009772047224e-01
-3.993690828590381603e-01
-3.992483551951271359e-01
-3.990992410365064025e-01
-3.989871867914912551e-01
-3.988882173252323304e-01
-3.988144692025511473e-01
-3.987324256109366916e-01
-3.986831018758136835e-01
-3.986491619397410369e-01
-3.986155099827686232e-01
-3.986139102257084676e-01
-3.986160799638253649e-01
-3.986384318972567842e-01
-3.986342726710460083e-01
-3.986277495983668318e-01
-3.986348180385760887e-01
-3.986319390434485688e-01
-3.985912140528055092e-01
-3.985724060710344463e-01
-3.985923661107698690e-01
-3.985848540877400259e-01
-3.985468262022691111e-01
-3.985234439839194787e-01
-3.985080099493145123e-01
-3.984446064674795895e-01
-3.983650696122261192e-01
-3.982801100593729715e-01
-3.982479558949784670e-01
-3.980610755238748188e-01
-3.978198131416714745e-01
-3.976598152406672915e-01
-3.975550421977244175e-01
-3.974381698647885264e-01
-3.973394775126662393e-01
-3.972515491965774581e-01
-3.971200572622270442e-01
-3.970181013582227414e-01
-3.969657776500044033e-01
-3.969512443724205197e-01
-3.969419539471069069e-01
-3.969472789814331715e-01
-3.969579762717248550e-01
-3.970023472641123208e-01
-3.970438216645512108e-01
-3.971626179009253854e-01
-3.972538757043832525e-01
-3.973649767502522856e-01
-3.974454407551136215e-01
-3.975239802998641325e-01
-3.975894000970258690e-01
-3.976380064956747673e-01
-3.976947343036097982e-01
-3.977522757701008604e-01
-3.977699741067260431e-01
-3.977817795127447931e-01
-3.977813430861429911e-01
-3.977903556772166005e-01
-3.977890547748927919e-01
-3.977865563995695020e-01
-3.977775270942635610e-01
-3.977763229640427500e-01
-3.977702554567587589e-01
-3.977688750089107828e-01
-3.977477349822434172e-01
-3.977136704102990361e-01
-3.976829271659620968e-01
-3.976409596044770400e-01
-3.975914384299467641e-01
-3.975361689532164178e-01
-3.974840444925906713e-01
-3.974258817346099093e-01
-3.973835646064589056e-01
-3.973304926198318876e-01
-3.972717333210039614e-01
-3.972133197788648706e-01
-3.971480441039543230e-01
-3.970901551522552086e-01
-3.970416436396575488e-01
-3.969828759658425299e-01
-3.969254047522491335e-01
-3.968836220583565333e-01
-3.968550384947536758e-01
-3.968415470639686249e-01
-3.968209072685633942e-01
-3.967961760146113681e-01
-3.967712318084247181e-01
-3.967411128412102195e-01
-3.967079692712499051e-01
-3.966843820921207575e-01
-3.966549978246814989e-01
-3.966223593315509888e-01
-3.965886699488270772e-01
-3.965641172689691185e-01
-3.965300730481128300e-01
-3.965056371087798404e-01
-3.964846671386527688e-01
-3.964631237864349456e-01
-3.964394476941845435e-01
-3.964165988619984260e-01
-3.963991920180581219e-01
-3.963868586358857415e-01
-3.963729699843668852e-01
-3.963619073941172521e-01
-3.963529114342609350e-01
-3.963425707462034375e-01
-3.963355309676739879e-01
-3.963282272999953393e-01
-3.963171725781824972e-01
-3.963095189673661589e-01
-3.963020111867227580e-01
-3.962951215881597711e-01
-3.962903430187867393e-01
-3.962820301817894242e-01
-3.962757336524763696e-01
-3.962710385177274919e-01
-3.962680720682744684e-01
-3.962670285145322158e-01
-3.962662021290976888e-01
-3.962658798423439044e-01
-3.962659652128608379e-01
-3.962659374411560687e-01
-3.962660151520300822e-01
-3.962656863181251432e-01
-3.962678693182615230e-01
-3.962709183361600718e-01
-3.962732778765765684e-01
-3.962744885863375144e-01
-3.962741432454571777e-01
-3.962718385301188251e-01
-3.962669561817223629e-01
-3.962634344851150292e-01
-3.962608013356428982e-01
-3.962588473090362107e-01
-3.962587114683406297e-01
-3.962598765750488528e-01
-3.962597256979507043e-01
-3.962588416302746386e-01
-3.962579002358683766e-01
-3.962560483623098762e-01
-3.962542855227959571e-01
-3.962534810633605575e-01
-3.962552648378510622e-01
-3.962601663322080081e-01
-3.962712186308718909e-01
-3.962887210936054672e-01
-3.963101276077493629e-01
-3.963339198885384995e-01
-3.963632830932507511e-01
-3.964016957204850033e-01
-3.964273016659584647e-01
-3.964522024360601637e-01
-3.964743617518535213e-01
-3.965012901880448637e-01
-3.965341112881038965e-01
-3.965561137734749386e-01
-3.965800561733430207e-01
-3.965901530389625007e-01
-3.966002002472118759e-01
-3.966208007509872679e-01
-3.966313656697488810e-01
-3.966670848097015312e-01
-3.967048285056472001e-01
-3.967620467624398684e-01
-3.968314104101726691e-01
-3.969295126785285510e-01
-3.970073538468131824e-01
-3.970675107129620907e-01
-3.971263353896095083e-01
-3.971687382338909833e-01
-3.972255744008488798e-01
-3.972802880953948401e-01
-3.973343398361068868e-01
-3.973870869756382374e-01
-3.974303542578506154e-01
-3.974558177901118539e-01
-3.974736935662437354e-01
-3.975058627483979423e-01
-3.975396692829950562e-01
-3.975609660281317348e-01
-3.975675912525413747e-01
-3.975930264572253292e-01
-3.975855407212769421e-01
-3.976053133360093472e-01
-3.976113628558574642e-01
-3.976425434323919705e-01
-3.976713269386491501e-01
-3.977046067259240036e-01
-3.977272397588936803e-01
-3.977632118462182120e-01
-3.978162259675340207e-01
-3.979071761085093417e-01
-3.980227624450307089e-01
-3.981138443591540899e-01
-3.981095949443194115e-01
-3.980702109735306249e-01
-3.980126510674181772e-01
-3.979179873335262907e-01
-3.978283742269236867e-01
-3.978097720091668399e-01
-3.977708482730785144e-01
-3.977246551852116618e-01
-3.976678352865016808e-01
-3.994715986379371309e-01
-4.013491717392333458e-01
-4.032448699464248332e-01
-4.050944841841060962e-01
-4.069698194750955844e-01
-4.088410387742224539e-01
-4.107175281309981552e-01
-4.126742515159857461e-01
-4.147131143240795348e-01
-4.167953224245867783e-01
-4.188390213399440509e-01
-4.208695239031687296e-01
-4.229940206369398603e-01
-4.251324649800080069e-01
-4.272521912901312557e-01
-4.294004905590624310e-01
-4.315399559662753681e-01
-4.336996410996987739e-01
-4.358516689870290950e-01
-4.380255465113649382e-01
-4.401845307372034277e-01
-4.423317826251660367e-01
-4.444709113673764866e-01
-4.466224842324193478e-01
-4.487787927380854636e-01
-4.509124715835604036e-01
-4.530475108143712792e-01
-4.552262045983366812e-01
-4.573954816966555592e-01
-4.595558676000411902e-01
-4.616646227072003228e-01
-4.637562753754182476e-01
-4.658442905770581177e-01
-4.679394238073179002e-01
-4.700086022686751352e-01
-4.720764406580407746e-01
-4.741411846482614934e-01
-4.761770172082005481e-01
-4.781941896302652206e-01
-4.802031982437297564e-01
-4.822251531382916179e-01
-4.842628111261020885e-01
-4.862866642768989833e-01
-4.883043661281083470e-01
-4.902989059521887238e-01
-4.922857333736047059e-01
-4.942791570199248086e-01
-4.962605658729898894e-01
-4.982332947157021574e-01
-5.001939099928234267e-01
-5.021132792313431903e-01
-5.040308751020396993e-01
-5.059339197701607782e-01
-5.078334100316149735e-01
-5.097396533324298762e-01
-5.116246795546335324e-01
-5.134949641907040618e-01
-5.153496079644509509e-01
-5.171950763623357483e-01
-5.190502618438399551e-01
-5.209047681698203425e-01
-5.227731604705780910e-01
-5.246458465697457774e-01
-5.265395127896043137e-01
-5.284165122130116687e-01
-5.302960305824506726e-01
-5.321897543839487765e-01
-5.340724801798545363e-01
-5.359818427927958151e-01
-5.379152439573787747e-01
-5.398254886875665237e-01
-5.417614049296493040e-01
-5.437140638909754298e-01
-5.456672911961399919e-01
-5.476209830616873830e-01
-5.495703103403002387e-01
-3.999987050936293920e-01
-3.999986895671891474e-01
-3.991937494145284537e-01
-3.989762014396210921e-01
-3.987630971094885957e-01
-3.984777985724735072e-01
-3.982338119643709651e-01
-3.979437032602229363e-01
-3.976789940172453242e-01
-3.973519066080886120e-01
-3.970669434289723632e-01
-3.967528423762506362e-01
-3.964463757610212635e-01
-3.960496205098959499e-01
-3.956066093577088050e-01
-3.951092975996120527e-01
-3.945693030464257345e-01
-3.940584612880475013e-01
-3.934585511790565371e-01
-3.929203315148863673e-01
-3.923264569076857500e-01
-3.917842988531369253e-01
-3.912118099378238401e-01
-3.906575901393812278e-01
-3.900564142658969891e-01
-3.893331012584144157e-01
-3.887302407829167916e-01
-3.879795937711462694e-01
-3.872526778252887159e-01
-3.864941305261904159e-01
-3.857033886954450708e-01
-3.850555489954396449e-01
-3.843137444304861039e-01
-3.834887056928503180e-01
-3.827506094108805712e-01
-3.820030095333625808e-01
-3.811129867041657127e-01
-3.802133589569824390e-01
-3.793633100901568356e-01
-3.782378697616304852e-01
-3.774891580561361981e-01
-3.768235258174149060e-01
-3.761104238462697480e-01
-3.756109322651085547e-01
-3.751608224157369498e-01
-3.747593231789058676e-01
-3.743296133097550049e-01
-3.738847656903315220e-01
-3.735066673164871842e-01
-3.731478698832773611e-01
-3.727782646897389029e-01
-3.724345079477891507e-01
-3.720996428166796766e-01
-3.717813458860803610e-01
-3.714938148096665893e-01
-3.712383429246648991e-01
-3.710325630798764762e-01
-3.708592469858537077e-01
-3.707138270479492514e-01
-3.705952514649044072e-01
-3.705001100827129967e-01
-3.704383741851127732e-01
-3.704099564461425520e-01
-3.704153004016229600e-01
-3.704498660816514244e-01
-3.705154101941056100e-01
-3.706100320310608542e-01
-3.707408018666664140e-01
-3.709007588329723548e-01
-3.711106011131285465e-01
-3.713481780825264034e-01
-3.716059531042544828e-01
-3.718880212083500725e-01
-3.721925869897880768e-01
-3.724986124180357794e-01
-3.728079077824400511e-01
-3.731679212526608502e-01
-3.735438458450283661e-01
-3.739261406288713618e-01
-3.743361825277446986e-01
-3.747647693447314077e-01
-3.752057442525983388e-01
-3.756891372510613447e-01
-3.761780658301764335e-01
-3.766549397537034549e-01
-3.771600154811924899e-01
-3.776773671585897385e-01
-3.781855080355106535e-01
-3.787028056043359459e-01
-3.792377207482732770e-01
-3.797547861481100351e-01
-3.802678167967557532e-01
-3.807523301830981199e-01
-3.812042187208128929e-01
-3.816661134242931297e-01
-3.821110730272351819e-01
-3.825745231299073623e-01
-3.830410729743880527e-01
-3.835139500817532632e-01
-3.840303436884256461e-01
-3.846121594541670463e-01
-3.851939075444131277e-01
-3.857587636130655473e-01
-3.863475829823775354e-01
-3.869157910288771318e-01
-3.874315361162100624e-01
-3.879871488705537441e-01
-3.885925784617584311e-01
-3.892541224507892195e-01
-3.899469577356992622e-01
-3.906297762821235864e-01
-3.912956980812468677e-01
-3.920298866021922346e-01
-3.927991149359510437e-01
-3.935708846848147702e-01
-3.944005322460445440e-01
-3.952371440256942092e-01
-3.960572856221580285e-01
-3.969195431397500862e-01
-3.977868883703931657e-01
-3.986513345631617078e-01
-3.994826256111905227e-01
-4.003566277205398150e-01
-4.012361422393482258e-01
-4.020996241378684277e-01
-4.029346838842417511e-01
-4.038261372897238299e-01
-4.047910093915350616e-01
-4.057415581825669082e-01
-4.067258505572868277e-01
-4.077100908698880755e-01
-4.087510575352930609e-01
-4.097858522998485964e-01
-4.107569741976353495e-01
-4.131119649254775816e-01
-4.154768594162219220e-01
-4.178136932346866450e-01
-4.201745866769453497e-01
-4.225482726676557665e-01
-4.249122646517242141e-01
-4.273132710597861705e-01
-4.296290798285160029e-01
-4.320869393975402817e-01
-4.343474571751191338e-01
-4.368411479389364138e-01
-4.393487487646909884e-01
-4.418572300090988780e-01
-4.443664828052119598e-01
-4.468763933464423022e-01
-4.493868504077035975e-01
-4.518977507414951300e-01
-4.544090018974066836e-01
-4.569205236034800666e-01
-4.594322479781378088e-01
-4.619441329155667963e-01
-4.644561415586256903e-01
-4.669682374349682918e-01
-4.694803923083650243e-01
-4.719925738169655771e-01
-4.745047731490261711e-01
-4.770169871728258681e-01
-4.795292080907518906e-01
-4.820414308955833227e-01
-4.845536526833684188e-01
-4.870658720329580915e-01
-4.895780885336586397e-01
-4.920903024002627468e-01
-4.946025142067441704e-01
-4.971147246720933888e-01
-4.996269345428028807e-01
-5.021391444465285181e-01
-5.046513548637028279e-01
-5.071635660858949679e-01
-5.096757782036579476e-01
-5.121879911096113291e-01
-5.147001971890389216e-01
-5.172123886974949736e-01
-5.196915653233312726e-01
-5.218941215410276557e-01
-5.243998024691975957e-01
-5.266604791085079951e-01
-5.288248558725022752e-01
-5.307768241272788901e-01
-5.330736037611978340e-01
-5.355355494378327696e-01
-5.377788137953598557e-01
-5.398236072068537394e-01
-5.422827175244181452e-01
-5.445028294324703033e-01
-5.466202655777092634e-01
-5.482632383695884570e-01
-5.503840785102993571e-01
-5.522162594596444762e-01
-5.544267915389937684e-01
-5.568101513834335936e-01
-5.591940399013374252e-01
-5.615785299030935374e-01
-5.639636518770893003e-01
-5.663493846538412146e-01
-3.788577949570546761e-07
-3.940796938530623300e-07
-2.420507181092509930e-04
-3.425631797458757828e-04
-4.918939212848145786e-04
-6.903834376143445353e-04
-9.355310157673533229e-04
-1.228351279617384941e-03
-1.566897493296685873e-03
-1.956553046366084347e-03
-2.376930683361503423e-03
-2.858080830739406341e-03
-3.350769326634240024e-03
-3.844383876498922315e-03
-4.330982892222698215e-03
-4.842154157187861241e-03
-5.367817405715635121e-03
-5.908658320287096116e-03
-6.449192091171156854e-03
-7.008617841455109555e-03
-7.588453924458032039e-03
-8.232859431261892874e-03
-9.007773352412757131e-03
-9.792098475684522102e-03
-1.208037164852621657e-02
-1.436047032059070867e-02
-1.663472213878909589e-02
-1.890493591687970182e-02
-2.117261577500464953e-02
-2.343882244475197288e-02
-2.570431933123552837e-02
-2.796963410428042127e-02
-3.023510349813493883e-02
-3.250094484293415686e-02
-3.476727748714061178e-02
-3.703415081588888602e-02
-3.930156620878228618e-02
-4.156949387683954444e-02
-4.379439841809942141e-02
-4.606589589538135493e-02
-4.830003899383917415e-02
-5.049902749278884634e-02
-5.263528630599695335e-02
-5.492139943522948708e-02
-5.707993956437465433e-02
-5.926596683919551495e-02
-6.148422729556778793e-02
-6.378539515920775282e-02
-6.604889851515390042e-02
-6.835137088119845605e-02
-7.065361371163907112e-02
-7.284172960209514547e-02
-7.488498856219066857e-02
-7.703140682780523774e-02
-7.917229378566736919e-02
-8.135254595559650304e-02
-8.359039424438924337e-02
-8.575144101226998827e-02
-8.805089538210865430e-02
-9.037618022743332258e-02
-9.244480011655402396e-02
-9.441820317204571711e-02
-9.651444460734084907e-02
-9.848004194159237779e-02
-1.004519861014769450e-01
-1.024949886120874037e-01
-1.045830445049500679e-01
-1.065620160116098475e-01
-1.086530778760217419e-01
-1.106869268210541463e-01
-1.125901467020424540e-01
-1.144015397587897082e-01
-1.163489653495346776e-01
-1.183915046450781799e-01
-1.205797363547283507e-01
-1.226102003122386264e-01
-1.244339381082705948e-01
-1.262550786532342373e-01
-1.277385311359918452e-01
-1.294692575026801795e-01
-1.307809988747208330e-01
-1.322699772773135996e-01
-1.338432872450789624e-01
-1.346290270712715287e-01
-1.360161094571697427e-01
-1.368223804632459073e-01
-1.375098252981872271e-01
-1.381778601720072552e-01
-1.387146818607104537e-01
-1.393205600154416024e-01
-1.400602793445429872e-01
-1.406768108454938548e-01
-1.415333832537291614e-01
-1.421980706606888745e-01
-1.428120434067962352e-01
-1.436704819804290878e-01
-1.444558700901064363e-01
-1.450212993333266642e-01
-1.456238259802072610e-01
-1.463762974511371717e-01
-1.470301046422782254e-01
-1.477090068291874447e-01
-1.483545347292026251e-01
-1.489548708489919771e-01
-1.493890663088505988e-01
-1.498307146393706435e-01
-1.502195220014139188e-01
-1.505387942970668191e-01
-1.508511529474458879e-01
-1.511313284791444000e-01
-1.513695524334685572e-01
-1.515807714511500925e-01
-1.517653629490116618e-01
-1.519191148887563403e-01
-1.520377693345856540e-01
-1.521251864147450117e-01
-1.521845828787848909e-01
-1.522241103067080992e-01
-1.522434327505884921e-01
-1.522401099707917649e-01
-1.522157419451515281e-01
-1.521596432881590355e-01
-1.520723892753821083e-01
-1.519470215172937788e-01
-1.517745137165776581e-01
-1.515399837773392100e-01
-1.512426639524692418e-01
-1.507634316265921148e-01
-1.503174003375257750e-01
-1.497371674608440895e-01
-1.492027347676370408e-01
-1.485323465081147265e-01
-1.477181744194816237e-01
-1.467034447838310718e-01
-1.455545721500903500e-01
-1.443423845409477491e-01
-1.430096383485436329e-01
-1.416290620028880509e-01
-1.402374155998334371e-01
-1.387501004813937455e-01
-1.372755654285881532e-01
-1.357812328475771213e-01
-1.342634180516047993e-01
-1.327621635221330476e-01
-1.312632274603375560e-01
-1.297142113918713646e-01
-1.281555094880318935e-01
-1.265901981152763867e-01
-1.250038039340723439e-01
-1.233778213809090668e-01
-1.217090754708383682e-01
-1.200254956762808328e-01
-1.184133868217732422e-01
-1.167594467269589958e-01
-1.150438960546021905e-01
-1.133120861509042121e-01
-1.115525170787202008e-01
-1.097724768016876268e-01
-1.079840914142883163e-01
-1.061918850286868721e-01
-1.043746994639372788e-01
-1.024903061632207041e-01
-1.005934891193632219e-01
-9.865652135275877754e-02
-9.670527490421070016e-02
-9.474806258837489836e-02
-9.277753436175992241e-02
-9.079435559338361328e-02
-8.882991526498378032e-02
-8.687176925387750381e-02
-8.488499419747962127e-02
-8.292554418174662156e-02
-8.092846531038869196e-02
-7.892614293285792060e-02
-7.689110145416462594e-02
-7.488221677189230152e-02
-7.284243481596683334e-02
-7.081771994020193139e-02
-6.876706462770049155e-02
-6.671663449758277742e-02
-6.466639009600187726e-02
-6.263110307558393541e-02
-6.058328632817322479e-02
-5.853202516142242545e-02
-5.648084708540081211e-02
-5.442973817499995037e-02
-5.237868578257023899e-02
-5.032767425813518963e-02
-4.827669069330437629e-02
-4.622572460641996561e-02
-4.418425758336219644e-02
-4.217944195849963884e-02
-4.017798348710838185e-02
-3.818859585432408943e-02
-3.620301344595595883e-02
-3.422680758837182841e-02
-3.226258141181128497e-02
-3.027179485765382760e-02
-2.828772879550200611e-02
-2.626237921054048671e-02
-2.423625566540962492e-02
-2.218331026258524644e-02
-2.009515414395656938e-02
-1.800802854961338489e-02
-1.590583280382288842e-02
-1.379798448736101191e-02
-1.170819843796381057e-02
-9.651836083964162455e-03
-7.619542439447074197e-03
-5.607446428472395022e-03
-3.635955265555247239e-03
-1.714780802856714220e-03
1.488151027226422454e-04
1.934921719147639045e-03
3.684719054744889973e-03
5.431256855582652227e-03
7.191284350615878389e-03
8.928762008384282661e-03
1.064877236098432135e-02
1.246687084320202005e-02
1.431356749453397727e-02
1.613257565213117514e-02
1.792337767838361393e-02
1.966273584235008962e-02
2.145795189973870656e-02
2.330400663841365044e-02
2.516041273219960656e-02
2.705595970420262078e-02
2.893457796082593916e-02
3.079783054132038955e-02
3.271873855828680289e-02
3.462052133151267280e-02
3.660155460337634337e-02
3.861174457839067209e-02
4.061571285589673369e-02
4.262018344492343042e-02
4.469076965299881299e-02
4.676842779532126154e-02
4.883832905757200943e-02
5.095676567933174472e-02
5.308701944773776271e-02
5.529407340547391747e-02
5.753951999167912501e-02
5.976665583402290122e-02
6.200219834502557203e-02
6.426519477551687065e-02
6.653626141983234876e-02
6.882106115549305181e-02
7.113403381320493324e-02
7.345357075651418044e-02
7.579666610092647416e-02
7.816093290522324599e-02
8.051027908888612472e-02
8.287165343437942477e-02
8.527847869337552844e-02
8.766529749429557983e-02
