-4.000032356567021496e-01
-4.000032516093184887e-01
-4.019873274181416378e-01
-4.045428676362849973e-01
-4.070980143388159833e-01
-4.096528440626289735e-01
-4.122074442314717091e-01
-4.147618836040845025e-01
-4.173162151176603718e-01
-4.198704786444744652e-01
-4.224247034727995342e-01
-4.249789209243693966e-01
-4.407057161069917184e-01
-4.405608695157184340e-01
-4.403942072404726238e-01
-4.402108649610702029e-01
-4.400329392742621248e-01
-4.398468469931341995e-01
-4.396493242188016515e-01
-4.394632596837331762e-01
-4.392736725831985489e-01
-4.390661813717124384e-01
-4.388677505086317487e-01
-4.386808541525335503e-01
-4.384887485042416877e-01
-4.382936652489403673e-01
-4.380887908473146131e-01
-4.378863385405092346e-01
-4.376863988419218976e-01
-4.374865857742837871e-01
-4.372982241276669457e-01
-4.371106427690676366e-01
-4.369230965987139781e-01
-4.367320595291622753e-01
-4.365390926710923103e-01
-4.363388414847989005e-01
-4.361219993479064083e-01
-4.359231709401050203e-01
-4.357144703703802469e-01
-4.355106494496806535e-01
-4.352931802021384189e-01
-4.350668659481413125e-01
-4.348359023673156187e-01
-4.345890767225012996e-01
-4.343328125830353548e-01
-4.340728115180163549e-01
-4.338149738271399047e-01
-4.335442577279313703e-01
-4.332761947705918160e-01
-4.329940373469704507e-01
-4.327063358211227229e-01
-4.324287685457746666e-01
-4.321115082848746569e-01
-4.318045900679551852e-01
-4.315018480184375504e-01
-4.312013079058761300e-01
-4.308747287646564894e-01
-4.305187543926502491e-01
-4.301860086599740840e-01
-4.298294835783094681e-01
-4.294718907947204234e-01
-4.291375194645377644e-01
-4.287849031911133979e-01
-4.284381092413819259e-01
-4.280817109581454005e-01
-4.277457256567460120e-01
-4.274146638274209931e-01
-4.271108933814798947e-01
-4.267829117152733831e-01
-4.264671333946709053e-01
-4.261635364306410323e-01
-4.258508979025662500e-01
-4.255314643009781017e-01
-4.252059684586652621e-01
-4.248643785008689444e-01
-4.245422532836717333e-01
-4.242075242367795984e-01
-4.238661274601651652e-01
-4.234334229413654338e-01
-4.230537709428500714e-01
-4.226965294345422786e-01
-4.223566025777832356e-01
-4.220482505913015769e-01
-4.217598375844362479e-01
-4.214274609173524477e-01
-4.211460161808431857e-01
-4.208320506339779388e-01
-4.204881049475318044e-01
-4.200865990020830054e-01
-4.196765259878185717e-01
-4.193268595164173496e-01
-4.189094712264349041e-01
-4.185597951681721551e-01
-4.182404130708631818e-01
-4.178495310594223522e-01
-4.174665108085809373e-01
-4.171059948038379761e-01
-4.167366610454745768e-01
-4.164046490234040721e-01
-4.160656201300776402e-01
-4.156972243370550824e-01
-4.152592730636736063e-01
-4.148027542885238672e-01
-4.143124736577438183e-01
-4.138707344310292302e-01
-4.133513374711263455e-01
-4.128733803088723286e-01
-4.123555696158085482e-01
-4.118789582925610482e-01
-4.112894045241735630e-01
-4.106847785064360878e-01
-4.101171857216743266e-01
-4.094226727355447792e-01
-4.088291547910183343e-01
-4.081651410387787671e-01
-4.074719681920350722e-01
-4.067737218180477177e-01
-4.060756119390644403e-01
-4.054219522900774919e-01
-4.047246119987092383e-01
-4.039926419606346131e-01
-4.032857736378949731e-01
-4.025682074626530937e-01
-4.018274004506477981e-01
-4.010567416814509456e-01
-4.002727133154649342e-01
-3.994541078419726610e-01
-3.986016375355390662e-01
-3.977137661578862282e-01
-3.968016065054042474e-01
-3.958734745596689808e-01
-3.948954998724346632e-01
-3.938625911480835295e-01
-3.927798875042907145e-01
-3.917063715504680022e-01
-3.906437104364725021e-01
-3.895698791034363229e-01
-3.885360659860122023e-01
-3.874386797408743144e-01
-3.862523936182534756e-01
-3.850520816357307918e-01
-3.837985360332568097e-01
-3.825173311735866610e-01
-3.812897101713690340e-01
-3.802002423695191036e-01
-3.793044020726196175e-01
-3.784050708872502833e-01
-3.772368832747552969e-01
-3.758889104084953692e-01
-3.744722366492394539e-01
-3.730715135087771528e-01
-3.716397427466942016e-01
-3.702593105350327485e-01
-3.688060231355179130e-01
-3.673425353023450080e-01
-3.658830478384478280e-01
-3.644241534459454201e-01
-3.629357086875932281e-01
-3.614435011300953793e-01
-3.599479578535632607e-01
-3.585603209170504790e-01
-3.572755995225087022e-01
-3.560513606116674779e-01
-3.548646944626877020e-01
-3.537751652123335422e-01
-3.527417397885354022e-01
-3.517495873479966617e-01
-3.508042036136913566e-01
-3.499013308445667603e-01
-3.489795655161593846e-01
-3.481746661953081245e-01
-3.474318491951399190e-01
-3.466897725803591013e-01
-3.459442693965175675e-01
-3.452474424904536932e-01
-3.445619591739748633e-01
-3.438931331176870998e-01
-3.431870240682751705e-01
-3.424683740231680984e-01
-3.417574818613945964e-01
-3.410282642787411667e-01
-3.403144842465860576e-01
-3.395794799442813927e-01
-3.388576864377695341e-01
-3.381339452109440868e-01
-3.374231432754931093e-01
-3.367446228280388532e-01
-3.360555833588620422e-01
-3.353804572796447170e-01
-3.346666118289093883e-01
-3.339421388311459848e-01
-3.332119817873643308e-01
-3.324321241420417627e-01
-3.316450299599573159e-01
-3.308545637904599102e-01
-3.300776817154985610e-01
-3.292640452608615043e-01
-3.284553788866935164e-01
-3.276229234301321069e-01
-3.268039151013190091e-01
-3.260305382143678932e-01
-3.252484264254070223e-01
-3.244124120605758610e-01
-3.235701285461977106e-01
-3.227845122030235658e-01
-3.220313778121926540e-01
-3.212950283928307504e-01
-3.205774467632587776e-01
-3.198747072078114151e-01
-3.191616454031296346e-01
-3.184985847683295956e-01
-3.178012234152250426e-01
-3.170594729368985121e-01
-3.163281980345967193e-01
-3.156467007033184058e-01
-3.149997227674374289e-01
-3.143362642303045296e-01
-3.136478676975841262e-01
-3.129727991503670204e-01
-3.123412144174328442e-01
-3.117022543780347821e-01
-3.110486633962274428e-01
-3.103681385544630467e-01
-3.096884758738627230e-01
-3.090126765568615985e-01
-3.083566096411283763e-01
-3.076846002676090763e-01
-3.070118876610122283e-01
-3.063218926990254332e-01
-3.056088116410679567e-01
-3.049529100611453325e-01
-3.042728377569789422e-01
-3.036550970251710169e-01
-3.030705179381896208e-01
-3.025532587278104701e-01
-3.020028723392793046e-01
-3.014710028038977696e-01
-3.009161347235492778e-01
-3.003860736708018342e-01
-2.998366030950043726e-01
-2.993055518079737465e-01
-2.987640638127255222e-01
-2.982393113221137870e-01
-2.977211079119508330e-01
-2.972001897555124894e-01
-2.966974614571043500e-01
-2.962023653003374446e-01
-2.957232373367081335e-01
-2.952526384471552134e-01
-2.947661563006925833e-01
-2.942761927726014193e-01
-2.938008403792310430e-01
-2.933594514216331661e-01
-2.928867517674684229e-01
-2.924118027851575485e-01
-2.919014316597267067e-01
-2.914226153872990777e-01
-2.908720642211385932e-01
-2.903202100364347116e-01
-2.897047517146235651e-01
-2.890598666999891764e-01
-2.884966499328899814e-01
-2.879310328353575921e-01
-2.873151164646481903e-01
-2.867990554279368776e-01
-2.862407353179034497e-01
-2.857167657201956090e-01
-2.852244885250181938e-01
-2.847314776954331106e-01
-2.842786283876287401e-01
-2.837888452115548965e-01
-2.833200769939701602e-01
-2.828513155125201295e-01
-2.823637604944263524e-01
-2.818568052199866281e-01
-2.813432168275841194e-01
-2.808125441124990074e-01
-2.802794144766917461e-01
-2.797357721762092631e-01
-2.791516865510516032e-01
-2.786262788506831400e-01
-2.781414797518931836e-01
-2.776541110411409052e-01
-2.771624551183073937e-01
-2.767086276062097339e-01
-2.762073999202219743e-01
-2.756802717338062148e-01
-2.751766794647080849e-01
-2.746758753941422881e-01
-2.740903336457539141e-01
-2.735203386307765161e-01
-2.729778390441193192e-01
-2.723834235626356737e-01
-2.716974059959167964e-01
-2.709623336375928671e-01
-2.699856821139076102e-01
-2.692424228618993665e-01
-2.684822997118897492e-01
-2.674494413828851780e-01
-2.665148544323888147e-01
-2.655758014234246289e-01
-2.646061920678077772e-01
-2.636199947433864876e-01
-2.626435821449794039e-01
-2.617053069736073878e-01
-2.607293803824107248e-01
-2.598709703313798469e-01
-2.590823032753473698e-01
-2.582499893370163724e-01
-2.574784273185818373e-01
-2.566676223329131812e-01
-2.560016690064432221e-01
-2.553451057363335663e-01
-2.546757829436857579e-01
-2.540714029055640699e-01
-2.535050536370679897e-01
-2.529141368659967859e-01
-2.523334081516194760e-01
-2.517800907873716243e-01
-2.512182029483646106e-01
-2.506882582423520245e-01
-2.501544984632343427e-01
-2.496408963700723349e-01
-2.491862677803111104e-01
-2.487578896947371665e-01
-2.484370803644483927e-01
-2.481966531284068578e-01
-2.480250214998998004e-01
-2.479187302501282830e-01
-2.478758780755380975e-01
-2.478922049160740548e-01
-2.479656956893304121e-01
-2.481072024637011042e-01
-2.483298605785022317e-01
-2.486000972948051446e-01
-2.489008887656226354e-01
-2.492322237447676669e-01
-2.496122538024163062e-01
-2.500179947598159536e-01
-2.504944478761593207e-01
-2.510118500991704860e-01
-2.516066153450962073e-01
-2.522179240726992178e-01
-2.528734494991511372e-01
-2.535803438534677268e-01
-2.543255032249251424e-01
-2.550884300020985207e-01
-2.559122879227181957e-01
-1.999972217606731661e-01
-1.978213473010103640e-01
-1.966981958032995303e-01
-1.956032766249304611e-01
-1.945569815102248801e-01
-1.935957856641790376e-01
-1.926496165645665004e-01
-1.917380234759604174e-01
-1.909113894510354736e-01
-1.901704905978705840e-01
-1.894786866912663847e-01
-1.888371674656874610e-01
-1.882366829591327062e-01
-1.876630786287833974e-01
-1.870907268371278520e-01
-1.865677994736131551e-01
-1.861054362296750420e-01
-1.857625745510752546e-01
-1.855587340433204058e-01
-1.854325085068359580e-01
-1.852516092495375133e-01
-1.849628134668118429e-01
-1.847319110577385626e-01
-1.845587547626138802e-01
-1.844419962129943136e-01
-1.843858610089749439e-01
-1.843882993185298191e-01
-1.844490399815779946e-01
-1.845688148880255397e-01
-1.847465021555430853e-01
-1.849768998072373327e-01
-1.852580683325736888e-01
-1.855848934375796122e-01
-1.859538259104763780e-01
-1.863671950895199880e-01
-1.868016657287998039e-01
-1.872632282794735592e-01
-1.877447779718556531e-01
-1.882569013390583690e-01
-1.887466445848548224e-01
-1.902106496165711369e-01
-1.916667292733238714e-01
-1.931165675507364732e-01
-1.945616112947318177e-01
-1.959978091843995462e-01
-1.974322515042028769e-01
-1.988657598716550290e-01
-2.003033539474224356e-01
-2.017443951544735659e-01
-2.031865389230519681e-01
-2.046284318884508124e-01
-2.060701597969160082e-01
-2.075097715658493769e-01
-2.089463355727232963e-01
-2.103836831308199817e-01
-2.118217660645437261e-01
-2.132605054539591094e-01
-2.146998022269335227e-01
-2.161395616100107997e-01
-2.175796962875132801e-01
-2.190201281944570699e-01
-2.204607892975445627e-01
-2.219016220657855087e-01
-2.233425806180812379e-01
-2.247835754949937537e-01
-2.262245996188850805e-01
-2.276656453430764004e-01
-2.291067088202876911e-01
-2.305477854680707261e-01
-2.319888718424103768e-01
-2.334299654709286742e-01
-2.348710618608150502e-01
-2.363121525501533926e-01
-2.377532367406967051e-01
-2.391943138095210253e-01
-2.406353833615605953e-01
-1.999976391665063968e-01
-1.999976233024495509e-01
-1.981982717900854229e-01
-1.976493103962029818e-01
-1.971010991430446335e-01
-1.965572598344475230e-01
-1.960269129436770785e-01
-1.954967836102634027e-01
-1.949885138287102693e-01
-1.945014998073541224e-01
-1.940523434714338247e-01
-1.936125405756126960e-01
-1.932164215333837254e-01
-1.928492406930475134e-01
-1.924931559528027525e-01
-1.921474932631032362e-01
-1.918473256112510628e-01
-1.915812054719438495e-01
-1.913517718858875061e-01
-1.911514615575847509e-01
-1.909840710641620976e-01
-1.908477393811669198e-01
-1.907331289358668303e-01
-1.906533068967509181e-01
-1.906088364166952376e-01
-1.905963761320494387e-01
-1.906141776146509093e-01
-1.906632011737967591e-01
-1.907407913152303625e-01
-1.908450780398279756e-01
-1.909783056232892962e-01
-1.911368280153632471e-01
-1.913177662236577037e-01
-1.914886684971454367e-01
-1.916831055854442689e-01
-1.918853080058292582e-01
-1.921243216637492646e-01
-1.923735125010296865e-01
-1.926326939518429593e-01
-1.929132580662189511e-01
-1.932329317789571177e-01
-1.935565777391520248e-01
-1.938622804322155113e-01
-1.952489833125836127e-01
-1.966344440250063774e-01
-1.980157261231754728e-01
-1.993932736450039211e-01
-2.007692044043891677e-01
-2.021456995541125179e-01
-2.035229809681175783e-01
-2.048998000177693068e-01
-2.062763218073796478e-01
-2.076526683245201732e-01
-2.090289198134211435e-01
-2.104051310421257426e-01
-2.117813377506832240e-01
-2.131575515000952437e-01
-2.145337797246970601e-01
-2.159099943018275847e-01
-2.172861659863968564e-01
-2.186622802800626264e-01
-2.200383363214590549e-01
-2.214140986301038339e-01
-2.227900328844298894e-01
-2.241660094776526391e-01
-2.255420123434246638e-01
-2.269180322851539200e-01
-2.282940617368240110e-01
-2.296700946954474964e-01
-2.310461266016722859e-01
-2.324221541917763645e-01
-2.337981762477319148e-01
-2.351742009310176518e-01
-2.365502293880752116e-01
-2.379262607192218215e-01
-2.393022944753622760e-01
-2.406783259050484791e-01
-2.420543530814489586e-01
-2.434303766103653455e-01
-2.448063970705534331e-01
-2.461824147215526948e-01
-2.475584295762975617e-01
-2.489344414592897237e-01
3.999987396999257760e-01
3.999987241859484510e-01
3.992137703511887681e-01
3.987368372213296874e-01
3.981740533739318577e-01
3.975652654524352014e-01
3.968227685662112370e-01
3.959541870728417456e-01
3.949095233837283669e-01
3.937671287316132918e-01
3.925541347545685733e-01
3.913302919785061618e-01
3.902078755508869290e-01
3.888891270280953050e-01
3.875477517680555040e-01
3.862551118833253416e-01
3.849326102304934660e-01
3.836270823089000248e-01
3.823034073404038558e-01
3.809657309050455964e-01
3.795898867215851125e-01
3.782345822515980616e-01
3.768223214034259194e-01
3.754091979072853857e-01
3.740016860352355366e-01
3.725291075569687749e-01
3.711616950525837288e-01
3.697008029114400296e-01
3.683192096903736279e-01
3.669031490281384755e-01
3.654330532741512094e-01
3.639009601380575609e-01
3.623494277523608975e-01
3.608295997181636405e-01
3.592854131554770736e-01
3.576688623687243052e-01
3.560422775577459786e-01
3.543435455701473002e-01
3.526579625388324701e-01
3.509296170453946595e-01
3.490794334115434605e-01
3.472896453792432281e-01
3.454972114401451688e-01
3.437873681700583384e-01
3.420784086470869956e-01
3.404070884762377958e-01
3.388030692764987251e-01
3.371655449876632127e-01
3.355223995572134132e-01
3.339469065596012420e-01
3.324020546791751629e-01
3.308117280302619867e-01
3.291375743968760759e-01
3.274859134855607756e-01
3.258199375144420484e-01
3.240865266305254511e-01
3.223725617721517889e-01
3.206556184597472714e-01
3.189668250126049820e-01
3.173241227377582296e-01
3.157380873567016133e-01
3.141453592727605493e-01
3.127725184464009711e-01
3.111480836988421705e-01
3.095806994608721330e-01
3.078953904771941641e-01
3.061610689356868975e-01
3.045866603150816920e-01
3.031889459993921121e-01
3.018794905979962362e-01
3.005324654910205839e-01
2.993164658904103326e-01
2.978323335304182140e-01
2.966388553452572463e-01
2.952713162222153631e-01
2.937110000645564156e-01
2.920525983750053567e-01
2.906252841125349651e-01
2.889520487527129644e-01
2.872866841825740813e-01
2.856201171486307255e-01
2.840941897890491563e-01
2.826353990267035377e-01
2.812465888294531924e-01
2.797130722233254763e-01
2.783794083555596321e-01
2.769788228622459547e-01
2.754709854673672020e-01
2.741540402080887562e-01
2.728163633644764552e-01
2.719367083060368895e-01
2.705695014736833048e-01
2.691104135834679334e-01
2.677076337819968010e-01
2.663890839182181947e-01
2.652168122974906672e-01
2.643942060819738371e-01
2.632543825989059894e-01
2.622364145633652166e-01
2.608627732925451470e-01
2.595690591783454959e-01
2.582629618301827135e-01
2.568569245494747300e-01
2.555219709737368006e-01
2.547806332699024678e-01
2.532995485825005333e-01
2.520614044216483163e-01
2.507249270804293717e-01
2.494277310869875142e-01
2.484588290722054837e-01
2.469342044474859554e-01
2.455783610221413671e-01
2.441933223063827985e-01
2.430348409149600264e-01
2.417953132149614492e-01
2.404635027537174730e-01
2.392067504896163155e-01
2.382134682143869919e-01
2.371356932242088267e-01
2.363086169285478766e-01
2.354627479358322173e-01
2.345205028757272048e-01
2.339986196271061636e-01
2.333140258080583229e-01
2.326406273873125319e-01
2.316516404573921717e-01
2.310581540360397146e-01
2.300794882464302915e-01
2.292803711389987398e-01
2.282424362681299557e-01
2.271141526593310200e-01
2.259446191604765619e-01
2.246277463067892222e-01
2.234381648483561578e-01
2.223221260580021952e-01
2.210581242398886870e-01
2.199821834498104089e-01
2.187106615222967065e-01
2.173396404782660662e-01
2.160443072907503592e-01
2.144994258891677053e-01
2.129867395616150128e-01
2.114689414080317686e-01
2.100260846861876918e-01
2.084490597601186823e-01
2.069702677036443228e-01
2.056245968194551910e-01
2.042544243071158783e-01
2.028984870819980912e-01
2.017339839709527682e-01
2.007899849303688700e-01
2.001653092822006097e-01
1.995476709779054614e-01
1.987830325759969152e-01
1.980603591716044720e-01
1.973278746839775555e-01
1.966823343437144322e-01
1.957579709460139095e-01
1.952377219682622789e-01
1.948372501072891116e-01
1.942655786429419718e-01
1.930923470968528843e-01
1.923419725680024228e-01
1.912787822391631698e-01
1.897641393613868077e-01
1.883754768196826412e-01
1.869826393388691055e-01
1.859279555778324544e-01
1.842799054210796650e-01
1.824383947292414210e-01
1.807816545104610206e-01
1.788179404889456980e-01
1.768543181661965669e-01
1.749362800378101435e-01
1.729536591819095803e-01
1.709984402061347775e-01
1.690292725586398370e-01
1.671708098581843327e-01
1.652295849843694597e-01
1.632878863999838448e-01
1.613606129163266123e-01
1.594357406504737229e-01
1.575208559065493230e-01
1.556092495904365935e-01
1.540687266448579340e-01
1.521676447546096989e-01
1.502529520303754473e-01
1.483259539206110700e-01
1.464862555265177835e-01
1.445896050702567825e-01
1.429726918602044206e-01
1.413592223559426986e-01
1.408053771205872162e-01
1.395523238580140823e-01
1.390847008032611576e-01
1.389416629841835338e-01
1.388211872818749804e-01
1.346890579375547015e-01
1.999967819528555291e-01
1.999967659726527291e-01
1.982959287265742554e-01
1.989790193742183855e-01
1.996346666521553737e-01
2.002637892458130064e-01
2.008974617014685493e-01
2.015229599185305032e-01
2.021723232357204025e-01
2.027927325777010292e-01
2.034373084157396483e-01
2.041610120276328433e-01
2.049384977571302446e-01
2.056402856169901872e-01
2.063582677226440121e-01
2.071287589733159795e-01
2.078470740865699107e-01
2.086236771942203139e-01
2.093302829732616166e-01
2.100010187961088015e-01
2.107337195611718728e-01
2.113816087700920165e-01
2.120684958653184238e-01
2.127630858100252043e-01
2.134012692552329227e-01
2.140333860285929812e-01
2.146765669313259739e-01
2.153210248402958882e-01
2.159431670596146102e-01
2.166037703355609689e-01
2.172878775908463067e-01
2.179138984017857938e-01
2.184809117854140115e-01
2.190629096052259528e-01
2.196796839075291219e-01
2.201802133663213756e-01
2.207438270632762767e-01
2.212349290816174041e-01
2.218123065295581897e-01
2.224530209387186874e-01
2.232154857215427335e-01
2.239984929689702309e-01
2.247662783920928720e-01
2.254679403782039460e-01
2.262124379467246871e-01
2.263819096338755554e-01
2.266272582579746953e-01
2.271954291435259177e-01
2.279431907166614979e-01
2.287973770505894178e-01
2.296825128247096948e-01
2.303629931792484931e-01
2.311738096941692855e-01
2.318487319175915606e-01
2.324454315512979596e-01
2.326210561369413954e-01
2.331169195216334922e-01
2.336032346421249017e-01
2.341682436792842104e-01
2.348871941976468924e-01
2.355108345667806524e-01
2.359514516399897066e-01
2.364938666160333880e-01
2.372671171830423587e-01
2.379116385712731208e-01
2.386356544933174728e-01
2.392620437525643518e-01
2.400997361877785508e-01
2.408948701733107933e-01
2.417192316750971237e-01
2.423936197317586305e-01
2.428064635455499110e-01
2.436058624085381819e-01
2.443157141897997486e-01
2.451336822017469164e-01
2.458237160703853064e-01
2.465075242593946503e-01
2.472219932326384095e-01
2.479633303377311304e-01
2.486390364039735568e-01
2.493912728544056268e-01
2.500530367767533346e-01
2.507467342173744784e-01
2.511436899761939068e-01
2.513645971036758131e-01
2.514538018386838214e-01
2.518030870749084493e-01
2.516056450507390685e-01
2.518715766840128878e-01
2.526592347148211570e-01
2.533781464687601126e-01
2.544048153414440461e-01
2.550477806056002383e-01
2.560591438942150244e-01
2.570267519201095419e-01
2.576662727355452653e-01
2.585823064128742188e-01
2.594362052775943117e-01
2.603659046322821524e-01
2.614155415066267696e-01
2.623973107036269847e-01
2.631610332557035026e-01
2.641184842403851984e-01
2.651404985894873501e-01
2.662627982984873132e-01
2.673922462243625842e-01
2.682490835217131164e-01
2.693458518018208570e-01
2.703973880414057840e-01
2.715419461255002553e-01
2.725914243728819741e-01
2.736495054311643971e-01
2.746273049499938224e-01
2.755431783169477455e-01
2.764872601591936152e-01
2.775240747977147371e-01
2.785432469267433708e-01
2.795769406418533998e-01
2.805312487606144711e-01
2.815533697465133489e-01
2.826565197517774686e-01
2.835849376823323387e-01
2.845228663115175194e-01
2.852744429924257696e-01
2.860194857487943221e-01
2.868166201068244603e-01
2.876032626383075996e-01
2.884256112255545457e-01
2.891902713882565923e-01
2.900151754228642020e-01
2.908904881933649933e-01
2.913260055902951451e-01
2.918693711396076473e-01
2.918378581381915193e-01
2.923084618378888888e-01
2.927384348441205986e-01
2.929589281958019931e-01
2.929712558206721829e-01
2.927516933175491887e-01
2.934431373895057815e-01
2.941410287308607319e-01
2.949605709255819774e-01
2.955534407786130080e-01
2.961301911458142921e-01
2.966066988245827929e-01
2.970618469955855767e-01
2.972858028239719896e-01
2.975696621628511895e-01
2.978596950189164594e-01
2.977148649277456816e-01
2.974708167816270121e-01
2.973785899872850025e-01
2.972753272480528342e-01
2.970925928225428558e-01
2.974634799057490619e-01
2.975484310913235619e-01
2.970472666605364909e-01
2.962398278813685448e-01
2.952997105137782907e-01
2.946585117547598776e-01
2.939401631445920926e-01
2.937192660090130469e-01
2.936861488453376690e-01
2.938459449558041836e-01
2.938447045050310846e-01
2.940221013332489086e-01
2.939480025566583166e-01
2.940456591716517631e-01
2.934546133449689176e-01
2.930205448481599251e-01
2.925662039137771897e-01
2.918767159105197240e-01
2.907835359118233765e-01
2.895749791265289086e-01
2.881144275492487083e-01
2.872558616897915584e-01
2.864128746105894519e-01
2.858165691938425179e-01
2.854099286130023505e-01
2.848561086209427939e-01
2.847845712319085343e-01
2.839984098944196567e-01
2.834459473815268415e-01
2.830747124318945818e-01
2.822714329179124571e-01
2.815602058031532184e-01
2.815735234105804508e-01
2.815489006879138278e-01
2.815757548590860915e-01
2.813078571778886428e-01
2.811246816397387494e-01
2.805189437538663788e-01
2.802567747515422591e-01
2.802228639544199207e-01
2.798940829842119227e-01
2.792864269184415216e-01
2.787766301773798583e-01
2.783946112067033907e-01
2.783393866885106593e-01
2.784137430680262426e-01
2.781388222717953163e-01
2.782893284755268426e-01
2.785513344281699277e-01
2.785209857414043810e-01
2.784221341227396951e-01
2.771833620466373493e-01
2.755324467628165186e-01
2.745203528961867034e-01
2.730932147593760351e-01
2.715718921515032358e-01
2.701073936953255483e-01
2.688136009252183323e-01
2.678575806525961833e-01
2.673126342915380094e-01
2.663206080136655274e-01
2.653504797869984944e-01
2.643692676046682788e-01
2.634064275539054756e-01
2.618922906496226610e-01
2.606828185760785010e-01
2.592451808999594043e-01
2.581099019867369448e-01
2.568817055253027615e-01
2.563643214228542577e-01
2.557496612884164189e-01
2.546653139755700734e-01
2.534855601336973296e-01
2.520325343213006275e-01
2.507672534350337545e-01
2.498636238418351918e-01
2.490826591229676479e-01
2.479377538234545930e-01
2.472062660601295481e-01
2.465233588593521707e-01
2.462448494434278379e-01
2.459012271917923043e-01
2.451603761080374810e-01
2.442020368674445996e-01
2.436117542017594284e-01
2.434956985248749317e-01
2.425959869673964819e-01
2.423474117550415141e-01
2.411448397970474833e-01
2.406527463843464165e-01
2.404250621029520030e-01
2.400508221413933108e-01
2.394697099871132828e-01
2.384710321648440268e-01
2.372319271356714276e-01
2.359989090490123009e-01
2.350356928472089602e-01
2.339031561313352769e-01
2.330042048944372668e-01
2.319166663750418245e-01
2.306997522252763888e-01
2.295971119094770418e-01
2.284686557336577939e-01
2.273733744004933777e-01
2.264824401338436100e-01
2.256542600874457405e-01
2.248795706329944633e-01
2.243796560322342537e-01
2.236786994645890980e-01
2.230540773741625793e-01
2.224361919378848307e-01
2.221075348061906096e-01
2.216891526456069017e-01
2.215719559620710488e-01
2.210505622867708075e-01
2.206168313965354844e-01
2.201425276601609304e-01
2.195105367333779478e-01
2.187030546873390546e-01
2.181006501085438753e-01
2.173409232801452040e-01
2.166767590619225192e-01
2.161864873925422870e-01
2.156110151483696946e-01
2.149408103825050376e-01
2.141211783370788602e-01
2.136144622745241861e-01
2.128588436020020513e-01
2.121808041613893470e-01
2.116184733953066222e-01
2.111536359443016986e-01
2.106747689898227915e-01
2.102830109056732788e-01
2.099278826139098775e-01
2.095741517009882260e-01
2.090791225387180208e-01
2.086404342477664320e-01
2.083758262938735506e-01
2.079990663530806305e-01
2.077551392597885016e-01
2.073091329233074098e-01
2.069128423830595143e-01
2.066363177225822301e-01
2.063352198075043276e-01
2.060109997532535986e-01
2.057923087645006088e-01
2.055892690439690695e-01
2.054788848755375041e-01
2.053632793356757191e-01
2.052426255518031151e-01
2.051722829404376280e-01
2.051270748377269915e-01
2.050878751110651321e-01
2.050772763128128062e-01
2.050939357479094338e-01
2.051563542970638587e-01
2.052232109904461865e-01
2.053392571743175854e-01
2.054214064871122125e-01
2.055858560343057362e-01
2.056987735652332228e-01
2.058343310250833058e-01
2.060362763945817466e-01
2.062869855655422024e-01
2.064820326816380613e-01
2.068129511128668496e-01
2.070878308075706498e-01
2.073186585433204332e-01
2.075011051278307650e-01
2.076741102032376440e-01
2.080958148998368340e-01
2.083455662140268616e-01
2.086955263048396736e-01
2.088850291432294559e-01
2.091350232446980428e-01
2.094789718414984681e-01
2.097388366146956951e-01
2.100298537866050474e-01
2.102430440826725810e-01
2.105052794523003812e-01
2.107171481452714545e-01
2.111767044231693813e-01
2.113703982205990262e-01
2.116187855009336316e-01
2.118481225430818016e-01
2.121879529122974450e-01
2.125082700044070849e-01
2.127249034792962068e-01
2.130100232210026256e-01
2.131859602204560777e-01
2.133101065688084719e-01
2.134685213087621491e-01
2.136166813657203734e-01
2.138002496329804158e-01
2.140649300231236007e-01
2.142820091042325348e-01
2.144515328229465723e-01
2.146984692699094033e-01
2.149622428367698457e-01
2.151499955627310390e-01
2.153522139219001541e-01
2.155678559374976377e-01
2.158003731318040019e-01
2.160589973787160611e-01
2.163408984748476649e-01
2.165083255723546096e-01
2.167207241145976127e-01
2.168071304275478728e-01
2.170815772606989047e-01
2.172782063246831430e-01
2.173862504287874808e-01
2.175049402841457702e-01
2.176281187702404085e-01
2.178700997527445726e-01
2.181149655060511949e-01
2.181907353002661976e-01
2.183126696950781487e-01
2.184380021599599819e-01
2.185342735497853295e-01
2.186497942180198883e-01
2.187675269154921165e-01
2.189244929536879880e-01
2.191533200133304882e-01
2.192900612886482248e-01
2.194446459136907834e-01
2.196479621454129338e-01
2.198148328418565167e-01
2.199569228025484158e-01
2.201421137948293416e-01
2.204292299140017675e-01
2.208356941854781874e-01
2.210602593001068650e-01
2.214740194571528098e-01
2.217846726331269280e-01
2.220500841606703746e-01
2.223668217992177676e-01
2.226438400616919389e-01
2.230265056560094550e-01
2.232852080268618589e-01
2.234761098185791828e-01
2.239562942338013674e-01
2.241784614202120551e-01
2.245456195612479111e-01
2.248721278228297538e-01
2.250956805833715102e-01
2.253307179976736796e-01
2.255862357892727821e-01
2.258135127363293249e-01
2.260519282485589643e-01
2.263013212131131935e-01
2.265166446459699889e-01
2.270128718555834979e-01
2.275702565580000891e-01
2.279388420297163431e-01
2.283824990288661483e-01
2.287887470307658766e-01
2.292803376740489285e-01
2.296727006238313273e-01
2.301415994695175105e-01
2.305048225705748910e-01
2.308889926168619933e-01
2.312681731464026058e-01
2.316024373266631076e-01
2.318914377430667806e-01
2.322431742822008427e-01
2.326082127034354019e-01
2.330128903059902334e-01
2.334448389983737882e-01
2.338967655002405499e-01
2.343342209682215682e-01
2.347096265883192034e-01
2.351761807345430777e-01
2.355838290166297477e-01
2.358933141121525578e-01
2.365682823727945916e-01
2.369762694858902341e-01
2.374798252214267158e-01
2.379918937296313097e-01
2.385075706791638939e-01
2.391950278245743022e-01
2.397631089764959977e-01
2.403384090288562258e-01
2.410433272877701982e-01
2.416835782762580542e-01
2.423342060743512438e-01
2.431574359963582510e-01
2.438277516717534399e-01
2.444155214423714417e-01
2.450551902191744624e-01
2.456897295292316263e-01
2.463817396760900058e-01
2.470075226667622081e-01
2.476256721405752370e-01
2.481827583669445059e-01
2.486890856098819547e-01
2.491766165609424488e-01
2.496067277387895855e-01
2.500576211454655362e-01
2.504551214875186393e-01
2.508581244736778904e-01
2.512442603203600688e-01
2.517052018634464150e-01
2.521534310110302712e-01
2.525683169079651069e-01
2.529588768135579979e-01
2.534776403791117461e-01
2.539091450796194804e-01
2.543683446159409334e-01
2.549033575402041563e-01
2.554886679341670797e-01
2.561431939922116929e-01
2.568202684465364927e-01
2.576870491609530855e-01
2.584799414350948954e-01
2.593353560895100829e-01
2.602985607611697505e-01
2.614425943194619295e-01
2.624955124223630198e-01
2.638281077287691345e-01
2.651653644283749611e-01
2.664053907704207469e-01
2.677950799922449998e-01
2.691853419347232101e-01
2.705761548353253776e-01
2.719674786332113015e-01
2.733592526506534726e-01
2.747514124855924833e-01
2.761438962504842998e-01
2.775366453985039228e-01
2.789296068295107345e-01
2.803227339579049127e-01
2.817159870423454060e-01
2.831093329445700801e-01
2.845027449506197237e-01
2.858962019845292524e-01
2.872896887797213861e-01
2.886831984431591502e-01
2.900767186416236543e-01
2.914702418010572949e-01
2.928637628561716055e-01
2.942572787746805529e-01
2.956507877245208582e-01
2.970442885145867518e-01
2.984377812612893921e-01
2.998312657481730370e-01
3.012247422551134757e-01
3.026182112069971120e-01
3.040116730988020044e-01
3.054051279405984309e-01
3.067985753020296968e-01
3.081920143476143958e-01
3.095854452426263781e-01
3.109788687148584141e-01
3.123722843662835591e-01
3.137656919923051957e-01
3.151590916073896409e-01
3.165524834634625417e-01
3.179458680610564580e-01
3.193392461534402260e-01
3.207326174242163264e-01
3.221259789041587829e-01
3.235193342354854007e-01
3.249126875948855631e-01
3.263060402249520764e-01
3.276993930415414980e-01
3.290927468247545340e-01
3.304861019240036835e-01
3.318794587879388969e-01
3.332118265242693389e-01
3.344907491752313056e-01
3.356883478438075774e-01
3.366376978860681213e-01
3.376293212799362786e-01
3.384864201343124601e-01
3.392364262982614509e-01
3.401289269902066925e-01
3.410980323870465014e-01
3.417968081139430847e-01
3.427112593770326732e-01
3.435416505918623131e-01
3.442176166879758470e-01
3.451530029949853584e-01
3.459889064202258946e-01
3.470667230842870987e-01
3.480053179115380479e-01
3.488919290760746361e-01
3.496944336335907066e-01
3.503877585879238699e-01
3.513074788814490312e-01
3.518601882818789273e-01
3.524305265101141393e-01
3.528774375533592633e-01
3.532718321234081249e-01
3.536485550646493170e-01
3.540987393655482540e-01
3.545149314731795842e-01
3.549315854425860173e-01
3.555570259383330489e-01
3.562658636879805218e-01
3.569695789359784710e-01
3.577219623990091635e-01
3.592929494277423697e-01
3.604209329491003810e-01
3.613271519098372186e-01
3.622829815366288009e-01
3.633337235074588500e-01
3.651078826388526877e-01
3.668613693017357957e-01
3.685047811208916890e-01
3.702109635158397083e-01
3.718362642545123831e-01
3.732045572801486744e-01
3.746614112167346300e-01
3.761155227264242895e-01
3.775061031321520488e-01
3.789523043832370708e-01
3.802763523215829666e-01
3.816612468833684435e-01
3.829900614542051107e-01
3.843375738678053710e-01
3.855739340198551801e-01
3.869150407699403216e-01
3.882622515777248706e-01
3.896442855827993990e-01
3.908972482497738432e-01
3.919922433481762836e-01
3.930227064768970768e-01
3.941629837569964323e-01
3.952804292803122066e-01
3.962933431727594935e-01
3.971737806167286444e-01
3.979563796315846447e-01
3.986691884991724888e-01
3.992760281309004067e-01
3.997312586806845980e-01
4.000542057706118482e-01
4.003753144949551146e-01
4.007046394269072054e-01
4.008832026212331145e-01
4.010246487317825070e-01
4.011173755880025893e-01
4.011849837316844858e-01
4.012390123981628975e-01
4.012692035290376102e-01
4.012877087441304447e-01
4.012890464300236659e-01
4.012732537814630018e-01
4.012419690620411261e-01
4.011912481076075343e-01
4.011060619772361946e-01
4.009968006775597171e-01
4.008806799627247508e-01
4.007562913032228780e-01
4.005937970171078444e-01
4.004108966753909260e-01
4.001934327665848112e-01
3.999135498942622546e-01
3.996153574912803541e-01
3.991836639046364432e-01
3.987133805643836570e-01
3.981839508170077480e-01
3.976451638890413642e-01
3.970965930123219745e-01
3.965094785483825324e-01
3.958086710944851427e-01
3.949875647024555514e-01
3.941248304384075141e-01
3.930690148123612282e-01
3.919839637299054047e-01
3.909073306276100168e-01
3.897088951819828173e-01
3.885723470820608427e-01
3.875179038818422073e-01
3.864195360772161858e-01
3.852633489705182268e-01
3.843652638144378630e-01
3.834283057741705303e-01
3.826091555370273456e-01
3.818392362538697848e-01
3.811039911780174094e-01
3.804636439037906159e-01
3.798739019085048962e-01
3.791547094163175147e-01
3.785785441432848453e-01
3.780486153594285192e-01
3.776069645756238158e-01
3.772271403610792384e-01
3.768327053705912699e-01
3.764327611304939536e-01
3.760370381902709558e-01
3.756841731926117700e-01
3.753162686691675631e-01
3.749199317156725053e-01
3.745350724010034771e-01
3.741323705950139744e-01
3.737450199857466626e-01
3.733821562013521778e-01
3.730343347967205458e-01
3.727272044325912193e-01
3.724385723588809483e-01
3.721392049342134301e-01
3.718512690917518682e-01
3.715821650546732302e-01
3.712933732285225719e-01
3.709697087368015733e-01
3.706468258485262068e-01
3.703157404483551907e-01
3.700060062514171633e-01
3.697013432320723769e-01
3.693693902135293805e-01
3.690179050179695497e-01
3.687040176456528040e-01
3.684053611891738855e-01
3.680783089493501747e-01
3.678251993110995821e-01
3.675903232462476855e-01
3.674018472136458269e-01
3.671489783373684257e-01
3.669061068234708567e-01
3.665647872101743254e-01
3.663388770599217414e-01
3.660855431787469749e-01
3.658259269813879944e-01
3.653993207806705001e-01
3.648950306761691853e-01
3.643770368673560633e-01
3.637491627816850093e-01
3.631716177562605563e-01
3.622966119555167674e-01
3.613957809236524321e-01
3.604483892432338576e-01
3.594725861024659075e-01
3.584938637538137574e-01
3.575233273788567256e-01
3.565481969198451284e-01
3.555654719703638666e-01
3.545876765909097839e-01
3.535991862087932702e-01
3.526046402718632788e-01
3.516108775893672655e-01
3.505989608569737292e-01
3.495855142789340841e-01
3.485572114000297650e-01
3.475231636200921681e-01
3.464901289853875022e-01
3.454511028653728388e-01
3.444157067105288461e-01
3.433651443729057728e-01
3.423209907937310170e-01
3.412708817150236218e-01
3.402195333767885632e-01
3.391683787619398371e-01
3.381213813289546399e-01
3.370696078854301114e-01
3.360179343549805631e-01
3.349754859072359148e-01
3.339229941578971128e-01
3.328702895180289389e-01
3.318270347350307237e-01
3.307917217671427768e-01
3.297605391809879105e-01
3.287156319760793921e-01
3.276708011785707253e-01
