4.000029211197332901e-01
4.000029371357036179e-01
4.019042659609654566e-01
4.037908469234448017e-01
4.056647825519928419e-01
4.075280504396685544e-01
4.094123193664571669e-01
4.113230981363961147e-01
4.132270628756101183e-01
4.151304060884083436e-01
2.000030407074943339e-01
2.000030567490181099e-01
2.021719767784532495e-01
2.043210485726038583e-01
2.064808337344136435e-01
2.086139759021475026e-01
2.107675079657680139e-01
2.129160692529897536e-01
2.150048199160390638e-01
2.171249293009974435e-01
2.192710509625812043e-01
2.214348609983047000e-01
2.236400470452055422e-01
2.259182468108810737e-01
2.281411155553449144e-01
2.303875475886780488e-01
2.326399653186489169e-01
2.348867736015431140e-01
2.371802662407679896e-01
2.395268142156883051e-01
2.418936994480236358e-01
2.442942858830658981e-01
2.467071740532419677e-01
2.491468078216524940e-01
2.516002150553622863e-01
2.540536034616841521e-01
2.565069699156341532e-01
2.589603155534080381e-01
2.614136417285781167e-01
2.638669595399211754e-01
2.663202717874021963e-01
2.687735805489554486e-01
2.712268873442250094e-01
2.736801932748850752e-01
2.761334991415830831e-01
2.785868055386215847e-01
2.810401129283225385e-01
2.834934114162344088e-01
2.859467100506857817e-01
2.884000102132252552e-01
2.908533118764596859e-01
2.933066149933427624e-01
2.957599195107456502e-01
2.982132253776976216e-01
3.006665325497096530e-01
3.031198538087012673e-01
3.055731792403215685e-01
3.080265055862168588e-01
3.104798330492430924e-01
3.129331618096301004e-01
3.153864920135524552e-01
3.178398237638555002e-01
3.202931571127022869e-01
3.227464920560640937e-01
3.251998285299861347e-01
3.276531664085727269e-01
3.301065055036344620e-01
3.325598455659284913e-01
3.350131862879014433e-01
3.374665273078206185e-01
3.399198682151551854e-01
3.423732095654662411e-01
3.448265620600895476e-01
3.472799145468506432e-01
3.497332668045626258e-01
3.521866186285171341e-01
3.546399698304173453e-01
3.570933202395945028e-01
3.595466697048301241e-01
3.620000178000750135e-01
3.644533584332163567e-01
3.669066987162607485e-01
3.693600382031266283e-01
3.718133764863978397e-01
3.742667132097912686e-01
3.767200480777909699e-01
3.791733808630045055e-01
3.816267114113900960e-01
3.840800396454382426e-01
3.865333655653608314e-01
3.889866892483931915e-01
3.914400107367529968e-01
3.938933304903637911e-01
3.963466486700828462e-01
3.987999656235146073e-01
4.012532817534237850e-01
4.037065911136126228e-01
4.061598952003119267e-01
4.086131994983116522e-01
4.110665041835673272e-01
4.135198094095267618e-01
4.159731153094182732e-01
4.184264219979684230e-01
4.208797295729158616e-01
4.233330483871890482e-01
4.257863737938815674e-01
4.282396999199775123e-01
4.306930270314517362e-01
4.331463553590301219e-01
4.355996850881095339e-01
4.380530163510522601e-01
4.405063492216693688e-01
4.429596837117704133e-01
4.454130197694516347e-01
4.478663567528170519e-01
4.503196955894590015e-01
4.527730354555506431e-01
4.552263760509651092e-01
4.576797170200314069e-01
4.601330579571114021e-01
4.625863984133195550e-01
4.650397508882848085e-01
4.674931034041181488e-01
4.699464557346013649e-01
4.723998076700668958e-01
4.748531590171529704e-01
4.773065095999889373e-01
4.797598592621087898e-01
4.822132078687203505e-01
4.846665485554058073e-01
4.871198889579521074e-01
4.895732286249865894e-01
4.920265671418396769e-01
4.944799041433092790e-01
4.969332393236525203e-01
4.993865724444209175e-01
5.018399033402417553e-01
5.042932319225100768e-01
5.067465581809144082e-01
5.091998818270480065e-01
5.116532037603872540e-01
5.141065237913983177e-01
5.165598421961329345e-01
5.190131593125458798e-01
5.214664755349838199e-01
5.239197869877149083e-01
5.263730910397048657e-01
5.288263952728483597e-01
5.312796998664500725e-01
5.337330049764487105e-01
5.361863107381606985e-01
5.386396172684209116e-01
5.410929246674068827e-01
5.435462412002151078e-01
5.459995664781847058e-01
5.484528924304232778e-01
5.509062193283901232e-01
5.533595474093055966e-01
5.558128768658907592e-01
5.582662078388128668e-01
5.607195404113324289e-01
5.631728746057996782e-01
5.656262103815690168e-01
5.680795471414551434e-01
5.705328857559778255e-01
5.729862254446520531e-01
5.754395659156322784e-01
5.778929068212740328e-01
5.803462477635691341e-01
5.827995883004744027e-01
5.852529388797212961e-01
5.877062914187807241e-01
5.901596438076032181e-01
5.926129958325629943e-01
5.950663472963538814e-01
5.975196980192405416e-01
5.999730478411203771e-01
6.024263966238426748e-01
6.048797373211699524e-01
6.073330778035126443e-01
6.097864176152059112e-01
6.122397563349222249e-01
6.146930935889557412e-01
-1.096989703367050358e-06
-1.112445621214041556e-06
-8.331087552414068956e-04
-1.660415971410148872e-03
-2.484308201453783518e-03
-3.295361791056867270e-03
-4.082179273018203547e-03
-4.862995280780666243e-03
-5.635780307377877447e-03
-6.404913027509183225e-03
-7.159969794356683265e-03
-7.913212365105731436e-03
-8.667741784328115984e-03
-9.419762325908237824e-03
-1.016025286155078887e-02
-1.089326748243460083e-02
-1.160574398481225775e-02
-1.231027344717860149e-02
-1.300738026180821814e-02
-1.370263799759534502e-02
-1.439357344044660085e-02
-1.508112124651931479e-02
-1.576886984821935025e-02
-1.644992336658368179e-02
-1.712378598716790198e-02
-1.779852964634525900e-02
-1.846415350510449346e-02
-1.912480714564061129e-02
-1.978298482823881085e-02
-2.044317270496407574e-02
-2.110125401947944221e-02
-2.175586377142140621e-02
-2.240542049133262617e-02
-2.305012521292223657e-02
-2.369526841788166874e-02
-2.433953593727295264e-02
-2.497940518831789566e-02
-2.561290508196271964e-02
-2.624092714145131663e-02
-2.687425010709510939e-02
-2.750983500733633624e-02
-2.814057802808250450e-02
-2.876560350046939232e-02
-2.939049574902099018e-02
-3.001928747611792847e-02
-3.064079872902559371e-02
-3.126092161230806243e-02
-3.188449039032857646e-02
-3.250857022315734035e-02
-3.313283075159270674e-02
-3.375724613408030012e-02
-3.438179264322946405e-02
-3.500644800080310315e-02
-3.563119148233401257e-02
-3.625517399610653224e-02
-3.687971406729765450e-02
-3.750429939267439783e-02
-3.812891927089707977e-02
-3.875356458164282147e-02
-3.937822758389059735e-02
-4.000290170037471699e-02
-4.062758186361301038e-02
-4.125226409495692803e-02
-4.187291815566628744e-02
-4.248545396957902065e-02
-4.310101806208207348e-02
-4.371558148644519998e-02
-4.432857862718741354e-02
-4.494270282797092203e-02
-4.555460223070394860e-02
-4.616218281160608394e-02
-4.676444862113717654e-02
-4.737174081206633330e-02
-4.797434649987248473e-02
-4.858009893714392013e-02
-4.918474623816832675e-02
-4.979023162579342132e-02
-5.039187932768542100e-02
-5.098716251210386186e-02
-5.158062756514357472e-02
-5.216942979570305533e-02
-5.275082941219465943e-02
-5.332486018298582264e-02
-5.389630516997906406e-02
-5.446842378175639765e-02
-5.504437959807437913e-02
-5.561740067882502137e-02
-5.619159202409759052e-02
-5.676296941197186974e-02
-5.733664569415408002e-02
-5.790590158492021217e-02
-5.847028774502445458e-02
-5.902498029869254759e-02
-5.957362741620420010e-02
-6.010839158439575808e-02
-6.062442223944641828e-02
-6.112459141978312388e-02
-6.160023930241596141e-02
-6.207814411538427335e-02
-6.255517305182753396e-02
-6.300533363153404398e-02
-6.344228365716700346e-02
-6.386595105535949890e-02
-6.428352881313380285e-02
-6.469010441035108472e-02
-6.508371381646037290e-02
-6.546594233896393944e-02
-6.583446315860350118e-02
-6.620017183447358955e-02
-6.654888603788083890e-02
-6.688749782802025368e-02
-6.722084151325652401e-02
-6.752988673902864114e-02
-6.782432376653710349e-02
-6.809173683304178826e-02
-6.834066030644894707e-02
-6.857348936583482213e-02
-6.878563063203059491e-02
-6.897973390862857657e-02
-6.915539445638678451e-02
-6.931391384072252415e-02
-6.945135110036729231e-02
-6.957107163275609574e-02
-6.967311506804145516e-02
-6.976185678458678152e-02
-6.983646830664405614e-02
-6.989173635822221176e-02
-6.992930977316974550e-02
-6.995047075123479730e-02
-6.995529588787112452e-02
-6.994510443423732071e-02
-6.992090427972436073e-02
-6.988405860277746573e-02
-6.983604491839616457e-02
-6.977492945775601307e-02
-6.969915195016193610e-02
-6.960947143068628440e-02
-6.951049041000868789e-02
-6.939870846996147591e-02
-6.927242415100152984e-02
-6.912675293718963110e-02
-6.896121924793095770e-02
-6.877659349174976289e-02
-6.856624035485645030e-02
-6.833578037926296700e-02
-6.808427984567592961e-02
-6.781093169112371866e-02
-6.751558176366047326e-02
-3.997263957598089501e-01
-3.993513401620881198e-01
2.000013854879767738e-01
2.000014010472539461e-01
2.008766788970912931e-01
2.017478567181387739e-01
2.025756152558250145e-01
2.033751369951576904e-01
2.041466367527202119e-01
2.048789015033058436e-01
2.055699462364782015e-01
2.062284474906311282e-01
2.068586005181369258e-01
2.074657196373561885e-01
2.080343512854211374e-01
2.085867854590633952e-01
2.091008053835911595e-01
2.095732864503374870e-01
2.100215213441240791e-01
2.104325407212308263e-01
2.108195062349772497e-01
2.111781617266044742e-01
2.115006814191492113e-01
2.117858288597243566e-01
2.120446626173854987e-01
2.122719509960484252e-01
2.124792245403543667e-01
2.126601647736730549e-01
2.128154600773964900e-01
2.129443882163990776e-01
2.130524410256483814e-01
2.131395484367248627e-01
2.131977195376782153e-01
2.132283220881034114e-01
2.132333716619472797e-01
2.132121192957024958e-01
2.131653818134980893e-01
2.130961755083418951e-01
2.130048073213999804e-01
2.128930105216431390e-01
2.127563166599989453e-01
2.125956852289988819e-01
2.124161392440234442e-01
2.122131768382176931e-01
2.119809805885824461e-01
2.117275767504900319e-01
2.114501665402496178e-01
2.111467038577539423e-01
2.108273091879900030e-01
2.104932412170012479e-01
2.101317434592103739e-01
2.097577840937511762e-01
2.093616032386662051e-01
2.089514918901078655e-01
2.085054788586900576e-01
2.080403237399195415e-01
2.075527538789130322e-01
2.070332224080455863e-01
2.064946834104081641e-01
2.059425729422873774e-01
2.053638520467862827e-01
2.047717661530074895e-01
2.041402554384128265e-01
2.034819729520128961e-01
2.027966285771793942e-01
2.020819254107048268e-01
2.013532343337153807e-01
2.005930446086638397e-01
1.998141007235468836e-01
1.990446192635684508e-01
1.982693395612282750e-01
1.974726877752555620e-01
1.966569195913937251e-01
2.147852832368143609e-06
2.163689411471646105e-06
1.189563193049500900e-03
2.395282333129115319e-03
3.602915579321008203e-03
4.793328352062708325e-03
5.970633678666869594e-03
7.101328541655811850e-03
8.197613533155354362e-03
9.291749286064006005e-03
1.036049925243456675e-02
1.139547022560880550e-02
1.241510325157860889e-02
1.339410798404815951e-02
1.436496704756573713e-02
1.531271346544314620e-02
1.619183816786740754e-02
1.706853116968306411e-02
1.791681026094462184e-02
1.875043597245140692e-02
1.955253619818132435e-02
2.034828580108368964e-02
2.110383641367050145e-02
2.181072771865079016e-02
2.250139100181145976e-02
2.315833041164495551e-02
2.378799560119426726e-02
2.437557591281907035e-02
2.495629087099257570e-02
2.554316169822072949e-02
2.611247129743743400e-02
2.665033687957369182e-02
2.716630737847318053e-02
2.766148407498606604e-02
2.812335287919216428e-02
2.855673486936396305e-02
2.896665072001719521e-02
2.933860224351258691e-02
2.967970718852330769e-02
3.000070646175327649e-02
3.028108024244580490e-02
3.053361341885585736e-02
3.076264773203124525e-02
3.096789802301660663e-02
3.113757178123699801e-02
3.127792904210975611e-02
3.139147779240838293e-02
3.147713410722656480e-02
3.152910062135026725e-02
3.154529249655136508e-02
3.152803187692315712e-02
3.147861009881355865e-02
3.139554463961643366e-02
3.128245893976236425e-02
3.113544603237891270e-02
3.095959302880420608e-02
3.075923867910578674e-02
3.052818091036470574e-02
3.026384728589917930e-02
2.996183050370420861e-02
2.962436208361970622e-02
2.924454050024313453e-02
2.884990893564040940e-02
2.841186084715929122e-02
2.794024933461106489e-02
2.741238263398746225e-02
2.686968750956706883e-02
2.632144878573278515e-02
2.573736275551535835e-02
2.512801738315689759e-02
2.450122470329152077e-02
2.386580879112877585e-02
2.320564601691891063e-02
2.250374171965394479e-02
2.181739312782653151e-02
2.109912340763018396e-02
2.033166640263180461e-02
1.952028553860384388e-02
1.867277038839154288e-02
1.781206767317910708e-02
1.690482797440017934e-02
1.595367624063575088e-02
1.500122950689410095e-02
1.400624121898353183e-02
1.295066352826124492e-02
1.186807824654753478e-02
1.073694521855187572e-02
9.623981442473575343e-03
8.462188663037465905e-03
7.268232929531505924e-03
6.089279113640514059e-03
4.877060616172117571e-03
3.637704100669055841e-03
2.416011276106892584e-03
1.167518813841793637e-03
-2.500848974670626137e-05
-1.235542706113365108e-03
-2.450867985058657710e-03
-3.716107735910146367e-03
-4.976031403220167008e-03
-6.259597281541726121e-03
-7.602683423692055235e-03
-8.922505233332102617e-03
-1.028915849775518393e-02
-1.168678492045632095e-02
-1.308114163284408195e-02
-1.449359550751255256e-02
-1.602316224677228368e-02
-1.754860092815219846e-02
-1.910260214409771617e-02
-2.071085783505962133e-02
-2.232466467493564310e-02
-2.395775925879935556e-02
-2.557577035933882720e-02
-2.718687118043694798e-02
-2.878899039970659116e-02
-3.038983360751430773e-02
-3.203176105784425604e-02
-3.371744305712432582e-02
-3.543767054508387832e-02
-3.719342397339984313e-02
-3.897599685803201236e-02
-4.072401996967490306e-02
-4.244899380352559065e-02
-4.418743138107992380e-02
-4.588984896874596237e-02
-4.762034948544628665e-02
-4.934992376866200597e-02
-5.104993259178317727e-02
-5.266943483507471879e-02
-5.431609329540714598e-02
-5.590986464551294527e-02
-5.752083064127581219e-02
-5.913188158993239879e-02
-6.081950208066862901e-02
-6.259138896913485350e-02
-6.434993361635070463e-02
-6.612673930557530499e-02
-6.792170419547055582e-02
-6.967049276949062453e-02
-7.134286028950537206e-02
-7.299969126565174216e-02
-7.465253513723378587e-02
-7.633959387667087204e-02
-7.792521653861618491e-02
-7.950888994171549651e-02
-8.104621351528326634e-02
-8.256204639360494035e-02
-8.409444152291088714e-02
-8.556645443371380111e-02
-8.701415172335141834e-02
-8.843302947404600711e-02
-8.980859086639152167e-02
-9.117998945942791533e-02
-9.261501492503505795e-02
-9.400819644642800788e-02
-9.539303890785195972e-02
-9.674129180042147225e-02
-9.807199492852035350e-02
-9.936691910780336146e-02
-1.006805842749078223e-01
-1.020160662203358354e-01
-1.033315416727260405e-01
-1.046444190946738823e-01
-1.059758494429143827e-01
-1.072789018855399568e-01
-1.085074792692959089e-01
-1.096913797082376962e-01
-1.108138293779830502e-01
-1.119476826978083872e-01
-1.130815666717800982e-01
-1.141975163526504078e-01
-1.152838507735486212e-01
-1.163360924209219660e-01
-1.173479513108878353e-01
-1.183930867648434748e-01
-1.193831171296724364e-01
-1.203419624630652635e-01
-1.212643706963991153e-01
-1.221398290543602577e-01
-1.229922097407373377e-01
-1.238110419452924521e-01
-1.245880018831756197e-01
-1.253221696706418031e-01
-1.260187611521550177e-01
-1.266723462181876536e-01
-1.272910664391042890e-01
-1.278628178474900678e-01
-1.284026517776159781e-01
-1.289048399506803888e-01
-1.293635684013532128e-01
-1.297893457314547305e-01
-1.301718426605230627e-01
-1.305113534548089649e-01
-1.308129473846992852e-01
-1.310766576235795067e-01
-1.312968049244572499e-01
-1.314822762703088954e-01
-1.316343789700116229e-01
-1.317526956680758754e-01
-1.318378372639000262e-01
-1.318903449316581600e-01
-1.319106721589383968e-01
-1.319003200543690524e-01
-1.318573153261372033e-01
-1.317785990305777311e-01
-1.316664706960679054e-01
-1.315247853564497638e-01
-1.313516938526975153e-01
-1.311467326164454938e-01
-1.309115584515556652e-01
-1.306432549912214525e-01
-1.303365719726954364e-01
-1.299992570167104178e-01
-1.296284605455817196e-01
-1.292302427872440429e-01
-1.288064619542071687e-01
-1.283479717232137440e-01
-1.278487850051816255e-01
-1.273179273737951589e-01
-1.267387160383990352e-01
-1.261192808815070343e-01
-1.254635986986366858e-01
-1.247874241665383466e-01
-1.240706197136570849e-01
-1.233047696390082854e-01
-1.225181639700195918e-01
-1.217114831016712223e-01
-1.208688932739815508e-01
-1.199965884592771315e-01
-1.191104465451341687e-01
-1.181943692106655758e-01
-1.172214994159663515e-01
-1.162106194704874834e-01
-1.151741037330123035e-01
-1.141019681073740522e-01
-1.130119712015490857e-01
-1.118928418171516448e-01
-1.107214185151589730e-01
-1.095248134838678888e-01
-1.082955646957523416e-01
-1.070514084652582076e-01
-1.057672788450882140e-01
-1.044662679165620778e-01
-1.030774720594965638e-01
-1.016727570711415812e-01
-1.002207745592672838e-01
-9.876862047030987579e-02
-9.727922066781162502e-02
-9.574578845950353079e-02
-9.421873132024824460e-02
-9.269933402294230906e-02
-9.116585880731745140e-02
-8.959431596048279822e-02
-8.801064920721085594e-02
-8.640759879113425745e-02
-8.473724559497687603e-02
-8.300533984107849594e-02
-8.125640460912809948e-02
-7.945465876538775063e-02
-7.763131837185986706e-02
-7.577268318549097714e-02
-7.390377581361474990e-02
-7.202796671046741983e-02
-7.012757591150682590e-02
-6.823242059169747076e-02
-6.633972330343383683e-02
-6.443492283325058523e-02
-6.252177827077935734e-02
-6.057854681143719222e-02
-5.858352063446860963e-02
-5.656489662012587766e-02
-5.455491336762384458e-02
-5.250292295092985617e-02
-5.041724880011731053e-02
-4.833608432549415385e-02
-4.622542476778117998e-02
-4.412631345713867448e-02
-4.206118688186654547e-02
-4.002414094492780239e-02
-3.800006659557286087e-02
-3.596054774499012757e-02
-3.393069064363745529e-02
-3.192525222004490709e-02
-2.993653894422159192e-02
-2.799238117383285804e-02
-2.605649917315563599e-02
-2.412728250317408216e-02
-2.219964397229471156e-02
-2.027558801388206974e-02
-1.835792407269800156e-02
-1.646681948745988208e-02
-1.460350890427111054e-02
-1.276935489343027780e-02
-1.094760538557399895e-02
-9.149852331506867081e-03
-7.375621244332757759e-03
-5.662146698321567952e-03
-3.933471844535019191e-03
-2.245686801002717489e-03
-5.568080030505026664e-04
1.096910568919327649e-03
2.738443362093255680e-03
4.330913049022859160e-03
5.915259446245117216e-03
7.504468142698812218e-03
9.041597952128483870e-03
1.057850767766438209e-02
1.203607478423214007e-02
1.343054877557169763e-02
1.485196515046089197e-02
1.621506638221280674e-02
1.760621978288461759e-02
1.897734770708765090e-02
2.029913679125664588e-02
2.162103097799370280e-02
2.289543475547396387e-02
2.412662433961028363e-02
2.534769044340593955e-02
2.652784801997978836e-02
2.766754125760792146e-02
2.878387809698669184e-02
2.985190923015707334e-02
3.086966289204250841e-02
3.184581879445359115e-02
3.278737923717730401e-02
3.365021993774323233e-02
3.448808105262868989e-02
3.531586541805419033e-02
3.610907534142179104e-02
3.685922755801404604e-02
3.757347503949646367e-02
3.824993159250221486e-02
3.887777137784215187e-02
3.946312167627222950e-02
4.000381570560019445e-02
4.049764171089504511e-02
4.095257980992900865e-02
4.135953029280541038e-02
4.171890767056212618e-02
4.203446688517803453e-02
4.230191357901820493e-02
4.252146319447813044e-02
4.269206743367267437e-02
4.281255905912683540e-02
4.288454938437095965e-02
4.290767456444592731e-02
4.288158064942758363e-02
4.280531418080701228e-02
4.267679208099951771e-02
4.249741712163374041e-02
4.226689616982953063e-02
4.199115510712909949e-02
4.166373587402207035e-02
4.129203408833924394e-02
4.087375900836115461e-02
4.041573983076296450e-02
3.990371658606663846e-02
3.936301196751929021e-02
3.876950294392400576e-02
3.813660945592520918e-02
3.745809238269513786e-02
3.673500338424882938e-02
3.596073143640645536e-02
3.514087913527540186e-02
3.425787373512689110e-02
3.331709253147117217e-02
3.233074487852908435e-02
3.128910014896984365e-02
3.017801303733558260e-02
2.903330837198841302e-02
2.784621307028104648e-02
2.660067995732716059e-02
2.533430570995728187e-02
2.401694859555299558e-02
2.265604000420170031e-02
2.126453891695793616e-02
1.982467231906636165e-02
1.833934853070352811e-02
1.682116653040087104e-02
1.527535447256345852e-02
1.368586750319587993e-02
1.204094427243632831e-02
1.037744495229697174e-02
8.691152757277218963e-03
6.978516905294355685e-03
5.281492883511926424e-03
3.598922268955544960e-03
1.902782940439708744e-03
1.604399471988813002e-04
-1.611151553215308101e-03
-3.407941420752903707e-03
-5.206918684159356388e-03
-7.045141125055941721e-03
-8.867188052139698615e-03
-1.070935448250413466e-02
-1.255584619418047797e-02
-1.443471169204504044e-02
-1.632831975332220409e-02
-1.821058622976594321e-02
-2.011326673855495101e-02
-2.203633630644213567e-02
-2.398893981545444434e-02
-2.589964651757976563e-02
-2.782765051898165518e-02
-2.974236034954693200e-02
-3.163439532003750609e-02
-3.356479938938771584e-02
-3.544318681459325548e-02
-3.727454082526411583e-02
-3.910271286068579127e-02
-4.088233763740986570e-02
-4.269062069281411714e-02
-4.443694393487510746e-02
-4.615241183787363588e-02
-4.790839773048527483e-02
-4.967765233139048026e-02
-5.144770463196074450e-02
-5.321505106312575395e-02
-5.494805997460811692e-02
-5.674889454915843512e-02
-5.851100998463996256e-02
-6.024806803406558553e-02
-6.200445618003307124e-02
-6.379045528175436575e-02
-6.554157821067436995e-02
-6.736137030741241871e-02
-6.917714929967053172e-02
-7.096501033226645938e-02
-7.279951943039128515e-02
-7.458398032326687965e-02
-7.633403222175033642e-02
-7.808669278155871973e-02
-7.985851805433169526e-02
-8.162082588365539293e-02
-8.334383857273580665e-02
-8.506948620308550646e-02
-8.678149945368540674e-02
-8.849155332581665201e-02
-9.020959186816648878e-02
-9.191822616048896111e-02
-9.363242911203782659e-02
-9.532933833315901384e-02
-9.701737040755614716e-02
-9.868207024226739732e-02
-1.003306432051937619e-01
-1.019560465301203173e-01
-1.035481523497240597e-01
-1.051085979300973861e-01
-1.066326151311386417e-01
-1.081153470542404182e-01
-1.095915607917865991e-01
-1.110799548556700989e-01
-1.125280329725962536e-01
-1.139580287875883863e-01
-1.153582778440871009e-01
-1.167458769442647343e-01
-1.181118338486271124e-01
-1.194456456517478810e-01
-1.207465351833706263e-01
-1.220194495464527878e-01
-1.232670828930551715e-01
-1.244959893577488180e-01
-1.256933927347885505e-01
-1.268610165192679828e-01
-1.280180354850473934e-01
-1.291464856223795699e-01
-1.302537240905934646e-01
-1.313149146898983100e-01
-1.323539368406198014e-01
-1.333467471229070889e-01
-1.343211155961300252e-01
-1.352663130753171405e-01
-1.361864738843475975e-01
-1.370647770098258611e-01
-1.378860118836964799e-01
-1.386717886916240816e-01
-1.394159975373956417e-01
-1.401367707492355841e-01
-1.408391334719318877e-01
-1.415139981539577096e-01
-1.421452326843003489e-01
-1.427360351725162069e-01
-1.432891068897821640e-01
-1.438090437927074805e-01
-1.442930724839284473e-01
-1.447394559187510088e-01
-1.451513258424550201e-01
-1.455240877544212441e-01
-1.458607957521111109e-01
-1.461571973141365943e-01
-1.464140090421238716e-01
-1.466309182260472632e-01
-1.468109722644968251e-01
-1.469531375122495043e-01
-1.470565449913440736e-01
-1.471221007887814347e-01
-1.471507939631702677e-01
-1.471440237405392815e-01
-1.471010612081731228e-01
-1.470193399708756010e-01
-1.469005433008661599e-01
-1.467446060662576934e-01
-1.465519300765728283e-01
-1.463252450314153630e-01
-1.460633625993436602e-01
-1.457610631096292741e-01
-1.454282524256101383e-01
-1.450538847726927372e-01
-1.446432207635494349e-01
-1.441951078478960480e-01
-1.437144745027152948e-01
-1.431979056538632833e-01
-1.426410179290455160e-01
-1.420516923358129402e-01
-1.414413380828933031e-01
-1.407927138418464397e-01
-1.401108364023857522e-01
-1.393906399260125273e-01
-1.386390161680852162e-01
-1.378544334588600595e-01
-1.370415554136450165e-01
-1.361883713079434510e-01
-1.352901720377628070e-01
-1.343529685716289002e-01
-1.333850366710833402e-01
-1.323701710418553334e-01
-1.313257844693546394e-01
-1.302530562094866284e-01
-1.291811746936405991e-01
-1.280532215368689886e-01
-1.269044862849696420e-01
-1.257203632027431017e-01
-1.244600690966791712e-01
-1.231477017602653351e-01
-1.218299110754724746e-01
-1.204680233807114698e-01
-1.190911672039619562e-01
-1.177256842404239001e-01
-1.163267715231909444e-01
-1.148814182174061616e-01
-1.133899385012245159e-01
-1.118691036473274114e-01
-1.103098550329459637e-01
-1.087089761076833611e-01
-1.070869602033405060e-01
-1.054783572046534695e-01
-1.038706121465252791e-01
-1.021876960193310174e-01
-1.004434632884638051e-01
-9.872653605538028732e-02
-9.700153621806963111e-02
-9.523968259887469201e-02
-9.345368621653904473e-02
-9.164231634921823910e-02
-8.982000666393202826e-02
-8.796860166422316996e-02
-8.609183864884650816e-02
-8.419940155403837778e-02
-8.227506069269759081e-02
-8.034889555480191625e-02
-7.841787998164630180e-02
-7.644287503976684994e-02
-7.446251808612640299e-02
-7.247201379602667692e-02
-7.043305647674437397e-02
-6.838828047068468141e-02
-6.635575635722648635e-02
-6.435264393842332620e-02
-6.236578491971154353e-02
-6.041794246111154704e-02
-5.846316354021321993e-02
-5.648740486560592522e-02
-5.450381145310665559e-02
-5.251012361526451178e-02
-5.051764579418752121e-02
-4.852147600745110312e-02
-4.655090630089964154e-02
-4.455778422675739370e-02
-4.265665187152616750e-02
-4.074203198179304070e-02
-3.881851501201085547e-02
-3.690267695402241199e-02
-3.499267280350985138e-02
-3.308554683581834549e-02
-3.116340764860145787e-02
-2.922724468144752286e-02
-2.734317070567321081e-02
-2.550973891329669230e-02
-2.371473296228143388e-02
-2.192705519033011363e-02
-2.013220567272446318e-02
-1.834488241098358036e-02
-1.655170315198997710e-02
-1.476227467623281164e-02
-1.303460932868470701e-02
-1.130149916496460578e-02
-9.517356583319640240e-03
-7.716698235634126060e-03
-5.975706725346974224e-03
-4.294573964185727233e-03
-2.695229329867385951e-03
-1.143617678398320360e-03
3.952552102284584575e-04
1.906341283421465749e-03
3.414812699081032354e-03
4.865549539455586367e-03
6.321406518082875979e-03
7.767794605068704950e-03
9.155006617741608121e-03
1.055945741370309734e-02
1.194327724519939071e-02
1.335129555687634972e-02
1.480446032793061688e-02
1.625779274146044520e-02
1.769348869615326725e-02
1.912662023730179323e-02
2.055049660226493033e-02
2.194124801231516625e-02
2.330074616241218505e-02
2.460469398584068379e-02
2.593948006081965227e-02
2.724732212850963092e-02
2.853717307755227611e-02
2.980397275882305796e-02
3.102651550677947706e-02
3.222933569059653613e-02
3.342146756547368508e-02
3.464535239832937374e-02
3.581765558381783815e-02
3.695972190439041766e-02
3.807494405660769021e-02
3.915002780037838553e-02
4.018263470402151649e-02
4.118403956258716997e-02
4.217524738766738335e-02
4.315164416236916267e-02
4.409489798822559953e-02
4.501358750439501955e-02
4.592585110073642285e-02
4.681551218646380630e-02
4.766817653646069491e-02
4.849686633769889621e-02
4.929337140030549264e-02
5.003645357403138649e-02
5.076862505719706431e-02
5.148495899599832282e-02
5.216862667560786399e-02
5.281503596165915831e-02
5.344550620101062854e-02
5.405188768816290151e-02
5.461897353204019784e-02
5.513877252573802512e-02
5.563537133891709868e-02
5.610722814567337818e-02
5.655266464345867772e-02
5.697249311215130119e-02
5.735224579153128804e-02
5.770208399599184579e-02
5.802133377938380188e-02
5.831660557546492624e-02
5.859135765662348838e-02
5.883310369143968793e-02
5.905693021808101906e-02
5.925603166830184509e-02
5.942537312613449529e-02
5.956285632900777671e-02
5.967574381745772982e-02
5.976027286512934633e-02
5.981570529185432222e-02
5.984127031273681757e-02
5.983670596607285758e-02
5.980042140447050514e-02
5.973024301883517878e-02
5.962927412082781597e-02
5.950062475927365979e-02
5.934576153707528390e-02
5.915440895045514375e-02
5.892918457445382036e-02
5.866517640444362386e-02
5.837636031197519781e-02
5.805375484688371501e-02
5.769999817685251414e-02
5.731621421347116163e-02
5.691222589473698273e-02
5.647228857865951857e-02
5.600648338559026385e-02
5.548952486348734253e-02
5.493755631425159547e-02
5.434625487446994446e-02
5.372706019709094089e-02
5.306965960176424774e-02
5.239687510200730786e-02
5.169584960565169751e-02
5.095355814605595501e-02
5.019115978930541178e-02
4.938749695153576980e-02
4.854488528057326197e-02
4.766556499095613020e-02
4.675956267759809326e-02
4.582069150779041755e-02
4.483618380308287965e-02
4.382409257034997757e-02
4.279033036298567766e-02
4.168781294570916146e-02
4.055015374274175549e-02
3.938235921209906620e-02
3.818329904643064099e-02
3.696329863458126808e-02
3.571650355946183464e-02
3.442919924721481173e-02
3.311461475556849721e-02
3.178652162027024303e-02
3.042062842087880220e-02
2.901638297543579492e-02
2.759882632090307139e-02
2.613135852563176417e-02
2.463428596959106945e-02
2.311942968951664901e-02
2.158815487074619566e-02
2.003014134024618323e-02
1.842246723187240462e-02
1.676385950778442116e-02
1.509895156796674416e-02
1.340630680534385041e-02
1.169841122468433421e-02
9.961390587502042329e-03
8.186887502531541017e-03
6.407116124167209527e-03
4.596468816408842695e-03
2.766069639492405551e-03
9.544136609278547475e-04
-8.894957915106317973e-04
-2.746054421166417656e-03
-4.601269251635032101e-03
-6.494605700222624324e-03
-8.363626601429439977e-03
-1.023509164267282466e-02
-1.210413252055204426e-02
-1.398720560325296056e-02
-1.588968687198589330e-02
-1.779872251840742756e-02
-1.971481611715007048e-02
-2.163236269741634910e-02
-2.356351259547560112e-02
-2.550563208466423079e-02
-2.746402128196405792e-02
-2.941227239957661804e-02
-3.133020355291975256e-02
-3.327682675428025871e-02
-3.524796978781877949e-02
-3.722620971764375314e-02
-3.920425072759299578e-02
-4.115105300387944531e-02
-4.313014764557170089e-02
-4.512205782224026213e-02
-4.711612670542321413e-02
-4.915144656242413645e-02
-5.115660573505782793e-02
-5.315341709843311724e-02
-5.508343133390413565e-02
-5.700764483527467896e-02
-5.895487854745650597e-02
-6.091015247200563809e-02
-6.283641616181034895e-02
-6.477144995049717580e-02
-6.675207391104712173e-02
-6.877340524274642986e-02
-7.078074812343752853e-02
-7.278836142700480238e-02
-7.477682851395003882e-02
-7.676085471721266762e-02
-7.881290020941318641e-02
-8.087135064940301210e-02
-8.290903848624528449e-02
-8.495956801191907604e-02
-8.702881394606130916e-02
-8.907112552059866240e-02
-9.111222541134163244e-02
-9.314110703543225511e-02
-9.518100845134450094e-02
-9.722184694013802364e-02
-9.926470867637196549e-02
-1.013136419734178978e-01
-1.033772221074687608e-01
-1.054337304580576784e-01
-1.074680265478586139e-01
-1.094873224414780882e-01
-1.115136932767176875e-01
-1.135193781209238445e-01
-1.155210301772097992e-01
-1.174892128008038356e-01
-1.194137918282506816e-01
-1.213463698517821959e-01
-1.231911039806194014e-01
-1.250797588533562044e-01
-1.269922082657612417e-01
-1.288791625958323195e-01
-1.308021844114830023e-01
-1.327421825123895061e-01
-1.346686356520241379e-01
-1.365898526845449878e-01
-1.384795868908302030e-01
-1.403692837037776586e-01
-1.422748024804126044e-01
-1.441753678201507793e-01
-1.460682461555724010e-01
-1.479201650400410462e-01
-1.497196560864604009e-01
-1.514914296243295710e-01
-1.532253201007210686e-01
-1.549105893857392613e-01
-1.566174932944626175e-01
-1.582356212339316448e-01
-1.598071225966225251e-01
-1.613578369916668087e-01
-1.628932325561660011e-01
-1.644396228712348140e-01
-1.659677164106995728e-01
-1.674888232810599620e-01
-1.690130687338592952e-01
-1.705024269303972995e-01
-1.719658561904592320e-01
-1.734200516275977433e-01
-1.748689936862592720e-01
-1.762854338558201561e-01
-1.776566859532014986e-01
-1.790582952979221376e-01
-1.804205469075912116e-01
-1.818370249491869650e-01
-1.831803144305098330e-01
-1.845191154440749270e-01
-1.858605518884154928e-01
-1.871988266524982625e-01
-1.885154975683012157e-01
-1.898103860938226695e-01
-1.911015913025519986e-01
-1.923346667403454946e-01
-1.935802700811580790e-01
-1.948182674642397749e-01
-1.960229787176574479e-01
-1.972273424744506731e-01
-1.983823155538214644e-01
-1.995516618626065608e-01
-2.007397371277926668e-01
-2.019203316529127323e-01
-2.030860107227272504e-01
-2.042540168414783142e-01
-2.054023649851243194e-01
-2.065374634385112596e-01
-2.076934981230154909e-01
-2.088495705651192413e-01
-2.099872785162480437e-01
-2.111276238178660114e-01
-2.122415308724513450e-01
-2.133476100152166821e-01
-2.144543354311207461e-01
-2.155476879072975582e-01
-2.166052611494040103e-01
-2.176545899286540242e-01
-2.186827162174131145e-01
-2.197198720833533903e-01
-2.207351625927944372e-01
-2.217660338195579506e-01
-2.227731560858436932e-01
-2.237820036646283595e-01
-2.247753896107592408e-01
-2.257548827141075132e-01
-2.267246931095915630e-01
-2.276766756129447455e-01
-2.286441931541872419e-01
-2.296212809252156650e-01
-2.306109300361170455e-01
-2.315826814920402543e-01
-2.325459919986613000e-01
-2.335336173801768334e-01
-2.345162621753280330e-01
-2.354825111717218922e-01
-2.364470279778944639e-01
-2.374055536001603850e-01
-2.383464839746038400e-01
-2.392969958613645476e-01
-2.402542955043731610e-01
-2.412293651888944013e-01
-2.421792107900603008e-01
-2.431414483097175672e-01
-2.441166653253008800e-01
-2.450945812680102587e-01
-2.460846773186040060e-01
-2.470821379047550836e-01
-2.480744470398616452e-01
-2.490690162277040265e-01
-2.500648258454887807e-01
-2.510617418416556390e-01
-2.520589290551760175e-01
-2.530563310249502318e-01
-2.540538985200512245e-01
-2.550515898340225407e-01
-2.560493705700817579e-01
-2.570472131018621265e-01
-2.580338151413036352e-01
-2.590081719902909696e-01
-2.599674966615501681e-01
-2.609085054940349369e-01
-2.618293154715172211e-01
-2.627278636887857566e-01
-2.636217368618105072e-01
-2.645087380464489768e-01
-2.653753120204836446e-01
-2.662266247223975535e-01
-2.670647328869392712e-01
-2.678886798265738278e-01
-2.687115320864616463e-01
-2.695284284280610176e-01
-2.703232921093925989e-01
-2.711054268347179996e-01
-2.718787437443310195e-01
-2.726387618941381596e-01
-2.734013483106117470e-01
-2.741477837792485328e-01
-2.748724844703178682e-01
-2.755732117365894962e-01
-2.762704926921449311e-01
-2.769654798493788594e-01
-2.776490781168579614e-01
-2.783186124408387752e-01
-2.789907598190023430e-01
-2.796403592696961038e-01
-2.802954298091461238e-01
-2.809407989336484834e-01
-2.815668208709406484e-01
-2.821859412993789062e-01
-2.827924464174054742e-01
-2.833785515946657951e-01
-2.839393441669350038e-01
-2.844961359397536471e-01
-2.850413501275745332e-01
-2.855632467944135833e-01
-2.860774772683751244e-01
-2.865633926652997321e-01
-2.870474820254280135e-01
-2.875209419656785115e-01
-2.879895091321076350e-01
-2.884388624448813720e-01
-2.888840528058791990e-01
-2.893159426289553249e-01
-2.897388639069952143e-01
-2.901400681416540506e-01
-2.905273963276271965e-01
-2.909243181933079403e-01
-2.912994710546663035e-01
-2.916649560943286312e-01
-2.920181116683428502e-01
-2.923581011349914438e-01
-2.926744625981058667e-01
-2.929816111672289280e-01
-2.932842424399272896e-01
-2.935792517852879868e-01
-2.938687095881269973e-01
-2.941540781672133398e-01
-2.944505131011659893e-01
-2.947422465553376503e-01
-2.950288123888064606e-01
-2.953186451069096941e-01
-2.956050998746416192e-01
-2.958845497344717579e-01
-2.961609693805697385e-01
-2.964463844225416755e-01
-2.967308680814065291e-01
-2.970207553644759746e-01
-2.973200205547442132e-01
-2.976168641791905878e-01
-2.979188275738904323e-01
-2.982170746222199686e-01
-2.985136047340849474e-01
-2.988070341795189822e-01
-2.990964879485297767e-01
-2.993878570652674376e-01
-2.996867951856859169e-01
-2.999860057941842739e-01
-3.002785969323048532e-01
-3.005799111112459343e-01
-3.008806215657730543e-01
-3.011926418619745305e-01
-3.015279019488853463e-01
-3.018703735820525980e-01
-3.022179308202826986e-01
-3.025712610919775725e-01
-3.029311115726969761e-01
-3.032961301956331734e-01
-3.036693719213623410e-01
-3.040407548459621023e-01
-3.044164298237540534e-01
-3.047981116767168874e-01
-3.051785705753242706e-01
-3.055666623465833620e-01
-3.059610162075214190e-01
-3.063672259288821587e-01
-3.067813473959108417e-01
-3.071996897339037136e-01
-3.076187143404380264e-01
-3.080461267536028780e-01
-3.084833256648104038e-01
-3.089050045098807318e-01
-3.093380612127826779e-01
-3.097628808711755943e-01
-3.102017024313645233e-01
-3.106222062265717732e-01
-3.110335241879617074e-01
-3.114400433521911649e-01
-3.118391589414682419e-01
-3.122295281154321422e-01
-3.126029043018684894e-01
-3.129655243237434159e-01
-3.133166501975385154e-01
-3.136527757157404062e-01
-3.139677696191200407e-01
-3.142676456261713769e-01
-3.145510777816339920e-01
-3.148327795896035397e-01
-3.151054438614823705e-01
-3.153774123470735047e-01
-3.156356352136111543e-01
-3.158830896836190560e-01
-3.161287246674669982e-01
-3.163693617000617464e-01
-3.168575802687497167e-01
-3.170996173455042366e-01
-3.173358370684546959e-01
1.999969901897116209e-01
1.999969741451007310e-01
1.983178861712265040e-01
1.965718901499299565e-01
1.948362161471011433e-01
1.930968002155385721e-01
1.913128238837575879e-01
1.895128470027177270e-01
1.877085055876533681e-01
1.858723737392921627e-01
1.839923437351929369e-01
1.821443191446726895e-01
1.803577470266472527e-01
1.785999053450672558e-01
1.768415288497618698e-01
1.751846653953568478e-01
1.735349822853226309e-01
1.718311016484364295e-01
1.701072424245861914e-01
1.683987192033740699e-01
1.666822276184486140e-01
1.649505417052299083e-01
1.633275151652112400e-01
1.616482800302628253e-01
1.599816039260561762e-01
1.583425194072483611e-01
1.567129359026142588e-01
1.551693305996642569e-01
1.535642744351124189e-01
1.519267455818339163e-01
1.503393876627551473e-01
1.486980083569456323e-01
1.470588636493777024e-01
1.453914266516050380e-01
1.437374600757763965e-01
1.421124231895782297e-01
1.404585566347334169e-01
1.388715508315200298e-01
1.372656096530269487e-01
1.356491345995674003e-01
1.340603633681355378e-01
1.324992425218091130e-01
1.309262417195931893e-01
1.294217757999401586e-01
1.279087541524450977e-01
1.263687380168595220e-01
1.249166360380711549e-01
1.234349435906397507e-01
1.219509020466380406e-01
1.205259430918617924e-01
1.190871633078415120e-01
1.176912697624713650e-01
1.163224499113681698e-01
1.149245223848915365e-01
1.134799854385466489e-01
1.120131783274400106e-01
1.104886775567453933e-01
1.089300525795759700e-01
1.074173641892929715e-01
1.058864810733005507e-01
1.043302038661021863e-01
1.027875912089309257e-01
1.012585183622864010e-01
9.974814669229577213e-02
9.821114681913943600e-02
9.666402211384601817e-02
9.513604785038749789e-02
9.357482613603648747e-02
9.198709127784550355e-02
9.037797055082039122e-02
8.877717506734984776e-02
8.720670829067302121e-02
8.565663958033452319e-02
8.410315431343255710e-02
8.255132655585306622e-02
8.095751803453331286e-02
7.939850454193310425e-02
7.780815306974228629e-02
7.621602461236226533e-02
7.460559569597148555e-02
7.302273773407420843e-02
7.144358469370554188e-02
6.984268464476138527e-02
6.820984880330557831e-02
6.656882762070726045e-02
6.487320577193364524e-02
6.322334450462591127e-02
6.153127548946088488e-02
5.985252135052128442e-02
5.820126486047302178e-02
5.656595617728188419e-02
5.502064507998735698e-02
5.347798394852493892e-02
5.189451781754403359e-02
5.031879474950069764e-02
4.877830380638063790e-02
4.716948015000949762e-02
4.556094384649091861e-02
4.397990005668162700e-02
4.239281555423519282e-02
4.078956434221695654e-02
3.926309286792566133e-02
3.778586012151814028e-02
3.630062930268539850e-02
3.484995409229304369e-02
3.342948422049885071e-02
3.201877765596831960e-02
3.062488723863976414e-02
2.923230745533758959e-02
2.789233947040487341e-02
2.657531474296980292e-02
2.527759641045891625e-02
2.399299205992779654e-02
2.273176547448364088e-02
2.149858537855456331e-02
2.029956806580785617e-02
1.912234360781351131e-02
1.799225249386436978e-02
1.683022393541061187e-02
1.565419182032458389e-02
1.449406173263454410e-02
1.332065270537164010e-02
1.216396828685724872e-02
1.102997661076249823e-02
9.919207350522105462e-03
8.843224669380780195e-03
7.781135988697117020e-03
6.741160770670800995e-03
5.761631475870734008e-03
4.801069937639067774e-03
3.873418037022207782e-03
2.972058313224267782e-03
2.100924607703225956e-03
1.291644623188829095e-03
5.148523925531147934e-04
-2.460031723399391497e-04
-9.664702265223998855e-04
-1.653903176347087728e-03
-2.969492977834887939e-03
1.999969075580450284e-01
1.999968915443502693e-01
1.984098277581013980e-01
1.968569301326968946e-01
1.953321486035323740e-01
1.937812276850894855e-01
1.922135356673858597e-01
1.906289126838958126e-01
1.890907639543912833e-01
1.875527129844135332e-01
1.860239636225708149e-01
1.844078447599793724e-01
1.828282542122131593e-01
1.812346799572808476e-01
1.796835384331253171e-01
1.781423202442906639e-01
1.766081540908604475e-01
1.751635749205952830e-01
1.737046863949747166e-01
1.722064558301503179e-01
1.707468515523527519e-01
1.692695743355129012e-01
1.678819488013461314e-01
1.664893425310385588e-01
1.651410446741298776e-01
1.637368215577838515e-01
1.623724781746225254e-01
1.609526941485577012e-01
1.595382119849701463e-01
1.581593454065619020e-01
1.568128791664288590e-01
1.555022452082615581e-01
1.542611978675090811e-01
1.530364766408041088e-01
1.518797827662093092e-01
1.507136713754018142e-01
1.495476872370798405e-01
1.483940146749662958e-01
1.472527425760984110e-01
1.461243749225446809e-01
1.450425027907248643e-01
1.439467752175735971e-01
1.428507113783428761e-01
1.417871041688425759e-01
1.407105730458098614e-01
1.396359165890473653e-01
1.385418955047546807e-01
1.374426814143584474e-01
1.363641637025815034e-01
1.353228238331130873e-01
1.342791099707826563e-01
1.332395168047116052e-01
1.322120698395674587e-01
1.312197654288953241e-01
1.302530668752336362e-01
1.292939613051536374e-01
1.283252354259581396e-01
1.273748064904541011e-01
1.264165595709249856e-01
1.254421429333151816e-01
1.245017694629435706e-01
1.236201664648127613e-01
1.227340635369829347e-01
1.218156849511344009e-01
1.209186732954303650e-01
1.199948414951944042e-01
1.190635937804675609e-01
1.181298068928349071e-01
1.171785573301766387e-01
1.162587651964449992e-01
1.152886265442263358e-01
1.143208754344587491e-01
1.133816574085360629e-01
1.124950595491648886e-01
1.116554644032303062e-01
1.108158567098733449e-01
1.100085830095823142e-01
1.091854080724005832e-01
1.083549231427724663e-01
1.075395787475868364e-01
1.066984187316279975e-01
1.058744396457790005e-01
1.050292263159627176e-01
1.042240982154756385e-01
1.034266211676872632e-01
1.026130338085941701e-01
1.017645110420462018e-01
1.009454080516685587e-01
1.001163410029987239e-01
9.929860954550748242e-02
9.850246898902947912e-02
9.770302723675879097e-02
9.694487332143909841e-02
9.617253856597705874e-02
9.544861490944028803e-02
9.475714918292948985e-02
9.407571159759647861e-02
9.340855289629840241e-02
9.273717716951075662e-02
9.208532030231937615e-02
9.144457194547681023e-02
9.080647069724401277e-02
9.017048870449655140e-02
8.951327182813272054e-02
8.886335724033753158e-02
8.825776550808843435e-02
8.764533080703061640e-02
8.704960754494356356e-02
8.648350586584381550e-02
8.592407522804303144e-02
8.537648795787795841e-02
8.484134161297120225e-02
8.431333825995464271e-02
8.377321138266675959e-02
8.324054741810879565e-02
8.269098157270263205e-02
8.212793918587417419e-02
8.158512914365133317e-02
8.104921643838459977e-02
8.053589370198546704e-02
8.003728309320519430e-02
7.956269648625724500e-02
7.911233448458467044e-02
7.865436776747669612e-02
7.821550058569015640e-02
7.778606362402090690e-02
7.737563679353572088e-02
7.700584950927784333e-02
7.666049349041761940e-02
7.635928435872477160e-02
7.608437954367608391e-02
7.582711739381843563e-02
7.559602072679505458e-02
7.538275965401612655e-02
7.520018501456961213e-02
7.504111832443886854e-02
7.490767561020499066e-02
7.480007330330289139e-02
7.470896445939718966e-02
7.463837537932337118e-02
7.459088923047280106e-02
7.456616226908396872e-02
7.456123756914366518e-02
-1.999989786957888094e-01
-1.999989633274311118e-01
-1.995195993215603258e-01
-1.990124918611619886e-01
-1.984760951993545519e-01
-1.979130900524145309e-01
-1.973450288979717582e-01
-1.967559312975024066e-01
-1.961608444022957254e-01
-1.955455732978673422e-01
-1.948928326582851644e-01
-1.941890883643943577e-01
-1.934767593827632082e-01
-1.927521487290452251e-01
-1.919983708813292056e-01
-1.912072345268397422e-01
-1.904242457106568864e-01
-1.896422581162146015e-01
-1.888443922456168045e-01
-1.880204361007993541e-01
-1.871737447512034636e-01
-1.863241572773394750e-01
-1.854616592553656462e-01
-1.846148085792690963e-01
-1.837197297533777196e-01
-1.828082214205986600e-01
-1.818969440696315554e-01
-1.810145511769605531e-01
-1.800832934873270730e-01
-1.791619500504812723e-01
-1.781818069396181037e-01
-1.771773038811298995e-01
-1.762242525569780727e-01
-1.752527004026631918e-01
-1.742466831331958010e-01
-1.732348495258588528e-01
-1.722087944576842500e-01
-1.712018520562428592e-01
-1.701927525590644918e-01
-1.691634523321452199e-01
-1.681550311132145037e-01
-1.671693737980293193e-01
-1.660987140430129072e-01
-1.650408079967766450e-01
-1.639718723154120761e-01
-1.629045577893854790e-01
-1.618262497056868476e-01
-1.607471529866945636e-01
-1.596623971186391377e-01
-1.586032573806944179e-01
-1.575142286311664030e-01
-1.563988408751978143e-01
-1.552285811566041229e-01
-1.540433080289034251e-01
-1.528535335547684115e-01
-1.516559719877389190e-01
-1.504663096161938940e-01
-1.492828247385447893e-01
-1.481034523798799296e-01
-1.469363865666675206e-01
-1.457490429319280578e-01
-1.445283237133216936e-01
-1.432886691056932671e-01
-1.419882233007520311e-01
-1.406656610830519516e-01
-1.392995092938490720e-01
-1.378838276527743767e-01
-1.364369966572680504e-01
-1.349333174726677909e-01
-1.334348748403676455e-01
-1.318913291201690707e-01
-1.304088933055269350e-01
-1.289197397907076159e-01
-1.274074412428322367e-01
-1.258943674097696142e-01
-1.243916240381550131e-01
-1.229149893925574610e-01
-1.214635948374098856e-01
-1.200553417906551901e-01
-1.186382163398563561e-01
-1.171972107174445582e-01
-1.158231468677195924e-01
-1.144276124176965836e-01
-1.130654221429871487e-01
-1.116900344411732721e-01
-1.103128161083505587e-01
-1.089388820696651911e-01
-1.075524501142397366e-01
-1.061596379212126212e-01
-1.047605566219192708e-01
-1.033788777152890304e-01
-1.019475139327219310e-01
-1.005589934091399434e-01
-9.914593441026126053e-02
-9.777991138476599398e-02
-9.638582850166296789e-02
-9.498696624637005537e-02
-9.356702543013074858e-02
-9.213428029307567380e-02
-9.066794988127910293e-02
-8.923391359114186960e-02
-8.780267095445665193e-02
-8.637327130722656510e-02
-8.492588824768011746e-02
-8.352057154025174790e-02
-8.212151661119600210e-02
-8.072444042777771056e-02
-7.927350713087415179e-02
-7.782759108593566288e-02
-7.643061076879012483e-02
-7.502144662136359110e-02
-7.361013836166883928e-02
-7.214273228435509611e-02
-7.066777276025874854e-02
-6.923347889069722538e-02
-6.781197298837562948e-02
-6.635687400951476023e-02
-6.485753844674282953e-02
-6.335734763996347940e-02
-6.182357726288663369e-02
-6.027815372835750724e-02
-5.874060982137664644e-02
-5.720973596114378723e-02
-5.565818783187392177e-02
-5.413006129419103973e-02
-5.256733521702795092e-02
-5.099142644260396678e-02
-4.939758212412512228e-02
-4.784624388849454540e-02
-4.629657260793110934e-02
-4.472563139113455710e-02
-4.313916798562481003e-02
-4.153983020327753350e-02
-3.993087742339030549e-02
-3.830832885435382640e-02
-3.659843157920616985e-02
-3.484869586322953544e-02
-3.311580162205227801e-02
-3.139736192875754867e-02
-2.963203942816052677e-02
-2.788844651414598350e-02
-2.613040445959819227e-02
-2.434078266104654914e-02
-2.257824907778109222e-02
-2.080077384497488677e-02
-1.903994408613846750e-02
-1.726978065623942238e-02
-1.546995723389443106e-02
-1.370591919893370848e-02
-1.196287073609626425e-02
-1.023448232515199868e-02
-8.430083913402160872e-03
-6.588160964164033358e-03
-4.754207691761427532e-03
-2.822764985910875251e-03
-8.533982347226235030e-04
1.102912748064989457e-03
3.097862418465974384e-03
5.054261629505103423e-03
6.998901293335112357e-03
8.988143682076413232e-03
1.094676357610093430e-02
1.292447203039537133e-02
1.484764883168059393e-02
1.679835640046199730e-02
1.870534639458387022e-02
2.056309513478915552e-02
2.240525635561878282e-02
2.417626194709990642e-02
2.591483753404584880e-02
2.765929167867139937e-02
2.937094670036196828e-02
3.107234714813827264e-02
3.275354876858755510e-02
3.447625944508614371e-02
3.621189098997189271e-02
3.791556289033307103e-02
3.958398951465494364e-02
4.124292738220623061e-02
4.287160332060454410e-02
4.457121061726147110e-02
4.630727012250467761e-02
4.801722841879706855e-02
4.970470510785899437e-02
5.141225391436413800e-02
5.315429052462301851e-02
5.489129234793349577e-02
5.661438116409559657e-02
5.834026051027880327e-02
6.004543631752563837e-02
6.176604587606427527e-02
6.346445265168480787e-02
6.513291709011145847e-02
6.678080758225919678e-02
6.839263749709792450e-02
6.999887842272195515e-02
7.157478007403929310e-02
7.314389200850474060e-02
7.470578623812303143e-02
7.624872683255702610e-02
7.776139229568150568e-02
7.924209184471441014e-02
8.073016159003225389e-02
8.219671894539536117e-02
8.366085100208144054e-02
8.511379915353996239e-02
8.653993328875345115e-02
8.794708428747170792e-02
8.936399873477525457e-02
9.076092293946025347e-02
9.214586268748113651e-02
9.350662096354975250e-02
9.485754076442137750e-02
9.619462763488284551e-02
9.751396476407436786e-02
9.882422863202039442e-02
1.001420572594051012e-01
1.014544917301034993e-01
1.027439054806679464e-01
1.040015530159758006e-01
1.052505695526344126e-01
1.064625914653323374e-01
1.076529548762620581e-01
1.088453310655619066e-01
1.100130926073532855e-01
1.111665331381730404e-01
1.122818543148939169e-01
1.133668739689210059e-01
1.144199213905805340e-01
1.154329653219320767e-01
1.164267141649252685e-01
1.173867756888382213e-01
1.183182835552275686e-01
1.192180902438263190e-01
1.200981654129997939e-01
1.209764747994652029e-01
1.218303121098807534e-01
1.226713899939095576e-01
1.234917985505323557e-01
1.242858638702958041e-01
1.250536980438767820e-01
1.258166844836773879e-01
1.265706195592774530e-01
1.273035126533779704e-01
1.280162243658524990e-01
1.287107229423400945e-01
1.293892118932926938e-01
1.300533102251791306e-01
1.307015754585315603e-01
1.313272645468767374e-01
1.319350906153574088e-01
1.325240903649024249e-01
1.331030846769215847e-01
1.336640370351816764e-01
1.342091592060975780e-01
1.347407290268047841e-01
1.352567493412652200e-01
1.357532559134895789e-01
1.362314090356483431e-01
1.367006181180200064e-01
1.371487958821313302e-01
1.375832497830609957e-01
1.380058393407872785e-01
1.384149717072243324e-01
1.388176929516221070e-01
1.392119468917999148e-01
1.395960770804249573e-01
1.399717146604942397e-01
1.403304771293254483e-01
1.406766847344323723e-01
1.410053288347112299e-01
1.413205914970890598e-01
1.416279529552812444e-01
1.419257184644422132e-01
1.422163941466395021e-01
1.424994925707389060e-01
1.427789263223407101e-01
1.430527808035888804e-01
1.433213420624455392e-01
1.435826470959758738e-01
1.438413989280057925e-01
1.440960073417035803e-01
1.443445536599052281e-01
1.445895935278784794e-01
1.448329303248472588e-01
1.450767733225510059e-01
1.453211375083733325e-01
1.455659362614370178e-01
1.458096364677913259e-01
1.460518495008909790e-01
1.462926103934034938e-01
1.465326344221999089e-01
1.467689971754708722e-01
1.470030298602729990e-01
1.472339122855077231e-01
1.474617827933158709e-01
1.476854956171621824e-01
1.479075092606704778e-01
1.481292525662062376e-01
1.483508526691369178e-01
1.485706887708979074e-01
1.487895227696743039e-01
1.490083408839470991e-01
1.492268885529273448e-01
1.494455245944315835e-01
1.496642902132211683e-01
1.498831632866067798e-01
1.501021234111265534e-01
1.503211523802805705e-01
1.505402343657419595e-01
1.507593463855214366e-01
1.509772852057966741e-01
1.511914464802670277e-01
1.514002136035887680e-01
1.516027038079482969e-01
1.517996258107200125e-01
1.519909050207863543e-01
1.521749238826813622e-01
1.523516218366696429e-01
1.525201604281261336e-01
1.526780413795058300e-01
1.528243096330993700e-01
1.529594769274721933e-01
1.530838799953495588e-01
1.531970320039713618e-01
1.532998357436930192e-01
1.533929927646427993e-01
1.534760296065688645e-01
1.535495671352099800e-01
1.536137400406814846e-01
1.536694428037727045e-01
1.537174933882643479e-01
1.537576430555192553e-01
1.537916070847361594e-01
1.538191334530034093e-01
1.538425047299835369e-01
1.538605095396343436e-01
1.538706217089425010e-01
1.538704192535098048e-01
1.538585116681258635e-01
1.538357362493547043e-01
1.538016742548750926e-01
1.537565971185565483e-01
1.537023994444594033e-01
1.536398717146948145e-01
1.535700348529272230e-01
1.534923752914014450e-01
1.534082714946321258e-01
1.533172169007034624e-01
1.532205241646291682e-01
1.531165012936238357e-01
1.530100548443708852e-01
1.528996866429797596e-01
1.527858680879263520e-01
1.526651874441656287e-01
1.525395308980252163e-01
1.524099774095773185e-01
1.522748410637930205e-01
1.521346398414798740e-01
1.519910128338228528e-01
1.518385496373284849e-01
1.516788790506948537e-01
1.515122585148372669e-01
1.513402828911910025e-01
1.511675152503286212e-01
1.509970520784742753e-01
1.508294162706033670e-01
1.506584524399187663e-01
1.504888720824244797e-01
1.503178643767466849e-01
1.501459373385001239e-01
1.499727355429052722e-01
1.497933887088188920e-01
1.496060078986717889e-01
1.494168930940515949e-01
1.492339626551747178e-01
1.490559488160889123e-01
1.488824617218475199e-01
1.487083595991169904e-01
1.485386219492628168e-01
1.483686565502898846e-01
1.481983955746248860e-01
1.480310854746707261e-01
1.478665895104333827e-01
1.477035360683442711e-01
1.475404676777962443e-01
1.473784348592278859e-01
1.472165468329055260e-01
1.470546499069775026e-01
1.468926454621657385e-01
1.467304423729206275e-01
1.465680746964411751e-01
1.464055904992270507e-01
1.462437829624329000e-01
1.460823336588159826e-01
1.459226713527028707e-01
1.457640171075968993e-01
1.456052979279139348e-01
1.454484096032302443e-01
1.452926565672226500e-01
1.451386779846746133e-01
1.449879367411490150e-01
1.448413267573533392e-01
1.446977778523694802e-01
1.445579479866773986e-01
1.444242954869137952e-01
1.442964053468775709e-01
1.441731106313375588e-01
1.440550233132268931e-01
1.439427103104390093e-01
1.438348001773082641e-01
1.437285381583092159e-01
1.436227372654654832e-01
1.435173712893772213e-01
1.434116572136378276e-01
1.433056441906964407e-01
1.431993804890939470e-01
1.430929109683432010e-01
1.429862756886693120e-01
1.428795093851026876e-01
1.427726421726170092e-01
1.426656990013924209e-01
1.425587001085887873e-01
1.424516615882620574e-01
1.423445960054043335e-01
1.422375130030372192e-01
1.421304198714923861e-01
1.420233216989381653e-01
1.419162215870580224e-01
-1.999967825341493755e-01
-1.999967665619299395e-01
-1.974612366736442082e-01
-1.949254505610917010e-01
-1.923896711036399976e-01
-1.898538979246430503e-01
-1.873181301098525153e-01
-1.847823668354856008e-01
-1.822597446098767060e-01
-1.797241707979910785e-01
-1.771894151947168705e-01
-1.746636078869222286e-01
-1.721545286568914312e-01
-1.696308355846461169e-01
-1.671302162715988526e-01
-1.646088393022969720e-01
-1.621043343129386916e-01
-1.595865152812508680e-01
-1.570528638207960570e-01
-1.545191891945839890e-01
-1.519854951071457350e-01
-1.494517831262970331e-01
-1.469180551658826883e-01
-1.443843132511364036e-01
-1.418665416997575979e-01
-1.393330058506750124e-01
-1.367994586916759236e-01
-1.342659021351778892e-01
-1.317323375278148245e-01
-1.291987661715221503e-01
-1.266651892894548326e-01
-1.241316080098815305e-01
-1.215980233622403622e-01
-1.190644362808383205e-01
-1.165308476127965703e-01
-1.139972581277692021e-01
-1.114636695796552834e-01
-1.089300807802846549e-01
-1.063964920067523023e-01
-1.038629034788359773e-01
-1.013293153694445614e-01
-9.879572781284180760e-02
-9.626214091090495861e-02
-9.372854826424983909e-02
-9.119495637732216720e-02
-8.866136565100928013e-02
-8.612777645244866498e-02
-8.359418910763631583e-02
-8.106060389500244212e-02
-7.852702104018691176e-02
-7.599344071201859230e-02
-7.345986301970368337e-02
-7.092628801122262405e-02
-6.839271567291201059e-02
-6.585914593017659635e-02
-6.332557864923012148e-02
-6.079201363972960848e-02
-5.825845065815966201e-02
-5.572488941183368488e-02
-5.319132956342006308e-02
-5.065776805305640534e-02
-4.812420646852366701e-02
-4.559064472000099594e-02
-4.305708273259994945e-02
-4.052352044400957948e-02
-3.798995780251634979e-02
-3.545639476531148998e-02
-3.292283129697645000e-02
-3.038926459996632232e-02
-2.785569682313026804e-02
-2.532212773476055431e-02
-2.278855713040311634e-02
-2.025498483957799065e-02
-1.772141073137440542e-02
-1.518783471893493317e-02
-1.265425676273797782e-02
-1.012067687267100176e-02
-7.587095109008583707e-03
-5.053511582492294096e-03
-2.519926453697315417e-03
1.365982332761412650e-05
2.547247516161306718e-03
5.080836048370203709e-03
7.614425079781860124e-03
1.014801423640132941e-02
1.268160197280231681e-02
1.521518973150249969e-02
1.774877738898367543e-02
2.028236482927507633e-02
2.281595194443854918e-02
2.534953863562925888e-02
2.788312481472511248e-02
3.041671536013056121e-02
3.295030683385269388e-02
3.548389732324280788e-02
3.801748644042966113e-02
4.055107383725374548e-02
4.308465921259287124e-02
4.561824231805437779e-02
4.815182296242277726e-02
5.068540101511490731e-02
5.321897640860964729e-02
5.575254913961391612e-02
5.828611875531996417e-02
6.081968645736225698e-02
6.335325185562369621e-02
6.588681518324684960e-02
6.842037672418653516e-02
7.095393680875604348e-02
7.348749824840386524e-02
7.602105986764076673e-02
7.855462163440339596e-02
8.108818362554806591e-02
8.362174590459198198e-02
8.615530852384112315e-02
8.868887152645298089e-02
9.122243494839128719e-02
9.375600152656743402e-02
9.628956913971484233e-02
9.882313802391952395e-02
1.013567083891247916e-01
1.038902804119292839e-01
1.064238542298453633e-01
1.089574299370021232e-01
1.114910075812001328e-01
1.140245871620430285e-01
1.165581686297951780e-01
1.190765665893826347e-01
1.215816744551014988e-01
1.240923166428584135e-01
1.266249681351501455e-01
1.291576309374517229e-01
1.316903041813780040e-01
1.341957457572862389e-01
1.367280389941636920e-01
1.392603444267630497e-01
1.417926605123814576e-01
1.443249860985899302e-01
1.468571453124282722e-01
1.493879884856509077e-01
1.519203084011170879e-01
1.544479893592498876e-01
1.569593529060530901e-01
1.594424678039381704e-01
1.619442364939717716e-01
1.644709051445993053e-01
1.670016647872532844e-01
1.695324383669227220e-01
1.720483140534936062e-01
1.745757958557508094e-01
1.771063292849941184e-01
1.796368749675243404e-01
1.821646966938325896e-01
1.846552541138313519e-01
1.871258852651655202e-01
1.895760878989916631e-01
1.920497837797695284e-01
1.945262479280659984e-01
1.969926625979621371e-01
1.994668476329734541e-01
2.019223736791229684e-01
2.043595610593413880e-01
2.068058781490287601e-01
2.092422084547221894e-01
2.116664742517608555e-01
2.140703557049677408e-01
2.164956197182519027e-01
2.189048912946167103e-01
2.212766009272239820e-01
