4.000023920619578677e-01
4.000024079799698318e-01
4.013985612710981310e-01
4.014363821424125067e-01
4.014458965977402150e-01
4.014234040833000172e-01
4.013871926451123007e-01
4.013900159281465485e-01
4.013857709792837958e-01
4.013982014702301981e-01
4.013844155592830032e-01
4.013685254177055683e-01
4.014159801853370291e-01
4.015331535319748291e-01
4.015900010723962854e-01
4.016447244028111263e-01
4.016568867050439029e-01
4.016488003606847323e-01
4.015985101833502990e-01
4.015676857262052146e-01
4.015371692994506025e-01
4.015403313309903188e-01
4.015027667114440257e-01
4.014125018890809526e-01
4.013529526940213255e-01
4.012298877274116937e-01
4.010605760565267297e-01
4.008700994426277475e-01
4.031292521024868458e-01
4.028900285983842977e-01
4.026054181586820602e-01
4.023095574727123536e-01
4.021557415460426665e-01
4.019400564403738385e-01
4.018719944839878599e-01
4.017549345227652835e-01
4.016342753638171281e-01
4.014974615102593902e-01
4.013867816064647376e-01
4.013056547667731011e-01
4.012805038382377676e-01
4.012117004712000834e-01
4.011561720875883585e-01
4.011448288398781203e-01
4.011253324895601713e-01
4.010815136291337457e-01
4.009995223485712801e-01
4.008487968141192237e-01
4.006601790781127992e-01
4.005006006814225139e-01
4.003671195564227347e-01
4.001925156250671911e-01
3.999818287796549909e-01
3.997512009483128459e-01
3.996081846131872561e-01
3.994660087067443688e-01
3.992592123440260043e-01
3.990178763899381864e-01
3.987450081035399663e-01
3.984973165068422252e-01
3.982478429640015083e-01
3.980453769001013886e-01
3.978353961644950920e-01
3.976376614111091778e-01
3.974388531102049926e-01
3.972558026994916780e-01
3.970464189087229978e-01
3.968311507329791432e-01
3.965904259016409528e-01
3.963820867336956821e-01
3.962200491116218970e-01
3.960475060457961383e-01
3.958653115677814860e-01
3.956915857017722638e-01
3.955496759823720065e-01
3.954046965109110356e-01
3.952696477240063011e-01
3.951446454043092693e-01
3.949977613171915536e-01
3.949103802676189878e-01
3.948297544903263678e-01
3.947255287775581767e-01
3.946045453711844453e-01
3.944763535721746428e-01
3.943851723635952156e-01
3.943055227510350313e-01
3.942617874825123936e-01
3.942721035429530563e-01
3.942978743291401522e-01
3.943393590595525855e-01
3.943660177542929746e-01
3.943256571246057107e-01
3.942877906995631010e-01
3.943133593161826100e-01
3.943467196276115860e-01
3.943769960349683412e-01
3.944148259316795357e-01
3.944739036656318976e-01
3.944892887210295629e-01
3.945041407806298972e-01
3.945786745342405033e-01
3.946804348396168449e-01
3.947629529115879166e-01
3.948361905608759881e-01
3.949597192291637859e-01
3.951027080291457660e-01
3.952512491523379468e-01
3.953617610667936599e-01
3.954412894883426177e-01
3.955418803764050861e-01
3.956392348889586907e-01
3.956876279247686923e-01
3.957536901491646164e-01
3.958686129866935688e-01
3.959492700989126757e-01
3.960543068782007015e-01
3.961593753709147792e-01
3.962586755602452437e-01
3.963706921551213291e-01
3.964677452839666105e-01
3.965510843955564746e-01
3.965962416856120276e-01
3.966305819147413203e-01
3.966972999835837177e-01
3.967663444115283600e-01
3.968257462194765273e-01
3.968740749658761224e-01
3.969189694569074667e-01
3.969683888645760272e-01
3.970164213265355291e-01
3.970558416916518119e-01
3.970912022457226409e-01
3.971216158578182998e-01
3.971458220630781355e-01
3.971716070555881273e-01
3.971905304569332551e-01
3.972014769673375412e-01
3.972120473188646694e-01
3.972216978250015518e-01
3.972249872531095627e-01
3.972308123215906872e-01
3.972325818484787607e-01
3.972320408267587810e-01
3.972325010319063265e-01
3.972323295846612035e-01
3.972324741900303824e-01
3.972328851492958335e-01
3.972309385754393962e-01
3.972258274748416973e-01
3.972206796872790324e-01
3.972177565774741570e-01
3.972164294534503703e-01
3.972151428801128370e-01
3.972087934831241562e-01
3.972068669051133094e-01
3.971916698017148306e-01
3.971694920516524729e-01
3.971469412278730293e-01
3.971281428363618859e-01
3.971144468333392963e-01
3.971105311783713621e-01
3.971000480646772468e-01
3.970843159095547859e-01
3.971014112089895076e-01
3.971132960306463788e-01
3.971506703291772244e-01
3.971854113096925376e-01
3.972359558160650228e-01
3.972837684977112982e-01
3.973239614242560780e-01
3.973689223918808744e-01
3.973972642429114410e-01
3.974330394654257415e-01
3.974460749926961300e-01
3.974779068775648461e-01
3.975208743941444633e-01
3.975736261592059395e-01
3.976146335681672306e-01
3.976653206555433306e-01
3.977348369070939915e-01
3.978137197536011915e-01
3.979132482947335125e-01
3.979890488975460494e-01
3.980587953979065619e-01
3.981481993632775551e-01
3.982337989336949824e-01
3.983013663407280469e-01
3.983763277456844887e-01
3.984245271067617389e-01
3.984876173848850844e-01
3.985346170074381411e-01
3.985669470642593804e-01
3.985976191156844761e-01
3.986287874239570761e-01
3.986636198952338561e-01
3.986805984405968339e-01
3.986978498010317340e-01
3.986850267826866356e-01
3.986915293523300430e-01
3.987353116236091455e-01
3.987563632954973514e-01
3.988156304952206743e-01
3.988690278490977792e-01
3.989522414809490436e-01
3.989774472793871096e-01
3.989934320743401264e-01
3.990230839855108402e-01
3.990183072078521964e-01
3.990281594264244447e-01
3.990227407441984675e-01
3.989829845475820203e-01
3.989640246316418781e-01
3.989528110776113801e-01
3.988990867890647718e-01
3.988157830070818699e-01
3.987117582891641088e-01
3.986080045289537299e-01
3.985145698241778223e-01
3.984244462447678603e-01
3.983982312501774259e-01
3.983388145601620134e-01
3.982833600786455097e-01
3.981992529254009261e-01
3.981254937750236533e-01
3.980296124167197469e-01
3.979465516806804937e-01
3.978250954216889235e-01
3.977006464016383802e-01
3.975399643133530336e-01
3.974048814694114418e-01
3.972824172920352837e-01
3.970744913812133126e-01
3.968466856488133132e-01
3.966262253908923729e-01
3.963951394487956192e-01
3.962109405989442390e-01
3.960749751199569291e-01
3.959814128693016633e-01
3.959016179657053880e-01
3.958385384556546427e-01
3.957611157276295644e-01
3.956837035209743170e-01
3.956235173066585675e-01
3.955429894088053344e-01
3.954967135566166414e-01
3.954835373122945752e-01
3.954845324111609939e-01
3.954451016671390318e-01
3.953980639856238821e-01
3.953008153092897325e-01
3.951708018166354419e-01
3.950575412365486261e-01
3.949483320745494352e-01
3.947830000067946155e-01
3.946295121033410735e-01
3.944593997066004332e-01
3.942504789022864831e-01
3.940401855690790489e-01
3.938947103125334803e-01
3.938074375190192544e-01
3.937052386819707150e-01
3.936635379189752371e-01
3.936875361188394429e-01
3.937283507143842232e-01
3.937262154414475912e-01
3.937569124314616031e-01
3.938067957990865620e-01
3.938622642595672185e-01
3.938689989482381248e-01
3.938563155678039829e-01
3.939265267292165751e-01
3.939638110989698849e-01
3.940256141549162150e-01
3.940967568706247315e-01
3.941645667538394848e-01
3.942818137176503646e-01
3.944006925377510631e-01
3.945150717383927863e-01
3.946140953814513685e-01
3.946614232995853122e-01
3.946673372400582025e-01
3.947214545639003980e-01
3.947401127341260696e-01
3.947360484537916214e-01
3.947806379123351417e-01
3.948271908544883635e-01
3.949018489055672321e-01
3.949945509788723164e-01
3.950880082197720800e-01
3.950874613508810196e-01
3.951065458651942253e-01
3.951898381243035829e-01
3.952188347500560361e-01
3.952980531621798077e-01
3.953979613605359544e-01
3.955072395898118209e-01
3.956176611839590795e-01
3.957718993715514388e-01
3.959369534434533655e-01
3.960900934726499512e-01
3.962351970395344702e-01
3.963524028915926256e-01
3.964818977255845089e-01
3.967026013645644777e-01
3.969287729553683808e-01
3.971546051805564526e-01
3.973735545256757429e-01
3.975928307291424768e-01
3.978025023324540110e-01
3.979071822997629626e-01
3.980144367220982415e-01
3.981432211210564898e-01
3.982600479367880975e-01
3.983551401812564507e-01
3.984396826484193910e-01
3.985523062611833756e-01
3.986674152382351233e-01
3.987314430280918254e-01
3.987531464914779722e-01
3.987471254967022150e-01
3.987813714754317451e-01
3.987953793873360575e-01
3.988569632275244525e-01
3.988557249748139188e-01
3.988555439198496200e-01
3.988566671052949375e-01
3.989529763767896697e-01
3.990741635701173795e-01
3.991925888094340902e-01
3.993433688455703678e-01
3.994722329911445380e-01
3.995858500023750648e-01
3.997249815027071329e-01
3.998769092060935337e-01
4.000777714628638848e-01
4.002876106634603581e-01
4.005507584728132398e-01
4.008339016121993392e-01
4.011260715815415101e-01
4.014284251954284843e-01
4.017292155838391166e-01
4.020494885322905554e-01
4.023468801438075393e-01
4.026489224118740551e-01
4.029342577917367496e-01
4.032407137240724970e-01
4.034753207711340162e-01
4.037095663998424566e-01
4.039157814198540697e-01
4.041635070421782383e-01
4.044519330455274564e-01
4.046984390656415687e-01
4.049028576280934155e-01
4.051002650876983080e-01
4.052365383887592820e-01
4.053954526361144284e-01
4.055957988222026467e-01
4.057938962940518812e-01
4.060022677352673193e-01
4.061874060348118487e-01
4.064100927655139861e-01
4.066556854819868838e-01
4.069496301431766438e-01
4.072204824949420821e-01
4.074139491585437312e-01
4.075938630613615832e-01
4.077136116268469945e-01
4.078034008701287849e-01
4.078525613053170518e-01
4.079002962495646978e-01
4.079831006977595043e-01
4.080768605144123318e-01
4.081586897333532860e-01
4.082825888274793646e-01
4.083280252116684439e-01
4.083435100067922541e-01
4.083182005650381474e-01
4.082553727160040946e-01
4.082336071836252800e-01
4.082029564404619504e-01
4.081580460480039863e-01
4.080399818413997237e-01
4.079344130367019705e-01
4.078118560697429618e-01
4.077189936161347839e-01
4.075858746807116684e-01
4.074601502398232933e-01
4.073283711895532844e-01
4.072249866010510533e-01
4.071173456222907938e-01
4.069953193884801590e-01
4.068897335343401034e-01
4.068373561638196634e-01
4.067386767384728596e-01
4.066765780415770859e-01
4.066860078317212635e-01
4.066874015874420434e-01
4.066491951549969230e-01
4.066232563915201936e-01
4.066279100914656497e-01
4.066266718445701311e-01
4.066410016199455968e-01
4.066909788507531154e-01
4.066933580994475106e-01
4.067241287476028311e-01
4.067246740372202907e-01
4.067573970283555052e-01
4.067978021691136536e-01
4.069085494547240445e-01
4.070034795602294753e-01
4.070599451496940691e-01
4.070805148964344866e-01
4.070903691911053612e-01
4.071510226965170398e-01
4.072771698505426863e-01
4.074468451591089502e-01
4.077124347248215486e-01
4.079802234476800349e-01
4.082336644692100558e-01
4.085136322884725391e-01
4.087815084917059139e-01
4.090632810947443243e-01
4.093515529369030626e-01
4.096735998691275471e-01
4.099761113462151441e-01
4.103192393055722365e-01
4.105930159621684061e-01
4.108764362614994448e-01
4.111658041160484167e-01
4.114725958901138680e-01
4.118148572946611630e-01
4.128338650484003058e-01
4.131490316915617522e-01
4.134794168297589168e-01
4.211058931404282890e-01
4.213047745143480571e-01
4.214560989126812096e-01
4.216859609279821064e-01
4.223162614620286637e-01
-2.000001043904579279e-01
-2.000001117266169970e-01
-2.000462049403818887e-01
-2.000498801502307300e-01
-2.000602657179222088e-01
-2.000822633314195687e-01
-2.001068326535286879e-01
-2.001390559066772712e-01
-2.001905694164737570e-01
-2.002638621599159008e-01
-2.003530540984347630e-01
-2.004690557083022573e-01
-2.005997081016485661e-01
-2.007818891036495246e-01
-2.010432690434322822e-01
-2.013817605421527879e-01
-2.017855917072671756e-01
-2.023641767238623657e-01
-2.031306408196133229e-01
-2.040316730623551456e-01
-2.049258258396359500e-01
-2.059822005125903077e-01
-2.071254561086373902e-01
-2.083517530545743457e-01
-2.096130447414550069e-01
-2.109131344576880285e-01
-2.122812758353720686e-01
-2.136716173697912613e-01
-2.151164491655133681e-01
-2.165631997219936433e-01
-2.180755301907026378e-01
-2.196033257663175253e-01
-2.211600864352311069e-01
-2.226922288938961159e-01
-2.242276657159577857e-01
-2.257651220921181034e-01
-2.273277740788890722e-01
-2.288946341623329939e-01
-2.304942476042036725e-01
-2.320894165542032594e-01
-2.336979018254389528e-01
-2.353232736671624359e-01
-2.369780725428596579e-01
-2.386601498337428962e-01
-2.403642655764457459e-01
-2.420832925978754768e-01
-2.437918300578647557e-01
-2.455239269974131833e-01
-2.472427795733290190e-01
-2.489427339149229701e-01
-2.506451306674525870e-01
-2.523098848157045992e-01
-2.539596812608839183e-01
-2.555927890752875409e-01
-2.572559112472567744e-01
-2.588956195136505323e-01
-2.605201698218225781e-01
-2.621011323568139262e-01
-2.636515968998580095e-01
-2.651850056917462450e-01
-2.666433843834866146e-01
-2.680958308195789952e-01
-2.695266575186102687e-01
-2.709111576705123814e-01
-2.722870498642241954e-01
-2.736298458803609890e-01
