-2.862432338489656724e-06
-2.878468828287248410e-06
-1.976007037579322143e-03
-2.546896149035403692e-03
-3.098198128027953181e-03
-3.676179573851808859e-03
-4.323062273404521157e-03
-4.989948552955833158e-03
-5.679728741376512471e-03
-6.398846213703630013e-03
-7.175095538792804900e-03
-7.942471315865885090e-03
-8.739021051986792937e-03
-9.530664100168492747e-03
-1.038164409637707883e-02
-1.123023369874115267e-02
-1.206761673737801084e-02
-1.292574347105833465e-02
-1.382909875037004882e-02
-1.473069136213597287e-02
-1.561527668970436565e-02
-1.646463190675800242e-02
-1.741440857544299808e-02
-1.834327556862604125e-02
-1.922531215957639858e-02
-2.008096441901705692e-02
-2.098944772308618256e-02
-2.189049182272002902e-02
-2.274223571772080246e-02
-2.357270744031001244e-02
-2.441944127811879889e-02
-2.526888395653258471e-02
-2.610511986367817713e-02
-2.691359060541513928e-02
-2.771365383778667812e-02
-2.848450261614031073e-02
-2.921686319909724133e-02
-2.993835336870800251e-02
-3.066695409003385511e-02
-3.134092674962921099e-02
-3.194939910807521183e-02
-3.254723964517768076e-02
-3.314180004074950697e-02
-3.375427722906833294e-02
-3.435085816895210031e-02
-3.488979216296735075e-02
-3.542044932740056468e-02
-3.587590346222862409e-02
-3.636072112350076380e-02
-3.687203148415968412e-02
-3.740467195473819173e-02
-3.796624633482499622e-02
-3.856551887818219365e-02
-3.921201041474582649e-02
-3.975905511168894430e-02
-4.035624725643892352e-02
-4.097244452947480797e-02
-4.157239299900184620e-02
-4.214857077936403490e-02
-4.267170098869098316e-02
-4.318304319077678755e-02
-4.365512375997421257e-02
-4.409930668079843630e-02
-4.455177246679897091e-02
-4.503383649815773104e-02
-4.556295512381757645e-02
-4.606778886708034343e-02
-4.655586167777368833e-02
-4.708822038246003594e-02
-4.752527813319805394e-02
-4.795986567187666277e-02
-4.835373078400163893e-02
-4.874830784209372575e-02
-4.917263943120975256e-02
-4.956771836337397347e-02
-4.991934468696467009e-02
-5.027602934386517924e-02
-5.063364887725874813e-02
-5.102515450280834669e-02
-5.146027109758719714e-02
-5.191930666331726063e-02
-5.233356504984092161e-02
-5.275335719687410108e-02
-5.316722575571546788e-02
-5.357103132178448607e-02
-5.397194112394158166e-02
-5.437458809363746731e-02
-5.477432820556760174e-02
-5.519730017371056452e-02
-5.567727636977872624e-02
-5.611320975837792019e-02
-5.654789412367876994e-02
-5.697442625586326970e-02
-5.736787427364962305e-02
-5.775127888415829830e-02
-5.816144659424182795e-02
-5.857750345881915233e-02
-5.894689654721349537e-02
-5.938263156766228346e-02
-5.984220274445691684e-02
-6.028670611881473823e-02
-6.070247960222242140e-02
-6.109824890061396618e-02
-6.152003132830485138e-02
-6.196708251108313387e-02
-6.244253508146831166e-02
-6.291465392790793199e-02
-6.341345758475616656e-02
-6.389097865824268363e-02
-6.437574504811459375e-02
-6.489450782619723967e-02
-6.537559356152355949e-02
-6.579384539246731223e-02
-6.623674042245290827e-02
-6.667989436009134907e-02
-6.717353550658035355e-02
-6.760176810401176406e-02
-6.805484451487550657e-02
-6.851380348502311701e-02
-6.900832969669834505e-02
-6.952672731744528878e-02
-7.004781841155419131e-02
-7.056676945092638098e-02
-7.105746961668871209e-02
-7.150280760782459777e-02
-7.191262891996900997e-02
-7.231525492991137949e-02
-7.269695140984293313e-02
-7.307424485193812769e-02
-7.342919189298785509e-02
-7.380569499213562867e-02
-7.419494364617573723e-02
-7.455477204749610953e-02
-7.486394117403910586e-02
-7.517564302451519576e-02
-7.549861889288295158e-02
-7.581362345135458924e-02
-7.611090926732388962e-02
-7.645287535390453415e-02
-7.675902889559343967e-02
-7.705079443838108721e-02
-7.732888498791731791e-02
-7.757018900743527234e-02
-7.782155118107790537e-02
-7.801884809633029272e-02
-7.820916466497732089e-02
-7.840711802054689539e-02
-7.859966475955705578e-02
-7.879723339152668038e-02
-7.898494921567929261e-02
-7.919456525624282706e-02
-7.942747445938566631e-02
-7.968746550079376656e-02
-7.992990434642380237e-02
-8.013686210681041089e-02
-8.032403493304721143e-02
-8.052638752820423518e-02
-8.071058167214832657e-02
-8.089169630513402820e-02
-8.110586232602398638e-02
-8.132008099926837930e-02
-8.150272713589151730e-02
-8.170146813963587162e-02
-8.189835134756408286e-02
-8.207930526626200374e-02
-8.225192749151501170e-02
-8.239620559808684408e-02
-8.251977157246588590e-02
-8.264447077981475209e-02
-8.274670570266685898e-02
-8.287240632920783723e-02
-8.298251331886651039e-02
-8.308137207158697302e-02
-8.317353937308251399e-02
-8.328075197164164223e-02
-8.337558096985457634e-02
-8.346600413043953059e-02
-8.354760809966867152e-02
-8.361204023309425082e-02
-8.368005228876397583e-02
-8.376423489361668751e-02
-8.385007807421648862e-02
-8.396113026844574667e-02
-8.405583397982693827e-02
-8.413784486814708530e-02
-8.421309832699787334e-02
-8.429211520375523570e-02
-8.436972924700879284e-02
-8.443595980173425330e-02
-8.450572989609290986e-02
-8.455340501759911476e-02
-8.458728385932418048e-02
-8.461987886402858039e-02
-8.467950947968962139e-02
-8.473100155110405152e-02
-8.475196705458844237e-02
-8.476249016972620121e-02
-8.477134642743436310e-02
-8.478146848006164193e-02
-8.478540956930503969e-02
-8.480603410065137848e-02
-8.482727205426149331e-02
-8.485748482275964899e-02
-8.487726523715746763e-02
-8.488742948375199715e-02
-8.489721781203359019e-02
-8.490210228924423286e-02
-8.490539469838967457e-02
-8.489982767093527671e-02
-8.489468570135583203e-02
-8.489744446809158185e-02
-8.489302543624860364e-02
-8.488094432655519939e-02
-8.487377468098064592e-02
-8.486004306642923323e-02
-8.484840527083353789e-02
-8.483933504785902413e-02
-8.483287913762212196e-02
-8.482526445659692438e-02
-8.481795224643795539e-02
-8.481315281852269683e-02
-8.481314151184088379e-02
-8.480161505893897556e-02
-8.478687209937202374e-02
-8.476904089047913871e-02
-8.475376423013564198e-02
-8.473708027789796093e-02
-8.472433996291903191e-02
-8.471085385185976591e-02
-8.469750698969379099e-02
-8.469117959499852799e-02
-8.468206959628417352e-02
-8.467710290190300082e-02
-8.467515606367730097e-02
-8.467797440300932343e-02
-8.468156237512736162e-02
-8.468414933962310764e-02
-8.468631444950079634e-02
-8.468681162780108962e-02
-8.468753189270544768e-02
-8.468775264199224218e-02
-8.468754576132696277e-02
-8.468685839538692139e-02
-8.468578075984278808e-02
-8.468214195678580580e-02
-8.467853816552335655e-02
-8.467647391868363127e-02
-8.467136403898638253e-02
-8.466432314908488299e-02
-8.465693945361253692e-02
-8.465040070709879683e-02
-8.464772490810036631e-02
-8.464344282483547699e-02
-8.463777318353205015e-02
-8.463440190616910996e-02
-8.463556668156772822e-02
-8.463498057031684785e-02
-8.463292820511778003e-02
-8.462835233740893803e-02
-8.462246384704572022e-02
-8.461888624276801829e-02
-8.461464943651156312e-02
-8.460663270665044755e-02
-8.460112982810497062e-02
-8.458779608491602542e-02
-8.457494376313912099e-02
-8.456005549416328870e-02
-8.454263238307528627e-02
-8.452730276529457631e-02
-8.451240381680029390e-02
-8.450310893946949564e-02
-8.450025567625027434e-02
-8.448650680224065179e-02
-8.447512161976347689e-02
-8.446069822479765343e-02
-8.444604877754056937e-02
-8.442469315254445827e-02
-8.440383335514831109e-02
-8.437754119894476379e-02
-8.435200083903206247e-02
-8.433857557079940670e-02
-8.432030633630176186e-02
-8.430140876268238381e-02
-8.427427467862862176e-02
-8.424152081922216262e-02
-8.421221850650469076e-02
-8.418703413727313123e-02
-8.416527283554450789e-02
-8.415375813844487574e-02
-8.414012518258144613e-02
-8.413081614730939795e-02
-8.412122864984250548e-02
-8.411452549825992886e-02
-8.410117852658678672e-02
-8.408904872161331034e-02
-8.406203700978680249e-02
-8.403760142462805838e-02
-8.399024850468975179e-02
-8.394556843307954264e-02
-8.393810854047616121e-02
-8.391193750489475689e-02
-8.381087614314783329e-02
-8.375402119181717120e-02
-8.359737190693811160e-02
-8.351631411883427003e-02
-8.342161502682579610e-02
-8.333098898549301525e-02
-8.326844450219665628e-02
-8.319642234543897508e-02
-8.309345119953889802e-02
-8.301667312106263130e-02
-8.295016583469543014e-02
-8.287750851266520447e-02
-8.282153612397330500e-02
-8.273500735492532454e-02
-8.266220909203979283e-02
-8.257736354737676976e-02
-8.252045604250531075e-02
-8.239153290226651494e-02
-8.225442528336104897e-02
-8.210015508021856201e-02
-8.186387726787146268e-02
-8.149519620411181664e-02
-8.129467781149163352e-02
-8.102377547774090860e-02
-8.028045158222935074e-02
-7.984767947777320074e-02
-7.944212718024189213e-02
-7.895167306613475044e-02
-7.842230764024445133e-02
-7.796851630086563956e-02
-7.749931983078377218e-02
-7.681749373788661350e-02
-7.618870201354441263e-02
-7.556321409200392192e-02
-7.486133508381571933e-02
-7.406726369660321385e-02
-7.351326665206812938e-02
-7.280202321814197020e-02
-7.173775369429766235e-02
-7.112948531523712037e-02
-7.051482805630131245e-02
-6.993906615988741693e-02
-6.932832463510241183e-02
-6.874037398082494255e-02
-6.808066008556601378e-02
-6.749371140666508839e-02
-6.678871746988263025e-02
-6.612445823115795096e-02
-6.547235559227217172e-02
-6.485645362757869181e-02
-6.423621503887495809e-02
-6.363845171458218375e-02
-6.311448180974513211e-02
-6.254345796896972065e-02
-6.198690556647842853e-02
-6.146185063541772381e-02
-6.086951024351461986e-02
-6.028946792823593887e-02
-5.974701589171059479e-02
-5.922346553446880546e-02
-5.867997177769459366e-02
-5.811601370155730639e-02
-5.760485772040558478e-02
-5.701641920868710800e-02
-5.645268301273272116e-02
-5.586141329568322655e-02
-5.534560201624768444e-02
-5.488796973818143438e-02
-5.442840399964550546e-02
-5.397569763950389732e-02
-5.352230387168539077e-02
-5.310382968090184702e-02
-5.268964123624464424e-02
-5.227296037192825928e-02
-5.187158551461696493e-02
-5.151324332011287394e-02
-5.119995926480465365e-02
-5.090634631341369593e-02
-5.065548570265504535e-02
-5.044996976810173922e-02
-5.027749368075398739e-02
-5.014054799945567159e-02
-5.003587174211747424e-02
-4.996133481713373181e-02
-4.991593102850196834e-02
-4.989265586902404126e-02
-4.989574602886201471e-02
-4.992040779144508306e-02
-4.997147718061661220e-02
-5.004946897304025921e-02
-5.015150391673087182e-02
-5.028201176584005949e-02
-5.044897648886464969e-02
-5.064439561593630373e-02
-5.088653630563977348e-02
-5.113951007528495102e-02
-5.141440477938239578e-02
-5.174438392561087757e-02
-5.211772329467880688e-02
-5.250573162145542178e-02
-5.291244094862749409e-02
-5.336708273089251636e-02
-5.384226737890825121e-02
-5.433810227350019395e-02
-5.492114223305309684e-02
-5.553924394241298995e-02
-5.618725592339287450e-02
-5.685383353324587052e-02
-5.754955519857868351e-02
-5.827626499842838287e-02
-5.901991007163336078e-02
-5.982147850740732881e-02
-6.071910525607285281e-02
-6.168673316683162544e-02
-6.274290584747396760e-02
-6.378782947954408922e-02
-6.488868020150199978e-02
-6.600175568008792570e-02
-6.715071876452921584e-02
-6.839276322573616118e-02
-6.967434866109371849e-02
-7.101641490906089593e-02
-7.238785227924743326e-02
-7.379196448527990115e-02
-7.523406683960659480e-02
-7.672347432990912763e-02
-7.824996959953740838e-02
-7.979870624668077006e-02
-8.138704125305766535e-02
-8.299699194435289362e-02
-8.463654684488378099e-02
-8.629269966410554882e-02
-8.800747893299624980e-02
-8.971231462576517712e-02
-9.144771489306803558e-02
-9.320814084433254321e-02
-9.500883613745812750e-02
-9.682398241408825268e-02
-9.865760968987194457e-02
-1.004963434275049777e-01
-1.023549111936604139e-01
-1.042091632898585751e-01
-1.060963314160708465e-01
-1.080094810102750630e-01
-1.099020494028805639e-01
-1.118363453727382467e-01
-1.136981432475972914e-01
-1.155340403570264823e-01
-1.175542075591807373e-01
-1.194850907363988468e-01
-1.214497361055856262e-01
-1.233827032257745621e-01
-1.254048315128988011e-01
-1.274972696359233382e-01
-1.295695030861641617e-01
-1.317672356684203294e-01
-1.339543307769572311e-01
-1.361625762916278126e-01
-1.384406963105773158e-01
-1.406180001299236759e-01
-1.429131122422280797e-01
-1.452621228643445062e-01
-1.477012711829078229e-01
-1.500799508734644572e-01
-1.524829289623817197e-01
-1.549523115343038604e-01
-1.574214955843738217e-01
-1.598905250511543641e-01
-1.623594401804202836e-01
-1.648282741901155035e-01
-1.672970538468982193e-01
-1.697657994727179986e-01
-1.722345283874785749e-01
-1.747032515304615397e-01
-1.771719768766886194e-01
-1.796407095607624183e-01
-1.821094524712497664e-01
-1.845782067594932685e-01
-1.870469619989046095e-01
-1.895157108359756537e-01
-1.919844517445937204e-01
-1.944531988773041675e-01
-1.969219515812182519e-01
-1.993907087889675300e-01
-2.018594694411458557e-01
-2.043282258684473718e-01
-2.067970095585162094e-01
-2.092658050611522769e-01
-2.117346177095480175e-01
-2.142034499188792962e-01
-2.166722982162848365e-01
-2.191411589749641120e-01
-2.216100284540247767e-01
-2.240789028387700499e-01
-2.265477473807580022e-01
-2.290165508696481445e-01
-2.314853118392015130e-01
-2.339540489317636085e-01
-2.364227774224598178e-01
-2.388914978645627629e-01
-2.413602111718125276e-01
-2.438289243856588961e-01
-2.462976471239084753e-01
-2.487663811237551814e-01
-2.512351221025769799e-01
-2.537038632445384745e-01
-2.561726047276894347e-01
-2.586380973143211914e-01
-2.610261658379229299e-01
-2.634544128902291948e-01
-2.658376193265716836e-01
-2.681999585308856848e-01
-2.705433669621085113e-01
-2.728592808343422438e-01
-2.752090744640754427e-01
-2.774969211548452552e-01
-2.797665462473437614e-01
-2.820854514317966411e-01
-2.843818260449258450e-01
-2.866514864376660254e-01
-2.889034103555506716e-01
-2.911061597722602312e-01
-2.933377706921529438e-01
-2.955669722185617632e-01
-2.978340086471881754e-01
-3.000886555314299375e-01
-3.023459695754904808e-01
-3.045899707274398183e-01
-3.068223384516267638e-01
-3.090345471885682649e-01
-3.112593397420488905e-01
-3.134535556395114386e-01
-3.156424579691466947e-01
-3.178239710788990369e-01
