-1.999999246499742644e-01
-1.999971839991631084e-01
-1.999971679370831645e-01
-1.988221906810090645e-01
-1.975839150172994385e-01
-1.963178939381839128e-01
-1.950393534588904521e-01
-1.937057970665479745e-01
-1.923875424100608134e-01
-1.910933338770441636e-01
-1.897999633608859482e-01
-1.885519491290298666e-01
-1.873413834631798558e-01
-1.861575387796627623e-01
-1.850217184830018902e-01
-1.839040088835093290e-01
-1.828374570859888637e-01
-1.817579121476814719e-01
-1.807049839909558864e-01
-1.796745392729366397e-01
-1.786361507725111875e-01
-1.776851993662880991e-01
-1.767343897170281508e-01
-1.757852742532196311e-01
-1.748390577643655075e-01
-1.739209407295164156e-01
-1.730328937145721169e-01
-1.721735397557545844e-01
-1.713867663635908201e-01
-1.706208762769691745e-01
-1.698805424283872378e-01
-1.691701842393860677e-01
-1.684759260230104250e-01
-1.678045351266111707e-01
-1.671982799915058548e-01
-1.666397645399071981e-01
-1.661283669144859310e-01
-1.656352939637317223e-01
-1.651785163869400608e-01
-1.647576204276944567e-01
-1.643674387076816401e-01
-1.639953988411497199e-01
-1.636476353212599488e-01
-1.633318883571875935e-01
-1.630461862514341886e-01
-1.627995834274258702e-01
-1.625981133748297669e-01
-1.624437756220212803e-01
-1.623198452380986145e-01
-1.622314514231879556e-01
-1.621789426505297338e-01
-1.621603225394719905e-01
-1.621750232112718626e-01
-1.622210879766824154e-01
-1.622978804725999924e-01
-1.623996500155004685e-01
-1.625275290263131500e-01
-1.626807114161639423e-01
-1.628664624445744225e-01
-1.630813418388668001e-01
-1.633236263908305896e-01
-1.635884120782735429e-01
-1.638631284071391803e-01
-1.641585938786929433e-01
-1.644679316143266012e-01
-1.648162906098888103e-01
-1.652065787276521536e-01
-1.656215328292778288e-01
-1.660685323535239233e-01
-1.665462736636182661e-01
-1.670393649680444459e-01
-1.675887461908964760e-01
-1.681617446381721281e-01
-1.687639850030028532e-01
-1.693933997350302867e-01
-2.764036136996711468e-01
-2.809527082921933205e-01
-2.824838701527489504e-01
-2.841050248573696035e-01
-2.857853194111154571e-01
-2.874322886749775541e-01
-2.891079818194896567e-01
-2.907655673785624062e-01
-2.923545197208071156e-01
-2.939199972633485536e-01
-2.954831193867636929e-01
-2.970702405500713073e-01
-2.986183066468195979e-01
-3.001274994775216531e-01
-3.015722909541974639e-01
-3.029915949866240354e-01
-3.044157028872988557e-01
-3.058144974968015628e-01
-3.071414491130851077e-01
-3.084948515511603540e-01
-3.097976339716935201e-01
-3.110544906075418670e-01
-3.122907150961974909e-01
-3.134595285242312013e-01
-3.146137760096912594e-01
-3.157182967834547549e-01
-3.168167381327738341e-01
-3.178934161920605739e-01
-3.189690864934422998e-01
-3.200611403885601502e-01
-3.210976863677816318e-01
-3.221176463883819729e-01
-3.231005233764083218e-01
-3.240953455853572973e-01
-3.251084850946593940e-01
-3.261296684217975250e-01
-3.271104539313197113e-01
-3.280720789528528414e-01
-3.290257165555441343e-01
-3.299784265085098367e-01
-3.309212641853654380e-01
-3.318598793391932533e-01
-3.327796198088526780e-01
-3.336794397064775652e-01
-3.345695673667584136e-01
-3.354722278563527227e-01
-3.363439927718943623e-01
-3.372070837503405305e-01
-3.380166962351112692e-01
-3.387977454775154551e-01
-3.395231998018178876e-01
-3.402093481102683725e-01
-3.408666982066779205e-01
-3.415070720413009298e-01
-3.421168985411302543e-01
-3.427048766639031463e-01
-3.432926241053839700e-01
-3.438739809343544507e-01
-3.444301774900425106e-01
-3.449563764287154055e-01
-3.454551483742595019e-01
-3.459263158972198382e-01
-3.463744927930623163e-01
-3.467739700977345296e-01
-3.471550430377675078e-01
-3.475073323770603295e-01
-3.478390256547553849e-01
-3.481395692710643197e-01
-3.484059446358191425e-01
-3.486509549250612627e-01
-3.488719353858150130e-01
-3.490689868098335591e-01
-3.492374126510234267e-01
-3.493807731655358961e-01
-3.495014821078445966e-01
-3.496000147060586150e-01
-3.496728048553817692e-01
-3.497244096609827269e-01
-3.497547789700548582e-01
-3.497662754030114729e-01
-3.497583756099115759e-01
-3.497321133789773051e-01
-3.496888420445966039e-01
-3.496253645581903768e-01
-3.495406490055548154e-01
-3.494381073810340355e-01
-3.493157035556443413e-01
-3.491679153077587028e-01
-3.489943340798881688e-01
-3.487945796791186437e-01
-3.485682105839660871e-01
-3.483245396514692005e-01
-3.480574551400356653e-01
-3.477700411623954602e-01
-3.474580779814523956e-01
-3.471281126464515476e-01
-3.467774011266585021e-01
-3.464035748184650099e-01
-3.460019409993581596e-01
-3.455734344458392671e-01
-3.451302585516389243e-01
-3.446685986073872998e-01
-3.442059443581185763e-01
-3.437592789803510240e-01
-3.432997066908524131e-01
-3.428563999512202476e-01
-3.424456728511952597e-01
-3.420536715923829241e-01
-3.416544585935076261e-01
-3.412639261721621686e-01
-3.408349298881641620e-01
-3.403977036014184110e-01
-3.399559175851905590e-01
-3.394917617651397324e-01
-3.390350086682637487e-01
-3.385564458496646556e-01
-3.380426128360480842e-01
-3.375232008953274465e-01
-3.369914327750018201e-01
-3.364437770263276617e-01
-3.358835558510334662e-01
-3.352901233373625223e-01
-3.346501947168347701e-01
-3.340015609778902439e-01
-3.333394102458330788e-01
-3.326530227506846460e-01
-3.319521290100234667e-01
-3.312447887336745778e-01
-3.305363295283476055e-01
-3.298284322798907819e-01
-3.291128483720228703e-01
-3.284019947658252114e-01
-3.277019096865527170e-01
-3.270091435487906262e-01
-3.263228316294478071e-01
-3.256345254972604075e-01
-3.249477794214148951e-01
-3.242632098444100941e-01
-3.235819386990106405e-01
-3.229023208172716042e-01
-3.222171101506486890e-01
-3.215346997883920532e-01
-3.208499523229123018e-01
-3.201649391083563057e-01
-3.194797059579103649e-01
-3.187942926580668024e-01
-3.181087359922356028e-01
-3.174230698886514879e-01
-3.167373230447930177e-01
-3.160515193020226321e-01
-3.153656776561262198e-01
-3.146798120782224872e-01
-3.139939331790650434e-01
-3.133080488018904486e-01
-3.126221645605055111e-01
-3.119362843113464567e-01
-3.112504105558106526e-01
-3.105652855464647311e-01
-3.098843217822058738e-01
-3.092004097985019961e-01
-3.085164901491004863e-01
-3.078325627687328314e-01
-3.071489043451758327e-01
-3.064661638325881787e-01
-3.057827282102497102e-01
-3.050992874858222126e-01
-3.044158432277789261e-01
-3.037323970616841451e-01
-3.030489504037342519e-01
-3.023655043413430721e-01
-3.016820595083652412e-01
-3.009986160548071554e-01
-3.003151736422007834e-01
-2.996317314664055376e-01
-2.989482883002028135e-01
-2.982648430972503761e-01
-2.975841397837596380e-01
-2.969119373752426294e-01
-2.962419333674726762e-01
-2.955765891508136400e-01
-2.949174502573417289e-01
-2.942709697633742461e-01
-2.936330467257988186e-01
-2.930045120125230329e-01
-2.923728970681470640e-01
-2.917404344600202371e-01
-2.911075628204094490e-01
-2.904715661515191449e-01
-2.898417803206078669e-01
-2.892075329454345534e-01
-2.885729412454014486e-01
-2.879380535472217395e-01
-2.873100812130765513e-01
-2.866816960276701298e-01
-2.860554665787344297e-01
-2.854321573093879794e-01
-2.848091022722250565e-01
-2.841849850861039029e-01
-2.835597280797773068e-01
-2.829344884459952802e-01
-2.823131297565817377e-01
-2.816985708224493123e-01
-2.810876262718971508e-01
-2.804802481645750634e-01
-2.798763689586515335e-01
-2.792667302407689234e-01
-2.786568898356244772e-01
-2.780468645630532754e-01
-2.774366765193690965e-01
-2.768263510983579589e-01
-2.762159132000039374e-01
-2.756053862242817676e-01
-2.749947912416995655e-01
-2.743841465603629737e-01
-2.737734675779294746e-01
-2.731627668295842359e-01
-2.725520541632177607e-01
-2.719413369899042476e-01
-2.713306205717431752e-01
-2.707199083203319923e-01
-2.701092020879356514e-01
-2.694985024401227447e-01
-2.688878089036155217e-01
-2.682771201862859667e-01
-2.676664344679473562e-01
-2.670585055919035833e-01
-2.664489445221564501e-01
-2.658438201652686961e-01
-2.652489024457572175e-01
-2.646643198954403697e-01
-2.640881469237231771e-01
-2.635171874584859575e-01
-2.629530398464502428e-01
-2.623910272367899199e-01
-2.618323863487178604e-01
-2.612706168350644731e-01
-2.607155924995304686e-01
-2.601628302329443421e-01
-2.596052093806333616e-01
-2.590471763556450591e-01
-2.584887810358865168e-01
-2.579300762919178314e-01
-2.573711136725882476e-01
-2.568119411247833384e-01
-2.562526017117743860e-01
-2.556931330548178893e-01
-2.551335672769801111e-01
-2.545739312763211082e-01
-2.540142473017488189e-01
-2.534545324330187976e-01
-2.528947994976648572e-01
-2.523350578578639758e-01
-2.517753143026882356e-01
-2.512155735750908336e-01
-2.506558388267902671e-01
-2.500961120005446570e-01
-2.495363942372586796e-01
-2.489766869122766457e-01
-2.484169914741764240e-01
-2.478573093500092417e-01
-2.472976411630660454e-01
-2.467379877248497555e-01
-2.461783493931582190e-01
-2.456187262510658165e-01
-2.450591181088609682e-01
-2.444995245029594755e-01
-2.439399446944763572e-01
-2.433803776696418231e-01
-2.428208221436279624e-01
-2.422612765688171577e-01
-2.417017391481028621e-01
-2.411422078534473934e-01
-2.405826804495601878e-01
-2.400231545255523402e-01
-2.394636284016210537e-01
-2.389041012882985315e-01
-2.383509805752404842e-01
-2.378009512431795702e-01
-2.372533130781127597e-01
-2.367128762487183402e-01
-2.361706251479447627e-01
-2.356259568238067148e-01
-2.350825607821928065e-01
-2.345418738794111391e-01
-2.340051345638301250e-01
-2.334663525929156214e-01
-2.329300388527843491e-01
-2.323916872844261905e-01
-2.318531731228904991e-01
-2.313145151766470009e-01
-2.307757333333181893e-01
-2.302368471798163785e-01
-2.296978751520790396e-01
-2.291588340538246726e-01
-2.286197388414216436e-01
-2.280806025924732583e-01
-2.275414365937571404e-01
-2.270022505022390724e-01
-2.264630520857791318e-01
-2.259238471249456759e-01
-2.253846395528637248e-01
-2.248454322964806851e-01
-2.243062274767839426e-01
-2.237670265802156055e-01
-2.232278306016177716e-01
-2.226886401599512399e-01
-2.221494564586427301e-01
-2.216102808355166764e-01
-2.210711149291798572e-01
-2.205319601261452322e-01
-2.199928175456699053e-01
-2.194536880242211052e-01
-2.189145721010383183e-01
-2.183754700061029674e-01
-2.178363816515803131e-01
-2.172973066275686871e-01
-2.167582442027587986e-01
-2.162191933303842795e-01
-2.156801526596548446e-01
-2.151411205526730375e-01
-2.146020951066643090e-01
-2.140630741811961613e-01
-2.135240554280468384e-01
-2.129850370803219595e-01
-2.124460180189641778e-01
-2.119069975819136420e-01
-2.113679751796443962e-01
-2.108289502905243973e-01
-2.102899224587334304e-01
-2.097508912939204107e-01
-2.092118564762824595e-01
-2.086728168205848888e-01
-2.081337703989836196e-01
-2.075947154605011225e-01
-2.070556504810056042e-01
-2.065165742036567109e-01
-2.059774856706617918e-01
-2.054383842469454380e-01
-2.048992696362437749e-01
-2.043601418900384825e-01
-2.038210014292281269e-01
-2.032818489536054041e-01
-2.027426855684763551e-01
-2.022035126736059230e-01
-2.016643319660283429e-01
-2.011251454129230898e-01
-2.005859552192310602e-01
-2.000467635817881062e-01
-1.995075721657892376e-01
-1.989683816833074936e-01
-1.984291927744630812e-01
-1.978900060121776550e-01
-1.973508219039858680e-01
-1.968116408918802462e-01
-1.962724633445262767e-01
-1.957332902411527964e-01
-1.951941228735495359e-01
-1.946549630939025388e-01
-1.941274419014127617e-01
-1.936184269675770564e-01
-1.931124269511693414e-01
-1.925876313636803172e-01
-1.920431025288233395e-01
-1.914771557555642878e-01
-1.908770862288919068e-01
-1.902643217257583286e-01
-1.896265129811843531e-01
-1.889619660209789775e-01
-1.882901213856651157e-01
-1.875972687505253478e-01
-1.868941395207342482e-01
-1.861881221601797698e-01
-1.854652636925775699e-01
-1.847221180838600485e-01
-1.839606066001904794e-01
-1.831603608260593263e-01
-1.823256482329928541e-01
-1.814794079132187044e-01
-1.806175805188715844e-01
-1.797436771485612927e-01
-1.788523211226433485e-01
-1.779427674802534498e-01
-1.769986254033055484e-01
-1.760595953672844383e-01
-1.750845214713414033e-01
-1.740956994779521150e-01
-1.730829445618756457e-01
-1.720372994773023967e-01
-1.709492143543606679e-01
-1.698615392480426756e-01
-1.687686305140940757e-01
-1.676597972871870235e-01
-1.665306535388546005e-01
-1.653875606732303494e-01
-1.642519765880534055e-01
-1.631046564180481939e-01
-1.619239008703942384e-01
-1.607352543632838970e-01
-1.595407924989299120e-01
-1.583362214250308431e-01
-1.571263846589481816e-01
-1.559153227136981512e-01
-1.547038725437757667e-01
-1.534705667216124947e-01
-1.522315025983473069e-01
-1.509856767128268662e-01
-1.497276923413578820e-01
-1.484677902774664271e-01
-1.472011543852929649e-01
-1.458972196535485433e-01
-1.445693433873674050e-01
-1.432294398725654783e-01
-1.418815470145508018e-01
-1.405230503998416425e-01
-1.391309268354654627e-01
-1.377024722014369429e-01
-1.362577355018189662e-01
-1.347714835545430478e-01
-1.332730291042037996e-01
-1.317410727646828317e-01
-1.301890064934084212e-01
-1.286015349715471101e-01
-1.270066964516463059e-01
-1.254134062804525274e-01
-1.237841402449070399e-01
-1.221253139752081912e-01
-1.204456864930171928e-01
-1.187631635473506142e-01
-1.170490293341080179e-01
-1.153414049404348080e-01
-1.136315722231399233e-01
-1.119221374573032973e-01
-1.101756938762250976e-01
-1.083770078283769200e-01
-1.065681171637738178e-01
-1.047683994707275523e-01
-1.029689068668030866e-01
-1.011313078115122777e-01
-9.929585340973375029e-02
-9.745270398722470639e-02
-9.559072874600950398e-02
-9.373877438367142489e-02
-9.187321523521438382e-02
-8.997802630919291000e-02
-8.807288741536933863e-02
-8.616034769424914253e-02
-8.426355800205499735e-02
-8.233568870954116603e-02
-8.039040607190331422e-02
-7.847218843700631830e-02
-7.656453464787311980e-02
-7.463510652731503159e-02
-7.268633856843061125e-02
-7.075493821603028033e-02
-6.880275047191085347e-02
-6.685019468221116423e-02
-6.489978560711003042e-02
-6.296607904727323513e-02
-6.105407782569077096e-02
-5.925399666002965915e-02
-5.761741929828222142e-02
-5.623378576099490045e-02
-5.527300832871172298e-02
-5.454072712030767767e-02
-5.390074770141570215e-02
-5.330879980886231440e-02
-5.267825060077865884e-02
-5.207547543627689263e-02
-5.147867647530625368e-02
-5.091229137064487431e-02
-5.028261172590545169e-02
-4.964773237077530627e-02
-4.901475248165366311e-02
-4.837202457283203139e-02
-4.769019025087761765e-02
-4.699294872568946652e-02
-4.628470047763393741e-02
-4.562284017213036336e-02
-4.496437399291183107e-02
-4.430234952324085124e-02
-4.368783988837589977e-02
-4.309281070518981155e-02
-4.247323321549922176e-02
-4.183391100704535875e-02
-4.117792561373520566e-02
-4.050079597438448198e-02
-3.973346367948907970e-02
-3.892915883606701266e-02
-3.802100557746959653e-02
-3.701611709194327360e-02
-3.588722794202991312e-02
-3.470446650490408708e-02
-3.347819683343512126e-02
-3.225301009308761957e-02
-3.106113779577448705e-02
-2.987802108509157034e-02
-2.875462218494380731e-02
-2.765785035752551732e-02
-2.662770648112098779e-02
-2.567102858040761285e-02
-2.481824983442102242e-02
-2.402437265767356361e-02
-2.325361428501676250e-02
-2.254829471966486587e-02
-2.186967274396345653e-02
-2.127096093571581928e-02
-2.067716130586082918e-02
-2.009770433581949817e-02
-1.951318755743529365e-02
-1.894585565299078747e-02
-1.838077137119288954e-02
-1.785778364527740650e-02
-1.733302429881488846e-02
-1.679062893476565912e-02
-1.626168196236466718e-02
-1.574747179332410332e-02
-1.527744847241130008e-02
-1.482840627231831257e-02
-1.441397942199907148e-02
-1.403742609218304634e-02
-1.369987863349763496e-02
-1.341464977119326968e-02
-1.316201351468846738e-02
-1.294685449585874885e-02
-1.276475184529272423e-02
-1.261369607286105463e-02
-1.250426253632014317e-02
-1.243564676128208757e-02
-1.241036770501327720e-02
-1.243134718004245201e-02
-1.250147550572738159e-02
-1.261907060755528692e-02
-1.278695280421640601e-02
-1.300172251155502258e-02
-1.325843178537658776e-02
-1.353152773042299965e-02
-1.382899009460034599e-02
-1.415896841422182098e-02
-1.452313954556057503e-02
-1.489742648180556253e-02
-1.529875490302099947e-02
-1.573011297279311785e-02
-1.618740481024645225e-02
-1.667619765886597591e-02
-1.718470894409252631e-02
-1.774178541703832698e-02
-1.835039040685259096e-02
-1.897956409526012356e-02
-1.967683746349840890e-02
-2.040874399054261323e-02
-2.120711467312609913e-02
-2.205436407187638323e-02
-2.291671069115846712e-02
-2.385251020754387483e-02
-2.487339277595823975e-02
-2.589368398032633467e-02
-2.697253224457597104e-02
-2.801587327154962670e-02
-2.904286154428815242e-02
-3.008852992245378277e-02
-3.108881883342442740e-02
-3.211693067905459914e-02
-3.311930033831445019e-02
-3.409075561552508959e-02
-3.508036081333282957e-02
-3.598829320885830324e-02
-3.692531752012863377e-02
-3.788715514638883730e-02
-3.886826152667410827e-02
-3.987493721444206052e-02
-4.089019282738524941e-02
-4.183108194849899375e-02
-4.271471459787817837e-02
-4.364021845103181751e-02
-4.457756937502996980e-02
-4.554795016720645379e-02
-4.647238606412099765e-02
-4.741988631146577815e-02
-4.836151048976002065e-02
-4.933214995692663390e-02
-5.030817878178600600e-02
-5.129374228852175838e-02
-5.234389344534687988e-02
-5.342597717047466860e-02
-5.451538371653428389e-02
-5.568020829382053921e-02
-5.683861902417500916e-02
-5.799072780492974671e-02
-5.918775891981856163e-02
-6.041214582450181447e-02
-6.164901407239931769e-02
-6.292276326598424119e-02
-6.415620902753813026e-02
-6.532947809599004563e-02
-6.642183480964529430e-02
-6.748399413194217100e-02
-6.858373919346064107e-02
-6.964212951539064389e-02
-7.062208108701142906e-02
-7.154482271743714539e-02
-7.241289632769411233e-02
-7.321054910834978724e-02
-7.400371343359851695e-02
-7.481323814869496325e-02
-7.559007745182944049e-02
-7.636636771571045368e-02
-7.709934859229737592e-02
-7.782142973528125007e-02
-7.849630442254125484e-02
-7.913991377377585512e-02
-7.973831259395222637e-02
-8.029717347103978997e-02
-8.079308659554254590e-02
-8.123727423825095884e-02
-8.164495254455012008e-02
-8.201577271599030938e-02
-8.235125701039833213e-02
-8.263463496880844861e-02
-8.287129614075265660e-02
-8.306176992776671819e-02
-8.321348043544143924e-02
-8.333651776810485634e-02
-8.341625885900529058e-02
-8.345430371792096624e-02
-8.345542953763408767e-02
-8.342047611250959227e-02
-8.334586324216235187e-02
-8.322456066858614776e-02
-8.306229235429646307e-02
-8.285334434270164028e-02
-8.260268529600643672e-02
-8.231848561371118977e-02
-8.200278175847089401e-02
-8.163565122760005344e-02
-8.123468607011512244e-02
-8.079743652929827213e-02
-8.030908603958587799e-02
-7.978764562806298088e-02
-7.924945383112506903e-02
-7.868585263881848479e-02
-7.807502651933602433e-02
-7.743239375072970276e-02
-7.675864721491171272e-02
-7.606027841281025326e-02
-7.532503871373225079e-02
-7.452316765923369668e-02
-7.369190881720989739e-02
-7.280645147633774128e-02
-7.189810274970818982e-02
-7.069750601376294241e-02
-6.948033026794653289e-02
-6.821652862413526974e-02
-6.692741260294014782e-02
-6.562238217203088253e-02
-6.425524770720970891e-02
-6.284497604356754918e-02
-6.142954284732840553e-02
-5.999629607037209461e-02
-5.855922317056645732e-02
-5.708646181184551249e-02
-5.560302840053598511e-02
-5.405810081093850861e-02
-5.247467979756349765e-02
-5.083779785835564752e-02
-4.917477724814102447e-02
-4.753401562723235524e-02
-4.586966245041584206e-02
-4.424453873641263912e-02
-4.264318960434887451e-02
-4.107373063626720833e-02
-3.954911149555191685e-02
-3.804768547626491415e-02
-3.654278244616899346e-02
-3.501371552937037473e-02
-3.350028911936135667e-02
-3.200509286838521678e-02
-3.054704036694976324e-02
-2.909242474358648967e-02
-2.760370355768614059e-02
-2.615057241111614153e-02
-2.465008415836558026e-02
-2.307264794190991980e-02
-2.157095655136212486e-02
-2.005945441724268224e-02
-1.851762635239986507e-02
-1.700284505529309209e-02
-1.546778860097062017e-02
-1.399029852797073481e-02
-1.248678081073909679e-02
-1.097030119073303181e-02
-9.425050007764711538e-03
-7.919770341966631683e-03
-6.437181010507832604e-03
-4.958997869465011851e-03
-3.550371963568737903e-03
-2.173652957152130433e-03
-8.033531934022993069e-04
4.955465315470117304e-04
1.744092540078217863e-03
2.985452982747272433e-03
4.192118241567095206e-03
5.323656248421087915e-03
6.428134132626112628e-03
7.501533253650740501e-03
8.505508987193313372e-03
9.480469234145281338e-03
1.044606189715784061e-02
1.138948819904204296e-02
1.233140974953660270e-02
1.327697361424913167e-02
1.422399975616834775e-02
1.516517760594587351e-02
1.608428851531671505e-02
1.697186384105236340e-02
1.783338212680794788e-02
1.863042862461605775e-02
1.936324634410188303e-02
2.003097577711855648e-02
2.064759008287494688e-02
2.124863101516390879e-02
2.180193460921850401e-02
2.230259614286067560e-02
2.278387218615349902e-02
2.322270773720725920e-02
2.360752138704804576e-02
2.397082500030998931e-02
2.427024183569176721e-02
2.452045585935620081e-02
2.472661925395875857e-02
2.489793406451223587e-02
2.503552014332041317e-02
2.512569669385765828e-02
2.517824356560168300e-02
2.519150246134473775e-02
2.516940954468019007e-02
2.511423322119711588e-02
2.502391925573440451e-02
2.489320978637358031e-02
2.472253068816337301e-02
2.451583451874515471e-02
2.427435713719667751e-02
2.400031666488813137e-02
2.367765806053543504e-02
2.332267448122942247e-02
2.291558519654137913e-02
2.246957434536041645e-02
2.199967485997960867e-02
2.149294907795692294e-02
2.093545921826465636e-02
2.033159386556554482e-02
1.969303886009108814e-02
1.903286584044851237e-02
1.836687527012521512e-02
1.767007102369786559e-02
1.694415571332738221e-02
1.621018588672930999e-02
1.546011628296335184e-02
1.467697754933454911e-02
1.387753391518524275e-02
1.300294178856033905e-02
1.212034512459204960e-02
1.121045751002356511e-02
1.028333183324069318e-02
9.309013271009842702e-03
8.317457130926013409e-03
7.307166903461857765e-03
6.288222301034060956e-03
5.201339570530535278e-03
4.061172513192332426e-03
2.867636014801900387e-03
1.603882526734351282e-03
3.164084334111122400e-04
-1.079434545353001899e-03
-2.469831566677266332e-03
-3.865806066506665903e-03
-5.355818527258424458e-03
-6.848282950490432695e-03
-8.353031707424799640e-03
-9.795284666713848648e-03
-1.121390611522095695e-02
-1.268629654345156642e-02
-1.417633482771812718e-02
-1.561344290746277154e-02
-1.710969496536117809e-02
-1.866330120699762757e-02
-2.021182667329346483e-02
-2.175536676282963794e-02
-2.323707915537075522e-02
-2.467466760333635392e-02
-2.608295819065352059e-02
-2.754191741517466110e-02
-2.905934486745481021e-02
-3.054371805217547670e-02
-3.199351045818465966e-02
-3.349979483124135293e-02
-3.502577651727716013e-02
-3.665166534679856203e-02
-3.825028048901558259e-02
-3.988457160333051810e-02
-4.153871016717049919e-02
-4.322559514095314359e-02
-4.492505001045744156e-02
-4.657270078992968576e-02
-4.821607066797764518e-02
-4.987948509574596789e-02
-5.161051959897383634e-02
-5.333725996068884589e-02
-5.504060737450124086e-02
-5.673984557297724607e-02
-5.838282541093801209e-02
-5.998532444910439215e-02
-6.154913203692070206e-02
-6.308912022603643810e-02
-6.454108792959005469e-02
-6.592048714943374299e-02
-6.720369116560619138e-02
-6.842533575712084204e-02
-6.962316325649363369e-02
-7.078353143078978948e-02
-7.194476038242479665e-02
-7.303824187807135548e-02
-7.407929385493433605e-02
-7.507430264041421719e-02
-7.600233426924889180e-02
-7.689198722368260908e-02
-7.776465486449860021e-02
-7.858840727115534719e-02
-7.937000455516740605e-02
-8.011762531873659055e-02
-8.087345264432894976e-02
-8.160986997716862534e-02
-8.233813569487995199e-02
-8.307016957777202393e-02
-8.378358813635487790e-02
-8.441288728244913941e-02
-8.505057804834316448e-02
-8.567749235164107136e-02
-8.628982805313502313e-02
-8.683919777142377894e-02
-8.734511687772981980e-02
-8.782361622450088334e-02
-8.827501146109424657e-02
-8.871103267277022364e-02
-8.914915254161494274e-02
-8.957138171308554053e-02
-8.995284680715061321e-02
-9.028315938443409738e-02
-9.059293502592395686e-02
-9.088180253670001540e-02
-9.114669521810207786e-02
-9.140321180883351215e-02
-9.163725004937872676e-02
-9.185031988964394156e-02
-9.202865757431287486e-02
-9.217577004095318938e-02
-9.229234331271596314e-02
-9.238172917407673490e-02
-9.244420472268809197e-02
-9.247726245930457112e-02
-9.247899072043280766e-02
-9.244836428720991373e-02
-9.238194953388016717e-02
-9.228438118119169919e-02
-9.216324663072662793e-02
-9.201985229322436066e-02
-9.185478598137149231e-02
-9.166482103132847503e-02
-9.143532436690358922e-02
-9.117364311957799894e-02
-9.088052980194602504e-02
-9.053051341816896469e-02
-9.010675645066493211e-02
-8.965193418742073428e-02
-8.916589062953660105e-02
-8.869270305110300845e-02
-8.826992651580978233e-02
-8.786466464482078909e-02
-8.748186086517774351e-02
-8.710085316624904817e-02
-8.671680745464242779e-02
-8.633327552551266215e-02
-8.591496348311371267e-02
-8.545340416078459067e-02
-8.491418405756655241e-02
-8.429642682720545066e-02
-8.357051680228386181e-02
-8.275025945620459455e-02
-8.189079331877072154e-02
-8.103540109417813053e-02
-8.024193223587736123e-02
-7.952364576640102989e-02
-7.885694156246565723e-02
-7.824809044476038755e-02
-7.753168142515474981e-02
-7.679959959473843523e-02
-7.609128350041220734e-02
-7.536373459024624244e-02
-7.460341523543044528e-02
-7.376443048488522114e-02
-7.285071716725008417e-02
-7.185414891723909681e-02
-7.080119925914669932e-02
-6.970636816447757511e-02
-6.856876562100779060e-02
-6.746087488617620587e-02
-6.636304815739624274e-02
-6.525744621340522078e-02
-6.415824776021361586e-02
-6.300973421321356960e-02
-6.183634809109087027e-02
-6.061912790575693655e-02
-5.935093882194023007e-02
-5.801392007402423473e-02
-5.655840721525483283e-02
-5.503090219277941009e-02
-5.346640868419178655e-02
-5.191843769897772770e-02
-5.039759973796205383e-02
-4.889391268648770467e-02
-4.743123649790266516e-02
-4.598088049856438597e-02
-4.458010962380755393e-02
-4.318131177601025605e-02
-4.173779692469890834e-02
-4.027750598489712730e-02
-3.872238643649569823e-02
-3.715258894625799585e-02
-3.551191148833205552e-02
-3.391660403890628395e-02
-3.231926529339945037e-02
-3.078679840612131777e-02
-2.930019684858537615e-02
-2.791498766409929166e-02
-2.657772728962676592e-02
-2.523693820261028661e-02
-2.389852111895431758e-02
-2.244958472033323910e-02
-2.098242254316822625e-02
-1.952459375027605984e-02
-1.803305218157203599e-02
-1.659047446866104836e-02
-1.521471274271521748e-02
-1.387918805576813033e-02
-1.260388880022648983e-02
-1.134810000188021285e-02
-1.015395239442711504e-02
-9.002572345255923161e-03
-7.877833431720463950e-03
-6.745465543864866305e-03
-5.606345981105192305e-03
-4.414993831027933836e-03
-3.240099772356280251e-03
-1.955989770889545766e-03
-5.548862430737081745e-04
9.708903401027004203e-04
2.507017168352731334e-03
3.974328424389014444e-03
5.478338601185697709e-03
6.989367410884257843e-03
8.506012053831465622e-03
9.957211062206389879e-03
1.136713154776757689e-02
1.269102232222763492e-02
1.403107142081706435e-02
1.537865015232894352e-02
1.674177869830006937e-02
1.816999783930439358e-02
1.959727682996731737e-02
2.107085961684687647e-02
2.258514689011910034e-02
2.412884965200942644e-02
2.567860107473823525e-02
2.727404165279867856e-02
2.893758122562940099e-02
3.054355968593625015e-02
3.212458325260529601e-02
3.367125300952752975e-02
3.515885406078482489e-02
3.657151011725294498e-02
3.798739393484162896e-02
3.937231325526204667e-02
4.076317789201623631e-02
4.211520937637329431e-02
4.345379009988001306e-02
4.477062119887049302e-02
4.611447863455062079e-02
4.748226747180187002e-02
4.886834428475517883e-02
5.028281921453417458e-02
5.169989739232475762e-02
5.309289941092230208e-02
5.446527761877468371e-02
5.575052268380027015e-02
5.699706269944512793e-02
5.819675507886233612e-02
5.935914139515872934e-02
6.053944180798682961e-02
6.176155907935935302e-02
6.306963384671132600e-02
6.445740588347173561e-02
6.579585898113511633e-02
6.711963798936489145e-02
6.839933903513920055e-02
6.966796770339632461e-02
7.090549280234993701e-02
7.212657798345978311e-02
7.330737794431815835e-02
7.449077252583675979e-02
7.570372876795966599e-02
7.692917725497912251e-02
7.818573278596636922e-02
7.945435629764692476e-02
8.071932181116460436e-02
8.203437416746604816e-02
8.337927395059795133e-02
8.475265861489672536e-02
8.610268883474118951e-02
8.740133005029897262e-02
8.869137579087046919e-02
8.994959041493422180e-02
9.117076432613478720e-02
9.229796271422863185e-02
9.329943854968020256e-02
9.423356611308068842e-02
9.511476525254830561e-02
9.596566511760991347e-02
9.681305706739767869e-02
9.766107247455273199e-02
9.854118895866259553e-02
9.943471022413535865e-02
1.003418969665300642e-01
1.012333722448624657e-01
1.020978568577794732e-01
1.029287656747947671e-01
1.036574524453254958e-01
1.043449080609817059e-01
1.049910882888563241e-01
1.056122836801360459e-01
1.062267998220681464e-01
1.068175329891265374e-01
1.074062561873169591e-01
1.079974410444401733e-01
1.085764587312633561e-01
1.091423384433981847e-01
1.096721759480467490e-01
1.101703811282399859e-01
1.106278514546358699e-01
1.110436390453161115e-01
1.114188821107406080e-01
1.117427456687688919e-01
1.120006680772188540e-01
1.122147075167274077e-01
1.123832410257533942e-01
1.125148037737571938e-01
1.126134336562930188e-01
1.126780848555747755e-01
1.127077091254889557e-01
1.126970858315857749e-01
1.126465840326690282e-01
1.125549562744912468e-01
1.124259137413969184e-01
1.122622393545916475e-01
1.120568514521390752e-01
1.118123029867865714e-01
1.115276528270233436e-01
1.112092918586999879e-01
1.108735803341491521e-01
1.105217025981848344e-01
1.101358681203532669e-01
1.097305425415908975e-01
1.092994491352834718e-01
1.088339632088889397e-01
1.083219737196498278e-01
1.077942069556217936e-01
1.072289673719540731e-01
1.065917993219528404e-01
1.059014020292841918e-01
1.051379041839265588e-01
1.043410807858790729e-01
1.034991826726101016e-01
1.026213573690931691e-01
1.016974081132158148e-01
1.007636231247087816e-01
9.983206341335386369e-02
9.889976202904576796e-02
9.797808782423420015e-02
9.706767740946968537e-02
9.616592189246704614e-02
9.521666858067941164e-02
9.427425026812584485e-02
9.331504807235649346e-02
9.231659342562316406e-02
9.124747690887595464e-02
9.010943825767218918e-02
8.891133348469361375e-02
8.763758879373759192e-02
8.634406162303766286e-02
8.501599489273486965e-02
8.365482840046921387e-02
8.226711630668621933e-02
8.086560274269571913e-02
7.942960551436001326e-02
7.796802838434058192e-02
7.641884848419008835e-02
7.484837732934676580e-02
7.327485480251316741e-02
7.174892799800852705e-02
7.023726262039357848e-02
6.877072359403038626e-02
6.731972674615700758e-02
6.585176001357211095e-02
6.436031454625726345e-02
6.278203100272190806e-02
6.114152885381129304e-02
5.939213360605199304e-02
5.758766475263470130e-02
5.574245965382577939e-02
5.386078631539107514e-02
5.198822329211762183e-02
5.020961233385502764e-02
4.845399058120338637e-02
4.673935399812310237e-02
4.497178744204414352e-02
4.316987426423599117e-02
4.130810488447484580e-02
3.948087860410287586e-02
3.768361435506815960e-02
3.586186300204390748e-02
3.405175356008212362e-02
3.229212343094846338e-02
3.052029353294800906e-02
2.873675468007543324e-02
2.700789303449985246e-02
2.537810567504612466e-02
2.381675395496675798e-02
2.229946213857832149e-02
2.082226316426809623e-02
1.936780488611133944e-02
1.789914978077001076e-02
1.640833767436748747e-02
1.487219474615585416e-02
1.330316118784624461e-02
1.171806555501643012e-02
1.005773711222068649e-02
8.364402084048126046e-03
6.607956696098196345e-03
4.857137185869552475e-03
3.148398188897212711e-03
1.417622880343753300e-03
-2.618458730739292584e-04
-1.921122765374726205e-03
-3.552694935157664317e-03
-5.076629783091580334e-03
-6.503694433736781702e-03
-7.914257218081272721e-03
-9.215193698079634024e-03
-1.046290879011945070e-02
-1.158800602482135296e-02
-1.267858565761993683e-02
-1.368294444308382207e-02
-1.466331936808258456e-02
-1.561740359776946259e-02
-1.654402245578976208e-02
-1.744130381036708075e-02
-1.833183569346391942e-02
-1.917909849794843802e-02
-2.000352135955308502e-02
-2.085477553212808366e-02
-2.169316078087194649e-02
-2.255022850440235177e-02
-2.344748675664449014e-02
-2.432902235281341266e-02
-2.517982283683459915e-02
-2.598915667873702429e-02
-2.674881014088104775e-02
-2.748729857460585971e-02
-2.817012132993358675e-02
-2.880525285493287443e-02
-2.938206290362767314e-02
-2.992443233656186599e-02
-3.041114906557091171e-02
-3.085426178765151781e-02
-3.126591774306072824e-02
-3.163507664495322086e-02
-3.196431279014604748e-02
-3.225581755778557380e-02
-3.249281319159034315e-02
-3.268290801597427409e-02
-3.284230133865247148e-02
-3.296844642581651941e-02
-3.304864918166688231e-02
-3.308272798831501937e-02
-3.307425338429410833e-02
-3.302602309530215663e-02
-3.293594753734620240e-02
-3.280781941677423513e-02
-3.264766308319118349e-02
-3.245710817219598504e-02
-3.223244871096687947e-02
-3.197331553374723606e-02
-3.167858995167623787e-02
-3.133943901942123217e-02
-3.095527409845116179e-02
-3.054478937932596574e-02
-3.009536383857162531e-02
-2.960129585901100091e-02
-2.902929367933815979e-02
-2.840328560077083619e-02
-2.772132228812358712e-02
-2.699477705982395240e-02
-2.616991844379599336e-02
-2.527504615145650946e-02
-2.434041798737554552e-02
-2.336614175462603873e-02
-2.238155244691357459e-02
-2.133448631312791915e-02
-2.030715226593548389e-02
-1.925444572564881038e-02
-1.820829992842949024e-02
-1.713686852181490333e-02
-1.604206520828753424e-02
-1.496825564373938967e-02
-1.378083222692044751e-02
-1.261873613011132121e-02
-1.146033724117939516e-02
-1.026995335424429889e-02
-8.951103831802267874e-03
-7.605422795726769769e-03
-6.267112472515692402e-03
-4.925398009835089443e-03
-3.504199573666734284e-03
-2.008856348639964824e-03
-5.158844737641799958e-04
9.870351596086011144e-04
2.435586742614008048e-03
3.922314085160514587e-03
5.439643244505850544e-03
6.938625989050129471e-03
8.324785521043277445e-03
9.608524126831146511e-03
1.082778735992311232e-02
1.196252171117121940e-02
1.310064750953592733e-02
1.420720930413681138e-02
1.524155288878701817e-02
1.627223078245427015e-02
1.727405935317359933e-02
1.833423493030606616e-02
1.944169316745323825e-02
2.056017804885698977e-02
2.176076041874913658e-02
2.303405203128460269e-02
2.430434941065590104e-02
2.554481972622676955e-02
2.683881807898193597e-02
2.815743123244533047e-02
2.939936469653024742e-02
3.062326946820787682e-02
3.183277784516150982e-02
3.304270115276698033e-02
3.418079488676119965e-02
3.527673522234812953e-02
3.629913438005491488e-02
3.729670353217981460e-02
3.823762190552629225e-02
3.917221000160998889e-02
4.004954709609868241e-02
4.092693485025692551e-02
4.173297746249204215e-02
4.250196360156030528e-02
4.323774338279588042e-02
4.395940457921850009e-02
4.463416006962229315e-02
4.525525738171239792e-02
4.586027626245684635e-02
4.643656928857277377e-02
4.701654615223226780e-02
4.755879240677082787e-02
4.809691614594462095e-02
4.859130298009143450e-02
4.905586695500865207e-02
4.947742096207100038e-02
4.987462262666220170e-02
5.022479997612529223e-02
5.052478013653572547e-02
5.077666338279482328e-02
5.097600453127905384e-02
5.112253133705465385e-02
5.122014621520612487e-02
5.127003232549074557e-02
5.127206758259016811e-02
5.123142095767129617e-02
5.114548764854034979e-02
5.102109245633772161e-02
5.085298780180576989e-02
5.065243980077350355e-02
5.041755331164333304e-02
5.016145510255596435e-02
4.987930353224298563e-02
4.958054644728856347e-02
4.925879181983491145e-02
4.891051486446197638e-02
4.853621068618572260e-02
4.811294422320881725e-02
4.766564556732901664e-02
4.715159137181638288e-02
4.660812575050995998e-02
4.598683148506505641e-02
4.533881813819264084e-02
4.466309971436287218e-02
4.394129121310037106e-02
4.316474896544837681e-02
4.238849247694102818e-02
4.158222908914693122e-02
4.076499915524760265e-02
3.996409953621488098e-02
3.913653150896019561e-02
3.832285710180394905e-02
3.751301988603372717e-02
3.672839252083048844e-02
3.592632153541499423e-02
3.504794646730491348e-02
3.409669705104144410e-02
3.311612315335787232e-02
3.206753805764213372e-02
3.096677125345403611e-02
2.980311435321742614e-02
2.861265488774051777e-02
2.734778674460567813e-02
2.606631600683772740e-02
2.478516712315152401e-02
2.351417551864370264e-02
2.228343283738200287e-02
2.108564230487484578e-02
1.989722296394481546e-02
1.876276213563361078e-02
1.761252517457318617e-02
1.645682319844795488e-02
1.527711350943784276e-02
1.411484303677147147e-02
1.299479460129280249e-02
1.192976202688713835e-02
1.090100113732994473e-02
9.906988385346812004e-03
8.944247700137632553e-03
8.022795950623653680e-03
7.097975257786402759e-03
6.120829772486261096e-03
5.172645858266096235e-03
4.228345634152535712e-03
3.300330390789124775e-03
2.380642741048179072e-03
1.482016899286042180e-03
6.122157809779947774e-04
-2.050230675849275958e-04
-1.007940505601235930e-03
-1.825499211359383946e-03
-2.649552146695214900e-03
-3.422665135483878105e-03
-4.210940355168879372e-03
-4.938291084816918280e-03
-5.590215462600678191e-03
-6.231641564147492179e-03
-6.887310519777048445e-03
-7.521209207394345675e-03
-8.115610963129720606e-03
-8.661873994889568787e-03
-9.185347604433685351e-03
-9.680955167737304717e-03
-1.015389860243047157e-02
-1.057767717929820016e-02
-1.094669223853622642e-02
-1.126256991039523321e-02
-1.154926047497395469e-02
-1.179552022078763675e-02
-1.200966167429026038e-02
-1.221736359999207877e-02
-1.240760184364528285e-02
-1.258459071750370022e-02
-1.273843045507427711e-02
-1.288512945829685917e-02
-1.300767861330302463e-02
-1.310236678368219103e-02
-1.317382976828656259e-02
-1.322426306157619552e-02
-1.324407709576135884e-02
-1.323960412235861139e-02
-1.321345619571406144e-02
-1.316908656416351103e-02
-1.310964240315628387e-02
-1.302989718214311171e-02
-1.292623359718519938e-02
-1.280853216949700245e-02
-1.266731643935158080e-02
-1.250462022034789199e-02
-1.232207319712826619e-02
-1.214184628249095031e-02
-1.194462774514651326e-02
-1.173391081695765621e-02
-1.151864691397262372e-02
-1.130254474612257982e-02
-1.109125874649515703e-02
-1.085070146616103764e-02
-1.061368767720621310e-02
-1.036129986088348519e-02
-1.007233111407563990e-02
-9.799347881325895862e-03
-9.480630203765593247e-03
-9.121104326942335722e-03
-8.747640590645205591e-03
-8.382174142289287172e-03
-7.991767051849884076e-03
-7.595794757864328048e-03
-7.152621094579971091e-03
-6.718500322642469678e-03
-6.268633426369333954e-03
-5.813449657588825453e-03
-5.343804194745961286e-03
-4.803244481851084990e-03
-4.232654281616831174e-03
-3.638713588094347976e-03
-2.911890764848829548e-03
-2.191911370935277232e-03
-1.497483009844473951e-03
-7.455466826811067748e-04
3.284015871184016276e-05
7.598008451404829160e-04
1.471073486394773025e-03
2.195087839532701684e-03
2.910623128748234933e-03
3.627448186716773250e-03
4.281422812562944019e-03
4.865863183913295836e-03
5.480472194595169960e-03
6.162184648187211608e-03
6.897738875092328942e-03
7.665704019733629408e-03
8.525641154694958701e-03
9.481045130015883921e-03
1.053739199369136716e-02
1.157131187621456871e-02
1.259201462962071701e-02
1.364613720162812308e-02
1.469138570469882138e-02
1.572406721473459251e-02
1.670548104020912542e-02
1.773021028232494439e-02
1.867736131264021229e-02
1.957624730685604553e-02
2.049008255582098273e-02
2.132085212464784885e-02
2.211158022656729144e-02
2.282037862247753360e-02
2.351072004216756342e-02
2.418393140334999802e-02
2.482435914018448972e-02
2.544436866599394595e-02
2.601379182599069390e-02
2.657577526175870439e-02
2.710469570732523120e-02
2.756082823184803285e-02
2.793281931570828353e-02
2.827049050622113327e-02
2.857743627700408753e-02
2.889339634407621024e-02
2.926379292137636437e-02
2.966512965332704366e-02
3.001339629374939061e-02
3.033029762796059930e-02
3.065214965381272971e-02
3.096788738283179701e-02
3.119896495235711595e-02
3.140440173546035080e-02
3.159280438358290366e-02
3.175776568010878903e-02
3.192447176045776908e-02
3.205185059077414467e-02
3.215565807842902385e-02
3.224065924375502101e-02
3.230350764658422580e-02
3.234801883925057103e-02
3.237358593849868488e-02
3.238912642547806670e-02
3.239889850719105541e-02
3.239613781264465142e-02
3.237908101873832045e-02
3.235652645809667521e-02
3.231524048273944766e-02
3.225275548269190135e-02
3.217733399856100712e-02
3.208770396628093241e-02
3.196101836470413571e-02
3.178970776342513599e-02
3.160422246278168923e-02
3.141190310008058761e-02
3.117288102448623546e-02
3.091520835245600840e-02
3.061674582706544814e-02
3.026700922881418038e-02
2.989983110733018465e-02
2.951769735533359140e-02
2.914830248117654052e-02
2.877494885533467620e-02
2.839633093776390560e-02
2.803883402130395372e-02
2.770998035640542811e-02
2.733075317302021551e-02
2.689689731411592719e-02
2.651007329468118082e-02
2.613270295794505385e-02
2.579287415845469070e-02
2.541126920623031776e-02
2.502244422599777737e-02
2.459155780639172423e-02
2.410494486269446762e-02
2.353574812241709946e-02
2.290489053227470068e-02
2.221741875100460839e-02
2.150213282322130728e-02
2.076798290525708190e-02
2.010989960089647199e-02
1.941547691148307747e-02
1.870798836283167968e-02
1.796657676405835971e-02
1.722232028228951051e-02
1.646824722622489481e-02
1.571205220765962279e-02
1.493279095719283328e-02
1.414914066593700795e-02
1.334067180133491348e-02
1.251110134790990071e-02
1.174013348478309890e-02
1.096871264012150814e-02
1.019902420051910751e-02
9.488142442682772140e-03
8.797364223811374173e-03
8.147422510762062503e-03
7.548550714230389466e-03
7.001055438320787604e-03
6.552140322859283279e-03
6.152700557558290866e-03
5.790648514413596591e-03
5.376513232729804477e-03
4.967356997169884020e-03
4.572274436811358221e-03
4.180707465478009956e-03
3.796473328206411996e-03
3.400594681940925876e-03
3.043997982296473004e-03
2.705715921613457888e-03
2.366147721688404652e-03
2.028205410018569382e-03
1.714881125145441883e-03
1.417879731033803731e-03
1.137445441203572541e-03
8.917571070374297757e-04
6.870932427190705937e-04
5.239144590045935555e-04
3.957220552897868448e-04
3.079510987178468240e-04
2.638596222187976131e-04
2.522776665137352868e-04
2.734086154182497762e-04
3.253239167593563919e-04
4.020839229642569077e-04
5.054521288719052109e-04
6.266423141084659712e-04
7.601470384534143605e-04
9.039499631487873162e-04
1.052983521953157085e-03
1.215044813507430016e-03
1.397967217141440855e-03
1.605404692073550974e-03
1.839603833449563906e-03
2.119718415937982010e-03
2.430938262066176594e-03
2.779872384660769021e-03
3.159451351872701302e-03
3.565178527104610837e-03
3.988752814106098429e-03
4.424163166712897881e-03
4.910202723005902339e-03
5.463090296959310747e-03
6.017679244127252872e-03
6.616002361812875834e-03
7.224848299003445128e-03
7.845025846557794613e-03
8.441367743791852729e-03
9.618737470997071673e-03
1.081502775484371320e-02
1.203839997541562672e-02
1.330678285028554647e-02
1.462968450269142365e-02
1.598084243859737574e-02
1.737699992796899046e-02
1.879419059662179939e-02
2.023408993285063726e-02
2.168351965767219280e-02
2.314638664567325241e-02
2.457825860283932920e-02
2.597999030629793982e-02
2.734008195381500833e-02
2.865749918733333582e-02
2.995910331984402361e-02
3.123743226157544087e-02
3.257580796709843435e-02
3.388682550785545450e-02
3.514274885932136550e-02
3.649146126517545385e-02
3.787237600282648137e-02
3.926843057317357805e-02
4.066767552028115879e-02
4.205962899635870555e-02
4.342710712121097133e-02
4.473795752349275096e-02
4.604206651479869628e-02
4.734506385133130379e-02
4.865736432314120286e-02
4.994388216029739536e-02
5.122981633262467527e-02
5.248927118595578256e-02
5.373971175396172195e-02
5.496670806538253573e-02
5.618346541798196342e-02
5.739044082489815068e-02
5.856065805648685146e-02
5.969940420868549702e-02
6.078039723521499321e-02
6.181848175286414754e-02
6.280298582439947097e-02
6.370959936712682070e-02
6.455238614679863207e-02
6.531450044680962852e-02
6.600807880588202559e-02
6.663829392724683609e-02
6.720320694952322538e-02
6.770824387957738444e-02
6.814654571212401535e-02
6.848013496139281064e-02
6.874588145388306482e-02
6.896083369461168677e-02
6.912603652464989479e-02
6.924104368253169994e-02
6.931495972647966353e-02
6.934945503138480183e-02
6.934383770110930101e-02
6.929919184950297795e-02
6.921385885761358048e-02
6.908262021080495419e-02
6.890482943080106226e-02
6.867152937545357994e-02
6.839103023131899717e-02
6.805684731838380908e-02
6.766345075354376903e-02
6.720792794520104307e-02
6.670509893433958226e-02
6.616497345078806158e-02
6.558032449465145408e-02
6.494768533511806330e-02
6.424374150574417575e-02
6.351566455434219660e-02
6.276466115489735820e-02
6.196598303623552378e-02
6.114201734631847379e-02
6.028389590236808704e-02
5.936952518972238302e-02
5.847784002650346924e-02
5.757906839358244155e-02
5.670964368512217829e-02
5.583740239275562789e-02
5.505877809550910329e-02
5.434289493290836437e-02
5.361574191275685769e-02
5.276780242160156176e-02
5.202215202644595859e-02
5.123490391677885947e-02
5.051022781511523008e-02
4.985869131528466308e-02
4.918998953798914969e-02
4.853069297353485023e-02
4.782077687332753763e-02
4.709825567767944587e-02
4.635320218002171588e-02
4.561256435951206722e-02
4.473822286920516034e-02
4.381370944348400576e-02
4.282522997179036978e-02
4.181617681521075658e-02
4.072475020356330910e-02
3.962148016204496831e-02
3.854089665976661444e-02
3.751270892227391573e-02
3.650861964243444502e-02
3.554460337343394449e-02
3.458579923592749322e-02
3.370177129122702009e-02
3.280097751936542766e-02
3.194960374229774414e-02
3.116986001119866762e-02
3.042208421501733234e-02
2.976262597193619214e-02
2.917512099381690607e-02
2.863867971763768214e-02
2.814066498309332476e-02
2.765973796466772439e-02
2.720696745503112246e-02
2.682410222382639389e-02
2.648905061004069861e-02
2.615780042811375813e-02
2.580894328148459343e-02
2.546882200967631391e-02
2.514523295431188646e-02
2.486542837949541271e-02
2.458172757432993197e-02
2.432542747378393239e-02
2.408441304580738809e-02
2.386896153911610696e-02
2.368163669864687196e-02
2.352978167618813288e-02
2.342148695387677448e-02
2.335912213960737033e-02
2.333767074068067784e-02
2.335713987201540331e-02
2.341727443657454569e-02
2.351677870603313333e-02
2.364893998109195150e-02
2.380332999329691154e-02
2.397578037846140320e-02
2.415661911590434238e-02
2.434536322616982079e-02
2.453549831349914959e-02
2.472992230174436007e-02
2.491839544654724306e-02
2.510833963775141800e-02
2.530001092049122963e-02
2.549552595318698225e-02
2.569240929397154788e-02
2.589381709903385356e-02
2.610139011912822674e-02
2.631645862235038741e-02
2.653545839040892182e-02
2.675031619232394117e-02
2.696684060670181265e-02
2.719370275301326301e-02
2.742210120674488244e-02
2.764919947648395576e-02
2.787839593596158974e-02
2.810858193726227874e-02
2.833848094616712304e-02
2.856853762862976778e-02
2.879333231864002196e-02
2.902327852736782260e-02
2.925396138759859058e-02
2.950262272085937137e-02
2.976234512591991940e-02
3.002796891183565423e-02
3.030199581058173885e-02
3.058738603595501093e-02
3.088458703634481065e-02
3.119565931133491329e-02
3.151897406295930959e-02
3.185818969715364934e-02
3.220689445273998419e-02
3.255510057982218680e-02
3.291248719693514596e-02
3.327951551561378341e-02
3.363999702781980683e-02
3.400340188713212031e-02
3.437231429192444399e-02
3.475396814303220033e-02
3.512951778496636174e-02
3.550806047999987419e-02
3.589265325300096399e-02
3.627295321167774145e-02
3.666879781140307271e-02
3.707901055543794816e-02
3.752142266488518035e-02
3.799026471634583263e-02
3.849432426481550623e-02
3.902463765225405723e-02
3.956610554457201667e-02
4.014788802878417606e-02
4.076890203939258911e-02
4.141948789616917148e-02
4.210393003834875247e-02
4.281907996706343228e-02
4.355957347378176803e-02
4.432429979829522609e-02
4.509839774552616698e-02
4.585384072496209024e-02
4.662170263420656324e-02
4.740803945131044639e-02
4.820107728465319180e-02
4.898216526295742779e-02
4.975509683578267783e-02
5.053121352865608262e-02
5.130811134342054547e-02
5.211085114399439250e-02
5.292550739640305285e-02
5.376955273886411396e-02
5.462887408074109524e-02
5.550889898344773393e-02
5.640809562764584340e-02
5.732229474204302705e-02
5.824598951810859571e-02
5.919654757293777575e-02
6.017319503301093997e-02
6.116736589971448479e-02
6.219353868480399089e-02
6.326857829056614646e-02
6.434799641016332450e-02
6.542484259337369434e-02
6.653378498257798979e-02
6.767379796781607115e-02
6.883327576441695961e-02
6.999098302894363188e-02
7.116401767342785123e-02
7.232629952784397354e-02
7.347782076407370633e-02
7.462096972715791254e-02
7.576037680988599587e-02
7.695187608074689767e-02
7.820692548068829131e-02
7.951553693344105833e-02
8.084259399415127945e-02
8.218080364492974521e-02
8.356091688936211070e-02
8.498523474671181022e-02
8.644964247189589057e-02
8.767582809155742563e-02
8.893586031873394748e-02
9.023882578925353226e-02
9.156876890337832531e-02
9.292596768341396252e-02
9.430912733381908997e-02
9.572516284498862327e-02
9.717109769917964268e-02
9.867834936865856055e-02
1.001948614109017116e-01
1.017495142664867902e-01
1.033322070996707670e-01
1.049554100448098215e-01
1.065826910352616064e-01
1.082736256088025623e-01
1.099724696152974274e-01
1.116978455423346256e-01
1.133987288402836940e-01
1.150972171565662339e-01
1.168173268984690621e-01
1.185735684574557025e-01
1.203659565840346501e-01
1.221864089051446084e-01
1.240053092272377228e-01
1.258445459446492498e-01
1.277211068403262262e-01
1.296211620751979154e-01
1.315643671668223491e-01
1.335277270450454801e-01
1.355253563591623522e-01
1.375416841214681107e-01
1.395662874591008240e-01
1.416131373964477635e-01
1.436048922734801114e-01
1.455715929470918490e-01
1.475408812486542764e-01
1.494836428082074731e-01
1.514130260849372578e-01
1.533667840366675916e-01
1.553220317099343606e-01
1.572630563104527035e-01
1.591830905306520771e-01
1.610886011726749001e-01
1.629647411306974214e-01
1.647807678886871741e-01
1.665647779529266792e-01
1.683917156454632635e-01
1.702530699624579535e-01
1.721422508097220916e-01
1.740028414889130404e-01
1.758168457931266748e-01
1.776079337829647165e-01
1.793690346102596311e-01
1.810738044335994945e-01
1.827270561297548168e-01
1.843605428190489559e-01
1.859827840982949676e-01
1.875929177892843858e-01
1.892061158220379458e-01
1.908119036010608727e-01
1.923973217322570151e-01
1.939603778270705403e-01
1.954877422952179533e-01
1.969764776271460960e-01
1.984332855661386230e-01
1.998641492630171546e-01
2.012737542894096343e-01
2.026409030498226849e-01
2.039846753489011066e-01
2.053158041741895978e-01
2.066128144840587433e-01
2.078936694317422285e-01
2.091482265870842072e-01
2.103921384430808006e-01
2.116394293064566556e-01
2.128654165936746945e-01
2.140708508889075101e-01
2.152718986051008476e-01
2.164589977050840885e-01
2.176294703202397429e-01
2.187623794551438183e-01
2.198702866770983477e-01
2.209484313238071762e-01
2.220015890340312770e-01
2.230097458693179602e-01
2.239737124430996873e-01
2.248996645835490138e-01
2.257719508254028562e-01
2.265846489834210387e-01
2.273469572003634642e-01
2.280598672437074981e-01
2.287410057172447331e-01
2.293779155703239425e-01
2.299777694360958524e-01
2.305426847413168390e-01
2.310670429017344651e-01
2.315549481703461365e-01
2.320144501491781808e-01
2.324415661820048162e-01
2.328375480132532094e-01
2.332033076754363166e-01
2.335430340981558273e-01
2.338541664426522504e-01
2.341360355249659797e-01
2.343920271395934785e-01
2.346222488400980799e-01
2.348269430624197462e-01
2.350080406743965400e-01
2.351671045287032080e-01
2.353063839744489738e-01
2.354265937865569758e-01
2.355286093026032201e-01
2.356111075746529504e-01
2.356725897036191508e-01
2.357132173712490064e-01
2.357323396570954743e-01
2.357282617278675108e-01
2.356967805964834406e-01
2.356405451041373167e-01
2.355571273569635193e-01
2.354434971797530474e-01
2.352960755529903969e-01
2.351189506108709026e-01
2.349150258715063666e-01
2.346859604175874914e-01
2.344313724606345573e-01
2.341555661976237324e-01
2.338563055713092920e-01
2.335326558175948863e-01
2.331811724025328325e-01
2.327979574122653883e-01
2.323882870462690986e-01
2.319598844638953994e-01
2.315051130657858058e-01
2.310235020753376722e-01
2.305256013372439239e-01
2.300031650802975003e-01
2.294591119407015378e-01
2.288958084058237974e-01
2.283029628385009613e-01
2.276976271701263987e-01
2.270725282640213838e-01
2.264229649583476278e-01
2.257505882573413725e-01
2.250534527157537767e-01
2.243280217746220773e-01
2.235944549689023453e-01
2.228503210044465999e-01
2.220806884829592265e-01
2.212855040078538227e-01
2.204589864487404571e-01
2.196149598551114523e-01
2.187410002963940392e-01
2.178362479917086147e-01
2.168907328169585036e-01
2.159192255641152469e-01
2.149229495851990024e-01
2.139050380852389743e-01
2.128540253853564990e-01
2.117812852330770712e-01
2.106799278489487615e-01
2.095378827883342954e-01
2.084068292845296100e-01
2.072542089238912366e-01
2.060997973946133432e-01
2.049207172523879739e-01
2.037344840134586443e-01
2.025405286552895145e-01
2.013293306246483338e-01
2.000960490582878448e-01
1.988467816060219551e-01
1.975776336741533190e-01
1.962900685037257398e-01
1.949978998299654043e-01
1.936838892972283788e-01
1.923557290824636223e-01
1.910068225867810054e-01
1.896422518578323446e-01
1.882650358910329391e-01
1.868903822586319707e-01
1.855141431164449017e-01
1.841402011639953762e-01
1.827662753787072381e-01
1.813905941984153836e-01
1.800151286361216796e-01
1.786398229608423260e-01
1.772646322811604058e-01
1.758895198841078644e-01
1.745144574631068146e-01
1.731394241935259870e-01
1.717644050090320340e-01
1.703893894329243097e-01
1.690143705557907994e-01
1.676393442426907243e-01
1.662643087708310097e-01
1.648892635992160460e-01
1.635142069056880199e-01
1.621391396961822662e-01
1.607640625308998650e-01
1.593889766721179879e-01
1.580138839174808352e-01
1.566387889613254925e-01
1.552636872064185047e-01
1.538885833137672854e-01
1.525134803478634116e-01
1.511383783117674351e-01
1.497632790275290338e-01
1.483881841127622780e-01
1.470130931458425438e-01
1.456380025930695543e-01
1.442629110199520059e-01
1.428878178423144407e-01
1.415127236749902928e-01
1.401376286808214133e-01
1.387625329751705494e-01
1.373874366644255718e-01
1.360123398505193315e-01
1.346372426357383412e-01
1.332621448006716114e-01
1.318870459369420600e-01
1.305119443482443409e-01
1.291368376235822735e-01
1.277617269060774829e-01
1.263866135162635684e-01
1.250114988450745090e-01
1.236363824382768206e-01
1.222612646599304381e-01
1.208861482826484035e-01
1.195110359709587455e-01
1.181359249630708763e-01
1.167608169749509983e-01
1.153857133094738502e-01
1.140106152267301720e-01
1.126355202249464948e-01
1.112604275642842810e-01
1.098853368278690512e-01
1.085102475047206305e-01
1.071351591820530053e-01
1.057600717909301657e-01
1.043849852615804236e-01
1.030098995202082257e-01
1.016348144865874686e-01
1.002597300793638957e-01
9.888464549890206567e-02
9.750955967296687232e-02
9.613446862011747196e-02
9.475937135824387403e-02
9.338426928235459001e-02
9.200916389615168556e-02
9.063405679035543838e-02
8.925894645132352589e-02
8.788383517750772422e-02
8.650872604922604792e-02
8.513361841488327475e-02
8.375851284730033430e-02
8.238341072696997447e-02
8.100831433195194997e-02
7.963322154898959393e-02
7.825812824232275533e-02
7.688303303328714033e-02
7.550793588773505038e-02
7.413283735491094095e-02
7.275773766778546869e-02
7.138263694245808311e-02
7.000753530098065280e-02
6.863243287015945160e-02
6.725732978174919774e-02
6.588222591765863223e-02
6.450712089550664219e-02
6.313201408057037001e-02
6.175690183603645828e-02
6.038178526168779675e-02
5.900666568511608867e-02
5.763154450555244002e-02
5.625642164072312823e-02
5.488129691299130364e-02
5.350617310048328551e-02
5.213105268849727719e-02
5.075593416883421999e-02
4.938081846955034993e-02
4.800570691285651476e-02
4.663060072767589298e-02
4.525549835672866561e-02
4.388039838140898874e-02
4.250530040000163184e-02
4.113020391504356582e-02
3.975510844238203806e-02
3.838001391322547889e-02
3.700492025827428061e-02
3.562982740441264506e-02
3.425473527223153736e-02
3.287964377920811476e-02
3.150455229214587510e-02
3.012945971413896404e-02
2.875436286237777889e-02
2.737925958486394848e-02
2.600415125119619891e-02
2.462903934989482332e-02
2.325392546076143763e-02
2.187880854904121486e-02
2.050369020846607229e-02
1.912857351999891486e-02
1.775345872580332690e-02
1.637834577164731797e-02
1.500323606040542337e-02
1.362813160570019826e-02
1.225303179027661254e-02
1.087793166547134510e-02
9.502829831082606343e-03
8.127725984019019620e-03
6.752620658437074805e-03
5.377514160769760257e-03
4.002406606410414958e-03
2.627298116775636169e-03
1.252188818147483137e-03
-9.976254076619840618e-05
-1.347461131795405637e-03
-2.450426509331782386e-03
-3.450444460844335343e-03
-4.451297420240622575e-03
-5.487210339415762167e-03
-6.622853410933242889e-03
-7.842879469668747119e-03
-9.176772334560824931e-03
-1.056383904176422250e-02
-1.202568499174216932e-02
-1.352569663208186279e-02
-1.505883293407914679e-02
-1.665991005222494659e-02
-1.829549522968665007e-02
-1.999571679068205821e-02
-2.171998408803161792e-02
-2.349893668858993312e-02
-2.527265781650218229e-02
-2.705604078339036295e-02
-2.880341319477980333e-02
-3.056048261693591894e-02
-3.230679433972435954e-02
-3.404800411075122046e-02
-3.578975903607379411e-02
-3.765690835040473583e-02
-3.955244739248581914e-02
-4.144859606481390846e-02
-4.336454350285250114e-02
-4.525961948677865998e-02
-4.703124033624864198e-02
-4.882615922001309200e-02
-5.063003635198666530e-02
-5.245664482064668621e-02
-5.424168625740322797e-02
-5.595426381253669479e-02
-5.771224045079700882e-02
-5.960008881157775884e-02
-6.150566752641214996e-02
-6.352052789009185463e-02
-6.549404514756401730e-02
-6.750398218571865283e-02
-6.953904238825832362e-02
-7.158091615849732081e-02
-7.375055269722702311e-02
-7.589076107156368656e-02
-7.800394704718742467e-02
-7.999423861055472706e-02
-8.201710442899219633e-02
-8.398826802632321231e-02
-8.597272162808801410e-02
-8.801641499149771841e-02
-9.008941539779083407e-02
-9.224680111461470988e-02
-9.444843798953449221e-02
-9.668664717527057639e-02
-9.886770063150525367e-02
-1.010414787003460768e-01
-1.032518345342818555e-01
-1.055218180111893167e-01
-1.077927117796769058e-01
-1.101192068808636293e-01
-1.124320345434049739e-01
-1.148510220749785343e-01
-1.172405735856715536e-01
-1.196389542236804548e-01
-1.219845318370327281e-01
-1.243834141155767403e-01
-1.267102587524533142e-01
-1.290824921057095453e-01
-1.315087750407988032e-01
-1.338794730049709392e-01
-1.361091026343172472e-01
-1.383936579308689685e-01
-1.405670440751585204e-01
-1.427790894896840690e-01
-1.450767922888694939e-01
-1.474027556047644016e-01
-1.497662243409066118e-01
-1.521188458809646649e-01
-1.544913620507359087e-01
-1.569815449360002224e-01
-1.594755822939154244e-01
-1.619623888599024397e-01
-1.644707512756987400e-01
-1.669883542628429751e-01
-1.694728401600960055e-01
-1.718971100438072552e-01
-1.742007082444770039e-01
-1.765448528868802103e-01
-1.788924817637251863e-01
-1.811974262478710240e-01
-1.835095673530870442e-01
-1.859141554022784859e-01
-1.882938401957117702e-01
-1.906596643053482532e-01
-1.931553833378093776e-01
-1.956762666957855556e-01
-1.981776628449972433e-01
-2.005895927047795235e-01
-2.030779007127137825e-01
-2.054995810786800214e-01
-2.079167907577895436e-01
-2.103563920511535290e-01
-2.127445641022258360e-01
-2.152233455201088275e-01
-2.177232972585887993e-01
-2.202413492183028787e-01
-2.227134531949880036e-01
-2.252670333300154093e-01
-2.278250556063273480e-01
-2.303650173514470711e-01
-2.329230906109054922e-01
-2.354811631964253416e-01
-2.379893922553950325e-01
-2.404679537627298636e-01
-2.429299062252917862e-01
-2.452860216956318229e-01
-2.476049107088449386e-01
-2.498592812498314497e-01
-2.520725520854941171e-01
-2.542586347111660539e-01
-2.564415936813316255e-01
-2.586018473967236497e-01
-2.607592253083543254e-01
-2.629376406078452466e-01
-2.651456793055851358e-01
-2.673737430614682165e-01
-2.695875227469859969e-01
-2.718059489861363587e-01
-2.739880676556804007e-01
-2.761490294966048031e-01
-2.782983644856383276e-01
-2.804551477365648249e-01
-2.826180247915607291e-01
-2.847967132699811277e-01
-2.869841956379031167e-01
-2.892039723507746074e-01
-2.914220921430600852e-01
-2.936203524332031689e-01
-2.957619522409801749e-01
-2.978704404230002045e-01
