3.013551296949183187e-06
3.029595651210538692e-06
1.666973311711151661e-03
3.532893795834204584e-03
5.415947974208126445e-03
7.236071183363164232e-03
9.006602470798765261e-03
1.083357145165746507e-02
1.263524493380402403e-02
1.466994215619289374e-02
1.675345005223617331e-02
1.889591308602393480e-02
2.094837072209611989e-02
2.296127335347548579e-02
2.501796736741751861e-02
2.685295227104036314e-02
2.876070061986195706e-02
3.067511135670523970e-02
3.254414341028427637e-02
3.432880333115745364e-02
3.612331484446116431e-02
3.788642346027172592e-02
3.964542907330089599e-02
4.161047991996552620e-02
4.360713530156907353e-02
4.544454808550724839e-02
4.724580895784763479e-02
4.899084830690764170e-02
5.072660651963362133e-02
5.245369141010645941e-02
5.417919069126505421e-02
5.585770711571470121e-02
5.753081870164725165e-02
5.921986983463584098e-02
6.089468063381370949e-02
6.252450266215900387e-02
6.415041481462113726e-02
6.575656724827864952e-02
6.730334243529345617e-02
6.879737777236713536e-02
7.030171108791490042e-02
7.177675423926446752e-02
7.323640372986166269e-02
7.466842053366624932e-02
7.607280948630151807e-02
7.742144369192392739e-02
7.871253140896597444e-02
7.998093371323933276e-02
8.121968783656988156e-02
8.245156791045336886e-02
8.362573468409956190e-02
8.473781816914763287e-02
8.582469668681634578e-02
8.683845458072426970e-02
8.780555926350649965e-02
8.761639019710937282e-02
8.737517660767508965e-02
8.715970106638339099e-02
8.694374179952661652e-02
8.673629561933771104e-02
8.656723302830768296e-02
8.639111607991370456e-02
8.623385586337149744e-02
8.610431438631649392e-02
8.600070170446984241e-02
8.593115457408448399e-02
8.588963459162693437e-02
8.587242585108541271e-02
8.587972017591816165e-02
8.590862532777406024e-02
8.596121637814056748e-02
8.604234934918118805e-02
8.614234568775265555e-02
8.626924901450157279e-02
8.640091210791019105e-02
8.654229796891051152e-02
8.668079364601989634e-02
8.686460973383904050e-02
8.708786230074976042e-02
8.716283798700308338e-02
8.634715631317872730e-02
8.654717515032009367e-02
8.686622121436422816e-02
8.587730472663636372e-02
8.478028487516989231e-02
8.364226415092185229e-02
8.246960505069922398e-02
8.131790227851251607e-02
8.011271712831903591e-02
7.882320774154250032e-02
7.725089110580171670e-02
7.593944764966055472e-02
7.456900210335237755e-02
7.303300930172201832e-02
7.150211891987282020e-02
6.993561128025800600e-02
6.834964450764335897e-02
6.688204080093898551e-02
6.510493615533481659e-02
6.321892554877779624e-02
6.125078020892167630e-02
5.926166036930269332e-02
5.728117771746677606e-02
5.528930958618118868e-02
5.333530604917172124e-02
5.141500459959037761e-02
4.981870461022345348e-02
4.814240234583859468e-02
4.642669137977945698e-02
4.478243720057550198e-02
4.291510995196923944e-02
4.126792120891170645e-02
3.939583665740722246e-02
3.759816715572076445e-02
3.551673027564818119e-02
3.338673398856415592e-02
3.135827695391005948e-02
2.923265817675252745e-02
2.726853517218699036e-02
2.541723841059341862e-02
2.366654034112684532e-02
2.192736095255732459e-02
2.006577869307829554e-02
1.835195407613161162e-02
1.668719854842294278e-02
1.504406411086517924e-02
1.340919339375878754e-02
1.156447086193555795e-02
9.859702717941860178e-03
8.253993791443484801e-03
6.617730855756355154e-03
5.024099264248440590e-03
3.471769019493798052e-03
1.980545456121161028e-03
4.814126136619360633e-04
-9.998866269999493166e-04
-2.457258313277114244e-03
-3.878642010198262661e-03
-5.276132844735441536e-03
-6.600957536571200844e-03
-7.912927430975422172e-03
-9.163711776736855122e-03
-1.040337427753335910e-02
-1.159542277842720570e-02
-1.277166800577090970e-02
-1.388401375044867950e-02
-1.493835166439101865e-02
-1.595528052747671038e-02
-1.692726350737733948e-02
-1.786557557588412323e-02
-1.877552095359123069e-02
-1.964239226776503394e-02
-2.045162079421632487e-02
-2.123682011054869867e-02
-2.195604390317184781e-02
-2.263636834110819077e-02
-2.327463345548192591e-02
-2.385038992320182710e-02
-2.438968372074915014e-02
-2.487660566799489159e-02
-2.531723473549312223e-02
-2.570277703515563145e-02
-2.603348583294236643e-02
-2.631664395292309180e-02
-2.654071551347670158e-02
-2.672095395796550768e-02
-2.684826659776530511e-02
-2.692153254766995948e-02
-2.694171050438962448e-02
-2.691518615481242743e-02
-2.684376570884442967e-02
-2.672412902775431198e-02
-2.656135410771958902e-02
-2.634731712107974549e-02
-2.607712066397699716e-02
-2.575281177244440403e-02
-2.537271499480418802e-02
-2.492174828224840571e-02
-2.442553326692956106e-02
-2.389475588069420176e-02
-2.329787826362161168e-02
-2.267358361021663132e-02
-2.199856285902896183e-02
-2.128575447205135682e-02
-2.051741606249022493e-02
-1.968532783820391499e-02
-1.880703671328431623e-02
-1.788901329954190045e-02
-1.695726665106277523e-02
-1.601119425120256859e-02
-1.502596245736508018e-02
-1.401515943669765299e-02
-1.297878154280094308e-02
-1.192073537770390115e-02
-1.080951773318785704e-02
-9.661553863597830208e-03
-8.496510111050296216e-03
-7.347389553858750706e-03
-6.212691619963814013e-03
-5.001613049127644900e-03
-3.745772187665005141e-03
-2.483136805507260656e-03
-1.195685834304791202e-03
1.856045280799745450e-04
1.619867730108799902e-03
3.060323102593072268e-03
4.555181432158827114e-03
6.116422558474846928e-03
7.641538992301051894e-03
9.097054027595698547e-03
1.068592982592144781e-02
1.227330336425058732e-02
1.394998420891440001e-02
1.573184912285437859e-02
1.759416826954920618e-02
1.941566459212080639e-02
2.128713291999720369e-02
2.318824445879948126e-02
2.508165154103588271e-02
2.693399985787564566e-02
2.880407776918837010e-02
3.060082913582142655e-02
3.235980031916230876e-02
3.408886772333895310e-02
3.576775631214831191e-02
3.749610161486575943e-02
3.923648939939302499e-02
4.098755096082670746e-02
4.271382052451649924e-02
4.453816966093688406e-02
4.620278363542176109e-02
4.786679378464359785e-02
4.950921460259318646e-02
5.111454926350297162e-02
5.268686831281052529e-02
5.429258826882636668e-02
5.582875669239065197e-02
5.729401627588260465e-02
5.870718592130512448e-02
6.011122438993686534e-02
6.148082048378498282e-02
6.281617665157719632e-02
6.407959488993394959e-02
6.528742695135379692e-02
6.643584699067356381e-02
6.750762508491854608e-02
6.850559123441408993e-02
6.947271572007221452e-02
7.041583578239617169e-02
7.132692743414380254e-02
7.219140137117718847e-02
7.302980515812634854e-02
7.265057937024055335e-02
7.221183538802138091e-02
7.178819981519635185e-02
7.139977729789076522e-02
7.107350930719981419e-02
7.078020303241883138e-02
7.053246812595292958e-02
7.034614817746645543e-02
7.016240848970704824e-02
7.000752086616561509e-02
6.990898392587235888e-02
6.984151780154228273e-02
6.980750845450695019e-02
6.980695179131264638e-02
6.984103170828598328e-02
6.990437929447197718e-02
6.975522923092658534e-02
6.989988887492031011e-02
7.009234117203416714e-02
6.983468789549340805e-02
7.000063712838537622e-02
7.018246330542740608e-02
7.026300223570165759e-02
7.033903827416801424e-02
6.966399706703949035e-02
6.891508388110119399e-02
6.809946847029174632e-02
6.724999279217447334e-02
6.637674468268238426e-02
6.544075791225958949e-02
6.444392751478317249e-02
6.348879668048489078e-02
6.248963709337705674e-02
6.144305049306579558e-02
6.035778957652080529e-02
5.924229202799046606e-02
5.808131198977572324e-02
5.687547576303554620e-02
5.563336193310628591e-02
5.436509056253810424e-02
5.307111946231342359e-02
5.166379267124350527e-02
5.024190665617921797e-02
4.876433965481989652e-02
4.727361840277676669e-02
4.578385520561670946e-02
4.424392576618514650e-02
4.267871627091883446e-02
4.109121321009414490e-02
3.948088722948683849e-02
3.784564087353833872e-02
3.621527801465388580e-02
3.456722543186314250e-02
3.292680494375804789e-02
3.126825218159477032e-02
2.960280453627120445e-02
2.794807749245520681e-02
2.631569961025112189e-02
2.471600191366368077e-02
2.310400819904497374e-02
2.147869622429705860e-02
1.985427551098420743e-02
1.829450135889284373e-02
1.675988176998406687e-02
1.531481573149691758e-02
1.384122675700516676e-02
1.234309423712565135e-02
1.086715662390760548e-02
9.375453795215102706e-03
7.941984211070344385e-03
6.498328405690945511e-03
5.133231387161455057e-03
3.828042188014178695e-03
2.568516901247315347e-03
1.374281800651693366e-03
2.329413286428966604e-04
-8.827227800323665620e-04
-1.972909339874866219e-03
-3.022744132809875896e-03
-4.014518567937513764e-03
-4.977084034326798023e-03
-5.894188378614490312e-03
-6.767251239949371305e-03
-7.616911595848842136e-03
-8.409398893968241667e-03
-9.146734648541607685e-03
-9.859432872796940195e-03
-1.052658004388077641e-02
-1.114503484301982220e-02
-1.172273256410276583e-02
-1.225791808548369437e-02
-1.274522418307123470e-02
-1.318041070243398429e-02
-1.355947241217390561e-02
-1.388442052199829330e-02
-1.416138554417798769e-02
-1.439375230801120779e-02
-1.457311332857528542e-02
-1.470623418867193083e-02
-1.479225861767891580e-02
-1.483171976492382582e-02
-1.482477221694161046e-02
-1.477212449167633265e-02
-1.467452803244949540e-02
-1.452771515542151427e-02
-1.433700924689749676e-02
-1.410668540679981681e-02
-1.382610635260468623e-02
-1.349287916600389221e-02
-1.310910388944794801e-02
-1.268642497305719381e-02
-1.221840405845027629e-02
-1.168809122286663775e-02
-1.111526535362484559e-02
-1.050235464841104034e-02
-9.839812360857385504e-03
-9.158990614596976276e-03
-8.444552329503062990e-03
-7.672563123923484621e-03
-6.866258275540640735e-03
-6.006823508225008629e-03
-5.098218068877870268e-03
-4.138661105697265252e-03
-3.149672594777920987e-03
-2.114760094600965333e-03
-1.034746449088510536e-03
7.069517951576752605e-05
1.228392090979289449e-03
2.426149417430159723e-03
3.666308621589336059e-03
4.952227598414400515e-03
6.261555010517093518e-03
7.650231480485437420e-03
9.010668409841259344e-03
1.041027535691310159e-02
1.184653199509951189e-02
1.332241792670433786e-02
1.483122048030771460e-02
1.638457570192600882e-02
1.796420026093628955e-02
1.962906649724775396e-02
2.127075300520275825e-02
2.295502292431030739e-02
2.462566745120292264e-02
2.631231394566791934e-02
2.806526499965517410e-02
2.975743777175123353e-02
3.147818450804481388e-02
3.319177560656883658e-02
3.492378940794214209e-02
3.671597057185678470e-02
3.853229231422419798e-02
4.033044175760722161e-02
4.213619989635598168e-02
4.396078422093159521e-02
4.579462341982405704e-02
4.763336369531735032e-02
4.947935973751418220e-02
5.134829181653365743e-02
5.322864857141464817e-02
5.508710377833873212e-02
5.692974543114428382e-02
5.878150436972980758e-02
6.063624329650948996e-02
6.250883586090069666e-02
6.440872110224524216e-02
6.630496513137706938e-02
6.815167621718885849e-02
7.000355401880836714e-02
7.182480747666240839e-02
7.364004725719658362e-02
7.545743742346346095e-02
7.725954124709073778e-02
7.900331069321708810e-02
8.073438619474493372e-02
8.243548657791953393e-02
8.411053031892076759e-02
8.576171910379294661e-02
8.739770130185377239e-02
8.901499393179267139e-02
9.059766241707985224e-02
9.214781575836633598e-02
9.367057190949711065e-02
9.516469340345209971e-02
9.663084115498189741e-02
9.806958672001217514e-02
9.948211632129028148e-02
1.008635003439833644e-01
1.022048821620592379e-01
1.035250282152985896e-01
1.048051128322117082e-01
1.060542987307999258e-01
1.060364227096238787e-01
1.063888740197093258e-01
1.060669390743231993e-01
1.057540300753766344e-01
1.054649300534462875e-01
1.052139850772779578e-01
1.049771342121236101e-01
1.047266877948944686e-01
1.044997529609076464e-01
1.042813146399648033e-01
1.040746572617630983e-01
1.039051604696883541e-01
1.037581996120566230e-01
1.036551370684333367e-01
1.035757553382332108e-01
1.035220314666195490e-01
1.035030484689387492e-01
1.035132232487718795e-01
1.035548300491290347e-01
1.034984566706729503e-01
1.035577611092397821e-01
1.036805205964551196e-01
1.033702645853560725e-01
1.028792313965061073e-01
1.023705492159190655e-01
1.018205371345604904e-01
1.012287184114683269e-01
1.005931784176313099e-01
9.991233383370484722e-02
9.919585560764243581e-02
9.844447551003228380e-02
9.769800983400185601e-02
9.690069925496896941e-02
9.605440864950604007e-02
9.516622649352668439e-02
9.424836105120273921e-02
9.329711385773391263e-02
9.228388097401822587e-02
9.123374428782625445e-02
9.015185730235290851e-02
8.903657237167629523e-02
8.788035810200212072e-02
8.669374142529975846e-02
8.546673252116181174e-02
8.420042013711048767e-02
8.288204301751721237e-02
8.150657285132470453e-02
8.011488861559927510e-02
7.869858299325965811e-02
7.727626646899862783e-02
7.575064294837050016e-02
7.428259465870222511e-02
7.278717159228070832e-02
7.127316665009260366e-02
6.973797933284214823e-02
6.818733828547601794e-02
6.664293421461192635e-02
6.512333727935487593e-02
6.358020974638808887e-02
6.204287116270548741e-02
6.053315830517949636e-02
5.906416287199557635e-02
5.760554859747649137e-02
5.612926371714908186e-02
5.465745488510889705e-02
5.321787141948670918e-02
5.181867080981416435e-02
5.053044430984537927e-02
4.927853538331726513e-02
4.803559666046356563e-02
4.680104186457630100e-02
4.563422428220526017e-02
4.452268458721931471e-02
4.342720340213644670e-02
4.238046637210743373e-02
4.135896347933452899e-02
4.036206040232684367e-02
3.943268660585660251e-02
3.855126689552128977e-02
3.772465568724604756e-02
3.695636752088381216e-02
3.620057372267535684e-02
3.548737215263586542e-02
3.479699018722958587e-02
3.415914472379019684e-02
3.354771316676823795e-02
3.298657810217400788e-02
3.245213633212888638e-02
3.198673161763871536e-02
3.157627029374591304e-02
3.122562170072531312e-02
3.093138166541262168e-02
3.069367429234633182e-02
3.050776620893521154e-02
3.037278473121740943e-02
3.029149435255439407e-02
3.026351666854817934e-02
3.028911052811617335e-02
3.036551897836532732e-02
3.049897904998354753e-02
3.068123617012483845e-02
3.091345911055807041e-02
3.119409635712420276e-02
3.153300991664640535e-02
3.191856993998887226e-02
3.236852941885438872e-02
3.286930747199091896e-02
3.340850945817001871e-02
3.398487016497157148e-02
3.460442550254629740e-02
3.526650871906048673e-02
3.598186340405950395e-02
3.676659808049907024e-02
3.760220176054334534e-02
3.848477028482023138e-02
3.940825091685949688e-02
4.039419287588735807e-02
4.143572756588766171e-02
4.252869706901087066e-02
4.366661425920207590e-02
4.490539243497871508e-02
4.618541537904869571e-02
4.742441303041414202e-02
4.864813604988071222e-02
4.989651155111592823e-02
5.125911890389381331e-02
5.265837497805151562e-02
5.406821101194300011e-02
5.551331509759256655e-02
5.699918802744761981e-02
5.845655318381216131e-02
5.990358462089408892e-02
6.135257511888738552e-02
6.286992074721457768e-02
6.440434283922795433e-02
6.605059833962703686e-02
6.764641307062992104e-02
6.929716675372316059e-02
7.095409290838664007e-02
7.264873225741338980e-02
7.428711752365754761e-02
7.591774731425758593e-02
7.757142801421543221e-02
7.920412997617667927e-02
8.086935019914871792e-02
8.253302676161405893e-02
8.421004964004363824e-02
8.589195081548066379e-02
8.757397036935980761e-02
8.928838948279843590e-02
9.098167255045194746e-02
9.266685114078294927e-02
9.436333275332615955e-02
9.598685534677726949e-02
9.759211481964702450e-02
9.916574982294298901e-02
1.007388947026024995e-01
1.023114872153481208e-01
1.038793728946066086e-01
1.054253109816721684e-01
1.069637631204310435e-01
1.084867676014656807e-01
1.100149879531846647e-01
1.115154906139354807e-01
1.130161256131137770e-01
1.145205559761204028e-01
1.159790443539856636e-01
1.173775334474317367e-01
1.187425233807951480e-01
1.200784399158598831e-01
1.213849227968110817e-01
1.226637705635552494e-01
1.223400630922027998e-01
1.219355681630553134e-01
1.215851431433806334e-01
1.212243088379895833e-01
1.208695935170067820e-01
1.205540240596673363e-01
1.202300117691432746e-01
1.199361883572167969e-01
1.196568198394281912e-01
1.193856490546447296e-01
1.191475447721505737e-01
1.189307352380967464e-01
1.187377368285699591e-01
1.186225580556181519e-01
1.185200365209827938e-01
1.184159932884893546e-01
1.183619269593579881e-01
1.183268453518923763e-01
1.183310025049858771e-01
1.183310466034366570e-01
1.182731341335531844e-01
1.181553980948418237e-01
1.179704363353551028e-01
1.177225112838178878e-01
1.174188210974059926e-01
1.170612180478114994e-01
1.166529241814240336e-01
1.162001219532674823e-01
1.156868794969078129e-01
1.151286744831581804e-01
1.145232460646711664e-01
1.138694701353198807e-01
1.131617907358445640e-01
1.124162118794556076e-01
1.116354689393865424e-01
1.107962591323221613e-01
1.099051210832144992e-01
1.089668290064024631e-01
1.079848808582300479e-01
1.069617729103430892e-01
1.058792778463060330e-01
1.047554057700142982e-01
1.035898171187683292e-01
1.023788326244423480e-01
1.011169994931934157e-01
9.979837244998185364e-02
9.846103758449123444e-02
9.710364928517817296e-02
9.572509479820980050e-02
9.434964756900748872e-02
9.294779707389046186e-02
9.156315427798147888e-02
9.016443252292009880e-02
8.872192789873269148e-02
8.725592843019903955e-02
8.575482199457711008e-02
8.422721064053290130e-02
8.265660635277236046e-02
8.108060187624455128e-02
7.948315425847185534e-02
7.788225621009957356e-02
7.625538834883126282e-02
7.464175333571117232e-02
7.304588439567542835e-02
7.142168476568705460e-02
6.977731361497811757e-02
6.811677429370781300e-02
6.647119059456808865e-02
6.482895209189200314e-02
6.319270463400152027e-02
6.153957700211201004e-02
5.989588062393752521e-02
5.825502564869794453e-02
5.655730056380318949e-02
5.490149815200619926e-02
5.325433004471712833e-02
5.164737274948657392e-02
5.009328394035367227e-02
4.856455845062941645e-02
4.705697856304785071e-02
4.553618689905068045e-02
4.407034842413261322e-02
4.260301809330172690e-02
4.119948459446018396e-02
3.979468839109640693e-02
3.845533934991739178e-02
3.712499893233691534e-02
3.584706608255811694e-02
3.460828438866623419e-02
3.339287199898571118e-02
3.221264526432714853e-02
3.107743778437706966e-02
2.993886636673270124e-02
2.886137231248983928e-02
2.782120903130527040e-02
2.680374377463546481e-02
2.583670013162754978e-02
2.492650631987227208e-02
2.405591810458757376e-02
2.320915642210032506e-02
2.241996310631516609e-02
2.164896221572210067e-02
2.089515915975291571e-02
2.020584134635089457e-02
1.956093434350805044e-02
1.893692175428891497e-02
1.837501464633412712e-02
1.782973980638565686e-02
1.734556187959080883e-02
1.691452225033546197e-02
1.653542019914740549e-02
1.620132457001324799e-02
1.591830246639161159e-02
1.568517557271020824e-02
1.550033771426569985e-02
1.536524771760732974e-02
1.527904202602385630e-02
1.524021411404439565e-02
1.524904568848884680e-02
1.530491171522119567e-02
1.540459340444609755e-02
1.555092176812446908e-02
1.574388235390663734e-02
1.599008064179390995e-02
1.627630953902486910e-02
1.660819093157812898e-02
1.698433665518454816e-02
1.740284718936694480e-02
1.786754467128546728e-02
1.837820246519697095e-02
1.893039680084016019e-02
1.952481168325204131e-02
2.016041948127355113e-02
2.083926526973646151e-02
2.157016717421900848e-02
2.236209423075640607e-02
2.321636156593749611e-02
2.410736540147607673e-02
2.504029427879284411e-02
2.602476107983128090e-02
2.707098438630082399e-02
2.812900855408062908e-02
2.921544230062888409e-02
3.035281790498068483e-02
3.156592723935707639e-02
3.278213223700947310e-02
3.403627468744752083e-02
3.533814829032408400e-02
3.662973890314805137e-02
3.793293181676739290e-02
3.931415505463267679e-02
4.074318647895243395e-02
4.218686589155472288e-02
4.363868509858732231e-02
4.512630219566274303e-02
4.660942243515646399e-02
4.813451603595207684e-02
4.965675154812854153e-02
5.120549155988145251e-02
5.276457205349609908e-02
5.436860915842672837e-02
5.601205644412946688e-02
5.771041455934654979e-02
5.941012641069771255e-02
6.120994123755695709e-02
6.304747528128197553e-02
6.490810587494101613e-02
6.670314549346741118e-02
6.848257637515242635e-02
7.024366666559891947e-02
7.198917607883290048e-02
7.366813524845534922e-02
7.538707541064722240e-02
7.706183763003648934e-02
7.871706472845534097e-02
8.037169271335815879e-02
8.202227732892608536e-02
8.369541790149817584e-02
8.541702699624367789e-02
8.710692513274637117e-02
8.870485822235099627e-02
9.028573144403945205e-02
9.186905111374468746e-02
9.342908073855264728e-02
9.496324894733056132e-02
9.646464681070775204e-02
9.791088195809773131e-02
9.933008221545217009e-02
1.006857742224659819e-01
1.021345339428821192e-01
1.035485546950367514e-01
1.049706715926785466e-01
1.063842890343944941e-01
1.077193919119474180e-01
1.090230363400474245e-01
1.103603129038300407e-01
1.099597073425300775e-01
1.092924345378567808e-01
1.086347473812157016e-01
1.079854196689001011e-01
1.073194694265616339e-01
1.066914556032014100e-01
1.061189999074468038e-01
1.055720071576227992e-01
1.050525477524127255e-01
1.045518584293264608e-01
1.041117296123767050e-01
1.037048900161154780e-01
1.033863246552294557e-01
1.031610219156191277e-01
1.032729279746745638e-01
1.032413647399850615e-01
1.033765036502707346e-01
1.035883363251892814e-01
1.037128447651531477e-01
1.038106263109728478e-01
1.038533710176250680e-01
1.038367865670722506e-01
1.037587484398759669e-01
1.036173731833820721e-01
1.034156662807746985e-01
1.031552126526239926e-01
1.028402057171853845e-01
1.024653387095069423e-01
1.020415805948208521e-01
1.015726153273565080e-01
1.010595562353232696e-01
1.004869417583278135e-01
9.989185926858884512e-02
9.926232086290077972e-02
9.859289852592681425e-02
9.785796569196812678e-02
9.707333192195029270e-02
9.623479553238867279e-02
9.534021221808620938e-02
9.441507921123441782e-02
9.343940161011247969e-02
9.242011733227183112e-02
9.134041879776395867e-02
9.023738222370999984e-02
8.910326597478035460e-02
8.793316478069526654e-02
8.674461122059055895e-02
8.553857889076206533e-02
8.430068365916379425e-02
8.299865151575784583e-02
8.164610324709480060e-02
8.024032240869950761e-02
7.882932312618466664e-02
7.737215652896461959e-02
7.580925677504068982e-02
7.422267470869436945e-02
7.269185629308462515e-02
7.113632966991993711e-02
6.959241657558030980e-02
6.793366009285127516e-02
6.630589699614342081e-02
6.467958918778074495e-02
6.296913597415232378e-02
6.131343035015707210e-02
5.962919123810622724e-02
5.789324752867214263e-02
5.614188642868998130e-02
5.442394467955068149e-02
5.272045223509305018e-02
5.101701710324933053e-02
4.933558291850712041e-02
4.765547420290512648e-02
4.606018269664207548e-02
4.446495057752777869e-02
4.287142018402914645e-02
4.131420163820043179e-02
3.984795012457093694e-02
3.837477544420856562e-02
3.692141367061087948e-02
3.547213619730150286e-02
3.404520858775033493e-02
3.266291534938606245e-02
3.139152075100433426e-02
3.015708567404240190e-02
2.897274150877951135e-02
2.783853738171838260e-02
2.672185465338083529e-02
2.562209168321913713e-02
2.450083558978552109e-02
2.340054250291871349e-02
2.231306606931068859e-02
2.127775645238823982e-02
2.024410152433761198e-02
1.927702682453011698e-02
1.833911050685022373e-02
1.746333167315836793e-02
1.660314833130477688e-02
1.578939527106206289e-02
1.502247617492606310e-02
1.427957174208589579e-02
1.354523925301128438e-02
1.281923625408587161e-02
1.213618467009919787e-02
1.147101667762585701e-02
1.084351388391131994e-02
1.025919831090976383e-02
9.733456162771571968e-03
9.247296857622603478e-03
8.792549770119315738e-03
8.387573670271843834e-03
8.023365931762416539e-03
7.708437590020936897e-03
7.437341117073266970e-03
7.214014095061198860e-03
7.034614177790159129e-03
6.898829744751998339e-03
6.816411779837349728e-03
6.788168945693264823e-03
6.813612717573695916e-03
6.891724349332868302e-03
7.025952202291120725e-03
7.213339071648202164e-03
7.451159992991205488e-03
7.743176958521129707e-03
8.084139410125614628e-03
8.478659999440547185e-03
8.913026106744074625e-03
9.394941018661843307e-03
9.924311361551243701e-03
1.049622056379364773e-02
1.108566598328474331e-02
1.170831204446184937e-02
1.237814681360221471e-02
1.310880859332221211e-02
1.386651181950871933e-02
1.467774253540703872e-02
1.550449745497396205e-02
1.638078319311700795e-02
1.731946834432929877e-02
1.831748081633391423e-02
1.937879246639654870e-02
2.047036648115019286e-02
2.157778137252837347e-02
2.269391312281257220e-02
2.383604263494611825e-02
2.501158009891624526e-02
2.623656595396984745e-02
2.749006857236371490e-02
2.875741504124259065e-02
3.009682520195337829e-02
3.150322953829273742e-02
3.291092961074045670e-02
3.431719626017240565e-02
3.575037911658941747e-02
3.716849618031487640e-02
3.860693122933853139e-02
4.008872732869563776e-02
4.155293289845193166e-02
4.303367036661018968e-02
4.450681574103781263e-02
4.598235968648358568e-02
4.749114556070450910e-02
4.898582913595202898e-02
5.042582118289146847e-02
5.185653125957360998e-02
5.322148327808732399e-02
5.457262785929671567e-02
5.583164550224197636e-02
5.683984080803504424e-02
5.786894222716317676e-02
5.865610480678727645e-02
5.925079235617943668e-02
5.989777966984068808e-02
6.018897337906140010e-02
5.976564754518912115e-02
5.921241241084224810e-02
5.866938683968511009e-02
5.811943646402207425e-02
5.756475492297739860e-02
5.705657843568279208e-02
5.656393734024176695e-02
5.611666238114176863e-02
5.572466257689437374e-02
5.532732118902175533e-02
5.496152713959007868e-02
5.463659239731998019e-02
5.431449108935724329e-02
5.402342300263761332e-02
5.377448173877857895e-02
5.355822728214302414e-02
5.336663826520626763e-02
5.321376926354806636e-02
5.310873230550035295e-02
5.303951441851447596e-02
5.300721310060749203e-02
5.300087412635783729e-02
5.301570082868448108e-02
-1.936539520680523430e-06
-1.952300834518065878e-06
-9.212439877370580269e-04
-1.885740588504989431e-03
-2.908116305715701105e-03
-3.977927520344117646e-03
-5.094731027122548911e-03
-6.272023878848974332e-03
-7.507554480733114391e-03
-8.770895041237687650e-03
-1.006060331255983348e-02
-1.131935112553784754e-02
-1.257647328718880519e-02
-1.385814026827545883e-02
-1.516070063493933640e-02
-1.645234186743889382e-02
-1.774965197723621033e-02
-1.915751546068950734e-02
-2.060570912030626478e-02
-2.209110965973767188e-02
-2.358284280236287375e-02
-2.506363311767609639e-02
-2.646432632003990759e-02
-2.777930718988158923e-02
-2.914533916611232803e-02
-3.044392533725633759e-02
-3.139781673682039143e-02
-3.201019072604912447e-02
-3.253835585988646556e-02
-3.296719955620112941e-02
-3.306965928296867058e-02
-3.316136366846456074e-02
-3.316889507595091602e-02
-3.302554590810646146e-02
-3.290837354616079485e-02
-3.266376823235776078e-02
-3.239390562646365934e-02
-3.212424878778365189e-02
-3.179437365982839409e-02
-3.147710781077725506e-02
-3.116219935789813281e-02
-3.085901418321573483e-02
-1.999974413266079609e-01
-1.987621610323184740e-01
-1.975394170287751716e-01
-1.963371085780315772e-01
-1.951628171515133736e-01
-1.940340661930436972e-01
-1.929511365834465919e-01
-1.919201505884784997e-01
-1.909231989149939579e-01
-1.899810483187218124e-01
-1.890969303394564871e-01
-1.882710075415715834e-01
-1.874955951789382125e-01
-1.867641005525218501e-01
-1.860726372866963740e-01
-1.854175812641464249e-01
-1.848176978013364724e-01
-1.842708284072834268e-01
-1.837542470314084408e-01
-1.832922651155897975e-01
-1.828822291409981093e-01
-1.825314782511531508e-01
-1.822387788321792046e-01
-1.819984092510996410e-01
-1.818099884063423821e-01
-1.816757901287295307e-01
-1.815944986366576086e-01
-1.815665826246304626e-01
-1.815920692610956122e-01
-1.816723938532939231e-01
-1.818050242834447217e-01
-1.819880914008793205e-01
-1.822229369000261390e-01
-1.825123635429185265e-01
-1.828484675508934010e-01
-1.832341810046867192e-01
-1.836687321306598730e-01
-1.841533153947812196e-01
-1.846875505932167871e-01
-1.852616278608583411e-01
-1.858707856451886631e-01
-1.865396260262594808e-01
-1.872416533161232466e-01
-1.880020215223087432e-01
-1.888152688416592229e-01
-1.896850871578265874e-01
-1.906103972008257597e-01
-1.915853776422618282e-01
-1.926097992756899413e-01
-1.936686055635065407e-01
-1.947637298635671310e-01
-1.959155417380239739e-01
-1.971098400279016893e-01
-1.983278988337169313e-01
-1.995789490621733553e-01
-2.008558302433078036e-01
-2.021774783055755864e-01
-2.035504761635993365e-01
-2.049636245298150916e-01
-2.063931179018262396e-01
-2.078704717774649824e-01
-2.093660152880948144e-01
-3.999997833497539457e-01
-3.997694402855749840e-01
-3.995670554786448503e-01
-3.992879772745641653e-01
-3.989820773143918919e-01
-3.986275304547027831e-01
-3.981897134668568317e-01
-3.977463430877238859e-01
-3.972255352728130129e-01
-3.966204968577390910e-01
-3.960465345381257163e-01
-3.953849885153570276e-01
-3.947509835959008839e-01
-3.940559167804021379e-01
-3.933449832824632009e-01
-3.925652658284173868e-01
-3.917589605219617410e-01
-3.909408963160786454e-01
-3.900963451935258175e-01
-3.892091838479102006e-01
-3.882782684389802230e-01
-3.873039027735424300e-01
-3.862391556134249226e-01
-3.851343021052111570e-01
-3.840077007535522835e-01
-3.828404334761078553e-01
-3.816141763768324813e-01
-3.803745846384576357e-01
-3.790477668805509737e-01
-3.777639597321180154e-01
-3.764895685371939527e-01
-3.752099085069984241e-01
-3.739302496841782064e-01
-3.726206420356484861e-01
-3.712343950196478892e-01
-3.698024153690515070e-01
-3.683561303248004681e-01
-3.669144299615799132e-01
-3.654563631572086968e-01
-3.640039073476966647e-01
-3.625111865621489793e-01
-3.609887019308249401e-01
-3.594894467186250941e-01
-3.579868810140620083e-01
-3.564656623513179357e-01
-3.549652026480264455e-01
-3.534697900771415213e-01
-3.519789906829319248e-01
-3.504907741739324289e-01
-3.490329055746924647e-01
-3.475573296075524232e-01
-3.460914240251331542e-01
-3.446249470849950813e-01
-3.431481671429912339e-01
-3.416951922402466368e-01
-3.402750294674237175e-01
-3.389572306126776846e-01
-3.376522823584117150e-01
-3.363541102048927534e-01
-3.350760561725951714e-01
-3.338164983014433873e-01
-3.325917671574685208e-01
-3.313987625299895101e-01
-3.302136551602816716e-01
-3.290739417065822736e-01
-3.279510114829254919e-01
-3.268882704629487157e-01
-3.258578937433100897e-01
-3.249000172574238454e-01
-3.240068231816442546e-01
-3.231526674463731652e-01
-3.223285346305414523e-01
-3.215737482926082635e-01
-3.208780757850874799e-01
-3.202321625398038552e-01
-3.196497477980486668e-01
-3.190828541762487647e-01
-3.185507661396728696e-01
-3.180723901472219950e-01
-3.176473777293551959e-01
-3.172817645716045631e-01
-3.169654823143147060e-01
-3.167032875964055916e-01
-3.164981774620873600e-01
-3.163453881267846435e-01
-3.162477295841267799e-01
-3.162044350910314661e-01
-3.162160590395767246e-01
-3.162824394919613868e-01
-3.164025660002314777e-01
-3.165766395750334028e-01
-3.168038821984881515e-01
-3.170888270812766141e-01
-3.174286721768200814e-01
-3.178210814980377275e-01
-3.182647130081797116e-01
-3.187585010755377146e-01
-3.192978197214143554e-01
-3.198846967916120776e-01
-3.205059275508824190e-01
-3.211563216529900178e-01
-3.218485211554152903e-01
-3.225821007476405433e-01
-3.233677485335814117e-01
-3.241863032219569618e-01
-3.250309089290379094e-01
-3.259245255686681331e-01
-3.268408610766842526e-01
-3.278054329597353544e-01
-3.288022939879696738e-01
-3.298141941469872607e-01
-3.308383288888490092e-01
-3.318972880140446113e-01
-3.329232681715008635e-01
-3.339304828770411349e-01
-3.348812392697501639e-01
-3.357194404947313471e-01
-3.364478519881447527e-01
-3.373006676196530496e-01
-3.385856104981456727e-01
-3.399195957817482960e-01
-3.412569920904874321e-01
-3.425637215846639716e-01
-3.438465827743377168e-01
-3.451557113033390523e-01
-3.464662528791687679e-01
-3.477820989875090030e-01
-3.490926892641549317e-01
-3.503945291701529574e-01
-3.516854867798613893e-01
-3.529474343343125819e-01
-3.541729222006655964e-01
1.999969588874385418e-01
1.999969428667319193e-01
1.987997562598708967e-01
1.977522478949229057e-01
1.967249803201332747e-01
1.957004975554050286e-01
1.946694667849971083e-01
1.936931734452643217e-01
1.926939031137502589e-01
1.916827047593636368e-01
1.907078592367284497e-01
1.897715408525871561e-01
1.889000880470757537e-01
1.880549002877598685e-01
1.872421454042338118e-01
1.864894608520330233e-01
1.857393429007221375e-01
1.850318943889111001e-01
1.843577843975325037e-01
1.836941223766002662e-01
1.830602520870711070e-01
1.824465817437918025e-01
1.818737942710896560e-01
1.813330011842821388e-01
1.808471316826787134e-01
1.804261204780628625e-01
1.800572525022667014e-01
1.797504173334979749e-01
1.795012699577699378e-01
1.793073373268914972e-01
1.791735165502645888e-01
1.791024150483170319e-01
1.790865971420322333e-01
1.791256680986177408e-01
1.792135824845606240e-01
1.793497326690503824e-01
1.795280873626401152e-01
1.797226677483230450e-01
1.798728338714374875e-01
1.800480444885166342e-01
1.801609675475979999e-01
1.801740534537212002e-01
1.801894995767523988e-01
1.801452223323857793e-01
1.800701445091321129e-01
1.800068988303199780e-01
1.799055561798564018e-01
1.797549847903928411e-01
1.796211783396038097e-01
1.794929538886168574e-01
1.792501994152443101e-01
1.790137362266279730e-01
1.787498023358133348e-01
1.784907020725054472e-01
1.782653224540855508e-01
1.780850193285249961e-01
1.778322719964240406e-01
1.775420345342104689e-01
1.772149927677606485e-01
1.769297357740543530e-01
1.766604730234828669e-01
1.763544085377879989e-01
1.760809921230000186e-01
1.758431721776927414e-01
-1.999968429523597824e-01
-1.999968269529970033e-01
-1.984461308932026768e-01
-1.968077451890613283e-01
-1.952098392422243478e-01
-1.936596107091228258e-01
-1.921119352213801756e-01
-1.905722200187539572e-01
-1.890293917731342144e-01
-1.875060400463423316e-01
-1.860118704268972911e-01
-1.845378551947846058e-01
-1.831277740944057264e-01
-1.817984973111564095e-01
-1.804943406239606640e-01
-1.792149979645630831e-01
-1.779917524276680707e-01
-1.767999937749145101e-01
-1.756691239508333391e-01
-1.745758802718160307e-01
-1.735255678895312736e-01
-1.725045784616345279e-01
-1.715113266803600101e-01
-1.705686556635233886e-01
-1.696713874177055992e-01
-1.688287280608880281e-01
-1.680215929015055898e-01
-1.672564568870258117e-01
-1.665256237950701323e-01
-1.658418845886195925e-01
-1.652037343816066262e-01
-1.646044057802296123e-01
-1.640403709780468844e-01
-1.635194185299400360e-01
-1.630349052094901552e-01
-1.626019341369326077e-01
-1.622164137227903313e-01
-1.618797079880031353e-01
-1.615926688715911552e-01
-1.613593450396018092e-01
-1.611802168837606075e-01
-1.610548259259452775e-01
2.000019292716789243e-01
2.000019450303559820e-01
2.009704208573848405e-01
2.020420980449679493e-01
2.031480093992165115e-01
2.042956688594175785e-01
2.055017912052956863e-01
2.067561680262437196e-01
2.080147574923500164e-01
2.093034297493958085e-01
2.106224544025653289e-01
2.119888792616443918e-01
2.134000996955294771e-01
2.148281465682266578e-01
2.162543533911122917e-01
2.176659699397933412e-01
2.190928880528003886e-01
2.205646374691621059e-01
2.220518599907232438e-01
2.235654625785703231e-01
2.250756414759797208e-01
2.265943131248057685e-01
2.282071142391411123e-01
2.298447313817280624e-01
2.314759458226825217e-01
2.331622870588103413e-01
2.348890094258100913e-01
2.366435184433521577e-01
2.383554299045356484e-01
2.400218918864382989e-01
2.416919256886184975e-01
2.433101680266745170e-01
2.449709732811015117e-01
2.466148450074361620e-01
2.481734741361065200e-01
2.498025987710341955e-01
2.513246141895306152e-01
2.527780986415004150e-01
2.542227202946410469e-01
2.555171856011050902e-01
2.567937619030402630e-01
2.580366100033667509e-01
2.591962674554829649e-01
2.601991143173216781e-01
2.609515306934683254e-01
2.614694001615474050e-01
2.617951028928625079e-01
2.619143188157583846e-01
2.618264930243911492e-01
2.616845076371022150e-01
2.615022684658752650e-01
2.612877618176707162e-01
2.610684758730358324e-01
2.608352357697105162e-01
2.606319880683216628e-01
2.604510611802405839e-01
2.603038097106241122e-01
2.601686479059116541e-01
2.600586228118474952e-01
2.599400001755231004e-01
2.598499392048995715e-01
2.597625308518207166e-01
2.596800155389912823e-01
2.596115806184776664e-01
2.595658279781375422e-01
2.595279767150856509e-01
2.594988619043483991e-01
2.594868048862261078e-01
2.594760609351263181e-01
2.594803773364459110e-01
2.594969786527090982e-01
2.595170507964258411e-01
2.595502604346398012e-01
2.596040306899125572e-01
2.596681234673201555e-01
2.597619662358300885e-01
2.598705555095124908e-01
2.599805830575666610e-01
-3.247063908843160050e-06
-3.262961733456676043e-06
-4.978324512819394705e-03
-6.633465494102831414e-03
-8.266238388323420699e-03
-9.882333625296736354e-03
-1.148844705218018264e-02
-1.305887034743235739e-02
-1.999976611154870021e-01
-1.999976452589638243e-01
-1.988719384227536913e-01
-1.977935702338714241e-01
-1.967840947358711623e-01
-1.957955007700761252e-01
-1.948508493068991654e-01
-1.939417570630762588e-01
-1.930756487745405037e-01
-1.922722158382397517e-01
-1.915265623259260197e-01
-1.908604093874017860e-01
-1.902420112899999571e-01
-1.896740472013865308e-01
-1.891382418371287399e-01
-1.886656886222920770e-01
-1.882407931841069137e-01
-1.878734888090317912e-01
-1.875695829164312489e-01
-1.873229455390585108e-01
-1.871322048535566385e-01
-1.869991184200300027e-01
-1.869232618501618925e-01
-1.869026119284685206e-01
-1.869367933763496914e-01
-1.870269325103108560e-01
-1.871741916682828355e-01
-1.873764764654125003e-01
-1.876348444167093565e-01
-1.879468806925321811e-01
-1.883126048970850119e-01
-1.887307988065897169e-01
-1.892034796411813380e-01
-1.897260573436737041e-01
-1.903065899983981124e-01
-1.909022819550842964e-01
-1.915377299531660638e-01
-1.922338540763525172e-01
-1.929792424349026370e-01
-1.937916563109591539e-01
-1.946562741166689980e-01
-1.955432181180695450e-01
-1.964873029921231362e-01
-1.974873400874133655e-01
-1.985295843211926925e-01
-1.996123725927075321e-01
-2.007104778470343853e-01
-2.018617671025619287e-01
-2.030126520874916407e-01
-2.041968134868139828e-01
-2.053917957534726613e-01
-2.066024586359686832e-01
-2.078423439066641454e-01
-2.091890981420233275e-01
-2.105621687103481909e-01
-2.119347914423523049e-01
-2.133061161011455265e-01
-2.146873197919043907e-01
-2.161124137739789397e-01
-2.175329570005902491e-01
-2.189440851404140242e-01
-2.000032426148893316e-01
-2.000032585447046873e-01
-2.013934489156204988e-01
-2.027721188320164014e-01
-2.041232688052252997e-01
-2.054425303017924920e-01
-2.067706459166388511e-01
-2.080665315206902954e-01
-2.093502871394581910e-01
-2.106004581689099042e-01
-2.118500679301554002e-01
-2.109165402502427289e-01
-2.099267508943150895e-01
-2.089505813332581674e-01
-2.080272753191786672e-01
-2.071344968743129289e-01
-2.063287804596006525e-01
-2.055097764572425822e-01
-2.047287097486483187e-01
-2.039751842510892921e-01
-2.032085439061441234e-01
-2.024944744628482118e-01
-2.018409774837442716e-01
-2.012821464960673767e-01
-2.007377773133567633e-01
-2.001778216986583037e-01
-1.996581203633135959e-01
-1.991872756022938229e-01
-1.987573191575552067e-01
-1.985001163984365935e-01
-1.985789360024377559e-01
-1.987952368272424275e-01
-1.989984937684955713e-01
-1.991188532846050185e-01
-1.992191088210591432e-01
-1.992614450285458971e-01
-1.992438638412876994e-01
-1.991709238171634477e-01
-1.990445821398815762e-01
-1.988603133698142456e-01
-1.986298079327636912e-01
-1.983454905751119157e-01
-1.980077659297139192e-01
-1.976285364823726909e-01
-1.971866681865643844e-01
-1.967261879609978337e-01
-1.961925465517029565e-01
-1.956245401435483811e-01
-1.950465899797821645e-01
-1.944097840135201594e-01
-1.937130933682385259e-01
-1.929449831463653786e-01
-1.921354600579298910e-01
-1.912688722007304110e-01
-1.903059114342806057e-01
-1.893701511533438797e-01
-1.885021694065470155e-01
-1.877039232545858749e-01
-1.868078033283156192e-01
-1.857440922964873897e-01
-1.845888456891015827e-01
-1.833137987836540028e-01
-1.820413724998506122e-01
-1.807670564341566366e-01
-1.794787643579910386e-01
-1.781727810557754421e-01
-1.768380225249982229e-01
-1.755002527317731376e-01
-1.741807499776624191e-01
-1.729981307821025216e-01
-1.719892188233628771e-01
-1.710663622141057605e-01
-1.700266075744821526e-01
-1.685832070065545474e-01
-1.671522303143511412e-01
-1.657436584882807928e-01
-1.642980682581668128e-01
-1.628513534143103125e-01
-1.613941258768906983e-01
-1.599675202956069298e-01
-1.585395353026237408e-01
-1.571261763363653585e-01
-1.557327811487908831e-01
-1.543838923085182058e-01
-1.531227168332241484e-01
-1.518744497112420877e-01
-1.506633143243773509e-01
-1.494640936620091343e-01
-1.483066184194979931e-01
-1.472036938163962527e-01
-1.461298788807532945e-01
-1.451226348982075920e-01
-1.441701009791887811e-01
-1.432532505018191682e-01
-1.423954716048806968e-01
-1.415773666245201956e-01
-1.408253436131303715e-01
-1.401283521063592941e-01
-1.394845553778307490e-01
-1.388798973216611998e-01
-1.383028607686582478e-01
-1.377408928317015724e-01
-1.372361912702664277e-01
-1.367841111202439119e-01
-1.363823106448892875e-01
-1.360366369999494174e-01
-1.357449269443557205e-01
-1.355057098594686371e-01
-1.353212685517163894e-01
-1.351945712570612190e-01
-1.351241475734056563e-01
-1.351100290532617210e-01
-1.351502212549543780e-01
-1.352433125159381855e-01
-1.353949959884974130e-01
-1.356053869218380448e-01
-1.358677013951971047e-01
-1.361874398103920525e-01
-1.365639467296936582e-01
-1.370001662832254219e-01
-1.374931265468076758e-01
-1.380436718026453735e-01
-1.386296832760295084e-01
-1.392579801057237388e-01
-1.399599776934005169e-01
-1.407138420235806986e-01
-1.415204217311108181e-01
-1.423784787588869838e-01
-1.432847875370441004e-01
-1.442100603112899948e-01
-1.451939982376203031e-01
-1.462152628916195407e-01
-1.472722988638102137e-01
-1.483729716430389478e-01
-1.494986120590571232e-01
-1.506384704142557096e-01
-1.518613159628348086e-01
-1.531089113475616048e-01
-1.543877981903168384e-01
-1.556946293887771504e-01
-1.570367158754731873e-01
-1.584101139129420743e-01
-1.597658137099547959e-01
-1.611336924385440572e-01
-1.625724350894399706e-01
-1.640321733140737148e-01
-1.654872735391126615e-01
-1.669829722968098062e-01
-1.684610522207671268e-01
-1.699800918365789171e-01
-1.715266253321378886e-01
-1.730210304810125832e-01
-1.745363040968327950e-01
-1.760494974323365824e-01
-1.775536582505812810e-01
-1.790599303053670710e-01
-1.805797786515588588e-01
-1.820879943343112206e-01
-1.835791165649225121e-01
-1.850459534650163440e-01
-1.864648226610118031e-01
-1.878719873428415510e-01
-1.892750289117019757e-01
-1.891443686460574092e-01
-1.885733287095540389e-01
-1.879620048092401907e-01
-1.873611074916153862e-01
-1.867820820653808278e-01
-1.861919293411643250e-01
-1.856318560328898137e-01
-1.851244979697435622e-01
-1.846697809178794170e-01
-1.842639940492081241e-01
-1.838926913323567225e-01
-1.835496935702337074e-01
-1.832115714134784634e-01
-1.828920596577709445e-01
-1.825892062854214959e-01
-1.823255347620552358e-01
-1.820911145136093479e-01
-1.819292655433928374e-01
-1.819291488386668987e-01
-1.818675150077951053e-01
-1.823006572932213132e-01
-1.827211792943016500e-01
-1.831286615636783521e-01
-1.834950379088574612e-01
-1.838187615436735201e-01
-1.840860147363497790e-01
-1.843010118319783897e-01
-1.844613522075715384e-01
-1.845690404792303396e-01
-1.846252986994751377e-01
-1.846305222500229104e-01
-1.845846893251338883e-01
-1.844863450679834482e-01
-1.843368878455838578e-01
-1.841359236906102148e-01
-1.838890902973444597e-01
-1.835913531861899928e-01
-1.832448555400120749e-01
-1.828466643401907288e-01
-1.823948258189109217e-01
-1.818978842687860586e-01
-1.813573669673940736e-01
-1.807816691153943667e-01
-1.801509945452748340e-01
-1.794655513629382915e-01
-1.787308309479626045e-01
-1.779271677320684863e-01
-1.770713476153986110e-01
-1.761706169142605027e-01
-1.752264871432648863e-01
-1.742325241457241825e-01
-1.732137719971970913e-01
-1.721541156942554551e-01
-1.710553808977550438e-01
-1.699114271657752306e-01
-1.687214405643812920e-01
-1.675050106120018756e-01
-1.662400238487612147e-01
-1.649407150513330644e-01
-1.636122837056476209e-01
-1.622879351989418573e-01
-1.609094582722249422e-01
-1.595078828582060237e-01
-1.580862794695405138e-01
-1.566389953716310623e-01
-1.551419761373322992e-01
-1.536020435436953324e-01
-1.520501430438991330e-01
-1.504324916122776190e-01
-1.487814105894970651e-01
-1.471042049522556794e-01
-1.454123896877462796e-01
-1.436752308716860715e-01
-1.418654362656909806e-01
-1.400111742227224954e-01
-1.381754037852889749e-01
-1.363634793619651342e-01
-1.345580334199008021e-01
-1.327011285300225274e-01
-1.308377329613701345e-01
-1.289861261634705492e-01
-1.271537984757546702e-01
-1.252724417520976463e-01
-1.233548225213654537e-01
-1.214418067509030613e-01
-1.195645218608434868e-01
-1.176944140171788666e-01
-1.158275483184552646e-01
-1.139676993300156316e-01
-1.120655488069448036e-01
-1.102119436245254519e-01
-1.083625698523016656e-01
-1.065161595218824253e-01
-1.046645686683231186e-01
-1.028327025159702229e-01
-1.010024893096797549e-01
-9.917230915446928474e-02
-9.737800821114384053e-02
-9.555950747644187393e-02
-9.379418994603175297e-02
-9.197613528993930920e-02
-9.019376984504949568e-02
-8.843852185200801186e-02
-8.665474136527935578e-02
-8.491224940003783139e-02
-8.316287894426700744e-02
-8.143950660233342798e-02
-7.975283270147540127e-02
-7.804175594897183599e-02
-7.637942285488193150e-02
-7.471599415169156988e-02
-7.308728897425756377e-02
-7.147384623708298579e-02
-6.989218554998409549e-02
-6.834540414181188017e-02
-6.682866321147673538e-02
-6.534556953585815564e-02
-6.387838629220826681e-02
-6.243808048322606330e-02
-6.101109828623355741e-02
-5.960639709615988407e-02
-5.821074461895896224e-02
-5.685477581082994808e-02
-5.552196868600230151e-02
-5.421859042785919652e-02
-5.295165603740499549e-02
-5.173428584221730075e-02
-5.058053684112954335e-02
-4.947856638502626248e-02
-4.838961683916923051e-02
-4.735782703506893204e-02
-4.637606028564136840e-02
-4.542491301063420611e-02
-4.450948674327834947e-02
-4.362205093124153776e-02
-4.275855165994454227e-02
-4.193165394420967501e-02
-4.115366021581944728e-02
-4.042062749354501799e-02
-3.972094020696575328e-02
-3.904842619994099151e-02
-3.841280556032497517e-02
-3.781985868257350947e-02
-3.727173148346851761e-02
-3.676217569526191165e-02
-3.629469577975014127e-02
-3.585799140201233887e-02
-3.545659831287130415e-02
-3.509394502569700841e-02
-3.477840276293551330e-02
-3.450950363758614747e-02
-3.428767515338900645e-02
-3.410867521970786104e-02
-3.397143037683288819e-02
-3.387695986622835109e-02
-3.382658651547786749e-02
-3.381697586270076411e-02
-3.384667251305931157e-02
-3.391766025308707438e-02
-3.402929654126474884e-02
-3.417879406578842871e-02
-3.436865106406640502e-02
-3.459547354487116366e-02
-3.486676441170698248e-02
-3.517882949193264913e-02
-3.553509869655739617e-02
-3.593766609347934932e-02
-3.638075810079698102e-02
-3.686528537932706739e-02
-3.739077351598084353e-02
-3.795495447661891009e-02
-3.854941547283829290e-02
-3.918536681724863607e-02
-3.985783989346211587e-02
-4.056323133927504376e-02
-4.130324973700490870e-02
-4.208743739219755059e-02
-4.291861756048003657e-02
-4.379431092623862348e-02
-4.471222679814747247e-02
-4.565855508776588134e-02
-4.664531338963735091e-02
-4.765837403055975252e-02
-4.871869459713036588e-02
-4.981340080323532621e-02
-5.095818934517389043e-02
-5.213860090357176624e-02
-5.334682305690449655e-02
-5.459695481099555853e-02
-5.588708506221209960e-02
-5.721519687124695247e-02
-5.860074804639135715e-02
-6.002485656815701592e-02
-6.148289648573081190e-02
-6.296076643099364489e-02
-6.445371935769379779e-02
-6.596910770636317534e-02
-6.750191315979917062e-02
-6.906332053168146023e-02
-7.064556778881336818e-02
-7.224381274493729688e-02
-7.383890122610430040e-02
-7.546451285841293544e-02
-7.711311580359866968e-02
-7.879220146634044464e-02
-8.050405431989150762e-02
-8.224242216611560297e-02
-8.398497938526547357e-02
-8.575401526878147218e-02
-8.754535276957714496e-02
-8.934882645251016053e-02
-9.118008205265829003e-02
-9.299344553545084435e-02
-9.480349634532149461e-02
-9.664503418469866380e-02
-9.849286545506016899e-02
-1.003481059230596495e-01
-1.022241341011965454e-01
-1.041121358742245900e-01
-1.060387287577577581e-01
-1.079793021082576243e-01
-1.099199662655673398e-01
-1.118496429710306161e-01
-1.137877344626242598e-01
-1.157229241817097493e-01
-1.176900965386436376e-01
-1.196824967708425280e-01
-1.216430239489859344e-01
-1.235816278103864796e-01
-1.255326642135708159e-01
-1.275228883777627664e-01
-1.295053443347736755e-01
-1.314832932729491644e-01
-1.334736158907575410e-01
-1.354703262516519513e-01
-1.374846620549133869e-01
-1.394866429159809795e-01
-1.414574880963071490e-01
-1.434385705672374944e-01
-1.453351426121358703e-01
-1.473279775177057382e-01
-1.492353409850166457e-01
-1.511513442354180115e-01
-1.530514580992530516e-01
-1.549241101725538639e-01
-1.568203003475769353e-01
-1.586946767366230193e-01
-1.604360511834394543e-01
-1.621488294947517617e-01
-1.625465184586915302e-01
-1.626810767181635919e-01
-1.627227662239144057e-01
-1.627498479470549098e-01
-1.628143423891221242e-01
-1.628235186480981034e-01
-1.628586886414550017e-01
-1.628920540199109146e-01
-1.629052352962123973e-01
-1.629332637505588322e-01
-1.629392901912826153e-01
-1.629124799157992132e-01
-1.628831742841403141e-01
-1.629001560171220719e-01
-1.628908601701500591e-01
-1.628598670222894118e-01
-1.628120807853877527e-01
-1.628465471416523369e-01
-1.629205383290907583e-01
-1.633215242481949880e-01
-1.639714509915732588e-01
-1.647197541882734206e-01
-1.655174226213049216e-01
-1.662979112873121945e-01
-1.670413949542791376e-01
-1.677510569049481814e-01
-1.684142736394446671e-01
-1.690057102794670085e-01
-1.695503090684885306e-01
-1.700530128343660519e-01
-1.705231008787470581e-01
-1.709499602380051830e-01
-1.713301577517697682e-01
-1.716605480586125554e-01
-1.719460988372981114e-01
-1.721852089973845978e-01
-1.723765545528304355e-01
-1.725166900395754543e-01
-1.726076377488593161e-01
-1.726500416509988978e-01
-1.726438456200574678e-01
-1.725914467738295932e-01
-1.724884670669863118e-01
-1.723403818786037600e-01
-1.721425521739078091e-01
-1.718920642911720142e-01
-1.715869084288194069e-01
-1.712380626705432562e-01
-1.708363801464168330e-01
-1.703941541653571368e-01
-1.699095561364462048e-01
-1.693756554449054041e-01
-1.688066358122407296e-01
-1.681893060810377982e-01
-1.675333546028858200e-01
-1.668363043227199249e-01
-1.660785811161174519e-01
-1.652722635067903068e-01
-1.644247821803919984e-01
-1.635313754698486666e-01
-1.626182303875282342e-01
-1.616574616035133805e-01
-1.606517116297622449e-01
-1.596200602118314216e-01
-1.585558543642349993e-01
-1.574298886920671436e-01
-1.562480739517141948e-01
-1.550420624146049975e-01
-1.538102247220300700e-01
-1.525278889371319002e-01
-1.512296749617375591e-01
-1.499127109420569925e-01
-1.485480593839520469e-01
-1.471294243108556554e-01
-1.456847882446672127e-01
-1.442057459588745871e-01
-1.426600770343676439e-01
-1.410903881301572571e-01
-1.394766739734366323e-01
-1.377973098091553883e-01
-1.360983197135410550e-01
-1.343892989812295602e-01
-1.326633616796881743e-01
-1.309047015993486107e-01
-1.291071170117849831e-01
-1.273089860153598374e-01
-1.254592252215060710e-01
-1.235741326725691563e-01
-1.216540541741859272e-01
-1.197538503983045094e-01
-1.178337096916074328e-01
-1.159014652185323402e-01
-1.139557565771623787e-01
-1.119524972196873219e-01
-1.099754243782745389e-01
-1.079941245747225997e-01
-1.060049958701740624e-01
-1.040227636023236674e-01
-1.020434435238382759e-01
-1.000731136859245585e-01
-9.807402397618124323e-02
-9.609060474130985685e-02
-9.410372710586603628e-02
-9.211486795869619493e-02
-9.015798522747339727e-02
-8.820498425848885549e-02
-8.628202533556525444e-02
-8.437056948227436570e-02
-8.249972220423122671e-02
-8.061600676686458966e-02
-7.875802556978664382e-02
-7.688812760892355103e-02
-7.502610738536108492e-02
-7.316499914648968983e-02
-7.132613209736218818e-02
-6.950700048705617251e-02
-6.772415785313080916e-02
-6.595390971148289150e-02
-6.419644139566833829e-02
-6.245458657848880490e-02
-6.072972916195708976e-02
-5.905227630763845020e-02
-5.740724789031064618e-02
-5.576474880823792390e-02
-5.418826089485960507e-02
-5.266197914055420481e-02
-5.115831898631719582e-02
-4.968895507080257901e-02
-4.822028523437531244e-02
-4.676483178982134697e-02
-4.534460741975853554e-02
-4.393870748634644274e-02
-4.258293168412169427e-02
-4.125105884262475486e-02
-3.995511021013061631e-02
-3.868563661285578936e-02
-3.743918762088092878e-02
-3.626479450309560287e-02
-3.512123727571603293e-02
-3.401306486741800111e-02
-3.291349732724099808e-02
-3.186692898865441104e-02
-3.086398013671401083e-02
-2.989687039309015318e-02
-2.896415945493169275e-02
-2.808757384106152707e-02
-2.723441543532557213e-02
-2.640507014613122094e-02
-2.561887761408793152e-02
-2.486554705411908942e-02
-2.414500119877842008e-02
-2.346777322589198647e-02
-2.282817646858394459e-02
-2.222642976951163390e-02
-2.165248810156645415e-02
-2.110945554729175277e-02
-2.060228660783021068e-02
-2.013189819670891875e-02
-1.968862403665659275e-02
-1.928406172917130831e-02
-1.891663313266528368e-02
-1.858903045049315264e-02
-1.830609627437882608e-02
-1.806373496651948740e-02
-1.786264994773801087e-02
-1.770403744611017197e-02
-1.758657353021778752e-02
-1.751067187073669651e-02
-1.747606156481731898e-02
-1.748215492051114622e-02
-1.752903787854937639e-02
-1.761668254797807420e-02
-1.774932007476493281e-02
-1.791915836607783571e-02
-1.812880819054674478e-02
-1.837959041791189380e-02
-1.867534252755984059e-02
-1.901228248879499594e-02
-1.939792373788974678e-02
-1.982671601042881177e-02
-2.030978606285666066e-02
-2.083463046093898471e-02
-2.140255380860048642e-02
-2.200743227065274712e-02
-2.265540479330662577e-02
-2.335861964586287767e-02
-2.409974006399913382e-02
-2.489555906683402556e-02
-2.575718937279005902e-02
-2.666884493699396910e-02
-2.759967688187279361e-02
-2.857158179598940848e-02
-2.958078050267022238e-02
-3.064813108534356068e-02
-3.174476975750273322e-02
-3.286548324987596803e-02
-3.402000638439663799e-02
-3.520213126208068116e-02
-3.641555063672685666e-02
-3.768250485419277762e-02
-3.899350108218170574e-02
-4.031577290322600760e-02
-4.168449455238185802e-02
-4.308610065484438922e-02
-4.448277001763873556e-02
-4.592166461492420276e-02
-4.735614331285305234e-02
-4.876883841986794088e-02
-5.014039486146409236e-02
-5.142258691726762920e-02
-5.246833205863542238e-02
-5.323116933066636414e-02
-5.335403784335518429e-02
-5.323219317734255440e-02
-5.297486836212150774e-02
-5.263972453335663548e-02
-5.215738906887514015e-02
-5.182679631276920773e-02
-5.144808670783676541e-02
-5.094481025908152022e-02
-5.041216097061092943e-02
-4.987331050314216391e-02
-4.941303797645490298e-02
-4.898904572964258436e-02
-4.852678462377717217e-02
-4.801900231207782699e-02
-4.755248376360551865e-02
-4.713736128264702646e-02
-4.672345973769932020e-02
-4.634193718240646465e-02
-4.596006604851799598e-02
-4.560475272855149531e-02
-4.523907427073389775e-02
-4.487239494554306346e-02
-4.451085667859654149e-02
-4.417436260741929716e-02
-4.383300174706747376e-02
-4.346544009156725480e-02
-4.315999450593504400e-02
-4.287327532185066653e-02
-4.259930507938117922e-02
-4.233705152645832193e-02
-4.207490881467891575e-02
-4.182506571037567650e-02
-4.159380839016735276e-02
-4.140264241686957003e-02
-4.124305737371174868e-02
-4.112023557498371146e-02
-4.101476275040990410e-02
-4.094645128751640828e-02
-4.090493282735155334e-02
-4.089177824811535827e-02
-4.090833428736758565e-02
-4.095054578022443159e-02
-4.101360357627069353e-02
-4.108915010763824344e-02
-4.115341073810672295e-02
-4.116538075042022043e-02
-4.104597661646691015e-02
-4.072474210993366067e-02
-4.019141035480948421e-02
-3.956192080238319503e-02
-3.884837855198269851e-02
-3.808158218995547767e-02
-3.724901335806860697e-02
-3.636821537261694659e-02
-3.544493997110699512e-02
-3.451065379004056299e-02
-3.353044874136563991e-02
-3.251290949227139682e-02
-3.147180157374060427e-02
-3.038395516252239900e-02
-2.929817379523165163e-02
-2.814224619327193935e-02
-2.697819302202432434e-02
-2.580916819151206354e-02
-2.457588527034955048e-02
-2.330581535562075216e-02
-2.199705030460139335e-02
-2.067604627180657031e-02
-1.932586185807314005e-02
-1.796181716895660363e-02
-1.657755274836787002e-02
-1.519974288915860137e-02
-1.375086293482378867e-02
-1.227491682034368911e-02
-1.078182178161721759e-02
-9.291075304432567031e-03
-7.802262002386870128e-03
-6.329417475126637195e-03
-4.851053281029520103e-03
-3.363344800256436520e-03
-1.856990832814360429e-03
-3.494850737123814870e-04
1.179995915526228269e-03
2.701368423722509335e-03
4.260865970806261734e-03
5.820286791185717672e-03
7.358271319973219357e-03
8.862596107895840195e-03
1.038547932592586223e-02
1.190075180568006541e-02
1.340484418608575180e-02
1.489048141805663326e-02
1.636296316765271583e-02
1.778488936484233507e-02
1.910229175816357400e-02
2.039019947074672753e-02
2.162932920718335997e-02
2.286703458000528821e-02
2.409688059770608709e-02
2.530939568633483461e-02
2.646650351820608454e-02
2.759625707868710795e-02
2.870990746693596191e-02
2.978169464571517669e-02
3.081761568769023074e-02
3.182292374718274919e-02
3.278570177560297810e-02
3.370002207837478891e-02
3.457484981831111109e-02
3.539757288708766936e-02
3.618310949700022372e-02
3.692557670350397891e-02
3.761474536330059598e-02
3.826303668199314972e-02
3.884820780043446442e-02
3.940262673887934969e-02
3.992777243792243469e-02
4.039173268847826709e-02
4.080540937105586741e-02
4.116655971385674989e-02
4.147608461193576235e-02
4.173353202589243777e-02
4.193966597324325779e-02
4.209641760278153705e-02
4.220115530760815831e-02
4.225381371362912225e-02
4.225463654032925870e-02
4.220612225088826719e-02
4.210253359423350716e-02
4.194735240584770292e-02
4.174610304941489547e-02
4.149351765982575019e-02
4.118780552527202821e-02
4.083861336224601374e-02
4.044146855694613629e-02
3.999372281754923208e-02
3.949569027282650441e-02
3.894794378530939960e-02
3.834938521330137629e-02
-2.000028622500329423e-01
-2.014914088940033265e-01
-2.030654811419978500e-01
-2.045791006151583824e-01
-2.060703816324121473e-01
-2.075344076596885579e-01
-2.089667065273738134e-01
-2.103773440952133866e-01
-2.117530655841304565e-01
-2.130623555575340833e-01
-3.993446559782935501e-01
-3.972247682373230004e-01
-3.954207485830364965e-01
1.992765929821584681e-01
1.977430580473752697e-01
1.971217938969110350e-01
1.964435494573782692e-01
1.956925751639471689e-01
1.948948858512551952e-01
3.999967369853592580e-01
3.983270519437486223e-01
2.000010280422838405e-01
2.005071177630680934e-01
2.009709544057325936e-01
2.013830032469733911e-01
2.017380036719140790e-01
2.020350185648435160e-01
2.022789415646705502e-01
2.024712753866613202e-01
2.026091720727468959e-01
2.026907016715729926e-01
2.027191347181331593e-01
2.026933857470982203e-01
2.026146083921444851e-01
2.024814406885340201e-01
2.022966057574986098e-01
2.020695885558439486e-01
2.017847287834447501e-01
2.014869588690826052e-01
2.012397191327435497e-01
2.009727974775823711e-01
2.007676966055512158e-01
2.005735922505747504e-01
2.000015012936159076e-01
2.007177977456113815e-01
2.015430117040782620e-01
2.024421715458154802e-01
2.033892282169098564e-01
2.043946801843581629e-01
2.054395233926820663e-01
2.065140097621760429e-01
2.076314297480820470e-01
2.087885912829107737e-01
2.099619451226112932e-01
2.111735164389457742e-01
2.124282916256771125e-01
2.137086328168566196e-01
2.150023223271107509e-01
2.162966810758662484e-01
2.175929042927329804e-01
2.189350694710170964e-01
2.203203489871314591e-01
2.217140066206669258e-01
2.231485021365924026e-01
2.245923955734996369e-01
2.260646017610090930e-01
2.275836901470198737e-01
2.291291128605366378e-01
2.306701344136425358e-01
2.322337433606696810e-01
2.338925113095848551e-01
2.355729956380898382e-01
2.372650485646621565e-01
2.389417444541822033e-01
2.406706396750739607e-01
2.423740103362845566e-01
2.440643877084761326e-01
2.456857961580315719e-01
-4.000025666931629198e-01
-4.014266813932599876e-01
-4.027615953144134120e-01
-4.035773153130735591e-01
-4.046076430954313463e-01
-4.058175588410311008e-01
-4.070350369875835872e-01
-4.081792001881479059e-01
-4.093725624507216776e-01
-4.105972829285858827e-01
-4.117862162183612007e-01
-4.129410571934172269e-01
-4.140849367685768834e-01
-4.151788243868957951e-01
-4.162830305092106165e-01
-4.173538777185399895e-01
-4.184114973414039262e-01
-4.194469677679898978e-01
-4.204448188043855561e-01
-4.214189366423056748e-01
-4.223685849885905341e-01
-4.232929430069528043e-01
-4.242032566730017940e-01
-4.250896605490298019e-01
-4.259637829953205612e-01
-4.267898687934730262e-01
-4.276038472121419520e-01
-4.283821489731511889e-01
-4.291343034147068747e-01
-4.298313371245858217e-01
-4.304996893547510806e-01
-4.311319332316725372e-01
-4.317079751078662375e-01
-4.322508358464568490e-01
-4.327140078269656742e-01
-4.331266555782385397e-01
-4.335035054132916899e-01
-4.338274071608864135e-01
-4.341075727250218175e-01
-4.343396010428216547e-01
-4.345247654144225868e-01
-4.346686248761587601e-01
-4.347640784720543383e-01
-4.348150562606089564e-01
-4.348209743190105669e-01
-4.347790885362285418e-01
-4.346897925443263810e-01
-4.345614884413995793e-01
-4.343812970177680644e-01
-4.341606169372874691e-01
-4.339029105389514140e-01
-4.335975886740748853e-01
-4.332420845092591066e-01
-4.328491674988905191e-01
-4.324060846543041903e-01
-4.319243804988342483e-01
-4.314026449308131506e-01
-4.308235529031670952e-01
-4.301983375344478611e-01
-4.295253294221058615e-01
-4.288118041685932691e-01
-4.280458892639759649e-01
-4.272271100811754763e-01
-4.263654733506919148e-01
-4.254773832142648704e-01
-4.245461309014845752e-01
-4.235881974800947969e-01
-4.225885137218502452e-01
-4.215561783995730449e-01
-4.204878249919105637e-01
-4.193913890536564160e-01
-4.182563440840473823e-01
-4.170668088655389849e-01
-4.158735315991883841e-01
-4.146346025276034242e-01
-4.133612972436864208e-01
-4.120433296039957005e-01
-4.106835164461302146e-01
-4.092790020233327275e-01
-4.078607797649547173e-01
-4.064158051276645645e-01
-4.049284874534027079e-01
-4.034086514279747182e-01
-4.018701368185125244e-01
-4.002921763353149975e-01
-3.987095829493030319e-01
-3.971100466359786529e-01
-3.954892366287620642e-01
-3.938527903011266873e-01
-3.922034898598635300e-01
-3.905454273365454032e-01
-3.888793105081228552e-01
-3.872147130862466646e-01
-3.855442653263330133e-01
-3.838703127942861282e-01
-3.821838396081297384e-01
-3.804159776426467299e-01
-3.786545282049770256e-01
-3.768928724844631817e-01
-3.751284813377894212e-01
-3.733572607155261069e-01
-3.715884056227263810e-01
-3.698134610184217741e-01
-3.680254066215936648e-01
-3.662205656793346975e-01
-3.644188251209378171e-01
-3.626079669988802601e-01
-3.608031794296598926e-01
-3.589661887782618632e-01
-3.571185953610966357e-01
-3.552543684921706801e-01
-3.533699116044018429e-01
-3.514785651295714297e-01
-3.496004757786576600e-01
-3.477322450878859716e-01
-3.458961249943179883e-01
-3.440804469444127545e-01
-3.422816970037196316e-01
-3.404681891103522595e-01
-3.386880524581772356e-01
-3.369330163410136358e-01
-3.351946759444616175e-01
-3.334839551811813463e-01
-3.317948306075818032e-01
-3.301449694359714915e-01
-3.285050265390501156e-01
-3.269194372904190571e-01
-3.253430767947152469e-01
-3.237983442844994397e-01
-3.222758365811500547e-01
-3.207701506465929220e-01
-3.192887368518543822e-01
-3.178595734579117149e-01
-3.164508885812521433e-01
-3.150632329185238945e-01
-3.137149010874188959e-01
-3.123986498926540900e-01
-3.110994083165672386e-01
-3.097999904396090964e-01
-3.085533435872468422e-01
-3.073163840200370811e-01
-3.060861818690897573e-01
-3.048772772060582836e-01
-3.037278551512130331e-01
-3.026267764728013954e-01
-3.015787433379713556e-01
-3.005780756331045134e-01
-2.996129312807411793e-01
-2.986785553593064302e-01
-2.977882451955456977e-01
-2.969551776082823835e-01
-2.961719443716219757e-01
-2.954213294250818134e-01
-2.947159395195569354e-01
-2.940495004323134820e-01
-2.934251726973203800e-01
-2.928453244752741158e-01
-2.923023069544464225e-01
-2.917960664210683674e-01
-2.913350134660010471e-01
-2.909141681306771088e-01
-2.905359929180581502e-01
-2.901967750213994002e-01
-2.898984625567467277e-01
-2.896423041960622391e-01
-2.894285975385201271e-01
-2.892506523240033767e-01
-2.891085613732061188e-01
-2.890027337173067812e-01
-2.889326204368094508e-01
-2.888980813396502811e-01
-2.888992979227219537e-01
-2.889359024379221652e-01
-2.890052149542137183e-01
-2.891111237703827830e-01
-2.892554040003725291e-01
-2.894369353636414566e-01
-2.896547268408099507e-01
-2.899043998735532646e-01
-2.901879499866437118e-01
-2.905069060003308001e-01
-2.908600388810146375e-01
-2.912419116567835919e-01
-2.916546229297856674e-01
-2.920991356522765203e-01
-2.925729485083418679e-01
-2.930921400438986635e-01
-2.936443461081584827e-01
-2.942320080724785680e-01
-2.948548229180728009e-01
-2.955133177526466648e-01
-2.961991966446791413e-01
-2.969069248028303187e-01
-2.976558968792302196e-01
-2.984342210247838967e-01
-2.992435752335446675e-01
-3.000868287326743378e-01
-3.009535755241695143e-01
-3.018533096975792862e-01
-3.027954563305415014e-01
-3.037623481914112911e-01
-3.047657919573890095e-01
-3.057877640562923216e-01
-3.068478635528257836e-01
-3.079331966405340903e-01
-3.090521229008141302e-01
-3.101972958877642350e-01
-3.113905069722608387e-01
-3.126111752001833333e-01
-3.138631925623459051e-01
-3.151455704899864263e-01
-3.164627460038429430e-01
-3.177997987880415431e-01
-3.191667763617342390e-01
-3.205545295644288140e-01
-3.219611688308705033e-01
-3.233854316151465458e-01
-3.248247843869780938e-01
-3.262837202079157950e-01
-3.277616846089334013e-01
-3.292544382559384752e-01
-3.307682441073974133e-01
-3.322905907018096072e-01
-3.338277559095876867e-01
-3.353712782912074974e-01
-3.369530853199153575e-01
-3.385533519307385442e-01
-3.401653881243604238e-01
-3.417833671577404919e-01
-3.434345603746167264e-01
-3.451193225901721395e-01
-3.468031983459262668e-01
-3.471459692956466170e-01
-3.475468881187019354e-01
-3.479205010578390600e-01
-3.482935264117599794e-01
-3.486571219371550345e-01
-3.490338106164042609e-01
-3.494555125669500661e-01
-3.499092268361368441e-01
-3.503989113659095600e-01
-3.508679775432608228e-01
-3.512769665030747723e-01
-3.516903847602089739e-01
-3.520947667162508399e-01
-3.525026009355110013e-01
-3.529090979179728693e-01
-3.532929082489842942e-01
-3.536636223073683083e-01
-3.539630557409803036e-01
-3.542607416503246731e-01
-3.545526378520901800e-01
-3.547977552424997350e-01
-3.550534101985769464e-01
-3.553057294158040169e-01
-3.554914698579676458e-01
-3.556910040786009364e-01
-3.560731712976060725e-01
-3.573988551998704688e-01
-3.592086355120300278e-01
-3.610875879757878271e-01
-3.629430023768943636e-01
-3.648316749553544569e-01
-3.668405375345932806e-01
-3.688183854242928494e-01
-3.706450942139714599e-01
-3.724481395696384589e-01
-3.742859627426592395e-01
-3.760899917336834042e-01
-3.778935597165201665e-01
-3.797139954119621574e-01
-3.814404998143371417e-01
-3.831323471060309460e-01
-3.847870804257444433e-01
-3.864498128064036697e-01
-3.880867540200784727e-01
-3.896834889492816756e-01
-3.912269996365904112e-01
-3.928136711409719872e-01
-3.944136494667465631e-01
-3.960201621429101926e-01
-3.976449471676158920e-01
-3.991947414330957455e-01
-4.007343020842831227e-01
-4.022162711805024604e-01
-4.036788940219425137e-01
-4.050708431994516356e-01
-4.064004522912370576e-01
-4.076860454632424413e-01
-4.089303517132394927e-01
-4.101526225022247285e-01
-4.112319496405118513e-01
-4.123950836160529820e-01
-4.135291688553776601e-01
-4.146163575353128961e-01
-4.156870263550892508e-01
-4.167403206351376621e-01
-4.177994069232072172e-01
-4.188106158798248768e-01
-4.197874654702208885e-01
-4.207495455549845054e-01
-4.217119714322701274e-01
-4.226557531362959419e-01
-4.235618611197820016e-01
-4.244442615663276408e-01
-4.253381766156686394e-01
-4.261918164185682367e-01
-4.270238287768066687e-01
-4.278408932545977317e-01
-4.286685774222634415e-01
-4.294907510305605580e-01
-4.302697435931608361e-01
-4.310504347467618014e-01
-4.318417089691435340e-01
-4.326176201266769272e-01
-4.333902273589296250e-01
-4.341594934346548196e-01
-4.348945063245859832e-01
-4.356183296571312091e-01
-4.363331074535538590e-01
-4.370189259715782648e-01
-4.377295664435357780e-01
-4.384539236318227839e-01
-4.391797225456359755e-01
-4.399065908211228226e-01
-4.406343513664897071e-01
-4.413628498958823698e-01
-4.420919558436033903e-01
-4.428215377273305164e-01
-4.435514819138344222e-01
-4.442816935108424015e-01
-4.450120955035883341e-01
-4.457393342588045204e-01
-4.463121276743471366e-01
-4.469761987483910626e-01
-4.476398344242894511e-01
-4.481149859877696096e-01
-4.487088113973012327e-01
-4.491489991514752700e-01
-4.493497205507155923e-01
-4.497097574602482717e-01
-4.498983268094816079e-01
-4.500357845642932730e-01
-4.503518365402671142e-01
-4.507246093035235379e-01
-4.510946749701337244e-01
-4.512203867993700435e-01
-4.515972556850740838e-01
-4.519752824566835581e-01
-4.523544855210202553e-01
-4.527344960726639167e-01
-4.531153277795287870e-01
-4.534968427446143813e-01
-4.537480511395859395e-01
-4.541342995987550091e-01
-4.543168512099128864e-01
-4.547129748733556576e-01
-4.551090933728600407e-01
-4.552887829435467992e-01
-4.556936174184072486e-01
-4.560984809102421322e-01
-4.565032324837553501e-01
-4.569079335273570908e-01
-4.573125543039654461e-01
-4.577170901815201809e-01
-4.581215481731718553e-01
-4.585259372902821262e-01
-4.589036393107204237e-01
-4.592822305600341437e-01
-4.596653134375985883e-01
-4.600399687800525439e-01
-4.604049154673396926e-01
-4.607640789194331621e-01
-4.611113764609220400e-01
-4.614591434725273666e-01
-4.617949321207645008e-01
-4.621232649119119684e-01
-4.624514336017024330e-01
-4.627675892600910945e-01
-4.630679910305803282e-01
-4.633610222247637189e-01
-4.635763264289483598e-01
-4.638230269766553948e-01
-4.640575947006220781e-01
-4.642380914391508462e-01
-4.643372412500830215e-01
-4.645134372423506131e-01
-4.645717380771337002e-01
-4.646378346285838234e-01
-4.647346227105397798e-01
-4.647889292024081076e-01
-4.649425608989069536e-01
-4.650112894589003565e-01
-4.650743990033624486e-01
-4.651263069818176166e-01
-4.651792016199354785e-01
-4.652551990281920125e-01
-4.653652034143868077e-01
-4.654136895261282159e-01
-4.655157985342451843e-01
-4.655841035127874505e-01
-4.656821247640302586e-01
-4.657804910778766683e-01
-4.658791990159442120e-01
-4.659781786391318792e-01
-4.660773923968692389e-01
-4.661767894013671421e-01
-4.662763312169486141e-01
-4.663759846009732368e-01
-4.664757206822293667e-01
-4.665755129106080590e-01
-4.666753457181738174e-01
-4.667752011147938696e-01
-4.668750672351542619e-01
-4.669749353102517486e-01
-4.670747991449943348e-01
-4.671746546460215366e-01
-4.672744991065352349e-01
-4.673743300790934030e-01
-4.674741475829489734e-01
-4.675739511154459738e-01
-4.676737412537822491e-01
-4.677735190902218010e-01
-4.678732859922241083e-01
-4.679730427383330116e-01
-4.680727902632206283e-01
-4.681725296283147375e-01
-4.682722617220988481e-01
-4.683719884023591629e-01
-4.684717107023379512e-01
-4.685714350974519160e-01
-4.686711637124449936e-01
-4.687708894541099958e-01
-4.688706123279885452e-01
-4.689703318568007040e-01
-4.690700475275919601e-01
-4.691697589637291999e-01
-4.692694787232570275e-01
-4.693692073241375606e-01
-4.694689450298545341e-01
-4.695686918579689006e-01
-4.696684475824481342e-01
-4.697682126208591602e-01
-4.698679872242107480e-01
-4.699677713805736068e-01
-4.700670619419213825e-01
1.999983976073820557e-01
1.962705779703271258e-01
1.950219271086147399e-01
1.937803214923231043e-01
1.925413134572861173e-01
1.912961611328480582e-01
1.900484294444365341e-01
1.888188177468218265e-01
1.875783724420717891e-01
1.863313690290414881e-01
1.850855185166609962e-01
1.838530447817710023e-01
1.826137617324274376e-01
1.813782176752155584e-01
1.801394980961777692e-01
1.788873932813803413e-01
1.776266128333753302e-01
1.763701057487252477e-01
1.751055521121915592e-01
1.738318139052643096e-01
1.725382482779112825e-01
1.712484112926057900e-01
1.699651458752209077e-01
1.686638765533015061e-01
1.673464156012641479e-01
1.660129399454752519e-01
1.646758352277825355e-01
-8.903685567898099798e-03
-1.038729154469429997e-02
-1.187089251268107389e-02
-1.335449039271678975e-02
-1.999996027127192988e-01
-1.999995875483101815e-01
-1.997229482092744424e-01
-1.995927726144779979e-01
-1.995223146006152304e-01
-1.995108102441877918e-01
-1.995558523250124949e-01
-1.996658852382356408e-01
-1.998427716211745031e-01
-2.000777773462185660e-01
-2.003740395589045098e-01
-2.007266171739099381e-01
-2.011339142207253239e-01
-2.015980297313484659e-01
-2.021186337398408472e-01
-2.026854287124307541e-01
-2.032772610845514916e-01
-2.038462877736868517e-01
-2.044386507718314039e-01
-2.051127844898440467e-01
-2.058626179585982818e-01
-2.066617945029803061e-01
-2.075107253125122453e-01
-2.083803762418369732e-01
-2.091947119475232597e-01
-2.099270904672398408e-01
-2.106431033298944988e-01
-2.115190732841183419e-01
-2.126284897480640312e-01
-2.137643651120342825e-01
-2.149148421341465776e-01
-2.161979981653826544e-01
-2.175122365342577191e-01
-2.188580404869029661e-01
-2.202014932487594279e-01
-2.216976437529378230e-01
-2.233496582038793643e-01
-2.251065956633488963e-01
-2.269788929124931520e-01
-2.291046962009983257e-01
-2.313517817951818156e-01
-2.337034763123248260e-01
-2.361421553379943472e-01
-2.385458314311443007e-01
-2.409162169676177523e-01
-2.434181246258749487e-01
-2.458239338526821693e-01
-2.483633457710477943e-01
-2.507527534984442807e-01
-2.531417673238132160e-01
-2.556244984057059466e-01
-2.580361576979197658e-01
-2.603964021118256866e-01
-2.627098196759724003e-01
-2.650433850776680034e-01
-2.673245165927679023e-01
-2.695675412449421993e-01
-2.717859053535237046e-01
-2.738922642398093354e-01
-2.760865176058825421e-01
-2.783654834380765442e-01
-2.806465436943673675e-01
-2.829223679302779737e-01
-2.850910009418526903e-01
-2.873574827396979114e-01
-2.896166170364026793e-01
-2.921143858111083791e-01
-2.945907613302630734e-01
-2.970699691193708913e-01
-2.995582337995499334e-01
-3.020242478019800059e-01
-3.045283118985745441e-01
-3.070681488159076045e-01
-3.094702631247696067e-01
-3.119488870623780552e-01
-3.143558469899009333e-01
-3.167295133936662288e-01
-3.191240259442648108e-01
-3.214793887402022099e-01
-3.238070437672355140e-01
-3.260349129674460222e-01
-3.283218293798048637e-01
-3.306066352069309544e-01
-3.329411051775353347e-01
-3.352863209447062287e-01
-3.375880947692332934e-01
1.999986269516164650e-01
1.999986113968653390e-01
1.989980236198365393e-01
1.985084892465355522e-01
1.979609945050710973e-01
1.973692619752968891e-01
1.967114953302572244e-01
1.959755971561540910e-01
1.951494131755565908e-01
1.942614437670564798e-01
1.932704396617881126e-01
1.921382697212874191e-01
1.907953520765073574e-01
1.893322825114388264e-01
1.878229417309347227e-01
1.862175286071960090e-01
1.845473613840969973e-01
1.828109216686132354e-01
1.810873683330534167e-01
1.792999634023338673e-01
1.774348631211642158e-01
1.755782999907791464e-01
1.736928388501507436e-01
1.718045351709293622e-01
1.698742669762112745e-01
1.679082226858824578e-01
1.659005102958648892e-01
1.638818584244919885e-01
1.618629908715731314e-01
1.598205862840087199e-01
1.577743936489815479e-01
1.556903605202503427e-01
1.535856653264890681e-01
1.514867344078488498e-01
1.493825333258446963e-01
1.472307151043298623e-01
1.451039870421193256e-01
1.429176862163863970e-01
1.407553069877257312e-01
1.385361072116887415e-01
1.362898816414441217e-01
2.000020253232780987e-01
2.000020410665145909e-01
2.015848108736772171e-01
2.031679476883098412e-01
2.046980212912874464e-01
2.062744785125812941e-01
2.078509926622058579e-01
2.094275689413465924e-01
2.110042080381033802e-01
2.125809091561758346e-01
2.141576673775080764e-01
2.157344762816275074e-01
2.173113287206273891e-01
2.188882177265397411e-01
2.204651368605481943e-01
2.220420804072960330e-01
2.236190434570480834e-01
2.251960219099301275e-01
2.266935367414658065e-01
2.282605495470750867e-01
2.295949640046857365e-01
2.311329907007763640e-01
2.326713212469218584e-01
2.342099766344898915e-01
2.357489649243718066e-01
2.371898616221764233e-01
2.386459224904201037e-01
2.401637021363424718e-01
2.416241741137463428e-01
2.431122850891830889e-01
2.446205942306157177e-01
4.000026711499285459e-01
4.000026871104906401e-01
4.020916836741306732e-01
4.031294867458503073e-01
4.041038517614031766e-01
4.051294964814857735e-01
4.061682739582105350e-01
4.072290231857271792e-01
4.082486428542639323e-01
4.092555073529720588e-01
4.102750617068712802e-01
4.112685974322005666e-01
4.121996791771374014e-01
4.131365764521038320e-01
4.140280181399311199e-01
4.149305284308920649e-01
4.158464594240552370e-01
4.167076920463223533e-01
4.176050632591530865e-01
4.184962275001364307e-01
4.193833870812572751e-01
4.202864832648875448e-01
4.211854264680900406e-01
4.220694358143646241e-01
4.229298024236510800e-01
4.237818032186753126e-01
4.246748779931548978e-01
4.255710087966774191e-01
4.264662902476237250e-01
4.273478767496721176e-01
4.282133679385949909e-01
4.290999707096330718e-01
4.299772648254460150e-01
4.308780309977036094e-01
4.317806223647836505e-01
4.326663056055397027e-01
4.335339237121141887e-01
4.344556929095311770e-01
4.353181236299945578e-01
4.361836370901715498e-01
4.370108567288577550e-01
4.378511737101333234e-01
4.386482056039825994e-01
4.394480232044465917e-01
4.402585719200105552e-01
4.411119696600818707e-01
4.419036988419517975e-01
4.426771330586360409e-01
4.434178849456414384e-01
4.441517680953048774e-01
4.449087880109428572e-01
4.456847320202028673e-01
4.464683807336873866e-01
4.472365763157215568e-01
4.479945297224058876e-01
4.487955304874545748e-01
4.495994208001096726e-01
4.504280087168853752e-01
4.512731936019047652e-01
4.520960260297903766e-01
4.529037819338140314e-01
4.537091331817015294e-01
4.545003856153037036e-01
4.552637730620722190e-01
4.560059688743523520e-01
4.567639908793433290e-01
4.575184642388117617e-01
4.582635857006405744e-01
4.589409874220244379e-01
4.596351666881605125e-01
4.603475196303059014e-01
4.610733982718165924e-01
4.617849435386552348e-01
4.625329542530762228e-01
4.632411528989300864e-01
4.639603534871747370e-01
4.646902795983302026e-01
4.654010569846142586e-01
4.661429438490424237e-01
4.668907936994527996e-01
4.676128107301598114e-01
4.682701844394079882e-01
4.689047628197169915e-01
4.695528221148735915e-01
4.702464269675536990e-01
4.709290640458690391e-01
4.716229699394560715e-01
4.723095176522061345e-01
4.729947452142125863e-01
4.736857341144639078e-01
4.744049312833720222e-01
4.751484486792921791e-01
4.759026323217666055e-01
4.766329445989945790e-01
4.773400759002316973e-01
4.780793569557707512e-01
4.788598120878964082e-01
4.796601842828804307e-01
4.804593014981625720e-01
4.812282965698348458e-01
4.820173192937700635e-01
4.827937164268413794e-01
4.835304435495261788e-01
4.842409742954761342e-01
4.849231085329421820e-01
4.856337456087757021e-01
4.863055321377350859e-01
4.870018403815541963e-01
4.877088800114623424e-01
4.884143909707821529e-01
4.891155556479354072e-01
4.898347658372124158e-01
4.905965364330857059e-01
4.913705108658262821e-01
4.921855363270383199e-01
4.929985858801566589e-01
4.938122061316266298e-01
4.946395107211256081e-01
4.955270931338554008e-01
4.964646561162759930e-01
4.973475353308103308e-01
4.982391300170438964e-01
4.991569576688275056e-01
5.000871521661968133e-01
5.010038300535918365e-01
5.019092245767026172e-01
5.027867508434920030e-01
5.039519795884171982e-01
5.048099709361889564e-01
5.056314995298747395e-01
5.065141853272236983e-01
5.074503582854401618e-01
5.083875545815410568e-01
5.093701026365364815e-01
5.103815026465194915e-01
5.114045073094554139e-01
5.124328959492721047e-01
5.134611453573866280e-01
5.144882293816867014e-01
5.154753855764558912e-01
5.164438028451366902e-01
5.174345915321431066e-01
5.184200798567315527e-01
5.193863164921554976e-01
5.204287212231700765e-01
5.214143454050844673e-01
5.224255525900004526e-01
5.233962400108453927e-01
5.243569813008807090e-01
5.253092731933162174e-01
5.262571420923363164e-01
5.271516347312562578e-01
5.280313910955484191e-01
5.288561041135851903e-01
5.297183048079688872e-01
5.306199003830701644e-01
5.315183967573139379e-01
5.324081601750595416e-01
5.333310339215131535e-01
5.342902370121824784e-01
5.352905730101206183e-01
5.362674221284180476e-01
5.372828343573440302e-01
5.382539444393467098e-01
5.391837682924088826e-01
5.400721338108097624e-01
5.409880232492516594e-01
5.419265656930541963e-01
5.428930168511736376e-01
5.438664963262060947e-01
5.448529049949244474e-01
5.458055362786885523e-01
5.467314951906735443e-01
5.475955505015631664e-01
5.484431414742287902e-01
5.492879106470394124e-01
5.501777927194084761e-01
5.510209553621294720e-01
5.518675260120192716e-01
5.527449901742900185e-01
5.535999852216880734e-01
5.544205093962328856e-01
5.552848654552804408e-01
5.561664404582672416e-01
5.570234697430218596e-01
5.578357113140723911e-01
5.586416012632098305e-01
5.594758784068863955e-01
5.602594109959165847e-01
5.610456574226595494e-01
5.618141160640743870e-01
5.625586386752756685e-01
5.633175364060638568e-01
5.640868625530881530e-01
5.648113548357324154e-01
5.655394404404673336e-01
5.662700251621127778e-01
5.670194724226463867e-01
5.677883315691917288e-01
5.685735620819667435e-01
5.693172059638590410e-01
5.700404835015128180e-01
5.707487902814672998e-01
5.714542548941775602e-01
5.722156403340662445e-01
5.729903994121252619e-01
5.738243252326717947e-01
1.999997088480499341e-01
1.999996936510619050e-01
1.998039865599849918e-01
1.996082655909701131e-01
1.994125286196246072e-01
1.992167770353700795e-01
1.990210122041551344e-01
1.988252358174851242e-01
1.986294498626897942e-01
1.984336565902438954e-01
1.982378584791986698e-01
1.980420581955774917e-01
1.978462577566215130e-01
1.976504579994618482e-01
1.974546596619829730e-01
1.972588633925989321e-01
1.970630697565295408e-01
1.968672792393953430e-01
1.966714922488225215e-01
1.964757092049372877e-01
1.962799320918564017e-01
1.960841629222721816e-01
1.958884034970083121e-01
1.956926553564299898e-01
1.954969197414437032e-01
1.953011975634217912e-01
1.951054893824991920e-01
1.949097953937756755e-01
1.947141154209937330e-01
1.945184489173039655e-01
1.943231242043844953e-01
1.941270526427869014e-01
1.939321629136849523e-01
1.937370723110574122e-01
1.935406956328134531e-01
1.933415667031986862e-01
1.931334495809952645e-01
1.929195918114874064e-01
1.926979765734101735e-01
1.924675133416083594e-01
1.922272940972077349e-01
1.919791802821319004e-01
1.917298116622874748e-01
1.914809102693101339e-01
1.912324219720417107e-01
1.909842849564828415e-01
1.907364381956949684e-01
1.904888246452325351e-01
1.902413930811291121e-01
1.899956225859433800e-01
1.897476290531624754e-01
1.894981900468423464e-01
1.892488206593538336e-01
1.889995025432293363e-01
1.887502202743848723e-01
1.885017284691455075e-01
1.882519051340048044e-01
1.880016741085967502e-01
1.877514569658370047e-01
1.875012513010710646e-01
1.872510556098206103e-01
1.870008691953436164e-01
1.867506899419849042e-01
1.865005167127105068e-01
1.862529569883532576e-01
1.860046489259867819e-01
1.857476546300000919e-01
1.854934763250745966e-01
1.852361896164428645e-01
1.849738799622962226e-01
1.847093590334920876e-01
1.844485386929939907e-01
1.841809512536451421e-01
1.839135347753708682e-01
1.836469728322904227e-01
1.833791845282615462e-01
1.831115244807282050e-01
1.828455144494335327e-01
1.825765937250360682e-01
1.823077658420418079e-01
1.820390168194737923e-01
1.817703329510832744e-01
1.815017014140258844e-01
1.812331105009357402e-01
1.809645497080156207e-01
1.806960097214292960e-01
1.804274832554621233e-01
1.801589652311119671e-01
1.798904516482411065e-01
1.796219394189394469e-01
1.793534262121796730e-01
1.790851297882655735e-01
1.788163917797449820e-01
1.785476503500596779e-01
1.782789039167489153e-01
1.780101504430392501e-01
1.777413880700662308e-01
1.774726151785901151e-01
1.772038304375081752e-01
1.769350328407351403e-01
1.766662217337001406e-01
1.763973968340572240e-01
1.761285582240657843e-01
1.758609356833747417e-01
1.755908950405527524e-01
1.753232731183008986e-01
1.750579576940941018e-01
1.747885704839608756e-01
1.745059346876119410e-01
1.742221944984050364e-01
1.739326797442702355e-01
1.736384464034639863e-01
1.733339779082677390e-01
1.730309425186617178e-01
1.727239557274489468e-01
1.724086201868177126e-01
1.720858546829171221e-01
1.717594239733576389e-01
1.714321759141541890e-01
1.711053079708205193e-01
1.707787673393834638e-01
1.704525020710156991e-01
1.701264637037839256e-01
1.698006087242792395e-01
1.694748992268803878e-01
1.691493030113880303e-01
1.688237933084944242e-01
1.684983482783835307e-01
1.681747604265132201e-01
1.678480034063326021e-01
1.675212842894115428e-01
1.671945954389071620e-01
1.668679297638329118e-01
1.665412808586821392e-01
1.662146429412808823e-01
1.658880114003713213e-01
1.655613830327509195e-01
1.652347556596258094e-01
1.649081275955773529e-01
1.645814975550903281e-01
1.642548645740610214e-01
1.639282279441047485e-01
1.636015869741181128e-01
1.632749402967084984e-01
1.629482861206995037e-01
1.626216226317108993e-01
1.622949482677159272e-01
1.619682617502970767e-01
1.616415621109137668e-01
1.613148487117806174e-01
1.609881212609921286e-01
1.606613798215970612e-01
1.603346248144337516e-01
1.600078570146435675e-01
1.596810775419117423e-01
1.593542878446031208e-01
1.590274896780842218e-01
1.587006850776351286e-01
1.583738763264958826e-01
1.580470658673622797e-01
1.577202554261648015e-01
1.573948054821756315e-01
1.570675562130162406e-01
1.567419553476177008e-01
1.564152608704250658e-01
1.560913089262892794e-01
1.557579988716247255e-01
1.554237823868595825e-01
1.550802434802865393e-01
1.547319406481930115e-01
1.543824041428148441e-01
1.540215853198093621e-01
1.536525546761044470e-01
1.532783627239303337e-01
1.528928904756591545e-01
1.525029728687248287e-01
1.521047035016729887e-01
1.517037165752169459e-01
1.512966602715341002e-01
1.508749198792777857e-01
1.504380444350854884e-01
1.499924783047882904e-01
1.495295471517239239e-01
1.490431974280184702e-01
1.485472104664357917e-01
1.480268847572332458e-01
1.474873270872284758e-01
1.469297564442271220e-01
1.463635459802046512e-01
1.457723199617405874e-01
1.451582734591334856e-01
1.445335236513332344e-01
1.438912379181466195e-01
1.432444131788097319e-01
1.425893112132091967e-01
1.419203395518202071e-01
