-1.999976726578096553e-01
-1.999976567605689370e-01
-1.984538774349969559e-01
-1.969975896410240679e-01
-1.955175203804014883e-01
-1.939882996523446812e-01
-1.924442292937799948e-01
-1.908872849664340343e-01
-1.893118849822642835e-01
-1.876956780581188478e-01
-1.860795261528819244e-01
-1.844493321404265251e-01
-1.827825426518337737e-01
-1.810873083350938439e-01
-1.793563589773498335e-01
-1.776249899856263414e-01
-1.758385777560736163e-01
-1.740328885629131295e-01
-1.722021343950785044e-01
-1.703499063234923672e-01
-1.685037619020859634e-01
-1.666586431992079786e-01
-1.648033992601429243e-01
-1.629211704301991859e-01
-1.610417834194216025e-01
-1.591042249711538403e-01
-1.571703973099707885e-01
-1.552175167400680345e-01
-1.532483805320723480e-01
-1.513035077473026957e-01
-1.493015418742472955e-01
-1.472427341592799643e-01
-1.451929231032993428e-01
-1.431069393458751504e-01
-1.410396874936653555e-01
-1.389465165399220159e-01
-1.368329855046235555e-01
-1.347013583415061777e-01
-1.325470810013431311e-01
-1.303876658805169231e-01
-1.282548843085882795e-01
-1.260984516441985837e-01
-1.239396668902706250e-01
-1.217793291716004894e-01
-1.196235940576827750e-01
-1.174553555168049018e-01
-1.153079993463051456e-01
-1.131616791158536334e-01
-1.109632911847365927e-01
-1.087499974249200307e-01
-1.064973009518526553e-01
-1.042564670241210162e-01
-1.019580309491697617e-01
-9.965507864527782533e-02
-9.733270005434049854e-02
-9.500428826566384433e-02
-9.267468809892674686e-02
-9.034149871539681742e-02
-8.802949338016925751e-02
-8.571632819057846409e-02
-8.342145409250921462e-02
-8.109148544358703303e-02
-7.879834674419572416e-02
-7.648472712054625589e-02
-7.419847738071470855e-02
-7.191764642464885948e-02
-6.960426935367709789e-02
-6.732436492604557121e-02
-6.508407341528543721e-02
-6.291365623745730218e-02
-6.076952626001690116e-02
-5.862667668534389531e-02
-5.651885326453166131e-02
-5.442891087078242235e-02
-5.241113083263162359e-02
-5.041916405832116976e-02
-4.848854404990297212e-02
-4.661657669229887085e-02
-4.474485452828320248e-02
-4.287518694731209945e-02
-4.101482113810468039e-02
-3.916217792488602134e-02
-3.733880706697884772e-02
-3.553762542808237834e-02
-3.375960347922821181e-02
-3.198576812084297227e-02
-3.022103652158478551e-02
-2.847018679904879737e-02
-2.674771679213708286e-02
-2.506326164111244773e-02
-2.339857399593034751e-02
-2.176484852898350961e-02
-2.015645918330414427e-02
-1.856830616274881759e-02
-1.701060284358124619e-02
-1.547339243852056435e-02
-1.396020136977095885e-02
-1.248284017692824488e-02
-1.104876847838046419e-02
-9.626026159006907668e-03
-8.224253557119320240e-03
-6.833484881072473573e-03
-5.493204756414255679e-03
-4.191011088240305382e-03
-2.929176693276466098e-03
-1.718918654537583690e-03
-5.417248000791186719e-04
6.159966587316606382e-04
1.754824029299952752e-03
2.864993764729384558e-03
3.946937810243914685e-03
4.975340190090976784e-03
5.971054715731203416e-03
6.928602285604206802e-03
7.858738703296039990e-03
8.776937899444985786e-03
9.661512548918820692e-03
1.050848331537544700e-02
1.132477016579187465e-02
1.211627795414027715e-02
1.289195307732984158e-02
1.364672632664711699e-02
1.438420077068849716e-02
1.509160062564213027e-02
1.578277100954424486e-02
1.645056065666077386e-02
1.707777693661710269e-02
1.767908418793526226e-02
1.825667352068251897e-02
1.880895502645665851e-02
1.934135968200999950e-02
1.984890214674499970e-02
2.032372301522227670e-02
2.076126800552022603e-02
2.116443749293406978e-02
2.153791841846065813e-02
2.187896698550438612e-02
2.218759732575826052e-02
2.246101826760225212e-02
2.269898987890330358e-02
2.290372512670241917e-02
2.307361549951500099e-02
2.320752308639259173e-02
2.330539260218169456e-02
2.336821971420379243e-02
2.339674894228342336e-02
2.339119635874909245e-02
2.335131907770441467e-02
2.328115570799308559e-02
2.317705199267562979e-02
2.303944788618814479e-02
2.286784055407327029e-02
2.266852373354624056e-02
2.243568166997908855e-02
2.217278133415833546e-02
2.188235495387022209e-02
2.156926907192712947e-02
2.122995154296342113e-02
2.085790499822219590e-02
2.044883269300587156e-02
2.000418569960732765e-02
1.952763214195281719e-02
1.901956924713926744e-02
1.847177000072382919e-02
1.789827137303924565e-02
1.728633609160190598e-02
1.664484277624534575e-02
1.597545564721978423e-02
1.528211455642969167e-02
1.456147768331911632e-02
1.381016259390071069e-02
1.301806442973357097e-02
1.218702781033241186e-02
1.133274840365151859e-02
1.044869214833453464e-02
9.515989475508229017e-03
8.566162387376586099e-03
7.594001002827463487e-03
6.591835149840768147e-03
5.557912603114547809e-03
4.483457929492499182e-03
3.386276590904309988e-03
2.282489028348120685e-03
1.158526708117535095e-03
2.464798662541046648e-06
-1.179465469060806456e-03
-2.411252653240586637e-03
-3.664878246021908027e-03
-4.965516120819106136e-03
-6.315893032466349429e-03
-7.680370056831406500e-03
-9.082752355272834949e-03
-1.050160428084053431e-02
-1.192588209048056624e-02
-1.340854328497822524e-02
-1.490059362229800670e-02
-1.638826669772459887e-02
-1.790672271272532659e-02
-1.945549911445994609e-02
-2.102766153328217147e-02
-2.259326225469950045e-02
-2.419327122774279915e-02
-2.580012593294298343e-02
-2.736916308205784160e-02
-2.887980700456028657e-02
-3.043989852942656851e-02
-3.188941538245543966e-02
-3.333526165858669704e-02
-3.456852489823537128e-02
-3.546998339842890452e-02
-3.608713851095451258e-02
-3.641518615667703462e-02
-3.658168200965654371e-02
-3.663140724063639053e-02
-3.659251725163495395e-02
-3.647076505744285130e-02
-3.633396083117987341e-02
-3.617635902134774817e-02
-3.607727331206953686e-02
-3.599765814213697068e-02
-3.759386032436710240e-02
-3.795662037518152121e-02
-3.789364933346893449e-02
-3.777189497833728649e-02
-3.757714221154757200e-02
-3.743668968804923086e-02
-3.727429045551595294e-02
-3.707741446181458955e-02
-3.690657750717483976e-02
-3.671142077871697440e-02
-3.651046745984400793e-02
-3.632772092856224183e-02
-3.620880460416501384e-02
-3.609556996003988882e-02
-3.601219476788872914e-02
-3.596026652998225714e-02
-3.592962045117020081e-02
-3.591429803443819957e-02
-3.590147323819498082e-02
-3.589968022243784224e-02
-3.592610140886026704e-02
-3.596351517080187410e-02
-3.598294563708668431e-02
-3.598757720798043125e-02
-3.600552493984690572e-02
-3.601560097585915221e-02
-3.602435216395341588e-02
-3.602542119595671111e-02
-3.602502822359866796e-02
-3.602740691886746616e-02
-3.602595386546297851e-02
-3.601705035139005084e-02
-3.600809648028607118e-02
-3.600118022501132969e-02
-3.600343101695816644e-02
-3.601731800098800784e-02
-3.604442944825532458e-02
-3.608624297704663558e-02
-3.614430858793078044e-02
-3.621772772996031259e-02
-3.631970126376591473e-02
-3.641423657245008300e-02
-3.650874758842798801e-02
-3.660670506707673633e-02
-3.669477107970886554e-02
-3.673358040267100943e-02
-3.676622025115972026e-02
-3.669447076485737175e-02
-3.654332809077442956e-02
-3.623377501942647017e-02
-3.584518188743977818e-02
-3.527805708709553373e-02
-3.458402769096827201e-02
-3.378307604670184594e-02
-3.294202415630765463e-02
-3.205226258253441457e-02
-3.109782309920302787e-02
-3.004324947282761837e-02
-2.893944827636033001e-02
-2.784606400786450442e-02
-2.670518026319767743e-02
-2.549327044043771945e-02
-2.428658338277576989e-02
-2.305949676223637348e-02
-2.183282961580064810e-02
-2.057634179709779201e-02
-1.927449198821213142e-02
-1.795929621052728270e-02
-1.667448114706431700e-02
-1.544578744343730152e-02
-1.415688149927217879e-02
-1.281212053775515614e-02
-1.142627577868800433e-02
-1.004131641438391932e-02
-8.666654053890188517e-03
-7.244523357831844125e-03
-5.770918725809950217e-03
-4.253105247459704717e-03
-2.784548121332236763e-03
-1.274498916365839757e-03
2.662371887773421256e-04
1.881254891215508682e-03
3.503503587388526967e-03
5.152239108691203037e-03
6.793693900219756332e-03
8.420940737656128910e-03
1.011204552480958994e-02
1.181152003381720668e-02
1.348433084542323586e-02
1.521854717838280746e-02
1.693401763332444063e-02
1.865692512431311317e-02
2.035142691662217979e-02
2.200505731562923950e-02
2.363521558428469810e-02
2.526004301805858526e-02
2.689621909283934284e-02
2.851313263415434021e-02
3.009939161816744743e-02
3.170642201001300231e-02
3.329990514116728390e-02
3.492252835879013084e-02
3.660124057575105810e-02
3.829741027820180582e-02
3.996051629158459823e-02
4.157984300203231010e-02
4.315932381858565009e-02
4.476204448260044655e-02
4.635714960271318519e-02
4.793217510822510297e-02
4.949531832157434003e-02
5.095294391024224323e-02
5.243499826773823091e-02
5.390664516973599218e-02
5.532306112888121796e-02
5.670281145520554567e-02
5.812469091106971242e-02
5.953642055813147121e-02
6.095820148372076835e-02
6.239481519723000247e-02
6.383495041817631444e-02
6.527909952610004563e-02
6.668228921596716652e-02
6.805905340995578590e-02
6.943931662917476877e-02
7.077061478377523474e-02
7.210392867705840703e-02
7.339864471452783867e-02
7.465276082125986423e-02
7.587356913173025352e-02
7.704105740824689075e-02
7.817700064906830948e-02
7.924252831599595814e-02
8.024098234468732271e-02
8.122979633212260020e-02
8.219689657959322604e-02
8.313597798138537553e-02
8.403109781440859516e-02
8.489690269039135151e-02
8.573733033278566062e-02
8.660746194744878279e-02
8.755575755213197697e-02
8.850449216274978992e-02
8.942778105401769095e-02
9.037224675277201469e-02
9.133874001476229021e-02
9.229934065284711719e-02
9.324118678992167342e-02
9.415363293981379722e-02
9.514653353890561993e-02
9.615176177531400969e-02
9.718107711981321950e-02
9.819306375989045321e-02
9.920898918780593490e-02
1.002967399826079353e-01
1.012781679674554236e-01
1.021870928486911106e-01
1.030513650763509453e-01
1.039421904924952289e-01
1.048280960913207660e-01
1.057892886209382266e-01
1.067254166412646976e-01
1.077172017398893289e-01
1.086748132423335650e-01
1.095708976190302997e-01
1.104002541328559100e-01
1.112277881369105326e-01
1.120654735127431939e-01
1.129183147265765963e-01
1.137832859920069051e-01
1.146577129411803508e-01
1.155182962511374645e-01
1.163928423582469007e-01
1.172163928436549818e-01
1.180098056404766393e-01
1.187892373479086244e-01
1.195591447320138861e-01
1.202879344550711327e-01
1.210605317262153785e-01
1.218022624614528426e-01
1.225172394246763774e-01
1.232563349311093376e-01
1.241115312480518679e-01
1.249242633130965285e-01
1.258813440525834715e-01
1.266920146941190595e-01
1.275287022752369936e-01
1.283361654589424694e-01
1.291885216846146434e-01
1.300835071362143047e-01
1.311327078048695471e-01
1.320428340632764930e-01
1.329562736197728579e-01
1.339843808366674438e-01
1.349967070258209501e-01
1.362036090959704293e-01
1.372306969431473234e-01
1.383960989954621523e-01
1.395477444917078980e-01
1.407820217316123612e-01
1.420888482398251773e-01
1.433272725640993561e-01
1.445678082653660823e-01
1.459171983999968669e-01
1.472597424782609576e-01
1.487298166004873690e-01
1.503080521583280982e-01
1.517474597986498697e-01
1.532412386915098235e-01
1.547256339652242907e-01
1.561081379599990326e-01
1.576337212111296737e-01
1.591415824860978323e-01
1.606923225143135348e-01
1.622655946929662252e-01
1.637792452595425718e-01
1.654483177739843325e-01
1.670943143044154311e-01
1.686602312519440983e-01
1.702866621592983853e-01
1.718541415767645963e-01
1.734964306717707572e-01
1.753254456034642472e-01
1.771160740135563350e-01
1.789084419622447297e-01
1.807549879571258289e-01
1.826858057817334902e-01
1.846375192215395644e-01
1.865977556359284806e-01
1.885417045256483903e-01
1.905243687359712557e-01
1.924629742861985737e-01
1.943400074009083711e-01
1.962915152037877087e-01
1.982229982660591305e-01
2.001603274990229053e-01
2.020954101122407476e-01
2.040378971383012274e-01
2.060366156173727148e-01
2.080863000795249718e-01
2.101484674266095309e-01
2.121758664721027920e-01
2.142099727405452902e-01
2.162778088277159949e-01
2.184227898276243363e-01
2.205651732708505952e-01
2.227194222820637060e-01
2.248655073174487262e-01
2.270055217742316112e-01
2.291300434798959340e-01
2.312384833292502884e-01
2.333133207903282658e-01
2.354082003853253668e-01
2.374827473446270154e-01
2.395377808807897801e-01
2.415753335710929262e-01
2.435873261938775181e-01
2.455424736407522401e-01
2.475161621306383175e-01
2.494875336681021682e-01
2.514653407416638786e-01
2.534164510034379036e-01
2.553156564168833076e-01
2.571874346588626792e-01
2.590360989794390778e-01
2.608880472559845232e-01
2.627430216598340418e-01
2.645376443876189532e-01
2.663501417479957056e-01
2.680857991780726257e-01
2.698241453128239487e-01
2.715602976298895910e-01
2.732741444168407807e-01
2.749442111508703657e-01
2.765806417975774645e-01
2.781730133654601866e-01
2.797357429466995060e-01
2.812869078481299856e-01
2.828138112991737674e-01
2.843106560740306654e-01
2.858043911761622979e-01
2.872553738978036453e-01
2.886960455786287683e-01
2.901157787281699596e-01
2.915222409582048368e-01
2.928919281649177142e-01
