1.999991734666770604e-01
1.999991581656015704e-01
1.994766725386883655e-01
1.991587054771313536e-01
1.988325813218571325e-01
1.985489695667177201e-01
1.982697735403708694e-01
1.979832142878346635e-01
1.976972548575601785e-01
1.973964897480179892e-01
1.970844819304851392e-01
1.967889605911991024e-01
1.965093553316290265e-01
1.962441595752384693e-01
1.959856915718406478e-01
1.957136356265077037e-01
1.954640894813283181e-01
1.951944569776982996e-01
1.949631143761325625e-01
1.947358363883255616e-01
1.945377676457134830e-01
1.943342699282540054e-01
1.941476996406687472e-01
1.939598440816175384e-01
1.937728966325461821e-01
1.935866286762366051e-01
1.933925308609796834e-01
1.931918091416363892e-01
1.930061001530977149e-01
1.928053486718200593e-01
1.926376129645787916e-01
1.924797445322251610e-01
1.923270698261435319e-01
1.922012717567102014e-01
1.920539332097131457e-01
1.919264286874361736e-01
1.918211187556938535e-01
1.917304457038324639e-01
1.916624407243673611e-01
1.915999425095250841e-01
1.915523521386742201e-01
1.915159097549911094e-01
1.914822214702748271e-01
1.914613915005939637e-01
1.914444423867986134e-01
1.914375312921359207e-01
1.914281465003747351e-01
1.914162752075566076e-01
1.914172469865121906e-01
1.914178358933621704e-01
1.914191728729056352e-01
1.914189742941343753e-01
1.914185978315168790e-01
1.914180338485838850e-01
1.914224193816973230e-01
1.914316573328294913e-01
1.914518918350389676e-01
1.914749390462620049e-01
1.914969332992329520e-01
1.915290443986415181e-01
1.915829247593795193e-01
1.916115419838494982e-01
1.916483396801771932e-01
1.916860173295427960e-01
1.917735073976096771e-01
1.918488449957802544e-01
1.919180111606977324e-01
1.920164457978333350e-01
1.921323488333626928e-01
1.922548612434579196e-01
1.923650795239753575e-01
1.924733173379362117e-01
1.925550499391021075e-01
1.926105634519829912e-01
1.926722204650531678e-01
1.927332690200810050e-01
1.928170887730332739e-01
1.929041506030013398e-01
1.929826773236143489e-01
1.930846877969271680e-01
1.931853755571090736e-01
1.933041507389183233e-01
1.934139206916328790e-01
1.935475586120851132e-01
1.936357413624452406e-01
1.937104833641650203e-01
1.937750340931221893e-01
1.938461587420559629e-01
1.938810320676754850e-01
1.939083887459239486e-01
1.939524050639188646e-01
1.940287467649202680e-01
1.940767226773748022e-01
1.941078133957392926e-01
1.941198333806547494e-01
1.941375720400569105e-01
1.942238170200840663e-01
1.942996136073095459e-01
1.943297982096727494e-01
1.943454532766160647e-01
1.943355962832678252e-01
1.943382742808158758e-01
1.943644060520985095e-01
1.944909960835919938e-01
1.946838511142495731e-01
1.948657541956904660e-01
1.950219134859100256e-01
1.951946939410286741e-01
1.954491638171161894e-01
1.957207056314240468e-01
1.960003828618156474e-01
1.963105912777211304e-01
1.965841499474668408e-01
1.968834004665894477e-01
1.971240327880316445e-01
1.973725469645461195e-01
1.975794612115705229e-01
1.977215829183862628e-01
1.978932505779190942e-01
1.980726641338277361e-01
1.981949854556488699e-01
1.983243990510519528e-01
1.984790262088023671e-01
1.986172505553475132e-01
1.988210432473387634e-01
1.990366041940997421e-01
1.992684494655531102e-01
1.994795228850099467e-01
1.996687543901036199e-01
1.998965355302882718e-01
2.001140714204836801e-01
2.003510433241040556e-01
2.005620105919989349e-01
2.007943732596366715e-01
2.009590396722253647e-01
2.011436242049081113e-01
2.013108847926289857e-01
2.014421057467530307e-01
2.015868440845120790e-01
2.017336377790881763e-01
2.018690939273673768e-01
2.019669155105835445e-01
2.020625636260785229e-01
2.021401274807267945e-01
2.022211001619378667e-01
2.023126867455987410e-01
2.023918667325645404e-01
2.024764512077586176e-01
2.025551094143663300e-01
2.026167353509743529e-01
2.026593461099561455e-01
2.026911928504873395e-01
2.027101103182937791e-01
2.027169750355176658e-01
2.027036390274092881e-01
2.026751091855959752e-01
2.026271696006976264e-01
2.025726099391129131e-01
2.024921979080509804e-01
2.023962728829737934e-01
2.022864428147077287e-01
2.021446455809798870e-01
2.019865581804850818e-01
2.017515390058370883e-01
2.014906858451079030e-01
2.010687517306122274e-01
2.006271450139100465e-01
1.999523162119976882e-01
1.990669935166184124e-01
1.981011515923401245e-01
1.970260868836575252e-01
1.958890098388406109e-01
1.947621337369993544e-01
1.935636488853011705e-01
1.923077292807796046e-01
1.909827883168239149e-01
1.896173229087658729e-01
1.882069638598859451e-01
1.867321177641683705e-01
1.852208893885330665e-01
1.836846340235879227e-01
1.820954739078544105e-01
1.804967417193363843e-01
1.789103192639788231e-01
1.773120735330278031e-01
1.756859962162349298e-01
1.740307268052787293e-01
1.723688124350616635e-01
1.706703148019170779e-01
1.689013263180429991e-01
1.671321440057609853e-01
1.653342991709127463e-01
1.635513063958435875e-01
1.617854377876374594e-01
1.600154027574841042e-01
1.582247051721317466e-01
1.564046604917096461e-01
1.545917190985049983e-01
1.527827900981801046e-01
1.509439719664253665e-01
1.491142687543580148e-01
1.472627918178394946e-01
1.454172477902051230e-01
1.435693773072863333e-01
1.417129429227146353e-01
1.398636009690420456e-01
1.379849671426446600e-01
1.361208578007219172e-01
1.342719871859286151e-01
1.324282306109789975e-01
1.305801008897553017e-01
1.287159337131040804e-01
1.268417122616433690e-01
1.249654290731142675e-01
1.231184440475239783e-01
1.212933890234331874e-01
