4.000017825572579344e-01
4.000017982088054369e-01
4.012358326607364245e-01
4.025983426038906021e-01
4.039582677992396564e-01
4.053230838505949007e-01
4.066791695323445643e-01
4.080232435990358009e-01
4.093414188513197494e-01
4.106615596995510375e-01
4.119766427951050969e-01
4.132681266317648761e-01
4.145764932582913231e-01
4.158693462295693921e-01
4.171411814606577062e-01
4.184116785914869796e-01
4.196700408726222742e-01
4.209352803841245882e-01
4.222069212731660581e-01
4.234487977160789063e-01
4.246885487589780461e-01
4.259072648120070803e-01
4.271140276305996908e-01
4.283165347698342229e-01
4.294583357950773617e-01
4.306331848522523820e-01
4.317789570811757516e-01
4.328903596305912482e-01
4.339875255126647291e-01
4.350619016303961528e-01
4.361161455565822909e-01
4.371416390088100346e-01
4.381250890949798804e-01
4.390712560552634813e-01
4.400077981775953329e-01
4.409340381229630568e-01
4.418551144023597499e-01
4.427647963650490071e-01
4.436506992114157555e-01
4.445053454145284633e-01
4.453342682746102565e-01
4.461372860942138252e-01
4.469213104437819717e-01
4.476880879816776404e-01
4.484266982983369787e-01
4.491420603581989246e-01
4.498330452864093831e-01
4.505060029618948580e-01
4.511556195818247073e-01
4.517847026467121108e-01
4.523919273077688374e-01
4.529846680466505515e-01
4.535552389157266884e-01
4.540997431275634599e-01
4.546251939400791642e-01
4.551313876258802904e-01
4.556131153079827634e-01
4.560699073497402334e-01
4.565032383669949123e-01
4.569104481074373614e-01
4.572890695406393591e-01
4.576386034973113914e-01
4.579598931006122475e-01
4.582529610358151984e-01
4.585173565314705213e-01
4.587549688584178775e-01
4.589619227837404281e-01
4.591405817771637143e-01
4.592888469430037035e-01
4.594091792412053343e-01
4.595014811321009307e-01
4.595660438891375765e-01
4.596031476337483213e-01
4.596120967693531623e-01
4.595899706160974652e-01
4.595366923418751637e-01
4.594525445233389460e-01
4.593374218501594108e-01
4.591927150427801974e-01
4.590176946837859484e-01
4.588066793655841136e-01
4.585589374899283754e-01
4.582751606473730033e-01
4.579577772351748899e-01
4.576087772030288936e-01
4.572202302549716602e-01
4.567979931131487814e-01
4.563425813360597050e-01
4.558538284638440352e-01
4.553352447649713364e-01
4.547820760834639375e-01
4.541900369774639068e-01
4.535656199500567309e-01
4.529162211272962923e-01
4.522197922878990473e-01
4.514813469650331701e-01
4.506894785736476061e-01
4.498707896332108103e-01
4.490065307714845577e-01
4.481015504178158526e-01
4.471420335900519460e-01
4.461366230405641176e-01
4.451055025282983357e-01
4.440394876477358754e-01
4.429271541076520990e-01
4.417903333702263846e-01
4.405986766946330402e-01
4.393851610741423275e-01
4.381756818430499467e-01
4.369547761638975514e-01
4.357440527933174601e-01
4.344954021678344436e-01
4.332040888284512392e-01
4.318787553454794259e-01
4.305292472190389574e-01
4.291124586130872220e-01
4.276747170564830780e-01
4.262177512368761079e-01
4.247166766735501198e-01
4.231811202693122054e-01
4.216138503811293070e-01
4.200013439106810020e-01
4.183571775545122939e-01
4.167159920966614362e-01
4.150143664837709911e-01
4.132805374403816234e-01
4.114881249334852442e-01
4.096900403571035465e-01
4.078822083131575793e-01
4.060410947316841490e-01
4.041938614718615375e-01
4.023114124461887320e-01
4.003873627947849845e-01
3.984395625480817715e-01
3.964700464027410831e-01
3.945016226183331032e-01
3.925272925366870003e-01
3.905372646226321631e-01
3.885626128973369564e-01
3.865690186068065359e-01
3.845607691629838731e-01
3.825570480180196520e-01
3.805314258580686504e-01
3.785142395640288537e-01
3.764596007545438217e-01
3.743751482803892028e-01
3.722998483591569152e-01
3.702343460999008018e-01
3.681509084683344812e-01
3.660767973391194086e-01
3.639890680069736151e-01
3.618524023851116822e-01
3.597359242926287948e-01
3.576306625904944747e-01
3.555635028980407286e-01
3.535223627690384229e-01
3.514696685335869097e-01
3.494098391473886012e-01
3.473869262108681411e-01
3.453830866379273834e-01
3.433987397832592992e-01
3.414271786733124592e-01
3.394594939577878501e-01
3.374880499902763176e-01
3.355138027978378790e-01
3.335600296491852967e-01
3.316058747515952532e-01
3.296333946004412763e-01
3.276725273875765732e-01
3.256887852060979527e-01
3.237157084288754816e-01
3.217421433976801470e-01
3.197816972891409093e-01
3.178487911074132088e-01
3.159197657123041236e-01
3.140304539895999447e-01
3.121318231435892820e-01
3.102819533841698618e-01
3.084163231223269741e-01
3.065826363939744281e-01
3.047768294573514058e-01
3.029759940265111529e-01
3.012072092262180201e-01
2.994445428045380275e-01
2.977109123861320650e-01
2.959956422351949223e-01
2.942909861371723612e-01
2.926040335332040221e-01
2.909767053488513389e-01
2.893813964054813281e-01
2.878339301264055683e-01
2.863654627363102501e-01
2.849682025059345758e-01
2.836116086429477656e-01
2.823226547154753518e-01
2.810740863060838812e-01
2.799518038450758417e-01
2.788917308605900480e-01
2.779368838106254791e-01
2.770583866792232230e-01
2.762795275627285552e-01
2.756489568639691745e-01
2.751554285542849310e-01
2.747028941014105219e-01
2.743852019904968187e-01
2.740350831262073350e-01
2.737013891330418169e-01
2.735448764871256655e-01
2.733935802708813423e-01
2.733338341329162868e-01
2.732640155886659206e-01
2.732172280048918434e-01
2.731927969216808583e-01
2.731846113803735321e-01
2.731856043840211745e-01
2.731952794746410063e-01
2.732089639066840880e-01
2.732263149939450630e-01
2.732482006209900893e-01
2.732647864742295818e-01
2.732867077930267175e-01
2.733113790977843571e-01
2.733429983365155413e-01
2.733877339580252364e-01
2.734633518039391586e-01
2.735601790252030763e-01
2.737630109024279945e-01
2.740130245386857011e-01
2.743178485105745024e-01
2.746171419504525590e-01
2.749382914903597541e-01
2.752661420794374481e-01
2.755805314422751784e-01
2.759111514694121414e-01
2.762681223580507051e-01
2.766580401580304716e-01
2.770729550301441191e-01
2.775321395294617632e-01
2.780222356124498195e-01
2.785357444296681084e-01
2.790626259827915234e-01
2.796094121245056296e-01
2.802260331280152506e-01
2.808366279881281402e-01
2.814872044800891260e-01
2.821179674765657008e-01
2.827803316879186624e-01
2.834039171988452788e-01
2.840193647977911073e-01
2.846767640119907128e-01
2.853654329341911988e-01
2.860817746856865185e-01
2.867979429389533874e-01
2.875078385977071771e-01
2.882239050670422631e-01
2.889306580801104807e-01
2.896059076413490252e-01
2.902442892452771206e-01
2.908617763122710032e-01
2.914436664574069358e-01
2.920222027991006830e-01
2.925705999798517420e-01
2.931180459071194844e-01
2.936868373321982473e-01
2.942530882942511750e-01
2.947522094585980912e-01
2.952263489793410245e-01
2.956612566450865232e-01
2.960688583586988942e-01
2.964191056003699365e-01
2.967951546100635607e-01
2.971507413256533336e-01
2.974813557038257783e-01
2.977705781734161228e-01
2.980482986427950842e-01
2.983244762821317120e-01
2.986164160944113077e-01
2.989534627024345581e-01
2.992978799454161232e-01
2.996085862473693018e-01
2.998924800528043333e-01
3.001469190392526132e-01
3.003590000200616617e-01
3.005271783564885668e-01
3.006495092566593974e-01
3.007258938976333784e-01
3.007567784863883209e-01
3.007424515858729830e-01
3.006859290298365961e-01
3.005828896821409191e-01
3.004340337049598575e-01
3.002358034567975675e-01
3.000027999659066191e-01
2.997196081285499192e-01
2.994019242793022895e-01
2.990355037632615454e-01
2.986214314431225869e-01
2.981627433257315052e-01
2.976688661151297155e-01
2.971254393126893656e-01
2.965497469853514145e-01
2.959379424892278343e-01
2.952968880293129206e-01
2.946164635659712649e-01
2.939017806729977700e-01
2.931610756050531119e-01
2.923795027061096841e-01
2.915636305786017402e-01
2.907180756093644125e-01
2.898360051615471167e-01
2.889225134367889303e-01
2.879604429160528833e-01
2.869545236335466765e-01
2.859211403353840719e-01
2.848660727750346178e-01
2.837829767561901861e-01
2.826704805015241018e-01
2.815252822297853452e-01
2.803313267300793221e-01
2.790925410791177952e-01
2.778421517288121034e-01
