2.732375006529811964e-06
2.748386614518289886e-06
1.912525521022731025e-03
4.072659753345807786e-03
6.229445280248631714e-03
8.395385125465434917e-03
1.054695286480604628e-02
1.268206933952619082e-02
1.478227145828683170e-02
1.689964702983899961e-02
1.902011248589845216e-02
2.111357235639481009e-02
2.325205643420138676e-02
2.537410340451810506e-02
2.747444961145498882e-02
2.959080565632380561e-02
3.170273932735681588e-02
3.384403661432849875e-02
3.600873865081625352e-02
3.813081132698344089e-02
4.026701598679404553e-02
4.238256206385665470e-02
4.449824144180374030e-02
4.662861319078692723e-02
4.867092604812785911e-02
5.081296339757730013e-02
5.292296042104215059e-02
5.499801912883742899e-02
5.708362045792632344e-02
5.916260228446004743e-02
6.124279336081882297e-02
6.330833663616539098e-02
6.533598516215020913e-02
6.734372656000507662e-02
6.939666220257674489e-02
7.148761072030816732e-02
7.362222686635991331e-02
7.577862718748540338e-02
7.792414296782515515e-02
8.004387323156504641e-02
8.215840402688937005e-02
8.427039004655285936e-02
8.640055309460585586e-02
8.855175045903941611e-02
9.068994047212959597e-02
9.283380701526978973e-02
9.498019990383298194e-02
9.715029066421738968e-02
9.932276335455474114e-02
1.015081962046624625e-01
1.037003333986005610e-01
1.059263347373015501e-01
1.081491753654310189e-01
1.103556775831597142e-01
1.125811150555491441e-01
1.148206391695100054e-01
1.170477156627770937e-01
1.192654958835974582e-01
1.214862803794182350e-01
1.236971644614943827e-01
1.258895410341310805e-01
1.280690738600188117e-01
1.302479347465395898e-01
1.324280211908899774e-01
1.346065795032550805e-01
1.368070574611121304e-01
1.389775001718620007e-01
1.411662691497751476e-01
1.433334669030341124e-01
1.455453070378179836e-01
1.477509924267518537e-01
1.499561308161608264e-01
1.521547156513215204e-01
1.543070880579651138e-01
1.564648458599310898e-01
1.586182318578094330e-01
1.607647593419369858e-01
1.629039435980084161e-01
1.650098242239752544e-01
1.670721831903332066e-01
1.691301725471064110e-01
1.711901805156624268e-01
1.732494413467542960e-01
1.752932898205916967e-01
1.773073374275157543e-01
1.793286667447248628e-01
1.813319931822654496e-01
1.833133095968000059e-01
1.852706903954537687e-01
1.871885889465317310e-01
1.890837042365717535e-01
1.909652932925788027e-01
1.928134568591251818e-01
1.946051472904228030e-01
1.963955316016310904e-01
1.981734722255935888e-01
1.999660251665952015e-01
2.017172998405634410e-01
2.034648617385292901e-01
2.051999148944541884e-01
2.069489148774793230e-01
2.086991461752565613e-01
2.104178692210760537e-01
2.121190008754813006e-01
2.138205574724828251e-01
2.154914507013784841e-01
2.171745392561868215e-01
2.188268661024742323e-01
2.204128078247508671e-01
2.219486888317357964e-01
2.234061479100585557e-01
2.248387742347596752e-01
2.262521217394971584e-01
2.276375734396940131e-01
2.289852695568749541e-01
2.303369998050050771e-01
2.316515773478671769e-01
2.329270925974009643e-01
2.341844454208226456e-01
2.354166156458616099e-01
2.366218746471921430e-01
2.378107607914780597e-01
2.389745811067706116e-01
2.400897167599713167e-01
2.411970225025947823e-01
2.422804725537199277e-01
2.433568890797036255e-01
2.443973181396728034e-01
2.454032838744992784e-01
2.463871029750480390e-01
2.473353882750647659e-01
2.482621354719674045e-01
2.491714753894278267e-01
2.500566790562346320e-01
2.509174012861343783e-01
2.517443282442725083e-01
2.525394530645617142e-01
2.533061941657818728e-01
2.540330067677668557e-01
2.547306723978342569e-01
2.553981018628523891e-01
2.560292825551536144e-01
2.566315046564388025e-01
2.571966837483242174e-01
2.577364020859280180e-01
2.582500514002916137e-01
2.587295151338048771e-01
2.591738326679167148e-01
2.595878139580080068e-01
2.599668072216396730e-01
2.603140544816945345e-01
2.606354664413361721e-01
2.609233460449064124e-01
2.611777602721437885e-01
2.613950853399107932e-01
2.615744986126730676e-01
2.617172631340277666e-01
2.618235531230784785e-01
2.618918065640526982e-01
2.619209627928643092e-01
2.619103259319281451e-01
2.618581001568724420e-01
2.617646289991457098e-01
2.616294621745864912e-01
2.614529381127781993e-01
2.612377081141208923e-01
2.609806782095903666e-01
2.606794254478656536e-01
2.603397913962733901e-01
2.599552839943571891e-01
2.595339990647932416e-01
2.590732536469919634e-01
2.585767433422774819e-01
2.580481092845931523e-01
2.574798206985511873e-01
2.568831671755997248e-01
2.562408245384981686e-01
2.555741082448222401e-01
2.548573770411056150e-01
2.541108408757856152e-01
2.533343586444070650e-01
2.525149934214815928e-01
2.516658755103322598e-01
2.507736213392139368e-01
2.498506368311981529e-01
2.488906640199935183e-01
2.478893249881509442e-01
2.468513247180900705e-01
2.458031723833258297e-01
2.447249627511365877e-01
2.436272959298282914e-01
2.425319396583493492e-01
2.414312744579798498e-01
2.402995925486261231e-01
2.391599815515935978e-01
2.379872448595500289e-01
2.368646483809471737e-01
2.357267399692837273e-01
2.346220997617906034e-01
2.335191156488920505e-01
2.324507449884360699e-01
2.314935336406494237e-01
2.306581190926341451e-01
2.298102239180715711e-01
2.291345644689545824e-01
2.283095792192407214e-01
2.274187243614724241e-01
2.269086733746649986e-01
2.263398314405958289e-01
2.260351888870479886e-01
2.256231850230989711e-01
2.252470964698132516e-01
2.249315902434419201e-01
2.246693947371317945e-01
2.243470511996832339e-01
2.242323390664291427e-01
2.241076905583740952e-01
2.239880217958205577e-01
2.238677230205159685e-01
2.237952991098291489e-01
2.237120637241031829e-01
2.236309082763817402e-01
2.235402314474496388e-01
2.234285238936909168e-01
2.232644987483027588e-01
2.230794836430084749e-01
2.227301401345575804e-01
2.223426993831062182e-01
2.219154385512329131e-01
2.215351410054706982e-01
2.211622793146108823e-01
2.208148035924787089e-01
2.205116828959319819e-01
2.202209371448599351e-01
2.199347103686906391e-01
2.196502749486115569e-01
2.193760169552264883e-01
2.191014633658086019e-01
2.188376917633757801e-01
2.185906018779753268e-01
2.183657443013233002e-01
2.181608537269019155e-01
2.179608412258754180e-01
2.177940360520713436e-01
2.176471016663961144e-01
2.175345048047465646e-01
2.174459902512708431e-01
2.173921191435365941e-01
2.173670863884683002e-01
2.173713973740212524e-01
2.174051048040832879e-01
2.174722766618025216e-01
2.175770000393820458e-01
2.177145350619166808e-01
2.178872825317229311e-01
2.180923152063009574e-01
2.183224781831006600e-01
2.185734850420703590e-01
2.188491792183735185e-01
2.191416396579036197e-01
2.194652658097407949e-01
2.198056814958152250e-01
2.201799344038914974e-01
2.206060884121988919e-01
2.210711519381240442e-01
2.215222313845576219e-01
2.219912594635370384e-01
2.224628022812865646e-01
2.229467741871447861e-01
2.234047869398209374e-01
2.239409382093147938e-01
2.244994659160477746e-01
2.250744023338407118e-01
2.256359281169544595e-01
2.262384010074265372e-01
2.269123641298090299e-01
2.277203029094696796e-01
2.287898395429524279e-01
2.300619836961210751e-01
2.314545914163293194e-01
2.330207411050577992e-01
2.347584012099575568e-01
2.365610264849855315e-01
2.384043920492834034e-01
2.402513332880090724e-01
2.420967062288059413e-01
2.439565603861933718e-01
2.458312779813127125e-01
2.477008504352306295e-01
2.495817921106033566e-01
2.514646553657179928e-01
2.534030035083089105e-01
2.552829107876265491e-01
2.572050643854253416e-01
2.590793021447300171e-01
2.609764787305496325e-01
2.629191084515726251e-01
2.648794924436503329e-01
2.668228303545218671e-01
2.688020012984581042e-01
2.707627118912107611e-01
2.727160507124656297e-01
2.746409098160886852e-01
2.765642392480970879e-01
2.784731295923540961e-01
2.803457967147827690e-01
2.822160468729491556e-01
2.840697861711005134e-01
2.858965718644149168e-01
2.877096434312561568e-01
2.894990404536553763e-01
2.912969808267315552e-01
2.930973024452060982e-01
2.948732100443541282e-01
2.966142806526692599e-01
2.983292435562992506e-01
3.000196409064416758e-01
3.016900355502878384e-01
3.033634891772757358e-01
3.050367446357823975e-01
3.066675531660602583e-01
