4.000022238522405460e-01
4.000022396682729742e-01
4.012981369692896760e-01
4.013253067291553400e-01
4.013274180393853752e-01
4.013059404486878923e-01
4.012774948018499876e-01
4.012753910477758201e-01
4.012690038745695409e-01
4.012709027684884244e-01
4.012606850692141403e-01
4.012507721226319379e-01
4.012627341217050447e-01
4.012914847412207831e-01
4.013000350288904450e-01
4.013056304317659806e-01
4.013028742732390186e-01
4.012979601571883825e-01
4.012916974954996996e-01
4.012897666646721428e-01
4.012886218242877057e-01
4.012901968216407433e-01
4.012927391874056005e-01
4.013014908813757331e-01
4.013079294316794776e-01
4.013224158900969840e-01
4.013433218954575166e-01
4.013677486244441317e-01
4.010687471343565291e-01
4.010960807724346378e-01
4.011347060869984715e-01
4.011781726811897153e-01
4.012005863076448797e-01
4.012341599553231331e-01
4.012457183617091916e-01
4.012659295582298724e-01
4.012874838892032670e-01
4.013126874753901729e-01
4.013337726172229725e-01
4.013496807651903420e-01
4.013546791562830340e-01
4.013685524323822862e-01
4.013799939916303794e-01
4.013823006536558213e-01
4.013864476609247944e-01
4.013962459999326771e-01
4.014153601415840211e-01
4.014516653662469903e-01
4.014982993965830471e-01
4.015384453323261882e-01
4.015725220110422100e-01
4.016175723696666089e-01
4.016726836884675911e-01
4.017341767675215447e-01
4.017730740229633057e-01
4.018125305349367071e-01
4.018712635903375352e-01
4.019409357845897812e-01
4.020211993274580009e-01
4.020955403977105602e-01
4.021716654136119895e-01
4.022346519359319972e-01
4.023013340248065561e-01
4.023652951523856713e-01
4.024312945023333921e-01
4.024933635565348111e-01
4.025657120693386104e-01
4.026419351764549126e-01
4.027289917249565754e-01
4.028064328766700064e-01
4.028681851817031978e-01
4.029353158398082391e-01
4.030074185938424258e-01
4.030774544220355748e-01
4.031355012156284667e-01
4.031958621446078972e-01
4.032533275505089110e-01
4.033077063194848710e-01
4.033729960093695444e-01
4.034129461430638885e-01
4.034506880907411941e-01
4.035005289236724968e-01
4.035600555841682979e-01
4.036249093866770554e-01
4.036727031683942646e-01
4.037156380050214155e-01
4.037402440231618872e-01
4.037351797524317831e-01
4.037205851857624817e-01
4.036962169336749673e-01
4.036800231157041674e-01
4.037053359719203205e-01
4.037304906508615843e-01
4.037150684991703264e-01
4.036935328458950423e-01
4.036731562713188892e-01
4.036462434239401209e-01
4.036019770778960791e-01
4.035895115049294435e-01
4.035769588269260133e-01
4.035148404107999354e-01
4.034275076335780974e-01
4.033543545402851760e-01
4.032875481746868163e-01
4.031719166152701872e-01
4.030331724489027434e-01
4.028833567472851485e-01
4.027671662950487730e-01
4.026805736683856107e-01
4.025680327210677256e-01
4.024544628509951205e-01
4.023954905627729062e-01
4.023114570702677195e-01
4.021581651168404936e-01
4.020438416832270434e-01
4.018893871114509464e-01
4.017278981951439287e-01
4.015681168243357968e-01
4.013800107994898725e-01
4.012080171522948158e-01
4.010525127415621727e-01
4.009634367577398772e-01
4.008932728202539986e-01
4.007499804560556433e-01
4.005907853472699953e-01
4.004428741503404110e-01
4.003139460891662060e-01
4.001866900848268793e-01
4.000377430247264998e-01
3.998816696502968671e-01
3.997425624695526425e-01
3.996073369836229960e-01
3.994798232390283643e-01
3.993670295534469949e-01
3.992321723449537285e-01
3.991177154563894103e-01
3.990406311784392424e-01
3.989557429966491542e-01
3.988653652335975575e-01
3.988273440819236071e-01
3.987419882329638066e-01
3.987001448129157688e-01
3.987094318100695700e-01
3.986860571394599817e-01
3.986876466668424213e-01
3.986958469021806284e-01
3.987075559328249197e-01
3.986657346379750000e-01
3.985863982513596637e-01
3.985258556348723613e-01
3.984976404319395815e-01
3.984859140336947103e-01
3.984727364018526008e-01
3.984189132791913779e-01
3.984020130788644698e-01
3.983002458597185158e-01
3.981672732777943313e-01
3.980450334941190160e-01
3.979506957190537819e-01
3.978863054248125142e-01
3.978680423894042639e-01
3.978206887207365039e-01
3.977555828117924075e-01
3.978189785271866175e-01
3.978600349957300275e-01
3.979854940537169705e-01
3.980961048497529409e-01
3.982514385140277224e-01
3.983918077547444203e-01
3.985048949356291836e-01
3.986274889091411811e-01
3.987020319282870706e-01
3.987938537340871004e-01
3.988258347292279460e-01
3.989019468796893286e-01
3.990011764875884825e-01
3.991190216272887947e-01
3.992071499822268388e-01
3.993143775444089050e-01
3.994591559481748266e-01
3.996199262508202676e-01
3.998187779346548676e-01
3.999662663606965984e-01
4.000993618838065702e-01
4.002671635174423481e-01
4.004242214739369699e-01
4.005455132717860578e-01
4.006774981901100041e-01
4.007602981995214697e-01
4.008670893533687885e-01
4.009450065032451604e-01
4.009974679095928418e-01
4.010466331722679634e-01
4.010961066940855746e-01
4.011506603615445643e-01
4.011766401201481425e-01
4.012027904619703822e-01
4.011833304870519590e-01
4.011928019216718377e-01
4.012557743872041116e-01
4.012845123109204382e-01
4.013656190708627114e-01
4.014371563016100319e-01
4.015472127934316404e-01
4.015792031283875740e-01
4.015994330835711557e-01
4.016370486745529655e-01
4.016312616725947748e-01
4.016433132033885856e-01
4.016367658684330544e-01
4.015899289320946641e-01
4.015681623755494867e-01
4.015556305037921714e-01
4.014958410230785590e-01
4.014049855526038435e-01
4.012936732530700823e-01
4.011849224450854678e-01
4.010889227870374496e-01
4.009979965146191483e-01
4.009721121666486865e-01
4.009137603069674038e-01
4.008601322429161673e-01
4.007804025798457626e-01
4.007118397657787323e-01
4.006245600633553949e-01
4.005506345627271592e-01
4.004443314173754542e-01
4.003370991100129173e-01
4.002008818352856268e-01
4.000885752107305460e-01
3.999883013140972388e-01
3.998204484309964557e-01
3.996397035081767912e-01
3.994680000214748672e-01
3.992909696912232964e-01
3.991522396453504595e-01
3.990513873820239477e-01
3.989827999038977890e-01
3.989251792249807194e-01
3.988803607008978291e-01
3.988260782376989444e-01
3.987725871956564472e-01
3.987317808433206157e-01
3.986778611544369300e-01
3.986476203223487946e-01
3.986393987417612417e-01
3.986402117819898283e-01
3.986150242271792599e-01
3.985854265392991813e-01
3.985254563289190588e-01
3.984468727664832732e-01
3.983798831869937440e-01
3.983161717045700656e-01
3.982207240085640088e-01
3.981334516482616381e-01
3.980381887851449085e-01
3.979230613886917123e-01
3.978090488979135197e-01
3.977316393648204218e-01
3.976859541891592520e-01
3.976328631145010228e-01
3.976116412518421184e-01
3.976239706277649999e-01
3.976444549716011134e-01
3.976434280854828640e-01
3.976584640834394113e-01
3.976824742020477754e-01
3.977087217006413655e-01
3.977119073623882062e-01
3.977062734342070027e-01
3.977383755711209612e-01
3.977551617087630165e-01
3.977824946220142599e-01
3.978133476193240203e-01
3.978421501431120832e-01
3.978910870801259381e-01
3.979397450625095090e-01
3.979858608666939079e-01
3.980251744243669121e-01
3.980436251250457635e-01
3.980459329879805219e-01
3.980670544755278151e-01
3.980743207696519903e-01
3.980730114929334484e-01
3.980895071424842002e-01
3.981062802377239307e-01
3.981327001818772970e-01
3.981651123715539975e-01
3.981974702355475237e-01
3.981970542696971482e-01
3.982035487629197457e-01
3.982318073031659300e-01
3.982416046809817978e-01
3.982678531639760600e-01
3.983001961296772642e-01
3.983348319166534202e-01
3.983690461038091879e-01
3.984162752018157172e-01
3.984661297090595355e-01
3.985115814685485924e-01
3.985539806698857879e-01
3.985875236718314230e-01
3.986239955711036731e-01
3.986847042316851164e-01
3.987451094656370154e-01
3.988034597897841538e-01
3.988582127507728781e-01
3.989117377828495514e-01
3.989615379718544075e-01
3.989854699956111861e-01
3.990096857175446377e-01
3.990382985836378738e-01
3.990636135720395106e-01
3.990835158405282579e-01
3.991006233982070106e-01
3.991228299866674822e-01
3.991446541306180040e-01
3.991561070774885533e-01
3.991596675429829322e-01
3.991585040871398760e-01
3.991642207141509191e-01
3.991664487188081312e-01
3.991759529422567176e-01
3.991756685766890134e-01
3.991755638127016947e-01
3.991756494358191243e-01
3.991888198571351687e-01
3.992049945894551310e-01
3.992203762450619031e-01
3.992394894039414943e-01
3.992553538233024057e-01
3.992689659102872657e-01
3.992852285568932458e-01
3.993024041667295743e-01
3.993243266161499716e-01
3.993464272627038625e-01
3.993733862076723207e-01
3.994019085007055603e-01
3.994308857110183686e-01
3.994602749002763020e-01
3.994888341893811368e-01
3.995187665459206672e-01
3.995459051492513125e-01
3.995726363889369748e-01
3.995969925513463417e-01
3.996222463032835237e-01
3.996407136969547524e-01
3.996584459784981447e-01
3.996733228724913545e-01
3.996902428599837798e-01
3.997089130948356384e-01
3.997238688325585043e-01
3.997354783688618629e-01
3.997462088216303666e-01
3.997533428642124909e-01
3.997615540073414797e-01
3.997716291741709727e-01
3.997813191406498490e-01
3.997908398626981441e-01
3.997985713031493304e-01
3.998071843261545855e-01
3.998161528126249475e-01
3.998261183289300580e-01
3.998344434289484162e-01
3.998398251892123501e-01
3.998443733240188980e-01
3.998470237136566019e-01
3.998486647489867263e-01
3.998492786987252190e-01
3.998496579045654475e-01
3.998497774383318881e-01
3.998490753847045998e-01
3.998477626163982057e-01
3.998449995567699422e-01
3.998434334017210157e-01
3.998427987985140319e-01
3.998438411925150926e-01
3.998467609139051970e-01
3.998479819503314991e-01
3.998497357284598319e-01
3.998524773703404644e-01
3.998605714100738617e-01
3.998685572777290753e-01
3.998787039751597883e-01
3.998871012020306925e-01
3.998998749320665791e-01
3.999128791202074540e-01
3.999272399359657948e-01
3.999391198186568186e-01
3.999520180405167769e-01
3.999672800257068617e-01
3.999811936227698483e-01
3.999883901937107966e-01
4.000024390737600410e-01
4.000116429879991276e-01
4.000101458841218705e-01
4.000099021975915270e-01
4.000164523473164757e-01
4.000212499278814615e-01
4.000207382039879245e-01
4.000213716371049943e-01
4.000189406509155887e-01
4.000089703161678889e-01
4.000086842400936149e-01
4.000019745455501985e-01
4.000019279743214362e-01
3.999940414821887003e-01
3.999837401674104509e-01
3.999545374805321685e-01
3.999285872469987013e-01
3.999126710778573290e-01
3.999068067730293663e-01
3.999041228257254055e-01
3.998860263555223393e-01
3.998471052213338761e-01
3.997934140614493037e-01
3.997077143523856679e-01
3.996190529891548993e-01
3.995329433264092622e-01
3.994357259353372713e-01
3.993405262834847647e-01
3.992386246321472099e-01
3.991328492848869591e-01
3.990132471804104242e-01
3.988996267439743337e-01
3.987692556875066519e-01
3.986637736291671064e-01
3.985532610135944509e-01
3.984392005397302539e-01
3.983171105698195547e-01
3.981794033965495583e-01
3.977607331444117933e-01
3.976283407952475590e-01
3.974883747694235026e-01
3.980261995807552466e-01
3.978175914646918110e-01
3.976541928505482049e-01
3.974056525231999815e-01
3.967179055032807322e-01
-2.000032463536260408e-01
-2.000032622559585749e-01
-2.017891098569749853e-01
-2.018585114648497048e-01
-2.019188362477420395e-01
-2.020386537582209430e-01
-2.021394806333375316e-01
-2.022509552831587565e-01
-2.024087721716415766e-01
-2.026053210068397281e-01
-2.028144741024291431e-01
-2.030571079450275152e-01
-2.033003582440942036e-01
-2.036093716935434283e-01
-2.040142276903293139e-01
-2.044914377635650704e-01
-2.050094633871801519e-01
-2.056908619065645483e-01
-2.065170562909119378e-01
-2.074031861995429826e-01
-2.081997567414962669e-01
-2.090549211928354467e-01
-2.099024896228249837e-01
-2.107380173040398208e-01
-2.115286059692820797e-01
-2.122769218495191568e-01
-2.129991302968995692e-01
-2.136711947811025802e-01
-2.143081936699937906e-01
-2.148874215673756138e-01
-2.154335418146068049e-01
-2.159285392703939321e-01
-2.163765428466916663e-01
-2.167627831785352011e-01
-2.170940850407734879e-01
-2.173701655798152554e-01
-2.175947932970427323e-01
-2.177604186509251583e-01
-2.178743586477034921e-01
-2.179342826039901704e-01
-2.179405154356189034e-01
-2.178950880621030872e-01
-2.177973151842234889e-01
-2.176449271802020358e-01
-2.174384600260796385e-01
-2.171789380015687332e-01
-2.168706231499361314e-01
-2.165068010595166681e-01
-2.160959404275156759e-01
-2.156393502425144881e-01
-2.151309171258588837e-01
-2.145831682752751268e-01
-2.139879569111701185e-01
-2.133458775571367150e-01
-2.126377480539417553e-01
-2.118878420789102046e-01
-2.110921154633319530e-01
-2.102649935570350681e-01
-2.093989575765771993e-01
-2.084860937001375980e-01
-2.075620455816798160e-01
-2.065809883369162936e-01
-2.055540669418620403e-01
-2.044996310556326247e-01
-2.033878934644880732e-01
-2.022395411315472957e-01
