3.999984601308668730e-01
3.999984445715920045e-01
3.989562349174690659e-01
3.986661448955511888e-01
3.983955928451112793e-01
3.981209625365157989e-01
3.978225911046479601e-01
3.975240225837944896e-01
3.972240084978967412e-01
3.969211230069209506e-01
3.966048292284889976e-01
3.963028167144760361e-01
3.959990718892310024e-01
3.957069841389441178e-01
3.954018459356287152e-01
3.951084519593249800e-01
3.948287562290939134e-01
3.945513212840354722e-01
3.942686072262914232e-01
3.939957686680668481e-01
3.937368509921183035e-01
3.934972130666398726e-01
3.932395726976096739e-01
3.929990145001596158e-01
3.927798864339274720e-01
3.925750145444986683e-01
3.923664850425082062e-01
3.921691170660082659e-01
3.919909949314945852e-01
3.918254621179345643e-01
3.916651682146581326e-01
3.915131011883177803e-01
3.913714295729311399e-01
3.912422550003982757e-01
3.911223769778976456e-01
3.910136246040400443e-01
3.909167209992045477e-01
3.908286232641362545e-01
3.907470198668952510e-01
3.906783321640173168e-01
3.906235937948084325e-01
3.905762151321398035e-01
3.905352280366827245e-01
3.904985613321515503e-01
3.904678531968018840e-01
3.904451179064839517e-01
3.904274886825218616e-01
3.904168539576034491e-01
3.904100933699075071e-01
3.904082408947456284e-01
3.904115562502324943e-01
3.904201026106844385e-01
3.904347418873096442e-01
3.904560740257076445e-01
3.904792268758332519e-01
3.905096136407097407e-01
3.905467033743592054e-01
3.905878776462757829e-01
3.906330057266867439e-01
3.906789580038066423e-01
3.907283232053754274e-01
3.907785774324710193e-01
3.908304708644265157e-01
3.908881113343208868e-01
3.909546095134204258e-01
3.910334340663967900e-01
3.911145443136538891e-01
3.911984410035871940e-01
3.912954672131752631e-01
3.913800957275410664e-01
3.914687095788642601e-01
3.915533618997950049e-01
3.916424530510728141e-01
3.917433854243004832e-01
3.918426565175141540e-01
3.919354149204460902e-01
3.920332690792892594e-01
3.921353865227483748e-01
3.922509452766287374e-01
3.923839207756447123e-01
3.925293207958912012e-01
3.926652841015891848e-01
3.928075526227585157e-01
3.929527121166242476e-01
3.930991269925018794e-01
3.932487453852702153e-01
3.934032825451920234e-01
3.935610310254780697e-01
3.937328489097689510e-01
3.939336348766119822e-01
3.941221684354689336e-01
3.943159376300164887e-01
3.945118286827153931e-01
3.946981298958670559e-01
3.948848354657165660e-01
3.950901326053061213e-01
3.953039751190499662e-01
3.954989564571051996e-01
3.957337446300018824e-01
3.959867749276245186e-01
3.962371882037035165e-01
3.964764099001746311e-01
3.967088007667102789e-01
3.969605944201664016e-01
3.972320482755987148e-01
3.975263696582408413e-01
3.978248685446612032e-01
3.981461513911190853e-01
3.984600946177775938e-01
3.987856312290168903e-01
3.991404331169988717e-01
3.994748683769464015e-01
3.997699788372700014e-01
4.000866653376586313e-01
4.004088721258429184e-01
4.007737461673461232e-01
4.010966175896542030e-01
4.014444684293737575e-01
4.018042296136037916e-01
4.021992235711603914e-01
4.026219821839202018e-01
4.030562315854795963e-01
4.034977250751661804e-01
4.039241000445548124e-01
4.043181557627892331e-01
4.046876340580871645e-01
4.050567268146708644e-01
4.054127813503995981e-01
4.057707103313857866e-01
4.061130694041492628e-01
4.064825283487826235e-01
4.068721142314901118e-01
4.072401938599417570e-01
4.075631228556839680e-01
4.078946882530304352e-01
4.082443486831661139e-01
4.085917372965053862e-01
4.089250095950535124e-01
4.093149387194586208e-01
4.096709054020472029e-01
4.100165877040826690e-01
4.103517869834261145e-01
4.106476541547174897e-01
4.109602497023547296e-01
4.112096588901181238e-01
4.114536304283760715e-01
4.117108645695460867e-01
4.119653372226770305e-01
4.122314089643372981e-01
4.124891751912581617e-01
4.127828327016843657e-01
4.131156775251340063e-01
4.134949219942379850e-01
4.138565045589893132e-01
4.141714673122731671e-01
4.144614283590827286e-01
4.147799717328393143e-01
4.150751921693489610e-01
4.153707965341496555e-01
4.157269962326799462e-01
4.160906891811336772e-01
4.164060401589970151e-01
4.167535317080651724e-01
4.171019736814123857e-01
4.174258761895189296e-01
4.177384408800465798e-01
4.180028958256791216e-01
4.182318035738134543e-01
4.184656234846222955e-01
4.186593964735924045e-01
4.189000999261972558e-01
4.191134096606609627e-01
4.193074346489563120e-01
4.194902189814395665e-01
4.197053754359832412e-01
4.198983401375298019e-01
4.200850399800404866e-01
4.202562160752981169e-01
4.203941808188048079e-01
4.205424370652440236e-01
4.207286126956868988e-01
4.209223219627426515e-01
4.211774895829143439e-01
4.214012589452814650e-01
4.215998619430695871e-01
4.217864330282393714e-01
4.219870550858896285e-01
4.221896124851916565e-01
4.223677778585320230e-01
4.225599274370845926e-01
4.226951969590702629e-01
4.227936374459251856e-01
4.228907153762847537e-01
4.230725879303182113e-01
4.232356827866207705e-01
4.233067756457287723e-01
4.233446790109625102e-01
4.233768501069613555e-01
4.234138246844197928e-01
4.234289166978117414e-01
4.235088289233194248e-01
4.235950889744504178e-01
4.237221032350876881e-01
4.238092786888499885e-01
4.238561382622037521e-01
4.239016459234111744e-01
4.239245395842706765e-01
4.239406292971592549e-01
4.239115511271592251e-01
4.238835515292788125e-01
4.238986292523352351e-01
4.238738054811715950e-01
4.238032117514300423e-01
4.237598519426218902e-01
4.236742965363111679e-01
4.235989546921981042e-01
4.235382320894677255e-01
4.234936938854526045e-01
4.234400762738540491e-01
4.233869322346452413e-01
4.233506653476782899e-01
4.233507710360567833e-01
4.232586113618001522e-01
4.231338961809111843e-01
4.229730628250900071e-01
4.228247929955398776e-01
4.226526567492001063e-01
4.225097521154611568e-01
4.223460221666126557e-01
4.221699986521308956e-01
4.220756911212316664e-01
4.219295960466287743e-01
4.218363907188391604e-01
4.217923988526746659e-01
4.218563212771407334e-01
4.219590621427832255e-01
4.220571973297468360e-01
4.221719277051028119e-01
4.222166688740182638e-01
4.223044682566491903e-01
4.223672431381551018e-01
4.224510170660396025e-01
4.225227531452335761e-01
4.225854737484822099e-01
4.227350479039855835e-01
4.228401462310013570e-01
4.228817863862904258e-01
4.229841815225477974e-01
4.231120123752545314e-01
4.232370956026768605e-01
4.233410204113247088e-01
4.233793898823764446e-01
4.234417760210886783e-01
4.235211309778023625e-01
4.235660165609725913e-01
4.235510881814095741e-01
4.235576928477123304e-01
4.235815015965529451e-01
4.236324877563307778e-01
4.236957956839604300e-01
4.237326001540392961e-01
4.237757497987794664e-01
4.238569334304372327e-01
4.239117703855191377e-01
4.240443062094463866e-01
4.241694847445324767e-01
4.243111716128802335e-01
4.244741916209026633e-01
4.246144334947364873e-01
4.247472837589125749e-01
4.248279579094647596e-01
4.248520773151128749e-01
4.249677459753240516e-01
4.250606191107327292e-01
4.251748688239199714e-01
4.252874945154456188e-01
4.254485405372704365e-01
4.256026262251677572e-01
4.257935706467353976e-01
4.259759676394638817e-01
4.260686583141239936e-01
4.261935954346666167e-01
4.263208192446291678e-01
4.264992947996855133e-01
4.267075881415759442e-01
4.268855282122356876e-01
4.270313406773774689e-01
4.271524797146560304e-01
4.272138188667558012e-01
4.272859984153755120e-01
4.273344261314741543e-01
4.273829993892790946e-01
4.274158844028736470e-01
4.274797044639839227e-01
4.275352701689183466e-01
4.276546828244509046e-01
4.277577491392086095e-01
4.279515861686469802e-01
4.281233275913499670e-01
4.281497132188951116e-01
4.282449679449329971e-01
4.286039985814177333e-01
4.287888216037246680e-01
4.292915989082666806e-01
4.295318167797358977e-01
4.298023129224914918e-01
4.300512314200941599e-01
4.302189401603929708e-01
4.304097183993527698e-01
4.306677756025697468e-01
4.308451224238110666e-01
4.309945982140385712e-01
4.311547831291607791e-01
4.312736466605108787e-01
4.314571013610203898e-01
4.316079750344426480e-01
4.317798210432324812e-01
4.318872710274271332e-01
4.321298418789970563e-01
4.323691636912786462e-01
4.326212620779167350e-01
4.329904174398174765e-01
4.335358392249135662e-01
4.338137567475421896e-01
4.341754840729904474e-01
4.351189440502000738e-01
4.356341344916680458e-01
4.361028569184325354e-01
4.366515312922208958e-01
4.372193174451777797e-01
4.376841208010445738e-01
4.381437941402755998e-01
4.387820536304323782e-01
4.393372227207988923e-01
4.398594752002848440e-01
4.404122944920998428e-01
4.409991121014422699e-01
4.413784876634960774e-01
4.418376577882984768e-01
4.424782295071092442e-01
4.427964467503270884e-01
4.430834317145468382e-01
4.433253245842538881e-01
4.435460632517208013e-01
4.437278318055752346e-01
4.439010668011533767e-01
4.440247935365445597e-01
4.441443943033029362e-01
4.442249654176066986e-01
4.442744046175287065e-01
4.442923618180455447e-01
4.442854046377486821e-01
4.442534806715283668e-01
4.441960281730181204e-01
4.441084964709417493e-01
4.439968560601602610e-01
4.438659152235330252e-01
4.436917642883074775e-01
4.434920809839132949e-01
4.432766091263865005e-01
4.430405672229726366e-01
4.427664778644591626e-01
4.424503473088607919e-01
4.421312927363362788e-01
4.417293514844361502e-01
4.413050703059646085e-01
4.408181105579521697e-01
4.403501897313945035e-01
4.398941040808477809e-01
4.393943444439666335e-01
4.388561348281999064e-01
4.382663920855755513e-01
4.376672705726657453e-01
4.370151484084160431e-01
4.362910119007489262e-01
4.355245150411131694e-01
4.347562477990141172e-01
4.339952636376449568e-01
4.331812813546985219e-01
4.323717282052355615e-01
4.315822430898049733e-01
4.307729487987372874e-01
4.299523222714476955e-01
4.291061400093777456e-01
4.282288479043804275e-01
4.273527480337968032e-01
4.264015005332218444e-01
4.254697136525262824e-01
4.245888149225472974e-01
4.236299282714962589e-01
4.226395201472564200e-01
4.216430420136225155e-01
4.206109131298828574e-01
4.195048714594774575e-01
4.183843367403762836e-01
4.171650309576970250e-01
4.160288265603220847e-01
4.149117203099925710e-01
4.136846277091102420e-01
4.123934458541928527e-01
4.111392367976358098e-01
4.099050873067133227e-01
4.086072001277373245e-01
4.073267863337460826e-01
4.060689061050590798e-01
4.046735778272891881e-01
4.032748861980643973e-01
4.018874163968054747e-01
4.005318386684537657e-01
3.991835039917819294e-01
3.978370755862461472e-01
3.965199683126323649e-01
3.951610702012127718e-01
3.937084939777584780e-01
3.922104628333247800e-01
3.906398021032808643e-01
3.891455955454792837e-01
3.876286584773658284e-01
3.861532856601525565e-01
3.846896272359626168e-01
3.831710217971500132e-01
3.816715628795996351e-01
3.801655820005507835e-01
3.786847475844368205e-01
3.772252329972695661e-01
3.757812491835715307e-01
3.743430105422979604e-01
3.729216454830071026e-01
3.715268948422866258e-01
3.701435669536555229e-01
3.687858099003201717e-01
3.674470905375194496e-01
3.661372143663659817e-01
3.648240998905806776e-01
3.635563265137664035e-01
3.623064680522209424e-01
3.610776266798208511e-01
3.598589110766956534e-01
3.586657502731216418e-01
3.574957009949692455e-01
3.563570256853619833e-01
3.552417177748389832e-01
3.541637075984134797e-01
3.531033053951547207e-01
3.520632084812505558e-01
3.510673505130129657e-01
3.500859502941167101e-01
3.491736661365598127e-01
3.483132017871904962e-01
3.474128286199339999e-01
3.465816451047899482e-01
3.457734089193424398e-01
3.450130315419493443e-01
3.442549728036994328e-01
3.435032908755407122e-01
3.427861775958311319e-01
3.420557110085605812e-01
3.413483869624585054e-01
3.406553530964641086e-01
3.399605641773243980e-01
3.393107039014239268e-01
3.386499117323578667e-01
3.379877983253294360e-01
3.373106539102110335e-01
3.366505837340097451e-01
3.359909180017643937e-01
3.353194807391340904e-01
3.346465974054877446e-01
3.339725195582579076e-01
3.332974754550723784e-01
3.326216685637874426e-01
3.319452748897560035e-01
3.312684532647531821e-01
3.305913526897137356e-01
3.299140626156122358e-01
3.292366515307511565e-01
3.285591706141341439e-01
3.278816558526880254e-01
3.272041267698263534e-01
3.265266017092401940e-01
3.258490932307288590e-01
3.251716062205968205e-01
3.244941418641723030e-01
3.238166999029175042e-01
3.231392785327036887e-01
3.224618750391314848e-01
3.217844862765213421e-01
3.211071098772056986e-01
3.204297405711879487e-01
3.197523747162230867e-01
3.190750100889692686e-01
3.183976455122138338e-01
3.177202801128580223e-01
3.170429133072162342e-01
3.163655447720797875e-01
3.156881743856038702e-01
3.150107994250810894e-01
3.143334167641266830e-01
3.136560238270482692e-01
3.129786200188365286e-01
3.123012067573858741e-01
3.116237856999642397e-01
3.109463587939985119e-01
3.102689278805421114e-01
3.095914944875192143e-01
3.089140602254574208e-01
3.082366263609030432e-01
3.075591936180576691e-01
3.068826390440810292e-01
3.062275883344701133e-01
3.055699273892473200e-01
3.049287165108558462e-01
3.043019663457903201e-01
3.036912232738605000e-01
3.031004962998736785e-01
3.025170645449926643e-01
3.019614991572164286e-01
3.014286528882556548e-01
3.009048795887460659e-01
3.004023159057125358e-01
2.999237493519942843e-01
2.994694449789332968e-01
2.990468105837895130e-01
2.986451070158016030e-01
2.982682077394436249e-01
2.979100238564082459e-01
2.975757318729146395e-01
2.972641727956517044e-01
2.969774034820573116e-01
2.967161727011570771e-01
2.964822074113191430e-01
2.962736380272663617e-01
2.960935624720296699e-01
2.959421673965649813e-01
2.958199478471830735e-01
