1.999968825972169018e-01
1.999968665730209039e-01
1.979258573942097865e-01
1.965673767503352265e-01
1.951910858689065997e-01
1.940092744713086959e-01
1.928467019010245420e-01
1.916567879554572085e-01
1.904645420422167723e-01
1.892011560840985152e-01
1.878765375420817785e-01
1.866104231425227689e-01
1.854005383993550526e-01
1.842463530396261373e-01
1.831160137570451985e-01
1.819190923149797967e-01
1.808163187404318306e-01
1.796231440193135909e-01
1.786026204255440342e-01
1.776035361639669297e-01
1.767317468633882172e-01
1.758379649539144884e-01
1.750208224494347875e-01
1.741959293443551549e-01
1.733758037960762555e-01
1.725600433497321562e-01
1.717075297005158652e-01
1.708127514515595247e-01
1.699665948616359001e-01
1.690308062964876179e-01
1.682190086212437818e-01
1.674312880075895238e-01
1.666426648834248847e-01
1.659666078678624923e-01
1.651405598425129129e-01
1.643855274593100102e-01
1.637284985773404811e-01
1.631357029115803325e-01
1.626609483686115021e-01
1.621980538068511501e-01
1.618115526264597148e-01
1.614852784916696593e-01
1.611559646045213068e-01
1.609205399200495656e-01
1.607008476624698090e-01
1.605855227747524094e-01
1.604124246321252945e-01
1.601240152327720878e-01
1.600759658037567978e-01
1.599980378493545963e-01
1.599858701948198569e-01
1.600042009629069062e-01
1.599939311289670651e-01
1.599931292113786763e-01
1.599268223436557390e-01
1.598333299913115568e-01
1.596715093676270292e-01
1.595143967635384019e-01
1.593833629543378039e-01
1.592114806821184336e-01
1.589524287507529943e-01
1.588332318443077262e-01
1.586887155596100885e-01
1.585519880078631316e-01
1.582569503153624102e-01
1.580281623025016624e-01
1.578337036638352286e-01
1.575735533424545698e-01
1.572870354377480517e-01
1.570035346399718812e-01
1.567630443809752971e-01
1.565387382481417400e-01
1.563775516252765285e-01
1.562726809227182601e-01
1.561616104740753130e-01
1.560567555585998523e-01
1.559198001626232455e-01
1.557853935488511810e-01
1.556708160325040169e-01
1.555275734040249547e-01
1.553923816690839510e-01
1.552391435514255125e-01
1.551038577309200861e-01
1.549455308623930438e-01
1.548461901174157940e-01
1.547647801034171544e-01
1.546965895235560551e-01
1.546264088175280660e-01
1.545928184334356137e-01
1.545691111416688523e-01
1.545315392071828775e-01
1.544684049542640047e-01
1.544314597341092110e-01
1.544093623347848609e-01
1.544022944049361079e-01
1.543910056087573757e-01
1.543327340581817919e-01
1.542847160535107676e-01
1.542680189012734793e-01
1.542605746853734916e-01
1.542675360436267795e-01
1.542664828540011024e-01
1.542529448717963325e-01
1.541915204989246224e-01
1.541050458637452103e-01
1.540302970100108082e-01
1.539707640141201594e-01
1.539085559760682564e-01
1.538218905218607102e-01
1.537367529537827238e-01
1.536568740714886194e-01
1.535765791143426651e-01
1.535138654843546391e-01
1.534529433540467447e-01
1.534112056599130636e-01
1.533737485343799056e-01
1.533535380318914731e-01
1.533479377178972314e-01
1.533485346972639218e-01
1.533533249800876908e-01
1.533675965302348232e-01
1.533882626695094176e-01
1.534189133066503619e-01
1.534535632585495579e-01
1.535118069757001602e-01
1.535850329831318917e-01
1.536765234000386227e-01
1.537728595913271656e-01
1.538703211693293327e-01
1.539978253717751711e-01
1.541328961832165723e-01
1.542937390698081446e-01
1.544518896254840346e-01
1.546411021562773547e-01
1.547911048023666025e-01
1.549734017933641073e-01
1.551553970813123462e-01
1.553135490789950002e-01
1.555012888708141305e-01
1.557088142491285521e-01
1.559191727843864395e-01
1.560899119517578648e-01
1.562736047838139963e-01
1.564413214552629328e-01
1.566357301156193760e-01
1.568823508209858386e-01
1.571309144780409506e-01
1.574366691036910848e-01
1.577513419568428721e-01
1.580558064382722727e-01
1.583259043332373717e-01
1.586016007999692112e-01
1.588747541703814659e-01
1.591659450582722790e-01
1.594808921281300473e-01
1.598518928686996354e-01
1.602557225650109718e-01
1.605832836030229582e-01
1.609679203425202765e-01
1.613394821364999843e-01
1.616957887506910996e-01
1.620912271716508091e-01
1.624738467135894981e-01
1.629797811845491440e-01
1.634794035937193191e-01
1.642068383704543555e-01
1.648859708700733673e-01
1.658365007382685274e-01
1.669734189605384111e-01
1.681140787567236006e-01
1.692894715471294498e-01
1.704476178272300024e-01
1.715146020288292328e-01
1.725722148093648267e-01
1.736079124365876025e-01
1.746308368339987704e-01
1.756195533788887375e-01
1.765771194370702457e-01
1.775164463446666230e-01
1.784203924421505216e-01
1.792823715447040556e-01
1.801174160594588014e-01
1.809037730472075056e-01
1.816306955776238741e-01
1.823083026997747991e-01
1.829429152819730675e-01
1.835350315722103498e-01
1.840769915694363823e-01
1.845779501221718744e-01
1.850475406513924226e-01
1.854689308328597852e-01
1.858483271072446374e-01
1.861773376914326039e-01
1.864551154420119039e-01
1.866843066540356810e-01
1.868667250398948487e-01
1.869992032767140988e-01
1.870842075594229270e-01
1.871216179940628221e-01
1.871114738708655745e-01
1.870571247773310519e-01
1.869566546267812379e-01
1.868105312840086241e-01
1.866179237566983895e-01
1.863782178935406708e-01
1.860938942616129910e-01
1.857588849993132285e-01
1.853823854050372644e-01
1.849643344840021519e-01
1.845021930944074073e-01
1.839934784371415055e-01
1.834352534721406802e-01
1.828302304117099819e-01
1.821818229436281689e-01
1.815016980962768645e-01
1.807863800471544991e-01
