-4.000000568782699495e-01
-4.000017434718047826e-01
-4.000017591982668042e-01
-4.009318490698436932e-01
-4.019579585322573534e-01
-4.030405387524955141e-01
-4.041662393343913862e-01
-4.053504385241054608e-01
-4.065748644076438434e-01
-4.078393411160037840e-01
-4.091491090082566839e-01
-4.104816399618421707e-01
-4.118396067622938084e-01
-4.132183922916521923e-01
-4.145988392452270022e-01
-4.160116820558578121e-01
-4.174412598370003114e-01
-4.189156696427580040e-01
-4.204173203638736922e-01
-4.219442728799374653e-01
-4.235088946215598837e-01
-4.250640764331247157e-01
-4.266743838346973017e-01
-4.283347513012774055e-01
-4.300212342987945191e-01
-4.317344010710844615e-01
-4.334683348490304677e-01
-4.352176755794959773e-01
-4.369499950314149617e-01
-4.386472684727463212e-01
-4.403576397125707476e-01
-4.420787617615525300e-01
-4.438307497969538606e-01
-4.456148934126039074e-01
-4.473639437064166891e-01
-4.491126291651397207e-01
-4.508513029710491393e-01
-4.526294761278338852e-01
-4.543962527910533900e-01
-4.561594800130058247e-01
-4.579284766185305333e-01
-4.597441461950048658e-01
-4.616052537739276929e-01
-4.634974419402739798e-01
-4.653925815013129075e-01
-4.673080145263567298e-01
-4.691825378802190194e-01
-4.710406014919753526e-01
-4.729263803246026021e-01
-4.747847011326973288e-01
-4.766283491643142356e-01
-4.784728684451346470e-01
-4.803098762645753861e-01
-4.821052103780040787e-01
-4.838991191828142524e-01
-4.856050034627559242e-01
-4.872780965701288824e-01
-4.889196881494823899e-01
-4.905859233059373659e-01
-4.922406996671944146e-01
-4.938804278630594680e-01
-4.954766800263672444e-01
-4.969835228244504077e-01
-4.984557851432103726e-01
-5.294944791729587763e-01
-5.273254154298181451e-01
-5.261750789166151909e-01
-5.249957546644252737e-01
-5.237808830324959253e-01
-5.225370323046830690e-01
-5.212741178663116148e-01
-5.200086086004330754e-01
-5.187089379924044730e-01
-5.174000843033462749e-01
-5.160550550998364017e-01
-5.146928316832146688e-01
-5.132998975142282205e-01
-5.118910522285956555e-01
-5.104716316912477625e-01
-5.090019991032340707e-01
-5.075194231624005070e-01
-5.060486063760342157e-01
-5.045331781471322774e-01
-5.029752925965074173e-01
-5.014047975201306739e-01
-4.997783075167245848e-01
-4.981006228713584782e-01
-4.964108851006510115e-01
-4.946749749166173271e-01
-4.929243669167691078e-01
-4.911715029647321651e-01
-4.894046893771006879e-01
-4.876148803549595345e-01
-4.857722621460814350e-01
-4.839276128003375255e-01
-4.820778317526522860e-01
-4.802497151275678111e-01
-4.783837263651438687e-01
-4.764964985982268475e-01
-4.746002210523698750e-01
-4.727100427195469745e-01
-4.707818443241640338e-01
-4.688661196962526367e-01
-4.669549293100708209e-01
-4.650440929011883107e-01
-4.631414432110857460e-01
-4.612169679824711377e-01
-4.592920209448582702e-01
-4.573593956822682438e-01
-4.554040675048169895e-01
-4.534269719635862783e-01
-4.514223450224645329e-01
-4.494453687092603844e-01
-4.474256946984804806e-01
-4.454223310150050019e-01
-4.433968070649507709e-01
-4.413295114681249909e-01
-4.392258805606564787e-01
-4.371296306369519269e-01
-4.350379393677087370e-01
-4.329215392527346884e-01
-4.307732248442884271e-01
-4.286129338721572646e-01
-4.264377212367298497e-01
-4.242403114825775701e-01
-4.220514444022365752e-01
-4.198573203833949052e-01
-4.176355352875408267e-01
-4.154205811820447236e-01
-4.131960163112192719e-01
-4.110069475371165848e-01
-4.088329434820506258e-01
-4.067073520690286381e-01
-4.046079216559753111e-01
-4.025246639241540358e-01
-4.004591702213143312e-01
-3.984015294256278428e-01
-3.963585141448676130e-01
-3.942849390483169625e-01
-3.922062848056278028e-01
-3.901390778518730729e-01
-3.881013062245507461e-01
-3.860893933163829783e-01
-3.840955336650208607e-01
-3.820977110281329470e-01
-3.801621624647786857e-01
-3.782006700297059765e-01
-3.762423889748074401e-01
-3.742710910426684801e-01
-3.723220415351366497e-01
-3.704166336480421151e-01
-3.685132698489401171e-01
-3.666045479062496337e-01
-3.646965160787870586e-01
-3.628370516396010603e-01
-3.610033716581917962e-01
-3.591690476741397631e-01
-3.572985309258255859e-01
-3.554613893043535588e-01
-3.536589291109665800e-01
-3.518535030225719007e-01
-3.500631196509229048e-01
-3.482920281517353223e-01
-3.465290605896911846e-01
-3.448145810080731066e-01
-3.431037219268010530e-01
-3.414013172092785764e-01
-3.397526769651129652e-01
-3.381525986193509858e-01
-3.365754598697505151e-01
-3.350190315323715584e-01
-3.334808632625705371e-01
-3.319613802580551609e-01
-3.304901775643729889e-01
-3.290450131104932230e-01
-3.276303048366924209e-01
-3.262389159663902638e-01
-3.248701001834473634e-01
-3.235308920958543943e-01
-3.222211273420330091e-01
-3.209275562924179814e-01
-3.196504258501565721e-01
-3.184102915478731477e-01
-3.171954600405221258e-01
-3.160262118255744435e-01
-3.149343911405033669e-01
-3.138865105687499990e-01
-3.129348575148758194e-01
-3.120395798126360254e-01
-3.111899003468241998e-01
-3.103564227908816031e-01
-3.095610662090280130e-01
-3.087479202370138620e-01
-3.079566261305762276e-01
-3.071910859850992548e-01
-3.064262916901223655e-01
-3.056986793463195018e-01
-3.049729993893659508e-01
-3.042335775264701780e-01
-3.035156937064447669e-01
-3.028078409738531596e-01
-3.021015982529301480e-01
-3.014052245867695490e-01
-3.006870596774824378e-01
-2.999342597845842118e-01
-2.991872910049112044e-01
-2.984382771810063506e-01
-2.976663465804498254e-01
-2.968736446897806136e-01
-2.960480641006682512e-01
-2.951959089284807436e-01
-2.943434719447015069e-01
-2.934626094889691839e-01
-2.925919361714756639e-01
-2.917362813188473791e-01
-2.908700079630602287e-01
-2.900011671938738100e-01
-2.891072735136752669e-01
-2.882030616518017063e-01
-2.872907851062750928e-01
-2.863724918496864946e-01
-2.854455977539805400e-01
-2.844993912912329725e-01
-2.835564228464949599e-01
-2.826048530437982875e-01
-2.816493043971666776e-01
-2.806850891155721617e-01
-2.797213052992862936e-01
-2.787578879074282256e-01
-2.777956124547990013e-01
-2.768325256697208303e-01
-2.758696343386262684e-01
-2.749068946493957166e-01
-2.739442697711430563e-01
-2.729817295738068417e-01
-2.720192500268702185e-01
-2.710568124655728939e-01
-2.700944013726682691e-01
-2.691337798566957318e-01
-2.681737857707786055e-01
-2.672183790620465405e-01
-2.662528582735571581e-01
-2.652873671718644633e-01
-2.643219057643496073e-01
-2.633579157295392048e-01
-2.623946501110299145e-01
-2.614283114998450230e-01
-2.604620000543153013e-01
-2.594957117350526477e-01
-2.585294421141992594e-01
-2.575631870814849567e-01
-2.565969435110562746e-01
-2.556307094999801244e-01
-2.546644832261551472e-01
-2.536982632184569542e-01
-2.527320483537857099e-01
-2.517658378325321467e-01
-2.507996311407303947e-01
-2.498369114425003645e-01
-2.488839537584085770e-01
-2.479255248210474882e-01
-2.469664546761101143e-01
-2.460077575522372217e-01
-2.450568894305283074e-01
-2.441010469136858374e-01
-2.431405984349159222e-01
-2.421548590863508987e-01
-2.411576289845318022e-01
-2.401542911896765720e-01
-2.391458630075228853e-01
-2.381451061321245288e-01
-2.371356277877714469e-01
-2.361264304920595580e-01
-2.351174697490019949e-01
-2.341148709121388949e-01
-2.331055996659616436e-01
-2.320965102244455236e-01
-2.310880951649177673e-01
-2.300774943541063211e-01
-2.290669671558491771e-01
-2.280564971631178217e-01
-2.270460706488264535e-01
-2.260356764974838784e-01
-2.250253059487775653e-01
-2.240149522918556679e-01
-2.230046109813868527e-01
-2.219942768753626061e-01
-2.209839480065856343e-01
-2.199736223035005100e-01
-2.189632979791924505e-01
-2.179529736571614029e-01
-2.169426482374540999e-01
-2.159323215090686310e-01
-2.149334956261210461e-01
-2.139558862882429413e-01
-2.129924075269168104e-01
-2.120512931155182912e-01
-2.111406096994148385e-01
-2.102613718794846820e-01
-2.094081980379363384e-01
-2.085705030293117657e-01
-2.077476106110078269e-01
-2.069425219392557191e-01
-2.061608025263911848e-01
-2.053886605985827118e-01
-2.046308632737836586e-01
-2.038923209745375220e-01
-2.031833115749634155e-01
-2.024790957259250124e-01
-2.017929581254384597e-01
-2.011300717894686785e-01
-2.004908912363536633e-01
-1.998786019101663758e-01
-1.992880139668696260e-01
-1.987091088033876018e-01
-1.981486872041379743e-01
-1.976155882272309372e-01
-1.971053159522228315e-01
-1.966203275243210147e-01
-1.961594964662252416e-01
-1.957191473636772650e-01
-1.953007203728988339e-01
-1.949056290184063844e-01
-1.945303625942413073e-01
-1.941744173032065868e-01
-1.938419509327021784e-01
-1.935279448687725334e-01
-1.932364846108961809e-01
-1.929675609364811528e-01
-1.927229634805286418e-01
-1.924998079333447298e-01
-1.922968965537156794e-01
-1.921139187299829298e-01
-1.919505298206583832e-01
-1.918073175129165198e-01
-1.916842791775440202e-01
-1.915808530556520894e-01
-1.914972853532087571e-01
-1.914333860000605736e-01
-1.913883804793683197e-01
-1.913627584969149753e-01
-1.913548223780116020e-01
-1.913638145377492272e-01
-1.913859824239417529e-01
-1.914239001585602284e-01
-1.914793723817560522e-01
-1.915500674285910976e-01
-1.916379688729698549e-01
-1.917454766944111100e-01
-1.918778968190900658e-01
-1.920318104408280935e-01
-1.922095842430694423e-01
-1.924094347654805859e-01
-1.926324289734805129e-01
-1.928806226080659603e-01
-1.931456696077447355e-01
-1.934312764363652071e-01
-1.937434428346326010e-01
-1.940713069872406771e-01
-1.944233663062895356e-01
-1.948025939489653746e-01
-1.952108744525342388e-01
-1.956482528724463599e-01
-1.961176318398931695e-01
-1.966134626225926052e-01
-1.971325848756565469e-01
-1.976705033267036338e-01
-1.982366384176956764e-01
-1.988307788543671184e-01
-1.994528864433482429e-01
-2.000992476483343940e-01
-2.007711316378611444e-01
-2.014719074012186473e-01
-2.021952569046816528e-01
-2.029464293639942907e-01
-2.037164714195305593e-01
-2.045084322827833978e-01
-2.053268155210077051e-01
-2.061689191929741427e-01
-2.070302012503430489e-01
-2.079194145307998176e-01
-2.088407894520595554e-01
-2.097749420852443869e-01
-2.107165260079011948e-01
-2.116842737518651874e-01
-2.126581643969787383e-01
-2.136473987867467117e-01
-2.146597756866721884e-01
-2.157049335588694661e-01
-2.167802829321759939e-01
-2.178895962299816358e-01
-2.190161744421220691e-01
-2.201532366759046400e-01
-2.213191366947174776e-01
-2.225154174943315688e-01
-2.237445114026789528e-01
-2.249808408212723154e-01
-2.262339082874245400e-01
-2.275105107314494002e-01
-2.288055615947927335e-01
-2.301001523995646891e-01
-2.314256600774479422e-01
-2.327610746502387362e-01
-2.341168125313968784e-01
-2.354910081257323706e-01
-2.368718779625505477e-01
-2.382873462231049344e-01
-2.397082337994240198e-01
-2.411725376967436552e-01
-2.426486940015565030e-01
-2.441394300729214650e-01
-2.456667987669058362e-01
-2.471906418894498081e-01
-2.487171670494668363e-01
-2.502616456601786110e-01
-2.518326407356425434e-01
-2.534242115102841586e-01
-2.550327352995166441e-01
-2.566536940774903908e-01
-2.582918451563337991e-01
-2.599186476155178060e-01
-2.615643309614315570e-01
-2.632194734955536353e-01
-2.649080267352785234e-01
-2.665962342104770122e-01
-2.683141178702128649e-01
-2.700127082042828586e-01
-2.717426411208533898e-01
-2.734737421184135764e-01
-2.752156819795613663e-01
-2.769760258016399912e-01
-2.787653555118849158e-01
-2.805734778622652748e-01
-2.823978976211120595e-01
-2.842480698725641797e-01
-2.861035456786170661e-01
-2.879916202556204730e-01
-2.898874418359925764e-01
-2.918083244290612388e-01
-2.937316137310614361e-01
-2.956788530777693658e-01
-2.976288178822988351e-01
-2.995613401866924486e-01
-3.015123415128481144e-01
-3.034733889217662295e-01
-3.054453955502823836e-01
-3.074700511411208037e-01
-3.094853731664086172e-01
-3.115275712419927068e-01
-3.136064029798089070e-01
-3.156681384614413721e-01
-3.177498034580217845e-01
-3.198218468280154547e-01
-3.218598572318162043e-01
-3.238960285184064869e-01
-3.259371561373874404e-01
-3.279773867985613101e-01
-3.300689328389375676e-01
-3.322068314580512438e-01
-3.343385916311593653e-01
-3.364728240022771821e-01
-3.386001404924843805e-01
-3.407316017636852767e-01
-3.428683470147496637e-01
-3.450479973696925495e-01
-3.471839203009142727e-01
-3.493610990594144261e-01
-3.515360906963929666e-01
-3.537299562135196029e-01
-3.559633010214554583e-01
-3.582605779275606639e-01
-3.605395766568540994e-01
-3.628090449356896063e-01
-3.650892172701185046e-01
-3.673896704154667181e-01
-3.696993913970830770e-01
-3.719759340746108256e-01
-3.742529174625928157e-01
-1.999986593308857308e-01
-1.999986438464577410e-01
-1.990961134464180604e-01
-1.982270347693159129e-01
-1.973909441633915629e-01
-1.965924239967061504e-01
-1.958305537456540013e-01
-1.951208565001660011e-01
-1.944443468664421582e-01
-1.938013827317601745e-01
-1.931880029912602104e-01
-1.925976534190122491e-01
-1.920475920679347859e-01
-1.915314697895213192e-01
-1.910514333720699787e-01
-1.906035992682894864e-01
-1.901887607942258362e-01
-1.898038370597096847e-01
-1.894522987800644764e-01
-1.891331328975909554e-01
-1.888515261712572779e-01
-1.886050465492503658e-01
-1.883918676972385631e-01
-1.882099411697347457e-01
-1.880599675212361599e-01
-1.879424398127481077e-01
-1.878589309335018664e-01
-1.878092329008217154e-01
-1.877923223308455014e-01
-1.878072571004688884e-01
-1.878550883208716105e-01
-1.879365883929268177e-01
-1.880469413429038394e-01
-1.881879580181506639e-01
-1.883594972494075648e-01
-1.885670140794582506e-01
-1.888070888913404299e-01
-1.890785898073295002e-01
-1.893834564938930709e-01
-1.897200363140919277e-01
-1.900878567485436710e-01
-1.904882126757859451e-01
-1.909222238818651662e-01
-1.913859288912669598e-01
-1.918755488722763691e-01
-1.923943778717142616e-01
-1.929337430760613981e-01
-1.934876592392258399e-01
-1.940689365412837930e-01
-1.946717191198710784e-01
-1.953088613682257557e-01
-1.959730335477415930e-01
-1.966563315124943423e-01
-1.973732663559446820e-01
-1.981195128579597009e-01
-1.988802467012517061e-01
-1.996587353559687583e-01
-2.004536146855701029e-01
-2.012636683708181884e-01
-2.020940297808679065e-01
-2.029416980643313495e-01
-2.038089138206148343e-01
-2.047115089268592425e-01
-2.056290100566151857e-01
-2.065722798976291352e-01
-2.075222415804251208e-01
-2.084884273210505790e-01
-2.094639925973239836e-01
-2.104686647191802429e-01
-2.114742058108517175e-01
-2.124919604881769231e-01
-2.135114094173141686e-01
-2.145361106446276034e-01
-2.155682218232844172e-01
-2.166131315248452094e-01
-2.176677164149987687e-01
-2.187219649988742798e-01
-2.197900451016028267e-01
-2.208435819971466263e-01
-2.219179915645360379e-01
-2.229894135805168542e-01
-2.240756533335455936e-01
-2.251685564032492592e-01
-2.262651659258393400e-01
-2.273594229999904015e-01
-2.284364519706821306e-01
-2.295174868950329294e-01
-2.306076503324744620e-01
-2.317043804425104048e-01
-2.328248947864681728e-01
-2.339582873536680263e-01
-2.351059294130219690e-01
-2.362381386948728956e-01
-2.373769130615518141e-01
-2.385040707193296083e-01
-2.396215105155512226e-01
-2.407432467618246807e-01
-2.418751862673026165e-01
-2.430092305336122027e-01
-2.441435255720112441e-01
-2.453002169547367772e-01
-2.464730152986528144e-01
-2.476755395037923968e-01
-2.489035733795884886e-01
-2.501526251605513118e-01
-2.513938209270812352e-01
-2.526360651399413015e-01
-2.538856543505212948e-01
-2.551404503004820468e-01
-2.564067449746943450e-01
-2.576701156969211093e-01
-2.589551869188480571e-01
-2.602411848935717309e-01
-2.615399965804597882e-01
-2.628480584707267309e-01
-2.641514543058540720e-01
-2.654904428745679668e-01
-2.668361448272015823e-01
-2.681969735431412039e-01
-2.695586219548383178e-01
-2.709318867858803714e-01
-2.723069695251652544e-01
-2.736729143167390688e-01
-2.750220430373788716e-01
-2.763715908795534859e-01
-2.777304790867645146e-01
-2.790897855421341500e-01
-2.804295977365920955e-01
-2.817666468173323224e-01
-2.831077931841408657e-01
-2.844741793157234411e-01
-2.858417457789575455e-01
-2.872192493715990946e-01
-2.885903499041436171e-01
-2.899557688846373660e-01
-2.913413163060824540e-01
-2.927381127259165994e-01
-2.941606810131801586e-01
-2.956027511147090725e-01
-2.970683623363132853e-01
-2.985326613068641777e-01
-2.999892534708666347e-01
-3.014750855554789721e-01
-3.029726822367099226e-01
-3.044928279077398492e-01
-3.060058795029326761e-01
-3.075106202015394086e-01
-3.090157889272320269e-01
-3.105188887438661283e-01
-3.120428164170238050e-01
-3.135755809675466743e-01
-3.151106693904412448e-01
-3.166737288404484763e-01
-3.182260559390096000e-01
-3.197804095270558866e-01
-3.213443626416108700e-01
-3.229037244076872204e-01
-3.244559224432081446e-01
-3.260061628150502933e-01
-3.275765267479650578e-01
-3.291474096126388305e-01
-3.307181554532924728e-01
-3.322887890247648301e-01
-3.338593327347924022e-01
-3.354298061893380978e-01
-3.370002260678697237e-01
-3.385624353080630144e-01
-3.401321261648594385e-01
-3.416989459671181950e-01
-3.432654923445105366e-01
-3.448383290790756339e-01
-3.464111423279742641e-01
-3.479839329910650592e-01
-3.495452757084424600e-01
-3.510994383673409769e-01
-3.526567193223020813e-01
-3.542165368219187260e-01
-3.557978805306490910e-01
-3.573791106712422283e-01
-3.589602328032603928e-01
-3.605412622491709351e-01
-3.621222117396823981e-01
-3.637030919902941584e-01
-3.652839157919097191e-01
-3.668646931649313103e-01
-3.684454336768777649e-01
-3.700261456285515171e-01
-3.716068360287828054e-01
-3.731875106499950023e-01
-3.747681741337289263e-01
-3.763488301230859534e-01
-3.779294814066968544e-01
-3.795101299551238982e-01
-3.810907796047029450e-01
-3.826714395160230597e-01
-3.842521088825056053e-01
-3.858327857596263732e-01
-3.874134679264640280e-01
-3.889941529785913010e-01
-3.905748384071297541e-01
-3.921555216661422039e-01
-3.937362002303252950e-01
-3.953168716169702668e-01
-3.968975340221536086e-01
-3.984781912067643650e-01
-4.000588492453954759e-01
-4.016395080633097248e-01
-4.032201673286078258e-01
-4.048008269510808832e-01
-4.063814868526766100e-01
-4.079621469657543908e-01
-4.095428072314705181e-01
-4.111234675984572484e-01
-4.127041280219413966e-01
-4.142847884633297784e-01
-4.158654488901251112e-01
-4.174461092797915329e-01
-4.190267691361163616e-01
-4.206074350702828091e-01
-4.221881107485928042e-01
-4.237687940150734467e-01
3.999977221449048659e-01
1.959322971501068766e-01
1.954239682624342445e-01
1.949156422511930664e-01
1.944073171328875027e-01
1.938989919454736643e-01
1.933906658533323941e-01
1.928823381316671082e-01
1.923740081554861647e-01
1.918656753915977120e-01
1.913573393957700985e-01
1.908489997831412932e-01
1.903406547000525972e-01
1.898323022182216713e-01
1.893239406166226657e-01
1.888155684265810930e-01
1.883071844679673201e-01
1.877987878770617791e-01
1.872903781265419509e-01
1.867819550380049320e-01
1.862735187874130782e-01
1.857650699038566611e-01
1.852566092620313298e-01
1.847481381758298291e-01
