-4.000000568782699495e-01
-4.000017434718047826e-01
-4.000017591982668042e-01
-4.007210650267699070e-01
-4.015186316630745544e-01
-4.023713573619773776e-01
-4.032709195967918991e-01
-4.042512897893026369e-01
-4.052651930257555879e-01
-4.063048342917430222e-01
-4.073866814876749287e-01
-4.084725052142765267e-01
-4.095664346855973914e-01
-4.106765434650274105e-01
-4.117833823168969842e-01
-4.129180288974536595e-01
-4.140464419516226013e-01
-4.152348147829168501e-01
-4.164430683297577485e-01
-4.176754391520415277e-01
-4.189702486726449848e-01
-4.202128298851573462e-01
-4.215102711370640187e-01
-4.228605985352106855e-01
-4.242627688283857612e-01
-4.256849583010983151e-01
-4.271222176195025311e-01
-4.285760505998456038e-01
-4.299709135528576587e-01
-4.313924777881461003e-01
-4.328351360147655313e-01
-4.342936267835018072e-01
-4.357998375831395044e-01
-4.373441019662610563e-01
-4.388261241305739246e-01
-4.402827917749514430e-01
-4.417104208746366334e-01
-4.431875564816037949e-01
-4.446606480962643215e-01
-4.461341020571340521e-01
-4.476281916249814641e-01
-4.492012023045522384e-01
-4.508322864467749769e-01
-4.525051882866512609e-01
-4.542228198729528765e-01
-4.559538369649626666e-01
-4.576355069248987939e-01
-4.592424111393834107e-01
-4.608838757746532289e-01
-4.625006128833739072e-01
-4.640928569909257839e-01
-4.656871291886554021e-01
-4.672649094561076577e-01
-4.687791393568404574e-01
-4.702867185602307987e-01
-4.717080927638341858e-01
-4.731054203181798701e-01
-4.744780253778195789e-01
-4.758868923353864466e-01
-4.772965006677438171e-01
-4.786959349018986010e-01
-4.800641013197617379e-01
-4.813443167430592196e-01
-4.826007717051399859e-01
-4.838036716961809369e-01
-4.850599849209633607e-01
-4.863629746911928842e-01
-4.876530603178377277e-01
-4.889485353276414314e-01
-4.902445505354258715e-01
-4.915038460202935111e-01
-4.928329436030940425e-01
-4.941494640290794438e-01
-4.954637537846829920e-01
-4.967703413002041990e-01
-5.354785735776690370e-01
-5.337863069565836893e-01
-5.331545711900168572e-01
-5.324504730362586979e-01
-5.316813171480415656e-01
-5.308859938382507471e-01
-5.300353326298302692e-01
-5.291523871506055299e-01
-5.282646567407260907e-01
-5.273513236341590416e-01
-5.263981448936378982e-01
-5.253869645070724514e-01
-5.243586454287897380e-01
-5.233129220530550185e-01
-5.222691409599399259e-01
-5.211991642230184851e-01
-5.200837143018471886e-01
-5.189441598617677842e-01
-5.178192827744877436e-01
-5.166295606000456120e-01
-5.154410678937746404e-01
-5.142488066724151263e-01
-5.130312441769238063e-01
-5.118309675200641840e-01
-5.106037862791050763e-01
-5.093832990851928644e-01
-5.081309625152274911e-01
-5.068559311268089340e-01
-5.055395566494974569e-01
-5.041621123872203070e-01
-5.028061504014997851e-01
-5.014254188472845319e-01
-5.000519276483466058e-01
-4.986162177008036100e-01
-4.971028274844613848e-01
-4.955275887502266219e-01
-4.939605557235560163e-01
-4.923745817182401674e-01
-4.907494287259265286e-01
-4.890732573729877908e-01
-4.873632647267847617e-01
-4.856080898798496026e-01
-4.838333008121069589e-01
-4.820485594481106473e-01
-4.802310406786836072e-01
-4.783317202868376805e-01
-4.764361180091045145e-01
-4.744989367165748373e-01
-4.726189126636042848e-01
-4.707438885471890155e-01
-4.689398026325909963e-01
-4.671712186380304610e-01
-4.654147487818944828e-01
-4.636407206597146224e-01
-4.618793278977431638e-01
-4.601159062048944537e-01
-4.582777742266381238e-01
-4.563812624591604417e-01
-4.544796229097377016e-01
-4.525893547900160518e-01
-4.506967076029761987e-01
-4.487947466200726265e-01
-4.468572510632615180e-01
-4.449989907029798797e-01
-4.430800174544831660e-01
-4.411556980625751523e-01
-4.391878730209982096e-01
-4.372442058573712265e-01
-4.353556602681565857e-01
-4.334351582715438855e-01
-4.314928263481951909e-01
-4.295404006575133105e-01
-4.276422564933550774e-01
-4.257536924271411727e-01
-4.238257003263438683e-01
-4.218281759538935471e-01
-4.198718762205630450e-01
-4.179481994936996569e-01
-4.160153485984074417e-01
-4.140785360749887345e-01
-4.121678654607455750e-01
-4.102401822069612347e-01
-4.083605196431838724e-01
-4.064458126860939768e-01
-4.045058776120140087e-01
-4.026246974076689300e-01
-4.007905542239419971e-01
-3.989402735332863159e-01
-3.970970661453916972e-01
-3.952441453169318608e-01
-3.933801393825823722e-01
-3.915815133747311272e-01
-3.897951363609251652e-01
-3.880362570133187305e-01
-3.862741341510129156e-01
-3.845447396098446990e-01
-3.828167982248259493e-01
-3.810843272677757465e-01
-3.793333917999362481e-01
-3.775672212353752277e-01
-3.758333146469838848e-01
-3.741151552532802071e-01
-3.724704079061131878e-01
-3.709507471289728020e-01
-3.694562917849668615e-01
-3.680784215653360447e-01
-3.668447399213881632e-01
-3.656939536010756497e-01
-3.645410426286804784e-01
-3.634309930733293226e-01
-3.622238127958293252e-01
-3.610013117801540994e-01
-3.597642175761583960e-01
-3.584624559819840073e-01
-3.571750825139735075e-01
-3.558175245892977734e-01
-3.543484284581412402e-01
-3.528490367833573838e-01
-3.512964931543813840e-01
-3.496704595807259008e-01
-3.479827419848583459e-01
-3.461627419891428747e-01
-3.441706143221490710e-01
-3.421202312913008692e-01
-3.399964588839884394e-01
-3.377606432974325501e-01
-3.354399834578656314e-01
-3.330558292165079481e-01
-3.306458501998528199e-01
-3.282239913160096001e-01
-3.257661933024774692e-01
-3.233267721077464074e-01
-3.209197455764500884e-01
-3.185215653650799728e-01
-3.161255490902681875e-01
-3.137003055363601911e-01
-3.112682805607394076e-01
-3.088337221251754583e-01
-3.064011749752300062e-01
-3.039637521087305561e-01
-3.014970829315851697e-01
-2.990417265899863453e-01
-2.965749225608796391e-01
-2.941082178892778232e-01
-2.916416192630064130e-01
-2.891750941102596562e-01
-2.867086057396379117e-01
-2.842421454945083248e-01
-2.817757060598157226e-01
-2.793092795840054765e-01
-2.768428623890513696e-01
-2.743764509479656444e-01
-2.719100425991423098e-01
-2.694436353909076542e-01
-2.669772279407844340e-01
-2.645108193123119067e-01
-2.620444089102903495e-01
-2.595806692935949678e-01
-2.571307772258986102e-01
-2.546638179307840200e-01
-2.521968605060287416e-01
-2.497299055820288161e-01
-2.472639445520311008e-01
-2.448009314022504823e-01
-2.423338412077846449e-01
-2.398667525842465564e-01
-2.373996652578635735e-01
-2.349325788306445006e-01
-2.324654928287135658e-01
-2.299984070210087383e-01
-2.275313212547848685e-01
-2.250642355132123906e-01
-2.225971499152255839e-01
-2.201300647078867079e-01
-2.176629805250596406e-01
-2.151958968163197594e-01
-2.127387369451568810e-01
-2.103085726514103415e-01
-2.078722975083047708e-01
-2.054409594256505489e-01
-2.030182422672398290e-01
-2.006246974965751884e-01
-1.982340068095057029e-01
-1.958478977111073605e-01
-1.934162045218799364e-01
-1.909643464469428509e-01
-1.885016988087526990e-01
-1.860219930622273865e-01
-1.835679590950780316e-01
-1.810877660286523139e-01
-1.786076724703294372e-01
-1.761276714505883301e-01
-1.736756977529515800e-01
-1.712115723116010568e-01
-1.687499963606334530e-01
-1.662927149902660440e-01
-1.638271647751663729e-01
-1.613512544950240490e-01
-1.588687883163000247e-01
-1.563869877250436413e-01
-1.539207624152996723e-01
-1.514751527197157610e-01
-1.490290077906590571e-01
-1.465821202927660438e-01
-1.441342835112018050e-01
-1.416479326296420371e-01
-1.391616301557804525e-01
-1.366753666941547818e-01
-1.341891441994848000e-01
-1.317029565651496592e-01
-1.292167974099563410e-01
-1.267306608700170534e-01
-1.242445417540522234e-01
-1.217584356120543082e-01
-1.192723387429798498e-01
-1.167862481617168990e-01
-1.143001615407707727e-01
-1.118140771381501142e-01
-1.093279937197165486e-01
-1.068419104817294324e-01
-1.043558269773311870e-01
-1.018697430491878331e-01
-9.938365876935341403e-02
-9.689757272599798521e-02
-9.441147904179233996e-02
-9.193660824749146088e-02
-8.945023829677525851e-02
-8.698201976844122107e-02
-8.454792350993665939e-02
-8.213458202774109873e-02
-7.972533376888578383e-02
-7.730437491613796619e-02
-7.488298134521717553e-02
-7.244068071988078727e-02
-6.999139810700624742e-02
-6.750934510031410263e-02
-6.505212922592298885e-02
-6.258890233099384526e-02
-6.009040129458906310e-02
-5.759199553065350724e-02
-5.509366629475632993e-02
-5.259540087544239961e-02
-5.009718744427400089e-02
-4.759901538262873572e-02
-4.510087543157322021e-02
-4.260275971609599199e-02
-4.010466168445810803e-02
-3.760657599436566939e-02
-3.510850974076189235e-02
-3.261045100247336043e-02
-3.011239498349732938e-02
-2.761433989497267052e-02
-2.511628448052545537e-02
-2.261822789979468784e-02
-2.012016962927332814e-02
-1.762210811264760396e-02
-1.512403099306097384e-02
-1.262594846507760458e-02
-1.012786453126368960e-02
-7.629779546986015237e-03
-5.131692835588184780e-03
-2.633604878335621576e-03
-1.355157766336839373e-04
2.362574350464368127e-03
4.860665366882097743e-03
7.358757118903141298e-03
9.856849433756007667e-03
1.235494211795635545e-02
1.485303495590456664e-02
1.735112770913705901e-02
1.984922011649487353e-02
2.234731189534316931e-02
2.484540287994004698e-02
2.734350718080318446e-02
2.984161251695068712e-02
3.233971766802152398e-02
3.480914423836433541e-02
3.727787200643387783e-02
3.974951650016034926e-02
4.220097879448234807e-02
4.468293741754551102e-02
4.718431457557705627e-02
4.967905540469961384e-02
5.216379312296278575e-02
5.463762656418710145e-02
5.713320297132292586e-02
5.961979250933290009e-02
6.212254006978998322e-02
6.462525543887376323e-02
6.712794233936575372e-02
6.963060517965406759e-02
7.213324817186526905e-02
7.463587517944807181e-02
7.713848963742099551e-02
7.964109452477252660e-02
8.214369237265653489e-02
8.464628529559044268e-02
8.714886761341739119e-02
8.965143849394832665e-02
9.215400822967023675e-02
9.465657760078120819e-02
9.715914717504400833e-02
9.966171735237629170e-02
1.021642884027376408e-01
1.046668604977237793e-01
1.071694457943821177e-01
1.096720408186497714e-01
1.121746361020145161e-01
1.146772316823186089e-01
1.171798275785172483e-01
1.196824237906461974e-01
1.221850202993623735e-01
1.246876170650059040e-01
1.271902140264948855e-01
1.296928111003235740e-01
1.321954081798680514e-01
1.346980051351248930e-01
1.372006018129401927e-01
1.397031980377351768e-01
1.422057936127277822e-01
1.447083883216548628e-01
1.472109819310295220e-01
1.497135865805592214e-01
1.522161969918411628e-01
1.547188073030248689e-01
1.572214173478979349e-01
1.597240269737225105e-01
1.622266360418719300e-01
1.647292444291973135e-01
1.672318520296249278e-01
1.697344468785899341e-01
1.722370422754545827e-01
1.747396379632802921e-01
1.772422336986678726e-01
1.797448292612317811e-01
1.822474244607448224e-01
1.847500191425724414e-01
1.872526131914293290e-01
1.897552065335126603e-01
1.922577991371399175e-01
1.947603909502513275e-01
1.972629821601407651e-01
1.997655727797625347e-01
2.022681629304065587e-01
2.047707527663882310e-01
2.072733424724304829e-01
2.097759287822768270e-01
2.122785018097346488e-01
2.147810749563721922e-01
2.172836483547873621e-01
2.197862221179741060e-01
2.222887963422907343e-01
2.247913711097229428e-01
2.272939464898929007e-01
2.297965319776318349e-01
2.322991295026449743e-01
2.348017268037630167e-01
2.373043239681061900e-01
2.397530621915249516e-01
2.420928586057243537e-01
2.443513907696032161e-01
2.465948517619001579e-01
2.488248880647236372e-01
2.510465038873752053e-01
2.533075283889111295e-01
2.555425742623205210e-01
2.577905360834447657e-01
2.600635213118803746e-01
2.623051927951130513e-01
2.645539695469258379e-01
2.667789230375177678e-01
2.689529462537570970e-01
2.711074018728296675e-01
2.732486593251726714e-01
2.753703725517589462e-01
2.775256750418562679e-01
2.797117948109965613e-01
2.818777941337989867e-01
2.840316363704540326e-01
2.861636743243280434e-01
2.882841063564968165e-01
2.903938296930083096e-01
2.925294351017158068e-01
2.946086779513211740e-01
2.967125171527248417e-01
2.987994527114717358e-01
3.008891859198424279e-01
3.030019964988401870e-01
3.051629981716062479e-01
3.072983997685402868e-01
3.094150573816381589e-01
3.115309480096203343e-01
3.136552273665113577e-01
3.157786058183369993e-01
3.178623492485234125e-01
3.199349717522386172e-01
3.220345006463657955e-01
3.241221979864672420e-01
3.261933546549115603e-01
3.282529471524877063e-01
3.302926586574591039e-01
3.323036663944820557e-01
3.342813392731604494e-01
3.362563231977583889e-01
3.382043142134461555e-01
3.401243691979524697e-01
3.420222869984120284e-01
3.438816074251844768e-01
3.457059004460752982e-01
3.475356923751114491e-01
3.493553791725796387e-01
3.511496783106530239e-01
3.529121233911710065e-01
3.546443108926500831e-01
3.563735680203989897e-01
3.581049050762685759e-01
3.598167827710034850e-01
3.615381845916064707e-01
3.632389407762250944e-01
3.649422537562618252e-01
3.666359004295784985e-01
3.683369775642627575e-01
3.700187564048547095e-01
3.716710033486786968e-01
3.733298135437695953e-01
3.749930064104366467e-01
3.766529167976503389e-01
3.782931615805792402e-01
3.799401943632640388e-01
3.815603705671080093e-01
3.831594329758751249e-01
3.847336504455458606e-01
3.863154198665468275e-01
3.879215385436979857e-01
3.895203905659299637e-01
3.910951498448159147e-01
3.926512058309388209e-01
3.942201955890728970e-01
3.957717387984405200e-01
3.973127121355962688e-01
3.988522223172994985e-01
4.003679297612907639e-01
4.018766532733564212e-01
4.033918111128313444e-01
4.049005508246192320e-01
4.064012248603089961e-01
4.078758308438584779e-01
4.093575214245982474e-01
4.108388232652971928e-01
4.122874427418825594e-01
4.137115345210289341e-01
4.151327429117780965e-01
4.165508015275710685e-01
4.179403816413017614e-01
4.193258952092756009e-01
4.206944404347319755e-01
4.220433980683592212e-01
4.233616287382399590e-01
4.246429919624268301e-01
4.258247789155852336e-01
4.268639289954893612e-01
4.276969225079731429e-01
4.282257549325249046e-01
4.285922576968998476e-01
4.288844160392356053e-01
4.291295228807343598e-01
4.293669696288786031e-01
4.295702780158775491e-01
4.297494603506853972e-01
4.298982395670582490e-01
4.300413001896128962e-01
4.301632273512347449e-01
4.302634715322927739e-01
4.303439082875604726e-01
4.304073063152082934e-01
4.304489720861431890e-01
4.304676394746416168e-01
4.304629481118126821e-01
4.304378075750774357e-01
4.303880615314782387e-01
4.303183395974231606e-01
4.302296175155299607e-01
4.301157264888121334e-01
4.299759789081450956e-01
4.298085993316573261e-01
4.296107469118639055e-01
4.293599944383962863e-01
4.290682713355291611e-01
4.287074165745869414e-01
4.282726441721269039e-01
4.277427307236093545e-01
4.271407589211483335e-01
4.264676942922517311e-01
4.257425078658670925e-01
4.249833635531736209e-01
4.241755073975692070e-01
4.233539965541512351e-01
4.224976885925831871e-01
4.216382359582628858e-01
4.207861879421480600e-01
4.199752245613111445e-01
4.191719074457418981e-01
4.183440496079310900e-01
4.175397854843279077e-01
4.167203774082177126e-01
4.159514011670656375e-01
4.151447646432196437e-01
4.143108135536943681e-01
4.134189962147711839e-01
4.125009042367310808e-01
4.115326240521956502e-01
4.105799917356703910e-01
4.095643847167548257e-01
4.084435724454072991e-01
4.072669954931485981e-01
4.060293135789219687e-01
4.047966897806175579e-01
4.035106085189973379e-01
4.022009796905609558e-01
4.008802603872920756e-01
3.995553602483851163e-01
3.982826947712280741e-01
3.969839860449564384e-01
3.956734915314350509e-01
3.943145455143990397e-01
3.928686199947658553e-01
3.914018855778276240e-01
3.898880969882466685e-01
3.882762438661428450e-01
3.866461155138605221e-01
3.849548359196977021e-01
3.833095525068166975e-01
3.816723356011293422e-01
3.800733860390640428e-01
3.785289520739053004e-01
3.771592374614927690e-01
3.758847316741257272e-01
3.746552136652606668e-01
3.734455395646300024e-01
3.723381967778713886e-01
3.712687680319268213e-01
3.702207419130536525e-01
3.692032215849338495e-01
3.682038922377130485e-01
3.672444160093052412e-01
3.662704477842538275e-01
3.652820899836454749e-01
3.643355040211009865e-01
3.633606205567772029e-01
3.624093647214688962e-01
3.614427033029335434e-01
3.604855875265456366e-01
3.595759305191089106e-01
3.586509100189129717e-01
3.577040851363130214e-01
3.568184037647477158e-01
3.559408279996068569e-01
3.551479145335004195e-01
3.544198050360380936e-01
3.537290686811136453e-01
3.531163902231516105e-01
3.525333787613024739e-01
3.520102579698341505e-01
3.515457133765770292e-01
3.511136553011982575e-01
3.507566892463890307e-01
3.504256803677132104e-01
3.501242321320428008e-01
3.498550562379298956e-01
3.496174957395815075e-01
3.494158200536070513e-01
3.492629722656365732e-01
3.491498464636543231e-01
3.490604798647162221e-01
3.489993231372404692e-01
3.489655626770094554e-01
3.489628699241342780e-01
3.489892161088430922e-01
3.490444626433213959e-01
3.491306957193673899e-01
3.492454623446046291e-01
3.493901174487364925e-01
3.495753621811972245e-01
3.498008023186389148e-01
3.500637315048358289e-01
3.503820943575900460e-01
3.507379441659210784e-01
3.511310205456258382e-01
3.515816213717101735e-01
3.520875816113907542e-01
3.526442469237071053e-01
3.532672112686577326e-01
3.539244377414644815e-01
3.546001100668200179e-01
3.552771661734294151e-01
3.559845284188993819e-01
3.567684398953696046e-01
3.575783148910433584e-01
3.583838742803053257e-01
3.591972372925251178e-01
3.600167475133248529e-01
3.608221499751909089e-01
3.616783638940014312e-01
3.626125533465118789e-01
3.635712536222875935e-01
3.645949374827008871e-01
3.656345005239295398e-01
3.667392476943175939e-01
3.678583758938671622e-01
3.690173327799095571e-01
3.701916099067006916e-01
3.713958209856791925e-01
3.725772788975039163e-01
3.737501126581577182e-01
3.749488808221887459e-01
3.761721076499999206e-01
3.774320044859727497e-01
3.786630745260132214e-01
3.798781533540426247e-01
3.810664023643014486e-01
3.822597437684375210e-01
3.835625843477055708e-01
3.848356138663406312e-01
3.860478520926239887e-01
3.872542890914930647e-01
3.884540874702868130e-01
3.896966467849096172e-01
3.910263608044404204e-01
3.923321327678160331e-01
3.936733700549255310e-01
3.950108913323625015e-01
3.963070473345662315e-01
3.975570046731486951e-01
3.988406802434644738e-01
4.000928670479416138e-01
4.013244733573035905e-01
4.025775706344275617e-01
4.038070969063267679e-01
4.049741898438975474e-01
4.060992755032438173e-01
4.072360150141537960e-01
4.083459013976302732e-01
4.094331783077794773e-01
4.104882294857777891e-01
4.115336042821596263e-01
4.126101201809026509e-01
4.136637778993890180e-01
4.147263362518534002e-01
4.157556843648836375e-01
4.170510618566570238e-01
4.182907870654986038e-01
4.195044819887578935e-01
4.206726775612328884e-01
4.217871710326095980e-01
4.228861963663504420e-01
4.239554163689897570e-01
4.249671786530884732e-01
4.259309920301596053e-01
4.268390927218769226e-01
4.277127065317242183e-01
4.285360642476562787e-01
4.293368734548386745e-01
4.301007111896591462e-01
4.308357521504627141e-01
4.315295451048665187e-01
4.321629410113365100e-01
4.327560854356390374e-01
4.332860205228616368e-01
4.337620283008122302e-01
4.341827258184988159e-01
4.345468062961794220e-01
4.348630447465320348e-01
4.351394125898506160e-01
4.353803693969978683e-01
4.355798991907716133e-01
4.357369683493438339e-01
4.358540736903813717e-01
4.359313529288212363e-01
4.359739142093589370e-01
4.359787109712223718e-01
4.359465736808020853e-01
4.358745192448826300e-01
4.357677251874944591e-01
4.356218811533659752e-01
4.354333501352794511e-01
4.352059851841553195e-01
4.349350025143555731e-01
4.346313038076074498e-01
4.342803729009996894e-01
4.338833877442738185e-01
4.334334606823503910e-01
4.329525756393667879e-01
4.324353615398557893e-01
4.318751190666558770e-01
4.312962816716751635e-01
4.306859992840185170e-01
4.300325644405231795e-01
4.293686046415542412e-01
4.286855241537240735e-01
4.279591106812439816e-01
4.272037232354582437e-01
4.264463304292888113e-01
4.256574780309921313e-01
4.248422736702157088e-01
4.240315664680094909e-01
4.231974554403963307e-01
4.223241962464746035e-01
4.214201862401205645e-01
4.204621919345495895e-01
4.194420323064310674e-01
4.183570613048570586e-01
4.172103920073526040e-01
4.160180341440843366e-01
4.147920442401905050e-01
4.135218787724259659e-01
4.122589620007262590e-01
4.110089783646106998e-01
4.097789774240723770e-01
4.085502205527982711e-01
4.072481834911458876e-01
4.059349883127506553e-01
4.046290194454173483e-01
4.032478118176263115e-01
4.018555275486001555e-01
4.004916088763599280e-01
3.990439959522422697e-01
3.976724128024292648e-01
3.963314224528267649e-01
3.950132713324840394e-01
3.936691633497242937e-01
3.922807104475977136e-01
3.909789367095659052e-01
3.896767591580135304e-01
3.883512893448450853e-01
3.870396639762631597e-01
3.856898795975031158e-01
3.843463021749101705e-01
3.829410494184380953e-01
3.815050499518058968e-01
3.800868939222943887e-01
3.786890820055348050e-01
3.773207087633094203e-01
3.759071888922573823e-01
3.745269059141160262e-01
3.730991842209103182e-01
3.716818470235195848e-01
3.703098569376601090e-01
3.689472748548162651e-01
3.675571993684663696e-01
3.661600417011327546e-01
3.647862838110370043e-01
3.634592849817495086e-01
3.622099426152896040e-01
3.609854013559330443e-01
3.597866768517533065e-01
3.586481539689572173e-01
3.575525146570055490e-01
3.564733038723519321e-01
3.554351193247646257e-01
3.543622808675613856e-01
3.533401106691266280e-01
3.523465155419122086e-01
3.513911839770746393e-01
3.504434353156633541e-01
3.495326883880659485e-01
3.486554762511283601e-01
3.478219703675062280e-01
3.469836283873035110e-01
3.461555379409760880e-01
3.453411354437065928e-01
3.445322488841542352e-01
3.437591199694691735e-01
3.429721342634527992e-01
3.422391764140877979e-01
3.415538733263289162e-01
3.408740633762368799e-01
3.402462981880551296e-01
3.396665859820745537e-01
3.391634194650650080e-01
3.387167104524752004e-01
3.383001285427048588e-01
3.379252040838387483e-01
3.376095635223663183e-01
3.373244996916405225e-01
3.370729920829185766e-01
3.368674906722555762e-01
3.367108788417642051e-01
3.366038892245769021e-01
3.365410108399395361e-01
3.365180293930497557e-01
3.365331322650807477e-01
3.365884960739680687e-01
3.366829121319651064e-01
3.368136112939705273e-01
3.369892668913431755e-01
3.372096782320549435e-01
3.374890179632775711e-01
3.378073225942260227e-01
3.381772464583666093e-01
3.385974892688758398e-01
3.390728769458672964e-01
3.395959603894018186e-01
3.401483082718333439e-01
3.407470040627798014e-01
3.414007493126025028e-01
3.421324353366962390e-01
3.429113154939594788e-01
3.437280844229092525e-01
3.445923865509481487e-01
3.454765055259104156e-01
3.463902754734183298e-01
3.473352656926104176e-01
3.483211160978585963e-01
3.493051028290315441e-01
3.502916829911837948e-01
3.512569290012871881e-01
3.522203955814642851e-01
3.532083151084057238e-01
3.542065509020424496e-01
3.552484844917866424e-01
3.562776727209134853e-01
3.573027508839544120e-01
3.583263284192967357e-01
3.593234296475645295e-01
3.603153872600413088e-01
3.613274465669911728e-01
3.623238556627037532e-01
3.633108410945647404e-01
3.642947274886269016e-01
3.653315782234838327e-01
3.663890637401615025e-01
3.674823586988018032e-01
3.686352090652755820e-01
3.698126931909685999e-01
3.709019742299260458e-01
3.720590515885829341e-01
3.732537382854411168e-01
3.744869488241273636e-01
3.756584002342817086e-01
3.768042506333344477e-01
3.779574731407422949e-01
3.791114171336394945e-01
3.802958619799203244e-01
3.815631182335886273e-01
3.828651152745040642e-01
3.841217610801195836e-01
3.852910468459607718e-01
3.864638268319429693e-01
3.876564514227853198e-01
3.888640555758871020e-01
3.901664644150504846e-01
3.915115703476335640e-01
3.929114066843993891e-01
3.942903987317093462e-01
3.956501282139778253e-01
3.969748682613555291e-01
3.983177646591583021e-01
3.997016988018583517e-01
4.011282075686216642e-01
4.025468546421188676e-01
4.040658908914189773e-01
4.056333686737190192e-01
4.071199307378935428e-01
4.084786111761592453e-01
4.097557644541358624e-01
4.109810433445921785e-01
4.121905562499750264e-01
4.134753022949005929e-01
4.147786539605021194e-01
4.160949188291204748e-01
4.175378342412772170e-01
4.191487139128646233e-01
4.207470909216018407e-01
4.223396469317797219e-01
4.237862073491434067e-01
4.249949907481372358e-01
4.260813674189416478e-01
4.270446638374560955e-01
4.279516063697974548e-01
4.288169147128279568e-01
4.296382023044951204e-01
4.304923064548933920e-01
4.313929526767111278e-01
4.324010261375571540e-01
4.335050363057122436e-01
4.347510669027511709e-01
4.361022472054748578e-01
4.374604410664185150e-01
4.387548579974550611e-01
4.399055693585008364e-01
4.409057015379058142e-01
4.417964824890912023e-01
4.425775518337722314e-01
4.434654362968495356e-01
4.443401932059412585e-01
4.451555453012044916e-01
4.459648637430508877e-01
4.467831548545678211e-01
4.476570321963981858e-01
4.485755824872001418e-01
4.495434567256705871e-01
4.505283563603733055e-01
4.515140248059550943e-01
4.524990238091710637e-01
4.534212566954268775e-01
4.543014199377694573e-01
4.551533062783686967e-01
4.559655635990769174e-01
4.567792304501497314e-01
4.575736277015940434e-01
4.583624806489144388e-01
4.591498897354640008e-01
4.599452938744429953e-01
4.607764572018680505e-01
4.616134223864364339e-01
4.624354349652286533e-01
4.632143065618528066e-01
4.639446909705283173e-01
4.646350069481964273e-01
4.652746104322246778e-01
4.658789586736414856e-01
4.664333979878028114e-01
4.669595472424979965e-01
4.674759771247992135e-01
4.679699787044946935e-01
4.684676695017118142e-01
4.689379544849001658e-01
4.693979684215468517e-01
4.698150354160209319e-01
4.702027196140290410e-01
4.705485330893693363e-01
4.708600999751497151e-01
4.711257695876190921e-01
4.713607816578384568e-01
4.715738912275020955e-01
4.717643838957091829e-01
4.719446837069665168e-01
4.721000018537673260e-01
4.722281049185847457e-01
4.723355451185236586e-01
4.724182345064874555e-01
4.724782536827896173e-01
4.725174141395903638e-01
4.725373855405896051e-01
4.725401640800236391e-01
4.725263758488261190e-01
4.724983957595410011e-01
4.724579242169533178e-01
4.724041025364077440e-01
4.723345827550802789e-01
4.722459655821837354e-01
4.721416160404877105e-01
4.720098227145426706e-01
4.718479752708054642e-01
4.716530441602703183e-01
4.714363116967915657e-01
4.712113168188985513e-01
4.709652971075332650e-01
4.707026184258809032e-01
4.704235755431449006e-01
4.701421868281900340e-01
4.698550208798559225e-01
4.695715536689131220e-01
4.692719321376728203e-01
4.689555866345276325e-01
4.686187434365027826e-01
4.682499808313326239e-01
4.678661017963014479e-01
4.674537008099618474e-01
4.670132475217592116e-01
4.665473602704621747e-01
4.660620117989623945e-01
4.655427132136492063e-01
4.649803377891207901e-01
4.644143914978454135e-01
4.638364753745613522e-01
4.632506149980530896e-01
4.626665347793828542e-01
4.620911492883486571e-01
4.614953648308944834e-01
4.608943101176928847e-01
4.602714101606381614e-01
4.596468171822461479e-01
4.590095092829209467e-01
4.583631625441663138e-01
4.576834422354612020e-01
4.569703692627605229e-01
4.562278560795954285e-01
4.554494512350878432e-01
4.546477656698355574e-01
4.538359274347971706e-01
4.530156325052588362e-01
4.522271221544307829e-01
4.514436472464520844e-01
4.506684230315167183e-01
4.498984873346878466e-01
4.490980392270473298e-01
4.482510809048485534e-01
4.473244901067035539e-01
4.463190808404239318e-01
4.453265621469735258e-01
4.443228611810086104e-01
4.433297602420535055e-01
4.423200851258259902e-01
4.413095791490247999e-01
4.402839167477629045e-01
4.392636155898294037e-01
4.382093677777032514e-01
4.370973461308143015e-01
4.359415844403153328e-01
4.347248828551739663e-01
4.334642709433130237e-01
4.321742224768139184e-01
4.307967192203353002e-01
4.293469389487305499e-01
4.278207399200183447e-01
4.262716408453385841e-01
4.247369913986600576e-01
4.231631076654372992e-01
4.215766564890965906e-01
4.199847362573841947e-01
4.184674429945934859e-01
4.170767528250509115e-01
4.157389083457891377e-01
4.144388251419864333e-01
4.131444177286040520e-01
4.118128281574419680e-01
4.104321542346822116e-01
4.089495164877722799e-01
4.073896581200996958e-01
4.057441117634607020e-01
4.040630963843747092e-01
4.023697312816276184e-01
4.006753905173895403e-01
3.991235940046236608e-01
3.975973406858254178e-01
3.960953260590557856e-01
3.945828705173883288e-01
3.930177709065986180e-01
3.914315084705593528e-01
3.897642699064240435e-01
3.879871278996431805e-01
3.861264442864908442e-01
3.841814274307056021e-01
3.822202506560724022e-01
3.802267673100022671e-01
3.782436890501709725e-01
3.762730703664767251e-01
3.743050710643303081e-01
3.723967075047228126e-01
3.706305507965665380e-01
3.688895637168573272e-01
3.672103347441178500e-01
3.655412530112736591e-01
3.638282352109007411e-01
3.620064043553981037e-01
3.600229284410578767e-01
3.580170030426811922e-01
3.560113570000066896e-01
3.539819011519420577e-01
3.519571401197256755e-01
3.499752848593734589e-01
3.479775629425853611e-01
3.459799554362077978e-01
3.439743611890541120e-01
3.419992625887970372e-01
3.401453291234559084e-01
3.383985394047757111e-01
3.366534851118235250e-01
3.349807678762911634e-01
3.333374437323737838e-01
3.317012397714571015e-01
3.300372758432648101e-01
3.284468206633444076e-01
3.268572925235112558e-01
3.251764109717820150e-01
3.234684108074387110e-01
3.216845508302751955e-01
3.199254511419571956e-01
3.181640272624628452e-01
3.164187475500872537e-01
3.146759406629717204e-01
3.130008840476127263e-01
3.114150278286113016e-01
3.099082512537036926e-01
3.084912285961367018e-01
3.071552088026361371e-01
3.058889450727739767e-01
3.046101707396928204e-01
3.033902933038455374e-01
3.021921195654262426e-01
3.009901357498415697e-01
2.997502391738346983e-01
2.984777176554556100e-01
2.971870343702481820e-01
2.958646194333632851e-01
2.945739487099037213e-01
2.932974558365211148e-01
2.920380078434998694e-01
2.908035682128748411e-01
2.896049612116048944e-01
2.884235240636082165e-01
2.872673826401604402e-01
2.860855113170756581e-01
2.849303283701101752e-01
2.838189453760276981e-01
2.827860465564872028e-01
2.818045280368296490e-01
2.808939020544674592e-01
2.800312565286587896e-01
2.791948951283798608e-01
2.783817564364565733e-01
2.775591123485823819e-01
2.767415640180974634e-01
2.759079726802006194e-01
2.750871781928518334e-01
2.742872679572441186e-01
2.735104606359944346e-01
2.727762778075910055e-01
2.721165065371545233e-01
2.714966541603099914e-01
2.709244513183545755e-01
2.703679042729739690e-01
2.698353869035944874e-01
2.693185471679547804e-01
2.688479360886361080e-01
2.684216483220396854e-01
2.680273804815911376e-01
2.676740527400994774e-01
2.673678821044867537e-01
2.670965182396519144e-01
2.668618208770499600e-01
2.666724227473463160e-01
2.665308753827018706e-01
2.664323877339082047e-01
2.663712605102483977e-01
2.663445188281013953e-01
2.663484199647028761e-01
2.663830618766364067e-01
2.664500164083432598e-01
2.665520181662875965e-01
2.666921848861488753e-01
2.668687359547374238e-01
2.670898411147179519e-01
2.673530925708806349e-01
2.676659753903553596e-01
2.680200748790065313e-01
2.684088108458144162e-01
2.688473297203737844e-01
2.693180690358446538e-01
2.698285188929731571e-01
2.703763456369435159e-01
2.709356045163345272e-01
2.715056044325310225e-01
2.721154480378297769e-01
2.727217297266480434e-01
2.733466756611032111e-01
2.739527323364457367e-01
2.745823498818188435e-01
2.752031086528904380e-01
2.758500377976479401e-01
2.765202266763224781e-01
2.772112523072995383e-01
2.779199757445046104e-01
2.786651022644528464e-01
2.794146687880041391e-01
2.801852933914906196e-01
2.810279946405951357e-01
2.819100752556993328e-01
2.828666603784400491e-01
2.839308971796865588e-01
2.850441252226343369e-01
2.861888320643002359e-01
2.873526847274843199e-01
2.885201516639478991e-01
2.897349149756288655e-01
2.909438320659929467e-01
2.921566293247786494e-01
2.933519065094501999e-01
2.945796629196902883e-01
2.957910165044575490e-01
2.970063271450240072e-01
2.982576553062556424e-01
2.995119912233872861e-01
3.007822746035529460e-01
3.020808580254303322e-01
3.033306269328381322e-01
3.045515424087245626e-01
3.058432262265535218e-01
3.072352495288312446e-01
3.086183430734573130e-01
3.099664730796917733e-01
3.112945360321546784e-01
3.126246646440434263e-01
3.139485788527665022e-01
3.152282773779388481e-01
3.164439327946670377e-01
3.176102742890497543e-01
3.187651247024740342e-01
3.199098141916749682e-01
3.210472870059268846e-01
3.222050663507645130e-01
3.233833959586174811e-01
3.245199481320694135e-01
3.256546566977788215e-01
3.267989370485520628e-01
3.280200434187909853e-01
3.292533171760386734e-01
3.304985891506173612e-01
3.317295460110247785e-01
3.330336811409250197e-01
3.343562004725659231e-01
3.356465392017005667e-01
3.369069503080101002e-01
3.381018735990509727e-01
3.392961259970063148e-01
3.403936220059849416e-01
3.414478873669347658e-01
3.424292977173622465e-01
3.433714442822363710e-01
3.442734771593139453e-01
3.451020551831130989e-01
3.459634510134498298e-01
3.467514157369673278e-01
3.474829231274843555e-01
3.481826284163111462e-01
3.489034278802236599e-01
3.495824115573827884e-01
3.502019768380730258e-01
3.507696580048205726e-01
3.513165534628347464e-01
3.518385095408304020e-01
3.523067015707191385e-01
3.527255534400337567e-01
3.530781586053191590e-01
3.533886146275799223e-01
3.536526819712448866e-01
3.538614627422793646e-01
3.540034670872850842e-01
3.540922707641785960e-01
3.541371246445615406e-01
3.541418534247003369e-01
3.541120322098977313e-01
3.540479133211262286e-01
3.539542007633607601e-01
3.538290299050909637e-01
3.536757426208129163e-01
3.534807467773516954e-01
3.532422100971966406e-01
3.529652578542187835e-01
3.526297709915887091e-01
3.522322817392311567e-01
3.517942034443627963e-01
3.513247188828725887e-01
3.507908015951646252e-01
3.501983112583100799e-01
3.495917250133045440e-01
3.489445928008255149e-01
3.482542855303884521e-01
3.475105650241915867e-01
3.467577676432047062e-01
3.459808525400817070e-01
3.452061624183540567e-01
3.444016096778644842e-01
3.435934326899433011e-01
3.427373724758864260e-01
3.418802033164976550e-01
3.409682656678395540e-01
3.400725848226643921e-01
3.391585822426540497e-01
3.382213389945805115e-01
3.372360786199573024e-01
3.362463141450383053e-01
3.352671869898746770e-01
3.342410182349151992e-01
3.331839806880405042e-01
3.320337328724853321e-01
3.308634261379682640e-01
3.295962557384828351e-01
3.283138062845589733e-01
3.269775498294244520e-01
3.256203726219307759e-01
3.241799405908670217e-01
3.227194253173323313e-01
3.212552583129606454e-01
3.197799334811615712e-01
3.183232429832175692e-01
3.168984106115454447e-01
3.154689442928015897e-01
3.140534051931150872e-01
3.126852676353769622e-01
3.113193371660326059e-01
3.099633063775500408e-01
3.086851129539067706e-01
3.073951490613185400e-01
3.061818624993158378e-01
3.050030470626878820e-01
3.039098363165078642e-01
3.028648881356238998e-01
3.018944216319177087e-01
3.009628592023390614e-01
3.000561987879432624e-01
2.991738133697587898e-01
2.982637050426461545e-01
2.973821611270273668e-01
2.964456087948144636e-01
2.955313393161306812e-01
2.945587776341976882e-01
2.936157727544362328e-01
2.927010125790615036e-01
2.917892019712647889e-01
2.908734095104230644e-01
2.900201549515253885e-01
2.891920996501277652e-01
2.884073959673727483e-01
2.876891427954241798e-01
2.869951919655246431e-01
2.863590861346786420e-01
2.857694539964724667e-01
2.852383238212167216e-01
2.847330689340299981e-01
2.842184172869487435e-01
2.837023994224111556e-01
2.832113413986913075e-01
2.827275231288891022e-01
2.822615187900374689e-01
2.818122829919633698e-01
2.813978710540344652e-01
2.810027042485164772e-01
2.806491548002776337e-01
2.803421030693042382e-01
2.800821942257047947e-01
2.798723644570533797e-01
2.797081299402823240e-01
2.795843195126848646e-01
2.795045710581994247e-01
2.794616381202703059e-01
2.794569906712482954e-01
2.794879005786370385e-01
2.795548282673904761e-01
2.796551083957288797e-01
2.797851398457071870e-01
2.799450916444068960e-01
2.801345339850535021e-01
2.803525143124498964e-01
2.805938957475283546e-01
2.808690986242012300e-01
2.811944987911381699e-01
2.815450285071673386e-01
2.819297116763247457e-01
2.823442846102990345e-01
2.827913781688146666e-01
2.832648287838664403e-01
2.837607899168407832e-01
2.842640011976867442e-01
2.847955049275979755e-01
2.853740191426130113e-01
2.859972377456468373e-01
2.866232648998934818e-01
2.873054989129082970e-01
2.879797038038974799e-01
2.886273953094108946e-01
2.893080843946740921e-01
2.900505186167530169e-01
2.908189564381035708e-01
2.915899355756543798e-01
2.923512419599753054e-01
2.931361511552919574e-01
2.939368130796012335e-01
2.947618632472887579e-01
2.955644461465428141e-01
2.963250454211894258e-01
2.970379553544797990e-01
2.977466724574673318e-01
2.984160285036228655e-01
2.990592654784458571e-01
2.997508289104651169e-01
3.004624191577801584e-01
3.012141641486959509e-01
3.019708284305126500e-01
3.028159300411785715e-01
3.036739495831580760e-01
3.045139904237277872e-01
3.053662801447596942e-01
3.062814436888321445e-01
3.071067531036190679e-01
3.079001980035541708e-01
3.086610527084696631e-01
3.093712624153541757e-01
3.100301692536224230e-01
3.107006345230151623e-01
3.114002372028989440e-01
3.120639554089314482e-01
3.127550474116691515e-01
3.134555638847650316e-01
3.141582137373914452e-01
3.147808220219140973e-01
3.153983863200097715e-01
3.160035803984799774e-01
3.165750791745458037e-01
3.171037651330423368e-01
3.175818197352012207e-01
3.180882410116369075e-01
3.185555898093401228e-01
3.190222314222730393e-01
3.195236370292039441e-01
3.199706471259851637e-01
3.204632026637467268e-01
3.209882146835140171e-01
3.215039167346862015e-01
3.219800385460628855e-01
3.224617502575806705e-01
3.229239488162984340e-01
3.234130604282546284e-01
3.238674498039362248e-01
3.243128052510109161e-01
3.247400154304903586e-01
3.251571264167360531e-01
3.256133493048314342e-01
3.260681346189813201e-01
3.265137143219403737e-01
3.270296761835335131e-01
3.275094725298466902e-01
3.279438537223614003e-01
3.283859775235719036e-01
3.288125173245539656e-01
3.291825825963995977e-01
3.295175018149902324e-01
3.298320220951366788e-01
3.301167561801932604e-01
3.303766318698526105e-01
3.305901521339445481e-01
3.307602214692059728e-01
3.309200911854889848e-01
3.310766421588008934e-01
3.312223263148648122e-01
3.313499153042946954e-01
3.314662282298745377e-01
3.315650884174987101e-01
3.316416266468058538e-01
3.316823913448442296e-01
3.316893109514958415e-01
3.316630886569017500e-01
3.316035811836921532e-01
3.315120959683314772e-01
3.313934680811878586e-01
3.312371293494882907e-01
3.310606925784056465e-01
3.308638672516137635e-01
3.306344582318606617e-01
3.303973683093054947e-01
3.301443307272428074e-01
3.298910387687235546e-01
3.296191129466670700e-01
3.293279562531760130e-01
3.290245368972646856e-01
3.287039220074710055e-01
3.283823618122692078e-01
3.280372918600861221e-01
3.276839086400206158e-01
3.273516362251845391e-01
3.270562302243616437e-01
3.267659352446459775e-01
3.264809852870065865e-01
3.261657101390505464e-01
3.257692048778498273e-01
3.253065126774211113e-01
3.248717656894475891e-01
3.244447380089677258e-01
3.239834045557979381e-01
3.234905157290657862e-01
3.230928862149306524e-01
3.227040350364586696e-01
3.223104166763357536e-01
3.219273025513690323e-01
3.214967239920993869e-01
3.211212857957962963e-01
3.207695580561170656e-01
3.204307565470189689e-01
3.201269396675801016e-01
3.198547600240375099e-01
3.196395687758655235e-01
3.194412756430337619e-01
3.192012372978463297e-01
3.189230875019452571e-01
3.186679583814245320e-01
3.184152434916992513e-01
3.180988115249880899e-01
3.177452736764684316e-01
3.174081572090705627e-01
3.170746543838702802e-01
3.166719756728847424e-01
3.162037853453817382e-01
3.157629816985542681e-01
3.153574775260211127e-01
3.149035389148098218e-01
3.144635470217704842e-01
3.140020613629385671e-01
3.135107796510652745e-01
3.130421858831584081e-01
3.125964326751294320e-01
3.122016673205572079e-01
3.118364490805174416e-01
3.114964381279036187e-01
3.112018891379408903e-01
3.109541408332173740e-01
3.106908424462901386e-01
3.104151567157731328e-01
3.101920261695534919e-01
3.099932894496944535e-01
3.098319541816502154e-01
3.096686506203761846e-01
3.095207332148868784e-01
3.093755813205495420e-01
3.092325756142245696e-01
3.090886912681708454e-01
3.089534488799866585e-01
3.088334350615352109e-01
3.087374638450721687e-01
3.086690691180444812e-01
3.086341113669656688e-01
3.086225878082028973e-01
3.086385991308039922e-01
3.086843985257151646e-01
3.087603753393469153e-01
3.088699978815291902e-01
3.090102596386845035e-01
3.091860926620854655e-01
3.093956331011297745e-01
3.096470145497262627e-01
3.099375576452519376e-01
3.102417472276648991e-01
3.105789200976754594e-01
3.109514787185191365e-01
3.113311603578085562e-01
3.117350686329945497e-01
3.121494020666600866e-01
3.125635190302798461e-01
3.129738474244923574e-01
3.133397612362806561e-01
3.136916676205285803e-01
3.140360215166158042e-01
3.144590974402629024e-01
3.149119480845194996e-01
3.153860052453012486e-01
3.158952081631258846e-01
3.164375529267539622e-01
3.170455486504347165e-01
3.176467353700892504e-01
3.182743147017248475e-01
3.189699101820842042e-01
3.197405828012809814e-01
3.205445880797190839e-01
3.214077491366617023e-01
3.223425948450409639e-01
3.232984042279969383e-01
3.242489180119270675e-01
3.251895620985074675e-01
3.261500311494920368e-01
3.270938808343430981e-01
3.279522424092418675e-01
3.288095350234107594e-01
3.297091420794522332e-01
3.305610553748219993e-01
3.313368168825014948e-01
3.321017502402160426e-01
3.328053117263906624e-01
3.334422212474303926e-01
3.340239076851855282e-01
3.345436234764332384e-01
3.350427666761512935e-01
3.355469974485257856e-01
3.360634723606191199e-01
3.365931918655825084e-01
3.371716352276499240e-01
3.377582281146982446e-01
3.383615689053806608e-01
3.389657273255398673e-01
3.395635776310316767e-01
3.401434007340942145e-01
3.406974998638613306e-01
3.412690990255443091e-01
3.418715426400683599e-01
3.424291414742055006e-01
3.429863652646131245e-01
3.435093856034048265e-01
3.440004470344308896e-01
3.444341590981105927e-01
3.452290384024973013e-01
3.459585627280741260e-01
3.466432091675372140e-01
3.472876632668677743e-01
3.478929038835802401e-01
3.484484600538651500e-01
3.489590462841145047e-01
3.494163478082240037e-01
3.498212938047837728e-01
3.501702167692094525e-01
3.504641425530660159e-01
3.506952055613627439e-01
3.508646077073247493e-01
3.509723583918007428e-01
3.510199979225603895e-01
3.510125986633471085e-01
3.509518285274524918e-01
3.508342981898740498e-01
3.506634623342065882e-01
3.504448342193363097e-01
3.501541176137144551e-01
3.497979676693310780e-01
3.493781217426376040e-01
3.488975818321970457e-01
3.483596619723392518e-01
3.477743373518359382e-01
3.471530768623533603e-01
3.464720185254097640e-01
3.457274984966597908e-01
3.449125853594220970e-01
3.440489959415378718e-01
3.431190740402555450e-01
3.421415978686260795e-01
3.411024004578379620e-01
3.400134906851922656e-01
3.388626017337977858e-01
3.376491215690360925e-01
3.364009427962972310e-01
3.351121188811026497e-01
3.338131297198775882e-01
3.324852683247959684e-01
3.311424192277175327e-01
3.298186855080532665e-01
3.284932031198115054e-01
3.271940376126888927e-01
3.259016135129041980e-01
3.246076101578809214e-01
3.233177969633255211e-01
3.220214464779890817e-01
3.207391651526512177e-01
3.196000221312175205e-01
3.185227674611067483e-01
3.174655559538161476e-01
3.164281460409715807e-01
3.154410020031797046e-01
3.144557701263396288e-01
3.134701723567390186e-01
3.125194309376930768e-01
3.115471660698200806e-01
3.105687147323676345e-01
3.095533995775344716e-01
3.085235390052153970e-01
3.074381498077100039e-01
3.063567779783322731e-01
3.052561787428759721e-01
3.041279990672997036e-01
3.029755985385209627e-01
3.018448341794261469e-01
3.007599474222262259e-01
2.997028635216482106e-01
2.986665470029640224e-01
2.976149562617875222e-01
2.966232669766009078e-01
2.956874403331438139e-01
2.947746820299660397e-01
2.939137744066177560e-01
2.930949576885942265e-01
2.922986313275733883e-01
2.915911936612190503e-01
2.909404453195253981e-01
2.903653257156935674e-01
2.898372851224812474e-01
2.894091118291606257e-01
2.890530415751247917e-01
2.887266243963636514e-01
2.883840465008871146e-01
2.881220306836623779e-01
2.878813151343452836e-01
2.876942105977089437e-01
2.875569084944819553e-01
2.874447667044991439e-01
2.873627750772372869e-01
2.873032524357042594e-01
2.872731029217996390e-01
2.872734759302361107e-01
2.873059868918004800e-01
2.873800144872204476e-01
2.874994412004808209e-01
2.876737299882771159e-01
2.878978002808592063e-01
2.881906417675805243e-01
2.885389846398183633e-01
2.889325677243746449e-01
2.893581298385450862e-01
2.898248053792539802e-01
2.903242641263479307e-01
2.908740404292695647e-01
2.914348642616877427e-01
2.920616171232527369e-01
2.927117450042637792e-01
2.933636999611439755e-01
2.940448157260603379e-01
2.947011308683792352e-01
2.953383446148968305e-01
2.959706224197405922e-01
2.966072707309620471e-01
2.972717801647963287e-01
2.979503441870887115e-01
2.985763943875333060e-01
2.991747888710792336e-01
2.998187520167877596e-01
3.005572803466128318e-01
3.013498287758720195e-01
3.021857535620718349e-01
3.029966699137887076e-01
3.039216140023963120e-01
3.048859179546041243e-01
3.059513962796798214e-01
3.071102626565523908e-01
3.083798742553190975e-01
3.097594826340271390e-01
3.112328586961806698e-01
3.127394505787168821e-01
3.143799561911782003e-01
3.160848852631196193e-01
3.179925371837661330e-01
3.200055540641166818e-01
3.221086181267063253e-01
3.242341680790566949e-01
3.264224379179407887e-01
3.286505583920200091e-01
3.309463522496629562e-01
3.332463441290451356e-01
3.355780003059924965e-01
3.378403199868897921e-01
3.401348389971699526e-01
3.424612601293636205e-01
3.448442805335039107e-01
3.472354953965871016e-01
3.496472627671237676e-01
3.521117990664408559e-01
3.546215115444629196e-01
3.571353320493299011e-01
3.595652898964528110e-01
3.619713323901491697e-01
3.644120081313684256e-01
3.668537226469345547e-01
3.692380717511831723e-01
3.716312715425189039e-01
3.740295836839070964e-01
3.764391874743887589e-01
3.788521264826499313e-01
3.812106358841673703e-01
3.835853767606526854e-01
3.859213360641130519e-01
3.883630512411579971e-01
3.908156650266969567e-01
3.932426442222389795e-01
3.956483493512442662e-01
3.980447585952168743e-01
4.004308446051720316e-01
4.028170147007216206e-01
4.051931339861520320e-01
4.075809458461372436e-01
4.099449290270859581e-01
4.122135733499774357e-01
4.144675500785073852e-01
4.167282384621997515e-01
4.189001383363733511e-01
4.210522193921265588e-01
4.231957237821224460e-01
4.253638182228507980e-01
4.274594791002921390e-01
4.295457246857179445e-01
4.316529836042057866e-01
4.337010638426134213e-01
4.357690442505848250e-01
4.378087911146640310e-01
4.398825972472645840e-01
4.419311546264214074e-01
4.439802777711727710e-01
4.459975275372859982e-01
4.479251576917989697e-01
4.498801290265189712e-01
4.518583540032835022e-01
4.538330210233477158e-01
4.558195187679928151e-01
4.578165061442506789e-01
4.598181530030150399e-01
4.618326063067527132e-01
4.638310529518842040e-01
4.657515256331383191e-01
4.676926391484650392e-01
4.696696269127125789e-01
4.716532140181558530e-01
4.735955061337548955e-01
4.755043782606606650e-01
4.774015534304398845e-01
4.792786094699584276e-01
4.811923253486717345e-01
4.831055333838387145e-01
4.850557447376520059e-01
4.870065615708789597e-01
4.889687681569326316e-01
4.909383876123309953e-01
4.929013756600139073e-01
4.948465907854566193e-01
4.968134362899790379e-01
4.987947189713606289e-01
5.007693077510567692e-01
5.027666743710594854e-01
5.048156523415303631e-01
5.068292624540734481e-01
5.087911535872408075e-01
5.107653442269939337e-01
5.127452980667279725e-01
5.147139551029890070e-01
5.166359699714939691e-01
5.185346049450496597e-01
5.203670214697928564e-01
5.221266168459346435e-01
5.238111454259851696e-01
5.254225412663837691e-01
5.270334083997011421e-01
5.286605287466122904e-01
5.302953023363843332e-01
5.318976173865136436e-01
5.334587536841469690e-01
5.350121920001448261e-01
5.365613817648527961e-01
5.381036696282976983e-01
5.393550880001345416e-01
5.405709519772511351e-01
5.417554883236392893e-01
5.428950837458829115e-01
5.439901911602403883e-01
5.450401234423476460e-01
5.460502221661950317e-01
5.470186898701285827e-01
5.479657597266239799e-01
5.488620694140672329e-01
5.497231175138062031e-01
5.505437162394050121e-01
5.513302454176890466e-01
5.520659003608431314e-01
5.527764625514896002e-01
5.534400352734160089e-01
5.540634241735179488e-01
5.546289908086075027e-01
5.551430569428932316e-01
5.556121857478835135e-01
5.560402366091254933e-01
5.564275305322193832e-01
5.567728391325624804e-01
5.570712224445825145e-01
5.573222694734065730e-01
5.575317807538816561e-01
5.576990801533954212e-01
5.578260753679654682e-01
5.579126456418866953e-01
5.579597535226286098e-01
5.579682817341344858e-01
5.579392655021213621e-01
5.578738876488658072e-01
5.577730767880350049e-01
5.576337609254560235e-01
5.574534201249866650e-01
5.572352225521710611e-01
5.569767207798994590e-01
5.566720286609322388e-01
5.563260010605431960e-01
5.559418855667181969e-01
5.555208448840804891e-01
5.550635514890654987e-01
5.545708335119575727e-01
5.540505099752058848e-01
5.534927954173903819e-01
5.528727743282227935e-01
5.521951680351100400e-01
5.514642786487121695e-01
5.507042771746083476e-01
5.499220170486324166e-01
5.491056536809472144e-01
5.482581944793737394e-01
5.473921294821246786e-01
5.465035701077609609e-01
5.455739544395329377e-01
5.445983821489915888e-01
5.435778054903355194e-01
5.425028152258286607e-01
5.413816883217126286e-01
5.402244350018682306e-01
5.390327051745199549e-01
5.378169464932360810e-01
5.365789549557632432e-01
5.353123591855344365e-01
5.340115751848146797e-01
5.326723495460747859e-01
5.313156628109879653e-01
5.299213806475083777e-01
5.284785405369623046e-01
5.270121128596728655e-01
5.255010825454649037e-01
5.239588175434027884e-01
5.223660621290586725e-01
5.207065058482531761e-01
5.190173489278513408e-01
5.172982887376884609e-01
5.155267898573423491e-01
5.137206410784431743e-01
5.118858219511854823e-01
5.100568632123654300e-01
5.082103292442828879e-01
5.063542579986102243e-01
5.044793694084911406e-01
5.026221640273509372e-01
5.007770077946505083e-01
4.989285209983370106e-01
4.971072559513170508e-01
4.953180413291752293e-01
4.935389227921902489e-01
4.917653438436819791e-01
4.899496079560506367e-01
4.881288854229547947e-01
4.862813715961167294e-01
4.844015798965723985e-01
4.825115115164089752e-01
4.805954995628910487e-01
4.786212702613215075e-01
4.766147642321023059e-01
4.745752083986650161e-01
4.725028484269911400e-01
4.703786529424172080e-01
4.682343199570722647e-01
4.660786003220735441e-01
4.638844770322880229e-01
4.616654904173170260e-01
4.594289169638599013e-01
4.571590824070422276e-01
4.548571277424646730e-01
4.525544057836543566e-01
4.502427811464295715e-01
4.479116244656271006e-01
4.456232824143727123e-01
4.433242636142715742e-01
4.410294595744660429e-01
4.387574686394411505e-01
4.365341758311744313e-01
4.343011147355749224e-01
4.321025322303235217e-01
4.299349166929462562e-01
4.277758454929623255e-01
4.255734437957942595e-01
4.233481472915345267e-01
4.211141245611337292e-01
4.188785702747270800e-01
4.166353218865643804e-01
4.144148643510396357e-01
4.122090743290961479e-01
4.100167899479590372e-01
4.078209838161093725e-01
4.055957251532354424e-01
4.033586499047546736e-01
4.011449027809647627e-01
3.989218771372049499e-01
3.966828421845837727e-01
3.944692724233771486e-01
3.922515498768305298e-01
3.900392378080245193e-01
3.878420858617311895e-01
3.856241190817958353e-01
3.834409061737227842e-01
3.812739534309123046e-01
3.791096775992793821e-01
3.769526396124612266e-01
3.747967680171899740e-01
3.726300654865403184e-01
3.705077216822407760e-01
3.684299771768325682e-01
3.663628572249010285e-01
3.643069516110349348e-01
3.622477989927536668e-01
3.602167284092509525e-01
3.581871613555249190e-01
3.561556099629892280e-01
3.540980463102713083e-01
3.520399681794821878e-01
3.499818319805421685e-01
3.479284718778978269e-01
3.458562737069909576e-01
3.437827176872232382e-01
3.416929901610384346e-01
3.395600330885869544e-01
3.374706405636785367e-01
3.353724856581850045e-01
3.332987474807547756e-01
3.312123847168303992e-01
3.291406829796258982e-01
3.270842615830420463e-01
3.250284275080831398e-01
3.229638789707923174e-01
3.208979419550340717e-01
3.188227340791120468e-01
3.167377205871134138e-01
3.146624164548962876e-01
3.125702654901799105e-01
3.104701006680453124e-01
3.083485347597854087e-01
3.062086723123086385e-01
3.040509283900786341e-01
3.018953129184920869e-01
2.997368619873482243e-01
2.975806695162619975e-01
2.954243445135903978e-01
2.932654387724854539e-01
2.911063699359116019e-01
2.889471908906937059e-01
2.867879358073907592e-01
2.846286304164049596e-01
2.824692865011698695e-01
2.803099192328104006e-01
2.781505397132293944e-01
2.759911557785038605e-01
2.738317741411275819e-01
2.716724060903911719e-01
2.695130520578246647e-01
2.673537113246057251e-01
2.651943761582380432e-01
2.630350200101072566e-01
2.608756353208568357e-01
2.587162300062825770e-01
2.565568113048184440e-01
2.543973891173351709e-01
2.522379702099176169e-01
2.500785602209937286e-01
2.479191546109347222e-01
2.457597582535175906e-01
2.436003744247936531e-01
2.414410056316100006e-01
2.392816568990890902e-01
2.371223258379016319e-01
2.349630019786026203e-01
2.328036698040102381e-01
2.306443375795899642e-01
2.284850058585743970e-01
2.263256745871335962e-01
2.241663437204932663e-01
2.220070132178412203e-01
2.198476770128442170e-01
2.176883320342094807e-01
2.155289798188598782e-01
2.133696219325449395e-01
2.112102516155967558e-01
2.090508677761777623e-01
2.068914732192765060e-01
2.047320708732333905e-01
2.025726637479103309e-01
2.004132548585116913e-01
1.982538471975371919e-01
1.960944436408960101e-01
1.939350468561800711e-01
1.917756602061711224e-01
1.896162865126933827e-01
1.874569258513103798e-01
1.852975702424771998e-01
1.831382211613604427e-01
1.809788800241741435e-01
1.788195447235112201e-01
1.766602087282040101e-01
1.745008721081035830e-01
1.723415349363736915e-01
1.701821972893699519e-01
1.680228592460207004e-01
1.658635135895834278e-01
1.637041579013487347e-01
1.615447942977483731e-01
1.593854245209672671e-01
1.572260407993329168e-01
1.550666455368977792e-01
1.529072415431235177e-01
1.507478317199573425e-01
1.485884190190367715e-01
1.464290062458573349e-01
1.442695960927843080e-01
1.421101911038338828e-01
1.399507946345394105e-01
1.377914096348504813e-01
1.356320512703878545e-01
1.334727168532467423e-01
1.313133978899851950e-01
1.291540781319286957e-01
1.269947503424977975e-01
1.248354209002609794e-01
1.226760921507934338e-01
1.205167640472899482e-01
1.183574365406733636e-01
1.161981095782943091e-01
1.140387783848795661e-01
1.118794383683076876e-01
1.097200910235923560e-01
1.075607379140326031e-01
1.054013742512964064e-01
1.032419966989780863e-01
1.010826080099487129e-01
9.892321107267260105e-02
9.676380887059400637e-02
9.460440441317705118e-02
9.244500058362181694e-02
9.028560011737857272e-02
8.812620640338732214e-02
8.596682240589317847e-02
8.380745097339155347e-02
8.164809417148811976e-02
7.948874220297577620e-02
7.732939654530011919e-02
7.517005862308842601e-02
7.301072789136840713e-02
7.085139645517647689e-02
6.869206438431864348e-02
6.653273175171435516e-02
6.437339863323637834e-02
6.221406510717881339e-02
6.005472565922795325e-02
5.789537586112724482e-02
5.573601781858402576e-02
5.357665337148153489e-02
5.141727613774534078e-02
4.925788691499011912e-02
4.709848849059031922e-02
4.493908375481395906e-02
4.277967565807350853e-02
4.062026703832734287e-02
3.846086060118542732e-02
3.630145897012355960e-02
3.414206539741158897e-02
3.198268285001788780e-02
2.982332309343646917e-02
2.766399086578587990e-02
2.550467415097192395e-02
2.334535995860613847e-02
2.118603793049051928e-02
1.902671282267325709e-02
1.686738841494240040e-02
1.470806466086423299e-02
1.254874151186260132e-02
1.038941891592231465e-02
8.266373356280781390e-03
6.313730354278831135e-03
4.622442049767005665e-03
3.155962082236679709e-03
1.763356469656677259e-03
3.989181648585677742e-04
-1.007679914259551569e-03
-2.434200446118101741e-03
-3.918028113765186123e-03
-5.400974275251842378e-03
-6.906879594077640697e-03
-8.402981248389717120e-03
-9.885830141566699300e-03
-1.138961090499942923e-02
-1.288801543484206259e-02
-1.440997244632586348e-02
-1.592488539746472406e-02
-1.746044261711385964e-02
-1.897165549370157661e-02
-2.047112789318968062e-02
-2.192404800706053772e-02
-2.336261497001052012e-02
-2.477161801265684304e-02
-2.615874639540347393e-02
-2.752201524498006785e-02
-2.896043918734678493e-02
-3.040157731991686985e-02
-3.182479833186851320e-02
-3.324336765016918521e-02
-3.462865887989308167e-02
-3.590371415314014270e-02
-3.715909128000399048e-02
-3.838458882967761554e-02
-3.958875775047762668e-02
-4.073093364679237355e-02
-4.178800248496049308e-02
-4.282507179547575399e-02
-4.389182949520226140e-02
-4.493346324600482750e-02
-4.600060241802340910e-02
-4.702165243439757059e-02
-4.803253291857635665e-02
-4.902930276174202739e-02
-5.000399586016009840e-02
-5.101315196987987050e-02
-5.199437951649300838e-02
-5.294565157522084647e-02
-5.382158131298398623e-02
-5.467941641280513881e-02
-5.548492053820031078e-02
-5.625985885919274065e-02
-5.702160288092001511e-02
-5.776215763718505619e-02
-5.850241273336305448e-02
-5.923452566423384469e-02
-5.995886874681698869e-02
-6.064777006318539110e-02
-6.131194435804728643e-02
-6.196320920438477126e-02
-6.261035160415776013e-02
-6.324104844042688356e-02
-6.387020130469801826e-02
-6.448338506874043419e-02
-6.511063024863041060e-02
-6.572476602751202435e-02
-6.633342092617078301e-02
-6.692159137536607405e-02
-6.751049804485248496e-02
-6.807425536945224676e-02
-6.863408491701206149e-02
-6.919547593621057369e-02
-6.973813183034366370e-02
-7.023784713389655265e-02
-7.072571679608949391e-02
-7.117121753504858372e-02
-7.159547297335075444e-02
-7.200918900256911281e-02
-7.240851625176004946e-02
-7.279724278013056937e-02
-7.317035833851461002e-02
-7.353158149407140742e-02
-7.389682187552204518e-02
-7.425973954842324254e-02
-7.461891313876650722e-02
-7.497763851440354677e-02
-7.533603092988687411e-02
-7.568879909222617219e-02
-7.602893506221895803e-02
-7.634285249630286263e-02
-7.664136245405660242e-02
-7.692288028154700696e-02
-7.718236905441346052e-02
-7.742196766006782804e-02
-7.765051666911883255e-02
-7.786429154700658106e-02
-7.806242446254654799e-02
-7.825560782492087253e-02
-7.844660439585335321e-02
-7.863426631733572147e-02
-7.881140350572703179e-02
-7.898195287714089574e-02
-7.914257200866083031e-02
-7.929137822976296823e-02
-7.942944462655780746e-02
-7.955470268271715162e-02
-7.966961693475403672e-02
-7.977884261732190452e-02
-7.988421197365883075e-02
-7.998467453239377356e-02
-8.008097654535406562e-02
-8.017779616323512937e-02
-8.027458266582826463e-02
-8.037085856420697616e-02
-8.046762149477133808e-02
-8.056285067839688563e-02
-8.065251979462183252e-02
-8.073435390618827201e-02
-8.080422135614302726e-02
-8.085516933502674697e-02
-8.088422391717876858e-02
-8.088729399335761738e-02
-8.086193830918823877e-02
-8.080630486073187013e-02
-8.072121089340621169e-02
-8.060470695348651016e-02
-8.045536255268012638e-02
-8.027388568259997970e-02
-8.006310644096290008e-02
-7.982805397325000440e-02
-7.956617142201584392e-02
-7.928318067148387716e-02
-7.897521949420149845e-02
-7.863978024259932198e-02
-7.827295560226259219e-02
-7.787569551932828349e-02
-7.744676869101420336e-02
-7.698899614359137888e-02
-7.649834116001832940e-02
-7.598508339429124736e-02
-7.545377203334451000e-02
-7.491265807394635601e-02
-7.435220346403861869e-02
