-3.731362295759937386e-01
-3.714173683545184956e-01
-3.697022514249862502e-01
-3.679494389320838721e-01
-3.661957064171793563e-01
-3.644321785796664770e-01
-3.626440586932629939e-01
-3.608349472279673842e-01
-3.590225517761690965e-01
-3.572050210258801983e-01
-3.553780757414964353e-01
-3.535734807416876513e-01
-3.517550983497937933e-01
-3.499181515907914264e-01
-3.480968787112988516e-01
-3.462579084019847819e-01
-3.444223046972696989e-01
-3.425657959373671346e-01
-3.406870386315070109e-01
-3.387867919465856192e-01
-3.368919142979437953e-01
-3.349835844782566574e-01
-3.330303102181567665e-01
-3.310743273027150213e-01
-3.291199135502262396e-01
-3.271744789403399634e-01
-3.251964033390518649e-01
-3.232036381584628137e-01
-3.212157709167319797e-01
-3.192162384279237930e-01
-3.172180685913101317e-01
-3.152146872208678730e-01
-3.132094008534291318e-01
-3.112058960294813437e-01
-3.092064060938823356e-01
-3.072184845694548305e-01
-3.052577114209987230e-01
-3.032558275897891953e-01
-3.012272116827398594e-01
-2.991943881459082633e-01
-2.971570072523857520e-01
-2.951057481753137646e-01
-2.930759054723597878e-01
-2.910196456894799666e-01
-2.889780570140547122e-01
-2.869224626243740417e-01
-2.848484870583536943e-01
-2.828026710917150299e-01
-2.807462975992672805e-01
-2.786285227023758693e-01
-2.764808208561222447e-01
-2.743200136810735601e-01
-2.721625107440063251e-01
-2.700282289274042458e-01
-2.678763820819922148e-01
-2.657218699544915408e-01
-2.635649845860412177e-01
-2.614218800301107981e-01
-2.592716843164288298e-01
-2.570909388675028939e-01
-2.548624155534927604e-01
-2.526669443737931120e-01
-2.504301995663940628e-01
-2.481660673200585532e-01
-2.458664566788437700e-01
-2.435693576176732600e-01
-2.412706260517429036e-01
-2.389801337679610116e-01
-2.366729921802499248e-01
-2.343578159392558924e-01
-2.320323307526774570e-01
-2.296998224337139516e-01
-2.273845085848473224e-01
-2.250845613589247118e-01
-2.227982444155896524e-01
-2.204871818192275790e-01
-2.181850058148473159e-01
-2.158812371446500455e-01
-2.135823115502671898e-01
-2.112894471528047879e-01
-2.090267569233311695e-01
-2.067676834191798929e-01
-2.045074994409211422e-01
-2.022721113597760190e-01
-2.000456041444811650e-01
-1.978438612851201317e-01
-1.956629928522048423e-01
-1.935104625745220353e-01
-1.913796777628140600e-01
-1.892545952548664312e-01
-1.871210323794419705e-01
-1.849877454893651130e-01
-1.828374784667835817e-01
-1.807000264355916874e-01
-1.785600026503285087e-01
-1.763713259839106706e-01
-1.741991084326134920e-01
-1.720597934544026708e-01
-1.699117024984715396e-01
-1.677791954212607961e-01
-1.656246778988026414e-01
-1.634971113247621621e-01
-1.613677975405777287e-01
-1.592662648005042925e-01
-1.571861206808346512e-01
-1.551234835125056555e-01
-1.530967810409042673e-01
-1.511238736477490963e-01
-1.491590309180316487e-01
-1.472148418307081541e-01
-1.452830118018945404e-01
-1.433785966227719422e-01
-1.414767581992283640e-01
-1.396079416316804989e-01
-1.377463063467606053e-01
-1.359262058046134536e-01
-1.341525220414101216e-01
-1.324483603619860672e-01
-1.307851674441345147e-01
-1.291831919735235978e-01
-1.276270692948550944e-01
-1.261475697560575648e-01
-1.247549916984577872e-01
-1.234635198906807591e-01
-1.222609917554208642e-01
-1.211083153624576969e-01
-1.200221872539360829e-01
-1.189955202466667500e-01
-1.180121402871048136e-01
-1.170959791975205305e-01
-1.162251697472760359e-01
-1.153991224983188096e-01
-1.146239037976555519e-01
-1.138986697943664556e-01
-1.132136800444921848e-01
-1.125684041162993837e-01
-1.119692773282482956e-01
-1.114149572786342218e-01
-1.108992657589663450e-01
-1.104326822664642854e-01
-1.100145117470060080e-01
-1.096484515615850364e-01
-1.093326898397832120e-01
-1.090729953389892315e-01
-1.088615300717026418e-01
-1.087024788224752458e-01
-1.085464200307948712e-01
-1.084161743707081765e-01
-1.083062194039635662e-01
-1.082157709175082111e-01
-1.081438749537408095e-01
-1.080903875293737076e-01
-1.080559073982522850e-01
-1.080393530391303147e-01
-1.080363236021628787e-01
-1.080547253865202922e-01
-1.080930453102811051e-01
-1.081520953028209664e-01
-1.082351216956567580e-01
-1.083409631545147467e-01
-1.084692408251384521e-01
-1.086192948087930654e-01
-1.087918871511589641e-01
-1.089905146080102361e-01
-1.092071770141197495e-01
-1.094408374632187264e-01
-1.096951419912800124e-01
-1.099699379822953738e-01
-1.102690467353085318e-01
-1.105936957203125376e-01
-1.109446974449156825e-01
-1.113253095859855629e-01
-1.117221221970206707e-01
-1.121468163848229893e-01
-1.125970482570236991e-01
-1.130749877468200520e-01
-1.135774612749220064e-01
-1.141051315928440085e-01
-1.146448677126843535e-01
-1.152138173691788087e-01
-1.158053207116431227e-01
-1.164153916756349161e-01
-1.170383359415694963e-01
-1.176864169392437820e-01
-1.183557602276264775e-01
-1.190431514441202682e-01
-1.197542636315868242e-01
-1.204873160156694212e-01
-1.212332927268683219e-01
-1.219923474191846186e-01
-1.227731450822027170e-01
-1.235638987671038164e-01
-1.243457421494693210e-01
-1.251363795698589576e-01
1.697775692431174276e-06
1.713449597490753738e-06
1.272801810745140564e-03
2.281259973269095850e-03
3.299637640926699964e-03
4.332209105967307905e-03
5.383321909385372500e-03
6.461329631042360758e-03
7.547881241779315527e-03
8.652710982271293039e-03
9.771871580725044124e-03
1.091230911499447252e-02
1.204974315644211265e-02
1.324718168910937396e-02
1.502533452622683077e-02
1.680465093955356426e-02
1.859326253481221464e-02
2.042008093181550688e-02
2.222588326983213763e-02
2.405828226272519604e-02
2.589390256124653872e-02
2.773940196183413351e-02
2.960759609393439143e-02
3.149973867913602454e-02
3.341976274334716723e-02
3.536180944813048510e-02
3.734500653199598202e-02
3.933590342235951387e-02
4.136012978855476557e-02
4.339291354585411709e-02
4.541496275695038748e-02
4.744386610571233592e-02
4.950977201290818197e-02
5.154794403481059717e-02
5.356074286596004125e-02
5.559527800190451619e-02
5.764522871054258979e-02
5.968123303646101496e-02
6.172248890199275029e-02
6.375565916000240640e-02
6.578373281668686845e-02
6.781469424426804504e-02
6.986030382733775246e-02
7.193252634404170842e-02
7.401970425690217181e-02
7.613486829289446700e-02
7.828090368722696868e-02
8.045666817304611418e-02
8.264847245890827310e-02
8.483770731354096928e-02
8.703416716420497856e-02
8.924570911269726070e-02
9.149621542984805178e-02
9.374005598693091468e-02
9.600925408382685045e-02
9.827974436219079346e-02
1.005274835414642215e-01
1.027515224991697590e-01
1.049282155120130483e-01
1.070984876955244219e-01
1.092728048723156375e-01
1.114235766070132694e-01
1.135705350120184282e-01
1.157249674757539759e-01
1.178731211468109219e-01
1.200427322150448423e-01
1.222137775552417649e-01
1.243659548633347517e-01
1.265108552844349810e-01
1.286602209912340589e-01
1.308518053436069639e-01
1.331142150890687603e-01
1.354259204817905293e-01
1.377848671442939987e-01
1.401568567722208669e-01
1.425650525701472049e-01
1.449843081788013965e-01
1.474018457215796885e-01
1.498067471683023344e-01
1.521706239837178898e-01
1.545429360843973976e-01
1.568896982043202215e-01
1.592253292531029263e-01
1.615597065532683729e-01
1.638777467858787418e-01
1.661943297060447799e-01
1.684945344547618962e-01
1.707530766807132117e-01
1.730229162799631626e-01
1.753020294995550066e-01
1.775987583015290194e-01
1.798985391874845241e-01
1.821964597846898737e-01
1.844942888385918967e-01
1.867484336596932082e-01
1.889797074960518075e-01
1.912094910703417971e-01
1.934109949991620891e-01
1.955922083842194237e-01
1.977369248371630972e-01
1.998433723764152237e-01
2.019311798343440545e-01
2.039189122444657332e-01
2.058441385177776084e-01
2.077364659535792524e-01
2.095826093304873072e-01
2.114414955979650457e-01
2.133033788409937903e-01
2.151546849357674762e-01
2.170247904542721151e-01
2.189487935404561825e-01
2.208735412496239947e-01
2.228002695855108017e-01
2.247583344801592498e-01
2.267101772579335761e-01
2.286411384507115729e-01
2.305781514703416912e-01
2.324809913283887308e-01
2.343793799245816045e-01
2.362863949453427870e-01
2.382072358479401242e-01
2.401410346773025228e-01
2.420714031024609192e-01
2.440122393072041984e-01
2.459364020893505254e-01
2.478625307161116120e-01
2.497938071609089872e-01
2.517247165828137567e-01
2.536491517979919119e-01
2.555569529232305515e-01
2.574378738358249485e-01
2.592739309825559113e-01
2.610846949304225229e-01
2.629194482234188390e-01
2.647150324017590872e-01
2.664752255292929806e-01
2.682075359721265428e-01
2.698935088641953306e-01
2.715891472098013182e-01
2.732593561859510967e-01
2.748540076511115093e-01
2.764274707021963651e-01
2.779975508888962166e-01
2.795266830890272280e-01
2.810591553442833290e-01
2.825953988306911246e-01
2.841495631306550917e-01
2.857090613609611918e-01
2.872654354055682591e-01
2.888165812914628150e-01
2.903519300520772672e-01
2.918870053349690852e-01
2.934353292479202624e-01
2.949876568215145101e-01
2.965302804864984876e-01
2.980553420315463775e-01
2.995470745308315696e-01
3.010350830062438754e-01
3.025083406463146551e-01
3.039580481251638600e-01
3.053627582146734576e-01
3.067322489784933270e-01
3.080586531607389933e-01
3.093723381476677914e-01
3.106989401132445039e-01
3.120072635919170501e-01
3.132893836115646091e-01
3.145538898018573337e-01
3.157892421524735593e-01
3.170229833577569711e-01
3.182236298424416243e-01
3.194047368738135440e-01
3.205639981252424997e-01
3.216818756526284018e-01
3.227581188504925480e-01
3.238041838150458318e-01
3.247992494903800265e-01
3.257478303053246149e-01
3.266634074056877224e-01
3.275601509370603681e-01
3.284289754871519418e-01
3.292682605114987671e-01
3.300648212313145868e-01
3.308278041608156972e-01
3.315688050928843889e-01
3.322787899407468326e-01
3.329518889132889736e-01
3.335997006731218351e-01
3.342186921907476238e-01
3.348108733604866494e-01
3.353630914806789431e-01
3.358867803654663198e-01
3.363707829569384522e-01
3.368197052234502276e-01
3.372406823155524869e-01
3.376305207634091032e-01
3.379864060508439572e-01
3.383126930014201950e-01
3.386048995718179966e-01
3.388621931173488866e-01
3.390865782313577381e-01
3.392761594178107520e-01
3.394302329361918447e-01
3.395483758618862979e-01
3.396295682291305962e-01
3.396739750237385280e-01
3.396818336428469309e-01
3.396522479331057220e-01
3.395873409411359622e-01
3.394858661075745299e-01
3.393457446724108539e-01
3.391688777059260751e-01
3.389513606601346485e-01
3.386999332361132486e-01
3.384094505356286531e-01
3.380821811332482274e-01
3.377190885701585876e-01
3.373162423768513718e-01
3.368789759605667067e-01
3.363975037350069308e-01
3.358885076338218867e-01
3.353459182765969326e-01
3.347663179731791838e-01
3.341509983697661945e-01
3.335037044393857064e-01
3.328232967959101618e-01
3.321086686035172875e-01
3.313471942057809039e-01
3.305595192417079553e-01
3.297448625047262327e-01
3.289031020182199838e-01
3.280144412713377755e-01
3.270870247987660018e-01
3.261308721551861578e-01
3.251463518909388228e-01
3.241373506923306280e-01
3.230902426653355919e-01
3.220132001439017788e-01
3.209171481929635750e-01
3.197742897008206131e-01
3.185885549783262771e-01
3.173545588998387124e-01
3.160885166240142152e-01
3.147819597330122621e-01
3.134643439259395259e-01
3.120984307016945181e-01
3.107046854133432845e-01
3.092678571661267029e-01
3.078036126182865373e-01
3.063152291583536857e-01
3.047979263288991270e-01
3.032348047457912310e-01
3.016569787667489622e-01
3.000270024425043536e-01
2.983671733639305379e-01
2.966640723582949501e-01
2.949712796232653034e-01
2.932534634722597788e-01
2.915319063099028329e-01
2.898143944168093955e-01
2.880923932613421723e-01
2.863799840595937507e-01
2.846592407433466976e-01
2.829601977087015108e-01
2.812284537951225682e-01
2.794506178853062295e-01
2.776319442297449647e-01
2.757658797198901945e-01
2.738595772241763648e-01
2.719284666118533256e-01
2.699713573707168135e-01
2.679841599930911644e-01
2.659466885964270610e-01
2.639285098625754333e-01
2.618973970618765357e-01
2.598756435650139140e-01
2.578150519042515798e-01
2.557364739232627082e-01
2.536512913764005228e-01
2.516100301763659064e-01
2.495628224202350864e-01
2.474908690972232039e-01
2.454485319678599009e-01
2.433940690043860933e-01
2.413247097951953524e-01
2.393035320539343147e-01
2.372690229529572647e-01
2.352656874990081415e-01
2.332682270267478486e-01
2.312497071457122466e-01
2.292657088292763268e-01
2.272800027095956965e-01
2.252943502948021592e-01
2.233347518565622358e-01
2.213517238337300574e-01
2.193418070478077297e-01
2.173649899846542000e-01
2.153705051493943479e-01
2.134056303120652198e-01
2.115093004844775804e-01
2.096327095144419894e-01
2.077719726176730508e-01
2.059608231368027509e-01
2.041833546264659738e-01
2.024180664582756750e-01
2.006447743400391892e-01
1.988653246509946293e-01
1.971235407230071957e-01
1.953815980191176693e-01
1.936261278113378670e-01
1.918872432973686148e-01
1.901297621645046398e-01
1.883835695980679570e-01
1.866605625952801883e-01
1.849068681889583510e-01
1.831319077125974637e-01
1.813794585467640719e-01
1.796475912739316505e-01
1.779381056976845621e-01
1.762420378772192875e-01
1.745402849694148995e-01
1.728725803409219830e-01
1.712457768656953649e-01
1.696144631656201773e-01
1.679934610346868473e-01
1.663858450708504966e-01
1.647930221438122234e-01
1.632065733298131704e-01
1.616410546218575994e-01
1.600752560812289671e-01
1.585475711210692917e-01
1.570571626662182751e-01
1.555899186502720521e-01
1.541785161262510251e-01
1.528233863282671134e-01
1.514975068818738280e-01
1.502115650121390589e-01
1.489622278878227901e-01
1.477539319366805715e-01
1.465765341428169055e-01
1.454347130937594101e-01
1.443536693351558930e-01
1.433269558853838277e-01
1.423368498689633055e-01
1.414019019837494950e-01
1.405191627276324295e-01
1.396961793761419823e-01
1.389287697362931173e-01
1.382021786791047535e-01
1.375197808317275838e-01
1.368734381561583779e-01
1.362721426044545825e-01
1.357087899934106279e-01
1.351814032266116794e-01
1.347065583887663842e-01
1.342692709420071073e-01
1.338704524312382127e-01
1.335178752999806873e-01
1.332121233353860956e-01
1.329472721840241345e-01
1.327221328156129310e-01
1.325394091357815773e-01
1.324006722554333937e-01
1.323021586296757313e-01
1.322441868574497637e-01
1.322267141008615088e-01
1.322494279162262087e-01
1.323086365725356650e-01
1.324064067467302097e-01
1.325441441592208336e-01
1.327124052507124563e-01
1.329177692784809794e-01
1.331579517574385807e-01
1.334331685694774283e-01
1.337524798039712026e-01
1.341053246948087363e-01
1.344928417568678758e-01
1.349104696216105459e-01
1.353549268637646019e-01
1.358278262242935408e-01
1.363283842815931901e-01
1.368666944089788895e-01
1.374295510246974494e-01
1.380104868709231547e-01
1.386264348770811505e-01
1.392710527317706504e-01
1.399325026151763129e-01
1.406179271530758335e-01
1.413424043677974085e-01
1.421092577757944730e-01
1.429220425839441977e-01
1.437618605601322652e-01
1.446386385564875920e-01
1.455278803248644948e-01
1.464390066023533998e-01
1.473823515316346200e-01
1.483435515250405567e-01
1.492983934590736139e-01
1.502570887822690104e-01
1.512350893584732681e-01
1.522341674703507342e-01
1.532539802612118141e-01
1.542988773276990078e-01
1.553725574145960464e-01
1.564570194722607610e-01
1.575754527873426125e-01
1.587288798552094204e-01
1.599005676034771228e-01
1.611011466426749139e-01
1.623166501617408219e-01
1.635578840514302912e-01
1.648198125536635694e-01
1.661410899152877263e-01
1.674632057823343956e-01
1.687934794200439126e-01
1.701346631174483481e-01
1.714811217417148703e-01
1.728141060336622070e-01
1.741539930764402777e-01
1.755013758995688511e-01
1.768625265429866200e-01
1.782154188455171429e-01
1.795699155504920097e-01
1.809281636277651761e-01
1.822867182442619860e-01
1.836372663201893407e-01
1.850028888222468304e-01
1.863726745755949488e-01
1.877409111223521110e-01
1.891410340561481274e-01
1.905554638855422311e-01
1.920167171612897350e-01
1.934950139851850104e-01
1.949769151800629374e-01
1.964904673681031610e-01
1.980088802678943438e-01
1.995539518890417918e-01
2.011227000163510192e-01
2.027173030136883713e-01
2.043075800765672412e-01
2.058945877135361091e-01
2.074802016828919682e-01
2.090892461909070743e-01
2.106881868778996969e-01
2.122948783117035443e-01
2.139208615940134950e-01
2.155247883762128336e-01
2.171127392108062326e-01
2.186903168804989195e-01
2.202626755183015872e-01
2.218280015103414327e-01
2.234054160987783144e-01
2.250224043289155429e-01
2.266604360100296645e-01
2.283372857010242951e-01
2.300007361862660138e-01
2.316789424912888973e-01
2.333699154406102538e-01
2.350971899763204809e-01
2.368306470342665671e-01
2.385948103987441116e-01
2.403890006543186186e-01
2.422049206151561662e-01
2.440234148881482434e-01
2.458784475604207098e-01
2.477641139851425867e-01
2.497036862522767353e-01
2.516806358158129031e-01
2.536845838457685298e-01
2.557016863350867197e-01
2.577274819554641883e-01
2.597383359678028247e-01
2.617605525312186043e-01
2.638069282779972324e-01
2.658695154832531049e-01
2.679216404430124765e-01
2.700165765033626930e-01
2.720949893020269683e-01
2.741729481062468166e-01
2.762323066764661994e-01
2.783132570962105201e-01
2.804116505057926978e-01
2.824926649351521268e-01
2.845968144053162008e-01
2.866932005385882665e-01
2.887724473281572668e-01
2.908218481639418540e-01
2.929158589583543693e-01
2.949920392685903558e-01
2.970587896366357339e-01
2.991501229165258735e-01
3.012708368947492055e-01
3.034053900623397415e-01
3.055282480447566451e-01
3.076749486222192242e-01
3.098728149780696772e-01
3.120401178662083330e-01
3.142265055828039610e-01
3.164014294306177755e-01
3.185946419650462769e-01
3.207749114277166913e-01
3.229486349741664264e-01
3.251262282079034893e-01
3.272811392054009727e-01
3.294240528908078947e-01
3.316044844794694968e-01
3.337852757088577427e-01
3.359591351299027751e-01
3.381474350096354553e-01
3.403421941481989954e-01
3.425269787688257073e-01
3.447089815451509498e-01
3.468562520179953035e-01
3.489939167748782878e-01
3.511464263886061588e-01
3.532681664122518383e-01
3.553831324858325313e-01
3.574385533942324167e-01
3.594982821073764434e-01
3.615444968037946905e-01
3.635960774037290122e-01
3.656232943016665127e-01
3.676092392054777225e-01
3.695540781958472909e-01
3.714872339115218858e-01
3.733993933758309458e-01
3.753461706825235722e-01
3.772586457829143480e-01
3.791546723764531723e-01
3.810549447330326966e-01
3.829340277009211091e-01
3.848085528317020110e-01
3.866314809011921483e-01
3.884144204619848217e-01
3.901765353191994912e-01
3.919765558222038093e-01
3.937609197744649792e-01
3.955366992741354837e-01
3.973003882436653145e-01
3.990417114352471928e-01
4.007730822459449338e-01
4.024677563376983236e-01
4.041599572199082169e-01
4.058300390866457219e-01
4.074770275556923171e-01
4.091082144878253057e-01
4.107141573403327306e-01
4.123083560734713826e-01
4.138657738476303471e-01
4.154037943431429514e-01
4.169424886308119582e-01
4.184717038159455615e-01
4.199854072385518222e-01
4.214760148071332591e-01
4.229292599708848188e-01
4.243562319385522641e-01
4.257620761657966435e-01
4.271312122182922555e-01
4.284650564041804777e-01
4.297654999500290507e-01
4.310511222278466947e-01
4.323098300136565819e-01
4.335657351224568301e-01
4.348214478040031139e-01
4.360599688331538992e-01
4.372787010096000904e-01
4.384849460433797308e-01
4.396608833597733246e-01
4.407900922636459606e-01
4.419054802027617135e-01
4.429859312888670408e-01
4.638501743152742551e-01
4.636931645325502171e-01
4.635722222711745055e-01
4.634265923335519344e-01
4.632518102324718057e-01
4.630500882770891558e-01
4.628109303308713951e-01
4.625422902311798756e-01
4.622375381965594388e-01
4.619058142253205657e-01
4.615465158829871739e-01
4.611555502193869782e-01
4.607304271126623774e-01
4.602701354094870245e-01
4.597832178658192714e-01
4.592668202593397919e-01
4.587276848468529455e-01
4.581600703663218921e-01
4.575790834794307704e-01
4.569725981875035203e-01
4.563416653270577772e-01
4.556875764983728816e-01
4.550072577979839550e-01
4.543075974479989232e-01
4.536007345720841633e-01
4.528816267223909620e-01
4.521507854501797818e-01
4.514019436662758400e-01
4.506335845010878693e-01
4.498370422167350946e-01
4.490230125946504947e-01
4.481895108994629062e-01
4.473399668787263472e-01
4.464727879668530797e-01
4.455695921534087445e-01
4.446209344944542230e-01
4.436205765952124791e-01
4.425678900767164303e-01
4.414732798513254508e-01
4.403434441130859578e-01
4.392007674661794758e-01
4.380342380309880657e-01
4.368524304533647484e-01
4.356594479808081344e-01
4.344491551785700234e-01
4.332785493297472423e-01
4.320945469385610860e-01
4.308730002394645098e-01
4.296701595127954132e-01
4.284623469212227032e-01
4.272447845819151158e-01
4.260085908109666475e-01
4.247567113730231769e-01
4.234897672781179900e-01
4.221859727324840383e-01
4.208673388952327010e-01
4.195207415184530886e-01
4.181143259539522039e-01
4.167036300551260619e-01
4.152694034271963708e-01
4.138221428117591083e-01
4.123429765846979289e-01
4.108595613322963969e-01
4.093363005809959043e-01
4.077970359539574985e-01
4.062107238445998858e-01
4.046155418551031779e-01
4.029877880557294900e-01
4.013357979030558464e-01
3.996795310986162031e-01
3.980122201759342948e-01
3.963440660981791264e-01
3.946537369891733871e-01
3.929336841410250858e-01
3.911662687887604295e-01
3.893812291208559873e-01
3.875429559074181629e-01
3.856825190488444854e-01
3.838083478185777553e-01
3.819246896210461983e-01
3.800166591593946985e-01
3.780732319466165725e-01
3.761286824207893398e-01
3.741425578087319015e-01
3.721201984592761858e-01
3.700989265812162921e-01
3.680896247389500164e-01
3.660720923435636931e-01
3.640439247388936872e-01
3.619902676655140650e-01
3.599232175005603884e-01
3.578528825287111692e-01
3.558050499028141411e-01
3.537178654909854947e-01
3.515883121242993625e-01
3.494765470417700581e-01
3.473984484277206075e-01
3.453110765093731493e-01
3.431894532012689236e-01
3.410897585904854590e-01
3.389564830416956220e-01
3.367646682528423474e-01
3.345464684182399839e-01
3.323093777288465556e-01
3.300923293652698876e-01
3.279121566070269944e-01
3.256998935195813405e-01
3.235200318114914708e-01
3.213723162086608576e-01
3.192455581196274039e-01
3.171205356147440702e-01
3.150156339490574608e-01
3.129509845002131918e-01
3.108854225252257186e-01
3.088297730091330018e-01
3.067488232124261360e-01
3.046454324984887996e-01
3.025049138119517145e-01
3.002978777388946030e-01
2.983525158296223001e-01
2.977531465766988239e-01
2.975863674415779037e-01
2.974740970498607195e-01
2.973915040103893292e-01
2.973040018282033237e-01
2.972162683818729834e-01
2.971423772159244581e-01
2.970301378893669964e-01
2.969545239540056780e-01
2.969227521794564062e-01
2.968846814946658474e-01
2.968706795751296368e-01
2.968575511410721512e-01
2.968551639907548445e-01
2.968531174697103814e-01
2.968417789779918547e-01
2.967674777005927522e-01
2.966929269687215709e-01
2.966560034785338251e-01
2.965827044822247349e-01
2.964860878788453391e-01
2.963935563865146006e-01
2.963295945812153831e-01
2.962693686966362261e-01
2.961802483022858423e-01
2.960258451621452513e-01
2.958547642528993604e-01
2.956984438194524278e-01
2.955930929047062006e-01
2.955225640889792005e-01
2.954676769863390784e-01
2.954218073547564827e-01
2.953344157931696579e-01
2.952408022263830478e-01
2.951879431632763451e-01
2.951267286459911543e-01
2.950143710232652761e-01
2.948630081244987822e-01
2.947077681349629663e-01
2.945591502532262096e-01
2.945217433210738367e-01
2.944692548540952526e-01
2.944361377090913834e-01
2.944163165000311944e-01
2.944543648569538097e-01
2.945219378336911831e-01
2.945914661350084174e-01
2.946955067060493261e-01
2.948224380670735334e-01
2.949776564721532934e-01
2.951411382375926928e-01
2.953405670287169160e-01
2.955575979260847697e-01
2.957464856840457124e-01
2.959868675229007651e-01
2.962627802254649834e-01
2.965319470322730355e-01
2.968227011283108840e-01
2.970833285611749752e-01
2.973522644773902157e-01
2.976074716724343983e-01
2.978061756955987516e-01
2.979819302054874108e-01
2.981433204646958823e-01
2.983514963514392604e-01
2.985956835647982088e-01
2.988918986604787720e-01
2.992117148311255193e-01
2.995154828254608659e-01
2.998482787123890048e-01
3.001125491526057121e-01
3.003486044526792464e-01
3.005785887892251096e-01
3.008157582141581243e-01
3.010311518195231684e-01
3.012284975651737806e-01
3.015193421575474986e-01
3.017810443560108857e-01
3.020922998796726211e-01
3.024126167510821639e-01
3.027132879296841605e-01
3.030229695076071539e-01
3.033233800850760331e-01
3.036354072669971149e-01
3.039552702155672859e-01
3.042889234611353966e-01
3.046212576302743114e-01
3.049390096799723948e-01
3.052629275017714749e-01
3.055194067258213408e-01
3.057776212466904453e-01
3.060863831478181640e-01
3.063816839167893824e-01
3.066191562440437890e-01
3.069073789187735657e-01
3.072108498823494238e-01
3.075263588456148556e-01
3.078218234732906233e-01
3.081664940414313714e-01
3.084799194889865093e-01
3.088116697872246297e-01
3.091994412481323118e-01
3.095545119845450888e-01
3.099285858738106136e-01
3.102653035616487198e-01
3.106535105129474839e-01
3.110270528175844706e-01
3.114345705703321365e-01
3.118190040824431741e-01
3.121974178986199333e-01
3.126148680391281909e-01
3.130278972654567671e-01
3.134109465829776897e-01
3.138215442100522057e-01
3.142373782500181845e-01
3.145725631268549427e-01
3.149156082997985884e-01
3.152428857340767721e-01
3.155145151785044288e-01
3.158450834446709932e-01
3.161705904205319162e-01
3.164845159033957134e-01
3.168079665364392783e-01
3.171292023952098638e-01
3.174994107197710580e-01
3.179225007633647015e-01
3.182988018109727535e-01
3.186632527796221526e-01
3.190798382475128481e-01
3.195027460789388596e-01
3.199271659756804942e-01
3.203192898982645254e-01
3.206749680003351255e-01
3.210098449535118692e-01
3.213890269416575518e-01
3.217566251883557937e-01
3.220839238052378706e-01
3.223970698817772984e-01
3.227050071739809289e-01
3.229748728599033392e-01
3.232291132103653486e-01
3.234943551544919860e-01
3.237092300970029757e-01
3.239330057544732022e-01
3.241705935588897192e-01
3.244080262881521848e-01
3.246399622485928171e-01
3.248585336422811776e-01
3.250974884289343225e-01
3.253098886028402137e-01
3.254951807364346861e-01
3.256236438656098242e-01
3.257811345672334546e-01
3.259980680281332477e-01
3.261960771884819255e-01
3.264357187376951686e-01
3.266464879115787978e-01
3.268559353268333245e-01
3.271173195628821473e-01
3.273806331199055064e-01
3.276439866194310602e-01
3.278880761499753382e-01
3.281087702111334381e-01
3.283624715916598213e-01
3.285621600005730891e-01
3.287753352591895606e-01
3.289882044738518529e-01
3.291685534335581087e-01
3.293988246208412463e-01
3.296427059807729987e-01
3.298710275757536503e-01
3.301191798232858687e-01
3.303552051839628856e-01
3.306424758588504265e-01
3.309647712122810725e-01
3.313427722473397119e-01
3.316940816164126726e-01
3.320496434115853823e-01
3.324138817146103930e-01
3.327500905384398466e-01
3.331236178663162240e-01
3.334479304883590789e-01
3.337484174475818799e-01
3.340345982151304849e-01
3.342685342534062465e-01
3.344828567439314115e-01
3.346866404133467809e-01
3.349145781266234523e-01
3.351334181062682882e-01
3.353227222998797497e-01
3.355066995629628068e-01
3.356644837861372244e-01
3.358197536883585910e-01
3.359794977320866294e-01
3.361316576155095048e-01
3.363117046060769555e-01
3.365226545092679378e-01
3.367374382745714767e-01
3.370023052124130336e-01
3.373016732660168993e-01
3.375998780213985695e-01
3.378745741800702196e-01
3.381626667191718894e-01
3.384982881649684083e-01
3.388080217338994560e-01
3.391238614983407285e-01
3.393828895356993391e-01
3.396641246652822299e-01
3.399546005144157834e-01
3.402204220528370349e-01
3.404595369404446736e-01
3.406440782158519087e-01
3.408037937346728996e-01
3.409978633874338194e-01
3.411984908824445828e-01
3.413939046132309363e-01
3.415968981064906318e-01
3.417735652250332712e-01
3.419575883939233729e-01
3.421290365722398086e-01
3.422857691336604335e-01
3.424391008463091302e-01
3.425641808170547531e-01
3.427004453074796175e-01
3.428727463949344245e-01
3.430759719078368963e-01
3.432595354843580027e-01
3.434178048781779680e-01
3.435322410975633622e-01
3.436477730634515115e-01
3.437932976945941022e-01
3.439182570203090927e-01
3.440402049068800872e-01
3.441721006007196770e-01
3.442872714596386108e-01
3.444267921085373274e-01
3.445839230920404450e-01
3.447811054747767501e-01
3.449558129595327594e-01
3.451080038671602845e-01
3.452338043096325193e-01
3.453674388677843154e-01
3.454496781735731381e-01
3.455127988656374050e-01
3.455606019110611937e-01
3.456224008937953118e-01
3.456786905557338030e-01
3.457558565366262715e-01
3.457992073667222055e-01
3.458446640441580344e-01
3.459057966052769828e-01
3.459839781164866790e-01
3.460660764901000719e-01
3.461392468289553603e-01
3.462182563123216150e-01
3.462680857588064098e-01
3.462981070812189421e-01
3.463405332368882927e-01
3.463764413828764321e-01
3.464285023216735482e-01
3.465141636730905139e-01
3.466089062631908524e-01
3.467143633682411852e-01
3.468445592542881983e-01
3.469826522310005545e-01
3.471244932127400262e-01
3.472957751850670460e-01
3.474834248293807715e-01
3.476493468375526086e-01
3.478252218395020967e-01
3.480275766993157771e-01
3.482445825512138216e-01
3.484414964419412786e-01
3.486445055350007594e-01
3.488533544884889204e-01
3.490674958337008915e-01
3.492907507871949591e-01
3.495162774436892938e-01
3.497605330941831459e-01
3.499923626345722294e-01
3.502636249817789316e-01
3.505190205639263090e-01
3.507608451623854262e-01
3.510125880112785479e-01
3.512624198039921430e-01
3.515362626579417449e-01
3.517923176355760018e-01
3.520494621452914807e-01
3.523102613330751920e-01
3.525551428618152183e-01
3.528079527838877683e-01
3.530771568408710981e-01
3.533363808126818717e-01
3.536006178993471583e-01
3.538636375610575979e-01
3.541088646513630978e-01
3.543492848361496916e-01
3.545875378452357229e-01
3.548418440801156537e-01
3.550804423812423671e-01
3.553265590407070906e-01
3.555671482519237037e-01
3.558011795679297262e-01
3.560534161152981714e-01
3.562964335244542813e-01
3.565552875687542089e-01
3.567993927378124708e-01
3.570648162592289787e-01
3.573367296038956753e-01
3.575995286578145804e-01
3.578552267592751690e-01
3.580935887961761988e-01
3.583327377273112790e-01
3.585673986835920535e-01
3.588135971496164700e-01
3.590895651664720578e-01
3.593531122434668323e-01
3.596062186278348727e-01
3.598470004226036467e-01
3.600871585762548399e-01
3.603217325101000790e-01
3.605464494755911686e-01
3.607691276505480271e-01
3.609885896056477805e-01
3.612061728409672878e-01
3.614249984721090714e-01
3.616583191919312545e-01
3.618800834389035992e-01
3.620994599918530565e-01
3.623143185437763258e-01
3.625048113283516060e-01
3.626920682738847268e-01
3.628773146730399635e-01
3.630578611862175786e-01
3.632323714920126512e-01
3.634035889469514613e-01
3.635541207096914529e-01
3.636989733573319228e-01
3.638421778372740167e-01
3.639829610861085585e-01
3.641263484998313316e-01
3.642626157162384692e-01
3.644020655000752562e-01
3.645365876907226688e-01
3.646816611166709965e-01
3.648152905705053795e-01
3.649349061181830778e-01
3.650642013911846728e-01
3.651921498616632622e-01
3.653211547107363399e-01
3.654507298036052676e-01
3.655748675288795768e-01
3.657079969174428791e-01
3.658359548676696771e-01
3.659672799824890133e-01
3.660931461797961584e-01
3.662189475603218058e-01
3.663306981393100181e-01
3.664381096750843891e-01
3.665486093583608107e-01
3.666581067436743835e-01
3.667669332038503982e-01
3.668695218747684561e-01
3.669714624609054510e-01
3.670735368805770338e-01
3.671701351111895106e-01
3.672722639690669810e-01
3.673672135424219665e-01
3.674629250656039070e-01
3.675535576881105992e-01
3.676390672140549265e-01
3.677250516972127015e-01
3.678026712406582965e-01
3.678742205689430889e-01
3.679400724254356936e-01
3.679990723238270589e-01
3.680539278555422511e-01
3.681020492750385342e-01
3.681469112618165895e-01
3.681847827618300872e-01
3.682169436713964572e-01
3.682422386358734090e-01
3.682631515032960823e-01
3.682810908955023166e-01
3.682939045807528955e-01
3.683004816634907752e-01
3.683003402763101453e-01
3.682933147122177675e-01
3.682792713412165742e-01
3.682576000156489449e-01
3.682278842808840991e-01
3.681901801869048585e-01
3.681452035714948279e-01
3.680909858228041398e-01
3.680296190498309472e-01
3.679606148984050917e-01
3.678821600645563739e-01
3.677975346615648955e-01
3.677117792575785860e-01
3.676197199807546001e-01
3.675133704075059793e-01
3.673935101797256575e-01
3.672615797622328926e-01
3.671202230823280011e-01
3.669747858575843624e-01
3.668207017805751868e-01
3.666573693962517644e-01
3.664888239048565977e-01
3.663116046476306287e-01
3.661237470995519216e-01
3.659319808893672366e-01
3.657233493205405139e-01
3.655048540005105262e-01
3.652680331163780658e-01
3.650118420759166371e-01
3.647405513663637411e-01
3.644548332836099469e-01
3.641671479878868523e-01
3.638719508599416175e-01
3.635485344539230446e-01
3.632141319467305229e-01
3.628538314473016557e-01
3.624734122815529980e-01
3.620754029817517816e-01
3.616876274182763140e-01
3.613067714534137775e-01
3.609152014732988634e-01
3.604986429359396394e-01
3.600637812833926699e-01
3.596283663061058955e-01
3.592234463803635203e-01
3.587947944451805871e-01
3.583687007200960783e-01
3.579298818038773589e-01
3.574874257949401946e-01
3.570211931422203055e-01
3.565426377126610369e-01
3.560148872438095302e-01
3.554831052722707829e-01
3.549408144583848235e-01
3.543653550857129297e-01
3.538151750795086592e-01
3.532381958105765829e-01
3.526207606747723822e-01
3.519923647689192636e-01
3.513629153442019981e-01
3.507343582333345977e-01
3.501034464500670795e-01
3.494749540384616826e-01
3.488125527462096476e-01
3.481438459423227827e-01
3.474785612621019704e-01
3.468096319611072009e-01
3.461285218338548964e-01
3.454182543399669791e-01
3.446659386926508306e-01
3.438678601685136171e-01
3.430469403904541914e-01
3.422127121739833022e-01
3.413711315918093181e-01
3.404991408150831456e-01
3.396243736374200961e-01
3.387554250373733811e-01
3.378450124636457330e-01
3.369142144854417875e-01
3.359654821282850312e-01
3.350172284019483637e-01
3.340801751414223530e-01
3.330948578955200690e-01
3.320942705721800503e-01
3.310658997305194751e-01
3.299972061534956480e-01
3.289273076677556307e-01
3.278715225515765885e-01
3.267754528237734601e-01
3.256424865453151907e-01
3.245485051277085531e-01
3.234379072801693566e-01
3.223469588032891187e-01
3.212586441485203448e-01
3.201274459070176381e-01
3.189900149244612737e-01
3.178363315084883900e-01
3.166389315230417889e-01
3.154520299718052145e-01
3.142177080064835204e-01
3.129502229691435433e-01
3.117057489354833621e-01
3.104046604845442370e-01
3.091145451374244235e-01
3.077958806656208024e-01
3.065281942247759517e-01
3.052039923383106923e-01
3.038239106397728206e-01
3.024049246799411783e-01
3.009618069001843144e-01
2.994870942999232621e-01
2.979819268809167920e-01
2.964888268804385385e-01
2.949426308697308263e-01
2.933980698865444325e-01
2.917903709023119130e-01
2.902037315747549306e-01
2.886188264008640036e-01
2.869935403810925378e-01
2.853399689286045260e-01
2.836703167375024814e-01
2.819635794383005267e-01
2.802409738800081818e-01
2.784716037199830851e-01
2.766769313481124981e-01
2.749114115563449090e-01
2.731545797523124985e-01
2.713882337312544246e-01
2.696331838929317826e-01
2.678661815166378246e-01
2.661426185605261230e-01
2.644002497225383941e-01
2.625912377365918204e-01
2.608305652012715692e-01
2.591401051902667563e-01
2.574918086660069050e-01
2.558556770216880993e-01
2.542376902693077589e-01
2.525894476065475569e-01
2.509002140558746485e-01
2.492340396777531497e-01
2.475648026953717329e-01
2.458885774890201270e-01
2.441822394321891132e-01
2.424922485312748510e-01
2.408486743987900414e-01
2.392226424592058809e-01
2.376118640882059208e-01
2.360148077161799973e-01
2.343518024318782256e-01
2.327576931822641082e-01
2.312306029211079750e-01
2.297336628236834599e-01
2.281803542134655527e-01
2.266144159440788008e-01
2.250591452068334553e-01
2.234769108398080573e-01
2.219021416425777937e-01
2.203114249156554738e-01
2.187219552559475644e-01
2.170918077372426813e-01
2.155376590800226755e-01
2.140267348852918361e-01
2.125044809667432921e-01
2.110320838102180963e-01
2.095541132920497041e-01
2.080455468432938215e-01
2.065696514754251367e-01
2.051158902866480060e-01
2.036501262544007373e-01
2.022310895150588039e-01
2.008132917943797613e-01
1.993994459606289738e-01
1.979878298536082160e-01
1.966398039878428372e-01
1.953339681422152085e-01
1.940219160624734318e-01
1.927482420850316347e-01
1.914846836219062376e-01
1.902269916193395360e-01
1.889550570561920328e-01
1.877124547924431119e-01
1.864508259737971130e-01
1.852173605385004362e-01
1.839721396026061107e-01
1.827645502992534809e-01
1.816017271915099651e-01
1.804790389988287502e-01
1.794023087450426213e-01
1.782919769076417582e-01
1.770998593791593689e-01
1.759545526480058020e-01
1.748404626946465090e-01
1.737035864530883100e-01
1.726034131578959019e-01
1.715127523231607665e-01
1.704515121243827536e-01
1.693351884661759288e-01
1.682278841486269660e-01
1.671177475133386325e-01
1.659894344534595112e-01
1.648392868315116389e-01
1.637090639425609617e-01
1.625756842367860611e-01
1.614141684481146255e-01
1.603355307531212359e-01
1.592794958918466453e-01
1.582617219150210530e-01
1.572470847142639350e-01
1.563004683309878462e-01
1.553899355748289968e-01
1.545042012774179574e-01
1.536324291187317337e-01
1.527958329611444066e-01
1.519405568959417419e-01
1.510886392417323254e-01
1.501914988780592985e-01
1.492928098259097835e-01
1.483751382605142388e-01
1.474302248340532140e-01
1.464778930887805641e-01
1.455633750980495078e-01
1.446675316001170830e-01
1.437149501186265332e-01
1.427124564059447098e-01
1.417189298861148139e-01
1.407644522261344289e-01
1.398015228160455481e-01
1.388645004290195439e-01
1.379572092718021337e-01
1.370168835333767099e-01
1.360959948737182346e-01
1.351817466127745726e-01
1.342834523385598722e-01
1.333579817906012377e-01
1.324063425073159495e-01
1.315005509613005330e-01
1.306359391236315559e-01
1.297958990238093357e-01
1.289811538517227629e-01
1.281600657888170014e-01
1.273730874373197319e-01
1.265724205803797076e-01
1.257598697528684306e-01
1.249700714906900462e-01
1.241872833951986194e-01
1.233889789553245936e-01
1.225419358342737242e-01
1.216955327972367024e-01
1.208301787011858003e-01
1.199861944682454745e-01
1.191978284270916733e-01
1.184323681132715411e-01
1.176745774469669797e-01
1.168835467250071147e-01
1.161426432455838764e-01
1.154860535437784719e-01
1.148186394691224216e-01
1.141503065194840183e-01
1.134850295149590627e-01
1.128467875117632885e-01
1.122298439952531257e-01
1.116254182858690269e-01
1.110670864212082859e-01
1.105151219825153824e-01
1.099657847195533583e-01
1.094679686963580534e-01
1.089619012301898532e-01
1.084136032726061155e-01
1.078901995418159315e-01
1.073403393802022654e-01
1.067827157871831800e-01
1.062182953226715049e-01
1.056526368360181239e-01
1.050959180972248774e-01
1.045336906234577840e-01
1.039788448889776978e-01
1.034463229463204181e-01
1.029760343576015119e-01
1.025094620871398882e-01
1.020268111824761958e-01
1.015722872744172361e-01
1.011272680571014826e-01
1.006855005602861342e-01
1.001890212172948519e-01
9.968692851482495454e-02
9.921064383206207316e-02
9.877996822220823370e-02
9.836550792720329117e-02
9.796313162089874405e-02
9.756624597962458567e-02
9.716239967593515159e-02
9.671646738218979411e-02
9.623378182245112544e-02
9.574229563044145408e-02
9.529781943509227360e-02
9.480807648721066572e-02
9.429448894356132205e-02
9.376136963143263947e-02
9.321184156903306040e-02
9.264197833645176905e-02
9.202821238578973162e-02
9.140124470810051527e-02
9.077802142036550670e-02
9.019272166902003729e-02
8.962225107500748633e-02
8.907774452989572489e-02
8.856907151069426387e-02
8.804454902334082900e-02
8.752477416166479229e-02
8.698835209268654389e-02
8.642516184398411905e-02
8.589598772024460704e-02
8.539324505438788959e-02
8.490620854376774995e-02
8.447091107368538687e-02
8.403926994394889105e-02
8.359558578590156608e-02
8.313263533905337899e-02
8.263986280213830860e-02
8.213216984113558272e-02
8.161242299482047990e-02
8.113060227244058009e-02
8.066630914572631150e-02
8.021978740024834909e-02
7.971533076080275504e-02
7.923083517966277023e-02
7.870456022233886240e-02
7.823592966732599574e-02
7.774739806027630706e-02
7.727337276191761917e-02
7.681190279593687331e-02
7.638023527205228813e-02
7.598164687561831387e-02
7.559492977328202690e-02
7.518878114171784199e-02
7.480215887273373998e-02
7.433977825318266452e-02
7.391134055677749115e-02
7.346995707121949104e-02
7.304381616694492763e-02
7.256670490414805774e-02
7.213512106871976248e-02
7.172908814317244253e-02
7.130233195968913029e-02
7.088157149337707963e-02
7.039938467212228379e-02
6.992279441763336878e-02
6.942597626034265057e-02
6.893316686183952047e-02
6.849227029405557943e-02
6.802033722117835357e-02
6.751796525882464151e-02
6.700109362273301561e-02
6.646933712165674357e-02
6.598002556543960950e-02
6.548786254907001947e-02
6.498505457606326696e-02
6.447620479401873494e-02
6.394694549226323521e-02
6.341826934984573505e-02
6.289113046371533344e-02
6.238117395975181778e-02
6.188847435223850807e-02
6.136292087346661983e-02
6.085266241526169489e-02
6.032382713765600118e-02
5.984354837973739766e-02
5.938806076217386515e-02
5.893730365854337599e-02
5.851034237381565195e-02
5.810351786755862946e-02
5.768892692913794168e-02
5.727779976206504725e-02
5.687741381162396415e-02
5.647937255151407043e-02
5.610670274922141543e-02
5.574601440126406016e-02
5.538623013705427922e-02
5.502039642640963596e-02
5.465710059007259508e-02
5.432515581556650319e-02
5.398981727778080081e-02
5.363905907172175636e-02
5.327166624252578642e-02
5.289081297798532699e-02
5.251895490235231750e-02
5.214911311369756913e-02
5.181534090416508448e-02
5.150152521402983491e-02
5.117900812717718351e-02
5.085486361395567118e-02
5.054752938566291209e-02
5.022735161741728738e-02
4.989796585234979737e-02
4.958045209772813516e-02
4.926060505871830003e-02
4.895255860342763443e-02
4.866006815288831389e-02
4.834640632244634195e-02
4.803179925042085074e-02
4.774403023970835019e-02
4.746303382834431150e-02
4.716906249555990333e-02
4.687073103362145166e-02
4.657376700030051858e-02
4.628876177661798985e-02
4.602996078834643845e-02
4.575728707395788908e-02
4.547358699002707755e-02
4.519003096476867376e-02
4.489007589069566456e-02
4.462085110557960366e-02
4.435743657168279147e-02
4.407765568331197675e-02
4.379600047675918234e-02
4.351019072987873104e-02
4.321709743759700323e-02
4.293079362078504324e-02
4.265277009480461512e-02
4.236586355399124537e-02
4.207872516012260006e-02
4.178921203348726771e-02
4.148226112528966003e-02
4.118534515803020518e-02
4.089947330316635182e-02
4.062100347563722680e-02
4.034230267474176596e-02
4.003951988645695903e-02
3.973364347522258949e-02
3.944927160669448041e-02
3.915673154129402367e-02
3.889542910076883991e-02
3.862946976960058426e-02
3.837832834616419081e-02
3.813770451670335515e-02
3.788633780345050661e-02
3.764351020512757967e-02
3.740983322240615944e-02
3.717958553068054228e-02
3.697869997598645514e-02
3.678237941154947899e-02
3.656476639548104229e-02
3.635891195775341200e-02
3.617119071118838486e-02
3.598366980485571964e-02
3.580653666414856939e-02
3.563817849248256814e-02
3.548889728814186989e-02
3.534292478851988606e-02
3.518570434270828357e-02
3.502965936738544617e-02
3.488897251634447833e-02
3.474798000431601752e-02
3.460483438882529933e-02
3.447887148660439688e-02
3.434654380802874135e-02
3.422364916684800945e-02
3.410017710635124960e-02
3.398611313806707696e-02
3.386818834806747808e-02
3.374591003197954797e-02
3.362314472915824831e-02
3.350606184514398622e-02
3.339681678475904525e-02
3.328309758050676526e-02
3.316827224040987815e-02
3.306012945398337927e-02
3.294903402010934679e-02
3.284147139913311253e-02
3.273703782270228485e-02
3.264511699566880615e-02
3.254676073233388894e-02
3.244750622839201459e-02
3.235464090276962690e-02
3.226571615028675510e-02
3.218216321111951744e-02
3.210665098649974347e-02
3.204374287130438287e-02
3.197745663722564163e-02
3.191513312218885456e-02
3.186054145151320793e-02
3.180031454862861096e-02
3.175033636544535853e-02
3.170491052046343905e-02
3.165848351417680645e-02
3.160585946835844928e-02
3.154920934599593496e-02
3.150061314006479679e-02
3.145517096250306094e-02
3.141503707757814512e-02
3.137559137169750045e-02
3.133890979625551798e-02
3.130360289636184568e-02
3.127031954314875989e-02
3.123976260132272850e-02
3.120853006982018604e-02
3.118343848156056308e-02
3.116081705018062045e-02
3.114209213908811572e-02
3.112431467730610371e-02
3.110947665706970122e-02
3.109671404455926699e-02
3.108442900866409050e-02
3.107307474201025446e-02
3.106193474403242533e-02
3.105170487330186774e-02
3.104351510235769940e-02
3.103658136265688774e-02
3.103120266850228556e-02
3.102639583841270907e-02
3.102189424201838228e-02
3.101744158769777215e-02
3.101267282630400940e-02
3.100890976803816895e-02
3.100567407664954478e-02
3.100368171975336970e-02
3.100336032640315168e-02
3.100397899217971487e-02
3.100532329761515951e-02
3.100681746697172766e-02
3.100825356895618029e-02
3.101020076433558259e-02
3.101122203606934344e-02
3.101207793014920666e-02
3.101293285112232193e-02
3.101379100863135146e-02
3.101446249876667338e-02
3.101622037729265605e-02
3.101888353772675258e-02
3.102295030003772089e-02
3.102589072533691247e-02
3.102973930402177713e-02
3.103390890120811055e-02
3.103525549719519244e-02
3.103647934898520061e-02
3.103949091866468196e-02
3.104099879092177619e-02
3.104386270435052081e-02
3.105020950334423310e-02
3.105839209259411357e-02
3.106442176927922197e-02
3.107334059863978495e-02
3.107931520349394711e-02
3.108232066285748774e-02
3.108293057976264928e-02
3.108078059890970191e-02
3.107764316244578107e-02
3.107637140859583272e-02
3.107352974233901916e-02
3.106400613854919807e-02
3.104911950181187333e-02
3.102666804985340296e-02
3.099866800134647507e-02
3.096021272319946990e-02
3.091704340405686258e-02
3.087173446219753162e-02
3.082089078154865228e-02
3.077150126129123142e-02
3.072260460467845025e-02
3.067825224153989880e-02
3.063442006365341141e-02
3.059146602267102943e-02
3.055595601289809796e-02
3.052244770224500636e-02
3.048947191122490519e-02
3.046181460142847325e-02
3.043121292460727878e-02
3.039288946244537645e-02
3.035705729357408497e-02
3.032244764037992160e-02
3.028550874056552475e-02
3.023808065891684521e-02
3.018483079128142510e-02
3.012529172002906264e-02
3.007296592090384288e-02
3.002685101278475960e-02
2.998594798563113117e-02
2.993423303642664401e-02
2.987917255570562633e-02
2.982723596010032271e-02
2.977259181689907372e-02
2.972389861506249606e-02
2.968045278543851584e-02
2.963114160194528501e-02
2.958445055871296303e-02
2.953936576095892927e-02
2.950043231141370043e-02
2.945920377159780626e-02
2.941350162558026629e-02
2.936842450400935223e-02
2.931646962549109073e-02
2.926468960769841934e-02
2.921155008478439410e-02
2.916925397826873947e-02
2.912363730217707239e-02
2.906789922830599338e-02
2.902264051594570515e-02
2.897677082772508877e-02
2.891093220604519509e-02
2.887922392656105605e-02
2.884634481649501689e-02
2.879605914202751707e-02
2.873504101987617645e-02
2.867062983598075987e-02
2.862658772990170006e-02
2.858326221586137555e-02
2.854836880822650760e-02
2.852332540107483175e-02
2.849604321117047562e-02
2.848084471272531795e-02
2.845630123050174251e-02
2.844606806644694313e-02
2.843747098009227064e-02
2.842582937842893023e-02
2.842205110946988481e-02
2.841704789917940191e-02
2.841415839727661277e-02
2.841416596434771791e-02
2.841792882263097925e-02
2.842711068395238974e-02
2.845173278505926800e-02
2.849425826878022872e-02
2.855587219437797156e-02
2.863385959394938729e-02
2.872655589669808468e-02
2.883929067330164020e-02
2.896372618942349292e-02
2.908558605709507527e-02
2.922919425292084400e-02
2.938867370422178563e-02
2.956150556509876126e-02
2.975746947896176081e-02
2.996011997752875619e-02
3.019016998228229998e-02
3.044778248287531228e-02
3.073860348576707910e-02
3.106349258643886085e-02
3.143351137406840551e-02
3.183165668167533408e-02
3.226105213313368997e-02
3.272161924644351183e-02
3.321150364627798585e-02
3.372277821107109302e-02
3.426197119922757411e-02
3.482789498421824670e-02
3.542124370381954934e-02
3.605311224836090650e-02
3.671637282945064418e-02
3.741937709118802607e-02
3.814834494083553518e-02
3.891067344917770870e-02
3.971625442934918065e-02
4.056019597492202533e-02
4.144897416175034183e-02
4.236562174376017759e-02
4.330006771296786988e-02
4.426265704677712076e-02
4.525288374710183248e-02
4.626994887779755511e-02
4.731454875657083170e-02
4.838009299660103735e-02
4.947829184748411824e-02
5.058263337931196563e-02
5.172128375146222562e-02
5.288886434792457875e-02
5.408890671371978376e-02
5.533687273672301121e-02
5.661281672234928786e-02
5.791507412737850052e-02
5.922880829580043360e-02
6.058097016113073857e-02
6.194846706045736145e-02
6.334898607802494364e-02
6.478322336119987646e-02
6.626621637443316781e-02
6.779909422362126459e-02
6.937288755603204793e-02
7.098496700638880219e-02
7.260129600099850256e-02
7.426212703643031432e-02
7.591612407455593237e-02
7.756250394720230756e-02
7.921282627065161230e-02
8.070995848402330586e-02
8.219518950622856091e-02
8.381597922028634351e-02
8.519899727679357271e-02
8.654617444875196963e-02
8.808920211595074046e-02
8.941569191336831701e-02
9.089496499196431101e-02
9.244274916627820415e-02
9.378771585056468185e-02
9.538138373765243927e-02
9.701459978819257368e-02
9.860165905587048307e-02
1.003430821663601619e-01
1.022396760088526008e-01
1.042208618046520513e-01
1.062548027644904663e-01
1.083303952350927191e-01
1.104514945662620068e-01
1.125321271774180482e-01
1.146082974415376238e-01
1.166527547830094186e-01
1.186909576373506026e-01
1.206765468343332509e-01
1.226598120598159369e-01
1.245979334845199737e-01
1.265609239452346602e-01
1.284132514325042884e-01
1.302627606665912596e-01
1.321601998971043412e-01
1.340515583331043370e-01
1.359521503063658987e-01
1.378957165833962217e-01
1.398342214515354842e-01
1.417723867608845778e-01
1.436867078940006759e-01
1.456698582152070043e-01
1.476709175750018921e-01
1.497055975638710568e-01
1.517574709991943716e-01
1.538439042377088839e-01
1.559202018563428660e-01
1.580027402475220610e-01
1.600680362014179348e-01
1.621445009681085903e-01
1.642028323838878034e-01
1.662539409458989037e-01
1.682975379846549380e-01
1.703515237615622069e-01
1.723850014549681564e-01
1.725881484315735515e-01
1.727536081098686449e-01
1.728789534848038101e-01
1.729998653142580389e-01
1.731158353516767945e-01
1.732519628200801520e-01
1.733780850148832209e-01
1.735067199825457984e-01
1.736386696987141098e-01
1.737618718973447385e-01
1.738892896489808437e-01
1.739899225015120177e-01
1.739854902792210556e-01
1.738990395214278784e-01
1.737894907364518071e-01
1.736165776019110429e-01
1.734069939691875173e-01
1.731681675468879356e-01
1.728968540758874517e-01
1.726228487984383664e-01
1.723842527471201869e-01
1.721134505250145053e-01
1.718135253661129125e-01
1.715619806316824592e-01
1.712847460057605742e-01
1.710479793552859840e-01
1.708128484445738393e-01
1.705701041923900485e-01
1.703324949307579717e-01
1.700994491088793359e-01
1.698633989557595536e-01
1.696687881748529803e-01
1.694566553732482495e-01
1.692332067860145839e-01
1.690050055280411800e-01
1.687926892083736474e-01
1.685681258995725962e-01
1.683013815065713958e-01
1.680689329871201676e-01
1.678320311818334021e-01
1.676153144027989206e-01
1.674166122417160285e-01
1.671940226131224949e-01
1.670197773078322956e-01
1.668367196839203592e-01
1.666391658642209783e-01
1.664115302503279548e-01
1.661899258811268820e-01
1.659376837916396730e-01
1.657033362066130944e-01
1.654293691245826980e-01
1.651321791048689092e-01
1.648283719171420303e-01
1.644665606519771783e-01
1.641329779477712081e-01
1.638057147491426002e-01
1.634966269353763657e-01
1.631526441141512573e-01
1.627517686956819476e-01
1.622990160276684135e-01
1.618625046246686405e-01
1.614571743037838680e-01
1.610928995707676947e-01
1.607507703088608131e-01
1.604355473436760160e-01
1.601545929145422598e-01
1.598599815143476877e-01
1.596161839619446576e-01
1.593275838297988634e-01
1.590592033149227924e-01
1.587835109186041538e-01
1.585231952695632385e-01
1.582557396336183309e-01
1.579848792112277800e-01
1.576421574129770464e-01
1.572290425839398542e-01
1.568455792401871607e-01
1.565498237584446450e-01
1.562352968412314413e-01
1.558942123248561185e-01
1.555623360787212195e-01
1.552658768981240167e-01
1.549500117321347126e-01
1.546646313061545708e-01
1.543711020017703439e-01
1.540542976866981217e-01
1.537571353944840458e-01
1.534771544309241065e-01
1.531988881364218236e-01
1.529032998923211539e-01
1.525642914209670575e-01
1.522521906643071465e-01
1.519302928193443092e-01
1.516281167250743411e-01
1.513676585333391944e-01
1.511409496434022448e-01
1.508904056575876840e-01
1.506091142244543046e-01
1.503269674181326454e-01
1.500616835269757698e-01
1.498321317230806582e-01
1.496593000503344262e-01
1.494450148416364976e-01
1.492003719157797281e-01
1.489714481047156036e-01
1.487485211758284576e-01
1.485439275704258655e-01
1.483148610126536204e-01
1.481195897760768931e-01
1.479590395957732785e-01
1.478112431794055548e-01
1.476924628897241520e-01
1.476268325360006461e-01
1.476226758327591204e-01
1.477071074763185998e-01
1.480508105589800893e-01
1.482428281308001694e-01
1.488729646552916785e-01
1.500089077776208812e-01
1.514067327009111230e-01
1.527201755434892949e-01
1.541895028496945708e-01
1.556259445888160398e-01
1.571066751654436322e-01
1.586081696487477433e-01
1.600581501738097823e-01
1.614760516564227588e-01
1.628401810586894150e-01
1.641761038202086964e-01
1.654805734615926727e-01
1.667517795676308756e-01
1.679857009983420635e-01
1.692056794377529427e-01
1.703906554011556385e-01
1.715341947157333347e-01
1.726455868749473821e-01
1.737264701983028681e-01
1.747814589440101485e-01
1.757911594007764977e-01
1.767594267853165035e-01
1.776945077614859869e-01
1.785942242175325434e-01
1.794698505820560563e-01
1.803125291429264476e-01
1.811055331795763113e-01
1.818592012474985198e-01
1.825647896687404570e-01
1.832361353402596205e-01
1.838644319015791950e-01
1.844546713451663544e-01
1.850053014763245740e-01
1.855168962909341801e-01
1.859815097383376581e-01
1.864021211224860253e-01
1.867713956241719986e-01
1.870965719431236796e-01
1.873776641353053773e-01
1.876143474953515522e-01
1.878035595992955942e-01
1.879489144902604103e-01
1.880474835643458631e-01
1.881014121095782310e-01
1.881109617125315825e-01
1.880774279591191367e-01
1.880018481005071851e-01
1.878828199861887760e-01
1.877229815526922918e-01
1.875206450799663804e-01
1.872766281523350340e-01
1.869843028187052614e-01
1.866550064747547755e-01
1.862862681867351877e-01
1.858778465486262133e-01
1.854274862302466298e-01
1.849318392408295375e-01
1.843895849151728494e-01
1.838049770780324776e-01
1.831762995165609753e-01
1.825096377590672836e-01
1.817978778275311513e-01
1.810283105977353313e-01
1.802161451862819563e-01
1.793602186711608648e-01
1.784730401349893247e-01
1.775479043772956178e-01
1.765914337817106605e-01
1.755898718918841861e-01
1.745553632244163378e-01
1.734758302725308010e-01
1.723739854974602470e-01
1.712499059623380504e-01
1.700982483012492275e-01
1.689194768755954423e-01
1.677207200571343149e-01
1.664824192204858166e-01
1.651957043881634168e-01
1.638835075295890509e-01
1.625455224575731716e-01
1.611752400219793047e-01
1.597697914457757995e-01
1.583432740607676470e-01
1.569035751331276651e-01
1.554515159617103348e-01
1.539807453017471572e-01
1.524880633513371053e-01
1.509790858547945536e-01
1.494292236251962280e-01
1.478573965317444006e-01
1.462710020439494385e-01
1.446623199955964778e-01
1.430278195147764719e-01
1.413583557281173908e-01
1.396461874982801166e-01
1.379431300393567650e-01
1.362363072376880646e-01
1.345082002891500594e-01
1.327389708197240503e-01
1.309556924317074877e-01
1.291566580210818660e-01
1.273283530338139846e-01
1.255046791256374250e-01
1.236624799833018346e-01
1.218216356051063931e-01
1.199714809139735827e-01
1.181344661878206831e-01
1.162975357934156323e-01
1.144497230724040443e-01
1.125735361655690464e-01
1.107061122243986340e-01
1.088061451527656126e-01
1.069051708123047867e-01
1.049346624727162947e-01
1.029822521030592242e-01
1.010139483643078817e-01
9.901921836310216551e-02
9.703846199804540273e-02
9.505550129784069713e-02
9.303679571231812662e-02
9.099269162534680266e-02
8.893359702965537850e-02
8.687475037973081682e-02
8.481900079793223968e-02
8.277991398541201251e-02
8.071904529073094248e-02
7.865338218814822702e-02
7.657617264717606065e-02
7.448436517713440119e-02
7.238375247491744824e-02
7.026771123220557080e-02
6.817382593404994195e-02
6.608665962079705858e-02
6.399406090832636396e-02
6.188720118156589012e-02
5.978051119204919051e-02
5.763251914754852906e-02
5.545212365354719453e-02
5.327952738838164642e-02
5.113905151424141121e-02
4.903850843158712863e-02
4.692942420016656124e-02
4.481084056911602970e-02
4.269695581915444044e-02
4.061032591308647716e-02
3.851425874495878476e-02
3.643984231992176970e-02
3.435596503324844092e-02
3.228455432640194717e-02
3.021538252428267179e-02
2.815801662523277279e-02
2.612356129492235043e-02
2.409574931284530486e-02
2.208085040900701485e-02
2.006783438810191833e-02
1.804809046353618093e-02
1.606106702952123100e-02
1.407936777790488002e-02
1.210913520675246761e-02
1.014105027237251384e-02
8.158147036261716861e-03
6.194817792347340549e-03
4.268428537165042808e-03
2.391934807454434986e-03
5.341793743104651876e-04
-1.345369534263612206e-03
-3.205478826526921010e-03
-5.038489734644611799e-03
-6.866654754344991667e-03
-8.664003088801778413e-03
-1.046922788746588485e-02
-1.227930035414998705e-02
-1.408146188351054595e-02
-1.583586171722833197e-02
-1.760068305615163087e-02
-1.933842588029968668e-02
-2.103943645335966395e-02
-2.271764844880784506e-02
-2.437487774075851668e-02
-2.600067329981831446e-02
-2.762112671019314319e-02
-2.921995270663282213e-02
-3.079754410169062775e-02
-3.235867981341723071e-02
-3.387873651004592174e-02
-3.537203633432096234e-02
-3.684501053698097800e-02
-3.830799252721348719e-02
-3.976238971286921720e-02
-4.118265110737388129e-02
-4.259017152064301093e-02
-4.397456137018340011e-02
-4.532275422758129391e-02
-4.665570671583882389e-02
-4.795316457347616884e-02
-4.920650184141370231e-02
-5.042372411633008061e-02
-5.160661391067838250e-02
-5.276814109072433534e-02
-5.389889156051780317e-02
-5.500727135663289330e-02
-5.607693445046019881e-02
-5.711494289130249896e-02
-5.809920349167010251e-02
-5.904375088759548224e-02
-5.994349124303019472e-02
-6.081450850238371425e-02
-6.166510935377360336e-02
-6.247535984980022439e-02
-6.324291257519178144e-02
-6.396383099624132484e-02
-6.464688209291576115e-02
-6.529362966739932217e-02
-6.589951835425669757e-02
-6.646312420858323244e-02
-6.699701665549552543e-02
-6.748897461859221236e-02
-6.794047044146610259e-02
-6.835174557809188534e-02
-6.872210372728990158e-02
-6.904945205861420798e-02
-6.933726146812359270e-02
-6.959089937964517414e-02
-6.980813521541255617e-02
-6.999068897927576693e-02
-7.014017063937522112e-02
-7.025526206955397257e-02
-7.033640780032085482e-02
-7.038334548952067393e-02
-7.039590650351397472e-02
-7.037825698703543964e-02
-7.032685983744241254e-02
-7.024252304716245565e-02
-7.012511997813358766e-02
-6.997300154395058591e-02
-6.978461911313971200e-02
-6.955896467189355559e-02
-6.929252895039979265e-02
-6.899488026766875670e-02
-6.866512255345570692e-02
-6.829496148972008518e-02
-6.788851039165419432e-02
-6.744587278682311060e-02
-6.697720139291372943e-02
-6.647308537868693024e-02
-6.593376986226288927e-02
-6.535318290940554664e-02
-6.472482516304287059e-02
-6.405310887751020088e-02
-6.334773496239928803e-02
-6.261996525007892944e-02
-6.185979933275118775e-02
-6.107732743253402319e-02
-6.026349434455609971e-02
-5.942463328112423254e-02
-5.856132155376781584e-02
-5.767564120174811099e-02
-5.676038416682806925e-02
-5.581882673830632080e-02
-5.485291668419855354e-02
-5.385236675473687590e-02
-5.281554453566755097e-02
-5.176223975683549861e-02
-5.067856493912416965e-02
-4.957157703275359706e-02
-4.845197857515034373e-02
-4.730104966634291613e-02
-4.613176783392657770e-02
-4.491645223160096317e-02
-4.368199253613249539e-02
-4.244819291478804657e-02
-4.115867128878016035e-02
-3.984735444004030430e-02
-3.848018839020742043e-02
-3.711580063755322290e-02
-3.578615211727993739e-02
-3.443446549578173949e-02
-3.304784941025810940e-02
-3.161622528685265748e-02
-3.017273595090144006e-02
-2.872847911201406937e-02
-2.729427086875817893e-02
-2.580835578322443480e-02
-2.427207651487274173e-02
-2.277577029592752628e-02
-2.123663901862072462e-02
-1.967112490719963649e-02
-1.816841295498616837e-02
-1.657621622842775713e-02
-1.500938490959494165e-02
-1.348716216420637812e-02
-1.197450369288924343e-02
-1.049177898940129201e-02
-9.055960902320660949e-03
-7.612949748500045730e-03
-6.235105219513927335e-03
-4.819155382401560384e-03
-3.604643492070609342e-03
-2.486478302508632592e-03
-1.603253199485208096e-03
-8.163536314874578334e-04
-1.795034659842083518e-04
4.071082515215648529e-04
9.095258155821105313e-04
1.388037723270290399e-03
1.775093059392563290e-03
2.123692951904470987e-03
4.027414380972592009e-03
5.957656855522541241e-03
7.930536939315821487e-03
9.875637404339301234e-03
1.180266234797161008e-02
1.370225152799076779e-02
1.557490347067548749e-02
1.744239594767364385e-02
1.925202679885592780e-02
2.105695295727832289e-02
2.285334474782934472e-02
2.462412072146272918e-02
2.641043013513891258e-02
2.819220518957556848e-02
2.995350649315871305e-02
3.169062791371430460e-02
3.341203656947470263e-02
3.513482134955817765e-02
3.683061261812934500e-02
3.855351221933325800e-02
4.024436626782057491e-02
4.193509155281783390e-02
4.360191445769109192e-02
4.522863076528393922e-02
4.682330739429873406e-02
4.840059402471264677e-02
4.995632673663716328e-02
5.150523904138009507e-02
5.305098990225567274e-02
5.456236560718374928e-02
5.604539317668064818e-02
5.750799025482130483e-02
5.893777181735958270e-02
6.035740966964639465e-02
6.173882752753253461e-02
6.308342299295671696e-02
6.440143528563713193e-02
6.567479270153375737e-02
6.691219975586339130e-02
6.812725195222441021e-02
6.931315352028871724e-02
7.046178164572550195e-02
7.158255627899805240e-02
7.268707001240931609e-02
7.373686124196404679e-02
7.475523347768212035e-02
7.571727675375618249e-02
7.663920957467093564e-02
7.753044649680262967e-02
7.838685197996508869e-02
7.919116472925122330e-02
7.995200700546846451e-02
8.066655719047023665e-02
8.132617946098257000e-02
8.193611612007220546e-02
8.249921531266478369e-02
8.301890073341376686e-02
8.349642910701539356e-02
8.392799837133269047e-02
8.430860624800336212e-02
8.463939366591831381e-02
8.491816623203506109e-02
8.514730649596355394e-02
8.532148755717335054e-02
8.544559994731860952e-02
8.551958319611607795e-02
8.554455903628213620e-02
8.552066695979133881e-02
8.545047518028765776e-02
8.533037404881993471e-02
8.515822915472581744e-02
8.494074818154824513e-02
8.467286266099974257e-02
8.435903580447208505e-02
8.399877735024016689e-02
8.359579522902473026e-02
8.313918145317189534e-02
8.263199650500430149e-02
8.208334807739393890e-02
8.148787237072568912e-02
8.084851645734773828e-02
8.016371481031453472e-02
7.942406629235566895e-02
7.862035944600416493e-02
7.777276574035728307e-02
7.686596684449076289e-02
7.593784345842091721e-02
7.496987741384476822e-02
7.393663037515564584e-02
7.287302814159628273e-02
7.175798305809848177e-02
7.058530449834322928e-02
6.935582097269360480e-02
6.808927005859223558e-02
6.677452802440317359e-02
6.539646114182534609e-02
6.400056035498521978e-02
6.255459226023829533e-02
6.109203189185020283e-02
5.962110479717044886e-02
5.811012943333605796e-02
5.658159786611526715e-02
5.502821641885365100e-02
5.347367542456637340e-02
5.190801313302036146e-02
5.031901142929630366e-02
4.869896039671738064e-02
4.706114974318023614e-02
4.538808244566144845e-02
4.368860561187416086e-02
4.195132619690838949e-02
4.017420980827886290e-02
3.841201753492413246e-02
3.662906767052361706e-02
3.481244321852555723e-02
3.298922544299002363e-02
3.118375973959747194e-02
2.940298420288385561e-02
2.762048074848180365e-02
2.583416998312097063e-02
2.399477268513757269e-02
2.214625799686168947e-02
2.026140592420738393e-02
1.839825940058619283e-02
1.659303611665220030e-02
1.481081625979066563e-02
1.304305192503266500e-02
1.122261280344765376e-02
9.430010991963692565e-03
7.667709548234528071e-03
5.895104824759673720e-03
4.156506058664861947e-03
2.454026512814400963e-03
7.469852512819997971e-04
-9.699557563491897601e-04
-2.677909992125731414e-03
-4.380799652109617498e-03
-6.068017847986955163e-03
-7.715703152171740457e-03
-9.339398695136088072e-03
-1.098306637171607252e-02
-1.260744187006165168e-02
-1.423213071357849052e-02
-1.584276121524548497e-02
-1.744034416447072869e-02
-1.897074323031831822e-02
-2.048364429016731603e-02
-2.197068525555589957e-02
-2.342990527539440607e-02
-2.488704836891729444e-02
-2.631136183907164736e-02
-2.770121269799864783e-02
-2.906219300737382383e-02
-3.038990002689304082e-02
-3.170703412317664449e-02
-3.298149506470061942e-02
-3.422683722662162725e-02
-3.542788719041323198e-02
-3.659251506885997929e-02
-3.772391417820569054e-02
-3.883106172603349032e-02
-3.987522749516060616e-02
-4.090210895158380433e-02
-4.189135790093775208e-02
-4.281536481568812974e-02
-4.370147311826468040e-02
-4.455844070034524484e-02
-4.535684442624673962e-02
-4.611045681016277820e-02
-4.682258642746857380e-02
-4.748432561856116840e-02
-4.810200506413628285e-02
-4.866964669340162475e-02
-4.918591872475658322e-02
-4.965287919481223278e-02
-5.007248618510216909e-02
-5.043816450381239519e-02
-5.075656857626010404e-02
-5.102984825694441284e-02
-5.124995872157698390e-02
-5.141727499856540290e-02
-5.153628357027197765e-02
-5.160365816715576509e-02
-5.162110526867295240e-02
-5.158953291383980289e-02
-5.150889523011829840e-02
-5.137825172961438952e-02
-5.119537154654035804e-02
-5.096135044535796826e-02
-5.067317034435546430e-02
-5.033785351456984691e-02
-4.995439380153222225e-02
-4.952357998153029961e-02
-4.905374093086192072e-02
-4.853224800790312959e-02
-4.799711319833279560e-02
-4.745450643865974788e-02
-4.695410737324217515e-02
-4.652539790177018242e-02
-4.619519534258248461e-02
-4.592227163326267209e-02
-4.577236127110067415e-02
-4.563823840864079245e-02
-4.552170391544523714e-02
-4.540151817732014650e-02
-4.525975224942289238e-02
-4.511552214567906421e-02
-4.497100060569294427e-02
-4.480189935627435643e-02
-4.462487450996477367e-02
-4.444064603076349623e-02
-4.425584654502592863e-02
-4.409138376160701839e-02
-4.394408916398873099e-02
-4.380762557394306256e-02
-4.361599970047437547e-02
-4.343225487447448935e-02
-4.325080287775547733e-02
-4.312523325277856090e-02
-4.297377204278446383e-02
-4.285772781260699382e-02
-4.273697189128710522e-02
-4.257236831389524245e-02
-4.246794032112890388e-02
-4.235615491278024031e-02
-4.226172582162163183e-02
-4.226867423114047395e-02
-4.231700777818501319e-02
-4.238539101738896669e-02
-4.246429922335752394e-02
-4.254805929964647349e-02
-4.258196678857503054e-02
-4.266842415691171619e-02
-4.273226044983179789e-02
-4.272440213509335477e-02
-4.272768155331575085e-02
-4.273095026884751041e-02
-4.271220896806673245e-02
-4.274276106022368432e-02
-4.277875974088633099e-02
-4.278321726184722978e-02
-4.272641125689220082e-02
-4.266826935277906463e-02
-4.257454963127972614e-02
-4.250967224511439241e-02
-4.241561749521681468e-02
-4.229241475715658088e-02
-4.213525100685803354e-02
-4.194963880076098967e-02
-4.177657263104645607e-02
-4.171415070036323808e-02
-4.168785865257689655e-02
-4.165212536262667686e-02
-4.161681158586775370e-02
-4.156863976358227131e-02
-4.147007414462882541e-02
-4.135226518713082389e-02
-4.125291272858862268e-02
-4.114735437398975293e-02
-4.104437567609316856e-02
-4.100161073684314983e-02
-4.093552899878943191e-02
-4.077334955792677462e-02
-4.058149100857369462e-02
-4.038588747323592493e-02
-4.014620140652396668e-02
-3.991688985910965548e-02
-3.979000278600260815e-02
-3.967629753890672406e-02
-3.957815945066692903e-02
-3.947589912534957279e-02
-3.940772223384914758e-02
-3.933260908990016125e-02
-3.926714085598204118e-02
-3.917745237056634300e-02
-3.912740673883433745e-02
-3.909429867192934505e-02
-3.909230844742944688e-02
-3.906639058052584906e-02
-3.905567147620153667e-02
-3.900952782996550822e-02
-3.898861477943391801e-02
-3.892191776651197921e-02
-3.885527315075780475e-02
-3.882641958963285733e-02
-3.883169889011475057e-02
-3.883481898402752625e-02
-3.877766055998112943e-02
-3.878638252675647297e-02
-3.878018673916571596e-02
-3.879809706056706192e-02
-3.883340184925471172e-02
-3.886459153884164880e-02
-3.887980254474937558e-02
-3.891410013706881471e-02
-3.894831690566280535e-02
-3.905780351076805490e-02
-3.912244409339687978e-02
-3.918973455281835050e-02
-3.921151536808283738e-02
-3.924701303611426856e-02
-3.925481296519268970e-02
-3.925415232201263233e-02
-3.931665085219304689e-02
-3.931745739204255130e-02
-3.929071724865827037e-02
-3.931762742163502633e-02
-3.934136189720009030e-02
-3.933210496536226897e-02
-3.937442976394910088e-02
-3.940892269355233263e-02
-3.941916373852375616e-02
-3.945397591616374433e-02
-3.937692079716895166e-02
-3.929385015941994075e-02
-3.913138345122174622e-02
-3.892598804346192320e-02
-3.871864243276413459e-02
-3.848091661441883915e-02
-3.820372254259598449e-02
-3.797984538963901369e-02
-3.776323624363366743e-02
-3.756145435130820581e-02
-3.738933800719217160e-02
-3.720718574118423577e-02
-3.704990228004377550e-02
-3.686283548288361855e-02
-3.672652004308762930e-02
-3.658022951457670646e-02
-3.644053643498677830e-02
-3.632666251450059058e-02
-3.615617668447768107e-02
-3.594033604386559499e-02
-3.569336128629803373e-02
-3.545367277991017668e-02
-3.516477285768038197e-02
-3.487283283028685954e-02
-3.461503238171879243e-02
-3.430910658604802849e-02
-3.400200874580327354e-02
-3.373205698388260371e-02
-3.350059873879573241e-02
-3.158341689049389001e-02
-2.970429002186208284e-02
-2.778405584559287544e-02
-2.587733014691232653e-02
-2.398237297648423902e-02
-2.209936240256895820e-02
-2.023199047368321596e-02
-1.839920578659811484e-02
-1.659311988611859509e-02
-1.482688151941845972e-02
-1.309441009316871657e-02
-1.137505042525135436e-02
-9.650247329581347275e-03
-7.950093441664083868e-03
-6.282907242777170664e-03
-4.619831113849292431e-03
-2.980371526711587428e-03
-1.358096113648738900e-03
2.372756799367389726e-04
1.806518519428956891e-03
3.340652563102260945e-03
4.867251799775062539e-03
6.354624933095945685e-03
7.857229409678943843e-03
9.332428141046749184e-03
1.077145625203574340e-02
1.219337830586181802e-02
1.358751736170625384e-02
1.493411802930908611e-02
1.623195298757644164e-02
1.748683300349432659e-02
1.870864285200354166e-02
1.989400628474687072e-02
2.103071647254495941e-02
2.212753095480521695e-02
2.317590406846269449e-02
2.418692399826450831e-02
2.516432011353263165e-02
2.610470782533613754e-02
2.700268192999965775e-02
2.785262518120480701e-02
2.867435103961371579e-02
2.945222503305237535e-02
3.017971042150398644e-02
3.086100669523263174e-02
3.149103087932431100e-02
3.207948887200897520e-02
3.262034097711967451e-02
3.312284824552484686e-02
3.358016320350851180e-02
3.398856622295508972e-02
3.435381517816541580e-02
3.467715807483030821e-02
3.495495413016365405e-02
3.517997547058638458e-02
3.535807795091700650e-02
3.548941115785265998e-02
3.557322425366057222e-02
3.561023762987994279e-02
3.560081211319880701e-02
3.554749312598580457e-02
3.544962285190385309e-02
3.530741834357480763e-02
3.512000919143234978e-02
3.488894396116690166e-02
3.461218676065175304e-02
3.428918062828768126e-02
3.392450545350332580e-02
3.351227641316910366e-02
3.305122705689755164e-02
3.254890294764687525e-02
3.199974576923779457e-02
3.140353450954397330e-02
3.076600653615928563e-02
3.009652117235074933e-02
2.937698232724555297e-02
2.860835548315677698e-02
2.779102449672258418e-02
2.693121045303364589e-02
2.602715314096736010e-02
2.508331215128785027e-02
2.409990235199738207e-02
2.307588607039230341e-02
2.202382519415055709e-02
2.094427475697377070e-02
1.984118416643778152e-02
1.871762062871309279e-02
1.756727018212180663e-02
1.638056399941435759e-02
1.516087012963649415e-02
1.387629390195734176e-02
1.259173266753270924e-02
1.128515723419832792e-02
9.954061788230829724e-03
8.576861204015668802e-03
7.190836457109403210e-03
5.766223839424616630e-03
4.338530671705674753e-03
2.889371099549210408e-03
1.401911804736653009e-03
-1.295256572983665777e-04
-1.692149252269983112e-03
-3.296197646146334197e-03
-4.928667950324920610e-03
-6.558866444856380901e-03
-8.200813222846421377e-03
-9.846651155314162240e-03
-1.148836196630469500e-02
-1.312258463353748773e-02
-1.478647752861516305e-02
-1.647012598987762297e-02
-1.817696690393230327e-02
-1.985187830772468590e-02
-2.152078970783032758e-02
-2.316810057525958699e-02
-2.482569241682528599e-02
-2.652204070886435977e-02
-2.822552950980713321e-02
-2.992690607208475101e-02
-3.163540091691011136e-02
-3.333905348041957956e-02
-3.506955991313532445e-02
-3.675178855921697185e-02
-3.845680891962470482e-02
-4.010507923400444957e-02
-4.174669363168170139e-02
-4.339102960357706096e-02
-4.502358163248083162e-02
-4.663239806008260407e-02
-4.825846671841439728e-02
-4.989885855712275498e-02
-5.150087728697651940e-02
-5.301016948281728203e-02
-5.446033430101566986e-02
-5.582535491535674937e-02
-5.721710997701266038e-02
-5.856648994293611049e-02
-5.988896635649602895e-02
-6.115595495883563437e-02
-6.237501413597459216e-02
-6.357562436632269165e-02
-6.472992374796340820e-02
-6.582116433937684752e-02
-6.685974858487232775e-02
-6.788518351279106133e-02
-6.887580334334435228e-02
-6.982233054429501373e-02
-7.072147417222587884e-02
-7.156053311692990582e-02
-7.234685639182059091e-02
-7.309339494002035920e-02
-7.378086744578035705e-02
-7.441447986427407457e-02
-7.500068632416063974e-02
-7.556512236586188092e-02
-7.610221834203620417e-02
-7.659066801495825749e-02
-7.701784924085745832e-02
-7.737880858380492832e-02
-7.768556436498058604e-02
-7.794029826687301488e-02
-7.814216606505147711e-02
-7.828425094350696667e-02
-7.838012832726763690e-02
-7.842415592922229173e-02
-7.841835439874215996e-02
-7.836885767610092535e-02
-7.827269132737348090e-02
-7.813466112249785323e-02
-7.795724152879583702e-02
-7.773809770323174273e-02
-7.748482340087457787e-02
-7.718382567194259636e-02
-7.685536801547536434e-02
-7.650913128628393511e-02
-7.614670241451704236e-02
-7.581104803991989272e-02
-7.547876411445728073e-02
-7.518437165577963877e-02
-7.492052843890753544e-02
-7.471365844797873967e-02
-7.457182922450104889e-02
-7.452819734125418205e-02
-7.451180706013747768e-02
-7.456893357621174889e-02
-7.466778617095901072e-02
-7.480991633044543898e-02
-7.495921459688126287e-02
-7.514663254056928865e-02
-7.544295666565946357e-02
-7.579235344954673992e-02
-7.605875563817099394e-02
-7.636485803466278033e-02
-7.672018128873649145e-02
-7.700576045591442376e-02
-7.737248791555650929e-02
-7.775932829480781960e-02
-7.811148634033303340e-02
-7.845889726564017619e-02
-7.870613366018062995e-02
-7.896976692833573841e-02
-7.922765873999225439e-02
-7.950599499237318013e-02
-7.980024872905876199e-02
-8.010532258114287651e-02
-8.044912375468719901e-02
-8.080578464225526836e-02
-8.113582751995077058e-02
-8.155126447200561346e-02
-8.194494172902846985e-02
-8.237506237206904114e-02
-8.278367412617568255e-02
-8.326955312484102256e-02
-8.379318150020854949e-02
-8.431737619751136781e-02
-8.492364516438252742e-02
-8.552406601638466721e-02
-8.621200302632972545e-02
-8.689293493705270433e-02
-8.761357000267565309e-02
-8.831809008582860998e-02
-8.905875890659480099e-02
-8.980508641317017093e-02
-9.055685061250201562e-02
-9.131661945002823855e-02
-9.205501929032290642e-02
-9.278607906881114475e-02
-9.340587904776591344e-02
-9.404832724356335105e-02
-9.466452656757569362e-02
-9.526528350529178679e-02
-9.583574835060157393e-02
-9.643731231513183455e-02
-9.708454726949626579e-02
-9.769795654150625897e-02
-9.832412359616610198e-02
-9.902740948607971494e-02
-9.971650338764256882e-02
-1.004866173122489770e-01
-1.013558128819820742e-01
-1.022094455402275115e-01
-1.030197700726382948e-01
-1.038936649410385910e-01
-1.047842963258806132e-01
-1.056868319865920947e-01
-1.066076570293000986e-01
-1.075187833889591077e-01
-1.084272559034827610e-01
-1.093810621341877592e-01
-1.103196960648647335e-01
-1.112563795371687009e-01
-1.121979945196608791e-01
-1.130818970146793417e-01
-1.139606662787474994e-01
-1.147625512861957797e-01
-1.155632631712018854e-01
-1.163220884828866236e-01
-1.170723079532345334e-01
-1.177656130252556499e-01
-1.184252569321858212e-01
-1.191445878015507248e-01
-1.198314372538237804e-01
-1.205119521879315647e-01
-1.211482437081865121e-01
-1.217283645044331536e-01
-1.223458065238622605e-01
-1.228579737872183969e-01
-1.234112764954289204e-01
-1.239809646311040431e-01
-1.245764008389839556e-01
-1.252033569194577201e-01
-1.259023803930433005e-01
-1.265477222994178252e-01
-1.272402747384172028e-01
-1.279597296477053003e-01
-1.286940034646376074e-01
-1.294923844066629137e-01
-1.303519961230050483e-01
-1.311569186068053949e-01
-1.319406476602212330e-01
-1.327176799018053022e-01
-1.334899945396472165e-01
-1.342108155841359174e-01
-1.348813423183057858e-01
-1.354950163700493482e-01
-1.361548690229356651e-01
-1.368197279943876299e-01
-1.375228865827179681e-01
-1.382291178976074453e-01
-1.389988128448336746e-01
-1.398269688120334642e-01
-1.406705089666270836e-01
-1.415296379306168195e-01
-1.424149269573780630e-01
-1.432303463309135272e-01
-1.439774270259190636e-01
-1.447274611568685199e-01
-1.454127590298072981e-01
-1.460776596835104135e-01
-1.467332102271963479e-01
-1.474027972753991500e-01
-1.480594396382266809e-01
-1.487130498072993245e-01
-1.494259788079596585e-01
-1.501263280212546958e-01
-1.508073329986256983e-01
-1.514761984225999614e-01
-1.522072370403131647e-01
-1.529187777446720797e-01
-1.536295495229741126e-01
-1.542831018212165450e-01
-1.548618300551010962e-01
-1.554041219539345764e-01
-1.559101516244471852e-01
-1.563738608953491038e-01
-1.567615158741959003e-01
-1.571572238083491779e-01
-1.575966395706225320e-01
-1.579850443760249801e-01
-1.584215042358738390e-01
-1.588232284226402946e-01
-1.592635873905286492e-01
-1.597298967793102376e-01
-1.601494902372066764e-01
-1.605701131788996039e-01
-1.609483249110546244e-01
-1.613732701516903678e-01
-1.618067457321197555e-01
-1.621966344659691583e-01
-1.625613076976691884e-01
-1.629505912657760458e-01
-1.633432533933241171e-01
-1.637635167157687477e-01
-1.642177397748834922e-01
-1.646446570739225346e-01
-1.650756539800503353e-01
-1.655486033116422007e-01
-1.659894139748621378e-01
-1.664959945578419198e-01
-1.670613213085163917e-01
-1.676152262112771130e-01
-1.681356908496777214e-01
-1.686589585319747120e-01
-1.692252326863960266e-01
-1.698537057801294270e-01
-1.704365673404898418e-01
-1.710459049205821369e-01
-1.716395296233281242e-01
-1.722349422294345567e-01
-1.728522402096423216e-01
-1.734183395442774334e-01
-1.740045840040963243e-01
-1.745961611800440627e-01
-1.752218069724868488e-01
-1.758652070125596434e-01
-1.765509692959198462e-01
-1.771892326262261286e-01
-1.778565765317340341e-01
-1.785049886746845060e-01
-1.791615764313163051e-01
-1.798055501970997616e-01
-1.803622426576380888e-01
-1.809264097630638168e-01
-1.814884609226664058e-01
-1.820171723413599452e-01
-1.825763577738406807e-01
-1.832781513143378893e-01
-1.839747582141126325e-01
-1.846891039490721476e-01
-1.853976034641990900e-01
-1.861283607099162296e-01
-1.868737538985888458e-01
-1.875630992382033291e-01
-1.882392263361384599e-01
-1.889039498940215944e-01
-1.894974937296668993e-01
-1.901510621869377249e-01
-1.907939398404760734e-01
-1.915036221195209887e-01
-1.921467233123442808e-01
-1.927405254563344383e-01
-1.932915383826492028e-01
-1.938742758761336782e-01
-1.944336705954499700e-01
-1.949712014886262057e-01
-1.955002911313718228e-01
-1.960215041614781495e-01
-1.965287294198970469e-01
-1.970633197757034327e-01
-1.975987921987204243e-01
-1.981023614174443059e-01
-1.986232043008229475e-01
-1.991285418186159450e-01
-1.996475194545246079e-01
-2.001844696678891367e-01
-2.007079479968021940e-01
-2.012096539134815565e-01
-2.017677191125732961e-01
-2.023617472023735431e-01
-2.029874705959998638e-01
-2.035826102523375092e-01
-2.041940562217514077e-01
-2.048560633826086996e-01
-2.054761031281090999e-01
-2.061382625116300882e-01
-2.067397568284449760e-01
-2.073787705483219057e-01
-2.079345042298138269e-01
-2.084588505134498115e-01
-2.089619430183485560e-01
-2.094217365249752827e-01
-2.098149130093357462e-01
-2.101741302628856722e-01
-2.105224798653645979e-01
-2.108486693750820373e-01
-2.111438127398351516e-01
-2.113900360844643556e-01
-2.116018507513950098e-01
-2.118356741927003850e-01
-2.120430394615686054e-01
-2.122657699133696785e-01
-2.125329905208123427e-01
-2.128058227310765937e-01
-2.130457100093575418e-01
-2.133277449383924329e-01
-2.136414465117609240e-01
-2.139610507720771382e-01
-2.143290388150496384e-01
-2.147260644475399161e-01
-2.151650335568127403e-01
-2.155971682322493366e-01
-2.159864002677863715e-01
-2.162854234330284786e-01
-2.165901520226351518e-01
-2.168462161397014254e-01
-2.171642459321928842e-01
-2.175160841237861187e-01
-2.178830823559858021e-01
-2.182915040087511915e-01
-2.187289088997360631e-01
-2.191356837428262150e-01
-2.195707922156988068e-01
-2.200283148430509095e-01
-2.204679281661615087e-01
-2.208758404210280080e-01
-2.212664727109070473e-01
-2.216641518818952550e-01
-2.220506311825432566e-01
-2.224574289524889059e-01
-2.228448250991230395e-01
-2.232730509491688553e-01
-2.236738467801878127e-01
-2.240617549439768430e-01
-2.245243218499082538e-01
-2.249680427417422024e-01
-2.254066205380320653e-01
-2.258662136720723246e-01
-2.263371335542088969e-01
-2.268344878272318954e-01
-2.273022783110028588e-01
-2.277577121418845607e-01
-2.282342761605781201e-01
-2.286832252797294796e-01
-2.290863594428792782e-01
-2.294469382115492118e-01
-2.298270014500397029e-01
-2.302375975828411525e-01
-2.306384839434077738e-01
-2.310941628163467321e-01
-2.315290060552206708e-01
-2.319685845026595306e-01
-2.323906713796574375e-01
-2.328054503625738569e-01
-2.332082893561359394e-01
-2.336307666603472943e-01
-2.340383291167190127e-01
-2.344931407950381075e-01
-2.349573275654183724e-01
-2.353941150403817129e-01
-2.358101436478203805e-01
-2.345080469807105383e-01
-2.333119653207198496e-01
-2.321416204161209640e-01
-2.309914436362477952e-01
-2.298906154673919233e-01
-2.288242423191961250e-01
-2.278016925651601687e-01
-2.268294983512866569e-01
-2.258870716058677119e-01
-2.249790670957134975e-01
-2.240849210615554477e-01
-2.232441046754170266e-01
-2.224639034153077233e-01
-2.217278731130775116e-01
-2.210333232086651722e-01
-2.203852927036571707e-01
-2.197912867930733039e-01
-2.192385041729265349e-01
-2.187283272302071035e-01
-2.182556651284635885e-01
-2.178256000721340568e-01
-2.174379800750692870e-01
-2.171023027211964884e-01
-2.168213294412963121e-01
-2.165878128497727428e-01
-2.164039857899923980e-01
-2.162669530569027165e-01
-2.161776828480156676e-01
-2.161370415166498637e-01
-2.161450589930599964e-01
-2.161990926253932743e-01
-2.162987347127527937e-01
-2.164473346573176082e-01
-2.166446426166260264e-01
-2.168862564947872662e-01
-2.171759123767677269e-01
-2.175188862656184108e-01
-2.179128293573622532e-01
-2.183531950431494006e-01
-2.188396541261119765e-01
-2.193573463945914515e-01
-2.199259614787684447e-01
-2.205459058265670513e-01
-2.212150753089173194e-01
-2.219175428742858058e-01
-2.226560303544272978e-01
-2.234389826365297815e-01
-2.242640171458512022e-01
-2.251244822160201886e-01
-2.260112184003491287e-01
-2.269469423499168859e-01
-2.279243589902589240e-01
-2.289379619246870723e-01
-2.299756673648206406e-01
-2.310337318489880665e-01
-2.321488257390019183e-01
-2.333115724323459317e-01
-2.344968915667866582e-01
-2.357248564768870680e-01
-2.369685580548187287e-01
-2.382354727450105569e-01
-2.395423735737123583e-01
-2.409099665613887997e-01
-2.423235282103705368e-01
-2.437614040514182734e-01
-2.452411739284481307e-01
-2.467382714465259363e-01
-2.482295355677094639e-01
-2.497571399316187712e-01
-2.512736931643045901e-01
-2.528238508355404313e-01
-2.543936301496200203e-01
-2.560008608746980330e-01
-2.576549356039913863e-01
-2.593814026079088175e-01
-2.611016108186556273e-01
-2.628237074825084951e-01
-2.645406572876296547e-01
-2.662847743086116381e-01
-2.680688456602365877e-01
-2.698606748083015039e-01
-2.716398467525547034e-01
-2.734122789947758259e-01
-2.751880727015755257e-01
-2.769578602004482693e-01
-2.787264823102417188e-01
-2.805477159947560306e-01
-2.823773928628016683e-01
-2.841961748646061880e-01
-2.860065412750180669e-01
-2.878031931820305700e-01
-2.895788571226887154e-01
-2.913522997908206125e-01
-2.931170301386653021e-01
-2.948819416219543021e-01
-2.966350509848815209e-01
-2.983836352788897806e-01
-3.001363512886928708e-01
-3.018426088997824275e-01
-3.035492387438165629e-01
-3.052408306755781675e-01
-3.068873082728872381e-01
-3.085067311976290028e-01
-3.101084907203273677e-01
-3.116978600679963241e-01
-3.132565666232942636e-01
-3.147978705093869012e-01
-3.162813774985804849e-01
-3.177297182571149903e-01
-3.191374529589247611e-01
-3.205268808449352469e-01
-3.218831879359341230e-01
-3.232317211931787782e-01
-3.245656114843963880e-01
-3.258882774609504485e-01
-3.271620490729275077e-01
-3.283800858122259414e-01
-3.295359995249920182e-01
-3.306560631795008587e-01
-3.317553304987738150e-01
-3.328096343752649511e-01
-3.338237632533833099e-01
-3.347793875016008003e-01
-3.356906439947991427e-01
-3.365749055865074890e-01
-3.374221922742242086e-01
-3.382168465464132079e-01
-3.389564958653650262e-01
-3.396548845164313324e-01
-3.403081063759403335e-01
-3.409084041585718206e-01
-3.414480339933035347e-01
-3.419468772280024327e-01
-3.423779864012869156e-01
-3.427462895733090487e-01
-3.430681189979111756e-01
-3.433444308798698774e-01
-3.435709426628644203e-01
-3.437451599870899321e-01
-3.438759165720749467e-01
-3.439620824471452121e-01
-3.440009294194372180e-01
-3.439922615038655263e-01
-3.439350279412378697e-01
-3.438293906376057030e-01
-3.436750703151612574e-01
-3.434779860714855526e-01
-3.432339980022482973e-01
-3.429445389541884714e-01
-3.426106453931197504e-01
-3.422393944056636439e-01
-3.418241354330093240e-01
-3.413722435203283556e-01
-3.408886139893821943e-01
-3.403625454385442173e-01
-3.397874262902093045e-01
-3.391680700624498668e-01
-3.385327454187753160e-01
-3.378689531500638776e-01
-3.371540410212407468e-01
-3.363974637811258939e-01
-3.355782239491015839e-01
-3.347340886709268548e-01
-3.338119922549333540e-01
-3.328804815224744029e-01
-3.319153064039590539e-01
-3.308978377761593315e-01
-3.298232636598648626e-01
-3.287520403918494649e-01
-3.276541284060122128e-01
-3.265050550516560013e-01
-3.253682442197582958e-01
-3.242395628737116953e-01
-3.231059810039837998e-01
-3.219650897541559420e-01
-3.207810730896859530e-01
-3.195536437410105290e-01
-3.183019755421392372e-01
-3.170117415325113819e-01
-3.156568783904500908e-01
-3.143605956092018205e-01
-3.130178358242267644e-01
-3.117246200725039551e-01
-3.104361135834585173e-01
-3.091701401321485521e-01
-3.077959944326657538e-01
-3.064175550027258832e-01
-3.050162645584819643e-01
-3.035913194625844413e-01
-3.021822879141894957e-01
-3.007879701805757922e-01
-2.994591143741719419e-01
-2.981657861163345968e-01
-2.968574196408581001e-01
-2.956460883525542926e-01
-2.945103616295346449e-01
-2.932558573109308453e-01
-2.920414874427682550e-01
-2.908267423293845466e-01
-2.897377244718213896e-01
-2.887141155631723355e-01
-2.878630395290849853e-01
-2.870173811688623289e-01
-2.863529238231459773e-01
-2.857550182040412556e-01
-2.853118032235956725e-01
-2.849218270854284030e-01
-2.846391507187674419e-01
-2.844591027038579911e-01
-2.842739386396316292e-01
-2.841602319026906298e-01
-2.840295435245095979e-01
-2.839264330877271925e-01
-2.838567638339907218e-01
-2.837988899616669669e-01
-2.837651666870008027e-01
-2.838316419640715127e-01
-2.838564088052965007e-01
-2.839328640557444161e-01
-2.840342372843805974e-01
-2.841374909691761763e-01
-2.842406381715767427e-01
-2.843167805050211827e-01
-2.844211100203003495e-01
-2.845539936212723164e-01
-2.847079969385822307e-01
-2.848768974873368554e-01
-2.850471105376077285e-01
-2.852068723077356149e-01
-2.853749345280076066e-01
-2.854716931650017053e-01
-2.855478150622611233e-01
-2.855523524528322810e-01
-2.856257605664844212e-01
-2.857235483504020901e-01
-2.857686537957065398e-01
-2.858265182136091043e-01
-2.859324135118386789e-01
-2.860792936470649139e-01
-2.862251122357759026e-01
-2.853205932590773264e-01
-2.844812106182469935e-01
-2.836261170128845377e-01
-2.827839918041839540e-01
-2.820079770636528815e-01
-2.813159371081180860e-01
-2.806720964741569180e-01
-2.800852512989720489e-01
-2.795493733148908810e-01
-2.790602996053294094e-01
-2.786190975216957799e-01
-2.782138939674875244e-01
-2.778388820855080543e-01
-2.775069161293160502e-01
-2.772133170977416072e-01
-2.769736704605135769e-01
-2.767842346653961449e-01
-2.766406584763934640e-01
-2.765440098740143404e-01
-2.764902385598187462e-01
-2.764791196952590679e-01
-2.765123162965040793e-01
-2.765950419566089447e-01
-2.767272884930420673e-01
-2.769130442115937396e-01
-2.771498676348287948e-01
-2.774439611462239386e-01
-2.778025126672310496e-01
-2.782137850940507029e-01
-2.786700868682168153e-01
-2.791680897199987355e-01
-2.797008258627347033e-01
-2.802689368181951468e-01
-2.808659223250162817e-01
-2.815049646141611350e-01
-2.822012636328697921e-01
-2.829217182027815025e-01
-2.836928249343902975e-01
-2.845077942024878404e-01
-2.853629315158158763e-01
-2.862457276327366462e-01
-2.871736811387878285e-01
-2.881673437653396452e-01
-2.892529130308911234e-01
-2.903777012096136478e-01
-2.915296489339378461e-01
-2.927179309921435491e-01
-2.940091744582767896e-01
-2.953204228056851011e-01
-2.966303198136547303e-01
-2.980166431570265839e-01
-2.994377820430355608e-01
-3.008911166677618043e-01
-3.024077752250224349e-01
-3.038717407612906984e-01
-3.053886652018016901e-01
-3.069136343465101446e-01
-3.084939528685904930e-01
-3.101104788865381434e-01
-3.117840385986190288e-01
-3.135112583129941455e-01
-3.152180311911897959e-01
-3.169126589573594832e-01
-3.185807512070499281e-01
-3.202535306974115814e-01
-3.218998489412650543e-01
-3.235183530963993692e-01
-3.251518068992463872e-01
-3.267485129213012485e-01
-3.283243315136718521e-01
-3.299097466222569164e-01
-3.314993039488099980e-01
-3.330648252853069535e-01
-3.345418531619949176e-01
-3.359496901912110145e-01
-3.373560150465775842e-01
-3.387354027681956370e-01
-3.400772428606359532e-01
-3.413659545124912986e-01
-3.426271345209393471e-01
-3.438378965637012841e-01
-3.450008815425817388e-01
-3.461136801380723105e-01
-3.471910806131435212e-01
-3.482468497468358959e-01
-3.492571378221213108e-01
-3.502250760672044883e-01
-3.511396180180126891e-01
-3.520237718289201956e-01
-3.528600853168371576e-01
-3.536459507464764784e-01
-3.543679483137714969e-01
-3.550177770909142549e-01
-3.556123804939198552e-01
-3.561652836602771655e-01
-3.566606414842926620e-01
-3.571121271493319371e-01
-3.575427315227300840e-01
-3.579206574080679992e-01
-3.582479915212670174e-01
-3.585258244251630089e-01
-3.587473371856472748e-01
-3.589147262790450266e-01
-3.590232250165232841e-01
-3.590777861160450168e-01
-3.590773359360979744e-01
-3.590228888869884116e-01
-3.589098979654060106e-01
-3.587435546990854207e-01
-3.585216386839813474e-01
-3.582420715674206058e-01
-3.579147096699674679e-01
-3.575342626764810849e-01
-3.571053506080308915e-01
-3.566252568197693651e-01
-3.560985213028836638e-01
-3.555181324141010735e-01
-3.549191622782034705e-01
-3.542636049118610964e-01
-3.535460732659507221e-01
-3.527926868641458880e-01
-3.519767364356247707e-01
-3.511410855900669592e-01
-3.502355113823863442e-01
-3.493131171907227217e-01
-3.483582349558095870e-01
-3.473608695693501391e-01
-3.463404602804004973e-01
-3.453042388089128667e-01
-3.442567912253550744e-01
-3.432225702397939116e-01
-3.421842662563469029e-01
-3.411247956135520232e-01
-3.400491945213708345e-01
-3.390115993516418236e-01
-3.380003363408584649e-01
-3.370153439983596955e-01
-3.360246785778305267e-01
-3.351093571635715973e-01
-3.342114989278929804e-01
-3.333622609419990002e-01
-3.325735427827328228e-01
-3.317666899761086974e-01
-3.309634696158986200e-01
-3.301724457027591653e-01
-3.293431752202665708e-01
-3.285709916664547592e-01
-3.278150409960018385e-01
-3.270105492397979430e-01
-3.262606238118351820e-01
-3.255469001258726180e-01
-3.249294156106967701e-01
-3.243250324347956570e-01
-3.236717188699905212e-01
-3.230986769678568793e-01
-3.225286498356605969e-01
-3.219462736404923309e-01
-3.214183348735231704e-01
-3.209156680110419879e-01
-3.203856093019316620e-01
-3.198679008034873150e-01
-3.193717871680348264e-01
-3.188410346911832449e-01
-3.183272543448484315e-01
-3.178356887143967691e-01
-3.173661517676563681e-01
-3.168821240303542064e-01
-3.164180270581831711e-01
-3.159715873663710428e-01
-3.155274016619412092e-01
-3.150485987233494489e-01
-3.145382869758613364e-01
-3.136625764259894922e-01
-3.128201496193394049e-01
-3.120284412490580972e-01
-3.112729621782991396e-01
-3.105564958967882982e-01
-3.099043149989791912e-01
-3.092933502065743911e-01
-3.087333599477309898e-01
-3.082253076472376563e-01
-3.077697629962717896e-01
-3.073596517735306399e-01
-3.069919599639273078e-01
-3.066757900675917692e-01
-3.064113688874189889e-01
-3.062039259378162015e-01
-3.060481646757454710e-01
-3.059438925490833849e-01
-3.058905263468429947e-01
-3.058883455548725427e-01
-3.059354083497735632e-01
-3.060317844479988336e-01
-3.061792989007076637e-01
-3.063769378630979978e-01
-3.066293239221436484e-01
-3.069331162324206441e-01
-3.072905841945329786e-01
-3.076957106578688261e-01
-3.081582961942687660e-01
-3.086716383834275934e-01
-3.092330286640456172e-01
-3.098209838002236594e-01
-3.104397090662537328e-01
-3.111071181786939643e-01
-3.118378478866971060e-01
-3.126228187998816299e-01
-3.134587796074093657e-01
-3.143420395032034409e-01
-3.152705245500792564e-01
-3.162300147888856827e-01
-3.172472104170174778e-01
-3.183257004242059929e-01
-3.194768463197185659e-01
-3.207042412277111842e-01
-3.219750994174624958e-01
-3.233112847344380425e-01
-3.247074798909436733e-01
-3.261414832175651979e-01
-3.275783973755452272e-01
-3.290307935301067799e-01
-3.304938290405817214e-01
-3.319947327758042133e-01
-3.335066790471870046e-01
-3.350293175582135796e-01
-3.365704170421281449e-01
-3.381052367284947402e-01
-3.396179549761519367e-01
-3.411578287330521708e-01
-3.427134970366463307e-01
-3.442695931570738388e-01
-3.458316428423456323e-01
-3.473914460719150221e-01
-3.489622396334475796e-01
-3.505763897510328908e-01
-3.521852542422416188e-01
-3.537758389490947009e-01
-3.554195374141546071e-01
-3.570999837251603304e-01
-3.587820907212511123e-01
-3.604665665355042958e-01
-3.621886680142883952e-01
-3.639420915559251068e-01
-3.656735436844165132e-01
-3.673888179047877789e-01
-3.691252165840286370e-01
-3.708258047822690640e-01
-3.725469939760819860e-01
-3.742609559587025680e-01
