-1.999977084440480168e-01
-1.999976926039925273e-01
-1.984784032979104995e-01
-1.970887107159029206e-01
-1.957344642986146022e-01
-1.943931171302145100e-01
-1.930919624826692993e-01
-1.918326774437283111e-01
-1.906111461161109077e-01
-1.894104492099623616e-01
-1.882589860624170608e-01
-1.871478193874517859e-01
-1.860622048922688232e-01
-1.850063997343243116e-01
-1.839754154179960577e-01
-1.829889734710660743e-01
-1.820174425800466234e-01
-1.810780667443298297e-01
-1.801677752248392883e-01
-1.792879042905788645e-01
-1.784531995493992551e-01
-1.776607777602823568e-01
-1.769067763569671103e-01
-1.761848381256155005e-01
-1.755054972258796309e-01
-1.748482787071149736e-01
-1.742315166462543308e-01
-1.736489512948304059e-01
-1.731011088919458540e-01
-1.725985740691212411e-01
-1.721228324715946278e-01
-1.716720446982869241e-01
-1.712577798853031352e-01
-1.708722592556639885e-01
-1.705237681194751997e-01
-1.702065658309395713e-01
-1.699206259732958246e-01
-1.696656306369547784e-01
-1.694405370142979816e-01
-1.692456895778452208e-01
-1.690823038220392871e-01
-1.689488200037840837e-01
-1.688453489185513523e-01
-1.687718898391078470e-01
-1.687285974782495312e-01
-1.687155985311193374e-01
-1.687323834024207214e-01
-1.687810749034557578e-01
-1.688621508629927215e-01
-1.689712243743813069e-01
-1.691089590616585148e-01
-1.692694412375326807e-01
-1.694587346055529686e-01
-1.696683767560276390e-01
-1.698993542643418564e-01
-1.701488626720321917e-01
-1.704159101630275397e-01
-1.707006663794015666e-01
-1.709997026882281723e-01
-1.713174867482264718e-01
-1.716511032344922860e-01
-1.720099103605466084e-01
-1.723797358639973798e-01
-1.727726738021594655e-01
-1.731786524288745910e-01
-1.736034622498826840e-01
-1.740545158745612220e-01
-1.745159472374325504e-01
-1.749886958971658690e-01
-1.754687391844606537e-01
-1.759705528769496818e-01
-1.765014115036697973e-01
-1.770521725207820918e-01
-1.776290319163528753e-01
-1.782170482865172989e-01
-1.788336571818057719e-01
-1.794680573287258385e-01
-1.801233522250585417e-01
-1.808227373782074210e-01
-1.815648017358287014e-01
-1.823458020372420441e-01
-1.831659795668005575e-01
-1.840149764646040464e-01
-1.848964842129803554e-01
-1.858101900535386874e-01
-1.867664856679318863e-01
-1.877619399833491409e-01
-1.887932466593583158e-01
-1.898512958943734674e-01
-1.909305018557329314e-01
-1.920439440905067074e-01
-1.931838812587711174e-01
-1.943547943083805962e-01
-1.955605905147963786e-01
-1.967931316020711252e-01
-1.980607974488763356e-01
-1.993603364719383209e-01
-2.006813029367997825e-01
-2.020175003749740128e-01
-2.034003320530868297e-01
-2.048190949456305254e-01
-2.062835249968345275e-01
-2.077499265676249207e-01
-2.092339451392250804e-01
-2.107336004532826268e-01
-2.122360193222102009e-01
-2.137661866318569526e-01
-2.153420885570181964e-01
-2.169631794418344917e-01
-2.186137194431552744e-01
-2.202938268379795728e-01
-2.219627889157939071e-01
-2.236577156717607928e-01
-2.253687397190149710e-01
-2.271158874352879331e-01
-2.289275650973696952e-01
-2.307620166618914170e-01
-2.326048197815925311e-01
-2.344724408048028674e-01
-2.363779492161357798e-01
-2.383409285913099529e-01
-2.403423618587428034e-01
-2.423882453123444303e-01
-2.444368405850697590e-01
-2.465309998054065199e-01
-2.486418626380439145e-01
-2.507123153102661095e-01
-2.528027847882067802e-01
-2.549191042906879257e-01
-2.570514782171900992e-01
-2.592197515569105715e-01
-2.613954743753044707e-01
-2.635432664874662878e-01
-2.656513232000672908e-01
-2.677400860685409389e-01
-2.698487382632990816e-01
-2.719567099157113588e-01
-2.740656376929471727e-01
-2.761565809058458831e-01
-2.782364442204044441e-01
-2.803328332727054173e-01
-2.824204371712358830e-01
-2.844903078024272336e-01
-2.865581203146359557e-01
-2.886546568873645802e-01
-2.907536257218998887e-01
-2.928613271114722805e-01
-2.949938283085549173e-01
-2.971004261607856356e-01
-2.992191574390676845e-01
-3.013508857730285428e-01
-3.035122298719878375e-01
-3.056494606721208984e-01
-3.078099624225114628e-01
-3.099757606418248601e-01
-3.121307636843303479e-01
-3.142385497001662920e-01
-3.163071228126662082e-01
-3.183618548440323992e-01
-3.204232080768120716e-01
-3.224872913829984755e-01
-3.245401622976071265e-01
-3.265798176012426612e-01
-3.286332161843376065e-01
-3.306564919711346695e-01
-3.326903789179992965e-01
-3.347096614529957992e-01
-3.367084673943916973e-01
-3.386738397075709783e-01
-3.406116912914176620e-01
-3.425287787322010002e-01
-3.444490006238071222e-01
-3.463699771006559236e-01
-3.482584081525326725e-01
-3.501265654512547010e-01
-3.520125455427823846e-01
-3.538578165644623019e-01
-3.556694138205578892e-01
-3.574594883127820144e-01
-3.592307188746823865e-01
-3.609976537571208954e-01
-3.627331984303429069e-01
-3.644114917833184419e-01
-3.660493535309273794e-01
-3.676623067251247323e-01
-3.692418283926917066e-01
-3.708183846057594435e-01
-3.723586341353375406e-01
-3.738948663863124189e-01
-3.754294650076410722e-01
-3.769244952683672989e-01
-3.784043802047332150e-01
-3.798477086134502412e-01
-3.812425797108604519e-01
-3.826382444608802946e-01
-3.839916122214407368e-01
-3.852892735340943675e-01
-3.865593695503679039e-01
-3.878017600860876879e-01
-3.890112703547163320e-01
-3.901652650981166093e-01
-3.912917576775262751e-01
-3.923722439710333743e-01
-3.933766988054780978e-01
-3.942902929760819797e-01
-3.951744678293473423e-01
-3.959419376740284657e-01
-3.966466627575558346e-01
-3.971921544876903520e-01
-3.975380016934820238e-01
-3.977363891437814547e-01
-3.978170446753024336e-01
-3.978431003163214741e-01
-3.978399422213902970e-01
-3.978231708219266971e-01
-3.978014147081149754e-01
-3.977870188421552822e-01
-3.977806139951229891e-01
-3.977775526196732914e-01
-3.977825781804218974e-01
-3.975940556857042729e-01
-3.975469051259813980e-01
-3.975727727529697053e-01
-3.976062770826024328e-01
-3.976561974456622184e-01
-3.977043926452566991e-01
-3.977698896275310148e-01
-3.978614549088862473e-01
-3.979531541766695435e-01
-3.980690534471844066e-01
-3.982012527129716317e-01
-3.983346231128809811e-01
-3.984321682457472313e-01
-3.985324139094868490e-01
-3.986151259789804113e-01
-3.986742146244770524e-01
-3.987152296286411990e-01
-3.987412274281562086e-01
-3.987656129438280628e-01
-3.987759409075837813e-01
-3.987421795340060360e-01
-3.986846580636765336e-01
-3.986544007163113634e-01
-3.986533102198393519e-01
-3.986212876037571462e-01
-3.986054195642185216e-01
-3.985903911976467207e-01
-3.985999992807571779e-01
-3.986174587885034648e-01
-3.986229598181597056e-01
-3.986546243153847868e-01
-3.987233179578986708e-01
-3.988439165580652812e-01
-3.990623911023737924e-01
-3.992963504511717332e-01
-3.995813772225735860e-01
-3.998924863720940137e-01
-4.002241232327948262e-01
-4.005758010225244914e-01
-4.009362853009606487e-01
-4.013591207517236414e-01
-4.016958534649905932e-01
-4.019925495354242373e-01
-4.022664548116888228e-01
-4.024869138666866686e-01
-4.025717255565649522e-01
-4.026373371636087217e-01
-4.024929940757900337e-01
-4.022152228199050161e-01
-4.016829642831829528e-01
-4.010489530739402841e-01
-4.001657533352558360e-01
-3.991276935074631327e-01
-3.979741639828647259e-01
-3.968059784909003795e-01
-3.956178980959119684e-01
-3.943902952397246864e-01
-3.930797804956078778e-01
-3.917489640238885906e-01
-3.904673672507172344e-01
-3.891664948851268901e-01
-3.878206573096515397e-01
-3.865150472742870935e-01
-3.852228668372755238e-01
-3.839664155671611567e-01
-3.827137889312609009e-01
-3.814501432034193007e-01
-3.802059459349378390e-01
-3.790222628465991228e-01
-3.779191772629892365e-01
-3.767968860040102896e-01
-3.756576738473856869e-01
-3.745169609541167954e-01
-3.734041432090635104e-01
-3.723247250499521765e-01
-3.712322344259269546e-01
-3.701289886952983110e-01
-3.690162982573226835e-01
-3.679593686219143067e-01
-3.669008723021022211e-01
-3.658412949968970485e-01
-3.647538412386537865e-01
-3.636798914483699852e-01
-3.626015045564312533e-01
-3.615410132839763091e-01
-3.605031290830522095e-01
-3.594349975165025413e-01
-3.583694654675633751e-01
-3.573323703359854719e-01
-3.562636678168706328e-01
-3.552149319972838226e-01
-3.541673801269226707e-01
-3.531419334938269983e-01
-3.521447881508558142e-01
-3.511639816954179594e-01
-3.501909793875292443e-01
-3.492147205930453691e-01
-3.482543515674263457e-01
-3.473157879046827601e-01
-3.463663732176294197e-01
-3.454228770470288423e-01
-3.444650880595356290e-01
-3.434732622716611949e-01
-3.424704481266270251e-01
-3.414874621597598914e-01
-3.405278111155688459e-01
-3.395894203485996798e-01
-3.386335997355505167e-01
-3.376807235846727706e-01
-3.367374088612986593e-01
-3.357991188305848307e-01
-3.349205972772986706e-01
-3.340219742094247546e-01
-3.331218142137309934e-01
-3.322488963685023000e-01
-3.313926280871428154e-01
-3.305068195702848266e-01
-3.296237699956563461e-01
-3.287307024370816344e-01
-3.278268292933462225e-01
-3.269189170135257672e-01
-3.260073968243913933e-01
-3.251165344305349536e-01
-3.242412490591497498e-01
-3.233607360157448318e-01
-3.225053038426415331e-01
-3.216451521830085980e-01
-3.208036304854644527e-01
-3.199825681084785267e-01
-3.191755992819495513e-01
-3.184006219677146809e-01
-3.176443086012612493e-01
-3.169336281753477591e-01
-3.162706886618057434e-01
-3.156163249810100546e-01
-3.149800300794808328e-01
-3.143678179896377545e-01
-3.137893030649222537e-01
-3.132359653770129260e-01
-3.127058614519944157e-01
-3.121615711013160932e-01
-3.115725438445133277e-01
-3.109890973457983820e-01
-3.104260901903990733e-01
-3.098548707544421799e-01
-3.092732025498018400e-01
-3.087006680782223844e-01
-3.081444277025489065e-01
-3.076084867014259872e-01
-3.070296730133380003e-01
-3.064475293563132530e-01
-3.058588718616072621e-01
-3.052888555659897807e-01
-3.047259742348411016e-01
-3.041325385439992424e-01
-3.036068799440688748e-01
-3.031312522983349855e-01
-3.026870492071422891e-01
-3.022369708534656807e-01
-3.017967883323885991e-01
-3.013252209781362434e-01
-3.008731479624181526e-01
-3.004013631435794029e-01
-2.999547892422309570e-01
-2.995434387623701067e-01
-2.991689389783172004e-01
-2.988016594104607737e-01
-2.984369109186723046e-01
-2.980711962590334441e-01
-2.977072719316112281e-01
-2.973454296461268687e-01
-2.969962255960683639e-01
-2.966456432942334298e-01
-2.963204521372528877e-01
-2.960115352803011080e-01
-2.957118965056879656e-01
-2.954198120125611782e-01
-2.951460057112197943e-01
-2.948589894112669252e-01
-2.945863070338814449e-01
-2.943273144166003163e-01
-2.940624743979929345e-01
-2.937613842428030142e-01
-2.934822772706408012e-01
-2.931589511624688726e-01
-2.928911336183692704e-01
-2.926194860167828926e-01
-2.923615846035161892e-01
-2.920942249417706194e-01
-2.918212013379622438e-01
-2.915096180765044398e-01
-2.912472936063852380e-01
-2.909879582128923059e-01
-2.906997933169184201e-01
-2.904212469800522278e-01
-2.900919315071452953e-01
-2.898212638536574182e-01
-2.895175451522351007e-01
-2.892258544321099079e-01
-2.889198781285896578e-01
-2.886042654028794785e-01
-2.883140796365129543e-01
-2.880291023871194289e-01
-2.877255170575888643e-01
-2.874305907516268022e-01
-2.871169985097389299e-01
-2.867934146529773631e-01
-2.865130437359754700e-01
-2.862331916087335615e-01
-2.859656904802196919e-01
-2.857280968254332087e-01
-2.854764923521448394e-01
-2.852434665552125992e-01
-2.850188376328596229e-01
-2.848073537242348796e-01
-2.846191119876148590e-01
-2.844243836156548633e-01
-2.842514717628769061e-01
-2.841041611444891091e-01
-2.839658875869721655e-01
-2.838480164127994421e-01
-2.837411159733107535e-01
-2.836422071255806920e-01
-2.835726471172806407e-01
-2.835250379152996492e-01
-2.834976665730626899e-01
-2.834922115446655844e-01
-2.835164458959351652e-01
-2.835703750470893736e-01
-2.836530456903942343e-01
-2.837655667703712359e-01
-2.839045079273475047e-01
-2.840663781667081556e-01
-2.842615712043664589e-01
-2.844853462653951781e-01
-2.847357255922643993e-01
-2.850150638675376102e-01
-2.853235296949951927e-01
-2.856701501538600474e-01
-2.860573984715557572e-01
-2.864818499522466810e-01
-2.869336051557614398e-01
-2.874233678071879128e-01
-2.879572396998417716e-01
-2.885447909139119971e-01
-2.891584828855866540e-01
-2.898036181981092363e-01
-2.904712634447287889e-01
-2.911621874939814281e-01
-2.918732154027553483e-01
-2.926048120077260895e-01
-2.933515086828866192e-01
-2.941350062218633932e-01
-2.949378404086724914e-01
-2.957611107000910344e-01
-2.966063045123258912e-01
-2.974704271276753520e-01
-2.983407028044612330e-01
-2.992548834081792397e-01
-3.002010317525874439e-01
-3.011826043266802033e-01
-3.021812057494681070e-01
-3.031844939775205083e-01
-3.042084031723353288e-01
-3.052565609325388341e-01
-3.063438007737578905e-01
-3.074695693299713817e-01
-3.085932854941647041e-01
-3.097678222822364269e-01
-3.109281548656646632e-01
-3.121325191657543519e-01
-3.133762106041877438e-01
-3.146432762053881782e-01
-3.159176768528241253e-01
-3.172090639620507302e-01
-3.185101773578128403e-01
-3.198346076433234431e-01
-3.211983939492673579e-01
-3.225891405996787475e-01
-3.240030410104471348e-01
-3.254628769120957998e-01
-3.269310381501052687e-01
-3.284406430842100599e-01
-3.299789982032624858e-01
-3.315541633949189437e-01
-3.331379601888009301e-01
